# (Pid,Ps)=(2.500000e-02,1.000000e-02) Nseg=500 WinSize=10 [0]
# InnerCB: ICB/marker/8_2_2.bin
# Gtable:  Gtable/2/025_010.bin
# InnerCodebook: beta=2(16) nu=5
# InnerCodebook: B(B2p)=4(16) 4(16) 4(16) 4(16) 0(1) 
# InnerCodebook: checked CWM, EncMap, DecMap
# beta=2(16) N=1000 Dmax=30
# NBIDSchannel: N=1000 Q=4 Dmax=30 (Pid,Ps)=(2.500000e-02,1.000000e-02)
# FBalg4: Nseg=500 Dmax=30(w=61)
# FBalg4: Gtable: Gtable/2/025_010.bin
# Gtable: beta=2 (Pid,Ps,Ptrn)=(2.500000e-02,1.000000e-02,9.500000e-01) Pth=1.000000e-10
# Gtable: beta4p=16 beta4pp=256
# Gtable::Gtable len=0 cnt=16
# Gtable::Gtable len=1 cnt=64
# Gtable::Gtable len=2 cnt=256
# Gtable::Gtable len=3 cnt=1024
# Gtable::Gtable len=4 cnt=1072
# FBalg4: beta=2(16) (Pid,Ps)=(2.500000e-02,1.000000e-02) Pth=1.000000e-10 N=1000
0783(993) (8.57e-01 8.23e-01) XE:2.06e-01 (1.29e+00 1.29e+00 | 2.28e+00 2.19e+00)
1628(996) (8.85e-01 8.23e-01) XE:2.06e-01 (1.31e+00 1.29e+00 | 2.11e+00 2.19e+00)
2473(1000) (7.72e-01 8.23e-01) XE:2.06e-01 (1.27e+00 1.29e+00 | 2.25e+00 2.19e+00)
3320(1010) (7.31e-01 8.24e-01) XE:2.06e-01 (1.27e+00 1.29e+00 | 2.27e+00 2.19e+00)
4165(1000) (6.88e-01 8.24e-01) XE:2.06e-01 (1.28e+00 1.29e+00 | 2.10e+00 2.19e+00)
5011(990) (8.94e-01 8.24e-01) XE:2.06e-01 (1.28e+00 1.29e+00 | 2.12e+00 2.19e+00)
5859(1000) (9.04e-01 8.24e-01) XE:2.06e-01 (1.32e+00 1.29e+00 | 2.11e+00 2.19e+00)
6713(1013) (6.94e-01 8.23e-01) XE:2.06e-01 (1.31e+00 1.29e+00 | 2.12e+00 2.19e+00)
7568(992) (9.17e-01 8.24e-01) XE:2.06e-01 (1.25e+00 1.29e+00 | 2.19e+00 2.19e+00)
8416(991) (8.61e-01 8.24e-01) XE:2.06e-01 (1.34e+00 1.29e+00 | 2.31e+00 2.19e+00)
9262(1009) (8.09e-01 8.24e-01) XE:2.06e-01 (1.29e+00 1.29e+00 | 2.11e+00 2.19e+00)
10000(999) (7.55e-01 8.24e-01) XE:2.06e-01 (1.31e+00 1.29e+00 | 2.07e+00 2.19e+00)
RL cnt: 0,5992367,1359042,304216,67229,14491,3222,675,138,41,0,0,0,0,0,0,
BL cnt: 0,0,38986,0,310227,0,1081190,0,2165366,0,2707697,0,2170299,0,1085590,0,311503,0,39142,0,0,
# InnerCodebook: deleted
# NBIDSchannel: deleted
# Gtable: deleted
# FBalg4: deleted
