# (Pid,Ps)=(2.500000e-02,1.000000e-03) Nseg=500 WinSize=10 [0]
# InnerCB: ICB/marker/8_2_2.bin
# Gtable:  Gtable/2/025_001.bin
# InnerCodebook: beta=2(16) nu=5
# InnerCodebook: B(B2p)=4(16) 4(16) 4(16) 4(16) 0(1) 
# InnerCodebook: checked CWM, EncMap, DecMap
# beta=2(16) N=1000 Dmax=30
# NBIDSchannel: N=1000 Q=4 Dmax=30 (Pid,Ps)=(2.500000e-02,1.000000e-03)
# FBalg4: Nseg=500 Dmax=30(w=61)
# FBalg4: Gtable: Gtable/2/025_001.bin
# Gtable: beta=2 (Pid,Ps,Ptrn)=(2.500000e-02,1.000000e-03,9.500000e-01) Pth=1.000000e-10
# Gtable: beta4p=16 beta4pp=256
# Gtable::Gtable len=0 cnt=16
# Gtable::Gtable len=1 cnt=64
# Gtable::Gtable len=2 cnt=256
# Gtable::Gtable len=3 cnt=700
# Gtable::Gtable len=4 cnt=208
# FBalg4: beta=2(16) (Pid,Ps)=(2.500000e-02,1.000000e-03) Pth=1.000000e-10 N=1000
0803(1009) (6.94e-01 6.71e-01) XE:1.68e-01 (1.27e+00 1.29e+00 | 2.16e+00 2.18e+00)
1651(986) (7.48e-01 6.70e-01) XE:1.68e-01 (1.28e+00 1.29e+00 | 2.12e+00 2.19e+00)
2499(999) (6.17e-01 6.71e-01) XE:1.68e-01 (1.30e+00 1.29e+00 | 2.19e+00 2.19e+00)
3347(1000) (6.22e-01 6.71e-01) XE:1.68e-01 (1.28e+00 1.29e+00 | 1.94e+00 2.19e+00)
4187(998) (8.03e-01 6.71e-01) XE:1.68e-01 (1.26e+00 1.29e+00 | 1.91e+00 2.19e+00)
5027(996) (7.76e-01 6.71e-01) XE:1.68e-01 (1.28e+00 1.29e+00 | 2.25e+00 2.19e+00)
5866(994) (6.10e-01 6.71e-01) XE:1.68e-01 (1.31e+00 1.29e+00 | 2.26e+00 2.19e+00)
6706(995) (8.08e-01 6.71e-01) XE:1.68e-01 (1.31e+00 1.29e+00 | 2.23e+00 2.19e+00)
7545(1002) (8.38e-01 6.71e-01) XE:1.68e-01 (1.29e+00 1.29e+00 | 2.17e+00 2.19e+00)
8384(993) (7.26e-01 6.71e-01) XE:1.68e-01 (1.29e+00 1.29e+00 | 2.39e+00 2.19e+00)
9223(1000) (5.63e-01 6.71e-01) XE:1.68e-01 (1.28e+00 1.29e+00 | 2.19e+00 2.19e+00)
10000(995) (7.73e-01 6.72e-01) XE:1.68e-01 (1.30e+00 1.29e+00 | 2.16e+00 2.19e+00)
RL cnt: 0,5993278,1358748,304237,67066,14676,3209,620,118,37,0,0,0,0,0,0,
BL cnt: 0,0,39214,0,308985,0,1083427,0,2166759,0,2711461,0,2168229,0,1083124,0,310232,0,38569,0,0,
# InnerCodebook: deleted
# NBIDSchannel: deleted
# Gtable: deleted
# FBalg4: deleted
