# (Pid,Ps)=(3.500000e-02,1.000000e-02) Nseg=500 WinSize=10 [0]
# InnerCB: ICB/marker/8_2_2.bin
# Gtable:  Gtable/2/035_010.bin
# InnerCodebook: beta=2(16) nu=5
# InnerCodebook: B(B2p)=4(16) 4(16) 4(16) 4(16) 0(1) 
# InnerCodebook: checked CWM, EncMap, DecMap
# beta=2(16) N=1000 Dmax=40
# NBIDSchannel: N=1000 Q=4 Dmax=40 (Pid,Ps)=(3.500000e-02,1.000000e-02)
# FBalg4: Nseg=500 Dmax=40(w=81)
# FBalg4: Gtable: Gtable/2/035_010.bin
# Gtable: beta=2 (Pid,Ps,Ptrn)=(3.500000e-02,1.000000e-02,9.300000e-01) Pth=1.000000e-10
# Gtable: beta4p=16 beta4pp=256
# Gtable::Gtable len=0 cnt=16
# Gtable::Gtable len=1 cnt=64
# Gtable::Gtable len=2 cnt=256
# Gtable::Gtable len=3 cnt=1024
# Gtable::Gtable len=4 cnt=1072
# FBalg4: beta=2(16) (Pid,Ps)=(3.500000e-02,1.000000e-02) Pth=1.000000e-10 N=1000
0559(1002) (1.25e+00 1.05e+00) XE:2.62e-01 (1.29e+00 1.29e+00 | 2.17e+00 2.20e+00)
1133(1006) (1.44e+00 1.05e+00) XE:2.63e-01 (1.27e+00 1.29e+00 | 2.23e+00 2.19e+00)
1708(998) (9.48e-01 1.05e+00) XE:2.63e-01 (1.31e+00 1.29e+00 | 2.20e+00 2.19e+00)
2284(1000) (8.95e-01 1.05e+00) XE:2.62e-01 (1.29e+00 1.29e+00 | 2.31e+00 2.19e+00)
2858(997) (1.27e+00 1.05e+00) XE:2.63e-01 (1.31e+00 1.29e+00 | 2.12e+00 2.19e+00)
3432(998) (1.03e+00 1.05e+00) XE:2.62e-01 (1.27e+00 1.29e+00 | 2.25e+00 2.19e+00)
4006(993) (9.96e-01 1.05e+00) XE:2.62e-01 (1.30e+00 1.29e+00 | 2.21e+00 2.19e+00)
4581(998) (1.01e+00 1.05e+00) XE:2.62e-01 (1.26e+00 1.29e+00 | 2.18e+00 2.19e+00)
5150(1004) (1.13e+00 1.05e+00) XE:2.62e-01 (1.31e+00 1.29e+00 | 2.10e+00 2.19e+00)
5720(998) (9.37e-01 1.05e+00) XE:2.63e-01 (1.29e+00 1.29e+00 | 2.20e+00 2.19e+00)
6289(1010) (9.97e-01 1.05e+00) XE:2.63e-01 (1.28e+00 1.29e+00 | 2.25e+00 2.19e+00)
6858(1006) (1.08e+00 1.05e+00) XE:2.62e-01 (1.30e+00 1.29e+00 | 2.19e+00 2.19e+00)
7428(997) (1.35e+00 1.05e+00) XE:2.62e-01 (1.29e+00 1.29e+00 | 2.32e+00 2.19e+00)
7997(991) (1.18e+00 1.05e+00) XE:2.62e-01 (1.29e+00 1.29e+00 | 2.32e+00 2.19e+00)
8566(997) (9.73e-01 1.05e+00) XE:2.62e-01 (1.26e+00 1.29e+00 | 2.04e+00 2.19e+00)
9135(1011) (8.75e-01 1.05e+00) XE:2.62e-01 (1.30e+00 1.29e+00 | 2.39e+00 2.19e+00)
9704(1023) (1.16e+00 1.05e+00) XE:2.62e-01 (1.32e+00 1.29e+00 | 2.44e+00 2.19e+00)
10000(1005) (8.91e-01 1.05e+00) XE:2.62e-01 (1.26e+00 1.29e+00 | 2.17e+00 2.19e+00)
RL cnt: 0,5996734,1357883,303515,67593,14381,3121,658,130,34,0,0,0,0,0,0,
BL cnt: 0,0,38121,0,308980,0,1084489,0,2165867,0,2709528,0,2168527,0,1084968,0,310641,0,38879,0,0,
# InnerCodebook: deleted
# NBIDSchannel: deleted
# Gtable: deleted
# FBalg4: deleted
