# (Pid,Ps)=(4.000000e-02,1.000000e-02) Nseg=500 WinSize=10 [0]
# InnerCB: ICB/marker/8_2_2.bin
# Gtable:  Gtable/2/040_010.bin
# InnerCodebook: beta=2(16) nu=5
# InnerCodebook: B(B2p)=4(16) 4(16) 4(16) 4(16) 0(1) 
# InnerCodebook: checked CWM, EncMap, DecMap
# beta=2(16) N=1000 Dmax=45
# NBIDSchannel: N=1000 Q=4 Dmax=45 (Pid,Ps)=(4.000000e-02,1.000000e-02)
# FBalg4: Nseg=500 Dmax=45(w=91)
# FBalg4: Gtable: Gtable/2/040_010.bin
# Gtable: beta=2 (Pid,Ps,Ptrn)=(4.000000e-02,1.000000e-02,9.200000e-01) Pth=1.000000e-10
# Gtable: beta4p=16 beta4pp=256
# Gtable::Gtable len=0 cnt=16
# Gtable::Gtable len=1 cnt=64
# Gtable::Gtable len=2 cnt=256
# Gtable::Gtable len=3 cnt=1024
# Gtable::Gtable len=4 cnt=1072
# FBalg4: beta=2(16) (Pid,Ps)=(4.000000e-02,1.000000e-02) Pth=1.000000e-10 N=1000
0449(998) (1.14e+00 1.15e+00) XE:2.87e-01 (1.28e+00 1.29e+00 | 2.15e+00 2.20e+00)
0930(1004) (1.20e+00 1.15e+00) XE:2.88e-01 (1.28e+00 1.29e+00 | 2.02e+00 2.19e+00)
1411(1019) (1.22e+00 1.16e+00) XE:2.89e-01 (1.26e+00 1.29e+00 | 2.20e+00 2.19e+00)
1893(1015) (1.04e+00 1.16e+00) XE:2.89e-01 (1.31e+00 1.29e+00 | 2.36e+00 2.19e+00)
2374(984) (1.27e+00 1.16e+00) XE:2.89e-01 (1.31e+00 1.29e+00 | 2.38e+00 2.19e+00)
2855(985) (1.34e+00 1.16e+00) XE:2.89e-01 (1.28e+00 1.29e+00 | 2.54e+00 2.19e+00)
3336(991) (1.31e+00 1.16e+00) XE:2.89e-01 (1.29e+00 1.29e+00 | 2.36e+00 2.19e+00)
3818(992) (1.23e+00 1.16e+00) XE:2.89e-01 (1.30e+00 1.29e+00 | 2.25e+00 2.19e+00)
4297(1011) (1.22e+00 1.16e+00) XE:2.89e-01 (1.31e+00 1.29e+00 | 2.22e+00 2.19e+00)
4778(992) (1.09e+00 1.15e+00) XE:2.89e-01 (1.28e+00 1.29e+00 | 2.20e+00 2.19e+00)
5260(999) (1.19e+00 1.15e+00) XE:2.88e-01 (1.33e+00 1.29e+00 | 2.19e+00 2.19e+00)
5741(993) (1.21e+00 1.15e+00) XE:2.88e-01 (1.32e+00 1.29e+00 | 2.18e+00 2.19e+00)
6222(1001) (1.16e+00 1.15e+00) XE:2.88e-01 (1.28e+00 1.29e+00 | 2.28e+00 2.19e+00)
6703(1003) (1.11e+00 1.15e+00) XE:2.88e-01 (1.28e+00 1.29e+00 | 2.12e+00 2.19e+00)
7184(1014) (1.10e+00 1.15e+00) XE:2.88e-01 (1.30e+00 1.29e+00 | 2.39e+00 2.19e+00)
7666(1014) (9.71e-01 1.15e+00) XE:2.88e-01 (1.28e+00 1.29e+00 | 2.24e+00 2.19e+00)
8147(998) (1.58e+00 1.15e+00) XE:2.88e-01 (1.28e+00 1.29e+00 | 2.12e+00 2.19e+00)
8628(981) (1.30e+00 1.15e+00) XE:2.88e-01 (1.27e+00 1.29e+00 | 2.03e+00 2.19e+00)
9110(995) (1.05e+00 1.15e+00) XE:2.88e-01 (1.28e+00 1.29e+00 | 2.40e+00 2.19e+00)
9592(1000) (1.01e+00 1.15e+00) XE:2.88e-01 (1.31e+00 1.29e+00 | 2.19e+00 2.19e+00)
10000(1011) (1.22e+00 1.15e+00) XE:2.88e-01 (1.29e+00 1.29e+00 | 2.14e+00 2.19e+00)
RL cnt: 0,5990540,1359510,304656,67155,14656,3087,677,120,39,0,0,0,0,0,0,
BL cnt: 0,0,38904,0,311107,0,1084042,0,2167951,0,2706482,0,2168193,0,1084765,0,309710,0,38846,0,0,
# InnerCodebook: deleted
# NBIDSchannel: deleted
# Gtable: deleted
# FBalg4: deleted
