# (Pid,Ps)=(4.500000e-02,1.000000e-03) Nseg=500 WinSize=10 [0]
# InnerCB: ICB/marker/8_2_2.bin
# Gtable:  Gtable/2/045_001.bin
# InnerCodebook: beta=2(16) nu=5
# InnerCodebook: B(B2p)=4(16) 4(16) 4(16) 4(16) 0(1) 
# InnerCodebook: checked CWM, EncMap, DecMap
# beta=2(16) N=1000 Dmax=50
# NBIDSchannel: N=1000 Q=4 Dmax=50 (Pid,Ps)=(4.500000e-02,1.000000e-03)
# FBalg4: Nseg=500 Dmax=50(w=101)
# FBalg4: Gtable: Gtable/2/045_001.bin
# Gtable: beta=2 (Pid,Ps,Ptrn)=(4.500000e-02,1.000000e-03,9.100000e-01) Pth=1.000000e-10
# Gtable: beta4p=16 beta4pp=256
# Gtable::Gtable len=0 cnt=16
# Gtable::Gtable len=1 cnt=64
# Gtable::Gtable len=2 cnt=256
# Gtable::Gtable len=3 cnt=700
# Gtable::Gtable len=4 cnt=1072
# FBalg4: beta=2(16) (Pid,Ps)=(4.500000e-02,1.000000e-03) Pth=1.000000e-10 N=1000
0398(996) (1.28e+00 1.12e+00) XE:2.79e-01 (1.29e+00 1.29e+00 | 2.13e+00 2.19e+00)
0814(1011) (1.12e+00 1.11e+00) XE:2.77e-01 (1.28e+00 1.29e+00 | 2.30e+00 2.18e+00)
1231(1015) (1.04e+00 1.11e+00) XE:2.78e-01 (1.27e+00 1.29e+00 | 2.04e+00 2.19e+00)
1648(981) (1.19e+00 1.11e+00) XE:2.78e-01 (1.28e+00 1.29e+00 | 2.05e+00 2.19e+00)
2065(1006) (1.04e+00 1.11e+00) XE:2.78e-01 (1.28e+00 1.29e+00 | 2.17e+00 2.19e+00)
2481(989) (1.22e+00 1.11e+00) XE:2.78e-01 (1.27e+00 1.29e+00 | 2.16e+00 2.19e+00)
2896(991) (9.99e-01 1.11e+00) XE:2.78e-01 (1.28e+00 1.29e+00 | 2.35e+00 2.19e+00)
3310(993) (1.04e+00 1.11e+00) XE:2.78e-01 (1.28e+00 1.29e+00 | 2.17e+00 2.19e+00)
3723(1003) (1.01e+00 1.11e+00) XE:2.78e-01 (1.29e+00 1.29e+00 | 2.05e+00 2.19e+00)
4137(996) (1.12e+00 1.11e+00) XE:2.78e-01 (1.28e+00 1.29e+00 | 1.91e+00 2.19e+00)
4550(1002) (1.08e+00 1.11e+00) XE:2.78e-01 (1.31e+00 1.29e+00 | 2.32e+00 2.19e+00)
4963(993) (1.10e+00 1.11e+00) XE:2.78e-01 (1.31e+00 1.29e+00 | 2.20e+00 2.19e+00)
5376(993) (1.20e+00 1.11e+00) XE:2.78e-01 (1.30e+00 1.29e+00 | 2.11e+00 2.19e+00)
5789(994) (1.06e+00 1.11e+00) XE:2.78e-01 (1.31e+00 1.29e+00 | 2.13e+00 2.19e+00)
6202(1004) (1.23e+00 1.11e+00) XE:2.78e-01 (1.29e+00 1.29e+00 | 2.06e+00 2.19e+00)
6615(1008) (9.93e-01 1.11e+00) XE:2.78e-01 (1.32e+00 1.29e+00 | 2.34e+00 2.19e+00)
7028(995) (1.10e+00 1.11e+00) XE:2.78e-01 (1.29e+00 1.29e+00 | 2.20e+00 2.19e+00)
7441(1005) (1.13e+00 1.11e+00) XE:2.78e-01 (1.23e+00 1.29e+00 | 1.99e+00 2.19e+00)
7855(1008) (1.18e+00 1.11e+00) XE:2.78e-01 (1.31e+00 1.29e+00 | 2.39e+00 2.19e+00)
8268(998) (1.00e+00 1.11e+00) XE:2.78e-01 (1.29e+00 1.29e+00 | 2.28e+00 2.19e+00)
8682(1012) (1.14e+00 1.11e+00) XE:2.78e-01 (1.30e+00 1.29e+00 | 2.26e+00 2.19e+00)
9095(999) (1.17e+00 1.11e+00) XE:2.78e-01 (1.26e+00 1.29e+00 | 2.10e+00 2.19e+00)
9510(986) (1.06e+00 1.11e+00) XE:2.78e-01 (1.26e+00 1.29e+00 | 2.07e+00 2.19e+00)
9927(1005) (1.04e+00 1.11e+00) XE:2.78e-01 (1.30e+00 1.29e+00 | 2.15e+00 2.19e+00)
10000(992) (1.22e+00 1.11e+00) XE:2.78e-01 (1.27e+00 1.29e+00 | 2.08e+00 2.19e+00)
RL cnt: 0,5989909,1359873,304779,67376,14377,3156,647,115,26,0,0,0,0,0,0,
BL cnt: 0,0,38301,0,308958,0,1083762,0,2162635,0,2708203,0,2168475,0,1088672,0,312278,0,38716,0,0,
# InnerCodebook: deleted
# NBIDSchannel: deleted
# Gtable: deleted
# FBalg4: deleted
