# (Pid,Ps)=(5.000000e-02,1.000000e-03) Nseg=500 WinSize=10 [0]
# InnerCB: ICB/marker/8_2_2.bin
# Gtable:  Gtable/2/050_001.bin
# InnerCodebook: beta=2(16) nu=5
# InnerCodebook: B(B2p)=4(16) 4(16) 4(16) 4(16) 0(1) 
# InnerCodebook: checked CWM, EncMap, DecMap
# beta=2(16) N=1000 Dmax=55
# NBIDSchannel: N=1000 Q=4 Dmax=55 (Pid,Ps)=(5.000000e-02,1.000000e-03)
# FBalg4: Nseg=500 Dmax=55(w=111)
# FBalg4: Gtable: Gtable/2/050_001.bin
# Gtable: beta=2 (Pid,Ps,Ptrn)=(5.000000e-02,1.000000e-03,9.000000e-01) Pth=1.000000e-10
# Gtable: beta4p=16 beta4pp=256
# Gtable::Gtable len=0 cnt=16
# Gtable::Gtable len=1 cnt=64
# Gtable::Gtable len=2 cnt=256
# Gtable::Gtable len=3 cnt=700
# Gtable::Gtable len=4 cnt=1072
# FBalg4: beta=2(16) (Pid,Ps)=(5.000000e-02,1.000000e-03) Pth=1.000000e-10 N=1000
0328(1000) (1.34e+00 1.22e+00) XE:3.04e-01 (1.34e+00 1.29e+00 | 2.26e+00 2.19e+00)
0686(995) (1.22e+00 1.21e+00) XE:3.04e-01 (1.28e+00 1.29e+00 | 2.25e+00 2.18e+00)
1045(989) (1.52e+00 1.22e+00) XE:3.04e-01 (1.29e+00 1.29e+00 | 2.31e+00 2.19e+00)
1401(1007) (1.18e+00 1.22e+00) XE:3.04e-01 (1.30e+00 1.29e+00 | 2.30e+00 2.19e+00)
1757(1004) (1.29e+00 1.22e+00) XE:3.05e-01 (1.30e+00 1.29e+00 | 2.10e+00 2.19e+00)
2112(985) (1.25e+00 1.22e+00) XE:3.04e-01 (1.28e+00 1.29e+00 | 2.07e+00 2.18e+00)
2468(1022) (1.06e+00 1.22e+00) XE:3.04e-01 (1.26e+00 1.29e+00 | 2.06e+00 2.19e+00)
2824(991) (1.31e+00 1.22e+00) XE:3.04e-01 (1.29e+00 1.29e+00 | 2.06e+00 2.19e+00)
3179(995) (1.40e+00 1.22e+00) XE:3.04e-01 (1.26e+00 1.29e+00 | 1.99e+00 2.19e+00)
3535(1001) (1.10e+00 1.22e+00) XE:3.04e-01 (1.32e+00 1.29e+00 | 2.11e+00 2.19e+00)
3890(993) (1.05e+00 1.22e+00) XE:3.04e-01 (1.29e+00 1.29e+00 | 2.49e+00 2.19e+00)
4246(1009) (1.04e+00 1.22e+00) XE:3.04e-01 (1.26e+00 1.29e+00 | 2.20e+00 2.19e+00)
4601(996) (1.35e+00 1.22e+00) XE:3.04e-01 (1.27e+00 1.29e+00 | 2.04e+00 2.19e+00)
4957(1019) (1.07e+00 1.21e+00) XE:3.04e-01 (1.28e+00 1.29e+00 | 2.14e+00 2.19e+00)
5312(989) (1.11e+00 1.21e+00) XE:3.04e-01 (1.31e+00 1.29e+00 | 2.40e+00 2.19e+00)
5667(1002) (1.20e+00 1.21e+00) XE:3.04e-01 (1.26e+00 1.29e+00 | 1.97e+00 2.19e+00)
6023(1006) (1.07e+00 1.21e+00) XE:3.04e-01 (1.28e+00 1.29e+00 | 2.28e+00 2.19e+00)
6378(1003) (1.07e+00 1.21e+00) XE:3.03e-01 (1.29e+00 1.29e+00 | 2.22e+00 2.19e+00)
6734(991) (1.29e+00 1.21e+00) XE:3.03e-01 (1.33e+00 1.29e+00 | 2.21e+00 2.19e+00)
7089(1010) (1.30e+00 1.21e+00) XE:3.03e-01 (1.29e+00 1.29e+00 | 2.10e+00 2.19e+00)
7448(988) (1.37e+00 1.21e+00) XE:3.03e-01 (1.26e+00 1.29e+00 | 2.18e+00 2.19e+00)
7806(988) (1.21e+00 1.21e+00) XE:3.03e-01 (1.29e+00 1.29e+00 | 2.30e+00 2.19e+00)
8164(997) (1.11e+00 1.21e+00) XE:3.03e-01 (1.31e+00 1.29e+00 | 2.18e+00 2.19e+00)
8523(980) (1.32e+00 1.21e+00) XE:3.03e-01 (1.27e+00 1.29e+00 | 2.13e+00 2.19e+00)
8881(988) (1.23e+00 1.21e+00) XE:3.03e-01 (1.29e+00 1.29e+00 | 2.27e+00 2.19e+00)
9236(996) (1.17e+00 1.21e+00) XE:3.03e-01 (1.27e+00 1.29e+00 | 2.08e+00 2.19e+00)
9591(997) (1.17e+00 1.21e+00) XE:3.03e-01 (1.29e+00 1.29e+00 | 2.05e+00 2.19e+00)
9947(1016) (1.07e+00 1.21e+00) XE:3.03e-01 (1.34e+00 1.29e+00 | 1.97e+00 2.19e+00)
10000(990) (1.44e+00 1.21e+00) XE:3.03e-01 (1.28e+00 1.29e+00 | 2.01e+00 2.19e+00)
RL cnt: 0,5994511,1357265,304357,67330,14787,3124,652,133,29,0,0,0,0,0,0,
BL cnt: 0,0,38625,0,310080,0,1080317,0,2164104,0,2711556,0,2170972,0,1084568,0,310723,0,39055,0,0,
# InnerCodebook: deleted
# NBIDSchannel: deleted
# Gtable: deleted
# FBalg4: deleted
