# (Pid,Ps)=(1.000000e-02,1.000000e-02) Nseg=250 WinSize=10 [0]
# InnerCB: ICB/1/4_05_2.bin
# Gtable:  Gtable/4/010_010.bin
# InnerCodebook: beta=4(256) nu=2
# InnerCodebook: B(B2p)=5(32) 5(32) 
# InnerCodebook: checked CWM, EncMap, DecMap
# beta=4(256) N=1000 Dmax=15
# NBIDSchannel: N=1000 Q=4 Dmax=15 (Pid,Ps)=(1.000000e-02,1.000000e-02)
# FBalg4: Nseg=250 Dmax=15(w=31)
# FBalg4: Gtable: Gtable/4/010_010.bin
# Gtable: beta=4 (Pid,Ps,Ptrn)=(1.000000e-02,1.000000e-02,9.800000e-01) Pth=1.000000e-10
# Gtable: beta4p=256 beta4pp=65536
# Gtable::Gtable len=0 cnt=256
# Gtable::Gtable len=1 cnt=1024
# Gtable::Gtable len=2 cnt=4096
# Gtable::Gtable len=3 cnt=16384
# Gtable::Gtable len=4 cnt=65536
# Gtable::Gtable len=5 cnt=148420
# Gtable::Gtable len=6 cnt=107608
# Gtable::Gtable len=7 cnt=15676
# Gtable::Gtable len=8 cnt=256
# FBalg4: beta=4(256) (Pid,Ps)=(1.000000e-02,1.000000e-02) Pth=1.000000e-10 N=1000
0188(1001) (6.40e-01 6.81e-01) XE:8.52e-02 (1.12e+00 1.14e+00 | 4.70e-01 4.98e-01)
0380(1007) (5.50e-01 6.89e-01) XE:8.61e-02 (1.15e+00 1.14e+00 | 5.01e-01 4.99e-01)
0572(1002) (8.24e-01 6.78e-01) XE:8.47e-02 (1.13e+00 1.14e+00 | 4.98e-01 4.98e-01)
0763(997) (6.54e-01 6.85e-01) XE:8.56e-02 (1.13e+00 1.14e+00 | 4.90e-01 4.98e-01)
0955(998) (5.87e-01 6.86e-01) XE:8.57e-02 (1.14e+00 1.14e+00 | 4.78e-01 4.99e-01)
1147(996) (7.33e-01 6.85e-01) XE:8.56e-02 (1.14e+00 1.14e+00 | 5.31e-01 4.99e-01)
1339(996) (6.78e-01 6.83e-01) XE:8.54e-02 (1.15e+00 1.14e+00 | 5.13e-01 4.99e-01)
1531(1004) (6.09e-01 6.85e-01) XE:8.56e-02 (1.14e+00 1.14e+00 | 5.13e-01 4.99e-01)
1722(998) (4.64e-01 6.84e-01) XE:8.55e-02 (1.12e+00 1.14e+00 | 5.35e-01 5.00e-01)
1914(992) (1.11e+00 6.83e-01) XE:8.54e-02 (1.14e+00 1.14e+00 | 4.80e-01 5.00e-01)
2106(1003) (5.29e-01 6.83e-01) XE:8.54e-02 (1.17e+00 1.14e+00 | 4.86e-01 4.99e-01)
2297(1000) (6.71e-01 6.82e-01) XE:8.52e-02 (1.14e+00 1.14e+00 | 5.17e-01 4.99e-01)
2489(997) (5.40e-01 6.81e-01) XE:8.51e-02 (1.14e+00 1.14e+00 | 4.88e-01 4.99e-01)
2681(994) (7.28e-01 6.81e-01) XE:8.51e-02 (1.11e+00 1.14e+00 | 4.92e-01 5.00e-01)
2872(1005) (6.83e-01 6.81e-01) XE:8.52e-02 (1.12e+00 1.14e+00 | 4.94e-01 5.00e-01)
3064(995) (6.14e-01 6.81e-01) XE:8.51e-02 (1.13e+00 1.14e+00 | 5.03e-01 4.99e-01)
3256(1002) (5.14e-01 6.80e-01) XE:8.50e-02 (1.13e+00 1.14e+00 | 4.66e-01 4.99e-01)
3448(1004) (5.16e-01 6.81e-01) XE:8.51e-02 (1.14e+00 1.14e+00 | 4.84e-01 4.99e-01)
3640(995) (7.37e-01 6.80e-01) XE:8.50e-02 (1.14e+00 1.14e+00 | 5.21e-01 4.99e-01)
3832(1000) (5.27e-01 6.81e-01) XE:8.51e-02 (1.12e+00 1.14e+00 | 5.31e-01 4.99e-01)
4023(993) (7.42e-01 6.81e-01) XE:8.52e-02 (1.15e+00 1.14e+00 | 5.29e-01 4.99e-01)
4215(998) (5.91e-01 6.81e-01) XE:8.51e-02 (1.13e+00 1.14e+00 | 5.11e-01 4.99e-01)
4407(997) (9.06e-01 6.81e-01) XE:8.52e-02 (1.15e+00 1.14e+00 | 4.82e-01 4.99e-01)
4599(997) (5.78e-01 6.82e-01) XE:8.53e-02 (1.15e+00 1.14e+00 | 4.54e-01 4.99e-01)
4791(1008) (6.42e-01 6.82e-01) XE:8.52e-02 (1.14e+00 1.14e+00 | 5.01e-01 4.99e-01)
4983(999) (6.61e-01 6.82e-01) XE:8.53e-02 (1.12e+00 1.14e+00 | 5.09e-01 4.99e-01)
5175(996) (6.21e-01 6.82e-01) XE:8.52e-02 (1.16e+00 1.14e+00 | 4.90e-01 4.99e-01)
5366(1002) (6.58e-01 6.82e-01) XE:8.52e-02 (1.13e+00 1.14e+00 | 5.23e-01 4.99e-01)
5558(994) (9.35e-01 6.81e-01) XE:8.52e-02 (1.15e+00 1.14e+00 | 5.31e-01 4.99e-01)
5750(999) (1.01e+00 6.81e-01) XE:8.51e-02 (1.14e+00 1.14e+00 | 4.96e-01 4.99e-01)
5942(997) (1.27e+00 6.81e-01) XE:8.51e-02 (1.13e+00 1.14e+00 | 4.82e-01 4.99e-01)
6134(1006) (8.03e-01 6.81e-01) XE:8.51e-02 (1.17e+00 1.14e+00 | 5.13e-01 4.99e-01)
6326(1000) (7.99e-01 6.81e-01) XE:8.52e-02 (1.14e+00 1.14e+00 | 5.11e-01 4.99e-01)
6518(999) (5.74e-01 6.82e-01) XE:8.52e-02 (1.14e+00 1.14e+00 | 5.29e-01 4.99e-01)
6710(1000) (7.35e-01 6.82e-01) XE:8.52e-02 (1.13e+00 1.14e+00 | 5.19e-01 5.00e-01)
6902(1001) (6.22e-01 6.82e-01) XE:8.52e-02 (1.12e+00 1.14e+00 | 4.80e-01 5.00e-01)
7094(1004) (4.58e-01 6.82e-01) XE:8.52e-02 (1.14e+00 1.14e+00 | 5.13e-01 4.99e-01)
7285(1005) (6.17e-01 6.82e-01) XE:8.52e-02 (1.14e+00 1.14e+00 | 4.92e-01 4.99e-01)
7477(1000) (7.48e-01 6.82e-01) XE:8.52e-02 (1.14e+00 1.14e+00 | 4.66e-01 4.99e-01)
7669(1003) (5.04e-01 6.82e-01) XE:8.52e-02 (1.14e+00 1.14e+00 | 4.68e-01 4.99e-01)
7861(1005) (6.24e-01 6.82e-01) XE:8.52e-02 (1.14e+00 1.14e+00 | 5.19e-01 4.99e-01)
8053(998) (5.96e-01 6.82e-01) XE:8.52e-02 (1.16e+00 1.14e+00 | 4.94e-01 4.99e-01)
8245(997) (7.05e-01 6.82e-01) XE:8.52e-02 (1.14e+00 1.14e+00 | 5.03e-01 4.99e-01)
8437(998) (6.27e-01 6.82e-01) XE:8.52e-02 (1.15e+00 1.14e+00 | 4.62e-01 4.99e-01)
8628(1005) (6.13e-01 6.82e-01) XE:8.53e-02 (1.12e+00 1.14e+00 | 5.01e-01 4.99e-01)
8820(998) (8.18e-01 6.82e-01) XE:8.53e-02 (1.14e+00 1.14e+00 | 4.90e-01 4.99e-01)
9012(999) (5.12e-01 6.83e-01) XE:8.53e-02 (1.12e+00 1.14e+00 | 5.21e-01 4.99e-01)
9204(1004) (8.06e-01 6.83e-01) XE:8.54e-02 (1.15e+00 1.14e+00 | 4.56e-01 4.99e-01)
9396(996) (8.93e-01 6.83e-01) XE:8.54e-02 (1.13e+00 1.14e+00 | 5.13e-01 4.99e-01)
9588(998) (5.87e-01 6.83e-01) XE:8.54e-02 (1.13e+00 1.14e+00 | 4.88e-01 4.99e-01)
9779(997) (6.55e-01 6.83e-01) XE:8.54e-02 (1.15e+00 1.14e+00 | 5.29e-01 4.99e-01)
9971(999) (7.39e-01 6.83e-01) XE:8.54e-02 (1.15e+00 1.14e+00 | 4.86e-01 4.99e-01)
10000(1004) (4.92e-01 6.83e-01) XE:8.54e-02 (1.15e+00 1.14e+00 | 4.96e-01 4.99e-01)
RL cnt: 0,7496952,1246524,0,0,0,0,0,0,0,0,0,0,0,0,0,
BL cnt: 0,0,0,0,0,0,0,0,1237133,0,7435723,0,1237144,0,0,0,0,0,0,0,0,
# InnerCodebook: deleted
# NBIDSchannel: deleted
# Gtable: deleted
# FBalg4: deleted
