# (Pid,Ps)=(2.000000e-02,1.000000e-02) Nseg=250 WinSize=10 [0]
# InnerCB: ICB/1/4_05_2.bin
# Gtable:  Gtable/4/020_010.bin
# InnerCodebook: beta=4(256) nu=2
# InnerCodebook: B(B2p)=5(32) 5(32) 
# InnerCodebook: checked CWM, EncMap, DecMap
# beta=4(256) N=1000 Dmax=25
# NBIDSchannel: N=1000 Q=4 Dmax=25 (Pid,Ps)=(2.000000e-02,1.000000e-02)
# FBalg4: Nseg=250 Dmax=25(w=51)
# FBalg4: Gtable: Gtable/4/020_010.bin
# Gtable: beta=4 (Pid,Ps,Ptrn)=(2.000000e-02,1.000000e-02,9.600000e-01) Pth=1.000000e-10
# Gtable: beta4p=256 beta4pp=65536
# Gtable::Gtable len=0 cnt=256
# Gtable::Gtable len=1 cnt=1024
# Gtable::Gtable len=2 cnt=4096
# Gtable::Gtable len=3 cnt=16384
# Gtable::Gtable len=4 cnt=65536
# Gtable::Gtable len=5 cnt=148492
# Gtable::Gtable len=6 cnt=107608
# Gtable::Gtable len=7 cnt=57364
# Gtable::Gtable len=8 cnt=6400
# FBalg4: beta=4(256) (Pid,Ps)=(2.000000e-02,1.000000e-02) Pth=1.000000e-10 N=1000
0111(998) (9.89e-01 1.01e+00) XE:1.27e-01 (1.16e+00 1.14e+00 | 4.98e-01 4.97e-01)
0228(996) (8.23e-01 1.02e+00) XE:1.28e-01 (1.13e+00 1.14e+00 | 4.66e-01 5.00e-01)
0346(993) (8.86e-01 1.03e+00) XE:1.29e-01 (1.14e+00 1.14e+00 | 5.09e-01 5.00e-01)
0464(992) (1.01e+00 1.03e+00) XE:1.29e-01 (1.14e+00 1.14e+00 | 5.37e-01 5.00e-01)
0582(999) (1.14e+00 1.03e+00) XE:1.29e-01 (1.15e+00 1.14e+00 | 4.84e-01 5.01e-01)
0700(999) (9.14e-01 1.04e+00) XE:1.30e-01 (1.13e+00 1.14e+00 | 4.76e-01 5.00e-01)
0818(1004) (1.15e+00 1.04e+00) XE:1.30e-01 (1.14e+00 1.14e+00 | 4.56e-01 5.00e-01)
0935(1006) (1.06e+00 1.04e+00) XE:1.30e-01 (1.15e+00 1.14e+00 | 4.90e-01 5.00e-01)
1053(1016) (8.46e-01 1.04e+00) XE:1.30e-01 (1.16e+00 1.14e+00 | 4.78e-01 4.99e-01)
1171(1003) (1.01e+00 1.04e+00) XE:1.30e-01 (1.13e+00 1.14e+00 | 5.07e-01 5.00e-01)
1289(1003) (8.34e-01 1.04e+00) XE:1.30e-01 (1.15e+00 1.14e+00 | 4.96e-01 5.00e-01)
1407(1000) (7.39e-01 1.04e+00) XE:1.29e-01 (1.14e+00 1.14e+00 | 5.01e-01 5.00e-01)
1524(998) (1.03e+00 1.04e+00) XE:1.29e-01 (1.14e+00 1.14e+00 | 4.74e-01 5.00e-01)
1642(1010) (1.01e+00 1.03e+00) XE:1.29e-01 (1.12e+00 1.14e+00 | 4.62e-01 4.99e-01)
1760(1000) (8.93e-01 1.03e+00) XE:1.29e-01 (1.15e+00 1.14e+00 | 5.11e-01 4.99e-01)
1878(1003) (1.38e+00 1.03e+00) XE:1.29e-01 (1.14e+00 1.14e+00 | 5.23e-01 5.00e-01)
1996(1004) (1.01e+00 1.03e+00) XE:1.29e-01 (1.14e+00 1.14e+00 | 5.09e-01 5.00e-01)
2113(1000) (9.82e-01 1.03e+00) XE:1.29e-01 (1.15e+00 1.14e+00 | 5.03e-01 5.00e-01)
2231(996) (9.77e-01 1.03e+00) XE:1.29e-01 (1.16e+00 1.14e+00 | 5.11e-01 5.00e-01)
2349(988) (1.25e+00 1.03e+00) XE:1.29e-01 (1.12e+00 1.14e+00 | 4.92e-01 4.99e-01)
2467(1002) (8.78e-01 1.03e+00) XE:1.29e-01 (1.17e+00 1.14e+00 | 4.94e-01 5.00e-01)
2585(1001) (1.23e+00 1.03e+00) XE:1.29e-01 (1.13e+00 1.14e+00 | 5.33e-01 4.99e-01)
2702(999) (9.27e-01 1.03e+00) XE:1.29e-01 (1.14e+00 1.14e+00 | 5.09e-01 4.99e-01)
2820(992) (9.32e-01 1.03e+00) XE:1.29e-01 (1.14e+00 1.14e+00 | 5.21e-01 4.99e-01)
2938(994) (9.41e-01 1.03e+00) XE:1.29e-01 (1.14e+00 1.14e+00 | 4.98e-01 4.99e-01)
3056(1007) (1.15e+00 1.03e+00) XE:1.29e-01 (1.12e+00 1.14e+00 | 4.96e-01 4.99e-01)
3174(1000) (7.76e-01 1.03e+00) XE:1.29e-01 (1.13e+00 1.14e+00 | 5.37e-01 4.99e-01)
3292(1003) (8.49e-01 1.03e+00) XE:1.29e-01 (1.14e+00 1.14e+00 | 4.88e-01 4.99e-01)
3409(1012) (1.06e+00 1.04e+00) XE:1.29e-01 (1.13e+00 1.14e+00 | 4.90e-01 4.99e-01)
3527(1004) (1.02e+00 1.03e+00) XE:1.29e-01 (1.13e+00 1.14e+00 | 5.37e-01 4.99e-01)
3645(1001) (9.27e-01 1.03e+00) XE:1.29e-01 (1.14e+00 1.14e+00 | 5.27e-01 4.99e-01)
3763(1005) (9.48e-01 1.03e+00) XE:1.29e-01 (1.15e+00 1.14e+00 | 5.11e-01 4.99e-01)
3881(1007) (8.23e-01 1.03e+00) XE:1.29e-01 (1.14e+00 1.14e+00 | 4.66e-01 4.99e-01)
3998(1001) (8.74e-01 1.03e+00) XE:1.29e-01 (1.15e+00 1.14e+00 | 5.27e-01 4.99e-01)
4116(998) (1.23e+00 1.03e+00) XE:1.29e-01 (1.15e+00 1.14e+00 | 5.07e-01 4.99e-01)
4234(996) (1.11e+00 1.03e+00) XE:1.29e-01 (1.15e+00 1.14e+00 | 4.82e-01 4.99e-01)
4352(1001) (1.07e+00 1.03e+00) XE:1.29e-01 (1.13e+00 1.14e+00 | 4.88e-01 4.99e-01)
4470(999) (8.18e-01 1.03e+00) XE:1.29e-01 (1.15e+00 1.14e+00 | 5.07e-01 4.99e-01)
4588(992) (1.46e+00 1.03e+00) XE:1.29e-01 (1.14e+00 1.14e+00 | 4.98e-01 4.99e-01)
4705(1003) (8.36e-01 1.03e+00) XE:1.29e-01 (1.13e+00 1.14e+00 | 4.56e-01 4.99e-01)
4823(996) (1.05e+00 1.03e+00) XE:1.29e-01 (1.14e+00 1.14e+00 | 5.19e-01 4.99e-01)
4941(1006) (6.91e-01 1.03e+00) XE:1.29e-01 (1.14e+00 1.14e+00 | 4.68e-01 4.99e-01)
5059(996) (1.25e+00 1.03e+00) XE:1.29e-01 (1.14e+00 1.14e+00 | 5.29e-01 4.99e-01)
5177(1008) (1.05e+00 1.03e+00) XE:1.29e-01 (1.13e+00 1.14e+00 | 5.09e-01 4.99e-01)
5294(1005) (8.65e-01 1.03e+00) XE:1.29e-01 (1.15e+00 1.14e+00 | 5.13e-01 4.99e-01)
5412(991) (1.38e+00 1.03e+00) XE:1.29e-01 (1.14e+00 1.14e+00 | 5.19e-01 4.99e-01)
5530(997) (1.08e+00 1.03e+00) XE:1.29e-01 (1.13e+00 1.14e+00 | 5.41e-01 4.99e-01)
5648(991) (1.30e+00 1.03e+00) XE:1.29e-01 (1.15e+00 1.14e+00 | 5.03e-01 4.99e-01)
5766(998) (1.35e+00 1.03e+00) XE:1.29e-01 (1.13e+00 1.14e+00 | 4.94e-01 4.99e-01)
5883(989) (1.24e+00 1.03e+00) XE:1.29e-01 (1.14e+00 1.14e+00 | 4.94e-01 4.99e-01)
6001(1008) (9.07e-01 1.03e+00) XE:1.29e-01 (1.13e+00 1.14e+00 | 5.01e-01 4.99e-01)
6119(1006) (1.25e+00 1.03e+00) XE:1.29e-01 (1.12e+00 1.14e+00 | 5.01e-01 4.99e-01)
6236(1008) (9.80e-01 1.03e+00) XE:1.29e-01 (1.14e+00 1.14e+00 | 4.42e-01 4.99e-01)
6354(1002) (7.07e-01 1.03e+00) XE:1.29e-01 (1.14e+00 1.14e+00 | 5.11e-01 4.99e-01)
6472(998) (1.01e+00 1.03e+00) XE:1.29e-01 (1.14e+00 1.14e+00 | 5.65e-01 4.99e-01)
6590(1006) (9.87e-01 1.03e+00) XE:1.29e-01 (1.14e+00 1.14e+00 | 4.78e-01 4.99e-01)
6707(1001) (1.02e+00 1.03e+00) XE:1.29e-01 (1.14e+00 1.14e+00 | 4.92e-01 4.99e-01)
6825(997) (8.70e-01 1.03e+00) XE:1.29e-01 (1.15e+00 1.14e+00 | 4.80e-01 4.99e-01)
6943(991) (1.19e+00 1.03e+00) XE:1.29e-01 (1.13e+00 1.14e+00 | 4.74e-01 4.99e-01)
7061(1008) (8.61e-01 1.03e+00) XE:1.29e-01 (1.14e+00 1.14e+00 | 5.49e-01 4.99e-01)
7178(997) (7.58e-01 1.03e+00) XE:1.29e-01 (1.15e+00 1.14e+00 | 5.17e-01 4.99e-01)
7296(1010) (7.09e-01 1.03e+00) XE:1.29e-01 (1.14e+00 1.14e+00 | 4.98e-01 4.99e-01)
7414(1003) (7.76e-01 1.03e+00) XE:1.29e-01 (1.15e+00 1.14e+00 | 4.90e-01 4.99e-01)
7532(995) (8.88e-01 1.03e+00) XE:1.29e-01 (1.13e+00 1.14e+00 | 4.92e-01 4.99e-01)
7649(992) (1.23e+00 1.03e+00) XE:1.29e-01 (1.14e+00 1.14e+00 | 5.13e-01 4.99e-01)
7767(1001) (1.28e+00 1.03e+00) XE:1.29e-01 (1.12e+00 1.14e+00 | 5.25e-01 4.99e-01)
7885(997) (8.86e-01 1.03e+00) XE:1.29e-01 (1.14e+00 1.14e+00 | 5.05e-01 4.99e-01)
8002(1001) (9.40e-01 1.03e+00) XE:1.29e-01 (1.14e+00 1.14e+00 | 4.88e-01 4.99e-01)
8120(1001) (1.04e+00 1.03e+00) XE:1.29e-01 (1.15e+00 1.14e+00 | 5.29e-01 4.99e-01)
8238(985) (1.35e+00 1.03e+00) XE:1.29e-01 (1.15e+00 1.14e+00 | 5.19e-01 4.99e-01)
8355(990) (1.11e+00 1.03e+00) XE:1.29e-01 (1.14e+00 1.14e+00 | 5.07e-01 4.99e-01)
8473(993) (1.15e+00 1.03e+00) XE:1.29e-01 (1.14e+00 1.14e+00 | 5.03e-01 4.99e-01)
8591(1009) (1.00e+00 1.03e+00) XE:1.29e-01 (1.13e+00 1.14e+00 | 4.56e-01 4.99e-01)
8708(994) (1.46e+00 1.03e+00) XE:1.29e-01 (1.14e+00 1.14e+00 | 4.92e-01 4.99e-01)
8826(992) (1.34e+00 1.03e+00) XE:1.29e-01 (1.14e+00 1.14e+00 | 4.86e-01 4.99e-01)
8944(992) (1.13e+00 1.03e+00) XE:1.29e-01 (1.14e+00 1.14e+00 | 4.86e-01 4.99e-01)
9062(995) (9.85e-01 1.03e+00) XE:1.29e-01 (1.14e+00 1.14e+00 | 4.88e-01 4.99e-01)
9179(1000) (1.13e+00 1.03e+00) XE:1.29e-01 (1.14e+00 1.14e+00 | 4.78e-01 4.99e-01)
9297(1005) (9.77e-01 1.03e+00) XE:1.29e-01 (1.15e+00 1.14e+00 | 5.09e-01 4.99e-01)
9415(995) (1.29e+00 1.03e+00) XE:1.29e-01 (1.13e+00 1.14e+00 | 5.11e-01 4.99e-01)
9532(987) (1.30e+00 1.03e+00) XE:1.29e-01 (1.13e+00 1.14e+00 | 5.25e-01 4.99e-01)
9650(1000) (1.36e+00 1.03e+00) XE:1.29e-01 (1.13e+00 1.14e+00 | 5.39e-01 4.99e-01)
9768(1015) (8.65e-01 1.03e+00) XE:1.29e-01 (1.13e+00 1.14e+00 | 5.15e-01 4.99e-01)
9885(995) (1.06e+00 1.03e+00) XE:1.29e-01 (1.17e+00 1.14e+00 | 5.47e-01 4.99e-01)
10000(1007) (1.35e+00 1.03e+00) XE:1.29e-01 (1.15e+00 1.14e+00 | 5.11e-01 4.99e-01)
RL cnt: 0,7495974,1247013,0,0,0,0,0,0,0,0,0,0,0,0,0,
BL cnt: 0,0,0,0,0,0,0,0,1237192,0,7435649,0,1237159,0,0,0,0,0,0,0,0,
# InnerCodebook: deleted
# NBIDSchannel: deleted
# Gtable: deleted
# FBalg4: deleted
