# (Pid,Ps)=(2.500000e-02,1.000000e-02) Nseg=250 WinSize=10 [0]
# InnerCB: ICB/1/4_05_2.bin
# Gtable:  Gtable/4/025_010.bin
# InnerCodebook: beta=4(256) nu=2
# InnerCodebook: B(B2p)=5(32) 5(32) 
# InnerCodebook: checked CWM, EncMap, DecMap
# beta=4(256) N=1000 Dmax=30
# NBIDSchannel: N=1000 Q=4 Dmax=30 (Pid,Ps)=(2.500000e-02,1.000000e-02)
# FBalg4: Nseg=250 Dmax=30(w=61)
# FBalg4: Gtable: Gtable/4/025_010.bin
# Gtable: beta=4 (Pid,Ps,Ptrn)=(2.500000e-02,1.000000e-02,9.500000e-01) Pth=1.000000e-10
# Gtable: beta4p=256 beta4pp=65536
# Gtable::Gtable len=0 cnt=256
# Gtable::Gtable len=1 cnt=1024
# Gtable::Gtable len=2 cnt=4096
# Gtable::Gtable len=3 cnt=16384
# Gtable::Gtable len=4 cnt=65536
# Gtable::Gtable len=5 cnt=153172
# Gtable::Gtable len=6 cnt=126472
# Gtable::Gtable len=7 cnt=126700
# Gtable::Gtable len=8 cnt=6400
# FBalg4: beta=4(256) (Pid,Ps)=(2.500000e-02,1.000000e-02) Pth=1.000000e-10 N=1000
0083(1003) (1.25e+00 1.22e+00) XE:1.53e-01 (1.15e+00 1.14e+00 | 4.72e-01 5.00e-01)
0172(992) (9.34e-01 1.22e+00) XE:1.52e-01 (1.15e+00 1.14e+00 | 5.09e-01 4.99e-01)
0261(1003) (1.37e+00 1.22e+00) XE:1.53e-01 (1.14e+00 1.14e+00 | 4.72e-01 4.99e-01)
0350(988) (1.37e+00 1.23e+00) XE:1.54e-01 (1.14e+00 1.14e+00 | 4.92e-01 4.99e-01)
0439(986) (1.87e+00 1.24e+00) XE:1.55e-01 (1.15e+00 1.14e+00 | 5.31e-01 4.99e-01)
0528(1008) (1.10e+00 1.23e+00) XE:1.54e-01 (1.15e+00 1.14e+00 | 5.19e-01 5.00e-01)
0617(999) (9.73e-01 1.23e+00) XE:1.54e-01 (1.13e+00 1.14e+00 | 4.96e-01 5.00e-01)
0706(986) (1.16e+00 1.23e+00) XE:1.54e-01 (1.14e+00 1.14e+00 | 5.25e-01 5.00e-01)
0795(1006) (1.20e+00 1.23e+00) XE:1.54e-01 (1.15e+00 1.14e+00 | 5.11e-01 5.01e-01)
0885(1001) (8.84e-01 1.23e+00) XE:1.54e-01 (1.12e+00 1.14e+00 | 4.86e-01 5.01e-01)
0973(999) (1.20e+00 1.23e+00) XE:1.54e-01 (1.15e+00 1.14e+00 | 5.05e-01 5.01e-01)
1063(993) (1.18e+00 1.23e+00) XE:1.54e-01 (1.15e+00 1.14e+00 | 5.11e-01 5.01e-01)
1152(1009) (1.04e+00 1.23e+00) XE:1.54e-01 (1.13e+00 1.14e+00 | 4.92e-01 5.01e-01)
1241(996) (1.22e+00 1.23e+00) XE:1.54e-01 (1.15e+00 1.14e+00 | 4.64e-01 5.00e-01)
1330(1003) (1.14e+00 1.23e+00) XE:1.54e-01 (1.13e+00 1.14e+00 | 5.07e-01 5.00e-01)
1419(997) (1.55e+00 1.23e+00) XE:1.54e-01 (1.12e+00 1.14e+00 | 5.11e-01 5.00e-01)
1508(991) (1.70e+00 1.23e+00) XE:1.54e-01 (1.13e+00 1.14e+00 | 4.90e-01 5.00e-01)
1597(1008) (9.57e-01 1.23e+00) XE:1.54e-01 (1.12e+00 1.14e+00 | 5.01e-01 5.00e-01)
1686(1004) (9.81e-01 1.23e+00) XE:1.54e-01 (1.16e+00 1.14e+00 | 5.15e-01 5.00e-01)
1775(1007) (7.24e-01 1.23e+00) XE:1.54e-01 (1.14e+00 1.14e+00 | 5.19e-01 5.00e-01)
1864(1011) (7.33e-01 1.23e+00) XE:1.54e-01 (1.14e+00 1.14e+00 | 4.96e-01 5.00e-01)
1953(1002) (1.23e+00 1.23e+00) XE:1.53e-01 (1.15e+00 1.14e+00 | 4.76e-01 5.00e-01)
2042(992) (1.03e+00 1.23e+00) XE:1.53e-01 (1.15e+00 1.14e+00 | 4.60e-01 5.00e-01)
2131(1010) (1.09e+00 1.23e+00) XE:1.53e-01 (1.14e+00 1.14e+00 | 4.92e-01 5.00e-01)
2221(994) (1.15e+00 1.23e+00) XE:1.53e-01 (1.13e+00 1.14e+00 | 5.05e-01 5.00e-01)
2310(999) (1.48e+00 1.23e+00) XE:1.53e-01 (1.14e+00 1.14e+00 | 5.17e-01 5.00e-01)
2399(1011) (1.30e+00 1.23e+00) XE:1.53e-01 (1.14e+00 1.14e+00 | 4.88e-01 5.00e-01)
2488(1001) (9.46e-01 1.23e+00) XE:1.53e-01 (1.14e+00 1.14e+00 | 4.60e-01 5.00e-01)
2577(999) (1.30e+00 1.23e+00) XE:1.53e-01 (1.13e+00 1.14e+00 | 4.78e-01 5.00e-01)
2666(1002) (1.06e+00 1.23e+00) XE:1.53e-01 (1.14e+00 1.14e+00 | 4.88e-01 5.00e-01)
2755(1006) (1.41e+00 1.23e+00) XE:1.53e-01 (1.14e+00 1.14e+00 | 5.05e-01 5.00e-01)
2844(998) (1.34e+00 1.23e+00) XE:1.54e-01 (1.14e+00 1.14e+00 | 5.03e-01 5.00e-01)
2933(997) (1.08e+00 1.23e+00) XE:1.53e-01 (1.14e+00 1.14e+00 | 4.98e-01 5.00e-01)
3022(995) (1.41e+00 1.23e+00) XE:1.53e-01 (1.13e+00 1.14e+00 | 5.13e-01 5.00e-01)
3111(997) (1.04e+00 1.23e+00) XE:1.53e-01 (1.14e+00 1.14e+00 | 4.60e-01 5.00e-01)
3201(996) (1.05e+00 1.23e+00) XE:1.53e-01 (1.15e+00 1.14e+00 | 4.98e-01 5.00e-01)
3290(1015) (1.08e+00 1.23e+00) XE:1.54e-01 (1.13e+00 1.14e+00 | 5.15e-01 5.00e-01)
3379(1001) (1.46e+00 1.23e+00) XE:1.54e-01 (1.15e+00 1.14e+00 | 4.76e-01 5.00e-01)
3468(1007) (8.63e-01 1.23e+00) XE:1.53e-01 (1.15e+00 1.14e+00 | 4.88e-01 5.00e-01)
3557(1001) (1.32e+00 1.23e+00) XE:1.53e-01 (1.14e+00 1.14e+00 | 4.92e-01 4.99e-01)
3646(1012) (1.22e+00 1.23e+00) XE:1.53e-01 (1.13e+00 1.14e+00 | 4.98e-01 4.99e-01)
3736(997) (1.50e+00 1.23e+00) XE:1.54e-01 (1.14e+00 1.14e+00 | 5.13e-01 4.99e-01)
3825(999) (1.31e+00 1.23e+00) XE:1.54e-01 (1.13e+00 1.14e+00 | 5.15e-01 4.99e-01)
3914(990) (1.24e+00 1.23e+00) XE:1.54e-01 (1.13e+00 1.14e+00 | 5.07e-01 4.99e-01)
4003(994) (1.24e+00 1.23e+00) XE:1.53e-01 (1.15e+00 1.14e+00 | 4.98e-01 4.99e-01)
4092(1001) (9.10e-01 1.23e+00) XE:1.53e-01 (1.14e+00 1.14e+00 | 5.43e-01 4.99e-01)
4181(995) (1.19e+00 1.23e+00) XE:1.53e-01 (1.13e+00 1.14e+00 | 4.94e-01 5.00e-01)
4271(1007) (7.58e-01 1.23e+00) XE:1.53e-01 (1.14e+00 1.14e+00 | 4.66e-01 4.99e-01)
4360(1000) (1.15e+00 1.23e+00) XE:1.53e-01 (1.15e+00 1.14e+00 | 5.07e-01 4.99e-01)
4449(982) (1.21e+00 1.23e+00) XE:1.53e-01 (1.14e+00 1.14e+00 | 5.29e-01 4.99e-01)
4538(1005) (9.49e-01 1.23e+00) XE:1.53e-01 (1.16e+00 1.14e+00 | 4.82e-01 4.99e-01)
4627(985) (1.61e+00 1.23e+00) XE:1.53e-01 (1.14e+00 1.14e+00 | 5.21e-01 4.99e-01)
4716(1004) (1.32e+00 1.23e+00) XE:1.53e-01 (1.12e+00 1.14e+00 | 5.03e-01 4.99e-01)
4805(1000) (1.01e+00 1.23e+00) XE:1.53e-01 (1.14e+00 1.14e+00 | 4.58e-01 4.99e-01)
4895(1008) (8.11e-01 1.23e+00) XE:1.53e-01 (1.15e+00 1.14e+00 | 5.21e-01 4.99e-01)
4984(993) (1.29e+00 1.23e+00) XE:1.53e-01 (1.15e+00 1.14e+00 | 5.21e-01 4.99e-01)
5073(1002) (1.08e+00 1.23e+00) XE:1.53e-01 (1.14e+00 1.14e+00 | 4.96e-01 4.99e-01)
5162(991) (1.26e+00 1.23e+00) XE:1.53e-01 (1.14e+00 1.14e+00 | 5.09e-01 5.00e-01)
5251(998) (1.22e+00 1.23e+00) XE:1.53e-01 (1.13e+00 1.14e+00 | 5.43e-01 5.00e-01)
5340(992) (1.31e+00 1.23e+00) XE:1.53e-01 (1.13e+00 1.14e+00 | 4.96e-01 5.00e-01)
5429(1018) (1.11e+00 1.23e+00) XE:1.53e-01 (1.12e+00 1.14e+00 | 4.88e-01 4.99e-01)
5518(995) (1.09e+00 1.23e+00) XE:1.53e-01 (1.14e+00 1.14e+00 | 5.13e-01 4.99e-01)
5607(1002) (1.31e+00 1.22e+00) XE:1.53e-01 (1.14e+00 1.14e+00 | 5.23e-01 4.99e-01)
5696(1007) (8.48e-01 1.22e+00) XE:1.53e-01 (1.13e+00 1.14e+00 | 5.07e-01 4.99e-01)
5785(996) (1.27e+00 1.22e+00) XE:1.53e-01 (1.14e+00 1.14e+00 | 5.09e-01 4.99e-01)
5875(989) (1.67e+00 1.22e+00) XE:1.53e-01 (1.13e+00 1.14e+00 | 5.47e-01 4.99e-01)
5964(995) (1.63e+00 1.23e+00) XE:1.53e-01 (1.14e+00 1.14e+00 | 4.96e-01 4.99e-01)
6053(1001) (1.22e+00 1.23e+00) XE:1.53e-01 (1.15e+00 1.14e+00 | 4.96e-01 4.99e-01)
6142(999) (1.35e+00 1.23e+00) XE:1.53e-01 (1.16e+00 1.14e+00 | 5.25e-01 4.99e-01)
6231(1006) (1.46e+00 1.23e+00) XE:1.53e-01 (1.14e+00 1.14e+00 | 4.92e-01 4.99e-01)
6320(999) (1.36e+00 1.22e+00) XE:1.53e-01 (1.14e+00 1.14e+00 | 5.01e-01 4.99e-01)
6409(988) (1.46e+00 1.23e+00) XE:1.53e-01 (1.14e+00 1.14e+00 | 4.92e-01 4.99e-01)
6499(991) (1.20e+00 1.23e+00) XE:1.53e-01 (1.14e+00 1.14e+00 | 4.58e-01 4.99e-01)
6588(1000) (1.22e+00 1.22e+00) XE:1.53e-01 (1.12e+00 1.14e+00 | 4.72e-01 4.99e-01)
6677(1003) (8.57e-01 1.22e+00) XE:1.53e-01 (1.14e+00 1.14e+00 | 4.72e-01 4.99e-01)
6766(998) (1.18e+00 1.22e+00) XE:1.53e-01 (1.13e+00 1.14e+00 | 5.01e-01 4.99e-01)
6855(989) (1.65e+00 1.22e+00) XE:1.53e-01 (1.12e+00 1.14e+00 | 4.94e-01 4.99e-01)
6944(997) (1.53e+00 1.22e+00) XE:1.53e-01 (1.13e+00 1.14e+00 | 5.13e-01 4.99e-01)
7033(997) (1.00e+00 1.22e+00) XE:1.53e-01 (1.15e+00 1.14e+00 | 5.05e-01 4.99e-01)
7122(1005) (1.13e+00 1.22e+00) XE:1.53e-01 (1.13e+00 1.14e+00 | 4.86e-01 4.99e-01)
7211(1001) (1.38e+00 1.22e+00) XE:1.53e-01 (1.15e+00 1.14e+00 | 4.74e-01 4.99e-01)
7301(1001) (1.10e+00 1.22e+00) XE:1.53e-01 (1.15e+00 1.14e+00 | 4.64e-01 4.99e-01)
7390(998) (1.20e+00 1.22e+00) XE:1.53e-01 (1.14e+00 1.14e+00 | 4.96e-01 4.99e-01)
7479(1005) (9.55e-01 1.22e+00) XE:1.53e-01 (1.15e+00 1.14e+00 | 5.03e-01 4.99e-01)
7568(993) (9.91e-01 1.22e+00) XE:1.53e-01 (1.12e+00 1.14e+00 | 5.35e-01 4.99e-01)
7657(1002) (1.18e+00 1.22e+00) XE:1.53e-01 (1.15e+00 1.14e+00 | 5.01e-01 4.99e-01)
7746(1001) (1.22e+00 1.22e+00) XE:1.53e-01 (1.14e+00 1.14e+00 | 4.90e-01 4.99e-01)
7835(1004) (1.26e+00 1.22e+00) XE:1.53e-01 (1.15e+00 1.14e+00 | 4.92e-01 4.99e-01)
7924(999) (1.31e+00 1.22e+00) XE:1.53e-01 (1.14e+00 1.14e+00 | 5.17e-01 4.99e-01)
8013(1007) (1.07e+00 1.22e+00) XE:1.53e-01 (1.15e+00 1.14e+00 | 5.15e-01 4.99e-01)
8103(996) (1.54e+00 1.22e+00) XE:1.53e-01 (1.15e+00 1.14e+00 | 5.13e-01 4.99e-01)
8192(997) (1.31e+00 1.22e+00) XE:1.53e-01 (1.13e+00 1.14e+00 | 5.57e-01 4.99e-01)
8284(1001) (1.36e+00 1.22e+00) XE:1.53e-01 (1.14e+00 1.14e+00 | 4.88e-01 4.99e-01)
8379(999) (1.23e+00 1.22e+00) XE:1.53e-01 (1.12e+00 1.14e+00 | 5.35e-01 4.99e-01)
8474(997) (1.43e+00 1.22e+00) XE:1.53e-01 (1.13e+00 1.14e+00 | 4.78e-01 4.99e-01)
8569(994) (1.10e+00 1.22e+00) XE:1.53e-01 (1.14e+00 1.14e+00 | 4.94e-01 4.99e-01)
8663(998) (1.14e+00 1.22e+00) XE:1.53e-01 (1.12e+00 1.14e+00 | 4.98e-01 4.99e-01)
8758(996) (1.45e+00 1.22e+00) XE:1.53e-01 (1.16e+00 1.14e+00 | 4.96e-01 4.99e-01)
8853(988) (1.57e+00 1.22e+00) XE:1.53e-01 (1.14e+00 1.14e+00 | 5.03e-01 4.99e-01)
8947(998) (1.38e+00 1.22e+00) XE:1.53e-01 (1.14e+00 1.14e+00 | 4.80e-01 4.99e-01)
9042(996) (1.38e+00 1.22e+00) XE:1.53e-01 (1.12e+00 1.14e+00 | 5.15e-01 4.99e-01)
9137(1005) (1.05e+00 1.22e+00) XE:1.53e-01 (1.14e+00 1.14e+00 | 5.13e-01 4.99e-01)
9231(1009) (1.17e+00 1.22e+00) XE:1.53e-01 (1.14e+00 1.14e+00 | 4.62e-01 4.99e-01)
9321(999) (1.04e+00 1.22e+00) XE:1.53e-01 (1.14e+00 1.14e+00 | 4.78e-01 4.99e-01)
9412(1004) (1.31e+00 1.22e+00) XE:1.53e-01 (1.14e+00 1.14e+00 | 4.86e-01 4.99e-01)
9503(1001) (1.23e+00 1.22e+00) XE:1.53e-01 (1.13e+00 1.14e+00 | 4.78e-01 4.99e-01)
9593(1014) (9.67e-01 1.22e+00) XE:1.53e-01 (1.14e+00 1.14e+00 | 5.17e-01 4.99e-01)
9684(986) (1.34e+00 1.22e+00) XE:1.53e-01 (1.14e+00 1.14e+00 | 4.72e-01 4.99e-01)
9775(1008) (1.05e+00 1.22e+00) XE:1.53e-01 (1.15e+00 1.14e+00 | 5.23e-01 4.99e-01)
9866(1011) (1.51e+00 1.22e+00) XE:1.53e-01 (1.17e+00 1.14e+00 | 5.01e-01 4.99e-01)
9957(1005) (1.42e+00 1.22e+00) XE:1.53e-01 (1.13e+00 1.14e+00 | 5.05e-01 4.99e-01)
10000(998) (1.25e+00 1.22e+00) XE:1.53e-01 (1.15e+00 1.14e+00 | 5.01e-01 4.99e-01)
RL cnt: 0,7498590,1245705,0,0,0,0,0,0,0,0,0,0,0,0,0,
BL cnt: 0,0,0,0,0,0,0,0,1237062,0,7435534,0,1237404,0,0,0,0,0,0,0,0,
# InnerCodebook: deleted
# NBIDSchannel: deleted
# Gtable: deleted
# FBalg4: deleted
