# (Pid,Ps)=(1.000000e-02,1.000000e-02) Nseg=10000 [0]
# InnerCB: ICB/marker/8_1_0.bin
# Gtable:  Gtable/1/010_010.bin
# InnerCodebook: beta=1(4) nu=9
# InnerCodebook: B(B2p)=2(4) 2(4) 2(4) 2(4) 2(4) 2(4) 2(4) 2(4) 0(1) 
# InnerCodebook: checked CWM, EncMap, DecMap
# beta=1(4) nu=9 N=10000 Dmax=105
# B=2,2,2,2,2,2,2,2,0,
# NBIDSchannel: N=10000 Q=4 Dmax=105 (Pid,Ps)=(1.000000e-02,1.000000e-02)
# FBalg4: Nseg=10000 Dmax=105(w=211)
# FBalg4: Gtable: Gtable/1/010_010.bin
# Gtable: beta=1 (Pid,Ps,Ptrn)=(1.000000e-02,1.000000e-02,9.800000e-01) Pth=1.000000e-10
# Gtable: beta4p=4 beta4pp=16
# Gtable::Gtable len=0 cnt=4
# Gtable::Gtable len=1 cnt=16
# Gtable::Gtable len=2 cnt=64
# FBalg4: beta=1(4) (Pid,Ps)=(1.000000e-02,1.000000e-02) Pth=1.000000e-10 N=10000
(Y:1.860147e+00 X:1.777800e+00 XY:2.010792e+00 I:1.627155e+00)
0001(9974): (1.627155e+00 1.627155e+00) 8.135776e-01
(Y:1.869168e+00 X:1.777800e+00 XY:2.027013e+00 I:1.619955e+00)
0002(10014): (1.619955e+00 1.623555e+00) 8.117775e-01
(Y:1.856763e+00 X:1.777800e+00 XY:2.022743e+00 I:1.611820e+00)
0003(9978): (1.611820e+00 1.619643e+00) 8.098217e-01
(Y:1.859286e+00 X:1.777800e+00 XY:2.029979e+00 I:1.607107e+00)
0004(10002): (1.607107e+00 1.616509e+00) 8.082547e-01
(Y:1.857639e+00 X:1.777800e+00 XY:2.010568e+00 I:1.624871e+00)
0005(9996): (1.624871e+00 1.618182e+00) 8.090908e-01
(Y:1.856279e+00 X:1.777800e+00 XY:2.018597e+00 I:1.615482e+00)
0006(9986): (1.615482e+00 1.617732e+00) 8.088659e-01
(Y:1.855432e+00 X:1.777800e+00 XY:2.016266e+00 I:1.616966e+00)
0007(9990): (1.616966e+00 1.617622e+00) 8.088111e-01
(Y:1.859941e+00 X:1.777800e+00 XY:2.017515e+00 I:1.620226e+00)
0008(9978): (1.620226e+00 1.617948e+00) 8.089739e-01
(Y:1.863260e+00 X:1.777800e+00 XY:2.017863e+00 I:1.623197e+00)
0009(9998): (1.623197e+00 1.618531e+00) 8.092655e-01
(Y:1.862977e+00 X:1.777800e+00 XY:2.018350e+00 I:1.622428e+00)
0010(10001): (1.622428e+00 1.618921e+00) 8.094603e-01
# InnerCodebook: deleted
# NBIDSchannel: deleted
# Gtable: deleted
# FBalg4: deleted
