# (Pid,Ps)=(1.000000e-02,1.000000e-03) Nseg=10000 [0]
# InnerCB: ICB/marker/8_1_0.bin
# Gtable:  Gtable/1/010_001.bin
# InnerCodebook: beta=1(4) nu=9
# InnerCodebook: B(B2p)=2(4) 2(4) 2(4) 2(4) 2(4) 2(4) 2(4) 2(4) 0(1) 
# InnerCodebook: checked CWM, EncMap, DecMap
# beta=1(4) nu=9 N=10000 Dmax=105
# B=2,2,2,2,2,2,2,2,0,
# NBIDSchannel: N=10000 Q=4 Dmax=105 (Pid,Ps)=(1.000000e-02,1.000000e-03)
# FBalg4: Nseg=10000 Dmax=105(w=211)
# FBalg4: Gtable: Gtable/1/010_001.bin
# Gtable: beta=1 (Pid,Ps,Ptrn)=(1.000000e-02,1.000000e-03,9.800000e-01) Pth=1.000000e-10
# Gtable: beta4p=4 beta4pp=16
# Gtable::Gtable len=0 cnt=4
# Gtable::Gtable len=1 cnt=16
# Gtable::Gtable len=2 cnt=64
# FBalg4: beta=1(4) (Pid,Ps)=(1.000000e-02,1.000000e-03) Pth=1.000000e-10 N=10000
(Y:1.854599e+00 X:1.777800e+00 XY:1.943578e+00 I:1.688821e+00)
0001(9974): (1.688821e+00 1.688821e+00) 8.444105e-01
(Y:1.863422e+00 X:1.777800e+00 XY:1.938414e+00 I:1.702808e+00)
0002(10013): (1.702808e+00 1.695815e+00) 8.479073e-01
(Y:1.854026e+00 X:1.777800e+00 XY:1.932570e+00 I:1.699256e+00)
0003(9979): (1.699256e+00 1.696962e+00) 8.484809e-01
(Y:1.854354e+00 X:1.777800e+00 XY:1.938380e+00 I:1.693773e+00)
0004(10005): (1.693773e+00 1.696165e+00) 8.480823e-01
(Y:1.854962e+00 X:1.777800e+00 XY:1.928301e+00 I:1.704461e+00)
0005(9997): (1.704461e+00 1.697824e+00) 8.489120e-01
(Y:1.854869e+00 X:1.777800e+00 XY:1.938134e+00 I:1.694535e+00)
0006(9981): (1.694535e+00 1.697276e+00) 8.486379e-01
(Y:1.853692e+00 X:1.777800e+00 XY:1.927944e+00 I:1.703548e+00)
0007(9993): (1.703548e+00 1.698172e+00) 8.490859e-01
(Y:1.851152e+00 X:1.777800e+00 XY:1.938380e+00 I:1.690572e+00)
0008(9968): (1.690572e+00 1.697222e+00) 8.486109e-01
(Y:1.853762e+00 X:1.777800e+00 XY:1.933677e+00 I:1.697885e+00)
0009(9993): (1.697885e+00 1.697296e+00) 8.486478e-01
(Y:1.857418e+00 X:1.777800e+00 XY:1.944325e+00 I:1.690893e+00)
0010(10002): (1.690893e+00 1.696655e+00) 8.483276e-01
# InnerCodebook: deleted
# NBIDSchannel: deleted
# Gtable: deleted
# FBalg4: deleted
