# (Pid,Ps)=(1.500000e-02,1.000000e-03) Nseg=10000 [0]
# InnerCB: ICB/marker/8_1_0.bin
# Gtable:  Gtable/1/015_001.bin
# InnerCodebook: beta=1(4) nu=9
# InnerCodebook: B(B2p)=2(4) 2(4) 2(4) 2(4) 2(4) 2(4) 2(4) 2(4) 0(1) 
# InnerCodebook: checked CWM, EncMap, DecMap
# beta=1(4) nu=9 N=10000 Dmax=155
# B=2,2,2,2,2,2,2,2,0,
# NBIDSchannel: N=10000 Q=4 Dmax=155 (Pid,Ps)=(1.500000e-02,1.000000e-03)
# FBalg4: Nseg=10000 Dmax=155(w=311)
# FBalg4: Gtable: Gtable/1/015_001.bin
# Gtable: beta=1 (Pid,Ps,Ptrn)=(1.500000e-02,1.000000e-03,9.700000e-01) Pth=1.000000e-10
# Gtable: beta4p=4 beta4pp=16
# Gtable::Gtable len=0 cnt=4
# Gtable::Gtable len=1 cnt=16
# Gtable::Gtable len=2 cnt=64
# FBalg4: beta=1(4) (Pid,Ps)=(1.500000e-02,1.000000e-03) Pth=1.000000e-10 N=10000
(Y:1.864426e+00 X:1.777800e+00 XY:1.990070e+00 I:1.652157e+00)
0001(9974): (1.652157e+00 1.652157e+00) 8.260783e-01
(Y:1.874428e+00 X:1.777800e+00 XY:1.983740e+00 I:1.668488e+00)
0002(10021): (1.668488e+00 1.660322e+00) 8.301611e-01
(Y:1.867899e+00 X:1.777800e+00 XY:1.988819e+00 I:1.656880e+00)
0003(9974): (1.656880e+00 1.659175e+00) 8.295873e-01
(Y:1.875544e+00 X:1.777800e+00 XY:2.001067e+00 I:1.652276e+00)
0004(9998): (1.652276e+00 1.657450e+00) 8.287250e-01
(Y:1.870635e+00 X:1.777800e+00 XY:1.978242e+00 I:1.670193e+00)
0005(9996): (1.670193e+00 1.659999e+00) 8.299994e-01
(Y:1.877004e+00 X:1.777800e+00 XY:2.003198e+00 I:1.651605e+00)
0006(10003): (1.651605e+00 1.658600e+00) 8.292999e-01
(Y:1.870381e+00 X:1.777800e+00 XY:1.986153e+00 I:1.662028e+00)
0007(10005): (1.662028e+00 1.659090e+00) 8.295448e-01
(Y:1.866998e+00 X:1.777800e+00 XY:1.985761e+00 I:1.659037e+00)
0008(9985): (1.659037e+00 1.659083e+00) 8.295415e-01
(Y:1.874606e+00 X:1.777800e+00 XY:1.992546e+00 I:1.659860e+00)
0009(9999): (1.659860e+00 1.659169e+00) 8.295847e-01
(Y:1.875430e+00 X:1.777800e+00 XY:2.012322e+00 I:1.640908e+00)
0010(9995): (1.640908e+00 1.657343e+00) 8.286716e-01
# InnerCodebook: deleted
# NBIDSchannel: deleted
# Gtable: deleted
# FBalg4: deleted
