# (Pid,Ps)=(2.500000e-02,1.000000e-02) Nseg=10000 [0]
# InnerCB: ICB/marker/8_1_0.bin
# Gtable:  Gtable/1/025_010.bin
# InnerCodebook: beta=1(4) nu=9
# InnerCodebook: B(B2p)=2(4) 2(4) 2(4) 2(4) 2(4) 2(4) 2(4) 2(4) 0(1) 
# InnerCodebook: checked CWM, EncMap, DecMap
# beta=1(4) nu=9 N=10000 Dmax=255
# B=2,2,2,2,2,2,2,2,0,
# NBIDSchannel: N=10000 Q=4 Dmax=255 (Pid,Ps)=(2.500000e-02,1.000000e-02)
# FBalg4: Nseg=10000 Dmax=255(w=511)
# FBalg4: Gtable: Gtable/1/025_010.bin
# Gtable: beta=1 (Pid,Ps,Ptrn)=(2.500000e-02,1.000000e-02,9.500000e-01) Pth=1.000000e-10
# Gtable: beta4p=4 beta4pp=16
# Gtable::Gtable len=0 cnt=4
# Gtable::Gtable len=1 cnt=16
# Gtable::Gtable len=2 cnt=64
# FBalg4: beta=1(4) (Pid,Ps)=(2.500000e-02,1.000000e-02) Pth=1.000000e-10 N=10000
(Y:1.879953e+00 X:1.777800e+00 XY:2.165099e+00 I:1.492654e+00)
0001(9987): (1.492654e+00 1.492654e+00) 7.463272e-01
(Y:1.887281e+00 X:1.777800e+00 XY:2.182447e+00 I:1.482634e+00)
0002(10033): (1.482634e+00 1.487644e+00) 7.438221e-01
(Y:1.885676e+00 X:1.777800e+00 XY:2.182508e+00 I:1.480969e+00)
0003(9967): (1.480969e+00 1.485419e+00) 7.427095e-01
(Y:1.891044e+00 X:1.777800e+00 XY:2.186995e+00 I:1.481849e+00)
0004(9994): (1.481849e+00 1.484526e+00) 7.422632e-01
(Y:1.885207e+00 X:1.777800e+00 XY:2.150119e+00 I:1.512888e+00)
0005(10036): (1.512888e+00 1.490199e+00) 7.450994e-01
(Y:1.883863e+00 X:1.777800e+00 XY:2.164691e+00 I:1.496972e+00)
0006(10001): (1.496972e+00 1.491328e+00) 7.456638e-01
(Y:1.891011e+00 X:1.777800e+00 XY:2.178300e+00 I:1.490510e+00)
0007(10023): (1.490510e+00 1.491211e+00) 7.456054e-01
(Y:1.882423e+00 X:1.777800e+00 XY:2.160778e+00 I:1.499445e+00)
0008(9986): (1.499445e+00 1.492240e+00) 7.461201e-01
(Y:1.890589e+00 X:1.777800e+00 XY:2.166308e+00 I:1.502081e+00)
0009(10007): (1.502081e+00 1.493334e+00) 7.466668e-01
(Y:1.880879e+00 X:1.777800e+00 XY:2.171013e+00 I:1.487666e+00)
0010(10004): (1.487666e+00 1.492767e+00) 7.463834e-01
# InnerCodebook: deleted
# NBIDSchannel: deleted
# Gtable: deleted
# FBalg4: deleted
