# (Pid,Ps)=(4.000000e-02,1.000000e-02) Nseg=10000 [0]
# InnerCB: ICB/marker/8_1_0.bin
# Gtable:  Gtable/1/040_010.bin
# InnerCodebook: beta=1(4) nu=9
# InnerCodebook: B(B2p)=2(4) 2(4) 2(4) 2(4) 2(4) 2(4) 2(4) 2(4) 0(1) 
# InnerCodebook: checked CWM, EncMap, DecMap
# beta=1(4) nu=9 N=10000 Dmax=405
# B=2,2,2,2,2,2,2,2,0,
# NBIDSchannel: N=10000 Q=4 Dmax=405 (Pid,Ps)=(4.000000e-02,1.000000e-02)
# FBalg4: Nseg=10000 Dmax=405(w=811)
# FBalg4: Gtable: Gtable/1/040_010.bin
# Gtable: beta=1 (Pid,Ps,Ptrn)=(4.000000e-02,1.000000e-02,9.200000e-01) Pth=1.000000e-10
# Gtable: beta4p=4 beta4pp=16
# Gtable::Gtable len=0 cnt=4
# Gtable::Gtable len=1 cnt=16
# Gtable::Gtable len=2 cnt=64
# FBalg4: beta=1(4) (Pid,Ps)=(4.000000e-02,1.000000e-02) Pth=1.000000e-10 N=10000
(Y:1.882471e+00 X:1.777800e+00 XY:2.294806e+00 I:1.365465e+00)
0001(9999): (1.365465e+00 1.365465e+00) 6.827324e-01
(Y:1.880459e+00 X:1.777800e+00 XY:2.294086e+00 I:1.364173e+00)
0002(10027): (1.364173e+00 1.364819e+00) 6.824094e-01
(Y:1.881717e+00 X:1.777800e+00 XY:2.292345e+00 I:1.367173e+00)
0003(9963): (1.367173e+00 1.365603e+00) 6.828017e-01
(Y:1.886105e+00 X:1.777800e+00 XY:2.302512e+00 I:1.361393e+00)
0004(10008): (1.361393e+00 1.364551e+00) 6.822754e-01
(Y:1.884429e+00 X:1.777800e+00 XY:2.275153e+00 I:1.387076e+00)
0005(10027): (1.387076e+00 1.369056e+00) 6.845280e-01
(Y:1.880932e+00 X:1.777800e+00 XY:2.279978e+00 I:1.378754e+00)
0006(10005): (1.378754e+00 1.370672e+00) 6.853361e-01
(Y:1.882702e+00 X:1.777800e+00 XY:2.324370e+00 I:1.336131e+00)
0007(9992): (1.336131e+00 1.365738e+00) 6.828689e-01
(Y:1.876924e+00 X:1.777800e+00 XY:2.284001e+00 I:1.370723e+00)
0008(9974): (1.370723e+00 1.366361e+00) 6.831805e-01
(Y:1.881957e+00 X:1.777800e+00 XY:2.298936e+00 I:1.360821e+00)
0009(9980): (1.360821e+00 1.365745e+00) 6.828727e-01
(Y:1.875354e+00 X:1.777800e+00 XY:2.276333e+00 I:1.376821e+00)
0010(9983): (1.376821e+00 1.366853e+00) 6.834265e-01
# InnerCodebook: deleted
# NBIDSchannel: deleted
# Gtable: deleted
# FBalg4: deleted
