# (Pid,Ps)=(4.500000e-02,1.000000e-02) Nseg=10000 [0]
# InnerCB: ICB/marker/8_1_0.bin
# Gtable:  Gtable/1/045_010.bin
# InnerCodebook: beta=1(4) nu=9
# InnerCodebook: B(B2p)=2(4) 2(4) 2(4) 2(4) 2(4) 2(4) 2(4) 2(4) 0(1) 
# InnerCodebook: checked CWM, EncMap, DecMap
# beta=1(4) nu=9 N=10000 Dmax=455
# B=2,2,2,2,2,2,2,2,0,
# NBIDSchannel: N=10000 Q=4 Dmax=455 (Pid,Ps)=(4.500000e-02,1.000000e-02)
# FBalg4: Nseg=10000 Dmax=455(w=911)
# FBalg4: Gtable: Gtable/1/045_010.bin
# Gtable: beta=1 (Pid,Ps,Ptrn)=(4.500000e-02,1.000000e-02,9.100000e-01) Pth=1.000000e-10
# Gtable: beta4p=4 beta4pp=16
# Gtable::Gtable len=0 cnt=4
# Gtable::Gtable len=1 cnt=16
# Gtable::Gtable len=2 cnt=64
# FBalg4: beta=1(4) (Pid,Ps)=(4.500000e-02,1.000000e-02) Pth=1.000000e-10 N=10000
(Y:1.876617e+00 X:1.777800e+00 XY:2.331419e+00 I:1.322999e+00)
0001(10005): (1.322999e+00 1.322999e+00) 6.614993e-01
(Y:1.882816e+00 X:1.777800e+00 XY:2.336001e+00 I:1.324615e+00)
0002(10025): (1.324615e+00 1.323807e+00) 6.619034e-01
(Y:1.878818e+00 X:1.777800e+00 XY:2.330274e+00 I:1.326345e+00)
0003(9977): (1.326345e+00 1.324653e+00) 6.623264e-01
(Y:1.886954e+00 X:1.777800e+00 XY:2.340898e+00 I:1.323855e+00)
0004(10007): (1.323855e+00 1.324453e+00) 6.622267e-01
(Y:1.880389e+00 X:1.777800e+00 XY:2.314411e+00 I:1.343778e+00)
0005(10040): (1.343778e+00 1.328318e+00) 6.641592e-01
(Y:1.876856e+00 X:1.777800e+00 XY:2.323505e+00 I:1.331151e+00)
0006(10016): (1.331151e+00 1.328790e+00) 6.643952e-01
(Y:1.881632e+00 X:1.777800e+00 XY:2.342452e+00 I:1.316980e+00)
0007(9988): (1.316980e+00 1.327103e+00) 6.635516e-01
(Y:1.874681e+00 X:1.777800e+00 XY:2.324681e+00 I:1.327800e+00)
0008(9972): (1.327800e+00 1.327190e+00) 6.635952e-01
(Y:1.877352e+00 X:1.777800e+00 XY:2.340776e+00 I:1.314376e+00)
0009(9990): (1.314376e+00 1.325767e+00) 6.628833e-01
(Y:1.875841e+00 X:1.777800e+00 XY:2.313021e+00 I:1.340619e+00)
0010(9968): (1.340619e+00 1.327252e+00) 6.636259e-01
# InnerCodebook: deleted
# NBIDSchannel: deleted
# Gtable: deleted
# FBalg4: deleted
