# (Pid,Ps)=(4.500000e-02,1.000000e-03) Nseg=10000 [0]
# InnerCB: ICB/marker/8_1_0.bin
# Gtable:  Gtable/1/045_001.bin
# InnerCodebook: beta=1(4) nu=9
# InnerCodebook: B(B2p)=2(4) 2(4) 2(4) 2(4) 2(4) 2(4) 2(4) 2(4) 0(1) 
# InnerCodebook: checked CWM, EncMap, DecMap
# beta=1(4) nu=9 N=10000 Dmax=455
# B=2,2,2,2,2,2,2,2,0,
# NBIDSchannel: N=10000 Q=4 Dmax=455 (Pid,Ps)=(4.500000e-02,1.000000e-03)
# FBalg4: Nseg=10000 Dmax=455(w=911)
# FBalg4: Gtable: Gtable/1/045_001.bin
# Gtable: beta=1 (Pid,Ps,Ptrn)=(4.500000e-02,1.000000e-03,9.100000e-01) Pth=1.000000e-10
# Gtable: beta4p=4 beta4pp=16
# Gtable::Gtable len=0 cnt=4
# Gtable::Gtable len=1 cnt=16
# Gtable::Gtable len=2 cnt=64
# FBalg4: beta=1(4) (Pid,Ps)=(4.500000e-02,1.000000e-03) Pth=1.000000e-10 N=10000
(Y:1.873435e+00 X:1.777800e+00 XY:2.266981e+00 I:1.384255e+00)
0001(10005): (1.384255e+00 1.384255e+00) 6.921274e-01
(Y:1.877009e+00 X:1.777800e+00 XY:2.253244e+00 I:1.401565e+00)
0002(10026): (1.401565e+00 1.392910e+00) 6.964550e-01
(Y:1.873277e+00 X:1.777800e+00 XY:2.254462e+00 I:1.396616e+00)
0003(9967): (1.396616e+00 1.394145e+00) 6.970726e-01
(Y:1.878157e+00 X:1.777800e+00 XY:2.255665e+00 I:1.400292e+00)
0004(10001): (1.400292e+00 1.395682e+00) 6.978410e-01
(Y:1.877164e+00 X:1.777800e+00 XY:2.255604e+00 I:1.399359e+00)
0005(10029): (1.399359e+00 1.396417e+00) 6.982087e-01
(Y:1.874972e+00 X:1.777800e+00 XY:2.258477e+00 I:1.394294e+00)
0006(10011): (1.394294e+00 1.396064e+00) 6.980318e-01
(Y:1.879572e+00 X:1.777800e+00 XY:2.276465e+00 I:1.380908e+00)
0007(9977): (1.380908e+00 1.393898e+00) 6.969492e-01
(Y:1.870343e+00 X:1.777800e+00 XY:2.252193e+00 I:1.395949e+00)
0008(9966): (1.395949e+00 1.394155e+00) 6.970774e-01
(Y:1.875156e+00 X:1.777800e+00 XY:2.262221e+00 I:1.390735e+00)
0009(9982): (1.390735e+00 1.393775e+00) 6.968874e-01
(Y:1.872746e+00 X:1.777800e+00 XY:2.241136e+00 I:1.409410e+00)
0010(9984): (1.409410e+00 1.395338e+00) 6.976692e-01
# InnerCodebook: deleted
# NBIDSchannel: deleted
# Gtable: deleted
# FBalg4: deleted
