# (Pid,Ps)=(1.500000e-02,1.000000e-03) Nseg=5000 [0]
# InnerCB: ICB/marker/10_2_2.bin
# Gtable:  Gtable/2/015_001.bin
# InnerCodebook: beta=2(16) nu=6
# InnerCodebook: B(B2p)=4(16) 4(16) 4(16) 4(16) 4(16) 0(1) 
# InnerCodebook: checked CWM, EncMap, DecMap
# beta=2(16) nu=6 N=10000 Dmax=155
# B=4,4,4,4,4,0,
# NBIDSchannel: N=10000 Q=4 Dmax=155 (Pid,Ps)=(1.500000e-02,1.000000e-03)
# FBalg4: Nseg=5000 Dmax=155(w=311)
# FBalg4: Gtable: Gtable/2/015_001.bin
# Gtable: beta=2 (Pid,Ps,Ptrn)=(1.500000e-02,1.000000e-03,9.700000e-01) Pth=1.000000e-10
# Gtable: beta4p=16 beta4pp=256
# Gtable::Gtable len=0 cnt=16
# Gtable::Gtable len=1 cnt=64
# Gtable::Gtable len=2 cnt=256
# Gtable::Gtable len=3 cnt=700
# Gtable::Gtable len=4 cnt=208
# FBalg4: beta=2(16) (Pid,Ps)=(1.500000e-02,1.000000e-03) Pth=1.000000e-10 N=10000
(Y:3.546623e+00 X:3.333600e+00 XY:3.756484e+00 I:3.123739e+00)
0001(9973): (3.123739e+00 3.123739e+00) 7.809347e-01
(Y:3.572909e+00 X:3.333600e+00 XY:3.772711e+00 I:3.133798e+00)
0002(9994): (3.133798e+00 3.128768e+00) 7.821921e-01
(Y:3.546725e+00 X:3.333600e+00 XY:3.755313e+00 I:3.125012e+00)
0003(9979): (3.125012e+00 3.127516e+00) 7.818791e-01
(Y:3.592868e+00 X:3.333600e+00 XY:3.797338e+00 I:3.129130e+00)
0004(10012): (3.129130e+00 3.127920e+00) 7.819799e-01
(Y:3.560663e+00 X:3.333600e+00 XY:3.757410e+00 I:3.136853e+00)
0005(10003): (3.136853e+00 3.129706e+00) 7.824266e-01
(Y:3.565647e+00 X:3.333600e+00 XY:3.742512e+00 I:3.156735e+00)
0006(10000): (3.156735e+00 3.134211e+00) 7.835528e-01
(Y:3.559256e+00 X:3.333600e+00 XY:3.765569e+00 I:3.127287e+00)
0007(9990): (3.127287e+00 3.133222e+00) 7.833055e-01
(Y:3.568219e+00 X:3.333600e+00 XY:3.779147e+00 I:3.122672e+00)
0008(10001): (3.122672e+00 3.131903e+00) 7.829758e-01
(Y:3.567934e+00 X:3.333600e+00 XY:3.769475e+00 I:3.132059e+00)
0009(10010): (3.132059e+00 3.131921e+00) 7.829801e-01
(Y:3.586438e+00 X:3.333600e+00 XY:3.805717e+00 I:3.114321e+00)
0010(9980): (3.114321e+00 3.130161e+00) 7.825402e-01
# InnerCodebook: deleted
# NBIDSchannel: deleted
# Gtable: deleted
# FBalg4: deleted
