# (Pid,Ps)=(2.000000e-02,1.000000e-03) Nseg=5000 [0]
# InnerCB: ICB/marker/10_2_2.bin
# Gtable:  Gtable/2/020_001.bin
# InnerCodebook: beta=2(16) nu=6
# InnerCodebook: B(B2p)=4(16) 4(16) 4(16) 4(16) 4(16) 0(1) 
# InnerCodebook: checked CWM, EncMap, DecMap
# beta=2(16) nu=6 N=10000 Dmax=205
# B=4,4,4,4,4,0,
# NBIDSchannel: N=10000 Q=4 Dmax=205 (Pid,Ps)=(2.000000e-02,1.000000e-03)
# FBalg4: Nseg=5000 Dmax=205(w=411)
# FBalg4: Gtable: Gtable/2/020_001.bin
# Gtable: beta=2 (Pid,Ps,Ptrn)=(2.000000e-02,1.000000e-03,9.600000e-01) Pth=1.000000e-10
# Gtable: beta4p=16 beta4pp=256
# Gtable::Gtable len=0 cnt=16
# Gtable::Gtable len=1 cnt=64
# Gtable::Gtable len=2 cnt=256
# Gtable::Gtable len=3 cnt=700
# Gtable::Gtable len=4 cnt=208
# FBalg4: beta=2(16) (Pid,Ps)=(2.000000e-02,1.000000e-03) Pth=1.000000e-10 N=10000
(Y:3.581721e+00 X:3.333600e+00 XY:3.859630e+00 I:3.055691e+00)
0001(9959): (3.055691e+00 3.055691e+00) 7.639228e-01
(Y:3.607946e+00 X:3.333600e+00 XY:3.867855e+00 I:3.073691e+00)
0002(9991): (3.073691e+00 3.064691e+00) 7.661728e-01
(Y:3.591196e+00 X:3.333600e+00 XY:3.851135e+00 I:3.073661e+00)
0003(9982): (3.073661e+00 3.067681e+00) 7.669203e-01
(Y:3.624751e+00 X:3.333600e+00 XY:3.904721e+00 I:3.053629e+00)
0004(10021): (3.053629e+00 3.064168e+00) 7.660420e-01
(Y:3.598802e+00 X:3.333600e+00 XY:3.866711e+00 I:3.065691e+00)
0005(9999): (3.065691e+00 3.064473e+00) 7.661182e-01
(Y:3.603765e+00 X:3.333600e+00 XY:3.832016e+00 I:3.105349e+00)
0006(10028): (3.105349e+00 3.071286e+00) 7.678214e-01
(Y:3.601029e+00 X:3.333600e+00 XY:3.872694e+00 I:3.061934e+00)
0007(9988): (3.061934e+00 3.069950e+00) 7.674874e-01
(Y:3.605505e+00 X:3.333600e+00 XY:3.897861e+00 I:3.041244e+00)
0008(9986): (3.041244e+00 3.066361e+00) 7.665904e-01
(Y:3.605750e+00 X:3.333600e+00 XY:3.874797e+00 I:3.064553e+00)
0009(10017): (3.064553e+00 3.066161e+00) 7.665401e-01
(Y:3.615702e+00 X:3.333600e+00 XY:3.914191e+00 I:3.035112e+00)
0010(9981): (3.035112e+00 3.063056e+00) 7.657639e-01
# InnerCodebook: deleted
# NBIDSchannel: deleted
# Gtable: deleted
# FBalg4: deleted
