# (Pid,Ps)=(3.500000e-02,1.000000e-03) Nseg=5000 [0]
# InnerCB: ICB/marker/10_2_2.bin
# Gtable:  Gtable/2/035_001.bin
# InnerCodebook: beta=2(16) nu=6
# InnerCodebook: B(B2p)=4(16) 4(16) 4(16) 4(16) 4(16) 0(1) 
# InnerCodebook: checked CWM, EncMap, DecMap
# beta=2(16) nu=6 N=10000 Dmax=356
# B=4,4,4,4,4,0,
# NBIDSchannel: N=10000 Q=4 Dmax=356 (Pid,Ps)=(3.500000e-02,1.000000e-03)
# FBalg4: Nseg=5000 Dmax=356(w=713)
# FBalg4: Gtable: Gtable/2/035_001.bin
# Gtable: beta=2 (Pid,Ps,Ptrn)=(3.500000e-02,1.000000e-03,9.300000e-01) Pth=1.000000e-10
# Gtable: beta4p=16 beta4pp=256
# Gtable::Gtable len=0 cnt=16
# Gtable::Gtable len=1 cnt=64
# Gtable::Gtable len=2 cnt=256
# Gtable::Gtable len=3 cnt=700
# Gtable::Gtable len=4 cnt=1072
# FBalg4: beta=2(16) (Pid,Ps)=(3.500000e-02,1.000000e-03) Pth=1.000000e-10 N=10000
(Y:3.638606e+00 X:3.333600e+00 XY:4.148617e+00 I:2.823589e+00)
0001(9957): (2.823589e+00 2.823589e+00) 7.058973e-01
(Y:3.648685e+00 X:3.333600e+00 XY:4.154612e+00 I:2.827673e+00)
0002(10007): (2.827673e+00 2.825631e+00) 7.064078e-01
(Y:3.637657e+00 X:3.333600e+00 XY:4.110079e+00 I:2.861178e+00)
0003(9988): (2.861178e+00 2.837480e+00) 7.093700e-01
(Y:3.656172e+00 X:3.333600e+00 XY:4.166522e+00 I:2.823249e+00)
0004(9988): (2.823249e+00 2.833922e+00) 7.084806e-01
(Y:3.643932e+00 X:3.333600e+00 XY:4.153163e+00 I:2.824369e+00)
0005(10013): (2.824369e+00 2.832012e+00) 7.080030e-01
(Y:3.649225e+00 X:3.333600e+00 XY:4.115755e+00 I:2.867071e+00)
0006(10021): (2.867071e+00 2.837855e+00) 7.094637e-01
(Y:3.645385e+00 X:3.333600e+00 XY:4.135654e+00 I:2.843331e+00)
0007(9975): (2.843331e+00 2.838637e+00) 7.096593e-01
(Y:3.643258e+00 X:3.333600e+00 XY:4.142642e+00 I:2.834216e+00)
0008(9998): (2.834216e+00 2.838085e+00) 7.095212e-01
(Y:3.635079e+00 X:3.333600e+00 XY:4.125344e+00 I:2.843335e+00)
0009(9991): (2.843335e+00 2.838668e+00) 7.096670e-01
(Y:3.657165e+00 X:3.333600e+00 XY:4.180662e+00 I:2.810103e+00)
0010(10010): (2.810103e+00 2.835811e+00) 7.089529e-01
# InnerCodebook: deleted
# NBIDSchannel: deleted
# Gtable: deleted
# FBalg4: deleted
