# (Pid,Ps)=(3.500000e-02,1.000000e-02) Nseg=5000 [0]
# InnerCB: ICB/marker/10_2_2.bin
# Gtable:  Gtable/2/035_010.bin
# InnerCodebook: beta=2(16) nu=6
# InnerCodebook: B(B2p)=4(16) 4(16) 4(16) 4(16) 4(16) 0(1) 
# InnerCodebook: checked CWM, EncMap, DecMap
# beta=2(16) nu=6 N=10000 Dmax=356
# B=4,4,4,4,4,0,
# NBIDSchannel: N=10000 Q=4 Dmax=356 (Pid,Ps)=(3.500000e-02,1.000000e-02)
# FBalg4: Nseg=5000 Dmax=356(w=713)
# FBalg4: Gtable: Gtable/2/035_010.bin
# Gtable: beta=2 (Pid,Ps,Ptrn)=(3.500000e-02,1.000000e-02,9.300000e-01) Pth=1.000000e-10
# Gtable: beta4p=16 beta4pp=256
# Gtable::Gtable len=0 cnt=16
# Gtable::Gtable len=1 cnt=64
# Gtable::Gtable len=2 cnt=256
# Gtable::Gtable len=3 cnt=1024
# Gtable::Gtable len=4 cnt=1072
# FBalg4: beta=2(16) (Pid,Ps)=(3.500000e-02,1.000000e-02) Pth=1.000000e-10 N=10000
(Y:3.652480e+00 X:3.333600e+00 XY:4.291527e+00 I:2.694554e+00)
0001(9957): (2.694554e+00 2.694554e+00) 6.736384e-01
(Y:3.655728e+00 X:3.333600e+00 XY:4.287283e+00 I:2.702044e+00)
0002(10007): (2.702044e+00 2.698299e+00) 6.745747e-01
(Y:3.648812e+00 X:3.333600e+00 XY:4.271108e+00 I:2.711304e+00)
0003(9993): (2.711304e+00 2.702634e+00) 6.756585e-01
(Y:3.658405e+00 X:3.333600e+00 XY:4.287543e+00 I:2.704462e+00)
0004(9989): (2.704462e+00 2.703091e+00) 6.757727e-01
(Y:3.664246e+00 X:3.333600e+00 XY:4.331111e+00 I:2.666735e+00)
0005(10014): (2.666735e+00 2.695820e+00) 6.739549e-01
(Y:3.661535e+00 X:3.333600e+00 XY:4.257844e+00 I:2.737290e+00)
0006(10029): (2.737290e+00 2.702731e+00) 6.756828e-01
(Y:3.658094e+00 X:3.333600e+00 XY:4.269088e+00 I:2.722606e+00)
0007(9978): (2.722606e+00 2.705571e+00) 6.763927e-01
(Y:3.651130e+00 X:3.333600e+00 XY:4.286569e+00 I:2.698161e+00)
0008(9989): (2.698161e+00 2.704644e+00) 6.761611e-01
(Y:3.644927e+00 X:3.333600e+00 XY:4.267723e+00 I:2.710804e+00)
0009(9971): (2.710804e+00 2.705329e+00) 6.763322e-01
(Y:3.659377e+00 X:3.333600e+00 XY:4.314901e+00 I:2.678076e+00)
0010(10011): (2.678076e+00 2.702604e+00) 6.756509e-01
# InnerCodebook: deleted
# NBIDSchannel: deleted
# Gtable: deleted
# FBalg4: deleted
