# (Pid,Ps)=(4.500000e-02,1.000000e-03) Nseg=5000 [0]
# InnerCB: ICB/marker/10_2_2.bin
# Gtable:  Gtable/2/045_001.bin
# InnerCodebook: beta=2(16) nu=6
# InnerCodebook: B(B2p)=4(16) 4(16) 4(16) 4(16) 4(16) 0(1) 
# InnerCodebook: checked CWM, EncMap, DecMap
# beta=2(16) nu=6 N=10000 Dmax=455
# B=4,4,4,4,4,0,
# NBIDSchannel: N=10000 Q=4 Dmax=455 (Pid,Ps)=(4.500000e-02,1.000000e-03)
# FBalg4: Nseg=5000 Dmax=455(w=911)
# FBalg4: Gtable: Gtable/2/045_001.bin
# Gtable: beta=2 (Pid,Ps,Ptrn)=(4.500000e-02,1.000000e-03,9.100000e-01) Pth=1.000000e-10
# Gtable: beta4p=16 beta4pp=256
# Gtable::Gtable len=0 cnt=16
# Gtable::Gtable len=1 cnt=64
# Gtable::Gtable len=2 cnt=256
# Gtable::Gtable len=3 cnt=700
# Gtable::Gtable len=4 cnt=1072
# FBalg4: beta=2(16) (Pid,Ps)=(4.500000e-02,1.000000e-03) Pth=1.000000e-10 N=10000
(Y:3.644796e+00 X:3.333600e+00 XY:4.295747e+00 I:2.682650e+00)
0001(9982): (2.682650e+00 2.682650e+00) 6.706624e-01
(Y:3.660380e+00 X:3.333600e+00 XY:4.312528e+00 I:2.681452e+00)
0002(10011): (2.681452e+00 2.682051e+00) 6.705127e-01
(Y:3.652321e+00 X:3.333600e+00 XY:4.267430e+00 I:2.718491e+00)
0003(10009): (2.718491e+00 2.694198e+00) 6.735494e-01
(Y:3.655064e+00 X:3.333600e+00 XY:4.300428e+00 I:2.688236e+00)
0004(10030): (2.688236e+00 2.692707e+00) 6.731768e-01
(Y:3.659872e+00 X:3.333600e+00 XY:4.314668e+00 I:2.678804e+00)
0005(10007): (2.678804e+00 2.689927e+00) 6.724817e-01
(Y:3.645307e+00 X:3.333600e+00 XY:4.286635e+00 I:2.692272e+00)
0006(10023): (2.692272e+00 2.690318e+00) 6.725794e-01
(Y:3.657709e+00 X:3.333600e+00 XY:4.287858e+00 I:2.703451e+00)
0007(10003): (2.703451e+00 2.692194e+00) 6.730484e-01
(Y:3.643763e+00 X:3.333600e+00 XY:4.318014e+00 I:2.659349e+00)
0008(9980): (2.659349e+00 2.688088e+00) 6.720220e-01
(Y:3.651909e+00 X:3.333600e+00 XY:4.301007e+00 I:2.684502e+00)
0009(9972): (2.684502e+00 2.687690e+00) 6.719224e-01
(Y:3.652003e+00 X:3.333600e+00 XY:4.295548e+00 I:2.690055e+00)
0010(10029): (2.690055e+00 2.687926e+00) 6.719815e-01
# InnerCodebook: deleted
# NBIDSchannel: deleted
# Gtable: deleted
# FBalg4: deleted
