# (Pid,Ps)=(4.500000e-02,1.000000e-02) Nseg=5000 [0]
# InnerCB: ICB/marker/10_2_2.bin
# Gtable:  Gtable/2/045_010.bin
# InnerCodebook: beta=2(16) nu=6
# InnerCodebook: B(B2p)=4(16) 4(16) 4(16) 4(16) 4(16) 0(1) 
# InnerCodebook: checked CWM, EncMap, DecMap
# beta=2(16) nu=6 N=10000 Dmax=455
# B=4,4,4,4,4,0,
# NBIDSchannel: N=10000 Q=4 Dmax=455 (Pid,Ps)=(4.500000e-02,1.000000e-02)
# FBalg4: Nseg=5000 Dmax=455(w=911)
# FBalg4: Gtable: Gtable/2/045_010.bin
# Gtable: beta=2 (Pid,Ps,Ptrn)=(4.500000e-02,1.000000e-02,9.100000e-01) Pth=1.000000e-10
# Gtable: beta4p=16 beta4pp=256
# Gtable::Gtable len=0 cnt=16
# Gtable::Gtable len=1 cnt=64
# Gtable::Gtable len=2 cnt=256
# Gtable::Gtable len=3 cnt=1024
# Gtable::Gtable len=4 cnt=1072
# FBalg4: beta=2(16) (Pid,Ps)=(4.500000e-02,1.000000e-02) Pth=1.000000e-10 N=10000
(Y:3.655561e+00 X:3.333600e+00 XY:4.442204e+00 I:2.546957e+00)
0001(9982): (2.546957e+00 2.546957e+00) 6.367392e-01
(Y:3.680319e+00 X:3.333600e+00 XY:4.458393e+00 I:2.555526e+00)
0002(10016): (2.555526e+00 2.551241e+00) 6.378103e-01
(Y:3.658270e+00 X:3.333600e+00 XY:4.421268e+00 I:2.570601e+00)
0003(9999): (2.570601e+00 2.557695e+00) 6.394237e-01
(Y:3.671774e+00 X:3.333600e+00 XY:4.431063e+00 I:2.574310e+00)
0004(10030): (2.574310e+00 2.561849e+00) 6.404621e-01
(Y:3.665199e+00 X:3.333600e+00 XY:4.477801e+00 I:2.520999e+00)
0005(10008): (2.520999e+00 2.553679e+00) 6.384196e-01
(Y:3.670507e+00 X:3.333600e+00 XY:4.426139e+00 I:2.577968e+00)
0006(10014): (2.577968e+00 2.557727e+00) 6.394317e-01
(Y:3.663658e+00 X:3.333600e+00 XY:4.422332e+00 I:2.574926e+00)
0007(10019): (2.574926e+00 2.560184e+00) 6.400460e-01
(Y:3.658536e+00 X:3.333600e+00 XY:4.459771e+00 I:2.532365e+00)
0008(9990): (2.532365e+00 2.556707e+00) 6.391766e-01
(Y:3.658577e+00 X:3.333600e+00 XY:4.425290e+00 I:2.566887e+00)
0009(9974): (2.566887e+00 2.557838e+00) 6.394594e-01
(Y:3.659106e+00 X:3.333600e+00 XY:4.433041e+00 I:2.559665e+00)
0010(10040): (2.559665e+00 2.558020e+00) 6.395051e-01
# InnerCodebook: deleted
# NBIDSchannel: deleted
# Gtable: deleted
# FBalg4: deleted
