# (Pid,Ps)=(5.000000e-02,1.000000e-03) Nseg=5000 [0]
# InnerCB: ICB/marker/10_2_2.bin
# Gtable:  Gtable/2/050_001.bin
# InnerCodebook: beta=2(16) nu=6
# InnerCodebook: B(B2p)=4(16) 4(16) 4(16) 4(16) 4(16) 0(1) 
# InnerCodebook: checked CWM, EncMap, DecMap
# beta=2(16) nu=6 N=10000 Dmax=505
# B=4,4,4,4,4,0,
# NBIDSchannel: N=10000 Q=4 Dmax=505 (Pid,Ps)=(5.000000e-02,1.000000e-03)
# FBalg4: Nseg=5000 Dmax=505(w=1011)
# FBalg4: Gtable: Gtable/2/050_001.bin
# Gtable: beta=2 (Pid,Ps,Ptrn)=(5.000000e-02,1.000000e-03,9.000000e-01) Pth=1.000000e-10
# Gtable: beta4p=16 beta4pp=256
# Gtable::Gtable len=0 cnt=16
# Gtable::Gtable len=1 cnt=64
# Gtable::Gtable len=2 cnt=256
# Gtable::Gtable len=3 cnt=700
# Gtable::Gtable len=4 cnt=1072
# FBalg4: beta=2(16) (Pid,Ps)=(5.000000e-02,1.000000e-03) Pth=1.000000e-10 N=10000
(Y:3.650149e+00 X:3.333600e+00 XY:4.373724e+00 I:2.610025e+00)
0001(9981): (2.610025e+00 2.610025e+00) 6.525062e-01
(Y:3.647710e+00 X:3.333600e+00 XY:4.380610e+00 I:2.600700e+00)
0002(9996): (2.600700e+00 2.605362e+00) 6.513406e-01
(Y:3.641706e+00 X:3.333600e+00 XY:4.341112e+00 I:2.634193e+00)
0003(10003): (2.634193e+00 2.614973e+00) 6.537432e-01
(Y:3.650386e+00 X:3.333600e+00 XY:4.376033e+00 I:2.607953e+00)
0004(10027): (2.607953e+00 2.613218e+00) 6.533045e-01
(Y:3.652780e+00 X:3.333600e+00 XY:4.398359e+00 I:2.588021e+00)
0005(10011): (2.588021e+00 2.608178e+00) 6.520446e-01
(Y:3.647809e+00 X:3.333600e+00 XY:4.347186e+00 I:2.634223e+00)
0006(10011): (2.634223e+00 2.612519e+00) 6.531298e-01
(Y:3.642161e+00 X:3.333600e+00 XY:4.359089e+00 I:2.616672e+00)
0007(10002): (2.616672e+00 2.613113e+00) 6.532781e-01
(Y:3.647893e+00 X:3.333600e+00 XY:4.367162e+00 I:2.614331e+00)
0008(10001): (2.614331e+00 2.613265e+00) 6.533162e-01
(Y:3.631156e+00 X:3.333600e+00 XY:4.340807e+00 I:2.623949e+00)
0009(9970): (2.623949e+00 2.614452e+00) 6.536130e-01
(Y:3.642305e+00 X:3.333600e+00 XY:4.369144e+00 I:2.606762e+00)
0010(10032): (2.606762e+00 2.613683e+00) 6.534207e-01
# InnerCodebook: deleted
# NBIDSchannel: deleted
# Gtable: deleted
# FBalg4: deleted
