# InnerCodebook: input ICB/ex01//cb.txt
# InnerCodebook: Nu=6 Nu2p=64 numCW=18 FlgUnique=1 FlgInvertible=1 FlgBalanced=1
# InnerCodebook: Rho=3 (ell,Delta)=(10,2) L0=2
# InnerCodebook: Rst01=4 Rst10=13
# CW
# 000:001011 (2,L2,R2) WL:0 0 1 1 2 3  WR:3 3 3 2 2 1  
# 001:001101 (2,L2,R1) WL:0 0 1 2 2 3  WR:3 3 3 2 1 1  
# 002:001110 (3,L2,R1) WL:0 0 1 2 3 3  WR:3 3 3 2 1 0  
# 003:010011 (2,L1,R2) WL:0 1 1 1 2 3  WR:3 3 2 2 2 1  
# 004:010101 (1,L1,R1) WL:0 1 1 2 2 3  WR:3 3 2 2 1 1  
# 005:010110 (2,L1,R1) WL:0 1 1 2 3 3  WR:3 3 2 2 1 0  
# 006:011001 (2,L1,R1) WL:0 1 2 2 2 3  WR:3 3 2 1 1 1  
# 007:011010 (2,L1,R1) WL:0 1 2 2 3 3  WR:3 3 2 1 1 0  
# 008:011100 (3,L1,R2) WL:0 1 2 3 3 3  WR:3 3 2 1 0 0  
# 009:100011 (3,L1,R2) WL:1 1 1 1 2 3  WR:3 2 2 2 2 1  
# 010:100101 (2,L1,R1) WL:1 1 1 2 2 3  WR:3 2 2 2 1 1  
# 011:100110 (2,L1,R1) WL:1 1 1 2 3 3  WR:3 2 2 2 1 0  
# 012:101001 (2,L1,R1) WL:1 1 2 2 2 3  WR:3 2 2 1 1 1  
# 013:101010 (1,L1,R1) WL:1 1 2 2 3 3  WR:3 2 2 1 1 0  
# 014:101100 (2,L1,R2) WL:1 1 2 3 3 3  WR:3 2 2 1 0 0  
# 015:110001 (3,L2,R1) WL:1 2 2 2 2 3  WR:3 2 1 1 1 1  
# 016:110010 (2,L2,R1) WL:1 2 2 2 3 3  WR:3 2 1 1 1 0  
# 017:110100 (2,L2,R2) WL:1 2 2 3 3 3  WR:3 2 1 1 0 0  
# CWL
# 000B:1 000D:1 000E:1 0013:1 0015:1 0016:1 0019:1 001A:1 001C:1 0023:1 
# 0025:1 0026:1 0029:1 002A:1 002C:1 0031:1 0032:1 0034:1 
# CWI
# 000B:000 000D:001 000E:002 0013:003 0015:004 0016:005 0019:006 001A:007 001C:008 0023:009 
# 0025:010 0026:011 0029:012 002A:013 002C:014 0031:015 0032:016 0034:017 
# Q=18 N=50 Nu=6 Nb=300 (Pi,Pd,Ps)=(7.000000e-03,7.000000e-03,7.000000e-03) [0]
# ICB:   ICB/ex01//cb.txt
# Const: ICB/ex01//constraint.txt
# EncCM: ICB/ex01//EncCM.bin
# ChannelMatrix: ICB/ex01//EncCM.bin (18x18)
# IDSchannel: N=300 (Pi,Pd,Ps)=(7.000000e-03,7.000000e-03,7.000000e-03) (Dmin,Dmax)=(-5,5)
# SLFBAdec: Ns=50 (Nu;Nu2min,Nu2max)=(6(64);3,9) Nb=300 Q=18
# SLFBAdec: (Pi,Pd,Ps,Pt)=(7.000000e-03,7.000000e-03,7.000000e-03,9.860000e-01) (Dmin,Dmax:Drng)=(-5,5:11)
# SLFBAdec: generating GD & GX
# SLFBAdec: generating factor graph
# ChannelMatrix: M=18 N=5832
1000 11464/50000 31 2.292800e-01 : 4.081576e+00 8.965873e-01 3.184989e+00
2000 22793/100000 33 2.279300e-01 : 4.081834e+00 9.230804e-01 3.158754e+00
3000 34428/150000 33 2.295200e-01 : 4.083113e+00 9.438759e-01 3.139237e+00
4000 46223/200000 33 2.311150e-01 : 4.083244e+00 9.567030e-01 3.126541e+00
5000 57739/250000 33 2.309560e-01 : 4.083036e+00 9.614848e-01 3.121551e+00
6000 69487/300000 33 2.316233e-01 : 4.083204e+00 9.671595e-01 3.116044e+00
7000 80954/350000 33 2.312971e-01 : 4.083252e+00 9.684021e-01 3.114850e+00
8000 92731/400000 33 2.318275e-01 : 4.083159e+00 9.724826e-01 3.110676e+00
9000 104314/450000 33 2.318089e-01 : 4.082752e+00 9.736535e-01 3.109099e+00
10000 116020/500000 33 2.320400e-01 : 4.083068e+00 9.753385e-01 3.107729e+00
11000 127701/550000 33 2.321836e-01 : 4.083269e+00 9.786620e-01 3.104607e+00
12000 139167/600000 33 2.319450e-01 : 4.083369e+00 9.781891e-01 3.105179e+00
13000 150699/650000 33 2.318446e-01 : 4.083348e+00 9.785081e-01 3.104839e+00
14000 162207/700000 33 2.317243e-01 : 4.083312e+00 9.785911e-01 3.104721e+00
15000 173734/750000 33 2.316453e-01 : 4.083295e+00 9.792173e-01 3.104078e+00
16000 185329/800000 43 2.316613e-01 : 4.083509e+00 9.808196e-01 3.102690e+00
17000 196855/850000 43 2.315941e-01 : 4.083545e+00 9.810677e-01 3.102477e+00
18000 208371/900000 43 2.315233e-01 : 4.083525e+00 9.814143e-01 3.102111e+00
19000 220109/950000 43 2.316937e-01 : 4.083536e+00 9.824451e-01 3.101091e+00
20000 231563/1000000 43 2.315630e-01 : 4.083670e+00 9.818855e-01 3.101784e+00
21000 243091/1050000 43 2.315152e-01 : 4.083635e+00 9.822623e-01 3.101373e+00
22000 254609/1100000 43 2.314627e-01 : 4.083807e+00 9.825674e-01 3.101240e+00
23000 266306/1150000 43 2.315704e-01 : 4.083844e+00 9.836305e-01 3.100213e+00
24000 277845/1200000 43 2.315375e-01 : 4.083794e+00 9.841204e-01 3.099673e+00
25000 289502/1250000 43 2.316016e-01 : 4.083782e+00 9.849145e-01 3.098867e+00
26000 301108/1300000 43 2.316215e-01 : 4.083711e+00 9.852408e-01 3.098470e+00
27000 312607/1350000 43 2.315607e-01 : 4.083727e+00 9.856489e-01 3.098078e+00
28000 324072/1400000 43 2.314800e-01 : 4.083703e+00 9.854845e-01 3.098218e+00
29000 335673/1450000 46 2.314986e-01 : 4.083733e+00 9.860362e-01 3.097697e+00
30000 347374/1500000 46 2.315827e-01 : 4.083547e+00 9.868144e-01 3.096733e+00
31000 359038/1550000 46 2.316374e-01 : 4.083620e+00 9.873262e-01 3.096294e+00
32000 370695/1600000 46 2.316844e-01 : 4.083604e+00 9.875803e-01 3.096024e+00
33000 382331/1650000 46 2.317158e-01 : 4.083515e+00 9.876777e-01 3.095838e+00
34000 393994/1700000 46 2.317612e-01 : 4.083585e+00 9.881644e-01 3.095421e+00
35000 405627/1750000 46 2.317869e-01 : 4.083587e+00 9.883637e-01 3.095223e+00
36000 417236/1800000 46 2.317978e-01 : 4.083573e+00 9.886943e-01 3.094879e+00
37000 428987/1850000 46 2.318849e-01 : 4.083549e+00 9.896285e-01 3.093921e+00
38000 440440/1900000 46 2.318105e-01 : 4.083548e+00 9.896891e-01 3.093859e+00
39000 451832/1950000 46 2.317087e-01 : 4.083510e+00 9.895952e-01 3.093915e+00
40000 463463/2000000 46 2.317315e-01 : 4.083588e+00 9.896359e-01 3.093952e+00
41000 474912/2050000 46 2.316644e-01 : 4.083549e+00 9.894370e-01 3.094112e+00
42000 486544/2100000 46 2.316876e-01 : 4.083439e+00 9.896909e-01 3.093748e+00
43000 498110/2150000 46 2.316791e-01 : 4.083412e+00 9.899372e-01 3.093475e+00
44000 509696/2200000 46 2.316800e-01 : 4.083452e+00 9.902195e-01 3.093233e+00
45000 521315/2250000 46 2.316956e-01 : 4.083452e+00 9.901542e-01 3.093297e+00
46000 532869/2300000 46 2.316822e-01 : 4.083413e+00 9.901568e-01 3.093256e+00
47000 544419/2350000 46 2.316677e-01 : 4.083330e+00 9.903678e-01 3.092962e+00
48000 556031/2400000 46 2.316796e-01 : 4.083342e+00 9.907634e-01 3.092579e+00
49000 567683/2450000 46 2.317073e-01 : 4.083367e+00 9.908178e-01 3.092549e+00
50000 579298/2500000 46 2.317192e-01 : 4.083381e+00 9.909038e-01 3.092477e+00
51000 591339/2550000 46 2.318976e-01 : 4.083380e+00 9.917440e-01 3.091636e+00
52000 602968/2600000 46 2.319108e-01 : 4.083355e+00 9.920588e-01 3.091296e+00
53000 614269/2650000 46 2.317996e-01 : 4.083363e+00 9.917858e-01 3.091577e+00
54000 625684/2700000 46 2.317348e-01 : 4.083360e+00 9.916704e-01 3.091689e+00
55000 637204/2750000 46 2.317105e-01 : 4.083346e+00 9.917025e-01 3.091644e+00
56000 648446/2800000 46 2.315879e-01 : 4.083346e+00 9.910849e-01 3.092261e+00
57000 659997/2850000 46 2.315779e-01 : 4.083319e+00 9.911789e-01 3.092140e+00
58000 671515/2900000 46 2.315569e-01 : 4.083290e+00 9.912302e-01 3.092060e+00
59000 682888/2950000 46 2.314875e-01 : 4.083316e+00 9.910830e-01 3.092233e+00
60000 694502/3000000 46 2.315007e-01 : 4.083274e+00 9.912870e-01 3.091987e+00
61000 705951/3050000 46 2.314593e-01 : 4.083302e+00 9.912269e-01 3.092075e+00
62000 717413/3100000 46 2.314235e-01 : 4.083276e+00 9.910375e-01 3.092239e+00
63000 728875/3150000 46 2.313889e-01 : 4.083295e+00 9.909562e-01 3.092339e+00
64000 740430/3200000 46 2.313844e-01 : 4.083326e+00 9.911951e-01 3.092131e+00
65000 751942/3250000 46 2.313668e-01 : 4.083295e+00 9.912150e-01 3.092080e+00
66000 763200/3300000 46 2.312727e-01 : 4.083311e+00 9.908591e-01 3.092452e+00
67000 774687/3350000 46 2.312499e-01 : 4.083349e+00 9.908029e-01 3.092547e+00
68000 786406/3400000 46 2.312959e-01 : 4.083324e+00 9.908815e-01 3.092442e+00
69000 798177/3450000 46 2.313557e-01 : 4.083274e+00 9.913003e-01 3.091974e+00
70000 809781/3500000 46 2.313660e-01 : 4.083257e+00 9.914234e-01 3.091833e+00
71000 821419/3550000 46 2.313856e-01 : 4.083273e+00 9.915261e-01 3.091747e+00
72000 833019/3600000 46 2.313942e-01 : 4.083262e+00 9.917205e-01 3.091542e+00
73000 844518/3650000 46 2.313748e-01 : 4.083273e+00 9.917033e-01 3.091570e+00
74000 856149/3700000 46 2.313916e-01 : 4.083261e+00 9.919610e-01 3.091300e+00
75000 867833/3750000 46 2.314221e-01 : 4.083293e+00 9.921431e-01 3.091150e+00
76000 879509/3800000 46 2.314497e-01 : 4.083289e+00 9.922937e-01 3.090995e+00
77000 891193/3850000 46 2.314787e-01 : 4.083322e+00 9.925674e-01 3.090755e+00
78000 902760/3900000 46 2.314769e-01 : 4.083306e+00 9.925630e-01 3.090743e+00
79000 914257/3950000 46 2.314575e-01 : 4.083326e+00 9.925268e-01 3.090800e+00
80000 925749/4000000 46 2.314373e-01 : 4.083325e+00 9.925649e-01 3.090760e+00
81000 937343/4050000 46 2.314427e-01 : 4.083343e+00 9.926779e-01 3.090665e+00
82000 948788/4100000 46 2.314117e-01 : 4.083351e+00 9.925870e-01 3.090764e+00
83000 960310/4150000 46 2.314000e-01 : 4.083344e+00 9.926468e-01 3.090697e+00
84000 972012/4200000 46 2.314314e-01 : 4.083348e+00 9.928583e-01 3.090490e+00
85000 983651/4250000 46 2.314473e-01 : 4.083312e+00 9.929498e-01 3.090363e+00
86000 995243/4300000 46 2.314519e-01 : 4.083324e+00 9.929280e-01 3.090396e+00
87000 1006947/4350000 46 2.314821e-01 : 4.083299e+00 9.931546e-01 3.090144e+00
88000 1018495/4400000 46 2.314761e-01 : 4.083288e+00 9.931240e-01 3.090164e+00
89000 1029934/4450000 46 2.314458e-01 : 4.083307e+00 9.930290e-01 3.090278e+00
90000 1041573/4500000 46 2.314607e-01 : 4.083294e+00 9.929838e-01 3.090310e+00
91000 1053021/4550000 46 2.314332e-01 : 4.083320e+00 9.929564e-01 3.090364e+00
92000 1064661/4600000 46 2.314480e-01 : 4.083335e+00 9.930849e-01 3.090250e+00
93000 1076055/4650000 46 2.314097e-01 : 4.083324e+00 9.930068e-01 3.090317e+00
94000 1087701/4700000 46 2.314257e-01 : 4.083302e+00 9.931346e-01 3.090168e+00
95000 1099310/4750000 46 2.314337e-01 : 4.083268e+00 9.932552e-01 3.090013e+00
96000 1110944/4800000 46 2.314467e-01 : 4.083280e+00 9.933862e-01 3.089894e+00
97000 1122483/4850000 46 2.314398e-01 : 4.083297e+00 9.934200e-01 3.089877e+00
98000 1133926/4900000 46 2.314135e-01 : 4.083306e+00 9.934072e-01 3.089899e+00
99000 1145559/4950000 46 2.314261e-01 : 4.083295e+00 9.933681e-01 3.089927e+00
100000 1157141/5000000 46 2.314282e-01 : 4.083271e+00 9.934061e-01 3.089865e+00
=== 最終統計結果 ===
総シンボル数: 5000000 個
総エラー数: 1157141 個
シンボルエラー率: 0.231428 (23.14%)
1ブロック内最大エラー数: 46 個
実行イテレーション数: 100000 回
1イテレーションあたりのシンボル数: 50 個
平均エラー数/イテレーション: 11.57 個
========================
# InnerCodebook: deleted
# ChannelMatrix: deleted
# IDSchannel: deleted
# SLFBAdec: deleted
# ChannelMatrix: deleted
