# (Pid,Ps)=(2.000000e-02,1.000000e-03) Nseg=1000 WinSize=10 [0]
# InnerCB: ICB/marker/4_1_0.bin
# Gtable:  Gtable/1/020_001.bin
# InnerCodebook: beta=1(4) nu=5
# InnerCodebook: B(B2p)=2(4) 2(4) 2(4) 2(4) 0(1) 
# InnerCodebook: checked CWM, EncMap, DecMap
# beta=1(4) nu=5 N=1000 Dmax=25
# B=2,2,2,2,0,
# NBIDSchannel: N=1000 Q=4 Dmax=25 (Pid,Ps)=(2.000000e-02,1.000000e-03)
# FBalg4: Nseg=1000 Dmax=25(w=51)
# FBalg4: Gtable: Gtable/1/020_001.bin
# Gtable: beta=1 (Pid,Ps,Ptrn)=(2.000000e-02,1.000000e-03,9.600000e-01) Pth=1.000000e-10
# Gtable: beta4p=4 beta4pp=16
# Gtable::Gtable len=0 cnt=4
# Gtable::Gtable len=1 cnt=16
# Gtable::Gtable len=2 cnt=64
# FBalg4: beta=1(4) (Pid,Ps)=(2.000000e-02,1.000000e-03) Pth=1.000000e-10 N=1000
# StatICB: nu=5 beta=1 beta4p=4 Bsum=8 HdThNum=20 HdThStep=5.00e-02
# StatICB: B=2,2,2,2,0,
# StatICB: HdThList 9.50e-01,9.00e-01,8.50e-01,8.00e-01,7.50e-01,7.00e-01,6.50e-01,6.00e-01,5.50e-01,5.00e-01,4.50e-01,4.00e-01,3.50e-01,3.00e-01,2.50e-01,2.00e-01,1.50e-01,1.00e-01,5.00e-02,1.00e-10,
1290(995) (3.50e-01 3.41e-01) XE:1.70e-01 (1.35e+00 1.33e+00 | 2.42e+00 2.73e+00)
2612(1002) (2.94e-01 3.41e-01) XE:1.70e-01 (1.37e+00 1.33e+00 | 3.05e+00 2.73e+00)
3932(992) (2.08e-01 3.39e-01) XE:1.70e-01 (1.35e+00 1.33e+00 | 2.25e+00 2.73e+00)
5254(1001) (2.77e-01 3.41e-01) XE:1.70e-01 (1.34e+00 1.33e+00 | 2.68e+00 2.73e+00)
6575(1000) (3.02e-01 3.40e-01) XE:1.70e-01 (1.32e+00 1.33e+00 | 2.78e+00 2.73e+00)
7896(996) (3.89e-01 3.41e-01) XE:1.70e-01 (1.28e+00 1.33e+00 | 2.61e+00 2.73e+00)
9216(1004) (3.44e-01 3.40e-01) XE:1.70e-01 (1.30e+00 1.33e+00 | 2.44e+00 2.73e+00)
10000(1006) (3.10e-01 3.41e-01) XE:1.70e-01 (1.32e+00 1.33e+00 | 2.69e+00 2.73e+00)
RL cnt: 0,5622420,1405166,350007,93136,13072,6548,2442,807,218,60,35,7,5,1,0,
BL cnt: 38407,0,307400,0,1079392,0,2170955,0,2712745,0,2166957,0,1085766,0,309190,0,39188,0,0,0,0,
[00] Th=9.500000e-01: 1.382521e+00 1.343301e+00 1.343422e+00 1.382940e+00 0.000000e+00 : 6.815230e-01
[01] Th=9.000000e-01: 1.479501e+00 1.440429e+00 1.440244e+00 1.480222e+00 0.000000e+00 : 7.300495e-01
[02] Th=8.500000e-01: 1.523201e+00 1.472515e+00 1.472694e+00 1.523438e+00 0.000000e+00 : 7.489810e-01
[03] Th=8.000000e-01: 1.539809e+00 1.494600e+00 1.495014e+00 1.540784e+00 0.000000e+00 : 7.587760e-01
[04] Th=7.500000e-01: 1.561993e+00 1.508054e+00 1.508143e+00 1.561741e+00 0.000000e+00 : 7.674914e-01
[05] Th=7.000000e-01: 1.566592e+00 1.512199e+00 1.512602e+00 1.566853e+00 0.000000e+00 : 7.697808e-01
[06] Th=6.500000e-01: 1.564595e+00 1.508899e+00 1.509867e+00 1.565596e+00 0.000000e+00 : 7.686196e-01
[07] Th=6.000000e-01: 1.561834e+00 1.505336e+00 1.505803e+00 1.562743e+00 0.000000e+00 : 7.669645e-01
[08] Th=5.500000e-01: 1.554099e+00 1.488673e+00 1.489315e+00 1.555134e+00 0.000000e+00 : 7.609026e-01
[09] Th=5.000000e-01: 1.537812e+00 1.471893e+00 1.472459e+00 1.538228e+00 0.000000e+00 : 7.525489e-01
[10] Th=4.500000e-01: 1.533463e+00 1.465425e+00 1.466016e+00 1.533854e+00 0.000000e+00 : 7.498450e-01
[11] Th=4.000000e-01: 1.532173e+00 1.463218e+00 1.463709e+00 1.532528e+00 0.000000e+00 : 7.489535e-01
[12] Th=3.500000e-01: 1.531404e+00 1.461575e+00 1.462116e+00 1.531726e+00 0.000000e+00 : 7.483527e-01
[13] Th=3.000000e-01: 1.531319e+00 1.461238e+00 1.461741e+00 1.531616e+00 0.000000e+00 : 7.482392e-01
[14] Th=2.500000e-01: 1.531316e+00 1.461232e+00 1.461727e+00 1.531608e+00 0.000000e+00 : 7.482353e-01
[15] Th=2.000000e-01: 1.531316e+00 1.461232e+00 1.461727e+00 1.531608e+00 0.000000e+00 : 7.482353e-01
[16] Th=1.500000e-01: 1.531316e+00 1.461232e+00 1.461727e+00 1.531608e+00 0.000000e+00 : 7.482353e-01
[17] Th=1.000000e-01: 1.531316e+00 1.461232e+00 1.461727e+00 1.531608e+00 0.000000e+00 : 7.482353e-01
[18] Th=5.000000e-02: 1.531316e+00 1.461232e+00 1.461727e+00 1.531608e+00 0.000000e+00 : 7.482353e-01
[19] Th=1.000000e-10: 1.531316e+00 1.461232e+00 1.461727e+00 1.531608e+00 0.000000e+00 : 7.482353e-01
# InnerCodebook: deleted
# NBIDSchannel: deleted
# Gtable: deleted
# FBalg4: deleted
# StatICB: deleted
