# (Pid,Ps)=(4.000000e-02,1.000000e-02) Nseg=1000 WinSize=10 [0]
# InnerCB: ICB/marker/4_1_0.bin
# Gtable:  Gtable/1/040_010.bin
# InnerCodebook: beta=1(4) nu=5
# InnerCodebook: B(B2p)=2(4) 2(4) 2(4) 2(4) 0(1) 
# InnerCodebook: checked CWM, EncMap, DecMap
# beta=1(4) nu=5 N=1000 Dmax=45
# B=2,2,2,2,0,
# NBIDSchannel: N=1000 Q=4 Dmax=45 (Pid,Ps)=(4.000000e-02,1.000000e-02)
# FBalg4: Nseg=1000 Dmax=45(w=91)
# FBalg4: Gtable: Gtable/1/040_010.bin
# Gtable: beta=1 (Pid,Ps,Ptrn)=(4.000000e-02,1.000000e-02,9.200000e-01) Pth=1.000000e-10
# Gtable: beta4p=4 beta4pp=16
# Gtable::Gtable len=0 cnt=4
# Gtable::Gtable len=1 cnt=16
# Gtable::Gtable len=2 cnt=64
# FBalg4: beta=1(4) (Pid,Ps)=(4.000000e-02,1.000000e-02) Pth=1.000000e-10 N=1000
# StatICB: nu=5 beta=1 beta4p=4 Bsum=8 HdThNum=20 HdThStep=5.00e-02
# StatICB: B=2,2,2,2,0,
# StatICB: HdThList 9.50e-01,9.00e-01,8.50e-01,8.00e-01,7.50e-01,7.00e-01,6.50e-01,6.00e-01,5.50e-01,5.00e-01,4.50e-01,4.00e-01,3.50e-01,3.00e-01,2.50e-01,2.00e-01,1.50e-01,1.00e-01,5.00e-02,1.00e-10,
0390(989) (8.51e-01 9.30e-01) XE:4.65e-01 (1.36e+00 1.33e+00 | 3.36e+00 2.75e+00)
0792(997) (9.96e-01 9.39e-01) XE:4.70e-01 (1.37e+00 1.33e+00 | 3.14e+00 2.74e+00)
1193(993) (7.49e-01 9.37e-01) XE:4.68e-01 (1.30e+00 1.33e+00 | 2.68e+00 2.73e+00)
1594(1009) (1.14e+00 9.42e-01) XE:4.71e-01 (1.32e+00 1.33e+00 | 2.69e+00 2.73e+00)
1996(994) (6.12e-01 9.41e-01) XE:4.70e-01 (1.34e+00 1.33e+00 | 2.85e+00 2.73e+00)
2397(989) (1.40e+00 9.43e-01) XE:4.71e-01 (1.38e+00 1.33e+00 | 2.98e+00 2.73e+00)
2798(992) (1.08e+00 9.48e-01) XE:4.74e-01 (1.33e+00 1.33e+00 | 2.82e+00 2.73e+00)
3200(1002) (7.18e-01 9.46e-01) XE:4.73e-01 (1.38e+00 1.33e+00 | 2.82e+00 2.73e+00)
3601(1007) (1.20e+00 9.44e-01) XE:4.72e-01 (1.29e+00 1.33e+00 | 2.65e+00 2.73e+00)
4003(1000) (8.38e-01 9.43e-01) XE:4.72e-01 (1.32e+00 1.33e+00 | 2.66e+00 2.73e+00)
4404(1002) (8.46e-01 9.42e-01) XE:4.71e-01 (1.35e+00 1.33e+00 | 2.51e+00 2.73e+00)
4805(1006) (1.06e+00 9.44e-01) XE:4.72e-01 (1.31e+00 1.33e+00 | 2.73e+00 2.73e+00)
5207(998) (1.04e+00 9.42e-01) XE:4.71e-01 (1.33e+00 1.33e+00 | 2.94e+00 2.73e+00)
5608(992) (8.09e-01 9.43e-01) XE:4.71e-01 (1.33e+00 1.33e+00 | 2.93e+00 2.73e+00)
6009(1008) (6.01e-01 9.43e-01) XE:4.72e-01 (1.34e+00 1.33e+00 | 2.69e+00 2.74e+00)
6409(1001) (1.08e+00 9.43e-01) XE:4.72e-01 (1.34e+00 1.33e+00 | 3.03e+00 2.73e+00)
6810(994) (1.14e+00 9.44e-01) XE:4.72e-01 (1.29e+00 1.33e+00 | 2.57e+00 2.73e+00)
7211(1004) (1.25e+00 9.44e-01) XE:4.72e-01 (1.33e+00 1.33e+00 | 2.86e+00 2.74e+00)
7613(984) (2.11e+00 9.44e-01) XE:4.72e-01 (1.32e+00 1.33e+00 | 2.92e+00 2.74e+00)
8014(995) (8.27e-01 9.43e-01) XE:4.71e-01 (1.37e+00 1.33e+00 | 2.61e+00 2.73e+00)
8415(994) (1.11e+00 9.43e-01) XE:4.72e-01 (1.30e+00 1.33e+00 | 2.83e+00 2.73e+00)
8817(1004) (7.80e-01 9.42e-01) XE:4.71e-01 (1.31e+00 1.33e+00 | 2.84e+00 2.73e+00)
9218(1004) (9.40e-01 9.43e-01) XE:4.71e-01 (1.31e+00 1.33e+00 | 2.50e+00 2.74e+00)
9619(1005) (5.51e-01 9.43e-01) XE:4.71e-01 (1.34e+00 1.33e+00 | 2.68e+00 2.74e+00)
10000(1001) (5.16e-01 9.43e-01) XE:4.71e-01 (1.32e+00 1.33e+00 | 2.46e+00 2.73e+00)
RL cnt: 0,5622285,1402223,351084,93431,13187,6628,2443,828,273,50,36,9,1,2,0,
BL cnt: 38769,0,310411,0,1083779,0,2168713,0,2712163,0,2167416,0,1082329,0,308025,0,38395,0,0,0,0,
[00] Th=9.500000e-01: 2.806903e-01 2.298420e-01 2.284107e-01 2.792232e-01 0.000000e+00 : 1.272708e-01
[01] Th=9.000000e-01: 4.602405e-01 4.298777e-01 4.284522e-01 4.593418e-01 0.000000e+00 : 2.222390e-01
[02] Th=8.500000e-01: 5.816862e-01 5.445031e-01 5.444130e-01 5.810153e-01 0.000000e+00 : 2.814522e-01
[03] Th=8.000000e-01: 6.634552e-01 6.208816e-01 6.208959e-01 6.627435e-01 0.000000e+00 : 3.209970e-01
[04] Th=7.500000e-01: 7.262272e-01 6.768711e-01 6.764571e-01 7.249868e-01 0.000000e+00 : 3.505678e-01
[05] Th=7.000000e-01: 7.700784e-01 7.189681e-01 7.181431e-01 7.688590e-01 0.000000e+00 : 3.720061e-01
[06] Th=6.500000e-01: 7.985045e-01 7.473856e-01 7.467220e-01 7.973999e-01 0.000000e+00 : 3.862515e-01
[07] Th=6.000000e-01: 8.181128e-01 7.681159e-01 7.679260e-01 8.172221e-01 0.000000e+00 : 3.964221e-01
[08] Th=5.500000e-01: 8.285720e-01 7.789112e-01 7.791283e-01 8.270678e-01 0.000000e+00 : 4.017099e-01
[09] Th=5.000000e-01: 8.277797e-01 7.793454e-01 7.798098e-01 8.258271e-01 0.000000e+00 : 4.015952e-01
[10] Th=4.500000e-01: 8.216694e-01 7.730118e-01 7.731094e-01 8.195240e-01 0.000000e+00 : 3.984143e-01
[11] Th=4.000000e-01: 8.160197e-01 7.662847e-01 7.666455e-01 8.141573e-01 0.000000e+00 : 3.953884e-01
[12] Th=3.500000e-01: 8.120210e-01 7.603451e-01 7.608151e-01 8.100741e-01 0.000000e+00 : 3.929069e-01
[13] Th=3.000000e-01: 8.107595e-01 7.582967e-01 7.586340e-01 8.088593e-01 0.000000e+00 : 3.920687e-01
[14] Th=2.500000e-01: 8.106552e-01 7.581013e-01 7.584396e-01 8.087485e-01 0.000000e+00 : 3.919931e-01
[15] Th=2.000000e-01: 8.106552e-01 7.581013e-01 7.584396e-01 8.087485e-01 0.000000e+00 : 3.919931e-01
[16] Th=1.500000e-01: 8.106552e-01 7.581013e-01 7.584396e-01 8.087485e-01 0.000000e+00 : 3.919931e-01
[17] Th=1.000000e-01: 8.106552e-01 7.581013e-01 7.584396e-01 8.087485e-01 0.000000e+00 : 3.919931e-01
[18] Th=5.000000e-02: 8.106552e-01 7.581013e-01 7.584396e-01 8.087485e-01 0.000000e+00 : 3.919931e-01
[19] Th=1.000000e-10: 8.106552e-01 7.581013e-01 7.584396e-01 8.087485e-01 0.000000e+00 : 3.919931e-01
# InnerCodebook: deleted
# NBIDSchannel: deleted
# Gtable: deleted
# FBalg4: deleted
# StatICB: deleted
