# (Pid,Ps)=(5.000000e-02,1.000000e-02) Nseg=1000 WinSize=10 [0]
# InnerCB: ICB/marker/4_1_0.bin
# Gtable:  Gtable/1/050_010.bin
# InnerCodebook: beta=1(4) nu=5
# InnerCodebook: B(B2p)=2(4) 2(4) 2(4) 2(4) 0(1) 
# InnerCodebook: checked CWM, EncMap, DecMap
# beta=1(4) nu=5 N=1000 Dmax=55
# B=2,2,2,2,0,
# NBIDSchannel: N=1000 Q=4 Dmax=55 (Pid,Ps)=(5.000000e-02,1.000000e-02)
# FBalg4: Nseg=1000 Dmax=55(w=111)
# FBalg4: Gtable: Gtable/1/050_010.bin
# Gtable: beta=1 (Pid,Ps,Ptrn)=(5.000000e-02,1.000000e-02,9.000000e-01) Pth=1.000000e-10
# Gtable: beta4p=4 beta4pp=16
# Gtable::Gtable len=0 cnt=4
# Gtable::Gtable len=1 cnt=16
# Gtable::Gtable len=2 cnt=64
# FBalg4: beta=1(4) (Pid,Ps)=(5.000000e-02,1.000000e-02) Pth=1.000000e-10 N=1000
# StatICB: nu=5 beta=1 beta4p=4 Bsum=8 HdThNum=20 HdThStep=5.00e-02
# StatICB: B=2,2,2,2,0,
# StatICB: HdThList 9.50e-01,9.00e-01,8.50e-01,8.00e-01,7.50e-01,7.00e-01,6.50e-01,6.00e-01,5.50e-01,5.00e-01,4.50e-01,4.00e-01,3.50e-01,3.00e-01,2.50e-01,2.00e-01,1.50e-01,1.00e-01,5.00e-02,1.00e-10,
0276(1003) (1.01e+00 1.16e+00) XE:5.80e-01 (1.36e+00 1.33e+00 | 3.26e+00 2.71e+00)
0554(1001) (2.30e+00 1.15e+00) XE:5.74e-01 (1.32e+00 1.33e+00 | 2.80e+00 2.73e+00)
0832(985) (1.29e+00 1.14e+00) XE:5.71e-01 (1.29e+00 1.33e+00 | 2.48e+00 2.73e+00)
1110(996) (1.05e+00 1.14e+00) XE:5.72e-01 (1.40e+00 1.33e+00 | 3.03e+00 2.73e+00)
1390(1003) (1.21e+00 1.14e+00) XE:5.72e-01 (1.36e+00 1.33e+00 | 3.16e+00 2.73e+00)
1669(987) (1.31e+00 1.14e+00) XE:5.72e-01 (1.33e+00 1.33e+00 | 2.83e+00 2.73e+00)
1948(1003) (1.29e+00 1.14e+00) XE:5.71e-01 (1.36e+00 1.33e+00 | 2.48e+00 2.73e+00)
2228(1004) (1.66e+00 1.14e+00) XE:5.70e-01 (1.33e+00 1.33e+00 | 2.84e+00 2.73e+00)
2506(992) (1.40e+00 1.14e+00) XE:5.70e-01 (1.31e+00 1.33e+00 | 3.01e+00 2.73e+00)
2783(1008) (1.02e+00 1.14e+00) XE:5.69e-01 (1.32e+00 1.33e+00 | 2.77e+00 2.73e+00)
3061(994) (1.08e+00 1.14e+00) XE:5.69e-01 (1.31e+00 1.33e+00 | 2.66e+00 2.73e+00)
3338(990) (1.28e+00 1.14e+00) XE:5.69e-01 (1.32e+00 1.33e+00 | 2.58e+00 2.73e+00)
3616(1011) (1.44e+00 1.14e+00) XE:5.69e-01 (1.36e+00 1.33e+00 | 2.82e+00 2.73e+00)
3893(998) (1.11e+00 1.14e+00) XE:5.69e-01 (1.32e+00 1.33e+00 | 2.77e+00 2.73e+00)
4171(1002) (1.15e+00 1.14e+00) XE:5.68e-01 (1.37e+00 1.33e+00 | 2.79e+00 2.73e+00)
4448(1014) (8.97e-01 1.14e+00) XE:5.69e-01 (1.34e+00 1.33e+00 | 2.67e+00 2.73e+00)
4725(998) (1.22e+00 1.14e+00) XE:5.69e-01 (1.30e+00 1.33e+00 | 2.48e+00 2.73e+00)
5001(1013) (1.17e+00 1.14e+00) XE:5.68e-01 (1.31e+00 1.33e+00 | 2.59e+00 2.73e+00)
5279(998) (1.73e+00 1.14e+00) XE:5.68e-01 (1.34e+00 1.33e+00 | 2.75e+00 2.73e+00)
5556(1012) (9.91e-01 1.14e+00) XE:5.69e-01 (1.32e+00 1.33e+00 | 2.82e+00 2.73e+00)
5834(1013) (9.30e-01 1.14e+00) XE:5.69e-01 (1.37e+00 1.33e+00 | 2.84e+00 2.73e+00)
6112(996) (1.21e+00 1.14e+00) XE:5.68e-01 (1.35e+00 1.33e+00 | 2.74e+00 2.73e+00)
6389(988) (1.18e+00 1.14e+00) XE:5.68e-01 (1.36e+00 1.33e+00 | 2.76e+00 2.73e+00)
6667(990) (9.91e-01 1.14e+00) XE:5.69e-01 (1.33e+00 1.33e+00 | 2.52e+00 2.73e+00)
6945(1003) (1.40e+00 1.14e+00) XE:5.69e-01 (1.32e+00 1.33e+00 | 2.55e+00 2.73e+00)
7222(995) (1.05e+00 1.14e+00) XE:5.69e-01 (1.31e+00 1.33e+00 | 2.85e+00 2.73e+00)
7500(993) (8.98e-01 1.14e+00) XE:5.68e-01 (1.37e+00 1.33e+00 | 2.77e+00 2.73e+00)
7778(998) (1.19e+00 1.14e+00) XE:5.68e-01 (1.36e+00 1.33e+00 | 2.51e+00 2.73e+00)
8055(1004) (1.21e+00 1.14e+00) XE:5.69e-01 (1.35e+00 1.33e+00 | 3.01e+00 2.73e+00)
8333(992) (1.11e+00 1.14e+00) XE:5.68e-01 (1.34e+00 1.33e+00 | 2.60e+00 2.73e+00)
8610(995) (1.43e+00 1.14e+00) XE:5.68e-01 (1.36e+00 1.33e+00 | 2.84e+00 2.73e+00)
8888(984) (9.17e-01 1.14e+00) XE:5.68e-01 (1.31e+00 1.33e+00 | 2.75e+00 2.73e+00)
9165(1003) (1.15e+00 1.14e+00) XE:5.68e-01 (1.33e+00 1.33e+00 | 2.79e+00 2.73e+00)
9443(991) (1.13e+00 1.14e+00) XE:5.68e-01 (1.35e+00 1.33e+00 | 2.86e+00 2.73e+00)
9720(992) (1.39e+00 1.14e+00) XE:5.68e-01 (1.32e+00 1.33e+00 | 3.04e+00 2.73e+00)
9998(994) (1.30e+00 1.14e+00) XE:5.68e-01 (1.34e+00 1.33e+00 | 2.61e+00 2.73e+00)
10000(1018) (7.11e-01 1.14e+00) XE:5.68e-01 (1.31e+00 1.33e+00 | 2.68e+00 2.73e+00)
RL cnt: 0,5621592,1404102,350106,93075,13210,6804,2472,831,261,53,27,11,1,1,1,
BL cnt: 38812,0,307929,0,1082407,0,2167611,0,2711590,0,2168872,0,1084723,0,309217,0,38839,0,0,0,0,
[00] Th=9.500000e-01: 1.361713e-01 9.797587e-02 9.738705e-02 1.349645e-01 0.000000e+00 : 5.831234e-02
[01] Th=9.000000e-01: 2.523953e-01 2.201468e-01 2.205498e-01 2.522165e-01 0.000000e+00 : 1.181636e-01
[02] Th=8.500000e-01: 3.438644e-01 3.120613e-01 3.127549e-01 3.433143e-01 0.000000e+00 : 1.639994e-01
[03] Th=8.000000e-01: 4.188608e-01 3.822228e-01 3.829336e-01 4.188529e-01 0.000000e+00 : 2.003588e-01
[04] Th=7.500000e-01: 4.828804e-01 4.394861e-01 4.390036e-01 4.820547e-01 0.000000e+00 : 2.304281e-01
[05] Th=7.000000e-01: 5.314102e-01 4.846624e-01 4.844178e-01 5.297652e-01 0.000000e+00 : 2.537820e-01
[06] Th=6.500000e-01: 5.662708e-01 5.196356e-01 5.197398e-01 5.650511e-01 0.000000e+00 : 2.713372e-01
[07] Th=6.000000e-01: 5.923639e-01 5.468247e-01 5.473753e-01 5.912281e-01 0.000000e+00 : 2.847240e-01
[08] Th=5.500000e-01: 6.089095e-01 5.642908e-01 5.649970e-01 6.079195e-01 0.000000e+00 : 2.932646e-01
[09] Th=5.000000e-01: 6.178592e-01 5.745065e-01 5.749598e-01 6.163842e-01 0.000000e+00 : 2.979637e-01
[10] Th=4.500000e-01: 6.166390e-01 5.739338e-01 5.750791e-01 6.149055e-01 0.000000e+00 : 2.975697e-01
[11] Th=4.000000e-01: 6.107375e-01 5.682802e-01 5.691232e-01 6.091185e-01 0.000000e+00 : 2.946574e-01
[12] Th=3.500000e-01: 6.055109e-01 5.618868e-01 5.625315e-01 6.038381e-01 0.000000e+00 : 2.917209e-01
[13] Th=3.000000e-01: 6.035954e-01 5.589059e-01 5.595066e-01 6.017961e-01 0.000000e+00 : 2.904755e-01
[14] Th=2.500000e-01: 6.033670e-01 5.585362e-01 5.590912e-01 6.015202e-01 0.000000e+00 : 2.903143e-01
[15] Th=2.000000e-01: 6.033670e-01 5.585362e-01 5.590912e-01 6.015202e-01 0.000000e+00 : 2.903143e-01
[16] Th=1.500000e-01: 6.033670e-01 5.585362e-01 5.590912e-01 6.015202e-01 0.000000e+00 : 2.903143e-01
[17] Th=1.000000e-01: 6.033670e-01 5.585362e-01 5.590912e-01 6.015202e-01 0.000000e+00 : 2.903143e-01
[18] Th=5.000000e-02: 6.033670e-01 5.585362e-01 5.590912e-01 6.015202e-01 0.000000e+00 : 2.903143e-01
[19] Th=1.000000e-10: 6.033670e-01 5.585362e-01 5.590912e-01 6.015202e-01 0.000000e+00 : 2.903143e-01
# InnerCodebook: deleted
# NBIDSchannel: deleted
# Gtable: deleted
# FBalg4: deleted
# StatICB: deleted
