# (Pid,Ps)=(1.500000e-02,1.000000e-03) Nseg=500 WinSize=10 [0]
# InnerCB: ICB/marker/8_2_2.bin
# Gtable:  Gtable/2/015_001.bin
# InnerCodebook: beta=2(16) nu=5
# InnerCodebook: B(B2p)=4(16) 4(16) 4(16) 4(16) 0(1) 
# InnerCodebook: checked CWM, EncMap, DecMap
# beta=2(16) nu=5 N=1000 Dmax=20
# B=4,4,4,4,0,
# NBIDSchannel: N=1000 Q=4 Dmax=20 (Pid,Ps)=(1.500000e-02,1.000000e-03)
# FBalg4: Nseg=500 Dmax=20(w=41)
# FBalg4: Gtable: Gtable/2/015_001.bin
# Gtable: beta=2 (Pid,Ps,Ptrn)=(1.500000e-02,1.000000e-03,9.700000e-01) Pth=1.000000e-10
# Gtable: beta4p=16 beta4pp=256
# Gtable::Gtable len=0 cnt=16
# Gtable::Gtable len=1 cnt=64
# Gtable::Gtable len=2 cnt=256
# Gtable::Gtable len=3 cnt=700
# Gtable::Gtable len=4 cnt=208
# FBalg4: beta=2(16) (Pid,Ps)=(1.500000e-02,1.000000e-03) Pth=1.000000e-10 N=1000
# StatICB: nu=5 beta=2 beta4p=16 Bsum=16 HdThNum=20 HdThStep=5.00e-02
# StatICB: B=4,4,4,4,0,
# StatICB: HdThList 9.50e-01,9.00e-01,8.50e-01,8.00e-01,7.50e-01,7.00e-01,6.50e-01,6.00e-01,5.50e-01,5.00e-01,4.50e-01,4.00e-01,3.50e-01,3.00e-01,2.50e-01,2.00e-01,1.50e-01,1.00e-01,5.00e-02,1.00e-10,
1358(995) (4.13e-01 4.22e-01) XE:1.06e-01 (1.30e+00 1.29e+00 | 2.11e+00 2.19e+00)
2829(997) (4.23e-01 4.21e-01) XE:1.05e-01 (1.27e+00 1.29e+00 | 2.22e+00 2.19e+00)
4301(1003) (4.38e-01 4.21e-01) XE:1.05e-01 (1.32e+00 1.29e+00 | 2.19e+00 2.19e+00)
5772(993) (4.71e-01 4.19e-01) XE:1.05e-01 (1.30e+00 1.29e+00 | 2.18e+00 2.19e+00)
7242(1004) (2.99e-01 4.19e-01) XE:1.05e-01 (1.28e+00 1.29e+00 | 2.43e+00 2.19e+00)
8712(1006) (4.02e-01 4.18e-01) XE:1.05e-01 (1.32e+00 1.29e+00 | 2.27e+00 2.19e+00)
10000(1002) (3.62e-01 4.19e-01) XE:1.05e-01 (1.28e+00 1.29e+00 | 2.15e+00 2.19e+00)
RL cnt: 0,5992722,1358805,304218,67279,14616,3131,655,137,39,0,0,0,0,0,0,
BL cnt: 0,0,38522,0,309689,0,1081448,0,2169188,0,2711504,0,2168807,0,1083673,0,308819,0,38350,0,0,
[00] Th=9.500000e-01: 3.229635e+00 3.091260e+00 3.089737e+00 3.227241e+00 0.000000e+00 : 7.898670e-01
[01] Th=9.000000e-01: 3.246149e+00 3.106406e+00 3.104806e+00 3.244357e+00 0.000000e+00 : 7.938574e-01
[02] Th=8.500000e-01: 3.255512e+00 3.112042e+00 3.110643e+00 3.253986e+00 0.000000e+00 : 7.957614e-01
[03] Th=8.000000e-01: 3.279333e+00 3.132398e+00 3.131192e+00 3.277948e+00 0.000000e+00 : 8.013045e-01
[04] Th=7.500000e-01: 3.472498e+00 3.145014e+00 3.143848e+00 3.472330e+00 0.000000e+00 : 8.271056e-01
[05] Th=7.000000e-01: 3.504429e+00 3.168172e+00 3.167984e+00 3.504851e+00 0.000000e+00 : 8.340897e-01
[06] Th=6.500000e-01: 3.529870e+00 3.202396e+00 3.202865e+00 3.530367e+00 0.000000e+00 : 8.415936e-01
[07] Th=6.000000e-01: 3.533426e+00 3.206832e+00 3.206717e+00 3.533927e+00 0.000000e+00 : 8.425564e-01
[08] Th=5.500000e-01: 3.538239e+00 3.232453e+00 3.231522e+00 3.539002e+00 0.000000e+00 : 8.463260e-01
[09] Th=5.000000e-01: 3.542129e+00 3.277611e+00 3.275060e+00 3.542812e+00 0.000000e+00 : 8.523508e-01
[10] Th=4.500000e-01: 3.545850e+00 3.295178e+00 3.292117e+00 3.546077e+00 0.000000e+00 : 8.549514e-01
[11] Th=4.000000e-01: 3.545578e+00 3.295031e+00 3.292108e+00 3.545751e+00 0.000000e+00 : 8.549043e-01
[12] Th=3.500000e-01: 3.545339e+00 3.294447e+00 3.291603e+00 3.545572e+00 0.000000e+00 : 8.548100e-01
[13] Th=3.000000e-01: 3.545219e+00 3.290973e+00 3.288210e+00 3.545478e+00 0.000000e+00 : 8.543675e-01
[14] Th=2.500000e-01: 3.545207e+00 3.290664e+00 3.287959e+00 3.545472e+00 0.000000e+00 : 8.543314e-01
[15] Th=2.000000e-01: 3.545195e+00 3.290512e+00 3.287826e+00 3.545458e+00 0.000000e+00 : 8.543120e-01
[16] Th=1.500000e-01: 3.545195e+00 3.290484e+00 3.287808e+00 3.545458e+00 0.000000e+00 : 8.543091e-01
[17] Th=1.000000e-01: 3.545195e+00 3.290484e+00 3.287808e+00 3.545458e+00 0.000000e+00 : 8.543091e-01
[18] Th=5.000000e-02: 3.545195e+00 3.290484e+00 3.287808e+00 3.545458e+00 0.000000e+00 : 8.543091e-01
[19] Th=1.000000e-10: 3.545195e+00 3.290484e+00 3.287808e+00 3.545458e+00 0.000000e+00 : 8.543091e-01
# InnerCodebook: deleted
# NBIDSchannel: deleted
# Gtable: deleted
# FBalg4: deleted
# StatICB: deleted
