# (Pid,Ps)=(2.000000e-02,1.000000e-02) Nseg=500 WinSize=10 [0]
# InnerCB: ICB/marker/8_2_2.bin
# Gtable:  Gtable/2/020_010.bin
# InnerCodebook: beta=2(16) nu=5
# InnerCodebook: B(B2p)=4(16) 4(16) 4(16) 4(16) 0(1) 
# InnerCodebook: checked CWM, EncMap, DecMap
# beta=2(16) nu=5 N=1000 Dmax=25
# B=4,4,4,4,0,
# NBIDSchannel: N=1000 Q=4 Dmax=25 (Pid,Ps)=(2.000000e-02,1.000000e-02)
# FBalg4: Nseg=500 Dmax=25(w=51)
# FBalg4: Gtable: Gtable/2/020_010.bin
# Gtable: beta=2 (Pid,Ps,Ptrn)=(2.000000e-02,1.000000e-02,9.600000e-01) Pth=1.000000e-10
# Gtable: beta4p=16 beta4pp=256
# Gtable::Gtable len=0 cnt=16
# Gtable::Gtable len=1 cnt=64
# Gtable::Gtable len=2 cnt=256
# Gtable::Gtable len=3 cnt=1024
# Gtable::Gtable len=4 cnt=1072
# FBalg4: beta=2(16) (Pid,Ps)=(2.000000e-02,1.000000e-02) Pth=1.000000e-10 N=1000
# StatICB: nu=5 beta=2 beta4p=16 Bsum=16 HdThNum=20 HdThStep=5.00e-02
# StatICB: B=4,4,4,4,0,
# StatICB: HdThList 9.50e-01,9.00e-01,8.50e-01,8.00e-01,7.50e-01,7.00e-01,6.50e-01,6.00e-01,5.50e-01,5.00e-01,4.50e-01,4.00e-01,3.50e-01,3.00e-01,2.50e-01,2.00e-01,1.50e-01,1.00e-01,5.00e-02,1.00e-10,
1110(1003) (6.81e-01 7.09e-01) XE:1.77e-01 (1.26e+00 1.29e+00 | 1.93e+00 2.19e+00)
2246(999) (8.89e-01 7.09e-01) XE:1.77e-01 (1.29e+00 1.29e+00 | 2.06e+00 2.19e+00)
3384(995) (9.73e-01 7.08e-01) XE:1.77e-01 (1.29e+00 1.29e+00 | 2.01e+00 2.19e+00)
4521(1002) (7.47e-01 7.08e-01) XE:1.77e-01 (1.29e+00 1.29e+00 | 2.15e+00 2.19e+00)
5659(993) (8.59e-01 7.07e-01) XE:1.77e-01 (1.32e+00 1.29e+00 | 2.17e+00 2.19e+00)
6797(1003) (9.88e-01 7.07e-01) XE:1.77e-01 (1.28e+00 1.29e+00 | 2.30e+00 2.19e+00)
7905(998) (5.52e-01 7.06e-01) XE:1.77e-01 (1.31e+00 1.29e+00 | 2.05e+00 2.19e+00)
8992(994) (7.30e-01 7.06e-01) XE:1.77e-01 (1.30e+00 1.29e+00 | 2.10e+00 2.19e+00)
10000(1005) (5.58e-01 7.06e-01) XE:1.77e-01 (1.30e+00 1.29e+00 | 2.23e+00 2.19e+00)
RL cnt: 0,5992045,1360248,303626,67331,14512,3104,682,123,35,0,0,0,0,0,0,
BL cnt: 0,0,39007,0,309627,0,1083827,0,2166377,0,2710306,0,2165873,0,1084377,0,311672,0,38934,0,0,
[00] Th=9.500000e-01: 2.688862e+00 2.273296e+00 2.274526e+00 2.690405e+00 0.000000e+00 : 6.204431e-01
[01] Th=9.000000e-01: 2.817534e+00 2.639208e+00 2.640671e+00 2.819720e+00 0.000000e+00 : 6.823208e-01
[02] Th=8.500000e-01: 2.866287e+00 2.696089e+00 2.698638e+00 2.869321e+00 0.000000e+00 : 6.956459e-01
[03] Th=8.000000e-01: 2.899009e+00 2.725230e+00 2.727723e+00 2.901207e+00 0.000000e+00 : 7.033230e-01
[04] Th=7.500000e-01: 3.005738e+00 2.754538e+00 2.758395e+00 3.006161e+00 0.000000e+00 : 7.203021e-01
[05] Th=7.000000e-01: 3.193603e+00 2.791682e+00 2.795512e+00 3.195578e+00 0.000000e+00 : 7.485234e-01
[06] Th=6.500000e-01: 3.227061e+00 2.815286e+00 2.818836e+00 3.228713e+00 0.000000e+00 : 7.556185e-01
[07] Th=6.000000e-01: 3.244566e+00 2.850185e+00 2.855313e+00 3.246742e+00 0.000000e+00 : 7.623004e-01
[08] Th=5.500000e-01: 3.256013e+00 2.869331e+00 2.873503e+00 3.257382e+00 0.000000e+00 : 7.660143e-01
[09] Th=5.000000e-01: 3.262233e+00 2.957314e+00 2.959503e+00 3.263726e+00 0.000000e+00 : 7.776735e-01
[10] Th=4.500000e-01: 3.273486e+00 2.985345e+00 2.986934e+00 3.274149e+00 0.000000e+00 : 7.824946e-01
[11] Th=4.000000e-01: 3.273072e+00 2.986292e+00 2.987708e+00 3.273676e+00 0.000000e+00 : 7.825468e-01
[12] Th=3.500000e-01: 3.272697e+00 2.985850e+00 2.987545e+00 3.273276e+00 0.000000e+00 : 7.824606e-01
[13] Th=3.000000e-01: 3.272475e+00 2.983612e+00 2.985174e+00 3.272929e+00 0.000000e+00 : 7.821369e-01
[14] Th=2.500000e-01: 3.272451e+00 2.983092e+00 2.984715e+00 3.272891e+00 0.000000e+00 : 7.820717e-01
[15] Th=2.000000e-01: 3.272431e+00 2.982828e+00 2.984489e+00 3.272881e+00 0.000000e+00 : 7.820392e-01
[16] Th=1.500000e-01: 3.272431e+00 2.982803e+00 2.984452e+00 3.272880e+00 0.000000e+00 : 7.820354e-01
[17] Th=1.000000e-01: 3.272431e+00 2.982803e+00 2.984452e+00 3.272880e+00 0.000000e+00 : 7.820354e-01
[18] Th=5.000000e-02: 3.272431e+00 2.982803e+00 2.984452e+00 3.272880e+00 0.000000e+00 : 7.820354e-01
[19] Th=1.000000e-10: 3.272431e+00 2.982803e+00 2.984452e+00 3.272880e+00 0.000000e+00 : 7.820354e-01
# InnerCodebook: deleted
# NBIDSchannel: deleted
# Gtable: deleted
# FBalg4: deleted
# StatICB: deleted
