# (Pid,Ps)=(5.000000e-02,1.000000e-03) Nseg=500 WinSize=10 [0]
# InnerCB: ICB/marker/8_2_2.bin
# Gtable:  Gtable/2/050_001.bin
# InnerCodebook: beta=2(16) nu=5
# InnerCodebook: B(B2p)=4(16) 4(16) 4(16) 4(16) 0(1) 
# InnerCodebook: checked CWM, EncMap, DecMap
# beta=2(16) nu=5 N=1000 Dmax=55
# B=4,4,4,4,0,
# NBIDSchannel: N=1000 Q=4 Dmax=55 (Pid,Ps)=(5.000000e-02,1.000000e-03)
# FBalg4: Nseg=500 Dmax=55(w=111)
# FBalg4: Gtable: Gtable/2/050_001.bin
# Gtable: beta=2 (Pid,Ps,Ptrn)=(5.000000e-02,1.000000e-03,9.000000e-01) Pth=1.000000e-10
# Gtable: beta4p=16 beta4pp=256
# Gtable::Gtable len=0 cnt=16
# Gtable::Gtable len=1 cnt=64
# Gtable::Gtable len=2 cnt=256
# Gtable::Gtable len=3 cnt=700
# Gtable::Gtable len=4 cnt=1072
# FBalg4: beta=2(16) (Pid,Ps)=(5.000000e-02,1.000000e-03) Pth=1.000000e-10 N=1000
# StatICB: nu=5 beta=2 beta4p=16 Bsum=16 HdThNum=20 HdThStep=5.00e-02
# StatICB: B=4,4,4,4,0,
# StatICB: HdThList 9.50e-01,9.00e-01,8.50e-01,8.00e-01,7.50e-01,7.00e-01,6.50e-01,6.00e-01,5.50e-01,5.00e-01,4.50e-01,4.00e-01,3.50e-01,3.00e-01,2.50e-01,2.00e-01,1.50e-01,1.00e-01,5.00e-02,1.00e-10,
0345(991) (1.24e+00 1.22e+00) XE:3.04e-01 (1.33e+00 1.29e+00 | 2.19e+00 2.19e+00)
0699(1002) (1.18e+00 1.22e+00) XE:3.04e-01 (1.26e+00 1.29e+00 | 2.13e+00 2.18e+00)
1052(988) (1.34e+00 1.22e+00) XE:3.04e-01 (1.26e+00 1.29e+00 | 2.17e+00 2.19e+00)
1406(1001) (1.39e+00 1.22e+00) XE:3.04e-01 (1.27e+00 1.29e+00 | 1.93e+00 2.19e+00)
1759(989) (1.46e+00 1.22e+00) XE:3.05e-01 (1.27e+00 1.29e+00 | 2.08e+00 2.19e+00)
2112(985) (1.25e+00 1.22e+00) XE:3.04e-01 (1.28e+00 1.29e+00 | 2.07e+00 2.18e+00)
2465(1008) (1.23e+00 1.22e+00) XE:3.04e-01 (1.26e+00 1.29e+00 | 2.19e+00 2.19e+00)
2819(1000) (1.41e+00 1.22e+00) XE:3.04e-01 (1.30e+00 1.29e+00 | 2.19e+00 2.19e+00)
3172(1012) (1.12e+00 1.22e+00) XE:3.04e-01 (1.31e+00 1.29e+00 | 2.32e+00 2.19e+00)
3526(1017) (1.18e+00 1.22e+00) XE:3.04e-01 (1.26e+00 1.29e+00 | 2.23e+00 2.19e+00)
3879(1001) (1.29e+00 1.22e+00) XE:3.04e-01 (1.28e+00 1.29e+00 | 2.08e+00 2.19e+00)
4233(998) (1.13e+00 1.22e+00) XE:3.04e-01 (1.27e+00 1.29e+00 | 2.10e+00 2.19e+00)
4586(1003) (9.24e-01 1.22e+00) XE:3.04e-01 (1.31e+00 1.29e+00 | 2.06e+00 2.19e+00)
4939(1008) (1.20e+00 1.21e+00) XE:3.04e-01 (1.31e+00 1.29e+00 | 2.41e+00 2.19e+00)
5292(997) (1.09e+00 1.22e+00) XE:3.04e-01 (1.28e+00 1.29e+00 | 2.16e+00 2.19e+00)
5646(1005) (1.22e+00 1.21e+00) XE:3.04e-01 (1.29e+00 1.29e+00 | 2.29e+00 2.19e+00)
5999(1015) (1.13e+00 1.21e+00) XE:3.03e-01 (1.29e+00 1.29e+00 | 2.19e+00 2.19e+00)
6352(1009) (1.39e+00 1.21e+00) XE:3.03e-01 (1.27e+00 1.29e+00 | 2.13e+00 2.19e+00)
6705(1013) (1.09e+00 1.21e+00) XE:3.03e-01 (1.30e+00 1.29e+00 | 2.21e+00 2.19e+00)
7058(987) (1.38e+00 1.21e+00) XE:3.03e-01 (1.29e+00 1.29e+00 | 2.16e+00 2.19e+00)
7411(1007) (1.37e+00 1.21e+00) XE:3.03e-01 (1.31e+00 1.29e+00 | 2.24e+00 2.19e+00)
7764(998) (1.16e+00 1.21e+00) XE:3.03e-01 (1.29e+00 1.29e+00 | 2.25e+00 2.19e+00)
8117(1004) (1.14e+00 1.21e+00) XE:3.03e-01 (1.27e+00 1.29e+00 | 2.16e+00 2.19e+00)
8471(978) (1.21e+00 1.21e+00) XE:3.03e-01 (1.29e+00 1.29e+00 | 2.25e+00 2.19e+00)
8823(1006) (1.12e+00 1.21e+00) XE:3.03e-01 (1.23e+00 1.29e+00 | 2.19e+00 2.19e+00)
9177(1012) (1.20e+00 1.21e+00) XE:3.03e-01 (1.27e+00 1.29e+00 | 1.98e+00 2.19e+00)
9530(979) (1.30e+00 1.21e+00) XE:3.03e-01 (1.28e+00 1.29e+00 | 2.19e+00 2.19e+00)
9886(1010) (1.20e+00 1.21e+00) XE:3.03e-01 (1.30e+00 1.29e+00 | 2.20e+00 2.19e+00)
10000(990) (1.44e+00 1.21e+00) XE:3.03e-01 (1.28e+00 1.29e+00 | 2.01e+00 2.19e+00)
RL cnt: 0,5994511,1357265,304357,67330,14787,3124,652,133,29,0,0,0,0,0,0,
BL cnt: 0,0,38625,0,310080,0,1080317,0,2164104,0,2711556,0,2170972,0,1084568,0,310723,0,39055,0,0,
[00] Th=9.500000e-01: 1.059502e+00 4.516741e-01 4.520717e-01 1.055257e+00 0.000000e+00 : 1.886566e-01
[01] Th=9.000000e-01: 1.537127e+00 8.288850e-01 8.279056e-01 1.530411e+00 0.000000e+00 : 2.952705e-01
[02] Th=8.500000e-01: 1.907299e+00 1.308309e+00 1.305567e+00 1.902319e+00 0.000000e+00 : 4.014684e-01
[03] Th=8.000000e-01: 2.029390e+00 1.583364e+00 1.581870e+00 2.024498e+00 0.000000e+00 : 4.511951e-01
[04] Th=7.500000e-01: 2.233089e+00 1.704178e+00 1.702384e+00 2.226472e+00 0.000000e+00 : 4.916327e-01
[05] Th=7.000000e-01: 2.506090e+00 1.793353e+00 1.791625e+00 2.501464e+00 0.000000e+00 : 5.370332e-01
[06] Th=6.500000e-01: 2.587524e+00 1.851371e+00 1.849689e+00 2.585265e+00 0.000000e+00 : 5.546155e-01
[07] Th=6.000000e-01: 2.666153e+00 1.945963e+00 1.945100e+00 2.664362e+00 0.000000e+00 : 5.763486e-01
[08] Th=5.500000e-01: 2.706417e+00 1.993867e+00 1.992596e+00 2.705132e+00 0.000000e+00 : 5.873757e-01
[09] Th=5.000000e-01: 2.758716e+00 2.168241e+00 2.165877e+00 2.758111e+00 0.000000e+00 : 6.156841e-01
[10] Th=4.500000e-01: 2.771567e+00 2.271765e+00 2.270127e+00 2.771384e+00 0.000000e+00 : 6.303026e-01
[11] Th=4.000000e-01: 2.772598e+00 2.283632e+00 2.282782e+00 2.773102e+00 0.000000e+00 : 6.320072e-01
[12] Th=3.500000e-01: 2.772180e+00 2.289440e+00 2.288583e+00 2.772814e+00 0.000000e+00 : 6.326886e-01
[13] Th=3.000000e-01: 2.771221e+00 2.291229e+00 2.290838e+00 2.771677e+00 0.000000e+00 : 6.328103e-01
[14] Th=2.500000e-01: 2.770410e+00 2.288823e+00 2.288745e+00 2.770950e+00 0.000000e+00 : 6.324330e-01
[15] Th=2.000000e-01: 2.770274e+00 2.287882e+00 2.287709e+00 2.770764e+00 0.000000e+00 : 6.322893e-01
[16] Th=1.500000e-01: 2.770263e+00 2.287764e+00 2.287558e+00 2.770749e+00 0.000000e+00 : 6.322709e-01
[17] Th=1.000000e-01: 2.770263e+00 2.287755e+00 2.287534e+00 2.770749e+00 0.000000e+00 : 6.322688e-01
[18] Th=5.000000e-02: 2.770263e+00 2.287755e+00 2.287534e+00 2.770749e+00 0.000000e+00 : 6.322688e-01
[19] Th=1.000000e-10: 2.770263e+00 2.287755e+00 2.287534e+00 2.770749e+00 0.000000e+00 : 6.322688e-01
# InnerCodebook: deleted
# NBIDSchannel: deleted
# Gtable: deleted
# FBalg4: deleted
# StatICB: deleted
