# (Pid,Ps)=(3.500000e-02,1.000000e-03) Nseg=200 WinSize=10 [0]
# InnerCB: ICB/1/5_08_2.bin
# Gtable:  Gtable/5/035_001.bin
# InnerCodebook: beta=5(1024) nu=2
# InnerCodebook: B(B2p)=8(256) 8(256) 
# InnerCodebook: checked CWM, EncMap, DecMap
# beta=5(1024) N=1000 Dmax=40
# NBIDSchannel: N=1000 Q=4 Dmax=40 (Pid,Ps)=(3.500000e-02,1.000000e-03)
# FBalg4: Nseg=200 Dmax=40(w=81)
# FBalg4: Gtable: Gtable/5/035_001.bin
# Gtable: beta=5 (Pid,Ps,Ptrn)=(3.500000e-02,1.000000e-03,9.300000e-01) Pth=1.000000e-10
# Gtable: beta4p=1024 beta4pp=1048576
# Gtable::Gtable len=0 cnt=1024
# Gtable::Gtable len=1 cnt=4096
# Gtable::Gtable len=2 cnt=14548
# Gtable::Gtable len=3 cnt=60508
# Gtable::Gtable len=4 cnt=146476
# Gtable::Gtable len=5 cnt=451540
# Gtable::Gtable len=6 cnt=449452
# Gtable::Gtable len=7 cnt=905716
# Gtable::Gtable len=8 cnt=146464
# Gtable::Gtable len=9 cnt=100348
# Gtable::Gtable len=10 cnt=1024
# FBalg4: beta=5(1024) (Pid,Ps)=(3.500000e-02,1.000000e-03) Pth=1.000000e-10 N=1000
0024(996) (2.73e+00 2.46e+00) XE:2.46e-01 (1.19e+00 1.21e+00 | 6.80e-01 6.74e-01)
0049(1004) (2.21e+00 2.41e+00) XE:2.41e-01 (1.19e+00 1.21e+00 | 6.80e-01 6.80e-01)
0073(1005) (2.33e+00 2.38e+00) XE:2.38e-01 (1.19e+00 1.21e+00 | 6.96e-01 6.77e-01)
0097(1005) (1.90e+00 2.34e+00) XE:2.34e-01 (1.23e+00 1.21e+00 | 6.74e-01 6.79e-01)
0121(982) (2.32e+00 2.34e+00) XE:2.34e-01 (1.21e+00 1.21e+00 | 7.00e-01 6.76e-01)
0146(1018) (3.10e+00 2.34e+00) XE:2.34e-01 (1.20e+00 1.21e+00 | 6.20e-01 6.75e-01)
0170(987) (2.35e+00 2.36e+00) XE:2.36e-01 (1.22e+00 1.21e+00 | 6.90e-01 6.74e-01)
0194(1000) (2.56e+00 2.37e+00) XE:2.37e-01 (1.20e+00 1.21e+00 | 6.05e-01 6.73e-01)
0219(1003) (2.47e+00 2.37e+00) XE:2.37e-01 (1.24e+00 1.21e+00 | 6.50e-01 6.73e-01)
0243(986) (2.44e+00 2.37e+00) XE:2.37e-01 (1.20e+00 1.21e+00 | 6.86e-01 6.73e-01)
0268(994) (2.35e+00 2.37e+00) XE:2.37e-01 (1.18e+00 1.21e+00 | 6.66e-01 6.73e-01)
0292(998) (2.43e+00 2.38e+00) XE:2.38e-01 (1.21e+00 1.21e+00 | 6.80e-01 6.73e-01)
0316(1017) (2.77e+00 2.38e+00) XE:2.38e-01 (1.21e+00 1.21e+00 | 6.62e-01 6.72e-01)
0341(995) (2.61e+00 2.38e+00) XE:2.38e-01 (1.20e+00 1.20e+00 | 6.74e-01 6.72e-01)
0365(995) (2.77e+00 2.39e+00) XE:2.39e-01 (1.19e+00 1.20e+00 | 7.06e-01 6.72e-01)
0389(997) (2.34e+00 2.39e+00) XE:2.39e-01 (1.21e+00 1.21e+00 | 7.18e-01 6.72e-01)
0414(998) (2.25e+00 2.39e+00) XE:2.39e-01 (1.22e+00 1.20e+00 | 6.68e-01 6.72e-01)
0438(998) (2.62e+00 2.39e+00) XE:2.39e-01 (1.22e+00 1.20e+00 | 6.28e-01 6.71e-01)
0462(995) (2.65e+00 2.39e+00) XE:2.39e-01 (1.21e+00 1.20e+00 | 6.90e-01 6.72e-01)
0487(998) (2.20e+00 2.39e+00) XE:2.39e-01 (1.21e+00 1.21e+00 | 6.70e-01 6.71e-01)
0511(1004) (1.78e+00 2.39e+00) XE:2.39e-01 (1.20e+00 1.21e+00 | 6.78e-01 6.72e-01)
0535(988) (2.03e+00 2.39e+00) XE:2.39e-01 (1.22e+00 1.21e+00 | 6.32e-01 6.71e-01)
0560(1015) (2.11e+00 2.39e+00) XE:2.39e-01 (1.20e+00 1.21e+00 | 6.05e-01 6.71e-01)
0584(1007) (2.16e+00 2.40e+00) XE:2.40e-01 (1.19e+00 1.21e+00 | 6.22e-01 6.71e-01)
0609(995) (2.67e+00 2.40e+00) XE:2.40e-01 (1.20e+00 1.21e+00 | 6.64e-01 6.72e-01)
0633(990) (2.22e+00 2.40e+00) XE:2.40e-01 (1.19e+00 1.21e+00 | 6.64e-01 6.72e-01)
0657(1010) (2.42e+00 2.40e+00) XE:2.40e-01 (1.20e+00 1.20e+00 | 7.10e-01 6.72e-01)
0682(1000) (2.32e+00 2.40e+00) XE:2.40e-01 (1.21e+00 1.21e+00 | 6.16e-01 6.72e-01)
0706(1005) (2.20e+00 2.40e+00) XE:2.40e-01 (1.19e+00 1.21e+00 | 6.26e-01 6.72e-01)
0730(998) (2.51e+00 2.40e+00) XE:2.40e-01 (1.18e+00 1.20e+00 | 6.68e-01 6.72e-01)
0755(1003) (2.28e+00 2.40e+00) XE:2.40e-01 (1.21e+00 1.20e+00 | 6.68e-01 6.71e-01)
0779(990) (2.09e+00 2.39e+00) XE:2.39e-01 (1.23e+00 1.20e+00 | 6.44e-01 6.71e-01)
0803(1013) (2.10e+00 2.39e+00) XE:2.39e-01 (1.21e+00 1.20e+00 | 7.12e-01 6.71e-01)
0828(987) (2.08e+00 2.39e+00) XE:2.39e-01 (1.21e+00 1.20e+00 | 6.66e-01 6.71e-01)
0852(996) (2.41e+00 2.39e+00) XE:2.39e-01 (1.22e+00 1.20e+00 | 7.00e-01 6.71e-01)
0877(995) (2.20e+00 2.39e+00) XE:2.39e-01 (1.21e+00 1.21e+00 | 6.34e-01 6.71e-01)
0901(993) (2.45e+00 2.39e+00) XE:2.39e-01 (1.18e+00 1.20e+00 | 6.56e-01 6.71e-01)
0925(995) (3.06e+00 2.39e+00) XE:2.39e-01 (1.19e+00 1.21e+00 | 6.64e-01 6.71e-01)
0949(1004) (2.79e+00 2.39e+00) XE:2.39e-01 (1.22e+00 1.21e+00 | 6.96e-01 6.72e-01)
0974(1005) (2.40e+00 2.40e+00) XE:2.40e-01 (1.17e+00 1.21e+00 | 7.12e-01 6.72e-01)
0998(999) (1.96e+00 2.40e+00) XE:2.40e-01 (1.20e+00 1.21e+00 | 7.10e-01 6.72e-01)
1023(994) (2.74e+00 2.40e+00) XE:2.40e-01 (1.21e+00 1.21e+00 | 6.12e-01 6.72e-01)
1047(1003) (2.44e+00 2.40e+00) XE:2.40e-01 (1.20e+00 1.21e+00 | 6.78e-01 6.72e-01)
1071(1003) (2.54e+00 2.40e+00) XE:2.40e-01 (1.20e+00 1.21e+00 | 6.50e-01 6.72e-01)
1096(989) (2.71e+00 2.41e+00) XE:2.41e-01 (1.22e+00 1.21e+00 | 7.04e-01 6.72e-01)
1120(994) (2.22e+00 2.40e+00) XE:2.40e-01 (1.20e+00 1.21e+00 | 7.06e-01 6.72e-01)
1144(998) (1.98e+00 2.41e+00) XE:2.41e-01 (1.22e+00 1.21e+00 | 6.80e-01 6.72e-01)
1169(1000) (1.71e+00 2.41e+00) XE:2.41e-01 (1.23e+00 1.21e+00 | 6.82e-01 6.72e-01)
1193(1007) (1.85e+00 2.40e+00) XE:2.40e-01 (1.23e+00 1.21e+00 | 6.50e-01 6.72e-01)
1217(1004) (2.26e+00 2.40e+00) XE:2.40e-01 (1.22e+00 1.21e+00 | 6.64e-01 6.72e-01)
1242(999) (1.84e+00 2.41e+00) XE:2.41e-01 (1.21e+00 1.21e+00 | 6.58e-01 6.72e-01)
1266(1000) (2.92e+00 2.41e+00) XE:2.41e-01 (1.21e+00 1.21e+00 | 6.72e-01 6.72e-01)
1290(992) (2.35e+00 2.41e+00) XE:2.41e-01 (1.22e+00 1.21e+00 | 6.54e-01 6.72e-01)
1315(1005) (2.21e+00 2.40e+00) XE:2.40e-01 (1.21e+00 1.21e+00 | 6.44e-01 6.73e-01)
1339(992) (2.80e+00 2.41e+00) XE:2.41e-01 (1.22e+00 1.21e+00 | 6.70e-01 6.73e-01)
1363(994) (2.45e+00 2.41e+00) XE:2.41e-01 (1.21e+00 1.21e+00 | 6.86e-01 6.73e-01)
1388(1007) (2.41e+00 2.40e+00) XE:2.40e-01 (1.19e+00 1.21e+00 | 6.78e-01 6.73e-01)
1412(998) (2.15e+00 2.40e+00) XE:2.40e-01 (1.23e+00 1.21e+00 | 6.68e-01 6.73e-01)
1436(999) (2.57e+00 2.40e+00) XE:2.40e-01 (1.22e+00 1.21e+00 | 6.64e-01 6.73e-01)
1460(992) (2.30e+00 2.40e+00) XE:2.40e-01 (1.22e+00 1.21e+00 | 6.74e-01 6.73e-01)
1485(998) (2.08e+00 2.40e+00) XE:2.40e-01 (1.21e+00 1.21e+00 | 6.68e-01 6.73e-01)
1509(999) (2.66e+00 2.40e+00) XE:2.40e-01 (1.19e+00 1.21e+00 | 6.12e-01 6.73e-01)
1533(998) (2.02e+00 2.40e+00) XE:2.40e-01 (1.19e+00 1.21e+00 | 7.00e-01 6.73e-01)
1558(992) (2.20e+00 2.41e+00) XE:2.41e-01 (1.22e+00 1.21e+00 | 6.66e-01 6.73e-01)
1582(995) (2.61e+00 2.40e+00) XE:2.40e-01 (1.19e+00 1.21e+00 | 6.24e-01 6.72e-01)
1606(1015) (1.68e+00 2.40e+00) XE:2.40e-01 (1.19e+00 1.21e+00 | 7.02e-01 6.72e-01)
1631(999) (2.40e+00 2.40e+00) XE:2.40e-01 (1.23e+00 1.21e+00 | 6.84e-01 6.73e-01)
1655(1008) (2.60e+00 2.40e+00) XE:2.40e-01 (1.20e+00 1.21e+00 | 6.62e-01 6.73e-01)
1679(999) (2.58e+00 2.40e+00) XE:2.40e-01 (1.20e+00 1.21e+00 | 6.50e-01 6.73e-01)
1704(1008) (2.48e+00 2.40e+00) XE:2.40e-01 (1.19e+00 1.21e+00 | 6.74e-01 6.73e-01)
1728(992) (2.57e+00 2.40e+00) XE:2.40e-01 (1.22e+00 1.21e+00 | 6.48e-01 6.73e-01)
1752(991) (2.44e+00 2.40e+00) XE:2.40e-01 (1.19e+00 1.21e+00 | 6.96e-01 6.73e-01)
1776(1000) (3.37e+00 2.40e+00) XE:2.40e-01 (1.21e+00 1.21e+00 | 6.78e-01 6.73e-01)
1801(1015) (2.63e+00 2.40e+00) XE:2.40e-01 (1.19e+00 1.21e+00 | 6.01e-01 6.73e-01)
1825(999) (2.41e+00 2.40e+00) XE:2.40e-01 (1.23e+00 1.21e+00 | 6.38e-01 6.73e-01)
1849(981) (2.46e+00 2.40e+00) XE:2.40e-01 (1.21e+00 1.21e+00 | 6.88e-01 6.73e-01)
1873(1010) (2.05e+00 2.40e+00) XE:2.40e-01 (1.22e+00 1.21e+00 | 6.82e-01 6.73e-01)
1898(999) (2.23e+00 2.40e+00) XE:2.40e-01 (1.20e+00 1.21e+00 | 6.66e-01 6.73e-01)
1922(1007) (2.00e+00 2.40e+00) XE:2.40e-01 (1.20e+00 1.21e+00 | 6.94e-01 6.73e-01)
1946(1002) (2.86e+00 2.40e+00) XE:2.40e-01 (1.19e+00 1.21e+00 | 6.38e-01 6.73e-01)
1970(1008) (2.60e+00 2.41e+00) XE:2.41e-01 (1.21e+00 1.21e+00 | 7.06e-01 6.73e-01)
1995(1003) (1.85e+00 2.40e+00) XE:2.40e-01 (1.22e+00 1.21e+00 | 7.02e-01 6.73e-01)
2019(997) (2.31e+00 2.40e+00) XE:2.40e-01 (1.21e+00 1.21e+00 | 6.52e-01 6.74e-01)
2043(1009) (2.33e+00 2.40e+00) XE:2.40e-01 (1.22e+00 1.21e+00 | 6.44e-01 6.74e-01)
2068(1010) (2.04e+00 2.40e+00) XE:2.40e-01 (1.22e+00 1.21e+00 | 6.92e-01 6.74e-01)
2092(1014) (2.23e+00 2.40e+00) XE:2.40e-01 (1.22e+00 1.21e+00 | 6.80e-01 6.74e-01)
2116(1009) (2.20e+00 2.40e+00) XE:2.40e-01 (1.22e+00 1.21e+00 | 6.32e-01 6.74e-01)
2140(991) (2.25e+00 2.40e+00) XE:2.40e-01 (1.19e+00 1.21e+00 | 6.92e-01 6.74e-01)
2165(998) (2.42e+00 2.40e+00) XE:2.40e-01 (1.23e+00 1.21e+00 | 7.20e-01 6.74e-01)
2189(1009) (1.41e+00 2.40e+00) XE:2.40e-01 (1.23e+00 1.21e+00 | 7.04e-01 6.74e-01)
2213(995) (2.43e+00 2.40e+00) XE:2.40e-01 (1.24e+00 1.21e+00 | 6.42e-01 6.74e-01)
2238(995) (2.81e+00 2.40e+00) XE:2.40e-01 (1.19e+00 1.21e+00 | 6.72e-01 6.74e-01)
2262(991) (3.01e+00 2.40e+00) XE:2.40e-01 (1.20e+00 1.21e+00 | 6.96e-01 6.74e-01)
2286(1001) (2.54e+00 2.40e+00) XE:2.40e-01 (1.21e+00 1.21e+00 | 6.60e-01 6.74e-01)
2310(999) (2.16e+00 2.40e+00) XE:2.40e-01 (1.20e+00 1.21e+00 | 7.25e-01 6.74e-01)
2335(998) (2.34e+00 2.40e+00) XE:2.40e-01 (1.20e+00 1.21e+00 | 6.72e-01 6.74e-01)
2359(1002) (2.29e+00 2.40e+00) XE:2.40e-01 (1.18e+00 1.21e+00 | 6.68e-01 6.74e-01)
2383(982) (2.28e+00 2.40e+00) XE:2.40e-01 (1.20e+00 1.21e+00 | 6.14e-01 6.74e-01)
2407(1000) (2.59e+00 2.40e+00) XE:2.40e-01 (1.20e+00 1.21e+00 | 7.00e-01 6.74e-01)
2432(998) (2.27e+00 2.40e+00) XE:2.40e-01 (1.20e+00 1.21e+00 | 6.64e-01 6.74e-01)
2456(1000) (2.21e+00 2.40e+00) XE:2.40e-01 (1.20e+00 1.21e+00 | 6.68e-01 6.74e-01)
2480(995) (2.51e+00 2.40e+00) XE:2.40e-01 (1.20e+00 1.21e+00 | 6.58e-01 6.74e-01)
2505(990) (1.94e+00 2.40e+00) XE:2.40e-01 (1.18e+00 1.21e+00 | 6.52e-01 6.74e-01)
2529(1005) (2.25e+00 2.40e+00) XE:2.40e-01 (1.23e+00 1.21e+00 | 6.90e-01 6.74e-01)
2553(1003) (2.36e+00 2.40e+00) XE:2.40e-01 (1.22e+00 1.21e+00 | 7.14e-01 6.74e-01)
2578(1009) (2.10e+00 2.39e+00) XE:2.39e-01 (1.21e+00 1.21e+00 | 6.40e-01 6.74e-01)
2602(985) (2.32e+00 2.39e+00) XE:2.39e-01 (1.22e+00 1.21e+00 | 6.54e-01 6.74e-01)
2626(1012) (1.75e+00 2.39e+00) XE:2.39e-01 (1.24e+00 1.21e+00 | 6.66e-01 6.74e-01)
2650(1009) (2.83e+00 2.39e+00) XE:2.39e-01 (1.21e+00 1.21e+00 | 6.36e-01 6.74e-01)
2675(1018) (1.95e+00 2.39e+00) XE:2.39e-01 (1.19e+00 1.21e+00 | 6.62e-01 6.74e-01)
2699(1009) (2.40e+00 2.39e+00) XE:2.39e-01 (1.23e+00 1.21e+00 | 6.60e-01 6.74e-01)
2723(1001) (2.60e+00 2.39e+00) XE:2.39e-01 (1.22e+00 1.21e+00 | 6.62e-01 6.74e-01)
2747(1003) (2.57e+00 2.39e+00) XE:2.39e-01 (1.18e+00 1.21e+00 | 7.20e-01 6.74e-01)
2772(1004) (2.03e+00 2.39e+00) XE:2.39e-01 (1.23e+00 1.21e+00 | 6.64e-01 6.74e-01)
2796(989) (2.82e+00 2.39e+00) XE:2.39e-01 (1.22e+00 1.21e+00 | 6.70e-01 6.74e-01)
2820(991) (2.22e+00 2.39e+00) XE:2.39e-01 (1.19e+00 1.21e+00 | 6.98e-01 6.74e-01)
2845(990) (2.13e+00 2.39e+00) XE:2.39e-01 (1.20e+00 1.21e+00 | 7.02e-01 6.74e-01)
2869(1003) (2.55e+00 2.39e+00) XE:2.39e-01 (1.22e+00 1.21e+00 | 6.76e-01 6.74e-01)
2893(1004) (2.13e+00 2.39e+00) XE:2.39e-01 (1.21e+00 1.21e+00 | 6.70e-01 6.74e-01)
2918(1014) (2.17e+00 2.39e+00) XE:2.39e-01 (1.20e+00 1.21e+00 | 7.00e-01 6.74e-01)
2942(999) (1.63e+00 2.39e+00) XE:2.39e-01 (1.21e+00 1.21e+00 | 6.92e-01 6.74e-01)
2966(1008) (2.14e+00 2.39e+00) XE:2.39e-01 (1.19e+00 1.21e+00 | 6.78e-01 6.74e-01)
2991(988) (2.49e+00 2.39e+00) XE:2.39e-01 (1.22e+00 1.21e+00 | 7.00e-01 6.74e-01)
3015(1001) (2.44e+00 2.39e+00) XE:2.39e-01 (1.21e+00 1.21e+00 | 6.76e-01 6.74e-01)
3039(1003) (2.93e+00 2.39e+00) XE:2.39e-01 (1.19e+00 1.21e+00 | 6.28e-01 6.74e-01)
3063(1013) (2.73e+00 2.39e+00) XE:2.39e-01 (1.21e+00 1.21e+00 | 6.82e-01 6.74e-01)
3088(994) (2.40e+00 2.39e+00) XE:2.39e-01 (1.24e+00 1.21e+00 | 6.68e-01 6.74e-01)
3112(986) (2.49e+00 2.39e+00) XE:2.39e-01 (1.21e+00 1.21e+00 | 6.30e-01 6.74e-01)
3136(995) (2.32e+00 2.39e+00) XE:2.39e-01 (1.21e+00 1.21e+00 | 6.50e-01 6.74e-01)
3161(1003) (1.57e+00 2.39e+00) XE:2.39e-01 (1.20e+00 1.21e+00 | 6.86e-01 6.74e-01)
3185(1008) (2.34e+00 2.39e+00) XE:2.39e-01 (1.21e+00 1.21e+00 | 6.86e-01 6.74e-01)
3209(988) (2.84e+00 2.39e+00) XE:2.39e-01 (1.19e+00 1.21e+00 | 6.66e-01 6.74e-01)
3234(1000) (3.50e+00 2.39e+00) XE:2.39e-01 (1.20e+00 1.21e+00 | 6.62e-01 6.74e-01)
3258(999) (2.09e+00 2.39e+00) XE:2.39e-01 (1.19e+00 1.21e+00 | 6.82e-01 6.74e-01)
3282(994) (2.22e+00 2.39e+00) XE:2.39e-01 (1.22e+00 1.21e+00 | 7.16e-01 6.74e-01)
3307(994) (2.24e+00 2.39e+00) XE:2.39e-01 (1.19e+00 1.21e+00 | 7.08e-01 6.74e-01)
3331(1000) (2.73e+00 2.39e+00) XE:2.39e-01 (1.20e+00 1.21e+00 | 6.96e-01 6.74e-01)
3356(990) (2.51e+00 2.39e+00) XE:2.39e-01 (1.21e+00 1.21e+00 | 7.35e-01 6.74e-01)
3380(1002) (2.22e+00 2.39e+00) XE:2.39e-01 (1.18e+00 1.21e+00 | 6.20e-01 6.74e-01)
3404(985) (2.66e+00 2.39e+00) XE:2.39e-01 (1.22e+00 1.21e+00 | 7.12e-01 6.74e-01)
3428(996) (2.00e+00 2.39e+00) XE:2.39e-01 (1.19e+00 1.21e+00 | 7.04e-01 6.74e-01)
3453(996) (2.90e+00 2.39e+00) XE:2.39e-01 (1.24e+00 1.21e+00 | 7.14e-01 6.74e-01)
3477(993) (2.62e+00 2.39e+00) XE:2.39e-01 (1.19e+00 1.21e+00 | 6.62e-01 6.74e-01)
3502(995) (2.33e+00 2.39e+00) XE:2.39e-01 (1.18e+00 1.21e+00 | 6.80e-01 6.74e-01)
3526(986) (2.35e+00 2.39e+00) XE:2.39e-01 (1.20e+00 1.21e+00 | 6.96e-01 6.74e-01)
3550(1006) (1.50e+00 2.39e+00) XE:2.39e-01 (1.19e+00 1.21e+00 | 7.10e-01 6.74e-01)
3574(1007) (1.98e+00 2.39e+00) XE:2.39e-01 (1.17e+00 1.21e+00 | 7.08e-01 6.74e-01)
3599(1005) (1.93e+00 2.39e+00) XE:2.39e-01 (1.24e+00 1.21e+00 | 6.26e-01 6.75e-01)
3623(992) (1.95e+00 2.39e+00) XE:2.39e-01 (1.19e+00 1.21e+00 | 6.62e-01 6.75e-01)
3647(984) (2.67e+00 2.39e+00) XE:2.39e-01 (1.20e+00 1.21e+00 | 6.82e-01 6.75e-01)
3672(988) (2.49e+00 2.39e+00) XE:2.39e-01 (1.19e+00 1.21e+00 | 6.38e-01 6.75e-01)
3696(1008) (2.73e+00 2.39e+00) XE:2.39e-01 (1.20e+00 1.21e+00 | 6.40e-01 6.75e-01)
3721(981) (3.25e+00 2.39e+00) XE:2.39e-01 (1.21e+00 1.21e+00 | 6.60e-01 6.75e-01)
3745(1010) (2.28e+00 2.39e+00) XE:2.39e-01 (1.22e+00 1.21e+00 | 6.74e-01 6.75e-01)
3769(1012) (2.31e+00 2.39e+00) XE:2.39e-01 (1.19e+00 1.21e+00 | 6.98e-01 6.75e-01)
3793(996) (2.61e+00 2.39e+00) XE:2.39e-01 (1.21e+00 1.21e+00 | 6.58e-01 6.75e-01)
3818(997) (3.41e+00 2.39e+00) XE:2.39e-01 (1.19e+00 1.21e+00 | 7.00e-01 6.75e-01)
3842(1013) (1.90e+00 2.39e+00) XE:2.39e-01 (1.19e+00 1.21e+00 | 6.78e-01 6.75e-01)
3866(999) (3.09e+00 2.39e+00) XE:2.39e-01 (1.20e+00 1.21e+00 | 7.04e-01 6.75e-01)
3891(1000) (1.61e+00 2.39e+00) XE:2.39e-01 (1.23e+00 1.21e+00 | 7.08e-01 6.75e-01)
3915(1011) (2.19e+00 2.39e+00) XE:2.39e-01 (1.21e+00 1.21e+00 | 6.86e-01 6.75e-01)
3939(1000) (2.92e+00 2.39e+00) XE:2.39e-01 (1.20e+00 1.21e+00 | 6.94e-01 6.75e-01)
3963(992) (2.48e+00 2.39e+00) XE:2.39e-01 (1.22e+00 1.21e+00 | 6.78e-01 6.75e-01)
3990(1003) (2.58e+00 2.39e+00) XE:2.39e-01 (1.19e+00 1.21e+00 | 6.42e-01 6.75e-01)
4018(999) (2.85e+00 2.39e+00) XE:2.39e-01 (1.20e+00 1.21e+00 | 6.34e-01 6.75e-01)
4045(991) (2.88e+00 2.39e+00) XE:2.39e-01 (1.21e+00 1.21e+00 | 6.96e-01 6.75e-01)
4072(998) (2.20e+00 2.39e+00) XE:2.39e-01 (1.21e+00 1.21e+00 | 6.90e-01 6.75e-01)
4100(1008) (2.23e+00 2.39e+00) XE:2.39e-01 (1.20e+00 1.21e+00 | 6.46e-01 6.75e-01)
4127(1013) (1.90e+00 2.39e+00) XE:2.39e-01 (1.19e+00 1.21e+00 | 6.62e-01 6.75e-01)
4154(1004) (2.48e+00 2.39e+00) XE:2.39e-01 (1.23e+00 1.21e+00 | 6.54e-01 6.75e-01)
4181(1001) (2.32e+00 2.39e+00) XE:2.39e-01 (1.22e+00 1.21e+00 | 6.60e-01 6.75e-01)
4209(997) (2.51e+00 2.39e+00) XE:2.39e-01 (1.20e+00 1.21e+00 | 7.20e-01 6.75e-01)
4236(1000) (1.90e+00 2.39e+00) XE:2.39e-01 (1.21e+00 1.21e+00 | 6.66e-01 6.75e-01)
4263(992) (2.46e+00 2.39e+00) XE:2.39e-01 (1.23e+00 1.21e+00 | 6.70e-01 6.75e-01)
4291(990) (2.70e+00 2.39e+00) XE:2.39e-01 (1.22e+00 1.21e+00 | 7.00e-01 6.75e-01)
4318(999) (2.19e+00 2.39e+00) XE:2.39e-01 (1.21e+00 1.21e+00 | 6.24e-01 6.75e-01)
4345(1004) (1.78e+00 2.39e+00) XE:2.39e-01 (1.19e+00 1.21e+00 | 7.12e-01 6.75e-01)
4373(1002) (1.85e+00 2.39e+00) XE:2.39e-01 (1.22e+00 1.21e+00 | 7.35e-01 6.75e-01)
4400(1000) (2.17e+00 2.39e+00) XE:2.39e-01 (1.21e+00 1.21e+00 | 6.74e-01 6.75e-01)
4427(992) (2.02e+00 2.39e+00) XE:2.39e-01 (1.19e+00 1.21e+00 | 6.64e-01 6.75e-01)
4455(994) (2.36e+00 2.39e+00) XE:2.39e-01 (1.20e+00 1.21e+00 | 6.56e-01 6.75e-01)
4482(997) (2.17e+00 2.39e+00) XE:2.39e-01 (1.24e+00 1.21e+00 | 6.70e-01 6.75e-01)
4509(1006) (2.41e+00 2.39e+00) XE:2.39e-01 (1.20e+00 1.21e+00 | 6.78e-01 6.75e-01)
4536(996) (2.55e+00 2.39e+00) XE:2.39e-01 (1.22e+00 1.21e+00 | 6.74e-01 6.75e-01)
4564(1007) (2.65e+00 2.39e+00) XE:2.39e-01 (1.20e+00 1.21e+00 | 6.74e-01 6.75e-01)
4591(989) (3.02e+00 2.39e+00) XE:2.39e-01 (1.21e+00 1.21e+00 | 6.88e-01 6.75e-01)
4618(1003) (2.25e+00 2.39e+00) XE:2.39e-01 (1.23e+00 1.21e+00 | 6.52e-01 6.75e-01)
4646(990) (2.56e+00 2.39e+00) XE:2.39e-01 (1.20e+00 1.21e+00 | 6.26e-01 6.75e-01)
4673(1000) (2.10e+00 2.39e+00) XE:2.39e-01 (1.19e+00 1.21e+00 | 7.00e-01 6.75e-01)
4700(992) (2.40e+00 2.39e+00) XE:2.39e-01 (1.22e+00 1.21e+00 | 6.92e-01 6.75e-01)
4728(979) (2.28e+00 2.39e+00) XE:2.39e-01 (1.22e+00 1.21e+00 | 6.86e-01 6.75e-01)
4755(998) (2.54e+00 2.39e+00) XE:2.39e-01 (1.22e+00 1.21e+00 | 7.06e-01 6.75e-01)
4782(1005) (1.86e+00 2.39e+00) XE:2.39e-01 (1.23e+00 1.21e+00 | 6.92e-01 6.75e-01)
4810(1001) (2.43e+00 2.39e+00) XE:2.39e-01 (1.19e+00 1.21e+00 | 7.27e-01 6.75e-01)
4837(1002) (1.92e+00 2.39e+00) XE:2.39e-01 (1.19e+00 1.21e+00 | 7.12e-01 6.75e-01)
4864(1008) (3.13e+00 2.39e+00) XE:2.39e-01 (1.22e+00 1.21e+00 | 6.74e-01 6.75e-01)
4892(986) (3.37e+00 2.39e+00) XE:2.39e-01 (1.18e+00 1.21e+00 | 6.78e-01 6.75e-01)
4919(1011) (1.53e+00 2.39e+00) XE:2.39e-01 (1.20e+00 1.21e+00 | 6.58e-01 6.75e-01)
4946(983) (2.71e+00 2.39e+00) XE:2.39e-01 (1.20e+00 1.21e+00 | 6.22e-01 6.75e-01)
4973(990) (2.23e+00 2.39e+00) XE:2.39e-01 (1.21e+00 1.21e+00 | 6.66e-01 6.75e-01)
5001(999) (2.53e+00 2.39e+00) XE:2.39e-01 (1.22e+00 1.21e+00 | 6.74e-01 6.75e-01)
5028(987) (2.62e+00 2.39e+00) XE:2.39e-01 (1.18e+00 1.21e+00 | 6.28e-01 6.75e-01)
5055(998) (2.77e+00 2.39e+00) XE:2.39e-01 (1.23e+00 1.21e+00 | 7.25e-01 6.75e-01)
5083(993) (3.12e+00 2.39e+00) XE:2.39e-01 (1.20e+00 1.21e+00 | 6.98e-01 6.75e-01)
5110(1006) (2.43e+00 2.39e+00) XE:2.39e-01 (1.16e+00 1.21e+00 | 6.20e-01 6.75e-01)
5137(1003) (2.09e+00 2.39e+00) XE:2.39e-01 (1.22e+00 1.21e+00 | 5.97e-01 6.75e-01)
5165(1005) (1.92e+00 2.39e+00) XE:2.39e-01 (1.20e+00 1.21e+00 | 6.44e-01 6.75e-01)
5192(991) (3.94e+00 2.39e+00) XE:2.39e-01 (1.21e+00 1.21e+00 | 6.96e-01 6.75e-01)
5219(1002) (3.07e+00 2.39e+00) XE:2.39e-01 (1.18e+00 1.21e+00 | 6.82e-01 6.75e-01)
5247(1007) (2.43e+00 2.39e+00) XE:2.39e-01 (1.21e+00 1.21e+00 | 7.14e-01 6.75e-01)
5274(1009) (2.56e+00 2.39e+00) XE:2.39e-01 (1.19e+00 1.21e+00 | 6.86e-01 6.75e-01)
5301(995) (2.55e+00 2.39e+00) XE:2.39e-01 (1.23e+00 1.21e+00 | 6.38e-01 6.75e-01)
5328(995) (2.21e+00 2.39e+00) XE:2.39e-01 (1.20e+00 1.21e+00 | 6.38e-01 6.75e-01)
5356(996) (2.08e+00 2.39e+00) XE:2.39e-01 (1.20e+00 1.21e+00 | 6.80e-01 6.75e-01)
5383(997) (2.70e+00 2.39e+00) XE:2.39e-01 (1.20e+00 1.21e+00 | 7.08e-01 6.75e-01)
5410(1005) (2.22e+00 2.39e+00) XE:2.39e-01 (1.24e+00 1.21e+00 | 6.80e-01 6.75e-01)
5438(1004) (2.39e+00 2.39e+00) XE:2.39e-01 (1.20e+00 1.21e+00 | 6.62e-01 6.75e-01)
5465(1008) (1.98e+00 2.39e+00) XE:2.39e-01 (1.23e+00 1.21e+00 | 7.37e-01 6.75e-01)
5492(994) (2.18e+00 2.39e+00) XE:2.39e-01 (1.21e+00 1.21e+00 | 6.66e-01 6.75e-01)
5519(1011) (2.17e+00 2.39e+00) XE:2.39e-01 (1.22e+00 1.21e+00 | 7.02e-01 6.75e-01)
5547(997) (1.95e+00 2.39e+00) XE:2.39e-01 (1.19e+00 1.21e+00 | 7.29e-01 6.75e-01)
5574(1015) (2.26e+00 2.39e+00) XE:2.39e-01 (1.24e+00 1.21e+00 | 6.60e-01 6.75e-01)
5601(1005) (2.16e+00 2.39e+00) XE:2.39e-01 (1.22e+00 1.21e+00 | 6.66e-01 6.75e-01)
5629(996) (2.13e+00 2.39e+00) XE:2.39e-01 (1.22e+00 1.21e+00 | 6.26e-01 6.75e-01)
5656(1014) (2.34e+00 2.39e+00) XE:2.39e-01 (1.21e+00 1.21e+00 | 6.78e-01 6.75e-01)
5683(1013) (1.62e+00 2.39e+00) XE:2.39e-01 (1.17e+00 1.21e+00 | 6.62e-01 6.75e-01)
5710(1001) (2.77e+00 2.39e+00) XE:2.39e-01 (1.20e+00 1.21e+00 | 7.33e-01 6.75e-01)
5738(1003) (2.55e+00 2.39e+00) XE:2.39e-01 (1.19e+00 1.21e+00 | 6.50e-01 6.75e-01)
5765(1020) (2.21e+00 2.39e+00) XE:2.39e-01 (1.18e+00 1.21e+00 | 6.84e-01 6.75e-01)
5792(998) (2.07e+00 2.39e+00) XE:2.39e-01 (1.20e+00 1.21e+00 | 6.54e-01 6.75e-01)
5820(1002) (1.86e+00 2.39e+00) XE:2.39e-01 (1.19e+00 1.21e+00 | 6.60e-01 6.75e-01)
5847(1000) (1.96e+00 2.39e+00) XE:2.39e-01 (1.20e+00 1.21e+00 | 7.02e-01 6.75e-01)
5874(1006) (2.08e+00 2.39e+00) XE:2.39e-01 (1.20e+00 1.21e+00 | 7.04e-01 6.75e-01)
5902(1006) (2.10e+00 2.39e+00) XE:2.39e-01 (1.22e+00 1.21e+00 | 7.31e-01 6.75e-01)
5929(995) (2.40e+00 2.39e+00) XE:2.39e-01 (1.24e+00 1.21e+00 | 6.68e-01 6.75e-01)
5956(998) (2.10e+00 2.39e+00) XE:2.39e-01 (1.20e+00 1.21e+00 | 6.76e-01 6.75e-01)
5984(1009) (2.53e+00 2.39e+00) XE:2.39e-01 (1.20e+00 1.21e+00 | 6.48e-01 6.75e-01)
6011(984) (2.64e+00 2.39e+00) XE:2.39e-01 (1.22e+00 1.21e+00 | 6.62e-01 6.75e-01)
6038(993) (2.47e+00 2.39e+00) XE:2.39e-01 (1.23e+00 1.21e+00 | 6.48e-01 6.75e-01)
6066(1005) (2.14e+00 2.39e+00) XE:2.39e-01 (1.22e+00 1.21e+00 | 6.66e-01 6.75e-01)
6093(1000) (2.27e+00 2.40e+00) XE:2.40e-01 (1.17e+00 1.21e+00 | 6.44e-01 6.75e-01)
6120(1003) (1.90e+00 2.39e+00) XE:2.39e-01 (1.21e+00 1.21e+00 | 6.60e-01 6.75e-01)
6148(994) (2.36e+00 2.39e+00) XE:2.39e-01 (1.21e+00 1.21e+00 | 6.24e-01 6.75e-01)
6175(1002) (3.15e+00 2.39e+00) XE:2.39e-01 (1.20e+00 1.21e+00 | 6.40e-01 6.75e-01)
6202(992) (2.66e+00 2.39e+00) XE:2.39e-01 (1.21e+00 1.21e+00 | 6.84e-01 6.75e-01)
6229(982) (2.50e+00 2.39e+00) XE:2.39e-01 (1.20e+00 1.21e+00 | 6.56e-01 6.75e-01)
6257(1000) (2.88e+00 2.39e+00) XE:2.39e-01 (1.18e+00 1.21e+00 | 5.79e-01 6.75e-01)
6284(1006) (2.17e+00 2.39e+00) XE:2.39e-01 (1.20e+00 1.21e+00 | 6.86e-01 6.75e-01)
6311(994) (2.02e+00 2.39e+00) XE:2.39e-01 (1.25e+00 1.21e+00 | 7.06e-01 6.75e-01)
6339(1003) (2.10e+00 2.39e+00) XE:2.39e-01 (1.21e+00 1.21e+00 | 7.14e-01 6.75e-01)
6366(990) (2.42e+00 2.40e+00) XE:2.40e-01 (1.18e+00 1.21e+00 | 6.74e-01 6.75e-01)
6393(1000) (1.77e+00 2.39e+00) XE:2.39e-01 (1.20e+00 1.21e+00 | 6.60e-01 6.75e-01)
6420(998) (2.21e+00 2.39e+00) XE:2.39e-01 (1.23e+00 1.21e+00 | 6.78e-01 6.75e-01)
6448(1011) (1.74e+00 2.39e+00) XE:2.39e-01 (1.22e+00 1.21e+00 | 6.76e-01 6.75e-01)
6475(1003) (1.89e+00 2.39e+00) XE:2.39e-01 (1.20e+00 1.21e+00 | 7.02e-01 6.75e-01)
6502(1001) (2.67e+00 2.39e+00) XE:2.39e-01 (1.19e+00 1.21e+00 | 7.14e-01 6.75e-01)
6529(992) (2.17e+00 2.39e+00) XE:2.39e-01 (1.20e+00 1.21e+00 | 6.48e-01 6.75e-01)
6557(1006) (1.92e+00 2.39e+00) XE:2.39e-01 (1.18e+00 1.21e+00 | 6.90e-01 6.75e-01)
6584(996) (2.88e+00 2.39e+00) XE:2.39e-01 (1.19e+00 1.21e+00 | 6.88e-01 6.75e-01)
6611(987) (2.92e+00 2.39e+00) XE:2.39e-01 (1.19e+00 1.21e+00 | 7.12e-01 6.75e-01)
6639(1003) (2.19e+00 2.39e+00) XE:2.39e-01 (1.19e+00 1.21e+00 | 6.88e-01 6.75e-01)
6666(1002) (2.17e+00 2.39e+00) XE:2.39e-01 (1.21e+00 1.21e+00 | 7.14e-01 6.75e-01)
6693(997) (2.29e+00 2.39e+00) XE:2.39e-01 (1.18e+00 1.21e+00 | 6.72e-01 6.75e-01)
6721(1004) (1.97e+00 2.39e+00) XE:2.39e-01 (1.20e+00 1.21e+00 | 6.42e-01 6.75e-01)
6748(1005) (2.51e+00 2.39e+00) XE:2.39e-01 (1.20e+00 1.21e+00 | 6.76e-01 6.75e-01)
6775(998) (2.42e+00 2.39e+00) XE:2.39e-01 (1.21e+00 1.21e+00 | 6.70e-01 6.75e-01)
6802(985) (2.78e+00 2.39e+00) XE:2.39e-01 (1.22e+00 1.21e+00 | 6.36e-01 6.75e-01)
6830(1001) (2.57e+00 2.39e+00) XE:2.39e-01 (1.19e+00 1.21e+00 | 6.70e-01 6.75e-01)
6857(987) (2.67e+00 2.39e+00) XE:2.39e-01 (1.20e+00 1.21e+00 | 7.02e-01 6.75e-01)
6884(997) (2.76e+00 2.39e+00) XE:2.39e-01 (1.21e+00 1.21e+00 | 6.78e-01 6.75e-01)
6912(992) (1.96e+00 2.39e+00) XE:2.39e-01 (1.21e+00 1.21e+00 | 7.00e-01 6.75e-01)
6939(988) (2.38e+00 2.39e+00) XE:2.39e-01 (1.22e+00 1.21e+00 | 6.30e-01 6.75e-01)
6966(986) (2.56e+00 2.39e+00) XE:2.39e-01 (1.22e+00 1.21e+00 | 6.76e-01 6.75e-01)
6994(997) (2.26e+00 2.39e+00) XE:2.39e-01 (1.23e+00 1.21e+00 | 6.58e-01 6.75e-01)
7021(982) (2.64e+00 2.39e+00) XE:2.39e-01 (1.20e+00 1.21e+00 | 7.06e-01 6.75e-01)
7048(1003) (2.28e+00 2.39e+00) XE:2.39e-01 (1.22e+00 1.21e+00 | 6.44e-01 6.75e-01)
7076(996) (3.04e+00 2.39e+00) XE:2.39e-01 (1.20e+00 1.21e+00 | 6.86e-01 6.75e-01)
7103(1012) (2.38e+00 2.39e+00) XE:2.39e-01 (1.21e+00 1.21e+00 | 7.35e-01 6.75e-01)
7130(1004) (2.18e+00 2.39e+00) XE:2.39e-01 (1.22e+00 1.21e+00 | 6.16e-01 6.75e-01)
7157(991) (2.54e+00 2.39e+00) XE:2.39e-01 (1.22e+00 1.21e+00 | 6.44e-01 6.75e-01)
7185(998) (2.29e+00 2.39e+00) XE:2.39e-01 (1.22e+00 1.21e+00 | 7.00e-01 6.75e-01)
7212(1013) (2.14e+00 2.39e+00) XE:2.39e-01 (1.21e+00 1.21e+00 | 5.99e-01 6.75e-01)
7239(995) (2.69e+00 2.39e+00) XE:2.39e-01 (1.24e+00 1.21e+00 | 6.58e-01 6.75e-01)
7267(1000) (1.93e+00 2.39e+00) XE:2.39e-01 (1.22e+00 1.21e+00 | 6.90e-01 6.75e-01)
7294(989) (2.86e+00 2.39e+00) XE:2.39e-01 (1.19e+00 1.21e+00 | 7.04e-01 6.75e-01)
7321(1002) (1.55e+00 2.39e+00) XE:2.39e-01 (1.20e+00 1.21e+00 | 6.98e-01 6.75e-01)
7349(1016) (2.40e+00 2.39e+00) XE:2.39e-01 (1.19e+00 1.21e+00 | 6.18e-01 6.75e-01)
7376(1007) (1.91e+00 2.39e+00) XE:2.39e-01 (1.21e+00 1.21e+00 | 6.74e-01 6.75e-01)
7403(997) (2.74e+00 2.39e+00) XE:2.39e-01 (1.23e+00 1.21e+00 | 6.90e-01 6.75e-01)
7430(1002) (1.69e+00 2.39e+00) XE:2.39e-01 (1.18e+00 1.21e+00 | 6.84e-01 6.75e-01)
7458(990) (2.59e+00 2.39e+00) XE:2.39e-01 (1.25e+00 1.21e+00 | 6.32e-01 6.75e-01)
7485(1008) (2.57e+00 2.39e+00) XE:2.39e-01 (1.19e+00 1.21e+00 | 6.76e-01 6.75e-01)
7512(1003) (1.86e+00 2.39e+00) XE:2.39e-01 (1.20e+00 1.21e+00 | 7.14e-01 6.75e-01)
7540(985) (2.33e+00 2.39e+00) XE:2.39e-01 (1.20e+00 1.21e+00 | 6.90e-01 6.75e-01)
7567(995) (2.30e+00 2.39e+00) XE:2.39e-01 (1.18e+00 1.21e+00 | 6.92e-01 6.75e-01)
7594(1002) (2.83e+00 2.39e+00) XE:2.39e-01 (1.19e+00 1.21e+00 | 7.10e-01 6.75e-01)
7622(998) (2.27e+00 2.39e+00) XE:2.39e-01 (1.25e+00 1.21e+00 | 6.80e-01 6.75e-01)
7649(1001) (1.95e+00 2.39e+00) XE:2.39e-01 (1.19e+00 1.21e+00 | 6.68e-01 6.75e-01)
7676(1003) (2.75e+00 2.39e+00) XE:2.39e-01 (1.18e+00 1.21e+00 | 6.36e-01 6.75e-01)
7703(991) (1.92e+00 2.39e+00) XE:2.39e-01 (1.21e+00 1.21e+00 | 6.68e-01 6.75e-01)
7731(999) (2.38e+00 2.39e+00) XE:2.39e-01 (1.19e+00 1.21e+00 | 6.66e-01 6.75e-01)
7758(1016) (1.50e+00 2.39e+00) XE:2.39e-01 (1.21e+00 1.21e+00 | 6.38e-01 6.75e-01)
7785(1005) (2.61e+00 2.39e+00) XE:2.39e-01 (1.22e+00 1.21e+00 | 6.86e-01 6.75e-01)
7813(1010) (2.06e+00 2.39e+00) XE:2.39e-01 (1.21e+00 1.21e+00 | 6.90e-01 6.75e-01)
7840(1001) (2.00e+00 2.39e+00) XE:2.39e-01 (1.21e+00 1.21e+00 | 6.90e-01 6.75e-01)
7867(991) (2.47e+00 2.39e+00) XE:2.39e-01 (1.19e+00 1.21e+00 | 6.48e-01 6.75e-01)
7895(1003) (2.47e+00 2.39e+00) XE:2.39e-01 (1.21e+00 1.21e+00 | 6.58e-01 6.75e-01)
7922(998) (2.47e+00 2.39e+00) XE:2.39e-01 (1.22e+00 1.21e+00 | 7.08e-01 6.75e-01)
7949(1004) (1.92e+00 2.39e+00) XE:2.39e-01 (1.23e+00 1.21e+00 | 6.44e-01 6.75e-01)
7976(991) (2.42e+00 2.39e+00) XE:2.39e-01 (1.22e+00 1.21e+00 | 7.27e-01 6.75e-01)
8004(1000) (2.27e+00 2.39e+00) XE:2.39e-01 (1.20e+00 1.21e+00 | 7.12e-01 6.75e-01)
8031(1000) (2.76e+00 2.39e+00) XE:2.39e-01 (1.21e+00 1.21e+00 | 6.60e-01 6.75e-01)
8058(1005) (2.29e+00 2.39e+00) XE:2.39e-01 (1.19e+00 1.21e+00 | 6.74e-01 6.75e-01)
8086(1020) (2.44e+00 2.39e+00) XE:2.39e-01 (1.23e+00 1.21e+00 | 6.46e-01 6.75e-01)
8113(997) (2.00e+00 2.39e+00) XE:2.39e-01 (1.21e+00 1.21e+00 | 6.76e-01 6.75e-01)
8140(995) (2.48e+00 2.39e+00) XE:2.39e-01 (1.19e+00 1.21e+00 | 6.62e-01 6.75e-01)
8168(1012) (2.28e+00 2.39e+00) XE:2.39e-01 (1.20e+00 1.21e+00 | 6.40e-01 6.75e-01)
8195(995) (2.46e+00 2.39e+00) XE:2.39e-01 (1.21e+00 1.21e+00 | 6.92e-01 6.75e-01)
8222(991) (3.15e+00 2.39e+00) XE:2.39e-01 (1.21e+00 1.21e+00 | 6.56e-01 6.75e-01)
8249(1007) (3.00e+00 2.39e+00) XE:2.39e-01 (1.23e+00 1.21e+00 | 6.56e-01 6.75e-01)
8277(988) (2.40e+00 2.39e+00) XE:2.39e-01 (1.19e+00 1.21e+00 | 7.02e-01 6.75e-01)
8304(1002) (2.44e+00 2.39e+00) XE:2.39e-01 (1.21e+00 1.21e+00 | 7.41e-01 6.75e-01)
8331(1007) (2.07e+00 2.39e+00) XE:2.39e-01 (1.21e+00 1.21e+00 | 7.20e-01 6.75e-01)
8359(998) (1.98e+00 2.39e+00) XE:2.39e-01 (1.19e+00 1.21e+00 | 6.01e-01 6.75e-01)
8386(999) (2.65e+00 2.39e+00) XE:2.39e-01 (1.23e+00 1.21e+00 | 6.36e-01 6.75e-01)
8413(994) (1.64e+00 2.39e+00) XE:2.39e-01 (1.18e+00 1.21e+00 | 6.76e-01 6.75e-01)
8441(988) (2.74e+00 2.39e+00) XE:2.39e-01 (1.21e+00 1.21e+00 | 7.08e-01 6.75e-01)
8468(1005) (2.52e+00 2.39e+00) XE:2.39e-01 (1.21e+00 1.21e+00 | 7.04e-01 6.75e-01)
8495(989) (3.42e+00 2.39e+00) XE:2.39e-01 (1.25e+00 1.21e+00 | 7.29e-01 6.75e-01)
8522(997) (2.09e+00 2.39e+00) XE:2.39e-01 (1.22e+00 1.21e+00 | 7.10e-01 6.75e-01)
8549(996) (2.39e+00 2.39e+00) XE:2.39e-01 (1.20e+00 1.21e+00 | 6.12e-01 6.75e-01)
8577(1010) (1.86e+00 2.39e+00) XE:2.39e-01 (1.20e+00 1.21e+00 | 7.08e-01 6.75e-01)
8604(1010) (1.77e+00 2.39e+00) XE:2.39e-01 (1.19e+00 1.21e+00 | 6.90e-01 6.75e-01)
8631(981) (2.88e+00 2.39e+00) XE:2.39e-01 (1.21e+00 1.21e+00 | 6.74e-01 6.75e-01)
8658(995) (2.71e+00 2.39e+00) XE:2.39e-01 (1.21e+00 1.21e+00 | 7.12e-01 6.75e-01)
8685(1003) (1.54e+00 2.39e+00) XE:2.39e-01 (1.22e+00 1.21e+00 | 6.54e-01 6.75e-01)
8712(999) (2.32e+00 2.39e+00) XE:2.39e-01 (1.20e+00 1.21e+00 | 6.60e-01 6.75e-01)
8739(985) (2.74e+00 2.39e+00) XE:2.39e-01 (1.23e+00 1.21e+00 | 6.66e-01 6.75e-01)
8766(1005) (2.88e+00 2.39e+00) XE:2.39e-01 (1.18e+00 1.21e+00 | 6.50e-01 6.75e-01)
8793(1002) (2.41e+00 2.39e+00) XE:2.39e-01 (1.20e+00 1.21e+00 | 6.26e-01 6.75e-01)
8820(1013) (1.54e+00 2.39e+00) XE:2.39e-01 (1.19e+00 1.21e+00 | 6.30e-01 6.75e-01)
8847(1005) (2.30e+00 2.39e+00) XE:2.39e-01 (1.20e+00 1.21e+00 | 6.30e-01 6.75e-01)
8875(992) (2.06e+00 2.39e+00) XE:2.39e-01 (1.20e+00 1.21e+00 | 6.92e-01 6.75e-01)
8902(1018) (2.00e+00 2.39e+00) XE:2.39e-01 (1.20e+00 1.21e+00 | 6.26e-01 6.75e-01)
8929(995) (2.46e+00 2.39e+00) XE:2.39e-01 (1.21e+00 1.21e+00 | 6.54e-01 6.75e-01)
8956(1016) (2.62e+00 2.39e+00) XE:2.39e-01 (1.19e+00 1.21e+00 | 6.12e-01 6.75e-01)
8983(1003) (2.71e+00 2.39e+00) XE:2.39e-01 (1.21e+00 1.21e+00 | 6.22e-01 6.75e-01)
9010(999) (2.60e+00 2.39e+00) XE:2.39e-01 (1.24e+00 1.21e+00 | 7.20e-01 6.75e-01)
9037(996) (2.60e+00 2.39e+00) XE:2.39e-01 (1.21e+00 1.21e+00 | 7.04e-01 6.75e-01)
9064(1001) (1.99e+00 2.39e+00) XE:2.39e-01 (1.19e+00 1.21e+00 | 6.56e-01 6.75e-01)
9091(986) (2.63e+00 2.39e+00) XE:2.39e-01 (1.21e+00 1.21e+00 | 6.52e-01 6.75e-01)
9118(1006) (2.52e+00 2.39e+00) XE:2.39e-01 (1.20e+00 1.21e+00 | 6.70e-01 6.75e-01)
9145(997) (2.35e+00 2.39e+00) XE:2.39e-01 (1.20e+00 1.21e+00 | 6.40e-01 6.75e-01)
9173(986) (2.46e+00 2.39e+00) XE:2.39e-01 (1.21e+00 1.21e+00 | 6.62e-01 6.75e-01)
9200(986) (2.53e+00 2.39e+00) XE:2.39e-01 (1.19e+00 1.21e+00 | 6.70e-01 6.75e-01)
9227(994) (2.66e+00 2.39e+00) XE:2.39e-01 (1.23e+00 1.21e+00 | 6.74e-01 6.75e-01)
9254(986) (3.03e+00 2.39e+00) XE:2.39e-01 (1.22e+00 1.21e+00 | 6.42e-01 6.75e-01)
9281(1009) (2.19e+00 2.39e+00) XE:2.39e-01 (1.21e+00 1.21e+00 | 7.16e-01 6.75e-01)
9308(1010) (1.71e+00 2.39e+00) XE:2.39e-01 (1.18e+00 1.21e+00 | 7.06e-01 6.75e-01)
9335(1001) (2.68e+00 2.39e+00) XE:2.39e-01 (1.22e+00 1.21e+00 | 6.68e-01 6.75e-01)
9362(1004) (2.37e+00 2.39e+00) XE:2.39e-01 (1.19e+00 1.21e+00 | 6.42e-01 6.75e-01)
9389(1012) (2.16e+00 2.39e+00) XE:2.39e-01 (1.21e+00 1.21e+00 | 6.42e-01 6.75e-01)
9416(1009) (1.85e+00 2.39e+00) XE:2.39e-01 (1.21e+00 1.21e+00 | 6.44e-01 6.75e-01)
9443(992) (2.43e+00 2.39e+00) XE:2.39e-01 (1.20e+00 1.21e+00 | 6.92e-01 6.75e-01)
9470(1000) (2.28e+00 2.39e+00) XE:2.39e-01 (1.23e+00 1.21e+00 | 6.84e-01 6.75e-01)
9498(996) (2.32e+00 2.39e+00) XE:2.39e-01 (1.19e+00 1.21e+00 | 6.96e-01 6.75e-01)
9525(990) (1.65e+00 2.39e+00) XE:2.39e-01 (1.20e+00 1.21e+00 | 6.78e-01 6.75e-01)
9552(1025) (1.84e+00 2.39e+00) XE:2.39e-01 (1.21e+00 1.21e+00 | 7.12e-01 6.75e-01)
9579(1011) (2.61e+00 2.39e+00) XE:2.39e-01 (1.18e+00 1.21e+00 | 6.38e-01 6.75e-01)
9606(1003) (1.89e+00 2.39e+00) XE:2.39e-01 (1.21e+00 1.21e+00 | 6.88e-01 6.75e-01)
9633(996) (2.48e+00 2.39e+00) XE:2.39e-01 (1.21e+00 1.21e+00 | 6.48e-01 6.75e-01)
9660(1002) (2.09e+00 2.39e+00) XE:2.39e-01 (1.21e+00 1.21e+00 | 6.52e-01 6.75e-01)
9687(988) (3.56e+00 2.39e+00) XE:2.39e-01 (1.19e+00 1.21e+00 | 6.36e-01 6.75e-01)
9714(1000) (4.81e+00 2.39e+00) XE:2.39e-01 (1.21e+00 1.21e+00 | 6.42e-01 6.75e-01)
9741(1001) (2.77e+00 2.39e+00) XE:2.39e-01 (1.19e+00 1.21e+00 | 6.56e-01 6.75e-01)
9768(1011) (2.61e+00 2.39e+00) XE:2.39e-01 (1.21e+00 1.21e+00 | 7.33e-01 6.75e-01)
9795(995) (2.38e+00 2.39e+00) XE:2.39e-01 (1.20e+00 1.21e+00 | 6.52e-01 6.75e-01)
9823(994) (1.83e+00 2.39e+00) XE:2.39e-01 (1.22e+00 1.21e+00 | 7.02e-01 6.75e-01)
9850(1013) (2.41e+00 2.39e+00) XE:2.39e-01 (1.22e+00 1.21e+00 | 6.92e-01 6.75e-01)
9877(1005) (1.97e+00 2.39e+00) XE:2.39e-01 (1.21e+00 1.21e+00 | 7.06e-01 6.75e-01)
9904(998) (2.12e+00 2.39e+00) XE:2.39e-01 (1.22e+00 1.21e+00 | 7.51e-01 6.75e-01)
9931(1001) (2.22e+00 2.39e+00) XE:2.39e-01 (1.19e+00 1.21e+00 | 6.94e-01 6.75e-01)
9958(992) (2.92e+00 2.39e+00) XE:2.39e-01 (1.23e+00 1.21e+00 | 6.48e-01 6.75e-01)
9985(1005) (2.38e+00 2.39e+00) XE:2.39e-01 (1.23e+00 1.21e+00 | 6.62e-01 6.75e-01)
10000(995) (1.74e+00 2.39e+00) XE:2.39e-01 (1.21e+00 1.21e+00 | 6.90e-01 6.75e-01)
RL cnt: 0,6716112,1402289,156006,0,0,0,0,0,0,0,0,0,0,0,0,
BL cnt: 0,0,0,0,0,0,0,0,1671269,0,6567614,0,1671117,0,0,0,0,0,0,0,0,
# InnerCodebook: deleted
# NBIDSchannel: deleted
# Gtable: deleted
# FBalg4: deleted
