# (Pid,Ps)=(1.000000e-02,1.000000e-02) Nseg=250 WinSize=10 [0]
# InnerCB: ICB/1/4_05_2.bin
# Gtable:  Gtable/4/010_010.bin
# InnerCodebook: beta=4(256) nu=2
# InnerCodebook: B(B2p)=5(32) 5(32) 
# InnerCodebook: checked CWM, EncMap, DecMap
# beta=4(256) nu=2 N=1000 Dmax=15
# B=5,5,
# NBIDSchannel: N=1000 Q=4 Dmax=15 (Pid,Ps)=(1.000000e-02,1.000000e-02)
# FBalg4: Nseg=250 Dmax=15(w=31)
# FBalg4: Gtable: Gtable/4/010_010.bin
# Gtable: beta=4 (Pid,Ps,Ptrn)=(1.000000e-02,1.000000e-02,9.800000e-01) Pth=1.000000e-10
# Gtable: beta4p=256 beta4pp=65536
# Gtable::Gtable len=0 cnt=256
# Gtable::Gtable len=1 cnt=1024
# Gtable::Gtable len=2 cnt=4096
# Gtable::Gtable len=3 cnt=16384
# Gtable::Gtable len=4 cnt=65536
# Gtable::Gtable len=5 cnt=148420
# Gtable::Gtable len=6 cnt=107608
# Gtable::Gtable len=7 cnt=15676
# Gtable::Gtable len=8 cnt=256
# FBalg4: beta=4(256) (Pid,Ps)=(1.000000e-02,1.000000e-02) Pth=1.000000e-10 N=1000
# StatICB: nu=2 beta=4 beta4p=256 Bsum=10 HdThNum=20 HdThStep=5.00e-02
# StatICB: B=5,5,
# StatICB: HdThList 9.50e-01,9.00e-01,8.50e-01,8.00e-01,7.50e-01,7.00e-01,6.50e-01,6.00e-01,5.50e-01,5.00e-01,4.50e-01,4.00e-01,3.50e-01,3.00e-01,2.50e-01,2.00e-01,1.50e-01,1.00e-01,5.00e-02,1.00e-10,
0185(993) (7.58e-01 6.83e-01) XE:8.54e-02 (1.15e+00 1.14e+00 | 4.96e-01 4.98e-01)
0373(1001) (6.54e-01 6.89e-01) XE:8.61e-02 (1.14e+00 1.14e+00 | 4.86e-01 4.99e-01)
0561(998) (6.91e-01 6.79e-01) XE:8.48e-02 (1.14e+00 1.14e+00 | 5.05e-01 4.98e-01)
0749(998) (6.16e-01 6.84e-01) XE:8.55e-02 (1.15e+00 1.14e+00 | 4.90e-01 4.98e-01)
0937(1005) (5.20e-01 6.86e-01) XE:8.57e-02 (1.14e+00 1.14e+00 | 4.76e-01 4.99e-01)
1125(998) (5.51e-01 6.85e-01) XE:8.56e-02 (1.13e+00 1.14e+00 | 4.66e-01 4.99e-01)
1313(1010) (8.20e-01 6.84e-01) XE:8.54e-02 (1.14e+00 1.14e+00 | 5.09e-01 4.99e-01)
1501(999) (8.44e-01 6.84e-01) XE:8.55e-02 (1.14e+00 1.14e+00 | 4.88e-01 4.99e-01)
1689(1003) (8.04e-01 6.85e-01) XE:8.56e-02 (1.14e+00 1.14e+00 | 5.39e-01 5.00e-01)
1877(995) (6.84e-01 6.83e-01) XE:8.54e-02 (1.13e+00 1.14e+00 | 4.84e-01 5.00e-01)
2065(1003) (7.82e-01 6.84e-01) XE:8.55e-02 (1.14e+00 1.14e+00 | 5.13e-01 4.99e-01)
2253(1002) (6.78e-01 6.82e-01) XE:8.53e-02 (1.13e+00 1.14e+00 | 5.31e-01 4.99e-01)
2441(997) (6.04e-01 6.82e-01) XE:8.52e-02 (1.15e+00 1.14e+00 | 4.58e-01 4.99e-01)
2629(1001) (5.30e-01 6.81e-01) XE:8.51e-02 (1.15e+00 1.14e+00 | 5.17e-01 4.99e-01)
2817(1003) (5.19e-01 6.81e-01) XE:8.51e-02 (1.16e+00 1.14e+00 | 5.19e-01 5.00e-01)
3005(1001) (8.68e-01 6.81e-01) XE:8.51e-02 (1.13e+00 1.14e+00 | 4.82e-01 4.99e-01)
3193(1005) (6.69e-01 6.81e-01) XE:8.51e-02 (1.14e+00 1.14e+00 | 4.90e-01 4.99e-01)
3381(1003) (5.82e-01 6.81e-01) XE:8.51e-02 (1.14e+00 1.14e+00 | 5.59e-01 4.99e-01)
3569(1002) (4.94e-01 6.81e-01) XE:8.51e-02 (1.15e+00 1.14e+00 | 5.01e-01 4.99e-01)
3757(996) (9.11e-01 6.81e-01) XE:8.51e-02 (1.15e+00 1.14e+00 | 5.15e-01 4.99e-01)
3945(1002) (5.75e-01 6.81e-01) XE:8.52e-02 (1.15e+00 1.14e+00 | 4.86e-01 4.99e-01)
4133(1010) (8.17e-01 6.81e-01) XE:8.52e-02 (1.15e+00 1.14e+00 | 4.76e-01 4.99e-01)
4321(996) (9.20e-01 6.82e-01) XE:8.52e-02 (1.17e+00 1.14e+00 | 5.33e-01 4.99e-01)
4509(1003) (6.94e-01 6.82e-01) XE:8.52e-02 (1.14e+00 1.14e+00 | 4.68e-01 4.99e-01)
4697(1001) (6.11e-01 6.82e-01) XE:8.52e-02 (1.14e+00 1.14e+00 | 4.92e-01 4.99e-01)
4885(999) (6.29e-01 6.82e-01) XE:8.52e-02 (1.15e+00 1.14e+00 | 4.90e-01 4.99e-01)
5074(1002) (7.18e-01 6.82e-01) XE:8.53e-02 (1.16e+00 1.14e+00 | 4.66e-01 4.99e-01)
5261(1004) (6.98e-01 6.82e-01) XE:8.52e-02 (1.15e+00 1.14e+00 | 5.03e-01 4.99e-01)
5449(1004) (5.96e-01 6.82e-01) XE:8.52e-02 (1.15e+00 1.14e+00 | 4.84e-01 4.99e-01)
5637(994) (5.76e-01 6.81e-01) XE:8.51e-02 (1.14e+00 1.14e+00 | 4.90e-01 4.99e-01)
5825(1001) (1.04e+00 6.81e-01) XE:8.51e-02 (1.13e+00 1.14e+00 | 4.82e-01 4.99e-01)
6013(1001) (7.85e-01 6.81e-01) XE:8.51e-02 (1.13e+00 1.14e+00 | 4.72e-01 4.99e-01)
6201(1004) (8.58e-01 6.82e-01) XE:8.52e-02 (1.13e+00 1.14e+00 | 4.60e-01 4.99e-01)
6389(998) (9.72e-01 6.82e-01) XE:8.52e-02 (1.15e+00 1.14e+00 | 5.29e-01 4.99e-01)
6577(999) (5.53e-01 6.82e-01) XE:8.52e-02 (1.16e+00 1.14e+00 | 4.80e-01 4.99e-01)
6765(1003) (6.32e-01 6.82e-01) XE:8.52e-02 (1.15e+00 1.14e+00 | 4.84e-01 4.99e-01)
6953(999) (8.19e-01 6.81e-01) XE:8.52e-02 (1.16e+00 1.14e+00 | 5.09e-01 4.99e-01)
7141(999) (5.66e-01 6.82e-01) XE:8.52e-02 (1.13e+00 1.14e+00 | 5.05e-01 4.99e-01)
7329(995) (7.26e-01 6.82e-01) XE:8.52e-02 (1.16e+00 1.14e+00 | 4.76e-01 4.99e-01)
7517(1010) (5.21e-01 6.82e-01) XE:8.52e-02 (1.15e+00 1.14e+00 | 4.84e-01 4.99e-01)
7705(998) (6.39e-01 6.82e-01) XE:8.52e-02 (1.15e+00 1.14e+00 | 4.64e-01 4.99e-01)
7893(996) (9.51e-01 6.82e-01) XE:8.52e-02 (1.13e+00 1.14e+00 | 4.90e-01 4.99e-01)
8081(992) (6.25e-01 6.82e-01) XE:8.52e-02 (1.15e+00 1.14e+00 | 4.90e-01 4.99e-01)
8269(990) (6.49e-01 6.82e-01) XE:8.52e-02 (1.15e+00 1.14e+00 | 5.27e-01 4.99e-01)
8457(998) (5.60e-01 6.82e-01) XE:8.52e-02 (1.14e+00 1.14e+00 | 5.43e-01 4.99e-01)
8645(1001) (6.87e-01 6.82e-01) XE:8.53e-02 (1.14e+00 1.14e+00 | 5.13e-01 4.99e-01)
8833(1004) (6.24e-01 6.82e-01) XE:8.53e-02 (1.15e+00 1.14e+00 | 5.37e-01 4.99e-01)
9021(1004) (6.27e-01 6.83e-01) XE:8.53e-02 (1.14e+00 1.14e+00 | 4.80e-01 4.99e-01)
9209(999) (6.01e-01 6.83e-01) XE:8.54e-02 (1.15e+00 1.14e+00 | 5.15e-01 4.99e-01)
9397(999) (7.53e-01 6.83e-01) XE:8.54e-02 (1.14e+00 1.14e+00 | 4.76e-01 4.99e-01)
9585(1008) (7.79e-01 6.83e-01) XE:8.54e-02 (1.13e+00 1.14e+00 | 4.76e-01 4.99e-01)
9773(1008) (4.67e-01 6.83e-01) XE:8.54e-02 (1.15e+00 1.14e+00 | 5.09e-01 4.99e-01)
9961(1004) (6.41e-01 6.83e-01) XE:8.54e-02 (1.15e+00 1.14e+00 | 4.92e-01 4.99e-01)
10000(1004) (4.92e-01 6.83e-01) XE:8.54e-02 (1.15e+00 1.14e+00 | 4.96e-01 4.99e-01)
RL cnt: 0,7496952,1246524,0,0,0,0,0,0,0,0,0,0,0,0,0,
BL cnt: 0,0,0,0,0,0,0,0,1237133,0,7435723,0,1237144,0,0,0,0,0,0,0,0,
[00] Th=9.500000e-01: 3.990930e+00 3.603967e+00 : 7.594897e-01
[01] Th=9.000000e-01: 4.362409e+00 4.083835e+00 : 8.446244e-01
[02] Th=8.500000e-01: 4.405716e+00 4.210256e+00 : 8.615973e-01
[03] Th=8.000000e-01: 4.418172e+00 4.231764e+00 : 8.649936e-01
[04] Th=7.500000e-01: 4.439366e+00 4.248560e+00 : 8.687926e-01
[05] Th=7.000000e-01: 4.451921e+00 4.286323e+00 : 8.738244e-01
[06] Th=6.500000e-01: 4.456665e+00 4.301508e+00 : 8.758173e-01
[07] Th=6.000000e-01: 4.477286e+00 4.359884e+00 : 8.837170e-01
[08] Th=5.500000e-01: 4.481811e+00 4.370520e+00 : 8.852331e-01
[09] Th=5.000000e-01: 4.485654e+00 4.378604e+00 : 8.864258e-01
[10] Th=4.500000e-01: 4.525117e+00 4.462300e+00 : 8.987418e-01
[11] Th=4.000000e-01: 4.528455e+00 4.470456e+00 : 8.998911e-01
[12] Th=3.500000e-01: 4.531628e+00 4.479561e+00 : 9.011190e-01
[13] Th=3.000000e-01: 4.538709e+00 4.512982e+00 : 9.051691e-01
[14] Th=2.500000e-01: 4.541429e+00 4.591141e+00 : 9.132570e-01
[15] Th=2.000000e-01: 4.552872e+00 4.640414e+00 : 9.193286e-01
[16] Th=1.500000e-01: 4.588374e+00 4.640859e+00 : 9.229234e-01
[17] Th=1.000000e-01: 4.603818e+00 4.640987e+00 : 9.244806e-01
[18] Th=5.000000e-02: 4.603786e+00 4.641053e+00 : 9.244839e-01
[19] Th=1.000000e-10: 4.603786e+00 4.641053e+00 : 9.244839e-01
# InnerCodebook: deleted
# NBIDSchannel: deleted
# Gtable: deleted
# FBalg4: deleted
# StatICB: deleted
