# (Pid,Ps)=(3.000000e-02,1.000000e-03) Nseg=250 WinSize=10 [0]
# InnerCB: ICB/1/4_05_2.bin
# Gtable:  Gtable/4/030_001.bin
# InnerCodebook: beta=4(256) nu=2
# InnerCodebook: B(B2p)=5(32) 5(32) 
# InnerCodebook: checked CWM, EncMap, DecMap
# beta=4(256) nu=2 N=1000 Dmax=35
# B=5,5,
# NBIDSchannel: N=1000 Q=4 Dmax=35 (Pid,Ps)=(3.000000e-02,1.000000e-03)
# FBalg4: Nseg=250 Dmax=35(w=71)
# FBalg4: Gtable: Gtable/4/030_001.bin
# Gtable: beta=4 (Pid,Ps,Ptrn)=(3.000000e-02,1.000000e-03,9.400000e-01) Pth=1.000000e-10
# Gtable: beta4p=256 beta4pp=65536
# Gtable::Gtable len=0 cnt=256
# Gtable::Gtable len=1 cnt=1024
# Gtable::Gtable len=2 cnt=4096
# Gtable::Gtable len=3 cnt=13732
# Gtable::Gtable len=4 cnt=40984
# Gtable::Gtable len=5 cnt=57292
# Gtable::Gtable len=6 cnt=65560
# Gtable::Gtable len=7 cnt=15676
# Gtable::Gtable len=8 cnt=6400
# FBalg4: beta=4(256) (Pid,Ps)=(3.000000e-02,1.000000e-03) Pth=1.000000e-10 N=1000
# StatICB: nu=2 beta=4 beta4p=256 Bsum=10 HdThNum=20 HdThStep=5.00e-02
# StatICB: B=5,5,
# StatICB: HdThList 9.50e-01,9.00e-01,8.50e-01,8.00e-01,7.50e-01,7.00e-01,6.50e-01,6.00e-01,5.50e-01,5.00e-01,4.50e-01,4.00e-01,3.50e-01,3.00e-01,2.50e-01,2.00e-01,1.50e-01,1.00e-01,5.00e-02,1.00e-10,
0094(1000) (1.11e+00 1.05e+00) XE:1.32e-01 (1.17e+00 1.14e+00 | 5.15e-01 4.98e-01)
0189(1003) (9.56e-01 1.05e+00) XE:1.32e-01 (1.15e+00 1.14e+00 | 4.92e-01 4.98e-01)
0284(1009) (8.35e-01 1.05e+00) XE:1.31e-01 (1.15e+00 1.14e+00 | 4.90e-01 4.98e-01)
0379(1008) (8.81e-01 1.05e+00) XE:1.31e-01 (1.12e+00 1.14e+00 | 4.92e-01 4.98e-01)
0474(1006) (1.21e+00 1.04e+00) XE:1.31e-01 (1.13e+00 1.14e+00 | 5.01e-01 4.98e-01)
0569(1003) (1.08e+00 1.04e+00) XE:1.30e-01 (1.14e+00 1.14e+00 | 4.96e-01 4.98e-01)
0663(1000) (9.01e-01 1.04e+00) XE:1.30e-01 (1.14e+00 1.14e+00 | 5.17e-01 4.99e-01)
0758(999) (8.56e-01 1.04e+00) XE:1.30e-01 (1.14e+00 1.14e+00 | 4.78e-01 4.99e-01)
0853(1020) (7.86e-01 1.05e+00) XE:1.31e-01 (1.14e+00 1.14e+00 | 4.82e-01 4.98e-01)
0948(993) (1.16e+00 1.04e+00) XE:1.30e-01 (1.14e+00 1.14e+00 | 5.25e-01 4.98e-01)
1043(998) (1.03e+00 1.04e+00) XE:1.30e-01 (1.15e+00 1.14e+00 | 5.39e-01 4.98e-01)
1138(994) (1.13e+00 1.04e+00) XE:1.31e-01 (1.15e+00 1.14e+00 | 4.42e-01 4.99e-01)
1233(1010) (9.65e-01 1.04e+00) XE:1.30e-01 (1.13e+00 1.14e+00 | 5.21e-01 4.99e-01)
1328(993) (1.02e+00 1.04e+00) XE:1.30e-01 (1.15e+00 1.14e+00 | 4.82e-01 4.99e-01)
1423(996) (9.42e-01 1.04e+00) XE:1.30e-01 (1.15e+00 1.14e+00 | 4.94e-01 4.99e-01)
1518(993) (1.03e+00 1.04e+00) XE:1.30e-01 (1.14e+00 1.14e+00 | 5.21e-01 4.99e-01)
1613(997) (1.04e+00 1.04e+00) XE:1.31e-01 (1.12e+00 1.14e+00 | 5.29e-01 4.99e-01)
1708(997) (9.58e-01 1.04e+00) XE:1.31e-01 (1.13e+00 1.14e+00 | 5.25e-01 4.99e-01)
1803(1000) (1.10e+00 1.04e+00) XE:1.31e-01 (1.13e+00 1.14e+00 | 5.11e-01 4.99e-01)
1898(1005) (8.38e-01 1.04e+00) XE:1.30e-01 (1.15e+00 1.14e+00 | 4.92e-01 4.99e-01)
1993(994) (1.25e+00 1.04e+00) XE:1.31e-01 (1.14e+00 1.14e+00 | 5.37e-01 4.99e-01)
2088(986) (1.19e+00 1.04e+00) XE:1.30e-01 (1.14e+00 1.14e+00 | 4.84e-01 4.99e-01)
2183(1010) (1.08e+00 1.04e+00) XE:1.31e-01 (1.15e+00 1.14e+00 | 4.82e-01 4.99e-01)
2278(995) (1.27e+00 1.04e+00) XE:1.30e-01 (1.15e+00 1.14e+00 | 5.29e-01 4.99e-01)
2373(1000) (7.68e-01 1.04e+00) XE:1.30e-01 (1.14e+00 1.14e+00 | 5.51e-01 4.99e-01)
2468(995) (7.63e-01 1.04e+00) XE:1.30e-01 (1.13e+00 1.14e+00 | 5.17e-01 4.99e-01)
2563(1001) (8.12e-01 1.04e+00) XE:1.30e-01 (1.15e+00 1.14e+00 | 4.96e-01 4.99e-01)
2658(998) (1.28e+00 1.04e+00) XE:1.30e-01 (1.15e+00 1.14e+00 | 4.88e-01 4.99e-01)
2753(995) (1.12e+00 1.04e+00) XE:1.30e-01 (1.15e+00 1.14e+00 | 5.05e-01 4.99e-01)
2847(1004) (9.52e-01 1.04e+00) XE:1.30e-01 (1.13e+00 1.14e+00 | 4.88e-01 4.99e-01)
2942(1005) (1.29e+00 1.04e+00) XE:1.30e-01 (1.14e+00 1.14e+00 | 4.96e-01 4.99e-01)
3037(1000) (1.15e+00 1.04e+00) XE:1.30e-01 (1.14e+00 1.14e+00 | 5.01e-01 4.99e-01)
3132(994) (1.23e+00 1.04e+00) XE:1.30e-01 (1.15e+00 1.14e+00 | 4.94e-01 4.99e-01)
3227(994) (1.14e+00 1.04e+00) XE:1.30e-01 (1.12e+00 1.14e+00 | 4.94e-01 4.99e-01)
3322(1005) (8.80e-01 1.04e+00) XE:1.30e-01 (1.13e+00 1.14e+00 | 5.39e-01 4.99e-01)
3417(978) (1.09e+00 1.04e+00) XE:1.30e-01 (1.16e+00 1.14e+00 | 4.76e-01 4.99e-01)
3512(1007) (9.32e-01 1.04e+00) XE:1.30e-01 (1.16e+00 1.14e+00 | 5.01e-01 4.99e-01)
3607(999) (9.04e-01 1.04e+00) XE:1.30e-01 (1.14e+00 1.14e+00 | 4.82e-01 4.99e-01)
3702(997) (1.03e+00 1.04e+00) XE:1.30e-01 (1.12e+00 1.14e+00 | 4.78e-01 4.99e-01)
3797(1012) (9.38e-01 1.04e+00) XE:1.30e-01 (1.13e+00 1.14e+00 | 4.62e-01 4.99e-01)
3892(992) (9.22e-01 1.04e+00) XE:1.30e-01 (1.14e+00 1.14e+00 | 4.96e-01 4.99e-01)
3987(1002) (1.03e+00 1.04e+00) XE:1.30e-01 (1.14e+00 1.14e+00 | 5.19e-01 4.99e-01)
4082(1000) (1.03e+00 1.04e+00) XE:1.30e-01 (1.13e+00 1.14e+00 | 5.47e-01 4.99e-01)
4177(1012) (1.06e+00 1.04e+00) XE:1.30e-01 (1.14e+00 1.14e+00 | 4.84e-01 4.99e-01)
4272(995) (1.36e+00 1.04e+00) XE:1.30e-01 (1.12e+00 1.14e+00 | 5.11e-01 4.99e-01)
4367(1017) (8.75e-01 1.04e+00) XE:1.30e-01 (1.17e+00 1.14e+00 | 5.19e-01 4.99e-01)
4462(993) (9.48e-01 1.04e+00) XE:1.30e-01 (1.14e+00 1.14e+00 | 5.09e-01 4.99e-01)
4557(1003) (1.05e+00 1.04e+00) XE:1.30e-01 (1.12e+00 1.14e+00 | 5.11e-01 4.99e-01)
4652(1001) (9.04e-01 1.04e+00) XE:1.30e-01 (1.15e+00 1.14e+00 | 5.45e-01 4.99e-01)
4747(1020) (8.30e-01 1.04e+00) XE:1.30e-01 (1.19e+00 1.14e+00 | 5.35e-01 4.99e-01)
4842(1013) (1.25e+00 1.04e+00) XE:1.30e-01 (1.13e+00 1.14e+00 | 4.66e-01 4.99e-01)
4936(990) (1.18e+00 1.04e+00) XE:1.30e-01 (1.16e+00 1.14e+00 | 4.82e-01 4.99e-01)
5031(997) (1.31e+00 1.04e+00) XE:1.30e-01 (1.12e+00 1.14e+00 | 5.15e-01 4.99e-01)
5126(997) (1.12e+00 1.04e+00) XE:1.30e-01 (1.16e+00 1.14e+00 | 5.11e-01 4.99e-01)
5221(989) (1.31e+00 1.04e+00) XE:1.30e-01 (1.13e+00 1.14e+00 | 4.44e-01 4.99e-01)
5316(993) (1.18e+00 1.04e+00) XE:1.30e-01 (1.14e+00 1.14e+00 | 5.09e-01 4.99e-01)
5411(1010) (8.14e-01 1.04e+00) XE:1.30e-01 (1.14e+00 1.14e+00 | 4.42e-01 4.99e-01)
5506(1008) (9.05e-01 1.04e+00) XE:1.30e-01 (1.15e+00 1.14e+00 | 4.74e-01 4.99e-01)
5601(1000) (9.53e-01 1.04e+00) XE:1.30e-01 (1.13e+00 1.14e+00 | 5.11e-01 4.99e-01)
5696(1010) (1.18e+00 1.04e+00) XE:1.30e-01 (1.12e+00 1.14e+00 | 5.05e-01 4.99e-01)
5791(1007) (7.03e-01 1.04e+00) XE:1.30e-01 (1.14e+00 1.14e+00 | 4.64e-01 4.99e-01)
5886(985) (1.23e+00 1.04e+00) XE:1.30e-01 (1.13e+00 1.14e+00 | 4.86e-01 4.99e-01)
5980(992) (1.25e+00 1.04e+00) XE:1.30e-01 (1.13e+00 1.14e+00 | 4.92e-01 4.99e-01)
6075(995) (9.93e-01 1.04e+00) XE:1.30e-01 (1.12e+00 1.14e+00 | 4.82e-01 4.99e-01)
6170(1005) (6.58e-01 1.04e+00) XE:1.30e-01 (1.15e+00 1.14e+00 | 5.13e-01 4.99e-01)
6265(1014) (8.59e-01 1.04e+00) XE:1.30e-01 (1.14e+00 1.14e+00 | 5.27e-01 4.99e-01)
6360(1007) (1.57e+00 1.04e+00) XE:1.30e-01 (1.14e+00 1.14e+00 | 5.19e-01 4.99e-01)
6455(1003) (1.01e+00 1.04e+00) XE:1.30e-01 (1.17e+00 1.14e+00 | 4.52e-01 4.99e-01)
6550(999) (8.49e-01 1.04e+00) XE:1.30e-01 (1.14e+00 1.14e+00 | 4.82e-01 4.99e-01)
6645(998) (6.93e-01 1.04e+00) XE:1.30e-01 (1.16e+00 1.14e+00 | 4.14e-01 4.99e-01)
6740(999) (8.01e-01 1.04e+00) XE:1.30e-01 (1.14e+00 1.14e+00 | 4.94e-01 4.99e-01)
6835(1000) (8.86e-01 1.04e+00) XE:1.30e-01 (1.14e+00 1.14e+00 | 5.03e-01 4.99e-01)
6930(1005) (9.00e-01 1.04e+00) XE:1.30e-01 (1.14e+00 1.14e+00 | 5.15e-01 4.99e-01)
7025(989) (1.44e+00 1.04e+00) XE:1.30e-01 (1.14e+00 1.14e+00 | 5.21e-01 4.99e-01)
7120(1006) (9.18e-01 1.04e+00) XE:1.30e-01 (1.15e+00 1.14e+00 | 4.86e-01 4.99e-01)
7215(985) (1.25e+00 1.04e+00) XE:1.30e-01 (1.14e+00 1.14e+00 | 4.88e-01 4.99e-01)
7310(1004) (7.77e-01 1.04e+00) XE:1.30e-01 (1.14e+00 1.14e+00 | 4.92e-01 4.99e-01)
7405(992) (1.15e+00 1.04e+00) XE:1.30e-01 (1.16e+00 1.14e+00 | 5.21e-01 4.99e-01)
7500(1009) (1.49e+00 1.04e+00) XE:1.30e-01 (1.14e+00 1.14e+00 | 4.94e-01 4.99e-01)
7594(1001) (9.20e-01 1.04e+00) XE:1.30e-01 (1.14e+00 1.14e+00 | 4.94e-01 4.99e-01)
7689(1001) (8.44e-01 1.04e+00) XE:1.30e-01 (1.12e+00 1.14e+00 | 5.37e-01 5.00e-01)
7784(986) (9.35e-01 1.04e+00) XE:1.30e-01 (1.14e+00 1.14e+00 | 5.21e-01 4.99e-01)
7879(992) (1.12e+00 1.04e+00) XE:1.30e-01 (1.12e+00 1.14e+00 | 4.96e-01 4.99e-01)
7974(996) (1.01e+00 1.04e+00) XE:1.30e-01 (1.16e+00 1.14e+00 | 5.67e-01 4.99e-01)
8069(1005) (9.37e-01 1.04e+00) XE:1.30e-01 (1.14e+00 1.14e+00 | 4.70e-01 4.99e-01)
8164(1003) (1.06e+00 1.04e+00) XE:1.30e-01 (1.13e+00 1.14e+00 | 5.03e-01 4.99e-01)
8259(996) (1.26e+00 1.04e+00) XE:1.30e-01 (1.13e+00 1.14e+00 | 5.31e-01 4.99e-01)
8354(983) (1.10e+00 1.04e+00) XE:1.30e-01 (1.15e+00 1.14e+00 | 4.74e-01 4.99e-01)
8449(1004) (8.05e-01 1.04e+00) XE:1.30e-01 (1.10e+00 1.14e+00 | 5.15e-01 4.99e-01)
8544(992) (8.81e-01 1.04e+00) XE:1.30e-01 (1.15e+00 1.14e+00 | 4.76e-01 4.99e-01)
8639(997) (1.14e+00 1.04e+00) XE:1.30e-01 (1.14e+00 1.14e+00 | 4.92e-01 4.99e-01)
8734(1008) (7.74e-01 1.04e+00) XE:1.30e-01 (1.13e+00 1.14e+00 | 5.25e-01 4.99e-01)
8829(997) (8.28e-01 1.04e+00) XE:1.30e-01 (1.13e+00 1.14e+00 | 4.88e-01 4.99e-01)
8924(1010) (6.75e-01 1.04e+00) XE:1.30e-01 (1.13e+00 1.14e+00 | 5.13e-01 4.99e-01)
9019(1000) (1.28e+00 1.04e+00) XE:1.30e-01 (1.14e+00 1.14e+00 | 5.03e-01 4.99e-01)
9114(1000) (7.96e-01 1.04e+00) XE:1.30e-01 (1.14e+00 1.14e+00 | 4.96e-01 4.99e-01)
9209(1006) (9.34e-01 1.04e+00) XE:1.30e-01 (1.16e+00 1.14e+00 | 4.70e-01 4.99e-01)
9304(1001) (1.03e+00 1.04e+00) XE:1.30e-01 (1.13e+00 1.14e+00 | 5.09e-01 4.99e-01)
9399(993) (1.02e+00 1.04e+00) XE:1.30e-01 (1.16e+00 1.14e+00 | 5.27e-01 4.99e-01)
9494(1019) (1.11e+00 1.04e+00) XE:1.30e-01 (1.15e+00 1.14e+00 | 4.94e-01 4.99e-01)
9589(1005) (9.01e-01 1.04e+00) XE:1.30e-01 (1.14e+00 1.14e+00 | 5.01e-01 4.99e-01)
9684(993) (1.01e+00 1.04e+00) XE:1.30e-01 (1.14e+00 1.14e+00 | 4.80e-01 4.99e-01)
9779(984) (1.35e+00 1.04e+00) XE:1.30e-01 (1.13e+00 1.14e+00 | 5.17e-01 4.99e-01)
9874(989) (1.80e+00 1.04e+00) XE:1.30e-01 (1.14e+00 1.14e+00 | 4.88e-01 4.99e-01)
9969(996) (1.22e+00 1.04e+00) XE:1.30e-01 (1.15e+00 1.14e+00 | 5.01e-01 4.99e-01)
10000(1001) (9.70e-01 1.04e+00) XE:1.30e-01 (1.12e+00 1.14e+00 | 5.41e-01 4.99e-01)
RL cnt: 0,7497888,1246056,0,0,0,0,0,0,0,0,0,0,0,0,0,
BL cnt: 0,0,0,0,0,0,0,0,1237317,0,7435645,0,1237038,0,0,0,0,0,0,0,0,
[00] Th=9.500000e-01: 3.292854e+00 2.327528e+00 : 5.620382e-01
[01] Th=9.000000e-01: 3.569674e+00 3.049570e+00 : 6.619244e-01
[02] Th=8.500000e-01: 3.660308e+00 3.189949e+00 : 6.850256e-01
[03] Th=8.000000e-01: 3.714164e+00 3.277029e+00 : 6.991193e-01
[04] Th=7.500000e-01: 3.746851e+00 3.333084e+00 : 7.079935e-01
[05] Th=7.000000e-01: 3.774152e+00 3.386619e+00 : 7.160772e-01
[06] Th=6.500000e-01: 3.816395e+00 3.492857e+00 : 7.309252e-01
[07] Th=6.000000e-01: 3.848729e+00 3.555386e+00 : 7.404115e-01
[08] Th=5.500000e-01: 3.876189e+00 3.603135e+00 : 7.479324e-01
[09] Th=5.000000e-01: 3.895745e+00 3.639703e+00 : 7.535448e-01
[10] Th=4.500000e-01: 4.001324e+00 3.823845e+00 : 7.825169e-01
[11] Th=4.000000e-01: 4.015878e+00 3.856520e+00 : 7.872398e-01
[12] Th=3.500000e-01: 4.033193e+00 3.898961e+00 : 7.932155e-01
[13] Th=3.000000e-01: 4.062357e+00 4.004575e+00 : 8.066932e-01
[14] Th=2.500000e-01: 4.081391e+00 4.200237e+00 : 8.281628e-01
[15] Th=2.000000e-01: 4.129164e+00 4.332379e+00 : 8.461543e-01
[16] Th=1.500000e-01: 4.252395e+00 4.347211e+00 : 8.599606e-01
[17] Th=1.000000e-01: 4.276992e+00 4.350090e+00 : 8.627083e-01
[18] Th=5.000000e-02: 4.276999e+00 4.350552e+00 : 8.627551e-01
[19] Th=1.000000e-10: 4.276999e+00 4.350552e+00 : 8.627551e-01
# InnerCodebook: deleted
# NBIDSchannel: deleted
# Gtable: deleted
# FBalg4: deleted
# StatICB: deleted
