# (Pid,Ps)=(3.500000e-02,1.000000e-02) Nseg=250 WinSize=10 [0]
# InnerCB: ICB/1/4_05_2.bin
# Gtable:  Gtable/4/035_010.bin
# InnerCodebook: beta=4(256) nu=2
# InnerCodebook: B(B2p)=5(32) 5(32) 
# InnerCodebook: checked CWM, EncMap, DecMap
# beta=4(256) nu=2 N=1000 Dmax=40
# B=5,5,
# NBIDSchannel: N=1000 Q=4 Dmax=40 (Pid,Ps)=(3.500000e-02,1.000000e-02)
# FBalg4: Nseg=250 Dmax=40(w=81)
# FBalg4: Gtable: Gtable/4/035_010.bin
# Gtable: beta=4 (Pid,Ps,Ptrn)=(3.500000e-02,1.000000e-02,9.300000e-01) Pth=1.000000e-10
# Gtable: beta4p=256 beta4pp=65536
# Gtable::Gtable len=0 cnt=256
# Gtable::Gtable len=1 cnt=1024
# Gtable::Gtable len=2 cnt=4096
# Gtable::Gtable len=3 cnt=16384
# Gtable::Gtable len=4 cnt=61420
# Gtable::Gtable len=5 cnt=153172
# Gtable::Gtable len=6 cnt=205312
# Gtable::Gtable len=7 cnt=126700
# Gtable::Gtable len=8 cnt=6400
# FBalg4: beta=4(256) (Pid,Ps)=(3.500000e-02,1.000000e-02) Pth=1.000000e-10 N=1000
# StatICB: nu=2 beta=4 beta4p=256 Bsum=10 HdThNum=20 HdThStep=5.00e-02
# StatICB: B=5,5,
# StatICB: HdThList 9.50e-01,9.00e-01,8.50e-01,8.00e-01,7.50e-01,7.00e-01,6.50e-01,6.00e-01,5.50e-01,5.00e-01,4.50e-01,4.00e-01,3.50e-01,3.00e-01,2.50e-01,2.00e-01,1.50e-01,1.00e-01,5.00e-02,1.00e-10,
0068(992) (1.27e+00 1.54e+00) XE:1.93e-01 (1.15e+00 1.14e+00 | 5.33e-01 5.04e-01)
0136(999) (2.03e+00 1.59e+00) XE:1.99e-01 (1.14e+00 1.14e+00 | 5.07e-01 5.03e-01)
0204(995) (1.96e+00 1.62e+00) XE:2.02e-01 (1.14e+00 1.14e+00 | 5.11e-01 5.03e-01)
0271(997) (1.74e+00 1.61e+00) XE:2.01e-01 (1.13e+00 1.14e+00 | 5.11e-01 5.02e-01)
0339(1006) (1.51e+00 1.61e+00) XE:2.01e-01 (1.13e+00 1.14e+00 | 5.23e-01 5.02e-01)
0407(1002) (1.82e+00 1.62e+00) XE:2.02e-01 (1.16e+00 1.14e+00 | 5.15e-01 5.03e-01)
0475(995) (1.77e+00 1.61e+00) XE:2.02e-01 (1.14e+00 1.14e+00 | 4.62e-01 5.02e-01)
0543(986) (1.44e+00 1.62e+00) XE:2.03e-01 (1.14e+00 1.14e+00 | 4.96e-01 5.02e-01)
0611(995) (1.63e+00 1.63e+00) XE:2.03e-01 (1.15e+00 1.14e+00 | 4.78e-01 5.02e-01)
0679(1002) (1.56e+00 1.63e+00) XE:2.04e-01 (1.15e+00 1.14e+00 | 4.68e-01 5.01e-01)
0747(981) (1.81e+00 1.63e+00) XE:2.03e-01 (1.13e+00 1.14e+00 | 5.19e-01 5.01e-01)
0815(1021) (1.49e+00 1.63e+00) XE:2.04e-01 (1.13e+00 1.14e+00 | 5.05e-01 5.01e-01)
0883(991) (1.64e+00 1.63e+00) XE:2.04e-01 (1.15e+00 1.14e+00 | 4.94e-01 5.01e-01)
0950(994) (2.29e+00 1.63e+00) XE:2.03e-01 (1.13e+00 1.14e+00 | 5.15e-01 5.00e-01)
1018(992) (1.77e+00 1.62e+00) XE:2.03e-01 (1.14e+00 1.14e+00 | 5.09e-01 5.00e-01)
1086(1002) (1.33e+00 1.62e+00) XE:2.03e-01 (1.13e+00 1.14e+00 | 4.60e-01 5.00e-01)
1154(1002) (1.26e+00 1.62e+00) XE:2.03e-01 (1.15e+00 1.14e+00 | 4.98e-01 5.00e-01)
1222(985) (1.98e+00 1.62e+00) XE:2.03e-01 (1.15e+00 1.14e+00 | 5.07e-01 5.00e-01)
1290(1003) (1.48e+00 1.62e+00) XE:2.02e-01 (1.14e+00 1.14e+00 | 5.03e-01 5.00e-01)
1358(1007) (1.24e+00 1.62e+00) XE:2.02e-01 (1.14e+00 1.14e+00 | 5.07e-01 5.00e-01)
1426(997) (1.71e+00 1.62e+00) XE:2.02e-01 (1.16e+00 1.14e+00 | 4.72e-01 5.00e-01)
1493(980) (1.92e+00 1.62e+00) XE:2.02e-01 (1.14e+00 1.14e+00 | 4.58e-01 5.00e-01)
1561(998) (1.66e+00 1.62e+00) XE:2.02e-01 (1.14e+00 1.14e+00 | 5.01e-01 5.00e-01)
1629(993) (1.90e+00 1.61e+00) XE:2.02e-01 (1.14e+00 1.14e+00 | 4.64e-01 5.00e-01)
1697(997) (1.64e+00 1.61e+00) XE:2.02e-01 (1.14e+00 1.14e+00 | 5.05e-01 5.00e-01)
1765(1004) (1.55e+00 1.61e+00) XE:2.02e-01 (1.15e+00 1.14e+00 | 4.96e-01 5.00e-01)
1833(998) (1.69e+00 1.61e+00) XE:2.02e-01 (1.16e+00 1.14e+00 | 4.70e-01 5.00e-01)
1901(1008) (1.67e+00 1.62e+00) XE:2.02e-01 (1.14e+00 1.14e+00 | 5.15e-01 5.00e-01)
1969(1001) (2.00e+00 1.62e+00) XE:2.02e-01 (1.14e+00 1.14e+00 | 4.56e-01 5.00e-01)
2037(997) (1.40e+00 1.62e+00) XE:2.02e-01 (1.15e+00 1.14e+00 | 5.13e-01 5.00e-01)
2105(987) (1.56e+00 1.62e+00) XE:2.02e-01 (1.14e+00 1.14e+00 | 4.56e-01 4.99e-01)
2172(1006) (1.66e+00 1.62e+00) XE:2.02e-01 (1.15e+00 1.14e+00 | 5.11e-01 4.99e-01)
2240(997) (1.50e+00 1.62e+00) XE:2.02e-01 (1.13e+00 1.14e+00 | 5.27e-01 4.99e-01)
2308(1002) (1.81e+00 1.62e+00) XE:2.02e-01 (1.15e+00 1.14e+00 | 4.94e-01 4.99e-01)
2376(1005) (1.33e+00 1.62e+00) XE:2.02e-01 (1.16e+00 1.14e+00 | 5.59e-01 4.99e-01)
2444(990) (1.57e+00 1.62e+00) XE:2.02e-01 (1.12e+00 1.14e+00 | 4.82e-01 4.99e-01)
2512(1006) (1.58e+00 1.62e+00) XE:2.02e-01 (1.13e+00 1.14e+00 | 4.96e-01 4.99e-01)
2580(996) (1.92e+00 1.62e+00) XE:2.02e-01 (1.12e+00 1.14e+00 | 5.19e-01 4.99e-01)
2648(991) (1.64e+00 1.62e+00) XE:2.02e-01 (1.14e+00 1.14e+00 | 5.21e-01 4.99e-01)
2716(997) (1.57e+00 1.62e+00) XE:2.02e-01 (1.13e+00 1.14e+00 | 5.35e-01 4.99e-01)
2784(1000) (1.19e+00 1.62e+00) XE:2.02e-01 (1.13e+00 1.14e+00 | 4.98e-01 4.99e-01)
2851(993) (1.57e+00 1.62e+00) XE:2.02e-01 (1.14e+00 1.14e+00 | 5.21e-01 4.99e-01)
2919(1008) (1.91e+00 1.62e+00) XE:2.02e-01 (1.13e+00 1.14e+00 | 5.49e-01 4.99e-01)
2987(1000) (1.66e+00 1.62e+00) XE:2.02e-01 (1.13e+00 1.14e+00 | 4.78e-01 4.99e-01)
3055(999) (1.91e+00 1.62e+00) XE:2.02e-01 (1.16e+00 1.14e+00 | 5.43e-01 4.99e-01)
3123(984) (1.89e+00 1.62e+00) XE:2.02e-01 (1.12e+00 1.14e+00 | 4.80e-01 4.99e-01)
3191(1009) (1.70e+00 1.62e+00) XE:2.02e-01 (1.14e+00 1.14e+00 | 5.07e-01 4.99e-01)
3259(1000) (1.64e+00 1.62e+00) XE:2.02e-01 (1.15e+00 1.14e+00 | 4.84e-01 4.99e-01)
3327(993) (1.75e+00 1.62e+00) XE:2.02e-01 (1.13e+00 1.14e+00 | 5.15e-01 4.99e-01)
3395(991) (1.94e+00 1.62e+00) XE:2.02e-01 (1.15e+00 1.14e+00 | 4.76e-01 4.99e-01)
3463(999) (1.92e+00 1.62e+00) XE:2.02e-01 (1.15e+00 1.14e+00 | 5.33e-01 5.00e-01)
3531(1000) (1.63e+00 1.62e+00) XE:2.02e-01 (1.14e+00 1.14e+00 | 4.98e-01 5.00e-01)
3599(1004) (1.46e+00 1.62e+00) XE:2.02e-01 (1.13e+00 1.14e+00 | 4.82e-01 5.00e-01)
3667(996) (1.73e+00 1.62e+00) XE:2.02e-01 (1.15e+00 1.14e+00 | 4.80e-01 5.00e-01)
3735(996) (1.32e+00 1.62e+00) XE:2.02e-01 (1.15e+00 1.14e+00 | 5.19e-01 5.00e-01)
3803(1002) (1.51e+00 1.62e+00) XE:2.02e-01 (1.14e+00 1.14e+00 | 5.09e-01 5.00e-01)
3870(1011) (1.57e+00 1.62e+00) XE:2.02e-01 (1.14e+00 1.14e+00 | 4.92e-01 5.00e-01)
3939(988) (1.63e+00 1.62e+00) XE:2.02e-01 (1.14e+00 1.14e+00 | 5.07e-01 5.00e-01)
4007(998) (1.57e+00 1.62e+00) XE:2.02e-01 (1.13e+00 1.14e+00 | 4.76e-01 5.00e-01)
4075(999) (1.50e+00 1.62e+00) XE:2.02e-01 (1.12e+00 1.14e+00 | 4.42e-01 5.00e-01)
4143(996) (1.74e+00 1.62e+00) XE:2.02e-01 (1.14e+00 1.14e+00 | 4.78e-01 5.00e-01)
4211(1009) (9.39e-01 1.62e+00) XE:2.02e-01 (1.14e+00 1.14e+00 | 5.17e-01 5.00e-01)
4279(997) (1.68e+00 1.62e+00) XE:2.03e-01 (1.12e+00 1.14e+00 | 5.13e-01 5.00e-01)
4347(997) (1.67e+00 1.62e+00) XE:2.02e-01 (1.16e+00 1.14e+00 | 5.03e-01 5.00e-01)
4415(999) (1.56e+00 1.62e+00) XE:2.02e-01 (1.15e+00 1.14e+00 | 5.55e-01 5.00e-01)
4483(1002) (1.56e+00 1.62e+00) XE:2.02e-01 (1.13e+00 1.14e+00 | 4.66e-01 5.00e-01)
4551(993) (1.73e+00 1.62e+00) XE:2.02e-01 (1.14e+00 1.14e+00 | 5.13e-01 5.00e-01)
4619(997) (1.24e+00 1.62e+00) XE:2.02e-01 (1.14e+00 1.14e+00 | 4.96e-01 5.00e-01)
4687(1003) (1.73e+00 1.62e+00) XE:2.02e-01 (1.13e+00 1.14e+00 | 4.68e-01 5.00e-01)
4755(1006) (1.56e+00 1.62e+00) XE:2.02e-01 (1.14e+00 1.14e+00 | 4.98e-01 5.00e-01)
4823(1011) (1.24e+00 1.62e+00) XE:2.02e-01 (1.16e+00 1.14e+00 | 4.74e-01 5.00e-01)
4891(987) (1.93e+00 1.62e+00) XE:2.02e-01 (1.12e+00 1.14e+00 | 5.15e-01 5.00e-01)
4959(996) (1.47e+00 1.62e+00) XE:2.02e-01 (1.14e+00 1.14e+00 | 4.90e-01 5.00e-01)
5027(1002) (1.20e+00 1.62e+00) XE:2.02e-01 (1.14e+00 1.14e+00 | 5.03e-01 5.00e-01)
5095(1013) (1.46e+00 1.62e+00) XE:2.02e-01 (1.13e+00 1.14e+00 | 4.82e-01 5.00e-01)
5163(1002) (1.63e+00 1.62e+00) XE:2.02e-01 (1.12e+00 1.14e+00 | 5.03e-01 5.00e-01)
5231(995) (1.91e+00 1.62e+00) XE:2.02e-01 (1.14e+00 1.14e+00 | 4.84e-01 5.00e-01)
5299(1001) (1.55e+00 1.62e+00) XE:2.02e-01 (1.14e+00 1.14e+00 | 4.84e-01 5.00e-01)
5367(1016) (1.55e+00 1.62e+00) XE:2.02e-01 (1.15e+00 1.14e+00 | 5.09e-01 5.00e-01)
5435(1006) (1.38e+00 1.62e+00) XE:2.02e-01 (1.15e+00 1.14e+00 | 5.03e-01 5.00e-01)
5503(1004) (1.85e+00 1.62e+00) XE:2.02e-01 (1.15e+00 1.14e+00 | 4.56e-01 5.00e-01)
5571(1005) (1.68e+00 1.62e+00) XE:2.02e-01 (1.15e+00 1.14e+00 | 4.92e-01 5.00e-01)
5639(992) (1.61e+00 1.62e+00) XE:2.02e-01 (1.17e+00 1.14e+00 | 4.88e-01 5.00e-01)
5707(994) (1.96e+00 1.62e+00) XE:2.02e-01 (1.14e+00 1.14e+00 | 4.96e-01 5.00e-01)
5775(1001) (1.29e+00 1.62e+00) XE:2.02e-01 (1.15e+00 1.14e+00 | 4.50e-01 5.00e-01)
5843(1001) (1.64e+00 1.62e+00) XE:2.02e-01 (1.14e+00 1.14e+00 | 4.88e-01 5.00e-01)
5911(999) (1.43e+00 1.62e+00) XE:2.02e-01 (1.13e+00 1.14e+00 | 5.01e-01 5.00e-01)
5979(1007) (1.50e+00 1.62e+00) XE:2.02e-01 (1.18e+00 1.14e+00 | 5.09e-01 5.00e-01)
6047(999) (1.92e+00 1.62e+00) XE:2.02e-01 (1.13e+00 1.14e+00 | 5.23e-01 5.00e-01)
6114(996) (1.37e+00 1.62e+00) XE:2.02e-01 (1.15e+00 1.14e+00 | 5.33e-01 5.00e-01)
6182(1004) (1.45e+00 1.62e+00) XE:2.02e-01 (1.13e+00 1.14e+00 | 5.03e-01 5.00e-01)
6250(989) (1.29e+00 1.62e+00) XE:2.02e-01 (1.14e+00 1.14e+00 | 4.78e-01 5.00e-01)
6318(1017) (1.62e+00 1.62e+00) XE:2.02e-01 (1.15e+00 1.14e+00 | 5.29e-01 5.00e-01)
6386(1009) (1.65e+00 1.62e+00) XE:2.02e-01 (1.14e+00 1.14e+00 | 5.07e-01 5.00e-01)
6454(1009) (1.47e+00 1.62e+00) XE:2.02e-01 (1.14e+00 1.14e+00 | 5.01e-01 5.00e-01)
6522(985) (1.53e+00 1.62e+00) XE:2.02e-01 (1.14e+00 1.14e+00 | 4.60e-01 5.00e-01)
6590(1002) (1.84e+00 1.62e+00) XE:2.02e-01 (1.14e+00 1.14e+00 | 5.61e-01 5.00e-01)
6658(991) (1.89e+00 1.62e+00) XE:2.02e-01 (1.13e+00 1.14e+00 | 4.80e-01 5.00e-01)
6726(993) (1.70e+00 1.62e+00) XE:2.02e-01 (1.14e+00 1.14e+00 | 5.43e-01 5.00e-01)
6794(999) (1.59e+00 1.62e+00) XE:2.02e-01 (1.13e+00 1.14e+00 | 5.27e-01 5.00e-01)
6862(987) (2.01e+00 1.62e+00) XE:2.02e-01 (1.11e+00 1.14e+00 | 5.07e-01 5.00e-01)
6930(1011) (1.73e+00 1.62e+00) XE:2.02e-01 (1.14e+00 1.14e+00 | 4.72e-01 5.00e-01)
6998(999) (1.22e+00 1.62e+00) XE:2.02e-01 (1.13e+00 1.14e+00 | 5.09e-01 5.00e-01)
7066(998) (1.29e+00 1.62e+00) XE:2.02e-01 (1.17e+00 1.14e+00 | 4.92e-01 5.00e-01)
7134(1007) (1.36e+00 1.61e+00) XE:2.02e-01 (1.14e+00 1.14e+00 | 4.90e-01 5.00e-01)
7202(1003) (1.49e+00 1.61e+00) XE:2.02e-01 (1.15e+00 1.14e+00 | 5.03e-01 5.00e-01)
7270(984) (1.57e+00 1.61e+00) XE:2.02e-01 (1.13e+00 1.14e+00 | 4.92e-01 5.00e-01)
7338(1008) (1.40e+00 1.61e+00) XE:2.02e-01 (1.13e+00 1.14e+00 | 5.57e-01 5.00e-01)
7406(1000) (1.36e+00 1.61e+00) XE:2.02e-01 (1.15e+00 1.14e+00 | 4.74e-01 5.00e-01)
7474(1010) (1.43e+00 1.61e+00) XE:2.02e-01 (1.15e+00 1.14e+00 | 5.21e-01 5.00e-01)
7542(996) (1.73e+00 1.61e+00) XE:2.02e-01 (1.14e+00 1.14e+00 | 5.19e-01 5.00e-01)
7610(993) (1.67e+00 1.61e+00) XE:2.02e-01 (1.16e+00 1.14e+00 | 5.11e-01 5.00e-01)
7678(1000) (1.77e+00 1.61e+00) XE:2.02e-01 (1.14e+00 1.14e+00 | 4.88e-01 5.00e-01)
7746(997) (1.83e+00 1.61e+00) XE:2.02e-01 (1.14e+00 1.14e+00 | 5.35e-01 5.00e-01)
7814(1010) (1.42e+00 1.61e+00) XE:2.02e-01 (1.14e+00 1.14e+00 | 5.01e-01 5.00e-01)
7882(993) (1.65e+00 1.61e+00) XE:2.02e-01 (1.14e+00 1.14e+00 | 5.07e-01 5.00e-01)
7950(997) (1.61e+00 1.61e+00) XE:2.02e-01 (1.13e+00 1.14e+00 | 4.82e-01 5.00e-01)
8018(1003) (1.72e+00 1.61e+00) XE:2.02e-01 (1.15e+00 1.14e+00 | 4.78e-01 5.00e-01)
8086(1012) (1.48e+00 1.61e+00) XE:2.02e-01 (1.13e+00 1.14e+00 | 5.17e-01 5.00e-01)
8154(993) (1.50e+00 1.61e+00) XE:2.02e-01 (1.14e+00 1.14e+00 | 4.94e-01 5.00e-01)
8222(998) (1.53e+00 1.61e+00) XE:2.02e-01 (1.13e+00 1.14e+00 | 4.82e-01 5.00e-01)
8290(994) (1.80e+00 1.61e+00) XE:2.02e-01 (1.15e+00 1.14e+00 | 5.33e-01 5.00e-01)
8358(985) (2.48e+00 1.61e+00) XE:2.02e-01 (1.15e+00 1.14e+00 | 5.13e-01 5.00e-01)
8426(998) (1.74e+00 1.61e+00) XE:2.02e-01 (1.13e+00 1.14e+00 | 5.13e-01 5.00e-01)
8494(1003) (1.17e+00 1.61e+00) XE:2.02e-01 (1.15e+00 1.14e+00 | 4.88e-01 5.00e-01)
8562(992) (1.99e+00 1.61e+00) XE:2.02e-01 (1.14e+00 1.14e+00 | 5.03e-01 5.00e-01)
8630(989) (1.84e+00 1.61e+00) XE:2.02e-01 (1.12e+00 1.14e+00 | 4.88e-01 5.00e-01)
8698(1014) (1.48e+00 1.61e+00) XE:2.02e-01 (1.15e+00 1.14e+00 | 5.29e-01 5.00e-01)
8766(1004) (1.61e+00 1.61e+00) XE:2.02e-01 (1.14e+00 1.14e+00 | 4.96e-01 5.00e-01)
8834(991) (1.72e+00 1.61e+00) XE:2.02e-01 (1.16e+00 1.14e+00 | 4.58e-01 5.00e-01)
8902(998) (2.72e+00 1.61e+00) XE:2.02e-01 (1.15e+00 1.14e+00 | 5.13e-01 5.00e-01)
8970(1002) (1.36e+00 1.61e+00) XE:2.02e-01 (1.13e+00 1.14e+00 | 4.80e-01 5.00e-01)
9038(999) (1.52e+00 1.61e+00) XE:2.02e-01 (1.15e+00 1.14e+00 | 4.46e-01 5.00e-01)
9106(999) (1.64e+00 1.61e+00) XE:2.02e-01 (1.13e+00 1.14e+00 | 4.90e-01 5.00e-01)
9174(992) (1.50e+00 1.61e+00) XE:2.02e-01 (1.14e+00 1.14e+00 | 4.96e-01 5.00e-01)
9241(996) (1.31e+00 1.61e+00) XE:2.02e-01 (1.13e+00 1.14e+00 | 5.07e-01 5.00e-01)
9309(998) (1.80e+00 1.61e+00) XE:2.02e-01 (1.14e+00 1.14e+00 | 5.05e-01 5.00e-01)
9377(993) (1.33e+00 1.61e+00) XE:2.02e-01 (1.14e+00 1.14e+00 | 4.78e-01 5.00e-01)
9445(995) (1.59e+00 1.61e+00) XE:2.02e-01 (1.14e+00 1.14e+00 | 4.96e-01 5.00e-01)
9513(1008) (1.77e+00 1.61e+00) XE:2.02e-01 (1.13e+00 1.14e+00 | 4.92e-01 5.00e-01)
9581(994) (1.66e+00 1.61e+00) XE:2.02e-01 (1.14e+00 1.14e+00 | 4.72e-01 5.00e-01)
9649(994) (1.81e+00 1.61e+00) XE:2.02e-01 (1.14e+00 1.14e+00 | 4.52e-01 5.00e-01)
9717(997) (1.74e+00 1.61e+00) XE:2.02e-01 (1.14e+00 1.14e+00 | 5.31e-01 5.00e-01)
9785(996) (2.00e+00 1.61e+00) XE:2.02e-01 (1.15e+00 1.14e+00 | 4.94e-01 5.00e-01)
9853(994) (2.07e+00 1.61e+00) XE:2.02e-01 (1.14e+00 1.14e+00 | 5.35e-01 4.99e-01)
9921(1003) (1.43e+00 1.61e+00) XE:2.02e-01 (1.16e+00 1.14e+00 | 5.15e-01 4.99e-01)
9989(999) (1.37e+00 1.61e+00) XE:2.02e-01 (1.15e+00 1.14e+00 | 4.70e-01 5.00e-01)
10000(1015) (1.20e+00 1.61e+00) XE:2.02e-01 (1.13e+00 1.14e+00 | 4.94e-01 4.99e-01)
RL cnt: 0,7495310,1247345,0,0,0,0,0,0,0,0,0,0,0,0,0,
BL cnt: 0,0,0,0,0,0,0,0,1237589,0,7434985,0,1237426,0,0,0,0,0,0,0,0,
[00] Th=9.500000e-01: 1.054890e+00 3.174587e-01 : 1.372348e-01
[01] Th=9.000000e-01: 2.630081e+00 1.641770e+00 : 4.271851e-01
[02] Th=8.500000e-01: 2.978047e+00 2.361831e+00 : 5.339878e-01
[03] Th=8.000000e-01: 3.125572e+00 2.586553e+00 : 5.712125e-01
[04] Th=7.500000e-01: 3.207586e+00 2.715976e+00 : 5.923562e-01
[05] Th=7.000000e-01: 3.274541e+00 2.826151e+00 : 6.100692e-01
[06] Th=6.500000e-01: 3.324554e+00 2.913281e+00 : 6.237835e-01
[07] Th=6.000000e-01: 3.388948e+00 3.061560e+00 : 6.450508e-01
[08] Th=5.500000e-01: 3.435007e+00 3.140496e+00 : 6.575503e-01
[09] Th=5.000000e-01: 3.472676e+00 3.208128e+00 : 6.680804e-01
[10] Th=4.500000e-01: 3.577800e+00 3.393375e+00 : 6.971176e-01
[11] Th=4.000000e-01: 3.605810e+00 3.453744e+00 : 7.059553e-01
[12] Th=3.500000e-01: 3.636623e+00 3.516571e+00 : 7.153195e-01
[13] Th=3.000000e-01: 3.676526e+00 3.657568e+00 : 7.334095e-01
[14] Th=2.500000e-01: 3.721337e+00 3.850749e+00 : 7.572086e-01
[15] Th=2.000000e-01: 3.780858e+00 3.973120e+00 : 7.753979e-01
[16] Th=1.500000e-01: 3.868610e+00 3.996158e+00 : 7.864768e-01
[17] Th=1.000000e-01: 3.905260e+00 3.999281e+00 : 7.904541e-01
[18] Th=5.000000e-02: 3.905247e+00 3.999926e+00 : 7.905173e-01
[19] Th=1.000000e-10: 3.905247e+00 3.999926e+00 : 7.905173e-01
# InnerCodebook: deleted
# NBIDSchannel: deleted
# Gtable: deleted
# FBalg4: deleted
# StatICB: deleted
