# (Pid,Ps)=(4.000000e-02,1.000000e-03) Nseg=250 WinSize=10 [0]
# InnerCB: ICB/1/4_05_2.bin
# Gtable:  Gtable/4/040_001.bin
# InnerCodebook: beta=4(256) nu=2
# InnerCodebook: B(B2p)=5(32) 5(32) 
# InnerCodebook: checked CWM, EncMap, DecMap
# beta=4(256) nu=2 N=1000 Dmax=45
# B=5,5,
# NBIDSchannel: N=1000 Q=4 Dmax=45 (Pid,Ps)=(4.000000e-02,1.000000e-03)
# FBalg4: Nseg=250 Dmax=45(w=91)
# FBalg4: Gtable: Gtable/4/040_001.bin
# Gtable: beta=4 (Pid,Ps,Ptrn)=(4.000000e-02,1.000000e-03,9.200000e-01) Pth=1.000000e-10
# Gtable: beta4p=256 beta4pp=65536
# Gtable::Gtable len=0 cnt=256
# Gtable::Gtable len=1 cnt=1024
# Gtable::Gtable len=2 cnt=4096
# Gtable::Gtable len=3 cnt=13732
# Gtable::Gtable len=4 cnt=42520
# Gtable::Gtable len=5 cnt=57292
# Gtable::Gtable len=6 cnt=107608
# Gtable::Gtable len=7 cnt=15676
# Gtable::Gtable len=8 cnt=6400
# FBalg4: beta=4(256) (Pid,Ps)=(4.000000e-02,1.000000e-03) Pth=1.000000e-10 N=1000
# StatICB: nu=2 beta=4 beta4p=256 Bsum=10 HdThNum=20 HdThStep=5.00e-02
# StatICB: B=5,5,
# StatICB: HdThList 9.50e-01,9.00e-01,8.50e-01,8.00e-01,7.50e-01,7.00e-01,6.50e-01,6.00e-01,5.50e-01,5.00e-01,4.50e-01,4.00e-01,3.50e-01,3.00e-01,2.50e-01,2.00e-01,1.50e-01,1.00e-01,5.00e-02,1.00e-10,
0066(1002) (1.12e+00 1.38e+00) XE:1.73e-01 (1.14e+00 1.14e+00 | 4.94e-01 5.00e-01)
0138(1006) (1.25e+00 1.41e+00) XE:1.76e-01 (1.13e+00 1.14e+00 | 5.13e-01 4.99e-01)
0210(1006) (1.53e+00 1.42e+00) XE:1.78e-01 (1.17e+00 1.14e+00 | 4.62e-01 4.98e-01)
0282(1018) (1.35e+00 1.42e+00) XE:1.77e-01 (1.15e+00 1.14e+00 | 5.15e-01 4.99e-01)
0354(987) (1.52e+00 1.41e+00) XE:1.77e-01 (1.13e+00 1.14e+00 | 5.11e-01 4.99e-01)
0426(991) (1.36e+00 1.41e+00) XE:1.77e-01 (1.17e+00 1.14e+00 | 4.64e-01 4.99e-01)
0497(994) (1.32e+00 1.42e+00) XE:1.77e-01 (1.16e+00 1.14e+00 | 4.82e-01 4.98e-01)
0569(1009) (1.24e+00 1.42e+00) XE:1.77e-01 (1.14e+00 1.14e+00 | 5.01e-01 4.98e-01)
0641(993) (1.81e+00 1.42e+00) XE:1.77e-01 (1.14e+00 1.14e+00 | 4.72e-01 4.99e-01)
0713(998) (1.43e+00 1.42e+00) XE:1.77e-01 (1.14e+00 1.14e+00 | 4.92e-01 4.99e-01)
0785(988) (1.82e+00 1.41e+00) XE:1.77e-01 (1.14e+00 1.14e+00 | 5.19e-01 4.99e-01)
0857(1005) (1.57e+00 1.41e+00) XE:1.77e-01 (1.12e+00 1.14e+00 | 5.17e-01 4.99e-01)
0929(992) (1.36e+00 1.42e+00) XE:1.77e-01 (1.14e+00 1.14e+00 | 4.58e-01 4.99e-01)
1001(991) (2.05e+00 1.42e+00) XE:1.77e-01 (1.15e+00 1.14e+00 | 4.94e-01 4.99e-01)
1073(1004) (1.26e+00 1.43e+00) XE:1.78e-01 (1.14e+00 1.14e+00 | 4.84e-01 4.99e-01)
1144(1015) (1.38e+00 1.43e+00) XE:1.79e-01 (1.13e+00 1.14e+00 | 5.15e-01 4.99e-01)
1216(1015) (1.26e+00 1.43e+00) XE:1.79e-01 (1.13e+00 1.14e+00 | 5.07e-01 4.99e-01)
1288(998) (1.67e+00 1.43e+00) XE:1.79e-01 (1.16e+00 1.14e+00 | 4.88e-01 4.99e-01)
1360(1011) (1.29e+00 1.43e+00) XE:1.79e-01 (1.14e+00 1.14e+00 | 4.58e-01 4.99e-01)
1432(997) (1.57e+00 1.43e+00) XE:1.79e-01 (1.13e+00 1.14e+00 | 4.56e-01 4.99e-01)
1504(1005) (1.11e+00 1.43e+00) XE:1.79e-01 (1.14e+00 1.14e+00 | 4.66e-01 4.99e-01)
1576(990) (1.75e+00 1.43e+00) XE:1.79e-01 (1.14e+00 1.14e+00 | 5.47e-01 5.00e-01)
1648(993) (1.64e+00 1.44e+00) XE:1.80e-01 (1.15e+00 1.14e+00 | 5.03e-01 5.00e-01)
1720(994) (1.62e+00 1.44e+00) XE:1.80e-01 (1.14e+00 1.14e+00 | 5.13e-01 5.00e-01)
1791(1012) (9.53e-01 1.44e+00) XE:1.80e-01 (1.13e+00 1.14e+00 | 5.09e-01 4.99e-01)
1863(1016) (1.34e+00 1.44e+00) XE:1.80e-01 (1.12e+00 1.14e+00 | 4.64e-01 5.00e-01)
1935(1004) (1.34e+00 1.44e+00) XE:1.80e-01 (1.13e+00 1.14e+00 | 5.17e-01 4.99e-01)
2007(1003) (1.56e+00 1.44e+00) XE:1.80e-01 (1.16e+00 1.14e+00 | 5.31e-01 5.00e-01)
2079(1006) (1.19e+00 1.44e+00) XE:1.80e-01 (1.14e+00 1.14e+00 | 4.96e-01 5.00e-01)
2151(1002) (1.40e+00 1.44e+00) XE:1.80e-01 (1.14e+00 1.14e+00 | 5.19e-01 5.00e-01)
2223(992) (1.28e+00 1.44e+00) XE:1.80e-01 (1.14e+00 1.14e+00 | 4.76e-01 5.00e-01)
2294(1005) (1.60e+00 1.44e+00) XE:1.80e-01 (1.14e+00 1.14e+00 | 5.25e-01 5.00e-01)
2366(991) (1.29e+00 1.44e+00) XE:1.80e-01 (1.15e+00 1.14e+00 | 4.84e-01 5.00e-01)
2438(1007) (1.32e+00 1.44e+00) XE:1.80e-01 (1.14e+00 1.14e+00 | 5.23e-01 5.00e-01)
2510(993) (1.85e+00 1.44e+00) XE:1.80e-01 (1.14e+00 1.14e+00 | 5.05e-01 4.99e-01)
2582(1000) (1.38e+00 1.44e+00) XE:1.80e-01 (1.14e+00 1.14e+00 | 4.54e-01 4.99e-01)
2654(993) (1.52e+00 1.44e+00) XE:1.80e-01 (1.14e+00 1.14e+00 | 4.90e-01 4.99e-01)
2726(993) (1.70e+00 1.44e+00) XE:1.80e-01 (1.15e+00 1.14e+00 | 5.03e-01 4.99e-01)
2798(1000) (1.44e+00 1.44e+00) XE:1.80e-01 (1.14e+00 1.14e+00 | 4.96e-01 4.99e-01)
2870(1003) (1.23e+00 1.44e+00) XE:1.80e-01 (1.15e+00 1.14e+00 | 5.09e-01 4.99e-01)
2941(1001) (1.75e+00 1.44e+00) XE:1.80e-01 (1.13e+00 1.14e+00 | 4.66e-01 4.99e-01)
3013(1000) (1.36e+00 1.44e+00) XE:1.80e-01 (1.15e+00 1.14e+00 | 4.70e-01 4.99e-01)
3085(993) (1.60e+00 1.44e+00) XE:1.80e-01 (1.14e+00 1.14e+00 | 4.84e-01 4.99e-01)
3157(1004) (1.30e+00 1.44e+00) XE:1.80e-01 (1.13e+00 1.14e+00 | 5.05e-01 4.99e-01)
3229(1013) (1.27e+00 1.44e+00) XE:1.80e-01 (1.12e+00 1.14e+00 | 4.98e-01 4.99e-01)
3301(995) (1.54e+00 1.44e+00) XE:1.80e-01 (1.15e+00 1.14e+00 | 5.07e-01 4.99e-01)
3373(994) (1.32e+00 1.44e+00) XE:1.80e-01 (1.14e+00 1.14e+00 | 4.84e-01 4.99e-01)
3444(1004) (1.29e+00 1.44e+00) XE:1.80e-01 (1.13e+00 1.14e+00 | 4.84e-01 4.99e-01)
3516(998) (1.42e+00 1.44e+00) XE:1.80e-01 (1.13e+00 1.14e+00 | 4.96e-01 4.99e-01)
3588(1004) (1.32e+00 1.44e+00) XE:1.80e-01 (1.15e+00 1.14e+00 | 4.98e-01 4.99e-01)
3660(992) (1.33e+00 1.44e+00) XE:1.80e-01 (1.15e+00 1.14e+00 | 4.86e-01 4.99e-01)
3732(983) (1.66e+00 1.44e+00) XE:1.80e-01 (1.14e+00 1.14e+00 | 5.01e-01 4.99e-01)
3804(1000) (1.56e+00 1.44e+00) XE:1.80e-01 (1.14e+00 1.14e+00 | 4.50e-01 4.99e-01)
3876(987) (1.99e+00 1.44e+00) XE:1.80e-01 (1.14e+00 1.14e+00 | 4.86e-01 4.99e-01)
3948(1001) (1.52e+00 1.44e+00) XE:1.80e-01 (1.14e+00 1.14e+00 | 4.80e-01 4.99e-01)
4020(992) (1.57e+00 1.44e+00) XE:1.80e-01 (1.13e+00 1.14e+00 | 4.84e-01 4.99e-01)
4092(991) (1.48e+00 1.44e+00) XE:1.80e-01 (1.14e+00 1.14e+00 | 5.01e-01 4.99e-01)
4164(1010) (1.27e+00 1.44e+00) XE:1.80e-01 (1.14e+00 1.14e+00 | 4.80e-01 4.99e-01)
4235(997) (1.30e+00 1.44e+00) XE:1.80e-01 (1.13e+00 1.14e+00 | 4.92e-01 4.99e-01)
4307(998) (1.32e+00 1.44e+00) XE:1.80e-01 (1.14e+00 1.14e+00 | 5.07e-01 4.99e-01)
4379(996) (1.39e+00 1.44e+00) XE:1.80e-01 (1.12e+00 1.14e+00 | 4.74e-01 4.99e-01)
4451(1009) (2.07e+00 1.44e+00) XE:1.80e-01 (1.14e+00 1.14e+00 | 4.96e-01 4.99e-01)
4523(1000) (1.30e+00 1.44e+00) XE:1.80e-01 (1.13e+00 1.14e+00 | 4.94e-01 4.99e-01)
4595(999) (1.50e+00 1.44e+00) XE:1.80e-01 (1.15e+00 1.14e+00 | 4.60e-01 4.99e-01)
4667(991) (1.58e+00 1.44e+00) XE:1.80e-01 (1.15e+00 1.14e+00 | 5.01e-01 4.99e-01)
4739(1014) (1.51e+00 1.44e+00) XE:1.80e-01 (1.13e+00 1.14e+00 | 4.66e-01 4.99e-01)
4811(1006) (1.13e+00 1.44e+00) XE:1.80e-01 (1.13e+00 1.14e+00 | 4.80e-01 4.99e-01)
4883(991) (1.38e+00 1.44e+00) XE:1.80e-01 (1.12e+00 1.14e+00 | 5.03e-01 4.99e-01)
4955(983) (1.67e+00 1.44e+00) XE:1.80e-01 (1.13e+00 1.14e+00 | 5.27e-01 4.99e-01)
5027(994) (1.39e+00 1.44e+00) XE:1.80e-01 (1.12e+00 1.14e+00 | 5.31e-01 4.99e-01)
5098(999) (1.57e+00 1.44e+00) XE:1.80e-01 (1.14e+00 1.14e+00 | 5.07e-01 4.99e-01)
5170(995) (1.32e+00 1.44e+00) XE:1.80e-01 (1.13e+00 1.14e+00 | 4.86e-01 4.99e-01)
5242(1005) (1.53e+00 1.44e+00) XE:1.80e-01 (1.14e+00 1.14e+00 | 5.19e-01 4.99e-01)
5314(1003) (1.72e+00 1.44e+00) XE:1.80e-01 (1.12e+00 1.14e+00 | 5.29e-01 4.99e-01)
5386(1007) (1.42e+00 1.44e+00) XE:1.80e-01 (1.15e+00 1.14e+00 | 4.94e-01 4.99e-01)
5458(1009) (1.31e+00 1.44e+00) XE:1.80e-01 (1.13e+00 1.14e+00 | 5.21e-01 4.99e-01)
5529(1008) (1.42e+00 1.44e+00) XE:1.80e-01 (1.15e+00 1.14e+00 | 4.84e-01 4.99e-01)
5601(1002) (9.73e-01 1.44e+00) XE:1.80e-01 (1.14e+00 1.14e+00 | 4.84e-01 4.99e-01)
5673(994) (1.70e+00 1.44e+00) XE:1.80e-01 (1.14e+00 1.14e+00 | 4.84e-01 4.99e-01)
5745(994) (1.47e+00 1.44e+00) XE:1.80e-01 (1.12e+00 1.14e+00 | 4.88e-01 4.99e-01)
5817(1013) (1.27e+00 1.44e+00) XE:1.80e-01 (1.14e+00 1.14e+00 | 5.03e-01 4.99e-01)
5889(1006) (1.22e+00 1.44e+00) XE:1.80e-01 (1.12e+00 1.14e+00 | 4.72e-01 4.99e-01)
5961(1006) (1.65e+00 1.44e+00) XE:1.80e-01 (1.15e+00 1.14e+00 | 5.03e-01 4.99e-01)
6032(994) (1.56e+00 1.44e+00) XE:1.80e-01 (1.12e+00 1.14e+00 | 5.15e-01 4.99e-01)
6105(994) (1.32e+00 1.44e+00) XE:1.80e-01 (1.15e+00 1.14e+00 | 5.05e-01 4.99e-01)
6176(983) (1.49e+00 1.44e+00) XE:1.80e-01 (1.12e+00 1.14e+00 | 4.66e-01 4.99e-01)
6248(1007) (1.33e+00 1.44e+00) XE:1.80e-01 (1.14e+00 1.14e+00 | 5.35e-01 4.99e-01)
6320(986) (1.89e+00 1.44e+00) XE:1.80e-01 (1.14e+00 1.14e+00 | 4.94e-01 4.99e-01)
6392(993) (1.55e+00 1.44e+00) XE:1.80e-01 (1.15e+00 1.14e+00 | 4.82e-01 4.99e-01)
6464(996) (1.59e+00 1.44e+00) XE:1.80e-01 (1.15e+00 1.14e+00 | 4.88e-01 4.99e-01)
6536(1012) (1.45e+00 1.44e+00) XE:1.80e-01 (1.17e+00 1.14e+00 | 4.66e-01 4.99e-01)
6608(993) (1.71e+00 1.44e+00) XE:1.80e-01 (1.15e+00 1.14e+00 | 5.21e-01 4.99e-01)
6680(996) (1.55e+00 1.44e+00) XE:1.80e-01 (1.15e+00 1.14e+00 | 4.90e-01 4.99e-01)
6752(1012) (1.31e+00 1.44e+00) XE:1.80e-01 (1.15e+00 1.14e+00 | 5.03e-01 4.99e-01)
6824(1002) (1.46e+00 1.44e+00) XE:1.80e-01 (1.14e+00 1.14e+00 | 5.21e-01 4.99e-01)
6895(1023) (1.14e+00 1.44e+00) XE:1.80e-01 (1.13e+00 1.14e+00 | 4.46e-01 4.99e-01)
6967(1000) (1.31e+00 1.44e+00) XE:1.80e-01 (1.14e+00 1.14e+00 | 5.31e-01 4.99e-01)
7039(1011) (1.39e+00 1.44e+00) XE:1.80e-01 (1.14e+00 1.14e+00 | 4.92e-01 4.99e-01)
7111(1003) (2.50e+00 1.44e+00) XE:1.80e-01 (1.14e+00 1.14e+00 | 4.40e-01 4.99e-01)
7183(1008) (1.21e+00 1.44e+00) XE:1.80e-01 (1.15e+00 1.14e+00 | 4.96e-01 4.99e-01)
7255(1004) (1.50e+00 1.44e+00) XE:1.80e-01 (1.15e+00 1.14e+00 | 4.88e-01 4.99e-01)
7327(992) (1.79e+00 1.44e+00) XE:1.80e-01 (1.14e+00 1.14e+00 | 4.84e-01 4.99e-01)
7398(1003) (1.23e+00 1.44e+00) XE:1.80e-01 (1.14e+00 1.14e+00 | 5.07e-01 5.00e-01)
7470(1000) (1.43e+00 1.44e+00) XE:1.80e-01 (1.15e+00 1.14e+00 | 4.72e-01 5.00e-01)
7542(980) (1.32e+00 1.44e+00) XE:1.80e-01 (1.13e+00 1.14e+00 | 4.64e-01 4.99e-01)
7614(1000) (1.48e+00 1.44e+00) XE:1.80e-01 (1.15e+00 1.14e+00 | 4.82e-01 4.99e-01)
7686(1006) (1.46e+00 1.44e+00) XE:1.80e-01 (1.12e+00 1.14e+00 | 5.01e-01 5.00e-01)
7758(994) (1.08e+00 1.44e+00) XE:1.80e-01 (1.13e+00 1.14e+00 | 4.76e-01 5.00e-01)
7830(981) (1.76e+00 1.44e+00) XE:1.80e-01 (1.14e+00 1.14e+00 | 4.76e-01 5.00e-01)
7902(998) (1.28e+00 1.44e+00) XE:1.80e-01 (1.14e+00 1.14e+00 | 5.11e-01 5.00e-01)
7974(1017) (1.57e+00 1.44e+00) XE:1.80e-01 (1.15e+00 1.14e+00 | 4.90e-01 4.99e-01)
8045(997) (1.45e+00 1.44e+00) XE:1.80e-01 (1.13e+00 1.14e+00 | 5.17e-01 4.99e-01)
8117(1010) (1.26e+00 1.44e+00) XE:1.80e-01 (1.14e+00 1.14e+00 | 4.80e-01 4.99e-01)
8189(994) (1.60e+00 1.44e+00) XE:1.80e-01 (1.13e+00 1.14e+00 | 4.90e-01 4.99e-01)
8261(995) (1.62e+00 1.44e+00) XE:1.80e-01 (1.14e+00 1.14e+00 | 5.51e-01 4.99e-01)
8333(1006) (1.51e+00 1.44e+00) XE:1.80e-01 (1.13e+00 1.14e+00 | 5.15e-01 4.99e-01)
8405(996) (1.73e+00 1.44e+00) XE:1.80e-01 (1.15e+00 1.14e+00 | 4.98e-01 4.99e-01)
8477(1006) (1.38e+00 1.44e+00) XE:1.80e-01 (1.14e+00 1.14e+00 | 4.80e-01 4.99e-01)
8549(996) (1.55e+00 1.44e+00) XE:1.80e-01 (1.15e+00 1.14e+00 | 5.07e-01 4.99e-01)
8621(1003) (1.28e+00 1.44e+00) XE:1.80e-01 (1.15e+00 1.14e+00 | 5.21e-01 4.99e-01)
8693(1001) (1.82e+00 1.44e+00) XE:1.80e-01 (1.14e+00 1.14e+00 | 4.88e-01 4.99e-01)
8765(1009) (1.25e+00 1.44e+00) XE:1.80e-01 (1.14e+00 1.14e+00 | 5.05e-01 4.99e-01)
8837(990) (1.28e+00 1.44e+00) XE:1.80e-01 (1.14e+00 1.14e+00 | 5.19e-01 4.99e-01)
8908(995) (1.58e+00 1.44e+00) XE:1.80e-01 (1.13e+00 1.14e+00 | 4.94e-01 4.99e-01)
8980(1003) (1.41e+00 1.44e+00) XE:1.80e-01 (1.12e+00 1.14e+00 | 5.09e-01 4.99e-01)
9052(997) (1.30e+00 1.44e+00) XE:1.80e-01 (1.12e+00 1.14e+00 | 4.76e-01 4.99e-01)
9124(1008) (1.32e+00 1.44e+00) XE:1.80e-01 (1.15e+00 1.14e+00 | 5.47e-01 4.99e-01)
9196(1017) (1.40e+00 1.44e+00) XE:1.80e-01 (1.14e+00 1.14e+00 | 5.37e-01 4.99e-01)
9268(1003) (1.38e+00 1.44e+00) XE:1.80e-01 (1.14e+00 1.14e+00 | 5.09e-01 4.99e-01)
9340(995) (1.34e+00 1.44e+00) XE:1.80e-01 (1.14e+00 1.14e+00 | 4.82e-01 4.99e-01)
9412(1003) (1.37e+00 1.44e+00) XE:1.80e-01 (1.14e+00 1.14e+00 | 4.92e-01 4.99e-01)
9483(1012) (1.28e+00 1.44e+00) XE:1.80e-01 (1.12e+00 1.14e+00 | 4.72e-01 4.99e-01)
9555(999) (1.69e+00 1.44e+00) XE:1.80e-01 (1.13e+00 1.14e+00 | 4.82e-01 4.99e-01)
9627(991) (1.85e+00 1.44e+00) XE:1.80e-01 (1.14e+00 1.14e+00 | 4.98e-01 4.99e-01)
9699(1003) (1.50e+00 1.44e+00) XE:1.80e-01 (1.15e+00 1.14e+00 | 5.43e-01 4.99e-01)
9771(981) (1.40e+00 1.44e+00) XE:1.80e-01 (1.15e+00 1.14e+00 | 4.96e-01 5.00e-01)
9843(1003) (1.55e+00 1.44e+00) XE:1.80e-01 (1.15e+00 1.14e+00 | 4.82e-01 5.00e-01)
9915(996) (1.57e+00 1.44e+00) XE:1.80e-01 (1.14e+00 1.14e+00 | 5.07e-01 5.00e-01)
9987(989) (1.70e+00 1.44e+00) XE:1.80e-01 (1.14e+00 1.14e+00 | 4.90e-01 5.00e-01)
10000(1012) (1.36e+00 1.44e+00) XE:1.80e-01 (1.14e+00 1.14e+00 | 4.98e-01 5.00e-01)
RL cnt: 0,7498220,1245890,0,0,0,0,0,0,0,0,0,0,0,0,0,
BL cnt: 0,0,0,0,0,0,0,0,1237458,0,7434965,0,1237577,0,0,0,0,0,0,0,0,
[00] Th=9.500000e-01: 2.377707e+00 1.129423e+00 : 3.507131e-01
[01] Th=9.000000e-01: 2.896308e+00 2.070926e+00 : 4.967234e-01
[02] Th=8.500000e-01: 3.074238e+00 2.487592e+00 : 5.561830e-01
[03] Th=8.000000e-01: 3.182882e+00 2.647066e+00 : 5.829948e-01
[04] Th=7.500000e-01: 3.249436e+00 2.751200e+00 : 6.000636e-01
[05] Th=7.000000e-01: 3.308269e+00 2.843207e+00 : 6.151477e-01
[06] Th=6.500000e-01: 3.367199e+00 2.934262e+00 : 6.301461e-01
[07] Th=6.000000e-01: 3.427533e+00 3.083131e+00 : 6.510664e-01
[08] Th=5.500000e-01: 3.472397e+00 3.156607e+00 : 6.629004e-01
[09] Th=5.000000e-01: 3.508146e+00 3.221549e+00 : 6.729695e-01
[10] Th=4.500000e-01: 3.631283e+00 3.429765e+00 : 7.061049e-01
[11] Th=4.000000e-01: 3.656328e+00 3.483885e+00 : 7.140213e-01
[12] Th=3.500000e-01: 3.686201e+00 3.544155e+00 : 7.230355e-01
[13] Th=3.000000e-01: 3.726782e+00 3.664363e+00 : 7.391145e-01
[14] Th=2.500000e-01: 3.756511e+00 3.878248e+00 : 7.634759e-01
[15] Th=2.000000e-01: 3.814741e+00 4.037158e+00 : 7.851899e-01
[16] Th=1.500000e-01: 3.956575e+00 4.067989e+00 : 8.024564e-01
[17] Th=1.000000e-01: 3.985352e+00 4.072965e+00 : 8.058317e-01
[18] Th=5.000000e-02: 3.985323e+00 4.073615e+00 : 8.058937e-01
[19] Th=1.000000e-10: 3.985323e+00 4.073615e+00 : 8.058937e-01
# InnerCodebook: deleted
# NBIDSchannel: deleted
# Gtable: deleted
# FBalg4: deleted
# StatICB: deleted
