# (Pid,Ps)=(1.500000e-02,1.000000e-03) Nseg=250 WinSize=10 [0]
# InnerCB: ICB/1/4_06_1a.bin
# Gtable:  Gtable/4/015_001.bin
# InnerCodebook: beta=4(256) nu=1
# InnerCodebook: B(B2p)=6(64) 
# InnerCodebook: checked CWM, EncMap, DecMap
# beta=4(256) nu=1 N=1000 Dmax=20
# B=6,
# NBIDSchannel: N=1000 Q=4 Dmax=20 (Pid,Ps)=(1.500000e-02,1.000000e-03)
# FBalg4: Nseg=250 Dmax=20(w=41)
# FBalg4: Gtable: Gtable/4/015_001.bin
# Gtable: beta=4 (Pid,Ps,Ptrn)=(1.500000e-02,1.000000e-03,9.700000e-01) Pth=1.000000e-10
# Gtable: beta4p=256 beta4pp=65536
# Gtable::Gtable len=0 cnt=256
# Gtable::Gtable len=1 cnt=1024
# Gtable::Gtable len=2 cnt=4096
# Gtable::Gtable len=3 cnt=13732
# Gtable::Gtable len=4 cnt=32356
# Gtable::Gtable len=5 cnt=57292
# Gtable::Gtable len=6 cnt=20308
# Gtable::Gtable len=7 cnt=15676
# Gtable::Gtable len=8 cnt=256
# FBalg4: beta=4(256) (Pid,Ps)=(1.500000e-02,1.000000e-03) Pth=1.000000e-10 N=1000
# StatICB: nu=1 beta=4 beta4p=256 Bsum=6 HdThNum=20 HdThStep=5.00e-02
# StatICB: B=6,
# StatICB: HdThList 9.50e-01,9.00e-01,8.50e-01,8.00e-01,7.50e-01,7.00e-01,6.50e-01,6.00e-01,5.50e-01,5.00e-01,4.50e-01,4.00e-01,3.50e-01,3.00e-01,2.50e-01,2.00e-01,1.50e-01,1.00e-01,5.00e-02,1.00e-10,
0169(999) (2.29e+00 2.55e+00) XE:3.19e-01 (1.14e+00 1.14e+00 | 5.17e-01 4.98e-01)
0342(995) (2.64e+00 2.51e+00) XE:3.14e-01 (1.12e+00 1.14e+00 | 5.01e-01 4.99e-01)
0515(998) (2.53e+00 2.53e+00) XE:3.16e-01 (1.12e+00 1.14e+00 | 4.80e-01 4.99e-01)
0688(1001) (1.92e+00 2.54e+00) XE:3.18e-01 (1.13e+00 1.14e+00 | 4.76e-01 5.00e-01)
0861(991) (6.42e+00 2.53e+00) XE:3.16e-01 (1.14e+00 1.14e+00 | 5.17e-01 4.99e-01)
1034(996) (2.89e+00 2.54e+00) XE:3.17e-01 (1.15e+00 1.14e+00 | 4.98e-01 4.99e-01)
1207(996) (3.20e+00 2.54e+00) XE:3.17e-01 (1.14e+00 1.14e+00 | 4.84e-01 4.99e-01)
1379(998) (2.40e+00 2.53e+00) XE:3.17e-01 (1.16e+00 1.14e+00 | 5.19e-01 4.99e-01)
1552(991) (3.72e+00 2.54e+00) XE:3.17e-01 (1.15e+00 1.14e+00 | 5.05e-01 4.99e-01)
1725(998) (2.45e+00 2.53e+00) XE:3.17e-01 (1.14e+00 1.14e+00 | 4.98e-01 4.99e-01)
1898(1010) (2.03e+00 2.53e+00) XE:3.17e-01 (1.14e+00 1.14e+00 | 5.15e-01 4.99e-01)
2071(992) (2.51e+00 2.54e+00) XE:3.17e-01 (1.12e+00 1.14e+00 | 4.52e-01 4.99e-01)
2244(993) (2.42e+00 2.54e+00) XE:3.17e-01 (1.15e+00 1.14e+00 | 5.03e-01 4.99e-01)
2417(1000) (2.58e+00 2.54e+00) XE:3.17e-01 (1.14e+00 1.14e+00 | 4.86e-01 4.99e-01)
2590(995) (3.94e+00 2.53e+00) XE:3.17e-01 (1.15e+00 1.14e+00 | 4.96e-01 4.99e-01)
2763(995) (2.26e+00 2.54e+00) XE:3.17e-01 (1.14e+00 1.14e+00 | 5.23e-01 4.99e-01)
2936(993) (3.23e+00 2.54e+00) XE:3.17e-01 (1.13e+00 1.14e+00 | 4.78e-01 4.99e-01)
3109(989) (2.63e+00 2.54e+00) XE:3.17e-01 (1.14e+00 1.14e+00 | 4.86e-01 4.99e-01)
3282(1007) (2.79e+00 2.54e+00) XE:3.17e-01 (1.14e+00 1.14e+00 | 5.17e-01 4.99e-01)
3455(1000) (1.98e+00 2.54e+00) XE:3.18e-01 (1.15e+00 1.14e+00 | 5.23e-01 4.99e-01)
3628(1004) (2.04e+00 2.54e+00) XE:3.17e-01 (1.15e+00 1.14e+00 | 4.90e-01 5.00e-01)
3801(996) (3.54e+00 2.54e+00) XE:3.17e-01 (1.13e+00 1.14e+00 | 5.67e-01 5.00e-01)
3974(1003) (2.64e+00 2.54e+00) XE:3.18e-01 (1.14e+00 1.14e+00 | 4.92e-01 5.00e-01)
4147(1007) (2.40e+00 2.54e+00) XE:3.17e-01 (1.13e+00 1.14e+00 | 4.86e-01 5.00e-01)
4320(1002) (2.65e+00 2.54e+00) XE:3.17e-01 (1.15e+00 1.14e+00 | 4.48e-01 4.99e-01)
4493(1003) (1.75e+00 2.54e+00) XE:3.18e-01 (1.13e+00 1.14e+00 | 5.23e-01 5.00e-01)
4666(993) (2.04e+00 2.54e+00) XE:3.18e-01 (1.15e+00 1.14e+00 | 4.80e-01 5.00e-01)
4839(997) (1.96e+00 2.54e+00) XE:3.17e-01 (1.14e+00 1.14e+00 | 4.94e-01 5.00e-01)
5012(995) (2.38e+00 2.54e+00) XE:3.17e-01 (1.14e+00 1.14e+00 | 4.98e-01 5.00e-01)
5185(1005) (1.41e+00 2.54e+00) XE:3.17e-01 (1.12e+00 1.14e+00 | 4.96e-01 5.00e-01)
5357(1001) (2.59e+00 2.54e+00) XE:3.17e-01 (1.16e+00 1.14e+00 | 4.96e-01 5.00e-01)
5530(1009) (1.70e+00 2.54e+00) XE:3.17e-01 (1.15e+00 1.14e+00 | 4.88e-01 5.00e-01)
5703(1006) (2.18e+00 2.54e+00) XE:3.17e-01 (1.13e+00 1.14e+00 | 5.19e-01 5.00e-01)
5876(1004) (2.06e+00 2.54e+00) XE:3.17e-01 (1.15e+00 1.14e+00 | 4.90e-01 5.00e-01)
6049(996) (4.05e+00 2.54e+00) XE:3.17e-01 (1.16e+00 1.14e+00 | 4.86e-01 4.99e-01)
6222(990) (2.00e+00 2.54e+00) XE:3.17e-01 (1.13e+00 1.14e+00 | 5.39e-01 5.00e-01)
6395(998) (2.87e+00 2.54e+00) XE:3.17e-01 (1.17e+00 1.14e+00 | 5.13e-01 5.00e-01)
6568(998) (1.93e+00 2.54e+00) XE:3.17e-01 (1.16e+00 1.14e+00 | 5.25e-01 5.00e-01)
6741(999) (2.52e+00 2.54e+00) XE:3.17e-01 (1.15e+00 1.14e+00 | 4.96e-01 5.00e-01)
6914(1000) (3.27e+00 2.54e+00) XE:3.17e-01 (1.14e+00 1.14e+00 | 4.56e-01 5.00e-01)
7086(1007) (2.35e+00 2.54e+00) XE:3.17e-01 (1.14e+00 1.14e+00 | 4.72e-01 5.00e-01)
7259(1006) (3.55e+00 2.53e+00) XE:3.17e-01 (1.13e+00 1.14e+00 | 5.13e-01 5.00e-01)
7432(1007) (3.11e+00 2.54e+00) XE:3.17e-01 (1.16e+00 1.14e+00 | 5.09e-01 5.00e-01)
7605(1000) (2.23e+00 2.54e+00) XE:3.17e-01 (1.15e+00 1.14e+00 | 5.13e-01 5.00e-01)
7778(1000) (2.07e+00 2.53e+00) XE:3.17e-01 (1.15e+00 1.14e+00 | 5.07e-01 5.00e-01)
7951(993) (2.48e+00 2.54e+00) XE:3.17e-01 (1.14e+00 1.14e+00 | 4.86e-01 5.00e-01)
8124(1000) (2.24e+00 2.54e+00) XE:3.17e-01 (1.15e+00 1.14e+00 | 5.35e-01 5.00e-01)
8297(994) (2.27e+00 2.54e+00) XE:3.17e-01 (1.16e+00 1.14e+00 | 4.92e-01 5.00e-01)
8470(996) (2.64e+00 2.53e+00) XE:3.17e-01 (1.13e+00 1.14e+00 | 5.25e-01 5.00e-01)
8643(1000) (2.43e+00 2.54e+00) XE:3.17e-01 (1.13e+00 1.14e+00 | 4.52e-01 5.00e-01)
8816(997) (1.70e+00 2.54e+00) XE:3.17e-01 (1.13e+00 1.14e+00 | 5.19e-01 5.00e-01)
8989(1001) (2.35e+00 2.53e+00) XE:3.17e-01 (1.14e+00 1.14e+00 | 5.15e-01 5.00e-01)
9162(996) (2.12e+00 2.53e+00) XE:3.17e-01 (1.13e+00 1.14e+00 | 4.74e-01 5.00e-01)
9335(1004) (2.67e+00 2.53e+00) XE:3.17e-01 (1.13e+00 1.14e+00 | 5.11e-01 5.00e-01)
9508(994) (2.58e+00 2.53e+00) XE:3.17e-01 (1.14e+00 1.14e+00 | 5.19e-01 5.00e-01)
9680(997) (3.43e+00 2.53e+00) XE:3.17e-01 (1.14e+00 1.14e+00 | 4.98e-01 5.00e-01)
9853(1006) (3.45e+00 2.54e+00) XE:3.17e-01 (1.13e+00 1.14e+00 | 4.86e-01 5.00e-01)
10000(999) (3.01e+00 2.54e+00) XE:3.17e-01 (1.16e+00 1.14e+00 | 4.94e-01 5.00e-01)
RL cnt: 0,7492620,1248690,0,0,0,0,0,0,0,0,0,0,0,0,0,
BL cnt: 0,0,0,0,0,0,0,0,1237934,0,7434290,0,1237776,0,0,0,0,0,0,0,0,
[00] Th=9.500000e-01: 2.818905e-01 : 4.698175e-02
[01] Th=9.000000e-01: 3.827000e-01 : 6.378333e-02
[02] Th=8.500000e-01: 4.067711e-01 : 6.779519e-02
[03] Th=8.000000e-01: 4.302720e-01 : 7.171200e-02
[04] Th=7.500000e-01: 4.628872e-01 : 7.714787e-02
[05] Th=7.000000e-01: 5.051777e-01 : 8.419628e-02
[06] Th=6.500000e-01: 5.529708e-01 : 9.216180e-02
[07] Th=6.000000e-01: 6.093011e-01 : 1.015502e-01
[08] Th=5.500000e-01: 6.827352e-01 : 1.137892e-01
[09] Th=5.000000e-01: 7.883903e-01 : 1.313984e-01
[10] Th=4.500000e-01: 9.654609e-01 : 1.609102e-01
[11] Th=4.000000e-01: 1.151845e+00 : 1.919742e-01
[12] Th=3.500000e-01: 1.429571e+00 : 2.382619e-01
[13] Th=3.000000e-01: 1.771112e+00 : 2.951853e-01
[14] Th=2.500000e-01: 1.925030e+00 : 3.208383e-01
[15] Th=2.000000e-01: 2.019370e+00 : 3.365616e-01
[16] Th=1.500000e-01: 2.097206e+00 : 3.495343e-01
[17] Th=1.000000e-01: 2.120675e+00 : 3.534458e-01
[18] Th=5.000000e-02: 2.120816e+00 : 3.534694e-01
[19] Th=1.000000e-10: 2.120816e+00 : 3.534694e-01
# InnerCodebook: deleted
# NBIDSchannel: deleted
# Gtable: deleted
# FBalg4: deleted
# StatICB: deleted
