# (Pid,Ps)=(2.500000e-02,1.000000e-03) Nseg=250 WinSize=10 [0]
# InnerCB: ICB/1/4_06_1a.bin
# Gtable:  Gtable/4/025_001.bin
# InnerCodebook: beta=4(256) nu=1
# InnerCodebook: B(B2p)=6(64) 
# InnerCodebook: checked CWM, EncMap, DecMap
# beta=4(256) nu=1 N=1000 Dmax=30
# B=6,
# NBIDSchannel: N=1000 Q=4 Dmax=30 (Pid,Ps)=(2.500000e-02,1.000000e-03)
# FBalg4: Nseg=250 Dmax=30(w=61)
# FBalg4: Gtable: Gtable/4/025_001.bin
# Gtable: beta=4 (Pid,Ps,Ptrn)=(2.500000e-02,1.000000e-03,9.500000e-01) Pth=1.000000e-10
# Gtable: beta4p=256 beta4pp=65536
# Gtable::Gtable len=0 cnt=256
# Gtable::Gtable len=1 cnt=1024
# Gtable::Gtable len=2 cnt=4096
# Gtable::Gtable len=3 cnt=13732
# Gtable::Gtable len=4 cnt=39112
# Gtable::Gtable len=5 cnt=57292
# Gtable::Gtable len=6 cnt=65560
# Gtable::Gtable len=7 cnt=15676
# Gtable::Gtable len=8 cnt=6400
# FBalg4: beta=4(256) (Pid,Ps)=(2.500000e-02,1.000000e-03) Pth=1.000000e-10 N=1000
# StatICB: nu=1 beta=4 beta4p=256 Bsum=6 HdThNum=20 HdThStep=5.00e-02
# StatICB: B=6,
# StatICB: HdThList 9.50e-01,9.00e-01,8.50e-01,8.00e-01,7.50e-01,7.00e-01,6.50e-01,6.00e-01,5.50e-01,5.00e-01,4.50e-01,4.00e-01,3.50e-01,3.00e-01,2.50e-01,2.00e-01,1.50e-01,1.00e-01,5.00e-02,1.00e-10,
0103(998) (3.42e+00 3.28e+00) XE:4.11e-01 (1.14e+00 1.14e+00 | 4.74e-01 4.96e-01)
0215(999) (3.38e+00 3.30e+00) XE:4.13e-01 (1.14e+00 1.14e+00 | 5.31e-01 5.00e-01)
0327(986) (3.33e+00 3.32e+00) XE:4.15e-01 (1.14e+00 1.14e+00 | 4.68e-01 5.00e-01)
0440(996) (3.43e+00 3.35e+00) XE:4.19e-01 (1.14e+00 1.14e+00 | 4.78e-01 4.99e-01)
0552(1000) (2.52e+00 3.33e+00) XE:4.17e-01 (1.14e+00 1.14e+00 | 5.21e-01 4.99e-01)
0664(1003) (2.64e+00 3.34e+00) XE:4.18e-01 (1.15e+00 1.14e+00 | 5.25e-01 4.99e-01)
0776(1004) (2.93e+00 3.34e+00) XE:4.18e-01 (1.15e+00 1.14e+00 | 5.23e-01 4.99e-01)
0888(1001) (2.68e+00 3.35e+00) XE:4.19e-01 (1.14e+00 1.14e+00 | 5.33e-01 4.99e-01)
1000(1000) (2.81e+00 3.35e+00) XE:4.18e-01 (1.16e+00 1.14e+00 | 4.92e-01 4.99e-01)
1112(1011) (3.24e+00 3.36e+00) XE:4.20e-01 (1.16e+00 1.14e+00 | 4.98e-01 4.99e-01)
1225(1007) (2.93e+00 3.35e+00) XE:4.19e-01 (1.14e+00 1.14e+00 | 5.11e-01 4.99e-01)
1337(1001) (4.22e+00 3.35e+00) XE:4.18e-01 (1.15e+00 1.14e+00 | 5.01e-01 4.99e-01)
1449(1008) (2.53e+00 3.34e+00) XE:4.18e-01 (1.14e+00 1.14e+00 | 5.11e-01 4.99e-01)
1561(1001) (3.00e+00 3.34e+00) XE:4.18e-01 (1.15e+00 1.14e+00 | 4.88e-01 4.99e-01)
1673(1001) (4.35e+00 3.35e+00) XE:4.18e-01 (1.17e+00 1.14e+00 | 5.11e-01 4.99e-01)
1785(989) (3.85e+00 3.35e+00) XE:4.19e-01 (1.13e+00 1.14e+00 | 5.35e-01 4.99e-01)
1898(996) (3.55e+00 3.35e+00) XE:4.19e-01 (1.15e+00 1.14e+00 | 5.39e-01 4.99e-01)
2010(996) (2.77e+00 3.35e+00) XE:4.19e-01 (1.14e+00 1.14e+00 | 4.90e-01 4.99e-01)
2122(1001) (3.30e+00 3.35e+00) XE:4.19e-01 (1.12e+00 1.14e+00 | 4.82e-01 4.99e-01)
2234(998) (3.16e+00 3.35e+00) XE:4.19e-01 (1.14e+00 1.14e+00 | 4.96e-01 4.99e-01)
2346(1004) (3.01e+00 3.35e+00) XE:4.19e-01 (1.15e+00 1.14e+00 | 4.94e-01 4.99e-01)
2458(994) (2.90e+00 3.36e+00) XE:4.20e-01 (1.14e+00 1.14e+00 | 4.90e-01 4.99e-01)
2571(1004) (3.46e+00 3.36e+00) XE:4.20e-01 (1.12e+00 1.14e+00 | 5.09e-01 4.99e-01)
2683(1002) (3.87e+00 3.36e+00) XE:4.20e-01 (1.16e+00 1.14e+00 | 5.27e-01 4.99e-01)
2795(996) (3.04e+00 3.36e+00) XE:4.20e-01 (1.13e+00 1.14e+00 | 5.03e-01 4.99e-01)
2907(1005) (2.80e+00 3.36e+00) XE:4.20e-01 (1.13e+00 1.14e+00 | 5.15e-01 4.99e-01)
3019(1002) (3.61e+00 3.36e+00) XE:4.21e-01 (1.13e+00 1.14e+00 | 5.01e-01 4.99e-01)
3132(1009) (2.35e+00 3.36e+00) XE:4.20e-01 (1.15e+00 1.14e+00 | 4.96e-01 4.99e-01)
3244(1000) (3.60e+00 3.36e+00) XE:4.20e-01 (1.13e+00 1.14e+00 | 5.19e-01 4.99e-01)
3356(985) (3.52e+00 3.36e+00) XE:4.20e-01 (1.15e+00 1.14e+00 | 4.80e-01 4.99e-01)
3468(1004) (3.48e+00 3.36e+00) XE:4.20e-01 (1.15e+00 1.14e+00 | 5.01e-01 4.99e-01)
3580(1001) (3.61e+00 3.36e+00) XE:4.20e-01 (1.14e+00 1.14e+00 | 4.62e-01 4.99e-01)
3692(1000) (3.44e+00 3.36e+00) XE:4.20e-01 (1.13e+00 1.14e+00 | 4.92e-01 4.99e-01)
3805(1002) (3.09e+00 3.36e+00) XE:4.20e-01 (1.16e+00 1.14e+00 | 4.94e-01 4.99e-01)
3917(1005) (3.47e+00 3.36e+00) XE:4.20e-01 (1.16e+00 1.14e+00 | 4.96e-01 4.99e-01)
4029(1013) (4.28e+00 3.36e+00) XE:4.20e-01 (1.15e+00 1.14e+00 | 5.31e-01 4.99e-01)
4141(1002) (3.45e+00 3.36e+00) XE:4.20e-01 (1.13e+00 1.14e+00 | 4.86e-01 4.99e-01)
4253(1016) (3.16e+00 3.36e+00) XE:4.20e-01 (1.12e+00 1.14e+00 | 4.96e-01 4.99e-01)
4366(996) (3.36e+00 3.36e+00) XE:4.20e-01 (1.12e+00 1.14e+00 | 4.70e-01 4.99e-01)
4478(999) (3.20e+00 3.36e+00) XE:4.21e-01 (1.14e+00 1.14e+00 | 5.11e-01 4.99e-01)
4590(999) (3.32e+00 3.36e+00) XE:4.21e-01 (1.16e+00 1.14e+00 | 5.05e-01 4.99e-01)
4702(1001) (3.56e+00 3.36e+00) XE:4.21e-01 (1.15e+00 1.14e+00 | 4.80e-01 4.99e-01)
4814(1005) (5.16e+00 3.36e+00) XE:4.20e-01 (1.15e+00 1.14e+00 | 5.09e-01 4.99e-01)
4927(998) (3.31e+00 3.36e+00) XE:4.20e-01 (1.13e+00 1.14e+00 | 4.98e-01 4.99e-01)
5039(1021) (2.90e+00 3.36e+00) XE:4.20e-01 (1.15e+00 1.14e+00 | 4.68e-01 4.99e-01)
5151(1002) (2.36e+00 3.36e+00) XE:4.20e-01 (1.14e+00 1.14e+00 | 5.03e-01 4.99e-01)
5263(1007) (2.66e+00 3.36e+00) XE:4.20e-01 (1.14e+00 1.14e+00 | 4.84e-01 4.99e-01)
5375(990) (4.11e+00 3.36e+00) XE:4.20e-01 (1.15e+00 1.14e+00 | 4.98e-01 4.99e-01)
5488(1010) (2.90e+00 3.36e+00) XE:4.20e-01 (1.11e+00 1.14e+00 | 5.23e-01 4.99e-01)
5600(1003) (2.95e+00 3.36e+00) XE:4.20e-01 (1.16e+00 1.14e+00 | 5.33e-01 4.99e-01)
5712(1000) (4.04e+00 3.36e+00) XE:4.20e-01 (1.14e+00 1.14e+00 | 5.03e-01 4.99e-01)
5824(1010) (2.94e+00 3.36e+00) XE:4.20e-01 (1.13e+00 1.14e+00 | 4.60e-01 4.99e-01)
5936(1012) (3.31e+00 3.36e+00) XE:4.20e-01 (1.13e+00 1.14e+00 | 5.25e-01 4.99e-01)
6048(1002) (3.37e+00 3.36e+00) XE:4.20e-01 (1.15e+00 1.14e+00 | 5.09e-01 4.99e-01)
6161(1003) (3.46e+00 3.36e+00) XE:4.20e-01 (1.14e+00 1.14e+00 | 4.90e-01 4.99e-01)
6273(1005) (3.22e+00 3.36e+00) XE:4.20e-01 (1.14e+00 1.14e+00 | 4.92e-01 4.99e-01)
6385(1005) (2.45e+00 3.36e+00) XE:4.20e-01 (1.12e+00 1.14e+00 | 5.09e-01 4.99e-01)
6497(1008) (2.79e+00 3.36e+00) XE:4.20e-01 (1.15e+00 1.14e+00 | 4.86e-01 4.99e-01)
6609(994) (3.23e+00 3.36e+00) XE:4.20e-01 (1.15e+00 1.14e+00 | 4.82e-01 4.99e-01)
6721(1012) (3.22e+00 3.36e+00) XE:4.20e-01 (1.14e+00 1.14e+00 | 4.92e-01 4.99e-01)
6833(1010) (3.30e+00 3.36e+00) XE:4.20e-01 (1.14e+00 1.14e+00 | 5.17e-01 4.99e-01)
6946(1008) (3.69e+00 3.36e+00) XE:4.20e-01 (1.12e+00 1.14e+00 | 4.84e-01 4.99e-01)
7058(1000) (3.19e+00 3.36e+00) XE:4.20e-01 (1.14e+00 1.14e+00 | 5.19e-01 4.99e-01)
7170(989) (3.22e+00 3.36e+00) XE:4.20e-01 (1.15e+00 1.14e+00 | 4.96e-01 4.99e-01)
7282(1008) (2.57e+00 3.36e+00) XE:4.20e-01 (1.12e+00 1.14e+00 | 5.29e-01 4.99e-01)
7394(1000) (3.66e+00 3.36e+00) XE:4.20e-01 (1.14e+00 1.14e+00 | 5.25e-01 4.99e-01)
7506(993) (3.41e+00 3.36e+00) XE:4.20e-01 (1.14e+00 1.14e+00 | 5.27e-01 4.99e-01)
7618(999) (3.17e+00 3.36e+00) XE:4.20e-01 (1.13e+00 1.14e+00 | 5.25e-01 4.99e-01)
7730(997) (3.09e+00 3.36e+00) XE:4.20e-01 (1.13e+00 1.14e+00 | 4.88e-01 4.99e-01)
7842(1010) (4.23e+00 3.36e+00) XE:4.20e-01 (1.14e+00 1.14e+00 | 5.07e-01 4.99e-01)
7954(994) (4.10e+00 3.36e+00) XE:4.20e-01 (1.13e+00 1.14e+00 | 5.15e-01 4.99e-01)
8067(1003) (2.34e+00 3.36e+00) XE:4.20e-01 (1.14e+00 1.14e+00 | 4.96e-01 4.99e-01)
8178(1001) (3.47e+00 3.36e+00) XE:4.20e-01 (1.14e+00 1.14e+00 | 5.05e-01 4.99e-01)
8291(996) (3.42e+00 3.36e+00) XE:4.20e-01 (1.14e+00 1.14e+00 | 4.82e-01 4.99e-01)
8403(998) (3.18e+00 3.36e+00) XE:4.20e-01 (1.15e+00 1.14e+00 | 5.41e-01 4.99e-01)
8515(1005) (2.74e+00 3.36e+00) XE:4.20e-01 (1.15e+00 1.14e+00 | 5.11e-01 4.99e-01)
8627(1001) (3.54e+00 3.36e+00) XE:4.20e-01 (1.15e+00 1.14e+00 | 5.13e-01 4.99e-01)
8739(995) (3.14e+00 3.36e+00) XE:4.20e-01 (1.13e+00 1.14e+00 | 5.21e-01 4.99e-01)
8851(1007) (2.48e+00 3.36e+00) XE:4.20e-01 (1.15e+00 1.14e+00 | 4.54e-01 4.99e-01)
8963(998) (4.41e+00 3.36e+00) XE:4.20e-01 (1.14e+00 1.14e+00 | 4.78e-01 4.99e-01)
9075(1003) (3.42e+00 3.36e+00) XE:4.20e-01 (1.13e+00 1.14e+00 | 4.54e-01 4.99e-01)
9188(998) (2.57e+00 3.36e+00) XE:4.20e-01 (1.14e+00 1.14e+00 | 5.19e-01 4.99e-01)
9300(1008) (2.62e+00 3.36e+00) XE:4.21e-01 (1.13e+00 1.14e+00 | 4.74e-01 4.99e-01)
9412(1004) (3.06e+00 3.37e+00) XE:4.21e-01 (1.16e+00 1.14e+00 | 5.11e-01 4.99e-01)
9524(1005) (3.31e+00 3.37e+00) XE:4.21e-01 (1.13e+00 1.14e+00 | 5.11e-01 4.99e-01)
9636(1009) (3.48e+00 3.37e+00) XE:4.21e-01 (1.16e+00 1.14e+00 | 5.13e-01 4.99e-01)
9748(1010) (2.56e+00 3.36e+00) XE:4.21e-01 (1.12e+00 1.14e+00 | 4.88e-01 4.99e-01)
9860(1002) (3.13e+00 3.36e+00) XE:4.21e-01 (1.14e+00 1.14e+00 | 4.76e-01 4.99e-01)
9972(1005) (3.53e+00 3.36e+00) XE:4.20e-01 (1.12e+00 1.14e+00 | 5.17e-01 4.99e-01)
10000(1006) (2.86e+00 3.36e+00) XE:4.21e-01 (1.13e+00 1.14e+00 | 4.96e-01 4.99e-01)
RL cnt: 0,7494986,1247507,0,0,0,0,0,0,0,0,0,0,0,0,0,
BL cnt: 0,0,0,0,0,0,0,0,1236879,0,7436146,0,1236975,0,0,0,0,0,0,0,0,
[00] Th=9.500000e-01: 7.038182e-02 : 1.173030e-02
[01] Th=9.000000e-01: 1.663330e-01 : 2.772216e-02
[02] Th=8.500000e-01: 2.111635e-01 : 3.519391e-02
[03] Th=8.000000e-01: 2.312140e-01 : 3.853566e-02
[04] Th=7.500000e-01: 2.480219e-01 : 4.133699e-02
[05] Th=7.000000e-01: 2.686453e-01 : 4.477422e-02
[06] Th=6.500000e-01: 2.944076e-01 : 4.906793e-02
[07] Th=6.000000e-01: 3.240194e-01 : 5.400323e-02
[08] Th=5.500000e-01: 3.600489e-01 : 6.000816e-02
[09] Th=5.000000e-01: 4.080447e-01 : 6.800746e-02
[10] Th=4.500000e-01: 4.818736e-01 : 8.031227e-02
[11] Th=4.000000e-01: 5.782939e-01 : 9.638231e-02
[12] Th=3.500000e-01: 6.831137e-01 : 1.138523e-01
[13] Th=3.000000e-01: 8.362771e-01 : 1.393795e-01
[14] Th=2.500000e-01: 1.066992e+00 : 1.778320e-01
[15] Th=2.000000e-01: 1.280059e+00 : 2.133431e-01
[16] Th=1.500000e-01: 1.411336e+00 : 2.352227e-01
[17] Th=1.000000e-01: 1.477218e+00 : 2.462029e-01
[18] Th=5.000000e-02: 1.479306e+00 : 2.465510e-01
[19] Th=1.000000e-10: 1.479306e+00 : 2.465510e-01
# InnerCodebook: deleted
# NBIDSchannel: deleted
# Gtable: deleted
# FBalg4: deleted
# StatICB: deleted
