# InnerCodebook: input ICB/ex01//cb.txt
# InnerCodebook: Nu=6 Nu2p=64 numCW=18 FlgUnique=1 FlgInvertible=1 FlgBalanced=1
# InnerCodebook: Rho=3 (ell,Delta)=(10,2) L0=2
# InnerCodebook: Rst01=4 Rst10=13
# CW
# 000:001011 (2,L2,R2) WL:0 0 1 1 2 3  WR:3 3 3 2 2 1  
# 001:001101 (2,L2,R1) WL:0 0 1 2 2 3  WR:3 3 3 2 1 1  
# 002:001110 (3,L2,R1) WL:0 0 1 2 3 3  WR:3 3 3 2 1 0  
# 003:010011 (2,L1,R2) WL:0 1 1 1 2 3  WR:3 3 2 2 2 1  
# 004:010101 (1,L1,R1) WL:0 1 1 2 2 3  WR:3 3 2 2 1 1  
# 005:010110 (2,L1,R1) WL:0 1 1 2 3 3  WR:3 3 2 2 1 0  
# 006:011001 (2,L1,R1) WL:0 1 2 2 2 3  WR:3 3 2 1 1 1  
# 007:011010 (2,L1,R1) WL:0 1 2 2 3 3  WR:3 3 2 1 1 0  
# 008:011100 (3,L1,R2) WL:0 1 2 3 3 3  WR:3 3 2 1 0 0  
# 009:100011 (3,L1,R2) WL:1 1 1 1 2 3  WR:3 2 2 2 2 1  
# 010:100101 (2,L1,R1) WL:1 1 1 2 2 3  WR:3 2 2 2 1 1  
# 011:100110 (2,L1,R1) WL:1 1 1 2 3 3  WR:3 2 2 2 1 0  
# 012:101001 (2,L1,R1) WL:1 1 2 2 2 3  WR:3 2 2 1 1 1  
# 013:101010 (1,L1,R1) WL:1 1 2 2 3 3  WR:3 2 2 1 1 0  
# 014:101100 (2,L1,R2) WL:1 1 2 3 3 3  WR:3 2 2 1 0 0  
# 015:110001 (3,L2,R1) WL:1 2 2 2 2 3  WR:3 2 1 1 1 1  
# 016:110010 (2,L2,R1) WL:1 2 2 2 3 3  WR:3 2 1 1 1 0  
# 017:110100 (2,L2,R2) WL:1 2 2 3 3 3  WR:3 2 1 1 0 0  
# CWL
# 000B:1 000D:1 000E:1 0013:1 0015:1 0016:1 0019:1 001A:1 001C:1 0023:1 
# 0025:1 0026:1 0029:1 002A:1 002C:1 0031:1 0032:1 0034:1 
# CWI
# 000B:000 000D:001 000E:002 0013:003 0015:004 0016:005 0019:006 001A:007 001C:008 0023:009 
# 0025:010 0026:011 0029:012 002A:013 002C:014 0031:015 0032:016 0034:017 
# Q=18 N=50 Nu=6 Nb=300 (Pi,Pd,Ps)=(4.000000e-03,4.000000e-03,0.000000e+00) [0]
# ICB:   ICB/ex01//cb.txt
# Const: ICB/ex01//constraint.txt
# EncCM: ICB/ex01//EncCM.bin
# ChannelMatrix: ICB/ex01//EncCM.bin (18x18)
# IDSchannel: N=300 (Pi,Pd,Ps)=(4.000000e-03,4.000000e-03,0.000000e+00) (Dmin,Dmax)=(-3,3)
# SLFBAdec: Ns=50 (Nu;Nu2min,Nu2max)=(6(64);3,9) Nb=300 Q=18
# SLFBAdec: (Pi,Pd,Ps,Pt)=(4.000000e-03,4.000000e-03,0.000000e+00,9.920000e-01) (Dmin,Dmax:Drng)=(-3,3:7)
# SLFBAdec: generating GD & GX
# SLFBAdec: generating factor graph
# ChannelMatrix: M=18 N=5832
1000 5561/50000 20 1.112200e-01 : 4.111308e+00 4.688427e-01 3.642465e+00
2000 11094/100000 20 1.109400e-01 : 4.111589e+00 4.816641e-01 3.629925e+00
3000 16615/150000 20 1.107667e-01 : 4.112149e+00 4.858585e-01 3.626291e+00
4000 22131/200000 22 1.106550e-01 : 4.111464e+00 4.885087e-01 3.622956e+00
5000 27589/250000 22 1.103560e-01 : 4.111602e+00 4.886262e-01 3.622976e+00
6000 32986/300000 22 1.099533e-01 : 4.111185e+00 4.889485e-01 3.622236e+00
7000 38313/350000 22 1.094657e-01 : 4.111362e+00 4.880029e-01 3.623359e+00
8000 43815/400000 24 1.095375e-01 : 4.111585e+00 4.902212e-01 3.621364e+00
9000 49375/450000 24 1.097222e-01 : 4.112143e+00 4.911405e-01 3.621002e+00
10000 54799/500000 24 1.095980e-01 : 4.112381e+00 4.912613e-01 3.621120e+00
11000 60410/550000 32 1.098364e-01 : 4.112562e+00 4.929468e-01 3.619615e+00
12000 65967/600000 32 1.099450e-01 : 4.112717e+00 4.932801e-01 3.619437e+00
13000 71560/650000 32 1.100923e-01 : 4.112726e+00 4.946806e-01 3.618045e+00
14000 76828/700000 32 1.097543e-01 : 4.112719e+00 4.939676e-01 3.618751e+00
15000 82350/750000 32 1.098000e-01 : 4.112605e+00 4.945833e-01 3.618022e+00
16000 87930/800000 32 1.099125e-01 : 4.112518e+00 4.952073e-01 3.617311e+00
17000 93408/850000 32 1.098918e-01 : 4.112595e+00 4.957114e-01 3.616883e+00
18000 98852/900000 32 1.098356e-01 : 4.112715e+00 4.958692e-01 3.616846e+00
19000 104354/950000 32 1.098463e-01 : 4.112735e+00 4.957838e-01 3.616951e+00
20000 109880/1000000 32 1.098800e-01 : 4.112777e+00 4.966610e-01 3.616116e+00
21000 115343/1050000 47 1.098505e-01 : 4.112679e+00 4.970446e-01 3.615634e+00
22000 120823/1100000 47 1.098391e-01 : 4.112782e+00 4.969247e-01 3.615858e+00
23000 126338/1150000 47 1.098591e-01 : 4.112778e+00 4.971828e-01 3.615596e+00
24000 131806/1200000 47 1.098383e-01 : 4.112720e+00 4.971578e-01 3.615562e+00
25000 137152/1250000 47 1.097216e-01 : 4.112795e+00 4.966574e-01 3.616138e+00
26000 142634/1300000 47 1.097185e-01 : 4.112661e+00 4.969145e-01 3.615746e+00
27000 148237/1350000 47 1.098052e-01 : 4.112682e+00 4.975893e-01 3.615093e+00
28000 153727/1400000 47 1.098050e-01 : 4.112659e+00 4.979078e-01 3.614751e+00
29000 159096/1450000 47 1.097214e-01 : 4.112640e+00 4.977078e-01 3.614933e+00
30000 164634/1500000 47 1.097560e-01 : 4.112711e+00 4.980140e-01 3.614697e+00
31000 170149/1550000 47 1.097735e-01 : 4.112652e+00 4.981499e-01 3.614502e+00
32000 175589/1600000 47 1.097431e-01 : 4.112703e+00 4.980963e-01 3.614607e+00
33000 181113/1650000 47 1.097655e-01 : 4.112685e+00 4.983943e-01 3.614291e+00
34000 186483/1700000 47 1.096959e-01 : 4.112651e+00 4.983415e-01 3.614309e+00
35000 191930/1750000 47 1.096743e-01 : 4.112626e+00 4.982410e-01 3.614385e+00
36000 197302/1800000 47 1.096122e-01 : 4.112661e+00 4.981174e-01 3.614544e+00
37000 202732/1850000 47 1.095849e-01 : 4.112603e+00 4.981611e-01 3.614442e+00
38000 208185/1900000 47 1.095711e-01 : 4.112597e+00 4.980173e-01 3.614580e+00
39000 213484/1950000 47 1.094790e-01 : 4.112564e+00 4.976700e-01 3.614894e+00
40000 218850/2000000 47 1.094250e-01 : 4.112557e+00 4.978209e-01 3.614736e+00
41000 224420/2050000 47 1.094732e-01 : 4.112471e+00 4.980445e-01 3.614426e+00
42000 230023/2100000 47 1.095348e-01 : 4.112406e+00 4.982473e-01 3.614159e+00
43000 235581/2150000 47 1.095726e-01 : 4.112365e+00 4.984198e-01 3.613946e+00
44000 240912/2200000 47 1.095055e-01 : 4.112407e+00 4.983485e-01 3.614058e+00
45000 246342/2250000 47 1.094853e-01 : 4.112340e+00 4.983540e-01 3.613986e+00
46000 251681/2300000 47 1.094265e-01 : 4.112359e+00 4.982464e-01 3.614113e+00
47000 257163/2350000 47 1.094311e-01 : 4.112387e+00 4.981083e-01 3.614279e+00
48000 262663/2400000 47 1.094429e-01 : 4.112290e+00 4.982348e-01 3.614055e+00
49000 268069/2450000 47 1.094159e-01 : 4.112285e+00 4.982598e-01 3.614026e+00
50000 273552/2500000 47 1.094208e-01 : 4.112367e+00 4.983524e-01 3.614015e+00
51000 278931/2550000 47 1.093847e-01 : 4.112383e+00 4.983292e-01 3.614053e+00
52000 284284/2600000 47 1.093400e-01 : 4.112389e+00 4.981562e-01 3.614233e+00
53000 289648/2650000 47 1.093011e-01 : 4.112384e+00 4.981173e-01 3.614266e+00
54000 295203/2700000 47 1.093344e-01 : 4.112386e+00 4.981859e-01 3.614201e+00
55000 300669/2750000 47 1.093342e-01 : 4.112362e+00 4.982656e-01 3.614096e+00
56000 305870/2800000 47 1.092393e-01 : 4.112331e+00 4.978587e-01 3.614472e+00
57000 311493/2850000 47 1.092958e-01 : 4.112308e+00 4.980039e-01 3.614304e+00
58000 316857/2900000 47 1.092610e-01 : 4.112300e+00 4.978024e-01 3.614498e+00
59000 322216/2950000 47 1.092258e-01 : 4.112312e+00 4.977392e-01 3.614573e+00
60000 327727/3000000 47 1.092423e-01 : 4.112312e+00 4.978084e-01 3.614504e+00
61000 333234/3050000 47 1.092570e-01 : 4.112341e+00 4.978986e-01 3.614442e+00
62000 338780/3100000 47 1.092839e-01 : 4.112362e+00 4.980280e-01 3.614334e+00
63000 344167/3150000 47 1.092594e-01 : 4.112358e+00 4.979983e-01 3.614360e+00
64000 349612/3200000 47 1.092537e-01 : 4.112329e+00 4.979967e-01 3.614333e+00
65000 355038/3250000 47 1.092425e-01 : 4.112342e+00 4.979512e-01 3.614390e+00
66000 360434/3300000 47 1.092224e-01 : 4.112371e+00 4.978096e-01 3.614562e+00
67000 365954/3350000 47 1.092400e-01 : 4.112380e+00 4.978886e-01 3.614491e+00
68000 371380/3400000 47 1.092294e-01 : 4.112367e+00 4.979518e-01 3.614415e+00
69000 376699/3450000 47 1.091881e-01 : 4.112372e+00 4.978137e-01 3.614558e+00
70000 382295/3500000 47 1.092271e-01 : 4.112369e+00 4.979549e-01 3.614414e+00
71000 387785/3550000 47 1.092352e-01 : 4.112359e+00 4.979654e-01 3.614393e+00
72000 393114/3600000 47 1.091983e-01 : 4.112360e+00 4.978331e-01 3.614527e+00
73000 398433/3650000 47 1.091597e-01 : 4.112336e+00 4.976382e-01 3.614698e+00
74000 404025/3700000 47 1.091959e-01 : 4.112349e+00 4.978115e-01 3.614538e+00
75000 409420/3750000 47 1.091787e-01 : 4.112358e+00 4.977588e-01 3.614599e+00
76000 414991/3800000 47 1.092082e-01 : 4.112371e+00 4.979364e-01 3.614435e+00
77000 420337/3850000 47 1.091784e-01 : 4.112370e+00 4.978678e-01 3.614502e+00
78000 425774/3900000 47 1.091728e-01 : 4.112368e+00 4.978846e-01 3.614484e+00
79000 431280/3950000 47 1.091848e-01 : 4.112360e+00 4.979954e-01 3.614365e+00
80000 436755/4000000 47 1.091888e-01 : 4.112335e+00 4.979790e-01 3.614356e+00
81000 442212/4050000 47 1.091881e-01 : 4.112317e+00 4.980503e-01 3.614267e+00
82000 447660/4100000 47 1.091854e-01 : 4.112301e+00 4.980600e-01 3.614241e+00
83000 453187/4150000 47 1.092017e-01 : 4.112311e+00 4.981403e-01 3.614170e+00
84000 458812/4200000 47 1.092410e-01 : 4.112312e+00 4.983068e-01 3.614005e+00
85000 464307/4250000 47 1.092487e-01 : 4.112322e+00 4.983701e-01 3.613952e+00
86000 469641/4300000 47 1.092188e-01 : 4.112289e+00 4.983544e-01 3.613935e+00
87000 475037/4350000 47 1.092039e-01 : 4.112315e+00 4.982903e-01 3.614024e+00
88000 480428/4400000 47 1.091882e-01 : 4.112298e+00 4.982102e-01 3.614087e+00
89000 485849/4450000 47 1.091796e-01 : 4.112320e+00 4.982521e-01 3.614068e+00
90000 491357/4500000 47 1.091904e-01 : 4.112290e+00 4.983285e-01 3.613961e+00
91000 496976/4550000 47 1.092255e-01 : 4.112291e+00 4.985125e-01 3.613779e+00
92000 502333/4600000 47 1.092028e-01 : 4.112299e+00 4.985047e-01 3.613794e+00
93000 507724/4650000 47 1.091880e-01 : 4.112296e+00 4.983998e-01 3.613896e+00
94000 513208/4700000 47 1.091932e-01 : 4.112272e+00 4.985030e-01 3.613769e+00
95000 518670/4750000 47 1.091937e-01 : 4.112253e+00 4.985191e-01 3.613734e+00
96000 524087/4800000 47 1.091848e-01 : 4.112291e+00 4.984763e-01 3.613815e+00
97000 529477/4850000 47 1.091705e-01 : 4.112286e+00 4.984525e-01 3.613833e+00
98000 535031/4900000 47 1.091900e-01 : 4.112343e+00 4.985743e-01 3.613769e+00
99000 540477/4950000 47 1.091873e-01 : 4.112315e+00 4.985712e-01 3.613744e+00
100000 545958/5000000 47 1.091916e-01 : 4.112326e+00 4.986335e-01 3.613692e+00
=== 最終統計結果 ===
総シンボル数: 5000000 個
総エラー数: 545958 個
シンボルエラー率: 0.109192 (10.92%)
1ブロック内最大エラー数: 47 個
実行イテレーション数: 100000 回
1イテレーションあたりのシンボル数: 50 個
平均エラー数/イテレーション: 5.46 個
========================
# InnerCodebook: deleted
# ChannelMatrix: deleted
# IDSchannel: deleted
# SLFBAdec: deleted
# ChannelMatrix: deleted
