# InnerCodebook: input ICB/ex01//cb.txt
# InnerCodebook: Nu=6 Nu2p=64 numCW=18 FlgUnique=1 FlgInvertible=1 FlgBalanced=1
# InnerCodebook: Rho=3 (ell,Delta)=(10,2) L0=2
# InnerCodebook: Rst01=4 Rst10=13
# CW
# 000:001011 (2,L2,R2) WL:0 0 1 1 2 3  WR:3 3 3 2 2 1  
# 001:001101 (2,L2,R1) WL:0 0 1 2 2 3  WR:3 3 3 2 1 1  
# 002:001110 (3,L2,R1) WL:0 0 1 2 3 3  WR:3 3 3 2 1 0  
# 003:010011 (2,L1,R2) WL:0 1 1 1 2 3  WR:3 3 2 2 2 1  
# 004:010101 (1,L1,R1) WL:0 1 1 2 2 3  WR:3 3 2 2 1 1  
# 005:010110 (2,L1,R1) WL:0 1 1 2 3 3  WR:3 3 2 2 1 0  
# 006:011001 (2,L1,R1) WL:0 1 2 2 2 3  WR:3 3 2 1 1 1  
# 007:011010 (2,L1,R1) WL:0 1 2 2 3 3  WR:3 3 2 1 1 0  
# 008:011100 (3,L1,R2) WL:0 1 2 3 3 3  WR:3 3 2 1 0 0  
# 009:100011 (3,L1,R2) WL:1 1 1 1 2 3  WR:3 2 2 2 2 1  
# 010:100101 (2,L1,R1) WL:1 1 1 2 2 3  WR:3 2 2 2 1 1  
# 011:100110 (2,L1,R1) WL:1 1 1 2 3 3  WR:3 2 2 2 1 0  
# 012:101001 (2,L1,R1) WL:1 1 2 2 2 3  WR:3 2 2 1 1 1  
# 013:101010 (1,L1,R1) WL:1 1 2 2 3 3  WR:3 2 2 1 1 0  
# 014:101100 (2,L1,R2) WL:1 1 2 3 3 3  WR:3 2 2 1 0 0  
# 015:110001 (3,L2,R1) WL:1 2 2 2 2 3  WR:3 2 1 1 1 1  
# 016:110010 (2,L2,R1) WL:1 2 2 2 3 3  WR:3 2 1 1 1 0  
# 017:110100 (2,L2,R2) WL:1 2 2 3 3 3  WR:3 2 1 1 0 0  
# CWL
# 000B:1 000D:1 000E:1 0013:1 0015:1 0016:1 0019:1 001A:1 001C:1 0023:1 
# 0025:1 0026:1 0029:1 002A:1 002C:1 0031:1 0032:1 0034:1 
# CWI
# 000B:000 000D:001 000E:002 0013:003 0015:004 0016:005 0019:006 001A:007 001C:008 0023:009 
# 0025:010 0026:011 0029:012 002A:013 002C:014 0031:015 0032:016 0034:017 
# Q=18 N=50 Nu=6 Nb=300 (Pi,Pd,Ps)=(5.000000e-03,5.000000e-03,0.000000e+00) [0]
# ICB:   ICB/ex01//cb.txt
# Const: ICB/ex01//constraint.txt
# EncCM: ICB/ex01//EncCM.bin
# ChannelMatrix: ICB/ex01//EncCM.bin (18x18)
# IDSchannel: N=300 (Pi,Pd,Ps)=(5.000000e-03,5.000000e-03,0.000000e+00) (Dmin,Dmax)=(-3,3)
# SLFBAdec: Ns=50 (Nu;Nu2min,Nu2max)=(6(64);3,9) Nb=300 Q=18
# SLFBAdec: (Pi,Pd,Ps,Pt)=(5.000000e-03,5.000000e-03,0.000000e+00,9.900000e-01) (Dmin,Dmax:Drng)=(-3,3:7)
# SLFBAdec: generating GD & GX
# SLFBAdec: generating factor graph
# ChannelMatrix: M=18 N=5832
1000 6128/50000 21 1.225600e-01 : 4.110368e+00 5.173119e-01 3.593056e+00
2000 12049/100000 21 1.204900e-01 : 4.111114e+00 5.297589e-01 3.581355e+00
3000 18130/150000 25 1.208667e-01 : 4.111818e+00 5.404430e-01 3.571375e+00
4000 24191/200000 25 1.209550e-01 : 4.111535e+00 5.456250e-01 3.565910e+00
5000 30341/250000 25 1.213640e-01 : 4.111530e+00 5.505421e-01 3.560988e+00
6000 36475/300000 25 1.215833e-01 : 4.111582e+00 5.543557e-01 3.557226e+00
7000 42478/350000 25 1.213657e-01 : 4.111020e+00 5.550514e-01 3.555968e+00
8000 48370/400000 25 1.209250e-01 : 4.111109e+00 5.537239e-01 3.557385e+00
9000 54308/450000 25 1.206844e-01 : 4.111336e+00 5.538882e-01 3.557448e+00
10000 60234/500000 25 1.204680e-01 : 4.111421e+00 5.535844e-01 3.557837e+00
11000 66162/550000 25 1.202945e-01 : 4.111396e+00 5.529176e-01 3.558478e+00
12000 72197/600000 25 1.203283e-01 : 4.111643e+00 5.533990e-01 3.558244e+00
13000 78190/650000 25 1.202923e-01 : 4.111723e+00 5.537849e-01 3.557938e+00
14000 84135/700000 25 1.201929e-01 : 4.111781e+00 5.536913e-01 3.558089e+00
15000 90203/750000 25 1.202707e-01 : 4.111927e+00 5.543144e-01 3.557613e+00
16000 96293/800000 25 1.203662e-01 : 4.111992e+00 5.550091e-01 3.556983e+00
17000 102382/850000 25 1.204494e-01 : 4.112097e+00 5.554525e-01 3.556644e+00
18000 108372/900000 25 1.204133e-01 : 4.112255e+00 5.552403e-01 3.557015e+00
19000 114239/950000 25 1.202516e-01 : 4.112359e+00 5.548429e-01 3.557516e+00
20000 120029/1000000 25 1.200290e-01 : 4.112217e+00 5.540856e-01 3.558132e+00
21000 126077/1050000 25 1.200733e-01 : 4.112231e+00 5.546232e-01 3.557608e+00
22000 132012/1100000 25 1.200109e-01 : 4.112282e+00 5.546979e-01 3.557584e+00
23000 137974/1150000 25 1.199774e-01 : 4.112200e+00 5.548872e-01 3.557313e+00
24000 144056/1200000 26 1.200467e-01 : 4.112179e+00 5.552365e-01 3.556942e+00
25000 150001/1250000 26 1.200008e-01 : 4.112121e+00 5.549681e-01 3.557153e+00
26000 156018/1300000 26 1.200138e-01 : 4.111995e+00 5.553982e-01 3.556596e+00
27000 161956/1350000 26 1.199674e-01 : 4.112087e+00 5.554847e-01 3.556602e+00
28000 167806/1400000 26 1.198614e-01 : 4.111967e+00 5.550869e-01 3.556880e+00
29000 173951/1450000 26 1.199662e-01 : 4.111939e+00 5.555599e-01 3.556379e+00
30000 179782/1500000 26 1.198547e-01 : 4.111889e+00 5.553703e-01 3.556519e+00
31000 185778/1550000 29 1.198568e-01 : 4.111902e+00 5.554215e-01 3.556480e+00
32000 191783/1600000 29 1.198644e-01 : 4.111899e+00 5.556053e-01 3.556293e+00
33000 197823/1650000 29 1.198927e-01 : 4.112063e+00 5.556001e-01 3.556463e+00
34000 203829/1700000 29 1.198994e-01 : 4.112066e+00 5.556125e-01 3.556453e+00
35000 209873/1750000 29 1.199274e-01 : 4.112062e+00 5.556663e-01 3.556396e+00
36000 216118/1800000 29 1.200656e-01 : 4.112108e+00 5.562802e-01 3.555828e+00
37000 222078/1850000 29 1.200422e-01 : 4.112158e+00 5.564145e-01 3.555743e+00
38000 228024/1900000 29 1.200126e-01 : 4.112103e+00 5.564665e-01 3.555636e+00
39000 234075/1950000 29 1.200385e-01 : 4.112116e+00 5.566654e-01 3.555451e+00
40000 240166/2000000 29 1.200830e-01 : 4.112179e+00 5.571055e-01 3.555073e+00
41000 246243/2050000 29 1.201185e-01 : 4.112245e+00 5.572836e-01 3.554961e+00
42000 252175/2100000 29 1.200833e-01 : 4.112229e+00 5.571971e-01 3.555032e+00
43000 258289/2150000 29 1.201344e-01 : 4.112328e+00 5.574503e-01 3.554877e+00
44000 264190/2200000 29 1.200864e-01 : 4.112259e+00 5.574125e-01 3.554847e+00
45000 270327/2250000 29 1.201453e-01 : 4.112298e+00 5.575315e-01 3.554767e+00
46000 276252/2300000 29 1.201096e-01 : 4.112295e+00 5.575159e-01 3.554779e+00
47000 282226/2350000 29 1.200962e-01 : 4.112285e+00 5.575572e-01 3.554727e+00
48000 288310/2400000 29 1.201292e-01 : 4.112255e+00 5.577766e-01 3.554478e+00
49000 294296/2450000 29 1.201208e-01 : 4.112235e+00 5.578591e-01 3.554376e+00
50000 300504/2500000 29 1.202016e-01 : 4.112265e+00 5.582577e-01 3.554007e+00
51000 306598/2550000 29 1.202345e-01 : 4.112300e+00 5.583195e-01 3.553981e+00
52000 312415/2600000 29 1.201596e-01 : 4.112286e+00 5.579576e-01 3.554328e+00
53000 318359/2650000 29 1.201355e-01 : 4.112330e+00 5.579636e-01 3.554367e+00
54000 324373/2700000 29 1.201381e-01 : 4.112294e+00 5.579437e-01 3.554350e+00
55000 330437/2750000 29 1.201589e-01 : 4.112328e+00 5.581833e-01 3.554145e+00
56000 336325/2800000 29 1.201161e-01 : 4.112309e+00 5.579856e-01 3.554324e+00
57000 342194/2850000 29 1.200681e-01 : 4.112282e+00 5.577460e-01 3.554536e+00
58000 348130/2900000 29 1.200448e-01 : 4.112317e+00 5.577590e-01 3.554558e+00
59000 354170/2950000 29 1.200576e-01 : 4.112300e+00 5.577544e-01 3.554545e+00
60000 360201/3000000 35 1.200670e-01 : 4.112253e+00 5.578669e-01 3.554386e+00
61000 366071/3050000 35 1.200233e-01 : 4.112247e+00 5.577004e-01 3.554547e+00
62000 372069/3100000 35 1.200223e-01 : 4.112245e+00 5.577937e-01 3.554451e+00
63000 378140/3150000 35 1.200444e-01 : 4.112247e+00 5.578877e-01 3.554359e+00
64000 384028/3200000 35 1.200087e-01 : 4.112247e+00 5.577418e-01 3.554505e+00
65000 390136/3250000 35 1.200418e-01 : 4.112226e+00 5.578178e-01 3.554409e+00
66000 396087/3300000 35 1.200264e-01 : 4.112268e+00 5.577383e-01 3.554530e+00
67000 402019/3350000 35 1.200057e-01 : 4.112207e+00 5.578001e-01 3.554407e+00
68000 408017/3400000 35 1.200050e-01 : 4.112258e+00 5.578955e-01 3.554363e+00
69000 414170/3450000 35 1.200493e-01 : 4.112257e+00 5.580961e-01 3.554161e+00
70000 420048/3500000 35 1.200137e-01 : 4.112240e+00 5.578445e-01 3.554396e+00
71000 425970/3550000 35 1.199915e-01 : 4.112230e+00 5.576886e-01 3.554542e+00
72000 431800/3600000 35 1.199444e-01 : 4.112205e+00 5.575920e-01 3.554613e+00
73000 437841/3650000 35 1.199564e-01 : 4.112183e+00 5.576313e-01 3.554552e+00
74000 443993/3700000 35 1.199981e-01 : 4.112182e+00 5.579523e-01 3.554230e+00
75000 450046/3750000 35 1.200123e-01 : 4.112176e+00 5.580766e-01 3.554100e+00
76000 456061/3800000 35 1.200161e-01 : 4.112196e+00 5.581138e-01 3.554082e+00
77000 462347/3850000 35 1.200901e-01 : 4.112216e+00 5.584344e-01 3.553781e+00
78000 468335/3900000 35 1.200859e-01 : 4.112208e+00 5.584362e-01 3.553772e+00
79000 474272/3950000 35 1.200689e-01 : 4.112200e+00 5.583761e-01 3.553824e+00
80000 480228/4000000 35 1.200570e-01 : 4.112195e+00 5.583263e-01 3.553869e+00
81000 486212/4050000 35 1.200523e-01 : 4.112178e+00 5.583454e-01 3.553832e+00
82000 492291/4100000 35 1.200710e-01 : 4.112195e+00 5.585169e-01 3.553678e+00
83000 498495/4150000 35 1.201193e-01 : 4.112191e+00 5.587547e-01 3.553437e+00
84000 504574/4200000 35 1.201367e-01 : 4.112224e+00 5.588795e-01 3.553344e+00
85000 510599/4250000 35 1.201409e-01 : 4.112256e+00 5.589036e-01 3.553353e+00
86000 516583/4300000 35 1.201356e-01 : 4.112288e+00 5.588921e-01 3.553396e+00
87000 522589/4350000 35 1.201354e-01 : 4.112277e+00 5.588651e-01 3.553412e+00
88000 528499/4400000 35 1.201134e-01 : 4.112255e+00 5.587946e-01 3.553461e+00
89000 534654/4450000 35 1.201470e-01 : 4.112259e+00 5.588694e-01 3.553390e+00
90000 540756/4500000 39 1.201680e-01 : 4.112273e+00 5.590277e-01 3.553245e+00
91000 546699/4550000 39 1.201536e-01 : 4.112299e+00 5.589286e-01 3.553370e+00
92000 552668/4600000 39 1.201452e-01 : 4.112279e+00 5.589028e-01 3.553377e+00
93000 558604/4650000 39 1.201299e-01 : 4.112250e+00 5.589073e-01 3.553343e+00
94000 564535/4700000 39 1.201138e-01 : 4.112249e+00 5.589318e-01 3.553317e+00
95000 570408/4750000 39 1.200859e-01 : 4.112259e+00 5.588958e-01 3.553363e+00
96000 576439/4800000 39 1.200915e-01 : 4.112252e+00 5.589165e-01 3.553335e+00
97000 582429/4850000 39 1.200885e-01 : 4.112229e+00 5.588541e-01 3.553374e+00
98000 588291/4900000 39 1.200594e-01 : 4.112255e+00 5.586954e-01 3.553560e+00
99000 594182/4950000 39 1.200368e-01 : 4.112271e+00 5.585588e-01 3.553712e+00
100000 600219/5000000 39 1.200438e-01 : 4.112290e+00 5.585897e-01 3.553700e+00
=== 最終統計結果 ===
総シンボル数: 5000000 個
総エラー数: 600219 個
シンボルエラー率: 0.120044 (12.00%)
1ブロック内最大エラー数: 39 個
実行イテレーション数: 100000 回
1イテレーションあたりのシンボル数: 50 個
平均エラー数/イテレーション: 6.00 個
========================
# InnerCodebook: deleted
# ChannelMatrix: deleted
# IDSchannel: deleted
# SLFBAdec: deleted
# ChannelMatrix: deleted
