# InnerCodebook: input ICB/ex01//cb.txt
# InnerCodebook: Nu=6 Nu2p=64 numCW=18 FlgUnique=1 FlgInvertible=1 FlgBalanced=1
# InnerCodebook: Rho=3 (ell,Delta)=(10,2) L0=2
# InnerCodebook: Rst01=4 Rst10=13
# CW
# 000:001011 (2,L2,R2) WL:0 0 1 1 2 3  WR:3 3 3 2 2 1  
# 001:001101 (2,L2,R1) WL:0 0 1 2 2 3  WR:3 3 3 2 1 1  
# 002:001110 (3,L2,R1) WL:0 0 1 2 3 3  WR:3 3 3 2 1 0  
# 003:010011 (2,L1,R2) WL:0 1 1 1 2 3  WR:3 3 2 2 2 1  
# 004:010101 (1,L1,R1) WL:0 1 1 2 2 3  WR:3 3 2 2 1 1  
# 005:010110 (2,L1,R1) WL:0 1 1 2 3 3  WR:3 3 2 2 1 0  
# 006:011001 (2,L1,R1) WL:0 1 2 2 2 3  WR:3 3 2 1 1 1  
# 007:011010 (2,L1,R1) WL:0 1 2 2 3 3  WR:3 3 2 1 1 0  
# 008:011100 (3,L1,R2) WL:0 1 2 3 3 3  WR:3 3 2 1 0 0  
# 009:100011 (3,L1,R2) WL:1 1 1 1 2 3  WR:3 2 2 2 2 1  
# 010:100101 (2,L1,R1) WL:1 1 1 2 2 3  WR:3 2 2 2 1 1  
# 011:100110 (2,L1,R1) WL:1 1 1 2 3 3  WR:3 2 2 2 1 0  
# 012:101001 (2,L1,R1) WL:1 1 2 2 2 3  WR:3 2 2 1 1 1  
# 013:101010 (1,L1,R1) WL:1 1 2 2 3 3  WR:3 2 2 1 1 0  
# 014:101100 (2,L1,R2) WL:1 1 2 3 3 3  WR:3 2 2 1 0 0  
# 015:110001 (3,L2,R1) WL:1 2 2 2 2 3  WR:3 2 1 1 1 1  
# 016:110010 (2,L2,R1) WL:1 2 2 2 3 3  WR:3 2 1 1 1 0  
# 017:110100 (2,L2,R2) WL:1 2 2 3 3 3  WR:3 2 1 1 0 0  
# CWL
# 000B:1 000D:1 000E:1 0013:1 0015:1 0016:1 0019:1 001A:1 001C:1 0023:1 
# 0025:1 0026:1 0029:1 002A:1 002C:1 0031:1 0032:1 0034:1 
# CWI
# 000B:000 000D:001 000E:002 0013:003 0015:004 0016:005 0019:006 001A:007 001C:008 0023:009 
# 0025:010 0026:011 0029:012 002A:013 002C:014 0031:015 0032:016 0034:017 
# Q=18 N=50 Nu=6 Nb=300 (Pi,Pd,Ps)=(0.000000e+00,2.000000e-03,0.000000e+00) [0]
# ICB:   ICB/ex01//cb.txt
# Const: ICB/ex01//constraint.txt
# EncCM: ICB/ex01//EncCM.bin
# ChannelMatrix: ICB/ex01//EncCM.bin (18x18)
# IDSchannel: N=300 (Pi,Pd,Ps)=(0.000000e+00,2.000000e-03,0.000000e+00) (Dmin,Dmax)=(-2,0)
# SLFBAdec: Ns=50 (Nu;Nu2min,Nu2max)=(6(64);3,8) Nb=300 Q=18
# SLFBAdec: (Pi,Pd,Ps,Pt)=(0.000000e+00,2.000000e-03,0.000000e+00,9.980000e-01) (Dmin,Dmax:Drng)=(-2,0:3)
# SLFBAdec: generating GD & GX
# SLFBAdec: generating factor graph
# ChannelMatrix: M=18 N=5832
1000 3974/50000 12 7.948000e-02 : 4.113956e+00 2.988643e-01 3.815092e+00
2000 7906/100000 12 7.906000e-02 : 4.113136e+00 3.022501e-01 3.810886e+00
3000 11833/150000 14 7.888667e-02 : 4.112983e+00 3.025643e-01 3.810419e+00
4000 16019/200000 14 8.009500e-02 : 4.113923e+00 3.061209e-01 3.807802e+00
5000 19971/250000 14 7.988400e-02 : 4.112977e+00 3.062392e-01 3.806738e+00
6000 23962/300000 14 7.987333e-02 : 4.112700e+00 3.065861e-01 3.806113e+00
7000 27986/350000 14 7.996000e-02 : 4.112803e+00 3.068887e-01 3.805914e+00
8000 31948/400000 14 7.987000e-02 : 4.112510e+00 3.067033e-01 3.805807e+00
9000 35739/450000 14 7.942000e-02 : 4.112081e+00 3.054777e-01 3.806603e+00
10000 39658/500000 14 7.931600e-02 : 4.112027e+00 3.054237e-01 3.806603e+00
11000 43511/550000 14 7.911091e-02 : 4.112302e+00 3.050096e-01 3.807293e+00
12000 47521/600000 14 7.920167e-02 : 4.112457e+00 3.053788e-01 3.807078e+00
13000 51406/650000 14 7.908615e-02 : 4.112496e+00 3.051089e-01 3.807388e+00
14000 55311/700000 15 7.901571e-02 : 4.112396e+00 3.048491e-01 3.807546e+00
15000 59313/750000 15 7.908400e-02 : 4.112471e+00 3.047980e-01 3.807673e+00
16000 63283/800000 15 7.910375e-02 : 4.112298e+00 3.048296e-01 3.807468e+00
17000 67181/850000 15 7.903647e-02 : 4.112333e+00 3.046637e-01 3.807669e+00
18000 71156/900000 15 7.906222e-02 : 4.112406e+00 3.048978e-01 3.807508e+00
19000 75222/950000 15 7.918105e-02 : 4.112437e+00 3.051540e-01 3.807283e+00
20000 79163/1000000 15 7.916300e-02 : 4.112462e+00 3.050600e-01 3.807402e+00
21000 82984/1050000 15 7.903238e-02 : 4.112314e+00 3.046802e-01 3.807634e+00
22000 86924/1100000 15 7.902182e-02 : 4.112447e+00 3.046964e-01 3.807750e+00
23000 90837/1150000 15 7.898870e-02 : 4.112351e+00 3.046970e-01 3.807654e+00
24000 94920/1200000 15 7.910000e-02 : 4.112524e+00 3.049666e-01 3.807557e+00
25000 98809/1250000 15 7.904720e-02 : 4.112462e+00 3.049230e-01 3.807539e+00
26000 102855/1300000 15 7.911923e-02 : 4.112395e+00 3.051531e-01 3.807242e+00
27000 106763/1350000 15 7.908370e-02 : 4.112493e+00 3.051433e-01 3.807350e+00
28000 110712/1400000 15 7.908000e-02 : 4.112533e+00 3.051597e-01 3.807373e+00
29000 114653/1450000 15 7.907103e-02 : 4.112488e+00 3.052237e-01 3.807265e+00
30000 118638/1500000 15 7.909200e-02 : 4.112497e+00 3.052163e-01 3.807281e+00
31000 122622/1550000 15 7.911097e-02 : 4.112507e+00 3.052292e-01 3.807277e+00
32000 126490/1600000 15 7.905625e-02 : 4.112485e+00 3.051025e-01 3.807383e+00
33000 130432/1650000 15 7.904970e-02 : 4.112497e+00 3.050875e-01 3.807409e+00
34000 134315/1700000 15 7.900882e-02 : 4.112596e+00 3.050223e-01 3.807574e+00
35000 138244/1750000 15 7.899657e-02 : 4.112617e+00 3.049398e-01 3.807677e+00
36000 142232/1800000 15 7.901778e-02 : 4.112694e+00 3.050360e-01 3.807658e+00
37000 146122/1850000 15 7.898486e-02 : 4.112735e+00 3.049461e-01 3.807789e+00
38000 150053/1900000 15 7.897526e-02 : 4.112721e+00 3.048772e-01 3.807844e+00
39000 154005/1950000 15 7.897692e-02 : 4.112772e+00 3.048520e-01 3.807920e+00
40000 157856/2000000 15 7.892800e-02 : 4.112757e+00 3.047441e-01 3.808013e+00
41000 161752/2050000 15 7.890341e-02 : 4.112742e+00 3.047228e-01 3.808019e+00
42000 165720/2100000 15 7.891429e-02 : 4.112798e+00 3.047349e-01 3.808064e+00
43000 169743/2150000 15 7.895023e-02 : 4.112765e+00 3.048546e-01 3.807910e+00
44000 173620/2200000 15 7.891818e-02 : 4.112747e+00 3.047811e-01 3.807966e+00
45000 177588/2250000 15 7.892800e-02 : 4.112712e+00 3.048062e-01 3.807906e+00
46000 181461/2300000 15 7.889609e-02 : 4.112757e+00 3.047254e-01 3.808032e+00
47000 185382/2350000 15 7.888596e-02 : 4.112719e+00 3.047411e-01 3.807978e+00
48000 189247/2400000 15 7.885292e-02 : 4.112692e+00 3.047068e-01 3.807985e+00
49000 193108/2450000 15 7.881959e-02 : 4.112682e+00 3.045836e-01 3.808099e+00
50000 196990/2500000 15 7.879600e-02 : 4.112738e+00 3.045373e-01 3.808201e+00
51000 200929/2550000 15 7.879569e-02 : 4.112756e+00 3.045301e-01 3.808226e+00
52000 204671/2600000 15 7.871962e-02 : 4.112682e+00 3.043177e-01 3.808365e+00
53000 208655/2650000 17 7.873774e-02 : 4.112705e+00 3.043476e-01 3.808358e+00
54000 212617/2700000 17 7.874704e-02 : 4.112730e+00 3.044132e-01 3.808317e+00
55000 216510/2750000 17 7.873091e-02 : 4.112728e+00 3.043549e-01 3.808373e+00
56000 220358/2800000 17 7.869929e-02 : 4.112726e+00 3.042607e-01 3.808465e+00
57000 224307/2850000 17 7.870421e-02 : 4.112753e+00 3.042617e-01 3.808492e+00
58000 228203/2900000 17 7.869069e-02 : 4.112768e+00 3.042222e-01 3.808545e+00
59000 232090/2950000 17 7.867458e-02 : 4.112752e+00 3.041948e-01 3.808558e+00
60000 236018/3000000 17 7.867267e-02 : 4.112708e+00 3.041990e-01 3.808509e+00
61000 239906/3050000 17 7.865770e-02 : 4.112738e+00 3.041654e-01 3.808573e+00
62000 243961/3100000 17 7.869710e-02 : 4.112710e+00 3.042349e-01 3.808475e+00
63000 247939/3150000 17 7.871079e-02 : 4.112694e+00 3.042796e-01 3.808415e+00
64000 251837/3200000 17 7.869906e-02 : 4.112653e+00 3.042257e-01 3.808428e+00
65000 255717/3250000 17 7.868215e-02 : 4.112619e+00 3.041971e-01 3.808422e+00
66000 259551/3300000 17 7.865182e-02 : 4.112573e+00 3.040890e-01 3.808484e+00
67000 263583/3350000 17 7.868149e-02 : 4.112589e+00 3.041700e-01 3.808419e+00
68000 267430/3400000 17 7.865588e-02 : 4.112574e+00 3.041101e-01 3.808464e+00
69000 271344/3450000 17 7.865043e-02 : 4.112535e+00 3.041180e-01 3.808417e+00
70000 275155/3500000 17 7.861571e-02 : 4.112543e+00 3.039967e-01 3.808547e+00
71000 279182/3550000 17 7.864282e-02 : 4.112522e+00 3.040117e-01 3.808510e+00
72000 283151/3600000 17 7.865306e-02 : 4.112508e+00 3.040006e-01 3.808508e+00
73000 287000/3650000 17 7.863014e-02 : 4.112477e+00 3.039228e-01 3.808554e+00
74000 290982/3700000 17 7.864378e-02 : 4.112441e+00 3.039342e-01 3.808507e+00
75000 294879/3750000 17 7.863440e-02 : 4.112438e+00 3.039395e-01 3.808498e+00
76000 298780/3800000 17 7.862632e-02 : 4.112427e+00 3.039199e-01 3.808507e+00
77000 302736/3850000 17 7.863273e-02 : 4.112399e+00 3.039318e-01 3.808467e+00
78000 306732/3900000 17 7.864923e-02 : 4.112356e+00 3.039624e-01 3.808394e+00
79000 310752/3950000 17 7.867139e-02 : 4.112362e+00 3.040302e-01 3.808332e+00
80000 314627/4000000 17 7.865675e-02 : 4.112349e+00 3.040245e-01 3.808325e+00
81000 318504/4050000 17 7.864296e-02 : 4.112325e+00 3.039794e-01 3.808345e+00
82000 322521/4100000 17 7.866366e-02 : 4.112343e+00 3.040471e-01 3.808296e+00
83000 326435/4150000 17 7.865904e-02 : 4.112365e+00 3.040597e-01 3.808306e+00
84000 330308/4200000 17 7.864476e-02 : 4.112370e+00 3.040264e-01 3.808343e+00
85000 334270/4250000 17 7.865176e-02 : 4.112392e+00 3.040770e-01 3.808315e+00
86000 338174/4300000 17 7.864512e-02 : 4.112372e+00 3.040425e-01 3.808329e+00
87000 342097/4350000 17 7.864299e-02 : 4.112368e+00 3.040546e-01 3.808314e+00
88000 345944/4400000 17 7.862364e-02 : 4.112377e+00 3.039950e-01 3.808382e+00
89000 349855/4450000 17 7.861910e-02 : 4.112390e+00 3.039901e-01 3.808400e+00
90000 353821/4500000 17 7.862689e-02 : 4.112404e+00 3.040268e-01 3.808378e+00
91000 357703/4550000 17 7.861604e-02 : 4.112405e+00 3.040070e-01 3.808398e+00
92000 361631/4600000 17 7.861543e-02 : 4.112389e+00 3.040218e-01 3.808367e+00
93000 365649/4650000 17 7.863419e-02 : 4.112400e+00 3.040784e-01 3.808322e+00
94000 369485/4700000 17 7.861383e-02 : 4.112404e+00 3.040199e-01 3.808384e+00
95000 373431/4750000 17 7.861705e-02 : 4.112420e+00 3.040624e-01 3.808357e+00
96000 377219/4800000 17 7.858729e-02 : 4.112405e+00 3.039604e-01 3.808445e+00
97000 381161/4850000 17 7.858990e-02 : 4.112410e+00 3.039699e-01 3.808440e+00
98000 385086/4900000 17 7.858898e-02 : 4.112386e+00 3.039921e-01 3.808394e+00
99000 388938/4950000 17 7.857333e-02 : 4.112378e+00 3.039794e-01 3.808398e+00
100000 393003/5000000 17 7.860060e-02 : 4.112402e+00 3.040270e-01 3.808375e+00
=== 最終統計結果 ===
総シンボル数: 5000000 個
総エラー数: 393003 個
シンボルエラー率: 0.078601 (7.86%)
1ブロック内最大エラー数: 17 個
実行イテレーション数: 100000 回
1イテレーションあたりのシンボル数: 50 個
平均エラー数/イテレーション: 3.93 個
========================
# InnerCodebook: deleted
# ChannelMatrix: deleted
# IDSchannel: deleted
# SLFBAdec: deleted
# ChannelMatrix: deleted
