# (Pid,Ps)=(1.000000e-02,1.000000e-02) Nseg=200 WinSize=10 lmd=1 [0]
# InnerCB: ../search03/ICB/H11.bin
# Gtable:  Gtable/5/010_010.bin
# InnerCodebook: beta=5(1024) nu=2
# InnerCodebook: B(B2p)=8(256) 7(128) 
# InnerCodebook: checked CWM, EncMap, DecMap
# beta=5(1024) nu=2 N=1000 Dmax=15 WCmax=10000
# B=8,7,
# NBIDSchannel: N=1000 Q=4 Dmax=15 (Pid,Ps)=(1.000000e-02,1.000000e-02)
# FBalg4: Nseg=200 Dmax=15(w=31)
# FBalg4: Gtable: Gtable/5/010_010.bin
# Gtable: beta=5 (Pid,Ps,Ptrn)=(1.000000e-02,1.000000e-02,9.800000e-01) Pth=1.000000e-10
# Gtable: beta4p=1024 beta4pp=1048576
# Gtable::Gtable len=0 cnt=1024
# Gtable::Gtable len=1 cnt=4096
# Gtable::Gtable len=2 cnt=16384
# Gtable::Gtable len=3 cnt=60244
# Gtable::Gtable len=4 cnt=236452
# Gtable::Gtable len=5 cnt=823900
# Gtable::Gtable len=6 cnt=1412476
# Gtable::Gtable len=7 cnt=890332
# Gtable::Gtable len=8 cnt=148720
# Gtable::Gtable len=9 cnt=5416
# Gtable::Gtable len=10 cnt=0
# FBalg4: beta=5(1024) (Pid,Ps)=(1.000000e-02,1.000000e-02) Pth=1.000000e-10 N=1000
# StatICB: nu=2 beta=5 beta4p=1024 Bsum=15 lmd=1
# StatICB: B=8,7,
0065(995) (1.20e+00 9.74e-01) XE:9.74e-02 (1.22e+00 1.22e+00 | 6.05e-01 6.36e-01)	7.635004e+00 6.687883e+00 : 9.548591e-01
0132(1001) (1.22e+00 9.74e-01) XE:9.74e-02 (1.21e+00 1.22e+00 | 6.26e-01 6.41e-01)	7.558511e+00 6.607091e+00 : 9.443735e-01
0200(998) (1.02e+00 9.73e-01) XE:9.73e-02 (1.19e+00 1.21e+00 | 7.10e-01 6.43e-01)	7.503168e+00 6.567276e+00 : 9.380296e-01
0267(999) (9.39e-01 9.77e-01) XE:9.77e-02 (1.22e+00 1.21e+00 | 6.22e-01 6.42e-01)	7.471675e+00 6.524131e+00 : 9.330538e-01
0335(1000) (9.25e-01 9.81e-01) XE:9.81e-02 (1.24e+00 1.21e+00 | 6.42e-01 6.42e-01)	7.442052e+00 6.498858e+00 : 9.293940e-01
0402(995) (1.03e+00 9.85e-01) XE:9.85e-02 (1.22e+00 1.21e+00 | 6.54e-01 6.43e-01)	7.416167e+00 6.480041e+00 : 9.264139e-01
0470(1000) (7.67e-01 9.79e-01) XE:9.79e-02 (1.21e+00 1.22e+00 | 6.32e-01 6.43e-01)	7.402416e+00 6.467045e+00 : 9.246307e-01
0537(1005) (8.51e-01 9.78e-01) XE:9.78e-02 (1.21e+00 1.22e+00 | 6.32e-01 6.43e-01)	7.389624e+00 6.452660e+00 : 9.228189e-01
0605(995) (1.34e+00 9.77e-01) XE:9.77e-02 (1.19e+00 1.21e+00 | 6.50e-01 6.43e-01)	7.377436e+00 6.443573e+00 : 9.214006e-01
0672(1000) (1.20e+00 9.81e-01) XE:9.81e-02 (1.22e+00 1.22e+00 | 6.42e-01 6.43e-01)	7.366408e+00 6.434507e+00 : 9.200610e-01
0740(994) (1.20e+00 9.82e-01) XE:9.82e-02 (1.21e+00 1.22e+00 | 6.34e-01 6.42e-01)	7.357066e+00 6.428890e+00 : 9.190637e-01
0807(994) (9.89e-01 9.82e-01) XE:9.82e-02 (1.23e+00 1.22e+00 | 6.26e-01 6.43e-01)	7.346219e+00 6.422880e+00 : 9.179400e-01
0875(996) (1.45e+00 9.85e-01) XE:9.85e-02 (1.22e+00 1.22e+00 | 6.54e-01 6.43e-01)	7.333835e+00 6.414221e+00 : 9.165371e-01
0942(1002) (8.58e-01 9.84e-01) XE:9.84e-02 (1.23e+00 1.22e+00 | 6.78e-01 6.43e-01)	7.327840e+00 6.409746e+00 : 9.158390e-01
1010(997) (7.11e-01 9.84e-01) XE:9.84e-02 (1.23e+00 1.22e+00 | 6.28e-01 6.43e-01)	7.323238e+00 6.406278e+00 : 9.153011e-01
1077(997) (1.69e+00 9.85e-01) XE:9.85e-02 (1.22e+00 1.22e+00 | 6.52e-01 6.43e-01)	7.318829e+00 6.402983e+00 : 9.147874e-01
1145(1008) (1.11e+00 9.84e-01) XE:9.84e-02 (1.22e+00 1.22e+00 | 6.68e-01 6.43e-01)	7.314814e+00 6.398469e+00 : 9.142189e-01
1212(1005) (1.05e+00 9.82e-01) XE:9.82e-02 (1.21e+00 1.22e+00 | 6.68e-01 6.43e-01)	7.311824e+00 6.397910e+00 : 9.139823e-01
1280(1009) (7.73e-01 9.80e-01) XE:9.80e-02 (1.19e+00 1.22e+00 | 6.48e-01 6.43e-01)	7.309295e+00 6.395039e+00 : 9.136222e-01
1347(1002) (6.72e-01 9.80e-01) XE:9.80e-02 (1.20e+00 1.22e+00 | 6.52e-01 6.43e-01)	7.304537e+00 6.394284e+00 : 9.132548e-01
1415(997) (6.43e-01 9.80e-01) XE:9.80e-02 (1.22e+00 1.22e+00 | 6.09e-01 6.43e-01)	7.300241e+00 6.392229e+00 : 9.128313e-01
1482(1006) (1.34e+00 9.79e-01) XE:9.79e-02 (1.21e+00 1.22e+00 | 6.80e-01 6.43e-01)	7.298962e+00 6.390248e+00 : 9.126140e-01
1550(1008) (6.57e-01 9.80e-01) XE:9.80e-02 (1.23e+00 1.22e+00 | 6.44e-01 6.43e-01)	7.295990e+00 6.388580e+00 : 9.123047e-01
1617(1000) (6.69e-01 9.81e-01) XE:9.81e-02 (1.20e+00 1.22e+00 | 6.60e-01 6.43e-01)	7.291973e+00 6.387784e+00 : 9.119838e-01
1685(1000) (6.15e-01 9.81e-01) XE:9.81e-02 (1.19e+00 1.22e+00 | 6.40e-01 6.43e-01)	7.288517e+00 6.386180e+00 : 9.116465e-01
1752(1000) (1.42e+00 9.80e-01) XE:9.80e-02 (1.23e+00 1.22e+00 | 6.52e-01 6.43e-01)	7.286994e+00 6.385876e+00 : 9.115247e-01
1820(997) (8.15e-01 9.79e-01) XE:9.79e-02 (1.20e+00 1.22e+00 | 6.20e-01 6.43e-01)	7.284235e+00 6.385152e+00 : 9.112925e-01
1887(996) (1.05e+00 9.78e-01) XE:9.78e-02 (1.22e+00 1.22e+00 | 5.93e-01 6.43e-01)	7.282262e+00 6.385934e+00 : 9.112130e-01
1955(1006) (1.22e+00 9.79e-01) XE:9.79e-02 (1.22e+00 1.22e+00 | 5.99e-01 6.43e-01)	7.279680e+00 6.384577e+00 : 9.109504e-01
2022(1007) (1.16e+00 9.79e-01) XE:9.79e-02 (1.19e+00 1.22e+00 | 6.36e-01 6.43e-01)	7.276842e+00 6.383440e+00 : 9.106855e-01
2090(998) (8.26e-01 9.79e-01) XE:9.79e-02 (1.21e+00 1.22e+00 | 6.20e-01 6.43e-01)	7.275657e+00 6.382337e+00 : 9.105330e-01
2157(995) (1.07e+00 9.79e-01) XE:9.79e-02 (1.22e+00 1.22e+00 | 6.26e-01 6.43e-01)	7.273782e+00 6.380460e+00 : 9.102829e-01
2225(997) (8.89e-01 9.78e-01) XE:9.78e-02 (1.21e+00 1.22e+00 | 6.24e-01 6.43e-01)	7.272368e+00 6.379993e+00 : 9.101574e-01
2292(1004) (7.48e-01 9.78e-01) XE:9.78e-02 (1.23e+00 1.22e+00 | 6.44e-01 6.43e-01)	7.271833e+00 6.377737e+00 : 9.099713e-01
2360(1006) (1.21e+00 9.77e-01) XE:9.77e-02 (1.22e+00 1.22e+00 | 6.24e-01 6.43e-01)	7.271600e+00 6.377569e+00 : 9.099446e-01
2427(994) (7.64e-01 9.78e-01) XE:9.78e-02 (1.22e+00 1.22e+00 | 5.63e-01 6.43e-01)	7.270186e+00 6.376752e+00 : 9.097959e-01
2495(993) (8.40e-01 9.77e-01) XE:9.77e-02 (1.21e+00 1.22e+00 | 6.20e-01 6.43e-01)	7.268307e+00 6.376366e+00 : 9.096449e-01
2562(994) (1.26e+00 9.76e-01) XE:9.76e-02 (1.22e+00 1.22e+00 | 5.77e-01 6.43e-01)	7.268014e+00 6.375723e+00 : 9.095824e-01
2630(1001) (1.41e+00 9.77e-01) XE:9.77e-02 (1.21e+00 1.22e+00 | 6.07e-01 6.43e-01)	7.266192e+00 6.374053e+00 : 9.093496e-01
2697(1005) (1.02e+00 9.78e-01) XE:9.78e-02 (1.22e+00 1.22e+00 | 6.40e-01 6.43e-01)	7.266046e+00 6.373250e+00 : 9.092864e-01
2765(1003) (1.33e+00 9.78e-01) XE:9.78e-02 (1.21e+00 1.22e+00 | 6.66e-01 6.43e-01)	7.265435e+00 6.372042e+00 : 9.091651e-01
2832(1006) (9.24e-01 9.77e-01) XE:9.77e-02 (1.22e+00 1.22e+00 | 6.50e-01 6.43e-01)	7.265237e+00 6.371977e+00 : 9.091476e-01
2900(998) (9.59e-01 9.77e-01) XE:9.77e-02 (1.22e+00 1.22e+00 | 6.03e-01 6.43e-01)	7.264304e+00 6.371544e+00 : 9.090566e-01
2967(997) (1.07e+00 9.77e-01) XE:9.77e-02 (1.19e+00 1.22e+00 | 6.90e-01 6.43e-01)	7.262768e+00 6.370282e+00 : 9.088700e-01
3035(1002) (1.15e+00 9.77e-01) XE:9.77e-02 (1.23e+00 1.22e+00 | 6.70e-01 6.43e-01)	7.262216e+00 6.369752e+00 : 9.087979e-01
3102(997) (1.02e+00 9.77e-01) XE:9.77e-02 (1.21e+00 1.22e+00 | 6.56e-01 6.43e-01)	7.260881e+00 6.369451e+00 : 9.086888e-01
3170(990) (1.28e+00 9.77e-01) XE:9.77e-02 (1.20e+00 1.22e+00 | 6.26e-01 6.43e-01)	7.259551e+00 6.368595e+00 : 9.085431e-01
3237(995) (7.65e-01 9.78e-01) XE:9.78e-02 (1.20e+00 1.22e+00 | 5.99e-01 6.43e-01)	7.258547e+00 6.367796e+00 : 9.084229e-01
3305(1003) (9.86e-01 9.77e-01) XE:9.77e-02 (1.20e+00 1.22e+00 | 6.12e-01 6.42e-01)	7.257928e+00 6.367069e+00 : 9.083331e-01
3372(996) (9.19e-01 9.78e-01) XE:9.78e-02 (1.22e+00 1.22e+00 | 6.72e-01 6.42e-01)	7.256095e+00 6.366758e+00 : 9.081902e-01
3439(1003) (1.03e+00 9.79e-01) XE:9.79e-02 (1.21e+00 1.22e+00 | 6.76e-01 6.42e-01)	7.254695e+00 6.365537e+00 : 9.080155e-01
3507(999) (9.53e-01 9.79e-01) XE:9.79e-02 (1.21e+00 1.22e+00 | 5.97e-01 6.42e-01)	7.254110e+00 6.364844e+00 : 9.079303e-01
3574(1004) (1.06e+00 9.78e-01) XE:9.78e-02 (1.25e+00 1.22e+00 | 5.99e-01 6.42e-01)	7.253549e+00 6.364480e+00 : 9.078686e-01
3642(1001) (8.43e-01 9.79e-01) XE:9.79e-02 (1.22e+00 1.22e+00 | 6.16e-01 6.42e-01)	7.253355e+00 6.363803e+00 : 9.078105e-01
3710(1010) (1.24e+00 9.78e-01) XE:9.78e-02 (1.21e+00 1.22e+00 | 6.74e-01 6.42e-01)	7.252893e+00 6.363749e+00 : 9.077761e-01
3777(1011) (1.06e+00 9.78e-01) XE:9.78e-02 (1.18e+00 1.22e+00 | 6.03e-01 6.42e-01)	7.251598e+00 6.362916e+00 : 9.076343e-01
3845(1004) (1.03e+00 9.79e-01) XE:9.79e-02 (1.21e+00 1.22e+00 | 6.46e-01 6.42e-01)	7.249964e+00 6.362110e+00 : 9.074716e-01
3912(1001) (6.04e-01 9.78e-01) XE:9.78e-02 (1.23e+00 1.22e+00 | 6.38e-01 6.42e-01)	7.249666e+00 6.361695e+00 : 9.074241e-01
3980(1000) (9.19e-01 9.79e-01) XE:9.79e-02 (1.20e+00 1.22e+00 | 6.38e-01 6.42e-01)	7.249233e+00 6.361033e+00 : 9.073511e-01
4047(1004) (9.80e-01 9.78e-01) XE:9.78e-02 (1.23e+00 1.22e+00 | 6.28e-01 6.42e-01)	7.248629e+00 6.360811e+00 : 9.072960e-01
4115(996) (8.90e-01 9.78e-01) XE:9.78e-02 (1.22e+00 1.22e+00 | 6.52e-01 6.42e-01)	7.248104e+00 6.360184e+00 : 9.072192e-01
4182(1001) (7.76e-01 9.78e-01) XE:9.78e-02 (1.19e+00 1.22e+00 | 6.62e-01 6.42e-01)	7.247441e+00 6.359103e+00 : 9.071030e-01
4250(1000) (7.34e-01 9.79e-01) XE:9.79e-02 (1.22e+00 1.22e+00 | 6.52e-01 6.42e-01)	7.246683e+00 6.358706e+00 : 9.070259e-01
4317(1010) (7.72e-01 9.78e-01) XE:9.78e-02 (1.21e+00 1.22e+00 | 6.20e-01 6.42e-01)	7.246412e+00 6.358791e+00 : 9.070135e-01
4385(1007) (1.35e+00 9.78e-01) XE:9.78e-02 (1.22e+00 1.22e+00 | 6.84e-01 6.42e-01)	7.246786e+00 6.358082e+00 : 9.069912e-01
4452(994) (1.11e+00 9.78e-01) XE:9.78e-02 (1.20e+00 1.22e+00 | 6.01e-01 6.42e-01)	7.246516e+00 6.357676e+00 : 9.069462e-01
4520(1000) (1.09e+00 9.78e-01) XE:9.78e-02 (1.21e+00 1.22e+00 | 6.50e-01 6.42e-01)	7.246488e+00 6.357142e+00 : 9.069086e-01
4587(1000) (7.40e-01 9.78e-01) XE:9.78e-02 (1.21e+00 1.22e+00 | 6.42e-01 6.42e-01)	7.245881e+00 6.356488e+00 : 9.068246e-01
4655(999) (9.54e-01 9.78e-01) XE:9.78e-02 (1.20e+00 1.22e+00 | 6.60e-01 6.42e-01)	7.245257e+00 6.356210e+00 : 9.067645e-01
4722(999) (1.16e+00 9.78e-01) XE:9.78e-02 (1.23e+00 1.22e+00 | 6.88e-01 6.42e-01)	7.244616e+00 6.355985e+00 : 9.067068e-01
4790(985) (1.31e+00 9.78e-01) XE:9.78e-02 (1.23e+00 1.22e+00 | 6.05e-01 6.42e-01)	7.244849e+00 6.355926e+00 : 9.067184e-01
4857(1005) (9.25e-01 9.78e-01) XE:9.78e-02 (1.20e+00 1.22e+00 | 6.12e-01 6.42e-01)	7.243934e+00 6.355949e+00 : 9.066589e-01
4925(1004) (9.53e-01 9.78e-01) XE:9.78e-02 (1.22e+00 1.22e+00 | 6.78e-01 6.42e-01)	7.243495e+00 6.355754e+00 : 9.066166e-01
4993(1008) (7.29e-01 9.78e-01) XE:9.78e-02 (1.22e+00 1.22e+00 | 6.52e-01 6.42e-01)	7.242567e+00 6.355340e+00 : 9.065271e-01
5060(998) (1.06e+00 9.78e-01) XE:9.78e-02 (1.21e+00 1.22e+00 | 6.84e-01 6.42e-01)	7.242090e+00 6.355159e+00 : 9.064833e-01
5128(996) (1.03e+00 9.78e-01) XE:9.78e-02 (1.21e+00 1.22e+00 | 6.74e-01 6.42e-01)	7.241990e+00 6.355019e+00 : 9.064673e-01
5195(1002) (1.09e+00 9.78e-01) XE:9.78e-02 (1.20e+00 1.22e+00 | 6.42e-01 6.42e-01)	7.241844e+00 6.355282e+00 : 9.064750e-01
5263(999) (1.20e+00 9.78e-01) XE:9.78e-02 (1.19e+00 1.22e+00 | 6.42e-01 6.42e-01)	7.241176e+00 6.355102e+00 : 9.064185e-01
5330(995) (7.40e-01 9.78e-01) XE:9.78e-02 (1.22e+00 1.22e+00 | 6.34e-01 6.42e-01)	7.241034e+00 6.354987e+00 : 9.064014e-01
5398(1002) (8.37e-01 9.78e-01) XE:9.78e-02 (1.20e+00 1.22e+00 | 6.96e-01 6.42e-01)	7.240595e+00 6.354747e+00 : 9.063562e-01
5465(997) (1.09e+00 9.78e-01) XE:9.78e-02 (1.23e+00 1.22e+00 | 6.26e-01 6.42e-01)	7.240209e+00 6.354335e+00 : 9.063029e-01
5533(1011) (7.02e-01 9.78e-01) XE:9.78e-02 (1.21e+00 1.22e+00 | 6.18e-01 6.42e-01)	7.240222e+00 6.354655e+00 : 9.063251e-01
5600(1002) (1.06e+00 9.78e-01) XE:9.78e-02 (1.23e+00 1.22e+00 | 6.64e-01 6.42e-01)	7.239940e+00 6.354752e+00 : 9.063128e-01
5668(1005) (7.65e-01 9.77e-01) XE:9.77e-02 (1.25e+00 1.22e+00 | 6.62e-01 6.42e-01)	7.240046e+00 6.354598e+00 : 9.063096e-01
5735(1000) (9.27e-01 9.77e-01) XE:9.77e-02 (1.22e+00 1.22e+00 | 6.42e-01 6.42e-01)	7.240012e+00 6.354586e+00 : 9.063065e-01
5803(1006) (6.52e-01 9.77e-01) XE:9.77e-02 (1.21e+00 1.22e+00 | 6.36e-01 6.42e-01)	7.240155e+00 6.354247e+00 : 9.062934e-01
5870(997) (1.29e+00 9.77e-01) XE:9.77e-02 (1.21e+00 1.22e+00 | 6.28e-01 6.42e-01)	7.239509e+00 6.354371e+00 : 9.062587e-01
5938(1002) (7.29e-01 9.76e-01) XE:9.76e-02 (1.22e+00 1.22e+00 | 6.68e-01 6.42e-01)	7.239295e+00 6.354198e+00 : 9.062328e-01
6005(1003) (9.84e-01 9.76e-01) XE:9.76e-02 (1.18e+00 1.22e+00 | 5.77e-01 6.42e-01)	7.239189e+00 6.354301e+00 : 9.062327e-01
6073(1005) (8.15e-01 9.76e-01) XE:9.76e-02 (1.21e+00 1.22e+00 | 6.64e-01 6.42e-01)	7.239402e+00 6.354148e+00 : 9.062367e-01
6140(999) (9.61e-01 9.76e-01) XE:9.76e-02 (1.23e+00 1.22e+00 | 6.22e-01 6.42e-01)	7.238801e+00 6.354208e+00 : 9.062006e-01
6208(1005) (8.60e-01 9.77e-01) XE:9.77e-02 (1.21e+00 1.22e+00 | 6.62e-01 6.42e-01)	7.238565e+00 6.353810e+00 : 9.061583e-01
6275(995) (1.08e+00 9.77e-01) XE:9.77e-02 (1.22e+00 1.22e+00 | 6.28e-01 6.42e-01)	7.238356e+00 6.353478e+00 : 9.061223e-01
6343(1001) (7.70e-01 9.77e-01) XE:9.77e-02 (1.22e+00 1.22e+00 | 6.74e-01 6.42e-01)	7.237884e+00 6.353160e+00 : 9.060695e-01
6410(999) (1.00e+00 9.77e-01) XE:9.77e-02 (1.22e+00 1.22e+00 | 6.60e-01 6.42e-01)	7.237302e+00 6.353395e+00 : 9.060464e-01
6478(1002) (1.09e+00 9.77e-01) XE:9.77e-02 (1.18e+00 1.22e+00 | 6.44e-01 6.42e-01)	7.237234e+00 6.353379e+00 : 9.060408e-01
6545(1003) (1.08e+00 9.76e-01) XE:9.76e-02 (1.22e+00 1.22e+00 | 6.40e-01 6.42e-01)	7.237126e+00 6.353507e+00 : 9.060422e-01
6613(993) (1.07e+00 9.77e-01) XE:9.77e-02 (1.22e+00 1.22e+00 | 6.82e-01 6.42e-01)	7.236681e+00 6.353545e+00 : 9.060151e-01
6680(996) (8.81e-01 9.76e-01) XE:9.76e-02 (1.21e+00 1.22e+00 | 6.30e-01 6.42e-01)	7.236655e+00 6.353347e+00 : 9.060002e-01
6748(1006) (7.96e-01 9.76e-01) XE:9.76e-02 (1.21e+00 1.22e+00 | 5.67e-01 6.42e-01)	7.236980e+00 6.353092e+00 : 9.060048e-01
6815(1004) (5.52e-01 9.76e-01) XE:9.76e-02 (1.22e+00 1.22e+00 | 6.68e-01 6.42e-01)	7.237041e+00 6.353320e+00 : 9.060240e-01
6882(1001) (1.15e+00 9.76e-01) XE:9.76e-02 (1.19e+00 1.22e+00 | 6.60e-01 6.42e-01)	7.237365e+00 6.353447e+00 : 9.060541e-01
6950(1000) (1.16e+00 9.76e-01) XE:9.76e-02 (1.24e+00 1.22e+00 | 6.68e-01 6.42e-01)	7.236643e+00 6.353096e+00 : 9.059825e-01
7017(1003) (6.21e-01 9.76e-01) XE:9.76e-02 (1.24e+00 1.22e+00 | 6.32e-01 6.42e-01)	7.236643e+00 6.353177e+00 : 9.059880e-01
7085(997) (9.03e-01 9.75e-01) XE:9.75e-02 (1.19e+00 1.22e+00 | 6.18e-01 6.42e-01)	7.236640e+00 6.353201e+00 : 9.059894e-01
7152(999) (7.38e-01 9.75e-01) XE:9.75e-02 (1.22e+00 1.22e+00 | 6.18e-01 6.42e-01)	7.236813e+00 6.353130e+00 : 9.059962e-01
7220(994) (1.14e+00 9.75e-01) XE:9.75e-02 (1.21e+00 1.22e+00 | 6.22e-01 6.42e-01)	7.236831e+00 6.352935e+00 : 9.059844e-01
7287(1003) (6.50e-01 9.75e-01) XE:9.75e-02 (1.19e+00 1.22e+00 | 7.08e-01 6.42e-01)	7.236556e+00 6.353332e+00 : 9.059925e-01
7355(999) (7.09e-01 9.75e-01) XE:9.75e-02 (1.22e+00 1.22e+00 | 6.68e-01 6.42e-01)	7.236470e+00 6.353187e+00 : 9.059771e-01
7422(1007) (1.06e+00 9.75e-01) XE:9.75e-02 (1.21e+00 1.22e+00 | 6.42e-01 6.42e-01)	7.236558e+00 6.353303e+00 : 9.059907e-01
7490(996) (1.00e+00 9.75e-01) XE:9.75e-02 (1.21e+00 1.22e+00 | 6.48e-01 6.42e-01)	7.236212e+00 6.352868e+00 : 9.059387e-01
7557(1008) (1.15e+00 9.75e-01) XE:9.75e-02 (1.24e+00 1.22e+00 | 6.84e-01 6.42e-01)	7.236064e+00 6.352503e+00 : 9.059045e-01
7625(1000) (1.22e+00 9.75e-01) XE:9.75e-02 (1.21e+00 1.22e+00 | 6.62e-01 6.42e-01)	7.235551e+00 6.352085e+00 : 9.058424e-01
7692(1000) (5.87e-01 9.75e-01) XE:9.75e-02 (1.22e+00 1.22e+00 | 6.24e-01 6.42e-01)	7.235592e+00 6.351876e+00 : 9.058312e-01
7760(996) (8.15e-01 9.75e-01) XE:9.75e-02 (1.19e+00 1.22e+00 | 6.54e-01 6.42e-01)	7.235260e+00 6.351627e+00 : 9.057924e-01
7827(999) (7.24e-01 9.75e-01) XE:9.75e-02 (1.20e+00 1.22e+00 | 6.82e-01 6.42e-01)	7.235258e+00 6.351673e+00 : 9.057954e-01
7895(1005) (9.00e-01 9.75e-01) XE:9.75e-02 (1.20e+00 1.22e+00 | 7.06e-01 6.42e-01)	7.234986e+00 6.351476e+00 : 9.057641e-01
7962(994) (8.70e-01 9.75e-01) XE:9.75e-02 (1.21e+00 1.22e+00 | 5.97e-01 6.42e-01)	7.234857e+00 6.351333e+00 : 9.057460e-01
8029(1001) (8.69e-01 9.75e-01) XE:9.75e-02 (1.22e+00 1.22e+00 | 6.58e-01 6.42e-01)	7.234539e+00 6.351121e+00 : 9.057107e-01
8097(999) (8.27e-01 9.75e-01) XE:9.75e-02 (1.24e+00 1.22e+00 | 6.05e-01 6.42e-01)	7.234766e+00 6.350919e+00 : 9.057124e-01
8165(995) (9.49e-01 9.75e-01) XE:9.75e-02 (1.20e+00 1.22e+00 | 6.92e-01 6.42e-01)	7.234575e+00 6.350945e+00 : 9.057013e-01
8232(1001) (1.18e+00 9.75e-01) XE:9.75e-02 (1.22e+00 1.22e+00 | 6.60e-01 6.42e-01)	7.234105e+00 6.350615e+00 : 9.056480e-01
8300(1006) (8.45e-01 9.75e-01) XE:9.75e-02 (1.22e+00 1.22e+00 | 7.04e-01 6.42e-01)	7.233760e+00 6.350138e+00 : 9.055932e-01
8367(1002) (8.89e-01 9.75e-01) XE:9.75e-02 (1.22e+00 1.22e+00 | 6.24e-01 6.42e-01)	7.233728e+00 6.350127e+00 : 9.055904e-01
8435(997) (1.05e+00 9.75e-01) XE:9.75e-02 (1.21e+00 1.22e+00 | 6.16e-01 6.42e-01)	7.233947e+00 6.350143e+00 : 9.056060e-01
8502(1005) (9.85e-01 9.75e-01) XE:9.75e-02 (1.18e+00 1.22e+00 | 6.74e-01 6.42e-01)	7.233450e+00 6.349568e+00 : 9.055345e-01
8570(997) (9.43e-01 9.75e-01) XE:9.75e-02 (1.24e+00 1.22e+00 | 6.40e-01 6.42e-01)	7.233295e+00 6.349483e+00 : 9.055186e-01
8637(999) (1.10e+00 9.75e-01) XE:9.75e-02 (1.21e+00 1.22e+00 | 6.54e-01 6.42e-01)	7.232965e+00 6.349453e+00 : 9.054945e-01
8705(1001) (8.70e-01 9.75e-01) XE:9.75e-02 (1.22e+00 1.22e+00 | 6.30e-01 6.42e-01)	7.232891e+00 6.349432e+00 : 9.054882e-01
8772(1001) (7.95e-01 9.75e-01) XE:9.75e-02 (1.23e+00 1.22e+00 | 6.66e-01 6.42e-01)	7.233197e+00 6.349382e+00 : 9.055053e-01
8840(1003) (9.34e-01 9.75e-01) XE:9.75e-02 (1.22e+00 1.22e+00 | 6.26e-01 6.42e-01)	7.233152e+00 6.349340e+00 : 9.054995e-01
8907(991) (1.16e+00 9.75e-01) XE:9.75e-02 (1.23e+00 1.22e+00 | 7.20e-01 6.42e-01)	7.233331e+00 6.349206e+00 : 9.055025e-01
8975(1006) (4.69e-01 9.75e-01) XE:9.75e-02 (1.21e+00 1.22e+00 | 6.70e-01 6.42e-01)	7.233192e+00 6.348962e+00 : 9.054769e-01
9042(997) (1.24e+00 9.75e-01) XE:9.75e-02 (1.22e+00 1.22e+00 | 6.40e-01 6.42e-01)	7.232983e+00 6.349124e+00 : 9.054738e-01
9110(994) (1.60e+00 9.75e-01) XE:9.75e-02 (1.23e+00 1.22e+00 | 6.76e-01 6.42e-01)	7.232683e+00 6.348880e+00 : 9.054375e-01
9177(998) (8.04e-01 9.75e-01) XE:9.75e-02 (1.21e+00 1.22e+00 | 5.95e-01 6.42e-01)	7.232555e+00 6.348881e+00 : 9.054291e-01
9245(1002) (8.18e-01 9.75e-01) XE:9.75e-02 (1.22e+00 1.22e+00 | 6.26e-01 6.42e-01)	7.232218e+00 6.348827e+00 : 9.054030e-01
9312(998) (9.64e-01 9.75e-01) XE:9.75e-02 (1.21e+00 1.22e+00 | 6.26e-01 6.42e-01)	7.232096e+00 6.348558e+00 : 9.053769e-01
9380(1005) (8.96e-01 9.76e-01) XE:9.76e-02 (1.20e+00 1.22e+00 | 6.18e-01 6.42e-01)	7.231419e+00 6.348032e+00 : 9.052967e-01
9447(995) (9.92e-01 9.76e-01) XE:9.76e-02 (1.22e+00 1.22e+00 | 6.56e-01 6.42e-01)	7.231287e+00 6.347923e+00 : 9.052807e-01
9515(1001) (1.08e+00 9.75e-01) XE:9.75e-02 (1.18e+00 1.22e+00 | 7.45e-01 6.42e-01)	7.231266e+00 6.347633e+00 : 9.052599e-01
9582(998) (1.13e+00 9.76e-01) XE:9.76e-02 (1.23e+00 1.22e+00 | 6.66e-01 6.42e-01)	7.231063e+00 6.347659e+00 : 9.052481e-01
9650(1002) (1.08e+00 9.76e-01) XE:9.76e-02 (1.22e+00 1.22e+00 | 6.28e-01 6.42e-01)	7.230718e+00 6.347639e+00 : 9.052238e-01
9717(998) (1.28e+00 9.75e-01) XE:9.75e-02 (1.22e+00 1.22e+00 | 6.36e-01 6.42e-01)	7.230630e+00 6.347455e+00 : 9.052057e-01
9785(1000) (7.13e-01 9.76e-01) XE:9.76e-02 (1.23e+00 1.22e+00 | 6.94e-01 6.42e-01)	7.230211e+00 6.347251e+00 : 9.051641e-01
9852(1002) (7.66e-01 9.76e-01) XE:9.76e-02 (1.22e+00 1.22e+00 | 6.28e-01 6.42e-01)	7.230274e+00 6.347310e+00 : 9.051722e-01
9920(991) (1.09e+00 9.76e-01) XE:9.76e-02 (1.23e+00 1.22e+00 | 6.50e-01 6.42e-01)	7.230122e+00 6.347057e+00 : 9.051453e-01
9987(1000) (7.64e-01 9.76e-01) XE:9.76e-02 (1.21e+00 1.22e+00 | 6.44e-01 6.42e-01)	7.229912e+00 6.346971e+00 : 9.051255e-01
10000(1000) (9.10e-01 9.76e-01) XE:9.76e-02 (1.25e+00 1.22e+00 | 6.48e-01 6.42e-01)	7.229971e+00 6.346939e+00 : 9.051274e-01
RL cnt: 0,6623345,1387661,197111,0,0,0,0,0,0,0,0,0,0,0,0,
BL cnt: 0,0,0,0,0,0,0,0,1591534,0,6726961,0,1591505,0,0,0,0,0,0,0,0,
7.229971e+00 6.346939e+00 : 9.051274e-01
# InnerCodebook: deleted
# NBIDSchannel: deleted
# Gtable: deleted
# FBalg4: deleted
# StatICB: deleted
