# (Pid,Ps)=(5.000000e-02,1.000000e-02) Nseg=200 WinSize=10 lmd=1 [0]
# InnerCB: ../search03/ICB/H11.bin
# Gtable:  Gtable/5/050_010.bin
# InnerCodebook: beta=5(1024) nu=2
# InnerCodebook: B(B2p)=8(256) 7(128) 
# InnerCodebook: checked CWM, EncMap, DecMap
# beta=5(1024) nu=2 N=1000 Dmax=55 WCmax=10000
# B=8,7,
# NBIDSchannel: N=1000 Q=4 Dmax=55 (Pid,Ps)=(5.000000e-02,1.000000e-02)
# FBalg4: Nseg=200 Dmax=55(w=111)
# FBalg4: Gtable: Gtable/5/050_010.bin
# Gtable: beta=5 (Pid,Ps,Ptrn)=(5.000000e-02,1.000000e-02,9.000000e-01) Pth=1.000000e-10
# Gtable: beta4p=1024 beta4pp=1048576
# Gtable::Gtable len=0 cnt=1024
# Gtable::Gtable len=1 cnt=4096
# Gtable::Gtable len=2 cnt=16384
# Gtable::Gtable len=3 cnt=65536
# Gtable::Gtable len=4 cnt=241636
# Gtable::Gtable len=5 cnt=828232
# Gtable::Gtable len=6 cnt=1541824
# Gtable::Gtable len=7 cnt=2773420
# Gtable::Gtable len=8 cnt=1264036
# Gtable::Gtable len=9 cnt=446308
# Gtable::Gtable len=10 cnt=31744
# FBalg4: beta=5(1024) (Pid,Ps)=(5.000000e-02,1.000000e-02) Pth=1.000000e-10 N=1000
# StatICB: nu=2 beta=5 beta4p=1024 Bsum=15 lmd=1
# StatICB: B=8,7,
0015(1000) (3.11e+00 3.02e+00) XE:3.02e-01 (1.21e+00 1.21e+00 | 6.38e-01 6.57e-01)	7.193796e+00 6.235065e+00 : 8.952574e-01
0032(991) (2.91e+00 3.07e+00) XE:3.07e-01 (1.20e+00 1.21e+00 | 5.85e-01 6.50e-01)	6.888073e+00 5.958402e+00 : 8.564316e-01
0048(1001) (3.03e+00 3.09e+00) XE:3.09e-01 (1.22e+00 1.21e+00 | 6.34e-01 6.42e-01)	6.731582e+00 5.779250e+00 : 8.340555e-01
0064(986) (3.14e+00 3.11e+00) XE:3.11e-01 (1.20e+00 1.21e+00 | 6.52e-01 6.46e-01)	6.587304e+00 5.644145e+00 : 8.154299e-01
0080(1000) (3.56e+00 3.11e+00) XE:3.11e-01 (1.21e+00 1.21e+00 | 6.86e-01 6.46e-01)	6.464296e+00 5.532537e+00 : 7.997889e-01
0096(1003) (3.76e+00 3.10e+00) XE:3.10e-01 (1.24e+00 1.21e+00 | 6.52e-01 6.47e-01)	6.384652e+00 5.466616e+00 : 7.900845e-01
0112(992) (2.63e+00 3.09e+00) XE:3.09e-01 (1.22e+00 1.21e+00 | 7.08e-01 6.46e-01)	6.309014e+00 5.411295e+00 : 7.813539e-01
0128(1004) (2.93e+00 3.09e+00) XE:3.09e-01 (1.22e+00 1.21e+00 | 6.22e-01 6.46e-01)	6.252219e+00 5.367091e+00 : 7.746207e-01
0144(992) (3.04e+00 3.08e+00) XE:3.08e-01 (1.23e+00 1.22e+00 | 6.88e-01 6.46e-01)	6.203881e+00 5.328450e+00 : 7.688221e-01
0160(995) (3.89e+00 3.08e+00) XE:3.08e-01 (1.20e+00 1.22e+00 | 6.36e-01 6.45e-01)	6.161312e+00 5.280319e+00 : 7.627753e-01
0177(999) (2.62e+00 3.08e+00) XE:3.08e-01 (1.21e+00 1.22e+00 | 7.10e-01 6.45e-01)	6.123382e+00 5.245578e+00 : 7.579307e-01
0193(998) (2.98e+00 3.11e+00) XE:3.11e-01 (1.20e+00 1.22e+00 | 6.74e-01 6.46e-01)	6.062224e+00 5.195292e+00 : 7.505011e-01
0209(985) (4.75e+00 3.11e+00) XE:3.11e-01 (1.25e+00 1.22e+00 | 6.24e-01 6.46e-01)	6.025149e+00 5.171551e+00 : 7.464466e-01
0225(997) (3.12e+00 3.11e+00) XE:3.11e-01 (1.21e+00 1.22e+00 | 6.64e-01 6.44e-01)	5.995601e+00 5.143547e+00 : 7.426099e-01
0241(1009) (3.38e+00 3.11e+00) XE:3.11e-01 (1.21e+00 1.22e+00 | 6.38e-01 6.44e-01)	5.977476e+00 5.122860e+00 : 7.400224e-01
0257(1000) (2.92e+00 3.11e+00) XE:3.11e-01 (1.22e+00 1.22e+00 | 6.68e-01 6.44e-01)	5.950520e+00 5.105442e+00 : 7.370641e-01
0273(999) (3.48e+00 3.11e+00) XE:3.11e-01 (1.23e+00 1.22e+00 | 5.97e-01 6.44e-01)	5.921212e+00 5.089154e+00 : 7.340244e-01
0289(999) (3.12e+00 3.12e+00) XE:3.12e-01 (1.23e+00 1.22e+00 | 6.18e-01 6.43e-01)	5.894000e+00 5.061400e+00 : 7.303600e-01
0305(997) (3.01e+00 3.12e+00) XE:3.12e-01 (1.19e+00 1.22e+00 | 6.86e-01 6.44e-01)	5.872341e+00 5.049091e+00 : 7.280955e-01
0321(999) (3.56e+00 3.12e+00) XE:3.12e-01 (1.21e+00 1.22e+00 | 6.34e-01 6.43e-01)	5.847592e+00 5.030478e+00 : 7.252047e-01
0338(989) (2.97e+00 3.12e+00) XE:3.12e-01 (1.21e+00 1.22e+00 | 6.24e-01 6.43e-01)	5.833314e+00 5.023965e+00 : 7.238186e-01
0354(985) (2.60e+00 3.12e+00) XE:3.12e-01 (1.22e+00 1.22e+00 | 6.64e-01 6.43e-01)	5.819027e+00 5.012297e+00 : 7.220883e-01
0370(1021) (3.18e+00 3.12e+00) XE:3.12e-01 (1.21e+00 1.22e+00 | 6.70e-01 6.43e-01)	5.806366e+00 5.005795e+00 : 7.208107e-01
0386(990) (3.18e+00 3.11e+00) XE:3.11e-01 (1.24e+00 1.22e+00 | 6.46e-01 6.42e-01)	5.800039e+00 5.002027e+00 : 7.201378e-01
0402(996) (2.91e+00 3.11e+00) XE:3.11e-01 (1.20e+00 1.22e+00 | 6.64e-01 6.42e-01)	5.786024e+00 4.993374e+00 : 7.186265e-01
0418(1016) (3.04e+00 3.11e+00) XE:3.11e-01 (1.22e+00 1.22e+00 | 6.60e-01 6.43e-01)	5.770364e+00 4.979760e+00 : 7.166750e-01
0434(991) (3.16e+00 3.11e+00) XE:3.11e-01 (1.22e+00 1.22e+00 | 6.36e-01 6.42e-01)	5.763115e+00 4.970942e+00 : 7.156039e-01
0450(1009) (3.32e+00 3.11e+00) XE:3.11e-01 (1.22e+00 1.22e+00 | 6.38e-01 6.43e-01)	5.749282e+00 4.964307e+00 : 7.142392e-01
0466(992) (3.01e+00 3.11e+00) XE:3.11e-01 (1.20e+00 1.22e+00 | 6.62e-01 6.43e-01)	5.743578e+00 4.959206e+00 : 7.135189e-01
0483(992) (3.07e+00 3.11e+00) XE:3.11e-01 (1.21e+00 1.22e+00 | 6.90e-01 6.44e-01)	5.732515e+00 4.950595e+00 : 7.122074e-01
0499(1005) (2.70e+00 3.10e+00) XE:3.10e-01 (1.23e+00 1.22e+00 | 6.22e-01 6.44e-01)	5.723679e+00 4.947361e+00 : 7.114027e-01
0515(1003) (3.17e+00 3.10e+00) XE:3.10e-01 (1.22e+00 1.22e+00 | 6.14e-01 6.43e-01)	5.715511e+00 4.941898e+00 : 7.104939e-01
0531(1005) (3.00e+00 3.10e+00) XE:3.10e-01 (1.22e+00 1.22e+00 | 6.34e-01 6.43e-01)	5.706186e+00 4.933881e+00 : 7.093378e-01
0547(1039) (3.00e+00 3.10e+00) XE:3.10e-01 (1.21e+00 1.22e+00 | 6.74e-01 6.43e-01)	5.698339e+00 4.928056e+00 : 7.084263e-01
0563(1018) (3.38e+00 3.10e+00) XE:3.10e-01 (1.23e+00 1.22e+00 | 5.91e-01 6.43e-01)	5.693355e+00 4.926301e+00 : 7.079770e-01
0579(1003) (3.70e+00 3.10e+00) XE:3.10e-01 (1.22e+00 1.22e+00 | 6.76e-01 6.43e-01)	5.683685e+00 4.918542e+00 : 7.068151e-01
0595(990) (3.89e+00 3.10e+00) XE:3.10e-01 (1.25e+00 1.22e+00 | 6.18e-01 6.43e-01)	5.671865e+00 4.908299e+00 : 7.053442e-01
0611(1003) (3.30e+00 3.10e+00) XE:3.10e-01 (1.23e+00 1.22e+00 | 6.66e-01 6.43e-01)	5.661543e+00 4.902380e+00 : 7.042615e-01
0628(999) (3.13e+00 3.10e+00) XE:3.10e-01 (1.23e+00 1.22e+00 | 5.59e-01 6.43e-01)	5.652156e+00 4.896387e+00 : 7.032362e-01
0644(998) (2.52e+00 3.10e+00) XE:3.10e-01 (1.22e+00 1.22e+00 | 6.22e-01 6.43e-01)	5.643400e+00 4.890105e+00 : 7.022336e-01
0660(997) (3.04e+00 3.11e+00) XE:3.11e-01 (1.22e+00 1.22e+00 | 6.42e-01 6.43e-01)	5.632180e+00 4.878971e+00 : 7.007434e-01
0676(998) (3.64e+00 3.11e+00) XE:3.11e-01 (1.22e+00 1.22e+00 | 6.48e-01 6.43e-01)	5.630351e+00 4.874944e+00 : 7.003530e-01
0692(996) (2.88e+00 3.11e+00) XE:3.11e-01 (1.22e+00 1.22e+00 | 7.41e-01 6.43e-01)	5.626814e+00 4.870036e+00 : 6.997900e-01
0708(1002) (2.54e+00 3.10e+00) XE:3.10e-01 (1.24e+00 1.22e+00 | 6.36e-01 6.43e-01)	5.625928e+00 4.868229e+00 : 6.996105e-01
0724(996) (3.68e+00 3.11e+00) XE:3.11e-01 (1.20e+00 1.22e+00 | 6.60e-01 6.43e-01)	5.621092e+00 4.863881e+00 : 6.989982e-01
0740(1001) (2.70e+00 3.11e+00) XE:3.11e-01 (1.20e+00 1.22e+00 | 6.86e-01 6.43e-01)	5.609920e+00 4.855061e+00 : 6.976654e-01
0756(1008) (2.94e+00 3.11e+00) XE:3.11e-01 (1.21e+00 1.22e+00 | 6.48e-01 6.43e-01)	5.601708e+00 4.847842e+00 : 6.966367e-01
0772(988) (3.30e+00 3.11e+00) XE:3.11e-01 (1.24e+00 1.22e+00 | 5.97e-01 6.43e-01)	5.597467e+00 4.843477e+00 : 6.960629e-01
0788(1029) (2.45e+00 3.11e+00) XE:3.11e-01 (1.21e+00 1.22e+00 | 6.68e-01 6.43e-01)	5.593003e+00 4.839138e+00 : 6.954760e-01
0804(1000) (2.70e+00 3.11e+00) XE:3.11e-01 (1.21e+00 1.22e+00 | 6.58e-01 6.43e-01)	5.591404e+00 4.836551e+00 : 6.951970e-01
0820(989) (3.32e+00 3.11e+00) XE:3.11e-01 (1.23e+00 1.22e+00 | 6.32e-01 6.43e-01)	5.587034e+00 4.833359e+00 : 6.946929e-01
0836(995) (3.23e+00 3.11e+00) XE:3.11e-01 (1.21e+00 1.22e+00 | 5.91e-01 6.43e-01)	5.575868e+00 4.823357e+00 : 6.932816e-01
0852(993) (3.30e+00 3.11e+00) XE:3.11e-01 (1.23e+00 1.22e+00 | 7.02e-01 6.43e-01)	5.571586e+00 4.817938e+00 : 6.926350e-01
0868(1006) (3.52e+00 3.11e+00) XE:3.11e-01 (1.20e+00 1.22e+00 | 6.40e-01 6.43e-01)	5.566843e+00 4.812968e+00 : 6.919874e-01
0884(993) (3.04e+00 3.11e+00) XE:3.11e-01 (1.19e+00 1.22e+00 | 6.12e-01 6.43e-01)	5.562098e+00 4.809318e+00 : 6.914278e-01
0900(1002) (3.00e+00 3.11e+00) XE:3.11e-01 (1.22e+00 1.22e+00 | 6.26e-01 6.43e-01)	5.559581e+00 4.808713e+00 : 6.912196e-01
0916(1000) (3.18e+00 3.11e+00) XE:3.11e-01 (1.21e+00 1.22e+00 | 6.84e-01 6.43e-01)	5.556400e+00 4.806079e+00 : 6.908319e-01
0932(1016) (3.21e+00 3.11e+00) XE:3.11e-01 (1.22e+00 1.22e+00 | 6.88e-01 6.43e-01)	5.552144e+00 4.802438e+00 : 6.903055e-01
0948(1004) (3.28e+00 3.11e+00) XE:3.11e-01 (1.21e+00 1.22e+00 | 6.16e-01 6.43e-01)	5.548534e+00 4.801058e+00 : 6.899728e-01
0964(987) (3.41e+00 3.11e+00) XE:3.11e-01 (1.22e+00 1.22e+00 | 6.60e-01 6.43e-01)	5.536319e+00 4.788621e+00 : 6.883293e-01
0980(1008) (2.62e+00 3.11e+00) XE:3.11e-01 (1.20e+00 1.22e+00 | 7.16e-01 6.43e-01)	5.536294e+00 4.789138e+00 : 6.883621e-01
0997(997) (2.92e+00 3.11e+00) XE:3.11e-01 (1.22e+00 1.22e+00 | 6.80e-01 6.43e-01)	5.530862e+00 4.785572e+00 : 6.877622e-01
1013(993) (3.04e+00 3.11e+00) XE:3.11e-01 (1.25e+00 1.22e+00 | 6.32e-01 6.43e-01)	5.527910e+00 4.782734e+00 : 6.873763e-01
1029(1011) (2.95e+00 3.11e+00) XE:3.11e-01 (1.23e+00 1.22e+00 | 6.24e-01 6.43e-01)	5.524552e+00 4.779860e+00 : 6.869608e-01
1045(1007) (3.14e+00 3.11e+00) XE:3.11e-01 (1.19e+00 1.22e+00 | 6.62e-01 6.43e-01)	5.520194e+00 4.778208e+00 : 6.865601e-01
1061(1011) (2.84e+00 3.11e+00) XE:3.11e-01 (1.21e+00 1.22e+00 | 6.26e-01 6.43e-01)	5.514766e+00 4.773176e+00 : 6.858628e-01
1077(1009) (2.85e+00 3.12e+00) XE:3.12e-01 (1.22e+00 1.22e+00 | 6.34e-01 6.43e-01)	5.511424e+00 4.770844e+00 : 6.854846e-01
1093(1011) (3.62e+00 3.11e+00) XE:3.11e-01 (1.22e+00 1.22e+00 | 6.54e-01 6.43e-01)	5.510050e+00 4.770481e+00 : 6.853687e-01
1109(1005) (3.45e+00 3.11e+00) XE:3.11e-01 (1.21e+00 1.22e+00 | 6.16e-01 6.43e-01)	5.508958e+00 4.771163e+00 : 6.853414e-01
1125(996) (3.31e+00 3.11e+00) XE:3.11e-01 (1.24e+00 1.22e+00 | 6.28e-01 6.43e-01)	5.508770e+00 4.771254e+00 : 6.853349e-01
1142(997) (2.19e+00 3.11e+00) XE:3.11e-01 (1.22e+00 1.22e+00 | 6.58e-01 6.43e-01)	5.509195e+00 4.770884e+00 : 6.853386e-01
1158(1006) (3.00e+00 3.11e+00) XE:3.11e-01 (1.19e+00 1.22e+00 | 6.52e-01 6.43e-01)	5.508631e+00 4.770677e+00 : 6.852872e-01
1174(994) (3.71e+00 3.11e+00) XE:3.11e-01 (1.22e+00 1.22e+00 | 5.91e-01 6.43e-01)	5.503909e+00 4.768174e+00 : 6.848055e-01
1190(994) (3.72e+00 3.11e+00) XE:3.11e-01 (1.21e+00 1.22e+00 | 7.04e-01 6.43e-01)	5.502443e+00 4.766487e+00 : 6.845953e-01
1206(985) (3.58e+00 3.11e+00) XE:3.11e-01 (1.22e+00 1.22e+00 | 5.95e-01 6.43e-01)	5.499264e+00 4.764052e+00 : 6.842211e-01
1222(1008) (3.17e+00 3.11e+00) XE:3.11e-01 (1.22e+00 1.22e+00 | 6.96e-01 6.43e-01)	5.494904e+00 4.761542e+00 : 6.837631e-01
1238(1010) (3.62e+00 3.11e+00) XE:3.11e-01 (1.22e+00 1.22e+00 | 6.36e-01 6.43e-01)	5.491940e+00 4.759744e+00 : 6.834456e-01
1254(1007) (3.06e+00 3.11e+00) XE:3.11e-01 (1.22e+00 1.22e+00 | 6.14e-01 6.43e-01)	5.489168e+00 4.758839e+00 : 6.832004e-01
1271(999) (3.22e+00 3.11e+00) XE:3.11e-01 (1.23e+00 1.22e+00 | 6.50e-01 6.43e-01)	5.485456e+00 4.755279e+00 : 6.827157e-01
1287(1002) (3.44e+00 3.11e+00) XE:3.11e-01 (1.20e+00 1.22e+00 | 6.46e-01 6.43e-01)	5.479450e+00 4.750083e+00 : 6.819689e-01
1303(991) (5.68e+00 3.11e+00) XE:3.11e-01 (1.21e+00 1.22e+00 | 6.42e-01 6.43e-01)	5.474620e+00 4.745935e+00 : 6.813703e-01
1319(1008) (3.27e+00 3.11e+00) XE:3.11e-01 (1.19e+00 1.22e+00 | 6.88e-01 6.43e-01)	5.472028e+00 4.743590e+00 : 6.810412e-01
1335(987) (3.18e+00 3.11e+00) XE:3.11e-01 (1.21e+00 1.22e+00 | 6.86e-01 6.42e-01)	5.470582e+00 4.742832e+00 : 6.808942e-01
1351(1008) (2.84e+00 3.11e+00) XE:3.11e-01 (1.21e+00 1.22e+00 | 6.56e-01 6.42e-01)	5.470493e+00 4.743074e+00 : 6.809044e-01
1367(991) (3.28e+00 3.11e+00) XE:3.11e-01 (1.21e+00 1.22e+00 | 5.97e-01 6.42e-01)	5.469621e+00 4.742948e+00 : 6.808379e-01
1383(1002) (2.78e+00 3.11e+00) XE:3.11e-01 (1.21e+00 1.22e+00 | 5.97e-01 6.42e-01)	5.467548e+00 4.741637e+00 : 6.806123e-01
1399(1004) (3.05e+00 3.11e+00) XE:3.11e-01 (1.22e+00 1.22e+00 | 6.24e-01 6.42e-01)	5.465692e+00 4.740848e+00 : 6.804360e-01
1415(1005) (3.09e+00 3.11e+00) XE:3.11e-01 (1.21e+00 1.22e+00 | 6.58e-01 6.43e-01)	5.465694e+00 4.739632e+00 : 6.803550e-01
1432(1000) (3.24e+00 3.11e+00) XE:3.11e-01 (1.23e+00 1.22e+00 | 6.12e-01 6.43e-01)	5.461504e+00 4.736123e+00 : 6.798418e-01
1448(1013) (2.92e+00 3.11e+00) XE:3.11e-01 (1.21e+00 1.22e+00 | 6.03e-01 6.43e-01)	5.458202e+00 4.733729e+00 : 6.794621e-01
1464(1008) (2.73e+00 3.11e+00) XE:3.11e-01 (1.21e+00 1.22e+00 | 5.73e-01 6.43e-01)	5.457186e+00 4.733855e+00 : 6.794028e-01
1480(997) (2.62e+00 3.11e+00) XE:3.11e-01 (1.22e+00 1.22e+00 | 6.48e-01 6.43e-01)	5.456649e+00 4.733495e+00 : 6.793429e-01
1496(1007) (3.03e+00 3.11e+00) XE:3.11e-01 (1.22e+00 1.22e+00 | 7.04e-01 6.43e-01)	5.453228e+00 4.732191e+00 : 6.790280e-01
1512(992) (2.92e+00 3.11e+00) XE:3.11e-01 (1.25e+00 1.22e+00 | 6.12e-01 6.43e-01)	5.452247e+00 4.730700e+00 : 6.788631e-01
1528(1002) (2.63e+00 3.11e+00) XE:3.11e-01 (1.19e+00 1.22e+00 | 6.54e-01 6.43e-01)	5.449579e+00 4.729127e+00 : 6.785804e-01
1544(999) (2.82e+00 3.11e+00) XE:3.11e-01 (1.21e+00 1.22e+00 | 6.74e-01 6.43e-01)	5.448969e+00 4.729494e+00 : 6.785642e-01
1560(1009) (2.75e+00 3.11e+00) XE:3.11e-01 (1.22e+00 1.22e+00 | 7.12e-01 6.43e-01)	5.449170e+00 4.730008e+00 : 6.786119e-01
1576(1004) (2.67e+00 3.11e+00) XE:3.11e-01 (1.22e+00 1.22e+00 | 6.36e-01 6.43e-01)	5.447175e+00 4.729069e+00 : 6.784163e-01
1592(1009) (3.35e+00 3.10e+00) XE:3.10e-01 (1.21e+00 1.22e+00 | 6.34e-01 6.43e-01)	5.446766e+00 4.730000e+00 : 6.784511e-01
1609(1010) (2.82e+00 3.10e+00) XE:3.10e-01 (1.21e+00 1.22e+00 | 6.26e-01 6.43e-01)	5.445599e+00 4.729897e+00 : 6.783664e-01
1625(1004) (2.76e+00 3.10e+00) XE:3.10e-01 (1.19e+00 1.22e+00 | 6.52e-01 6.43e-01)	5.443602e+00 4.727055e+00 : 6.780438e-01
1641(1008) (2.68e+00 3.10e+00) XE:3.10e-01 (1.21e+00 1.22e+00 | 6.18e-01 6.43e-01)	5.442346e+00 4.726007e+00 : 6.778902e-01
1657(996) (2.80e+00 3.10e+00) XE:3.10e-01 (1.21e+00 1.22e+00 | 6.78e-01 6.43e-01)	5.440821e+00 4.724208e+00 : 6.776686e-01
1673(996) (3.28e+00 3.10e+00) XE:3.10e-01 (1.22e+00 1.22e+00 | 6.70e-01 6.43e-01)	5.439393e+00 4.723374e+00 : 6.775178e-01
1689(994) (3.13e+00 3.10e+00) XE:3.10e-01 (1.24e+00 1.22e+00 | 5.75e-01 6.43e-01)	5.438809e+00 4.722163e+00 : 6.773981e-01
1705(1000) (2.81e+00 3.10e+00) XE:3.10e-01 (1.22e+00 1.22e+00 | 6.50e-01 6.43e-01)	5.437566e+00 4.720407e+00 : 6.771982e-01
1721(1004) (3.17e+00 3.11e+00) XE:3.11e-01 (1.22e+00 1.22e+00 | 6.64e-01 6.43e-01)	5.432991e+00 4.717082e+00 : 6.766716e-01
1737(1019) (2.35e+00 3.11e+00) XE:3.11e-01 (1.24e+00 1.22e+00 | 6.22e-01 6.43e-01)	5.430971e+00 4.717132e+00 : 6.765402e-01
1753(1006) (3.06e+00 3.11e+00) XE:3.11e-01 (1.23e+00 1.22e+00 | 6.38e-01 6.43e-01)	5.430584e+00 4.716686e+00 : 6.764847e-01
1769(990) (3.14e+00 3.11e+00) XE:3.11e-01 (1.19e+00 1.22e+00 | 6.44e-01 6.43e-01)	5.429002e+00 4.714807e+00 : 6.762540e-01
1786(1003) (3.01e+00 3.11e+00) XE:3.11e-01 (1.22e+00 1.22e+00 | 6.16e-01 6.43e-01)	5.428193e+00 4.714691e+00 : 6.761922e-01
1802(1008) (3.22e+00 3.11e+00) XE:3.11e-01 (1.22e+00 1.22e+00 | 5.67e-01 6.43e-01)	5.427803e+00 4.714485e+00 : 6.761525e-01
1818(1004) (2.41e+00 3.11e+00) XE:3.11e-01 (1.24e+00 1.22e+00 | 6.72e-01 6.43e-01)	5.427426e+00 4.713275e+00 : 6.760467e-01
1834(1008) (3.25e+00 3.11e+00) XE:3.11e-01 (1.18e+00 1.22e+00 | 6.18e-01 6.43e-01)	5.426055e+00 4.712807e+00 : 6.759241e-01
1850(1015) (3.13e+00 3.11e+00) XE:3.11e-01 (1.24e+00 1.22e+00 | 6.20e-01 6.43e-01)	5.425446e+00 4.713177e+00 : 6.759082e-01
1866(1005) (2.78e+00 3.11e+00) XE:3.11e-01 (1.23e+00 1.22e+00 | 6.58e-01 6.43e-01)	5.423795e+00 4.712498e+00 : 6.757529e-01
1882(1011) (2.53e+00 3.11e+00) XE:3.11e-01 (1.20e+00 1.22e+00 | 6.34e-01 6.43e-01)	5.421412e+00 4.710024e+00 : 6.754291e-01
1898(997) (3.32e+00 3.10e+00) XE:3.10e-01 (1.21e+00 1.22e+00 | 6.30e-01 6.43e-01)	5.420345e+00 4.709519e+00 : 6.753243e-01
1914(998) (3.30e+00 3.10e+00) XE:3.10e-01 (1.20e+00 1.22e+00 | 6.56e-01 6.43e-01)	5.418681e+00 4.708506e+00 : 6.751458e-01
1930(989) (3.32e+00 3.10e+00) XE:3.10e-01 (1.19e+00 1.22e+00 | 6.48e-01 6.43e-01)	5.419239e+00 4.708794e+00 : 6.752022e-01
1946(997) (3.32e+00 3.10e+00) XE:3.10e-01 (1.21e+00 1.22e+00 | 6.90e-01 6.43e-01)	5.418289e+00 4.707789e+00 : 6.750719e-01
1962(995) (3.04e+00 3.10e+00) XE:3.10e-01 (1.23e+00 1.22e+00 | 6.40e-01 6.43e-01)	5.417983e+00 4.707179e+00 : 6.750108e-01
1979(994) (2.74e+00 3.10e+00) XE:3.10e-01 (1.22e+00 1.22e+00 | 5.77e-01 6.43e-01)	5.414803e+00 4.703710e+00 : 6.745676e-01
1995(1016) (2.77e+00 3.10e+00) XE:3.10e-01 (1.22e+00 1.22e+00 | 5.99e-01 6.43e-01)	5.413703e+00 4.702320e+00 : 6.744015e-01
2011(1000) (2.95e+00 3.10e+00) XE:3.10e-01 (1.19e+00 1.22e+00 | 6.40e-01 6.43e-01)	5.413200e+00 4.701613e+00 : 6.743208e-01
2027(996) (3.13e+00 3.11e+00) XE:3.11e-01 (1.23e+00 1.22e+00 | 6.48e-01 6.43e-01)	5.410367e+00 4.698470e+00 : 6.739225e-01
2043(989) (2.90e+00 3.11e+00) XE:3.11e-01 (1.21e+00 1.22e+00 | 6.42e-01 6.43e-01)	5.409974e+00 4.698381e+00 : 6.738903e-01
2059(1011) (2.56e+00 3.10e+00) XE:3.10e-01 (1.23e+00 1.22e+00 | 6.68e-01 6.43e-01)	5.410651e+00 4.699861e+00 : 6.740342e-01
2075(996) (3.61e+00 3.10e+00) XE:3.10e-01 (1.23e+00 1.22e+00 | 6.01e-01 6.43e-01)	5.410131e+00 4.699861e+00 : 6.739994e-01
2091(1012) (2.57e+00 3.10e+00) XE:3.10e-01 (1.20e+00 1.22e+00 | 6.34e-01 6.43e-01)	5.410351e+00 4.700294e+00 : 6.740430e-01
2107(1014) (2.44e+00 3.10e+00) XE:3.10e-01 (1.23e+00 1.22e+00 | 5.77e-01 6.43e-01)	5.406698e+00 4.696166e+00 : 6.735242e-01
2123(980) (3.46e+00 3.10e+00) XE:3.10e-01 (1.23e+00 1.22e+00 | 6.05e-01 6.43e-01)	5.405809e+00 4.695869e+00 : 6.734452e-01
2139(989) (3.40e+00 3.10e+00) XE:3.10e-01 (1.24e+00 1.22e+00 | 6.42e-01 6.43e-01)	5.405898e+00 4.695513e+00 : 6.734274e-01
2156(1004) (3.12e+00 3.10e+00) XE:3.10e-01 (1.25e+00 1.22e+00 | 6.18e-01 6.43e-01)	5.405812e+00 4.695869e+00 : 6.734453e-01
2172(1004) (2.94e+00 3.10e+00) XE:3.10e-01 (1.22e+00 1.22e+00 | 6.05e-01 6.43e-01)	5.401157e+00 4.691544e+00 : 6.728468e-01
2188(997) (2.94e+00 3.10e+00) XE:3.10e-01 (1.20e+00 1.22e+00 | 6.96e-01 6.43e-01)	5.400831e+00 4.690080e+00 : 6.727274e-01
2204(1001) (2.65e+00 3.10e+00) XE:3.10e-01 (1.22e+00 1.22e+00 | 6.74e-01 6.43e-01)	5.399997e+00 4.690311e+00 : 6.726872e-01
2220(987) (3.27e+00 3.10e+00) XE:3.10e-01 (1.26e+00 1.22e+00 | 6.60e-01 6.43e-01)	5.399484e+00 4.690367e+00 : 6.726567e-01
2236(994) (2.54e+00 3.10e+00) XE:3.10e-01 (1.24e+00 1.22e+00 | 6.18e-01 6.43e-01)	5.400960e+00 4.691184e+00 : 6.728096e-01
2252(990) (3.26e+00 3.10e+00) XE:3.10e-01 (1.27e+00 1.22e+00 | 6.42e-01 6.43e-01)	5.397075e+00 4.687910e+00 : 6.723323e-01
2268(999) (3.27e+00 3.10e+00) XE:3.10e-01 (1.21e+00 1.22e+00 | 6.05e-01 6.43e-01)	5.396141e+00 4.687218e+00 : 6.722239e-01
2284(1000) (3.07e+00 3.10e+00) XE:3.10e-01 (1.21e+00 1.22e+00 | 5.77e-01 6.43e-01)	5.396039e+00 4.686932e+00 : 6.721981e-01
2300(1015) (3.12e+00 3.10e+00) XE:3.10e-01 (1.20e+00 1.22e+00 | 6.16e-01 6.43e-01)	5.394922e+00 4.686314e+00 : 6.720824e-01
2317(987) (2.95e+00 3.10e+00) XE:3.10e-01 (1.22e+00 1.22e+00 | 7.10e-01 6.43e-01)	5.393952e+00 4.686461e+00 : 6.720275e-01
2333(997) (3.06e+00 3.10e+00) XE:3.10e-01 (1.20e+00 1.22e+00 | 6.20e-01 6.43e-01)	5.393242e+00 4.685750e+00 : 6.719328e-01
2349(992) (3.25e+00 3.10e+00) XE:3.10e-01 (1.22e+00 1.22e+00 | 5.97e-01 6.43e-01)	5.392619e+00 4.685306e+00 : 6.718616e-01
2365(1006) (2.79e+00 3.10e+00) XE:3.10e-01 (1.23e+00 1.22e+00 | 6.48e-01 6.43e-01)	5.390072e+00 4.683003e+00 : 6.715384e-01
2381(1013) (2.84e+00 3.10e+00) XE:3.10e-01 (1.24e+00 1.22e+00 | 6.22e-01 6.43e-01)	5.390856e+00 4.684182e+00 : 6.716692e-01
2397(998) (2.78e+00 3.10e+00) XE:3.10e-01 (1.20e+00 1.22e+00 | 6.60e-01 6.43e-01)	5.390144e+00 4.683269e+00 : 6.715609e-01
2413(999) (3.03e+00 3.10e+00) XE:3.10e-01 (1.19e+00 1.22e+00 | 6.98e-01 6.43e-01)	5.389775e+00 4.683368e+00 : 6.715429e-01
2429(1000) (2.89e+00 3.10e+00) XE:3.10e-01 (1.21e+00 1.22e+00 | 6.32e-01 6.43e-01)	5.388273e+00 4.680757e+00 : 6.712687e-01
2445(1005) (2.58e+00 3.10e+00) XE:3.10e-01 (1.21e+00 1.22e+00 | 6.94e-01 6.43e-01)	5.387959e+00 4.679909e+00 : 6.711912e-01
2461(996) (3.42e+00 3.10e+00) XE:3.10e-01 (1.22e+00 1.22e+00 | 6.64e-01 6.43e-01)	5.385564e+00 4.677251e+00 : 6.708543e-01
2477(1001) (3.18e+00 3.10e+00) XE:3.10e-01 (1.21e+00 1.22e+00 | 6.84e-01 6.43e-01)	5.384437e+00 4.675748e+00 : 6.706790e-01
2493(1012) (3.14e+00 3.10e+00) XE:3.10e-01 (1.21e+00 1.22e+00 | 6.64e-01 6.43e-01)	5.384382e+00 4.675489e+00 : 6.706580e-01
2510(987) (3.24e+00 3.10e+00) XE:3.10e-01 (1.20e+00 1.22e+00 | 6.64e-01 6.43e-01)	5.382090e+00 4.673824e+00 : 6.703943e-01
2526(1003) (3.34e+00 3.10e+00) XE:3.10e-01 (1.21e+00 1.22e+00 | 5.63e-01 6.43e-01)	5.381392e+00 4.672985e+00 : 6.702918e-01
2542(988) (3.16e+00 3.10e+00) XE:3.10e-01 (1.21e+00 1.22e+00 | 6.88e-01 6.43e-01)	5.380434e+00 4.672598e+00 : 6.702022e-01
2558(1002) (3.16e+00 3.10e+00) XE:3.10e-01 (1.19e+00 1.22e+00 | 6.78e-01 6.43e-01)	5.377230e+00 4.670075e+00 : 6.698203e-01
2574(1005) (3.37e+00 3.10e+00) XE:3.10e-01 (1.22e+00 1.22e+00 | 6.92e-01 6.43e-01)	5.377249e+00 4.670429e+00 : 6.698452e-01
2590(993) (3.03e+00 3.10e+00) XE:3.10e-01 (1.21e+00 1.22e+00 | 5.85e-01 6.43e-01)	5.375705e+00 4.670014e+00 : 6.697146e-01
2606(999) (3.08e+00 3.10e+00) XE:3.10e-01 (1.23e+00 1.22e+00 | 5.99e-01 6.43e-01)	5.374427e+00 4.669646e+00 : 6.696049e-01
2622(994) (2.91e+00 3.10e+00) XE:3.10e-01 (1.22e+00 1.22e+00 | 5.99e-01 6.43e-01)	5.372990e+00 4.667875e+00 : 6.693909e-01
2638(998) (2.95e+00 3.10e+00) XE:3.10e-01 (1.24e+00 1.22e+00 | 6.24e-01 6.43e-01)	5.372689e+00 4.668056e+00 : 6.693830e-01
2654(1012) (2.90e+00 3.10e+00) XE:3.10e-01 (1.23e+00 1.22e+00 | 6.30e-01 6.43e-01)	5.372090e+00 4.668020e+00 : 6.693406e-01
2671(989) (2.77e+00 3.10e+00) XE:3.10e-01 (1.21e+00 1.22e+00 | 6.88e-01 6.43e-01)	5.371507e+00 4.666936e+00 : 6.692295e-01
2687(1002) (6.24e+00 3.10e+00) XE:3.10e-01 (1.22e+00 1.22e+00 | 6.40e-01 6.43e-01)	5.369330e+00 4.665037e+00 : 6.689577e-01
2703(1010) (2.79e+00 3.10e+00) XE:3.10e-01 (1.21e+00 1.22e+00 | 6.60e-01 6.43e-01)	5.369274e+00 4.665735e+00 : 6.690006e-01
2719(1001) (2.64e+00 3.10e+00) XE:3.10e-01 (1.22e+00 1.22e+00 | 6.28e-01 6.43e-01)	5.368839e+00 4.665825e+00 : 6.689776e-01
2735(990) (3.35e+00 3.10e+00) XE:3.10e-01 (1.21e+00 1.22e+00 | 6.42e-01 6.43e-01)	5.369130e+00 4.665895e+00 : 6.690017e-01
2751(994) (3.32e+00 3.10e+00) XE:3.10e-01 (1.23e+00 1.22e+00 | 5.87e-01 6.43e-01)	5.369182e+00 4.665640e+00 : 6.689882e-01
2767(979) (3.31e+00 3.10e+00) XE:3.10e-01 (1.22e+00 1.22e+00 | 6.07e-01 6.43e-01)	5.369033e+00 4.665305e+00 : 6.689559e-01
2783(1004) (2.99e+00 3.10e+00) XE:3.10e-01 (1.23e+00 1.22e+00 | 6.44e-01 6.43e-01)	5.369873e+00 4.665350e+00 : 6.690149e-01
2800(1002) (2.84e+00 3.10e+00) XE:3.10e-01 (1.21e+00 1.22e+00 | 6.60e-01 6.43e-01)	5.368068e+00 4.663672e+00 : 6.687827e-01
2816(1002) (3.49e+00 3.10e+00) XE:3.10e-01 (1.25e+00 1.22e+00 | 6.05e-01 6.43e-01)	5.365656e+00 4.660773e+00 : 6.684286e-01
2832(993) (3.25e+00 3.10e+00) XE:3.10e-01 (1.26e+00 1.22e+00 | 6.78e-01 6.43e-01)	5.364596e+00 4.660447e+00 : 6.683362e-01
2848(996) (3.18e+00 3.10e+00) XE:3.10e-01 (1.22e+00 1.22e+00 | 6.46e-01 6.43e-01)	5.363727e+00 4.660440e+00 : 6.682778e-01
2864(1000) (3.42e+00 3.10e+00) XE:3.10e-01 (1.22e+00 1.22e+00 | 5.89e-01 6.43e-01)	5.363719e+00 4.660615e+00 : 6.682889e-01
2880(993) (2.69e+00 3.10e+00) XE:3.10e-01 (1.22e+00 1.22e+00 | 6.30e-01 6.43e-01)	5.363667e+00 4.660500e+00 : 6.682778e-01
2896(994) (3.35e+00 3.10e+00) XE:3.10e-01 (1.21e+00 1.22e+00 | 6.72e-01 6.43e-01)	5.363490e+00 4.660185e+00 : 6.682450e-01
2912(999) (2.94e+00 3.10e+00) XE:3.10e-01 (1.23e+00 1.22e+00 | 6.74e-01 6.43e-01)	5.361909e+00 4.658478e+00 : 6.680258e-01
2928(1002) (3.36e+00 3.10e+00) XE:3.10e-01 (1.22e+00 1.22e+00 | 6.62e-01 6.43e-01)	5.359547e+00 4.655863e+00 : 6.676940e-01
2945(1002) (3.27e+00 3.10e+00) XE:3.10e-01 (1.19e+00 1.22e+00 | 6.24e-01 6.43e-01)	5.357898e+00 4.654586e+00 : 6.674989e-01
2961(1002) (2.77e+00 3.10e+00) XE:3.10e-01 (1.23e+00 1.22e+00 | 6.56e-01 6.43e-01)	5.357622e+00 4.653892e+00 : 6.674343e-01
2977(1004) (4.43e+00 3.10e+00) XE:3.10e-01 (1.20e+00 1.22e+00 | 6.38e-01 6.43e-01)	5.353841e+00 4.650527e+00 : 6.669579e-01
2993(1000) (3.06e+00 3.10e+00) XE:3.10e-01 (1.18e+00 1.22e+00 | 5.79e-01 6.43e-01)	5.352672e+00 4.649504e+00 : 6.668117e-01
3009(999) (2.99e+00 3.10e+00) XE:3.10e-01 (1.22e+00 1.22e+00 | 6.56e-01 6.43e-01)	5.353841e+00 4.650319e+00 : 6.669440e-01
3025(989) (2.96e+00 3.10e+00) XE:3.10e-01 (1.23e+00 1.22e+00 | 5.91e-01 6.43e-01)	5.353284e+00 4.649841e+00 : 6.668750e-01
3041(1000) (3.35e+00 3.10e+00) XE:3.10e-01 (1.21e+00 1.22e+00 | 5.85e-01 6.43e-01)	5.352254e+00 4.649557e+00 : 6.667874e-01
3057(1002) (2.73e+00 3.10e+00) XE:3.10e-01 (1.21e+00 1.22e+00 | 6.44e-01 6.43e-01)	5.351400e+00 4.648329e+00 : 6.666486e-01
3073(997) (2.83e+00 3.10e+00) XE:3.10e-01 (1.21e+00 1.22e+00 | 6.56e-01 6.43e-01)	5.350087e+00 4.647263e+00 : 6.664900e-01
3089(999) (3.19e+00 3.10e+00) XE:3.10e-01 (1.22e+00 1.22e+00 | 6.12e-01 6.43e-01)	5.348175e+00 4.645571e+00 : 6.662497e-01
3106(990) (3.02e+00 3.10e+00) XE:3.10e-01 (1.23e+00 1.22e+00 | 6.38e-01 6.43e-01)	5.347940e+00 4.646137e+00 : 6.662718e-01
3122(985) (3.79e+00 3.10e+00) XE:3.10e-01 (1.23e+00 1.22e+00 | 6.64e-01 6.43e-01)	5.347335e+00 4.646336e+00 : 6.662447e-01
3138(1016) (3.26e+00 3.10e+00) XE:3.10e-01 (1.22e+00 1.22e+00 | 6.30e-01 6.43e-01)	5.346394e+00 4.645614e+00 : 6.661339e-01
3154(1007) (2.54e+00 3.10e+00) XE:3.10e-01 (1.22e+00 1.22e+00 | 6.86e-01 6.43e-01)	5.346104e+00 4.645069e+00 : 6.660782e-01
3170(1006) (3.04e+00 3.10e+00) XE:3.10e-01 (1.21e+00 1.22e+00 | 6.40e-01 6.43e-01)	5.345191e+00 4.645323e+00 : 6.660343e-01
3186(1004) (3.01e+00 3.10e+00) XE:3.10e-01 (1.25e+00 1.22e+00 | 6.68e-01 6.43e-01)	5.345321e+00 4.645045e+00 : 6.660244e-01
3202(1006) (3.31e+00 3.10e+00) XE:3.10e-01 (1.23e+00 1.22e+00 | 6.74e-01 6.43e-01)	5.344888e+00 4.645272e+00 : 6.660106e-01
3218(994) (3.28e+00 3.10e+00) XE:3.10e-01 (1.22e+00 1.22e+00 | 6.16e-01 6.43e-01)	5.345392e+00 4.645100e+00 : 6.660328e-01
3234(994) (3.28e+00 3.10e+00) XE:3.10e-01 (1.25e+00 1.22e+00 | 6.42e-01 6.43e-01)	5.344002e+00 4.643270e+00 : 6.658181e-01
3251(995) (3.23e+00 3.10e+00) XE:3.10e-01 (1.20e+00 1.22e+00 | 6.42e-01 6.43e-01)	5.343391e+00 4.642424e+00 : 6.657210e-01
3267(986) (3.51e+00 3.10e+00) XE:3.10e-01 (1.20e+00 1.22e+00 | 6.92e-01 6.43e-01)	5.341822e+00 4.641126e+00 : 6.655298e-01
3283(993) (2.83e+00 3.10e+00) XE:3.10e-01 (1.23e+00 1.22e+00 | 6.52e-01 6.43e-01)	5.341948e+00 4.640687e+00 : 6.655090e-01
3299(985) (5.01e+00 3.10e+00) XE:3.10e-01 (1.23e+00 1.22e+00 | 6.42e-01 6.43e-01)	5.339469e+00 4.638493e+00 : 6.651975e-01
3315(1019) (3.16e+00 3.11e+00) XE:3.11e-01 (1.22e+00 1.22e+00 | 6.50e-01 6.43e-01)	5.339319e+00 4.637973e+00 : 6.651528e-01
3331(1003) (2.80e+00 3.11e+00) XE:3.11e-01 (1.21e+00 1.22e+00 | 6.26e-01 6.43e-01)	5.338283e+00 4.636938e+00 : 6.650147e-01
3347(1001) (2.40e+00 3.11e+00) XE:3.11e-01 (1.22e+00 1.22e+00 | 6.74e-01 6.43e-01)	5.337468e+00 4.635745e+00 : 6.648809e-01
3363(985) (3.63e+00 3.11e+00) XE:3.11e-01 (1.23e+00 1.22e+00 | 6.24e-01 6.43e-01)	5.334277e+00 4.632778e+00 : 6.644703e-01
3379(999) (3.14e+00 3.11e+00) XE:3.11e-01 (1.24e+00 1.22e+00 | 6.48e-01 6.43e-01)	5.334029e+00 4.632471e+00 : 6.644333e-01
3395(996) (3.06e+00 3.11e+00) XE:3.11e-01 (1.23e+00 1.22e+00 | 6.07e-01 6.43e-01)	5.333722e+00 4.632103e+00 : 6.643883e-01
3412(1006) (2.95e+00 3.11e+00) XE:3.11e-01 (1.19e+00 1.22e+00 | 6.24e-01 6.43e-01)	5.331636e+00 4.630176e+00 : 6.641208e-01
3428(973) (3.76e+00 3.11e+00) XE:3.11e-01 (1.22e+00 1.22e+00 | 6.80e-01 6.43e-01)	5.331146e+00 4.629431e+00 : 6.640385e-01
3444(1000) (3.30e+00 3.11e+00) XE:3.11e-01 (1.21e+00 1.22e+00 | 6.62e-01 6.43e-01)	5.330879e+00 4.629521e+00 : 6.640267e-01
3460(1015) (3.07e+00 3.11e+00) XE:3.11e-01 (1.21e+00 1.22e+00 | 6.74e-01 6.43e-01)	5.330686e+00 4.629162e+00 : 6.639898e-01
3476(1015) (3.25e+00 3.11e+00) XE:3.11e-01 (1.22e+00 1.22e+00 | 6.34e-01 6.43e-01)	5.329614e+00 4.628410e+00 : 6.638683e-01
3492(1001) (3.97e+00 3.11e+00) XE:3.11e-01 (1.22e+00 1.22e+00 | 6.78e-01 6.43e-01)	5.328989e+00 4.627929e+00 : 6.637945e-01
3508(1000) (3.38e+00 3.11e+00) XE:3.11e-01 (1.22e+00 1.22e+00 | 6.26e-01 6.43e-01)	5.329083e+00 4.627544e+00 : 6.637751e-01
3524(1004) (2.73e+00 3.11e+00) XE:3.11e-01 (1.27e+00 1.22e+00 | 6.48e-01 6.43e-01)	5.328851e+00 4.628004e+00 : 6.637903e-01
3540(1004) (2.69e+00 3.11e+00) XE:3.11e-01 (1.19e+00 1.22e+00 | 5.95e-01 6.43e-01)	5.328413e+00 4.628044e+00 : 6.637638e-01
3556(990) (2.95e+00 3.11e+00) XE:3.11e-01 (1.23e+00 1.22e+00 | 6.24e-01 6.43e-01)	5.328670e+00 4.628069e+00 : 6.637826e-01
3572(1014) (3.15e+00 3.11e+00) XE:3.11e-01 (1.21e+00 1.22e+00 | 6.07e-01 6.43e-01)	5.328994e+00 4.628372e+00 : 6.638244e-01
3589(991) (3.30e+00 3.11e+00) XE:3.11e-01 (1.22e+00 1.22e+00 | 6.44e-01 6.43e-01)	5.328681e+00 4.627992e+00 : 6.637782e-01
3605(995) (3.30e+00 3.11e+00) XE:3.11e-01 (1.18e+00 1.22e+00 | 6.18e-01 6.43e-01)	5.329216e+00 4.628202e+00 : 6.638279e-01
3621(1009) (2.74e+00 3.11e+00) XE:3.11e-01 (1.20e+00 1.22e+00 | 6.58e-01 6.43e-01)	5.329170e+00 4.628667e+00 : 6.638558e-01
3637(992) (3.21e+00 3.11e+00) XE:3.11e-01 (1.25e+00 1.22e+00 | 6.76e-01 6.43e-01)	5.328959e+00 4.629302e+00 : 6.638841e-01
3653(1014) (2.71e+00 3.11e+00) XE:3.11e-01 (1.21e+00 1.22e+00 | 6.56e-01 6.43e-01)	5.327843e+00 4.628232e+00 : 6.637384e-01
3669(1008) (2.91e+00 3.11e+00) XE:3.11e-01 (1.22e+00 1.22e+00 | 6.86e-01 6.43e-01)	5.327239e+00 4.627619e+00 : 6.636572e-01
3685(1011) (2.83e+00 3.11e+00) XE:3.11e-01 (1.23e+00 1.22e+00 | 6.44e-01 6.43e-01)	5.326714e+00 4.627341e+00 : 6.636037e-01
3701(999) (3.18e+00 3.11e+00) XE:3.11e-01 (1.20e+00 1.22e+00 | 5.97e-01 6.43e-01)	5.325498e+00 4.626036e+00 : 6.634356e-01
3718(995) (2.86e+00 3.11e+00) XE:3.11e-01 (1.23e+00 1.22e+00 | 6.38e-01 6.43e-01)	5.324761e+00 4.625470e+00 : 6.633488e-01
3734(1004) (3.36e+00 3.11e+00) XE:3.11e-01 (1.20e+00 1.22e+00 | 6.90e-01 6.43e-01)	5.324743e+00 4.625196e+00 : 6.633293e-01
3750(1011) (3.32e+00 3.11e+00) XE:3.11e-01 (1.23e+00 1.22e+00 | 6.66e-01 6.43e-01)	5.324509e+00 4.624548e+00 : 6.632705e-01
3766(1011) (2.77e+00 3.11e+00) XE:3.11e-01 (1.23e+00 1.22e+00 | 6.92e-01 6.43e-01)	5.323960e+00 4.624695e+00 : 6.632437e-01
3782(1004) (2.97e+00 3.11e+00) XE:3.11e-01 (1.22e+00 1.22e+00 | 6.46e-01 6.43e-01)	5.323697e+00 4.624641e+00 : 6.632226e-01
3798(1015) (2.81e+00 3.11e+00) XE:3.11e-01 (1.23e+00 1.22e+00 | 7.14e-01 6.43e-01)	5.323297e+00 4.624369e+00 : 6.631778e-01
3814(993) (2.89e+00 3.11e+00) XE:3.11e-01 (1.20e+00 1.22e+00 | 6.70e-01 6.43e-01)	5.322838e+00 4.624235e+00 : 6.631382e-01
3830(984) (3.74e+00 3.11e+00) XE:3.11e-01 (1.24e+00 1.22e+00 | 6.38e-01 6.43e-01)	5.322713e+00 4.624058e+00 : 6.631181e-01
3846(1022) (2.75e+00 3.11e+00) XE:3.11e-01 (1.18e+00 1.22e+00 | 5.89e-01 6.43e-01)	5.323095e+00 4.624450e+00 : 6.631697e-01
3862(1003) (2.96e+00 3.11e+00) XE:3.11e-01 (1.22e+00 1.22e+00 | 7.14e-01 6.43e-01)	5.322187e+00 4.624275e+00 : 6.630974e-01
3878(997) (3.47e+00 3.11e+00) XE:3.11e-01 (1.24e+00 1.22e+00 | 6.28e-01 6.42e-01)	5.322233e+00 4.624682e+00 : 6.631277e-01
3895(980) (3.33e+00 3.11e+00) XE:3.11e-01 (1.22e+00 1.22e+00 | 6.76e-01 6.42e-01)	5.322078e+00 4.624143e+00 : 6.630814e-01
3911(991) (2.99e+00 3.11e+00) XE:3.11e-01 (1.20e+00 1.22e+00 | 7.39e-01 6.42e-01)	5.321409e+00 4.623440e+00 : 6.629899e-01
3927(1001) (3.22e+00 3.11e+00) XE:3.11e-01 (1.22e+00 1.22e+00 | 6.40e-01 6.43e-01)	5.320710e+00 4.622803e+00 : 6.629008e-01
3943(996) (3.36e+00 3.11e+00) XE:3.11e-01 (1.21e+00 1.22e+00 | 6.52e-01 6.43e-01)	5.319520e+00 4.621775e+00 : 6.627530e-01
3959(1008) (3.24e+00 3.11e+00) XE:3.11e-01 (1.19e+00 1.22e+00 | 6.50e-01 6.43e-01)	5.319527e+00 4.621557e+00 : 6.627389e-01
3975(988) (3.32e+00 3.11e+00) XE:3.11e-01 (1.21e+00 1.22e+00 | 5.73e-01 6.42e-01)	5.319540e+00 4.621655e+00 : 6.627464e-01
3991(1004) (2.80e+00 3.11e+00) XE:3.11e-01 (1.23e+00 1.22e+00 | 6.82e-01 6.42e-01)	5.320178e+00 4.622118e+00 : 6.628197e-01
4007(981) (3.49e+00 3.11e+00) XE:3.11e-01 (1.23e+00 1.22e+00 | 5.87e-01 6.42e-01)	5.319321e+00 4.621394e+00 : 6.627143e-01
4023(988) (3.07e+00 3.11e+00) XE:3.11e-01 (1.20e+00 1.22e+00 | 6.82e-01 6.42e-01)	5.319366e+00 4.621411e+00 : 6.627185e-01
4039(972) (2.80e+00 3.11e+00) XE:3.11e-01 (1.21e+00 1.22e+00 | 6.60e-01 6.43e-01)	5.319045e+00 4.621068e+00 : 6.626742e-01
4056(988) (3.35e+00 3.11e+00) XE:3.11e-01 (1.21e+00 1.22e+00 | 6.18e-01 6.43e-01)	5.317526e+00 4.619970e+00 : 6.624997e-01
4072(1013) (2.93e+00 3.11e+00) XE:3.11e-01 (1.21e+00 1.22e+00 | 6.54e-01 6.43e-01)	5.316121e+00 4.618399e+00 : 6.623014e-01
4088(990) (3.08e+00 3.11e+00) XE:3.11e-01 (1.21e+00 1.22e+00 | 6.80e-01 6.43e-01)	5.315958e+00 4.618472e+00 : 6.622953e-01
4104(1003) (2.27e+00 3.11e+00) XE:3.11e-01 (1.21e+00 1.22e+00 | 6.58e-01 6.43e-01)	5.316058e+00 4.618974e+00 : 6.623355e-01
4120(998) (2.93e+00 3.11e+00) XE:3.11e-01 (1.22e+00 1.22e+00 | 6.76e-01 6.43e-01)	5.316332e+00 4.619156e+00 : 6.623659e-01
4136(999) (2.86e+00 3.11e+00) XE:3.11e-01 (1.21e+00 1.22e+00 | 7.02e-01 6.43e-01)	5.316423e+00 4.619380e+00 : 6.623869e-01
4152(996) (3.18e+00 3.11e+00) XE:3.11e-01 (1.21e+00 1.22e+00 | 6.56e-01 6.43e-01)	5.315829e+00 4.618458e+00 : 6.622858e-01
4168(999) (3.29e+00 3.11e+00) XE:3.11e-01 (1.23e+00 1.22e+00 | 6.80e-01 6.43e-01)	5.315209e+00 4.617705e+00 : 6.621943e-01
4184(1009) (3.16e+00 3.11e+00) XE:3.11e-01 (1.22e+00 1.22e+00 | 6.30e-01 6.43e-01)	5.314233e+00 4.616946e+00 : 6.620786e-01
4200(1002) (2.82e+00 3.11e+00) XE:3.11e-01 (1.21e+00 1.22e+00 | 5.89e-01 6.43e-01)	5.313214e+00 4.616166e+00 : 6.619587e-01
4216(1006) (2.51e+00 3.11e+00) XE:3.11e-01 (1.24e+00 1.22e+00 | 5.93e-01 6.43e-01)	5.313459e+00 4.616551e+00 : 6.620007e-01
4233(982) (2.98e+00 3.11e+00) XE:3.11e-01 (1.25e+00 1.22e+00 | 7.04e-01 6.43e-01)	5.313713e+00 4.616519e+00 : 6.620155e-01
4249(1004) (3.53e+00 3.11e+00) XE:3.11e-01 (1.19e+00 1.22e+00 | 6.34e-01 6.43e-01)	5.312274e+00 4.615399e+00 : 6.618449e-01
4265(998) (3.33e+00 3.11e+00) XE:3.11e-01 (1.21e+00 1.22e+00 | 6.54e-01 6.43e-01)	5.311594e+00 4.614686e+00 : 6.617520e-01
4281(1008) (2.89e+00 3.11e+00) XE:3.11e-01 (1.23e+00 1.22e+00 | 6.14e-01 6.43e-01)	5.312115e+00 4.615090e+00 : 6.618137e-01
4297(994) (2.63e+00 3.11e+00) XE:3.11e-01 (1.21e+00 1.22e+00 | 6.03e-01 6.42e-01)	5.311265e+00 4.614625e+00 : 6.617260e-01
4313(1000) (3.04e+00 3.11e+00) XE:3.11e-01 (1.23e+00 1.22e+00 | 6.38e-01 6.42e-01)	5.310884e+00 4.614437e+00 : 6.616880e-01
4329(1010) (2.63e+00 3.10e+00) XE:3.10e-01 (1.22e+00 1.22e+00 | 6.46e-01 6.43e-01)	5.310813e+00 4.614634e+00 : 6.616965e-01
4345(1005) (2.99e+00 3.10e+00) XE:3.10e-01 (1.21e+00 1.22e+00 | 6.01e-01 6.43e-01)	5.310486e+00 4.614386e+00 : 6.616581e-01
4361(992) (2.72e+00 3.10e+00) XE:3.10e-01 (1.22e+00 1.22e+00 | 6.48e-01 6.43e-01)	5.310053e+00 4.614589e+00 : 6.616428e-01
4377(997) (2.72e+00 3.10e+00) XE:3.10e-01 (1.21e+00 1.22e+00 | 6.42e-01 6.43e-01)	5.310677e+00 4.615409e+00 : 6.617391e-01
4394(988) (3.57e+00 3.10e+00) XE:3.10e-01 (1.25e+00 1.22e+00 | 6.96e-01 6.42e-01)	5.310675e+00 4.615019e+00 : 6.617129e-01
4410(1008) (2.88e+00 3.10e+00) XE:3.10e-01 (1.22e+00 1.22e+00 | 6.26e-01 6.42e-01)	5.309695e+00 4.614282e+00 : 6.615985e-01
4426(1009) (3.19e+00 3.10e+00) XE:3.10e-01 (1.22e+00 1.22e+00 | 6.30e-01 6.42e-01)	5.308258e+00 4.613048e+00 : 6.614204e-01
4442(1005) (2.77e+00 3.10e+00) XE:3.10e-01 (1.21e+00 1.22e+00 | 5.97e-01 6.42e-01)	5.308084e+00 4.613288e+00 : 6.614248e-01
4458(1009) (3.38e+00 3.10e+00) XE:3.10e-01 (1.25e+00 1.22e+00 | 6.36e-01 6.42e-01)	5.308477e+00 4.613085e+00 : 6.614374e-01
4474(1001) (3.09e+00 3.10e+00) XE:3.10e-01 (1.23e+00 1.22e+00 | 6.72e-01 6.42e-01)	5.308001e+00 4.613151e+00 : 6.614101e-01
4490(989) (2.84e+00 3.10e+00) XE:3.10e-01 (1.21e+00 1.22e+00 | 6.24e-01 6.42e-01)	5.307667e+00 4.613017e+00 : 6.613790e-01
4506(992) (2.96e+00 3.10e+00) XE:3.10e-01 (1.21e+00 1.22e+00 | 6.52e-01 6.42e-01)	5.306985e+00 4.612255e+00 : 6.612826e-01
4522(1009) (2.89e+00 3.10e+00) XE:3.10e-01 (1.23e+00 1.22e+00 | 6.36e-01 6.42e-01)	5.306617e+00 4.612131e+00 : 6.612499e-01
4538(997) (3.21e+00 3.10e+00) XE:3.10e-01 (1.22e+00 1.22e+00 | 6.16e-01 6.42e-01)	5.306071e+00 4.611716e+00 : 6.611858e-01
4555(998) (3.69e+00 3.10e+00) XE:3.10e-01 (1.21e+00 1.22e+00 | 6.52e-01 6.42e-01)	5.306479e+00 4.612171e+00 : 6.612433e-01
4571(997) (2.76e+00 3.10e+00) XE:3.10e-01 (1.19e+00 1.22e+00 | 6.62e-01 6.42e-01)	5.305579e+00 4.611663e+00 : 6.611495e-01
4587(1003) (3.85e+00 3.10e+00) XE:3.10e-01 (1.21e+00 1.22e+00 | 6.48e-01 6.42e-01)	5.304611e+00 4.610553e+00 : 6.610110e-01
4603(980) (3.11e+00 3.10e+00) XE:3.10e-01 (1.20e+00 1.22e+00 | 7.14e-01 6.42e-01)	5.304549e+00 4.610761e+00 : 6.610207e-01
4619(983) (3.15e+00 3.10e+00) XE:3.10e-01 (1.21e+00 1.22e+00 | 6.22e-01 6.42e-01)	5.304862e+00 4.611127e+00 : 6.610660e-01
4635(997) (2.96e+00 3.10e+00) XE:3.10e-01 (1.21e+00 1.22e+00 | 6.94e-01 6.42e-01)	5.304262e+00 4.610393e+00 : 6.609770e-01
4651(1001) (2.74e+00 3.10e+00) XE:3.10e-01 (1.22e+00 1.22e+00 | 6.46e-01 6.42e-01)	5.303552e+00 4.609597e+00 : 6.608766e-01
4668(991) (3.36e+00 3.10e+00) XE:3.10e-01 (1.20e+00 1.22e+00 | 6.68e-01 6.42e-01)	5.302609e+00 4.608793e+00 : 6.607601e-01
4684(1010) (2.95e+00 3.10e+00) XE:3.10e-01 (1.20e+00 1.22e+00 | 6.07e-01 6.42e-01)	5.301536e+00 4.608327e+00 : 6.606575e-01
4700(1012) (2.85e+00 3.10e+00) XE:3.10e-01 (1.22e+00 1.22e+00 | 6.16e-01 6.42e-01)	5.301885e+00 4.609128e+00 : 6.607343e-01
4716(985) (3.79e+00 3.10e+00) XE:3.10e-01 (1.22e+00 1.22e+00 | 7.04e-01 6.42e-01)	5.301476e+00 4.609183e+00 : 6.607106e-01
4732(1014) (2.79e+00 3.10e+00) XE:3.10e-01 (1.24e+00 1.22e+00 | 7.06e-01 6.42e-01)	5.300936e+00 4.609158e+00 : 6.606729e-01
4748(1003) (3.13e+00 3.10e+00) XE:3.10e-01 (1.23e+00 1.22e+00 | 6.92e-01 6.42e-01)	5.300543e+00 4.609085e+00 : 6.606418e-01
4764(999) (3.28e+00 3.10e+00) XE:3.10e-01 (1.20e+00 1.22e+00 | 6.92e-01 6.42e-01)	5.300591e+00 4.609179e+00 : 6.606513e-01
4780(994) (2.78e+00 3.10e+00) XE:3.10e-01 (1.23e+00 1.22e+00 | 6.09e-01 6.42e-01)	5.300506e+00 4.609037e+00 : 6.606362e-01
4796(997) (3.37e+00 3.10e+00) XE:3.10e-01 (1.22e+00 1.22e+00 | 6.30e-01 6.42e-01)	5.300682e+00 4.608906e+00 : 6.606392e-01
4812(1013) (3.92e+00 3.10e+00) XE:3.10e-01 (1.21e+00 1.22e+00 | 6.60e-01 6.42e-01)	5.299214e+00 4.608024e+00 : 6.604825e-01
4828(1003) (3.39e+00 3.10e+00) XE:3.10e-01 (1.20e+00 1.22e+00 | 6.76e-01 6.42e-01)	5.298476e+00 4.607395e+00 : 6.603914e-01
4844(1000) (2.76e+00 3.10e+00) XE:3.10e-01 (1.20e+00 1.22e+00 | 7.25e-01 6.42e-01)	5.297895e+00 4.607092e+00 : 6.603325e-01
4861(982) (3.45e+00 3.10e+00) XE:3.10e-01 (1.19e+00 1.22e+00 | 6.70e-01 6.42e-01)	5.297819e+00 4.607143e+00 : 6.603308e-01
4877(1013) (3.22e+00 3.10e+00) XE:3.10e-01 (1.19e+00 1.22e+00 | 6.18e-01 6.42e-01)	5.297665e+00 4.606619e+00 : 6.602856e-01
4893(1011) (2.46e+00 3.10e+00) XE:3.10e-01 (1.22e+00 1.22e+00 | 6.07e-01 6.42e-01)	5.297655e+00 4.606853e+00 : 6.603006e-01
4909(996) (2.88e+00 3.10e+00) XE:3.10e-01 (1.23e+00 1.22e+00 | 6.84e-01 6.42e-01)	5.297959e+00 4.607199e+00 : 6.603439e-01
4925(1000) (2.75e+00 3.10e+00) XE:3.10e-01 (1.20e+00 1.22e+00 | 6.38e-01 6.42e-01)	5.297569e+00 4.607442e+00 : 6.603340e-01
4941(1014) (2.83e+00 3.10e+00) XE:3.10e-01 (1.22e+00 1.22e+00 | 7.00e-01 6.42e-01)	5.297095e+00 4.606886e+00 : 6.602654e-01
4957(995) (3.10e+00 3.10e+00) XE:3.10e-01 (1.23e+00 1.22e+00 | 6.56e-01 6.42e-01)	5.296185e+00 4.605647e+00 : 6.601221e-01
4973(1010) (2.51e+00 3.10e+00) XE:3.10e-01 (1.19e+00 1.22e+00 | 6.74e-01 6.42e-01)	5.296186e+00 4.605849e+00 : 6.601356e-01
4989(1010) (2.61e+00 3.10e+00) XE:3.10e-01 (1.21e+00 1.22e+00 | 6.72e-01 6.42e-01)	5.295971e+00 4.605822e+00 : 6.601195e-01
5005(1000) (3.39e+00 3.10e+00) XE:3.10e-01 (1.17e+00 1.22e+00 | 6.58e-01 6.42e-01)	5.295868e+00 4.605846e+00 : 6.601143e-01
5022(980) (3.02e+00 3.10e+00) XE:3.10e-01 (1.22e+00 1.22e+00 | 6.58e-01 6.42e-01)	5.295730e+00 4.605787e+00 : 6.601011e-01
5038(1018) (3.34e+00 3.10e+00) XE:3.10e-01 (1.20e+00 1.22e+00 | 6.40e-01 6.42e-01)	5.295386e+00 4.605051e+00 : 6.600291e-01
5054(998) (2.92e+00 3.10e+00) XE:3.10e-01 (1.19e+00 1.22e+00 | 6.64e-01 6.42e-01)	5.295168e+00 4.604895e+00 : 6.600042e-01
5070(1006) (3.01e+00 3.10e+00) XE:3.10e-01 (1.23e+00 1.22e+00 | 5.91e-01 6.42e-01)	5.294886e+00 4.604535e+00 : 6.599614e-01
5086(1001) (2.67e+00 3.10e+00) XE:3.10e-01 (1.22e+00 1.22e+00 | 6.60e-01 6.43e-01)	5.294712e+00 4.604512e+00 : 6.599483e-01
5102(1017) (2.80e+00 3.10e+00) XE:3.10e-01 (1.21e+00 1.22e+00 | 6.64e-01 6.43e-01)	5.295130e+00 4.604848e+00 : 6.599985e-01
5118(998) (2.86e+00 3.10e+00) XE:3.10e-01 (1.23e+00 1.22e+00 | 6.56e-01 6.43e-01)	5.295041e+00 4.605241e+00 : 6.600188e-01
5134(1006) (3.33e+00 3.10e+00) XE:3.10e-01 (1.21e+00 1.22e+00 | 6.30e-01 6.42e-01)	5.294857e+00 4.605065e+00 : 6.599948e-01
5150(1004) (2.45e+00 3.10e+00) XE:3.10e-01 (1.22e+00 1.22e+00 | 6.18e-01 6.43e-01)	5.294858e+00 4.604755e+00 : 6.599742e-01
5166(992) (3.06e+00 3.10e+00) XE:3.10e-01 (1.22e+00 1.22e+00 | 6.48e-01 6.43e-01)	5.295009e+00 4.604771e+00 : 6.599853e-01
5183(994) (3.70e+00 3.10e+00) XE:3.10e-01 (1.20e+00 1.22e+00 | 6.70e-01 6.43e-01)	5.294838e+00 4.604707e+00 : 6.599697e-01
5199(1005) (2.76e+00 3.10e+00) XE:3.10e-01 (1.22e+00 1.22e+00 | 6.76e-01 6.43e-01)	5.294907e+00 4.604567e+00 : 6.599649e-01
5215(1014) (3.28e+00 3.10e+00) XE:3.10e-01 (1.24e+00 1.22e+00 | 5.93e-01 6.43e-01)	5.293980e+00 4.603080e+00 : 6.598040e-01
5231(1018) (3.24e+00 3.10e+00) XE:3.10e-01 (1.23e+00 1.22e+00 | 6.78e-01 6.43e-01)	5.293378e+00 4.602679e+00 : 6.597371e-01
5247(1005) (2.62e+00 3.10e+00) XE:3.10e-01 (1.23e+00 1.22e+00 | 6.40e-01 6.43e-01)	5.293421e+00 4.602959e+00 : 6.597586e-01
5263(998) (3.25e+00 3.10e+00) XE:3.10e-01 (1.24e+00 1.22e+00 | 6.12e-01 6.43e-01)	5.292411e+00 4.601931e+00 : 6.596228e-01
5279(1006) (3.18e+00 3.10e+00) XE:3.10e-01 (1.22e+00 1.22e+00 | 6.82e-01 6.43e-01)	5.291654e+00 4.601229e+00 : 6.595256e-01
5295(1000) (2.51e+00 3.10e+00) XE:3.10e-01 (1.20e+00 1.22e+00 | 5.87e-01 6.43e-01)	5.291212e+00 4.600770e+00 : 6.594654e-01
5311(1027) (2.41e+00 3.10e+00) XE:3.10e-01 (1.22e+00 1.22e+00 | 5.59e-01 6.43e-01)	5.291330e+00 4.600903e+00 : 6.594822e-01
5327(998) (3.08e+00 3.10e+00) XE:3.10e-01 (1.18e+00 1.22e+00 | 6.40e-01 6.43e-01)	5.290750e+00 4.600098e+00 : 6.593899e-01
5344(992) (3.21e+00 3.10e+00) XE:3.10e-01 (1.26e+00 1.22e+00 | 6.26e-01 6.43e-01)	5.290371e+00 4.600016e+00 : 6.593591e-01
5360(1009) (2.43e+00 3.10e+00) XE:3.10e-01 (1.24e+00 1.22e+00 | 6.44e-01 6.43e-01)	5.290587e+00 4.600261e+00 : 6.593898e-01
5376(1003) (2.99e+00 3.10e+00) XE:3.10e-01 (1.22e+00 1.22e+00 | 6.58e-01 6.43e-01)	5.290597e+00 4.599877e+00 : 6.593649e-01
5392(979) (3.87e+00 3.10e+00) XE:3.10e-01 (1.20e+00 1.22e+00 | 6.34e-01 6.43e-01)	5.289863e+00 4.599286e+00 : 6.592766e-01
5408(996) (3.06e+00 3.10e+00) XE:3.10e-01 (1.21e+00 1.22e+00 | 6.12e-01 6.43e-01)	5.289955e+00 4.599601e+00 : 6.593038e-01
5424(1006) (2.65e+00 3.10e+00) XE:3.10e-01 (1.25e+00 1.22e+00 | 6.50e-01 6.43e-01)	5.289994e+00 4.599758e+00 : 6.593168e-01
5440(1008) (3.34e+00 3.10e+00) XE:3.10e-01 (1.22e+00 1.22e+00 | 5.99e-01 6.42e-01)	5.289513e+00 4.599359e+00 : 6.592581e-01
5456(990) (3.23e+00 3.10e+00) XE:3.10e-01 (1.21e+00 1.22e+00 | 6.38e-01 6.42e-01)	5.289454e+00 4.599862e+00 : 6.592877e-01
5472(998) (2.88e+00 3.10e+00) XE:3.10e-01 (1.21e+00 1.22e+00 | 6.74e-01 6.42e-01)	5.289065e+00 4.599583e+00 : 6.592432e-01
5489(999) (4.30e+00 3.10e+00) XE:3.10e-01 (1.26e+00 1.22e+00 | 6.60e-01 6.42e-01)	5.288147e+00 4.599231e+00 : 6.591585e-01
5505(992) (3.50e+00 3.10e+00) XE:3.10e-01 (1.22e+00 1.22e+00 | 6.74e-01 6.42e-01)	5.288015e+00 4.599253e+00 : 6.591512e-01
5521(986) (3.20e+00 3.10e+00) XE:3.10e-01 (1.26e+00 1.22e+00 | 6.78e-01 6.43e-01)	5.287626e+00 4.599031e+00 : 6.591105e-01
5537(1010) (3.08e+00 3.10e+00) XE:3.10e-01 (1.22e+00 1.22e+00 | 6.74e-01 6.43e-01)	5.288184e+00 4.599482e+00 : 6.591778e-01
5553(1008) (2.87e+00 3.10e+00) XE:3.10e-01 (1.22e+00 1.22e+00 | 7.00e-01 6.43e-01)	5.287970e+00 4.599311e+00 : 6.591521e-01
5569(994) (3.23e+00 3.10e+00) XE:3.10e-01 (1.22e+00 1.22e+00 | 6.58e-01 6.43e-01)	5.287745e+00 4.599235e+00 : 6.591320e-01
5585(1009) (3.00e+00 3.10e+00) XE:3.10e-01 (1.22e+00 1.22e+00 | 6.64e-01 6.43e-01)	5.287302e+00 4.599002e+00 : 6.590870e-01
5601(1011) (2.81e+00 3.10e+00) XE:3.10e-01 (1.22e+00 1.22e+00 | 7.04e-01 6.43e-01)	5.287430e+00 4.599189e+00 : 6.591079e-01
5617(998) (2.74e+00 3.10e+00) XE:3.10e-01 (1.24e+00 1.22e+00 | 6.28e-01 6.43e-01)	5.287271e+00 4.599052e+00 : 6.590882e-01
5633(987) (3.32e+00 3.10e+00) XE:3.10e-01 (1.20e+00 1.22e+00 | 6.22e-01 6.43e-01)	5.286157e+00 4.597978e+00 : 6.589423e-01
5649(1009) (2.82e+00 3.10e+00) XE:3.10e-01 (1.21e+00 1.22e+00 | 6.18e-01 6.42e-01)	5.286615e+00 4.598476e+00 : 6.590061e-01
5665(982) (3.05e+00 3.10e+00) XE:3.10e-01 (1.21e+00 1.22e+00 | 5.91e-01 6.42e-01)	5.286869e+00 4.598777e+00 : 6.590431e-01
5681(1004) (3.06e+00 3.10e+00) XE:3.10e-01 (1.21e+00 1.22e+00 | 5.37e-01 6.42e-01)	5.287151e+00 4.599238e+00 : 6.590926e-01
5698(995) (3.03e+00 3.10e+00) XE:3.10e-01 (1.20e+00 1.22e+00 | 6.03e-01 6.42e-01)	5.286825e+00 4.599160e+00 : 6.590657e-01
5714(998) (2.90e+00 3.10e+00) XE:3.10e-01 (1.22e+00 1.22e+00 | 6.30e-01 6.42e-01)	5.287059e+00 4.599590e+00 : 6.591099e-01
5730(1007) (3.12e+00 3.10e+00) XE:3.10e-01 (1.23e+00 1.22e+00 | 6.50e-01 6.42e-01)	5.285898e+00 4.598537e+00 : 6.589623e-01
5746(990) (3.63e+00 3.10e+00) XE:3.10e-01 (1.22e+00 1.22e+00 | 6.80e-01 6.42e-01)	5.285597e+00 4.598590e+00 : 6.589458e-01
5762(995) (3.38e+00 3.10e+00) XE:3.10e-01 (1.20e+00 1.22e+00 | 6.36e-01 6.42e-01)	5.285150e+00 4.597998e+00 : 6.588765e-01
5778(1003) (3.31e+00 3.10e+00) XE:3.10e-01 (1.21e+00 1.22e+00 | 6.24e-01 6.42e-01)	5.285054e+00 4.597781e+00 : 6.588556e-01
5794(993) (2.45e+00 3.10e+00) XE:3.10e-01 (1.23e+00 1.22e+00 | 7.39e-01 6.42e-01)	5.285348e+00 4.597852e+00 : 6.588800e-01
5810(979) (3.65e+00 3.10e+00) XE:3.10e-01 (1.21e+00 1.22e+00 | 6.64e-01 6.42e-01)	5.285096e+00 4.597829e+00 : 6.588617e-01
5826(999) (2.78e+00 3.10e+00) XE:3.10e-01 (1.21e+00 1.22e+00 | 5.89e-01 6.42e-01)	5.284933e+00 4.597410e+00 : 6.588228e-01
5843(981) (3.33e+00 3.10e+00) XE:3.10e-01 (1.22e+00 1.22e+00 | 5.99e-01 6.42e-01)	5.284832e+00 4.597245e+00 : 6.588051e-01
5859(1010) (2.55e+00 3.10e+00) XE:3.10e-01 (1.21e+00 1.22e+00 | 5.91e-01 6.42e-01)	5.284365e+00 4.596943e+00 : 6.587539e-01
5875(999) (3.37e+00 3.10e+00) XE:3.10e-01 (1.19e+00 1.22e+00 | 6.56e-01 6.42e-01)	5.284045e+00 4.596637e+00 : 6.587121e-01
5891(997) (3.05e+00 3.10e+00) XE:3.10e-01 (1.20e+00 1.22e+00 | 6.48e-01 6.42e-01)	5.282586e+00 4.594899e+00 : 6.584990e-01
5907(1006) (3.15e+00 3.10e+00) XE:3.10e-01 (1.23e+00 1.22e+00 | 6.48e-01 6.42e-01)	5.282153e+00 4.594838e+00 : 6.584661e-01
5923(1011) (2.63e+00 3.10e+00) XE:3.10e-01 (1.21e+00 1.22e+00 | 6.60e-01 6.42e-01)	5.282489e+00 4.595476e+00 : 6.585310e-01
5939(993) (2.89e+00 3.10e+00) XE:3.10e-01 (1.20e+00 1.22e+00 | 6.92e-01 6.42e-01)	5.282133e+00 4.595348e+00 : 6.584987e-01
5955(998) (3.41e+00 3.10e+00) XE:3.10e-01 (1.23e+00 1.22e+00 | 5.81e-01 6.42e-01)	5.282166e+00 4.595405e+00 : 6.585047e-01
5971(1004) (2.81e+00 3.10e+00) XE:3.10e-01 (1.20e+00 1.22e+00 | 6.42e-01 6.42e-01)	5.281706e+00 4.595108e+00 : 6.584543e-01
5987(1001) (3.71e+00 3.10e+00) XE:3.10e-01 (1.20e+00 1.22e+00 | 6.05e-01 6.42e-01)	5.281282e+00 4.594945e+00 : 6.584151e-01
6004(997) (3.93e+00 3.10e+00) XE:3.10e-01 (1.22e+00 1.22e+00 | 6.80e-01 6.42e-01)	5.281411e+00 4.595276e+00 : 6.584458e-01
6020(999) (3.47e+00 3.10e+00) XE:3.10e-01 (1.22e+00 1.22e+00 | 6.38e-01 6.42e-01)	5.281629e+00 4.595639e+00 : 6.584845e-01
6036(996) (3.14e+00 3.10e+00) XE:3.10e-01 (1.19e+00 1.22e+00 | 6.20e-01 6.42e-01)	5.281844e+00 4.595823e+00 : 6.585111e-01
6052(1002) (3.17e+00 3.10e+00) XE:3.10e-01 (1.25e+00 1.22e+00 | 6.05e-01 6.42e-01)	5.282169e+00 4.596138e+00 : 6.585538e-01
6068(1002) (3.00e+00 3.10e+00) XE:3.10e-01 (1.21e+00 1.22e+00 | 6.42e-01 6.42e-01)	5.281880e+00 4.595926e+00 : 6.585204e-01
6084(1000) (2.77e+00 3.10e+00) XE:3.10e-01 (1.23e+00 1.22e+00 | 6.22e-01 6.42e-01)	5.282045e+00 4.595928e+00 : 6.585315e-01
6100(991) (3.31e+00 3.10e+00) XE:3.10e-01 (1.25e+00 1.22e+00 | 5.83e-01 6.42e-01)	5.281597e+00 4.595458e+00 : 6.584703e-01
6116(992) (2.88e+00 3.10e+00) XE:3.10e-01 (1.25e+00 1.22e+00 | 6.03e-01 6.42e-01)	5.281930e+00 4.595622e+00 : 6.585034e-01
6132(1009) (2.94e+00 3.10e+00) XE:3.10e-01 (1.22e+00 1.22e+00 | 6.52e-01 6.42e-01)	5.281428e+00 4.595289e+00 : 6.584478e-01
6149(979) (3.27e+00 3.10e+00) XE:3.10e-01 (1.23e+00 1.22e+00 | 6.50e-01 6.42e-01)	5.280219e+00 4.594144e+00 : 6.582909e-01
6165(1017) (2.63e+00 3.10e+00) XE:3.10e-01 (1.23e+00 1.22e+00 | 6.52e-01 6.42e-01)	5.280568e+00 4.594586e+00 : 6.583436e-01
6181(991) (3.07e+00 3.10e+00) XE:3.10e-01 (1.21e+00 1.22e+00 | 6.38e-01 6.42e-01)	5.280520e+00 4.594493e+00 : 6.583342e-01
6197(1017) (2.87e+00 3.10e+00) XE:3.10e-01 (1.20e+00 1.22e+00 | 6.50e-01 6.42e-01)	5.279745e+00 4.593606e+00 : 6.582234e-01
6213(984) (3.37e+00 3.10e+00) XE:3.10e-01 (1.22e+00 1.22e+00 | 6.14e-01 6.42e-01)	5.279244e+00 4.592971e+00 : 6.581477e-01
6229(1012) (2.96e+00 3.10e+00) XE:3.10e-01 (1.22e+00 1.22e+00 | 7.00e-01 6.42e-01)	5.278692e+00 4.592576e+00 : 6.580845e-01
6245(1005) (3.47e+00 3.10e+00) XE:3.10e-01 (1.24e+00 1.22e+00 | 6.52e-01 6.42e-01)	5.278188e+00 4.592780e+00 : 6.580645e-01
6261(1000) (2.72e+00 3.10e+00) XE:3.10e-01 (1.24e+00 1.22e+00 | 6.52e-01 6.42e-01)	5.277818e+00 4.592989e+00 : 6.580538e-01
6277(999) (2.73e+00 3.10e+00) XE:3.10e-01 (1.25e+00 1.22e+00 | 6.62e-01 6.42e-01)	5.277489e+00 4.592608e+00 : 6.580065e-01
6293(1013) (3.22e+00 3.10e+00) XE:3.10e-01 (1.20e+00 1.22e+00 | 6.82e-01 6.42e-01)	5.277023e+00 4.592174e+00 : 6.579465e-01
6309(1001) (2.64e+00 3.10e+00) XE:3.10e-01 (1.22e+00 1.22e+00 | 6.82e-01 6.42e-01)	5.277337e+00 4.592381e+00 : 6.579813e-01
6326(988) (3.17e+00 3.10e+00) XE:3.10e-01 (1.22e+00 1.22e+00 | 6.76e-01 6.42e-01)	5.277034e+00 4.592096e+00 : 6.579420e-01
6342(1014) (2.55e+00 3.10e+00) XE:3.10e-01 (1.21e+00 1.22e+00 | 6.26e-01 6.42e-01)	5.276718e+00 4.591765e+00 : 6.578989e-01
6358(1007) (2.56e+00 3.10e+00) XE:3.10e-01 (1.23e+00 1.22e+00 | 5.85e-01 6.42e-01)	5.277062e+00 4.592070e+00 : 6.579421e-01
6374(1003) (3.15e+00 3.10e+00) XE:3.10e-01 (1.19e+00 1.22e+00 | 6.48e-01 6.42e-01)	5.276872e+00 4.591876e+00 : 6.579165e-01
6390(1002) (2.75e+00 3.10e+00) XE:3.10e-01 (1.23e+00 1.22e+00 | 6.24e-01 6.42e-01)	5.277123e+00 4.592175e+00 : 6.579532e-01
6406(1014) (3.18e+00 3.10e+00) XE:3.10e-01 (1.20e+00 1.22e+00 | 6.18e-01 6.42e-01)	5.277090e+00 4.592335e+00 : 6.579616e-01
6422(1007) (2.93e+00 3.10e+00) XE:3.10e-01 (1.23e+00 1.22e+00 | 6.09e-01 6.42e-01)	5.277235e+00 4.592236e+00 : 6.579647e-01
6438(999) (2.81e+00 3.10e+00) XE:3.10e-01 (1.20e+00 1.22e+00 | 6.88e-01 6.42e-01)	5.277085e+00 4.591924e+00 : 6.579339e-01
6454(1012) (2.81e+00 3.10e+00) XE:3.10e-01 (1.22e+00 1.22e+00 | 6.48e-01 6.42e-01)	5.276963e+00 4.591874e+00 : 6.579225e-01
6470(1008) (3.24e+00 3.10e+00) XE:3.10e-01 (1.20e+00 1.22e+00 | 5.91e-01 6.42e-01)	5.276989e+00 4.592044e+00 : 6.579356e-01
6486(991) (3.38e+00 3.10e+00) XE:3.10e-01 (1.22e+00 1.22e+00 | 6.54e-01 6.42e-01)	5.276713e+00 4.591923e+00 : 6.579091e-01
6503(992) (3.32e+00 3.10e+00) XE:3.10e-01 (1.20e+00 1.22e+00 | 6.62e-01 6.42e-01)	5.276636e+00 4.592147e+00 : 6.579189e-01
6519(1000) (2.72e+00 3.10e+00) XE:3.10e-01 (1.23e+00 1.22e+00 | 6.42e-01 6.42e-01)	5.276114e+00 4.591935e+00 : 6.578699e-01
6535(1002) (2.65e+00 3.10e+00) XE:3.10e-01 (1.20e+00 1.22e+00 | 6.50e-01 6.42e-01)	5.276062e+00 4.591941e+00 : 6.578669e-01
6551(1008) (2.67e+00 3.10e+00) XE:3.10e-01 (1.22e+00 1.22e+00 | 6.52e-01 6.42e-01)	5.276309e+00 4.592072e+00 : 6.578920e-01
6567(984) (3.38e+00 3.10e+00) XE:3.10e-01 (1.21e+00 1.22e+00 | 5.77e-01 6.42e-01)	5.276165e+00 4.591682e+00 : 6.578565e-01
6583(989) (3.10e+00 3.10e+00) XE:3.10e-01 (1.23e+00 1.22e+00 | 6.01e-01 6.43e-01)	5.275950e+00 4.591620e+00 : 6.578380e-01
6599(997) (4.62e+00 3.10e+00) XE:3.10e-01 (1.22e+00 1.22e+00 | 6.54e-01 6.43e-01)	5.275470e+00 4.591208e+00 : 6.577785e-01
6615(993) (2.65e+00 3.10e+00) XE:3.10e-01 (1.20e+00 1.22e+00 | 6.42e-01 6.43e-01)	5.275936e+00 4.591503e+00 : 6.578293e-01
6631(1005) (3.11e+00 3.10e+00) XE:3.10e-01 (1.21e+00 1.22e+00 | 6.28e-01 6.43e-01)	5.275810e+00 4.591625e+00 : 6.578290e-01
6647(989) (3.12e+00 3.10e+00) XE:3.10e-01 (1.21e+00 1.22e+00 | 6.24e-01 6.43e-01)	5.275491e+00 4.591464e+00 : 6.577970e-01
6664(1005) (3.03e+00 3.10e+00) XE:3.10e-01 (1.21e+00 1.22e+00 | 6.09e-01 6.43e-01)	5.275168e+00 4.591113e+00 : 6.577521e-01
6680(996) (2.36e+00 3.10e+00) XE:3.10e-01 (1.24e+00 1.22e+00 | 6.66e-01 6.43e-01)	5.275425e+00 4.591288e+00 : 6.577808e-01
6696(970) (3.74e+00 3.10e+00) XE:3.10e-01 (1.19e+00 1.22e+00 | 6.54e-01 6.43e-01)	5.274716e+00 4.590631e+00 : 6.576898e-01
6712(988) (2.82e+00 3.10e+00) XE:3.10e-01 (1.22e+00 1.22e+00 | 6.26e-01 6.43e-01)	5.275247e+00 4.590976e+00 : 6.577482e-01
6728(1001) (3.10e+00 3.10e+00) XE:3.10e-01 (1.20e+00 1.22e+00 | 6.86e-01 6.43e-01)	5.275331e+00 4.591253e+00 : 6.577723e-01
6744(994) (3.59e+00 3.10e+00) XE:3.10e-01 (1.20e+00 1.22e+00 | 6.48e-01 6.43e-01)	5.274931e+00 4.590844e+00 : 6.577183e-01
6760(1007) (3.30e+00 3.10e+00) XE:3.10e-01 (1.20e+00 1.22e+00 | 6.68e-01 6.42e-01)	5.274299e+00 4.590724e+00 : 6.576682e-01
6776(1004) (2.76e+00 3.10e+00) XE:3.10e-01 (1.22e+00 1.22e+00 | 6.05e-01 6.42e-01)	5.274333e+00 4.590653e+00 : 6.576657e-01
6792(997) (2.89e+00 3.10e+00) XE:3.10e-01 (1.23e+00 1.22e+00 | 6.28e-01 6.42e-01)	5.274151e+00 4.590809e+00 : 6.576640e-01
6808(979) (3.56e+00 3.10e+00) XE:3.10e-01 (1.22e+00 1.22e+00 | 6.68e-01 6.42e-01)	5.274281e+00 4.591140e+00 : 6.576947e-01
6825(995) (2.89e+00 3.09e+00) XE:3.09e-01 (1.22e+00 1.22e+00 | 6.74e-01 6.43e-01)	5.274879e+00 4.591728e+00 : 6.577738e-01
6841(1006) (3.20e+00 3.10e+00) XE:3.10e-01 (1.22e+00 1.22e+00 | 6.30e-01 6.43e-01)	5.274761e+00 4.591710e+00 : 6.577647e-01
6857(1021) (2.97e+00 3.10e+00) XE:3.10e-01 (1.22e+00 1.22e+00 | 6.48e-01 6.43e-01)	5.274178e+00 4.591006e+00 : 6.576790e-01
6873(993) (2.63e+00 3.10e+00) XE:3.10e-01 (1.20e+00 1.22e+00 | 6.92e-01 6.43e-01)	5.273147e+00 4.589688e+00 : 6.575224e-01
6889(998) (3.09e+00 3.10e+00) XE:3.10e-01 (1.20e+00 1.22e+00 | 6.66e-01 6.43e-01)	5.272854e+00 4.589525e+00 : 6.574920e-01
6905(1008) (2.97e+00 3.10e+00) XE:3.10e-01 (1.23e+00 1.22e+00 | 6.26e-01 6.43e-01)	5.273116e+00 4.589665e+00 : 6.575187e-01
6921(1006) (3.40e+00 3.10e+00) XE:3.10e-01 (1.21e+00 1.22e+00 | 6.60e-01 6.43e-01)	5.272813e+00 4.589584e+00 : 6.574931e-01
6937(988) (3.27e+00 3.10e+00) XE:3.10e-01 (1.22e+00 1.22e+00 | 6.44e-01 6.43e-01)	5.272656e+00 4.589442e+00 : 6.574732e-01
6953(998) (2.95e+00 3.10e+00) XE:3.10e-01 (1.22e+00 1.22e+00 | 6.70e-01 6.43e-01)	5.272679e+00 4.589454e+00 : 6.574755e-01
6969(1009) (2.95e+00 3.10e+00) XE:3.10e-01 (1.20e+00 1.22e+00 | 6.66e-01 6.43e-01)	5.272279e+00 4.589416e+00 : 6.574463e-01
6985(1012) (2.71e+00 3.10e+00) XE:3.10e-01 (1.21e+00 1.22e+00 | 6.44e-01 6.43e-01)	5.272353e+00 4.589331e+00 : 6.574456e-01
7002(987) (3.55e+00 3.09e+00) XE:3.09e-01 (1.18e+00 1.22e+00 | 6.88e-01 6.43e-01)	5.272228e+00 4.589283e+00 : 6.574341e-01
7018(995) (2.83e+00 3.09e+00) XE:3.09e-01 (1.23e+00 1.22e+00 | 6.30e-01 6.43e-01)	5.272169e+00 4.589415e+00 : 6.574389e-01
7034(1002) (3.30e+00 3.09e+00) XE:3.09e-01 (1.22e+00 1.22e+00 | 6.46e-01 6.43e-01)	5.272214e+00 4.589599e+00 : 6.574542e-01
7050(1010) (3.07e+00 3.09e+00) XE:3.09e-01 (1.21e+00 1.22e+00 | 6.56e-01 6.43e-01)	5.272207e+00 4.589738e+00 : 6.574630e-01
7066(982) (3.22e+00 3.09e+00) XE:3.09e-01 (1.22e+00 1.22e+00 | 6.66e-01 6.43e-01)	5.272554e+00 4.590082e+00 : 6.575091e-01
7082(1004) (2.92e+00 3.09e+00) XE:3.09e-01 (1.22e+00 1.22e+00 | 6.44e-01 6.43e-01)	5.272342e+00 4.590216e+00 : 6.575039e-01
7098(980) (2.90e+00 3.09e+00) XE:3.09e-01 (1.23e+00 1.22e+00 | 6.86e-01 6.43e-01)	5.272345e+00 4.590187e+00 : 6.575021e-01
7114(1006) (3.40e+00 3.09e+00) XE:3.09e-01 (1.23e+00 1.22e+00 | 5.79e-01 6.43e-01)	5.272026e+00 4.590107e+00 : 6.574755e-01
7130(1015) (2.22e+00 3.09e+00) XE:3.09e-01 (1.24e+00 1.22e+00 | 6.16e-01 6.43e-01)	5.271601e+00 4.589280e+00 : 6.573921e-01
7146(1005) (2.90e+00 3.09e+00) XE:3.09e-01 (1.18e+00 1.22e+00 | 6.44e-01 6.43e-01)	5.271691e+00 4.589500e+00 : 6.574127e-01
7163(1016) (3.06e+00 3.09e+00) XE:3.09e-01 (1.25e+00 1.22e+00 | 6.18e-01 6.43e-01)	5.271757e+00 4.589735e+00 : 6.574328e-01
7179(1004) (3.20e+00 3.09e+00) XE:3.09e-01 (1.21e+00 1.22e+00 | 7.23e-01 6.43e-01)	5.271688e+00 4.589765e+00 : 6.574302e-01
7195(1018) (3.08e+00 3.09e+00) XE:3.09e-01 (1.22e+00 1.22e+00 | 6.52e-01 6.43e-01)	5.271643e+00 4.589830e+00 : 6.574315e-01
7211(1022) (2.89e+00 3.09e+00) XE:3.09e-01 (1.20e+00 1.22e+00 | 6.58e-01 6.43e-01)	5.270817e+00 4.589040e+00 : 6.573238e-01
7227(1005) (2.75e+00 3.09e+00) XE:3.09e-01 (1.21e+00 1.22e+00 | 6.44e-01 6.43e-01)	5.270746e+00 4.589246e+00 : 6.573328e-01
7243(1019) (2.42e+00 3.09e+00) XE:3.09e-01 (1.20e+00 1.22e+00 | 6.66e-01 6.43e-01)	5.270690e+00 4.589264e+00 : 6.573303e-01
7259(1004) (3.18e+00 3.09e+00) XE:3.09e-01 (1.21e+00 1.22e+00 | 6.32e-01 6.43e-01)	5.271083e+00 4.589577e+00 : 6.573773e-01
7275(1018) (3.12e+00 3.09e+00) XE:3.09e-01 (1.23e+00 1.22e+00 | 6.24e-01 6.43e-01)	5.270300e+00 4.588885e+00 : 6.572790e-01
7291(1005) (3.49e+00 3.09e+00) XE:3.09e-01 (1.21e+00 1.22e+00 | 5.69e-01 6.43e-01)	5.270023e+00 4.588664e+00 : 6.572458e-01
7307(992) (2.85e+00 3.09e+00) XE:3.09e-01 (1.19e+00 1.22e+00 | 6.62e-01 6.43e-01)	5.270303e+00 4.588740e+00 : 6.572696e-01
7324(998) (3.37e+00 3.09e+00) XE:3.09e-01 (1.22e+00 1.22e+00 | 5.91e-01 6.43e-01)	5.270031e+00 4.588690e+00 : 6.572481e-01
7340(991) (4.42e+00 3.09e+00) XE:3.09e-01 (1.21e+00 1.22e+00 | 6.07e-01 6.43e-01)	5.269690e+00 4.588437e+00 : 6.572085e-01
7356(1007) (3.01e+00 3.09e+00) XE:3.09e-01 (1.23e+00 1.22e+00 | 6.78e-01 6.43e-01)	5.269409e+00 4.588353e+00 : 6.571841e-01
7372(1006) (2.57e+00 3.09e+00) XE:3.09e-01 (1.21e+00 1.22e+00 | 5.81e-01 6.43e-01)	5.269281e+00 4.588378e+00 : 6.571773e-01
7388(1010) (2.42e+00 3.09e+00) XE:3.09e-01 (1.23e+00 1.22e+00 | 6.36e-01 6.43e-01)	5.269516e+00 4.588594e+00 : 6.572073e-01
7404(996) (3.04e+00 3.09e+00) XE:3.09e-01 (1.21e+00 1.22e+00 | 6.62e-01 6.43e-01)	5.269118e+00 4.588243e+00 : 6.571574e-01
7420(1003) (2.79e+00 3.09e+00) XE:3.09e-01 (1.22e+00 1.22e+00 | 5.95e-01 6.43e-01)	5.269040e+00 4.588090e+00 : 6.571420e-01
7436(1003) (2.82e+00 3.09e+00) XE:3.09e-01 (1.21e+00 1.22e+00 | 6.56e-01 6.43e-01)	5.269133e+00 4.588226e+00 : 6.571573e-01
7452(1002) (3.00e+00 3.09e+00) XE:3.09e-01 (1.20e+00 1.22e+00 | 6.20e-01 6.43e-01)	5.269495e+00 4.588423e+00 : 6.571945e-01
7468(996) (3.17e+00 3.09e+00) XE:3.09e-01 (1.22e+00 1.22e+00 | 6.46e-01 6.43e-01)	5.269142e+00 4.588119e+00 : 6.571508e-01
7485(1022) (3.00e+00 3.09e+00) XE:3.09e-01 (1.23e+00 1.22e+00 | 6.26e-01 6.43e-01)	5.269409e+00 4.588295e+00 : 6.571802e-01
7501(997) (2.87e+00 3.09e+00) XE:3.09e-01 (1.21e+00 1.22e+00 | 6.80e-01 6.43e-01)	5.269923e+00 4.588635e+00 : 6.572372e-01
7517(998) (3.31e+00 3.09e+00) XE:3.09e-01 (1.23e+00 1.22e+00 | 5.87e-01 6.43e-01)	5.269721e+00 4.588827e+00 : 6.572366e-01
7533(1007) (3.44e+00 3.09e+00) XE:3.09e-01 (1.22e+00 1.22e+00 | 6.46e-01 6.43e-01)	5.269574e+00 4.588893e+00 : 6.572311e-01
7549(1005) (2.59e+00 3.09e+00) XE:3.09e-01 (1.20e+00 1.22e+00 | 6.42e-01 6.43e-01)	5.269593e+00 4.588884e+00 : 6.572318e-01
7565(1001) (3.33e+00 3.09e+00) XE:3.09e-01 (1.23e+00 1.22e+00 | 6.60e-01 6.43e-01)	5.269499e+00 4.589238e+00 : 6.572491e-01
7581(998) (3.24e+00 3.09e+00) XE:3.09e-01 (1.21e+00 1.22e+00 | 7.27e-01 6.43e-01)	5.268857e+00 4.588645e+00 : 6.571668e-01
7597(1003) (3.11e+00 3.09e+00) XE:3.09e-01 (1.24e+00 1.22e+00 | 6.01e-01 6.43e-01)	5.268677e+00 4.588416e+00 : 6.571396e-01
7613(987) (2.94e+00 3.09e+00) XE:3.09e-01 (1.20e+00 1.22e+00 | 6.46e-01 6.43e-01)	5.268775e+00 4.588461e+00 : 6.571491e-01
7630(995) (2.76e+00 3.09e+00) XE:3.09e-01 (1.23e+00 1.22e+00 | 6.98e-01 6.43e-01)	5.268382e+00 4.588310e+00 : 6.571128e-01
7646(1025) (3.04e+00 3.09e+00) XE:3.09e-01 (1.21e+00 1.22e+00 | 6.05e-01 6.43e-01)	5.268048e+00 4.588123e+00 : 6.570780e-01
7662(1014) (3.16e+00 3.09e+00) XE:3.09e-01 (1.20e+00 1.22e+00 | 5.75e-01 6.43e-01)	5.268004e+00 4.587760e+00 : 6.570509e-01
7678(988) (3.20e+00 3.09e+00) XE:3.09e-01 (1.25e+00 1.22e+00 | 6.58e-01 6.43e-01)	5.267788e+00 4.587788e+00 : 6.570383e-01
7694(989) (3.03e+00 3.09e+00) XE:3.09e-01 (1.21e+00 1.22e+00 | 6.66e-01 6.43e-01)	5.267564e+00 4.587785e+00 : 6.570233e-01
7710(985) (3.23e+00 3.09e+00) XE:3.09e-01 (1.17e+00 1.22e+00 | 6.22e-01 6.43e-01)	5.267296e+00 4.587417e+00 : 6.569809e-01
7726(1006) (3.03e+00 3.09e+00) XE:3.09e-01 (1.19e+00 1.22e+00 | 6.48e-01 6.43e-01)	5.267181e+00 4.587380e+00 : 6.569707e-01
7742(1016) (2.82e+00 3.09e+00) XE:3.09e-01 (1.22e+00 1.22e+00 | 6.22e-01 6.43e-01)	5.267325e+00 4.587468e+00 : 6.569862e-01
7758(1014) (2.27e+00 3.09e+00) XE:3.09e-01 (1.22e+00 1.22e+00 | 6.78e-01 6.43e-01)	5.266894e+00 4.587087e+00 : 6.569321e-01
7775(997) (3.19e+00 3.09e+00) XE:3.09e-01 (1.18e+00 1.22e+00 | 6.24e-01 6.43e-01)	5.266983e+00 4.587255e+00 : 6.569492e-01
7791(994) (3.07e+00 3.09e+00) XE:3.09e-01 (1.23e+00 1.22e+00 | 6.09e-01 6.43e-01)	5.267038e+00 4.587360e+00 : 6.569599e-01
7807(999) (2.86e+00 3.09e+00) XE:3.09e-01 (1.18e+00 1.22e+00 | 6.60e-01 6.43e-01)	5.266978e+00 4.587334e+00 : 6.569541e-01
7823(1009) (2.46e+00 3.09e+00) XE:3.09e-01 (1.20e+00 1.22e+00 | 6.58e-01 6.43e-01)	5.266850e+00 4.587413e+00 : 6.569508e-01
7839(1017) (2.65e+00 3.09e+00) XE:3.09e-01 (1.22e+00 1.22e+00 | 5.83e-01 6.43e-01)	5.266510e+00 4.587315e+00 : 6.569217e-01
7855(1005) (2.97e+00 3.09e+00) XE:3.09e-01 (1.23e+00 1.22e+00 | 6.18e-01 6.43e-01)	5.266468e+00 4.587539e+00 : 6.569338e-01
7871(998) (3.18e+00 3.09e+00) XE:3.09e-01 (1.20e+00 1.22e+00 | 6.20e-01 6.43e-01)	5.266246e+00 4.587218e+00 : 6.568976e-01
7887(1003) (3.21e+00 3.09e+00) XE:3.09e-01 (1.24e+00 1.22e+00 | 6.09e-01 6.43e-01)	5.266290e+00 4.587270e+00 : 6.569040e-01
7903(998) (3.27e+00 3.09e+00) XE:3.09e-01 (1.19e+00 1.22e+00 | 6.40e-01 6.43e-01)	5.265907e+00 4.586735e+00 : 6.568428e-01
7919(1014) (2.85e+00 3.09e+00) XE:3.09e-01 (1.23e+00 1.22e+00 | 6.22e-01 6.43e-01)	5.265691e+00 4.586563e+00 : 6.568169e-01
7936(1005) (2.93e+00 3.09e+00) XE:3.09e-01 (1.19e+00 1.22e+00 | 7.10e-01 6.43e-01)	5.265833e+00 4.586708e+00 : 6.568361e-01
7952(1006) (3.24e+00 3.09e+00) XE:3.09e-01 (1.20e+00 1.22e+00 | 6.18e-01 6.43e-01)	5.265604e+00 4.586394e+00 : 6.567999e-01
7968(1018) (2.93e+00 3.09e+00) XE:3.09e-01 (1.21e+00 1.22e+00 | 6.80e-01 6.43e-01)	5.265376e+00 4.586284e+00 : 6.567774e-01
7984(991) (3.21e+00 3.09e+00) XE:3.09e-01 (1.23e+00 1.22e+00 | 5.75e-01 6.43e-01)	5.265452e+00 4.586266e+00 : 6.567812e-01
8000(1002) (3.24e+00 3.09e+00) XE:3.09e-01 (1.23e+00 1.22e+00 | 5.95e-01 6.43e-01)	5.265387e+00 4.586258e+00 : 6.567763e-01
8016(1003) (3.21e+00 3.09e+00) XE:3.09e-01 (1.23e+00 1.22e+00 | 6.34e-01 6.43e-01)	5.265336e+00 4.586304e+00 : 6.567760e-01
8032(1004) (2.71e+00 3.09e+00) XE:3.09e-01 (1.21e+00 1.22e+00 | 7.02e-01 6.43e-01)	5.265524e+00 4.586240e+00 : 6.567843e-01
8048(1010) (2.49e+00 3.09e+00) XE:3.09e-01 (1.20e+00 1.22e+00 | 6.32e-01 6.43e-01)	5.265575e+00 4.586214e+00 : 6.567859e-01
8064(1005) (2.77e+00 3.09e+00) XE:3.09e-01 (1.22e+00 1.22e+00 | 6.50e-01 6.43e-01)	5.264798e+00 4.585466e+00 : 6.566842e-01
8080(1008) (3.38e+00 3.09e+00) XE:3.09e-01 (1.20e+00 1.22e+00 | 6.22e-01 6.43e-01)	5.264663e+00 4.585486e+00 : 6.566766e-01
8096(1001) (2.98e+00 3.09e+00) XE:3.09e-01 (1.20e+00 1.22e+00 | 6.40e-01 6.43e-01)	5.264582e+00 4.585313e+00 : 6.566597e-01
8112(1007) (2.80e+00 3.09e+00) XE:3.09e-01 (1.22e+00 1.22e+00 | 6.50e-01 6.42e-01)	5.264642e+00 4.585313e+00 : 6.566637e-01
8129(1002) (2.17e+00 3.09e+00) XE:3.09e-01 (1.22e+00 1.22e+00 | 5.71e-01 6.42e-01)	5.264578e+00 4.585042e+00 : 6.566413e-01
8145(1009) (2.62e+00 3.09e+00) XE:3.09e-01 (1.21e+00 1.22e+00 | 6.78e-01 6.42e-01)	5.264822e+00 4.585590e+00 : 6.566942e-01
8161(1005) (3.19e+00 3.09e+00) XE:3.09e-01 (1.18e+00 1.22e+00 | 6.05e-01 6.42e-01)	5.264331e+00 4.585200e+00 : 6.566354e-01
8177(998) (3.49e+00 3.09e+00) XE:3.09e-01 (1.19e+00 1.22e+00 | 6.86e-01 6.42e-01)	5.263955e+00 4.584531e+00 : 6.565657e-01
8193(995) (2.82e+00 3.09e+00) XE:3.09e-01 (1.20e+00 1.22e+00 | 5.93e-01 6.42e-01)	5.264158e+00 4.584906e+00 : 6.566042e-01
8209(1010) (3.08e+00 3.09e+00) XE:3.09e-01 (1.22e+00 1.22e+00 | 6.52e-01 6.42e-01)	5.264063e+00 4.584722e+00 : 6.565856e-01
8225(1000) (3.33e+00 3.09e+00) XE:3.09e-01 (1.26e+00 1.22e+00 | 6.24e-01 6.42e-01)	5.264005e+00 4.584479e+00 : 6.565656e-01
8241(1001) (2.90e+00 3.09e+00) XE:3.09e-01 (1.21e+00 1.22e+00 | 6.54e-01 6.42e-01)	5.264156e+00 4.584529e+00 : 6.565789e-01
8257(992) (3.35e+00 3.09e+00) XE:3.09e-01 (1.20e+00 1.22e+00 | 6.26e-01 6.42e-01)	5.263918e+00 4.584116e+00 : 6.565356e-01
8273(997) (3.26e+00 3.09e+00) XE:3.09e-01 (1.22e+00 1.22e+00 | 7.00e-01 6.42e-01)	5.263911e+00 4.583990e+00 : 6.565268e-01
8290(997) (3.22e+00 3.09e+00) XE:3.09e-01 (1.20e+00 1.22e+00 | 5.87e-01 6.42e-01)	5.263980e+00 4.584165e+00 : 6.565430e-01
8306(1003) (2.89e+00 3.09e+00) XE:3.09e-01 (1.21e+00 1.22e+00 | 6.72e-01 6.42e-01)	5.264041e+00 4.584317e+00 : 6.565572e-01
8322(1000) (2.62e+00 3.09e+00) XE:3.09e-01 (1.22e+00 1.22e+00 | 6.70e-01 6.42e-01)	5.264042e+00 4.584426e+00 : 6.565646e-01
8338(996) (3.12e+00 3.09e+00) XE:3.09e-01 (1.22e+00 1.22e+00 | 6.54e-01 6.42e-01)	5.264283e+00 4.584547e+00 : 6.565886e-01
8354(986) (3.47e+00 3.09e+00) XE:3.09e-01 (1.21e+00 1.22e+00 | 6.16e-01 6.42e-01)	5.264238e+00 4.584481e+00 : 6.565812e-01
8370(983) (3.19e+00 3.09e+00) XE:3.09e-01 (1.24e+00 1.22e+00 | 6.78e-01 6.42e-01)	5.264020e+00 4.584189e+00 : 6.565473e-01
8386(982) (4.73e+00 3.09e+00) XE:3.09e-01 (1.22e+00 1.22e+00 | 6.58e-01 6.42e-01)	5.263500e+00 4.583456e+00 : 6.564638e-01
8402(982) (3.73e+00 3.09e+00) XE:3.09e-01 (1.21e+00 1.22e+00 | 6.24e-01 6.42e-01)	5.263496e+00 4.583545e+00 : 6.564694e-01
8418(1023) (2.58e+00 3.09e+00) XE:3.09e-01 (1.20e+00 1.22e+00 | 6.34e-01 6.42e-01)	5.262521e+00 4.582759e+00 : 6.563520e-01
8435(998) (2.81e+00 3.09e+00) XE:3.09e-01 (1.24e+00 1.22e+00 | 6.40e-01 6.42e-01)	5.262549e+00 4.582893e+00 : 6.563628e-01
8451(1002) (2.90e+00 3.09e+00) XE:3.09e-01 (1.22e+00 1.22e+00 | 6.44e-01 6.42e-01)	5.262551e+00 4.582992e+00 : 6.563695e-01
8467(1011) (2.69e+00 3.09e+00) XE:3.09e-01 (1.22e+00 1.22e+00 | 6.30e-01 6.42e-01)	5.262537e+00 4.583223e+00 : 6.563840e-01
8483(1001) (2.70e+00 3.09e+00) XE:3.09e-01 (1.22e+00 1.22e+00 | 6.54e-01 6.42e-01)	5.262248e+00 4.582895e+00 : 6.563429e-01
8499(1005) (3.83e+00 3.09e+00) XE:3.09e-01 (1.21e+00 1.22e+00 | 6.22e-01 6.42e-01)	5.261840e+00 4.583016e+00 : 6.563238e-01
8515(1006) (2.99e+00 3.09e+00) XE:3.09e-01 (1.20e+00 1.22e+00 | 6.52e-01 6.42e-01)	5.261760e+00 4.583136e+00 : 6.563264e-01
8531(999) (3.06e+00 3.09e+00) XE:3.09e-01 (1.26e+00 1.22e+00 | 6.26e-01 6.42e-01)	5.261595e+00 4.583219e+00 : 6.563210e-01
8547(992) (2.63e+00 3.09e+00) XE:3.09e-01 (1.23e+00 1.22e+00 | 6.16e-01 6.42e-01)	5.262107e+00 4.583581e+00 : 6.563792e-01
8563(1008) (2.85e+00 3.09e+00) XE:3.09e-01 (1.21e+00 1.22e+00 | 6.94e-01 6.43e-01)	5.261286e+00 4.582581e+00 : 6.562578e-01
8579(1001) (3.13e+00 3.09e+00) XE:3.09e-01 (1.21e+00 1.22e+00 | 6.44e-01 6.43e-01)	5.260651e+00 4.582108e+00 : 6.561839e-01
8595(1009) (2.37e+00 3.09e+00) XE:3.09e-01 (1.21e+00 1.22e+00 | 6.60e-01 6.43e-01)	5.261047e+00 4.582444e+00 : 6.562327e-01
8611(1012) (2.74e+00 3.09e+00) XE:3.09e-01 (1.19e+00 1.22e+00 | 6.24e-01 6.42e-01)	5.260969e+00 4.582463e+00 : 6.562288e-01
8628(992) (2.71e+00 3.09e+00) XE:3.09e-01 (1.22e+00 1.22e+00 | 5.99e-01 6.42e-01)	5.260757e+00 4.582408e+00 : 6.562110e-01
8644(995) (3.25e+00 3.09e+00) XE:3.09e-01 (1.22e+00 1.22e+00 | 6.40e-01 6.42e-01)	5.260689e+00 4.582098e+00 : 6.561858e-01
8660(982) (3.96e+00 3.09e+00) XE:3.09e-01 (1.21e+00 1.22e+00 | 6.28e-01 6.42e-01)	5.260424e+00 4.582178e+00 : 6.561735e-01
8676(987) (3.38e+00 3.09e+00) XE:3.09e-01 (1.23e+00 1.22e+00 | 5.81e-01 6.42e-01)	5.260681e+00 4.582452e+00 : 6.562089e-01
8692(1013) (2.66e+00 3.09e+00) XE:3.09e-01 (1.23e+00 1.22e+00 | 6.62e-01 6.42e-01)	5.260666e+00 4.582351e+00 : 6.562011e-01
8708(1017) (3.93e+00 3.09e+00) XE:3.09e-01 (1.23e+00 1.22e+00 | 6.42e-01 6.42e-01)	5.260477e+00 4.582118e+00 : 6.561730e-01
8724(1001) (3.02e+00 3.09e+00) XE:3.09e-01 (1.18e+00 1.22e+00 | 6.84e-01 6.42e-01)	5.260619e+00 4.582433e+00 : 6.562035e-01
8740(1005) (2.73e+00 3.09e+00) XE:3.09e-01 (1.24e+00 1.22e+00 | 6.86e-01 6.42e-01)	5.260621e+00 4.582571e+00 : 6.562128e-01
8756(986) (3.40e+00 3.09e+00) XE:3.09e-01 (1.22e+00 1.22e+00 | 6.26e-01 6.42e-01)	5.260457e+00 4.582526e+00 : 6.561989e-01
8772(1001) (3.14e+00 3.09e+00) XE:3.09e-01 (1.22e+00 1.22e+00 | 6.36e-01 6.42e-01)	5.260239e+00 4.582582e+00 : 6.561880e-01
8789(1007) (2.58e+00 3.09e+00) XE:3.09e-01 (1.20e+00 1.22e+00 | 6.48e-01 6.42e-01)	5.259710e+00 4.581888e+00 : 6.561065e-01
8805(1005) (2.50e+00 3.09e+00) XE:3.09e-01 (1.21e+00 1.22e+00 | 6.58e-01 6.42e-01)	5.259623e+00 4.581880e+00 : 6.561002e-01
8821(993) (3.10e+00 3.09e+00) XE:3.09e-01 (1.21e+00 1.22e+00 | 6.34e-01 6.42e-01)	5.259538e+00 4.581868e+00 : 6.560937e-01
8837(1025) (2.87e+00 3.09e+00) XE:3.09e-01 (1.20e+00 1.22e+00 | 6.52e-01 6.42e-01)	5.258505e+00 4.580869e+00 : 6.559583e-01
8853(1000) (3.12e+00 3.09e+00) XE:3.09e-01 (1.23e+00 1.22e+00 | 6.44e-01 6.42e-01)	5.257641e+00 4.580530e+00 : 6.558781e-01
8869(1011) (3.35e+00 3.09e+00) XE:3.09e-01 (1.20e+00 1.22e+00 | 6.24e-01 6.42e-01)	5.257609e+00 4.580500e+00 : 6.558739e-01
8885(997) (3.05e+00 3.09e+00) XE:3.09e-01 (1.19e+00 1.22e+00 | 6.24e-01 6.42e-01)	5.257381e+00 4.580335e+00 : 6.558477e-01
8901(992) (2.99e+00 3.09e+00) XE:3.09e-01 (1.25e+00 1.22e+00 | 6.64e-01 6.42e-01)	5.257127e+00 4.580153e+00 : 6.558187e-01
8917(1001) (2.96e+00 3.09e+00) XE:3.09e-01 (1.21e+00 1.22e+00 | 5.63e-01 6.42e-01)	5.256886e+00 4.580057e+00 : 6.557962e-01
8934(995) (2.91e+00 3.09e+00) XE:3.09e-01 (1.21e+00 1.22e+00 | 6.34e-01 6.42e-01)	5.256855e+00 4.580045e+00 : 6.557933e-01
8950(998) (3.32e+00 3.09e+00) XE:3.09e-01 (1.21e+00 1.22e+00 | 6.54e-01 6.42e-01)	5.256856e+00 4.580121e+00 : 6.557984e-01
8966(987) (3.33e+00 3.09e+00) XE:3.09e-01 (1.23e+00 1.22e+00 | 6.68e-01 6.42e-01)	5.256618e+00 4.579992e+00 : 6.557740e-01
8982(995) (3.10e+00 3.09e+00) XE:3.09e-01 (1.24e+00 1.22e+00 | 6.32e-01 6.42e-01)	5.255741e+00 4.579043e+00 : 6.556523e-01
8998(1002) (3.09e+00 3.09e+00) XE:3.09e-01 (1.20e+00 1.22e+00 | 6.56e-01 6.42e-01)	5.255725e+00 4.578989e+00 : 6.556476e-01
9014(997) (3.25e+00 3.09e+00) XE:3.09e-01 (1.24e+00 1.22e+00 | 6.20e-01 6.42e-01)	5.255596e+00 4.578809e+00 : 6.556270e-01
9030(1009) (3.53e+00 3.09e+00) XE:3.09e-01 (1.21e+00 1.22e+00 | 6.38e-01 6.42e-01)	5.255528e+00 4.578643e+00 : 6.556114e-01
9046(1002) (2.83e+00 3.09e+00) XE:3.09e-01 (1.22e+00 1.22e+00 | 6.36e-01 6.42e-01)	5.255656e+00 4.578923e+00 : 6.556386e-01
9062(999) (3.01e+00 3.09e+00) XE:3.09e-01 (1.20e+00 1.22e+00 | 6.48e-01 6.42e-01)	5.255677e+00 4.578730e+00 : 6.556271e-01
9079(985) (2.93e+00 3.09e+00) XE:3.09e-01 (1.22e+00 1.22e+00 | 6.64e-01 6.42e-01)	5.255301e+00 4.578295e+00 : 6.555731e-01
9095(1010) (2.73e+00 3.09e+00) XE:3.09e-01 (1.23e+00 1.22e+00 | 6.26e-01 6.42e-01)	5.255210e+00 4.578234e+00 : 6.555630e-01
9111(996) (2.79e+00 3.09e+00) XE:3.09e-01 (1.21e+00 1.22e+00 | 6.32e-01 6.42e-01)	5.255316e+00 4.578287e+00 : 6.555736e-01
9127(1001) (2.80e+00 3.09e+00) XE:3.09e-01 (1.20e+00 1.22e+00 | 6.34e-01 6.42e-01)	5.254965e+00 4.578062e+00 : 6.555352e-01
9143(999) (3.16e+00 3.09e+00) XE:3.09e-01 (1.21e+00 1.22e+00 | 6.38e-01 6.42e-01)	5.254942e+00 4.577751e+00 : 6.555129e-01
9159(993) (3.43e+00 3.09e+00) XE:3.09e-01 (1.22e+00 1.22e+00 | 6.18e-01 6.42e-01)	5.254775e+00 4.577681e+00 : 6.554971e-01
9175(993) (3.10e+00 3.09e+00) XE:3.09e-01 (1.20e+00 1.22e+00 | 6.44e-01 6.42e-01)	5.254674e+00 4.577634e+00 : 6.554872e-01
9191(998) (2.72e+00 3.09e+00) XE:3.09e-01 (1.20e+00 1.22e+00 | 6.26e-01 6.42e-01)	5.254496e+00 4.577645e+00 : 6.554760e-01
9207(999) (3.49e+00 3.09e+00) XE:3.09e-01 (1.24e+00 1.22e+00 | 6.78e-01 6.42e-01)	5.253531e+00 4.577092e+00 : 6.553749e-01
9223(1001) (2.83e+00 3.09e+00) XE:3.09e-01 (1.23e+00 1.22e+00 | 6.82e-01 6.42e-01)	5.253692e+00 4.577176e+00 : 6.553912e-01
9239(1000) (2.44e+00 3.09e+00) XE:3.09e-01 (1.24e+00 1.22e+00 | 6.26e-01 6.42e-01)	5.253430e+00 4.576985e+00 : 6.553610e-01
9256(991) (3.12e+00 3.09e+00) XE:3.09e-01 (1.19e+00 1.22e+00 | 6.84e-01 6.42e-01)	5.252825e+00 4.576503e+00 : 6.552885e-01
9272(999) (2.91e+00 3.09e+00) XE:3.09e-01 (1.21e+00 1.22e+00 | 6.30e-01 6.42e-01)	5.253252e+00 4.576850e+00 : 6.553401e-01
9288(997) (2.76e+00 3.09e+00) XE:3.09e-01 (1.23e+00 1.22e+00 | 6.24e-01 6.42e-01)	5.252952e+00 4.576664e+00 : 6.553078e-01
9304(1001) (3.33e+00 3.09e+00) XE:3.09e-01 (1.23e+00 1.22e+00 | 6.16e-01 6.42e-01)	5.253213e+00 4.576964e+00 : 6.553451e-01
9320(999) (3.17e+00 3.09e+00) XE:3.09e-01 (1.21e+00 1.22e+00 | 7.06e-01 6.42e-01)	5.253416e+00 4.576956e+00 : 6.553581e-01
9336(1000) (2.97e+00 3.09e+00) XE:3.09e-01 (1.21e+00 1.22e+00 | 5.95e-01 6.42e-01)	5.253569e+00 4.577198e+00 : 6.553844e-01
9352(990) (3.51e+00 3.09e+00) XE:3.09e-01 (1.22e+00 1.22e+00 | 6.34e-01 6.42e-01)	5.253799e+00 4.577443e+00 : 6.554161e-01
9368(988) (3.16e+00 3.09e+00) XE:3.09e-01 (1.21e+00 1.22e+00 | 6.05e-01 6.42e-01)	5.254121e+00 4.577852e+00 : 6.554648e-01
9384(1003) (3.17e+00 3.09e+00) XE:3.09e-01 (1.23e+00 1.22e+00 | 6.78e-01 6.42e-01)	5.254122e+00 4.577696e+00 : 6.554545e-01
9400(988) (3.33e+00 3.09e+00) XE:3.09e-01 (1.19e+00 1.22e+00 | 6.18e-01 6.42e-01)	5.254232e+00 4.577947e+00 : 6.554786e-01
9416(990) (3.11e+00 3.09e+00) XE:3.09e-01 (1.21e+00 1.22e+00 | 5.97e-01 6.42e-01)	5.254202e+00 4.578026e+00 : 6.554818e-01
9433(1010) (2.97e+00 3.09e+00) XE:3.09e-01 (1.21e+00 1.22e+00 | 6.88e-01 6.42e-01)	5.253832e+00 4.577908e+00 : 6.554493e-01
9449(1002) (3.25e+00 3.09e+00) XE:3.09e-01 (1.19e+00 1.22e+00 | 6.20e-01 6.42e-01)	5.253576e+00 4.577773e+00 : 6.554233e-01
9465(989) (2.89e+00 3.09e+00) XE:3.09e-01 (1.19e+00 1.22e+00 | 6.48e-01 6.42e-01)	5.252553e+00 4.577046e+00 : 6.553066e-01
9481(991) (2.77e+00 3.09e+00) XE:3.09e-01 (1.25e+00 1.22e+00 | 6.58e-01 6.42e-01)	5.252111e+00 4.576470e+00 : 6.552387e-01
9497(1006) (3.07e+00 3.09e+00) XE:3.09e-01 (1.22e+00 1.22e+00 | 6.62e-01 6.42e-01)	5.251692e+00 4.576053e+00 : 6.551830e-01
9513(995) (2.99e+00 3.09e+00) XE:3.09e-01 (1.23e+00 1.22e+00 | 6.09e-01 6.42e-01)	5.251707e+00 4.576159e+00 : 6.551911e-01
9529(983) (3.99e+00 3.09e+00) XE:3.09e-01 (1.20e+00 1.22e+00 | 6.76e-01 6.42e-01)	5.251489e+00 4.575990e+00 : 6.551653e-01
9545(978) (3.14e+00 3.09e+00) XE:3.09e-01 (1.21e+00 1.22e+00 | 6.40e-01 6.42e-01)	5.251298e+00 4.575763e+00 : 6.551374e-01
9561(1012) (2.74e+00 3.09e+00) XE:3.09e-01 (1.20e+00 1.22e+00 | 6.76e-01 6.42e-01)	5.251366e+00 4.575791e+00 : 6.551438e-01
9577(1005) (2.76e+00 3.09e+00) XE:3.09e-01 (1.19e+00 1.22e+00 | 6.40e-01 6.42e-01)	5.250966e+00 4.575429e+00 : 6.550930e-01
9594(1002) (3.18e+00 3.09e+00) XE:3.09e-01 (1.23e+00 1.22e+00 | 6.26e-01 6.42e-01)	5.251043e+00 4.575551e+00 : 6.551062e-01
9610(992) (3.41e+00 3.09e+00) XE:3.09e-01 (1.21e+00 1.22e+00 | 6.16e-01 6.42e-01)	5.251045e+00 4.575565e+00 : 6.551073e-01
9626(1007) (2.81e+00 3.09e+00) XE:3.09e-01 (1.22e+00 1.22e+00 | 6.64e-01 6.42e-01)	5.251259e+00 4.575808e+00 : 6.551378e-01
9642(997) (3.08e+00 3.09e+00) XE:3.09e-01 (1.22e+00 1.22e+00 | 6.90e-01 6.42e-01)	5.251162e+00 4.575845e+00 : 6.551338e-01
9658(1008) (2.87e+00 3.09e+00) XE:3.09e-01 (1.22e+00 1.22e+00 | 6.58e-01 6.42e-01)	5.250878e+00 4.575571e+00 : 6.550966e-01
9674(995) (3.17e+00 3.09e+00) XE:3.09e-01 (1.21e+00 1.22e+00 | 5.97e-01 6.42e-01)	5.251139e+00 4.575636e+00 : 6.551183e-01
9690(1004) (2.84e+00 3.09e+00) XE:3.09e-01 (1.21e+00 1.22e+00 | 6.34e-01 6.42e-01)	5.250799e+00 4.575367e+00 : 6.550777e-01
9706(997) (2.79e+00 3.09e+00) XE:3.09e-01 (1.24e+00 1.22e+00 | 6.56e-01 6.42e-01)	5.250862e+00 4.575469e+00 : 6.550887e-01
9722(998) (3.18e+00 3.09e+00) XE:3.09e-01 (1.23e+00 1.22e+00 | 6.78e-01 6.42e-01)	5.250929e+00 4.575517e+00 : 6.550964e-01
9738(1015) (2.37e+00 3.09e+00) XE:3.09e-01 (1.19e+00 1.22e+00 | 6.38e-01 6.42e-01)	5.251047e+00 4.575611e+00 : 6.551105e-01
9755(999) (3.49e+00 3.09e+00) XE:3.09e-01 (1.20e+00 1.22e+00 | 6.38e-01 6.42e-01)	5.251135e+00 4.575645e+00 : 6.551186e-01
9771(1000) (3.55e+00 3.09e+00) XE:3.09e-01 (1.21e+00 1.22e+00 | 6.28e-01 6.42e-01)	5.250997e+00 4.575644e+00 : 6.551094e-01
9787(1005) (3.04e+00 3.09e+00) XE:3.09e-01 (1.23e+00 1.22e+00 | 6.80e-01 6.43e-01)	5.250280e+00 4.575136e+00 : 6.550277e-01
9803(1019) (3.03e+00 3.09e+00) XE:3.09e-01 (1.22e+00 1.22e+00 | 6.60e-01 6.42e-01)	5.250406e+00 4.575284e+00 : 6.550460e-01
9819(1007) (3.32e+00 3.09e+00) XE:3.09e-01 (1.20e+00 1.22e+00 | 6.40e-01 6.42e-01)	5.250436e+00 4.575078e+00 : 6.550343e-01
9835(1000) (3.02e+00 3.09e+00) XE:3.09e-01 (1.22e+00 1.22e+00 | 5.95e-01 6.42e-01)	5.250499e+00 4.575195e+00 : 6.550463e-01
9851(983) (3.39e+00 3.09e+00) XE:3.09e-01 (1.19e+00 1.22e+00 | 6.58e-01 6.42e-01)	5.250318e+00 4.575143e+00 : 6.550307e-01
9867(996) (2.65e+00 3.09e+00) XE:3.09e-01 (1.23e+00 1.22e+00 | 6.12e-01 6.42e-01)	5.250125e+00 4.575257e+00 : 6.550254e-01
9883(1006) (2.89e+00 3.09e+00) XE:3.09e-01 (1.23e+00 1.22e+00 | 6.70e-01 6.43e-01)	5.250447e+00 4.575590e+00 : 6.550691e-01
9899(1003) (3.03e+00 3.09e+00) XE:3.09e-01 (1.23e+00 1.22e+00 | 6.30e-01 6.43e-01)	5.250068e+00 4.575346e+00 : 6.550276e-01
9916(1017) (3.11e+00 3.09e+00) XE:3.09e-01 (1.23e+00 1.22e+00 | 6.78e-01 6.43e-01)	5.250059e+00 4.575465e+00 : 6.550349e-01
9932(1007) (3.99e+00 3.09e+00) XE:3.09e-01 (1.19e+00 1.22e+00 | 6.03e-01 6.42e-01)	5.249779e+00 4.575219e+00 : 6.549999e-01
9948(1017) (3.11e+00 3.09e+00) XE:3.09e-01 (1.22e+00 1.22e+00 | 5.81e-01 6.43e-01)	5.249863e+00 4.575190e+00 : 6.550036e-01
9964(1009) (3.39e+00 3.09e+00) XE:3.09e-01 (1.21e+00 1.22e+00 | 6.50e-01 6.43e-01)	5.249366e+00 4.574807e+00 : 6.549448e-01
9980(993) (2.99e+00 3.09e+00) XE:3.09e-01 (1.22e+00 1.22e+00 | 6.48e-01 6.43e-01)	5.249560e+00 4.574919e+00 : 6.549653e-01
9996(999) (3.20e+00 3.09e+00) XE:3.09e-01 (1.22e+00 1.22e+00 | 6.44e-01 6.42e-01)	5.249366e+00 4.574886e+00 : 6.549501e-01
10000(997) (3.17e+00 3.09e+00) XE:3.09e-01 (1.21e+00 1.22e+00 | 6.01e-01 6.42e-01)	5.249453e+00 4.574990e+00 : 6.549629e-01
RL cnt: 0,6623782,1389247,195908,0,0,0,0,0,0,0,0,0,0,0,0,
BL cnt: 0,0,0,0,0,0,0,0,1591628,0,6726490,0,1591882,0,0,0,0,0,0,0,0,
5.249453e+00 4.574990e+00 : 6.549629e-01
# InnerCodebook: deleted
# NBIDSchannel: deleted
# Gtable: deleted
# FBalg4: deleted
# StatICB: deleted
