# (Pid,Ps)=(2.000000e-02,1.000000e-02) Nseg=200 WinSize=10 lmd=1 [0]
# InnerCB: ../search03/ICB/D10.bin
# Gtable:  Gtable/5/020_010.bin
# InnerCodebook: beta=5(1024) nu=2
# InnerCodebook: B(B2p)=7(128) 6(64) 
# InnerCodebook: checked CWM, EncMap, DecMap
# beta=5(1024) nu=2 N=1000 Dmax=25
# B=7,6,
# NBIDSchannel: N=1000 Q=4 Dmax=25 (Pid,Ps)=(2.000000e-02,1.000000e-02)
# FBalg4: Nseg=200 Dmax=25(w=51)
# FBalg4: Gtable: Gtable/5/020_010.bin
# Gtable: beta=5 (Pid,Ps,Ptrn)=(2.000000e-02,1.000000e-02,9.600000e-01) Pth=1.000000e-10
# Gtable: beta4p=1024 beta4pp=1048576
# Gtable::Gtable len=0 cnt=1024
# Gtable::Gtable len=1 cnt=4096
# Gtable::Gtable len=2 cnt=16384
# Gtable::Gtable len=3 cnt=65536
# Gtable::Gtable len=4 cnt=240052
# Gtable::Gtable len=5 cnt=825736
# Gtable::Gtable len=6 cnt=1472656
# Gtable::Gtable len=7 cnt=939544
# Gtable::Gtable len=8 cnt=696352
# Gtable::Gtable len=9 cnt=100348
# Gtable::Gtable len=10 cnt=1024
# FBalg4: beta=5(1024) (Pid,Ps)=(2.000000e-02,1.000000e-02) Pth=1.000000e-10 N=1000
# StatICB: nu=2 beta=5 beta4p=1024 Bsum=13 lmd=1
# StatICB: B=7,6,
0032(1001) (1.64e+00 1.25e+00) XE:1.25e-01 (1.21e+00 1.19e+00 | 6.62e-01 6.81e-01)	6.735273e+00 5.788344e+00 : 9.633552e-01
0065(1005) (1.33e+00 1.23e+00) XE:1.23e-01 (1.21e+00 1.19e+00 | 6.98e-01 6.75e-01)	6.677423e+00 5.724368e+00 : 9.539839e-01
0097(997) (1.34e+00 1.24e+00) XE:1.24e-01 (1.17e+00 1.19e+00 | 6.78e-01 6.76e-01)	6.606071e+00 5.678873e+00 : 9.449957e-01
0130(1003) (1.55e+00 1.25e+00) XE:1.25e-01 (1.21e+00 1.19e+00 | 6.54e-01 6.76e-01)	6.575107e+00 5.640294e+00 : 9.396462e-01
0162(998) (1.30e+00 1.24e+00) XE:1.24e-01 (1.18e+00 1.19e+00 | 6.88e-01 6.77e-01)	6.543398e+00 5.619267e+00 : 9.355896e-01
0195(996) (1.33e+00 1.25e+00) XE:1.25e-01 (1.16e+00 1.19e+00 | 6.80e-01 6.75e-01)	6.518005e+00 5.595300e+00 : 9.317928e-01
0227(1014) (1.09e+00 1.26e+00) XE:1.26e-01 (1.21e+00 1.19e+00 | 6.96e-01 6.76e-01)	6.497382e+00 5.579431e+00 : 9.289857e-01
0260(1000) (1.04e+00 1.26e+00) XE:1.26e-01 (1.19e+00 1.19e+00 | 7.04e-01 6.77e-01)	6.483716e+00 5.571113e+00 : 9.272945e-01
0293(1005) (1.25e+00 1.26e+00) XE:1.26e-01 (1.19e+00 1.19e+00 | 6.84e-01 6.76e-01)	6.472759e+00 5.557337e+00 : 9.253920e-01
0325(981) (1.42e+00 1.26e+00) XE:1.26e-01 (1.24e+00 1.19e+00 | 6.62e-01 6.76e-01)	6.462568e+00 5.549834e+00 : 9.240309e-01
0358(1006) (1.41e+00 1.26e+00) XE:1.26e-01 (1.16e+00 1.19e+00 | 6.44e-01 6.76e-01)	6.452967e+00 5.541731e+00 : 9.226691e-01
0390(1003) (1.06e+00 1.27e+00) XE:1.27e-01 (1.17e+00 1.19e+00 | 6.70e-01 6.76e-01)	6.442059e+00 5.533588e+00 : 9.212036e-01
0423(994) (1.12e+00 1.26e+00) XE:1.26e-01 (1.22e+00 1.19e+00 | 6.32e-01 6.77e-01)	6.434987e+00 5.526393e+00 : 9.201062e-01
0455(996) (1.26e+00 1.26e+00) XE:1.26e-01 (1.19e+00 1.19e+00 | 6.18e-01 6.77e-01)	6.427118e+00 5.522720e+00 : 9.192182e-01
0488(1010) (9.63e-01 1.26e+00) XE:1.26e-01 (1.20e+00 1.19e+00 | 6.38e-01 6.77e-01)	6.419051e+00 5.519394e+00 : 9.183420e-01
0521(1002) (1.15e+00 1.26e+00) XE:1.26e-01 (1.19e+00 1.19e+00 | 6.03e-01 6.77e-01)	6.415842e+00 5.518385e+00 : 9.180175e-01
0553(998) (1.27e+00 1.26e+00) XE:1.26e-01 (1.21e+00 1.19e+00 | 7.18e-01 6.77e-01)	6.411217e+00 5.515529e+00 : 9.174420e-01
0586(997) (1.18e+00 1.26e+00) XE:1.26e-01 (1.18e+00 1.19e+00 | 6.90e-01 6.78e-01)	6.406323e+00 5.513298e+00 : 9.168939e-01
0618(994) (1.61e+00 1.26e+00) XE:1.26e-01 (1.21e+00 1.19e+00 | 7.47e-01 6.78e-01)	6.401937e+00 5.508343e+00 : 9.161753e-01
0651(993) (9.35e-01 1.27e+00) XE:1.27e-01 (1.23e+00 1.19e+00 | 6.88e-01 6.78e-01)	6.398017e+00 5.504282e+00 : 9.155615e-01
0683(997) (1.67e+00 1.27e+00) XE:1.27e-01 (1.23e+00 1.19e+00 | 6.48e-01 6.78e-01)	6.391035e+00 5.500683e+00 : 9.147475e-01
0716(1003) (1.19e+00 1.27e+00) XE:1.27e-01 (1.18e+00 1.19e+00 | 6.52e-01 6.78e-01)	6.385337e+00 5.497513e+00 : 9.140654e-01
0748(991) (1.38e+00 1.27e+00) XE:1.27e-01 (1.19e+00 1.19e+00 | 7.14e-01 6.78e-01)	6.382876e+00 5.495181e+00 : 9.136967e-01
0781(1001) (1.32e+00 1.27e+00) XE:1.27e-01 (1.22e+00 1.19e+00 | 7.37e-01 6.78e-01)	6.380889e+00 5.492001e+00 : 9.132993e-01
0814(1005) (1.19e+00 1.27e+00) XE:1.27e-01 (1.20e+00 1.19e+00 | 6.64e-01 6.79e-01)	6.380517e+00 5.491705e+00 : 9.132478e-01
0846(1000) (1.54e+00 1.27e+00) XE:1.27e-01 (1.19e+00 1.19e+00 | 6.96e-01 6.78e-01)	6.378288e+00 5.490122e+00 : 9.129547e-01
0879(995) (1.44e+00 1.27e+00) XE:1.27e-01 (1.20e+00 1.19e+00 | 6.28e-01 6.79e-01)	6.376324e+00 5.487334e+00 : 9.125891e-01
0911(995) (1.28e+00 1.27e+00) XE:1.27e-01 (1.17e+00 1.19e+00 | 6.09e-01 6.79e-01)	6.376540e+00 5.487574e+00 : 9.126241e-01
0944(994) (1.55e+00 1.27e+00) XE:1.27e-01 (1.20e+00 1.19e+00 | 7.00e-01 6.79e-01)	6.374916e+00 5.485428e+00 : 9.123342e-01
0977(1005) (1.11e+00 1.27e+00) XE:1.27e-01 (1.21e+00 1.19e+00 | 6.86e-01 6.79e-01)	6.372083e+00 5.485016e+00 : 9.120846e-01
1009(1001) (1.13e+00 1.27e+00) XE:1.27e-01 (1.17e+00 1.19e+00 | 6.03e-01 6.79e-01)	6.369922e+00 5.484512e+00 : 9.118795e-01
1042(1002) (1.26e+00 1.27e+00) XE:1.27e-01 (1.17e+00 1.19e+00 | 6.60e-01 6.79e-01)	6.368270e+00 5.483580e+00 : 9.116808e-01
1074(996) (9.69e-01 1.27e+00) XE:1.27e-01 (1.19e+00 1.19e+00 | 6.76e-01 6.79e-01)	6.365983e+00 5.482446e+00 : 9.114176e-01
1107(1002) (1.43e+00 1.27e+00) XE:1.27e-01 (1.22e+00 1.19e+00 | 6.60e-01 6.79e-01)	6.363682e+00 5.481083e+00 : 9.111357e-01
1139(1001) (1.18e+00 1.27e+00) XE:1.27e-01 (1.19e+00 1.19e+00 | 7.43e-01 6.79e-01)	6.362832e+00 5.480769e+00 : 9.110462e-01
1172(994) (1.17e+00 1.27e+00) XE:1.27e-01 (1.18e+00 1.19e+00 | 7.51e-01 6.79e-01)	6.360592e+00 5.481053e+00 : 9.108958e-01
1205(1001) (1.58e+00 1.27e+00) XE:1.27e-01 (1.19e+00 1.19e+00 | 6.88e-01 6.79e-01)	6.359701e+00 5.480239e+00 : 9.107646e-01
1237(999) (1.01e+00 1.26e+00) XE:1.26e-01 (1.20e+00 1.19e+00 | 7.06e-01 6.79e-01)	6.358951e+00 5.480158e+00 : 9.107007e-01
1270(1004) (1.46e+00 1.26e+00) XE:1.26e-01 (1.22e+00 1.19e+00 | 7.18e-01 6.79e-01)	6.358033e+00 5.479850e+00 : 9.106064e-01
1302(986) (1.20e+00 1.26e+00) XE:1.26e-01 (1.19e+00 1.19e+00 | 6.58e-01 6.79e-01)	6.356951e+00 5.478902e+00 : 9.104502e-01
1335(1002) (9.58e-01 1.26e+00) XE:1.26e-01 (1.19e+00 1.19e+00 | 6.34e-01 6.79e-01)	6.356959e+00 5.479888e+00 : 9.105267e-01
1368(1003) (1.49e+00 1.26e+00) XE:1.26e-01 (1.20e+00 1.19e+00 | 7.16e-01 6.79e-01)	6.355228e+00 5.478853e+00 : 9.103139e-01
1400(999) (1.31e+00 1.26e+00) XE:1.26e-01 (1.20e+00 1.19e+00 | 7.08e-01 6.79e-01)	6.354244e+00 5.479714e+00 : 9.103045e-01
1433(995) (1.30e+00 1.26e+00) XE:1.26e-01 (1.22e+00 1.19e+00 | 7.10e-01 6.79e-01)	6.353872e+00 5.479793e+00 : 9.102819e-01
1465(998) (1.37e+00 1.26e+00) XE:1.26e-01 (1.20e+00 1.19e+00 | 6.78e-01 6.79e-01)	6.353275e+00 5.478649e+00 : 9.101480e-01
1498(1011) (1.16e+00 1.26e+00) XE:1.26e-01 (1.17e+00 1.19e+00 | 6.34e-01 6.79e-01)	6.352754e+00 5.478065e+00 : 9.100630e-01
1531(986) (1.61e+00 1.26e+00) XE:1.26e-01 (1.20e+00 1.19e+00 | 6.68e-01 6.79e-01)	6.350593e+00 5.476669e+00 : 9.097894e-01
1563(997) (1.20e+00 1.26e+00) XE:1.26e-01 (1.17e+00 1.19e+00 | 5.63e-01 6.79e-01)	6.349315e+00 5.475431e+00 : 9.095959e-01
1596(1007) (9.81e-01 1.26e+00) XE:1.26e-01 (1.21e+00 1.19e+00 | 6.20e-01 6.79e-01)	6.348493e+00 5.475556e+00 : 9.095422e-01
1628(1001) (9.41e-01 1.26e+00) XE:1.26e-01 (1.19e+00 1.19e+00 | 6.56e-01 6.79e-01)	6.347613e+00 5.475313e+00 : 9.094558e-01
1661(997) (1.20e+00 1.26e+00) XE:1.26e-01 (1.19e+00 1.19e+00 | 6.64e-01 6.79e-01)	6.346099e+00 5.474347e+00 : 9.092651e-01
1693(989) (1.36e+00 1.26e+00) XE:1.26e-01 (1.19e+00 1.19e+00 | 6.64e-01 6.79e-01)	6.345599e+00 5.473834e+00 : 9.091872e-01
1726(1002) (1.29e+00 1.26e+00) XE:1.26e-01 (1.20e+00 1.19e+00 | 6.44e-01 6.79e-01)	6.344892e+00 5.473723e+00 : 9.091242e-01
1759(998) (9.14e-01 1.26e+00) XE:1.26e-01 (1.22e+00 1.19e+00 | 7.27e-01 6.79e-01)	6.343899e+00 5.473147e+00 : 9.090036e-01
1791(991) (8.94e-01 1.27e+00) XE:1.27e-01 (1.16e+00 1.19e+00 | 6.80e-01 6.79e-01)	6.343223e+00 5.471838e+00 : 9.088509e-01
1824(1007) (1.62e+00 1.27e+00) XE:1.27e-01 (1.20e+00 1.19e+00 | 6.72e-01 6.79e-01)	6.342757e+00 5.470889e+00 : 9.087420e-01
1856(992) (1.03e+00 1.26e+00) XE:1.26e-01 (1.17e+00 1.19e+00 | 6.78e-01 6.79e-01)	6.342980e+00 5.471153e+00 : 9.087794e-01
1889(998) (1.43e+00 1.27e+00) XE:1.27e-01 (1.20e+00 1.19e+00 | 6.62e-01 6.79e-01)	6.341744e+00 5.470491e+00 : 9.086335e-01
1922(993) (1.61e+00 1.27e+00) XE:1.27e-01 (1.19e+00 1.19e+00 | 6.78e-01 6.79e-01)	6.341144e+00 5.469695e+00 : 9.085261e-01
1954(1001) (1.26e+00 1.26e+00) XE:1.26e-01 (1.17e+00 1.19e+00 | 6.58e-01 6.79e-01)	6.341028e+00 5.469961e+00 : 9.085376e-01
1987(994) (1.41e+00 1.27e+00) XE:1.27e-01 (1.18e+00 1.19e+00 | 6.50e-01 6.79e-01)	6.339342e+00 5.469597e+00 : 9.083799e-01
2019(994) (1.43e+00 1.27e+00) XE:1.27e-01 (1.19e+00 1.19e+00 | 6.96e-01 6.79e-01)	6.338670e+00 5.469515e+00 : 9.083220e-01
2052(1003) (1.22e+00 1.27e+00) XE:1.27e-01 (1.21e+00 1.19e+00 | 6.24e-01 6.79e-01)	6.338243e+00 5.468864e+00 : 9.082390e-01
2084(1009) (1.18e+00 1.27e+00) XE:1.27e-01 (1.17e+00 1.19e+00 | 6.46e-01 6.79e-01)	6.337836e+00 5.468469e+00 : 9.081773e-01
2117(995) (1.56e+00 1.27e+00) XE:1.27e-01 (1.16e+00 1.19e+00 | 5.63e-01 6.79e-01)	6.337071e+00 5.468033e+00 : 9.080850e-01
2150(1002) (1.72e+00 1.27e+00) XE:1.27e-01 (1.17e+00 1.19e+00 | 6.76e-01 6.79e-01)	6.335784e+00 5.468078e+00 : 9.079894e-01
2182(1004) (1.27e+00 1.27e+00) XE:1.27e-01 (1.19e+00 1.19e+00 | 7.18e-01 6.79e-01)	6.335575e+00 5.467612e+00 : 9.079374e-01
2215(1011) (1.02e+00 1.27e+00) XE:1.27e-01 (1.21e+00 1.19e+00 | 6.82e-01 6.79e-01)	6.335014e+00 5.467116e+00 : 9.078561e-01
2247(995) (1.33e+00 1.27e+00) XE:1.27e-01 (1.20e+00 1.19e+00 | 7.35e-01 6.79e-01)	6.334591e+00 5.466436e+00 : 9.077713e-01
2280(985) (1.92e+00 1.27e+00) XE:1.27e-01 (1.15e+00 1.19e+00 | 6.68e-01 6.79e-01)	6.334526e+00 5.465708e+00 : 9.077103e-01
2312(987) (1.65e+00 1.27e+00) XE:1.27e-01 (1.19e+00 1.19e+00 | 7.47e-01 6.79e-01)	6.334562e+00 5.465494e+00 : 9.076966e-01
2345(1003) (1.13e+00 1.27e+00) XE:1.27e-01 (1.22e+00 1.19e+00 | 6.76e-01 6.79e-01)	6.334005e+00 5.465047e+00 : 9.076194e-01
2378(1006) (9.24e-01 1.27e+00) XE:1.27e-01 (1.18e+00 1.19e+00 | 6.74e-01 6.79e-01)	6.333273e+00 5.464029e+00 : 9.074847e-01
2410(1001) (1.45e+00 1.27e+00) XE:1.27e-01 (1.15e+00 1.19e+00 | 6.16e-01 6.79e-01)	6.333570e+00 5.464147e+00 : 9.075166e-01
2443(994) (1.01e+00 1.27e+00) XE:1.27e-01 (1.19e+00 1.19e+00 | 7.53e-01 6.79e-01)	6.333160e+00 5.464083e+00 : 9.074802e-01
2475(1005) (1.42e+00 1.27e+00) XE:1.27e-01 (1.19e+00 1.19e+00 | 6.98e-01 6.79e-01)	6.333447e+00 5.463637e+00 : 9.074680e-01
2508(1012) (1.19e+00 1.27e+00) XE:1.27e-01 (1.23e+00 1.19e+00 | 7.16e-01 6.79e-01)	6.332671e+00 5.463214e+00 : 9.073758e-01
2540(999) (1.18e+00 1.27e+00) XE:1.27e-01 (1.19e+00 1.19e+00 | 7.43e-01 6.79e-01)	6.332713e+00 5.463229e+00 : 9.073802e-01
2573(997) (1.13e+00 1.27e+00) XE:1.27e-01 (1.18e+00 1.19e+00 | 6.56e-01 6.79e-01)	6.331873e+00 5.463199e+00 : 9.073133e-01
2606(1001) (9.47e-01 1.27e+00) XE:1.27e-01 (1.20e+00 1.19e+00 | 7.47e-01 6.79e-01)	6.331430e+00 5.462372e+00 : 9.072155e-01
2638(998) (1.19e+00 1.27e+00) XE:1.27e-01 (1.19e+00 1.19e+00 | 7.06e-01 6.79e-01)	6.330772e+00 5.461727e+00 : 9.071152e-01
2671(995) (1.29e+00 1.27e+00) XE:1.27e-01 (1.19e+00 1.19e+00 | 6.72e-01 6.79e-01)	6.330881e+00 5.461525e+00 : 9.071081e-01
2704(1013) (9.37e-01 1.27e+00) XE:1.27e-01 (1.20e+00 1.19e+00 | 6.50e-01 6.79e-01)	6.330217e+00 5.461659e+00 : 9.070674e-01
2736(1004) (8.58e-01 1.27e+00) XE:1.27e-01 (1.18e+00 1.19e+00 | 6.70e-01 6.79e-01)	6.330339e+00 5.461688e+00 : 9.070790e-01
2769(996) (9.64e-01 1.27e+00) XE:1.27e-01 (1.18e+00 1.19e+00 | 6.98e-01 6.79e-01)	6.330408e+00 5.460729e+00 : 9.070106e-01
2801(1007) (9.03e-01 1.27e+00) XE:1.27e-01 (1.19e+00 1.19e+00 | 6.56e-01 6.79e-01)	6.330746e+00 5.460741e+00 : 9.070374e-01
2834(992) (1.38e+00 1.27e+00) XE:1.27e-01 (1.19e+00 1.19e+00 | 6.60e-01 6.79e-01)	6.329956e+00 5.460423e+00 : 9.069522e-01
2867(999) (1.28e+00 1.27e+00) XE:1.27e-01 (1.17e+00 1.19e+00 | 6.82e-01 6.79e-01)	6.329666e+00 5.460156e+00 : 9.069093e-01
2899(997) (1.39e+00 1.27e+00) XE:1.27e-01 (1.17e+00 1.19e+00 | 6.92e-01 6.79e-01)	6.328653e+00 5.459784e+00 : 9.068028e-01
2932(999) (1.37e+00 1.27e+00) XE:1.27e-01 (1.20e+00 1.19e+00 | 6.92e-01 6.79e-01)	6.328788e+00 5.459720e+00 : 9.068083e-01
2964(1002) (8.98e-01 1.27e+00) XE:1.27e-01 (1.19e+00 1.19e+00 | 6.38e-01 6.79e-01)	6.328909e+00 5.459984e+00 : 9.068379e-01
2997(1006) (1.49e+00 1.27e+00) XE:1.27e-01 (1.22e+00 1.19e+00 | 7.33e-01 6.79e-01)	6.328291e+00 5.460038e+00 : 9.067945e-01
3029(990) (1.43e+00 1.27e+00) XE:1.27e-01 (1.21e+00 1.19e+00 | 7.08e-01 6.79e-01)	6.327914e+00 5.460542e+00 : 9.068043e-01
3062(995) (1.59e+00 1.27e+00) XE:1.27e-01 (1.18e+00 1.19e+00 | 6.72e-01 6.79e-01)	6.327516e+00 5.460015e+00 : 9.067331e-01
3094(1002) (1.07e+00 1.27e+00) XE:1.27e-01 (1.18e+00 1.19e+00 | 6.40e-01 6.79e-01)	6.327394e+00 5.460136e+00 : 9.067331e-01
3127(1006) (1.16e+00 1.27e+00) XE:1.27e-01 (1.17e+00 1.19e+00 | 6.20e-01 6.79e-01)	6.326897e+00 5.459665e+00 : 9.066586e-01
3160(999) (1.39e+00 1.27e+00) XE:1.27e-01 (1.18e+00 1.19e+00 | 6.22e-01 6.79e-01)	6.325673e+00 5.459577e+00 : 9.065577e-01
3192(1005) (1.24e+00 1.27e+00) XE:1.27e-01 (1.20e+00 1.19e+00 | 6.90e-01 6.79e-01)	6.325104e+00 5.459036e+00 : 9.064723e-01
3225(1000) (1.13e+00 1.27e+00) XE:1.27e-01 (1.19e+00 1.19e+00 | 7.18e-01 6.79e-01)	6.324721e+00 5.459013e+00 : 9.064410e-01
3257(1000) (1.09e+00 1.27e+00) XE:1.27e-01 (1.18e+00 1.19e+00 | 6.60e-01 6.79e-01)	6.324339e+00 5.458880e+00 : 9.064015e-01
3290(999) (1.10e+00 1.27e+00) XE:1.27e-01 (1.18e+00 1.19e+00 | 7.29e-01 6.79e-01)	6.324350e+00 5.458533e+00 : 9.063756e-01
3323(993) (1.70e+00 1.27e+00) XE:1.27e-01 (1.20e+00 1.19e+00 | 6.70e-01 6.79e-01)	6.324102e+00 5.458416e+00 : 9.063475e-01
3355(991) (1.50e+00 1.27e+00) XE:1.27e-01 (1.19e+00 1.19e+00 | 7.25e-01 6.79e-01)	6.323876e+00 5.457550e+00 : 9.062636e-01
3388(997) (1.19e+00 1.27e+00) XE:1.27e-01 (1.20e+00 1.19e+00 | 7.35e-01 6.79e-01)	6.323480e+00 5.457489e+00 : 9.062284e-01
3420(987) (1.38e+00 1.27e+00) XE:1.27e-01 (1.16e+00 1.19e+00 | 6.38e-01 6.79e-01)	6.323360e+00 5.457636e+00 : 9.062305e-01
3453(1008) (1.09e+00 1.27e+00) XE:1.27e-01 (1.20e+00 1.19e+00 | 6.18e-01 6.79e-01)	6.323113e+00 5.457396e+00 : 9.061930e-01
3486(996) (1.30e+00 1.27e+00) XE:1.27e-01 (1.20e+00 1.19e+00 | 7.06e-01 6.79e-01)	6.322581e+00 5.457384e+00 : 9.061511e-01
3518(1002) (1.15e+00 1.27e+00) XE:1.27e-01 (1.20e+00 1.19e+00 | 7.06e-01 6.79e-01)	6.322678e+00 5.457356e+00 : 9.061565e-01
3551(999) (1.28e+00 1.27e+00) XE:1.27e-01 (1.20e+00 1.19e+00 | 6.32e-01 6.79e-01)	6.322590e+00 5.457141e+00 : 9.061332e-01
3583(988) (1.12e+00 1.27e+00) XE:1.27e-01 (1.19e+00 1.19e+00 | 7.04e-01 6.79e-01)	6.321952e+00 5.457301e+00 : 9.060963e-01
3616(995) (1.23e+00 1.27e+00) XE:1.27e-01 (1.20e+00 1.19e+00 | 7.12e-01 6.79e-01)	6.321727e+00 5.457304e+00 : 9.060793e-01
3649(997) (1.36e+00 1.27e+00) XE:1.27e-01 (1.21e+00 1.19e+00 | 6.74e-01 6.79e-01)	6.321859e+00 5.457041e+00 : 9.060692e-01
3681(1006) (1.09e+00 1.27e+00) XE:1.27e-01 (1.19e+00 1.19e+00 | 6.76e-01 6.79e-01)	6.322002e+00 5.456803e+00 : 9.060619e-01
3714(997) (1.12e+00 1.27e+00) XE:1.27e-01 (1.23e+00 1.19e+00 | 6.98e-01 6.79e-01)	6.321598e+00 5.456715e+00 : 9.060241e-01
3746(1000) (1.17e+00 1.27e+00) XE:1.27e-01 (1.20e+00 1.19e+00 | 6.62e-01 6.79e-01)	6.321150e+00 5.456537e+00 : 9.059759e-01
3779(1001) (1.49e+00 1.27e+00) XE:1.27e-01 (1.19e+00 1.19e+00 | 7.20e-01 6.79e-01)	6.321296e+00 5.456301e+00 : 9.059690e-01
3811(1010) (1.23e+00 1.27e+00) XE:1.27e-01 (1.22e+00 1.19e+00 | 6.90e-01 6.79e-01)	6.321284e+00 5.456249e+00 : 9.059641e-01
3844(989) (1.64e+00 1.27e+00) XE:1.27e-01 (1.17e+00 1.19e+00 | 7.47e-01 6.79e-01)	6.321183e+00 5.456098e+00 : 9.059447e-01
3877(1003) (1.18e+00 1.27e+00) XE:1.27e-01 (1.21e+00 1.19e+00 | 6.72e-01 6.79e-01)	6.320907e+00 5.456160e+00 : 9.059282e-01
3909(994) (1.21e+00 1.27e+00) XE:1.27e-01 (1.19e+00 1.19e+00 | 7.20e-01 6.79e-01)	6.320907e+00 5.456022e+00 : 9.059176e-01
3942(1002) (1.25e+00 1.27e+00) XE:1.27e-01 (1.20e+00 1.19e+00 | 7.08e-01 6.79e-01)	6.320099e+00 5.455825e+00 : 9.058403e-01
3974(990) (1.05e+00 1.27e+00) XE:1.27e-01 (1.20e+00 1.19e+00 | 7.06e-01 6.79e-01)	6.320174e+00 5.455687e+00 : 9.058355e-01
4007(996) (1.45e+00 1.27e+00) XE:1.27e-01 (1.18e+00 1.19e+00 | 6.50e-01 6.79e-01)	6.319692e+00 5.455241e+00 : 9.057641e-01
4039(1000) (1.23e+00 1.27e+00) XE:1.27e-01 (1.20e+00 1.19e+00 | 7.43e-01 6.79e-01)	6.319739e+00 5.455295e+00 : 9.057718e-01
4072(1007) (7.82e-01 1.27e+00) XE:1.27e-01 (1.18e+00 1.19e+00 | 6.88e-01 6.79e-01)	6.319853e+00 5.454970e+00 : 9.057556e-01
4105(1000) (1.53e+00 1.27e+00) XE:1.27e-01 (1.17e+00 1.19e+00 | 6.64e-01 6.79e-01)	6.319779e+00 5.455028e+00 : 9.057544e-01
4137(1012) (8.34e-01 1.27e+00) XE:1.27e-01 (1.18e+00 1.19e+00 | 6.76e-01 6.79e-01)	6.319559e+00 5.454952e+00 : 9.057316e-01
4170(1014) (1.30e+00 1.27e+00) XE:1.27e-01 (1.21e+00 1.19e+00 | 7.43e-01 6.79e-01)	6.319039e+00 5.454775e+00 : 9.056780e-01
4202(994) (1.06e+00 1.27e+00) XE:1.27e-01 (1.17e+00 1.19e+00 | 6.44e-01 6.79e-01)	6.318872e+00 5.454578e+00 : 9.056500e-01
4235(998) (1.25e+00 1.27e+00) XE:1.27e-01 (1.18e+00 1.19e+00 | 6.42e-01 6.79e-01)	6.319156e+00 5.454543e+00 : 9.056692e-01
4268(1008) (1.13e+00 1.27e+00) XE:1.27e-01 (1.19e+00 1.19e+00 | 7.04e-01 6.79e-01)	6.318900e+00 5.454177e+00 : 9.056213e-01
4300(998) (1.11e+00 1.27e+00) XE:1.27e-01 (1.24e+00 1.19e+00 | 7.35e-01 6.79e-01)	6.319152e+00 5.453938e+00 : 9.056223e-01
4333(1000) (1.16e+00 1.27e+00) XE:1.27e-01 (1.19e+00 1.19e+00 | 6.50e-01 6.79e-01)	6.319026e+00 5.453632e+00 : 9.055891e-01
4365(998) (1.34e+00 1.27e+00) XE:1.27e-01 (1.17e+00 1.19e+00 | 7.00e-01 6.79e-01)	6.318692e+00 5.453206e+00 : 9.055306e-01
4398(988) (1.05e+00 1.27e+00) XE:1.27e-01 (1.18e+00 1.19e+00 | 6.86e-01 6.79e-01)	6.318435e+00 5.452943e+00 : 9.054907e-01
4430(1000) (1.53e+00 1.27e+00) XE:1.27e-01 (1.23e+00 1.19e+00 | 7.06e-01 6.79e-01)	6.318345e+00 5.452763e+00 : 9.054699e-01
4463(1000) (1.55e+00 1.27e+00) XE:1.27e-01 (1.21e+00 1.19e+00 | 6.82e-01 6.79e-01)	6.318518e+00 5.452572e+00 : 9.054685e-01
4496(1015) (1.40e+00 1.27e+00) XE:1.27e-01 (1.21e+00 1.19e+00 | 6.48e-01 6.79e-01)	6.318510e+00 5.452422e+00 : 9.054563e-01
4528(994) (1.63e+00 1.27e+00) XE:1.27e-01 (1.16e+00 1.19e+00 | 6.82e-01 6.79e-01)	6.318116e+00 5.452281e+00 : 9.054152e-01
4561(1004) (1.43e+00 1.27e+00) XE:1.27e-01 (1.17e+00 1.19e+00 | 6.90e-01 6.79e-01)	6.317622e+00 5.452285e+00 : 9.053775e-01
4593(1002) (1.15e+00 1.27e+00) XE:1.27e-01 (1.19e+00 1.19e+00 | 7.37e-01 6.79e-01)	6.317393e+00 5.452364e+00 : 9.053659e-01
4626(996) (1.34e+00 1.27e+00) XE:1.27e-01 (1.20e+00 1.19e+00 | 7.16e-01 6.79e-01)	6.316879e+00 5.452357e+00 : 9.053258e-01
4659(1014) (8.63e-01 1.27e+00) XE:1.27e-01 (1.19e+00 1.19e+00 | 6.82e-01 6.79e-01)	6.316878e+00 5.452528e+00 : 9.053389e-01
4691(988) (1.49e+00 1.27e+00) XE:1.27e-01 (1.22e+00 1.19e+00 | 6.98e-01 6.79e-01)	6.316769e+00 5.452584e+00 : 9.053349e-01
4724(1007) (6.80e-01 1.27e+00) XE:1.27e-01 (1.19e+00 1.19e+00 | 7.61e-01 6.79e-01)	6.316632e+00 5.452332e+00 : 9.053050e-01
4756(1006) (1.35e+00 1.27e+00) XE:1.27e-01 (1.19e+00 1.19e+00 | 6.14e-01 6.79e-01)	6.316429e+00 5.452354e+00 : 9.052910e-01
4789(997) (1.40e+00 1.27e+00) XE:1.27e-01 (1.20e+00 1.19e+00 | 6.48e-01 6.79e-01)	6.316327e+00 5.452036e+00 : 9.052587e-01
4821(1002) (1.39e+00 1.27e+00) XE:1.27e-01 (1.18e+00 1.19e+00 | 6.44e-01 6.79e-01)	6.316108e+00 5.451864e+00 : 9.052286e-01
4854(998) (1.00e+00 1.27e+00) XE:1.27e-01 (1.20e+00 1.19e+00 | 7.18e-01 6.79e-01)	6.316158e+00 5.451823e+00 : 9.052293e-01
4887(998) (1.45e+00 1.27e+00) XE:1.27e-01 (1.19e+00 1.19e+00 | 7.18e-01 6.79e-01)	6.315959e+00 5.451611e+00 : 9.051977e-01
4919(1002) (1.10e+00 1.27e+00) XE:1.27e-01 (1.21e+00 1.19e+00 | 6.86e-01 6.79e-01)	6.315913e+00 5.451260e+00 : 9.051672e-01
4952(1001) (1.20e+00 1.27e+00) XE:1.27e-01 (1.17e+00 1.19e+00 | 6.68e-01 6.79e-01)	6.315755e+00 5.450691e+00 : 9.051112e-01
4984(995) (1.60e+00 1.27e+00) XE:1.27e-01 (1.18e+00 1.19e+00 | 6.72e-01 6.79e-01)	6.315415e+00 5.450130e+00 : 9.050419e-01
5017(1004) (1.31e+00 1.27e+00) XE:1.27e-01 (1.20e+00 1.19e+00 | 7.75e-01 6.79e-01)	6.315480e+00 5.449947e+00 : 9.050329e-01
5049(1004) (1.33e+00 1.27e+00) XE:1.27e-01 (1.18e+00 1.19e+00 | 6.34e-01 6.79e-01)	6.315413e+00 5.450235e+00 : 9.050498e-01
5082(997) (1.29e+00 1.27e+00) XE:1.27e-01 (1.19e+00 1.19e+00 | 6.84e-01 6.79e-01)	6.315118e+00 5.450024e+00 : 9.050109e-01
5114(1003) (9.43e-01 1.27e+00) XE:1.27e-01 (1.21e+00 1.19e+00 | 6.46e-01 6.79e-01)	6.315185e+00 5.450196e+00 : 9.050293e-01
5147(1004) (1.00e+00 1.27e+00) XE:1.27e-01 (1.18e+00 1.19e+00 | 6.74e-01 6.79e-01)	6.315170e+00 5.450382e+00 : 9.050424e-01
5180(990) (1.59e+00 1.27e+00) XE:1.27e-01 (1.18e+00 1.19e+00 | 6.80e-01 6.79e-01)	6.315020e+00 5.450417e+00 : 9.050337e-01
5212(1000) (1.10e+00 1.27e+00) XE:1.27e-01 (1.19e+00 1.19e+00 | 6.42e-01 6.79e-01)	6.314890e+00 5.450397e+00 : 9.050221e-01
5245(1009) (1.26e+00 1.27e+00) XE:1.27e-01 (1.22e+00 1.19e+00 | 6.64e-01 6.79e-01)	6.314713e+00 5.450139e+00 : 9.049886e-01
5277(1009) (9.98e-01 1.27e+00) XE:1.27e-01 (1.21e+00 1.19e+00 | 6.30e-01 6.79e-01)	6.314689e+00 5.450153e+00 : 9.049879e-01
5310(1010) (1.02e+00 1.27e+00) XE:1.27e-01 (1.19e+00 1.19e+00 | 7.04e-01 6.79e-01)	6.314407e+00 5.450194e+00 : 9.049693e-01
5343(1003) (1.37e+00 1.27e+00) XE:1.27e-01 (1.21e+00 1.19e+00 | 6.86e-01 6.79e-01)	6.313852e+00 5.450218e+00 : 9.049285e-01
5375(1002) (1.46e+00 1.27e+00) XE:1.27e-01 (1.20e+00 1.19e+00 | 6.62e-01 6.79e-01)	6.313668e+00 5.449941e+00 : 9.048930e-01
5408(1001) (1.26e+00 1.27e+00) XE:1.27e-01 (1.17e+00 1.19e+00 | 7.51e-01 6.79e-01)	6.313385e+00 5.449654e+00 : 9.048491e-01
5440(998) (1.42e+00 1.27e+00) XE:1.27e-01 (1.18e+00 1.19e+00 | 6.24e-01 6.79e-01)	6.313303e+00 5.449646e+00 : 9.048422e-01
5473(1001) (1.28e+00 1.27e+00) XE:1.27e-01 (1.19e+00 1.19e+00 | 6.24e-01 6.79e-01)	6.313386e+00 5.449590e+00 : 9.048443e-01
5505(1002) (1.01e+00 1.27e+00) XE:1.27e-01 (1.21e+00 1.19e+00 | 7.41e-01 6.79e-01)	6.313653e+00 5.449339e+00 : 9.048456e-01
5538(996) (1.26e+00 1.27e+00) XE:1.27e-01 (1.18e+00 1.19e+00 | 6.66e-01 6.79e-01)	6.313432e+00 5.449137e+00 : 9.048130e-01
5571(997) (1.02e+00 1.27e+00) XE:1.27e-01 (1.21e+00 1.19e+00 | 6.70e-01 6.79e-01)	6.313308e+00 5.448946e+00 : 9.047888e-01
5603(1001) (1.02e+00 1.27e+00) XE:1.27e-01 (1.18e+00 1.19e+00 | 6.54e-01 6.79e-01)	6.313254e+00 5.448972e+00 : 9.047867e-01
5636(1001) (1.35e+00 1.27e+00) XE:1.27e-01 (1.16e+00 1.19e+00 | 7.18e-01 6.79e-01)	6.312986e+00 5.449028e+00 : 9.047703e-01
5668(1004) (1.14e+00 1.27e+00) XE:1.27e-01 (1.19e+00 1.19e+00 | 6.44e-01 6.79e-01)	6.312996e+00 5.448747e+00 : 9.047495e-01
5701(996) (1.22e+00 1.27e+00) XE:1.27e-01 (1.22e+00 1.19e+00 | 7.43e-01 6.79e-01)	6.313488e+00 5.448748e+00 : 9.047874e-01
5733(993) (1.31e+00 1.27e+00) XE:1.27e-01 (1.21e+00 1.19e+00 | 7.12e-01 6.79e-01)	6.313384e+00 5.448690e+00 : 9.047750e-01
5766(993) (1.68e+00 1.27e+00) XE:1.27e-01 (1.19e+00 1.19e+00 | 6.62e-01 6.79e-01)	6.313086e+00 5.448382e+00 : 9.047283e-01
5799(997) (1.20e+00 1.27e+00) XE:1.27e-01 (1.20e+00 1.19e+00 | 7.00e-01 6.79e-01)	6.313231e+00 5.448477e+00 : 9.047467e-01
5831(999) (1.31e+00 1.27e+00) XE:1.27e-01 (1.18e+00 1.19e+00 | 6.62e-01 6.79e-01)	6.312874e+00 5.448511e+00 : 9.047220e-01
5864(992) (1.12e+00 1.27e+00) XE:1.27e-01 (1.22e+00 1.19e+00 | 5.95e-01 6.79e-01)	6.312716e+00 5.448618e+00 : 9.047180e-01
5896(998) (2.00e+00 1.26e+00) XE:1.26e-01 (1.19e+00 1.19e+00 | 6.70e-01 6.79e-01)	6.312963e+00 5.448448e+00 : 9.047240e-01
5929(998) (1.01e+00 1.26e+00) XE:1.26e-01 (1.21e+00 1.19e+00 | 6.50e-01 6.79e-01)	6.313015e+00 5.448479e+00 : 9.047303e-01
5961(1013) (1.30e+00 1.26e+00) XE:1.26e-01 (1.21e+00 1.19e+00 | 6.66e-01 6.79e-01)	6.313162e+00 5.448385e+00 : 9.047344e-01
5994(999) (1.09e+00 1.27e+00) XE:1.27e-01 (1.19e+00 1.19e+00 | 6.38e-01 6.79e-01)	6.313006e+00 5.448241e+00 : 9.047113e-01
6027(1006) (1.39e+00 1.27e+00) XE:1.27e-01 (1.20e+00 1.19e+00 | 7.18e-01 6.79e-01)	6.312629e+00 5.448139e+00 : 9.046744e-01
6059(999) (7.94e-01 1.27e+00) XE:1.27e-01 (1.21e+00 1.19e+00 | 7.18e-01 6.79e-01)	6.312271e+00 5.448072e+00 : 9.046418e-01
6092(1007) (1.51e+00 1.27e+00) XE:1.27e-01 (1.19e+00 1.19e+00 | 6.38e-01 6.79e-01)	6.312097e+00 5.448130e+00 : 9.046328e-01
6124(998) (1.52e+00 1.27e+00) XE:1.27e-01 (1.17e+00 1.19e+00 | 6.26e-01 6.79e-01)	6.312095e+00 5.448128e+00 : 9.046325e-01
6157(997) (1.01e+00 1.27e+00) XE:1.27e-01 (1.19e+00 1.19e+00 | 7.23e-01 6.79e-01)	6.312022e+00 5.448099e+00 : 9.046247e-01
6190(996) (1.13e+00 1.27e+00) XE:1.27e-01 (1.19e+00 1.19e+00 | 6.52e-01 6.79e-01)	6.312298e+00 5.448185e+00 : 9.046525e-01
6222(1006) (1.63e+00 1.27e+00) XE:1.27e-01 (1.20e+00 1.19e+00 | 6.40e-01 6.79e-01)	6.311946e+00 5.448084e+00 : 9.046177e-01
6255(998) (1.79e+00 1.27e+00) XE:1.27e-01 (1.18e+00 1.19e+00 | 6.84e-01 6.79e-01)	6.311838e+00 5.447860e+00 : 9.045921e-01
6288(991) (1.24e+00 1.27e+00) XE:1.27e-01 (1.21e+00 1.19e+00 | 6.34e-01 6.79e-01)	6.311304e+00 5.447685e+00 : 9.045376e-01
6320(995) (1.31e+00 1.27e+00) XE:1.27e-01 (1.18e+00 1.19e+00 | 6.66e-01 6.79e-01)	6.311037e+00 5.447400e+00 : 9.044952e-01
6353(1005) (1.11e+00 1.27e+00) XE:1.27e-01 (1.22e+00 1.19e+00 | 6.32e-01 6.79e-01)	6.310838e+00 5.447305e+00 : 9.044726e-01
6385(1004) (1.09e+00 1.27e+00) XE:1.27e-01 (1.20e+00 1.19e+00 | 7.18e-01 6.79e-01)	6.310781e+00 5.447277e+00 : 9.044660e-01
6418(1014) (1.06e+00 1.27e+00) XE:1.27e-01 (1.18e+00 1.19e+00 | 6.58e-01 6.79e-01)	6.310671e+00 5.446873e+00 : 9.044265e-01
6450(1010) (1.51e+00 1.27e+00) XE:1.27e-01 (1.22e+00 1.19e+00 | 7.04e-01 6.79e-01)	6.310613e+00 5.446712e+00 : 9.044096e-01
6483(997) (1.18e+00 1.27e+00) XE:1.27e-01 (1.22e+00 1.19e+00 | 6.78e-01 6.79e-01)	6.310634e+00 5.446898e+00 : 9.044256e-01
6515(1000) (1.12e+00 1.27e+00) XE:1.27e-01 (1.17e+00 1.19e+00 | 6.60e-01 6.79e-01)	6.310638e+00 5.446800e+00 : 9.044183e-01
6548(1001) (1.54e+00 1.27e+00) XE:1.27e-01 (1.19e+00 1.19e+00 | 6.80e-01 6.79e-01)	6.310616e+00 5.446615e+00 : 9.044024e-01
6581(994) (1.50e+00 1.27e+00) XE:1.27e-01 (1.21e+00 1.19e+00 | 6.98e-01 6.79e-01)	6.310377e+00 5.446443e+00 : 9.043708e-01
6613(998) (1.39e+00 1.27e+00) XE:1.27e-01 (1.20e+00 1.19e+00 | 7.23e-01 6.79e-01)	6.310105e+00 5.446448e+00 : 9.043502e-01
6646(997) (1.67e+00 1.27e+00) XE:1.27e-01 (1.19e+00 1.19e+00 | 6.92e-01 6.79e-01)	6.309824e+00 5.446474e+00 : 9.043306e-01
6678(1001) (1.26e+00 1.27e+00) XE:1.27e-01 (1.20e+00 1.19e+00 | 6.78e-01 6.79e-01)	6.309874e+00 5.446374e+00 : 9.043268e-01
6711(1009) (1.28e+00 1.27e+00) XE:1.27e-01 (1.19e+00 1.19e+00 | 6.84e-01 6.79e-01)	6.309936e+00 5.446383e+00 : 9.043322e-01
6744(994) (1.61e+00 1.27e+00) XE:1.27e-01 (1.21e+00 1.19e+00 | 5.95e-01 6.79e-01)	6.309659e+00 5.446423e+00 : 9.043141e-01
6776(1003) (1.10e+00 1.27e+00) XE:1.27e-01 (1.18e+00 1.19e+00 | 7.00e-01 6.79e-01)	6.309591e+00 5.446337e+00 : 9.043022e-01
6809(997) (1.57e+00 1.27e+00) XE:1.27e-01 (1.21e+00 1.19e+00 | 6.36e-01 6.79e-01)	6.309181e+00 5.446037e+00 : 9.042476e-01
6841(1006) (1.33e+00 1.27e+00) XE:1.27e-01 (1.18e+00 1.19e+00 | 6.60e-01 6.79e-01)	6.309273e+00 5.445899e+00 : 9.042440e-01
6874(1015) (1.15e+00 1.27e+00) XE:1.27e-01 (1.21e+00 1.19e+00 | 7.02e-01 6.79e-01)	6.309147e+00 5.445667e+00 : 9.042165e-01
6906(1000) (1.15e+00 1.27e+00) XE:1.27e-01 (1.18e+00 1.19e+00 | 7.53e-01 6.79e-01)	6.309305e+00 5.445598e+00 : 9.042233e-01
6939(997) (1.21e+00 1.27e+00) XE:1.27e-01 (1.20e+00 1.19e+00 | 6.28e-01 6.79e-01)	6.309214e+00 5.445620e+00 : 9.042181e-01
6972(997) (1.92e+00 1.27e+00) XE:1.27e-01 (1.20e+00 1.19e+00 | 7.00e-01 6.79e-01)	6.309131e+00 5.445450e+00 : 9.041985e-01
7004(1004) (1.85e+00 1.27e+00) XE:1.27e-01 (1.22e+00 1.19e+00 | 7.51e-01 6.79e-01)	6.309331e+00 5.445482e+00 : 9.042165e-01
7037(994) (1.27e+00 1.27e+00) XE:1.27e-01 (1.21e+00 1.19e+00 | 6.82e-01 6.79e-01)	6.309468e+00 5.445576e+00 : 9.042342e-01
7069(1007) (1.53e+00 1.27e+00) XE:1.27e-01 (1.21e+00 1.19e+00 | 6.74e-01 6.79e-01)	6.309574e+00 5.445593e+00 : 9.042437e-01
7102(995) (1.34e+00 1.27e+00) XE:1.27e-01 (1.18e+00 1.19e+00 | 6.72e-01 6.79e-01)	6.309703e+00 5.445682e+00 : 9.042604e-01
7134(1010) (1.02e+00 1.27e+00) XE:1.27e-01 (1.20e+00 1.19e+00 | 6.56e-01 6.79e-01)	6.309733e+00 5.445490e+00 : 9.042479e-01
7167(993) (1.23e+00 1.27e+00) XE:1.27e-01 (1.20e+00 1.19e+00 | 7.16e-01 6.79e-01)	6.309625e+00 5.445523e+00 : 9.042422e-01
7200(1002) (1.30e+00 1.27e+00) XE:1.27e-01 (1.19e+00 1.19e+00 | 7.12e-01 6.79e-01)	6.309515e+00 5.445546e+00 : 9.042354e-01
7232(1001) (1.41e+00 1.26e+00) XE:1.26e-01 (1.17e+00 1.19e+00 | 6.46e-01 6.79e-01)	6.309738e+00 5.445775e+00 : 9.042702e-01
7265(1006) (9.77e-01 1.26e+00) XE:1.26e-01 (1.20e+00 1.19e+00 | 6.78e-01 6.79e-01)	6.309780e+00 5.445745e+00 : 9.042711e-01
7297(1002) (1.04e+00 1.26e+00) XE:1.26e-01 (1.18e+00 1.19e+00 | 6.60e-01 6.79e-01)	6.309682e+00 5.445755e+00 : 9.042644e-01
7330(993) (1.18e+00 1.26e+00) XE:1.26e-01 (1.20e+00 1.19e+00 | 6.92e-01 6.79e-01)	6.309442e+00 5.445836e+00 : 9.042522e-01
7362(1001) (1.38e+00 1.26e+00) XE:1.26e-01 (1.18e+00 1.19e+00 | 6.96e-01 6.79e-01)	6.309309e+00 5.445726e+00 : 9.042334e-01
7395(1006) (1.28e+00 1.26e+00) XE:1.26e-01 (1.18e+00 1.19e+00 | 6.82e-01 6.79e-01)	6.309163e+00 5.445613e+00 : 9.042135e-01
7427(995) (1.27e+00 1.26e+00) XE:1.26e-01 (1.21e+00 1.19e+00 | 6.74e-01 6.79e-01)	6.309164e+00 5.445557e+00 : 9.042093e-01
7460(1001) (1.44e+00 1.26e+00) XE:1.26e-01 (1.19e+00 1.19e+00 | 7.02e-01 6.79e-01)	6.309100e+00 5.445780e+00 : 9.042215e-01
7493(996) (9.85e-01 1.26e+00) XE:1.26e-01 (1.22e+00 1.19e+00 | 6.90e-01 6.79e-01)	6.308944e+00 5.445673e+00 : 9.042013e-01
7525(1003) (9.34e-01 1.26e+00) XE:1.26e-01 (1.19e+00 1.19e+00 | 6.90e-01 6.79e-01)	6.308856e+00 5.445445e+00 : 9.041770e-01
7558(999) (1.55e+00 1.26e+00) XE:1.26e-01 (1.21e+00 1.19e+00 | 7.06e-01 6.79e-01)	6.308637e+00 5.445192e+00 : 9.041407e-01
7590(997) (1.16e+00 1.26e+00) XE:1.26e-01 (1.22e+00 1.19e+00 | 7.10e-01 6.79e-01)	6.308667e+00 5.445012e+00 : 9.041292e-01
7623(1011) (1.45e+00 1.26e+00) XE:1.26e-01 (1.18e+00 1.19e+00 | 6.50e-01 6.79e-01)	6.308526e+00 5.444970e+00 : 9.041150e-01
7655(999) (1.19e+00 1.26e+00) XE:1.26e-01 (1.21e+00 1.19e+00 | 7.51e-01 6.79e-01)	6.308454e+00 5.444777e+00 : 9.040947e-01
7688(992) (1.37e+00 1.26e+00) XE:1.26e-01 (1.19e+00 1.19e+00 | 7.10e-01 6.79e-01)	6.308300e+00 5.444913e+00 : 9.040934e-01
7721(997) (1.15e+00 1.26e+00) XE:1.26e-01 (1.22e+00 1.19e+00 | 7.49e-01 6.79e-01)	6.308196e+00 5.444948e+00 : 9.040880e-01
7753(998) (1.15e+00 1.26e+00) XE:1.26e-01 (1.19e+00 1.19e+00 | 6.72e-01 6.79e-01)	6.308147e+00 5.444684e+00 : 9.040639e-01
7786(992) (1.25e+00 1.26e+00) XE:1.26e-01 (1.19e+00 1.19e+00 | 6.12e-01 6.79e-01)	6.308024e+00 5.444547e+00 : 9.040440e-01
7818(1002) (1.24e+00 1.26e+00) XE:1.26e-01 (1.21e+00 1.19e+00 | 6.50e-01 6.79e-01)	6.307919e+00 5.444606e+00 : 9.040404e-01
7851(1003) (1.39e+00 1.26e+00) XE:1.26e-01 (1.21e+00 1.19e+00 | 6.74e-01 6.79e-01)	6.308031e+00 5.444818e+00 : 9.040653e-01
7883(993) (1.53e+00 1.26e+00) XE:1.26e-01 (1.18e+00 1.19e+00 | 7.10e-01 6.79e-01)	6.307898e+00 5.444531e+00 : 9.040330e-01
7916(997) (1.13e+00 1.26e+00) XE:1.26e-01 (1.21e+00 1.19e+00 | 7.04e-01 6.79e-01)	6.307693e+00 5.444417e+00 : 9.040084e-01
7949(999) (1.19e+00 1.26e+00) XE:1.26e-01 (1.21e+00 1.19e+00 | 7.31e-01 6.79e-01)	6.307345e+00 5.444196e+00 : 9.039647e-01
7981(1007) (9.12e-01 1.26e+00) XE:1.26e-01 (1.22e+00 1.19e+00 | 7.41e-01 6.79e-01)	6.307354e+00 5.444284e+00 : 9.039721e-01
8014(990) (1.19e+00 1.26e+00) XE:1.26e-01 (1.21e+00 1.19e+00 | 6.80e-01 6.79e-01)	6.307342e+00 5.444103e+00 : 9.039573e-01
8046(991) (1.41e+00 1.26e+00) XE:1.26e-01 (1.19e+00 1.19e+00 | 6.03e-01 6.79e-01)	6.307303e+00 5.444099e+00 : 9.039540e-01
8079(998) (1.46e+00 1.26e+00) XE:1.26e-01 (1.19e+00 1.19e+00 | 6.82e-01 6.79e-01)	6.307280e+00 5.444120e+00 : 9.039538e-01
8112(1006) (1.05e+00 1.26e+00) XE:1.26e-01 (1.18e+00 1.19e+00 | 7.10e-01 6.79e-01)	6.307390e+00 5.444209e+00 : 9.039692e-01
8144(999) (1.17e+00 1.26e+00) XE:1.26e-01 (1.22e+00 1.19e+00 | 7.35e-01 6.79e-01)	6.307157e+00 5.443960e+00 : 9.039321e-01
8177(995) (1.50e+00 1.26e+00) XE:1.26e-01 (1.18e+00 1.19e+00 | 6.54e-01 6.79e-01)	6.306852e+00 5.443869e+00 : 9.039016e-01
8209(995) (1.10e+00 1.26e+00) XE:1.26e-01 (1.22e+00 1.19e+00 | 7.39e-01 6.79e-01)	6.306817e+00 5.443964e+00 : 9.039063e-01
8242(1001) (1.18e+00 1.26e+00) XE:1.26e-01 (1.21e+00 1.19e+00 | 7.25e-01 6.79e-01)	6.306823e+00 5.443709e+00 : 9.038871e-01
8275(993) (1.55e+00 1.26e+00) XE:1.26e-01 (1.19e+00 1.19e+00 | 7.43e-01 6.79e-01)	6.306635e+00 5.443606e+00 : 9.038647e-01
8307(991) (1.45e+00 1.26e+00) XE:1.26e-01 (1.19e+00 1.19e+00 | 7.29e-01 6.79e-01)	6.306633e+00 5.443520e+00 : 9.038580e-01
8340(988) (1.41e+00 1.26e+00) XE:1.26e-01 (1.20e+00 1.19e+00 | 6.01e-01 6.79e-01)	6.306701e+00 5.443551e+00 : 9.038655e-01
8372(1007) (1.26e+00 1.26e+00) XE:1.26e-01 (1.19e+00 1.19e+00 | 7.23e-01 6.79e-01)	6.306614e+00 5.443411e+00 : 9.038480e-01
8405(1009) (1.06e+00 1.26e+00) XE:1.26e-01 (1.22e+00 1.19e+00 | 6.74e-01 6.79e-01)	6.306638e+00 5.443482e+00 : 9.038553e-01
8437(981) (1.32e+00 1.26e+00) XE:1.26e-01 (1.19e+00 1.19e+00 | 6.92e-01 6.79e-01)	6.306371e+00 5.443263e+00 : 9.038180e-01
8470(1001) (9.50e-01 1.26e+00) XE:1.26e-01 (1.21e+00 1.19e+00 | 6.52e-01 6.79e-01)	6.306394e+00 5.443423e+00 : 9.038321e-01
8503(994) (1.35e+00 1.26e+00) XE:1.26e-01 (1.20e+00 1.19e+00 | 7.02e-01 6.79e-01)	6.306386e+00 5.443350e+00 : 9.038259e-01
8535(1009) (9.69e-01 1.26e+00) XE:1.26e-01 (1.20e+00 1.19e+00 | 6.74e-01 6.79e-01)	6.306205e+00 5.443268e+00 : 9.038056e-01
8568(1004) (1.34e+00 1.27e+00) XE:1.27e-01 (1.20e+00 1.19e+00 | 7.33e-01 6.79e-01)	6.305962e+00 5.443111e+00 : 9.037748e-01
8600(1001) (1.48e+00 1.27e+00) XE:1.27e-01 (1.20e+00 1.19e+00 | 6.92e-01 6.79e-01)	6.305889e+00 5.443189e+00 : 9.037753e-01
8633(998) (1.13e+00 1.26e+00) XE:1.26e-01 (1.22e+00 1.19e+00 | 7.61e-01 6.79e-01)	6.305936e+00 5.443241e+00 : 9.037829e-01
8665(1002) (1.40e+00 1.26e+00) XE:1.26e-01 (1.20e+00 1.19e+00 | 6.46e-01 6.79e-01)	6.305699e+00 5.443339e+00 : 9.037721e-01
8698(1005) (1.27e+00 1.26e+00) XE:1.26e-01 (1.20e+00 1.19e+00 | 6.78e-01 6.79e-01)	6.305540e+00 5.443295e+00 : 9.037566e-01
8731(1000) (1.17e+00 1.27e+00) XE:1.27e-01 (1.20e+00 1.19e+00 | 5.89e-01 6.79e-01)	6.305347e+00 5.443257e+00 : 9.037387e-01
8763(1002) (1.20e+00 1.27e+00) XE:1.27e-01 (1.19e+00 1.19e+00 | 7.29e-01 6.79e-01)	6.305161e+00 5.443121e+00 : 9.037140e-01
8796(996) (1.15e+00 1.27e+00) XE:1.27e-01 (1.22e+00 1.19e+00 | 7.61e-01 6.79e-01)	6.305154e+00 5.442983e+00 : 9.037028e-01
8828(991) (1.47e+00 1.27e+00) XE:1.27e-01 (1.21e+00 1.19e+00 | 6.22e-01 6.79e-01)	6.304986e+00 5.442820e+00 : 9.036774e-01
8861(989) (1.86e+00 1.27e+00) XE:1.27e-01 (1.20e+00 1.19e+00 | 6.98e-01 6.79e-01)	6.304763e+00 5.442845e+00 : 9.036621e-01
8893(1002) (1.41e+00 1.27e+00) XE:1.27e-01 (1.23e+00 1.19e+00 | 6.68e-01 6.79e-01)	6.304766e+00 5.442589e+00 : 9.036427e-01
8926(984) (1.95e+00 1.27e+00) XE:1.27e-01 (1.19e+00 1.19e+00 | 6.92e-01 6.79e-01)	6.304730e+00 5.442618e+00 : 9.036421e-01
8959(1004) (1.21e+00 1.27e+00) XE:1.27e-01 (1.21e+00 1.19e+00 | 5.97e-01 6.79e-01)	6.304744e+00 5.442588e+00 : 9.036409e-01
8991(1002) (1.16e+00 1.27e+00) XE:1.27e-01 (1.19e+00 1.19e+00 | 6.50e-01 6.79e-01)	6.304793e+00 5.442526e+00 : 9.036400e-01
9024(994) (1.24e+00 1.27e+00) XE:1.27e-01 (1.17e+00 1.19e+00 | 6.60e-01 6.79e-01)	6.304773e+00 5.442477e+00 : 9.036346e-01
9056(989) (1.61e+00 1.27e+00) XE:1.27e-01 (1.17e+00 1.19e+00 | 6.36e-01 6.79e-01)	6.304729e+00 5.442464e+00 : 9.036302e-01
9089(1001) (1.52e+00 1.27e+00) XE:1.27e-01 (1.16e+00 1.19e+00 | 6.26e-01 6.79e-01)	6.304832e+00 5.442482e+00 : 9.036396e-01
9122(1001) (1.60e+00 1.27e+00) XE:1.27e-01 (1.20e+00 1.19e+00 | 6.86e-01 6.79e-01)	6.304667e+00 5.442459e+00 : 9.036251e-01
9154(996) (1.66e+00 1.27e+00) XE:1.27e-01 (1.20e+00 1.19e+00 | 6.72e-01 6.79e-01)	6.304517e+00 5.442413e+00 : 9.036100e-01
9187(1003) (1.27e+00 1.27e+00) XE:1.27e-01 (1.17e+00 1.19e+00 | 6.30e-01 6.79e-01)	6.304353e+00 5.442451e+00 : 9.036003e-01
9220(997) (1.05e+00 1.27e+00) XE:1.27e-01 (1.21e+00 1.19e+00 | 6.42e-01 6.79e-01)	6.304094e+00 5.442400e+00 : 9.035765e-01
9252(1002) (1.52e+00 1.27e+00) XE:1.27e-01 (1.18e+00 1.19e+00 | 6.60e-01 6.79e-01)	6.303958e+00 5.442452e+00 : 9.035700e-01
9285(1010) (1.16e+00 1.27e+00) XE:1.27e-01 (1.19e+00 1.19e+00 | 6.42e-01 6.79e-01)	6.303768e+00 5.442497e+00 : 9.035589e-01
9317(988) (1.52e+00 1.27e+00) XE:1.27e-01 (1.17e+00 1.19e+00 | 7.39e-01 6.79e-01)	6.303755e+00 5.442374e+00 : 9.035484e-01
9350(1003) (1.02e+00 1.27e+00) XE:1.27e-01 (1.22e+00 1.19e+00 | 7.23e-01 6.79e-01)	6.303627e+00 5.442232e+00 : 9.035276e-01
9382(1000) (1.35e+00 1.27e+00) XE:1.27e-01 (1.23e+00 1.19e+00 | 7.08e-01 6.79e-01)	6.303388e+00 5.442229e+00 : 9.035090e-01
9415(994) (1.99e+00 1.27e+00) XE:1.27e-01 (1.19e+00 1.19e+00 | 6.66e-01 6.79e-01)	6.303288e+00 5.442166e+00 : 9.034964e-01
9448(996) (9.24e-01 1.27e+00) XE:1.27e-01 (1.21e+00 1.19e+00 | 6.64e-01 6.79e-01)	6.303445e+00 5.442243e+00 : 9.035145e-01
9480(997) (1.21e+00 1.27e+00) XE:1.27e-01 (1.18e+00 1.19e+00 | 6.20e-01 6.79e-01)	6.303268e+00 5.442085e+00 : 9.034888e-01
9513(1000) (1.14e+00 1.27e+00) XE:1.27e-01 (1.19e+00 1.19e+00 | 6.96e-01 6.79e-01)	6.303255e+00 5.442024e+00 : 9.034830e-01
9545(990) (1.22e+00 1.27e+00) XE:1.27e-01 (1.19e+00 1.19e+00 | 6.82e-01 6.79e-01)	6.303179e+00 5.442237e+00 : 9.034935e-01
9578(992) (1.17e+00 1.27e+00) XE:1.27e-01 (1.18e+00 1.19e+00 | 6.30e-01 6.79e-01)	6.303101e+00 5.442201e+00 : 9.034848e-01
9610(991) (1.30e+00 1.27e+00) XE:1.27e-01 (1.19e+00 1.19e+00 | 6.60e-01 6.79e-01)	6.303208e+00 5.442132e+00 : 9.034877e-01
9643(997) (1.04e+00 1.27e+00) XE:1.27e-01 (1.21e+00 1.19e+00 | 6.70e-01 6.79e-01)	6.303153e+00 5.442197e+00 : 9.034884e-01
9676(998) (1.49e+00 1.27e+00) XE:1.27e-01 (1.20e+00 1.19e+00 | 7.14e-01 6.79e-01)	6.303112e+00 5.442151e+00 : 9.034817e-01
9708(999) (1.04e+00 1.27e+00) XE:1.27e-01 (1.23e+00 1.19e+00 | 6.36e-01 6.79e-01)	6.302968e+00 5.442130e+00 : 9.034691e-01
9741(1002) (1.18e+00 1.27e+00) XE:1.27e-01 (1.17e+00 1.19e+00 | 6.16e-01 6.79e-01)	6.302822e+00 5.442198e+00 : 9.034631e-01
9773(987) (1.14e+00 1.27e+00) XE:1.27e-01 (1.21e+00 1.19e+00 | 7.08e-01 6.79e-01)	6.302748e+00 5.442138e+00 : 9.034527e-01
9806(1011) (1.44e+00 1.27e+00) XE:1.27e-01 (1.21e+00 1.19e+00 | 7.06e-01 6.79e-01)	6.302644e+00 5.441964e+00 : 9.034313e-01
9839(992) (1.65e+00 1.27e+00) XE:1.27e-01 (1.16e+00 1.19e+00 | 6.62e-01 6.79e-01)	6.302481e+00 5.441721e+00 : 9.034002e-01
9871(1005) (1.41e+00 1.27e+00) XE:1.27e-01 (1.20e+00 1.19e+00 | 7.20e-01 6.79e-01)	6.302323e+00 5.441867e+00 : 9.033993e-01
9904(1005) (1.10e+00 1.27e+00) XE:1.27e-01 (1.18e+00 1.19e+00 | 7.65e-01 6.79e-01)	6.302156e+00 5.441826e+00 : 9.033832e-01
9937(996) (1.14e+00 1.27e+00) XE:1.27e-01 (1.20e+00 1.19e+00 | 6.74e-01 6.79e-01)	6.301959e+00 5.441801e+00 : 9.033662e-01
9969(1003) (1.21e+00 1.27e+00) XE:1.27e-01 (1.21e+00 1.19e+00 | 7.29e-01 6.79e-01)	6.302005e+00 5.441806e+00 : 9.033701e-01
10000(997) (1.40e+00 1.27e+00) XE:1.27e-01 (1.18e+00 1.19e+00 | 6.56e-01 6.79e-01)	6.301755e+00 5.441776e+00 : 9.033485e-01
RL cnt: 0,6842150,1407169,110040,848,0,0,0,0,0,0,0,0,0,0,0,
BL cnt: 0,0,0,0,0,0,62890,0,1555215,0,6673125,0,1555781,0,62989,0,0,0,0,0,0,
6.301755e+00 5.441776e+00 : 9.033485e-01
# InnerCodebook: deleted
# NBIDSchannel: deleted
# Gtable: deleted
# FBalg4: deleted
# StatICB: deleted
