# (Pid,Ps)=(3.000000e-02,1.000000e-02) Nseg=200 WinSize=10 lmd=1 [0]
# InnerCB: ../search03/ICB/D10.bin
# Gtable:  Gtable/5/030_010.bin
# InnerCodebook: beta=5(1024) nu=2
# InnerCodebook: B(B2p)=7(128) 6(64) 
# InnerCodebook: checked CWM, EncMap, DecMap
# beta=5(1024) nu=2 N=1000 Dmax=35
# B=7,6,
# NBIDSchannel: N=1000 Q=4 Dmax=35 (Pid,Ps)=(3.000000e-02,1.000000e-02)
# FBalg4: Nseg=200 Dmax=35(w=71)
# FBalg4: Gtable: Gtable/5/030_010.bin
# Gtable: beta=5 (Pid,Ps,Ptrn)=(3.000000e-02,1.000000e-02,9.400000e-01) Pth=1.000000e-10
# Gtable: beta4p=1024 beta4pp=1048576
# Gtable::Gtable len=0 cnt=1024
# Gtable::Gtable len=1 cnt=4096
# Gtable::Gtable len=2 cnt=16384
# Gtable::Gtable len=3 cnt=65536
# Gtable::Gtable len=4 cnt=241636
# Gtable::Gtable len=5 cnt=779284
# Gtable::Gtable len=6 cnt=1541824
# Gtable::Gtable len=7 cnt=1451416
# Gtable::Gtable len=8 cnt=1264036
# Gtable::Gtable len=9 cnt=100348
# Gtable::Gtable len=10 cnt=1024
# FBalg4: beta=5(1024) (Pid,Ps)=(3.000000e-02,1.000000e-02) Pth=1.000000e-10 N=1000
# StatICB: nu=2 beta=5 beta4p=1024 Bsum=13 lmd=1
# StatICB: B=7,6,
0021(989) (1.93e+00 1.73e+00) XE:1.73e-01 (1.16e+00 1.20e+00 | 6.48e-01 6.69e-01)	6.702066e+00 5.702837e+00 : 9.542233e-01
0044(985) (1.79e+00 1.74e+00) XE:1.74e-01 (1.18e+00 1.20e+00 | 6.52e-01 6.81e-01)	6.555101e+00 5.590200e+00 : 9.342540e-01
0066(998) (1.83e+00 1.73e+00) XE:1.73e-01 (1.19e+00 1.20e+00 | 6.92e-01 6.78e-01)	6.496606e+00 5.535919e+00 : 9.255788e-01
0089(1008) (1.70e+00 1.70e+00) XE:1.70e-01 (1.23e+00 1.20e+00 | 6.82e-01 6.81e-01)	6.449700e+00 5.505576e+00 : 9.196366e-01
0111(997) (1.51e+00 1.69e+00) XE:1.69e-01 (1.20e+00 1.20e+00 | 6.46e-01 6.78e-01)	6.402255e+00 5.480095e+00 : 9.140270e-01
0133(1003) (1.40e+00 1.69e+00) XE:1.69e-01 (1.18e+00 1.20e+00 | 6.78e-01 6.77e-01)	6.369460e+00 5.452969e+00 : 9.094176e-01
0156(1004) (1.61e+00 1.68e+00) XE:1.68e-01 (1.21e+00 1.20e+00 | 7.16e-01 6.78e-01)	6.345661e+00 5.433232e+00 : 9.060687e-01
0178(1007) (1.79e+00 1.68e+00) XE:1.68e-01 (1.17e+00 1.20e+00 | 6.94e-01 6.79e-01)	6.320180e+00 5.420516e+00 : 9.031305e-01
0201(1002) (1.80e+00 1.69e+00) XE:1.69e-01 (1.21e+00 1.20e+00 | 6.68e-01 6.79e-01)	6.302236e+00 5.401361e+00 : 9.002767e-01
0223(987) (2.22e+00 1.70e+00) XE:1.70e-01 (1.20e+00 1.20e+00 | 7.35e-01 6.80e-01)	6.275212e+00 5.387473e+00 : 8.971296e-01
0245(1005) (1.66e+00 1.69e+00) XE:1.69e-01 (1.16e+00 1.19e+00 | 6.46e-01 6.78e-01)	6.264734e+00 5.382681e+00 : 8.959551e-01
0268(986) (1.72e+00 1.69e+00) XE:1.69e-01 (1.22e+00 1.19e+00 | 7.16e-01 6.77e-01)	6.247638e+00 5.374257e+00 : 8.939919e-01
0290(993) (1.93e+00 1.70e+00) XE:1.70e-01 (1.18e+00 1.19e+00 | 6.46e-01 6.77e-01)	6.236341e+00 5.363692e+00 : 8.923102e-01
0313(1003) (1.71e+00 1.70e+00) XE:1.70e-01 (1.20e+00 1.19e+00 | 7.37e-01 6.76e-01)	6.225826e+00 5.355723e+00 : 8.908884e-01
0335(998) (1.75e+00 1.70e+00) XE:1.70e-01 (1.19e+00 1.19e+00 | 6.50e-01 6.77e-01)	6.215257e+00 5.345746e+00 : 8.893079e-01
0358(993) (1.91e+00 1.70e+00) XE:1.70e-01 (1.19e+00 1.19e+00 | 6.66e-01 6.78e-01)	6.207195e+00 5.341556e+00 : 8.883655e-01
0380(999) (1.46e+00 1.70e+00) XE:1.70e-01 (1.20e+00 1.19e+00 | 6.38e-01 6.78e-01)	6.200461e+00 5.336266e+00 : 8.874405e-01
0402(994) (2.11e+00 1.70e+00) XE:1.70e-01 (1.20e+00 1.19e+00 | 7.02e-01 6.77e-01)	6.191646e+00 5.331666e+00 : 8.864086e-01
0425(1002) (1.86e+00 1.70e+00) XE:1.70e-01 (1.17e+00 1.19e+00 | 6.50e-01 6.77e-01)	6.188440e+00 5.328186e+00 : 8.858943e-01
0447(997) (2.21e+00 1.70e+00) XE:1.70e-01 (1.25e+00 1.19e+00 | 7.27e-01 6.77e-01)	6.185570e+00 5.322413e+00 : 8.852294e-01
0470(997) (1.62e+00 1.70e+00) XE:1.70e-01 (1.18e+00 1.19e+00 | 7.00e-01 6.76e-01)	6.182302e+00 5.319925e+00 : 8.847867e-01
0492(1002) (1.61e+00 1.69e+00) XE:1.69e-01 (1.20e+00 1.19e+00 | 6.12e-01 6.77e-01)	6.178582e+00 5.318989e+00 : 8.844285e-01
0515(996) (1.66e+00 1.69e+00) XE:1.69e-01 (1.18e+00 1.19e+00 | 6.40e-01 6.76e-01)	6.173695e+00 5.316869e+00 : 8.838896e-01
0537(998) (1.63e+00 1.69e+00) XE:1.69e-01 (1.18e+00 1.19e+00 | 7.33e-01 6.77e-01)	6.170427e+00 5.314424e+00 : 8.834501e-01
0559(999) (1.28e+00 1.69e+00) XE:1.69e-01 (1.17e+00 1.19e+00 | 7.63e-01 6.77e-01)	6.170040e+00 5.314412e+00 : 8.834194e-01
0582(997) (2.25e+00 1.69e+00) XE:1.69e-01 (1.19e+00 1.19e+00 | 6.54e-01 6.78e-01)	6.165461e+00 5.311254e+00 : 8.828242e-01
0604(1009) (1.37e+00 1.69e+00) XE:1.69e-01 (1.23e+00 1.19e+00 | 6.70e-01 6.78e-01)	6.162147e+00 5.306694e+00 : 8.822186e-01
0627(997) (1.68e+00 1.69e+00) XE:1.69e-01 (1.19e+00 1.19e+00 | 6.96e-01 6.78e-01)	6.159709e+00 5.304645e+00 : 8.818733e-01
0649(997) (1.95e+00 1.69e+00) XE:1.69e-01 (1.20e+00 1.19e+00 | 5.99e-01 6.78e-01)	6.156576e+00 5.304907e+00 : 8.816525e-01
0671(1016) (1.59e+00 1.69e+00) XE:1.69e-01 (1.19e+00 1.19e+00 | 7.23e-01 6.78e-01)	6.154677e+00 5.301970e+00 : 8.812805e-01
0694(993) (1.90e+00 1.69e+00) XE:1.69e-01 (1.22e+00 1.19e+00 | 6.52e-01 6.78e-01)	6.148704e+00 5.297280e+00 : 8.804603e-01
0716(994) (1.38e+00 1.69e+00) XE:1.69e-01 (1.20e+00 1.19e+00 | 7.25e-01 6.79e-01)	6.147327e+00 5.294663e+00 : 8.801531e-01
0739(1011) (1.41e+00 1.69e+00) XE:1.69e-01 (1.18e+00 1.19e+00 | 6.88e-01 6.78e-01)	6.145779e+00 5.293196e+00 : 8.799211e-01
0761(993) (2.00e+00 1.69e+00) XE:1.69e-01 (1.19e+00 1.19e+00 | 7.04e-01 6.79e-01)	6.143804e+00 5.290857e+00 : 8.795893e-01
0783(986) (1.62e+00 1.69e+00) XE:1.69e-01 (1.16e+00 1.19e+00 | 6.32e-01 6.79e-01)	6.142336e+00 5.291944e+00 : 8.795600e-01
0806(990) (1.73e+00 1.69e+00) XE:1.69e-01 (1.21e+00 1.19e+00 | 6.88e-01 6.79e-01)	6.139801e+00 5.290864e+00 : 8.792819e-01
0828(1001) (1.80e+00 1.69e+00) XE:1.69e-01 (1.21e+00 1.19e+00 | 7.04e-01 6.79e-01)	6.138679e+00 5.289947e+00 : 8.791251e-01
0851(1006) (1.42e+00 1.69e+00) XE:1.69e-01 (1.18e+00 1.19e+00 | 6.26e-01 6.79e-01)	6.138115e+00 5.288784e+00 : 8.789922e-01
0873(995) (1.75e+00 1.69e+00) XE:1.69e-01 (1.20e+00 1.19e+00 | 6.28e-01 6.79e-01)	6.136328e+00 5.285599e+00 : 8.786098e-01
0895(1004) (1.36e+00 1.69e+00) XE:1.69e-01 (1.16e+00 1.19e+00 | 6.64e-01 6.79e-01)	6.134454e+00 5.284533e+00 : 8.783837e-01
0918(1008) (1.42e+00 1.69e+00) XE:1.69e-01 (1.19e+00 1.19e+00 | 6.34e-01 6.79e-01)	6.133040e+00 5.281943e+00 : 8.780756e-01
0940(1005) (1.54e+00 1.69e+00) XE:1.69e-01 (1.20e+00 1.19e+00 | 6.68e-01 6.79e-01)	6.132017e+00 5.280446e+00 : 8.778818e-01
0963(982) (2.19e+00 1.69e+00) XE:1.69e-01 (1.19e+00 1.19e+00 | 6.74e-01 6.79e-01)	6.130198e+00 5.280733e+00 : 8.777639e-01
0985(1000) (1.94e+00 1.69e+00) XE:1.69e-01 (1.19e+00 1.19e+00 | 7.25e-01 6.78e-01)	6.127195e+00 5.278315e+00 : 8.773470e-01
1007(996) (1.98e+00 1.69e+00) XE:1.69e-01 (1.18e+00 1.19e+00 | 6.70e-01 6.79e-01)	6.125523e+00 5.277298e+00 : 8.771401e-01
1030(988) (1.71e+00 1.69e+00) XE:1.69e-01 (1.19e+00 1.19e+00 | 6.36e-01 6.79e-01)	6.123783e+00 5.276949e+00 : 8.769794e-01
1052(991) (1.46e+00 1.69e+00) XE:1.69e-01 (1.18e+00 1.19e+00 | 6.64e-01 6.79e-01)	6.120041e+00 5.275754e+00 : 8.765996e-01
1075(1002) (1.71e+00 1.69e+00) XE:1.69e-01 (1.17e+00 1.19e+00 | 7.67e-01 6.79e-01)	6.119126e+00 5.273887e+00 : 8.763856e-01
1097(996) (1.87e+00 1.69e+00) XE:1.69e-01 (1.16e+00 1.19e+00 | 5.99e-01 6.79e-01)	6.116646e+00 5.272456e+00 : 8.760847e-01
1120(991) (1.88e+00 1.69e+00) XE:1.69e-01 (1.22e+00 1.19e+00 | 7.35e-01 6.79e-01)	6.115633e+00 5.271649e+00 : 8.759448e-01
1142(1000) (1.90e+00 1.69e+00) XE:1.69e-01 (1.18e+00 1.19e+00 | 6.76e-01 6.78e-01)	6.114223e+00 5.270287e+00 : 8.757315e-01
1164(1015) (1.43e+00 1.69e+00) XE:1.69e-01 (1.18e+00 1.19e+00 | 6.44e-01 6.78e-01)	6.111718e+00 5.269959e+00 : 8.755136e-01
1187(1000) (1.61e+00 1.69e+00) XE:1.69e-01 (1.19e+00 1.19e+00 | 6.90e-01 6.78e-01)	6.111420e+00 5.268268e+00 : 8.753606e-01
1209(999) (1.71e+00 1.69e+00) XE:1.69e-01 (1.19e+00 1.19e+00 | 6.36e-01 6.78e-01)	6.111464e+00 5.267257e+00 : 8.752863e-01
1232(1019) (1.52e+00 1.69e+00) XE:1.69e-01 (1.21e+00 1.19e+00 | 7.31e-01 6.78e-01)	6.109180e+00 5.265906e+00 : 8.750066e-01
1254(994) (1.77e+00 1.69e+00) XE:1.69e-01 (1.19e+00 1.19e+00 | 6.84e-01 6.78e-01)	6.107521e+00 5.266232e+00 : 8.749040e-01
1277(1004) (1.38e+00 1.69e+00) XE:1.69e-01 (1.21e+00 1.19e+00 | 7.87e-01 6.78e-01)	6.107574e+00 5.265361e+00 : 8.748412e-01
1299(998) (1.58e+00 1.69e+00) XE:1.69e-01 (1.19e+00 1.19e+00 | 6.50e-01 6.77e-01)	6.106209e+00 5.264330e+00 : 8.746569e-01
1321(1010) (1.60e+00 1.69e+00) XE:1.69e-01 (1.19e+00 1.19e+00 | 6.76e-01 6.77e-01)	6.105598e+00 5.264257e+00 : 8.746043e-01
1344(999) (1.63e+00 1.69e+00) XE:1.69e-01 (1.21e+00 1.19e+00 | 6.70e-01 6.77e-01)	6.105010e+00 5.263274e+00 : 8.744834e-01
1366(1001) (1.53e+00 1.69e+00) XE:1.69e-01 (1.20e+00 1.19e+00 | 7.00e-01 6.77e-01)	6.102366e+00 5.262049e+00 : 8.741858e-01
1389(1003) (1.34e+00 1.69e+00) XE:1.69e-01 (1.19e+00 1.19e+00 | 7.51e-01 6.77e-01)	6.101588e+00 5.262169e+00 : 8.741352e-01
1411(990) (1.69e+00 1.69e+00) XE:1.69e-01 (1.19e+00 1.19e+00 | 6.88e-01 6.77e-01)	6.101549e+00 5.262346e+00 : 8.741458e-01
1433(999) (1.55e+00 1.69e+00) XE:1.69e-01 (1.19e+00 1.19e+00 | 7.10e-01 6.78e-01)	6.101223e+00 5.261949e+00 : 8.740902e-01
1456(1006) (1.84e+00 1.69e+00) XE:1.69e-01 (1.20e+00 1.19e+00 | 7.18e-01 6.78e-01)	6.100253e+00 5.261189e+00 : 8.739571e-01
1478(992) (2.03e+00 1.69e+00) XE:1.69e-01 (1.19e+00 1.19e+00 | 6.72e-01 6.78e-01)	6.098816e+00 5.260493e+00 : 8.737930e-01
1501(1004) (1.65e+00 1.69e+00) XE:1.69e-01 (1.19e+00 1.19e+00 | 6.76e-01 6.78e-01)	6.098538e+00 5.259625e+00 : 8.737049e-01
1523(971) (2.06e+00 1.69e+00) XE:1.69e-01 (1.18e+00 1.19e+00 | 7.49e-01 6.78e-01)	6.097659e+00 5.258721e+00 : 8.735677e-01
1546(1008) (1.70e+00 1.69e+00) XE:1.69e-01 (1.21e+00 1.19e+00 | 6.98e-01 6.78e-01)	6.096100e+00 5.257804e+00 : 8.733773e-01
1568(1003) (1.43e+00 1.69e+00) XE:1.69e-01 (1.19e+00 1.19e+00 | 6.36e-01 6.78e-01)	6.095477e+00 5.256881e+00 : 8.732583e-01
1590(996) (1.78e+00 1.69e+00) XE:1.69e-01 (1.17e+00 1.19e+00 | 6.40e-01 6.78e-01)	6.094900e+00 5.256836e+00 : 8.732104e-01
1613(999) (2.30e+00 1.69e+00) XE:1.69e-01 (1.20e+00 1.19e+00 | 6.44e-01 6.78e-01)	6.094194e+00 5.256718e+00 : 8.731471e-01
1635(1013) (1.94e+00 1.69e+00) XE:1.69e-01 (1.21e+00 1.19e+00 | 6.38e-01 6.78e-01)	6.092241e+00 5.255510e+00 : 8.729039e-01
1658(990) (1.87e+00 1.69e+00) XE:1.69e-01 (1.18e+00 1.19e+00 | 6.80e-01 6.78e-01)	6.091756e+00 5.254496e+00 : 8.727886e-01
1680(1000) (1.91e+00 1.69e+00) XE:1.69e-01 (1.21e+00 1.19e+00 | 6.30e-01 6.78e-01)	6.090722e+00 5.253007e+00 : 8.725945e-01
1702(996) (2.21e+00 1.69e+00) XE:1.69e-01 (1.19e+00 1.19e+00 | 6.68e-01 6.78e-01)	6.090420e+00 5.253203e+00 : 8.725864e-01
1725(989) (1.93e+00 1.69e+00) XE:1.69e-01 (1.22e+00 1.19e+00 | 6.68e-01 6.78e-01)	6.089886e+00 5.252576e+00 : 8.724971e-01
1747(1013) (1.71e+00 1.69e+00) XE:1.69e-01 (1.19e+00 1.19e+00 | 6.32e-01 6.78e-01)	6.089775e+00 5.252229e+00 : 8.724619e-01
1770(998) (1.53e+00 1.69e+00) XE:1.69e-01 (1.16e+00 1.19e+00 | 6.34e-01 6.78e-01)	6.089331e+00 5.251600e+00 : 8.723793e-01
1792(1009) (1.58e+00 1.69e+00) XE:1.69e-01 (1.19e+00 1.19e+00 | 7.39e-01 6.78e-01)	6.086832e+00 5.249360e+00 : 8.720148e-01
1815(998) (1.62e+00 1.69e+00) XE:1.69e-01 (1.20e+00 1.19e+00 | 7.39e-01 6.78e-01)	6.086587e+00 5.249034e+00 : 8.719709e-01
1837(994) (1.79e+00 1.69e+00) XE:1.69e-01 (1.21e+00 1.19e+00 | 7.61e-01 6.78e-01)	6.085607e+00 5.248456e+00 : 8.718510e-01
1859(996) (2.00e+00 1.69e+00) XE:1.69e-01 (1.19e+00 1.19e+00 | 7.18e-01 6.78e-01)	6.085758e+00 5.248199e+00 : 8.718429e-01
1882(1002) (1.73e+00 1.69e+00) XE:1.69e-01 (1.21e+00 1.19e+00 | 7.51e-01 6.78e-01)	6.084737e+00 5.247134e+00 : 8.716824e-01
1904(1011) (1.41e+00 1.69e+00) XE:1.69e-01 (1.18e+00 1.19e+00 | 6.88e-01 6.78e-01)	6.084220e+00 5.246174e+00 : 8.715688e-01
1927(1002) (1.25e+00 1.69e+00) XE:1.69e-01 (1.19e+00 1.19e+00 | 6.92e-01 6.78e-01)	6.084339e+00 5.246056e+00 : 8.715689e-01
1949(995) (1.94e+00 1.69e+00) XE:1.69e-01 (1.18e+00 1.19e+00 | 7.25e-01 6.79e-01)	6.083933e+00 5.246047e+00 : 8.715369e-01
1971(1004) (1.69e+00 1.69e+00) XE:1.69e-01 (1.17e+00 1.19e+00 | 7.02e-01 6.79e-01)	6.083678e+00 5.245961e+00 : 8.715107e-01
1994(1001) (1.61e+00 1.69e+00) XE:1.69e-01 (1.19e+00 1.19e+00 | 7.14e-01 6.79e-01)	6.082629e+00 5.245623e+00 : 8.714040e-01
2016(999) (2.03e+00 1.69e+00) XE:1.69e-01 (1.18e+00 1.19e+00 | 6.92e-01 6.79e-01)	6.081761e+00 5.245475e+00 : 8.713259e-01
2039(1002) (1.34e+00 1.69e+00) XE:1.69e-01 (1.18e+00 1.19e+00 | 6.84e-01 6.79e-01)	6.081907e+00 5.245712e+00 : 8.713553e-01
2061(1002) (1.65e+00 1.69e+00) XE:1.69e-01 (1.23e+00 1.19e+00 | 7.00e-01 6.79e-01)	6.081778e+00 5.245726e+00 : 8.713464e-01
2083(989) (1.29e+00 1.69e+00) XE:1.69e-01 (1.21e+00 1.19e+00 | 6.76e-01 6.79e-01)	6.081411e+00 5.244859e+00 : 8.712515e-01
2106(996) (1.98e+00 1.69e+00) XE:1.69e-01 (1.20e+00 1.19e+00 | 6.96e-01 6.79e-01)	6.081394e+00 5.244209e+00 : 8.712002e-01
2128(983) (1.83e+00 1.69e+00) XE:1.69e-01 (1.20e+00 1.19e+00 | 7.35e-01 6.79e-01)	6.081007e+00 5.243145e+00 : 8.710887e-01
2151(1003) (1.64e+00 1.69e+00) XE:1.69e-01 (1.21e+00 1.19e+00 | 7.12e-01 6.79e-01)	6.080893e+00 5.243065e+00 : 8.710736e-01
2173(1003) (1.74e+00 1.69e+00) XE:1.69e-01 (1.20e+00 1.19e+00 | 7.25e-01 6.79e-01)	6.080659e+00 5.243098e+00 : 8.710582e-01
2195(997) (1.94e+00 1.69e+00) XE:1.69e-01 (1.19e+00 1.19e+00 | 6.58e-01 6.79e-01)	6.080462e+00 5.242797e+00 : 8.710200e-01
2218(1002) (1.75e+00 1.69e+00) XE:1.69e-01 (1.22e+00 1.19e+00 | 7.10e-01 6.79e-01)	6.080186e+00 5.242905e+00 : 8.710070e-01
2240(995) (1.94e+00 1.69e+00) XE:1.69e-01 (1.19e+00 1.19e+00 | 6.60e-01 6.79e-01)	6.080226e+00 5.242772e+00 : 8.709999e-01
2263(990) (1.82e+00 1.69e+00) XE:1.69e-01 (1.20e+00 1.19e+00 | 6.54e-01 6.79e-01)	6.079273e+00 5.242590e+00 : 8.709126e-01
2285(1003) (1.87e+00 1.69e+00) XE:1.69e-01 (1.21e+00 1.19e+00 | 6.52e-01 6.79e-01)	6.079595e+00 5.242559e+00 : 8.709350e-01
2308(997) (1.50e+00 1.69e+00) XE:1.69e-01 (1.17e+00 1.19e+00 | 6.54e-01 6.79e-01)	6.079043e+00 5.242535e+00 : 8.708906e-01
2330(991) (1.86e+00 1.69e+00) XE:1.69e-01 (1.19e+00 1.19e+00 | 6.84e-01 6.79e-01)	6.078829e+00 5.241869e+00 : 8.708229e-01
2352(1008) (1.86e+00 1.69e+00) XE:1.69e-01 (1.18e+00 1.19e+00 | 6.38e-01 6.79e-01)	6.079067e+00 5.241229e+00 : 8.707920e-01
2375(996) (1.98e+00 1.69e+00) XE:1.69e-01 (1.18e+00 1.19e+00 | 6.88e-01 6.79e-01)	6.079332e+00 5.241460e+00 : 8.708301e-01
2397(1011) (1.46e+00 1.69e+00) XE:1.69e-01 (1.19e+00 1.19e+00 | 6.74e-01 6.79e-01)	6.079204e+00 5.241426e+00 : 8.708177e-01
2420(1004) (1.54e+00 1.69e+00) XE:1.69e-01 (1.18e+00 1.19e+00 | 6.60e-01 6.79e-01)	6.079446e+00 5.241039e+00 : 8.708065e-01
2442(996) (1.65e+00 1.68e+00) XE:1.68e-01 (1.19e+00 1.19e+00 | 6.84e-01 6.79e-01)	6.079227e+00 5.241303e+00 : 8.708100e-01
2464(995) (2.10e+00 1.68e+00) XE:1.68e-01 (1.19e+00 1.19e+00 | 6.78e-01 6.79e-01)	6.079319e+00 5.241207e+00 : 8.708097e-01
2487(990) (1.73e+00 1.68e+00) XE:1.68e-01 (1.20e+00 1.19e+00 | 6.38e-01 6.79e-01)	6.078499e+00 5.241187e+00 : 8.707451e-01
2509(996) (1.87e+00 1.68e+00) XE:1.68e-01 (1.17e+00 1.19e+00 | 5.87e-01 6.79e-01)	6.078517e+00 5.241056e+00 : 8.707364e-01
2532(1004) (1.34e+00 1.68e+00) XE:1.68e-01 (1.18e+00 1.19e+00 | 6.90e-01 6.79e-01)	6.077775e+00 5.240217e+00 : 8.706147e-01
2554(1005) (1.99e+00 1.69e+00) XE:1.69e-01 (1.19e+00 1.19e+00 | 6.52e-01 6.79e-01)	6.077539e+00 5.239789e+00 : 8.705637e-01
2577(983) (1.71e+00 1.68e+00) XE:1.68e-01 (1.20e+00 1.19e+00 | 6.28e-01 6.79e-01)	6.077418e+00 5.239399e+00 : 8.705244e-01
2599(1009) (1.82e+00 1.69e+00) XE:1.69e-01 (1.18e+00 1.19e+00 | 6.50e-01 6.79e-01)	6.076290e+00 5.238903e+00 : 8.703995e-01
2621(992) (1.96e+00 1.69e+00) XE:1.69e-01 (1.18e+00 1.19e+00 | 6.12e-01 6.79e-01)	6.076124e+00 5.238545e+00 : 8.703592e-01
2644(977) (1.69e+00 1.68e+00) XE:1.68e-01 (1.19e+00 1.19e+00 | 6.09e-01 6.79e-01)	6.076221e+00 5.238624e+00 : 8.703727e-01
2666(997) (1.84e+00 1.68e+00) XE:1.68e-01 (1.18e+00 1.19e+00 | 6.76e-01 6.79e-01)	6.076257e+00 5.238297e+00 : 8.703503e-01
2689(1004) (2.07e+00 1.68e+00) XE:1.68e-01 (1.20e+00 1.19e+00 | 7.18e-01 6.79e-01)	6.075958e+00 5.237879e+00 : 8.702952e-01
2714(1008) (1.76e+00 1.68e+00) XE:1.68e-01 (1.19e+00 1.19e+00 | 6.22e-01 6.79e-01)	6.075328e+00 5.237777e+00 : 8.702388e-01
2740(999) (1.91e+00 1.68e+00) XE:1.68e-01 (1.19e+00 1.19e+00 | 7.12e-01 6.79e-01)	6.074633e+00 5.237309e+00 : 8.701494e-01
2765(1008) (1.35e+00 1.68e+00) XE:1.68e-01 (1.18e+00 1.19e+00 | 6.88e-01 6.79e-01)	6.074270e+00 5.237183e+00 : 8.701117e-01
2791(993) (2.00e+00 1.68e+00) XE:1.68e-01 (1.20e+00 1.19e+00 | 7.14e-01 6.79e-01)	6.073955e+00 5.237354e+00 : 8.701006e-01
2817(992) (1.46e+00 1.68e+00) XE:1.68e-01 (1.18e+00 1.19e+00 | 7.10e-01 6.79e-01)	6.073138e+00 5.236857e+00 : 8.699996e-01
2843(992) (1.45e+00 1.68e+00) XE:1.68e-01 (1.18e+00 1.19e+00 | 7.06e-01 6.79e-01)	6.072851e+00 5.236802e+00 : 8.699733e-01
2866(996) (1.91e+00 1.68e+00) XE:1.68e-01 (1.20e+00 1.19e+00 | 6.68e-01 6.79e-01)	6.072659e+00 5.236687e+00 : 8.699496e-01
2888(1007) (1.53e+00 1.68e+00) XE:1.68e-01 (1.16e+00 1.19e+00 | 6.88e-01 6.79e-01)	6.071736e+00 5.236090e+00 : 8.698328e-01
2911(1015) (1.40e+00 1.68e+00) XE:1.68e-01 (1.19e+00 1.19e+00 | 6.70e-01 6.79e-01)	6.071616e+00 5.235904e+00 : 8.698092e-01
2934(993) (2.24e+00 1.68e+00) XE:1.68e-01 (1.19e+00 1.19e+00 | 6.72e-01 6.79e-01)	6.071368e+00 5.235646e+00 : 8.697703e-01
2956(1001) (1.79e+00 1.68e+00) XE:1.68e-01 (1.19e+00 1.19e+00 | 6.96e-01 6.79e-01)	6.070991e+00 5.235571e+00 : 8.697355e-01
2979(1000) (1.44e+00 1.68e+00) XE:1.68e-01 (1.19e+00 1.19e+00 | 6.84e-01 6.79e-01)	6.071140e+00 5.235465e+00 : 8.697388e-01
3001(999) (2.01e+00 1.68e+00) XE:1.68e-01 (1.19e+00 1.19e+00 | 6.88e-01 6.79e-01)	6.070005e+00 5.235294e+00 : 8.696383e-01
3024(989) (2.00e+00 1.68e+00) XE:1.68e-01 (1.21e+00 1.19e+00 | 6.84e-01 6.79e-01)	6.069655e+00 5.234661e+00 : 8.695627e-01
3047(996) (1.65e+00 1.68e+00) XE:1.68e-01 (1.16e+00 1.19e+00 | 6.28e-01 6.79e-01)	6.070115e+00 5.235140e+00 : 8.696350e-01
3069(1017) (1.25e+00 1.68e+00) XE:1.68e-01 (1.19e+00 1.19e+00 | 6.62e-01 6.79e-01)	6.069898e+00 5.234536e+00 : 8.695718e-01
3092(1011) (1.79e+00 1.68e+00) XE:1.68e-01 (1.21e+00 1.19e+00 | 7.55e-01 6.79e-01)	6.069439e+00 5.234401e+00 : 8.695261e-01
3114(979) (2.14e+00 1.68e+00) XE:1.68e-01 (1.20e+00 1.19e+00 | 7.08e-01 6.79e-01)	6.069412e+00 5.233859e+00 : 8.694824e-01
3137(1009) (1.66e+00 1.68e+00) XE:1.68e-01 (1.19e+00 1.19e+00 | 6.62e-01 6.79e-01)	6.068553e+00 5.233542e+00 : 8.693920e-01
3160(991) (1.61e+00 1.68e+00) XE:1.68e-01 (1.19e+00 1.19e+00 | 7.45e-01 6.79e-01)	6.068173e+00 5.233464e+00 : 8.693567e-01
3182(996) (1.33e+00 1.68e+00) XE:1.68e-01 (1.19e+00 1.19e+00 | 6.56e-01 6.79e-01)	6.068057e+00 5.233191e+00 : 8.693267e-01
3205(998) (2.00e+00 1.68e+00) XE:1.68e-01 (1.17e+00 1.19e+00 | 6.22e-01 6.79e-01)	6.067624e+00 5.232937e+00 : 8.692739e-01
3228(998) (1.72e+00 1.68e+00) XE:1.68e-01 (1.21e+00 1.19e+00 | 6.68e-01 6.79e-01)	6.067808e+00 5.232739e+00 : 8.692729e-01
3250(1008) (1.89e+00 1.68e+00) XE:1.68e-01 (1.18e+00 1.19e+00 | 6.82e-01 6.79e-01)	6.067462e+00 5.232665e+00 : 8.692405e-01
3273(1008) (1.45e+00 1.68e+00) XE:1.68e-01 (1.21e+00 1.19e+00 | 7.02e-01 6.79e-01)	6.067458e+00 5.232300e+00 : 8.692121e-01
3295(1008) (1.62e+00 1.68e+00) XE:1.68e-01 (1.17e+00 1.19e+00 | 6.42e-01 6.79e-01)	6.067455e+00 5.231889e+00 : 8.691803e-01
3318(1000) (1.77e+00 1.68e+00) XE:1.68e-01 (1.18e+00 1.19e+00 | 7.25e-01 6.79e-01)	6.066675e+00 5.231951e+00 : 8.691251e-01
3341(986) (1.72e+00 1.68e+00) XE:1.68e-01 (1.17e+00 1.19e+00 | 7.06e-01 6.79e-01)	6.066908e+00 5.231801e+00 : 8.691315e-01
3363(1003) (1.71e+00 1.68e+00) XE:1.68e-01 (1.19e+00 1.19e+00 | 6.94e-01 6.79e-01)	6.066607e+00 5.231608e+00 : 8.690934e-01
3386(995) (1.70e+00 1.68e+00) XE:1.68e-01 (1.17e+00 1.19e+00 | 6.90e-01 6.79e-01)	6.065951e+00 5.231126e+00 : 8.690059e-01
3408(1004) (1.82e+00 1.68e+00) XE:1.68e-01 (1.17e+00 1.19e+00 | 6.40e-01 6.79e-01)	6.066024e+00 5.231176e+00 : 8.690154e-01
3431(996) (1.63e+00 1.68e+00) XE:1.68e-01 (1.24e+00 1.19e+00 | 6.80e-01 6.79e-01)	6.066384e+00 5.231009e+00 : 8.690302e-01
3454(1012) (1.66e+00 1.68e+00) XE:1.68e-01 (1.18e+00 1.19e+00 | 6.30e-01 6.79e-01)	6.066023e+00 5.230863e+00 : 8.689913e-01
3476(1004) (1.90e+00 1.68e+00) XE:1.68e-01 (1.19e+00 1.19e+00 | 6.26e-01 6.79e-01)	6.065833e+00 5.230795e+00 : 8.689714e-01
3499(1000) (1.63e+00 1.68e+00) XE:1.68e-01 (1.20e+00 1.19e+00 | 6.46e-01 6.79e-01)	6.065611e+00 5.230648e+00 : 8.689430e-01
3522(1007) (1.61e+00 1.68e+00) XE:1.68e-01 (1.18e+00 1.19e+00 | 6.46e-01 6.79e-01)	6.065436e+00 5.230476e+00 : 8.689164e-01
3544(996) (1.75e+00 1.68e+00) XE:1.68e-01 (1.23e+00 1.19e+00 | 7.41e-01 6.79e-01)	6.065543e+00 5.230428e+00 : 8.689209e-01
3567(1011) (1.46e+00 1.68e+00) XE:1.68e-01 (1.20e+00 1.19e+00 | 6.36e-01 6.79e-01)	6.065474e+00 5.230214e+00 : 8.688991e-01
3589(1000) (1.56e+00 1.68e+00) XE:1.68e-01 (1.22e+00 1.19e+00 | 6.44e-01 6.79e-01)	6.065322e+00 5.230110e+00 : 8.688794e-01
3612(1005) (1.78e+00 1.68e+00) XE:1.68e-01 (1.24e+00 1.19e+00 | 6.86e-01 6.79e-01)	6.065350e+00 5.230296e+00 : 8.688958e-01
3635(986) (1.90e+00 1.68e+00) XE:1.68e-01 (1.20e+00 1.19e+00 | 5.89e-01 6.79e-01)	6.064931e+00 5.230170e+00 : 8.688539e-01
3657(996) (2.16e+00 1.68e+00) XE:1.68e-01 (1.18e+00 1.19e+00 | 6.90e-01 6.79e-01)	6.064443e+00 5.230137e+00 : 8.688139e-01
3680(998) (1.71e+00 1.68e+00) XE:1.68e-01 (1.17e+00 1.19e+00 | 6.16e-01 6.79e-01)	6.064267e+00 5.229832e+00 : 8.687769e-01
3702(985) (2.08e+00 1.68e+00) XE:1.68e-01 (1.19e+00 1.19e+00 | 6.66e-01 6.79e-01)	6.064428e+00 5.229663e+00 : 8.687762e-01
3725(987) (1.73e+00 1.68e+00) XE:1.68e-01 (1.19e+00 1.19e+00 | 6.82e-01 6.79e-01)	6.064014e+00 5.229260e+00 : 8.687134e-01
3748(1006) (1.68e+00 1.68e+00) XE:1.68e-01 (1.19e+00 1.19e+00 | 6.48e-01 6.79e-01)	6.064241e+00 5.228943e+00 : 8.687065e-01
3770(1008) (1.94e+00 1.68e+00) XE:1.68e-01 (1.19e+00 1.19e+00 | 7.18e-01 6.79e-01)	6.064081e+00 5.228849e+00 : 8.686869e-01
3793(989) (1.66e+00 1.68e+00) XE:1.68e-01 (1.21e+00 1.19e+00 | 7.37e-01 6.79e-01)	6.064122e+00 5.228396e+00 : 8.686553e-01
3815(996) (1.60e+00 1.68e+00) XE:1.68e-01 (1.16e+00 1.19e+00 | 6.70e-01 6.79e-01)	6.063802e+00 5.228268e+00 : 8.686208e-01
3838(1001) (1.97e+00 1.68e+00) XE:1.68e-01 (1.17e+00 1.19e+00 | 7.27e-01 6.79e-01)	6.063594e+00 5.228023e+00 : 8.685859e-01
3861(982) (1.85e+00 1.68e+00) XE:1.68e-01 (1.20e+00 1.19e+00 | 7.59e-01 6.79e-01)	6.063465e+00 5.227859e+00 : 8.685634e-01
3883(994) (2.09e+00 1.68e+00) XE:1.68e-01 (1.21e+00 1.19e+00 | 7.23e-01 6.79e-01)	6.063445e+00 5.227552e+00 : 8.685382e-01
3906(1004) (1.74e+00 1.68e+00) XE:1.68e-01 (1.20e+00 1.19e+00 | 6.64e-01 6.78e-01)	6.063526e+00 5.227624e+00 : 8.685500e-01
3929(1004) (1.70e+00 1.68e+00) XE:1.68e-01 (1.20e+00 1.19e+00 | 7.06e-01 6.79e-01)	6.063342e+00 5.227476e+00 : 8.685245e-01
3951(988) (1.82e+00 1.68e+00) XE:1.68e-01 (1.19e+00 1.19e+00 | 6.94e-01 6.79e-01)	6.062977e+00 5.227114e+00 : 8.684686e-01
3974(994) (1.51e+00 1.68e+00) XE:1.68e-01 (1.21e+00 1.19e+00 | 6.64e-01 6.79e-01)	6.062833e+00 5.226692e+00 : 8.684250e-01
3996(998) (1.19e+00 1.68e+00) XE:1.68e-01 (1.17e+00 1.19e+00 | 6.44e-01 6.79e-01)	6.063005e+00 5.226668e+00 : 8.684364e-01
4019(1000) (2.12e+00 1.68e+00) XE:1.68e-01 (1.21e+00 1.19e+00 | 6.90e-01 6.79e-01)	6.063023e+00 5.226540e+00 : 8.684279e-01
4042(987) (2.00e+00 1.68e+00) XE:1.68e-01 (1.21e+00 1.19e+00 | 7.06e-01 6.79e-01)	6.062760e+00 5.226319e+00 : 8.683908e-01
4064(1002) (1.67e+00 1.68e+00) XE:1.68e-01 (1.19e+00 1.19e+00 | 6.72e-01 6.79e-01)	6.062750e+00 5.226276e+00 : 8.683866e-01
4087(1000) (1.81e+00 1.68e+00) XE:1.68e-01 (1.20e+00 1.19e+00 | 7.14e-01 6.79e-01)	6.062159e+00 5.226179e+00 : 8.683337e-01
4109(1009) (1.61e+00 1.68e+00) XE:1.68e-01 (1.20e+00 1.19e+00 | 6.86e-01 6.79e-01)	6.062082e+00 5.226234e+00 : 8.683319e-01
4132(1005) (1.56e+00 1.68e+00) XE:1.68e-01 (1.19e+00 1.19e+00 | 6.98e-01 6.79e-01)	6.061759e+00 5.225845e+00 : 8.682772e-01
4155(999) (1.84e+00 1.68e+00) XE:1.68e-01 (1.22e+00 1.19e+00 | 6.68e-01 6.79e-01)	6.061498e+00 5.225759e+00 : 8.682506e-01
4177(1009) (1.26e+00 1.68e+00) XE:1.68e-01 (1.21e+00 1.19e+00 | 6.84e-01 6.79e-01)	6.061835e+00 5.226034e+00 : 8.682976e-01
4200(1001) (1.88e+00 1.68e+00) XE:1.68e-01 (1.20e+00 1.19e+00 | 6.58e-01 6.79e-01)	6.061705e+00 5.225780e+00 : 8.682680e-01
4223(1001) (1.26e+00 1.68e+00) XE:1.68e-01 (1.15e+00 1.19e+00 | 6.18e-01 6.79e-01)	6.061209e+00 5.225737e+00 : 8.682267e-01
4245(1003) (1.80e+00 1.68e+00) XE:1.68e-01 (1.18e+00 1.19e+00 | 6.78e-01 6.79e-01)	6.061059e+00 5.225463e+00 : 8.681940e-01
4268(998) (1.67e+00 1.68e+00) XE:1.68e-01 (1.20e+00 1.19e+00 | 6.56e-01 6.79e-01)	6.060488e+00 5.225143e+00 : 8.681255e-01
4290(997) (2.06e+00 1.68e+00) XE:1.68e-01 (1.18e+00 1.19e+00 | 6.84e-01 6.79e-01)	6.060603e+00 5.225201e+00 : 8.681388e-01
4313(1010) (1.51e+00 1.68e+00) XE:1.68e-01 (1.22e+00 1.19e+00 | 6.66e-01 6.79e-01)	6.060845e+00 5.225388e+00 : 8.681718e-01
4336(989) (1.83e+00 1.68e+00) XE:1.68e-01 (1.18e+00 1.19e+00 | 6.94e-01 6.78e-01)	6.060720e+00 5.225319e+00 : 8.681568e-01
4358(998) (1.83e+00 1.68e+00) XE:1.68e-01 (1.19e+00 1.19e+00 | 7.25e-01 6.79e-01)	6.060861e+00 5.225383e+00 : 8.681726e-01
4381(1000) (1.89e+00 1.68e+00) XE:1.68e-01 (1.20e+00 1.19e+00 | 6.84e-01 6.79e-01)	6.060650e+00 5.225223e+00 : 8.681441e-01
4404(1002) (1.42e+00 1.68e+00) XE:1.68e-01 (1.16e+00 1.19e+00 | 6.56e-01 6.79e-01)	6.060761e+00 5.225449e+00 : 8.681700e-01
4426(995) (1.75e+00 1.68e+00) XE:1.68e-01 (1.22e+00 1.19e+00 | 6.32e-01 6.79e-01)	6.060795e+00 5.225242e+00 : 8.681567e-01
4449(1001) (1.27e+00 1.68e+00) XE:1.68e-01 (1.20e+00 1.19e+00 | 6.64e-01 6.79e-01)	6.061054e+00 5.225133e+00 : 8.681682e-01
4471(1023) (1.63e+00 1.68e+00) XE:1.68e-01 (1.18e+00 1.19e+00 | 6.70e-01 6.79e-01)	6.061043e+00 5.225285e+00 : 8.681791e-01
4494(1001) (1.77e+00 1.68e+00) XE:1.68e-01 (1.19e+00 1.19e+00 | 6.38e-01 6.79e-01)	6.060928e+00 5.225112e+00 : 8.681570e-01
4517(998) (1.84e+00 1.68e+00) XE:1.68e-01 (1.18e+00 1.19e+00 | 6.74e-01 6.79e-01)	6.060293e+00 5.225153e+00 : 8.681112e-01
4539(1007) (1.49e+00 1.68e+00) XE:1.68e-01 (1.15e+00 1.19e+00 | 6.86e-01 6.79e-01)	6.060165e+00 5.225300e+00 : 8.681127e-01
4562(986) (2.11e+00 1.68e+00) XE:1.68e-01 (1.19e+00 1.19e+00 | 7.23e-01 6.79e-01)	6.059821e+00 5.225272e+00 : 8.680841e-01
4584(1010) (1.90e+00 1.68e+00) XE:1.68e-01 (1.23e+00 1.19e+00 | 7.00e-01 6.79e-01)	6.059639e+00 5.224775e+00 : 8.680319e-01
4607(982) (2.13e+00 1.68e+00) XE:1.68e-01 (1.19e+00 1.19e+00 | 6.54e-01 6.79e-01)	6.058873e+00 5.224601e+00 : 8.679595e-01
4630(1003) (1.81e+00 1.68e+00) XE:1.68e-01 (1.22e+00 1.19e+00 | 7.04e-01 6.79e-01)	6.059437e+00 5.224973e+00 : 8.680316e-01
4652(997) (1.72e+00 1.68e+00) XE:1.68e-01 (1.17e+00 1.19e+00 | 6.76e-01 6.79e-01)	6.059339e+00 5.224807e+00 : 8.680112e-01
4675(998) (1.64e+00 1.68e+00) XE:1.68e-01 (1.16e+00 1.19e+00 | 6.30e-01 6.79e-01)	6.059392e+00 5.224766e+00 : 8.680122e-01
4697(1001) (1.30e+00 1.68e+00) XE:1.68e-01 (1.19e+00 1.19e+00 | 6.58e-01 6.79e-01)	6.059397e+00 5.224566e+00 : 8.679972e-01
4720(995) (1.86e+00 1.68e+00) XE:1.68e-01 (1.19e+00 1.19e+00 | 6.32e-01 6.79e-01)	6.058909e+00 5.224390e+00 : 8.679461e-01
4743(988) (1.77e+00 1.68e+00) XE:1.68e-01 (1.20e+00 1.19e+00 | 7.14e-01 6.79e-01)	6.058811e+00 5.224331e+00 : 8.679340e-01
4765(1005) (1.80e+00 1.68e+00) XE:1.68e-01 (1.17e+00 1.19e+00 | 6.60e-01 6.79e-01)	6.058973e+00 5.224026e+00 : 8.679231e-01
4788(1010) (1.44e+00 1.68e+00) XE:1.68e-01 (1.16e+00 1.19e+00 | 7.12e-01 6.79e-01)	6.058818e+00 5.224056e+00 : 8.679134e-01
4811(989) (1.96e+00 1.68e+00) XE:1.68e-01 (1.18e+00 1.19e+00 | 6.86e-01 6.79e-01)	6.058885e+00 5.223982e+00 : 8.679128e-01
4833(1019) (1.49e+00 1.68e+00) XE:1.68e-01 (1.19e+00 1.19e+00 | 6.38e-01 6.79e-01)	6.058875e+00 5.223754e+00 : 8.678945e-01
4856(1002) (1.55e+00 1.68e+00) XE:1.68e-01 (1.21e+00 1.19e+00 | 6.38e-01 6.79e-01)	6.058625e+00 5.223281e+00 : 8.678389e-01
4878(1009) (1.62e+00 1.68e+00) XE:1.68e-01 (1.19e+00 1.19e+00 | 7.20e-01 6.79e-01)	6.058100e+00 5.222951e+00 : 8.677732e-01
4901(1001) (1.81e+00 1.68e+00) XE:1.68e-01 (1.22e+00 1.19e+00 | 6.92e-01 6.79e-01)	6.058108e+00 5.222657e+00 : 8.677511e-01
4924(1000) (1.51e+00 1.68e+00) XE:1.68e-01 (1.18e+00 1.19e+00 | 6.64e-01 6.79e-01)	6.057612e+00 5.222738e+00 : 8.677192e-01
4946(1008) (1.47e+00 1.68e+00) XE:1.68e-01 (1.21e+00 1.19e+00 | 6.70e-01 6.79e-01)	6.057429e+00 5.222661e+00 : 8.676992e-01
4969(988) (1.96e+00 1.68e+00) XE:1.68e-01 (1.21e+00 1.19e+00 | 7.00e-01 6.79e-01)	6.057141e+00 5.222641e+00 : 8.676756e-01
4992(1001) (1.38e+00 1.68e+00) XE:1.68e-01 (1.19e+00 1.19e+00 | 6.80e-01 6.79e-01)	6.057407e+00 5.222768e+00 : 8.677057e-01
5014(1002) (1.58e+00 1.68e+00) XE:1.68e-01 (1.20e+00 1.19e+00 | 6.62e-01 6.79e-01)	6.057342e+00 5.222898e+00 : 8.677108e-01
5037(997) (1.78e+00 1.68e+00) XE:1.68e-01 (1.21e+00 1.19e+00 | 7.67e-01 6.79e-01)	6.056979e+00 5.223009e+00 : 8.676914e-01
5059(993) (2.36e+00 1.68e+00) XE:1.68e-01 (1.20e+00 1.19e+00 | 6.98e-01 6.79e-01)	6.056728e+00 5.222798e+00 : 8.676558e-01
5082(1001) (1.72e+00 1.68e+00) XE:1.68e-01 (1.18e+00 1.19e+00 | 6.34e-01 6.79e-01)	6.056659e+00 5.222637e+00 : 8.676382e-01
5105(1010) (1.35e+00 1.68e+00) XE:1.68e-01 (1.20e+00 1.19e+00 | 6.46e-01 6.79e-01)	6.056675e+00 5.222811e+00 : 8.676528e-01
5127(978) (2.62e+00 1.68e+00) XE:1.68e-01 (1.19e+00 1.19e+00 | 6.56e-01 6.79e-01)	6.056156e+00 5.222393e+00 : 8.675807e-01
5150(1001) (1.27e+00 1.68e+00) XE:1.68e-01 (1.21e+00 1.19e+00 | 7.14e-01 6.79e-01)	6.056118e+00 5.222406e+00 : 8.675787e-01
5173(1003) (1.97e+00 1.68e+00) XE:1.68e-01 (1.21e+00 1.19e+00 | 6.98e-01 6.79e-01)	6.055827e+00 5.222251e+00 : 8.675444e-01
5195(1003) (1.74e+00 1.68e+00) XE:1.68e-01 (1.19e+00 1.19e+00 | 6.78e-01 6.79e-01)	6.055633e+00 5.222151e+00 : 8.675218e-01
5218(1012) (1.62e+00 1.68e+00) XE:1.68e-01 (1.18e+00 1.19e+00 | 6.38e-01 6.79e-01)	6.055646e+00 5.222149e+00 : 8.675227e-01
5240(1001) (1.87e+00 1.68e+00) XE:1.68e-01 (1.20e+00 1.19e+00 | 6.74e-01 6.79e-01)	6.055739e+00 5.222239e+00 : 8.675368e-01
5263(1003) (1.38e+00 1.68e+00) XE:1.68e-01 (1.18e+00 1.19e+00 | 5.97e-01 6.79e-01)	6.055723e+00 5.222379e+00 : 8.675463e-01
5286(997) (1.78e+00 1.68e+00) XE:1.68e-01 (1.17e+00 1.19e+00 | 6.56e-01 6.79e-01)	6.055419e+00 5.222230e+00 : 8.675115e-01
5308(1012) (1.79e+00 1.68e+00) XE:1.68e-01 (1.22e+00 1.19e+00 | 7.14e-01 6.79e-01)	6.055313e+00 5.222135e+00 : 8.674960e-01
5331(1001) (1.87e+00 1.68e+00) XE:1.68e-01 (1.19e+00 1.19e+00 | 6.76e-01 6.79e-01)	6.054953e+00 5.221828e+00 : 8.674447e-01
5353(995) (1.60e+00 1.68e+00) XE:1.68e-01 (1.22e+00 1.19e+00 | 6.48e-01 6.79e-01)	6.055016e+00 5.221750e+00 : 8.674435e-01
5376(999) (1.68e+00 1.68e+00) XE:1.68e-01 (1.20e+00 1.19e+00 | 6.42e-01 6.79e-01)	6.054647e+00 5.221293e+00 : 8.673800e-01
5399(1010) (1.45e+00 1.68e+00) XE:1.68e-01 (1.15e+00 1.19e+00 | 6.56e-01 6.79e-01)	6.054833e+00 5.221355e+00 : 8.673990e-01
5421(1009) (1.50e+00 1.68e+00) XE:1.68e-01 (1.19e+00 1.19e+00 | 6.78e-01 6.79e-01)	6.055077e+00 5.221177e+00 : 8.674042e-01
5444(997) (1.58e+00 1.68e+00) XE:1.68e-01 (1.20e+00 1.19e+00 | 6.38e-01 6.79e-01)	6.054727e+00 5.220937e+00 : 8.673588e-01
5466(1002) (1.29e+00 1.68e+00) XE:1.68e-01 (1.20e+00 1.19e+00 | 7.29e-01 6.79e-01)	6.054717e+00 5.220779e+00 : 8.673458e-01
5489(1002) (1.20e+00 1.68e+00) XE:1.68e-01 (1.20e+00 1.19e+00 | 7.51e-01 6.79e-01)	6.054172e+00 5.220770e+00 : 8.673032e-01
5512(1012) (1.63e+00 1.68e+00) XE:1.68e-01 (1.19e+00 1.19e+00 | 7.33e-01 6.79e-01)	6.054241e+00 5.220690e+00 : 8.673024e-01
5534(1004) (1.40e+00 1.68e+00) XE:1.68e-01 (1.19e+00 1.19e+00 | 6.12e-01 6.79e-01)	6.054172e+00 5.220760e+00 : 8.673025e-01
5557(997) (1.31e+00 1.68e+00) XE:1.68e-01 (1.20e+00 1.19e+00 | 7.00e-01 6.79e-01)	6.054367e+00 5.220725e+00 : 8.673147e-01
5580(991) (1.87e+00 1.68e+00) XE:1.68e-01 (1.22e+00 1.19e+00 | 7.95e-01 6.79e-01)	6.054193e+00 5.220728e+00 : 8.673016e-01
5602(1004) (1.65e+00 1.68e+00) XE:1.68e-01 (1.18e+00 1.19e+00 | 6.50e-01 6.79e-01)	6.054251e+00 5.220563e+00 : 8.672934e-01
5625(1004) (1.46e+00 1.68e+00) XE:1.68e-01 (1.20e+00 1.19e+00 | 7.45e-01 6.79e-01)	6.054208e+00 5.220625e+00 : 8.672948e-01
5647(996) (1.68e+00 1.68e+00) XE:1.68e-01 (1.19e+00 1.19e+00 | 6.34e-01 6.79e-01)	6.054155e+00 5.220411e+00 : 8.672743e-01
5670(987) (1.86e+00 1.68e+00) XE:1.68e-01 (1.19e+00 1.19e+00 | 6.70e-01 6.79e-01)	6.054240e+00 5.220539e+00 : 8.672907e-01
5693(993) (1.72e+00 1.68e+00) XE:1.68e-01 (1.19e+00 1.19e+00 | 7.08e-01 6.79e-01)	6.054443e+00 5.220185e+00 : 8.672791e-01
5715(1000) (1.88e+00 1.68e+00) XE:1.68e-01 (1.19e+00 1.19e+00 | 6.92e-01 6.79e-01)	6.054516e+00 5.220097e+00 : 8.672780e-01
5738(993) (1.89e+00 1.68e+00) XE:1.68e-01 (1.18e+00 1.19e+00 | 6.38e-01 6.79e-01)	6.054654e+00 5.220337e+00 : 8.673070e-01
5760(1005) (1.85e+00 1.68e+00) XE:1.68e-01 (1.18e+00 1.19e+00 | 7.04e-01 6.79e-01)	6.054543e+00 5.219875e+00 : 8.672629e-01
5783(1006) (1.84e+00 1.68e+00) XE:1.68e-01 (1.22e+00 1.19e+00 | 7.16e-01 6.79e-01)	6.054380e+00 5.219864e+00 : 8.672495e-01
5806(996) (1.40e+00 1.68e+00) XE:1.68e-01 (1.19e+00 1.19e+00 | 6.56e-01 6.79e-01)	6.054397e+00 5.219896e+00 : 8.672533e-01
5828(999) (1.46e+00 1.68e+00) XE:1.68e-01 (1.19e+00 1.19e+00 | 6.86e-01 6.79e-01)	6.054206e+00 5.219677e+00 : 8.672217e-01
5851(1004) (1.91e+00 1.68e+00) XE:1.68e-01 (1.19e+00 1.19e+00 | 7.63e-01 6.79e-01)	6.054325e+00 5.219546e+00 : 8.672209e-01
5874(999) (1.58e+00 1.68e+00) XE:1.68e-01 (1.20e+00 1.19e+00 | 7.23e-01 6.79e-01)	6.054051e+00 5.219312e+00 : 8.671818e-01
5896(1012) (1.47e+00 1.68e+00) XE:1.68e-01 (1.19e+00 1.19e+00 | 6.44e-01 6.79e-01)	6.053974e+00 5.219239e+00 : 8.671703e-01
5919(1003) (1.88e+00 1.68e+00) XE:1.68e-01 (1.20e+00 1.19e+00 | 6.36e-01 6.79e-01)	6.053743e+00 5.219016e+00 : 8.671353e-01
5941(994) (1.42e+00 1.68e+00) XE:1.68e-01 (1.19e+00 1.19e+00 | 7.29e-01 6.79e-01)	6.053687e+00 5.218857e+00 : 8.671188e-01
5964(987) (1.44e+00 1.68e+00) XE:1.68e-01 (1.19e+00 1.19e+00 | 6.98e-01 6.79e-01)	6.053393e+00 5.218933e+00 : 8.671019e-01
5987(1009) (1.83e+00 1.68e+00) XE:1.68e-01 (1.24e+00 1.19e+00 | 7.16e-01 6.79e-01)	6.053187e+00 5.218833e+00 : 8.670785e-01
6009(999) (1.59e+00 1.68e+00) XE:1.68e-01 (1.18e+00 1.19e+00 | 6.92e-01 6.79e-01)	6.053067e+00 5.218785e+00 : 8.670655e-01
6032(996) (2.04e+00 1.68e+00) XE:1.68e-01 (1.22e+00 1.19e+00 | 7.02e-01 6.79e-01)	6.052885e+00 5.218588e+00 : 8.670364e-01
6055(1004) (1.30e+00 1.68e+00) XE:1.68e-01 (1.21e+00 1.19e+00 | 7.04e-01 6.79e-01)	6.052796e+00 5.218448e+00 : 8.670188e-01
6077(1011) (1.78e+00 1.68e+00) XE:1.68e-01 (1.19e+00 1.19e+00 | 6.82e-01 6.79e-01)	6.052681e+00 5.218597e+00 : 8.670214e-01
6100(991) (1.50e+00 1.68e+00) XE:1.68e-01 (1.19e+00 1.19e+00 | 6.80e-01 6.79e-01)	6.052558e+00 5.218521e+00 : 8.670061e-01
6122(998) (1.64e+00 1.68e+00) XE:1.68e-01 (1.20e+00 1.19e+00 | 7.85e-01 6.79e-01)	6.052539e+00 5.218208e+00 : 8.669805e-01
6145(1003) (1.60e+00 1.68e+00) XE:1.68e-01 (1.21e+00 1.19e+00 | 6.46e-01 6.79e-01)	6.052585e+00 5.218082e+00 : 8.669744e-01
6168(994) (1.85e+00 1.68e+00) XE:1.68e-01 (1.21e+00 1.19e+00 | 6.09e-01 6.79e-01)	6.052544e+00 5.217738e+00 : 8.669448e-01
6190(993) (1.40e+00 1.68e+00) XE:1.68e-01 (1.17e+00 1.19e+00 | 5.81e-01 6.79e-01)	6.052433e+00 5.217621e+00 : 8.669273e-01
6213(1013) (1.84e+00 1.68e+00) XE:1.68e-01 (1.18e+00 1.19e+00 | 7.25e-01 6.79e-01)	6.052195e+00 5.217393e+00 : 8.668914e-01
6235(996) (1.80e+00 1.68e+00) XE:1.68e-01 (1.22e+00 1.19e+00 | 7.41e-01 6.79e-01)	6.052141e+00 5.217132e+00 : 8.668672e-01
6258(987) (2.07e+00 1.68e+00) XE:1.68e-01 (1.20e+00 1.19e+00 | 6.36e-01 6.79e-01)	6.052055e+00 5.217035e+00 : 8.668531e-01
6281(994) (1.37e+00 1.68e+00) XE:1.68e-01 (1.20e+00 1.19e+00 | 7.23e-01 6.79e-01)	6.052043e+00 5.217118e+00 : 8.668585e-01
6303(1001) (1.48e+00 1.68e+00) XE:1.68e-01 (1.24e+00 1.19e+00 | 7.20e-01 6.79e-01)	6.052180e+00 5.217177e+00 : 8.668736e-01
6326(997) (1.86e+00 1.68e+00) XE:1.68e-01 (1.21e+00 1.19e+00 | 6.62e-01 6.79e-01)	6.052267e+00 5.217224e+00 : 8.668839e-01
6348(1009) (1.32e+00 1.68e+00) XE:1.68e-01 (1.19e+00 1.19e+00 | 6.74e-01 6.79e-01)	6.052038e+00 5.217138e+00 : 8.668597e-01
6371(999) (2.34e+00 1.68e+00) XE:1.68e-01 (1.19e+00 1.19e+00 | 7.04e-01 6.79e-01)	6.051551e+00 5.216942e+00 : 8.668071e-01
6394(1009) (1.65e+00 1.68e+00) XE:1.68e-01 (1.20e+00 1.19e+00 | 7.14e-01 6.79e-01)	6.051355e+00 5.216684e+00 : 8.667722e-01
6416(1004) (1.53e+00 1.68e+00) XE:1.68e-01 (1.20e+00 1.19e+00 | 7.61e-01 6.79e-01)	6.051602e+00 5.216580e+00 : 8.667833e-01
6439(1015) (2.46e+00 1.68e+00) XE:1.68e-01 (1.22e+00 1.19e+00 | 7.20e-01 6.79e-01)	6.051502e+00 5.216383e+00 : 8.667604e-01
6461(1006) (1.26e+00 1.68e+00) XE:1.68e-01 (1.19e+00 1.19e+00 | 6.56e-01 6.79e-01)	6.051505e+00 5.216609e+00 : 8.667781e-01
6484(1008) (1.56e+00 1.68e+00) XE:1.68e-01 (1.18e+00 1.19e+00 | 6.26e-01 6.79e-01)	6.051214e+00 5.216344e+00 : 8.667352e-01
6507(1014) (1.27e+00 1.68e+00) XE:1.68e-01 (1.21e+00 1.19e+00 | 6.78e-01 6.79e-01)	6.051286e+00 5.216083e+00 : 8.667207e-01
6529(994) (1.94e+00 1.68e+00) XE:1.68e-01 (1.17e+00 1.19e+00 | 6.58e-01 6.79e-01)	6.051033e+00 5.215889e+00 : 8.666863e-01
6552(1001) (1.96e+00 1.68e+00) XE:1.68e-01 (1.20e+00 1.19e+00 | 7.59e-01 6.79e-01)	6.051171e+00 5.215561e+00 : 8.666716e-01
6574(993) (1.90e+00 1.68e+00) XE:1.68e-01 (1.17e+00 1.19e+00 | 6.80e-01 6.79e-01)	6.051058e+00 5.215528e+00 : 8.666605e-01
6597(998) (1.78e+00 1.68e+00) XE:1.68e-01 (1.22e+00 1.19e+00 | 6.60e-01 6.79e-01)	6.051006e+00 5.215290e+00 : 8.666382e-01
6620(996) (1.72e+00 1.68e+00) XE:1.68e-01 (1.19e+00 1.19e+00 | 5.89e-01 6.79e-01)	6.050810e+00 5.215247e+00 : 8.666197e-01
6642(997) (1.87e+00 1.68e+00) XE:1.68e-01 (1.20e+00 1.19e+00 | 6.80e-01 6.79e-01)	6.050825e+00 5.215356e+00 : 8.666293e-01
6665(984) (1.75e+00 1.68e+00) XE:1.68e-01 (1.21e+00 1.19e+00 | 6.84e-01 6.79e-01)	6.050725e+00 5.215613e+00 : 8.666414e-01
6688(1003) (1.64e+00 1.68e+00) XE:1.68e-01 (1.21e+00 1.19e+00 | 7.18e-01 6.79e-01)	6.050520e+00 5.215353e+00 : 8.666056e-01
6710(991) (1.73e+00 1.68e+00) XE:1.68e-01 (1.19e+00 1.19e+00 | 7.06e-01 6.79e-01)	6.050585e+00 5.215468e+00 : 8.666195e-01
6733(1005) (1.28e+00 1.68e+00) XE:1.68e-01 (1.19e+00 1.19e+00 | 6.66e-01 6.79e-01)	6.050459e+00 5.215423e+00 : 8.666063e-01
6755(1005) (1.77e+00 1.68e+00) XE:1.68e-01 (1.18e+00 1.19e+00 | 6.70e-01 6.79e-01)	6.050283e+00 5.215509e+00 : 8.665994e-01
6778(992) (1.85e+00 1.68e+00) XE:1.68e-01 (1.20e+00 1.19e+00 | 6.26e-01 6.79e-01)	6.050085e+00 5.215457e+00 : 8.665802e-01
6801(998) (1.54e+00 1.68e+00) XE:1.68e-01 (1.17e+00 1.19e+00 | 6.80e-01 6.79e-01)	6.049927e+00 5.215350e+00 : 8.665598e-01
6823(1006) (1.86e+00 1.68e+00) XE:1.68e-01 (1.20e+00 1.19e+00 | 7.08e-01 6.79e-01)	6.049825e+00 5.215475e+00 : 8.665616e-01
6846(996) (1.61e+00 1.68e+00) XE:1.68e-01 (1.21e+00 1.19e+00 | 7.39e-01 6.79e-01)	6.049666e+00 5.215325e+00 : 8.665378e-01
6869(1006) (1.57e+00 1.68e+00) XE:1.68e-01 (1.21e+00 1.19e+00 | 6.56e-01 6.79e-01)	6.049528e+00 5.215424e+00 : 8.665347e-01
6891(999) (1.78e+00 1.68e+00) XE:1.68e-01 (1.21e+00 1.19e+00 | 6.94e-01 6.79e-01)	6.049325e+00 5.215271e+00 : 8.665074e-01
6914(1010) (1.25e+00 1.68e+00) XE:1.68e-01 (1.18e+00 1.19e+00 | 6.28e-01 6.79e-01)	6.049498e+00 5.215225e+00 : 8.665171e-01
6936(1006) (1.67e+00 1.68e+00) XE:1.68e-01 (1.17e+00 1.19e+00 | 7.33e-01 6.79e-01)	6.049545e+00 5.215134e+00 : 8.665138e-01
6959(1001) (1.78e+00 1.68e+00) XE:1.68e-01 (1.19e+00 1.19e+00 | 6.56e-01 6.79e-01)	6.049506e+00 5.215098e+00 : 8.665080e-01
6982(1003) (1.86e+00 1.68e+00) XE:1.68e-01 (1.19e+00 1.19e+00 | 6.82e-01 6.79e-01)	6.049425e+00 5.215208e+00 : 8.665102e-01
7004(1000) (1.55e+00 1.68e+00) XE:1.68e-01 (1.21e+00 1.19e+00 | 7.14e-01 6.79e-01)	6.049342e+00 5.215153e+00 : 8.664996e-01
7027(1005) (1.66e+00 1.68e+00) XE:1.68e-01 (1.18e+00 1.19e+00 | 7.02e-01 6.79e-01)	6.049292e+00 5.215147e+00 : 8.664953e-01
7050(998) (1.78e+00 1.68e+00) XE:1.68e-01 (1.21e+00 1.19e+00 | 7.12e-01 6.79e-01)	6.048895e+00 5.215091e+00 : 8.664605e-01
7072(1005) (1.17e+00 1.68e+00) XE:1.68e-01 (1.18e+00 1.19e+00 | 6.18e-01 6.79e-01)	6.048919e+00 5.215053e+00 : 8.664594e-01
7095(1007) (1.56e+00 1.68e+00) XE:1.68e-01 (1.23e+00 1.19e+00 | 7.27e-01 6.79e-01)	6.048751e+00 5.215190e+00 : 8.664570e-01
7117(1001) (1.82e+00 1.68e+00) XE:1.68e-01 (1.16e+00 1.19e+00 | 6.16e-01 6.79e-01)	6.048552e+00 5.215211e+00 : 8.664433e-01
7140(1002) (1.29e+00 1.68e+00) XE:1.68e-01 (1.19e+00 1.19e+00 | 6.42e-01 6.79e-01)	6.048588e+00 5.215118e+00 : 8.664389e-01
7163(1003) (1.62e+00 1.68e+00) XE:1.68e-01 (1.23e+00 1.19e+00 | 6.98e-01 6.79e-01)	6.048612e+00 5.215170e+00 : 8.664448e-01
7185(998) (1.58e+00 1.68e+00) XE:1.68e-01 (1.18e+00 1.19e+00 | 6.92e-01 6.79e-01)	6.048547e+00 5.215159e+00 : 8.664389e-01
7208(1013) (1.89e+00 1.68e+00) XE:1.68e-01 (1.16e+00 1.19e+00 | 6.60e-01 6.79e-01)	6.048682e+00 5.214900e+00 : 8.664294e-01
7230(1000) (1.72e+00 1.68e+00) XE:1.68e-01 (1.20e+00 1.19e+00 | 6.42e-01 6.79e-01)	6.048790e+00 5.215128e+00 : 8.664552e-01
7253(1001) (1.60e+00 1.68e+00) XE:1.68e-01 (1.18e+00 1.19e+00 | 6.82e-01 6.79e-01)	6.048580e+00 5.215083e+00 : 8.664356e-01
7276(1000) (1.62e+00 1.68e+00) XE:1.68e-01 (1.23e+00 1.19e+00 | 7.06e-01 6.79e-01)	6.048417e+00 5.215111e+00 : 8.664252e-01
7298(1007) (1.38e+00 1.68e+00) XE:1.68e-01 (1.19e+00 1.19e+00 | 7.51e-01 6.79e-01)	6.048095e+00 5.215014e+00 : 8.663930e-01
7321(992) (2.01e+00 1.68e+00) XE:1.68e-01 (1.19e+00 1.19e+00 | 6.40e-01 6.79e-01)	6.048130e+00 5.214977e+00 : 8.663928e-01
7343(999) (1.75e+00 1.68e+00) XE:1.68e-01 (1.20e+00 1.19e+00 | 6.98e-01 6.79e-01)	6.048072e+00 5.214959e+00 : 8.663871e-01
7366(997) (1.62e+00 1.68e+00) XE:1.68e-01 (1.21e+00 1.19e+00 | 6.80e-01 6.79e-01)	6.047828e+00 5.214701e+00 : 8.663484e-01
7389(1010) (1.27e+00 1.68e+00) XE:1.68e-01 (1.19e+00 1.19e+00 | 7.18e-01 6.79e-01)	6.047660e+00 5.214567e+00 : 8.663251e-01
7411(1009) (1.30e+00 1.68e+00) XE:1.68e-01 (1.17e+00 1.19e+00 | 6.20e-01 6.79e-01)	6.047405e+00 5.214422e+00 : 8.662944e-01
7434(996) (1.47e+00 1.68e+00) XE:1.68e-01 (1.21e+00 1.19e+00 | 7.55e-01 6.79e-01)	6.047215e+00 5.214296e+00 : 8.662701e-01
7456(1007) (1.65e+00 1.68e+00) XE:1.68e-01 (1.20e+00 1.19e+00 | 6.58e-01 6.79e-01)	6.047046e+00 5.214222e+00 : 8.662514e-01
7479(1003) (1.47e+00 1.68e+00) XE:1.68e-01 (1.18e+00 1.19e+00 | 6.36e-01 6.79e-01)	6.046905e+00 5.214143e+00 : 8.662345e-01
7502(996) (1.52e+00 1.68e+00) XE:1.68e-01 (1.21e+00 1.19e+00 | 6.30e-01 6.79e-01)	6.046838e+00 5.213980e+00 : 8.662168e-01
7524(1004) (1.14e+00 1.68e+00) XE:1.68e-01 (1.19e+00 1.19e+00 | 6.56e-01 6.79e-01)	6.046685e+00 5.213848e+00 : 8.661948e-01
7547(993) (1.42e+00 1.68e+00) XE:1.68e-01 (1.18e+00 1.19e+00 | 6.44e-01 6.79e-01)	6.046616e+00 5.213880e+00 : 8.661920e-01
7570(1012) (1.46e+00 1.68e+00) XE:1.68e-01 (1.19e+00 1.19e+00 | 6.70e-01 6.79e-01)	6.046547e+00 5.213652e+00 : 8.661691e-01
7592(1003) (1.71e+00 1.68e+00) XE:1.68e-01 (1.21e+00 1.19e+00 | 6.84e-01 6.79e-01)	6.046618e+00 5.213597e+00 : 8.661704e-01
7615(1000) (2.10e+00 1.68e+00) XE:1.68e-01 (1.18e+00 1.19e+00 | 6.28e-01 6.79e-01)	6.046599e+00 5.213614e+00 : 8.661702e-01
7637(997) (1.70e+00 1.68e+00) XE:1.68e-01 (1.22e+00 1.19e+00 | 6.78e-01 6.79e-01)	6.046504e+00 5.213757e+00 : 8.661740e-01
7660(999) (1.87e+00 1.68e+00) XE:1.68e-01 (1.18e+00 1.19e+00 | 6.01e-01 6.79e-01)	6.046435e+00 5.213813e+00 : 8.661729e-01
7683(1010) (1.44e+00 1.68e+00) XE:1.68e-01 (1.21e+00 1.19e+00 | 7.16e-01 6.79e-01)	6.046402e+00 5.213796e+00 : 8.661691e-01
7705(994) (1.73e+00 1.68e+00) XE:1.68e-01 (1.20e+00 1.19e+00 | 6.36e-01 6.79e-01)	6.046306e+00 5.213877e+00 : 8.661679e-01
7728(1002) (1.27e+00 1.68e+00) XE:1.68e-01 (1.18e+00 1.19e+00 | 7.18e-01 6.79e-01)	6.046203e+00 5.213932e+00 : 8.661642e-01
7751(1002) (1.52e+00 1.68e+00) XE:1.68e-01 (1.22e+00 1.19e+00 | 6.72e-01 6.79e-01)	6.046058e+00 5.214073e+00 : 8.661639e-01
7773(998) (1.59e+00 1.68e+00) XE:1.68e-01 (1.19e+00 1.19e+00 | 6.38e-01 6.79e-01)	6.046109e+00 5.214257e+00 : 8.661820e-01
7796(1000) (1.96e+00 1.68e+00) XE:1.68e-01 (1.20e+00 1.19e+00 | 6.26e-01 6.79e-01)	6.046091e+00 5.214149e+00 : 8.661723e-01
7818(1005) (1.49e+00 1.68e+00) XE:1.68e-01 (1.21e+00 1.19e+00 | 6.58e-01 6.79e-01)	6.045959e+00 5.213990e+00 : 8.661499e-01
7841(1004) (1.42e+00 1.68e+00) XE:1.68e-01 (1.16e+00 1.19e+00 | 7.37e-01 6.79e-01)	6.046078e+00 5.214039e+00 : 8.661628e-01
7864(1006) (1.70e+00 1.68e+00) XE:1.68e-01 (1.21e+00 1.19e+00 | 7.25e-01 6.79e-01)	6.045761e+00 5.213834e+00 : 8.661228e-01
7886(993) (1.61e+00 1.68e+00) XE:1.68e-01 (1.18e+00 1.19e+00 | 7.00e-01 6.79e-01)	6.045766e+00 5.213904e+00 : 8.661285e-01
7909(991) (1.66e+00 1.68e+00) XE:1.68e-01 (1.18e+00 1.19e+00 | 6.46e-01 6.79e-01)	6.045760e+00 5.213986e+00 : 8.661343e-01
7931(1003) (1.51e+00 1.68e+00) XE:1.68e-01 (1.19e+00 1.19e+00 | 6.94e-01 6.79e-01)	6.045658e+00 5.213900e+00 : 8.661199e-01
7954(993) (1.41e+00 1.68e+00) XE:1.68e-01 (1.22e+00 1.19e+00 | 7.14e-01 6.79e-01)	6.045580e+00 5.214100e+00 : 8.661292e-01
7977(1008) (1.69e+00 1.68e+00) XE:1.68e-01 (1.20e+00 1.19e+00 | 6.38e-01 6.79e-01)	6.045626e+00 5.213886e+00 : 8.661163e-01
7999(977) (1.93e+00 1.68e+00) XE:1.68e-01 (1.19e+00 1.19e+00 | 7.00e-01 6.79e-01)	6.045463e+00 5.213702e+00 : 8.660896e-01
8022(994) (1.50e+00 1.68e+00) XE:1.68e-01 (1.21e+00 1.19e+00 | 6.92e-01 6.79e-01)	6.045241e+00 5.213877e+00 : 8.660860e-01
8045(1019) (1.56e+00 1.68e+00) XE:1.68e-01 (1.19e+00 1.19e+00 | 6.16e-01 6.79e-01)	6.045361e+00 5.213729e+00 : 8.660838e-01
8067(996) (1.68e+00 1.68e+00) XE:1.68e-01 (1.21e+00 1.19e+00 | 6.90e-01 6.79e-01)	6.045088e+00 5.213601e+00 : 8.660530e-01
8090(1001) (1.61e+00 1.68e+00) XE:1.68e-01 (1.21e+00 1.19e+00 | 7.06e-01 6.79e-01)	6.044983e+00 5.213683e+00 : 8.660512e-01
8112(1005) (1.92e+00 1.68e+00) XE:1.68e-01 (1.21e+00 1.19e+00 | 6.54e-01 6.79e-01)	6.044892e+00 5.213573e+00 : 8.660358e-01
8135(1013) (1.31e+00 1.68e+00) XE:1.68e-01 (1.19e+00 1.19e+00 | 7.00e-01 6.79e-01)	6.044910e+00 5.213640e+00 : 8.660424e-01
8158(993) (1.85e+00 1.68e+00) XE:1.68e-01 (1.21e+00 1.19e+00 | 6.82e-01 6.79e-01)	6.044590e+00 5.213607e+00 : 8.660151e-01
8180(1001) (1.73e+00 1.68e+00) XE:1.68e-01 (1.18e+00 1.19e+00 | 6.78e-01 6.79e-01)	6.044413e+00 5.213426e+00 : 8.659876e-01
8203(1006) (1.52e+00 1.68e+00) XE:1.68e-01 (1.17e+00 1.19e+00 | 6.72e-01 6.79e-01)	6.044402e+00 5.213371e+00 : 8.659825e-01
8225(1009) (1.56e+00 1.68e+00) XE:1.68e-01 (1.16e+00 1.19e+00 | 6.03e-01 6.79e-01)	6.044474e+00 5.213330e+00 : 8.659849e-01
8248(978) (2.13e+00 1.68e+00) XE:1.68e-01 (1.18e+00 1.19e+00 | 6.28e-01 6.79e-01)	6.044381e+00 5.213197e+00 : 8.659675e-01
8271(992) (1.41e+00 1.68e+00) XE:1.68e-01 (1.19e+00 1.19e+00 | 6.98e-01 6.79e-01)	6.044518e+00 5.213323e+00 : 8.659878e-01
8293(1002) (1.66e+00 1.68e+00) XE:1.68e-01 (1.17e+00 1.19e+00 | 6.62e-01 6.79e-01)	6.044741e+00 5.213204e+00 : 8.659958e-01
8316(995) (1.99e+00 1.68e+00) XE:1.68e-01 (1.18e+00 1.19e+00 | 6.36e-01 6.79e-01)	6.044550e+00 5.212982e+00 : 8.659640e-01
8339(989) (1.66e+00 1.68e+00) XE:1.68e-01 (1.17e+00 1.19e+00 | 6.86e-01 6.79e-01)	6.044600e+00 5.212869e+00 : 8.659592e-01
8361(1006) (1.99e+00 1.68e+00) XE:1.68e-01 (1.20e+00 1.19e+00 | 6.56e-01 6.79e-01)	6.044459e+00 5.212850e+00 : 8.659469e-01
8384(1001) (1.80e+00 1.68e+00) XE:1.68e-01 (1.21e+00 1.19e+00 | 7.08e-01 6.79e-01)	6.044468e+00 5.212860e+00 : 8.659483e-01
8406(999) (1.56e+00 1.68e+00) XE:1.68e-01 (1.19e+00 1.19e+00 | 6.74e-01 6.79e-01)	6.044418e+00 5.212890e+00 : 8.659468e-01
8429(994) (1.29e+00 1.68e+00) XE:1.68e-01 (1.21e+00 1.19e+00 | 6.76e-01 6.79e-01)	6.044372e+00 5.212755e+00 : 8.659328e-01
8452(1003) (1.76e+00 1.68e+00) XE:1.68e-01 (1.21e+00 1.19e+00 | 6.52e-01 6.79e-01)	6.044095e+00 5.212713e+00 : 8.659083e-01
8474(1002) (1.69e+00 1.68e+00) XE:1.68e-01 (1.17e+00 1.19e+00 | 6.84e-01 6.79e-01)	6.043954e+00 5.212700e+00 : 8.658964e-01
8497(997) (1.57e+00 1.68e+00) XE:1.68e-01 (1.19e+00 1.19e+00 | 7.20e-01 6.79e-01)	6.044014e+00 5.212622e+00 : 8.658950e-01
8519(991) (2.08e+00 1.68e+00) XE:1.68e-01 (1.20e+00 1.19e+00 | 6.28e-01 6.79e-01)	6.043820e+00 5.212401e+00 : 8.658631e-01
8542(998) (1.88e+00 1.68e+00) XE:1.68e-01 (1.19e+00 1.19e+00 | 6.76e-01 6.79e-01)	6.043597e+00 5.212503e+00 : 8.658539e-01
8565(1002) (1.70e+00 1.68e+00) XE:1.68e-01 (1.18e+00 1.19e+00 | 6.82e-01 6.79e-01)	6.043732e+00 5.212507e+00 : 8.658645e-01
8587(1002) (1.71e+00 1.68e+00) XE:1.68e-01 (1.20e+00 1.19e+00 | 6.88e-01 6.79e-01)	6.043776e+00 5.212386e+00 : 8.658586e-01
8610(988) (1.87e+00 1.68e+00) XE:1.68e-01 (1.18e+00 1.19e+00 | 6.76e-01 6.79e-01)	6.043887e+00 5.212360e+00 : 8.658652e-01
8633(1005) (1.75e+00 1.68e+00) XE:1.68e-01 (1.21e+00 1.19e+00 | 6.96e-01 6.79e-01)	6.043808e+00 5.212243e+00 : 8.658501e-01
8655(995) (1.63e+00 1.68e+00) XE:1.68e-01 (1.20e+00 1.19e+00 | 7.23e-01 6.79e-01)	6.043642e+00 5.212238e+00 : 8.658369e-01
8678(1005) (1.62e+00 1.68e+00) XE:1.68e-01 (1.19e+00 1.19e+00 | 6.76e-01 6.79e-01)	6.043604e+00 5.212080e+00 : 8.658219e-01
8700(993) (1.62e+00 1.68e+00) XE:1.68e-01 (1.21e+00 1.19e+00 | 6.90e-01 6.79e-01)	6.043548e+00 5.212024e+00 : 8.658133e-01
8723(1004) (1.90e+00 1.68e+00) XE:1.68e-01 (1.17e+00 1.19e+00 | 6.56e-01 6.79e-01)	6.043329e+00 5.212114e+00 : 8.658033e-01
8746(1005) (1.22e+00 1.68e+00) XE:1.68e-01 (1.19e+00 1.19e+00 | 6.90e-01 6.79e-01)	6.043258e+00 5.212106e+00 : 8.657972e-01
8768(996) (1.84e+00 1.68e+00) XE:1.68e-01 (1.17e+00 1.19e+00 | 6.64e-01 6.79e-01)	6.043280e+00 5.212117e+00 : 8.657998e-01
8791(996) (1.70e+00 1.68e+00) XE:1.68e-01 (1.16e+00 1.19e+00 | 6.03e-01 6.79e-01)	6.043208e+00 5.212096e+00 : 8.657926e-01
8814(1009) (1.53e+00 1.68e+00) XE:1.68e-01 (1.16e+00 1.19e+00 | 6.22e-01 6.79e-01)	6.043106e+00 5.211963e+00 : 8.657745e-01
8836(996) (1.64e+00 1.68e+00) XE:1.68e-01 (1.18e+00 1.19e+00 | 6.46e-01 6.79e-01)	6.043178e+00 5.211799e+00 : 8.657675e-01
8859(991) (1.57e+00 1.68e+00) XE:1.68e-01 (1.20e+00 1.19e+00 | 6.64e-01 6.79e-01)	6.043270e+00 5.211964e+00 : 8.657872e-01
8881(1003) (1.81e+00 1.68e+00) XE:1.68e-01 (1.17e+00 1.19e+00 | 6.92e-01 6.79e-01)	6.043189e+00 5.211882e+00 : 8.657747e-01
8904(981) (2.12e+00 1.68e+00) XE:1.68e-01 (1.19e+00 1.19e+00 | 6.70e-01 6.79e-01)	6.043188e+00 5.211948e+00 : 8.657797e-01
8927(997) (1.42e+00 1.68e+00) XE:1.68e-01 (1.19e+00 1.19e+00 | 7.02e-01 6.79e-01)	6.043164e+00 5.211983e+00 : 8.657805e-01
8949(990) (2.24e+00 1.68e+00) XE:1.68e-01 (1.19e+00 1.19e+00 | 6.58e-01 6.79e-01)	6.043178e+00 5.211914e+00 : 8.657763e-01
8972(1004) (1.60e+00 1.68e+00) XE:1.68e-01 (1.18e+00 1.19e+00 | 6.20e-01 6.79e-01)	6.043136e+00 5.211821e+00 : 8.657660e-01
8995(1019) (1.48e+00 1.68e+00) XE:1.68e-01 (1.16e+00 1.19e+00 | 6.70e-01 6.79e-01)	6.043103e+00 5.211894e+00 : 8.657690e-01
9017(994) (1.86e+00 1.68e+00) XE:1.68e-01 (1.18e+00 1.19e+00 | 7.25e-01 6.79e-01)	6.043026e+00 5.211844e+00 : 8.657593e-01
9040(985) (2.07e+00 1.68e+00) XE:1.68e-01 (1.22e+00 1.19e+00 | 7.71e-01 6.79e-01)	6.043155e+00 5.211800e+00 : 8.657658e-01
9062(994) (1.60e+00 1.68e+00) XE:1.68e-01 (1.20e+00 1.19e+00 | 7.43e-01 6.79e-01)	6.043091e+00 5.211818e+00 : 8.657622e-01
9085(1004) (1.39e+00 1.68e+00) XE:1.68e-01 (1.19e+00 1.19e+00 | 6.48e-01 6.79e-01)	6.043004e+00 5.211893e+00 : 8.657613e-01
9108(1002) (1.54e+00 1.68e+00) XE:1.68e-01 (1.20e+00 1.19e+00 | 6.80e-01 6.79e-01)	6.042950e+00 5.211753e+00 : 8.657464e-01
9130(993) (1.98e+00 1.68e+00) XE:1.68e-01 (1.18e+00 1.19e+00 | 6.42e-01 6.79e-01)	6.042746e+00 5.211686e+00 : 8.657255e-01
9153(990) (1.74e+00 1.68e+00) XE:1.68e-01 (1.19e+00 1.19e+00 | 7.25e-01 6.79e-01)	6.042707e+00 5.211675e+00 : 8.657217e-01
9175(1005) (1.96e+00 1.68e+00) XE:1.68e-01 (1.21e+00 1.19e+00 | 7.33e-01 6.79e-01)	6.042613e+00 5.211679e+00 : 8.657147e-01
9198(1009) (1.59e+00 1.68e+00) XE:1.68e-01 (1.18e+00 1.19e+00 | 7.49e-01 6.79e-01)	6.042539e+00 5.211626e+00 : 8.657050e-01
9221(1005) (1.29e+00 1.68e+00) XE:1.68e-01 (1.19e+00 1.19e+00 | 6.24e-01 6.79e-01)	6.042415e+00 5.211541e+00 : 8.656889e-01
9243(1019) (1.70e+00 1.68e+00) XE:1.68e-01 (1.18e+00 1.19e+00 | 6.68e-01 6.79e-01)	6.042307e+00 5.211402e+00 : 8.656699e-01
9266(998) (1.84e+00 1.68e+00) XE:1.68e-01 (1.20e+00 1.19e+00 | 7.25e-01 6.79e-01)	6.042290e+00 5.211366e+00 : 8.656658e-01
9289(1006) (1.33e+00 1.68e+00) XE:1.68e-01 (1.20e+00 1.19e+00 | 6.56e-01 6.79e-01)	6.042455e+00 5.211398e+00 : 8.656810e-01
9311(996) (1.79e+00 1.68e+00) XE:1.68e-01 (1.19e+00 1.19e+00 | 6.72e-01 6.79e-01)	6.042261e+00 5.211251e+00 : 8.656547e-01
9334(1004) (1.61e+00 1.68e+00) XE:1.68e-01 (1.19e+00 1.19e+00 | 6.76e-01 6.79e-01)	6.042134e+00 5.211255e+00 : 8.656453e-01
9356(972) (2.23e+00 1.68e+00) XE:1.68e-01 (1.18e+00 1.19e+00 | 6.82e-01 6.79e-01)	6.042198e+00 5.211263e+00 : 8.656509e-01
9379(1002) (1.51e+00 1.68e+00) XE:1.68e-01 (1.18e+00 1.19e+00 | 6.86e-01 6.79e-01)	6.042151e+00 5.211245e+00 : 8.656458e-01
9402(997) (1.73e+00 1.68e+00) XE:1.68e-01 (1.21e+00 1.19e+00 | 7.31e-01 6.79e-01)	6.042038e+00 5.211298e+00 : 8.656413e-01
9424(993) (2.22e+00 1.68e+00) XE:1.68e-01 (1.20e+00 1.19e+00 | 7.35e-01 6.79e-01)	6.042065e+00 5.211358e+00 : 8.656479e-01
9447(995) (1.83e+00 1.68e+00) XE:1.68e-01 (1.20e+00 1.19e+00 | 7.23e-01 6.79e-01)	6.042123e+00 5.211382e+00 : 8.656543e-01
9469(1009) (1.54e+00 1.68e+00) XE:1.68e-01 (1.20e+00 1.19e+00 | 6.74e-01 6.79e-01)	6.042015e+00 5.211370e+00 : 8.656450e-01
9492(1003) (1.35e+00 1.68e+00) XE:1.68e-01 (1.23e+00 1.19e+00 | 6.96e-01 6.79e-01)	6.041822e+00 5.211265e+00 : 8.656221e-01
9515(995) (1.65e+00 1.68e+00) XE:1.68e-01 (1.16e+00 1.19e+00 | 6.50e-01 6.79e-01)	6.041803e+00 5.211145e+00 : 8.656114e-01
9537(1000) (1.94e+00 1.68e+00) XE:1.68e-01 (1.21e+00 1.19e+00 | 7.16e-01 6.79e-01)	6.041879e+00 5.211124e+00 : 8.656156e-01
9560(996) (1.69e+00 1.68e+00) XE:1.68e-01 (1.18e+00 1.19e+00 | 6.58e-01 6.79e-01)	6.041842e+00 5.211084e+00 : 8.656097e-01
9582(1001) (1.57e+00 1.68e+00) XE:1.68e-01 (1.17e+00 1.19e+00 | 6.60e-01 6.79e-01)	6.041847e+00 5.211068e+00 : 8.656088e-01
9605(1000) (1.68e+00 1.68e+00) XE:1.68e-01 (1.20e+00 1.19e+00 | 6.64e-01 6.79e-01)	6.041684e+00 5.211031e+00 : 8.655935e-01
9628(1002) (2.12e+00 1.68e+00) XE:1.68e-01 (1.17e+00 1.19e+00 | 6.42e-01 6.79e-01)	6.041523e+00 5.211132e+00 : 8.655889e-01
9650(1003) (1.69e+00 1.68e+00) XE:1.68e-01 (1.18e+00 1.19e+00 | 6.96e-01 6.79e-01)	6.041482e+00 5.211124e+00 : 8.655850e-01
9673(991) (1.48e+00 1.68e+00) XE:1.68e-01 (1.22e+00 1.19e+00 | 6.78e-01 6.79e-01)	6.041493e+00 5.211115e+00 : 8.655852e-01
9696(1000) (2.07e+00 1.68e+00) XE:1.68e-01 (1.21e+00 1.19e+00 | 7.06e-01 6.79e-01)	6.041213e+00 5.210901e+00 : 8.655472e-01
9718(996) (1.77e+00 1.68e+00) XE:1.68e-01 (1.18e+00 1.19e+00 | 7.04e-01 6.79e-01)	6.041210e+00 5.210950e+00 : 8.655507e-01
9741(999) (1.99e+00 1.68e+00) XE:1.68e-01 (1.20e+00 1.19e+00 | 7.51e-01 6.79e-01)	6.041056e+00 5.210876e+00 : 8.655333e-01
9763(986) (1.80e+00 1.68e+00) XE:1.68e-01 (1.18e+00 1.19e+00 | 6.96e-01 6.79e-01)	6.040935e+00 5.210796e+00 : 8.655178e-01
9786(1004) (1.52e+00 1.68e+00) XE:1.68e-01 (1.18e+00 1.19e+00 | 6.44e-01 6.79e-01)	6.040801e+00 5.210519e+00 : 8.654862e-01
9809(1000) (1.65e+00 1.68e+00) XE:1.68e-01 (1.23e+00 1.19e+00 | 7.02e-01 6.79e-01)	6.040836e+00 5.210484e+00 : 8.654862e-01
9831(989) (1.58e+00 1.68e+00) XE:1.68e-01 (1.19e+00 1.19e+00 | 6.46e-01 6.79e-01)	6.040646e+00 5.210293e+00 : 8.654568e-01
9854(977) (1.63e+00 1.68e+00) XE:1.68e-01 (1.18e+00 1.19e+00 | 6.30e-01 6.79e-01)	6.040539e+00 5.210343e+00 : 8.654525e-01
9876(991) (1.67e+00 1.68e+00) XE:1.68e-01 (1.22e+00 1.19e+00 | 6.48e-01 6.79e-01)	6.040623e+00 5.210348e+00 : 8.654593e-01
9899(1009) (1.43e+00 1.68e+00) XE:1.68e-01 (1.21e+00 1.19e+00 | 6.54e-01 6.79e-01)	6.040546e+00 5.210404e+00 : 8.654577e-01
9922(991) (1.52e+00 1.68e+00) XE:1.68e-01 (1.19e+00 1.19e+00 | 6.42e-01 6.79e-01)	6.040474e+00 5.210520e+00 : 8.654610e-01
9944(993) (1.53e+00 1.68e+00) XE:1.68e-01 (1.18e+00 1.19e+00 | 6.86e-01 6.79e-01)	6.040528e+00 5.210539e+00 : 8.654667e-01
9967(1004) (1.74e+00 1.68e+00) XE:1.68e-01 (1.18e+00 1.19e+00 | 6.52e-01 6.79e-01)	6.040442e+00 5.210530e+00 : 8.654594e-01
9989(1003) (1.56e+00 1.68e+00) XE:1.68e-01 (1.23e+00 1.19e+00 | 7.35e-01 6.79e-01)	6.040355e+00 5.210332e+00 : 8.654375e-01
10000(993) (1.83e+00 1.68e+00) XE:1.68e-01 (1.22e+00 1.19e+00 | 6.90e-01 6.79e-01)	6.040397e+00 5.210250e+00 : 8.654344e-01
RL cnt: 0,6845585,1405873,109771,839,0,0,0,0,0,0,0,0,0,0,0,
BL cnt: 0,0,0,0,0,0,63415,0,1554860,0,6672940,0,1556186,0,62599,0,0,0,0,0,0,
6.040397e+00 5.210250e+00 : 8.654344e-01
# InnerCodebook: deleted
# NBIDSchannel: deleted
# Gtable: deleted
# FBalg4: deleted
# StatICB: deleted
