# (Pid,Ps)=(4.000000e-02,1.000000e-02) Nseg=200 WinSize=10 lmd=1 [0]
# InnerCB: ../search03/ICB/D10.bin
# Gtable:  Gtable/5/040_010.bin
# InnerCodebook: beta=5(1024) nu=2
# InnerCodebook: B(B2p)=7(128) 6(64) 
# InnerCodebook: checked CWM, EncMap, DecMap
# beta=5(1024) nu=2 N=1000 Dmax=45
# B=7,6,
# NBIDSchannel: N=1000 Q=4 Dmax=45 (Pid,Ps)=(4.000000e-02,1.000000e-02)
# FBalg4: Nseg=200 Dmax=45(w=91)
# FBalg4: Gtable: Gtable/5/040_010.bin
# Gtable: beta=5 (Pid,Ps,Ptrn)=(4.000000e-02,1.000000e-02,9.200000e-01) Pth=1.000000e-10
# Gtable: beta4p=1024 beta4pp=1048576
# Gtable::Gtable len=0 cnt=1024
# Gtable::Gtable len=1 cnt=4096
# Gtable::Gtable len=2 cnt=16384
# Gtable::Gtable len=3 cnt=65536
# Gtable::Gtable len=4 cnt=241636
# Gtable::Gtable len=5 cnt=810652
# Gtable::Gtable len=6 cnt=1541824
# Gtable::Gtable len=7 cnt=2116924
# Gtable::Gtable len=8 cnt=1264036
# Gtable::Gtable len=9 cnt=104812
# Gtable::Gtable len=10 cnt=31744
# FBalg4: beta=5(1024) (Pid,Ps)=(4.000000e-02,1.000000e-02) Pth=1.000000e-10 N=1000
# StatICB: nu=2 beta=5 beta4p=1024 Bsum=13 lmd=1
# StatICB: B=7,6,
0017(1005) (2.04e+00 2.13e+00) XE:2.13e-01 (1.20e+00 1.19e+00 | 6.74e-01 6.81e-01)	6.638739e+00 5.625139e+00 : 9.433752e-01
0033(987) (2.46e+00 2.12e+00) XE:2.12e-01 (1.18e+00 1.19e+00 | 6.90e-01 6.83e-01)	6.526559e+00 5.521031e+00 : 9.267377e-01
0050(1011) (2.27e+00 2.12e+00) XE:2.12e-01 (1.20e+00 1.19e+00 | 7.06e-01 6.84e-01)	6.424711e+00 5.442854e+00 : 9.128896e-01
0067(1000) (1.78e+00 2.09e+00) XE:2.09e-01 (1.17e+00 1.19e+00 | 6.32e-01 6.84e-01)	6.352167e+00 5.398045e+00 : 9.038625e-01
0084(1006) (2.25e+00 2.11e+00) XE:2.11e-01 (1.19e+00 1.19e+00 | 6.22e-01 6.84e-01)	6.296599e+00 5.353723e+00 : 8.961787e-01
0101(996) (2.25e+00 2.10e+00) XE:2.10e-01 (1.22e+00 1.19e+00 | 6.56e-01 6.84e-01)	6.253239e+00 5.330775e+00 : 8.910780e-01
0118(1002) (1.98e+00 2.10e+00) XE:2.10e-01 (1.19e+00 1.19e+00 | 6.86e-01 6.80e-01)	6.217232e+00 5.303687e+00 : 8.862245e-01
0134(1008) (1.78e+00 2.10e+00) XE:2.10e-01 (1.21e+00 1.19e+00 | 6.38e-01 6.79e-01)	6.191246e+00 5.287208e+00 : 8.829580e-01
0151(993) (1.75e+00 2.09e+00) XE:2.09e-01 (1.19e+00 1.19e+00 | 6.20e-01 6.80e-01)	6.168686e+00 5.272684e+00 : 8.801054e-01
0168(992) (1.79e+00 2.09e+00) XE:2.09e-01 (1.19e+00 1.19e+00 | 6.46e-01 6.78e-01)	6.145524e+00 5.251566e+00 : 8.766993e-01
0185(1002) (2.27e+00 2.10e+00) XE:2.10e-01 (1.18e+00 1.19e+00 | 6.76e-01 6.78e-01)	6.117020e+00 5.232407e+00 : 8.730328e-01
0201(990) (2.61e+00 2.11e+00) XE:2.11e-01 (1.21e+00 1.19e+00 | 7.39e-01 6.78e-01)	6.089044e+00 5.223039e+00 : 8.701602e-01
0218(1000) (1.99e+00 2.11e+00) XE:2.11e-01 (1.20e+00 1.19e+00 | 7.04e-01 6.78e-01)	6.076785e+00 5.214535e+00 : 8.685631e-01
0235(1003) (1.91e+00 2.11e+00) XE:2.11e-01 (1.17e+00 1.19e+00 | 6.50e-01 6.77e-01)	6.057754e+00 5.203538e+00 : 8.662532e-01
0252(1015) (1.70e+00 2.12e+00) XE:2.12e-01 (1.18e+00 1.19e+00 | 7.25e-01 6.78e-01)	6.044562e+00 5.192754e+00 : 8.644089e-01
0269(1003) (1.91e+00 2.11e+00) XE:2.11e-01 (1.23e+00 1.19e+00 | 6.80e-01 6.78e-01)	6.034947e+00 5.189910e+00 : 8.634506e-01
0285(1008) (1.59e+00 2.11e+00) XE:2.11e-01 (1.18e+00 1.19e+00 | 6.68e-01 6.79e-01)	6.026917e+00 5.184397e+00 : 8.624088e-01
0302(988) (2.50e+00 2.11e+00) XE:2.11e-01 (1.19e+00 1.19e+00 | 7.08e-01 6.80e-01)	6.018453e+00 5.179286e+00 : 8.613646e-01
0319(1006) (2.20e+00 2.11e+00) XE:2.11e-01 (1.17e+00 1.19e+00 | 6.92e-01 6.79e-01)	6.007989e+00 5.175147e+00 : 8.602413e-01
0336(997) (2.12e+00 2.11e+00) XE:2.11e-01 (1.23e+00 1.19e+00 | 6.14e-01 6.79e-01)	5.999831e+00 5.166809e+00 : 8.589723e-01
0353(1005) (2.23e+00 2.11e+00) XE:2.11e-01 (1.18e+00 1.19e+00 | 6.62e-01 6.79e-01)	5.987102e+00 5.160333e+00 : 8.574950e-01
0370(999) (2.22e+00 2.12e+00) XE:2.12e-01 (1.17e+00 1.19e+00 | 6.24e-01 6.79e-01)	5.980248e+00 5.151302e+00 : 8.562731e-01
0386(988) (2.32e+00 2.11e+00) XE:2.11e-01 (1.20e+00 1.19e+00 | 6.80e-01 6.79e-01)	5.977659e+00 5.148124e+00 : 8.558295e-01
0403(1003) (2.02e+00 2.11e+00) XE:2.11e-01 (1.20e+00 1.19e+00 | 6.74e-01 6.79e-01)	5.970522e+00 5.141094e+00 : 8.547397e-01
0420(991) (1.98e+00 2.11e+00) XE:2.11e-01 (1.22e+00 1.19e+00 | 7.49e-01 6.79e-01)	5.966446e+00 5.137401e+00 : 8.541420e-01
0437(992) (2.02e+00 2.11e+00) XE:2.11e-01 (1.18e+00 1.19e+00 | 6.98e-01 6.79e-01)	5.964504e+00 5.134153e+00 : 8.537429e-01
0454(994) (2.37e+00 2.11e+00) XE:2.11e-01 (1.20e+00 1.19e+00 | 6.44e-01 6.79e-01)	5.958744e+00 5.127157e+00 : 8.527616e-01
0470(993) (2.28e+00 2.11e+00) XE:2.11e-01 (1.18e+00 1.19e+00 | 6.78e-01 6.79e-01)	5.953075e+00 5.123314e+00 : 8.520299e-01
0487(982) (2.23e+00 2.11e+00) XE:2.11e-01 (1.22e+00 1.19e+00 | 6.56e-01 6.79e-01)	5.947077e+00 5.122467e+00 : 8.515034e-01
0504(994) (2.19e+00 2.11e+00) XE:2.11e-01 (1.16e+00 1.19e+00 | 6.68e-01 6.79e-01)	5.944825e+00 5.119586e+00 : 8.511085e-01
0521(1001) (2.16e+00 2.11e+00) XE:2.11e-01 (1.22e+00 1.19e+00 | 7.49e-01 6.80e-01)	5.942906e+00 5.114156e+00 : 8.505432e-01
0538(999) (1.87e+00 2.11e+00) XE:2.11e-01 (1.20e+00 1.19e+00 | 7.49e-01 6.80e-01)	5.938971e+00 5.110810e+00 : 8.499832e-01
0554(991) (1.76e+00 2.11e+00) XE:2.11e-01 (1.22e+00 1.19e+00 | 7.61e-01 6.80e-01)	5.937560e+00 5.111534e+00 : 8.499303e-01
0571(998) (1.76e+00 2.11e+00) XE:2.11e-01 (1.20e+00 1.19e+00 | 7.35e-01 6.80e-01)	5.935768e+00 5.109215e+00 : 8.496140e-01
0588(998) (2.15e+00 2.11e+00) XE:2.11e-01 (1.19e+00 1.19e+00 | 6.82e-01 6.80e-01)	5.930312e+00 5.105302e+00 : 8.488934e-01
0605(985) (2.19e+00 2.11e+00) XE:2.11e-01 (1.20e+00 1.19e+00 | 6.52e-01 6.79e-01)	5.926153e+00 5.102984e+00 : 8.483952e-01
0622(1006) (2.19e+00 2.11e+00) XE:2.11e-01 (1.19e+00 1.19e+00 | 6.62e-01 6.79e-01)	5.923636e+00 5.099795e+00 : 8.479562e-01
0638(995) (2.56e+00 2.11e+00) XE:2.11e-01 (1.19e+00 1.19e+00 | 6.52e-01 6.79e-01)	5.920367e+00 5.095829e+00 : 8.473998e-01
0655(1021) (1.96e+00 2.11e+00) XE:2.11e-01 (1.21e+00 1.19e+00 | 6.80e-01 6.79e-01)	5.920257e+00 5.093760e+00 : 8.472320e-01
0672(995) (2.08e+00 2.11e+00) XE:2.11e-01 (1.19e+00 1.19e+00 | 7.02e-01 6.79e-01)	5.917863e+00 5.090353e+00 : 8.467858e-01
0689(1000) (2.27e+00 2.11e+00) XE:2.11e-01 (1.23e+00 1.19e+00 | 6.62e-01 6.79e-01)	5.914367e+00 5.087153e+00 : 8.462708e-01
0706(985) (2.12e+00 2.11e+00) XE:2.11e-01 (1.18e+00 1.19e+00 | 7.12e-01 6.79e-01)	5.910401e+00 5.086549e+00 : 8.459193e-01
0722(1000) (1.91e+00 2.11e+00) XE:2.11e-01 (1.16e+00 1.19e+00 | 6.60e-01 6.79e-01)	5.911707e+00 5.086414e+00 : 8.460094e-01
0739(1004) (2.14e+00 2.11e+00) XE:2.11e-01 (1.17e+00 1.19e+00 | 6.72e-01 6.79e-01)	5.910294e+00 5.083078e+00 : 8.456440e-01
0756(1008) (2.41e+00 2.11e+00) XE:2.11e-01 (1.19e+00 1.19e+00 | 7.49e-01 6.80e-01)	5.907900e+00 5.081900e+00 : 8.453692e-01
0773(1000) (1.57e+00 2.11e+00) XE:2.11e-01 (1.18e+00 1.19e+00 | 6.54e-01 6.80e-01)	5.904263e+00 5.081050e+00 : 8.450241e-01
0790(1014) (1.59e+00 2.11e+00) XE:2.11e-01 (1.19e+00 1.19e+00 | 6.94e-01 6.79e-01)	5.899989e+00 5.080486e+00 : 8.446520e-01
0806(1016) (2.11e+00 2.11e+00) XE:2.11e-01 (1.19e+00 1.19e+00 | 6.50e-01 6.80e-01)	5.897177e+00 5.078504e+00 : 8.442832e-01
0823(1002) (2.34e+00 2.11e+00) XE:2.11e-01 (1.19e+00 1.19e+00 | 7.16e-01 6.80e-01)	5.894913e+00 5.076462e+00 : 8.439520e-01
0840(995) (2.30e+00 2.11e+00) XE:2.11e-01 (1.19e+00 1.19e+00 | 6.96e-01 6.80e-01)	5.895161e+00 5.074157e+00 : 8.437937e-01
0857(993) (1.96e+00 2.11e+00) XE:2.11e-01 (1.20e+00 1.19e+00 | 6.82e-01 6.79e-01)	5.893239e+00 5.072325e+00 : 8.435049e-01
0874(1004) (1.92e+00 2.11e+00) XE:2.11e-01 (1.18e+00 1.19e+00 | 6.70e-01 6.80e-01)	5.890110e+00 5.069150e+00 : 8.430200e-01
0890(1005) (2.00e+00 2.11e+00) XE:2.11e-01 (1.22e+00 1.19e+00 | 7.14e-01 6.79e-01)	5.888942e+00 5.068222e+00 : 8.428587e-01
0907(987) (2.13e+00 2.11e+00) XE:2.11e-01 (1.21e+00 1.19e+00 | 7.02e-01 6.79e-01)	5.887197e+00 5.068492e+00 : 8.427454e-01
0924(1004) (1.95e+00 2.11e+00) XE:2.11e-01 (1.18e+00 1.19e+00 | 6.92e-01 6.79e-01)	5.885226e+00 5.066177e+00 : 8.424156e-01
0941(1001) (2.11e+00 2.11e+00) XE:2.11e-01 (1.15e+00 1.19e+00 | 6.30e-01 6.79e-01)	5.884730e+00 5.064888e+00 : 8.422783e-01
0957(979) (2.73e+00 2.11e+00) XE:2.11e-01 (1.18e+00 1.19e+00 | 7.27e-01 6.79e-01)	5.882306e+00 5.062122e+00 : 8.418791e-01
0974(998) (1.90e+00 2.11e+00) XE:2.11e-01 (1.21e+00 1.19e+00 | 6.78e-01 6.79e-01)	5.879994e+00 5.061076e+00 : 8.416208e-01
0991(1005) (1.71e+00 2.11e+00) XE:2.11e-01 (1.22e+00 1.19e+00 | 7.71e-01 6.79e-01)	5.878814e+00 5.060372e+00 : 8.414759e-01
1008(983) (2.29e+00 2.11e+00) XE:2.11e-01 (1.18e+00 1.19e+00 | 6.58e-01 6.79e-01)	5.877478e+00 5.060060e+00 : 8.413491e-01
1025(1012) (1.78e+00 2.10e+00) XE:2.10e-01 (1.19e+00 1.19e+00 | 7.59e-01 6.79e-01)	5.875946e+00 5.059409e+00 : 8.411812e-01
1041(995) (2.18e+00 2.11e+00) XE:2.11e-01 (1.17e+00 1.19e+00 | 6.96e-01 6.79e-01)	5.874090e+00 5.057636e+00 : 8.409020e-01
1058(997) (2.20e+00 2.11e+00) XE:2.11e-01 (1.20e+00 1.19e+00 | 6.98e-01 6.79e-01)	5.872493e+00 5.056438e+00 : 8.406870e-01
1075(1003) (2.23e+00 2.11e+00) XE:2.11e-01 (1.19e+00 1.19e+00 | 6.70e-01 6.79e-01)	5.871411e+00 5.054868e+00 : 8.404830e-01
1092(998) (1.84e+00 2.11e+00) XE:2.11e-01 (1.23e+00 1.19e+00 | 6.94e-01 6.79e-01)	5.869473e+00 5.053604e+00 : 8.402367e-01
1109(989) (2.50e+00 2.11e+00) XE:2.11e-01 (1.19e+00 1.19e+00 | 6.98e-01 6.79e-01)	5.868349e+00 5.052445e+00 : 8.400611e-01
1126(998) (2.26e+00 2.11e+00) XE:2.11e-01 (1.19e+00 1.19e+00 | 6.92e-01 6.79e-01)	5.867653e+00 5.052103e+00 : 8.399812e-01
1142(992) (2.53e+00 2.11e+00) XE:2.11e-01 (1.20e+00 1.19e+00 | 6.78e-01 6.80e-01)	5.867011e+00 5.052000e+00 : 8.399240e-01
1159(998) (1.99e+00 2.11e+00) XE:2.11e-01 (1.21e+00 1.19e+00 | 6.80e-01 6.80e-01)	5.867036e+00 5.051441e+00 : 8.398828e-01
1176(997) (2.07e+00 2.11e+00) XE:2.11e-01 (1.20e+00 1.19e+00 | 7.23e-01 6.80e-01)	5.864436e+00 5.049072e+00 : 8.395006e-01
1193(1005) (1.63e+00 2.11e+00) XE:2.11e-01 (1.20e+00 1.19e+00 | 5.99e-01 6.80e-01)	5.863973e+00 5.047386e+00 : 8.393353e-01
1210(1006) (2.09e+00 2.11e+00) XE:2.11e-01 (1.22e+00 1.19e+00 | 7.37e-01 6.80e-01)	5.862797e+00 5.047811e+00 : 8.392775e-01
1226(1004) (2.46e+00 2.11e+00) XE:2.11e-01 (1.21e+00 1.19e+00 | 6.72e-01 6.80e-01)	5.861736e+00 5.045990e+00 : 8.390559e-01
1243(995) (2.17e+00 2.11e+00) XE:2.11e-01 (1.17e+00 1.19e+00 | 7.47e-01 6.79e-01)	5.861184e+00 5.044894e+00 : 8.389291e-01
1260(1004) (1.38e+00 2.11e+00) XE:2.11e-01 (1.19e+00 1.19e+00 | 6.58e-01 6.79e-01)	5.860006e+00 5.043553e+00 : 8.387353e-01
1277(1008) (2.78e+00 2.11e+00) XE:2.11e-01 (1.19e+00 1.19e+00 | 6.44e-01 6.79e-01)	5.858393e+00 5.040880e+00 : 8.384056e-01
1294(1006) (2.06e+00 2.11e+00) XE:2.11e-01 (1.20e+00 1.19e+00 | 6.66e-01 6.79e-01)	5.858452e+00 5.039843e+00 : 8.383304e-01
1310(984) (2.16e+00 2.11e+00) XE:2.11e-01 (1.19e+00 1.19e+00 | 6.82e-01 6.79e-01)	5.858895e+00 5.039656e+00 : 8.383501e-01
1327(1013) (1.99e+00 2.11e+00) XE:2.11e-01 (1.21e+00 1.19e+00 | 6.86e-01 6.79e-01)	5.857265e+00 5.039064e+00 : 8.381791e-01
1344(1010) (2.60e+00 2.11e+00) XE:2.11e-01 (1.17e+00 1.19e+00 | 7.25e-01 6.79e-01)	5.855903e+00 5.037838e+00 : 8.379801e-01
1361(1007) (2.11e+00 2.11e+00) XE:2.11e-01 (1.18e+00 1.19e+00 | 5.95e-01 6.79e-01)	5.855383e+00 5.036809e+00 : 8.378610e-01
1378(1002) (1.79e+00 2.11e+00) XE:2.11e-01 (1.20e+00 1.19e+00 | 7.02e-01 6.79e-01)	5.855241e+00 5.036692e+00 : 8.378410e-01
1394(999) (2.13e+00 2.11e+00) XE:2.11e-01 (1.19e+00 1.19e+00 | 6.34e-01 6.79e-01)	5.854523e+00 5.035898e+00 : 8.377247e-01
1411(1018) (2.28e+00 2.11e+00) XE:2.11e-01 (1.21e+00 1.19e+00 | 7.39e-01 6.79e-01)	5.854315e+00 5.036498e+00 : 8.377548e-01
1428(1007) (2.07e+00 2.11e+00) XE:2.11e-01 (1.17e+00 1.19e+00 | 6.56e-01 6.79e-01)	5.854687e+00 5.036376e+00 : 8.377741e-01
1445(982) (2.36e+00 2.11e+00) XE:2.11e-01 (1.19e+00 1.19e+00 | 6.16e-01 6.79e-01)	5.854233e+00 5.035684e+00 : 8.376859e-01
1462(1020) (1.81e+00 2.11e+00) XE:2.11e-01 (1.18e+00 1.19e+00 | 6.30e-01 6.79e-01)	5.852940e+00 5.034878e+00 : 8.375244e-01
1478(1015) (2.11e+00 2.11e+00) XE:2.11e-01 (1.16e+00 1.19e+00 | 6.62e-01 6.79e-01)	5.852112e+00 5.033861e+00 : 8.373825e-01
1495(994) (2.13e+00 2.11e+00) XE:2.11e-01 (1.22e+00 1.19e+00 | 7.02e-01 6.79e-01)	5.851144e+00 5.033078e+00 : 8.372478e-01
1512(1002) (2.10e+00 2.11e+00) XE:2.11e-01 (1.18e+00 1.19e+00 | 6.48e-01 6.79e-01)	5.849196e+00 5.031098e+00 : 8.369457e-01
1529(1010) (2.18e+00 2.11e+00) XE:2.11e-01 (1.19e+00 1.19e+00 | 6.50e-01 6.79e-01)	5.847294e+00 5.029619e+00 : 8.366856e-01
1546(991) (2.07e+00 2.11e+00) XE:2.11e-01 (1.20e+00 1.19e+00 | 7.12e-01 6.79e-01)	5.845682e+00 5.028724e+00 : 8.364928e-01
1563(998) (2.04e+00 2.11e+00) XE:2.11e-01 (1.16e+00 1.19e+00 | 6.76e-01 6.79e-01)	5.844757e+00 5.028604e+00 : 8.364124e-01
1579(998) (1.82e+00 2.11e+00) XE:2.11e-01 (1.19e+00 1.19e+00 | 6.16e-01 6.79e-01)	5.845290e+00 5.028969e+00 : 8.364814e-01
1596(1012) (1.98e+00 2.11e+00) XE:2.11e-01 (1.19e+00 1.19e+00 | 6.46e-01 6.79e-01)	5.844657e+00 5.028698e+00 : 8.364120e-01
1613(1010) (2.21e+00 2.11e+00) XE:2.11e-01 (1.18e+00 1.19e+00 | 6.18e-01 6.79e-01)	5.844251e+00 5.028165e+00 : 8.363397e-01
1630(1006) (2.43e+00 2.11e+00) XE:2.11e-01 (1.18e+00 1.19e+00 | 6.98e-01 6.79e-01)	5.842823e+00 5.026630e+00 : 8.361118e-01
1646(990) (2.09e+00 2.11e+00) XE:2.11e-01 (1.20e+00 1.19e+00 | 7.14e-01 6.79e-01)	5.841817e+00 5.025403e+00 : 8.359401e-01
1663(995) (2.48e+00 2.11e+00) XE:2.11e-01 (1.19e+00 1.19e+00 | 6.58e-01 6.79e-01)	5.840658e+00 5.024521e+00 : 8.357830e-01
1680(998) (1.91e+00 2.11e+00) XE:2.11e-01 (1.21e+00 1.19e+00 | 6.60e-01 6.79e-01)	5.839847e+00 5.024313e+00 : 8.357047e-01
1697(998) (2.16e+00 2.11e+00) XE:2.11e-01 (1.19e+00 1.19e+00 | 7.18e-01 6.79e-01)	5.838892e+00 5.023274e+00 : 8.355512e-01
1714(986) (2.07e+00 2.11e+00) XE:2.11e-01 (1.17e+00 1.19e+00 | 6.18e-01 6.79e-01)	5.838202e+00 5.021977e+00 : 8.353984e-01
1730(997) (2.14e+00 2.11e+00) XE:2.11e-01 (1.19e+00 1.19e+00 | 6.84e-01 6.79e-01)	5.837277e+00 5.021580e+00 : 8.352967e-01
1747(999) (2.17e+00 2.11e+00) XE:2.11e-01 (1.21e+00 1.19e+00 | 6.32e-01 6.78e-01)	5.837454e+00 5.020869e+00 : 8.352556e-01
1764(985) (2.28e+00 2.11e+00) XE:2.11e-01 (1.18e+00 1.19e+00 | 7.31e-01 6.78e-01)	5.836126e+00 5.020421e+00 : 8.351190e-01
1781(1006) (2.12e+00 2.11e+00) XE:2.11e-01 (1.20e+00 1.19e+00 | 6.20e-01 6.78e-01)	5.835729e+00 5.019033e+00 : 8.349817e-01
1798(1013) (1.96e+00 2.11e+00) XE:2.11e-01 (1.18e+00 1.19e+00 | 6.42e-01 6.78e-01)	5.835472e+00 5.018727e+00 : 8.349384e-01
1814(992) (2.01e+00 2.11e+00) XE:2.11e-01 (1.21e+00 1.19e+00 | 6.50e-01 6.78e-01)	5.833939e+00 5.017360e+00 : 8.347153e-01
1831(993) (2.30e+00 2.11e+00) XE:2.11e-01 (1.19e+00 1.19e+00 | 7.06e-01 6.78e-01)	5.832836e+00 5.017071e+00 : 8.346083e-01
1848(997) (1.91e+00 2.11e+00) XE:2.11e-01 (1.19e+00 1.19e+00 | 7.00e-01 6.78e-01)	5.831943e+00 5.016797e+00 : 8.345184e-01
1865(982) (2.14e+00 2.11e+00) XE:2.11e-01 (1.21e+00 1.19e+00 | 6.48e-01 6.78e-01)	5.830554e+00 5.015673e+00 : 8.343252e-01
1882(1016) (2.30e+00 2.11e+00) XE:2.11e-01 (1.20e+00 1.19e+00 | 6.88e-01 6.78e-01)	5.830363e+00 5.015803e+00 : 8.343204e-01
1898(1003) (1.81e+00 2.11e+00) XE:2.11e-01 (1.19e+00 1.19e+00 | 6.34e-01 6.78e-01)	5.830507e+00 5.016171e+00 : 8.343598e-01
1915(991) (2.14e+00 2.11e+00) XE:2.11e-01 (1.17e+00 1.19e+00 | 6.20e-01 6.78e-01)	5.829983e+00 5.016169e+00 : 8.343194e-01
1932(1004) (2.52e+00 2.11e+00) XE:2.11e-01 (1.19e+00 1.19e+00 | 7.00e-01 6.78e-01)	5.829913e+00 5.015598e+00 : 8.342701e-01
1949(991) (2.53e+00 2.11e+00) XE:2.11e-01 (1.18e+00 1.19e+00 | 6.34e-01 6.78e-01)	5.829571e+00 5.015215e+00 : 8.342143e-01
1966(997) (1.84e+00 2.11e+00) XE:2.11e-01 (1.23e+00 1.19e+00 | 7.31e-01 6.78e-01)	5.829980e+00 5.014875e+00 : 8.342196e-01
1982(983) (2.27e+00 2.11e+00) XE:2.11e-01 (1.20e+00 1.19e+00 | 6.82e-01 6.78e-01)	5.829780e+00 5.014858e+00 : 8.342029e-01
1999(1010) (2.48e+00 2.11e+00) XE:2.11e-01 (1.19e+00 1.19e+00 | 6.66e-01 6.78e-01)	5.828233e+00 5.013827e+00 : 8.340046e-01
2016(999) (2.14e+00 2.11e+00) XE:2.11e-01 (1.22e+00 1.19e+00 | 6.64e-01 6.78e-01)	5.828287e+00 5.012705e+00 : 8.339224e-01
2033(999) (1.96e+00 2.11e+00) XE:2.11e-01 (1.19e+00 1.19e+00 | 6.98e-01 6.78e-01)	5.828051e+00 5.012787e+00 : 8.339106e-01
2049(1010) (2.41e+00 2.11e+00) XE:2.11e-01 (1.18e+00 1.19e+00 | 6.62e-01 6.78e-01)	5.827128e+00 5.012509e+00 : 8.338182e-01
2066(982) (2.13e+00 2.11e+00) XE:2.11e-01 (1.21e+00 1.19e+00 | 6.68e-01 6.78e-01)	5.827073e+00 5.011948e+00 : 8.337708e-01
2083(1026) (1.67e+00 2.11e+00) XE:2.11e-01 (1.19e+00 1.19e+00 | 6.20e-01 6.78e-01)	5.826744e+00 5.011098e+00 : 8.336801e-01
2100(1003) (2.37e+00 2.11e+00) XE:2.11e-01 (1.16e+00 1.19e+00 | 7.00e-01 6.78e-01)	5.826537e+00 5.010865e+00 : 8.336463e-01
2117(1017) (2.05e+00 2.11e+00) XE:2.11e-01 (1.17e+00 1.19e+00 | 6.52e-01 6.78e-01)	5.825978e+00 5.010978e+00 : 8.336120e-01
2133(988) (2.27e+00 2.11e+00) XE:2.11e-01 (1.19e+00 1.19e+00 | 6.84e-01 6.78e-01)	5.825224e+00 5.010309e+00 : 8.335025e-01
2150(1004) (1.61e+00 2.11e+00) XE:2.11e-01 (1.20e+00 1.19e+00 | 6.42e-01 6.78e-01)	5.824754e+00 5.009993e+00 : 8.334421e-01
2167(1002) (2.47e+00 2.11e+00) XE:2.11e-01 (1.19e+00 1.19e+00 | 6.94e-01 6.77e-01)	5.824142e+00 5.009585e+00 : 8.333637e-01
2184(1008) (2.06e+00 2.11e+00) XE:2.11e-01 (1.20e+00 1.19e+00 | 6.94e-01 6.78e-01)	5.824342e+00 5.009373e+00 : 8.333626e-01
2201(988) (2.03e+00 2.11e+00) XE:2.11e-01 (1.18e+00 1.19e+00 | 7.93e-01 6.78e-01)	5.823803e+00 5.009379e+00 : 8.333217e-01
2217(1005) (1.99e+00 2.11e+00) XE:2.11e-01 (1.16e+00 1.19e+00 | 6.14e-01 6.78e-01)	5.823064e+00 5.009777e+00 : 8.332955e-01
2234(999) (1.79e+00 2.11e+00) XE:2.11e-01 (1.20e+00 1.19e+00 | 6.98e-01 6.78e-01)	5.823044e+00 5.009556e+00 : 8.332769e-01
2251(993) (2.48e+00 2.11e+00) XE:2.11e-01 (1.19e+00 1.19e+00 | 6.84e-01 6.78e-01)	5.822834e+00 5.009508e+00 : 8.332570e-01
2268(988) (2.31e+00 2.11e+00) XE:2.11e-01 (1.19e+00 1.19e+00 | 6.86e-01 6.78e-01)	5.822680e+00 5.009053e+00 : 8.332103e-01
2285(1005) (2.11e+00 2.11e+00) XE:2.11e-01 (1.18e+00 1.19e+00 | 6.84e-01 6.78e-01)	5.822858e+00 5.009118e+00 : 8.332289e-01
2301(1004) (2.09e+00 2.11e+00) XE:2.11e-01 (1.18e+00 1.19e+00 | 6.86e-01 6.78e-01)	5.822157e+00 5.009050e+00 : 8.331698e-01
2318(1003) (2.08e+00 2.11e+00) XE:2.11e-01 (1.23e+00 1.19e+00 | 7.25e-01 6.78e-01)	5.821458e+00 5.008660e+00 : 8.330860e-01
2335(997) (2.19e+00 2.11e+00) XE:2.11e-01 (1.19e+00 1.19e+00 | 6.62e-01 6.78e-01)	5.820782e+00 5.007704e+00 : 8.329604e-01
2352(996) (1.89e+00 2.11e+00) XE:2.11e-01 (1.19e+00 1.19e+00 | 6.86e-01 6.78e-01)	5.820412e+00 5.007751e+00 : 8.329356e-01
2368(992) (2.65e+00 2.11e+00) XE:2.11e-01 (1.17e+00 1.19e+00 | 7.23e-01 6.78e-01)	5.820150e+00 5.007951e+00 : 8.329308e-01
2385(1008) (1.74e+00 2.11e+00) XE:2.11e-01 (1.19e+00 1.19e+00 | 6.72e-01 6.78e-01)	5.819903e+00 5.008007e+00 : 8.329162e-01
2402(1004) (1.88e+00 2.11e+00) XE:2.11e-01 (1.19e+00 1.19e+00 | 6.50e-01 6.78e-01)	5.819648e+00 5.008101e+00 : 8.329037e-01
2419(1005) (2.25e+00 2.11e+00) XE:2.11e-01 (1.20e+00 1.19e+00 | 6.48e-01 6.78e-01)	5.818747e+00 5.007904e+00 : 8.328193e-01
2436(996) (2.02e+00 2.11e+00) XE:2.11e-01 (1.19e+00 1.19e+00 | 5.79e-01 6.78e-01)	5.818940e+00 5.007993e+00 : 8.328410e-01
2452(995) (2.19e+00 2.11e+00) XE:2.11e-01 (1.21e+00 1.19e+00 | 6.72e-01 6.78e-01)	5.819071e+00 5.008282e+00 : 8.328733e-01
2469(992) (2.74e+00 2.11e+00) XE:2.11e-01 (1.19e+00 1.19e+00 | 7.06e-01 6.78e-01)	5.818300e+00 5.007718e+00 : 8.327706e-01
2486(1000) (2.08e+00 2.11e+00) XE:2.11e-01 (1.18e+00 1.19e+00 | 6.20e-01 6.78e-01)	5.818432e+00 5.007615e+00 : 8.327729e-01
2503(992) (1.96e+00 2.11e+00) XE:2.11e-01 (1.19e+00 1.19e+00 | 6.86e-01 6.78e-01)	5.817976e+00 5.006969e+00 : 8.326881e-01
2520(1002) (2.08e+00 2.11e+00) XE:2.11e-01 (1.19e+00 1.19e+00 | 6.38e-01 6.78e-01)	5.817860e+00 5.006350e+00 : 8.326316e-01
2536(995) (1.90e+00 2.11e+00) XE:2.11e-01 (1.17e+00 1.19e+00 | 6.24e-01 6.78e-01)	5.817094e+00 5.005888e+00 : 8.325370e-01
2553(1000) (2.15e+00 2.11e+00) XE:2.11e-01 (1.17e+00 1.19e+00 | 6.76e-01 6.78e-01)	5.816696e+00 5.005591e+00 : 8.324836e-01
2570(1017) (1.64e+00 2.11e+00) XE:2.11e-01 (1.20e+00 1.19e+00 | 6.90e-01 6.78e-01)	5.816510e+00 5.005473e+00 : 8.324602e-01
2587(988) (2.00e+00 2.11e+00) XE:2.11e-01 (1.18e+00 1.19e+00 | 6.62e-01 6.78e-01)	5.815678e+00 5.005168e+00 : 8.323728e-01
2604(1022) (1.70e+00 2.11e+00) XE:2.11e-01 (1.22e+00 1.19e+00 | 6.48e-01 6.78e-01)	5.814858e+00 5.004482e+00 : 8.322569e-01
2620(996) (1.92e+00 2.11e+00) XE:2.11e-01 (1.21e+00 1.19e+00 | 7.33e-01 6.78e-01)	5.815130e+00 5.004941e+00 : 8.323132e-01
2637(995) (2.34e+00 2.11e+00) XE:2.11e-01 (1.21e+00 1.19e+00 | 6.88e-01 6.78e-01)	5.814553e+00 5.004697e+00 : 8.322500e-01
2654(1009) (2.35e+00 2.11e+00) XE:2.11e-01 (1.18e+00 1.19e+00 | 7.18e-01 6.78e-01)	5.814176e+00 5.004436e+00 : 8.322010e-01
2671(990) (2.26e+00 2.11e+00) XE:2.11e-01 (1.17e+00 1.19e+00 | 7.29e-01 6.78e-01)	5.813939e+00 5.004645e+00 : 8.321988e-01
2687(1022) (1.46e+00 2.11e+00) XE:2.11e-01 (1.18e+00 1.19e+00 | 7.06e-01 6.78e-01)	5.813818e+00 5.003788e+00 : 8.321235e-01
2704(1005) (2.22e+00 2.11e+00) XE:2.11e-01 (1.19e+00 1.19e+00 | 6.82e-01 6.78e-01)	5.813490e+00 5.003398e+00 : 8.320683e-01
2721(1003) (1.82e+00 2.11e+00) XE:2.11e-01 (1.20e+00 1.19e+00 | 6.64e-01 6.78e-01)	5.813065e+00 5.003026e+00 : 8.320070e-01
2738(996) (2.23e+00 2.11e+00) XE:2.11e-01 (1.20e+00 1.19e+00 | 6.62e-01 6.78e-01)	5.811692e+00 5.002603e+00 : 8.318688e-01
2755(1003) (1.95e+00 2.11e+00) XE:2.11e-01 (1.21e+00 1.19e+00 | 6.46e-01 6.78e-01)	5.811881e+00 5.002871e+00 : 8.319040e-01
2771(995) (2.18e+00 2.11e+00) XE:2.11e-01 (1.20e+00 1.19e+00 | 6.22e-01 6.78e-01)	5.811137e+00 5.002874e+00 : 8.318470e-01
2788(1007) (2.12e+00 2.11e+00) XE:2.11e-01 (1.18e+00 1.19e+00 | 6.56e-01 6.78e-01)	5.811009e+00 5.003076e+00 : 8.318527e-01
2805(1004) (1.75e+00 2.11e+00) XE:2.11e-01 (1.19e+00 1.19e+00 | 7.18e-01 6.78e-01)	5.811037e+00 5.002887e+00 : 8.318403e-01
2822(993) (2.15e+00 2.11e+00) XE:2.11e-01 (1.19e+00 1.19e+00 | 7.75e-01 6.78e-01)	5.810666e+00 5.002511e+00 : 8.317828e-01
2839(991) (2.01e+00 2.11e+00) XE:2.11e-01 (1.16e+00 1.19e+00 | 6.58e-01 6.78e-01)	5.810921e+00 5.002103e+00 : 8.317711e-01
2855(1015) (1.99e+00 2.11e+00) XE:2.11e-01 (1.20e+00 1.19e+00 | 7.04e-01 6.78e-01)	5.810160e+00 5.001879e+00 : 8.316953e-01
2872(991) (1.82e+00 2.11e+00) XE:2.11e-01 (1.17e+00 1.19e+00 | 6.44e-01 6.78e-01)	5.810181e+00 5.001573e+00 : 8.316734e-01
2889(985) (2.30e+00 2.11e+00) XE:2.11e-01 (1.19e+00 1.19e+00 | 6.82e-01 6.78e-01)	5.809978e+00 5.002055e+00 : 8.316949e-01
2906(1008) (2.05e+00 2.11e+00) XE:2.11e-01 (1.18e+00 1.19e+00 | 7.47e-01 6.78e-01)	5.809466e+00 5.001599e+00 : 8.316204e-01
2923(1002) (2.47e+00 2.11e+00) XE:2.11e-01 (1.17e+00 1.19e+00 | 6.86e-01 6.78e-01)	5.808828e+00 5.000909e+00 : 8.315182e-01
2940(999) (2.39e+00 2.11e+00) XE:2.11e-01 (1.21e+00 1.19e+00 | 7.37e-01 6.78e-01)	5.808615e+00 5.000610e+00 : 8.314788e-01
2956(990) (2.48e+00 2.11e+00) XE:2.11e-01 (1.19e+00 1.19e+00 | 7.10e-01 6.78e-01)	5.808517e+00 5.000563e+00 : 8.314677e-01
2973(987) (2.17e+00 2.11e+00) XE:2.11e-01 (1.19e+00 1.19e+00 | 6.54e-01 6.78e-01)	5.808134e+00 4.999619e+00 : 8.313657e-01
2990(1012) (1.92e+00 2.11e+00) XE:2.11e-01 (1.20e+00 1.19e+00 | 7.20e-01 6.78e-01)	5.807755e+00 4.999421e+00 : 8.313212e-01
3007(1015) (1.67e+00 2.11e+00) XE:2.11e-01 (1.17e+00 1.19e+00 | 6.82e-01 6.78e-01)	5.807803e+00 4.999601e+00 : 8.313388e-01
3023(1002) (2.28e+00 2.11e+00) XE:2.11e-01 (1.19e+00 1.19e+00 | 5.87e-01 6.78e-01)	5.807602e+00 4.999291e+00 : 8.312994e-01
3040(997) (2.65e+00 2.11e+00) XE:2.11e-01 (1.17e+00 1.19e+00 | 6.96e-01 6.78e-01)	5.807735e+00 4.998636e+00 : 8.312593e-01
3057(986) (2.12e+00 2.11e+00) XE:2.11e-01 (1.21e+00 1.19e+00 | 6.84e-01 6.78e-01)	5.808003e+00 4.998730e+00 : 8.312871e-01
3074(1005) (2.04e+00 2.11e+00) XE:2.11e-01 (1.20e+00 1.19e+00 | 6.48e-01 6.78e-01)	5.807856e+00 4.998333e+00 : 8.312453e-01
3091(997) (2.21e+00 2.11e+00) XE:2.11e-01 (1.19e+00 1.19e+00 | 6.36e-01 6.78e-01)	5.807334e+00 4.997710e+00 : 8.311572e-01
3107(1009) (2.62e+00 2.11e+00) XE:2.11e-01 (1.19e+00 1.19e+00 | 6.76e-01 6.78e-01)	5.806808e+00 4.997406e+00 : 8.310933e-01
3124(1022) (1.61e+00 2.11e+00) XE:2.11e-01 (1.18e+00 1.19e+00 | 5.81e-01 6.78e-01)	5.807182e+00 4.997209e+00 : 8.311071e-01
3141(980) (2.46e+00 2.11e+00) XE:2.11e-01 (1.19e+00 1.19e+00 | 6.09e-01 6.78e-01)	5.806395e+00 4.996751e+00 : 8.310112e-01
3158(975) (2.44e+00 2.11e+00) XE:2.11e-01 (1.19e+00 1.19e+00 | 6.82e-01 6.78e-01)	5.805833e+00 4.996669e+00 : 8.309616e-01
3175(997) (2.04e+00 2.11e+00) XE:2.11e-01 (1.15e+00 1.19e+00 | 6.88e-01 6.78e-01)	5.805435e+00 4.996464e+00 : 8.309154e-01
3191(1009) (1.84e+00 2.11e+00) XE:2.11e-01 (1.21e+00 1.19e+00 | 7.06e-01 6.78e-01)	5.805225e+00 4.995928e+00 : 8.308580e-01
3208(991) (2.32e+00 2.11e+00) XE:2.11e-01 (1.20e+00 1.19e+00 | 6.88e-01 6.78e-01)	5.805212e+00 4.995704e+00 : 8.308397e-01
3225(993) (2.22e+00 2.11e+00) XE:2.11e-01 (1.20e+00 1.19e+00 | 7.18e-01 6.78e-01)	5.805099e+00 4.995348e+00 : 8.308036e-01
3242(995) (2.43e+00 2.11e+00) XE:2.11e-01 (1.18e+00 1.19e+00 | 6.78e-01 6.78e-01)	5.804714e+00 4.995280e+00 : 8.307688e-01
3259(1005) (1.98e+00 2.11e+00) XE:2.11e-01 (1.23e+00 1.19e+00 | 7.41e-01 6.78e-01)	5.804642e+00 4.995467e+00 : 8.307776e-01
3275(996) (2.33e+00 2.11e+00) XE:2.11e-01 (1.22e+00 1.19e+00 | 7.47e-01 6.78e-01)	5.804649e+00 4.995363e+00 : 8.307701e-01
3292(1011) (1.83e+00 2.11e+00) XE:2.11e-01 (1.21e+00 1.19e+00 | 6.98e-01 6.78e-01)	5.804039e+00 4.994838e+00 : 8.306828e-01
3309(1003) (2.03e+00 2.11e+00) XE:2.11e-01 (1.18e+00 1.19e+00 | 6.64e-01 6.78e-01)	5.804164e+00 4.994590e+00 : 8.306734e-01
3326(1002) (1.82e+00 2.11e+00) XE:2.11e-01 (1.16e+00 1.19e+00 | 6.80e-01 6.78e-01)	5.803992e+00 4.994082e+00 : 8.306211e-01
3343(1001) (2.29e+00 2.11e+00) XE:2.11e-01 (1.19e+00 1.19e+00 | 6.78e-01 6.78e-01)	5.803917e+00 4.993856e+00 : 8.305979e-01
3359(976) (2.34e+00 2.11e+00) XE:2.11e-01 (1.19e+00 1.19e+00 | 6.44e-01 6.78e-01)	5.803542e+00 4.993357e+00 : 8.305307e-01
3376(994) (1.99e+00 2.11e+00) XE:2.11e-01 (1.21e+00 1.19e+00 | 6.94e-01 6.78e-01)	5.803385e+00 4.993724e+00 : 8.305469e-01
3393(994) (2.38e+00 2.11e+00) XE:2.11e-01 (1.15e+00 1.19e+00 | 6.46e-01 6.78e-01)	5.803118e+00 4.993497e+00 : 8.305088e-01
3410(1003) (2.14e+00 2.11e+00) XE:2.11e-01 (1.20e+00 1.19e+00 | 7.25e-01 6.78e-01)	5.802656e+00 4.993288e+00 : 8.304572e-01
3427(1011) (2.34e+00 2.11e+00) XE:2.11e-01 (1.18e+00 1.19e+00 | 6.66e-01 6.78e-01)	5.802567e+00 4.993459e+00 : 8.304636e-01
3443(996) (1.80e+00 2.11e+00) XE:2.11e-01 (1.16e+00 1.19e+00 | 5.83e-01 6.78e-01)	5.802664e+00 4.993427e+00 : 8.304685e-01
3460(1017) (2.30e+00 2.11e+00) XE:2.11e-01 (1.19e+00 1.19e+00 | 6.74e-01 6.78e-01)	5.802611e+00 4.993111e+00 : 8.304401e-01
3477(983) (2.21e+00 2.11e+00) XE:2.11e-01 (1.20e+00 1.19e+00 | 7.06e-01 6.79e-01)	5.802417e+00 4.993111e+00 : 8.304252e-01
3494(1022) (1.78e+00 2.11e+00) XE:2.11e-01 (1.16e+00 1.19e+00 | 7.31e-01 6.78e-01)	5.801898e+00 4.992606e+00 : 8.303465e-01
3511(990) (2.36e+00 2.11e+00) XE:2.11e-01 (1.19e+00 1.19e+00 | 6.48e-01 6.78e-01)	5.801699e+00 4.992346e+00 : 8.303112e-01
3527(996) (2.41e+00 2.11e+00) XE:2.11e-01 (1.21e+00 1.19e+00 | 7.04e-01 6.79e-01)	5.801364e+00 4.992088e+00 : 8.302655e-01
3544(1006) (1.73e+00 2.11e+00) XE:2.11e-01 (1.20e+00 1.19e+00 | 7.37e-01 6.78e-01)	5.801110e+00 4.992176e+00 : 8.302528e-01
3561(992) (2.11e+00 2.11e+00) XE:2.11e-01 (1.21e+00 1.19e+00 | 7.25e-01 6.78e-01)	5.801255e+00 4.992157e+00 : 8.302625e-01
3578(994) (2.25e+00 2.11e+00) XE:2.11e-01 (1.18e+00 1.19e+00 | 6.90e-01 6.79e-01)	5.801514e+00 4.992512e+00 : 8.303097e-01
3595(1003) (2.02e+00 2.11e+00) XE:2.11e-01 (1.21e+00 1.19e+00 | 7.27e-01 6.78e-01)	5.801644e+00 4.992669e+00 : 8.303318e-01
3612(1002) (2.16e+00 2.11e+00) XE:2.11e-01 (1.20e+00 1.19e+00 | 7.04e-01 6.79e-01)	5.801376e+00 4.992150e+00 : 8.302712e-01
3628(994) (2.37e+00 2.11e+00) XE:2.11e-01 (1.18e+00 1.19e+00 | 6.62e-01 6.79e-01)	5.801116e+00 4.991907e+00 : 8.302325e-01
3645(1002) (1.83e+00 2.11e+00) XE:2.11e-01 (1.20e+00 1.19e+00 | 7.04e-01 6.79e-01)	5.801151e+00 4.991975e+00 : 8.302405e-01
3662(999) (1.82e+00 2.11e+00) XE:2.11e-01 (1.21e+00 1.19e+00 | 7.18e-01 6.79e-01)	5.800649e+00 4.992020e+00 : 8.302053e-01
3679(988) (2.59e+00 2.11e+00) XE:2.11e-01 (1.21e+00 1.19e+00 | 6.60e-01 6.78e-01)	5.800687e+00 4.991689e+00 : 8.301828e-01
3696(1002) (1.91e+00 2.11e+00) XE:2.11e-01 (1.18e+00 1.19e+00 | 6.52e-01 6.78e-01)	5.800384e+00 4.991626e+00 : 8.301546e-01
3712(1002) (2.37e+00 2.11e+00) XE:2.11e-01 (1.21e+00 1.19e+00 | 6.94e-01 6.79e-01)	5.799908e+00 4.991354e+00 : 8.300971e-01
3729(1002) (1.53e+00 2.11e+00) XE:2.11e-01 (1.19e+00 1.19e+00 | 6.52e-01 6.79e-01)	5.799895e+00 4.991392e+00 : 8.300990e-01
3746(1008) (2.00e+00 2.11e+00) XE:2.11e-01 (1.17e+00 1.19e+00 | 6.58e-01 6.79e-01)	5.799290e+00 4.991217e+00 : 8.300390e-01
3763(999) (1.91e+00 2.11e+00) XE:2.11e-01 (1.16e+00 1.19e+00 | 6.44e-01 6.78e-01)	5.799256e+00 4.991511e+00 : 8.300590e-01
3780(991) (2.27e+00 2.11e+00) XE:2.11e-01 (1.17e+00 1.19e+00 | 6.54e-01 6.78e-01)	5.799002e+00 4.991428e+00 : 8.300331e-01
3796(1000) (2.28e+00 2.11e+00) XE:2.11e-01 (1.21e+00 1.19e+00 | 6.74e-01 6.78e-01)	5.799262e+00 4.991542e+00 : 8.300618e-01
3813(1017) (1.80e+00 2.11e+00) XE:2.11e-01 (1.19e+00 1.19e+00 | 6.24e-01 6.78e-01)	5.798919e+00 4.991401e+00 : 8.300246e-01
3830(1004) (1.83e+00 2.11e+00) XE:2.11e-01 (1.20e+00 1.19e+00 | 6.64e-01 6.78e-01)	5.798336e+00 4.991032e+00 : 8.299514e-01
3847(989) (1.96e+00 2.11e+00) XE:2.11e-01 (1.19e+00 1.19e+00 | 6.46e-01 6.78e-01)	5.797654e+00 4.990612e+00 : 8.298666e-01
3864(996) (2.39e+00 2.11e+00) XE:2.11e-01 (1.18e+00 1.19e+00 | 6.46e-01 6.78e-01)	5.797675e+00 4.990525e+00 : 8.298615e-01
3880(1002) (2.05e+00 2.11e+00) XE:2.11e-01 (1.19e+00 1.19e+00 | 6.70e-01 6.78e-01)	5.797497e+00 4.990304e+00 : 8.298308e-01
3897(992) (2.37e+00 2.11e+00) XE:2.11e-01 (1.18e+00 1.19e+00 | 6.66e-01 6.79e-01)	5.797302e+00 4.989805e+00 : 8.297775e-01
3914(1010) (1.54e+00 2.11e+00) XE:2.11e-01 (1.20e+00 1.19e+00 | 6.94e-01 6.79e-01)	5.796927e+00 4.989556e+00 : 8.297294e-01
3931(1020) (1.89e+00 2.11e+00) XE:2.11e-01 (1.21e+00 1.19e+00 | 7.10e-01 6.79e-01)	5.796513e+00 4.989248e+00 : 8.296739e-01
3947(999) (1.98e+00 2.11e+00) XE:2.11e-01 (1.20e+00 1.19e+00 | 7.27e-01 6.79e-01)	5.796470e+00 4.988987e+00 : 8.296505e-01
3964(994) (2.25e+00 2.11e+00) XE:2.11e-01 (1.20e+00 1.19e+00 | 6.88e-01 6.79e-01)	5.796485e+00 4.988572e+00 : 8.296197e-01
3981(991) (2.16e+00 2.11e+00) XE:2.11e-01 (1.21e+00 1.19e+00 | 6.30e-01 6.79e-01)	5.796251e+00 4.988572e+00 : 8.296018e-01
3998(1003) (2.52e+00 2.11e+00) XE:2.11e-01 (1.15e+00 1.19e+00 | 6.07e-01 6.79e-01)	5.796030e+00 4.988447e+00 : 8.295751e-01
4015(1001) (1.78e+00 2.11e+00) XE:2.11e-01 (1.19e+00 1.19e+00 | 6.48e-01 6.79e-01)	5.795689e+00 4.988629e+00 : 8.295629e-01
4031(1010) (2.02e+00 2.11e+00) XE:2.11e-01 (1.18e+00 1.19e+00 | 5.81e-01 6.79e-01)	5.795720e+00 4.988326e+00 : 8.295420e-01
4048(990) (2.36e+00 2.11e+00) XE:2.11e-01 (1.17e+00 1.19e+00 | 6.68e-01 6.79e-01)	5.795163e+00 4.987782e+00 : 8.294573e-01
4065(1010) (2.38e+00 2.11e+00) XE:2.11e-01 (1.19e+00 1.19e+00 | 7.12e-01 6.79e-01)	5.795194e+00 4.987845e+00 : 8.294646e-01
4082(998) (2.03e+00 2.11e+00) XE:2.11e-01 (1.19e+00 1.19e+00 | 6.90e-01 6.79e-01)	5.794921e+00 4.987167e+00 : 8.293913e-01
4099(1007) (1.91e+00 2.11e+00) XE:2.11e-01 (1.19e+00 1.19e+00 | 6.96e-01 6.79e-01)	5.795059e+00 4.986960e+00 : 8.293860e-01
4116(1000) (2.39e+00 2.11e+00) XE:2.11e-01 (1.19e+00 1.19e+00 | 6.68e-01 6.79e-01)	5.794572e+00 4.986594e+00 : 8.293204e-01
4132(998) (2.37e+00 2.11e+00) XE:2.11e-01 (1.18e+00 1.19e+00 | 6.36e-01 6.79e-01)	5.794231e+00 4.986553e+00 : 8.292911e-01
4149(979) (2.71e+00 2.11e+00) XE:2.11e-01 (1.20e+00 1.19e+00 | 6.84e-01 6.79e-01)	5.794241e+00 4.986626e+00 : 8.292975e-01
4166(1009) (1.99e+00 2.11e+00) XE:2.11e-01 (1.21e+00 1.19e+00 | 6.98e-01 6.79e-01)	5.793972e+00 4.986618e+00 : 8.292761e-01
4183(995) (2.30e+00 2.11e+00) XE:2.11e-01 (1.19e+00 1.19e+00 | 6.34e-01 6.79e-01)	5.793842e+00 4.986529e+00 : 8.292593e-01
4199(1003) (2.63e+00 2.11e+00) XE:2.11e-01 (1.18e+00 1.19e+00 | 7.08e-01 6.79e-01)	5.793866e+00 4.986232e+00 : 8.292383e-01
4216(998) (1.96e+00 2.11e+00) XE:2.11e-01 (1.22e+00 1.19e+00 | 7.33e-01 6.79e-01)	5.792773e+00 4.985341e+00 : 8.290856e-01
4233(1008) (2.06e+00 2.11e+00) XE:2.11e-01 (1.20e+00 1.19e+00 | 7.39e-01 6.79e-01)	5.792305e+00 4.985603e+00 : 8.290698e-01
4250(991) (2.11e+00 2.11e+00) XE:2.11e-01 (1.19e+00 1.19e+00 | 6.42e-01 6.79e-01)	5.792300e+00 4.985522e+00 : 8.290632e-01
4267(1001) (2.37e+00 2.11e+00) XE:2.11e-01 (1.21e+00 1.19e+00 | 7.27e-01 6.79e-01)	5.791920e+00 4.985260e+00 : 8.290138e-01
4283(996) (2.08e+00 2.11e+00) XE:2.11e-01 (1.18e+00 1.19e+00 | 6.88e-01 6.79e-01)	5.792010e+00 4.985076e+00 : 8.290066e-01
4300(986) (2.31e+00 2.11e+00) XE:2.11e-01 (1.17e+00 1.19e+00 | 6.84e-01 6.79e-01)	5.791677e+00 4.984883e+00 : 8.289661e-01
4317(1003) (1.95e+00 2.11e+00) XE:2.11e-01 (1.19e+00 1.19e+00 | 7.08e-01 6.79e-01)	5.791804e+00 4.985062e+00 : 8.289897e-01
4334(1011) (1.72e+00 2.11e+00) XE:2.11e-01 (1.19e+00 1.19e+00 | 6.42e-01 6.79e-01)	5.791881e+00 4.984632e+00 : 8.289625e-01
4351(1012) (1.95e+00 2.11e+00) XE:2.11e-01 (1.21e+00 1.19e+00 | 6.94e-01 6.79e-01)	5.791900e+00 4.984735e+00 : 8.289719e-01
4367(991) (2.34e+00 2.11e+00) XE:2.11e-01 (1.22e+00 1.19e+00 | 7.06e-01 6.79e-01)	5.792050e+00 4.984757e+00 : 8.289852e-01
4384(998) (2.12e+00 2.11e+00) XE:2.11e-01 (1.17e+00 1.19e+00 | 6.90e-01 6.79e-01)	5.791823e+00 4.984398e+00 : 8.289400e-01
4401(995) (2.35e+00 2.11e+00) XE:2.11e-01 (1.19e+00 1.19e+00 | 6.26e-01 6.79e-01)	5.791905e+00 4.984717e+00 : 8.289709e-01
4418(995) (2.67e+00 2.11e+00) XE:2.11e-01 (1.19e+00 1.19e+00 | 7.33e-01 6.79e-01)	5.791828e+00 4.984309e+00 : 8.289336e-01
4435(998) (2.40e+00 2.11e+00) XE:2.11e-01 (1.19e+00 1.19e+00 | 7.18e-01 6.79e-01)	5.791617e+00 4.983938e+00 : 8.288888e-01
4452(990) (1.87e+00 2.11e+00) XE:2.11e-01 (1.20e+00 1.19e+00 | 6.94e-01 6.79e-01)	5.791167e+00 4.983787e+00 : 8.288426e-01
4468(994) (1.84e+00 2.11e+00) XE:2.11e-01 (1.23e+00 1.19e+00 | 6.84e-01 6.79e-01)	5.790719e+00 4.983545e+00 : 8.287895e-01
4485(985) (2.25e+00 2.11e+00) XE:2.11e-01 (1.21e+00 1.19e+00 | 7.16e-01 6.79e-01)	5.790524e+00 4.983190e+00 : 8.287472e-01
4502(1003) (2.26e+00 2.11e+00) XE:2.11e-01 (1.21e+00 1.19e+00 | 6.52e-01 6.79e-01)	5.790470e+00 4.983323e+00 : 8.287533e-01
4519(989) (2.14e+00 2.11e+00) XE:2.11e-01 (1.19e+00 1.19e+00 | 6.96e-01 6.79e-01)	5.789619e+00 4.982479e+00 : 8.286229e-01
4536(992) (2.07e+00 2.11e+00) XE:2.11e-01 (1.19e+00 1.19e+00 | 6.82e-01 6.79e-01)	5.789308e+00 4.982159e+00 : 8.285744e-01
4552(995) (2.09e+00 2.11e+00) XE:2.11e-01 (1.21e+00 1.19e+00 | 6.32e-01 6.79e-01)	5.789303e+00 4.981883e+00 : 8.285527e-01
4569(997) (1.94e+00 2.11e+00) XE:2.11e-01 (1.22e+00 1.19e+00 | 7.41e-01 6.79e-01)	5.789260e+00 4.981764e+00 : 8.285403e-01
4586(999) (1.62e+00 2.11e+00) XE:2.11e-01 (1.21e+00 1.19e+00 | 7.20e-01 6.79e-01)	5.789481e+00 4.981989e+00 : 8.285746e-01
4603(1000) (1.84e+00 2.11e+00) XE:2.11e-01 (1.19e+00 1.19e+00 | 6.70e-01 6.79e-01)	5.789608e+00 4.982079e+00 : 8.285913e-01
4620(1000) (2.92e+00 2.11e+00) XE:2.11e-01 (1.16e+00 1.19e+00 | 5.95e-01 6.79e-01)	5.789317e+00 4.981636e+00 : 8.285348e-01
4636(995) (1.82e+00 2.11e+00) XE:2.11e-01 (1.23e+00 1.19e+00 | 6.76e-01 6.79e-01)	5.789180e+00 4.981703e+00 : 8.285295e-01
4653(1009) (2.02e+00 2.11e+00) XE:2.11e-01 (1.19e+00 1.19e+00 | 6.58e-01 6.79e-01)	5.789131e+00 4.981894e+00 : 8.285404e-01
4670(1009) (2.66e+00 2.11e+00) XE:2.11e-01 (1.21e+00 1.19e+00 | 7.73e-01 6.79e-01)	5.788979e+00 4.981798e+00 : 8.285213e-01
4687(1008) (1.47e+00 2.11e+00) XE:2.11e-01 (1.20e+00 1.19e+00 | 7.43e-01 6.79e-01)	5.788880e+00 4.981645e+00 : 8.285019e-01
4704(999) (2.20e+00 2.11e+00) XE:2.11e-01 (1.20e+00 1.19e+00 | 6.92e-01 6.79e-01)	5.788637e+00 4.981523e+00 : 8.284739e-01
4720(1005) (2.24e+00 2.11e+00) XE:2.11e-01 (1.19e+00 1.19e+00 | 6.26e-01 6.79e-01)	5.788093e+00 4.980960e+00 : 8.283887e-01
4737(1011) (1.48e+00 2.11e+00) XE:2.11e-01 (1.19e+00 1.19e+00 | 7.02e-01 6.79e-01)	5.788094e+00 4.981054e+00 : 8.283960e-01
4754(992) (2.23e+00 2.11e+00) XE:2.11e-01 (1.21e+00 1.19e+00 | 7.16e-01 6.79e-01)	5.787674e+00 4.980981e+00 : 8.283581e-01
4771(995) (2.04e+00 2.11e+00) XE:2.11e-01 (1.17e+00 1.19e+00 | 6.72e-01 6.79e-01)	5.787335e+00 4.980936e+00 : 8.283285e-01
4788(998) (2.22e+00 2.11e+00) XE:2.11e-01 (1.21e+00 1.19e+00 | 6.68e-01 6.79e-01)	5.787463e+00 4.980955e+00 : 8.283398e-01
4804(995) (2.15e+00 2.11e+00) XE:2.11e-01 (1.23e+00 1.19e+00 | 6.82e-01 6.79e-01)	5.787370e+00 4.980946e+00 : 8.283319e-01
4821(1008) (2.02e+00 2.11e+00) XE:2.11e-01 (1.19e+00 1.19e+00 | 6.66e-01 6.79e-01)	5.787112e+00 4.980632e+00 : 8.282880e-01
4838(984) (2.12e+00 2.11e+00) XE:2.11e-01 (1.18e+00 1.19e+00 | 7.00e-01 6.79e-01)	5.787122e+00 4.980584e+00 : 8.282851e-01
4855(1008) (2.29e+00 2.11e+00) XE:2.11e-01 (1.18e+00 1.19e+00 | 6.36e-01 6.79e-01)	5.786850e+00 4.980383e+00 : 8.282487e-01
4871(998) (2.01e+00 2.11e+00) XE:2.11e-01 (1.19e+00 1.19e+00 | 6.64e-01 6.79e-01)	5.786696e+00 4.980473e+00 : 8.282438e-01
4888(1004) (2.06e+00 2.11e+00) XE:2.11e-01 (1.19e+00 1.19e+00 | 6.50e-01 6.79e-01)	5.786714e+00 4.980438e+00 : 8.282424e-01
4905(996) (2.19e+00 2.11e+00) XE:2.11e-01 (1.20e+00 1.19e+00 | 6.60e-01 6.79e-01)	5.786702e+00 4.980253e+00 : 8.282273e-01
4922(981) (2.00e+00 2.11e+00) XE:2.11e-01 (1.21e+00 1.19e+00 | 6.92e-01 6.79e-01)	5.786649e+00 4.980196e+00 : 8.282189e-01
4939(987) (2.47e+00 2.11e+00) XE:2.11e-01 (1.18e+00 1.19e+00 | 5.83e-01 6.79e-01)	5.786420e+00 4.980360e+00 : 8.282139e-01
4955(995) (2.03e+00 2.10e+00) XE:2.10e-01 (1.17e+00 1.19e+00 | 6.50e-01 6.79e-01)	5.786456e+00 4.980711e+00 : 8.282436e-01
4972(994) (1.87e+00 2.10e+00) XE:2.10e-01 (1.18e+00 1.19e+00 | 6.38e-01 6.79e-01)	5.786725e+00 4.980459e+00 : 8.282449e-01
4989(1002) (1.83e+00 2.10e+00) XE:2.10e-01 (1.19e+00 1.19e+00 | 7.16e-01 6.78e-01)	5.786480e+00 4.980001e+00 : 8.281908e-01
5006(1002) (1.94e+00 2.10e+00) XE:2.10e-01 (1.19e+00 1.19e+00 | 6.90e-01 6.78e-01)	5.786396e+00 4.980034e+00 : 8.281869e-01
5023(1012) (1.47e+00 2.10e+00) XE:2.10e-01 (1.19e+00 1.19e+00 | 7.33e-01 6.79e-01)	5.786722e+00 4.980166e+00 : 8.282222e-01
5039(997) (2.32e+00 2.10e+00) XE:2.10e-01 (1.21e+00 1.19e+00 | 7.37e-01 6.79e-01)	5.786452e+00 4.980045e+00 : 8.281921e-01
5056(983) (2.29e+00 2.10e+00) XE:2.10e-01 (1.22e+00 1.19e+00 | 6.30e-01 6.79e-01)	5.786494e+00 4.980212e+00 : 8.282081e-01
5073(999) (2.19e+00 2.10e+00) XE:2.10e-01 (1.19e+00 1.19e+00 | 7.25e-01 6.79e-01)	5.786232e+00 4.980139e+00 : 8.281824e-01
5090(1009) (2.27e+00 2.10e+00) XE:2.10e-01 (1.20e+00 1.19e+00 | 6.80e-01 6.79e-01)	5.785879e+00 4.979838e+00 : 8.281321e-01
5107(993) (1.92e+00 2.10e+00) XE:2.10e-01 (1.19e+00 1.19e+00 | 6.76e-01 6.79e-01)	5.785959e+00 4.980146e+00 : 8.281620e-01
5124(996) (2.20e+00 2.10e+00) XE:2.10e-01 (1.21e+00 1.19e+00 | 6.72e-01 6.79e-01)	5.785807e+00 4.980088e+00 : 8.281458e-01
5140(1002) (2.14e+00 2.10e+00) XE:2.10e-01 (1.22e+00 1.19e+00 | 6.78e-01 6.79e-01)	5.785585e+00 4.979776e+00 : 8.281047e-01
5157(1004) (2.19e+00 2.10e+00) XE:2.10e-01 (1.16e+00 1.19e+00 | 6.48e-01 6.79e-01)	5.785581e+00 4.979675e+00 : 8.280966e-01
5174(999) (1.83e+00 2.10e+00) XE:2.10e-01 (1.18e+00 1.19e+00 | 6.68e-01 6.79e-01)	5.785685e+00 4.979738e+00 : 8.281094e-01
5191(1009) (1.81e+00 2.10e+00) XE:2.10e-01 (1.20e+00 1.19e+00 | 6.92e-01 6.79e-01)	5.785632e+00 4.979928e+00 : 8.281200e-01
5207(992) (1.91e+00 2.10e+00) XE:2.10e-01 (1.21e+00 1.19e+00 | 6.66e-01 6.79e-01)	5.785684e+00 4.979876e+00 : 8.281200e-01
5224(993) (2.60e+00 2.10e+00) XE:2.10e-01 (1.18e+00 1.19e+00 | 6.86e-01 6.79e-01)	5.785376e+00 4.979785e+00 : 8.280893e-01
5241(1005) (1.85e+00 2.10e+00) XE:2.10e-01 (1.18e+00 1.19e+00 | 6.64e-01 6.79e-01)	5.785065e+00 4.979652e+00 : 8.280552e-01
5258(1011) (1.66e+00 2.10e+00) XE:2.10e-01 (1.18e+00 1.19e+00 | 6.74e-01 6.79e-01)	5.784998e+00 4.979418e+00 : 8.280320e-01
5275(997) (2.08e+00 2.10e+00) XE:2.10e-01 (1.19e+00 1.19e+00 | 6.56e-01 6.79e-01)	5.784905e+00 4.979394e+00 : 8.280230e-01
5291(1003) (1.77e+00 2.10e+00) XE:2.10e-01 (1.22e+00 1.19e+00 | 6.92e-01 6.79e-01)	5.784760e+00 4.979172e+00 : 8.279948e-01
5308(1005) (1.87e+00 2.10e+00) XE:2.10e-01 (1.19e+00 1.19e+00 | 5.87e-01 6.79e-01)	5.784493e+00 4.979014e+00 : 8.279621e-01
5326(1012) (1.82e+00 2.10e+00) XE:2.10e-01 (1.19e+00 1.19e+00 | 7.04e-01 6.79e-01)	5.784397e+00 4.978682e+00 : 8.279291e-01
5345(1008) (2.04e+00 2.10e+00) XE:2.10e-01 (1.17e+00 1.19e+00 | 6.72e-01 6.79e-01)	5.784572e+00 4.978759e+00 : 8.279485e-01
5364(987) (2.26e+00 2.10e+00) XE:2.10e-01 (1.21e+00 1.19e+00 | 7.61e-01 6.79e-01)	5.784601e+00 4.978897e+00 : 8.279614e-01
5383(997) (2.47e+00 2.10e+00) XE:2.10e-01 (1.15e+00 1.19e+00 | 6.46e-01 6.79e-01)	5.784225e+00 4.978648e+00 : 8.279133e-01
5401(993) (2.36e+00 2.10e+00) XE:2.10e-01 (1.19e+00 1.19e+00 | 6.78e-01 6.79e-01)	5.783669e+00 4.978257e+00 : 8.278405e-01
5418(1001) (1.70e+00 2.10e+00) XE:2.10e-01 (1.19e+00 1.19e+00 | 6.62e-01 6.79e-01)	5.783512e+00 4.978208e+00 : 8.278246e-01
5434(987) (2.32e+00 2.10e+00) XE:2.10e-01 (1.20e+00 1.19e+00 | 7.08e-01 6.79e-01)	5.783315e+00 4.978251e+00 : 8.278128e-01
5451(990) (2.06e+00 2.10e+00) XE:2.10e-01 (1.21e+00 1.19e+00 | 7.16e-01 6.79e-01)	5.783471e+00 4.978422e+00 : 8.278379e-01
5468(1006) (1.82e+00 2.10e+00) XE:2.10e-01 (1.19e+00 1.19e+00 | 7.51e-01 6.79e-01)	5.783646e+00 4.978458e+00 : 8.278542e-01
5484(1006) (1.40e+00 2.10e+00) XE:2.10e-01 (1.16e+00 1.19e+00 | 6.90e-01 6.79e-01)	5.783636e+00 4.978491e+00 : 8.278559e-01
5501(998) (2.51e+00 2.10e+00) XE:2.10e-01 (1.18e+00 1.19e+00 | 6.76e-01 6.79e-01)	5.783596e+00 4.978508e+00 : 8.278541e-01
5518(1008) (1.82e+00 2.10e+00) XE:2.10e-01 (1.19e+00 1.19e+00 | 7.14e-01 6.79e-01)	5.783803e+00 4.978441e+00 : 8.278649e-01
5535(992) (1.73e+00 2.10e+00) XE:2.10e-01 (1.19e+00 1.19e+00 | 6.54e-01 6.79e-01)	5.783725e+00 4.978363e+00 : 8.278529e-01
5551(1010) (2.34e+00 2.10e+00) XE:2.10e-01 (1.19e+00 1.19e+00 | 6.70e-01 6.79e-01)	5.783723e+00 4.978565e+00 : 8.278683e-01
5568(998) (1.96e+00 2.10e+00) XE:2.10e-01 (1.20e+00 1.19e+00 | 6.03e-01 6.79e-01)	5.783627e+00 4.978299e+00 : 8.278405e-01
5585(1001) (1.85e+00 2.10e+00) XE:2.10e-01 (1.19e+00 1.19e+00 | 6.54e-01 6.79e-01)	5.783861e+00 4.978522e+00 : 8.278756e-01
5601(1006) (2.12e+00 2.10e+00) XE:2.10e-01 (1.18e+00 1.19e+00 | 6.58e-01 6.79e-01)	5.783475e+00 4.978527e+00 : 8.278463e-01
5618(990) (2.14e+00 2.10e+00) XE:2.10e-01 (1.17e+00 1.19e+00 | 6.38e-01 6.79e-01)	5.783412e+00 4.978380e+00 : 8.278302e-01
5635(1004) (2.14e+00 2.10e+00) XE:2.10e-01 (1.18e+00 1.19e+00 | 7.81e-01 6.79e-01)	5.783603e+00 4.978220e+00 : 8.278325e-01
5651(989) (2.21e+00 2.10e+00) XE:2.10e-01 (1.18e+00 1.19e+00 | 6.52e-01 6.79e-01)	5.783437e+00 4.978372e+00 : 8.278315e-01
5668(1001) (2.12e+00 2.10e+00) XE:2.10e-01 (1.19e+00 1.19e+00 | 6.76e-01 6.79e-01)	5.783250e+00 4.978364e+00 : 8.278164e-01
5685(1006) (2.09e+00 2.10e+00) XE:2.10e-01 (1.18e+00 1.19e+00 | 7.25e-01 6.79e-01)	5.783268e+00 4.978467e+00 : 8.278258e-01
5701(1005) (1.69e+00 2.10e+00) XE:2.10e-01 (1.18e+00 1.19e+00 | 6.98e-01 6.79e-01)	5.782620e+00 4.977965e+00 : 8.277373e-01
5718(990) (2.27e+00 2.10e+00) XE:2.10e-01 (1.23e+00 1.19e+00 | 7.06e-01 6.79e-01)	5.782197e+00 4.977799e+00 : 8.276920e-01
5735(985) (2.72e+00 2.10e+00) XE:2.10e-01 (1.16e+00 1.19e+00 | 6.32e-01 6.79e-01)	5.782188e+00 4.977691e+00 : 8.276829e-01
5751(997) (1.67e+00 2.10e+00) XE:2.10e-01 (1.19e+00 1.19e+00 | 6.94e-01 6.79e-01)	5.782238e+00 4.978054e+00 : 8.277148e-01
5768(1002) (2.36e+00 2.10e+00) XE:2.10e-01 (1.18e+00 1.19e+00 | 6.03e-01 6.79e-01)	5.782105e+00 4.978106e+00 : 8.277085e-01
5785(1000) (2.40e+00 2.10e+00) XE:2.10e-01 (1.21e+00 1.19e+00 | 6.78e-01 6.79e-01)	5.782179e+00 4.978150e+00 : 8.277176e-01
5801(996) (2.23e+00 2.10e+00) XE:2.10e-01 (1.20e+00 1.19e+00 | 6.42e-01 6.79e-01)	5.781824e+00 4.977904e+00 : 8.276714e-01
5818(984) (1.94e+00 2.10e+00) XE:2.10e-01 (1.18e+00 1.19e+00 | 6.01e-01 6.79e-01)	5.781929e+00 4.978060e+00 : 8.276915e-01
5835(1003) (2.02e+00 2.10e+00) XE:2.10e-01 (1.20e+00 1.19e+00 | 6.80e-01 6.79e-01)	5.782078e+00 4.978090e+00 : 8.277053e-01
5852(1001) (1.93e+00 2.10e+00) XE:2.10e-01 (1.19e+00 1.19e+00 | 6.88e-01 6.79e-01)	5.782147e+00 4.978151e+00 : 8.277153e-01
5868(994) (2.31e+00 2.10e+00) XE:2.10e-01 (1.18e+00 1.19e+00 | 6.68e-01 6.79e-01)	5.782110e+00 4.978003e+00 : 8.277010e-01
5885(1002) (2.33e+00 2.10e+00) XE:2.10e-01 (1.20e+00 1.19e+00 | 6.26e-01 6.79e-01)	5.782078e+00 4.978073e+00 : 8.277039e-01
5902(1008) (1.79e+00 2.10e+00) XE:2.10e-01 (1.21e+00 1.19e+00 | 7.02e-01 6.79e-01)	5.781965e+00 4.977935e+00 : 8.276846e-01
5918(997) (2.58e+00 2.10e+00) XE:2.10e-01 (1.22e+00 1.19e+00 | 6.82e-01 6.79e-01)	5.781783e+00 4.977959e+00 : 8.276725e-01
5935(1013) (1.28e+00 2.10e+00) XE:2.10e-01 (1.20e+00 1.19e+00 | 6.42e-01 6.79e-01)	5.781650e+00 4.977875e+00 : 8.276558e-01
5952(1000) (1.57e+00 2.10e+00) XE:2.10e-01 (1.21e+00 1.19e+00 | 6.92e-01 6.79e-01)	5.781383e+00 4.977692e+00 : 8.276211e-01
5969(992) (1.69e+00 2.10e+00) XE:2.10e-01 (1.18e+00 1.19e+00 | 6.40e-01 6.79e-01)	5.781308e+00 4.977737e+00 : 8.276188e-01
5985(998) (1.85e+00 2.10e+00) XE:2.10e-01 (1.21e+00 1.19e+00 | 7.10e-01 6.79e-01)	5.781163e+00 4.977630e+00 : 8.275995e-01
6002(1008) (1.65e+00 2.10e+00) XE:2.10e-01 (1.20e+00 1.19e+00 | 6.48e-01 6.79e-01)	5.781518e+00 4.977641e+00 : 8.276276e-01
6019(998) (1.98e+00 2.10e+00) XE:2.10e-01 (1.18e+00 1.19e+00 | 6.68e-01 6.79e-01)	5.781363e+00 4.977393e+00 : 8.275967e-01
6035(995) (2.32e+00 2.10e+00) XE:2.10e-01 (1.23e+00 1.19e+00 | 6.86e-01 6.79e-01)	5.781128e+00 4.977135e+00 : 8.275587e-01
6052(995) (2.05e+00 2.10e+00) XE:2.10e-01 (1.21e+00 1.19e+00 | 6.60e-01 6.79e-01)	5.781100e+00 4.977240e+00 : 8.275646e-01
6069(1004) (1.76e+00 2.10e+00) XE:2.10e-01 (1.21e+00 1.19e+00 | 7.08e-01 6.79e-01)	5.781073e+00 4.977486e+00 : 8.275815e-01
6086(1000) (2.59e+00 2.10e+00) XE:2.10e-01 (1.16e+00 1.19e+00 | 6.90e-01 6.79e-01)	5.781074e+00 4.977412e+00 : 8.275758e-01
6102(1000) (2.29e+00 2.10e+00) XE:2.10e-01 (1.20e+00 1.19e+00 | 7.69e-01 6.79e-01)	5.781112e+00 4.977262e+00 : 8.275672e-01
6119(1004) (1.78e+00 2.10e+00) XE:2.10e-01 (1.18e+00 1.19e+00 | 6.26e-01 6.79e-01)	5.780881e+00 4.977215e+00 : 8.275459e-01
6136(1000) (2.50e+00 2.10e+00) XE:2.10e-01 (1.21e+00 1.19e+00 | 6.80e-01 6.79e-01)	5.780895e+00 4.977268e+00 : 8.275510e-01
6152(1012) (1.55e+00 2.10e+00) XE:2.10e-01 (1.18e+00 1.19e+00 | 6.40e-01 6.79e-01)	5.780746e+00 4.977207e+00 : 8.275348e-01
6169(1014) (2.04e+00 2.10e+00) XE:2.10e-01 (1.20e+00 1.19e+00 | 7.31e-01 6.79e-01)	5.780711e+00 4.977013e+00 : 8.275172e-01
6186(1009) (2.03e+00 2.10e+00) XE:2.10e-01 (1.17e+00 1.19e+00 | 6.54e-01 6.79e-01)	5.780583e+00 4.976935e+00 : 8.275014e-01
6202(1008) (1.41e+00 2.10e+00) XE:2.10e-01 (1.20e+00 1.19e+00 | 7.08e-01 6.79e-01)	5.780758e+00 4.977087e+00 : 8.275265e-01
6219(996) (2.00e+00 2.10e+00) XE:2.10e-01 (1.20e+00 1.19e+00 | 6.84e-01 6.79e-01)	5.780598e+00 4.977150e+00 : 8.275191e-01
6236(993) (1.92e+00 2.10e+00) XE:2.10e-01 (1.18e+00 1.19e+00 | 6.58e-01 6.79e-01)	5.780631e+00 4.976935e+00 : 8.275051e-01
6253(999) (1.80e+00 2.10e+00) XE:2.10e-01 (1.21e+00 1.19e+00 | 6.96e-01 6.79e-01)	5.780661e+00 4.976914e+00 : 8.275057e-01
6269(993) (2.27e+00 2.10e+00) XE:2.10e-01 (1.19e+00 1.19e+00 | 6.42e-01 6.79e-01)	5.780663e+00 4.976807e+00 : 8.274977e-01
6286(992) (1.58e+00 2.10e+00) XE:2.10e-01 (1.19e+00 1.19e+00 | 6.20e-01 6.79e-01)	5.780469e+00 4.976927e+00 : 8.274920e-01
6303(1001) (2.15e+00 2.10e+00) XE:2.10e-01 (1.18e+00 1.19e+00 | 6.96e-01 6.79e-01)	5.780169e+00 4.976714e+00 : 8.274526e-01
6319(1007) (2.14e+00 2.10e+00) XE:2.10e-01 (1.17e+00 1.19e+00 | 6.62e-01 6.79e-01)	5.779986e+00 4.976747e+00 : 8.274410e-01
6336(999) (2.25e+00 2.10e+00) XE:2.10e-01 (1.18e+00 1.19e+00 | 7.02e-01 6.79e-01)	5.779723e+00 4.976610e+00 : 8.274102e-01
6353(1012) (1.85e+00 2.10e+00) XE:2.10e-01 (1.21e+00 1.19e+00 | 6.88e-01 6.79e-01)	5.779944e+00 4.976553e+00 : 8.274228e-01
6369(994) (1.92e+00 2.10e+00) XE:2.10e-01 (1.15e+00 1.19e+00 | 7.57e-01 6.79e-01)	5.779955e+00 4.976944e+00 : 8.274537e-01
6386(993) (1.67e+00 2.10e+00) XE:2.10e-01 (1.19e+00 1.19e+00 | 6.30e-01 6.79e-01)	5.779851e+00 4.976676e+00 : 8.274252e-01
6403(991) (1.94e+00 2.10e+00) XE:2.10e-01 (1.20e+00 1.19e+00 | 6.62e-01 6.79e-01)	5.780005e+00 4.976607e+00 : 8.274317e-01
6420(999) (2.34e+00 2.10e+00) XE:2.10e-01 (1.18e+00 1.19e+00 | 6.62e-01 6.79e-01)	5.779928e+00 4.976667e+00 : 8.274304e-01
6436(1014) (2.27e+00 2.10e+00) XE:2.10e-01 (1.22e+00 1.19e+00 | 6.96e-01 6.79e-01)	5.779676e+00 4.976476e+00 : 8.273963e-01
6453(1009) (1.99e+00 2.10e+00) XE:2.10e-01 (1.20e+00 1.19e+00 | 7.02e-01 6.79e-01)	5.779617e+00 4.976478e+00 : 8.273919e-01
6470(1005) (1.81e+00 2.10e+00) XE:2.10e-01 (1.19e+00 1.19e+00 | 7.20e-01 6.79e-01)	5.779282e+00 4.976181e+00 : 8.273433e-01
6486(992) (2.12e+00 2.10e+00) XE:2.10e-01 (1.20e+00 1.19e+00 | 6.86e-01 6.79e-01)	5.779092e+00 4.975931e+00 : 8.273095e-01
6503(998) (1.82e+00 2.10e+00) XE:2.10e-01 (1.20e+00 1.19e+00 | 6.74e-01 6.79e-01)	5.779032e+00 4.975768e+00 : 8.272923e-01
6520(1005) (2.26e+00 2.10e+00) XE:2.10e-01 (1.22e+00 1.19e+00 | 7.12e-01 6.79e-01)	5.778862e+00 4.975760e+00 : 8.272786e-01
6536(1029) (2.52e+00 2.10e+00) XE:2.10e-01 (1.18e+00 1.19e+00 | 6.70e-01 6.79e-01)	5.778850e+00 4.975694e+00 : 8.272726e-01
6553(1011) (1.70e+00 2.10e+00) XE:2.10e-01 (1.18e+00 1.19e+00 | 6.03e-01 6.79e-01)	5.778807e+00 4.975649e+00 : 8.272658e-01
6570(1004) (2.02e+00 2.10e+00) XE:2.10e-01 (1.20e+00 1.19e+00 | 6.58e-01 6.79e-01)	5.778612e+00 4.975553e+00 : 8.272435e-01
6587(1021) (1.63e+00 2.10e+00) XE:2.10e-01 (1.19e+00 1.19e+00 | 6.56e-01 6.79e-01)	5.778460e+00 4.975625e+00 : 8.272373e-01
6603(982) (2.23e+00 2.10e+00) XE:2.10e-01 (1.20e+00 1.19e+00 | 6.68e-01 6.79e-01)	5.778337e+00 4.975779e+00 : 8.272397e-01
6620(996) (2.66e+00 2.10e+00) XE:2.10e-01 (1.17e+00 1.19e+00 | 6.22e-01 6.79e-01)	5.778173e+00 4.975594e+00 : 8.272129e-01
6637(1001) (2.26e+00 2.10e+00) XE:2.10e-01 (1.20e+00 1.19e+00 | 6.74e-01 6.79e-01)	5.778101e+00 4.975606e+00 : 8.272082e-01
6653(1013) (2.09e+00 2.10e+00) XE:2.10e-01 (1.21e+00 1.19e+00 | 7.25e-01 6.79e-01)	5.778315e+00 4.975789e+00 : 8.272388e-01
6670(1000) (2.33e+00 2.10e+00) XE:2.10e-01 (1.16e+00 1.19e+00 | 6.34e-01 6.79e-01)	5.778189e+00 4.975616e+00 : 8.272158e-01
6687(997) (2.05e+00 2.10e+00) XE:2.10e-01 (1.19e+00 1.19e+00 | 6.90e-01 6.79e-01)	5.778268e+00 4.975558e+00 : 8.272174e-01
6703(1001) (1.95e+00 2.10e+00) XE:2.10e-01 (1.22e+00 1.19e+00 | 6.68e-01 6.79e-01)	5.778337e+00 4.975580e+00 : 8.272244e-01
6720(995) (2.16e+00 2.10e+00) XE:2.10e-01 (1.19e+00 1.19e+00 | 6.82e-01 6.79e-01)	5.778219e+00 4.975331e+00 : 8.271962e-01
6737(1000) (2.17e+00 2.10e+00) XE:2.10e-01 (1.20e+00 1.19e+00 | 7.31e-01 6.79e-01)	5.778334e+00 4.975355e+00 : 8.272068e-01
6753(1029) (2.06e+00 2.10e+00) XE:2.10e-01 (1.18e+00 1.19e+00 | 6.30e-01 6.79e-01)	5.778035e+00 4.975160e+00 : 8.271688e-01
6770(1003) (2.33e+00 2.10e+00) XE:2.10e-01 (1.22e+00 1.19e+00 | 7.77e-01 6.79e-01)	5.778044e+00 4.975211e+00 : 8.271735e-01
6787(1001) (2.11e+00 2.10e+00) XE:2.10e-01 (1.19e+00 1.19e+00 | 6.84e-01 6.79e-01)	5.777640e+00 4.975050e+00 : 8.271300e-01
6803(989) (2.04e+00 2.10e+00) XE:2.10e-01 (1.19e+00 1.19e+00 | 6.90e-01 6.79e-01)	5.777633e+00 4.975031e+00 : 8.271280e-01
6820(997) (2.07e+00 2.10e+00) XE:2.10e-01 (1.16e+00 1.19e+00 | 6.96e-01 6.79e-01)	5.777666e+00 4.974846e+00 : 8.271163e-01
6837(1000) (2.11e+00 2.10e+00) XE:2.10e-01 (1.20e+00 1.19e+00 | 6.94e-01 6.79e-01)	5.777799e+00 4.974969e+00 : 8.271360e-01
6854(1007) (2.12e+00 2.10e+00) XE:2.10e-01 (1.19e+00 1.19e+00 | 7.10e-01 6.79e-01)	5.777803e+00 4.974909e+00 : 8.271317e-01
6870(1004) (1.83e+00 2.10e+00) XE:2.10e-01 (1.22e+00 1.19e+00 | 6.88e-01 6.79e-01)	5.777906e+00 4.974856e+00 : 8.271355e-01
6887(1006) (1.89e+00 2.10e+00) XE:2.10e-01 (1.19e+00 1.19e+00 | 6.44e-01 6.79e-01)	5.777883e+00 4.974961e+00 : 8.271418e-01
6904(1003) (1.67e+00 2.10e+00) XE:2.10e-01 (1.18e+00 1.19e+00 | 6.98e-01 6.79e-01)	5.777748e+00 4.974920e+00 : 8.271283e-01
6920(1000) (2.16e+00 2.10e+00) XE:2.10e-01 (1.19e+00 1.19e+00 | 6.50e-01 6.79e-01)	5.777642e+00 4.974985e+00 : 8.271252e-01
6937(993) (2.11e+00 2.10e+00) XE:2.10e-01 (1.18e+00 1.19e+00 | 6.84e-01 6.79e-01)	5.777436e+00 4.974970e+00 : 8.271081e-01
6954(998) (2.29e+00 2.10e+00) XE:2.10e-01 (1.22e+00 1.19e+00 | 7.25e-01 6.79e-01)	5.777503e+00 4.975032e+00 : 8.271181e-01
6970(1005) (1.99e+00 2.10e+00) XE:2.10e-01 (1.17e+00 1.19e+00 | 6.52e-01 6.79e-01)	5.777556e+00 4.974964e+00 : 8.271169e-01
6987(992) (2.21e+00 2.10e+00) XE:2.10e-01 (1.22e+00 1.19e+00 | 7.55e-01 6.79e-01)	5.777482e+00 4.974743e+00 : 8.270943e-01
7004(996) (2.35e+00 2.10e+00) XE:2.10e-01 (1.20e+00 1.19e+00 | 7.31e-01 6.79e-01)	5.777380e+00 4.974708e+00 : 8.270837e-01
7021(1012) (1.65e+00 2.10e+00) XE:2.10e-01 (1.19e+00 1.19e+00 | 6.36e-01 6.79e-01)	5.777415e+00 4.974882e+00 : 8.270998e-01
7037(1010) (2.11e+00 2.10e+00) XE:2.10e-01 (1.17e+00 1.19e+00 | 6.58e-01 6.79e-01)	5.777360e+00 4.974825e+00 : 8.270912e-01
7054(1010) (2.13e+00 2.10e+00) XE:2.10e-01 (1.20e+00 1.19e+00 | 6.94e-01 6.79e-01)	5.777211e+00 4.974776e+00 : 8.270760e-01
7071(1001) (1.87e+00 2.10e+00) XE:2.10e-01 (1.20e+00 1.19e+00 | 6.48e-01 6.79e-01)	5.777227e+00 4.974918e+00 : 8.270881e-01
7087(1000) (1.73e+00 2.10e+00) XE:2.10e-01 (1.20e+00 1.19e+00 | 6.60e-01 6.79e-01)	5.777127e+00 4.974995e+00 : 8.270863e-01
7104(1013) (2.19e+00 2.10e+00) XE:2.10e-01 (1.21e+00 1.19e+00 | 7.33e-01 6.79e-01)	5.776908e+00 4.974990e+00 : 8.270690e-01
7121(1014) (1.91e+00 2.10e+00) XE:2.10e-01 (1.19e+00 1.19e+00 | 6.48e-01 6.79e-01)	5.776815e+00 4.974869e+00 : 8.270526e-01
7137(1001) (1.92e+00 2.10e+00) XE:2.10e-01 (1.20e+00 1.19e+00 | 7.02e-01 6.79e-01)	5.776834e+00 4.974727e+00 : 8.270432e-01
7154(1007) (2.33e+00 2.10e+00) XE:2.10e-01 (1.23e+00 1.19e+00 | 7.12e-01 6.79e-01)	5.776814e+00 4.974605e+00 : 8.270323e-01
7171(994) (1.89e+00 2.10e+00) XE:2.10e-01 (1.19e+00 1.19e+00 | 6.40e-01 6.79e-01)	5.776848e+00 4.974558e+00 : 8.270313e-01
7187(998) (2.27e+00 2.10e+00) XE:2.10e-01 (1.21e+00 1.19e+00 | 6.72e-01 6.79e-01)	5.776816e+00 4.974546e+00 : 8.270278e-01
7204(995) (2.08e+00 2.10e+00) XE:2.10e-01 (1.19e+00 1.19e+00 | 7.16e-01 6.79e-01)	5.776673e+00 4.974355e+00 : 8.270022e-01
7221(993) (2.11e+00 2.10e+00) XE:2.10e-01 (1.18e+00 1.19e+00 | 6.68e-01 6.79e-01)	5.776695e+00 4.974446e+00 : 8.270109e-01
7238(999) (2.64e+00 2.10e+00) XE:2.10e-01 (1.18e+00 1.19e+00 | 6.70e-01 6.78e-01)	5.776708e+00 4.974323e+00 : 8.270024e-01
7254(1007) (1.61e+00 2.10e+00) XE:2.10e-01 (1.22e+00 1.19e+00 | 7.08e-01 6.79e-01)	5.776712e+00 4.974286e+00 : 8.269999e-01
7271(991) (2.24e+00 2.10e+00) XE:2.10e-01 (1.20e+00 1.19e+00 | 6.20e-01 6.78e-01)	5.776660e+00 4.974281e+00 : 8.269954e-01
7288(1011) (2.36e+00 2.10e+00) XE:2.10e-01 (1.22e+00 1.19e+00 | 6.64e-01 6.78e-01)	5.776691e+00 4.974325e+00 : 8.270012e-01
7304(995) (1.98e+00 2.10e+00) XE:2.10e-01 (1.19e+00 1.19e+00 | 6.36e-01 6.78e-01)	5.776644e+00 4.974423e+00 : 8.270051e-01
7321(997) (2.07e+00 2.10e+00) XE:2.10e-01 (1.17e+00 1.19e+00 | 7.25e-01 6.78e-01)	5.776933e+00 4.974551e+00 : 8.270373e-01
7338(1001) (2.63e+00 2.10e+00) XE:2.10e-01 (1.20e+00 1.19e+00 | 6.48e-01 6.78e-01)	5.776650e+00 4.974140e+00 : 8.269838e-01
7354(994) (1.85e+00 2.10e+00) XE:2.10e-01 (1.19e+00 1.19e+00 | 6.40e-01 6.78e-01)	5.776657e+00 4.973949e+00 : 8.269698e-01
7371(1001) (2.19e+00 2.10e+00) XE:2.10e-01 (1.18e+00 1.19e+00 | 7.27e-01 6.78e-01)	5.776333e+00 4.973627e+00 : 8.269200e-01
7388(1004) (2.21e+00 2.10e+00) XE:2.10e-01 (1.22e+00 1.19e+00 | 7.00e-01 6.78e-01)	5.776201e+00 4.973473e+00 : 8.268980e-01
7405(983) (2.32e+00 2.10e+00) XE:2.10e-01 (1.19e+00 1.19e+00 | 6.14e-01 6.78e-01)	5.776039e+00 4.973396e+00 : 8.268796e-01
7421(1006) (1.93e+00 2.10e+00) XE:2.10e-01 (1.18e+00 1.19e+00 | 7.12e-01 6.78e-01)	5.775723e+00 4.973325e+00 : 8.268498e-01
7438(1004) (1.86e+00 2.10e+00) XE:2.10e-01 (1.21e+00 1.19e+00 | 6.46e-01 6.78e-01)	5.775486e+00 4.973316e+00 : 8.268309e-01
7455(1002) (2.22e+00 2.10e+00) XE:2.10e-01 (1.21e+00 1.19e+00 | 6.34e-01 6.78e-01)	5.775469e+00 4.973311e+00 : 8.268292e-01
7471(1000) (1.55e+00 2.10e+00) XE:2.10e-01 (1.21e+00 1.19e+00 | 7.47e-01 6.78e-01)	5.775508e+00 4.973360e+00 : 8.268360e-01
7488(990) (1.80e+00 2.10e+00) XE:2.10e-01 (1.21e+00 1.19e+00 | 6.74e-01 6.78e-01)	5.775651e+00 4.973326e+00 : 8.268444e-01
7505(1011) (1.67e+00 2.10e+00) XE:2.10e-01 (1.20e+00 1.19e+00 | 6.72e-01 6.78e-01)	5.775713e+00 4.973355e+00 : 8.268514e-01
7521(1010) (2.04e+00 2.10e+00) XE:2.10e-01 (1.19e+00 1.19e+00 | 6.42e-01 6.78e-01)	5.775829e+00 4.973466e+00 : 8.268688e-01
7538(988) (2.17e+00 2.10e+00) XE:2.10e-01 (1.23e+00 1.19e+00 | 7.49e-01 6.78e-01)	5.775611e+00 4.973307e+00 : 8.268399e-01
7555(978) (2.22e+00 2.10e+00) XE:2.10e-01 (1.19e+00 1.19e+00 | 6.66e-01 6.78e-01)	5.775388e+00 4.973404e+00 : 8.268301e-01
7572(989) (2.05e+00 2.10e+00) XE:2.10e-01 (1.18e+00 1.19e+00 | 6.34e-01 6.78e-01)	5.775534e+00 4.973484e+00 : 8.268475e-01
7588(997) (2.37e+00 2.10e+00) XE:2.10e-01 (1.20e+00 1.19e+00 | 7.00e-01 6.78e-01)	5.775413e+00 4.973430e+00 : 8.268341e-01
7605(1008) (2.04e+00 2.10e+00) XE:2.10e-01 (1.19e+00 1.19e+00 | 6.48e-01 6.78e-01)	5.775066e+00 4.973183e+00 : 8.267884e-01
7622(1010) (1.93e+00 2.10e+00) XE:2.10e-01 (1.20e+00 1.19e+00 | 7.06e-01 6.79e-01)	5.775160e+00 4.973361e+00 : 8.268092e-01
7638(983) (2.34e+00 2.10e+00) XE:2.10e-01 (1.19e+00 1.19e+00 | 6.96e-01 6.79e-01)	5.775195e+00 4.973280e+00 : 8.268058e-01
7655(1010) (2.07e+00 2.10e+00) XE:2.10e-01 (1.19e+00 1.19e+00 | 6.36e-01 6.79e-01)	5.775135e+00 4.973161e+00 : 8.267920e-01
7672(1006) (1.75e+00 2.10e+00) XE:2.10e-01 (1.21e+00 1.19e+00 | 7.10e-01 6.79e-01)	5.775145e+00 4.973112e+00 : 8.267891e-01
7688(1005) (2.14e+00 2.10e+00) XE:2.10e-01 (1.20e+00 1.19e+00 | 6.32e-01 6.79e-01)	5.775358e+00 4.972973e+00 : 8.267947e-01
7705(1017) (2.09e+00 2.10e+00) XE:2.10e-01 (1.22e+00 1.19e+00 | 6.28e-01 6.79e-01)	5.775704e+00 4.973185e+00 : 8.268376e-01
7722(992) (2.13e+00 2.10e+00) XE:2.10e-01 (1.17e+00 1.19e+00 | 6.66e-01 6.79e-01)	5.775492e+00 4.973073e+00 : 8.268127e-01
7739(990) (2.14e+00 2.10e+00) XE:2.10e-01 (1.20e+00 1.19e+00 | 7.37e-01 6.79e-01)	5.775362e+00 4.972655e+00 : 8.267705e-01
7755(1005) (2.11e+00 2.10e+00) XE:2.10e-01 (1.20e+00 1.19e+00 | 7.29e-01 6.78e-01)	5.775431e+00 4.972726e+00 : 8.267813e-01
7772(996) (1.94e+00 2.10e+00) XE:2.10e-01 (1.21e+00 1.19e+00 | 7.02e-01 6.78e-01)	5.775613e+00 4.972785e+00 : 8.267998e-01
7789(994) (2.27e+00 2.10e+00) XE:2.10e-01 (1.19e+00 1.19e+00 | 6.70e-01 6.78e-01)	5.775488e+00 4.972652e+00 : 8.267800e-01
7805(1006) (1.80e+00 2.10e+00) XE:2.10e-01 (1.21e+00 1.19e+00 | 6.28e-01 6.78e-01)	5.774567e+00 4.972000e+00 : 8.266590e-01
7822(1013) (1.69e+00 2.10e+00) XE:2.10e-01 (1.19e+00 1.19e+00 | 7.16e-01 6.78e-01)	5.774531e+00 4.971996e+00 : 8.266560e-01
7839(991) (2.20e+00 2.10e+00) XE:2.10e-01 (1.20e+00 1.19e+00 | 7.00e-01 6.78e-01)	5.774312e+00 4.971876e+00 : 8.266298e-01
7855(993) (2.12e+00 2.10e+00) XE:2.10e-01 (1.17e+00 1.19e+00 | 6.84e-01 6.78e-01)	5.774162e+00 4.971744e+00 : 8.266082e-01
7872(1002) (1.94e+00 2.10e+00) XE:2.10e-01 (1.19e+00 1.19e+00 | 6.68e-01 6.78e-01)	5.774078e+00 4.971474e+00 : 8.265809e-01
7889(1013) (1.68e+00 2.10e+00) XE:2.10e-01 (1.19e+00 1.19e+00 | 6.76e-01 6.78e-01)	5.774105e+00 4.971651e+00 : 8.265966e-01
7906(993) (2.31e+00 2.10e+00) XE:2.10e-01 (1.18e+00 1.19e+00 | 6.54e-01 6.78e-01)	5.774159e+00 4.971430e+00 : 8.265837e-01
7922(1004) (2.06e+00 2.10e+00) XE:2.10e-01 (1.21e+00 1.19e+00 | 7.25e-01 6.78e-01)	5.773978e+00 4.971415e+00 : 8.265686e-01
7939(1017) (1.70e+00 2.10e+00) XE:2.10e-01 (1.16e+00 1.19e+00 | 6.24e-01 6.78e-01)	5.773870e+00 4.971358e+00 : 8.265560e-01
7956(996) (2.66e+00 2.10e+00) XE:2.10e-01 (1.17e+00 1.19e+00 | 6.70e-01 6.78e-01)	5.773516e+00 4.971191e+00 : 8.265159e-01
7972(991) (2.31e+00 2.10e+00) XE:2.10e-01 (1.23e+00 1.19e+00 | 7.12e-01 6.78e-01)	5.773490e+00 4.971207e+00 : 8.265151e-01
7989(1001) (2.21e+00 2.10e+00) XE:2.10e-01 (1.21e+00 1.19e+00 | 7.06e-01 6.78e-01)	5.773359e+00 4.971041e+00 : 8.264923e-01
8006(1001) (1.97e+00 2.10e+00) XE:2.10e-01 (1.20e+00 1.19e+00 | 6.90e-01 6.78e-01)	5.773271e+00 4.971053e+00 : 8.264864e-01
8022(1010) (2.21e+00 2.10e+00) XE:2.10e-01 (1.19e+00 1.19e+00 | 7.12e-01 6.78e-01)	5.773154e+00 4.970967e+00 : 8.264709e-01
8039(996) (2.01e+00 2.10e+00) XE:2.10e-01 (1.22e+00 1.19e+00 | 6.40e-01 6.78e-01)	5.772793e+00 4.970635e+00 : 8.264176e-01
8056(995) (1.74e+00 2.10e+00) XE:2.10e-01 (1.18e+00 1.19e+00 | 6.64e-01 6.78e-01)	5.772419e+00 4.970375e+00 : 8.263687e-01
8073(991) (2.73e+00 2.10e+00) XE:2.10e-01 (1.17e+00 1.19e+00 | 6.38e-01 6.78e-01)	5.772205e+00 4.970074e+00 : 8.263292e-01
8089(999) (2.07e+00 2.10e+00) XE:2.10e-01 (1.19e+00 1.19e+00 | 6.28e-01 6.78e-01)	5.772135e+00 4.969991e+00 : 8.263174e-01
8106(1014) (1.71e+00 2.10e+00) XE:2.10e-01 (1.17e+00 1.19e+00 | 6.78e-01 6.78e-01)	5.772217e+00 4.969982e+00 : 8.263230e-01
8123(993) (2.05e+00 2.10e+00) XE:2.10e-01 (1.21e+00 1.19e+00 | 7.55e-01 6.78e-01)	5.772100e+00 4.970057e+00 : 8.263197e-01
8139(988) (2.14e+00 2.10e+00) XE:2.10e-01 (1.22e+00 1.19e+00 | 7.04e-01 6.78e-01)	5.772038e+00 4.970054e+00 : 8.263147e-01
8156(1003) (1.97e+00 2.10e+00) XE:2.10e-01 (1.19e+00 1.19e+00 | 6.80e-01 6.78e-01)	5.772114e+00 4.970246e+00 : 8.263354e-01
8173(995) (2.36e+00 2.10e+00) XE:2.10e-01 (1.18e+00 1.19e+00 | 6.80e-01 6.78e-01)	5.772090e+00 4.970248e+00 : 8.263337e-01
8189(997) (2.00e+00 2.10e+00) XE:2.10e-01 (1.20e+00 1.19e+00 | 7.41e-01 6.78e-01)	5.772233e+00 4.970260e+00 : 8.263456e-01
8206(979) (2.41e+00 2.10e+00) XE:2.10e-01 (1.19e+00 1.19e+00 | 7.23e-01 6.78e-01)	5.772369e+00 4.970353e+00 : 8.263632e-01
8223(1009) (2.10e+00 2.10e+00) XE:2.10e-01 (1.21e+00 1.19e+00 | 7.02e-01 6.78e-01)	5.771893e+00 4.969999e+00 : 8.262994e-01
8239(992) (2.30e+00 2.10e+00) XE:2.10e-01 (1.21e+00 1.19e+00 | 6.44e-01 6.78e-01)	5.771776e+00 4.969973e+00 : 8.262884e-01
8256(988) (1.84e+00 2.10e+00) XE:2.10e-01 (1.22e+00 1.19e+00 | 6.54e-01 6.78e-01)	5.771630e+00 4.970075e+00 : 8.262850e-01
8273(1007) (1.90e+00 2.10e+00) XE:2.10e-01 (1.19e+00 1.19e+00 | 6.07e-01 6.78e-01)	5.771642e+00 4.970147e+00 : 8.262915e-01
8289(990) (2.22e+00 2.10e+00) XE:2.10e-01 (1.19e+00 1.19e+00 | 6.22e-01 6.78e-01)	5.771437e+00 4.969861e+00 : 8.262537e-01
8306(988) (2.24e+00 2.10e+00) XE:2.10e-01 (1.17e+00 1.19e+00 | 6.40e-01 6.78e-01)	5.771447e+00 4.969918e+00 : 8.262588e-01
8323(994) (1.91e+00 2.10e+00) XE:2.10e-01 (1.18e+00 1.19e+00 | 6.78e-01 6.78e-01)	5.771406e+00 4.969902e+00 : 8.262545e-01
8340(997) (1.87e+00 2.10e+00) XE:2.10e-01 (1.19e+00 1.19e+00 | 6.38e-01 6.78e-01)	5.771347e+00 4.969850e+00 : 8.262459e-01
8356(997) (2.32e+00 2.10e+00) XE:2.10e-01 (1.20e+00 1.19e+00 | 6.78e-01 6.78e-01)	5.771019e+00 4.969596e+00 : 8.262012e-01
8373(1014) (1.77e+00 2.10e+00) XE:2.10e-01 (1.22e+00 1.19e+00 | 6.78e-01 6.78e-01)	5.771021e+00 4.969313e+00 : 8.261796e-01
8390(995) (2.03e+00 2.10e+00) XE:2.10e-01 (1.17e+00 1.19e+00 | 6.28e-01 6.78e-01)	5.770810e+00 4.969120e+00 : 8.261485e-01
8406(993) (2.22e+00 2.10e+00) XE:2.10e-01 (1.19e+00 1.19e+00 | 6.68e-01 6.78e-01)	5.770815e+00 4.969188e+00 : 8.261541e-01
8423(994) (1.94e+00 2.10e+00) XE:2.10e-01 (1.19e+00 1.19e+00 | 7.18e-01 6.78e-01)	5.770669e+00 4.969047e+00 : 8.261320e-01
8440(1010) (2.21e+00 2.10e+00) XE:2.10e-01 (1.19e+00 1.19e+00 | 6.84e-01 6.78e-01)	5.770594e+00 4.968949e+00 : 8.261187e-01
8457(991) (1.84e+00 2.10e+00) XE:2.10e-01 (1.21e+00 1.19e+00 | 7.67e-01 6.78e-01)	5.770507e+00 4.968996e+00 : 8.261156e-01
8473(1001) (2.50e+00 2.10e+00) XE:2.10e-01 (1.21e+00 1.19e+00 | 7.12e-01 6.78e-01)	5.770631e+00 4.968924e+00 : 8.261195e-01
8490(995) (2.28e+00 2.10e+00) XE:2.10e-01 (1.20e+00 1.19e+00 | 6.42e-01 6.78e-01)	5.770623e+00 4.968957e+00 : 8.261215e-01
8507(1016) (2.03e+00 2.10e+00) XE:2.10e-01 (1.20e+00 1.19e+00 | 6.96e-01 6.79e-01)	5.770369e+00 4.968711e+00 : 8.260831e-01
8523(998) (2.34e+00 2.10e+00) XE:2.10e-01 (1.21e+00 1.19e+00 | 7.49e-01 6.78e-01)	5.770472e+00 4.968639e+00 : 8.260855e-01
8540(997) (1.56e+00 2.10e+00) XE:2.10e-01 (1.22e+00 1.19e+00 | 7.27e-01 6.79e-01)	5.770566e+00 4.968617e+00 : 8.260910e-01
8557(1002) (2.13e+00 2.10e+00) XE:2.10e-01 (1.17e+00 1.19e+00 | 6.18e-01 6.79e-01)	5.770498e+00 4.968513e+00 : 8.260778e-01
8573(996) (2.20e+00 2.10e+00) XE:2.10e-01 (1.22e+00 1.19e+00 | 6.30e-01 6.79e-01)	5.770398e+00 4.968473e+00 : 8.260670e-01
8590(998) (2.17e+00 2.10e+00) XE:2.10e-01 (1.19e+00 1.19e+00 | 6.28e-01 6.79e-01)	5.770297e+00 4.968554e+00 : 8.260655e-01
8607(984) (2.34e+00 2.10e+00) XE:2.10e-01 (1.17e+00 1.19e+00 | 6.64e-01 6.78e-01)	5.770167e+00 4.968429e+00 : 8.260458e-01
8623(1011) (1.97e+00 2.10e+00) XE:2.10e-01 (1.23e+00 1.19e+00 | 7.35e-01 6.79e-01)	5.770107e+00 4.968520e+00 : 8.260482e-01
8640(994) (1.95e+00 2.10e+00) XE:2.10e-01 (1.20e+00 1.19e+00 | 6.84e-01 6.79e-01)	5.770014e+00 4.968401e+00 : 8.260319e-01
8657(999) (2.34e+00 2.10e+00) XE:2.10e-01 (1.19e+00 1.19e+00 | 6.76e-01 6.78e-01)	5.769886e+00 4.968349e+00 : 8.260181e-01
8673(989) (2.35e+00 2.10e+00) XE:2.10e-01 (1.20e+00 1.19e+00 | 7.39e-01 6.78e-01)	5.769889e+00 4.968368e+00 : 8.260198e-01
8690(1009) (1.69e+00 2.10e+00) XE:2.10e-01 (1.20e+00 1.19e+00 | 7.02e-01 6.78e-01)	5.769997e+00 4.968399e+00 : 8.260305e-01
8707(989) (1.85e+00 2.10e+00) XE:2.10e-01 (1.17e+00 1.19e+00 | 6.88e-01 6.79e-01)	5.769017e+00 4.967484e+00 : 8.258847e-01
8723(997) (2.06e+00 2.10e+00) XE:2.10e-01 (1.17e+00 1.19e+00 | 6.64e-01 6.78e-01)	5.768963e+00 4.967375e+00 : 8.258722e-01
8740(1002) (1.75e+00 2.10e+00) XE:2.10e-01 (1.22e+00 1.19e+00 | 7.06e-01 6.78e-01)	5.768774e+00 4.967253e+00 : 8.258482e-01
8757(1008) (1.88e+00 2.10e+00) XE:2.10e-01 (1.17e+00 1.19e+00 | 7.14e-01 6.79e-01)	5.768638e+00 4.967151e+00 : 8.258299e-01
8774(1007) (2.17e+00 2.10e+00) XE:2.10e-01 (1.17e+00 1.19e+00 | 6.94e-01 6.79e-01)	5.768701e+00 4.967212e+00 : 8.258395e-01
8790(1010) (1.51e+00 2.10e+00) XE:2.10e-01 (1.19e+00 1.19e+00 | 6.48e-01 6.78e-01)	5.768631e+00 4.967228e+00 : 8.258353e-01
8807(1001) (2.03e+00 2.10e+00) XE:2.10e-01 (1.20e+00 1.19e+00 | 6.52e-01 6.78e-01)	5.768717e+00 4.967288e+00 : 8.258465e-01
8824(1014) (1.79e+00 2.10e+00) XE:2.10e-01 (1.16e+00 1.19e+00 | 6.48e-01 6.78e-01)	5.768725e+00 4.967335e+00 : 8.258508e-01
8840(1005) (1.82e+00 2.10e+00) XE:2.10e-01 (1.19e+00 1.19e+00 | 7.10e-01 6.78e-01)	5.768669e+00 4.967340e+00 : 8.258468e-01
8857(999) (2.10e+00 2.10e+00) XE:2.10e-01 (1.21e+00 1.19e+00 | 6.94e-01 6.79e-01)	5.768635e+00 4.967237e+00 : 8.258363e-01
8874(997) (1.75e+00 2.10e+00) XE:2.10e-01 (1.22e+00 1.19e+00 | 6.74e-01 6.79e-01)	5.768532e+00 4.967280e+00 : 8.258317e-01
8890(1005) (2.29e+00 2.10e+00) XE:2.10e-01 (1.20e+00 1.19e+00 | 6.92e-01 6.79e-01)	5.768479e+00 4.967197e+00 : 8.258212e-01
8907(1004) (1.77e+00 2.10e+00) XE:2.10e-01 (1.20e+00 1.19e+00 | 6.88e-01 6.79e-01)	5.768474e+00 4.967402e+00 : 8.258366e-01
8924(999) (2.17e+00 2.10e+00) XE:2.10e-01 (1.17e+00 1.19e+00 | 6.44e-01 6.79e-01)	5.768472e+00 4.967459e+00 : 8.258409e-01
8940(996) (2.43e+00 2.10e+00) XE:2.10e-01 (1.20e+00 1.19e+00 | 6.54e-01 6.78e-01)	5.768464e+00 4.967412e+00 : 8.258366e-01
8957(1019) (1.60e+00 2.10e+00) XE:2.10e-01 (1.18e+00 1.19e+00 | 6.56e-01 6.78e-01)	5.768279e+00 4.967336e+00 : 8.258165e-01
8974(999) (2.19e+00 2.10e+00) XE:2.10e-01 (1.20e+00 1.19e+00 | 7.06e-01 6.78e-01)	5.768378e+00 4.967284e+00 : 8.258202e-01
8991(995) (1.64e+00 2.10e+00) XE:2.10e-01 (1.20e+00 1.19e+00 | 6.58e-01 6.78e-01)	5.768503e+00 4.967302e+00 : 8.258312e-01
9007(994) (1.88e+00 2.10e+00) XE:2.10e-01 (1.17e+00 1.19e+00 | 7.00e-01 6.79e-01)	5.768616e+00 4.967292e+00 : 8.258391e-01
9024(999) (2.15e+00 2.10e+00) XE:2.10e-01 (1.21e+00 1.19e+00 | 6.98e-01 6.79e-01)	5.768662e+00 4.967433e+00 : 8.258535e-01
9041(1006) (2.05e+00 2.10e+00) XE:2.10e-01 (1.19e+00 1.19e+00 | 6.34e-01 6.78e-01)	5.768619e+00 4.967433e+00 : 8.258501e-01
9057(990) (2.24e+00 2.10e+00) XE:2.10e-01 (1.22e+00 1.19e+00 | 6.98e-01 6.79e-01)	5.768267e+00 4.967230e+00 : 8.258075e-01
9074(996) (1.92e+00 2.10e+00) XE:2.10e-01 (1.17e+00 1.19e+00 | 6.32e-01 6.79e-01)	5.768485e+00 4.967256e+00 : 8.258262e-01
9091(999) (2.15e+00 2.10e+00) XE:2.10e-01 (1.20e+00 1.19e+00 | 6.40e-01 6.79e-01)	5.768662e+00 4.967213e+00 : 8.258366e-01
9107(984) (2.61e+00 2.10e+00) XE:2.10e-01 (1.21e+00 1.19e+00 | 8.25e-01 6.79e-01)	5.768675e+00 4.967157e+00 : 8.258332e-01
9124(990) (2.41e+00 2.10e+00) XE:2.10e-01 (1.20e+00 1.19e+00 | 6.05e-01 6.79e-01)	5.768581e+00 4.967012e+00 : 8.258148e-01
9141(995) (2.45e+00 2.10e+00) XE:2.10e-01 (1.21e+00 1.19e+00 | 6.56e-01 6.79e-01)	5.768363e+00 4.966957e+00 : 8.257939e-01
9158(1015) (2.10e+00 2.10e+00) XE:2.10e-01 (1.22e+00 1.19e+00 | 6.94e-01 6.79e-01)	5.768282e+00 4.966994e+00 : 8.257904e-01
9174(996) (2.31e+00 2.10e+00) XE:2.10e-01 (1.18e+00 1.19e+00 | 6.72e-01 6.79e-01)	5.768061e+00 4.966953e+00 : 8.257703e-01
9191(1003) (1.66e+00 2.10e+00) XE:2.10e-01 (1.18e+00 1.19e+00 | 6.94e-01 6.79e-01)	5.767463e+00 4.966152e+00 : 8.256627e-01
9208(1003) (1.92e+00 2.10e+00) XE:2.10e-01 (1.23e+00 1.19e+00 | 7.16e-01 6.79e-01)	5.767618e+00 4.966207e+00 : 8.256788e-01
9224(990) (2.28e+00 2.10e+00) XE:2.10e-01 (1.19e+00 1.19e+00 | 7.39e-01 6.79e-01)	5.767459e+00 4.966079e+00 : 8.256567e-01
9241(1018) (2.04e+00 2.10e+00) XE:2.10e-01 (1.21e+00 1.19e+00 | 7.51e-01 6.79e-01)	5.767361e+00 4.966030e+00 : 8.256454e-01
9258(1010) (1.96e+00 2.10e+00) XE:2.10e-01 (1.19e+00 1.19e+00 | 7.18e-01 6.79e-01)	5.767312e+00 4.966107e+00 : 8.256476e-01
9274(982) (2.82e+00 2.10e+00) XE:2.10e-01 (1.18e+00 1.19e+00 | 7.10e-01 6.79e-01)	5.767292e+00 4.966074e+00 : 8.256435e-01
9291(983) (2.31e+00 2.10e+00) XE:2.10e-01 (1.17e+00 1.19e+00 | 6.40e-01 6.79e-01)	5.767290e+00 4.965898e+00 : 8.256299e-01
9308(1004) (2.47e+00 2.10e+00) XE:2.10e-01 (1.19e+00 1.19e+00 | 7.53e-01 6.79e-01)	5.767295e+00 4.965825e+00 : 8.256246e-01
9324(992) (2.23e+00 2.10e+00) XE:2.10e-01 (1.22e+00 1.19e+00 | 7.35e-01 6.79e-01)	5.767317e+00 4.965852e+00 : 8.256283e-01
9341(997) (2.24e+00 2.10e+00) XE:2.10e-01 (1.19e+00 1.19e+00 | 7.16e-01 6.79e-01)	5.767190e+00 4.965763e+00 : 8.256117e-01
9358(1012) (1.82e+00 2.10e+00) XE:2.10e-01 (1.20e+00 1.19e+00 | 6.58e-01 6.79e-01)	5.766933e+00 4.965438e+00 : 8.255670e-01
9374(981) (2.08e+00 2.10e+00) XE:2.10e-01 (1.21e+00 1.19e+00 | 6.88e-01 6.79e-01)	5.766865e+00 4.965436e+00 : 8.255616e-01
9391(1010) (1.75e+00 2.10e+00) XE:2.10e-01 (1.20e+00 1.19e+00 | 7.29e-01 6.79e-01)	5.766707e+00 4.965239e+00 : 8.255343e-01
9408(1013) (1.98e+00 2.10e+00) XE:2.10e-01 (1.19e+00 1.19e+00 | 6.56e-01 6.79e-01)	5.766554e+00 4.965108e+00 : 8.255125e-01
9424(1000) (2.65e+00 2.10e+00) XE:2.10e-01 (1.20e+00 1.19e+00 | 6.24e-01 6.79e-01)	5.766573e+00 4.965148e+00 : 8.255170e-01
9441(976) (2.23e+00 2.10e+00) XE:2.10e-01 (1.19e+00 1.19e+00 | 6.60e-01 6.79e-01)	5.766678e+00 4.965194e+00 : 8.255286e-01
9458(1002) (2.06e+00 2.10e+00) XE:2.10e-01 (1.20e+00 1.19e+00 | 5.97e-01 6.79e-01)	5.766656e+00 4.965131e+00 : 8.255221e-01
9474(984) (2.19e+00 2.10e+00) XE:2.10e-01 (1.20e+00 1.19e+00 | 8.07e-01 6.79e-01)	5.766655e+00 4.964942e+00 : 8.255075e-01
9491(997) (1.85e+00 2.10e+00) XE:2.10e-01 (1.20e+00 1.19e+00 | 6.40e-01 6.79e-01)	5.766404e+00 4.964882e+00 : 8.254835e-01
9507(998) (1.86e+00 2.10e+00) XE:2.10e-01 (1.18e+00 1.19e+00 | 6.90e-01 6.79e-01)	5.766509e+00 4.964878e+00 : 8.254913e-01
9524(1016) (1.96e+00 2.10e+00) XE:2.10e-01 (1.20e+00 1.19e+00 | 7.67e-01 6.79e-01)	5.766509e+00 4.964760e+00 : 8.254822e-01
9541(998) (1.87e+00 2.10e+00) XE:2.10e-01 (1.19e+00 1.19e+00 | 6.96e-01 6.79e-01)	5.766464e+00 4.964729e+00 : 8.254763e-01
9558(1001) (2.20e+00 2.10e+00) XE:2.10e-01 (1.18e+00 1.19e+00 | 6.68e-01 6.79e-01)	5.766289e+00 4.964584e+00 : 8.254517e-01
9574(991) (2.39e+00 2.10e+00) XE:2.10e-01 (1.20e+00 1.19e+00 | 6.56e-01 6.79e-01)	5.766361e+00 4.964675e+00 : 8.254643e-01
9591(1009) (2.04e+00 2.10e+00) XE:2.10e-01 (1.19e+00 1.19e+00 | 7.04e-01 6.79e-01)	5.766490e+00 4.964482e+00 : 8.254594e-01
9608(1003) (2.13e+00 2.10e+00) XE:2.10e-01 (1.19e+00 1.19e+00 | 6.14e-01 6.79e-01)	5.766496e+00 4.964473e+00 : 8.254592e-01
9624(1024) (1.87e+00 2.10e+00) XE:2.10e-01 (1.18e+00 1.19e+00 | 8.01e-01 6.79e-01)	5.766445e+00 4.964302e+00 : 8.254421e-01
9641(999) (2.00e+00 2.10e+00) XE:2.10e-01 (1.17e+00 1.19e+00 | 6.78e-01 6.79e-01)	5.766367e+00 4.964382e+00 : 8.254422e-01
9658(1002) (2.17e+00 2.10e+00) XE:2.10e-01 (1.18e+00 1.19e+00 | 6.46e-01 6.79e-01)	5.766271e+00 4.964345e+00 : 8.254320e-01
9674(1003) (1.87e+00 2.10e+00) XE:2.10e-01 (1.21e+00 1.19e+00 | 6.76e-01 6.79e-01)	5.766098e+00 4.964272e+00 : 8.254131e-01
9691(1003) (1.82e+00 2.10e+00) XE:2.10e-01 (1.18e+00 1.19e+00 | 7.33e-01 6.79e-01)	5.765884e+00 4.964036e+00 : 8.253785e-01
9708(1004) (2.08e+00 2.10e+00) XE:2.10e-01 (1.21e+00 1.19e+00 | 6.98e-01 6.79e-01)	5.765758e+00 4.963990e+00 : 8.253652e-01
9724(998) (2.27e+00 2.10e+00) XE:2.10e-01 (1.19e+00 1.19e+00 | 6.92e-01 6.79e-01)	5.765702e+00 4.963915e+00 : 8.253552e-01
9741(998) (1.95e+00 2.10e+00) XE:2.10e-01 (1.21e+00 1.19e+00 | 7.59e-01 6.79e-01)	5.765569e+00 4.963785e+00 : 8.253350e-01
9758(1003) (1.93e+00 2.10e+00) XE:2.10e-01 (1.21e+00 1.19e+00 | 6.78e-01 6.79e-01)	5.765607e+00 4.963758e+00 : 8.253358e-01
9774(1013) (1.71e+00 2.10e+00) XE:2.10e-01 (1.18e+00 1.19e+00 | 6.38e-01 6.79e-01)	5.765629e+00 4.963875e+00 : 8.253465e-01
9791(987) (1.97e+00 2.10e+00) XE:2.10e-01 (1.19e+00 1.19e+00 | 6.66e-01 6.79e-01)	5.765609e+00 4.963963e+00 : 8.253517e-01
9808(997) (2.28e+00 2.10e+00) XE:2.10e-01 (1.19e+00 1.19e+00 | 6.90e-01 6.79e-01)	5.765267e+00 4.963759e+00 : 8.253097e-01
9825(984) (2.03e+00 2.10e+00) XE:2.10e-01 (1.21e+00 1.19e+00 | 7.04e-01 6.79e-01)	5.765184e+00 4.963651e+00 : 8.252950e-01
9841(1005) (1.57e+00 2.10e+00) XE:2.10e-01 (1.19e+00 1.19e+00 | 6.58e-01 6.79e-01)	5.765139e+00 4.963667e+00 : 8.252928e-01
9858(999) (2.04e+00 2.10e+00) XE:2.10e-01 (1.19e+00 1.19e+00 | 6.54e-01 6.79e-01)	5.765140e+00 4.963643e+00 : 8.252910e-01
9875(1015) (1.57e+00 2.10e+00) XE:2.10e-01 (1.18e+00 1.19e+00 | 6.66e-01 6.79e-01)	5.765363e+00 4.963739e+00 : 8.253155e-01
9891(1000) (1.67e+00 2.10e+00) XE:2.10e-01 (1.22e+00 1.19e+00 | 6.94e-01 6.79e-01)	5.765351e+00 4.963664e+00 : 8.253088e-01
9908(1001) (1.97e+00 2.10e+00) XE:2.10e-01 (1.17e+00 1.19e+00 | 6.64e-01 6.79e-01)	5.765367e+00 4.963687e+00 : 8.253118e-01
9925(995) (2.49e+00 2.10e+00) XE:2.10e-01 (1.21e+00 1.19e+00 | 6.52e-01 6.79e-01)	5.765289e+00 4.963585e+00 : 8.252980e-01
9941(990) (2.42e+00 2.10e+00) XE:2.10e-01 (1.16e+00 1.19e+00 | 7.08e-01 6.79e-01)	5.765411e+00 4.963570e+00 : 8.253062e-01
9958(990) (2.07e+00 2.10e+00) XE:2.10e-01 (1.17e+00 1.19e+00 | 6.72e-01 6.79e-01)	5.765289e+00 4.963469e+00 : 8.252890e-01
9975(996) (1.90e+00 2.10e+00) XE:2.10e-01 (1.18e+00 1.19e+00 | 7.45e-01 6.79e-01)	5.765220e+00 4.963341e+00 : 8.252739e-01
9991(997) (2.56e+00 2.10e+00) XE:2.10e-01 (1.19e+00 1.19e+00 | 7.00e-01 6.79e-01)	5.765139e+00 4.963199e+00 : 8.252568e-01
10000(997) (2.07e+00 2.10e+00) XE:2.10e-01 (1.19e+00 1.19e+00 | 6.68e-01 6.79e-01)	5.765086e+00 4.963236e+00 : 8.252556e-01
RL cnt: 0,6846724,1405020,109916,872,0,0,0,0,0,0,0,0,0,0,0,
BL cnt: 0,0,0,0,0,0,62597,0,1555740,0,6673217,0,1555799,0,62647,0,0,0,0,0,0,
5.765086e+00 4.963236e+00 : 8.252556e-01
# InnerCodebook: deleted
# NBIDSchannel: deleted
# Gtable: deleted
# FBalg4: deleted
# StatICB: deleted
