# (Pid,Ps)=(1.000000e-02,1.000000e-02) Nseg=200 WinSize=10 lmd=1 [0]
# InnerCB: ../search03/ICB/D11.bin
# Gtable:  Gtable/5/010_010.bin
# InnerCodebook: beta=5(1024) nu=2
# InnerCodebook: B(B2p)=7(128) 6(64) 
# InnerCodebook: checked CWM, EncMap, DecMap
# beta=5(1024) nu=2 N=1000 Dmax=15 WCmax=10000
# B=7,6,
# NBIDSchannel: N=1000 Q=4 Dmax=15 (Pid,Ps)=(1.000000e-02,1.000000e-02)
# FBalg4: Nseg=200 Dmax=15(w=31)
# FBalg4: Gtable: Gtable/5/010_010.bin
# Gtable: beta=5 (Pid,Ps,Ptrn)=(1.000000e-02,1.000000e-02,9.800000e-01) Pth=1.000000e-10
# Gtable: beta4p=1024 beta4pp=1048576
# Gtable::Gtable len=0 cnt=1024
# Gtable::Gtable len=1 cnt=4096
# Gtable::Gtable len=2 cnt=16384
# Gtable::Gtable len=3 cnt=60244
# Gtable::Gtable len=4 cnt=236452
# Gtable::Gtable len=5 cnt=823900
# Gtable::Gtable len=6 cnt=1412476
# Gtable::Gtable len=7 cnt=890332
# Gtable::Gtable len=8 cnt=148720
# Gtable::Gtable len=9 cnt=5416
# Gtable::Gtable len=10 cnt=0
# FBalg4: beta=5(1024) (Pid,Ps)=(1.000000e-02,1.000000e-02) Pth=1.000000e-10 N=1000
# StatICB: nu=2 beta=5 beta4p=1024 Bsum=13 lmd=1
# StatICB: B=7,6,
0058(1006) (8.02e-01 8.69e-01) XE:8.69e-02 (1.19e+00 1.18e+00 | 6.74e-01 6.69e-01)	6.800428e+00 5.805883e+00 : 9.697163e-01
0121(1000) (8.38e-01 8.55e-01) XE:8.55e-02 (1.17e+00 1.18e+00 | 7.06e-01 6.71e-01)	6.760244e+00 5.772067e+00 : 9.640239e-01
0181(1008) (7.59e-01 8.56e-01) XE:8.56e-02 (1.19e+00 1.18e+00 | 6.62e-01 6.70e-01)	6.728700e+00 5.752375e+00 : 9.600827e-01
0240(1003) (8.10e-01 8.62e-01) XE:8.62e-02 (1.16e+00 1.18e+00 | 6.98e-01 6.70e-01)	6.702970e+00 5.732266e+00 : 9.565566e-01
0299(988) (1.06e+00 8.63e-01) XE:8.63e-02 (1.18e+00 1.18e+00 | 6.34e-01 6.69e-01)	6.688302e+00 5.720626e+00 : 9.545330e-01
0358(1006) (7.21e-01 8.61e-01) XE:8.61e-02 (1.15e+00 1.18e+00 | 6.46e-01 6.71e-01)	6.677123e+00 5.709324e+00 : 9.528036e-01
0417(1005) (7.86e-01 8.61e-01) XE:8.61e-02 (1.19e+00 1.18e+00 | 6.78e-01 6.71e-01)	6.665961e+00 5.700193e+00 : 9.512426e-01
0476(998) (9.32e-01 8.56e-01) XE:8.56e-02 (1.15e+00 1.18e+00 | 6.36e-01 6.71e-01)	6.658141e+00 5.697319e+00 : 9.504201e-01
0535(990) (8.58e-01 8.56e-01) XE:8.56e-02 (1.16e+00 1.18e+00 | 7.12e-01 6.70e-01)	6.649911e+00 5.692185e+00 : 9.493920e-01
0594(1002) (7.39e-01 8.53e-01) XE:8.53e-02 (1.18e+00 1.18e+00 | 6.40e-01 6.71e-01)	6.645142e+00 5.688656e+00 : 9.487537e-01
0653(991) (1.35e+00 8.59e-01) XE:8.59e-02 (1.15e+00 1.18e+00 | 6.94e-01 6.71e-01)	6.636031e+00 5.684964e+00 : 9.477688e-01
0712(998) (8.08e-01 8.60e-01) XE:8.60e-02 (1.16e+00 1.18e+00 | 6.40e-01 6.70e-01)	6.631308e+00 5.680414e+00 : 9.470556e-01
0771(993) (1.17e+00 8.60e-01) XE:8.60e-02 (1.17e+00 1.18e+00 | 6.70e-01 6.70e-01)	6.625684e+00 5.677624e+00 : 9.464083e-01
0830(999) (8.15e-01 8.59e-01) XE:8.59e-02 (1.17e+00 1.18e+00 | 7.08e-01 6.69e-01)	6.620535e+00 5.676718e+00 : 9.459426e-01
0889(997) (8.36e-01 8.62e-01) XE:8.62e-02 (1.17e+00 1.18e+00 | 6.94e-01 6.70e-01)	6.615482e+00 5.673966e+00 : 9.453421e-01
0948(1003) (8.71e-01 8.61e-01) XE:8.61e-02 (1.18e+00 1.18e+00 | 6.28e-01 6.70e-01)	6.615471e+00 5.671632e+00 : 9.451618e-01
1007(1001) (1.07e+00 8.62e-01) XE:8.62e-02 (1.17e+00 1.18e+00 | 6.82e-01 6.70e-01)	6.612327e+00 5.669776e+00 : 9.447771e-01
1066(1002) (6.63e-01 8.62e-01) XE:8.62e-02 (1.15e+00 1.18e+00 | 6.54e-01 6.70e-01)	6.609717e+00 5.668366e+00 : 9.444679e-01
1125(1002) (7.09e-01 8.63e-01) XE:8.63e-02 (1.19e+00 1.18e+00 | 6.70e-01 6.69e-01)	6.607326e+00 5.666605e+00 : 9.441485e-01
1184(996) (7.33e-01 8.61e-01) XE:8.61e-02 (1.17e+00 1.18e+00 | 6.92e-01 6.69e-01)	6.607158e+00 5.665766e+00 : 9.440711e-01
1243(1001) (6.58e-01 8.60e-01) XE:8.60e-02 (1.17e+00 1.18e+00 | 7.35e-01 6.70e-01)	6.605583e+00 5.665428e+00 : 9.439239e-01
1302(1002) (9.80e-01 8.59e-01) XE:8.59e-02 (1.17e+00 1.18e+00 | 6.58e-01 6.69e-01)	6.603727e+00 5.664130e+00 : 9.436813e-01
1361(997) (7.85e-01 8.58e-01) XE:8.58e-02 (1.17e+00 1.18e+00 | 6.66e-01 6.69e-01)	6.602328e+00 5.663600e+00 : 9.435329e-01
1420(992) (9.69e-01 8.58e-01) XE:8.58e-02 (1.17e+00 1.18e+00 | 6.76e-01 6.69e-01)	6.601505e+00 5.663084e+00 : 9.434299e-01
1479(994) (9.50e-01 8.58e-01) XE:8.58e-02 (1.17e+00 1.18e+00 | 6.84e-01 6.69e-01)	6.600242e+00 5.662144e+00 : 9.432604e-01
1538(1007) (6.67e-01 8.58e-01) XE:8.58e-02 (1.19e+00 1.18e+00 | 7.06e-01 6.69e-01)	6.599141e+00 5.660475e+00 : 9.430474e-01
1597(1000) (7.57e-01 8.60e-01) XE:8.60e-02 (1.18e+00 1.18e+00 | 6.92e-01 6.69e-01)	6.597656e+00 5.659854e+00 : 9.428854e-01
1656(1000) (8.83e-01 8.59e-01) XE:8.59e-02 (1.16e+00 1.18e+00 | 5.91e-01 6.69e-01)	6.597937e+00 5.658560e+00 : 9.428075e-01
1715(1003) (8.76e-01 8.60e-01) XE:8.60e-02 (1.18e+00 1.18e+00 | 6.64e-01 6.69e-01)	6.596353e+00 5.658077e+00 : 9.426485e-01
1774(993) (1.09e+00 8.58e-01) XE:8.58e-02 (1.18e+00 1.18e+00 | 6.68e-01 6.69e-01)	6.596399e+00 5.658549e+00 : 9.426883e-01
1833(1004) (8.65e-01 8.57e-01) XE:8.57e-02 (1.17e+00 1.18e+00 | 6.38e-01 6.69e-01)	6.595524e+00 5.659098e+00 : 9.426633e-01
1892(992) (1.05e+00 8.57e-01) XE:8.57e-02 (1.18e+00 1.18e+00 | 6.62e-01 6.69e-01)	6.594447e+00 5.658131e+00 : 9.425060e-01
1951(1004) (1.08e+00 8.58e-01) XE:8.58e-02 (1.18e+00 1.18e+00 | 7.45e-01 6.69e-01)	6.593035e+00 5.656771e+00 : 9.422928e-01
2010(1003) (6.38e-01 8.58e-01) XE:8.58e-02 (1.16e+00 1.18e+00 | 6.76e-01 6.69e-01)	6.591447e+00 5.657134e+00 : 9.421986e-01
2069(1001) (7.41e-01 8.57e-01) XE:8.57e-02 (1.19e+00 1.18e+00 | 6.72e-01 6.69e-01)	6.591115e+00 5.656486e+00 : 9.421231e-01
2128(1000) (8.44e-01 8.58e-01) XE:8.58e-02 (1.17e+00 1.18e+00 | 6.09e-01 6.69e-01)	6.590320e+00 5.656351e+00 : 9.420516e-01
2187(1004) (4.21e-01 8.57e-01) XE:8.57e-02 (1.17e+00 1.18e+00 | 6.76e-01 6.69e-01)	6.590166e+00 5.656433e+00 : 9.420461e-01
2246(1005) (8.31e-01 8.56e-01) XE:8.56e-02 (1.19e+00 1.18e+00 | 7.04e-01 6.69e-01)	6.590041e+00 5.655664e+00 : 9.419773e-01
2305(1001) (7.12e-01 8.56e-01) XE:8.56e-02 (1.17e+00 1.18e+00 | 6.34e-01 6.69e-01)	6.589837e+00 5.655376e+00 : 9.419395e-01
2364(998) (8.68e-01 8.56e-01) XE:8.56e-02 (1.19e+00 1.18e+00 | 7.23e-01 6.69e-01)	6.589489e+00 5.655399e+00 : 9.419145e-01
2423(1001) (8.38e-01 8.56e-01) XE:8.56e-02 (1.17e+00 1.18e+00 | 7.23e-01 6.69e-01)	6.589425e+00 5.655303e+00 : 9.419021e-01
2482(1009) (7.25e-01 8.55e-01) XE:8.55e-02 (1.18e+00 1.18e+00 | 6.56e-01 6.69e-01)	6.588646e+00 5.655142e+00 : 9.418299e-01
2541(995) (5.00e-01 8.54e-01) XE:8.54e-02 (1.17e+00 1.18e+00 | 6.74e-01 6.69e-01)	6.588766e+00 5.654858e+00 : 9.418172e-01
2600(999) (8.94e-01 8.55e-01) XE:8.55e-02 (1.18e+00 1.18e+00 | 6.66e-01 6.69e-01)	6.588223e+00 5.653885e+00 : 9.417006e-01
2659(1000) (9.41e-01 8.55e-01) XE:8.55e-02 (1.17e+00 1.18e+00 | 7.06e-01 6.69e-01)	6.587393e+00 5.653166e+00 : 9.415815e-01
2718(1011) (6.67e-01 8.55e-01) XE:8.55e-02 (1.19e+00 1.18e+00 | 6.60e-01 6.69e-01)	6.587231e+00 5.653372e+00 : 9.415849e-01
2777(1003) (9.68e-01 8.55e-01) XE:8.55e-02 (1.17e+00 1.18e+00 | 5.97e-01 6.69e-01)	6.587308e+00 5.652426e+00 : 9.415180e-01
2836(1002) (9.86e-01 8.55e-01) XE:8.55e-02 (1.16e+00 1.18e+00 | 6.68e-01 6.69e-01)	6.587263e+00 5.652459e+00 : 9.415171e-01
2895(992) (1.17e+00 8.55e-01) XE:8.55e-02 (1.18e+00 1.18e+00 | 7.18e-01 6.69e-01)	6.587282e+00 5.652711e+00 : 9.415379e-01
2954(996) (8.64e-01 8.56e-01) XE:8.56e-02 (1.18e+00 1.18e+00 | 6.78e-01 6.69e-01)	6.586696e+00 5.651729e+00 : 9.414173e-01
3013(1002) (7.30e-01 8.56e-01) XE:8.56e-02 (1.17e+00 1.18e+00 | 6.48e-01 6.69e-01)	6.586783e+00 5.651375e+00 : 9.413967e-01
3072(1004) (6.62e-01 8.55e-01) XE:8.55e-02 (1.19e+00 1.18e+00 | 6.70e-01 6.69e-01)	6.586714e+00 5.651445e+00 : 9.413969e-01
3131(1003) (1.12e+00 8.55e-01) XE:8.55e-02 (1.17e+00 1.18e+00 | 6.74e-01 6.69e-01)	6.586669e+00 5.650696e+00 : 9.413357e-01
3190(1011) (1.03e+00 8.56e-01) XE:8.56e-02 (1.15e+00 1.18e+00 | 6.88e-01 6.69e-01)	6.585824e+00 5.650385e+00 : 9.412468e-01
3249(995) (8.95e-01 8.56e-01) XE:8.56e-02 (1.20e+00 1.18e+00 | 7.08e-01 6.69e-01)	6.585468e+00 5.649951e+00 : 9.411861e-01
3308(997) (1.30e+00 8.56e-01) XE:8.56e-02 (1.18e+00 1.18e+00 | 6.74e-01 6.69e-01)	6.585341e+00 5.649423e+00 : 9.411357e-01
3367(992) (9.51e-01 8.56e-01) XE:8.56e-02 (1.18e+00 1.18e+00 | 7.04e-01 6.69e-01)	6.585105e+00 5.649463e+00 : 9.411206e-01
3426(1002) (7.40e-01 8.56e-01) XE:8.56e-02 (1.20e+00 1.18e+00 | 6.44e-01 6.69e-01)	6.584398e+00 5.648834e+00 : 9.410178e-01
3485(996) (9.92e-01 8.56e-01) XE:8.56e-02 (1.15e+00 1.18e+00 | 6.58e-01 6.70e-01)	6.584505e+00 5.648477e+00 : 9.409986e-01
3544(1006) (9.85e-01 8.56e-01) XE:8.56e-02 (1.19e+00 1.18e+00 | 7.00e-01 6.69e-01)	6.584443e+00 5.648162e+00 : 9.409696e-01
3603(1007) (7.04e-01 8.56e-01) XE:8.56e-02 (1.16e+00 1.18e+00 | 5.89e-01 6.69e-01)	6.584253e+00 5.647982e+00 : 9.409412e-01
3662(1002) (7.95e-01 8.56e-01) XE:8.56e-02 (1.18e+00 1.18e+00 | 6.60e-01 6.69e-01)	6.584213e+00 5.648094e+00 : 9.409467e-01
3721(995) (7.68e-01 8.55e-01) XE:8.55e-02 (1.17e+00 1.18e+00 | 6.82e-01 6.70e-01)	6.583787e+00 5.648042e+00 : 9.409099e-01
3780(997) (8.84e-01 8.55e-01) XE:8.55e-02 (1.15e+00 1.18e+00 | 6.16e-01 6.69e-01)	6.583760e+00 5.648241e+00 : 9.409231e-01
3839(1001) (8.21e-01 8.56e-01) XE:8.56e-02 (1.19e+00 1.18e+00 | 6.68e-01 6.69e-01)	6.583220e+00 5.648003e+00 : 9.408633e-01
3898(996) (8.66e-01 8.56e-01) XE:8.56e-02 (1.15e+00 1.18e+00 | 6.68e-01 6.69e-01)	6.582866e+00 5.647504e+00 : 9.407977e-01
3957(999) (8.08e-01 8.56e-01) XE:8.56e-02 (1.17e+00 1.18e+00 | 6.46e-01 6.69e-01)	6.582801e+00 5.647058e+00 : 9.407584e-01
4016(999) (6.06e-01 8.56e-01) XE:8.56e-02 (1.16e+00 1.18e+00 | 6.34e-01 6.69e-01)	6.582800e+00 5.647071e+00 : 9.407593e-01
4075(994) (9.01e-01 8.56e-01) XE:8.56e-02 (1.18e+00 1.18e+00 | 6.64e-01 6.69e-01)	6.582333e+00 5.646867e+00 : 9.407077e-01
4134(997) (8.07e-01 8.55e-01) XE:8.55e-02 (1.18e+00 1.18e+00 | 6.42e-01 6.69e-01)	6.582086e+00 5.647372e+00 : 9.407275e-01
4193(994) (9.69e-01 8.56e-01) XE:8.56e-02 (1.16e+00 1.18e+00 | 6.28e-01 6.70e-01)	6.581802e+00 5.646850e+00 : 9.406655e-01
4252(998) (6.45e-01 8.56e-01) XE:8.56e-02 (1.19e+00 1.18e+00 | 6.46e-01 6.69e-01)	6.581403e+00 5.646755e+00 : 9.406276e-01
4311(999) (9.76e-01 8.55e-01) XE:8.55e-02 (1.18e+00 1.18e+00 | 6.52e-01 6.69e-01)	6.581492e+00 5.646431e+00 : 9.406095e-01
4370(997) (7.42e-01 8.55e-01) XE:8.55e-02 (1.18e+00 1.18e+00 | 6.92e-01 6.69e-01)	6.581821e+00 5.645747e+00 : 9.405821e-01
4429(1000) (7.99e-01 8.55e-01) XE:8.55e-02 (1.17e+00 1.18e+00 | 6.54e-01 6.69e-01)	6.581470e+00 5.645536e+00 : 9.405390e-01
4488(1006) (8.36e-01 8.55e-01) XE:8.55e-02 (1.18e+00 1.18e+00 | 6.66e-01 6.69e-01)	6.581630e+00 5.645306e+00 : 9.405335e-01
4547(996) (8.45e-01 8.55e-01) XE:8.55e-02 (1.17e+00 1.18e+00 | 6.46e-01 6.70e-01)	6.581777e+00 5.645156e+00 : 9.405333e-01
4606(995) (9.88e-01 8.55e-01) XE:8.55e-02 (1.17e+00 1.18e+00 | 6.22e-01 6.70e-01)	6.581229e+00 5.645078e+00 : 9.404851e-01
4665(999) (1.17e+00 8.56e-01) XE:8.56e-02 (1.18e+00 1.18e+00 | 6.72e-01 6.70e-01)	6.580537e+00 5.645013e+00 : 9.404269e-01
4724(1003) (7.74e-01 8.55e-01) XE:8.55e-02 (1.16e+00 1.18e+00 | 6.84e-01 6.70e-01)	6.580537e+00 5.644774e+00 : 9.404086e-01
4783(998) (6.92e-01 8.55e-01) XE:8.55e-02 (1.18e+00 1.18e+00 | 6.44e-01 6.70e-01)	6.580523e+00 5.644788e+00 : 9.404085e-01
4842(1006) (6.45e-01 8.55e-01) XE:8.55e-02 (1.15e+00 1.18e+00 | 6.88e-01 6.70e-01)	6.580171e+00 5.644750e+00 : 9.403786e-01
4901(1007) (7.13e-01 8.55e-01) XE:8.55e-02 (1.17e+00 1.18e+00 | 7.23e-01 6.70e-01)	6.580175e+00 5.644835e+00 : 9.403854e-01
4960(998) (1.13e+00 8.55e-01) XE:8.55e-02 (1.20e+00 1.18e+00 | 6.36e-01 6.70e-01)	6.579971e+00 5.644764e+00 : 9.403643e-01
5019(999) (8.80e-01 8.56e-01) XE:8.56e-02 (1.17e+00 1.18e+00 | 6.74e-01 6.70e-01)	6.579490e+00 5.644602e+00 : 9.403148e-01
5078(1003) (7.86e-01 8.55e-01) XE:8.55e-02 (1.17e+00 1.18e+00 | 6.16e-01 6.69e-01)	6.579092e+00 5.644544e+00 : 9.402797e-01
5137(1009) (7.52e-01 8.55e-01) XE:8.55e-02 (1.18e+00 1.18e+00 | 7.18e-01 6.69e-01)	6.578769e+00 5.644380e+00 : 9.402422e-01
5196(1002) (9.03e-01 8.55e-01) XE:8.55e-02 (1.16e+00 1.18e+00 | 6.90e-01 6.69e-01)	6.578557e+00 5.644589e+00 : 9.402420e-01
5255(1000) (1.05e+00 8.55e-01) XE:8.55e-02 (1.15e+00 1.18e+00 | 6.64e-01 6.69e-01)	6.578477e+00 5.644641e+00 : 9.402399e-01
5314(999) (5.82e-01 8.55e-01) XE:8.55e-02 (1.16e+00 1.18e+00 | 6.62e-01 6.69e-01)	6.578318e+00 5.644384e+00 : 9.402078e-01
5373(1000) (8.57e-01 8.55e-01) XE:8.55e-02 (1.15e+00 1.18e+00 | 6.80e-01 6.69e-01)	6.577925e+00 5.644140e+00 : 9.401588e-01
5432(1001) (9.29e-01 8.55e-01) XE:8.55e-02 (1.20e+00 1.18e+00 | 6.96e-01 6.70e-01)	6.577709e+00 5.644128e+00 : 9.401414e-01
5491(1003) (7.97e-01 8.55e-01) XE:8.55e-02 (1.18e+00 1.18e+00 | 6.56e-01 6.69e-01)	6.577610e+00 5.644307e+00 : 9.401475e-01
5550(1003) (8.12e-01 8.56e-01) XE:8.56e-02 (1.18e+00 1.18e+00 | 6.46e-01 6.69e-01)	6.577303e+00 5.644377e+00 : 9.401293e-01
5609(999) (9.27e-01 8.55e-01) XE:8.55e-02 (1.19e+00 1.18e+00 | 6.70e-01 6.69e-01)	6.577213e+00 5.644316e+00 : 9.401176e-01
5668(1005) (6.90e-01 8.55e-01) XE:8.55e-02 (1.17e+00 1.18e+00 | 7.08e-01 6.69e-01)	6.577163e+00 5.644219e+00 : 9.401063e-01
5727(996) (7.29e-01 8.55e-01) XE:8.55e-02 (1.18e+00 1.18e+00 | 6.52e-01 6.69e-01)	6.576925e+00 5.644067e+00 : 9.400763e-01
5786(1000) (9.98e-01 8.55e-01) XE:8.55e-02 (1.19e+00 1.18e+00 | 6.44e-01 6.69e-01)	6.577194e+00 5.644129e+00 : 9.401017e-01
5845(999) (5.68e-01 8.55e-01) XE:8.55e-02 (1.20e+00 1.18e+00 | 6.78e-01 6.69e-01)	6.576902e+00 5.644163e+00 : 9.400819e-01
5904(998) (6.96e-01 8.55e-01) XE:8.55e-02 (1.18e+00 1.18e+00 | 6.60e-01 6.69e-01)	6.576751e+00 5.644132e+00 : 9.400679e-01
5963(997) (1.17e+00 8.54e-01) XE:8.54e-02 (1.14e+00 1.18e+00 | 6.72e-01 6.70e-01)	6.576651e+00 5.644096e+00 : 9.400575e-01
6022(1000) (9.33e-01 8.54e-01) XE:8.54e-02 (1.19e+00 1.18e+00 | 6.72e-01 6.70e-01)	6.576952e+00 5.644090e+00 : 9.400801e-01
6081(1003) (8.56e-01 8.55e-01) XE:8.55e-02 (1.19e+00 1.18e+00 | 6.48e-01 6.70e-01)	6.576563e+00 5.643757e+00 : 9.400246e-01
6140(999) (8.77e-01 8.54e-01) XE:8.54e-02 (1.17e+00 1.18e+00 | 6.72e-01 6.70e-01)	6.576126e+00 5.643841e+00 : 9.399975e-01
6199(999) (7.41e-01 8.55e-01) XE:8.55e-02 (1.20e+00 1.18e+00 | 6.68e-01 6.69e-01)	6.575845e+00 5.643758e+00 : 9.399695e-01
6258(1003) (9.32e-01 8.55e-01) XE:8.55e-02 (1.22e+00 1.18e+00 | 5.85e-01 6.69e-01)	6.575852e+00 5.643621e+00 : 9.399594e-01
6317(1001) (7.92e-01 8.55e-01) XE:8.55e-02 (1.19e+00 1.18e+00 | 6.26e-01 6.69e-01)	6.575300e+00 5.643675e+00 : 9.399212e-01
6376(996) (7.66e-01 8.55e-01) XE:8.55e-02 (1.17e+00 1.18e+00 | 6.70e-01 6.69e-01)	6.574974e+00 5.643461e+00 : 9.398796e-01
6435(995) (9.70e-01 8.55e-01) XE:8.55e-02 (1.16e+00 1.18e+00 | 6.58e-01 6.69e-01)	6.574912e+00 5.643464e+00 : 9.398751e-01
6494(997) (6.89e-01 8.55e-01) XE:8.55e-02 (1.19e+00 1.18e+00 | 6.94e-01 6.69e-01)	6.574948e+00 5.643389e+00 : 9.398721e-01
6553(1005) (8.54e-01 8.55e-01) XE:8.55e-02 (1.17e+00 1.18e+00 | 6.76e-01 6.69e-01)	6.574721e+00 5.643170e+00 : 9.398378e-01
6612(998) (8.99e-01 8.55e-01) XE:8.55e-02 (1.21e+00 1.18e+00 | 6.84e-01 6.69e-01)	6.574674e+00 5.643140e+00 : 9.398319e-01
6671(995) (8.10e-01 8.55e-01) XE:8.55e-02 (1.19e+00 1.18e+00 | 6.58e-01 6.69e-01)	6.574829e+00 5.642923e+00 : 9.398271e-01
6730(1002) (7.07e-01 8.55e-01) XE:8.55e-02 (1.17e+00 1.18e+00 | 6.34e-01 6.69e-01)	6.574888e+00 5.642894e+00 : 9.398293e-01
6789(1002) (8.22e-01 8.54e-01) XE:8.54e-02 (1.16e+00 1.18e+00 | 6.38e-01 6.69e-01)	6.575055e+00 5.643050e+00 : 9.398542e-01
6848(997) (7.37e-01 8.54e-01) XE:8.54e-02 (1.18e+00 1.18e+00 | 6.42e-01 6.69e-01)	6.574928e+00 5.642769e+00 : 9.398228e-01
6907(996) (8.37e-01 8.54e-01) XE:8.54e-02 (1.16e+00 1.18e+00 | 6.26e-01 6.69e-01)	6.574903e+00 5.642865e+00 : 9.398283e-01
6966(997) (1.22e+00 8.54e-01) XE:8.54e-02 (1.19e+00 1.18e+00 | 6.54e-01 6.69e-01)	6.574776e+00 5.643015e+00 : 9.398300e-01
7025(998) (7.43e-01 8.54e-01) XE:8.54e-02 (1.17e+00 1.18e+00 | 6.76e-01 6.69e-01)	6.574653e+00 5.643047e+00 : 9.398231e-01
7084(1000) (9.18e-01 8.54e-01) XE:8.54e-02 (1.14e+00 1.18e+00 | 6.20e-01 6.69e-01)	6.574763e+00 5.643242e+00 : 9.398465e-01
7143(1004) (1.05e+00 8.54e-01) XE:8.54e-02 (1.19e+00 1.18e+00 | 6.44e-01 6.69e-01)	6.574808e+00 5.643280e+00 : 9.398530e-01
7202(996) (1.04e+00 8.54e-01) XE:8.54e-02 (1.20e+00 1.18e+00 | 6.42e-01 6.69e-01)	6.574760e+00 5.643116e+00 : 9.398366e-01
7261(999) (8.69e-01 8.54e-01) XE:8.54e-02 (1.19e+00 1.18e+00 | 6.56e-01 6.69e-01)	6.574689e+00 5.643124e+00 : 9.398318e-01
7320(1002) (9.71e-01 8.54e-01) XE:8.54e-02 (1.17e+00 1.18e+00 | 6.86e-01 6.69e-01)	6.574773e+00 5.643097e+00 : 9.398362e-01
7379(1003) (8.72e-01 8.53e-01) XE:8.53e-02 (1.19e+00 1.18e+00 | 6.12e-01 6.69e-01)	6.574641e+00 5.643226e+00 : 9.398359e-01
7438(1005) (7.88e-01 8.53e-01) XE:8.53e-02 (1.19e+00 1.18e+00 | 6.90e-01 6.69e-01)	6.574585e+00 5.643051e+00 : 9.398182e-01
7497(1000) (9.72e-01 8.53e-01) XE:8.53e-02 (1.16e+00 1.18e+00 | 7.06e-01 6.69e-01)	6.574555e+00 5.642953e+00 : 9.398083e-01
7556(1003) (5.26e-01 8.53e-01) XE:8.53e-02 (1.18e+00 1.18e+00 | 6.86e-01 6.69e-01)	6.574347e+00 5.642843e+00 : 9.397838e-01
7615(999) (8.53e-01 8.54e-01) XE:8.54e-02 (1.17e+00 1.18e+00 | 6.34e-01 6.69e-01)	6.574111e+00 5.642636e+00 : 9.397498e-01
7674(1000) (8.27e-01 8.54e-01) XE:8.54e-02 (1.19e+00 1.18e+00 | 7.08e-01 6.69e-01)	6.573927e+00 5.642602e+00 : 9.397329e-01
7733(995) (1.05e+00 8.54e-01) XE:8.54e-02 (1.18e+00 1.18e+00 | 6.92e-01 6.69e-01)	6.573871e+00 5.642422e+00 : 9.397149e-01
7792(1000) (9.71e-01 8.54e-01) XE:8.54e-02 (1.18e+00 1.18e+00 | 6.68e-01 6.69e-01)	6.573956e+00 5.642354e+00 : 9.397162e-01
7851(1000) (9.17e-01 8.54e-01) XE:8.54e-02 (1.21e+00 1.18e+00 | 6.86e-01 6.69e-01)	6.573934e+00 5.642210e+00 : 9.397034e-01
7910(1002) (8.99e-01 8.54e-01) XE:8.54e-02 (1.16e+00 1.18e+00 | 6.52e-01 6.69e-01)	6.573809e+00 5.642108e+00 : 9.396859e-01
7969(1003) (8.90e-01 8.54e-01) XE:8.54e-02 (1.18e+00 1.18e+00 | 6.48e-01 6.69e-01)	6.573763e+00 5.641934e+00 : 9.396690e-01
8028(999) (6.58e-01 8.54e-01) XE:8.54e-02 (1.16e+00 1.18e+00 | 6.66e-01 6.69e-01)	6.573515e+00 5.641862e+00 : 9.396444e-01
8087(1004) (5.88e-01 8.54e-01) XE:8.54e-02 (1.17e+00 1.18e+00 | 6.68e-01 6.69e-01)	6.573705e+00 5.641735e+00 : 9.396493e-01
8146(1002) (5.86e-01 8.54e-01) XE:8.54e-02 (1.20e+00 1.18e+00 | 6.24e-01 6.69e-01)	6.573587e+00 5.641987e+00 : 9.396595e-01
8205(1009) (6.92e-01 8.54e-01) XE:8.54e-02 (1.18e+00 1.18e+00 | 6.92e-01 6.69e-01)	6.573570e+00 5.641891e+00 : 9.396509e-01
8264(996) (8.76e-01 8.54e-01) XE:8.54e-02 (1.18e+00 1.18e+00 | 6.52e-01 6.69e-01)	6.573350e+00 5.641952e+00 : 9.396386e-01
8323(1003) (1.04e+00 8.54e-01) XE:8.54e-02 (1.16e+00 1.18e+00 | 6.54e-01 6.69e-01)	6.573165e+00 5.642157e+00 : 9.396402e-01
8382(1003) (6.91e-01 8.53e-01) XE:8.53e-02 (1.19e+00 1.18e+00 | 7.35e-01 6.69e-01)	6.573283e+00 5.642256e+00 : 9.396569e-01
8441(999) (7.84e-01 8.53e-01) XE:8.53e-02 (1.17e+00 1.18e+00 | 6.72e-01 6.69e-01)	6.573400e+00 5.642261e+00 : 9.396662e-01
8500(1002) (1.35e+00 8.53e-01) XE:8.53e-02 (1.17e+00 1.18e+00 | 6.34e-01 6.69e-01)	6.573335e+00 5.641943e+00 : 9.396367e-01
8559(1006) (6.26e-01 8.53e-01) XE:8.53e-02 (1.21e+00 1.18e+00 | 7.61e-01 6.69e-01)	6.573017e+00 5.641984e+00 : 9.396154e-01
8618(996) (1.08e+00 8.53e-01) XE:8.53e-02 (1.17e+00 1.18e+00 | 6.05e-01 6.69e-01)	6.572798e+00 5.641944e+00 : 9.395955e-01
8677(1003) (7.42e-01 8.53e-01) XE:8.53e-02 (1.15e+00 1.18e+00 | 6.66e-01 6.69e-01)	6.572532e+00 5.641971e+00 : 9.395772e-01
8736(1007) (9.42e-01 8.53e-01) XE:8.53e-02 (1.15e+00 1.18e+00 | 6.96e-01 6.69e-01)	6.572628e+00 5.641740e+00 : 9.395668e-01
8795(1003) (8.16e-01 8.53e-01) XE:8.53e-02 (1.18e+00 1.18e+00 | 6.28e-01 6.69e-01)	6.572773e+00 5.641727e+00 : 9.395769e-01
8854(995) (9.65e-01 8.53e-01) XE:8.53e-02 (1.18e+00 1.18e+00 | 7.10e-01 6.69e-01)	6.572762e+00 5.641719e+00 : 9.395754e-01
8913(997) (9.12e-01 8.53e-01) XE:8.53e-02 (1.18e+00 1.18e+00 | 7.27e-01 6.69e-01)	6.572697e+00 5.641501e+00 : 9.395537e-01
8972(995) (9.76e-01 8.53e-01) XE:8.53e-02 (1.21e+00 1.18e+00 | 6.72e-01 6.69e-01)	6.572725e+00 5.641434e+00 : 9.395507e-01
9031(1003) (6.34e-01 8.53e-01) XE:8.53e-02 (1.19e+00 1.18e+00 | 6.84e-01 6.69e-01)	6.572758e+00 5.641350e+00 : 9.395468e-01
9090(995) (7.72e-01 8.54e-01) XE:8.54e-02 (1.17e+00 1.18e+00 | 7.06e-01 6.69e-01)	6.572529e+00 5.641203e+00 : 9.395179e-01
9149(1010) (7.08e-01 8.54e-01) XE:8.54e-02 (1.18e+00 1.18e+00 | 7.00e-01 6.69e-01)	6.572327e+00 5.641261e+00 : 9.395067e-01
9208(991) (1.19e+00 8.54e-01) XE:8.54e-02 (1.17e+00 1.18e+00 | 6.54e-01 6.69e-01)	6.572380e+00 5.641154e+00 : 9.395026e-01
9267(995) (8.75e-01 8.54e-01) XE:8.54e-02 (1.17e+00 1.18e+00 | 5.85e-01 6.69e-01)	6.572344e+00 5.641106e+00 : 9.394961e-01
9326(1000) (5.25e-01 8.54e-01) XE:8.54e-02 (1.20e+00 1.18e+00 | 7.27e-01 6.69e-01)	6.572186e+00 5.640907e+00 : 9.394687e-01
9385(1000) (8.51e-01 8.54e-01) XE:8.54e-02 (1.17e+00 1.18e+00 | 6.74e-01 6.69e-01)	6.571946e+00 5.640704e+00 : 9.394346e-01
9444(996) (1.06e+00 8.54e-01) XE:8.54e-02 (1.17e+00 1.18e+00 | 7.35e-01 6.69e-01)	6.572028e+00 5.640492e+00 : 9.394246e-01
9503(1000) (7.53e-01 8.54e-01) XE:8.54e-02 (1.19e+00 1.18e+00 | 7.08e-01 6.69e-01)	6.572041e+00 5.640466e+00 : 9.394236e-01
9562(1006) (8.24e-01 8.54e-01) XE:8.54e-02 (1.18e+00 1.18e+00 | 7.25e-01 6.69e-01)	6.571914e+00 5.640486e+00 : 9.394154e-01
9621(1000) (9.61e-01 8.54e-01) XE:8.54e-02 (1.18e+00 1.18e+00 | 7.29e-01 6.69e-01)	6.571888e+00 5.640539e+00 : 9.394175e-01
9680(1001) (1.08e+00 8.54e-01) XE:8.54e-02 (1.17e+00 1.18e+00 | 7.08e-01 6.69e-01)	6.571619e+00 5.640512e+00 : 9.393947e-01
9739(1002) (8.42e-01 8.54e-01) XE:8.54e-02 (1.15e+00 1.18e+00 | 6.32e-01 6.69e-01)	6.571739e+00 5.640626e+00 : 9.394127e-01
9798(995) (7.77e-01 8.54e-01) XE:8.54e-02 (1.16e+00 1.18e+00 | 6.80e-01 6.69e-01)	6.571513e+00 5.640479e+00 : 9.393840e-01
9857(999) (8.82e-01 8.54e-01) XE:8.54e-02 (1.20e+00 1.18e+00 | 7.16e-01 6.69e-01)	6.571592e+00 5.640357e+00 : 9.393807e-01
9916(1000) (8.57e-01 8.54e-01) XE:8.54e-02 (1.16e+00 1.18e+00 | 5.83e-01 6.69e-01)	6.571510e+00 5.640236e+00 : 9.393651e-01
9975(1001) (9.67e-01 8.54e-01) XE:8.54e-02 (1.19e+00 1.18e+00 | 7.10e-01 6.69e-01)	6.571400e+00 5.640128e+00 : 9.393483e-01
10000(1000) (7.60e-01 8.54e-01) XE:8.54e-02 (1.18e+00 1.18e+00 | 5.73e-01 6.69e-01)	6.571512e+00 5.640074e+00 : 9.393527e-01
RL cnt: 0,7062107,1311122,101883,0,0,0,0,0,0,0,0,0,0,0,0,
BL cnt: 0,0,0,0,0,0,64884,0,1528245,0,6723965,0,1527848,0,65058,0,0,0,0,0,0,
6.571512e+00 5.640074e+00 : 9.393527e-01
# InnerCodebook: deleted
# NBIDSchannel: deleted
# Gtable: deleted
# FBalg4: deleted
# StatICB: deleted
