# (Pid,Ps)=(3.000000e-02,1.000000e-02) Nseg=200 WinSize=10 lmd=1 [0]
# InnerCB: ../search03/ICB/D11.bin
# Gtable:  Gtable/5/030_010.bin
# InnerCodebook: beta=5(1024) nu=2
# InnerCodebook: B(B2p)=7(128) 6(64) 
# InnerCodebook: checked CWM, EncMap, DecMap
# beta=5(1024) nu=2 N=1000 Dmax=35 WCmax=10000
# B=7,6,
# NBIDSchannel: N=1000 Q=4 Dmax=35 (Pid,Ps)=(3.000000e-02,1.000000e-02)
# FBalg4: Nseg=200 Dmax=35(w=71)
# FBalg4: Gtable: Gtable/5/030_010.bin
# Gtable: beta=5 (Pid,Ps,Ptrn)=(3.000000e-02,1.000000e-02,9.400000e-01) Pth=1.000000e-10
# Gtable: beta4p=1024 beta4pp=1048576
# Gtable::Gtable len=0 cnt=1024
# Gtable::Gtable len=1 cnt=4096
# Gtable::Gtable len=2 cnt=16384
# Gtable::Gtable len=3 cnt=65536
# Gtable::Gtable len=4 cnt=241636
# Gtable::Gtable len=5 cnt=779284
# Gtable::Gtable len=6 cnt=1541824
# Gtable::Gtable len=7 cnt=1451416
# Gtable::Gtable len=8 cnt=1264036
# Gtable::Gtable len=9 cnt=100348
# Gtable::Gtable len=10 cnt=1024
# FBalg4: beta=5(1024) (Pid,Ps)=(3.000000e-02,1.000000e-02) Pth=1.000000e-10 N=1000
# StatICB: nu=2 beta=5 beta4p=1024 Bsum=13 lmd=1
# StatICB: B=7,6,
0023(1005) (1.45e+00 1.71e+00) XE:1.71e-01 (1.20e+00 1.18e+00 | 6.60e-01 6.77e-01)	6.680467e+00 5.699550e+00 : 9.523090e-01
0047(1005) (1.82e+00 1.73e+00) XE:1.73e-01 (1.16e+00 1.18e+00 | 5.83e-01 6.71e-01)	6.573238e+00 5.592601e+00 : 9.358337e-01
0071(985) (2.16e+00 1.70e+00) XE:1.70e-01 (1.18e+00 1.18e+00 | 6.42e-01 6.71e-01)	6.517928e+00 5.534827e+00 : 9.271350e-01
0095(1000) (1.80e+00 1.67e+00) XE:1.67e-01 (1.17e+00 1.18e+00 | 6.44e-01 6.71e-01)	6.466128e+00 5.493555e+00 : 9.199756e-01
0119(1002) (1.53e+00 1.67e+00) XE:1.67e-01 (1.17e+00 1.18e+00 | 7.00e-01 6.70e-01)	6.423678e+00 5.459195e+00 : 9.140671e-01
0143(991) (1.65e+00 1.66e+00) XE:1.66e-01 (1.20e+00 1.18e+00 | 6.76e-01 6.70e-01)	6.394289e+00 5.435795e+00 : 9.100065e-01
0166(1007) (1.72e+00 1.66e+00) XE:1.66e-01 (1.19e+00 1.18e+00 | 6.72e-01 6.71e-01)	6.363708e+00 5.408556e+00 : 9.055588e-01
0190(983) (1.54e+00 1.66e+00) XE:1.66e-01 (1.19e+00 1.18e+00 | 7.37e-01 6.71e-01)	6.342007e+00 5.398318e+00 : 9.031020e-01
0214(999) (1.88e+00 1.67e+00) XE:1.67e-01 (1.17e+00 1.18e+00 | 6.80e-01 6.71e-01)	6.322367e+00 5.379196e+00 : 9.001202e-01
0238(1002) (1.36e+00 1.67e+00) XE:1.67e-01 (1.17e+00 1.18e+00 | 6.14e-01 6.70e-01)	6.304767e+00 5.365886e+00 : 8.977425e-01
0262(998) (1.74e+00 1.67e+00) XE:1.67e-01 (1.20e+00 1.18e+00 | 6.80e-01 6.70e-01)	6.290682e+00 5.357814e+00 : 8.960382e-01
0286(1000) (1.42e+00 1.67e+00) XE:1.67e-01 (1.17e+00 1.18e+00 | 6.66e-01 6.69e-01)	6.276590e+00 5.350287e+00 : 8.943752e-01
0310(993) (1.85e+00 1.68e+00) XE:1.68e-01 (1.18e+00 1.18e+00 | 6.70e-01 6.68e-01)	6.266880e+00 5.337397e+00 : 8.926367e-01
0333(1002) (2.02e+00 1.68e+00) XE:1.68e-01 (1.18e+00 1.18e+00 | 6.44e-01 6.69e-01)	6.255621e+00 5.325778e+00 : 8.908768e-01
0357(1004) (1.96e+00 1.68e+00) XE:1.68e-01 (1.17e+00 1.18e+00 | 7.00e-01 6.70e-01)	6.247256e+00 5.318626e+00 : 8.896833e-01
0381(999) (1.90e+00 1.69e+00) XE:1.69e-01 (1.18e+00 1.18e+00 | 7.35e-01 6.71e-01)	6.238821e+00 5.308101e+00 : 8.882247e-01
0405(1011) (1.16e+00 1.68e+00) XE:1.68e-01 (1.16e+00 1.18e+00 | 6.56e-01 6.70e-01)	6.233253e+00 5.302878e+00 : 8.873947e-01
0429(996) (1.74e+00 1.68e+00) XE:1.68e-01 (1.16e+00 1.18e+00 | 6.52e-01 6.70e-01)	6.228919e+00 5.298002e+00 : 8.866862e-01
0453(1011) (1.01e+00 1.68e+00) XE:1.68e-01 (1.17e+00 1.18e+00 | 6.98e-01 6.70e-01)	6.226014e+00 5.295691e+00 : 8.862850e-01
0477(1007) (1.49e+00 1.68e+00) XE:1.68e-01 (1.16e+00 1.18e+00 | 5.97e-01 6.70e-01)	6.219956e+00 5.291966e+00 : 8.855325e-01
0500(995) (1.52e+00 1.68e+00) XE:1.68e-01 (1.20e+00 1.18e+00 | 7.04e-01 6.70e-01)	6.216204e+00 5.289870e+00 : 8.850826e-01
0524(1008) (1.33e+00 1.68e+00) XE:1.68e-01 (1.16e+00 1.18e+00 | 6.80e-01 6.70e-01)	6.210638e+00 5.286569e+00 : 8.844006e-01
0548(1001) (1.85e+00 1.67e+00) XE:1.67e-01 (1.17e+00 1.18e+00 | 6.44e-01 6.69e-01)	6.207199e+00 5.285650e+00 : 8.840653e-01
0572(1003) (1.51e+00 1.67e+00) XE:1.67e-01 (1.16e+00 1.18e+00 | 6.68e-01 6.69e-01)	6.204923e+00 5.283905e+00 : 8.837560e-01
0596(994) (1.85e+00 1.68e+00) XE:1.68e-01 (1.20e+00 1.18e+00 | 6.84e-01 6.70e-01)	6.199645e+00 5.281143e+00 : 8.831376e-01
0620(1001) (1.39e+00 1.67e+00) XE:1.67e-01 (1.17e+00 1.18e+00 | 6.60e-01 6.70e-01)	6.198115e+00 5.276654e+00 : 8.826746e-01
0643(992) (1.69e+00 1.67e+00) XE:1.67e-01 (1.19e+00 1.18e+00 | 6.74e-01 6.70e-01)	6.192880e+00 5.276239e+00 : 8.822399e-01
0667(1002) (1.77e+00 1.67e+00) XE:1.67e-01 (1.17e+00 1.18e+00 | 6.60e-01 6.69e-01)	6.188816e+00 5.275055e+00 : 8.818362e-01
0691(993) (1.56e+00 1.67e+00) XE:1.67e-01 (1.19e+00 1.18e+00 | 5.77e-01 6.70e-01)	6.183828e+00 5.272562e+00 : 8.812608e-01
0714(1003) (1.73e+00 1.67e+00) XE:1.67e-01 (1.17e+00 1.18e+00 | 6.92e-01 6.70e-01)	6.181203e+00 5.269564e+00 : 8.808282e-01
0738(989) (1.88e+00 1.67e+00) XE:1.67e-01 (1.19e+00 1.18e+00 | 7.23e-01 6.69e-01)	6.179438e+00 5.267455e+00 : 8.805302e-01
0762(1003) (1.85e+00 1.67e+00) XE:1.67e-01 (1.18e+00 1.18e+00 | 6.42e-01 6.70e-01)	6.176262e+00 5.264945e+00 : 8.800928e-01
0785(1003) (1.34e+00 1.67e+00) XE:1.67e-01 (1.21e+00 1.18e+00 | 6.46e-01 6.70e-01)	6.174368e+00 5.266153e+00 : 8.800401e-01
0809(1004) (1.75e+00 1.67e+00) XE:1.67e-01 (1.17e+00 1.18e+00 | 6.34e-01 6.70e-01)	6.170017e+00 5.264360e+00 : 8.795675e-01
0833(1001) (1.31e+00 1.67e+00) XE:1.67e-01 (1.17e+00 1.18e+00 | 7.08e-01 6.70e-01)	6.169458e+00 5.264012e+00 : 8.794977e-01
0856(1008) (1.67e+00 1.67e+00) XE:1.67e-01 (1.16e+00 1.18e+00 | 5.77e-01 6.70e-01)	6.166941e+00 5.262413e+00 : 8.791810e-01
0880(997) (1.83e+00 1.67e+00) XE:1.67e-01 (1.19e+00 1.18e+00 | 6.28e-01 6.69e-01)	6.165124e+00 5.259177e+00 : 8.787924e-01
0903(994) (1.74e+00 1.67e+00) XE:1.67e-01 (1.20e+00 1.18e+00 | 7.00e-01 6.70e-01)	6.162939e+00 5.258441e+00 : 8.785677e-01
0927(1006) (1.45e+00 1.67e+00) XE:1.67e-01 (1.16e+00 1.18e+00 | 6.09e-01 6.70e-01)	6.162119e+00 5.257371e+00 : 8.784224e-01
0951(1005) (1.28e+00 1.67e+00) XE:1.67e-01 (1.19e+00 1.18e+00 | 5.87e-01 6.70e-01)	6.160766e+00 5.257549e+00 : 8.783319e-01
0974(1000) (1.47e+00 1.67e+00) XE:1.67e-01 (1.17e+00 1.18e+00 | 6.62e-01 6.69e-01)	6.158984e+00 5.256334e+00 : 8.781014e-01
0998(989) (1.62e+00 1.67e+00) XE:1.67e-01 (1.17e+00 1.18e+00 | 6.64e-01 6.69e-01)	6.158125e+00 5.255019e+00 : 8.779342e-01
1022(1014) (1.48e+00 1.67e+00) XE:1.67e-01 (1.19e+00 1.18e+00 | 6.58e-01 6.70e-01)	6.154509e+00 5.254139e+00 : 8.775883e-01
1045(985) (2.28e+00 1.67e+00) XE:1.67e-01 (1.18e+00 1.18e+00 | 6.60e-01 6.70e-01)	6.150810e+00 5.253809e+00 : 8.772783e-01
1069(1013) (1.88e+00 1.67e+00) XE:1.67e-01 (1.19e+00 1.18e+00 | 7.47e-01 6.70e-01)	6.148979e+00 5.252906e+00 : 8.770681e-01
1093(999) (1.83e+00 1.68e+00) XE:1.68e-01 (1.16e+00 1.18e+00 | 6.60e-01 6.70e-01)	6.146177e+00 5.250569e+00 : 8.766727e-01
1116(995) (1.92e+00 1.68e+00) XE:1.68e-01 (1.18e+00 1.18e+00 | 6.38e-01 6.70e-01)	6.144743e+00 5.250195e+00 : 8.765337e-01
1140(997) (1.59e+00 1.67e+00) XE:1.67e-01 (1.18e+00 1.18e+00 | 6.18e-01 6.70e-01)	6.144469e+00 5.250084e+00 : 8.765041e-01
1164(1015) (1.46e+00 1.68e+00) XE:1.68e-01 (1.18e+00 1.18e+00 | 6.56e-01 6.70e-01)	6.140967e+00 5.249373e+00 : 8.761800e-01
1187(1000) (1.71e+00 1.68e+00) XE:1.68e-01 (1.18e+00 1.18e+00 | 6.70e-01 6.69e-01)	6.140608e+00 5.248202e+00 : 8.760623e-01
1211(998) (2.05e+00 1.67e+00) XE:1.67e-01 (1.19e+00 1.18e+00 | 7.10e-01 6.69e-01)	6.139922e+00 5.246597e+00 : 8.758861e-01
1235(1007) (1.42e+00 1.67e+00) XE:1.67e-01 (1.18e+00 1.18e+00 | 6.46e-01 6.69e-01)	6.138465e+00 5.245474e+00 : 8.756876e-01
1258(1004) (1.67e+00 1.67e+00) XE:1.67e-01 (1.16e+00 1.18e+00 | 7.18e-01 6.69e-01)	6.137269e+00 5.245290e+00 : 8.755815e-01
1282(1005) (1.85e+00 1.67e+00) XE:1.67e-01 (1.19e+00 1.18e+00 | 7.06e-01 6.69e-01)	6.136455e+00 5.243730e+00 : 8.753988e-01
1306(996) (1.86e+00 1.67e+00) XE:1.67e-01 (1.18e+00 1.18e+00 | 6.90e-01 6.69e-01)	6.135714e+00 5.242699e+00 : 8.752625e-01
1329(1004) (1.55e+00 1.67e+00) XE:1.67e-01 (1.15e+00 1.18e+00 | 5.73e-01 6.69e-01)	6.134325e+00 5.242419e+00 : 8.751342e-01
1353(991) (2.11e+00 1.67e+00) XE:1.67e-01 (1.19e+00 1.18e+00 | 6.66e-01 6.69e-01)	6.132666e+00 5.240932e+00 : 8.748922e-01
1377(993) (1.85e+00 1.67e+00) XE:1.67e-01 (1.19e+00 1.18e+00 | 6.90e-01 6.69e-01)	6.131134e+00 5.241697e+00 : 8.748332e-01
1400(1005) (1.52e+00 1.67e+00) XE:1.67e-01 (1.16e+00 1.18e+00 | 6.64e-01 6.69e-01)	6.130998e+00 5.240964e+00 : 8.747663e-01
1424(992) (2.03e+00 1.67e+00) XE:1.67e-01 (1.17e+00 1.18e+00 | 6.92e-01 6.69e-01)	6.130907e+00 5.239895e+00 : 8.746770e-01
1448(997) (1.86e+00 1.67e+00) XE:1.67e-01 (1.18e+00 1.18e+00 | 7.43e-01 6.69e-01)	6.130121e+00 5.239012e+00 : 8.745486e-01
1471(988) (1.69e+00 1.67e+00) XE:1.67e-01 (1.18e+00 1.18e+00 | 6.68e-01 6.69e-01)	6.129248e+00 5.238317e+00 : 8.744281e-01
1495(994) (1.72e+00 1.67e+00) XE:1.67e-01 (1.17e+00 1.18e+00 | 6.38e-01 6.69e-01)	6.128615e+00 5.236594e+00 : 8.742468e-01
1518(990) (1.84e+00 1.67e+00) XE:1.67e-01 (1.19e+00 1.18e+00 | 6.78e-01 6.69e-01)	6.127540e+00 5.236055e+00 : 8.741227e-01
1542(1013) (1.93e+00 1.67e+00) XE:1.67e-01 (1.19e+00 1.18e+00 | 7.39e-01 6.69e-01)	6.126188e+00 5.234808e+00 : 8.739227e-01
1566(1000) (1.48e+00 1.67e+00) XE:1.67e-01 (1.17e+00 1.18e+00 | 6.50e-01 6.69e-01)	6.125575e+00 5.234145e+00 : 8.738246e-01
1589(987) (1.69e+00 1.67e+00) XE:1.67e-01 (1.17e+00 1.18e+00 | 6.24e-01 6.69e-01)	6.125832e+00 5.234401e+00 : 8.738641e-01
1613(999) (2.08e+00 1.67e+00) XE:1.67e-01 (1.19e+00 1.18e+00 | 6.30e-01 6.69e-01)	6.124761e+00 5.234184e+00 : 8.737650e-01
1637(999) (1.86e+00 1.67e+00) XE:1.67e-01 (1.18e+00 1.18e+00 | 6.90e-01 6.69e-01)	6.122529e+00 5.233898e+00 : 8.735714e-01
1660(983) (1.71e+00 1.67e+00) XE:1.67e-01 (1.17e+00 1.18e+00 | 6.46e-01 6.69e-01)	6.122586e+00 5.232447e+00 : 8.734641e-01
1684(995) (1.62e+00 1.67e+00) XE:1.67e-01 (1.17e+00 1.18e+00 | 6.84e-01 6.69e-01)	6.121931e+00 5.232337e+00 : 8.734052e-01
1708(1015) (1.32e+00 1.67e+00) XE:1.67e-01 (1.19e+00 1.18e+00 | 6.74e-01 6.69e-01)	6.121170e+00 5.232203e+00 : 8.733364e-01
1731(1008) (1.48e+00 1.67e+00) XE:1.67e-01 (1.20e+00 1.18e+00 | 6.46e-01 6.69e-01)	6.121248e+00 5.231917e+00 : 8.733204e-01
1755(1012) (1.31e+00 1.67e+00) XE:1.67e-01 (1.16e+00 1.18e+00 | 6.52e-01 6.69e-01)	6.121975e+00 5.231687e+00 : 8.733586e-01
1779(983) (1.88e+00 1.67e+00) XE:1.67e-01 (1.18e+00 1.18e+00 | 6.58e-01 6.69e-01)	6.120702e+00 5.230345e+00 : 8.731575e-01
1802(992) (1.43e+00 1.67e+00) XE:1.67e-01 (1.18e+00 1.18e+00 | 6.32e-01 6.69e-01)	6.120014e+00 5.229846e+00 : 8.730662e-01
1826(999) (1.63e+00 1.67e+00) XE:1.67e-01 (1.18e+00 1.18e+00 | 5.87e-01 6.69e-01)	6.119581e+00 5.229264e+00 : 8.729880e-01
1850(999) (1.35e+00 1.67e+00) XE:1.67e-01 (1.18e+00 1.18e+00 | 6.24e-01 6.69e-01)	6.119382e+00 5.229081e+00 : 8.729587e-01
1873(994) (2.03e+00 1.67e+00) XE:1.67e-01 (1.21e+00 1.18e+00 | 7.73e-01 6.69e-01)	6.118695e+00 5.228488e+00 : 8.728603e-01
1897(1012) (1.01e+00 1.67e+00) XE:1.67e-01 (1.15e+00 1.18e+00 | 6.54e-01 6.69e-01)	6.117945e+00 5.227156e+00 : 8.727000e-01
1921(995) (1.71e+00 1.67e+00) XE:1.67e-01 (1.17e+00 1.18e+00 | 6.58e-01 6.69e-01)	6.117325e+00 5.226627e+00 : 8.726117e-01
1944(1002) (1.80e+00 1.67e+00) XE:1.67e-01 (1.15e+00 1.18e+00 | 6.62e-01 6.69e-01)	6.117301e+00 5.227221e+00 : 8.726555e-01
1968(1003) (1.60e+00 1.67e+00) XE:1.67e-01 (1.17e+00 1.18e+00 | 6.54e-01 6.69e-01)	6.116126e+00 5.226550e+00 : 8.725135e-01
1992(984) (1.83e+00 1.67e+00) XE:1.67e-01 (1.16e+00 1.18e+00 | 6.32e-01 6.69e-01)	6.115424e+00 5.226305e+00 : 8.724407e-01
2015(997) (1.76e+00 1.67e+00) XE:1.67e-01 (1.20e+00 1.18e+00 | 7.53e-01 6.69e-01)	6.114565e+00 5.226387e+00 : 8.723809e-01
2039(1002) (1.48e+00 1.67e+00) XE:1.67e-01 (1.18e+00 1.18e+00 | 6.30e-01 6.69e-01)	6.113970e+00 5.226223e+00 : 8.723225e-01
2063(996) (1.82e+00 1.67e+00) XE:1.67e-01 (1.19e+00 1.18e+00 | 6.80e-01 6.69e-01)	6.113861e+00 5.226074e+00 : 8.723027e-01
2086(1007) (1.65e+00 1.67e+00) XE:1.67e-01 (1.17e+00 1.18e+00 | 6.90e-01 6.69e-01)	6.113774e+00 5.225104e+00 : 8.722214e-01
2110(993) (1.40e+00 1.67e+00) XE:1.67e-01 (1.16e+00 1.18e+00 | 6.09e-01 6.69e-01)	6.113701e+00 5.224912e+00 : 8.722010e-01
2134(999) (1.53e+00 1.67e+00) XE:1.67e-01 (1.17e+00 1.18e+00 | 6.72e-01 6.69e-01)	6.112813e+00 5.224301e+00 : 8.720857e-01
2157(986) (2.08e+00 1.67e+00) XE:1.67e-01 (1.17e+00 1.18e+00 | 6.62e-01 6.69e-01)	6.111646e+00 5.223198e+00 : 8.719111e-01
2181(993) (1.68e+00 1.67e+00) XE:1.67e-01 (1.15e+00 1.18e+00 | 6.26e-01 6.69e-01)	6.110927e+00 5.223254e+00 : 8.718601e-01
2205(996) (1.67e+00 1.67e+00) XE:1.67e-01 (1.16e+00 1.18e+00 | 6.82e-01 6.69e-01)	6.110554e+00 5.223083e+00 : 8.718183e-01
2228(992) (1.75e+00 1.67e+00) XE:1.67e-01 (1.17e+00 1.18e+00 | 6.48e-01 6.69e-01)	6.109491e+00 5.222813e+00 : 8.717157e-01
2252(1003) (1.40e+00 1.67e+00) XE:1.67e-01 (1.18e+00 1.18e+00 | 6.92e-01 6.69e-01)	6.108532e+00 5.222582e+00 : 8.716242e-01
2276(995) (1.40e+00 1.67e+00) XE:1.67e-01 (1.20e+00 1.18e+00 | 6.94e-01 6.69e-01)	6.108140e+00 5.221845e+00 : 8.715373e-01
2299(1012) (1.57e+00 1.67e+00) XE:1.67e-01 (1.18e+00 1.18e+00 | 6.52e-01 6.69e-01)	6.107747e+00 5.221894e+00 : 8.715109e-01
2323(990) (1.91e+00 1.67e+00) XE:1.67e-01 (1.17e+00 1.18e+00 | 6.64e-01 6.69e-01)	6.107008e+00 5.221280e+00 : 8.714068e-01
2347(994) (2.09e+00 1.67e+00) XE:1.67e-01 (1.16e+00 1.18e+00 | 6.90e-01 6.69e-01)	6.107185e+00 5.220663e+00 : 8.713729e-01
2370(1001) (1.80e+00 1.67e+00) XE:1.67e-01 (1.22e+00 1.18e+00 | 6.56e-01 6.69e-01)	6.107404e+00 5.220024e+00 : 8.713406e-01
2394(996) (1.91e+00 1.67e+00) XE:1.67e-01 (1.16e+00 1.18e+00 | 6.86e-01 6.69e-01)	6.106984e+00 5.219800e+00 : 8.712911e-01
2418(988) (2.28e+00 1.67e+00) XE:1.67e-01 (1.20e+00 1.18e+00 | 7.04e-01 6.69e-01)	6.106810e+00 5.220191e+00 : 8.713078e-01
2441(1002) (1.33e+00 1.67e+00) XE:1.67e-01 (1.19e+00 1.18e+00 | 7.25e-01 6.69e-01)	6.106711e+00 5.220391e+00 : 8.713155e-01
2465(1019) (1.72e+00 1.67e+00) XE:1.67e-01 (1.22e+00 1.18e+00 | 6.88e-01 6.69e-01)	6.106343e+00 5.220536e+00 : 8.712984e-01
2489(1002) (1.37e+00 1.67e+00) XE:1.67e-01 (1.19e+00 1.18e+00 | 7.18e-01 6.69e-01)	6.105813e+00 5.220015e+00 : 8.712175e-01
2512(991) (1.35e+00 1.67e+00) XE:1.67e-01 (1.17e+00 1.18e+00 | 6.76e-01 6.69e-01)	6.105499e+00 5.219499e+00 : 8.711537e-01
2536(1001) (1.66e+00 1.67e+00) XE:1.67e-01 (1.17e+00 1.18e+00 | 7.16e-01 6.69e-01)	6.104992e+00 5.218397e+00 : 8.710299e-01
2560(1004) (1.29e+00 1.67e+00) XE:1.67e-01 (1.17e+00 1.18e+00 | 6.30e-01 6.69e-01)	6.104936e+00 5.218258e+00 : 8.710149e-01
2583(1002) (1.77e+00 1.67e+00) XE:1.67e-01 (1.20e+00 1.18e+00 | 6.96e-01 6.69e-01)	6.104582e+00 5.217282e+00 : 8.709127e-01
2607(1011) (1.73e+00 1.67e+00) XE:1.67e-01 (1.18e+00 1.18e+00 | 6.76e-01 6.69e-01)	6.104037e+00 5.216795e+00 : 8.708332e-01
2630(1008) (1.22e+00 1.67e+00) XE:1.67e-01 (1.19e+00 1.18e+00 | 7.14e-01 6.69e-01)	6.103601e+00 5.217284e+00 : 8.708373e-01
2654(997) (1.83e+00 1.67e+00) XE:1.67e-01 (1.18e+00 1.18e+00 | 7.37e-01 6.69e-01)	6.103757e+00 5.217298e+00 : 8.708504e-01
2678(1002) (1.40e+00 1.67e+00) XE:1.67e-01 (1.18e+00 1.18e+00 | 6.20e-01 6.69e-01)	6.103328e+00 5.217011e+00 : 8.707953e-01
2701(1001) (1.96e+00 1.67e+00) XE:1.67e-01 (1.17e+00 1.18e+00 | 6.94e-01 6.69e-01)	6.103254e+00 5.216864e+00 : 8.707783e-01
2725(992) (1.78e+00 1.67e+00) XE:1.67e-01 (1.17e+00 1.18e+00 | 6.54e-01 6.69e-01)	6.103257e+00 5.216736e+00 : 8.707687e-01
2749(996) (2.26e+00 1.67e+00) XE:1.67e-01 (1.21e+00 1.18e+00 | 6.70e-01 6.69e-01)	6.102424e+00 5.216054e+00 : 8.706522e-01
2772(1006) (1.68e+00 1.67e+00) XE:1.67e-01 (1.17e+00 1.18e+00 | 6.48e-01 6.69e-01)	6.101850e+00 5.216370e+00 : 8.706323e-01
2796(996) (1.71e+00 1.67e+00) XE:1.67e-01 (1.19e+00 1.18e+00 | 6.68e-01 6.69e-01)	6.101541e+00 5.216766e+00 : 8.706390e-01
2820(1012) (1.78e+00 1.67e+00) XE:1.67e-01 (1.17e+00 1.18e+00 | 6.64e-01 6.69e-01)	6.100924e+00 5.216511e+00 : 8.705719e-01
2843(992) (1.38e+00 1.67e+00) XE:1.67e-01 (1.15e+00 1.18e+00 | 6.40e-01 6.69e-01)	6.100741e+00 5.216791e+00 : 8.705794e-01
2867(987) (2.19e+00 1.67e+00) XE:1.67e-01 (1.17e+00 1.18e+00 | 6.78e-01 6.69e-01)	6.100110e+00 5.216001e+00 : 8.704700e-01
2891(1011) (1.20e+00 1.67e+00) XE:1.67e-01 (1.19e+00 1.18e+00 | 6.94e-01 6.69e-01)	6.099643e+00 5.215711e+00 : 8.704118e-01
2914(1009) (1.49e+00 1.67e+00) XE:1.67e-01 (1.18e+00 1.18e+00 | 6.82e-01 6.69e-01)	6.099543e+00 5.215442e+00 : 8.703834e-01
2938(990) (1.56e+00 1.67e+00) XE:1.67e-01 (1.21e+00 1.18e+00 | 7.00e-01 6.69e-01)	6.099197e+00 5.214800e+00 : 8.703074e-01
2962(1011) (1.34e+00 1.67e+00) XE:1.67e-01 (1.20e+00 1.18e+00 | 6.56e-01 6.69e-01)	6.098727e+00 5.214397e+00 : 8.702403e-01
2985(990) (1.65e+00 1.67e+00) XE:1.67e-01 (1.19e+00 1.18e+00 | 6.82e-01 6.69e-01)	6.098719e+00 5.213922e+00 : 8.702032e-01
3009(1001) (1.40e+00 1.67e+00) XE:1.67e-01 (1.17e+00 1.18e+00 | 6.36e-01 6.69e-01)	6.097813e+00 5.213958e+00 : 8.701362e-01
3033(1000) (1.20e+00 1.67e+00) XE:1.67e-01 (1.16e+00 1.18e+00 | 6.84e-01 6.69e-01)	6.097234e+00 5.214012e+00 : 8.700958e-01
3056(997) (1.96e+00 1.67e+00) XE:1.67e-01 (1.19e+00 1.18e+00 | 6.40e-01 6.69e-01)	6.096884e+00 5.213464e+00 : 8.700268e-01
3080(996) (1.64e+00 1.67e+00) XE:1.67e-01 (1.17e+00 1.18e+00 | 6.32e-01 6.69e-01)	6.096940e+00 5.213520e+00 : 8.700354e-01
3104(995) (2.01e+00 1.67e+00) XE:1.67e-01 (1.17e+00 1.18e+00 | 7.08e-01 6.69e-01)	6.096647e+00 5.213146e+00 : 8.699841e-01
3127(990) (1.82e+00 1.67e+00) XE:1.67e-01 (1.16e+00 1.18e+00 | 6.92e-01 6.69e-01)	6.096276e+00 5.212473e+00 : 8.699038e-01
3151(1005) (1.40e+00 1.67e+00) XE:1.67e-01 (1.17e+00 1.18e+00 | 6.88e-01 6.69e-01)	6.095551e+00 5.212123e+00 : 8.698211e-01
3175(1001) (1.47e+00 1.67e+00) XE:1.67e-01 (1.19e+00 1.18e+00 | 7.47e-01 6.69e-01)	6.095022e+00 5.212267e+00 : 8.697915e-01
3198(994) (1.70e+00 1.67e+00) XE:1.67e-01 (1.20e+00 1.18e+00 | 6.68e-01 6.69e-01)	6.094549e+00 5.212404e+00 : 8.697657e-01
3222(990) (1.87e+00 1.67e+00) XE:1.67e-01 (1.19e+00 1.18e+00 | 6.60e-01 6.69e-01)	6.094820e+00 5.211759e+00 : 8.697368e-01
3246(1009) (1.93e+00 1.67e+00) XE:1.67e-01 (1.17e+00 1.18e+00 | 6.84e-01 6.69e-01)	6.094502e+00 5.211778e+00 : 8.697138e-01
3269(1008) (1.67e+00 1.67e+00) XE:1.67e-01 (1.18e+00 1.18e+00 | 6.32e-01 6.69e-01)	6.094352e+00 5.211966e+00 : 8.697167e-01
3293(1001) (1.83e+00 1.67e+00) XE:1.67e-01 (1.21e+00 1.18e+00 | 7.55e-01 6.69e-01)	6.094147e+00 5.211588e+00 : 8.696719e-01
3317(994) (2.17e+00 1.67e+00) XE:1.67e-01 (1.20e+00 1.18e+00 | 7.06e-01 6.69e-01)	6.093166e+00 5.211440e+00 : 8.695851e-01
3340(992) (1.90e+00 1.67e+00) XE:1.67e-01 (1.21e+00 1.18e+00 | 6.54e-01 6.69e-01)	6.092985e+00 5.211430e+00 : 8.695704e-01
3364(1005) (1.43e+00 1.67e+00) XE:1.67e-01 (1.18e+00 1.18e+00 | 6.07e-01 6.69e-01)	6.092986e+00 5.211305e+00 : 8.695608e-01
3388(996) (1.63e+00 1.67e+00) XE:1.67e-01 (1.16e+00 1.18e+00 | 6.32e-01 6.69e-01)	6.092154e+00 5.211041e+00 : 8.694766e-01
3411(1004) (1.57e+00 1.67e+00) XE:1.67e-01 (1.20e+00 1.18e+00 | 7.14e-01 6.69e-01)	6.092459e+00 5.211111e+00 : 8.695054e-01
3435(1005) (1.53e+00 1.67e+00) XE:1.67e-01 (1.18e+00 1.18e+00 | 5.93e-01 6.69e-01)	6.092292e+00 5.210599e+00 : 8.694531e-01
3459(1010) (1.74e+00 1.67e+00) XE:1.67e-01 (1.18e+00 1.18e+00 | 6.16e-01 6.69e-01)	6.091651e+00 5.210235e+00 : 8.693759e-01
3482(1001) (1.35e+00 1.67e+00) XE:1.67e-01 (1.18e+00 1.18e+00 | 7.00e-01 6.69e-01)	6.091768e+00 5.210364e+00 : 8.693948e-01
3506(1007) (1.57e+00 1.67e+00) XE:1.67e-01 (1.18e+00 1.18e+00 | 7.08e-01 6.69e-01)	6.091020e+00 5.209844e+00 : 8.692972e-01
3529(1017) (1.14e+00 1.67e+00) XE:1.67e-01 (1.18e+00 1.18e+00 | 6.82e-01 6.69e-01)	6.090860e+00 5.209650e+00 : 8.692700e-01
3553(1011) (1.34e+00 1.67e+00) XE:1.67e-01 (1.18e+00 1.18e+00 | 6.64e-01 6.69e-01)	6.090893e+00 5.209476e+00 : 8.692591e-01
3577(991) (1.81e+00 1.67e+00) XE:1.67e-01 (1.18e+00 1.18e+00 | 6.40e-01 6.69e-01)	6.090013e+00 5.209123e+00 : 8.691643e-01
3600(995) (1.40e+00 1.67e+00) XE:1.67e-01 (1.16e+00 1.18e+00 | 6.12e-01 6.69e-01)	6.089353e+00 5.208950e+00 : 8.691002e-01
3624(1009) (1.83e+00 1.67e+00) XE:1.67e-01 (1.17e+00 1.18e+00 | 6.66e-01 6.69e-01)	6.089428e+00 5.209067e+00 : 8.691150e-01
3648(1011) (1.50e+00 1.67e+00) XE:1.67e-01 (1.16e+00 1.18e+00 | 6.36e-01 6.69e-01)	6.089156e+00 5.208822e+00 : 8.690752e-01
3671(1000) (1.61e+00 1.67e+00) XE:1.67e-01 (1.19e+00 1.18e+00 | 7.39e-01 6.69e-01)	6.088843e+00 5.208817e+00 : 8.690508e-01
3695(1002) (1.58e+00 1.67e+00) XE:1.67e-01 (1.18e+00 1.18e+00 | 7.16e-01 6.69e-01)	6.088882e+00 5.208715e+00 : 8.690459e-01
3719(999) (1.76e+00 1.67e+00) XE:1.67e-01 (1.16e+00 1.18e+00 | 5.75e-01 6.69e-01)	6.089120e+00 5.208533e+00 : 8.690502e-01
3742(1010) (1.42e+00 1.67e+00) XE:1.67e-01 (1.19e+00 1.18e+00 | 6.78e-01 6.69e-01)	6.089130e+00 5.208175e+00 : 8.690235e-01
3766(999) (1.50e+00 1.67e+00) XE:1.67e-01 (1.20e+00 1.18e+00 | 6.96e-01 6.69e-01)	6.088988e+00 5.208062e+00 : 8.690038e-01
3789(1009) (1.68e+00 1.67e+00) XE:1.67e-01 (1.16e+00 1.18e+00 | 6.36e-01 6.69e-01)	6.088801e+00 5.207723e+00 : 8.689634e-01
3813(1007) (1.47e+00 1.67e+00) XE:1.67e-01 (1.19e+00 1.18e+00 | 6.14e-01 6.69e-01)	6.088566e+00 5.207714e+00 : 8.689446e-01
3837(993) (1.78e+00 1.67e+00) XE:1.67e-01 (1.19e+00 1.18e+00 | 7.06e-01 6.69e-01)	6.088175e+00 5.207618e+00 : 8.689072e-01
3860(1005) (1.60e+00 1.67e+00) XE:1.67e-01 (1.19e+00 1.18e+00 | 6.12e-01 6.69e-01)	6.087935e+00 5.207497e+00 : 8.688794e-01
3884(995) (1.82e+00 1.67e+00) XE:1.67e-01 (1.16e+00 1.18e+00 | 6.44e-01 6.69e-01)	6.087580e+00 5.207225e+00 : 8.688312e-01
3908(1005) (1.73e+00 1.67e+00) XE:1.67e-01 (1.17e+00 1.18e+00 | 6.52e-01 6.69e-01)	6.087493e+00 5.207180e+00 : 8.688210e-01
3931(1007) (1.81e+00 1.67e+00) XE:1.67e-01 (1.20e+00 1.18e+00 | 7.45e-01 6.69e-01)	6.087059e+00 5.206956e+00 : 8.687704e-01
3955(996) (1.43e+00 1.67e+00) XE:1.67e-01 (1.17e+00 1.18e+00 | 6.74e-01 6.69e-01)	6.087108e+00 5.207183e+00 : 8.687916e-01
3979(990) (1.48e+00 1.67e+00) XE:1.67e-01 (1.20e+00 1.18e+00 | 6.66e-01 6.69e-01)	6.086906e+00 5.206801e+00 : 8.687467e-01
4002(1008) (1.39e+00 1.67e+00) XE:1.67e-01 (1.19e+00 1.18e+00 | 7.69e-01 6.69e-01)	6.087263e+00 5.206618e+00 : 8.687601e-01
4026(994) (1.40e+00 1.67e+00) XE:1.67e-01 (1.17e+00 1.18e+00 | 6.80e-01 6.69e-01)	6.087075e+00 5.206214e+00 : 8.687146e-01
4050(1005) (1.43e+00 1.67e+00) XE:1.67e-01 (1.21e+00 1.18e+00 | 7.10e-01 6.69e-01)	6.086889e+00 5.206185e+00 : 8.686980e-01
4073(994) (1.62e+00 1.67e+00) XE:1.67e-01 (1.17e+00 1.18e+00 | 7.39e-01 6.69e-01)	6.086706e+00 5.206283e+00 : 8.686915e-01
4097(992) (1.36e+00 1.67e+00) XE:1.67e-01 (1.18e+00 1.18e+00 | 7.39e-01 6.69e-01)	6.086325e+00 5.206058e+00 : 8.686448e-01
4121(997) (1.25e+00 1.67e+00) XE:1.67e-01 (1.16e+00 1.18e+00 | 6.82e-01 6.69e-01)	6.085902e+00 5.205711e+00 : 8.685856e-01
4144(999) (1.40e+00 1.67e+00) XE:1.67e-01 (1.17e+00 1.18e+00 | 6.88e-01 6.69e-01)	6.085430e+00 5.205582e+00 : 8.685394e-01
4168(1000) (1.16e+00 1.67e+00) XE:1.67e-01 (1.19e+00 1.18e+00 | 7.00e-01 6.69e-01)	6.085337e+00 5.205302e+00 : 8.685107e-01
4192(999) (1.98e+00 1.67e+00) XE:1.67e-01 (1.17e+00 1.18e+00 | 6.52e-01 6.69e-01)	6.085521e+00 5.204956e+00 : 8.684982e-01
4215(991) (1.57e+00 1.67e+00) XE:1.67e-01 (1.19e+00 1.18e+00 | 6.58e-01 6.69e-01)	6.085479e+00 5.204783e+00 : 8.684817e-01
4239(998) (1.54e+00 1.67e+00) XE:1.67e-01 (1.16e+00 1.18e+00 | 5.85e-01 6.69e-01)	6.085418e+00 5.204925e+00 : 8.684879e-01
4263(994) (1.43e+00 1.67e+00) XE:1.67e-01 (1.17e+00 1.18e+00 | 6.56e-01 6.69e-01)	6.085431e+00 5.204712e+00 : 8.684725e-01
4286(1002) (1.33e+00 1.67e+00) XE:1.67e-01 (1.18e+00 1.18e+00 | 6.34e-01 6.69e-01)	6.085643e+00 5.204751e+00 : 8.684918e-01
4310(984) (1.84e+00 1.67e+00) XE:1.67e-01 (1.18e+00 1.18e+00 | 7.20e-01 6.69e-01)	6.085147e+00 5.204480e+00 : 8.684329e-01
4334(1001) (1.49e+00 1.67e+00) XE:1.67e-01 (1.21e+00 1.18e+00 | 6.68e-01 6.69e-01)	6.085421e+00 5.204385e+00 : 8.684466e-01
4357(1004) (1.54e+00 1.67e+00) XE:1.67e-01 (1.17e+00 1.18e+00 | 6.92e-01 6.69e-01)	6.085523e+00 5.204164e+00 : 8.684375e-01
4381(1000) (2.05e+00 1.67e+00) XE:1.67e-01 (1.18e+00 1.18e+00 | 6.98e-01 6.69e-01)	6.085330e+00 5.203656e+00 : 8.683835e-01
4405(1010) (1.31e+00 1.67e+00) XE:1.67e-01 (1.20e+00 1.18e+00 | 7.14e-01 6.69e-01)	6.085536e+00 5.204019e+00 : 8.684273e-01
4428(995) (1.25e+00 1.67e+00) XE:1.67e-01 (1.17e+00 1.18e+00 | 7.35e-01 6.69e-01)	6.085191e+00 5.203580e+00 : 8.683670e-01
4452(998) (1.66e+00 1.67e+00) XE:1.67e-01 (1.17e+00 1.18e+00 | 6.50e-01 6.69e-01)	6.085156e+00 5.203555e+00 : 8.683624e-01
4476(990) (1.88e+00 1.67e+00) XE:1.67e-01 (1.18e+00 1.18e+00 | 6.70e-01 6.69e-01)	6.084883e+00 5.203403e+00 : 8.683297e-01
4499(998) (1.80e+00 1.67e+00) XE:1.67e-01 (1.17e+00 1.18e+00 | 6.98e-01 6.69e-01)	6.084917e+00 5.202973e+00 : 8.682993e-01
4523(992) (2.01e+00 1.67e+00) XE:1.67e-01 (1.19e+00 1.18e+00 | 6.98e-01 6.69e-01)	6.084219e+00 5.202796e+00 : 8.682319e-01
4547(1000) (1.57e+00 1.67e+00) XE:1.67e-01 (1.20e+00 1.18e+00 | 6.56e-01 6.69e-01)	6.084280e+00 5.202774e+00 : 8.682349e-01
4570(997) (1.90e+00 1.67e+00) XE:1.67e-01 (1.17e+00 1.18e+00 | 6.78e-01 6.69e-01)	6.083986e+00 5.202664e+00 : 8.682039e-01
4594(1001) (1.97e+00 1.67e+00) XE:1.67e-01 (1.15e+00 1.18e+00 | 6.48e-01 6.69e-01)	6.083482e+00 5.202515e+00 : 8.681537e-01
4618(1002) (1.11e+00 1.67e+00) XE:1.67e-01 (1.18e+00 1.18e+00 | 6.84e-01 6.69e-01)	6.083224e+00 5.202746e+00 : 8.681515e-01
4641(998) (1.87e+00 1.67e+00) XE:1.67e-01 (1.14e+00 1.18e+00 | 6.01e-01 6.69e-01)	6.083233e+00 5.202783e+00 : 8.681551e-01
4665(1007) (1.54e+00 1.67e+00) XE:1.67e-01 (1.17e+00 1.18e+00 | 6.72e-01 6.69e-01)	6.083136e+00 5.202704e+00 : 8.681415e-01
4689(996) (1.44e+00 1.67e+00) XE:1.67e-01 (1.20e+00 1.18e+00 | 7.23e-01 6.69e-01)	6.082979e+00 5.202710e+00 : 8.681300e-01
4712(1013) (1.60e+00 1.67e+00) XE:1.67e-01 (1.17e+00 1.18e+00 | 7.20e-01 6.69e-01)	6.082651e+00 5.202314e+00 : 8.680742e-01
4736(1002) (1.60e+00 1.67e+00) XE:1.67e-01 (1.18e+00 1.18e+00 | 6.74e-01 6.69e-01)	6.082056e+00 5.202143e+00 : 8.680153e-01
4760(1008) (2.17e+00 1.67e+00) XE:1.67e-01 (1.18e+00 1.18e+00 | 6.74e-01 6.69e-01)	6.082060e+00 5.202158e+00 : 8.680167e-01
4783(995) (1.75e+00 1.67e+00) XE:1.67e-01 (1.20e+00 1.18e+00 | 6.68e-01 6.69e-01)	6.081597e+00 5.202101e+00 : 8.679768e-01
4807(1007) (1.64e+00 1.67e+00) XE:1.67e-01 (1.18e+00 1.18e+00 | 6.48e-01 6.69e-01)	6.081741e+00 5.202297e+00 : 8.680029e-01
4831(989) (1.28e+00 1.67e+00) XE:1.67e-01 (1.16e+00 1.18e+00 | 6.52e-01 6.69e-01)	6.081533e+00 5.202232e+00 : 8.679820e-01
4854(1008) (1.71e+00 1.67e+00) XE:1.67e-01 (1.19e+00 1.18e+00 | 6.70e-01 6.69e-01)	6.081235e+00 5.201907e+00 : 8.679340e-01
4878(1009) (1.46e+00 1.67e+00) XE:1.67e-01 (1.17e+00 1.18e+00 | 7.20e-01 6.69e-01)	6.081028e+00 5.201719e+00 : 8.679036e-01
4902(1005) (1.92e+00 1.67e+00) XE:1.67e-01 (1.18e+00 1.18e+00 | 6.42e-01 6.69e-01)	6.080763e+00 5.201448e+00 : 8.678624e-01
4925(1016) (1.51e+00 1.67e+00) XE:1.67e-01 (1.18e+00 1.18e+00 | 6.54e-01 6.69e-01)	6.080226e+00 5.201333e+00 : 8.678122e-01
4949(1004) (1.61e+00 1.67e+00) XE:1.67e-01 (1.19e+00 1.18e+00 | 7.18e-01 6.69e-01)	6.079975e+00 5.201479e+00 : 8.678041e-01
4973(1000) (1.75e+00 1.67e+00) XE:1.67e-01 (1.18e+00 1.18e+00 | 7.33e-01 6.69e-01)	6.079637e+00 5.201345e+00 : 8.677679e-01
4996(998) (1.67e+00 1.67e+00) XE:1.67e-01 (1.18e+00 1.18e+00 | 6.90e-01 6.69e-01)	6.079541e+00 5.201388e+00 : 8.677637e-01
5020(990) (1.90e+00 1.67e+00) XE:1.67e-01 (1.16e+00 1.18e+00 | 6.76e-01 6.69e-01)	6.079689e+00 5.201334e+00 : 8.677710e-01
5044(992) (1.69e+00 1.67e+00) XE:1.67e-01 (1.16e+00 1.18e+00 | 7.33e-01 6.69e-01)	6.079409e+00 5.201199e+00 : 8.677390e-01
5067(993) (1.53e+00 1.67e+00) XE:1.67e-01 (1.17e+00 1.18e+00 | 6.18e-01 6.69e-01)	6.079477e+00 5.201031e+00 : 8.677314e-01
5091(1007) (1.68e+00 1.67e+00) XE:1.67e-01 (1.20e+00 1.18e+00 | 7.37e-01 6.69e-01)	6.079409e+00 5.201096e+00 : 8.677312e-01
5115(1007) (1.45e+00 1.67e+00) XE:1.67e-01 (1.16e+00 1.18e+00 | 6.38e-01 6.69e-01)	6.079136e+00 5.201168e+00 : 8.677157e-01
5138(1001) (1.47e+00 1.67e+00) XE:1.67e-01 (1.13e+00 1.18e+00 | 6.24e-01 6.69e-01)	6.078917e+00 5.200914e+00 : 8.676794e-01
5162(990) (1.75e+00 1.67e+00) XE:1.67e-01 (1.18e+00 1.18e+00 | 7.20e-01 6.69e-01)	6.078773e+00 5.201256e+00 : 8.676946e-01
5186(1006) (1.75e+00 1.67e+00) XE:1.67e-01 (1.18e+00 1.18e+00 | 6.94e-01 6.69e-01)	6.078690e+00 5.201334e+00 : 8.676941e-01
5209(997) (1.69e+00 1.67e+00) XE:1.67e-01 (1.19e+00 1.18e+00 | 6.38e-01 6.69e-01)	6.078313e+00 5.201020e+00 : 8.676410e-01
5233(996) (1.46e+00 1.67e+00) XE:1.67e-01 (1.21e+00 1.18e+00 | 6.98e-01 6.69e-01)	6.078299e+00 5.200960e+00 : 8.676353e-01
5257(1001) (1.61e+00 1.67e+00) XE:1.67e-01 (1.19e+00 1.18e+00 | 6.52e-01 6.69e-01)	6.078268e+00 5.200811e+00 : 8.676215e-01
5280(992) (1.64e+00 1.67e+00) XE:1.67e-01 (1.19e+00 1.18e+00 | 6.30e-01 6.69e-01)	6.077920e+00 5.200833e+00 : 8.675964e-01
5304(991) (2.11e+00 1.67e+00) XE:1.67e-01 (1.19e+00 1.18e+00 | 6.80e-01 6.69e-01)	6.077908e+00 5.200765e+00 : 8.675902e-01
5327(1015) (1.76e+00 1.67e+00) XE:1.67e-01 (1.20e+00 1.18e+00 | 6.78e-01 6.69e-01)	6.077919e+00 5.200809e+00 : 8.675944e-01
5351(997) (1.84e+00 1.67e+00) XE:1.67e-01 (1.18e+00 1.18e+00 | 6.07e-01 6.69e-01)	6.077701e+00 5.200656e+00 : 8.675660e-01
5375(989) (1.73e+00 1.67e+00) XE:1.67e-01 (1.21e+00 1.18e+00 | 7.37e-01 6.69e-01)	6.077485e+00 5.200307e+00 : 8.675225e-01
5398(1008) (1.59e+00 1.67e+00) XE:1.67e-01 (1.18e+00 1.18e+00 | 7.23e-01 6.69e-01)	6.077780e+00 5.200201e+00 : 8.675371e-01
5422(1000) (1.54e+00 1.67e+00) XE:1.67e-01 (1.17e+00 1.18e+00 | 5.85e-01 6.69e-01)	6.078005e+00 5.200171e+00 : 8.675520e-01
5446(999) (1.11e+00 1.67e+00) XE:1.67e-01 (1.17e+00 1.18e+00 | 7.16e-01 6.69e-01)	6.077715e+00 5.200063e+00 : 8.675214e-01
5469(998) (1.78e+00 1.67e+00) XE:1.67e-01 (1.18e+00 1.18e+00 | 6.66e-01 6.69e-01)	6.077334e+00 5.200015e+00 : 8.674884e-01
5493(999) (1.74e+00 1.67e+00) XE:1.67e-01 (1.18e+00 1.18e+00 | 6.90e-01 6.69e-01)	6.076938e+00 5.200001e+00 : 8.674569e-01
5517(1009) (1.74e+00 1.67e+00) XE:1.67e-01 (1.18e+00 1.18e+00 | 7.43e-01 6.69e-01)	6.077148e+00 5.199891e+00 : 8.674646e-01
5540(1003) (1.32e+00 1.67e+00) XE:1.67e-01 (1.19e+00 1.18e+00 | 6.68e-01 6.69e-01)	6.076986e+00 5.199882e+00 : 8.674514e-01
5564(988) (1.86e+00 1.67e+00) XE:1.67e-01 (1.16e+00 1.18e+00 | 6.36e-01 6.69e-01)	6.077090e+00 5.199957e+00 : 8.674652e-01
5588(1000) (1.64e+00 1.67e+00) XE:1.67e-01 (1.17e+00 1.18e+00 | 6.82e-01 6.69e-01)	6.077093e+00 5.200003e+00 : 8.674690e-01
5611(1017) (1.68e+00 1.67e+00) XE:1.67e-01 (1.18e+00 1.18e+00 | 6.40e-01 6.69e-01)	6.077027e+00 5.200044e+00 : 8.674670e-01
5635(994) (1.69e+00 1.67e+00) XE:1.67e-01 (1.20e+00 1.18e+00 | 6.68e-01 6.69e-01)	6.077035e+00 5.200032e+00 : 8.674667e-01
5659(1007) (1.76e+00 1.67e+00) XE:1.67e-01 (1.17e+00 1.18e+00 | 6.40e-01 6.69e-01)	6.077175e+00 5.199849e+00 : 8.674634e-01
5682(997) (1.78e+00 1.67e+00) XE:1.67e-01 (1.17e+00 1.18e+00 | 7.04e-01 6.69e-01)	6.077139e+00 5.199874e+00 : 8.674625e-01
5706(1003) (1.50e+00 1.67e+00) XE:1.67e-01 (1.19e+00 1.18e+00 | 7.20e-01 6.69e-01)	6.077505e+00 5.199602e+00 : 8.674698e-01
5729(1016) (1.18e+00 1.67e+00) XE:1.67e-01 (1.16e+00 1.18e+00 | 7.23e-01 6.69e-01)	6.077808e+00 5.199824e+00 : 8.675101e-01
5753(991) (1.64e+00 1.67e+00) XE:1.67e-01 (1.15e+00 1.18e+00 | 6.88e-01 6.69e-01)	6.077821e+00 5.199794e+00 : 8.675089e-01
5777(1015) (1.22e+00 1.67e+00) XE:1.67e-01 (1.17e+00 1.18e+00 | 6.72e-01 6.69e-01)	6.077580e+00 5.199777e+00 : 8.674890e-01
5800(988) (1.47e+00 1.67e+00) XE:1.67e-01 (1.16e+00 1.18e+00 | 6.46e-01 6.69e-01)	6.077486e+00 5.199853e+00 : 8.674876e-01
5824(1004) (1.38e+00 1.66e+00) XE:1.66e-01 (1.18e+00 1.18e+00 | 7.23e-01 6.69e-01)	6.077400e+00 5.199864e+00 : 8.674818e-01
5848(1004) (2.03e+00 1.66e+00) XE:1.66e-01 (1.19e+00 1.18e+00 | 5.71e-01 6.69e-01)	6.077569e+00 5.199481e+00 : 8.674654e-01
5871(996) (1.79e+00 1.67e+00) XE:1.67e-01 (1.19e+00 1.18e+00 | 6.76e-01 6.69e-01)	6.077043e+00 5.199291e+00 : 8.674104e-01
5895(993) (1.66e+00 1.67e+00) XE:1.67e-01 (1.17e+00 1.18e+00 | 5.71e-01 6.69e-01)	6.076909e+00 5.199299e+00 : 8.674006e-01
5919(1003) (1.83e+00 1.67e+00) XE:1.67e-01 (1.17e+00 1.18e+00 | 6.70e-01 6.69e-01)	6.076703e+00 5.199277e+00 : 8.673831e-01
5942(999) (1.46e+00 1.67e+00) XE:1.67e-01 (1.17e+00 1.18e+00 | 6.32e-01 6.69e-01)	6.076708e+00 5.199200e+00 : 8.673776e-01
5966(1013) (1.23e+00 1.67e+00) XE:1.67e-01 (1.19e+00 1.18e+00 | 6.50e-01 6.69e-01)	6.076449e+00 5.199132e+00 : 8.673524e-01
5990(1000) (1.75e+00 1.67e+00) XE:1.67e-01 (1.20e+00 1.18e+00 | 7.16e-01 6.69e-01)	6.076110e+00 5.199049e+00 : 8.673200e-01
6013(1002) (1.90e+00 1.67e+00) XE:1.67e-01 (1.17e+00 1.18e+00 | 6.30e-01 6.69e-01)	6.076006e+00 5.198990e+00 : 8.673074e-01
6037(1004) (2.02e+00 1.67e+00) XE:1.67e-01 (1.15e+00 1.18e+00 | 6.76e-01 6.69e-01)	6.075953e+00 5.198881e+00 : 8.672949e-01
6061(1007) (1.55e+00 1.67e+00) XE:1.67e-01 (1.19e+00 1.18e+00 | 6.64e-01 6.69e-01)	6.075936e+00 5.198873e+00 : 8.672930e-01
6084(994) (1.71e+00 1.67e+00) XE:1.67e-01 (1.17e+00 1.18e+00 | 6.68e-01 6.69e-01)	6.075805e+00 5.198845e+00 : 8.672808e-01
6108(1009) (1.60e+00 1.67e+00) XE:1.67e-01 (1.17e+00 1.18e+00 | 6.46e-01 6.69e-01)	6.075834e+00 5.198844e+00 : 8.672829e-01
6132(990) (1.46e+00 1.67e+00) XE:1.67e-01 (1.18e+00 1.18e+00 | 7.06e-01 6.69e-01)	6.075796e+00 5.198915e+00 : 8.672855e-01
6155(991) (1.91e+00 1.67e+00) XE:1.67e-01 (1.17e+00 1.18e+00 | 5.87e-01 6.69e-01)	6.075728e+00 5.198453e+00 : 8.672447e-01
6179(994) (2.04e+00 1.67e+00) XE:1.67e-01 (1.19e+00 1.18e+00 | 6.82e-01 6.69e-01)	6.075539e+00 5.198229e+00 : 8.672129e-01
6203(989) (1.95e+00 1.67e+00) XE:1.67e-01 (1.14e+00 1.18e+00 | 6.24e-01 6.69e-01)	6.075238e+00 5.198008e+00 : 8.671727e-01
6226(1002) (1.78e+00 1.67e+00) XE:1.67e-01 (1.17e+00 1.18e+00 | 6.62e-01 6.69e-01)	6.075064e+00 5.197787e+00 : 8.671424e-01
6250(1003) (1.21e+00 1.67e+00) XE:1.67e-01 (1.17e+00 1.18e+00 | 6.54e-01 6.69e-01)	6.074815e+00 5.197575e+00 : 8.671069e-01
6274(998) (1.60e+00 1.67e+00) XE:1.67e-01 (1.16e+00 1.18e+00 | 7.04e-01 6.69e-01)	6.074644e+00 5.197514e+00 : 8.670891e-01
6297(1005) (1.63e+00 1.67e+00) XE:1.67e-01 (1.15e+00 1.18e+00 | 6.22e-01 6.69e-01)	6.074684e+00 5.197500e+00 : 8.670911e-01
6321(1002) (1.76e+00 1.67e+00) XE:1.67e-01 (1.17e+00 1.18e+00 | 6.94e-01 6.69e-01)	6.074929e+00 5.197557e+00 : 8.671143e-01
6345(995) (1.76e+00 1.67e+00) XE:1.67e-01 (1.17e+00 1.18e+00 | 6.38e-01 6.69e-01)	6.074821e+00 5.197447e+00 : 8.670976e-01
6368(998) (1.99e+00 1.67e+00) XE:1.67e-01 (1.16e+00 1.18e+00 | 7.08e-01 6.69e-01)	6.074492e+00 5.197211e+00 : 8.670541e-01
6392(999) (1.85e+00 1.67e+00) XE:1.67e-01 (1.16e+00 1.18e+00 | 6.62e-01 6.69e-01)	6.074539e+00 5.197007e+00 : 8.670420e-01
6416(1004) (1.64e+00 1.67e+00) XE:1.67e-01 (1.19e+00 1.18e+00 | 7.08e-01 6.69e-01)	6.074757e+00 5.197038e+00 : 8.670612e-01
6439(1015) (2.34e+00 1.67e+00) XE:1.67e-01 (1.19e+00 1.18e+00 | 6.54e-01 6.69e-01)	6.074518e+00 5.196842e+00 : 8.670277e-01
6463(991) (1.83e+00 1.67e+00) XE:1.67e-01 (1.21e+00 1.18e+00 | 6.66e-01 6.69e-01)	6.074531e+00 5.197044e+00 : 8.670442e-01
6486(996) (1.65e+00 1.67e+00) XE:1.67e-01 (1.19e+00 1.18e+00 | 6.78e-01 6.69e-01)	6.074154e+00 5.196893e+00 : 8.670036e-01
6510(1009) (1.66e+00 1.67e+00) XE:1.67e-01 (1.18e+00 1.18e+00 | 6.52e-01 6.69e-01)	6.074158e+00 5.196651e+00 : 8.669853e-01
6534(1002) (1.98e+00 1.67e+00) XE:1.67e-01 (1.19e+00 1.18e+00 | 7.08e-01 6.69e-01)	6.073924e+00 5.196451e+00 : 8.669519e-01
6557(1002) (2.06e+00 1.67e+00) XE:1.67e-01 (1.19e+00 1.18e+00 | 6.56e-01 6.69e-01)	6.073924e+00 5.196198e+00 : 8.669325e-01
6581(992) (1.83e+00 1.67e+00) XE:1.67e-01 (1.20e+00 1.18e+00 | 7.23e-01 6.69e-01)	6.073788e+00 5.196256e+00 : 8.669264e-01
6605(986) (1.79e+00 1.67e+00) XE:1.67e-01 (1.18e+00 1.18e+00 | 6.60e-01 6.69e-01)	6.073679e+00 5.196094e+00 : 8.669056e-01
6628(1004) (1.45e+00 1.67e+00) XE:1.67e-01 (1.16e+00 1.18e+00 | 6.60e-01 6.69e-01)	6.073522e+00 5.196084e+00 : 8.668928e-01
6652(999) (1.54e+00 1.67e+00) XE:1.67e-01 (1.19e+00 1.18e+00 | 7.25e-01 6.69e-01)	6.073543e+00 5.196092e+00 : 8.668950e-01
6676(998) (2.07e+00 1.67e+00) XE:1.67e-01 (1.18e+00 1.18e+00 | 6.76e-01 6.69e-01)	6.073642e+00 5.196115e+00 : 8.669044e-01
6699(1009) (1.68e+00 1.67e+00) XE:1.67e-01 (1.17e+00 1.18e+00 | 6.16e-01 6.69e-01)	6.073435e+00 5.195960e+00 : 8.668765e-01
6723(995) (1.47e+00 1.67e+00) XE:1.67e-01 (1.17e+00 1.18e+00 | 6.92e-01 6.69e-01)	6.073663e+00 5.195944e+00 : 8.668929e-01
6747(1004) (1.73e+00 1.67e+00) XE:1.67e-01 (1.15e+00 1.18e+00 | 6.72e-01 6.69e-01)	6.073644e+00 5.195881e+00 : 8.668865e-01
6770(990) (2.00e+00 1.67e+00) XE:1.67e-01 (1.16e+00 1.18e+00 | 7.23e-01 6.69e-01)	6.073456e+00 5.195983e+00 : 8.668799e-01
6794(1003) (1.75e+00 1.67e+00) XE:1.67e-01 (1.18e+00 1.18e+00 | 7.45e-01 6.69e-01)	6.073350e+00 5.195785e+00 : 8.668566e-01
6818(989) (1.62e+00 1.67e+00) XE:1.67e-01 (1.18e+00 1.18e+00 | 6.86e-01 6.69e-01)	6.073417e+00 5.195732e+00 : 8.668576e-01
6841(1000) (1.61e+00 1.67e+00) XE:1.67e-01 (1.19e+00 1.18e+00 | 6.64e-01 6.69e-01)	6.073343e+00 5.195609e+00 : 8.668425e-01
6865(997) (1.57e+00 1.67e+00) XE:1.67e-01 (1.18e+00 1.18e+00 | 7.16e-01 6.69e-01)	6.073059e+00 5.195862e+00 : 8.668401e-01
6889(991) (1.43e+00 1.67e+00) XE:1.67e-01 (1.17e+00 1.18e+00 | 6.64e-01 6.69e-01)	6.072715e+00 5.195717e+00 : 8.668024e-01
6912(990) (1.78e+00 1.67e+00) XE:1.67e-01 (1.17e+00 1.18e+00 | 6.78e-01 6.69e-01)	6.072616e+00 5.195561e+00 : 8.667829e-01
6936(1006) (1.57e+00 1.67e+00) XE:1.67e-01 (1.17e+00 1.18e+00 | 7.04e-01 6.69e-01)	6.072603e+00 5.195751e+00 : 8.667965e-01
6960(1002) (1.78e+00 1.67e+00) XE:1.67e-01 (1.17e+00 1.18e+00 | 5.97e-01 6.69e-01)	6.072468e+00 5.195736e+00 : 8.667849e-01
6983(990) (2.06e+00 1.67e+00) XE:1.67e-01 (1.18e+00 1.18e+00 | 7.00e-01 6.69e-01)	6.072386e+00 5.195752e+00 : 8.667799e-01
7007(989) (1.61e+00 1.67e+00) XE:1.67e-01 (1.20e+00 1.18e+00 | 7.10e-01 6.69e-01)	6.072318e+00 5.195659e+00 : 8.667675e-01
7031(1002) (1.75e+00 1.67e+00) XE:1.67e-01 (1.18e+00 1.18e+00 | 7.16e-01 6.69e-01)	6.072098e+00 5.195760e+00 : 8.667583e-01
7054(994) (1.86e+00 1.67e+00) XE:1.67e-01 (1.19e+00 1.18e+00 | 6.96e-01 6.69e-01)	6.071641e+00 5.195594e+00 : 8.667104e-01
7078(994) (1.57e+00 1.67e+00) XE:1.67e-01 (1.19e+00 1.18e+00 | 7.23e-01 6.69e-01)	6.071464e+00 5.195408e+00 : 8.666825e-01
7102(996) (1.56e+00 1.67e+00) XE:1.67e-01 (1.19e+00 1.18e+00 | 6.52e-01 6.69e-01)	6.071249e+00 5.195435e+00 : 8.666679e-01
7125(1008) (1.43e+00 1.67e+00) XE:1.67e-01 (1.16e+00 1.18e+00 | 6.52e-01 6.69e-01)	6.071033e+00 5.195557e+00 : 8.666607e-01
7149(998) (1.63e+00 1.67e+00) XE:1.67e-01 (1.19e+00 1.18e+00 | 6.24e-01 6.69e-01)	6.071003e+00 5.195619e+00 : 8.666632e-01
7173(1000) (1.64e+00 1.66e+00) XE:1.66e-01 (1.20e+00 1.18e+00 | 6.90e-01 6.69e-01)	6.071006e+00 5.195715e+00 : 8.666709e-01
7196(1003) (1.66e+00 1.66e+00) XE:1.66e-01 (1.17e+00 1.18e+00 | 7.39e-01 6.69e-01)	6.071125e+00 5.195590e+00 : 8.666704e-01
7220(1002) (1.24e+00 1.66e+00) XE:1.66e-01 (1.19e+00 1.18e+00 | 6.76e-01 6.69e-01)	6.071167e+00 5.195625e+00 : 8.666763e-01
7243(989) (1.59e+00 1.66e+00) XE:1.66e-01 (1.18e+00 1.18e+00 | 6.74e-01 6.69e-01)	6.071083e+00 5.195664e+00 : 8.666728e-01
7267(1003) (1.94e+00 1.66e+00) XE:1.66e-01 (1.17e+00 1.18e+00 | 6.07e-01 6.69e-01)	6.070964e+00 5.195732e+00 : 8.666690e-01
7291(992) (1.76e+00 1.66e+00) XE:1.66e-01 (1.19e+00 1.18e+00 | 6.82e-01 6.69e-01)	6.070908e+00 5.195629e+00 : 8.666567e-01
7314(1002) (1.80e+00 1.66e+00) XE:1.66e-01 (1.15e+00 1.18e+00 | 6.34e-01 6.69e-01)	6.070662e+00 5.195484e+00 : 8.666266e-01
7338(1002) (2.06e+00 1.66e+00) XE:1.66e-01 (1.21e+00 1.18e+00 | 6.98e-01 6.69e-01)	6.070576e+00 5.195494e+00 : 8.666208e-01
7362(1004) (1.26e+00 1.66e+00) XE:1.66e-01 (1.18e+00 1.18e+00 | 6.66e-01 6.69e-01)	6.070460e+00 5.195425e+00 : 8.666065e-01
7385(998) (1.82e+00 1.66e+00) XE:1.66e-01 (1.19e+00 1.18e+00 | 6.48e-01 6.69e-01)	6.070403e+00 5.195206e+00 : 8.665853e-01
7409(995) (1.78e+00 1.66e+00) XE:1.66e-01 (1.19e+00 1.18e+00 | 6.68e-01 6.69e-01)	6.070175e+00 5.195172e+00 : 8.665651e-01
7433(997) (1.84e+00 1.66e+00) XE:1.66e-01 (1.18e+00 1.18e+00 | 6.80e-01 6.69e-01)	6.069905e+00 5.194987e+00 : 8.665302e-01
7456(1007) (1.65e+00 1.66e+00) XE:1.66e-01 (1.18e+00 1.18e+00 | 6.84e-01 6.69e-01)	6.069874e+00 5.194967e+00 : 8.665263e-01
7480(1011) (1.62e+00 1.66e+00) XE:1.66e-01 (1.16e+00 1.18e+00 | 6.58e-01 6.69e-01)	6.069885e+00 5.194830e+00 : 8.665165e-01
7504(996) (1.89e+00 1.66e+00) XE:1.66e-01 (1.19e+00 1.18e+00 | 6.64e-01 6.69e-01)	6.069842e+00 5.194721e+00 : 8.665049e-01
7527(986) (2.03e+00 1.66e+00) XE:1.66e-01 (1.20e+00 1.18e+00 | 6.50e-01 6.69e-01)	6.069617e+00 5.194607e+00 : 8.664788e-01
7551(1003) (1.86e+00 1.66e+00) XE:1.66e-01 (1.18e+00 1.18e+00 | 6.60e-01 6.69e-01)	6.069746e+00 5.194595e+00 : 8.664878e-01
7575(1009) (1.46e+00 1.66e+00) XE:1.66e-01 (1.20e+00 1.18e+00 | 6.68e-01 6.69e-01)	6.069822e+00 5.194619e+00 : 8.664955e-01
7598(998) (1.90e+00 1.66e+00) XE:1.66e-01 (1.19e+00 1.18e+00 | 6.50e-01 6.69e-01)	6.069775e+00 5.194423e+00 : 8.664768e-01
7622(1016) (1.08e+00 1.66e+00) XE:1.66e-01 (1.19e+00 1.18e+00 | 6.98e-01 6.69e-01)	6.069741e+00 5.194528e+00 : 8.664823e-01
7646(1002) (1.79e+00 1.66e+00) XE:1.66e-01 (1.17e+00 1.18e+00 | 6.88e-01 6.69e-01)	6.069501e+00 5.194561e+00 : 8.664662e-01
7669(1000) (1.80e+00 1.66e+00) XE:1.66e-01 (1.23e+00 1.18e+00 | 6.60e-01 6.69e-01)	6.069368e+00 5.194425e+00 : 8.664456e-01
7693(1005) (1.75e+00 1.66e+00) XE:1.66e-01 (1.17e+00 1.18e+00 | 7.08e-01 6.69e-01)	6.069337e+00 5.194601e+00 : 8.664567e-01
7717(999) (1.69e+00 1.66e+00) XE:1.66e-01 (1.17e+00 1.18e+00 | 6.30e-01 6.69e-01)	6.069183e+00 5.194548e+00 : 8.664408e-01
7740(1006) (2.11e+00 1.66e+00) XE:1.66e-01 (1.19e+00 1.18e+00 | 6.16e-01 6.69e-01)	6.069276e+00 5.194556e+00 : 8.664486e-01
7764(997) (1.66e+00 1.66e+00) XE:1.66e-01 (1.19e+00 1.18e+00 | 7.18e-01 6.69e-01)	6.069215e+00 5.194540e+00 : 8.664427e-01
7788(997) (2.21e+00 1.66e+00) XE:1.66e-01 (1.17e+00 1.18e+00 | 6.14e-01 6.69e-01)	6.069219e+00 5.194460e+00 : 8.664368e-01
7811(987) (2.16e+00 1.66e+00) XE:1.66e-01 (1.18e+00 1.18e+00 | 6.58e-01 6.69e-01)	6.068950e+00 5.194422e+00 : 8.664132e-01
7835(997) (1.61e+00 1.66e+00) XE:1.66e-01 (1.20e+00 1.18e+00 | 7.04e-01 6.69e-01)	6.069034e+00 5.194285e+00 : 8.664092e-01
7859(1009) (1.68e+00 1.66e+00) XE:1.66e-01 (1.19e+00 1.18e+00 | 6.28e-01 6.69e-01)	6.068883e+00 5.194114e+00 : 8.663844e-01
7882(1001) (1.68e+00 1.66e+00) XE:1.66e-01 (1.19e+00 1.18e+00 | 6.64e-01 6.69e-01)	6.068863e+00 5.194052e+00 : 8.663781e-01
7906(1009) (1.49e+00 1.66e+00) XE:1.66e-01 (1.20e+00 1.18e+00 | 6.72e-01 6.69e-01)	6.068929e+00 5.194164e+00 : 8.663918e-01
7929(996) (1.50e+00 1.66e+00) XE:1.66e-01 (1.15e+00 1.18e+00 | 6.80e-01 6.69e-01)	6.068670e+00 5.194185e+00 : 8.663734e-01
7953(999) (1.94e+00 1.66e+00) XE:1.66e-01 (1.21e+00 1.18e+00 | 7.55e-01 6.69e-01)	6.068541e+00 5.194137e+00 : 8.663599e-01
7977(1008) (1.71e+00 1.66e+00) XE:1.66e-01 (1.17e+00 1.18e+00 | 6.12e-01 6.69e-01)	6.068565e+00 5.194003e+00 : 8.663514e-01
8000(1011) (1.56e+00 1.66e+00) XE:1.66e-01 (1.17e+00 1.18e+00 | 6.52e-01 6.69e-01)	6.068479e+00 5.193877e+00 : 8.663351e-01
8024(999) (1.89e+00 1.66e+00) XE:1.66e-01 (1.14e+00 1.18e+00 | 6.66e-01 6.69e-01)	6.068217e+00 5.193911e+00 : 8.663175e-01
8048(994) (1.87e+00 1.66e+00) XE:1.66e-01 (1.18e+00 1.18e+00 | 6.60e-01 6.69e-01)	6.068213e+00 5.193813e+00 : 8.663098e-01
8071(1002) (1.42e+00 1.66e+00) XE:1.66e-01 (1.19e+00 1.18e+00 | 6.50e-01 6.69e-01)	6.068022e+00 5.193806e+00 : 8.662944e-01
8095(987) (2.34e+00 1.66e+00) XE:1.66e-01 (1.18e+00 1.18e+00 | 6.70e-01 6.69e-01)	6.067822e+00 5.193723e+00 : 8.662727e-01
8119(998) (1.75e+00 1.66e+00) XE:1.66e-01 (1.18e+00 1.18e+00 | 6.74e-01 6.69e-01)	6.067793e+00 5.193682e+00 : 8.662673e-01
8142(991) (2.06e+00 1.66e+00) XE:1.66e-01 (1.19e+00 1.18e+00 | 6.36e-01 6.69e-01)	6.067591e+00 5.193662e+00 : 8.662502e-01
8166(998) (1.83e+00 1.66e+00) XE:1.66e-01 (1.20e+00 1.18e+00 | 7.31e-01 6.69e-01)	6.067371e+00 5.193790e+00 : 8.662432e-01
8190(996) (1.70e+00 1.66e+00) XE:1.66e-01 (1.12e+00 1.18e+00 | 5.99e-01 6.69e-01)	6.067053e+00 5.193665e+00 : 8.662091e-01
8213(998) (1.52e+00 1.66e+00) XE:1.66e-01 (1.18e+00 1.18e+00 | 6.38e-01 6.69e-01)	6.067214e+00 5.193794e+00 : 8.662314e-01
8237(991) (1.30e+00 1.66e+00) XE:1.66e-01 (1.17e+00 1.18e+00 | 6.78e-01 6.69e-01)	6.067301e+00 5.193952e+00 : 8.662502e-01
8261(991) (1.74e+00 1.66e+00) XE:1.66e-01 (1.17e+00 1.18e+00 | 6.76e-01 6.69e-01)	6.067304e+00 5.193762e+00 : 8.662359e-01
8284(1001) (1.52e+00 1.66e+00) XE:1.66e-01 (1.18e+00 1.18e+00 | 7.04e-01 6.69e-01)	6.067536e+00 5.193931e+00 : 8.662667e-01
8308(1006) (1.58e+00 1.66e+00) XE:1.66e-01 (1.18e+00 1.18e+00 | 6.74e-01 6.69e-01)	6.067358e+00 5.193518e+00 : 8.662212e-01
8332(1005) (1.71e+00 1.66e+00) XE:1.66e-01 (1.17e+00 1.18e+00 | 6.14e-01 6.69e-01)	6.067453e+00 5.193607e+00 : 8.662354e-01
8355(1007) (1.51e+00 1.66e+00) XE:1.66e-01 (1.19e+00 1.18e+00 | 7.08e-01 6.69e-01)	6.067432e+00 5.193446e+00 : 8.662214e-01
8379(984) (1.80e+00 1.66e+00) XE:1.66e-01 (1.18e+00 1.18e+00 | 6.40e-01 6.69e-01)	6.067345e+00 5.193385e+00 : 8.662100e-01
8402(1007) (1.85e+00 1.66e+00) XE:1.66e-01 (1.21e+00 1.18e+00 | 7.16e-01 6.69e-01)	6.067354e+00 5.193296e+00 : 8.662038e-01
8426(982) (1.60e+00 1.66e+00) XE:1.66e-01 (1.19e+00 1.18e+00 | 6.56e-01 6.69e-01)	6.067190e+00 5.193280e+00 : 8.661900e-01
8450(1011) (1.50e+00 1.66e+00) XE:1.66e-01 (1.19e+00 1.18e+00 | 6.64e-01 6.69e-01)	6.066905e+00 5.193254e+00 : 8.661660e-01
8473(996) (1.88e+00 1.66e+00) XE:1.66e-01 (1.17e+00 1.18e+00 | 6.70e-01 6.69e-01)	6.066563e+00 5.193044e+00 : 8.661237e-01
8497(997) (1.65e+00 1.66e+00) XE:1.66e-01 (1.16e+00 1.18e+00 | 7.04e-01 6.69e-01)	6.066710e+00 5.192974e+00 : 8.661295e-01
8521(1008) (1.38e+00 1.66e+00) XE:1.66e-01 (1.18e+00 1.18e+00 | 6.84e-01 6.69e-01)	6.066555e+00 5.192970e+00 : 8.661174e-01
8544(1006) (9.69e-01 1.66e+00) XE:1.66e-01 (1.15e+00 1.18e+00 | 6.58e-01 6.69e-01)	6.066503e+00 5.193055e+00 : 8.661198e-01
8568(1008) (1.41e+00 1.66e+00) XE:1.66e-01 (1.17e+00 1.18e+00 | 7.12e-01 6.69e-01)	6.066489e+00 5.193003e+00 : 8.661147e-01
8592(1004) (1.66e+00 1.66e+00) XE:1.66e-01 (1.22e+00 1.18e+00 | 6.98e-01 6.70e-01)	6.066414e+00 5.192945e+00 : 8.661046e-01
8615(1001) (1.17e+00 1.66e+00) XE:1.66e-01 (1.16e+00 1.18e+00 | 5.85e-01 6.69e-01)	6.066482e+00 5.192920e+00 : 8.661078e-01
8639(994) (2.09e+00 1.66e+00) XE:1.66e-01 (1.18e+00 1.18e+00 | 6.07e-01 6.69e-01)	6.066273e+00 5.192855e+00 : 8.660868e-01
8663(1007) (1.49e+00 1.66e+00) XE:1.66e-01 (1.18e+00 1.18e+00 | 6.82e-01 6.70e-01)	6.066195e+00 5.192875e+00 : 8.660823e-01
8686(1003) (1.30e+00 1.66e+00) XE:1.66e-01 (1.18e+00 1.18e+00 | 7.39e-01 6.70e-01)	6.066072e+00 5.192641e+00 : 8.660549e-01
8710(1002) (1.92e+00 1.66e+00) XE:1.66e-01 (1.16e+00 1.18e+00 | 6.44e-01 6.69e-01)	6.066052e+00 5.192584e+00 : 8.660489e-01
8734(1000) (1.84e+00 1.66e+00) XE:1.66e-01 (1.19e+00 1.18e+00 | 6.70e-01 6.69e-01)	6.065863e+00 5.192596e+00 : 8.660353e-01
8757(1001) (1.59e+00 1.66e+00) XE:1.66e-01 (1.14e+00 1.18e+00 | 6.70e-01 6.69e-01)	6.065776e+00 5.192633e+00 : 8.660314e-01
8781(979) (1.81e+00 1.66e+00) XE:1.66e-01 (1.19e+00 1.18e+00 | 6.80e-01 6.69e-01)	6.065811e+00 5.192523e+00 : 8.660257e-01
8805(990) (1.92e+00 1.66e+00) XE:1.66e-01 (1.19e+00 1.18e+00 | 6.36e-01 6.69e-01)	6.065777e+00 5.192434e+00 : 8.660163e-01
8828(1016) (1.46e+00 1.66e+00) XE:1.66e-01 (1.16e+00 1.18e+00 | 6.64e-01 6.69e-01)	6.065831e+00 5.192396e+00 : 8.660174e-01
8852(988) (1.91e+00 1.66e+00) XE:1.66e-01 (1.20e+00 1.18e+00 | 7.20e-01 6.69e-01)	6.065911e+00 5.192351e+00 : 8.660202e-01
8876(994) (1.89e+00 1.66e+00) XE:1.66e-01 (1.18e+00 1.18e+00 | 7.14e-01 6.69e-01)	6.065821e+00 5.192445e+00 : 8.660205e-01
8899(988) (1.54e+00 1.66e+00) XE:1.66e-01 (1.19e+00 1.18e+00 | 6.80e-01 6.69e-01)	6.066083e+00 5.192384e+00 : 8.660359e-01
8923(1006) (1.49e+00 1.66e+00) XE:1.66e-01 (1.17e+00 1.18e+00 | 6.54e-01 6.69e-01)	6.066042e+00 5.192251e+00 : 8.660225e-01
8947(991) (1.92e+00 1.66e+00) XE:1.66e-01 (1.16e+00 1.18e+00 | 6.20e-01 6.69e-01)	6.066020e+00 5.192371e+00 : 8.660301e-01
8970(1011) (1.47e+00 1.66e+00) XE:1.66e-01 (1.18e+00 1.18e+00 | 6.62e-01 6.69e-01)	6.065563e+00 5.191988e+00 : 8.659655e-01
8994(993) (1.55e+00 1.66e+00) XE:1.66e-01 (1.19e+00 1.18e+00 | 6.54e-01 6.69e-01)	6.065409e+00 5.192064e+00 : 8.659595e-01
9018(993) (1.79e+00 1.66e+00) XE:1.66e-01 (1.19e+00 1.18e+00 | 7.08e-01 6.69e-01)	6.065430e+00 5.191967e+00 : 8.659536e-01
9041(1002) (1.77e+00 1.66e+00) XE:1.66e-01 (1.13e+00 1.18e+00 | 5.91e-01 6.69e-01)	6.065411e+00 5.191824e+00 : 8.659411e-01
9065(991) (1.63e+00 1.66e+00) XE:1.66e-01 (1.18e+00 1.18e+00 | 6.26e-01 6.69e-01)	6.065325e+00 5.191764e+00 : 8.659299e-01
9089(998) (1.79e+00 1.66e+00) XE:1.66e-01 (1.17e+00 1.18e+00 | 6.64e-01 6.69e-01)	6.065156e+00 5.191752e+00 : 8.659160e-01
9112(998) (2.11e+00 1.66e+00) XE:1.66e-01 (1.16e+00 1.18e+00 | 6.48e-01 6.69e-01)	6.065219e+00 5.191726e+00 : 8.659189e-01
9136(994) (1.86e+00 1.66e+00) XE:1.66e-01 (1.18e+00 1.18e+00 | 6.62e-01 6.69e-01)	6.065086e+00 5.191746e+00 : 8.659101e-01
9160(1002) (1.74e+00 1.66e+00) XE:1.66e-01 (1.20e+00 1.18e+00 | 6.92e-01 6.69e-01)	6.065021e+00 5.191572e+00 : 8.658918e-01
9183(998) (1.92e+00 1.66e+00) XE:1.66e-01 (1.18e+00 1.18e+00 | 6.50e-01 6.69e-01)	6.065048e+00 5.191658e+00 : 8.659005e-01
9207(1002) (1.52e+00 1.66e+00) XE:1.66e-01 (1.17e+00 1.18e+00 | 6.30e-01 6.69e-01)	6.065013e+00 5.191637e+00 : 8.658962e-01
9230(1003) (1.72e+00 1.66e+00) XE:1.66e-01 (1.18e+00 1.18e+00 | 6.32e-01 6.69e-01)	6.064948e+00 5.191582e+00 : 8.658869e-01
9254(993) (1.73e+00 1.66e+00) XE:1.66e-01 (1.16e+00 1.18e+00 | 6.36e-01 6.69e-01)	6.064749e+00 5.191374e+00 : 8.658556e-01
9278(1001) (1.48e+00 1.66e+00) XE:1.66e-01 (1.18e+00 1.18e+00 | 7.53e-01 6.69e-01)	6.064806e+00 5.191365e+00 : 8.658593e-01
9301(999) (1.63e+00 1.66e+00) XE:1.66e-01 (1.19e+00 1.18e+00 | 6.54e-01 6.69e-01)	6.064841e+00 5.191304e+00 : 8.658573e-01
9325(996) (1.54e+00 1.66e+00) XE:1.66e-01 (1.18e+00 1.18e+00 | 7.02e-01 6.69e-01)	6.064748e+00 5.191201e+00 : 8.658422e-01
9349(994) (1.32e+00 1.66e+00) XE:1.66e-01 (1.16e+00 1.18e+00 | 6.46e-01 6.69e-01)	6.064718e+00 5.191261e+00 : 8.658445e-01
9372(1005) (1.43e+00 1.66e+00) XE:1.66e-01 (1.17e+00 1.18e+00 | 6.32e-01 6.69e-01)	6.064618e+00 5.190908e+00 : 8.658096e-01
9396(1003) (1.61e+00 1.66e+00) XE:1.66e-01 (1.16e+00 1.18e+00 | 6.32e-01 6.69e-01)	6.064626e+00 5.191028e+00 : 8.658196e-01
9420(1006) (1.26e+00 1.66e+00) XE:1.66e-01 (1.17e+00 1.18e+00 | 6.54e-01 6.69e-01)	6.064707e+00 5.191295e+00 : 8.658464e-01
9443(1013) (1.78e+00 1.66e+00) XE:1.66e-01 (1.16e+00 1.18e+00 | 7.14e-01 6.69e-01)	6.064757e+00 5.191203e+00 : 8.658431e-01
9467(1017) (1.52e+00 1.66e+00) XE:1.66e-01 (1.20e+00 1.18e+00 | 7.12e-01 6.69e-01)	6.064764e+00 5.191138e+00 : 8.658386e-01
9491(1014) (1.42e+00 1.66e+00) XE:1.66e-01 (1.17e+00 1.18e+00 | 6.50e-01 6.69e-01)	6.064525e+00 5.191126e+00 : 8.658193e-01
9514(998) (2.11e+00 1.66e+00) XE:1.66e-01 (1.17e+00 1.18e+00 | 6.56e-01 6.69e-01)	6.064518e+00 5.191029e+00 : 8.658113e-01
9538(999) (1.76e+00 1.66e+00) XE:1.66e-01 (1.15e+00 1.18e+00 | 6.32e-01 6.69e-01)	6.064563e+00 5.191055e+00 : 8.658168e-01
9562(990) (1.57e+00 1.66e+00) XE:1.66e-01 (1.17e+00 1.18e+00 | 6.58e-01 6.69e-01)	6.064503e+00 5.190966e+00 : 8.658053e-01
9585(986) (1.71e+00 1.66e+00) XE:1.66e-01 (1.17e+00 1.18e+00 | 6.46e-01 6.69e-01)	6.064480e+00 5.191027e+00 : 8.658082e-01
9609(999) (1.66e+00 1.66e+00) XE:1.66e-01 (1.19e+00 1.18e+00 | 7.41e-01 6.69e-01)	6.064496e+00 5.191049e+00 : 8.658111e-01
9633(981) (1.75e+00 1.66e+00) XE:1.66e-01 (1.16e+00 1.18e+00 | 6.38e-01 6.69e-01)	6.064355e+00 5.191081e+00 : 8.658028e-01
9656(1008) (1.64e+00 1.66e+00) XE:1.66e-01 (1.19e+00 1.18e+00 | 6.98e-01 6.69e-01)	6.064377e+00 5.191072e+00 : 8.658037e-01
9680(1003) (2.00e+00 1.66e+00) XE:1.66e-01 (1.19e+00 1.18e+00 | 7.16e-01 6.69e-01)	6.064351e+00 5.191229e+00 : 8.658139e-01
9704(991) (1.46e+00 1.66e+00) XE:1.66e-01 (1.18e+00 1.18e+00 | 6.62e-01 6.69e-01)	6.064239e+00 5.191011e+00 : 8.657885e-01
9727(999) (1.49e+00 1.66e+00) XE:1.66e-01 (1.19e+00 1.18e+00 | 7.08e-01 6.69e-01)	6.064199e+00 5.191194e+00 : 8.657995e-01
9751(998) (1.73e+00 1.66e+00) XE:1.66e-01 (1.18e+00 1.18e+00 | 6.38e-01 6.69e-01)	6.064098e+00 5.191076e+00 : 8.657826e-01
9775(990) (1.85e+00 1.66e+00) XE:1.66e-01 (1.19e+00 1.18e+00 | 6.64e-01 6.69e-01)	6.064070e+00 5.190853e+00 : 8.657633e-01
9798(1001) (1.71e+00 1.66e+00) XE:1.66e-01 (1.19e+00 1.18e+00 | 6.36e-01 6.69e-01)	6.064077e+00 5.190816e+00 : 8.657610e-01
9822(996) (1.78e+00 1.66e+00) XE:1.66e-01 (1.18e+00 1.18e+00 | 7.27e-01 6.69e-01)	6.063958e+00 5.190730e+00 : 8.657453e-01
9846(999) (1.71e+00 1.66e+00) XE:1.66e-01 (1.19e+00 1.18e+00 | 7.08e-01 6.69e-01)	6.063612e+00 5.190577e+00 : 8.657069e-01
9869(998) (1.65e+00 1.66e+00) XE:1.66e-01 (1.18e+00 1.18e+00 | 6.42e-01 6.69e-01)	6.063715e+00 5.190348e+00 : 8.656971e-01
9893(1007) (1.81e+00 1.66e+00) XE:1.66e-01 (1.17e+00 1.18e+00 | 6.62e-01 6.69e-01)	6.063667e+00 5.190548e+00 : 8.657088e-01
9917(1003) (2.04e+00 1.66e+00) XE:1.66e-01 (1.17e+00 1.18e+00 | 5.63e-01 6.69e-01)	6.063515e+00 5.190667e+00 : 8.657063e-01
9940(996) (2.03e+00 1.66e+00) XE:1.66e-01 (1.18e+00 1.18e+00 | 6.96e-01 6.69e-01)	6.063485e+00 5.190682e+00 : 8.657051e-01
9964(1001) (1.79e+00 1.66e+00) XE:1.66e-01 (1.18e+00 1.18e+00 | 7.10e-01 6.69e-01)	6.063472e+00 5.190797e+00 : 8.657131e-01
9987(998) (1.50e+00 1.66e+00) XE:1.66e-01 (1.19e+00 1.18e+00 | 6.98e-01 6.69e-01)	6.063363e+00 5.190719e+00 : 8.656987e-01
10000(993) (1.95e+00 1.66e+00) XE:1.66e-01 (1.19e+00 1.18e+00 | 7.53e-01 6.69e-01)	6.063327e+00 5.190638e+00 : 8.656896e-01
RL cnt: 0,7061048,1312082,101596,0,0,0,0,0,0,0,0,0,0,0,0,
BL cnt: 0,0,0,0,0,0,65384,0,1527883,0,6722999,0,1529184,0,64550,0,0,0,0,0,0,
6.063327e+00 5.190638e+00 : 8.656896e-01
# InnerCodebook: deleted
# NBIDSchannel: deleted
# Gtable: deleted
# FBalg4: deleted
# StatICB: deleted
