# InnerCodebook: input ICB/ex01//cb.txt
# InnerCodebook: Nu=6 Nu2p=64 numCW=18 FlgUnique=1 FlgInvertible=1 FlgBalanced=1
# InnerCodebook: Rho=3 (ell,Delta)=(10,2) L0=2
# InnerCodebook: Rst01=4 Rst10=13
# CW
# 000:001011 (2,L2,R2) WL:0 0 1 1 2 3  WR:3 3 3 2 2 1  
# 001:001101 (2,L2,R1) WL:0 0 1 2 2 3  WR:3 3 3 2 1 1  
# 002:001110 (3,L2,R1) WL:0 0 1 2 3 3  WR:3 3 3 2 1 0  
# 003:010011 (2,L1,R2) WL:0 1 1 1 2 3  WR:3 3 2 2 2 1  
# 004:010101 (1,L1,R1) WL:0 1 1 2 2 3  WR:3 3 2 2 1 1  
# 005:010110 (2,L1,R1) WL:0 1 1 2 3 3  WR:3 3 2 2 1 0  
# 006:011001 (2,L1,R1) WL:0 1 2 2 2 3  WR:3 3 2 1 1 1  
# 007:011010 (2,L1,R1) WL:0 1 2 2 3 3  WR:3 3 2 1 1 0  
# 008:011100 (3,L1,R2) WL:0 1 2 3 3 3  WR:3 3 2 1 0 0  
# 009:100011 (3,L1,R2) WL:1 1 1 1 2 3  WR:3 2 2 2 2 1  
# 010:100101 (2,L1,R1) WL:1 1 1 2 2 3  WR:3 2 2 2 1 1  
# 011:100110 (2,L1,R1) WL:1 1 1 2 3 3  WR:3 2 2 2 1 0  
# 012:101001 (2,L1,R1) WL:1 1 2 2 2 3  WR:3 2 2 1 1 1  
# 013:101010 (1,L1,R1) WL:1 1 2 2 3 3  WR:3 2 2 1 1 0  
# 014:101100 (2,L1,R2) WL:1 1 2 3 3 3  WR:3 2 2 1 0 0  
# 015:110001 (3,L2,R1) WL:1 2 2 2 2 3  WR:3 2 1 1 1 1  
# 016:110010 (2,L2,R1) WL:1 2 2 2 3 3  WR:3 2 1 1 1 0  
# 017:110100 (2,L2,R2) WL:1 2 2 3 3 3  WR:3 2 1 1 0 0  
# CWL
# 000B:1 000D:1 000E:1 0013:1 0015:1 0016:1 0019:1 001A:1 001C:1 0023:1 
# 0025:1 0026:1 0029:1 002A:1 002C:1 0031:1 0032:1 0034:1 
# CWI
# 000B:000 000D:001 000E:002 0013:003 0015:004 0016:005 0019:006 001A:007 001C:008 0023:009 
# 0025:010 0026:011 0029:012 002A:013 002C:014 0031:015 0032:016 0034:017 
# Q=18 N=50 Nu=6 Nb=300 (Pi,Pd,Ps)=(2.000000e-03,2.000000e-03,0.000000e+00) [0]
# ICB:   ICB/ex01//cb.txt
# Const: ICB/ex01//constraint.txt
# EncCM: ICB/ex01//EncCM.bin
# ChannelMatrix: ICB/ex01//EncCM.bin (18x18)
# IDSchannel: N=300 (Pi,Pd,Ps)=(2.000000e-03,2.000000e-03,0.000000e+00) (Dmin,Dmax)=(-2,2)
# SLFBAdec: Ns=50 (Nu;Nu2min,Nu2max)=(6(64);3,9) Nb=300 Q=18
# SLFBAdec: (Pi,Pd,Ps,Pt)=(2.000000e-03,2.000000e-03,0.000000e+00,9.960000e-01) (Dmin,Dmax:Drng)=(-2,2:5)
# SLFBAdec: generating GD & GX
# SLFBAdec: generating factor graph
# ChannelMatrix: M=18 N=5832
1000 7106/50000 16 1.421200e-01 : 4.124369e+00 5.047501e-01 3.619619e+00
2000 14218/100000 16 1.421800e-01 : 4.124655e+00 5.127753e-01 3.611880e+00
3000 21453/150000 17 1.430200e-01 : 4.125683e+00 5.172886e-01 3.608394e+00
4000 28582/200000 17 1.429100e-01 : 4.124304e+00 5.171499e-01 3.607154e+00
5000 35711/250000 18 1.428440e-01 : 4.124585e+00 5.184392e-01 3.606146e+00
6000 42859/300000 18 1.428633e-01 : 4.124720e+00 5.191229e-01 3.605597e+00
7000 50149/350000 18 1.432829e-01 : 4.124990e+00 5.202822e-01 3.604708e+00
8000 57279/400000 18 1.431975e-01 : 4.124525e+00 5.209176e-01 3.603607e+00
9000 64316/450000 18 1.429244e-01 : 4.124869e+00 5.200192e-01 3.604850e+00
10000 71514/500000 18 1.430280e-01 : 4.125147e+00 5.210834e-01 3.604063e+00
11000 78535/550000 18 1.427909e-01 : 4.125060e+00 5.206811e-01 3.604379e+00
12000 85682/600000 19 1.428033e-01 : 4.125045e+00 5.206781e-01 3.604367e+00
13000 92666/650000 19 1.425631e-01 : 4.125095e+00 5.204868e-01 3.604609e+00
14000 99794/700000 19 1.425629e-01 : 4.125042e+00 5.208840e-01 3.604158e+00
15000 106859/750000 19 1.424787e-01 : 4.125071e+00 5.208841e-01 3.604187e+00
16000 113876/800000 19 1.423450e-01 : 4.125019e+00 5.206583e-01 3.604361e+00
17000 121130/850000 19 1.425059e-01 : 4.124841e+00 5.212510e-01 3.603590e+00
18000 128355/900000 20 1.426167e-01 : 4.124740e+00 5.218188e-01 3.602921e+00
19000 135423/950000 20 1.425505e-01 : 4.124794e+00 5.213824e-01 3.603412e+00
20000 142672/1000000 20 1.426720e-01 : 4.124729e+00 5.214572e-01 3.603272e+00
21000 149695/1050000 20 1.425667e-01 : 4.124801e+00 5.211898e-01 3.603611e+00
22000 156732/1100000 20 1.424836e-01 : 4.124724e+00 5.210296e-01 3.603695e+00
23000 163810/1150000 20 1.424435e-01 : 4.124773e+00 5.210550e-01 3.603718e+00
24000 170762/1200000 20 1.423017e-01 : 4.124776e+00 5.207189e-01 3.604057e+00
25000 177900/1250000 20 1.423200e-01 : 4.124638e+00 5.207651e-01 3.603873e+00
26000 185047/1300000 20 1.423438e-01 : 4.124540e+00 5.209352e-01 3.603604e+00
27000 192156/1350000 20 1.423378e-01 : 4.124539e+00 5.210478e-01 3.603491e+00
28000 199366/1400000 20 1.424043e-01 : 4.124528e+00 5.212096e-01 3.603318e+00
29000 206527/1450000 20 1.424324e-01 : 4.124508e+00 5.214219e-01 3.603086e+00
30000 213728/1500000 20 1.424853e-01 : 4.124474e+00 5.215577e-01 3.602916e+00
31000 220847/1550000 20 1.424819e-01 : 4.124466e+00 5.217046e-01 3.602761e+00
32000 227868/1600000 20 1.424175e-01 : 4.124530e+00 5.217276e-01 3.602802e+00
33000 235012/1650000 20 1.424315e-01 : 4.124621e+00 5.218119e-01 3.602809e+00
34000 242216/1700000 20 1.424800e-01 : 4.124623e+00 5.218806e-01 3.602742e+00
35000 249290/1750000 20 1.424514e-01 : 4.124730e+00 5.219391e-01 3.602791e+00
36000 256492/1800000 20 1.424956e-01 : 4.124761e+00 5.221793e-01 3.602582e+00
37000 263635/1850000 20 1.425054e-01 : 4.124736e+00 5.222888e-01 3.602447e+00
38000 270719/1900000 20 1.424837e-01 : 4.124718e+00 5.223036e-01 3.602414e+00
39000 277749/1950000 20 1.424354e-01 : 4.124636e+00 5.220758e-01 3.602560e+00
40000 284820/2000000 20 1.424100e-01 : 4.124591e+00 5.220761e-01 3.602515e+00
41000 291957/2050000 20 1.424180e-01 : 4.124550e+00 5.221792e-01 3.602371e+00
42000 299006/2100000 20 1.423838e-01 : 4.124562e+00 5.220947e-01 3.602467e+00
43000 306176/2150000 20 1.424074e-01 : 4.124570e+00 5.221198e-01 3.602450e+00
44000 313221/2200000 20 1.423732e-01 : 4.124555e+00 5.221314e-01 3.602424e+00
45000 320354/2250000 20 1.423796e-01 : 4.124547e+00 5.221256e-01 3.602421e+00
46000 327452/2300000 20 1.423704e-01 : 4.124567e+00 5.220738e-01 3.602493e+00
47000 334649/2350000 20 1.424038e-01 : 4.124602e+00 5.221661e-01 3.602436e+00
48000 341699/2400000 20 1.423746e-01 : 4.124641e+00 5.221343e-01 3.602507e+00
49000 348709/2450000 20 1.423302e-01 : 4.124633e+00 5.218845e-01 3.602748e+00
50000 355822/2500000 20 1.423288e-01 : 4.124669e+00 5.220123e-01 3.602656e+00
51000 362934/2550000 20 1.423271e-01 : 4.124660e+00 5.220041e-01 3.602655e+00
52000 370061/2600000 20 1.423312e-01 : 4.124658e+00 5.220390e-01 3.602620e+00
53000 377095/2650000 20 1.423000e-01 : 4.124638e+00 5.220444e-01 3.602593e+00
54000 384232/2700000 20 1.423081e-01 : 4.124629e+00 5.220995e-01 3.602529e+00
55000 391229/2750000 20 1.422651e-01 : 4.124647e+00 5.219611e-01 3.602686e+00
56000 398277/2800000 20 1.422418e-01 : 4.124632e+00 5.217228e-01 3.602909e+00
57000 405319/2850000 20 1.422172e-01 : 4.124614e+00 5.216818e-01 3.602932e+00
58000 412412/2900000 20 1.422110e-01 : 4.124595e+00 5.216813e-01 3.602914e+00
59000 419609/2950000 20 1.422403e-01 : 4.124591e+00 5.218276e-01 3.602763e+00
60000 426628/3000000 20 1.422093e-01 : 4.124619e+00 5.217358e-01 3.602883e+00
61000 433791/3050000 20 1.422266e-01 : 4.124617e+00 5.219066e-01 3.602710e+00
62000 440953/3100000 20 1.422429e-01 : 4.124629e+00 5.219075e-01 3.602722e+00
63000 448059/3150000 20 1.422410e-01 : 4.124600e+00 5.219162e-01 3.602683e+00
64000 455044/3200000 20 1.422013e-01 : 4.124606e+00 5.217534e-01 3.602853e+00
65000 462101/3250000 20 1.421849e-01 : 4.124624e+00 5.217836e-01 3.602841e+00
66000 469050/3300000 20 1.421364e-01 : 4.124682e+00 5.216084e-01 3.603074e+00
67000 476260/3350000 20 1.421672e-01 : 4.124694e+00 5.217812e-01 3.602913e+00
68000 483162/3400000 20 1.421065e-01 : 4.124716e+00 5.216199e-01 3.603096e+00
69000 490311/3450000 20 1.421191e-01 : 4.124701e+00 5.216423e-01 3.603059e+00
70000 497314/3500000 20 1.420897e-01 : 4.124704e+00 5.216093e-01 3.603095e+00
71000 504303/3550000 20 1.420572e-01 : 4.124717e+00 5.215324e-01 3.603184e+00
72000 511370/3600000 20 1.420472e-01 : 4.124739e+00 5.215366e-01 3.603202e+00
73000 518488/3650000 20 1.420515e-01 : 4.124714e+00 5.215228e-01 3.603191e+00
74000 525459/3700000 20 1.420159e-01 : 4.124728e+00 5.213997e-01 3.603328e+00
75000 532446/3750000 20 1.419856e-01 : 4.124749e+00 5.213450e-01 3.603404e+00
76000 539524/3800000 20 1.419800e-01 : 4.124763e+00 5.213968e-01 3.603367e+00
77000 546570/3850000 20 1.419662e-01 : 4.124750e+00 5.214051e-01 3.603345e+00
78000 553570/3900000 20 1.419410e-01 : 4.124746e+00 5.212836e-01 3.603463e+00
79000 560662/3950000 20 1.419397e-01 : 4.124715e+00 5.214155e-01 3.603299e+00
80000 567761/4000000 20 1.419402e-01 : 4.124727e+00 5.214087e-01 3.603319e+00
81000 574842/4050000 20 1.419363e-01 : 4.124731e+00 5.213633e-01 3.603368e+00
82000 581793/4100000 20 1.419007e-01 : 4.124715e+00 5.212508e-01 3.603464e+00
83000 588788/4150000 20 1.418766e-01 : 4.124748e+00 5.212361e-01 3.603512e+00
84000 595852/4200000 20 1.418695e-01 : 4.124751e+00 5.213155e-01 3.603436e+00
85000 602983/4250000 20 1.418784e-01 : 4.124748e+00 5.213497e-01 3.603398e+00
86000 609986/4300000 20 1.418572e-01 : 4.124778e+00 5.212934e-01 3.603485e+00
87000 617033/4350000 20 1.418467e-01 : 4.124793e+00 5.212482e-01 3.603545e+00
88000 624033/4400000 20 1.418257e-01 : 4.124821e+00 5.212021e-01 3.603619e+00
89000 631128/4450000 20 1.418265e-01 : 4.124827e+00 5.212454e-01 3.603582e+00
90000 638195/4500000 21 1.418211e-01 : 4.124844e+00 5.212249e-01 3.603619e+00
91000 645307/4550000 21 1.418257e-01 : 4.124834e+00 5.212213e-01 3.603613e+00
92000 652300/4600000 21 1.418043e-01 : 4.124827e+00 5.211532e-01 3.603674e+00
93000 659316/4650000 21 1.417884e-01 : 4.124824e+00 5.211247e-01 3.603699e+00
94000 666377/4700000 21 1.417823e-01 : 4.124846e+00 5.211091e-01 3.603737e+00
95000 673506/4750000 21 1.417907e-01 : 4.124826e+00 5.211687e-01 3.603657e+00
96000 680479/4800000 21 1.417665e-01 : 4.124823e+00 5.210552e-01 3.603768e+00
97000 687512/4850000 21 1.417551e-01 : 4.124807e+00 5.210378e-01 3.603769e+00
98000 694584/4900000 21 1.417518e-01 : 4.124843e+00 5.210132e-01 3.603830e+00
99000 701664/4950000 21 1.417503e-01 : 4.124872e+00 5.210561e-01 3.603815e+00
100000 708720/5000000 21 1.417440e-01 : 4.124863e+00 5.210857e-01 3.603777e+00
=== 最終統計結果 ===
総シンボル数: 5000000 個
総エラー数: 708720 個
シンボルエラー率: 0.141744 (14.17%)
1ブロック内最大エラー数: 21 個
実行イテレーション数: 100000 回
1イテレーションあたりのシンボル数: 50 個
平均エラー数/イテレーション: 7.09 個
========================
# InnerCodebook: deleted
# ChannelMatrix: deleted
# IDSchannel: deleted
# SLFBAdec: deleted
# ChannelMatrix: deleted
