# InnerCodebook: input ICB/ex01//cb.txt
# InnerCodebook: Nu=6 Nu2p=64 numCW=18 FlgUnique=1 FlgInvertible=1 FlgBalanced=1
# InnerCodebook: Rho=3 (ell,Delta)=(10,2) L0=2
# InnerCodebook: Rst01=4 Rst10=13
# CW
# 000:001011 (2,L2,R2) WL:0 0 1 1 2 3  WR:3 3 3 2 2 1  
# 001:001101 (2,L2,R1) WL:0 0 1 2 2 3  WR:3 3 3 2 1 1  
# 002:001110 (3,L2,R1) WL:0 0 1 2 3 3  WR:3 3 3 2 1 0  
# 003:010011 (2,L1,R2) WL:0 1 1 1 2 3  WR:3 3 2 2 2 1  
# 004:010101 (1,L1,R1) WL:0 1 1 2 2 3  WR:3 3 2 2 1 1  
# 005:010110 (2,L1,R1) WL:0 1 1 2 3 3  WR:3 3 2 2 1 0  
# 006:011001 (2,L1,R1) WL:0 1 2 2 2 3  WR:3 3 2 1 1 1  
# 007:011010 (2,L1,R1) WL:0 1 2 2 3 3  WR:3 3 2 1 1 0  
# 008:011100 (3,L1,R2) WL:0 1 2 3 3 3  WR:3 3 2 1 0 0  
# 009:100011 (3,L1,R2) WL:1 1 1 1 2 3  WR:3 2 2 2 2 1  
# 010:100101 (2,L1,R1) WL:1 1 1 2 2 3  WR:3 2 2 2 1 1  
# 011:100110 (2,L1,R1) WL:1 1 1 2 3 3  WR:3 2 2 2 1 0  
# 012:101001 (2,L1,R1) WL:1 1 2 2 2 3  WR:3 2 2 1 1 1  
# 013:101010 (1,L1,R1) WL:1 1 2 2 3 3  WR:3 2 2 1 1 0  
# 014:101100 (2,L1,R2) WL:1 1 2 3 3 3  WR:3 2 2 1 0 0  
# 015:110001 (3,L2,R1) WL:1 2 2 2 2 3  WR:3 2 1 1 1 1  
# 016:110010 (2,L2,R1) WL:1 2 2 2 3 3  WR:3 2 1 1 1 0  
# 017:110100 (2,L2,R2) WL:1 2 2 3 3 3  WR:3 2 1 1 0 0  
# CWL
# 000B:1 000D:1 000E:1 0013:1 0015:1 0016:1 0019:1 001A:1 001C:1 0023:1 
# 0025:1 0026:1 0029:1 002A:1 002C:1 0031:1 0032:1 0034:1 
# CWI
# 000B:000 000D:001 000E:002 0013:003 0015:004 0016:005 0019:006 001A:007 001C:008 0023:009 
# 0025:010 0026:011 0029:012 002A:013 002C:014 0031:015 0032:016 0034:017 
# Q=18 N=50 Nu=6 Nb=300 (Pi,Pd,Ps)=(8.000000e-03,8.000000e-03,0.000000e+00) [0]
# ICB:   ICB/ex01//cb.txt
# Const: ICB/ex01//constraint.txt
# EncCM: ICB/ex01//EncCM.bin
# ChannelMatrix: ICB/ex01//EncCM.bin (18x18)
# IDSchannel: N=300 (Pi,Pd,Ps)=(8.000000e-03,8.000000e-03,0.000000e+00) (Dmin,Dmax)=(-5,5)
# SLFBAdec: Ns=50 (Nu;Nu2min,Nu2max)=(6(64);3,9) Nb=300 Q=18
# SLFBAdec: (Pi,Pd,Ps,Pt)=(8.000000e-03,8.000000e-03,0.000000e+00,9.840000e-01) (Dmin,Dmax:Drng)=(-5,5:11)
# SLFBAdec: generating GD & GX
# SLFBAdec: generating factor graph
# ChannelMatrix: M=18 N=5832
1000 6704/50000 28 1.340800e-01 : 3.854160e+00 6.017469e-01 3.252414e+00
2000 13578/100000 32 1.357800e-01 : 3.854108e+00 6.339117e-01 3.220196e+00
3000 20436/150000 32 1.362400e-01 : 3.856422e+00 6.461651e-01 3.210257e+00
4000 27369/200000 32 1.368450e-01 : 3.856453e+00 6.558654e-01 3.200588e+00
5000 34296/250000 33 1.371840e-01 : 3.856002e+00 6.602792e-01 3.195723e+00
6000 41273/300000 38 1.375767e-01 : 3.856043e+00 6.638793e-01 3.192164e+00
7000 48003/350000 38 1.371514e-01 : 3.856709e+00 6.634947e-01 3.193215e+00
8000 54774/400000 38 1.369350e-01 : 3.857126e+00 6.649276e-01 3.192198e+00
9000 61586/450000 38 1.368578e-01 : 3.856525e+00 6.664937e-01 3.190032e+00
10000 68222/500000 38 1.364440e-01 : 3.857248e+00 6.667844e-01 3.190464e+00
11000 74994/550000 38 1.363527e-01 : 3.856937e+00 6.674064e-01 3.189531e+00
12000 81659/600000 38 1.360983e-01 : 3.857264e+00 6.675633e-01 3.189700e+00
13000 88538/650000 42 1.362123e-01 : 3.857204e+00 6.688579e-01 3.188346e+00
14000 95529/700000 42 1.364700e-01 : 3.857187e+00 6.702230e-01 3.186964e+00
15000 102223/750000 42 1.362973e-01 : 3.857353e+00 6.697885e-01 3.187565e+00
16000 109164/800000 42 1.364550e-01 : 3.857292e+00 6.708629e-01 3.186429e+00
17000 115862/850000 42 1.363082e-01 : 3.857333e+00 6.709024e-01 3.186431e+00
18000 122713/900000 42 1.363478e-01 : 3.857998e+00 6.717352e-01 3.186262e+00
19000 129363/950000 42 1.361716e-01 : 3.858161e+00 6.715205e-01 3.186641e+00
20000 136160/1000000 42 1.361600e-01 : 3.858270e+00 6.721675e-01 3.186103e+00
21000 143095/1050000 42 1.362810e-01 : 3.858336e+00 6.734719e-01 3.184864e+00
22000 149756/1100000 42 1.361418e-01 : 3.858186e+00 6.734520e-01 3.184734e+00
23000 156836/1150000 42 1.363791e-01 : 3.858167e+00 6.748591e-01 3.183308e+00
24000 163582/1200000 42 1.363183e-01 : 3.858301e+00 6.749482e-01 3.183352e+00
25000 170312/1250000 42 1.362496e-01 : 3.858248e+00 6.748116e-01 3.183437e+00
26000 177162/1300000 42 1.362785e-01 : 3.858275e+00 6.753241e-01 3.182951e+00
27000 183994/1350000 42 1.362919e-01 : 3.858469e+00 6.755996e-01 3.182870e+00
28000 190558/1400000 42 1.361129e-01 : 3.858406e+00 6.749194e-01 3.183487e+00
29000 197217/1450000 42 1.360117e-01 : 3.858275e+00 6.748956e-01 3.183379e+00
30000 204135/1500000 42 1.360900e-01 : 3.858320e+00 6.755845e-01 3.182735e+00
31000 210936/1550000 42 1.360877e-01 : 3.858285e+00 6.757349e-01 3.182551e+00
32000 217500/1600000 42 1.359375e-01 : 3.858184e+00 6.754391e-01 3.182744e+00
33000 224285/1650000 42 1.359303e-01 : 3.858138e+00 6.755081e-01 3.182630e+00
34000 231440/1700000 42 1.361412e-01 : 3.857999e+00 6.763030e-01 3.181696e+00
35000 237977/1750000 42 1.359869e-01 : 3.857973e+00 6.758937e-01 3.182079e+00
36000 244757/1800000 42 1.359761e-01 : 3.857967e+00 6.759943e-01 3.181973e+00
37000 251558/1850000 42 1.359773e-01 : 3.858129e+00 6.764380e-01 3.181691e+00
38000 258514/1900000 42 1.360600e-01 : 3.858146e+00 6.769606e-01 3.181185e+00
39000 265156/1950000 42 1.359774e-01 : 3.858110e+00 6.765917e-01 3.181518e+00
40000 272053/2000000 42 1.360265e-01 : 3.858147e+00 6.768384e-01 3.181309e+00
41000 278894/2050000 42 1.360459e-01 : 3.858146e+00 6.769145e-01 3.181231e+00
42000 285405/2100000 42 1.359071e-01 : 3.858254e+00 6.761896e-01 3.182065e+00
43000 292231/2150000 42 1.359214e-01 : 3.858249e+00 6.762853e-01 3.181963e+00
44000 299290/2200000 42 1.360409e-01 : 3.858129e+00 6.769075e-01 3.181222e+00
45000 306038/2250000 42 1.360169e-01 : 3.858205e+00 6.771195e-01 3.181086e+00
46000 312706/2300000 42 1.359591e-01 : 3.858141e+00 6.769582e-01 3.181183e+00
47000 319617/2350000 42 1.360072e-01 : 3.858010e+00 6.772755e-01 3.180734e+00
48000 326635/2400000 42 1.360979e-01 : 3.858032e+00 6.779670e-01 3.180065e+00
49000 333374/2450000 42 1.360710e-01 : 3.858008e+00 6.780146e-01 3.179994e+00
50000 340225/2500000 42 1.360900e-01 : 3.857992e+00 6.780849e-01 3.179907e+00
51000 347135/2550000 42 1.361314e-01 : 3.857945e+00 6.783777e-01 3.179567e+00
52000 353768/2600000 42 1.360646e-01 : 3.858014e+00 6.783687e-01 3.179645e+00
53000 360457/2650000 42 1.360215e-01 : 3.858065e+00 6.781373e-01 3.179928e+00
54000 367322/2700000 42 1.360452e-01 : 3.857949e+00 6.783982e-01 3.179551e+00
55000 374149/2750000 42 1.360542e-01 : 3.857952e+00 6.785238e-01 3.179428e+00
56000 380764/2800000 42 1.359871e-01 : 3.857945e+00 6.782325e-01 3.179713e+00
57000 387501/2850000 42 1.359653e-01 : 3.857846e+00 6.781993e-01 3.179646e+00
58000 394146/2900000 42 1.359124e-01 : 3.857875e+00 6.780560e-01 3.179819e+00
59000 400799/2950000 42 1.358641e-01 : 3.857739e+00 6.779122e-01 3.179827e+00
60000 407466/3000000 42 1.358220e-01 : 3.857618e+00 6.777825e-01 3.179836e+00
61000 414260/3050000 43 1.358230e-01 : 3.857724e+00 6.779288e-01 3.179795e+00
62000 420841/3100000 43 1.357552e-01 : 3.857763e+00 6.777082e-01 3.180055e+00
63000 427559/3150000 43 1.357330e-01 : 3.857887e+00 6.776684e-01 3.180218e+00
64000 434429/3200000 43 1.357591e-01 : 3.857854e+00 6.778918e-01 3.179962e+00
65000 441038/3250000 43 1.357040e-01 : 3.857839e+00 6.776809e-01 3.180158e+00
66000 447599/3300000 43 1.356361e-01 : 3.857862e+00 6.773380e-01 3.180524e+00
67000 454188/3350000 43 1.355785e-01 : 3.857946e+00 6.772093e-01 3.180737e+00
68000 461070/3400000 43 1.356088e-01 : 3.857848e+00 6.773852e-01 3.180462e+00
69000 467974/3450000 43 1.356446e-01 : 3.857828e+00 6.776486e-01 3.180179e+00
70000 474553/3500000 43 1.355866e-01 : 3.857795e+00 6.774493e-01 3.180345e+00
71000 481422/3550000 43 1.356118e-01 : 3.857775e+00 6.776086e-01 3.180167e+00
72000 488252/3600000 43 1.356256e-01 : 3.857788e+00 6.777135e-01 3.180075e+00
73000 494893/3650000 43 1.355871e-01 : 3.857759e+00 6.776255e-01 3.180134e+00
74000 501854/3700000 43 1.356362e-01 : 3.857712e+00 6.779807e-01 3.179731e+00
75000 508737/3750000 43 1.356632e-01 : 3.857766e+00 6.781375e-01 3.179628e+00
76000 515398/3800000 43 1.356311e-01 : 3.857768e+00 6.781321e-01 3.179636e+00
77000 522413/3850000 43 1.356917e-01 : 3.857761e+00 6.785367e-01 3.179224e+00
78000 529267/3900000 43 1.357095e-01 : 3.857784e+00 6.787322e-01 3.179052e+00
79000 536007/3950000 43 1.356980e-01 : 3.857721e+00 6.787574e-01 3.178963e+00
80000 542887/4000000 43 1.357218e-01 : 3.857734e+00 6.789676e-01 3.178766e+00
81000 549805/4050000 43 1.357543e-01 : 3.857761e+00 6.791047e-01 3.178656e+00
82000 556491/4100000 43 1.357295e-01 : 3.857707e+00 6.790320e-01 3.178675e+00
83000 563226/4150000 43 1.357171e-01 : 3.857694e+00 6.789552e-01 3.178739e+00
84000 569775/4200000 43 1.356607e-01 : 3.857690e+00 6.788937e-01 3.178796e+00
85000 576578/4250000 43 1.356654e-01 : 3.857700e+00 6.789616e-01 3.178739e+00
86000 583449/4300000 43 1.356858e-01 : 3.857734e+00 6.790947e-01 3.178639e+00
87000 590221/4350000 43 1.356830e-01 : 3.857761e+00 6.790950e-01 3.178666e+00
88000 596882/4400000 43 1.356550e-01 : 3.857742e+00 6.790471e-01 3.178694e+00
89000 603617/4450000 43 1.356443e-01 : 3.857822e+00 6.790438e-01 3.178778e+00
90000 610612/4500000 43 1.356916e-01 : 3.857906e+00 6.792992e-01 3.178607e+00
91000 617548/4550000 43 1.357248e-01 : 3.857937e+00 6.794556e-01 3.178482e+00
92000 624316/4600000 43 1.357209e-01 : 3.857942e+00 6.795049e-01 3.178437e+00
93000 631197/4650000 43 1.357413e-01 : 3.857897e+00 6.796221e-01 3.178275e+00
94000 637994/4700000 43 1.357434e-01 : 3.857881e+00 6.796163e-01 3.178265e+00
95000 644802/4750000 43 1.357478e-01 : 3.857921e+00 6.796176e-01 3.178303e+00
96000 651697/4800000 43 1.357702e-01 : 3.857877e+00 6.796316e-01 3.178246e+00
97000 658581/4850000 43 1.357899e-01 : 3.857899e+00 6.797618e-01 3.178137e+00
98000 665314/4900000 43 1.357784e-01 : 3.857928e+00 6.797725e-01 3.178155e+00
99000 672285/4950000 43 1.358152e-01 : 3.857999e+00 6.799464e-01 3.178053e+00
100000 679223/5000000 43 1.358446e-01 : 3.857928e+00 6.800357e-01 3.177892e+00
=== 最終統計結果 ===
総シンボル数: 5000000 個
総エラー数: 679223 個
シンボルエラー率: 0.135845 (13.58%)
1ブロック内最大エラー数: 43 個
実行イテレーション数: 100000 回
1イテレーションあたりのシンボル数: 50 個
平均エラー数/イテレーション: 6.79 個
========================
# InnerCodebook: deleted
# ChannelMatrix: deleted
# IDSchannel: deleted
# SLFBAdec: deleted
# ChannelMatrix: deleted
