# InnerCodebook: input ICB/ex01//cb.txt
# InnerCodebook: Nu=6 Nu2p=64 numCW=18 FlgUnique=1 FlgInvertible=1 FlgBalanced=1
# InnerCodebook: Rho=3 (ell,Delta)=(10,2) L0=2
# InnerCodebook: Rst01=4 Rst10=13
# CW
# 000:001011 (2,L2,R2) WL:0 0 1 1 2 3  WR:3 3 3 2 2 1  
# 001:001101 (2,L2,R1) WL:0 0 1 2 2 3  WR:3 3 3 2 1 1  
# 002:001110 (3,L2,R1) WL:0 0 1 2 3 3  WR:3 3 3 2 1 0  
# 003:010011 (2,L1,R2) WL:0 1 1 1 2 3  WR:3 3 2 2 2 1  
# 004:010101 (1,L1,R1) WL:0 1 1 2 2 3  WR:3 3 2 2 1 1  
# 005:010110 (2,L1,R1) WL:0 1 1 2 3 3  WR:3 3 2 2 1 0  
# 006:011001 (2,L1,R1) WL:0 1 2 2 2 3  WR:3 3 2 1 1 1  
# 007:011010 (2,L1,R1) WL:0 1 2 2 3 3  WR:3 3 2 1 1 0  
# 008:011100 (3,L1,R2) WL:0 1 2 3 3 3  WR:3 3 2 1 0 0  
# 009:100011 (3,L1,R2) WL:1 1 1 1 2 3  WR:3 2 2 2 2 1  
# 010:100101 (2,L1,R1) WL:1 1 1 2 2 3  WR:3 2 2 2 1 1  
# 011:100110 (2,L1,R1) WL:1 1 1 2 3 3  WR:3 2 2 2 1 0  
# 012:101001 (2,L1,R1) WL:1 1 2 2 2 3  WR:3 2 2 1 1 1  
# 013:101010 (1,L1,R1) WL:1 1 2 2 3 3  WR:3 2 2 1 1 0  
# 014:101100 (2,L1,R2) WL:1 1 2 3 3 3  WR:3 2 2 1 0 0  
# 015:110001 (3,L2,R1) WL:1 2 2 2 2 3  WR:3 2 1 1 1 1  
# 016:110010 (2,L2,R1) WL:1 2 2 2 3 3  WR:3 2 1 1 1 0  
# 017:110100 (2,L2,R2) WL:1 2 2 3 3 3  WR:3 2 1 1 0 0  
# CWL
# 000B:1 000D:1 000E:1 0013:1 0015:1 0016:1 0019:1 001A:1 001C:1 0023:1 
# 0025:1 0026:1 0029:1 002A:1 002C:1 0031:1 0032:1 0034:1 
# CWI
# 000B:000 000D:001 000E:002 0013:003 0015:004 0016:005 0019:006 001A:007 001C:008 0023:009 
# 0025:010 0026:011 0029:012 002A:013 002C:014 0031:015 0032:016 0034:017 
# Q=18 N=50 Nu=6 Nb=300 (Pi,Pd,Ps)=(5.000000e-03,5.000000e-03,5.000000e-03) [0]
# ICB:   ICB/ex01//cb.txt
# Const: ICB/ex01//constraint.txt
# EncCM: ICB/ex01//EncCM.bin
# ChannelMatrix: ICB/ex01//EncCM.bin (18x18)
# IDSchannel: N=300 (Pi,Pd,Ps)=(5.000000e-03,5.000000e-03,5.000000e-03) (Dmin,Dmax)=(-3,3)
# SLFBAdec: Ns=50 (Nu;Nu2min,Nu2max)=(6(64);3,9) Nb=300 Q=18
# SLFBAdec: (Pi,Pd,Ps,Pt)=(5.000000e-03,5.000000e-03,5.000000e-03,9.900000e-01) (Dmin,Dmax:Drng)=(-3,3:7)
# SLFBAdec: generating GD & GX
# SLFBAdec: generating factor graph
# ChannelMatrix: M=18 N=5832
1000 6057/50000 24 1.211400e-01 : 3.855482e+00 5.373101e-01 3.318172e+00
2000 12129/100000 25 1.212900e-01 : 3.855368e+00 5.555420e-01 3.299826e+00
3000 18337/150000 25 1.222467e-01 : 3.854361e+00 5.667671e-01 3.287594e+00
4000 24529/200000 25 1.226450e-01 : 3.854514e+00 5.739191e-01 3.280595e+00
5000 30752/250000 35 1.230080e-01 : 3.856413e+00 5.804013e-01 3.276011e+00
6000 36963/300000 35 1.232100e-01 : 3.856442e+00 5.868536e-01 3.269589e+00
7000 42943/350000 35 1.226943e-01 : 3.855941e+00 5.868100e-01 3.269131e+00
8000 48986/400000 35 1.224650e-01 : 3.856032e+00 5.875674e-01 3.268465e+00
9000 54986/450000 35 1.221911e-01 : 3.855876e+00 5.876893e-01 3.268187e+00
10000 60891/500000 35 1.217820e-01 : 3.855954e+00 5.877118e-01 3.268242e+00
11000 67015/550000 35 1.218455e-01 : 3.855835e+00 5.888622e-01 3.266973e+00
12000 72844/600000 35 1.214067e-01 : 3.856339e+00 5.884179e-01 3.267921e+00
13000 78964/650000 35 1.214831e-01 : 3.856776e+00 5.896512e-01 3.267125e+00
14000 84867/700000 35 1.212386e-01 : 3.856307e+00 5.892501e-01 3.267057e+00
15000 90962/750000 35 1.212827e-01 : 3.856533e+00 5.904940e-01 3.266039e+00
16000 97202/800000 35 1.215025e-01 : 3.857054e+00 5.922212e-01 3.264833e+00
17000 103186/850000 35 1.213953e-01 : 3.856683e+00 5.928021e-01 3.263881e+00
18000 109202/900000 35 1.213356e-01 : 3.856495e+00 5.931388e-01 3.263356e+00
19000 115312/950000 39 1.213811e-01 : 3.856460e+00 5.938704e-01 3.262590e+00
20000 121147/1000000 39 1.211470e-01 : 3.856551e+00 5.929394e-01 3.263611e+00
21000 127248/1050000 39 1.211886e-01 : 3.856289e+00 5.936265e-01 3.262662e+00
22000 133324/1100000 39 1.212036e-01 : 3.856104e+00 5.941848e-01 3.261919e+00
23000 139361/1150000 39 1.211835e-01 : 3.855911e+00 5.943014e-01 3.261610e+00
24000 145210/1200000 39 1.210083e-01 : 3.856095e+00 5.940328e-01 3.262062e+00
25000 151156/1250000 39 1.209248e-01 : 3.856282e+00 5.937767e-01 3.262505e+00
26000 157340/1300000 39 1.210308e-01 : 3.856367e+00 5.946313e-01 3.261736e+00
27000 163267/1350000 39 1.209385e-01 : 3.856374e+00 5.944512e-01 3.261923e+00
28000 169306/1400000 39 1.209329e-01 : 3.856094e+00 5.947149e-01 3.261379e+00
29000 175282/1450000 39 1.208841e-01 : 3.856381e+00 5.945630e-01 3.261818e+00
30000 181214/1500000 39 1.208093e-01 : 3.856569e+00 5.943685e-01 3.262201e+00
31000 187171/1550000 39 1.207555e-01 : 3.856587e+00 5.942314e-01 3.262355e+00
32000 193274/1600000 39 1.207962e-01 : 3.856490e+00 5.945656e-01 3.261924e+00
33000 199311/1650000 39 1.207945e-01 : 3.856350e+00 5.945139e-01 3.261836e+00
34000 205493/1700000 39 1.208782e-01 : 3.856570e+00 5.949739e-01 3.261596e+00
35000 211498/1750000 39 1.208560e-01 : 3.856592e+00 5.951056e-01 3.261486e+00
36000 217670/1800000 39 1.209278e-01 : 3.856554e+00 5.958803e-01 3.260674e+00
37000 223729/1850000 39 1.209346e-01 : 3.856668e+00 5.961136e-01 3.260554e+00
38000 229786/1900000 39 1.209400e-01 : 3.856651e+00 5.965125e-01 3.260138e+00
39000 235786/1950000 39 1.209159e-01 : 3.856501e+00 5.965743e-01 3.259926e+00
40000 241863/2000000 39 1.209315e-01 : 3.856396e+00 5.969428e-01 3.259453e+00
41000 248166/2050000 39 1.210566e-01 : 3.856396e+00 5.976326e-01 3.258763e+00
42000 254339/2100000 39 1.211138e-01 : 3.856332e+00 5.980614e-01 3.258271e+00
43000 260382/2150000 39 1.211079e-01 : 3.856273e+00 5.981384e-01 3.258134e+00
44000 266318/2200000 39 1.210536e-01 : 3.856330e+00 5.979966e-01 3.258334e+00
45000 272357/2250000 39 1.210476e-01 : 3.856360e+00 5.980512e-01 3.258309e+00
46000 278340/2300000 39 1.210174e-01 : 3.856289e+00 5.980731e-01 3.258216e+00
47000 284157/2350000 39 1.209179e-01 : 3.856274e+00 5.977616e-01 3.258513e+00
48000 290255/2400000 39 1.209396e-01 : 3.856300e+00 5.980271e-01 3.258273e+00
49000 296172/2450000 39 1.208865e-01 : 3.856297e+00 5.978233e-01 3.258473e+00
50000 302160/2500000 39 1.208640e-01 : 3.856432e+00 5.978864e-01 3.258546e+00
51000 308150/2550000 39 1.208431e-01 : 3.856285e+00 5.979858e-01 3.258299e+00
52000 314109/2600000 39 1.208112e-01 : 3.856320e+00 5.978399e-01 3.258480e+00
53000 320036/2650000 39 1.207683e-01 : 3.856388e+00 5.977051e-01 3.258682e+00
54000 326031/2700000 39 1.207522e-01 : 3.856366e+00 5.977195e-01 3.258646e+00
55000 332341/2750000 39 1.208513e-01 : 3.856548e+00 5.981601e-01 3.258387e+00
56000 338116/2800000 39 1.207557e-01 : 3.856554e+00 5.978074e-01 3.258746e+00
57000 343977/2850000 39 1.206937e-01 : 3.856595e+00 5.975673e-01 3.259027e+00
58000 350214/2900000 39 1.207634e-01 : 3.856661e+00 5.979453e-01 3.258715e+00
59000 356212/2950000 39 1.207498e-01 : 3.856703e+00 5.980318e-01 3.258671e+00
60000 362359/3000000 39 1.207863e-01 : 3.856760e+00 5.983444e-01 3.258416e+00
61000 368359/3050000 39 1.207734e-01 : 3.856783e+00 5.983460e-01 3.258437e+00
62000 374567/3100000 39 1.208281e-01 : 3.856845e+00 5.986458e-01 3.258199e+00
63000 380697/3150000 39 1.208562e-01 : 3.856900e+00 5.987900e-01 3.258110e+00
64000 386837/3200000 39 1.208866e-01 : 3.856959e+00 5.989097e-01 3.258049e+00
65000 392940/3250000 39 1.209046e-01 : 3.857018e+00 5.989697e-01 3.258049e+00
66000 398738/3300000 39 1.208297e-01 : 3.857016e+00 5.986869e-01 3.258329e+00
67000 404646/3350000 39 1.207899e-01 : 3.857044e+00 5.985183e-01 3.258526e+00
68000 410652/3400000 39 1.207800e-01 : 3.857019e+00 5.985243e-01 3.258495e+00
69000 416712/3450000 39 1.207861e-01 : 3.857042e+00 5.986418e-01 3.258400e+00
70000 422676/3500000 39 1.207646e-01 : 3.857098e+00 5.985921e-01 3.258506e+00
71000 428771/3550000 39 1.207806e-01 : 3.857182e+00 5.986787e-01 3.258503e+00
72000 434735/3600000 39 1.207597e-01 : 3.857276e+00 5.985836e-01 3.258692e+00
73000 440652/3650000 39 1.207266e-01 : 3.857141e+00 5.985339e-01 3.258607e+00
74000 446690/3700000 39 1.207270e-01 : 3.857220e+00 5.986558e-01 3.258564e+00
75000 452712/3750000 39 1.207232e-01 : 3.857191e+00 5.987312e-01 3.258460e+00
76000 458842/3800000 39 1.207479e-01 : 3.857152e+00 5.988312e-01 3.258321e+00
77000 465010/3850000 39 1.207818e-01 : 3.857140e+00 5.990148e-01 3.258125e+00
78000 471036/3900000 39 1.207785e-01 : 3.857173e+00 5.990048e-01 3.258168e+00
79000 477074/3950000 39 1.207782e-01 : 3.857152e+00 5.989966e-01 3.258156e+00
80000 483194/4000000 39 1.207985e-01 : 3.857153e+00 5.991374e-01 3.258016e+00
81000 489243/4050000 39 1.208007e-01 : 3.857155e+00 5.991312e-01 3.258024e+00
82000 495267/4100000 39 1.207968e-01 : 3.857113e+00 5.991625e-01 3.257951e+00
83000 501330/4150000 39 1.208024e-01 : 3.857155e+00 5.992862e-01 3.257869e+00
84000 507263/4200000 39 1.207769e-01 : 3.857186e+00 5.992083e-01 3.257978e+00
85000 513384/4250000 39 1.207962e-01 : 3.857156e+00 5.992911e-01 3.257865e+00
86000 519552/4300000 39 1.208260e-01 : 3.857154e+00 5.994057e-01 3.257749e+00
87000 525450/4350000 39 1.207931e-01 : 3.857216e+00 5.992463e-01 3.257969e+00
88000 531526/4400000 39 1.208014e-01 : 3.857168e+00 5.992518e-01 3.257916e+00
89000 537526/4450000 39 1.207924e-01 : 3.857278e+00 5.992328e-01 3.258046e+00
90000 543445/4500000 39 1.207656e-01 : 3.857215e+00 5.991225e-01 3.258093e+00
91000 549494/4550000 39 1.207679e-01 : 3.857240e+00 5.991676e-01 3.258072e+00
92000 555661/4600000 39 1.207959e-01 : 3.857263e+00 5.992844e-01 3.257979e+00
93000 561641/4650000 39 1.207830e-01 : 3.857245e+00 5.993277e-01 3.257917e+00
94000 567617/4700000 39 1.207696e-01 : 3.857284e+00 5.993302e-01 3.257954e+00
95000 573571/4750000 39 1.207518e-01 : 3.857255e+00 5.992681e-01 3.257987e+00
96000 579560/4800000 39 1.207417e-01 : 3.857268e+00 5.992234e-01 3.258045e+00
97000 585534/4850000 39 1.207287e-01 : 3.857260e+00 5.992164e-01 3.258044e+00
98000 591565/4900000 39 1.207276e-01 : 3.857269e+00 5.992431e-01 3.258025e+00
99000 597457/4950000 39 1.206984e-01 : 3.857233e+00 5.991710e-01 3.258062e+00
100000 603399/5000000 39 1.206798e-01 : 3.857218e+00 5.991259e-01 3.258093e+00
=== 最終統計結果 ===
総シンボル数: 5000000 個
総エラー数: 603399 個
シンボルエラー率: 0.120680 (12.07%)
1ブロック内最大エラー数: 39 個
実行イテレーション数: 100000 回
1イテレーションあたりのシンボル数: 50 個
平均エラー数/イテレーション: 6.03 個
========================
# InnerCodebook: deleted
# ChannelMatrix: deleted
# IDSchannel: deleted
# SLFBAdec: deleted
# ChannelMatrix: deleted
