# InnerCodebook: input ICB/ex01//cb.txt
# InnerCodebook: Nu=6 Nu2p=64 numCW=18 FlgUnique=1 FlgInvertible=1 FlgBalanced=1
# InnerCodebook: Rho=3 (ell,Delta)=(10,2) L0=2
# InnerCodebook: Rst01=4 Rst10=13
# CW
# 000:001011 (2,L2,R2) WL:0 0 1 1 2 3  WR:3 3 3 2 2 1  
# 001:001101 (2,L2,R1) WL:0 0 1 2 2 3  WR:3 3 3 2 1 1  
# 002:001110 (3,L2,R1) WL:0 0 1 2 3 3  WR:3 3 3 2 1 0  
# 003:010011 (2,L1,R2) WL:0 1 1 1 2 3  WR:3 3 2 2 2 1  
# 004:010101 (1,L1,R1) WL:0 1 1 2 2 3  WR:3 3 2 2 1 1  
# 005:010110 (2,L1,R1) WL:0 1 1 2 3 3  WR:3 3 2 2 1 0  
# 006:011001 (2,L1,R1) WL:0 1 2 2 2 3  WR:3 3 2 1 1 1  
# 007:011010 (2,L1,R1) WL:0 1 2 2 3 3  WR:3 3 2 1 1 0  
# 008:011100 (3,L1,R2) WL:0 1 2 3 3 3  WR:3 3 2 1 0 0  
# 009:100011 (3,L1,R2) WL:1 1 1 1 2 3  WR:3 2 2 2 2 1  
# 010:100101 (2,L1,R1) WL:1 1 1 2 2 3  WR:3 2 2 2 1 1  
# 011:100110 (2,L1,R1) WL:1 1 1 2 3 3  WR:3 2 2 2 1 0  
# 012:101001 (2,L1,R1) WL:1 1 2 2 2 3  WR:3 2 2 1 1 1  
# 013:101010 (1,L1,R1) WL:1 1 2 2 3 3  WR:3 2 2 1 1 0  
# 014:101100 (2,L1,R2) WL:1 1 2 3 3 3  WR:3 2 2 1 0 0  
# 015:110001 (3,L2,R1) WL:1 2 2 2 2 3  WR:3 2 1 1 1 1  
# 016:110010 (2,L2,R1) WL:1 2 2 2 3 3  WR:3 2 1 1 1 0  
# 017:110100 (2,L2,R2) WL:1 2 2 3 3 3  WR:3 2 1 1 0 0  
# CWL
# 000B:1 000D:1 000E:1 0013:1 0015:1 0016:1 0019:1 001A:1 001C:1 0023:1 
# 0025:1 0026:1 0029:1 002A:1 002C:1 0031:1 0032:1 0034:1 
# CWI
# 000B:000 000D:001 000E:002 0013:003 0015:004 0016:005 0019:006 001A:007 001C:008 0023:009 
# 0025:010 0026:011 0029:012 002A:013 002C:014 0031:015 0032:016 0034:017 
# Q=18 N=50 Nu=6 Nb=300 (Pi,Pd,Ps)=(6.000000e-03,6.000000e-03,6.000000e-03) [0]
# ICB:   ICB/ex01//cb.txt
# Const: ICB/ex01//constraint.txt
# EncCM: ICB/ex01//EncCM.bin
# ChannelMatrix: ICB/ex01//EncCM.bin (18x18)
# IDSchannel: N=300 (Pi,Pd,Ps)=(6.000000e-03,6.000000e-03,6.000000e-03) (Dmin,Dmax)=(-4,4)
# SLFBAdec: Ns=50 (Nu;Nu2min,Nu2max)=(6(64);3,9) Nb=300 Q=18
# SLFBAdec: (Pi,Pd,Ps,Pt)=(6.000000e-03,6.000000e-03,6.000000e-03,9.880000e-01) (Dmin,Dmax:Drng)=(-4,4:9)
# SLFBAdec: generating GD & GX
# SLFBAdec: generating factor graph
# ChannelMatrix: M=18 N=5832
1000 10166/50000 28 2.033200e-01 : 4.142124e+00 8.152130e-01 3.326911e+00
2000 20156/100000 31 2.015600e-01 : 4.142343e+00 8.348990e-01 3.307444e+00
3000 30197/150000 31 2.013133e-01 : 4.143223e+00 8.460739e-01 3.297149e+00
4000 40383/200000 31 2.019150e-01 : 4.143006e+00 8.554912e-01 3.287515e+00
5000 50543/250000 31 2.021720e-01 : 4.142468e+00 8.602910e-01 3.282177e+00
6000 60640/300000 31 2.021333e-01 : 4.142502e+00 8.660305e-01 3.276472e+00
7000 70662/350000 31 2.018914e-01 : 4.142304e+00 8.678923e-01 3.274411e+00
8000 80799/400000 31 2.019975e-01 : 4.142242e+00 8.691156e-01 3.273126e+00
9000 90953/450000 31 2.021178e-01 : 4.142042e+00 8.700068e-01 3.272035e+00
10000 101218/500000 32 2.024360e-01 : 4.142093e+00 8.724738e-01 3.269619e+00
11000 111361/550000 32 2.024745e-01 : 4.142025e+00 8.744456e-01 3.267580e+00
12000 121300/600000 33 2.021667e-01 : 4.141950e+00 8.740552e-01 3.267894e+00
13000 131357/650000 33 2.020877e-01 : 4.141969e+00 8.747859e-01 3.267183e+00
14000 141735/700000 33 2.024786e-01 : 4.141868e+00 8.770102e-01 3.264858e+00
15000 151889/750000 39 2.025187e-01 : 4.141781e+00 8.776367e-01 3.264144e+00
16000 162217/800000 39 2.027712e-01 : 4.141782e+00 8.791659e-01 3.262616e+00
17000 172447/850000 39 2.028788e-01 : 4.141865e+00 8.801436e-01 3.261721e+00
18000 182576/900000 39 2.028622e-01 : 4.141821e+00 8.810306e-01 3.260791e+00
19000 192784/950000 39 2.029305e-01 : 4.141734e+00 8.815812e-01 3.260153e+00
20000 202887/1000000 39 2.028870e-01 : 4.141782e+00 8.818020e-01 3.259980e+00
21000 213031/1050000 39 2.028867e-01 : 4.141886e+00 8.825256e-01 3.259361e+00
22000 223116/1100000 39 2.028327e-01 : 4.141825e+00 8.826254e-01 3.259199e+00
23000 233292/1150000 39 2.028626e-01 : 4.141911e+00 8.833846e-01 3.258527e+00
24000 243434/1200000 39 2.028617e-01 : 4.141880e+00 8.832855e-01 3.258595e+00
25000 253575/1250000 39 2.028600e-01 : 4.141879e+00 8.837758e-01 3.258103e+00
26000 263766/1300000 39 2.028969e-01 : 4.141848e+00 8.840840e-01 3.257764e+00
27000 274049/1350000 39 2.029993e-01 : 4.141956e+00 8.849845e-01 3.256972e+00
28000 284349/1400000 39 2.031064e-01 : 4.142021e+00 8.855974e-01 3.256424e+00
29000 294529/1450000 39 2.031234e-01 : 4.141986e+00 8.860511e-01 3.255935e+00
30000 304646/1500000 39 2.030973e-01 : 4.141991e+00 8.861372e-01 3.255854e+00
31000 314781/1550000 39 2.030845e-01 : 4.141980e+00 8.862721e-01 3.255708e+00
32000 324956/1600000 39 2.030975e-01 : 4.141967e+00 8.864304e-01 3.255536e+00
33000 335005/1650000 39 2.030333e-01 : 4.142047e+00 8.865702e-01 3.255477e+00
34000 345128/1700000 39 2.030165e-01 : 4.142077e+00 8.868716e-01 3.255205e+00
35000 355154/1750000 39 2.029451e-01 : 4.142083e+00 8.865992e-01 3.255484e+00
36000 365383/1800000 39 2.029906e-01 : 4.142068e+00 8.872335e-01 3.254834e+00
37000 375656/1850000 39 2.030573e-01 : 4.142018e+00 8.877211e-01 3.254297e+00
38000 385821/1900000 39 2.030637e-01 : 4.142048e+00 8.879025e-01 3.254146e+00
39000 395952/1950000 39 2.030523e-01 : 4.142042e+00 8.879591e-01 3.254083e+00
40000 405926/2000000 43 2.029630e-01 : 4.142060e+00 8.877864e-01 3.254274e+00
41000 416267/2050000 43 2.030571e-01 : 4.142058e+00 8.884215e-01 3.253637e+00
42000 426500/2100000 43 2.030952e-01 : 4.142064e+00 8.887554e-01 3.253308e+00
43000 436468/2150000 43 2.030084e-01 : 4.142057e+00 8.885752e-01 3.253481e+00
44000 446370/2200000 43 2.028955e-01 : 4.142097e+00 8.884102e-01 3.253687e+00
45000 456597/2250000 43 2.029320e-01 : 4.142109e+00 8.887356e-01 3.253373e+00
46000 466823/2300000 43 2.029665e-01 : 4.142124e+00 8.888826e-01 3.253242e+00
47000 476898/2350000 43 2.029353e-01 : 4.142122e+00 8.889099e-01 3.253212e+00
48000 487052/2400000 43 2.029383e-01 : 4.142053e+00 8.891295e-01 3.252924e+00
49000 497172/2450000 43 2.029273e-01 : 4.142068e+00 8.891652e-01 3.252903e+00
50000 507504/2500000 43 2.030016e-01 : 4.142100e+00 8.896581e-01 3.252442e+00
51000 517827/2550000 43 2.030694e-01 : 4.142098e+00 8.900802e-01 3.252018e+00
52000 527980/2600000 43 2.030692e-01 : 4.142098e+00 8.902248e-01 3.251873e+00
53000 537913/2650000 43 2.029860e-01 : 4.142095e+00 8.898548e-01 3.252240e+00
54000 547961/2700000 43 2.029485e-01 : 4.142125e+00 8.898953e-01 3.252230e+00
55000 558036/2750000 43 2.029222e-01 : 4.142107e+00 8.899550e-01 3.252152e+00
56000 567916/2800000 43 2.028271e-01 : 4.142109e+00 8.896558e-01 3.252453e+00
57000 577925/2850000 43 2.027807e-01 : 4.142164e+00 8.894088e-01 3.252755e+00
58000 588143/2900000 43 2.028079e-01 : 4.142182e+00 8.895312e-01 3.252651e+00
59000 598293/2950000 43 2.028112e-01 : 4.142215e+00 8.896645e-01 3.252550e+00
60000 608626/3000000 45 2.028753e-01 : 4.142252e+00 8.901706e-01 3.252081e+00
61000 618836/3050000 45 2.028970e-01 : 4.142228e+00 8.903900e-01 3.251838e+00
62000 628864/3100000 45 2.028594e-01 : 4.142225e+00 8.903626e-01 3.251862e+00
63000 638968/3150000 45 2.028470e-01 : 4.142223e+00 8.903321e-01 3.251891e+00
64000 649219/3200000 45 2.028809e-01 : 4.142216e+00 8.905795e-01 3.251636e+00
65000 659301/3250000 45 2.028618e-01 : 4.142246e+00 8.905563e-01 3.251690e+00
66000 669151/3300000 45 2.027730e-01 : 4.142238e+00 8.902568e-01 3.251981e+00
67000 679284/3350000 45 2.027713e-01 : 4.142277e+00 8.902303e-01 3.252046e+00
68000 689509/3400000 45 2.027968e-01 : 4.142277e+00 8.903971e-01 3.251880e+00
69000 699791/3450000 45 2.028380e-01 : 4.142292e+00 8.907323e-01 3.251560e+00
70000 709914/3500000 45 2.028326e-01 : 4.142300e+00 8.906868e-01 3.251613e+00
71000 720075/3550000 45 2.028380e-01 : 4.142299e+00 8.907788e-01 3.251520e+00
72000 730289/3600000 45 2.028581e-01 : 4.142294e+00 8.908134e-01 3.251481e+00
73000 740227/3650000 45 2.028019e-01 : 4.142274e+00 8.906537e-01 3.251621e+00
74000 750490/3700000 45 2.028351e-01 : 4.142270e+00 8.908909e-01 3.251379e+00
75000 760576/3750000 45 2.028203e-01 : 4.142279e+00 8.908257e-01 3.251453e+00
76000 770680/3800000 45 2.028105e-01 : 4.142276e+00 8.909549e-01 3.251321e+00
77000 780833/3850000 45 2.028138e-01 : 4.142278e+00 8.909710e-01 3.251307e+00
78000 790868/3900000 45 2.027867e-01 : 4.142276e+00 8.908034e-01 3.251473e+00
79000 800888/3950000 45 2.027565e-01 : 4.142287e+00 8.908376e-01 3.251449e+00
80000 810928/4000000 45 2.027320e-01 : 4.142286e+00 8.908989e-01 3.251387e+00
81000 821051/4050000 45 2.027286e-01 : 4.142260e+00 8.907806e-01 3.251480e+00
82000 831208/4100000 45 2.027337e-01 : 4.142251e+00 8.907364e-01 3.251514e+00
83000 841432/4150000 45 2.027547e-01 : 4.142235e+00 8.909612e-01 3.251274e+00
84000 851708/4200000 45 2.027876e-01 : 4.142244e+00 8.912229e-01 3.251022e+00
85000 862041/4250000 45 2.028332e-01 : 4.142226e+00 8.914343e-01 3.250792e+00
86000 872271/4300000 45 2.028537e-01 : 4.142231e+00 8.913786e-01 3.250852e+00
87000 882224/4350000 45 2.028101e-01 : 4.142241e+00 8.913005e-01 3.250941e+00
88000 892107/4400000 45 2.027516e-01 : 4.142250e+00 8.912037e-01 3.251047e+00
89000 902107/4450000 45 2.027207e-01 : 4.142240e+00 8.910928e-01 3.251148e+00
90000 912114/4500000 45 2.026920e-01 : 4.142244e+00 8.909330e-01 3.251311e+00
91000 922231/4550000 45 2.026881e-01 : 4.142231e+00 8.910042e-01 3.251226e+00
92000 932160/4600000 45 2.026435e-01 : 4.142228e+00 8.908789e-01 3.251349e+00
93000 942310/4650000 45 2.026473e-01 : 4.142237e+00 8.909657e-01 3.251271e+00
94000 952415/4700000 45 2.026415e-01 : 4.142242e+00 8.911102e-01 3.251131e+00
95000 962435/4750000 45 2.026179e-01 : 4.142264e+00 8.910914e-01 3.251173e+00
96000 972605/4800000 45 2.026260e-01 : 4.142266e+00 8.911250e-01 3.251141e+00
97000 982795/4850000 45 2.026381e-01 : 4.142273e+00 8.911600e-01 3.251113e+00
98000 992712/4900000 45 2.025943e-01 : 4.142272e+00 8.910457e-01 3.251226e+00
99000 1002810/4950000 45 2.025879e-01 : 4.142279e+00 8.909812e-01 3.251298e+00
100000 1013001/5000000 45 2.026002e-01 : 4.142260e+00 8.909456e-01 3.251315e+00
=== 最終統計結果 ===
総シンボル数: 5000000 個
総エラー数: 1013001 個
シンボルエラー率: 0.202600 (20.26%)
1ブロック内最大エラー数: 45 個
実行イテレーション数: 100000 回
1イテレーションあたりのシンボル数: 50 個
平均エラー数/イテレーション: 10.13 個
========================
# InnerCodebook: deleted
# ChannelMatrix: deleted
# IDSchannel: deleted
# SLFBAdec: deleted
# ChannelMatrix: deleted
