# (Pid,Ps)=(3.000000e-02,1.000000e-02) Nseg=200 WinSize=10 lmd=1 [0]
# InnerCB: ../search03/ICB/C12.bin
# Gtable:  Gtable/5/030_010.bin
# InnerCodebook: beta=5(1024) nu=2
# InnerCodebook: B(B2p)=6(64) 6(64) 
# InnerCodebook: checked CWM, EncMap, DecMap
# beta=5(1024) nu=2 N=1000 Dmax=35 WCmax=10000
# B=6,6,
# NBIDSchannel: N=1000 Q=4 Dmax=35 (Pid,Ps)=(3.000000e-02,1.000000e-02)
# FBalg4: Nseg=200 Dmax=35(w=71)
# FBalg4: Gtable: Gtable/5/030_010.bin
# Gtable: beta=5 (Pid,Ps,Ptrn)=(3.000000e-02,1.000000e-02,9.400000e-01) Pth=1.000000e-10
# Gtable: beta4p=1024 beta4pp=1048576
# Gtable::Gtable len=0 cnt=1024
# Gtable::Gtable len=1 cnt=4096
# Gtable::Gtable len=2 cnt=16384
# Gtable::Gtable len=3 cnt=65536
# Gtable::Gtable len=4 cnt=241636
# Gtable::Gtable len=5 cnt=779284
# Gtable::Gtable len=6 cnt=1541824
# Gtable::Gtable len=7 cnt=1451416
# Gtable::Gtable len=8 cnt=1264036
# Gtable::Gtable len=9 cnt=100348
# Gtable::Gtable len=10 cnt=1024
# FBalg4: beta=5(1024) (Pid,Ps)=(3.000000e-02,1.000000e-02) Pth=1.000000e-10 N=1000
# StatICB: nu=2 beta=5 beta4p=1024 Bsum=12 lmd=1
# StatICB: B=6,6,
0020(1008) (1.52e+00 1.61e+00) XE:1.61e-01 (1.15e+00 1.15e+00 | 5.71e-01 5.69e-01)	5.731340e+00 5.792620e+00 : 9.603300e-01
0041(1007) (1.62e+00 1.63e+00) XE:1.63e-01 (1.15e+00 1.16e+00 | 5.85e-01 5.79e-01)	5.640073e+00 5.711813e+00 : 9.459905e-01
0062(1006) (1.49e+00 1.62e+00) XE:1.62e-01 (1.14e+00 1.16e+00 | 5.55e-01 5.78e-01)	5.590109e+00 5.653534e+00 : 9.369702e-01
0083(988) (1.58e+00 1.59e+00) XE:1.59e-01 (1.16e+00 1.15e+00 | 5.77e-01 5.77e-01)	5.543147e+00 5.629985e+00 : 9.310944e-01
0105(994) (1.24e+00 1.59e+00) XE:1.59e-01 (1.13e+00 1.15e+00 | 5.79e-01 5.76e-01)	5.502417e+00 5.605392e+00 : 9.256508e-01
0126(994) (1.48e+00 1.59e+00) XE:1.59e-01 (1.16e+00 1.15e+00 | 6.05e-01 5.75e-01)	5.476076e+00 5.578705e+00 : 9.212317e-01
0147(1000) (1.39e+00 1.58e+00) XE:1.58e-01 (1.17e+00 1.15e+00 | 5.47e-01 5.76e-01)	5.460216e+00 5.566591e+00 : 9.189006e-01
0168(1000) (1.41e+00 1.58e+00) XE:1.58e-01 (1.15e+00 1.15e+00 | 5.87e-01 5.75e-01)	5.438329e+00 5.554022e+00 : 9.160292e-01
0189(999) (1.59e+00 1.58e+00) XE:1.58e-01 (1.18e+00 1.15e+00 | 5.95e-01 5.74e-01)	5.427366e+00 5.542664e+00 : 9.141692e-01
0210(1009) (1.22e+00 1.59e+00) XE:1.59e-01 (1.15e+00 1.15e+00 | 5.75e-01 5.75e-01)	5.415516e+00 5.531620e+00 : 9.122613e-01
0232(993) (1.69e+00 1.59e+00) XE:1.59e-01 (1.15e+00 1.15e+00 | 5.63e-01 5.74e-01)	5.400918e+00 5.521612e+00 : 9.102108e-01
0253(986) (1.51e+00 1.59e+00) XE:1.59e-01 (1.14e+00 1.15e+00 | 5.05e-01 5.74e-01)	5.396486e+00 5.514177e+00 : 9.092219e-01
0274(989) (1.49e+00 1.59e+00) XE:1.59e-01 (1.16e+00 1.15e+00 | 6.05e-01 5.75e-01)	5.387626e+00 5.511517e+00 : 9.082619e-01
0295(990) (1.73e+00 1.59e+00) XE:1.59e-01 (1.14e+00 1.15e+00 | 5.53e-01 5.74e-01)	5.381529e+00 5.501846e+00 : 9.069480e-01
0316(998) (1.84e+00 1.59e+00) XE:1.59e-01 (1.15e+00 1.15e+00 | 5.87e-01 5.74e-01)	5.376418e+00 5.494351e+00 : 9.058974e-01
0338(985) (1.61e+00 1.60e+00) XE:1.60e-01 (1.14e+00 1.15e+00 | 5.07e-01 5.74e-01)	5.369268e+00 5.486922e+00 : 9.046825e-01
0359(1001) (1.67e+00 1.60e+00) XE:1.60e-01 (1.15e+00 1.15e+00 | 5.41e-01 5.74e-01)	5.365776e+00 5.482208e+00 : 9.039987e-01
0380(999) (1.44e+00 1.60e+00) XE:1.60e-01 (1.16e+00 1.15e+00 | 5.53e-01 5.74e-01)	5.360470e+00 5.477419e+00 : 9.031574e-01
0401(1000) (1.86e+00 1.60e+00) XE:1.60e-01 (1.15e+00 1.15e+00 | 5.71e-01 5.74e-01)	5.357284e+00 5.472903e+00 : 9.025155e-01
0422(998) (1.48e+00 1.59e+00) XE:1.59e-01 (1.14e+00 1.15e+00 | 5.75e-01 5.73e-01)	5.354881e+00 5.471583e+00 : 9.022054e-01
0443(998) (1.44e+00 1.59e+00) XE:1.59e-01 (1.14e+00 1.15e+00 | 5.55e-01 5.74e-01)	5.355636e+00 5.469148e+00 : 9.020653e-01
0465(997) (1.76e+00 1.59e+00) XE:1.59e-01 (1.13e+00 1.15e+00 | 5.67e-01 5.73e-01)	5.353585e+00 5.465851e+00 : 9.016197e-01
0486(993) (1.86e+00 1.59e+00) XE:1.59e-01 (1.15e+00 1.15e+00 | 5.63e-01 5.74e-01)	5.351942e+00 5.462769e+00 : 9.012259e-01
0507(1003) (1.32e+00 1.58e+00) XE:1.58e-01 (1.16e+00 1.15e+00 | 5.81e-01 5.73e-01)	5.351776e+00 5.461490e+00 : 9.011055e-01
0528(1011) (1.50e+00 1.58e+00) XE:1.58e-01 (1.14e+00 1.15e+00 | 5.41e-01 5.73e-01)	5.348608e+00 5.459197e+00 : 9.006505e-01
0549(1014) (1.65e+00 1.58e+00) XE:1.58e-01 (1.16e+00 1.15e+00 | 6.16e-01 5.73e-01)	5.348459e+00 5.456858e+00 : 9.004431e-01
0570(999) (1.39e+00 1.58e+00) XE:1.58e-01 (1.16e+00 1.15e+00 | 5.01e-01 5.73e-01)	5.346952e+00 5.456317e+00 : 9.002724e-01
0592(1007) (1.20e+00 1.58e+00) XE:1.58e-01 (1.17e+00 1.15e+00 | 5.67e-01 5.73e-01)	5.344181e+00 5.454002e+00 : 8.998486e-01
0613(1000) (1.72e+00 1.58e+00) XE:1.58e-01 (1.14e+00 1.15e+00 | 5.19e-01 5.73e-01)	5.343457e+00 5.451149e+00 : 8.995505e-01
0634(1005) (1.01e+00 1.58e+00) XE:1.58e-01 (1.15e+00 1.15e+00 | 5.31e-01 5.73e-01)	5.342390e+00 5.452295e+00 : 8.995571e-01
0655(1001) (1.51e+00 1.58e+00) XE:1.58e-01 (1.14e+00 1.15e+00 | 5.61e-01 5.73e-01)	5.341635e+00 5.451389e+00 : 8.994187e-01
0676(990) (1.48e+00 1.58e+00) XE:1.58e-01 (1.13e+00 1.15e+00 | 6.09e-01 5.73e-01)	5.339647e+00 5.450395e+00 : 8.991701e-01
0697(998) (1.73e+00 1.58e+00) XE:1.58e-01 (1.15e+00 1.15e+00 | 5.47e-01 5.73e-01)	5.335199e+00 5.446656e+00 : 8.984879e-01
0719(1008) (1.55e+00 1.58e+00) XE:1.58e-01 (1.14e+00 1.15e+00 | 5.69e-01 5.74e-01)	5.334714e+00 5.445712e+00 : 8.983689e-01
0740(994) (1.84e+00 1.58e+00) XE:1.58e-01 (1.16e+00 1.15e+00 | 6.03e-01 5.74e-01)	5.333268e+00 5.444027e+00 : 8.981079e-01
0761(993) (1.78e+00 1.58e+00) XE:1.58e-01 (1.15e+00 1.15e+00 | 5.37e-01 5.74e-01)	5.332338e+00 5.442468e+00 : 8.979005e-01
0782(1009) (1.47e+00 1.58e+00) XE:1.58e-01 (1.16e+00 1.15e+00 | 5.89e-01 5.74e-01)	5.330603e+00 5.443947e+00 : 8.978791e-01
0803(1001) (1.33e+00 1.58e+00) XE:1.58e-01 (1.15e+00 1.15e+00 | 5.25e-01 5.74e-01)	5.329597e+00 5.442391e+00 : 8.976657e-01
0824(994) (1.89e+00 1.58e+00) XE:1.58e-01 (1.14e+00 1.15e+00 | 5.73e-01 5.74e-01)	5.329337e+00 5.440580e+00 : 8.974931e-01
0846(995) (1.27e+00 1.58e+00) XE:1.58e-01 (1.15e+00 1.15e+00 | 5.49e-01 5.74e-01)	5.328255e+00 5.440286e+00 : 8.973784e-01
0867(995) (1.83e+00 1.58e+00) XE:1.58e-01 (1.15e+00 1.15e+00 | 5.83e-01 5.74e-01)	5.327423e+00 5.437966e+00 : 8.971158e-01
0888(1000) (1.57e+00 1.58e+00) XE:1.58e-01 (1.16e+00 1.15e+00 | 5.71e-01 5.74e-01)	5.326663e+00 5.437357e+00 : 8.970016e-01
0909(1007) (1.57e+00 1.58e+00) XE:1.58e-01 (1.16e+00 1.15e+00 | 6.07e-01 5.75e-01)	5.325173e+00 5.436633e+00 : 8.968171e-01
0930(998) (1.61e+00 1.58e+00) XE:1.58e-01 (1.15e+00 1.15e+00 | 5.19e-01 5.74e-01)	5.324416e+00 5.434902e+00 : 8.966098e-01
0951(1005) (1.23e+00 1.58e+00) XE:1.58e-01 (1.13e+00 1.15e+00 | 5.13e-01 5.74e-01)	5.323182e+00 5.435137e+00 : 8.965266e-01
0973(997) (1.67e+00 1.58e+00) XE:1.58e-01 (1.18e+00 1.15e+00 | 5.65e-01 5.74e-01)	5.320898e+00 5.433466e+00 : 8.961971e-01
0994(993) (1.57e+00 1.58e+00) XE:1.58e-01 (1.14e+00 1.15e+00 | 6.07e-01 5.74e-01)	5.320473e+00 5.432214e+00 : 8.960573e-01
1015(999) (1.42e+00 1.58e+00) XE:1.58e-01 (1.14e+00 1.15e+00 | 5.81e-01 5.74e-01)	5.318341e+00 5.431530e+00 : 8.958226e-01
1036(999) (1.93e+00 1.58e+00) XE:1.58e-01 (1.13e+00 1.15e+00 | 5.89e-01 5.74e-01)	5.316824e+00 5.431459e+00 : 8.956903e-01
1057(1005) (1.90e+00 1.58e+00) XE:1.58e-01 (1.14e+00 1.15e+00 | 5.81e-01 5.74e-01)	5.314931e+00 5.429888e+00 : 8.954015e-01
1078(999) (1.76e+00 1.58e+00) XE:1.58e-01 (1.13e+00 1.15e+00 | 5.49e-01 5.74e-01)	5.313178e+00 5.428605e+00 : 8.951486e-01
1100(1006) (1.26e+00 1.58e+00) XE:1.58e-01 (1.15e+00 1.15e+00 | 5.71e-01 5.74e-01)	5.310856e+00 5.428081e+00 : 8.949115e-01
1121(999) (1.62e+00 1.58e+00) XE:1.58e-01 (1.16e+00 1.15e+00 | 5.81e-01 5.74e-01)	5.310111e+00 5.427299e+00 : 8.947842e-01
1142(1000) (1.81e+00 1.58e+00) XE:1.58e-01 (1.15e+00 1.15e+00 | 5.51e-01 5.74e-01)	5.309481e+00 5.426980e+00 : 8.947051e-01
1163(991) (1.15e+00 1.58e+00) XE:1.58e-01 (1.15e+00 1.15e+00 | 5.41e-01 5.73e-01)	5.307212e+00 5.425990e+00 : 8.944334e-01
1184(1003) (1.37e+00 1.58e+00) XE:1.58e-01 (1.17e+00 1.15e+00 | 5.75e-01 5.73e-01)	5.306881e+00 5.425115e+00 : 8.943329e-01
1206(997) (1.54e+00 1.58e+00) XE:1.58e-01 (1.14e+00 1.15e+00 | 5.67e-01 5.74e-01)	5.306771e+00 5.424507e+00 : 8.942731e-01
1227(986) (1.57e+00 1.58e+00) XE:1.58e-01 (1.13e+00 1.15e+00 | 5.63e-01 5.73e-01)	5.306252e+00 5.424041e+00 : 8.941911e-01
1248(1002) (1.85e+00 1.58e+00) XE:1.58e-01 (1.18e+00 1.15e+00 | 6.50e-01 5.74e-01)	5.305376e+00 5.424954e+00 : 8.941942e-01
1269(1010) (1.46e+00 1.58e+00) XE:1.58e-01 (1.16e+00 1.15e+00 | 5.67e-01 5.73e-01)	5.305451e+00 5.424037e+00 : 8.941240e-01
1290(1009) (1.13e+00 1.58e+00) XE:1.58e-01 (1.13e+00 1.15e+00 | 5.57e-01 5.73e-01)	5.304377e+00 5.422313e+00 : 8.938909e-01
1311(996) (1.72e+00 1.58e+00) XE:1.58e-01 (1.15e+00 1.15e+00 | 5.89e-01 5.73e-01)	5.304016e+00 5.422868e+00 : 8.939070e-01
1333(1005) (1.61e+00 1.58e+00) XE:1.58e-01 (1.15e+00 1.15e+00 | 5.67e-01 5.73e-01)	5.304438e+00 5.422754e+00 : 8.939327e-01
1354(1014) (1.88e+00 1.58e+00) XE:1.58e-01 (1.15e+00 1.15e+00 | 5.85e-01 5.73e-01)	5.303905e+00 5.421930e+00 : 8.938196e-01
1375(1001) (1.32e+00 1.58e+00) XE:1.58e-01 (1.15e+00 1.15e+00 | 6.12e-01 5.73e-01)	5.302562e+00 5.421452e+00 : 8.936678e-01
1396(1000) (1.67e+00 1.58e+00) XE:1.58e-01 (1.16e+00 1.15e+00 | 5.57e-01 5.74e-01)	5.301465e+00 5.421337e+00 : 8.935668e-01
1417(994) (1.74e+00 1.58e+00) XE:1.58e-01 (1.16e+00 1.15e+00 | 5.67e-01 5.74e-01)	5.301499e+00 5.420845e+00 : 8.935287e-01
1438(998) (1.63e+00 1.58e+00) XE:1.58e-01 (1.14e+00 1.15e+00 | 5.85e-01 5.74e-01)	5.301613e+00 5.420599e+00 : 8.935177e-01
1459(1005) (1.62e+00 1.58e+00) XE:1.58e-01 (1.17e+00 1.15e+00 | 6.74e-01 5.74e-01)	5.300163e+00 5.419787e+00 : 8.933292e-01
1481(994) (2.00e+00 1.58e+00) XE:1.58e-01 (1.16e+00 1.15e+00 | 5.83e-01 5.74e-01)	5.299159e+00 5.418331e+00 : 8.931241e-01
1502(993) (1.62e+00 1.58e+00) XE:1.58e-01 (1.15e+00 1.15e+00 | 5.43e-01 5.74e-01)	5.299039e+00 5.417903e+00 : 8.930785e-01
1523(971) (1.95e+00 1.58e+00) XE:1.58e-01 (1.15e+00 1.15e+00 | 5.95e-01 5.74e-01)	5.298499e+00 5.417230e+00 : 8.929774e-01
1544(1007) (1.59e+00 1.58e+00) XE:1.58e-01 (1.16e+00 1.15e+00 | 4.72e-01 5.74e-01)	5.297946e+00 5.416693e+00 : 8.928866e-01
1565(994) (1.68e+00 1.58e+00) XE:1.58e-01 (1.14e+00 1.15e+00 | 5.25e-01 5.74e-01)	5.297434e+00 5.415649e+00 : 8.927569e-01
1586(993) (1.87e+00 1.58e+00) XE:1.58e-01 (1.16e+00 1.15e+00 | 5.75e-01 5.74e-01)	5.297423e+00 5.415574e+00 : 8.927498e-01
1608(998) (1.49e+00 1.58e+00) XE:1.58e-01 (1.16e+00 1.15e+00 | 5.63e-01 5.73e-01)	5.296629e+00 5.415266e+00 : 8.926579e-01
1629(998) (1.49e+00 1.58e+00) XE:1.58e-01 (1.14e+00 1.15e+00 | 5.31e-01 5.73e-01)	5.295352e+00 5.415310e+00 : 8.925551e-01
1650(992) (1.43e+00 1.58e+00) XE:1.58e-01 (1.16e+00 1.15e+00 | 5.81e-01 5.73e-01)	5.295306e+00 5.415555e+00 : 8.925718e-01
1671(1001) (1.45e+00 1.58e+00) XE:1.58e-01 (1.17e+00 1.15e+00 | 5.87e-01 5.74e-01)	5.295019e+00 5.414889e+00 : 8.924924e-01
1692(999) (1.28e+00 1.58e+00) XE:1.58e-01 (1.15e+00 1.15e+00 | 5.79e-01 5.74e-01)	5.294512e+00 5.414324e+00 : 8.924031e-01
1714(1002) (1.69e+00 1.58e+00) XE:1.58e-01 (1.16e+00 1.15e+00 | 6.03e-01 5.74e-01)	5.294198e+00 5.414713e+00 : 8.924092e-01
1735(991) (1.86e+00 1.58e+00) XE:1.58e-01 (1.16e+00 1.15e+00 | 6.09e-01 5.74e-01)	5.294062e+00 5.414582e+00 : 8.923870e-01
1756(1010) (1.25e+00 1.58e+00) XE:1.58e-01 (1.15e+00 1.15e+00 | 5.75e-01 5.74e-01)	5.293817e+00 5.414608e+00 : 8.923687e-01
1777(1000) (1.81e+00 1.58e+00) XE:1.58e-01 (1.14e+00 1.15e+00 | 5.47e-01 5.74e-01)	5.292819e+00 5.413965e+00 : 8.922320e-01
1798(997) (1.40e+00 1.58e+00) XE:1.58e-01 (1.16e+00 1.15e+00 | 5.55e-01 5.74e-01)	5.291285e+00 5.413583e+00 : 8.920723e-01
1820(981) (1.73e+00 1.58e+00) XE:1.58e-01 (1.11e+00 1.15e+00 | 5.61e-01 5.74e-01)	5.291081e+00 5.413398e+00 : 8.920399e-01
1841(1002) (1.14e+00 1.58e+00) XE:1.58e-01 (1.14e+00 1.15e+00 | 5.47e-01 5.74e-01)	5.290609e+00 5.413378e+00 : 8.919989e-01
1862(1001) (1.39e+00 1.58e+00) XE:1.58e-01 (1.15e+00 1.15e+00 | 6.12e-01 5.74e-01)	5.290518e+00 5.413436e+00 : 8.919962e-01
1883(1011) (1.84e+00 1.58e+00) XE:1.58e-01 (1.17e+00 1.15e+00 | 5.57e-01 5.74e-01)	5.289995e+00 5.412428e+00 : 8.918686e-01
1904(1011) (1.40e+00 1.58e+00) XE:1.58e-01 (1.15e+00 1.15e+00 | 5.69e-01 5.74e-01)	5.289490e+00 5.411935e+00 : 8.917854e-01
1925(1002) (1.74e+00 1.58e+00) XE:1.58e-01 (1.16e+00 1.15e+00 | 5.69e-01 5.74e-01)	5.289517e+00 5.411652e+00 : 8.917641e-01
1947(997) (1.96e+00 1.58e+00) XE:1.58e-01 (1.18e+00 1.15e+00 | 6.46e-01 5.74e-01)	5.289896e+00 5.411866e+00 : 8.918135e-01
1968(1003) (1.54e+00 1.58e+00) XE:1.58e-01 (1.13e+00 1.15e+00 | 5.27e-01 5.74e-01)	5.289139e+00 5.411288e+00 : 8.917022e-01
1989(998) (1.70e+00 1.58e+00) XE:1.58e-01 (1.14e+00 1.15e+00 | 4.84e-01 5.74e-01)	5.288414e+00 5.410674e+00 : 8.915907e-01
2010(992) (1.51e+00 1.58e+00) XE:1.58e-01 (1.14e+00 1.15e+00 | 5.77e-01 5.74e-01)	5.287007e+00 5.410485e+00 : 8.914577e-01
2031(1001) (1.74e+00 1.58e+00) XE:1.58e-01 (1.16e+00 1.15e+00 | 5.25e-01 5.74e-01)	5.286784e+00 5.410089e+00 : 8.914061e-01
2052(996) (1.97e+00 1.58e+00) XE:1.58e-01 (1.15e+00 1.15e+00 | 5.61e-01 5.74e-01)	5.287445e+00 5.409961e+00 : 8.914505e-01
2074(995) (1.47e+00 1.58e+00) XE:1.58e-01 (1.15e+00 1.15e+00 | 5.37e-01 5.74e-01)	5.287201e+00 5.409435e+00 : 8.913863e-01
2095(998) (1.45e+00 1.58e+00) XE:1.58e-01 (1.13e+00 1.15e+00 | 5.83e-01 5.74e-01)	5.288126e+00 5.409448e+00 : 8.914645e-01
2116(1001) (1.45e+00 1.58e+00) XE:1.58e-01 (1.15e+00 1.15e+00 | 5.55e-01 5.74e-01)	5.288349e+00 5.408987e+00 : 8.914447e-01
2137(991) (1.70e+00 1.58e+00) XE:1.58e-01 (1.13e+00 1.15e+00 | 5.59e-01 5.74e-01)	5.287441e+00 5.407948e+00 : 8.912824e-01
2158(1003) (1.43e+00 1.58e+00) XE:1.58e-01 (1.16e+00 1.15e+00 | 5.85e-01 5.74e-01)	5.286725e+00 5.407847e+00 : 8.912144e-01
2179(1017) (1.64e+00 1.58e+00) XE:1.58e-01 (1.15e+00 1.15e+00 | 5.71e-01 5.74e-01)	5.286489e+00 5.408194e+00 : 8.912236e-01
2201(1005) (1.87e+00 1.58e+00) XE:1.58e-01 (1.16e+00 1.15e+00 | 5.61e-01 5.74e-01)	5.286354e+00 5.407635e+00 : 8.911658e-01
2222(1001) (1.55e+00 1.58e+00) XE:1.58e-01 (1.17e+00 1.15e+00 | 6.56e-01 5.74e-01)	5.285836e+00 5.407534e+00 : 8.911142e-01
2243(997) (1.51e+00 1.58e+00) XE:1.58e-01 (1.13e+00 1.15e+00 | 5.67e-01 5.74e-01)	5.286037e+00 5.407349e+00 : 8.911155e-01
2264(1008) (1.15e+00 1.58e+00) XE:1.58e-01 (1.13e+00 1.15e+00 | 5.95e-01 5.74e-01)	5.285409e+00 5.407181e+00 : 8.910492e-01
2285(1003) (1.84e+00 1.58e+00) XE:1.58e-01 (1.15e+00 1.15e+00 | 5.71e-01 5.74e-01)	5.285540e+00 5.407198e+00 : 8.910615e-01
2306(992) (1.79e+00 1.58e+00) XE:1.58e-01 (1.16e+00 1.15e+00 | 5.49e-01 5.74e-01)	5.285435e+00 5.407047e+00 : 8.910402e-01
2328(1003) (1.60e+00 1.58e+00) XE:1.58e-01 (1.13e+00 1.15e+00 | 6.03e-01 5.74e-01)	5.284956e+00 5.406812e+00 : 8.909807e-01
2349(997) (1.79e+00 1.58e+00) XE:1.58e-01 (1.19e+00 1.15e+00 | 5.59e-01 5.74e-01)	5.284604e+00 5.406342e+00 : 8.909121e-01
2370(1001) (1.68e+00 1.58e+00) XE:1.58e-01 (1.14e+00 1.15e+00 | 5.61e-01 5.74e-01)	5.284770e+00 5.405910e+00 : 8.908899e-01
2391(991) (1.94e+00 1.58e+00) XE:1.58e-01 (1.15e+00 1.15e+00 | 5.69e-01 5.74e-01)	5.284795e+00 5.405719e+00 : 8.908762e-01
2412(995) (1.58e+00 1.58e+00) XE:1.58e-01 (1.16e+00 1.15e+00 | 5.99e-01 5.74e-01)	5.284730e+00 5.405904e+00 : 8.908862e-01
2433(994) (1.26e+00 1.58e+00) XE:1.58e-01 (1.14e+00 1.15e+00 | 5.21e-01 5.74e-01)	5.284586e+00 5.405993e+00 : 8.908816e-01
2455(1000) (1.11e+00 1.58e+00) XE:1.58e-01 (1.17e+00 1.15e+00 | 5.83e-01 5.74e-01)	5.284548e+00 5.406248e+00 : 8.908997e-01
2476(991) (2.00e+00 1.58e+00) XE:1.58e-01 (1.16e+00 1.15e+00 | 5.83e-01 5.74e-01)	5.284135e+00 5.406177e+00 : 8.908593e-01
2497(1007) (1.33e+00 1.58e+00) XE:1.58e-01 (1.15e+00 1.15e+00 | 5.61e-01 5.74e-01)	5.283823e+00 5.406398e+00 : 8.908518e-01
2518(999) (1.94e+00 1.58e+00) XE:1.58e-01 (1.14e+00 1.15e+00 | 5.91e-01 5.74e-01)	5.283920e+00 5.405936e+00 : 8.908213e-01
2539(1008) (1.16e+00 1.58e+00) XE:1.58e-01 (1.13e+00 1.15e+00 | 5.25e-01 5.74e-01)	5.283297e+00 5.404952e+00 : 8.906874e-01
2560(1004) (1.32e+00 1.58e+00) XE:1.58e-01 (1.16e+00 1.15e+00 | 5.67e-01 5.74e-01)	5.283495e+00 5.404660e+00 : 8.906796e-01
2582(1010) (1.65e+00 1.58e+00) XE:1.58e-01 (1.14e+00 1.15e+00 | 5.95e-01 5.74e-01)	5.282973e+00 5.404148e+00 : 8.905934e-01
2603(993) (1.27e+00 1.58e+00) XE:1.58e-01 (1.18e+00 1.15e+00 | 6.24e-01 5.74e-01)	5.283040e+00 5.404046e+00 : 8.905905e-01
2624(1010) (1.33e+00 1.58e+00) XE:1.58e-01 (1.12e+00 1.15e+00 | 5.75e-01 5.74e-01)	5.282686e+00 5.403738e+00 : 8.905353e-01
2645(1011) (1.49e+00 1.58e+00) XE:1.58e-01 (1.15e+00 1.15e+00 | 5.61e-01 5.74e-01)	5.282647e+00 5.403816e+00 : 8.905386e-01
2666(997) (1.73e+00 1.58e+00) XE:1.58e-01 (1.15e+00 1.15e+00 | 5.71e-01 5.74e-01)	5.282653e+00 5.403543e+00 : 8.905163e-01
2687(998) (1.66e+00 1.58e+00) XE:1.58e-01 (1.15e+00 1.15e+00 | 5.85e-01 5.74e-01)	5.282198e+00 5.403171e+00 : 8.904474e-01
2708(1001) (1.66e+00 1.58e+00) XE:1.58e-01 (1.15e+00 1.15e+00 | 5.23e-01 5.74e-01)	5.281693e+00 5.402781e+00 : 8.903728e-01
2730(979) (1.92e+00 1.58e+00) XE:1.58e-01 (1.16e+00 1.15e+00 | 5.61e-01 5.74e-01)	5.281278e+00 5.402582e+00 : 8.903217e-01
2751(1007) (1.31e+00 1.58e+00) XE:1.58e-01 (1.14e+00 1.15e+00 | 5.57e-01 5.74e-01)	5.281171e+00 5.402428e+00 : 8.903000e-01
2772(1006) (1.64e+00 1.58e+00) XE:1.58e-01 (1.16e+00 1.15e+00 | 5.81e-01 5.74e-01)	5.280663e+00 5.402530e+00 : 8.902661e-01
2793(1004) (1.51e+00 1.58e+00) XE:1.58e-01 (1.12e+00 1.15e+00 | 5.79e-01 5.74e-01)	5.280464e+00 5.402448e+00 : 8.902427e-01
2814(993) (1.51e+00 1.58e+00) XE:1.58e-01 (1.17e+00 1.15e+00 | 5.69e-01 5.74e-01)	5.279900e+00 5.402198e+00 : 8.901748e-01
2835(1004) (1.27e+00 1.58e+00) XE:1.58e-01 (1.16e+00 1.15e+00 | 5.21e-01 5.74e-01)	5.280014e+00 5.402395e+00 : 8.902007e-01
2857(993) (1.43e+00 1.58e+00) XE:1.58e-01 (1.12e+00 1.15e+00 | 5.55e-01 5.74e-01)	5.280282e+00 5.402269e+00 : 8.902126e-01
2878(1013) (1.72e+00 1.58e+00) XE:1.58e-01 (1.16e+00 1.15e+00 | 5.73e-01 5.74e-01)	5.280001e+00 5.401511e+00 : 8.901260e-01
2899(997) (1.50e+00 1.58e+00) XE:1.58e-01 (1.13e+00 1.15e+00 | 6.14e-01 5.74e-01)	5.279918e+00 5.401687e+00 : 8.901337e-01
2920(1002) (1.76e+00 1.58e+00) XE:1.58e-01 (1.15e+00 1.15e+00 | 6.30e-01 5.74e-01)	5.279993e+00 5.401139e+00 : 8.900943e-01
2941(999) (1.78e+00 1.58e+00) XE:1.58e-01 (1.18e+00 1.15e+00 | 5.71e-01 5.74e-01)	5.279394e+00 5.400751e+00 : 8.900121e-01
2963(993) (1.80e+00 1.58e+00) XE:1.58e-01 (1.15e+00 1.15e+00 | 6.20e-01 5.74e-01)	5.279372e+00 5.400689e+00 : 8.900051e-01
2984(1006) (1.44e+00 1.58e+00) XE:1.58e-01 (1.14e+00 1.15e+00 | 6.24e-01 5.74e-01)	5.279544e+00 5.400161e+00 : 8.899754e-01
3005(998) (2.02e+00 1.58e+00) XE:1.58e-01 (1.14e+00 1.15e+00 | 5.87e-01 5.74e-01)	5.278813e+00 5.399853e+00 : 8.898889e-01
3026(999) (1.22e+00 1.58e+00) XE:1.58e-01 (1.18e+00 1.15e+00 | 6.01e-01 5.74e-01)	5.278892e+00 5.399763e+00 : 8.898879e-01
3047(996) (1.59e+00 1.58e+00) XE:1.58e-01 (1.17e+00 1.15e+00 | 5.97e-01 5.74e-01)	5.278991e+00 5.399794e+00 : 8.898987e-01
3068(1001) (1.30e+00 1.58e+00) XE:1.58e-01 (1.15e+00 1.15e+00 | 6.09e-01 5.74e-01)	5.278832e+00 5.399231e+00 : 8.898386e-01
3089(1004) (1.47e+00 1.58e+00) XE:1.58e-01 (1.17e+00 1.15e+00 | 5.91e-01 5.74e-01)	5.278867e+00 5.399223e+00 : 8.898408e-01
3111(1006) (1.09e+00 1.58e+00) XE:1.58e-01 (1.13e+00 1.15e+00 | 5.59e-01 5.74e-01)	5.279028e+00 5.398796e+00 : 8.898187e-01
3132(995) (1.60e+00 1.58e+00) XE:1.58e-01 (1.16e+00 1.15e+00 | 5.35e-01 5.74e-01)	5.278553e+00 5.398335e+00 : 8.897407e-01
3153(1003) (1.59e+00 1.58e+00) XE:1.58e-01 (1.15e+00 1.15e+00 | 5.77e-01 5.74e-01)	5.278115e+00 5.398091e+00 : 8.896838e-01
3174(1001) (1.73e+00 1.58e+00) XE:1.58e-01 (1.14e+00 1.15e+00 | 5.59e-01 5.74e-01)	5.278022e+00 5.397470e+00 : 8.896244e-01
3195(983) (1.68e+00 1.58e+00) XE:1.58e-01 (1.16e+00 1.15e+00 | 6.18e-01 5.74e-01)	5.278017e+00 5.397522e+00 : 8.896282e-01
3216(1007) (1.21e+00 1.58e+00) XE:1.58e-01 (1.12e+00 1.15e+00 | 5.43e-01 5.74e-01)	5.278229e+00 5.397023e+00 : 8.896043e-01
3238(997) (1.48e+00 1.58e+00) XE:1.58e-01 (1.15e+00 1.15e+00 | 5.85e-01 5.74e-01)	5.278407e+00 5.396880e+00 : 8.896073e-01
3259(1006) (1.89e+00 1.58e+00) XE:1.58e-01 (1.16e+00 1.15e+00 | 5.31e-01 5.74e-01)	5.277946e+00 5.396578e+00 : 8.895436e-01
3280(1002) (1.56e+00 1.58e+00) XE:1.58e-01 (1.16e+00 1.15e+00 | 4.96e-01 5.74e-01)	5.277861e+00 5.396200e+00 : 8.895051e-01
3301(1007) (1.76e+00 1.58e+00) XE:1.58e-01 (1.17e+00 1.15e+00 | 5.29e-01 5.74e-01)	5.277877e+00 5.396240e+00 : 8.895098e-01
3322(1010) (1.34e+00 1.58e+00) XE:1.58e-01 (1.15e+00 1.15e+00 | 5.71e-01 5.74e-01)	5.277338e+00 5.396176e+00 : 8.894596e-01
3343(999) (1.49e+00 1.58e+00) XE:1.58e-01 (1.16e+00 1.15e+00 | 5.89e-01 5.74e-01)	5.276957e+00 5.396173e+00 : 8.894275e-01
3365(991) (1.85e+00 1.58e+00) XE:1.58e-01 (1.15e+00 1.15e+00 | 5.15e-01 5.74e-01)	5.276702e+00 5.396065e+00 : 8.893972e-01
3386(995) (1.57e+00 1.58e+00) XE:1.58e-01 (1.17e+00 1.15e+00 | 5.93e-01 5.74e-01)	5.276549e+00 5.396069e+00 : 8.893848e-01
3407(997) (1.24e+00 1.58e+00) XE:1.58e-01 (1.15e+00 1.15e+00 | 5.71e-01 5.74e-01)	5.276418e+00 5.395830e+00 : 8.893540e-01
3428(996) (1.81e+00 1.58e+00) XE:1.58e-01 (1.13e+00 1.15e+00 | 5.63e-01 5.74e-01)	5.276405e+00 5.395424e+00 : 8.893191e-01
3449(985) (1.89e+00 1.58e+00) XE:1.58e-01 (1.15e+00 1.15e+00 | 5.79e-01 5.74e-01)	5.276158e+00 5.395166e+00 : 8.892771e-01
3470(1008) (1.21e+00 1.58e+00) XE:1.58e-01 (1.16e+00 1.15e+00 | 5.79e-01 5.74e-01)	5.276078e+00 5.395494e+00 : 8.892977e-01
3491(1014) (1.36e+00 1.58e+00) XE:1.58e-01 (1.16e+00 1.15e+00 | 5.81e-01 5.74e-01)	5.276004e+00 5.395247e+00 : 8.892709e-01
3513(996) (1.89e+00 1.58e+00) XE:1.58e-01 (1.14e+00 1.15e+00 | 5.67e-01 5.74e-01)	5.275649e+00 5.395031e+00 : 8.892234e-01
3534(1009) (1.52e+00 1.58e+00) XE:1.58e-01 (1.15e+00 1.15e+00 | 5.65e-01 5.74e-01)	5.275583e+00 5.394946e+00 : 8.892108e-01
3555(985) (1.51e+00 1.58e+00) XE:1.58e-01 (1.14e+00 1.15e+00 | 5.99e-01 5.74e-01)	5.275668e+00 5.395044e+00 : 8.892260e-01
3576(1008) (1.68e+00 1.58e+00) XE:1.58e-01 (1.16e+00 1.15e+00 | 5.59e-01 5.74e-01)	5.275595e+00 5.394702e+00 : 8.891914e-01
3597(999) (1.34e+00 1.58e+00) XE:1.58e-01 (1.14e+00 1.15e+00 | 5.69e-01 5.74e-01)	5.275013e+00 5.394404e+00 : 8.891181e-01
3618(1003) (1.65e+00 1.58e+00) XE:1.58e-01 (1.17e+00 1.15e+00 | 6.22e-01 5.74e-01)	5.275056e+00 5.394650e+00 : 8.891422e-01
3639(994) (1.24e+00 1.58e+00) XE:1.58e-01 (1.17e+00 1.15e+00 | 5.09e-01 5.74e-01)	5.275145e+00 5.394839e+00 : 8.891653e-01
3661(1005) (1.30e+00 1.58e+00) XE:1.58e-01 (1.17e+00 1.15e+00 | 5.97e-01 5.74e-01)	5.274579e+00 5.394920e+00 : 8.891249e-01
3682(994) (1.52e+00 1.58e+00) XE:1.58e-01 (1.14e+00 1.15e+00 | 5.25e-01 5.74e-01)	5.274397e+00 5.394757e+00 : 8.890962e-01
3703(1005) (1.44e+00 1.58e+00) XE:1.58e-01 (1.15e+00 1.15e+00 | 5.47e-01 5.74e-01)	5.274590e+00 5.394559e+00 : 8.890957e-01
3724(1004) (1.30e+00 1.58e+00) XE:1.58e-01 (1.13e+00 1.15e+00 | 5.07e-01 5.74e-01)	5.274745e+00 5.394039e+00 : 8.890653e-01
3745(1003) (1.79e+00 1.58e+00) XE:1.58e-01 (1.15e+00 1.15e+00 | 5.75e-01 5.74e-01)	5.274735e+00 5.393871e+00 : 8.890505e-01
3767(1003) (1.79e+00 1.58e+00) XE:1.58e-01 (1.19e+00 1.15e+00 | 5.59e-01 5.74e-01)	5.274690e+00 5.393875e+00 : 8.890471e-01
3788(999) (1.38e+00 1.58e+00) XE:1.58e-01 (1.15e+00 1.15e+00 | 5.19e-01 5.74e-01)	5.274689e+00 5.393653e+00 : 8.890285e-01
3809(992) (1.40e+00 1.58e+00) XE:1.58e-01 (1.14e+00 1.15e+00 | 5.49e-01 5.74e-01)	5.274577e+00 5.393698e+00 : 8.890229e-01
3830(990) (1.70e+00 1.58e+00) XE:1.58e-01 (1.12e+00 1.15e+00 | 5.71e-01 5.74e-01)	5.274326e+00 5.393656e+00 : 8.889984e-01
3851(1022) (1.36e+00 1.58e+00) XE:1.58e-01 (1.15e+00 1.15e+00 | 5.27e-01 5.74e-01)	5.274274e+00 5.393180e+00 : 8.889545e-01
3872(989) (1.42e+00 1.58e+00) XE:1.58e-01 (1.13e+00 1.15e+00 | 5.87e-01 5.74e-01)	5.273907e+00 5.393012e+00 : 8.889099e-01
3894(997) (1.77e+00 1.58e+00) XE:1.58e-01 (1.15e+00 1.15e+00 | 6.20e-01 5.74e-01)	5.273733e+00 5.392733e+00 : 8.888721e-01
3915(1006) (1.68e+00 1.58e+00) XE:1.58e-01 (1.15e+00 1.15e+00 | 5.53e-01 5.74e-01)	5.273527e+00 5.392463e+00 : 8.888325e-01
3936(1003) (1.46e+00 1.58e+00) XE:1.58e-01 (1.15e+00 1.15e+00 | 5.75e-01 5.74e-01)	5.273365e+00 5.392117e+00 : 8.887902e-01
3957(989) (1.85e+00 1.58e+00) XE:1.58e-01 (1.13e+00 1.15e+00 | 5.17e-01 5.74e-01)	5.273269e+00 5.392252e+00 : 8.887934e-01
3978(1006) (1.54e+00 1.58e+00) XE:1.58e-01 (1.16e+00 1.15e+00 | 5.51e-01 5.74e-01)	5.273352e+00 5.391887e+00 : 8.887699e-01
3999(1007) (1.67e+00 1.58e+00) XE:1.58e-01 (1.14e+00 1.15e+00 | 5.21e-01 5.74e-01)	5.273517e+00 5.391925e+00 : 8.887868e-01
4021(995) (1.68e+00 1.58e+00) XE:1.58e-01 (1.13e+00 1.15e+00 | 5.67e-01 5.74e-01)	5.273566e+00 5.391721e+00 : 8.887739e-01
4042(987) (1.89e+00 1.58e+00) XE:1.58e-01 (1.14e+00 1.15e+00 | 5.15e-01 5.74e-01)	5.273371e+00 5.391773e+00 : 8.887620e-01
4063(1018) (1.27e+00 1.58e+00) XE:1.58e-01 (1.15e+00 1.15e+00 | 5.91e-01 5.74e-01)	5.273368e+00 5.392015e+00 : 8.887820e-01
4084(1003) (1.84e+00 1.58e+00) XE:1.58e-01 (1.15e+00 1.15e+00 | 5.45e-01 5.74e-01)	5.273243e+00 5.391875e+00 : 8.887599e-01
4105(1010) (1.95e+00 1.58e+00) XE:1.58e-01 (1.15e+00 1.15e+00 | 5.71e-01 5.74e-01)	5.273046e+00 5.391857e+00 : 8.887419e-01
4126(993) (1.67e+00 1.58e+00) XE:1.58e-01 (1.15e+00 1.15e+00 | 6.30e-01 5.74e-01)	5.272751e+00 5.391654e+00 : 8.887005e-01
4148(1003) (1.23e+00 1.58e+00) XE:1.58e-01 (1.16e+00 1.15e+00 | 5.87e-01 5.74e-01)	5.272406e+00 5.391446e+00 : 8.886543e-01
4169(995) (1.94e+00 1.58e+00) XE:1.58e-01 (1.15e+00 1.15e+00 | 5.33e-01 5.74e-01)	5.272561e+00 5.391386e+00 : 8.886622e-01
4190(1004) (1.22e+00 1.58e+00) XE:1.58e-01 (1.14e+00 1.15e+00 | 5.51e-01 5.74e-01)	5.272638e+00 5.391065e+00 : 8.886419e-01
4211(998) (1.97e+00 1.58e+00) XE:1.58e-01 (1.15e+00 1.15e+00 | 5.61e-01 5.74e-01)	5.272238e+00 5.390767e+00 : 8.885838e-01
4232(1021) (1.28e+00 1.58e+00) XE:1.58e-01 (1.13e+00 1.15e+00 | 5.71e-01 5.74e-01)	5.271911e+00 5.390918e+00 : 8.885691e-01
4253(997) (1.85e+00 1.58e+00) XE:1.58e-01 (1.14e+00 1.15e+00 | 5.81e-01 5.74e-01)	5.271860e+00 5.390823e+00 : 8.885569e-01
4275(1016) (1.37e+00 1.58e+00) XE:1.58e-01 (1.16e+00 1.15e+00 | 5.71e-01 5.74e-01)	5.271809e+00 5.390852e+00 : 8.885551e-01
4296(1004) (1.46e+00 1.58e+00) XE:1.58e-01 (1.18e+00 1.15e+00 | 6.38e-01 5.74e-01)	5.272210e+00 5.390900e+00 : 8.885925e-01
4317(1011) (1.52e+00 1.58e+00) XE:1.58e-01 (1.14e+00 1.15e+00 | 5.33e-01 5.74e-01)	5.272141e+00 5.390797e+00 : 8.885782e-01
4338(996) (1.71e+00 1.58e+00) XE:1.58e-01 (1.18e+00 1.15e+00 | 5.63e-01 5.74e-01)	5.271979e+00 5.390581e+00 : 8.885466e-01
4359(994) (1.47e+00 1.58e+00) XE:1.58e-01 (1.14e+00 1.15e+00 | 5.77e-01 5.74e-01)	5.271891e+00 5.390571e+00 : 8.885385e-01
4380(984) (1.67e+00 1.58e+00) XE:1.58e-01 (1.14e+00 1.15e+00 | 6.14e-01 5.74e-01)	5.271695e+00 5.390524e+00 : 8.885183e-01
4401(1011) (1.20e+00 1.58e+00) XE:1.58e-01 (1.16e+00 1.15e+00 | 5.85e-01 5.74e-01)	5.271837e+00 5.390603e+00 : 8.885367e-01
4423(1003) (1.58e+00 1.58e+00) XE:1.58e-01 (1.15e+00 1.15e+00 | 5.37e-01 5.74e-01)	5.271885e+00 5.390549e+00 : 8.885361e-01
4444(993) (1.48e+00 1.58e+00) XE:1.58e-01 (1.14e+00 1.15e+00 | 5.73e-01 5.74e-01)	5.271953e+00 5.390553e+00 : 8.885422e-01
4465(999) (1.98e+00 1.58e+00) XE:1.58e-01 (1.15e+00 1.15e+00 | 5.41e-01 5.74e-01)	5.271890e+00 5.390716e+00 : 8.885505e-01
4486(998) (1.48e+00 1.58e+00) XE:1.58e-01 (1.15e+00 1.15e+00 | 5.19e-01 5.74e-01)	5.271754e+00 5.390522e+00 : 8.885230e-01
4507(1001) (1.73e+00 1.58e+00) XE:1.58e-01 (1.15e+00 1.15e+00 | 5.73e-01 5.74e-01)	5.271432e+00 5.390412e+00 : 8.884870e-01
4528(1003) (1.42e+00 1.58e+00) XE:1.58e-01 (1.14e+00 1.15e+00 | 6.38e-01 5.74e-01)	5.271324e+00 5.390271e+00 : 8.884662e-01
4550(1021) (1.09e+00 1.58e+00) XE:1.58e-01 (1.13e+00 1.15e+00 | 5.55e-01 5.74e-01)	5.271206e+00 5.390190e+00 : 8.884497e-01
4571(1003) (1.62e+00 1.58e+00) XE:1.58e-01 (1.15e+00 1.15e+00 | 5.53e-01 5.74e-01)	5.270791e+00 5.390231e+00 : 8.884185e-01
4592(995) (1.86e+00 1.58e+00) XE:1.58e-01 (1.14e+00 1.15e+00 | 5.65e-01 5.74e-01)	5.270463e+00 5.390048e+00 : 8.883759e-01
4613(1008) (1.24e+00 1.58e+00) XE:1.58e-01 (1.16e+00 1.15e+00 | 5.29e-01 5.74e-01)	5.269710e+00 5.390184e+00 : 8.883245e-01
4634(1005) (1.81e+00 1.58e+00) XE:1.58e-01 (1.17e+00 1.15e+00 | 5.27e-01 5.74e-01)	5.270013e+00 5.390272e+00 : 8.883570e-01
4655(995) (1.88e+00 1.58e+00) XE:1.58e-01 (1.16e+00 1.15e+00 | 5.53e-01 5.74e-01)	5.270133e+00 5.390111e+00 : 8.883537e-01
4677(991) (1.61e+00 1.58e+00) XE:1.58e-01 (1.14e+00 1.15e+00 | 5.85e-01 5.74e-01)	5.270116e+00 5.390020e+00 : 8.883447e-01
4698(985) (1.52e+00 1.58e+00) XE:1.58e-01 (1.15e+00 1.15e+00 | 5.47e-01 5.74e-01)	5.270105e+00 5.389548e+00 : 8.883044e-01
4719(995) (1.60e+00 1.58e+00) XE:1.58e-01 (1.15e+00 1.15e+00 | 5.81e-01 5.74e-01)	5.269717e+00 5.389337e+00 : 8.882545e-01
4740(998) (1.44e+00 1.58e+00) XE:1.58e-01 (1.16e+00 1.15e+00 | 6.18e-01 5.74e-01)	5.269582e+00 5.389289e+00 : 8.882392e-01
4761(1014) (1.25e+00 1.58e+00) XE:1.58e-01 (1.15e+00 1.15e+00 | 5.13e-01 5.74e-01)	5.269768e+00 5.389089e+00 : 8.882380e-01
4783(995) (1.71e+00 1.58e+00) XE:1.58e-01 (1.17e+00 1.15e+00 | 6.88e-01 5.74e-01)	5.269563e+00 5.389023e+00 : 8.882155e-01
4804(1022) (1.64e+00 1.58e+00) XE:1.58e-01 (1.15e+00 1.15e+00 | 5.93e-01 5.74e-01)	5.269666e+00 5.389037e+00 : 8.882252e-01
4825(1002) (1.75e+00 1.58e+00) XE:1.58e-01 (1.17e+00 1.15e+00 | 5.33e-01 5.74e-01)	5.269794e+00 5.388789e+00 : 8.882152e-01
4846(1004) (1.93e+00 1.58e+00) XE:1.58e-01 (1.13e+00 1.15e+00 | 5.95e-01 5.74e-01)	5.269566e+00 5.388714e+00 : 8.881901e-01
4867(1000) (1.68e+00 1.58e+00) XE:1.58e-01 (1.15e+00 1.15e+00 | 6.16e-01 5.74e-01)	5.269505e+00 5.388556e+00 : 8.881717e-01
4888(996) (1.64e+00 1.58e+00) XE:1.58e-01 (1.15e+00 1.15e+00 | 6.16e-01 5.74e-01)	5.269396e+00 5.388234e+00 : 8.881358e-01
4909(990) (1.86e+00 1.58e+00) XE:1.58e-01 (1.18e+00 1.15e+00 | 5.63e-01 5.74e-01)	5.269432e+00 5.388145e+00 : 8.881314e-01
4931(993) (1.92e+00 1.58e+00) XE:1.58e-01 (1.13e+00 1.15e+00 | 5.25e-01 5.74e-01)	5.269236e+00 5.388042e+00 : 8.881065e-01
4952(998) (1.54e+00 1.58e+00) XE:1.58e-01 (1.15e+00 1.15e+00 | 5.65e-01 5.74e-01)	5.268951e+00 5.388030e+00 : 8.880817e-01
4973(1000) (1.60e+00 1.58e+00) XE:1.58e-01 (1.15e+00 1.15e+00 | 5.75e-01 5.74e-01)	5.268948e+00 5.388029e+00 : 8.880814e-01
4994(1010) (1.41e+00 1.58e+00) XE:1.58e-01 (1.15e+00 1.15e+00 | 5.51e-01 5.74e-01)	5.268829e+00 5.388120e+00 : 8.880790e-01
5015(993) (1.80e+00 1.58e+00) XE:1.58e-01 (1.14e+00 1.15e+00 | 5.33e-01 5.74e-01)	5.268743e+00 5.388047e+00 : 8.880658e-01
5036(1001) (1.58e+00 1.58e+00) XE:1.58e-01 (1.16e+00 1.15e+00 | 6.03e-01 5.74e-01)	5.268612e+00 5.387852e+00 : 8.880387e-01
5058(1003) (1.30e+00 1.58e+00) XE:1.58e-01 (1.13e+00 1.15e+00 | 5.13e-01 5.74e-01)	5.268594e+00 5.387792e+00 : 8.880322e-01
5079(995) (1.84e+00 1.58e+00) XE:1.58e-01 (1.16e+00 1.15e+00 | 5.63e-01 5.74e-01)	5.268459e+00 5.387611e+00 : 8.880058e-01
5100(1000) (1.39e+00 1.58e+00) XE:1.58e-01 (1.14e+00 1.15e+00 | 5.47e-01 5.74e-01)	5.268153e+00 5.387503e+00 : 8.879714e-01
5121(1018) (1.34e+00 1.58e+00) XE:1.58e-01 (1.13e+00 1.15e+00 | 5.83e-01 5.74e-01)	5.267753e+00 5.387475e+00 : 8.879357e-01
5142(990) (1.63e+00 1.58e+00) XE:1.58e-01 (1.15e+00 1.15e+00 | 5.39e-01 5.74e-01)	5.267513e+00 5.387458e+00 : 8.879142e-01
5163(997) (1.56e+00 1.58e+00) XE:1.58e-01 (1.14e+00 1.15e+00 | 5.29e-01 5.74e-01)	5.267674e+00 5.387601e+00 : 8.879396e-01
5185(1002) (1.96e+00 1.58e+00) XE:1.58e-01 (1.14e+00 1.15e+00 | 5.59e-01 5.74e-01)	5.267559e+00 5.387599e+00 : 8.879298e-01
5206(1004) (1.39e+00 1.58e+00) XE:1.58e-01 (1.16e+00 1.15e+00 | 5.25e-01 5.74e-01)	5.267435e+00 5.387420e+00 : 8.879046e-01
5227(998) (1.30e+00 1.58e+00) XE:1.58e-01 (1.13e+00 1.15e+00 | 5.79e-01 5.74e-01)	5.267366e+00 5.387456e+00 : 8.879018e-01
5248(998) (1.40e+00 1.58e+00) XE:1.58e-01 (1.16e+00 1.15e+00 | 5.97e-01 5.74e-01)	5.267403e+00 5.387174e+00 : 8.878814e-01
5269(1011) (1.63e+00 1.58e+00) XE:1.58e-01 (1.15e+00 1.15e+00 | 5.27e-01 5.74e-01)	5.267237e+00 5.387377e+00 : 8.878845e-01
5291(998) (1.52e+00 1.58e+00) XE:1.58e-01 (1.13e+00 1.15e+00 | 5.57e-01 5.74e-01)	5.267106e+00 5.387299e+00 : 8.878670e-01
5312(1005) (1.43e+00 1.58e+00) XE:1.58e-01 (1.15e+00 1.15e+00 | 5.29e-01 5.74e-01)	5.266832e+00 5.386938e+00 : 8.878142e-01
5333(1010) (1.21e+00 1.58e+00) XE:1.58e-01 (1.15e+00 1.15e+00 | 5.33e-01 5.74e-01)	5.266825e+00 5.386929e+00 : 8.878128e-01
5354(1002) (1.97e+00 1.58e+00) XE:1.58e-01 (1.16e+00 1.15e+00 | 6.36e-01 5.74e-01)	5.266718e+00 5.386777e+00 : 8.877912e-01
5375(989) (1.75e+00 1.58e+00) XE:1.58e-01 (1.16e+00 1.15e+00 | 5.75e-01 5.74e-01)	5.266564e+00 5.386669e+00 : 8.877694e-01
5396(997) (1.57e+00 1.58e+00) XE:1.58e-01 (1.16e+00 1.15e+00 | 5.45e-01 5.74e-01)	5.266887e+00 5.386574e+00 : 8.877884e-01
5418(1001) (1.62e+00 1.58e+00) XE:1.58e-01 (1.14e+00 1.15e+00 | 6.42e-01 5.74e-01)	5.267239e+00 5.386450e+00 : 8.878073e-01
5439(999) (1.37e+00 1.58e+00) XE:1.58e-01 (1.15e+00 1.15e+00 | 5.67e-01 5.74e-01)	5.267174e+00 5.386482e+00 : 8.878047e-01
5460(988) (1.74e+00 1.58e+00) XE:1.58e-01 (1.16e+00 1.15e+00 | 5.75e-01 5.74e-01)	5.266963e+00 5.386441e+00 : 8.877836e-01
5481(989) (1.56e+00 1.58e+00) XE:1.58e-01 (1.16e+00 1.15e+00 | 5.29e-01 5.74e-01)	5.266721e+00 5.386356e+00 : 8.877565e-01
5502(1009) (1.74e+00 1.58e+00) XE:1.58e-01 (1.17e+00 1.15e+00 | 5.39e-01 5.74e-01)	5.266647e+00 5.386376e+00 : 8.877519e-01
5524(998) (1.62e+00 1.58e+00) XE:1.58e-01 (1.14e+00 1.15e+00 | 5.49e-01 5.74e-01)	5.266607e+00 5.386538e+00 : 8.877621e-01
5545(1006) (1.77e+00 1.58e+00) XE:1.58e-01 (1.15e+00 1.15e+00 | 5.31e-01 5.74e-01)	5.266527e+00 5.386508e+00 : 8.877529e-01
5566(1005) (1.73e+00 1.58e+00) XE:1.58e-01 (1.16e+00 1.15e+00 | 5.89e-01 5.74e-01)	5.266799e+00 5.386535e+00 : 8.877779e-01
5587(1002) (1.38e+00 1.58e+00) XE:1.58e-01 (1.15e+00 1.15e+00 | 5.31e-01 5.74e-01)	5.266871e+00 5.386493e+00 : 8.877803e-01
5608(1000) (1.42e+00 1.58e+00) XE:1.58e-01 (1.14e+00 1.15e+00 | 5.85e-01 5.74e-01)	5.267035e+00 5.386612e+00 : 8.878039e-01
5629(1000) (1.51e+00 1.58e+00) XE:1.58e-01 (1.13e+00 1.15e+00 | 5.57e-01 5.74e-01)	5.267094e+00 5.386657e+00 : 8.878126e-01
5651(995) (1.76e+00 1.58e+00) XE:1.58e-01 (1.14e+00 1.15e+00 | 5.79e-01 5.74e-01)	5.266825e+00 5.386489e+00 : 8.877762e-01
5672(1000) (1.43e+00 1.58e+00) XE:1.58e-01 (1.15e+00 1.15e+00 | 5.97e-01 5.74e-01)	5.266913e+00 5.386622e+00 : 8.877945e-01
5693(993) (1.67e+00 1.58e+00) XE:1.58e-01 (1.16e+00 1.15e+00 | 5.75e-01 5.74e-01)	5.267082e+00 5.386501e+00 : 8.877986e-01
5714(999) (1.58e+00 1.58e+00) XE:1.58e-01 (1.16e+00 1.15e+00 | 5.37e-01 5.74e-01)	5.267090e+00 5.386451e+00 : 8.877951e-01
5735(1000) (1.74e+00 1.58e+00) XE:1.58e-01 (1.15e+00 1.15e+00 | 5.19e-01 5.74e-01)	5.267162e+00 5.386195e+00 : 8.877798e-01
5756(992) (1.82e+00 1.58e+00) XE:1.58e-01 (1.16e+00 1.15e+00 | 5.95e-01 5.74e-01)	5.267213e+00 5.386083e+00 : 8.877747e-01
5777(1015) (1.23e+00 1.58e+00) XE:1.58e-01 (1.16e+00 1.15e+00 | 5.83e-01 5.74e-01)	5.267205e+00 5.386217e+00 : 8.877852e-01
5799(1011) (1.54e+00 1.58e+00) XE:1.58e-01 (1.17e+00 1.15e+00 | 5.85e-01 5.74e-01)	5.267213e+00 5.386178e+00 : 8.877826e-01
5820(987) (1.79e+00 1.57e+00) XE:1.57e-01 (1.17e+00 1.15e+00 | 5.97e-01 5.74e-01)	5.267184e+00 5.386109e+00 : 8.877745e-01
5841(995) (1.62e+00 1.57e+00) XE:1.57e-01 (1.16e+00 1.15e+00 | 5.71e-01 5.74e-01)	5.267146e+00 5.385923e+00 : 8.877557e-01
5862(1006) (1.55e+00 1.57e+00) XE:1.57e-01 (1.18e+00 1.15e+00 | 6.48e-01 5.74e-01)	5.267035e+00 5.385783e+00 : 8.877349e-01
5883(990) (1.63e+00 1.57e+00) XE:1.57e-01 (1.19e+00 1.15e+00 | 6.30e-01 5.74e-01)	5.267150e+00 5.385677e+00 : 8.877355e-01
5904(1002) (1.46e+00 1.58e+00) XE:1.58e-01 (1.14e+00 1.15e+00 | 5.69e-01 5.74e-01)	5.266903e+00 5.385672e+00 : 8.877146e-01
5925(992) (1.58e+00 1.58e+00) XE:1.58e-01 (1.17e+00 1.15e+00 | 6.16e-01 5.74e-01)	5.266761e+00 5.385546e+00 : 8.876922e-01
5946(1015) (1.21e+00 1.58e+00) XE:1.58e-01 (1.16e+00 1.15e+00 | 5.45e-01 5.74e-01)	5.266812e+00 5.385429e+00 : 8.876868e-01
5967(993) (1.62e+00 1.58e+00) XE:1.58e-01 (1.18e+00 1.15e+00 | 6.24e-01 5.74e-01)	5.266478e+00 5.385463e+00 : 8.876617e-01
5988(1005) (1.40e+00 1.58e+00) XE:1.58e-01 (1.18e+00 1.15e+00 | 6.05e-01 5.74e-01)	5.266152e+00 5.385227e+00 : 8.876149e-01
6009(999) (1.44e+00 1.58e+00) XE:1.58e-01 (1.15e+00 1.15e+00 | 5.89e-01 5.74e-01)	5.266058e+00 5.385272e+00 : 8.876108e-01
6030(1000) (1.50e+00 1.58e+00) XE:1.58e-01 (1.18e+00 1.15e+00 | 5.55e-01 5.74e-01)	5.266080e+00 5.385282e+00 : 8.876135e-01
6051(1010) (1.48e+00 1.58e+00) XE:1.58e-01 (1.17e+00 1.15e+00 | 5.75e-01 5.74e-01)	5.265932e+00 5.385244e+00 : 8.875980e-01
6071(1003) (2.06e+00 1.58e+00) XE:1.58e-01 (1.15e+00 1.15e+00 | 5.77e-01 5.74e-01)	5.265893e+00 5.385493e+00 : 8.876155e-01
6092(997) (1.53e+00 1.58e+00) XE:1.58e-01 (1.15e+00 1.15e+00 | 5.97e-01 5.74e-01)	5.265729e+00 5.385466e+00 : 8.875996e-01
6113(995) (1.36e+00 1.58e+00) XE:1.58e-01 (1.16e+00 1.15e+00 | 5.65e-01 5.74e-01)	5.265617e+00 5.385434e+00 : 8.875876e-01
6134(999) (1.43e+00 1.58e+00) XE:1.58e-01 (1.17e+00 1.15e+00 | 6.12e-01 5.74e-01)	5.265648e+00 5.385416e+00 : 8.875886e-01
6155(991) (1.84e+00 1.58e+00) XE:1.58e-01 (1.14e+00 1.15e+00 | 5.85e-01 5.74e-01)	5.265533e+00 5.385013e+00 : 8.875455e-01
6176(1005) (1.55e+00 1.58e+00) XE:1.58e-01 (1.17e+00 1.15e+00 | 5.91e-01 5.74e-01)	5.265443e+00 5.384727e+00 : 8.875142e-01
6197(1004) (1.80e+00 1.58e+00) XE:1.58e-01 (1.17e+00 1.15e+00 | 5.35e-01 5.74e-01)	5.265564e+00 5.384633e+00 : 8.875164e-01
6218(993) (1.87e+00 1.58e+00) XE:1.58e-01 (1.16e+00 1.15e+00 | 5.51e-01 5.74e-01)	5.265265e+00 5.384203e+00 : 8.874557e-01
6239(1017) (1.22e+00 1.58e+00) XE:1.58e-01 (1.16e+00 1.15e+00 | 5.99e-01 5.74e-01)	5.265130e+00 5.384079e+00 : 8.874340e-01
6260(998) (1.66e+00 1.58e+00) XE:1.58e-01 (1.15e+00 1.15e+00 | 5.91e-01 5.74e-01)	5.265076e+00 5.383932e+00 : 8.874173e-01
6281(994) (1.36e+00 1.58e+00) XE:1.58e-01 (1.13e+00 1.15e+00 | 6.01e-01 5.74e-01)	5.265115e+00 5.383910e+00 : 8.874188e-01
6302(1009) (1.54e+00 1.58e+00) XE:1.58e-01 (1.15e+00 1.15e+00 | 5.73e-01 5.74e-01)	5.265070e+00 5.384025e+00 : 8.874246e-01
6323(1004) (1.41e+00 1.58e+00) XE:1.58e-01 (1.14e+00 1.15e+00 | 6.14e-01 5.74e-01)	5.265327e+00 5.384051e+00 : 8.874481e-01
6344(985) (1.98e+00 1.58e+00) XE:1.58e-01 (1.16e+00 1.15e+00 | 6.22e-01 5.74e-01)	5.265227e+00 5.383919e+00 : 8.874289e-01
6365(998) (1.54e+00 1.58e+00) XE:1.58e-01 (1.13e+00 1.15e+00 | 5.83e-01 5.74e-01)	5.265023e+00 5.383877e+00 : 8.874083e-01
6386(1009) (1.49e+00 1.58e+00) XE:1.58e-01 (1.18e+00 1.15e+00 | 5.75e-01 5.74e-01)	5.265107e+00 5.383647e+00 : 8.873962e-01
6407(1002) (1.60e+00 1.58e+00) XE:1.58e-01 (1.15e+00 1.15e+00 | 5.93e-01 5.74e-01)	5.265352e+00 5.383506e+00 : 8.874048e-01
6427(1006) (1.25e+00 1.58e+00) XE:1.58e-01 (1.18e+00 1.15e+00 | 5.99e-01 5.74e-01)	5.265474e+00 5.383521e+00 : 8.874162e-01
6448(994) (1.43e+00 1.58e+00) XE:1.58e-01 (1.16e+00 1.15e+00 | 5.03e-01 5.74e-01)	5.265411e+00 5.383488e+00 : 8.874083e-01
6469(993) (1.80e+00 1.58e+00) XE:1.58e-01 (1.16e+00 1.15e+00 | 6.07e-01 5.74e-01)	5.265255e+00 5.383484e+00 : 8.873949e-01
6490(985) (1.94e+00 1.58e+00) XE:1.58e-01 (1.13e+00 1.15e+00 | 5.75e-01 5.74e-01)	5.265219e+00 5.383314e+00 : 8.873777e-01
6511(995) (1.77e+00 1.58e+00) XE:1.58e-01 (1.18e+00 1.15e+00 | 6.03e-01 5.74e-01)	5.265130e+00 5.383260e+00 : 8.873658e-01
6532(998) (1.68e+00 1.58e+00) XE:1.58e-01 (1.18e+00 1.15e+00 | 5.95e-01 5.74e-01)	5.264912e+00 5.383062e+00 : 8.873311e-01
6553(995) (1.29e+00 1.58e+00) XE:1.58e-01 (1.13e+00 1.15e+00 | 5.79e-01 5.74e-01)	5.265038e+00 5.382958e+00 : 8.873330e-01
6574(993) (1.66e+00 1.58e+00) XE:1.58e-01 (1.13e+00 1.15e+00 | 5.43e-01 5.74e-01)	5.264860e+00 5.382928e+00 : 8.873157e-01
6595(997) (1.44e+00 1.58e+00) XE:1.58e-01 (1.14e+00 1.15e+00 | 5.19e-01 5.74e-01)	5.264741e+00 5.382855e+00 : 8.872997e-01
6616(1005) (1.51e+00 1.58e+00) XE:1.58e-01 (1.16e+00 1.15e+00 | 5.87e-01 5.74e-01)	5.264804e+00 5.382835e+00 : 8.873033e-01
6637(997) (1.49e+00 1.58e+00) XE:1.58e-01 (1.15e+00 1.15e+00 | 5.31e-01 5.74e-01)	5.264759e+00 5.382867e+00 : 8.873021e-01
6658(1002) (1.63e+00 1.58e+00) XE:1.58e-01 (1.16e+00 1.15e+00 | 5.93e-01 5.74e-01)	5.264756e+00 5.382825e+00 : 8.872984e-01
6679(1001) (1.71e+00 1.58e+00) XE:1.58e-01 (1.17e+00 1.15e+00 | 6.07e-01 5.74e-01)	5.264594e+00 5.382709e+00 : 8.872753e-01
6700(995) (1.65e+00 1.58e+00) XE:1.58e-01 (1.15e+00 1.15e+00 | 5.73e-01 5.74e-01)	5.264386e+00 5.382560e+00 : 8.872455e-01
6721(996) (1.64e+00 1.58e+00) XE:1.58e-01 (1.15e+00 1.15e+00 | 5.71e-01 5.74e-01)	5.264296e+00 5.382430e+00 : 8.872272e-01
6742(1013) (1.23e+00 1.58e+00) XE:1.58e-01 (1.14e+00 1.15e+00 | 5.53e-01 5.74e-01)	5.264151e+00 5.382375e+00 : 8.872105e-01
6763(1008) (1.75e+00 1.58e+00) XE:1.58e-01 (1.19e+00 1.15e+00 | 6.12e-01 5.74e-01)	5.264129e+00 5.382382e+00 : 8.872092e-01
6784(1001) (1.28e+00 1.58e+00) XE:1.58e-01 (1.15e+00 1.15e+00 | 6.20e-01 5.74e-01)	5.263834e+00 5.382389e+00 : 8.871852e-01
6805(1001) (1.41e+00 1.58e+00) XE:1.58e-01 (1.15e+00 1.15e+00 | 5.53e-01 5.74e-01)	5.263934e+00 5.382133e+00 : 8.871723e-01
6826(999) (1.32e+00 1.58e+00) XE:1.58e-01 (1.16e+00 1.15e+00 | 5.81e-01 5.74e-01)	5.263933e+00 5.382134e+00 : 8.871722e-01
6847(1004) (1.76e+00 1.58e+00) XE:1.58e-01 (1.14e+00 1.15e+00 | 5.79e-01 5.74e-01)	5.263834e+00 5.382099e+00 : 8.871611e-01
6867(1002) (1.78e+00 1.58e+00) XE:1.58e-01 (1.15e+00 1.15e+00 | 6.14e-01 5.74e-01)	5.263620e+00 5.382258e+00 : 8.871565e-01
6888(982) (2.13e+00 1.58e+00) XE:1.58e-01 (1.15e+00 1.15e+00 | 5.45e-01 5.74e-01)	5.263393e+00 5.382169e+00 : 8.871301e-01
6909(1008) (1.50e+00 1.58e+00) XE:1.58e-01 (1.11e+00 1.15e+00 | 5.11e-01 5.74e-01)	5.263505e+00 5.382102e+00 : 8.871339e-01
6930(1011) (1.26e+00 1.58e+00) XE:1.58e-01 (1.19e+00 1.15e+00 | 6.03e-01 5.74e-01)	5.263311e+00 5.382031e+00 : 8.871118e-01
6951(1012) (1.61e+00 1.58e+00) XE:1.58e-01 (1.15e+00 1.15e+00 | 5.81e-01 5.74e-01)	5.263173e+00 5.382007e+00 : 8.870983e-01
6972(1007) (1.30e+00 1.58e+00) XE:1.58e-01 (1.16e+00 1.15e+00 | 5.73e-01 5.74e-01)	5.263089e+00 5.381997e+00 : 8.870905e-01
6993(995) (1.88e+00 1.58e+00) XE:1.58e-01 (1.16e+00 1.15e+00 | 5.39e-01 5.74e-01)	5.262984e+00 5.381913e+00 : 8.870748e-01
7014(1003) (1.34e+00 1.58e+00) XE:1.58e-01 (1.15e+00 1.15e+00 | 6.28e-01 5.74e-01)	5.262975e+00 5.381986e+00 : 8.870802e-01
7035(998) (1.29e+00 1.58e+00) XE:1.58e-01 (1.13e+00 1.15e+00 | 5.57e-01 5.74e-01)	5.262876e+00 5.382187e+00 : 8.870885e-01
7056(1003) (1.80e+00 1.58e+00) XE:1.58e-01 (1.17e+00 1.15e+00 | 5.53e-01 5.74e-01)	5.262697e+00 5.382044e+00 : 8.870617e-01
7077(1012) (1.30e+00 1.58e+00) XE:1.58e-01 (1.15e+00 1.15e+00 | 5.41e-01 5.74e-01)	5.262696e+00 5.382005e+00 : 8.870584e-01
7098(1002) (1.91e+00 1.58e+00) XE:1.58e-01 (1.18e+00 1.15e+00 | 6.58e-01 5.74e-01)	5.262759e+00 5.382073e+00 : 8.870693e-01
7119(1007) (1.33e+00 1.58e+00) XE:1.58e-01 (1.16e+00 1.15e+00 | 5.29e-01 5.74e-01)	5.262641e+00 5.382127e+00 : 8.870640e-01
7140(1002) (1.22e+00 1.58e+00) XE:1.58e-01 (1.16e+00 1.15e+00 | 5.73e-01 5.74e-01)	5.262620e+00 5.382141e+00 : 8.870634e-01
7161(993) (1.43e+00 1.58e+00) XE:1.58e-01 (1.16e+00 1.15e+00 | 5.49e-01 5.74e-01)	5.262675e+00 5.382157e+00 : 8.870693e-01
7182(1027) (1.50e+00 1.58e+00) XE:1.58e-01 (1.16e+00 1.15e+00 | 5.43e-01 5.74e-01)	5.262595e+00 5.382162e+00 : 8.870631e-01
7203(1001) (1.43e+00 1.57e+00) XE:1.57e-01 (1.13e+00 1.15e+00 | 5.45e-01 5.74e-01)	5.262808e+00 5.381985e+00 : 8.870661e-01
7223(1016) (1.27e+00 1.57e+00) XE:1.57e-01 (1.16e+00 1.15e+00 | 5.69e-01 5.74e-01)	5.262809e+00 5.382007e+00 : 8.870680e-01
7244(1000) (1.32e+00 1.57e+00) XE:1.57e-01 (1.16e+00 1.15e+00 | 5.33e-01 5.74e-01)	5.262792e+00 5.381903e+00 : 8.870579e-01
7265(1006) (1.88e+00 1.57e+00) XE:1.57e-01 (1.17e+00 1.15e+00 | 6.40e-01 5.74e-01)	5.262714e+00 5.381974e+00 : 8.870573e-01
7286(1000) (1.54e+00 1.57e+00) XE:1.57e-01 (1.15e+00 1.15e+00 | 5.21e-01 5.74e-01)	5.262690e+00 5.381963e+00 : 8.870544e-01
7307(1020) (1.71e+00 1.57e+00) XE:1.57e-01 (1.13e+00 1.15e+00 | 5.83e-01 5.74e-01)	5.262619e+00 5.381939e+00 : 8.870465e-01
7328(991) (2.06e+00 1.57e+00) XE:1.57e-01 (1.15e+00 1.15e+00 | 6.40e-01 5.74e-01)	5.262528e+00 5.381970e+00 : 8.870415e-01
7349(1011) (1.42e+00 1.57e+00) XE:1.57e-01 (1.15e+00 1.15e+00 | 6.30e-01 5.74e-01)	5.262612e+00 5.382019e+00 : 8.870526e-01
7370(1007) (1.36e+00 1.58e+00) XE:1.58e-01 (1.14e+00 1.15e+00 | 5.47e-01 5.74e-01)	5.262558e+00 5.381785e+00 : 8.870286e-01
7391(1000) (1.35e+00 1.58e+00) XE:1.58e-01 (1.15e+00 1.15e+00 | 6.05e-01 5.74e-01)	5.262467e+00 5.381625e+00 : 8.870077e-01
7412(999) (1.44e+00 1.58e+00) XE:1.58e-01 (1.17e+00 1.15e+00 | 5.33e-01 5.74e-01)	5.262341e+00 5.381626e+00 : 8.869972e-01
7433(997) (1.78e+00 1.58e+00) XE:1.58e-01 (1.17e+00 1.15e+00 | 6.03e-01 5.74e-01)	5.262232e+00 5.381376e+00 : 8.869673e-01
7454(1007) (1.48e+00 1.58e+00) XE:1.58e-01 (1.17e+00 1.15e+00 | 5.95e-01 5.74e-01)	5.262174e+00 5.381338e+00 : 8.869593e-01
7475(998) (1.59e+00 1.58e+00) XE:1.58e-01 (1.14e+00 1.15e+00 | 6.05e-01 5.74e-01)	5.262049e+00 5.381220e+00 : 8.869391e-01
7496(1020) (1.49e+00 1.58e+00) XE:1.58e-01 (1.16e+00 1.15e+00 | 5.81e-01 5.74e-01)	5.262163e+00 5.381162e+00 : 8.869437e-01
7517(1002) (1.51e+00 1.58e+00) XE:1.58e-01 (1.15e+00 1.15e+00 | 5.33e-01 5.74e-01)	5.262057e+00 5.381105e+00 : 8.869301e-01
7538(1008) (1.77e+00 1.58e+00) XE:1.58e-01 (1.13e+00 1.15e+00 | 5.29e-01 5.74e-01)	5.262011e+00 5.381015e+00 : 8.869188e-01
7559(997) (1.62e+00 1.58e+00) XE:1.58e-01 (1.14e+00 1.15e+00 | 5.19e-01 5.74e-01)	5.262119e+00 5.380941e+00 : 8.869217e-01
7580(994) (1.75e+00 1.58e+00) XE:1.58e-01 (1.12e+00 1.15e+00 | 5.95e-01 5.74e-01)	5.262180e+00 5.380917e+00 : 8.869247e-01
7601(992) (1.45e+00 1.58e+00) XE:1.58e-01 (1.14e+00 1.15e+00 | 5.69e-01 5.74e-01)	5.262180e+00 5.380869e+00 : 8.869208e-01
7622(1016) (1.13e+00 1.58e+00) XE:1.58e-01 (1.16e+00 1.15e+00 | 5.89e-01 5.74e-01)	5.262265e+00 5.380922e+00 : 8.869322e-01
7642(999) (1.56e+00 1.58e+00) XE:1.58e-01 (1.14e+00 1.15e+00 | 5.99e-01 5.74e-01)	5.262080e+00 5.380806e+00 : 8.869071e-01
7663(997) (1.84e+00 1.58e+00) XE:1.58e-01 (1.17e+00 1.15e+00 | 5.87e-01 5.74e-01)	5.261924e+00 5.380767e+00 : 8.868909e-01
7684(990) (1.49e+00 1.58e+00) XE:1.58e-01 (1.15e+00 1.15e+00 | 6.07e-01 5.74e-01)	5.261808e+00 5.380706e+00 : 8.868762e-01
7705(994) (1.76e+00 1.58e+00) XE:1.58e-01 (1.15e+00 1.15e+00 | 5.83e-01 5.74e-01)	5.261594e+00 5.380700e+00 : 8.868579e-01
7726(989) (1.66e+00 1.58e+00) XE:1.58e-01 (1.15e+00 1.15e+00 | 5.43e-01 5.74e-01)	5.261487e+00 5.380657e+00 : 8.868453e-01
7747(1009) (1.42e+00 1.58e+00) XE:1.58e-01 (1.17e+00 1.15e+00 | 5.65e-01 5.74e-01)	5.261324e+00 5.380684e+00 : 8.868340e-01
7768(1011) (1.48e+00 1.58e+00) XE:1.58e-01 (1.15e+00 1.15e+00 | 5.43e-01 5.74e-01)	5.261345e+00 5.380743e+00 : 8.868407e-01
7789(1009) (1.36e+00 1.58e+00) XE:1.58e-01 (1.16e+00 1.15e+00 | 5.27e-01 5.74e-01)	5.261360e+00 5.380636e+00 : 8.868330e-01
7810(1015) (1.52e+00 1.58e+00) XE:1.58e-01 (1.15e+00 1.15e+00 | 5.59e-01 5.74e-01)	5.261203e+00 5.380533e+00 : 8.868113e-01
7831(997) (1.78e+00 1.58e+00) XE:1.58e-01 (1.17e+00 1.15e+00 | 5.35e-01 5.74e-01)	5.261191e+00 5.380431e+00 : 8.868018e-01
7852(1013) (1.42e+00 1.58e+00) XE:1.58e-01 (1.16e+00 1.15e+00 | 5.35e-01 5.74e-01)	5.261246e+00 5.380487e+00 : 8.868110e-01
7873(1002) (1.17e+00 1.58e+00) XE:1.58e-01 (1.14e+00 1.15e+00 | 5.99e-01 5.74e-01)	5.261165e+00 5.380387e+00 : 8.867960e-01
7894(990) (1.60e+00 1.58e+00) XE:1.58e-01 (1.13e+00 1.15e+00 | 5.29e-01 5.74e-01)	5.261348e+00 5.380472e+00 : 8.868184e-01
7915(999) (1.64e+00 1.58e+00) XE:1.58e-01 (1.16e+00 1.15e+00 | 5.97e-01 5.74e-01)	5.261371e+00 5.380458e+00 : 8.868191e-01
7936(1007) (1.35e+00 1.58e+00) XE:1.58e-01 (1.16e+00 1.15e+00 | 6.01e-01 5.74e-01)	5.261094e+00 5.380417e+00 : 8.867926e-01
7956(991) (1.68e+00 1.58e+00) XE:1.58e-01 (1.14e+00 1.15e+00 | 5.71e-01 5.74e-01)	5.261156e+00 5.380435e+00 : 8.867992e-01
7977(1008) (1.55e+00 1.58e+00) XE:1.58e-01 (1.19e+00 1.15e+00 | 5.83e-01 5.74e-01)	5.261129e+00 5.380313e+00 : 8.867869e-01
7998(984) (1.85e+00 1.58e+00) XE:1.58e-01 (1.16e+00 1.15e+00 | 5.59e-01 5.74e-01)	5.261179e+00 5.380231e+00 : 8.867841e-01
8019(1001) (1.48e+00 1.58e+00) XE:1.58e-01 (1.13e+00 1.15e+00 | 5.93e-01 5.74e-01)	5.260983e+00 5.380223e+00 : 8.867672e-01
8040(988) (1.69e+00 1.58e+00) XE:1.58e-01 (1.15e+00 1.15e+00 | 5.81e-01 5.74e-01)	5.261003e+00 5.380113e+00 : 8.867596e-01
8061(998) (1.36e+00 1.58e+00) XE:1.58e-01 (1.17e+00 1.15e+00 | 5.93e-01 5.74e-01)	5.260915e+00 5.379994e+00 : 8.867424e-01
8082(1004) (1.24e+00 1.58e+00) XE:1.58e-01 (1.15e+00 1.15e+00 | 5.97e-01 5.74e-01)	5.260799e+00 5.380002e+00 : 8.867334e-01
8103(1002) (1.76e+00 1.58e+00) XE:1.58e-01 (1.14e+00 1.15e+00 | 5.61e-01 5.74e-01)	5.260559e+00 5.379902e+00 : 8.867051e-01
8124(999) (1.80e+00 1.58e+00) XE:1.58e-01 (1.15e+00 1.15e+00 | 5.09e-01 5.74e-01)	5.260569e+00 5.379786e+00 : 8.866963e-01
8145(992) (1.66e+00 1.58e+00) XE:1.58e-01 (1.16e+00 1.15e+00 | 5.73e-01 5.74e-01)	5.260420e+00 5.379893e+00 : 8.866928e-01
8166(998) (1.80e+00 1.58e+00) XE:1.58e-01 (1.15e+00 1.15e+00 | 5.35e-01 5.74e-01)	5.260175e+00 5.379988e+00 : 8.866802e-01
8187(998) (1.17e+00 1.58e+00) XE:1.58e-01 (1.15e+00 1.15e+00 | 5.81e-01 5.74e-01)	5.260038e+00 5.379752e+00 : 8.866492e-01
8208(1014) (1.34e+00 1.58e+00) XE:1.58e-01 (1.17e+00 1.15e+00 | 5.91e-01 5.74e-01)	5.260167e+00 5.379936e+00 : 8.866752e-01
8229(1000) (1.95e+00 1.58e+00) XE:1.58e-01 (1.14e+00 1.15e+00 | 5.67e-01 5.74e-01)	5.260252e+00 5.379961e+00 : 8.866844e-01
8250(994) (1.46e+00 1.58e+00) XE:1.58e-01 (1.15e+00 1.15e+00 | 5.77e-01 5.74e-01)	5.260281e+00 5.379932e+00 : 8.866845e-01
8271(992) (1.31e+00 1.57e+00) XE:1.57e-01 (1.16e+00 1.15e+00 | 5.59e-01 5.74e-01)	5.260530e+00 5.379951e+00 : 8.867067e-01
8292(996) (1.76e+00 1.57e+00) XE:1.57e-01 (1.14e+00 1.15e+00 | 6.40e-01 5.74e-01)	5.260612e+00 5.379806e+00 : 8.867016e-01
8312(991) (1.30e+00 1.57e+00) XE:1.57e-01 (1.16e+00 1.15e+00 | 5.69e-01 5.74e-01)	5.260606e+00 5.379698e+00 : 8.866920e-01
8333(1001) (1.46e+00 1.57e+00) XE:1.57e-01 (1.20e+00 1.15e+00 | 5.93e-01 5.74e-01)	5.260610e+00 5.379768e+00 : 8.866982e-01
8354(1004) (1.93e+00 1.57e+00) XE:1.57e-01 (1.14e+00 1.15e+00 | 6.28e-01 5.74e-01)	5.260519e+00 5.379683e+00 : 8.866835e-01
8375(1002) (1.60e+00 1.57e+00) XE:1.57e-01 (1.14e+00 1.15e+00 | 5.47e-01 5.74e-01)	5.260583e+00 5.379741e+00 : 8.866937e-01
8396(998) (1.61e+00 1.57e+00) XE:1.57e-01 (1.19e+00 1.15e+00 | 5.73e-01 5.74e-01)	5.260592e+00 5.379641e+00 : 8.866861e-01
8417(989) (1.43e+00 1.57e+00) XE:1.57e-01 (1.14e+00 1.15e+00 | 5.77e-01 5.74e-01)	5.260660e+00 5.379539e+00 : 8.866832e-01
8438(994) (1.57e+00 1.57e+00) XE:1.57e-01 (1.14e+00 1.15e+00 | 5.51e-01 5.74e-01)	5.260522e+00 5.379481e+00 : 8.866669e-01
8459(1000) (1.75e+00 1.57e+00) XE:1.57e-01 (1.16e+00 1.15e+00 | 6.07e-01 5.74e-01)	5.260397e+00 5.379443e+00 : 8.866533e-01
8480(995) (1.69e+00 1.57e+00) XE:1.57e-01 (1.17e+00 1.15e+00 | 6.09e-01 5.74e-01)	5.260452e+00 5.379367e+00 : 8.866516e-01
8501(1007) (1.24e+00 1.57e+00) XE:1.57e-01 (1.15e+00 1.15e+00 | 5.65e-01 5.74e-01)	5.260588e+00 5.379311e+00 : 8.866582e-01
8522(1009) (1.24e+00 1.57e+00) XE:1.57e-01 (1.14e+00 1.15e+00 | 5.91e-01 5.74e-01)	5.260500e+00 5.379256e+00 : 8.866463e-01
8543(1007) (1.62e+00 1.57e+00) XE:1.57e-01 (1.15e+00 1.15e+00 | 6.12e-01 5.74e-01)	5.260516e+00 5.379295e+00 : 8.866508e-01
8564(990) (1.78e+00 1.57e+00) XE:1.57e-01 (1.17e+00 1.15e+00 | 6.22e-01 5.74e-01)	5.260563e+00 5.379331e+00 : 8.866578e-01
8585(996) (1.65e+00 1.57e+00) XE:1.57e-01 (1.15e+00 1.15e+00 | 5.27e-01 5.74e-01)	5.260478e+00 5.379108e+00 : 8.866322e-01
8606(1000) (1.19e+00 1.57e+00) XE:1.57e-01 (1.16e+00 1.15e+00 | 6.05e-01 5.74e-01)	5.260511e+00 5.379110e+00 : 8.866351e-01
8627(1001) (1.97e+00 1.57e+00) XE:1.57e-01 (1.15e+00 1.15e+00 | 5.81e-01 5.74e-01)	5.260463e+00 5.379110e+00 : 8.866310e-01
8648(1000) (1.18e+00 1.57e+00) XE:1.57e-01 (1.15e+00 1.15e+00 | 5.93e-01 5.74e-01)	5.260415e+00 5.379084e+00 : 8.866250e-01
8668(998) (1.62e+00 1.57e+00) XE:1.57e-01 (1.15e+00 1.15e+00 | 6.03e-01 5.74e-01)	5.260212e+00 5.379073e+00 : 8.866071e-01
8689(1012) (1.11e+00 1.57e+00) XE:1.57e-01 (1.14e+00 1.15e+00 | 5.63e-01 5.74e-01)	5.260261e+00 5.379022e+00 : 8.866069e-01
8710(1002) (1.69e+00 1.57e+00) XE:1.57e-01 (1.15e+00 1.15e+00 | 5.43e-01 5.74e-01)	5.260228e+00 5.379046e+00 : 8.866062e-01
8731(997) (1.29e+00 1.57e+00) XE:1.57e-01 (1.14e+00 1.15e+00 | 5.67e-01 5.74e-01)	5.260137e+00 5.379047e+00 : 8.865986e-01
8752(1004) (1.43e+00 1.57e+00) XE:1.57e-01 (1.16e+00 1.15e+00 | 5.75e-01 5.74e-01)	5.260180e+00 5.379031e+00 : 8.866009e-01
8773(1010) (1.37e+00 1.57e+00) XE:1.57e-01 (1.16e+00 1.15e+00 | 5.69e-01 5.74e-01)	5.260086e+00 5.379055e+00 : 8.865951e-01
8794(993) (1.70e+00 1.57e+00) XE:1.57e-01 (1.14e+00 1.15e+00 | 5.43e-01 5.74e-01)	5.260124e+00 5.378922e+00 : 8.865872e-01
8815(996) (1.94e+00 1.57e+00) XE:1.57e-01 (1.16e+00 1.15e+00 | 5.77e-01 5.74e-01)	5.260016e+00 5.378882e+00 : 8.865749e-01
8836(996) (1.45e+00 1.57e+00) XE:1.57e-01 (1.14e+00 1.15e+00 | 6.16e-01 5.74e-01)	5.260180e+00 5.378818e+00 : 8.865831e-01
8857(999) (1.87e+00 1.57e+00) XE:1.57e-01 (1.16e+00 1.15e+00 | 5.63e-01 5.74e-01)	5.260321e+00 5.378891e+00 : 8.866010e-01
8878(1008) (1.85e+00 1.57e+00) XE:1.57e-01 (1.14e+00 1.15e+00 | 5.55e-01 5.74e-01)	5.260244e+00 5.379028e+00 : 8.866060e-01
8899(988) (1.44e+00 1.57e+00) XE:1.57e-01 (1.16e+00 1.15e+00 | 5.91e-01 5.74e-01)	5.260277e+00 5.379014e+00 : 8.866075e-01
8920(1000) (1.61e+00 1.57e+00) XE:1.57e-01 (1.15e+00 1.15e+00 | 5.65e-01 5.74e-01)	5.260159e+00 5.378993e+00 : 8.865960e-01
8940(1000) (1.48e+00 1.57e+00) XE:1.57e-01 (1.16e+00 1.15e+00 | 6.14e-01 5.74e-01)	5.260095e+00 5.378957e+00 : 8.865877e-01
8961(999) (1.32e+00 1.57e+00) XE:1.57e-01 (1.16e+00 1.15e+00 | 5.61e-01 5.74e-01)	5.259983e+00 5.378816e+00 : 8.865666e-01
8982(997) (1.44e+00 1.57e+00) XE:1.57e-01 (1.13e+00 1.15e+00 | 5.63e-01 5.74e-01)	5.259854e+00 5.378822e+00 : 8.865563e-01
9003(998) (1.65e+00 1.57e+00) XE:1.57e-01 (1.17e+00 1.15e+00 | 6.50e-01 5.74e-01)	5.259815e+00 5.378822e+00 : 8.865531e-01
9024(1002) (1.44e+00 1.57e+00) XE:1.57e-01 (1.16e+00 1.15e+00 | 5.87e-01 5.74e-01)	5.259945e+00 5.378819e+00 : 8.865637e-01
9045(993) (2.01e+00 1.57e+00) XE:1.57e-01 (1.13e+00 1.15e+00 | 5.67e-01 5.74e-01)	5.259868e+00 5.378687e+00 : 8.865463e-01
9066(990) (1.57e+00 1.57e+00) XE:1.57e-01 (1.18e+00 1.15e+00 | 5.53e-01 5.74e-01)	5.259832e+00 5.378714e+00 : 8.865455e-01
9087(1006) (1.28e+00 1.57e+00) XE:1.57e-01 (1.19e+00 1.15e+00 | 5.57e-01 5.74e-01)	5.259612e+00 5.378765e+00 : 8.865315e-01
9108(1002) (1.48e+00 1.57e+00) XE:1.57e-01 (1.18e+00 1.15e+00 | 6.01e-01 5.74e-01)	5.259642e+00 5.378776e+00 : 8.865348e-01
9129(995) (1.55e+00 1.57e+00) XE:1.57e-01 (1.15e+00 1.15e+00 | 5.57e-01 5.74e-01)	5.259535e+00 5.378702e+00 : 8.865197e-01
9150(1010) (1.02e+00 1.57e+00) XE:1.57e-01 (1.15e+00 1.15e+00 | 5.79e-01 5.74e-01)	5.259558e+00 5.378640e+00 : 8.865165e-01
9171(996) (1.48e+00 1.57e+00) XE:1.57e-01 (1.14e+00 1.15e+00 | 5.99e-01 5.74e-01)	5.259529e+00 5.378638e+00 : 8.865139e-01
9192(1007) (1.28e+00 1.57e+00) XE:1.57e-01 (1.14e+00 1.15e+00 | 5.31e-01 5.74e-01)	5.259352e+00 5.378418e+00 : 8.864808e-01
9213(997) (1.31e+00 1.57e+00) XE:1.57e-01 (1.16e+00 1.15e+00 | 5.73e-01 5.74e-01)	5.259175e+00 5.378433e+00 : 8.864673e-01
9234(993) (2.00e+00 1.57e+00) XE:1.57e-01 (1.15e+00 1.15e+00 | 5.87e-01 5.74e-01)	5.259121e+00 5.378292e+00 : 8.864512e-01
9255(996) (1.49e+00 1.57e+00) XE:1.57e-01 (1.16e+00 1.15e+00 | 5.69e-01 5.74e-01)	5.259054e+00 5.378250e+00 : 8.864420e-01
9276(1002) (1.20e+00 1.58e+00) XE:1.58e-01 (1.17e+00 1.15e+00 | 5.71e-01 5.74e-01)	5.259010e+00 5.378171e+00 : 8.864317e-01
9297(1006) (1.57e+00 1.57e+00) XE:1.57e-01 (1.17e+00 1.15e+00 | 5.55e-01 5.74e-01)	5.259054e+00 5.378126e+00 : 8.864317e-01
9318(994) (1.46e+00 1.58e+00) XE:1.58e-01 (1.13e+00 1.15e+00 | 4.96e-01 5.74e-01)	5.259132e+00 5.377974e+00 : 8.864255e-01
9338(994) (1.42e+00 1.58e+00) XE:1.58e-01 (1.14e+00 1.15e+00 | 5.49e-01 5.74e-01)	5.259122e+00 5.377889e+00 : 8.864176e-01
9359(1001) (1.33e+00 1.58e+00) XE:1.58e-01 (1.14e+00 1.15e+00 | 5.51e-01 5.74e-01)	5.259205e+00 5.377797e+00 : 8.864169e-01
9380(1006) (1.59e+00 1.58e+00) XE:1.58e-01 (1.15e+00 1.15e+00 | 6.07e-01 5.74e-01)	5.259224e+00 5.377764e+00 : 8.864157e-01
9401(1010) (1.84e+00 1.57e+00) XE:1.57e-01 (1.14e+00 1.15e+00 | 5.95e-01 5.74e-01)	5.259121e+00 5.377828e+00 : 8.864124e-01
9422(998) (1.77e+00 1.57e+00) XE:1.57e-01 (1.16e+00 1.15e+00 | 5.37e-01 5.74e-01)	5.259136e+00 5.377956e+00 : 8.864243e-01
9443(1013) (1.63e+00 1.57e+00) XE:1.57e-01 (1.15e+00 1.15e+00 | 5.61e-01 5.74e-01)	5.259252e+00 5.377865e+00 : 8.864264e-01
9464(1008) (1.32e+00 1.57e+00) XE:1.57e-01 (1.14e+00 1.15e+00 | 6.01e-01 5.74e-01)	5.259226e+00 5.377834e+00 : 8.864217e-01
9485(999) (1.38e+00 1.57e+00) XE:1.57e-01 (1.15e+00 1.15e+00 | 5.79e-01 5.74e-01)	5.259071e+00 5.377817e+00 : 8.864073e-01
9506(992) (1.76e+00 1.57e+00) XE:1.57e-01 (1.15e+00 1.15e+00 | 6.01e-01 5.74e-01)	5.259171e+00 5.377847e+00 : 8.864182e-01
9527(996) (1.68e+00 1.57e+00) XE:1.57e-01 (1.17e+00 1.15e+00 | 6.16e-01 5.74e-01)	5.259127e+00 5.377770e+00 : 8.864081e-01
9548(1001) (2.02e+00 1.57e+00) XE:1.57e-01 (1.16e+00 1.15e+00 | 5.93e-01 5.74e-01)	5.259148e+00 5.377582e+00 : 8.863941e-01
9569(1013) (1.38e+00 1.57e+00) XE:1.57e-01 (1.13e+00 1.15e+00 | 5.65e-01 5.74e-01)	5.259172e+00 5.377658e+00 : 8.864025e-01
9590(1003) (1.57e+00 1.57e+00) XE:1.57e-01 (1.15e+00 1.15e+00 | 5.97e-01 5.74e-01)	5.258984e+00 5.377631e+00 : 8.863846e-01
9611(1019) (1.32e+00 1.57e+00) XE:1.57e-01 (1.16e+00 1.15e+00 | 5.79e-01 5.74e-01)	5.258797e+00 5.377680e+00 : 8.863731e-01
9632(999) (1.78e+00 1.57e+00) XE:1.57e-01 (1.16e+00 1.15e+00 | 6.14e-01 5.74e-01)	5.258663e+00 5.377721e+00 : 8.863653e-01
9653(1008) (1.77e+00 1.57e+00) XE:1.57e-01 (1.16e+00 1.15e+00 | 5.87e-01 5.74e-01)	5.258821e+00 5.377720e+00 : 8.863784e-01
9674(993) (1.41e+00 1.57e+00) XE:1.57e-01 (1.15e+00 1.15e+00 | 5.47e-01 5.74e-01)	5.258789e+00 5.377779e+00 : 8.863807e-01
9694(985) (1.54e+00 1.57e+00) XE:1.57e-01 (1.13e+00 1.15e+00 | 5.67e-01 5.74e-01)	5.258713e+00 5.377741e+00 : 8.863712e-01
9715(996) (1.92e+00 1.57e+00) XE:1.57e-01 (1.17e+00 1.15e+00 | 5.95e-01 5.74e-01)	5.258593e+00 5.377741e+00 : 8.863611e-01
9736(994) (1.53e+00 1.57e+00) XE:1.57e-01 (1.15e+00 1.15e+00 | 5.33e-01 5.74e-01)	5.258554e+00 5.377819e+00 : 8.863644e-01
9757(986) (1.80e+00 1.57e+00) XE:1.57e-01 (1.15e+00 1.15e+00 | 5.65e-01 5.74e-01)	5.258445e+00 5.377700e+00 : 8.863454e-01
9778(1009) (1.48e+00 1.57e+00) XE:1.57e-01 (1.14e+00 1.15e+00 | 5.79e-01 5.74e-01)	5.258396e+00 5.377553e+00 : 8.863291e-01
9799(1003) (1.58e+00 1.58e+00) XE:1.58e-01 (1.16e+00 1.15e+00 | 5.43e-01 5.74e-01)	5.258378e+00 5.377506e+00 : 8.863237e-01
9820(987) (1.75e+00 1.58e+00) XE:1.58e-01 (1.15e+00 1.15e+00 | 5.29e-01 5.74e-01)	5.258192e+00 5.377486e+00 : 8.863065e-01
9841(994) (1.65e+00 1.58e+00) XE:1.58e-01 (1.18e+00 1.15e+00 | 5.63e-01 5.74e-01)	5.258075e+00 5.377557e+00 : 8.863027e-01
9862(999) (1.51e+00 1.58e+00) XE:1.58e-01 (1.16e+00 1.15e+00 | 6.03e-01 5.74e-01)	5.258219e+00 5.377513e+00 : 8.863110e-01
9883(1011) (1.45e+00 1.58e+00) XE:1.58e-01 (1.16e+00 1.15e+00 | 6.12e-01 5.74e-01)	5.258181e+00 5.377536e+00 : 8.863097e-01
9904(1000) (1.86e+00 1.58e+00) XE:1.58e-01 (1.15e+00 1.15e+00 | 5.53e-01 5.74e-01)	5.258007e+00 5.377484e+00 : 8.862909e-01
9924(1007) (1.40e+00 1.58e+00) XE:1.58e-01 (1.15e+00 1.15e+00 | 5.91e-01 5.74e-01)	5.257979e+00 5.377517e+00 : 8.862913e-01
9945(996) (1.38e+00 1.58e+00) XE:1.58e-01 (1.17e+00 1.15e+00 | 6.16e-01 5.74e-01)	5.257900e+00 5.377593e+00 : 8.862911e-01
9966(994) (1.41e+00 1.57e+00) XE:1.57e-01 (1.14e+00 1.15e+00 | 6.14e-01 5.74e-01)	5.257982e+00 5.377649e+00 : 8.863026e-01
9987(998) (1.52e+00 1.57e+00) XE:1.57e-01 (1.17e+00 1.15e+00 | 6.09e-01 5.74e-01)	5.257880e+00 5.377538e+00 : 8.862848e-01
10000(993) (1.72e+00 1.57e+00) XE:1.57e-01 (1.17e+00 1.15e+00 | 5.75e-01 5.74e-01)	5.257852e+00 5.377430e+00 : 8.862735e-01
RL cnt: 0,7384299,1233870,45878,0,0,0,0,0,0,0,0,0,0,0,0,
BL cnt: 0,0,0,0,0,0,40580,0,1340753,0,7147737,0,1340401,0,40529,0,0,0,0,0,0,
5.257852e+00 5.377430e+00 : 8.862735e-01
# InnerCodebook: deleted
# NBIDSchannel: deleted
# Gtable: deleted
# FBalg4: deleted
# StatICB: deleted
