# (Pid,Ps)=(3.000000e-02,1.000000e-02) Nseg=200 WinSize=10 lmd=1 [0]
# InnerCB: ../search03/ICB/C13.bin
# Gtable:  Gtable/5/030_010.bin
# InnerCodebook: beta=5(1024) nu=2
# InnerCodebook: B(B2p)=6(64) 6(64) 
# InnerCodebook: checked CWM, EncMap, DecMap
# beta=5(1024) nu=2 N=1000 Dmax=35 WCmax=10000
# B=6,6,
# NBIDSchannel: N=1000 Q=4 Dmax=35 (Pid,Ps)=(3.000000e-02,1.000000e-02)
# FBalg4: Nseg=200 Dmax=35(w=71)
# FBalg4: Gtable: Gtable/5/030_010.bin
# Gtable: beta=5 (Pid,Ps,Ptrn)=(3.000000e-02,1.000000e-02,9.400000e-01) Pth=1.000000e-10
# Gtable: beta4p=1024 beta4pp=1048576
# Gtable::Gtable len=0 cnt=1024
# Gtable::Gtable len=1 cnt=4096
# Gtable::Gtable len=2 cnt=16384
# Gtable::Gtable len=3 cnt=65536
# Gtable::Gtable len=4 cnt=241636
# Gtable::Gtable len=5 cnt=779284
# Gtable::Gtable len=6 cnt=1541824
# Gtable::Gtable len=7 cnt=1451416
# Gtable::Gtable len=8 cnt=1264036
# Gtable::Gtable len=9 cnt=100348
# Gtable::Gtable len=10 cnt=1024
# FBalg4: beta=5(1024) (Pid,Ps)=(3.000000e-02,1.000000e-02) Pth=1.000000e-10 N=1000
# StatICB: nu=2 beta=5 beta4p=1024 Bsum=12 lmd=1
# StatICB: B=6,6,
0022(993) (1.58e+00 1.66e+00) XE:1.66e-01 (1.17e+00 1.18e+00 | 7.10e-01 6.73e-01)	5.695394e+00 5.763397e+00 : 9.548992e-01
0044(985) (1.61e+00 1.66e+00) XE:1.66e-01 (1.17e+00 1.18e+00 | 7.23e-01 6.73e-01)	5.585543e+00 5.684730e+00 : 9.391894e-01
0066(998) (1.61e+00 1.65e+00) XE:1.65e-01 (1.16e+00 1.18e+00 | 6.72e-01 6.68e-01)	5.547131e+00 5.636530e+00 : 9.319717e-01
0088(990) (1.72e+00 1.61e+00) XE:1.61e-01 (1.15e+00 1.18e+00 | 6.66e-01 6.70e-01)	5.512679e+00 5.608725e+00 : 9.267837e-01
0110(1002) (1.39e+00 1.61e+00) XE:1.61e-01 (1.17e+00 1.18e+00 | 6.66e-01 6.71e-01)	5.491045e+00 5.584438e+00 : 9.229569e-01
0132(1000) (1.65e+00 1.60e+00) XE:1.60e-01 (1.16e+00 1.18e+00 | 6.86e-01 6.70e-01)	5.468198e+00 5.564319e+00 : 9.193764e-01
0155(998) (1.74e+00 1.59e+00) XE:1.59e-01 (1.18e+00 1.18e+00 | 6.36e-01 6.71e-01)	5.453718e+00 5.550159e+00 : 9.169898e-01
0177(1008) (1.81e+00 1.59e+00) XE:1.59e-01 (1.18e+00 1.18e+00 | 6.82e-01 6.72e-01)	5.435112e+00 5.535766e+00 : 9.142398e-01
0199(998) (1.64e+00 1.60e+00) XE:1.60e-01 (1.17e+00 1.18e+00 | 7.02e-01 6.72e-01)	5.420642e+00 5.523045e+00 : 9.119739e-01
0221(1003) (1.72e+00 1.60e+00) XE:1.60e-01 (1.17e+00 1.18e+00 | 6.80e-01 6.72e-01)	5.406758e+00 5.513153e+00 : 9.099926e-01
0243(970) (1.82e+00 1.60e+00) XE:1.60e-01 (1.17e+00 1.18e+00 | 6.86e-01 6.71e-01)	5.402013e+00 5.510727e+00 : 9.093950e-01
0265(999) (1.58e+00 1.60e+00) XE:1.60e-01 (1.18e+00 1.18e+00 | 6.76e-01 6.71e-01)	5.394288e+00 5.504389e+00 : 9.082231e-01
0287(995) (1.66e+00 1.60e+00) XE:1.60e-01 (1.19e+00 1.18e+00 | 6.16e-01 6.71e-01)	5.382226e+00 5.496878e+00 : 9.065920e-01
0309(1004) (1.60e+00 1.61e+00) XE:1.61e-01 (1.15e+00 1.18e+00 | 7.31e-01 6.70e-01)	5.375268e+00 5.489564e+00 : 9.054026e-01
0332(994) (1.70e+00 1.61e+00) XE:1.61e-01 (1.20e+00 1.18e+00 | 6.82e-01 6.70e-01)	5.366137e+00 5.479806e+00 : 9.038286e-01
0354(1004) (1.85e+00 1.61e+00) XE:1.61e-01 (1.17e+00 1.18e+00 | 6.68e-01 6.70e-01)	5.360675e+00 5.476459e+00 : 9.030945e-01
0376(1000) (1.48e+00 1.61e+00) XE:1.61e-01 (1.18e+00 1.18e+00 | 6.46e-01 6.70e-01)	5.353474e+00 5.467341e+00 : 9.017346e-01
0398(1005) (1.46e+00 1.61e+00) XE:1.61e-01 (1.17e+00 1.18e+00 | 6.66e-01 6.71e-01)	5.350935e+00 5.463106e+00 : 9.011701e-01
0420(1012) (1.25e+00 1.61e+00) XE:1.61e-01 (1.14e+00 1.18e+00 | 6.56e-01 6.70e-01)	5.349099e+00 5.460136e+00 : 9.007696e-01
0442(997) (1.70e+00 1.61e+00) XE:1.61e-01 (1.18e+00 1.18e+00 | 6.26e-01 6.70e-01)	5.347013e+00 5.457352e+00 : 9.003637e-01
0464(991) (1.59e+00 1.61e+00) XE:1.61e-01 (1.19e+00 1.18e+00 | 6.66e-01 6.69e-01)	5.345106e+00 5.454853e+00 : 8.999966e-01
0486(993) (1.88e+00 1.61e+00) XE:1.61e-01 (1.17e+00 1.18e+00 | 7.35e-01 6.70e-01)	5.343420e+00 5.451862e+00 : 8.996068e-01
0509(1002) (1.73e+00 1.61e+00) XE:1.61e-01 (1.17e+00 1.18e+00 | 6.66e-01 6.69e-01)	5.341914e+00 5.450497e+00 : 8.993676e-01
0531(993) (1.71e+00 1.60e+00) XE:1.60e-01 (1.19e+00 1.18e+00 | 6.68e-01 6.70e-01)	5.341754e+00 5.449428e+00 : 8.992652e-01
0553(991) (2.02e+00 1.60e+00) XE:1.60e-01 (1.18e+00 1.18e+00 | 6.64e-01 6.70e-01)	5.339468e+00 5.448282e+00 : 8.989792e-01
0575(1011) (1.42e+00 1.60e+00) XE:1.60e-01 (1.20e+00 1.18e+00 | 6.82e-01 6.70e-01)	5.338551e+00 5.446939e+00 : 8.987908e-01
0597(997) (1.71e+00 1.60e+00) XE:1.60e-01 (1.18e+00 1.18e+00 | 6.52e-01 6.70e-01)	5.336777e+00 5.442516e+00 : 8.982744e-01
0619(991) (1.66e+00 1.60e+00) XE:1.60e-01 (1.18e+00 1.18e+00 | 6.80e-01 6.70e-01)	5.335675e+00 5.439251e+00 : 8.979104e-01
0641(1000) (1.81e+00 1.60e+00) XE:1.60e-01 (1.18e+00 1.18e+00 | 6.52e-01 6.70e-01)	5.333189e+00 5.438292e+00 : 8.976234e-01
0663(1009) (1.65e+00 1.60e+00) XE:1.60e-01 (1.20e+00 1.18e+00 | 6.84e-01 6.70e-01)	5.331496e+00 5.435699e+00 : 8.972663e-01
0685(1011) (1.23e+00 1.60e+00) XE:1.60e-01 (1.17e+00 1.18e+00 | 6.84e-01 6.70e-01)	5.328955e+00 5.435184e+00 : 8.970116e-01
0708(998) (1.61e+00 1.60e+00) XE:1.60e-01 (1.21e+00 1.18e+00 | 6.92e-01 6.70e-01)	5.325460e+00 5.433409e+00 : 8.965724e-01
0730(1000) (1.75e+00 1.60e+00) XE:1.60e-01 (1.19e+00 1.18e+00 | 6.80e-01 6.70e-01)	5.325226e+00 5.432277e+00 : 8.964586e-01
0752(1003) (1.51e+00 1.60e+00) XE:1.60e-01 (1.18e+00 1.18e+00 | 6.70e-01 6.70e-01)	5.323797e+00 5.431804e+00 : 8.963001e-01
0774(1006) (1.53e+00 1.60e+00) XE:1.60e-01 (1.17e+00 1.18e+00 | 6.70e-01 6.70e-01)	5.321894e+00 5.431021e+00 : 8.960762e-01
0796(993) (1.57e+00 1.60e+00) XE:1.60e-01 (1.18e+00 1.18e+00 | 6.88e-01 6.70e-01)	5.320165e+00 5.431203e+00 : 8.959473e-01
0818(1016) (1.22e+00 1.60e+00) XE:1.60e-01 (1.19e+00 1.18e+00 | 6.68e-01 6.71e-01)	5.318320e+00 5.430684e+00 : 8.957503e-01
0840(995) (1.35e+00 1.60e+00) XE:1.60e-01 (1.19e+00 1.18e+00 | 6.80e-01 6.71e-01)	5.319008e+00 5.430009e+00 : 8.957514e-01
0862(999) (1.51e+00 1.60e+00) XE:1.60e-01 (1.18e+00 1.18e+00 | 6.60e-01 6.71e-01)	5.316234e+00 5.427764e+00 : 8.953331e-01
0885(999) (1.73e+00 1.60e+00) XE:1.60e-01 (1.18e+00 1.18e+00 | 7.10e-01 6.71e-01)	5.315459e+00 5.427164e+00 : 8.952186e-01
0907(1000) (1.43e+00 1.60e+00) XE:1.60e-01 (1.18e+00 1.18e+00 | 6.58e-01 6.71e-01)	5.314766e+00 5.426610e+00 : 8.951147e-01
0929(1008) (1.35e+00 1.60e+00) XE:1.60e-01 (1.17e+00 1.18e+00 | 7.18e-01 6.71e-01)	5.313189e+00 5.425899e+00 : 8.949240e-01
0951(1005) (1.36e+00 1.60e+00) XE:1.60e-01 (1.18e+00 1.18e+00 | 6.32e-01 6.71e-01)	5.312208e+00 5.426283e+00 : 8.948742e-01
0973(997) (1.66e+00 1.60e+00) XE:1.60e-01 (1.16e+00 1.18e+00 | 6.76e-01 6.71e-01)	5.309981e+00 5.424753e+00 : 8.945612e-01
0995(995) (1.59e+00 1.60e+00) XE:1.60e-01 (1.20e+00 1.18e+00 | 6.58e-01 6.71e-01)	5.309259e+00 5.423538e+00 : 8.943998e-01
1017(997) (1.97e+00 1.60e+00) XE:1.60e-01 (1.17e+00 1.18e+00 | 6.90e-01 6.70e-01)	5.306537e+00 5.422958e+00 : 8.941245e-01
1039(988) (1.92e+00 1.60e+00) XE:1.60e-01 (1.16e+00 1.18e+00 | 7.06e-01 6.70e-01)	5.305368e+00 5.422903e+00 : 8.940225e-01
1062(989) (1.64e+00 1.60e+00) XE:1.60e-01 (1.19e+00 1.18e+00 | 6.42e-01 6.71e-01)	5.302743e+00 5.421795e+00 : 8.937115e-01
1084(1004) (1.67e+00 1.60e+00) XE:1.60e-01 (1.17e+00 1.18e+00 | 6.42e-01 6.70e-01)	5.302337e+00 5.419802e+00 : 8.935116e-01
1106(997) (1.88e+00 1.60e+00) XE:1.60e-01 (1.18e+00 1.18e+00 | 6.42e-01 6.70e-01)	5.300682e+00 5.419466e+00 : 8.933457e-01
1128(993) (1.86e+00 1.60e+00) XE:1.60e-01 (1.18e+00 1.18e+00 | 6.48e-01 6.70e-01)	5.299545e+00 5.418768e+00 : 8.931927e-01
1150(991) (1.57e+00 1.60e+00) XE:1.60e-01 (1.17e+00 1.18e+00 | 6.92e-01 6.70e-01)	5.298751e+00 5.417829e+00 : 8.930483e-01
1172(1013) (1.31e+00 1.60e+00) XE:1.60e-01 (1.20e+00 1.18e+00 | 6.42e-01 6.70e-01)	5.297431e+00 5.416256e+00 : 8.928073e-01
1194(1003) (1.51e+00 1.60e+00) XE:1.60e-01 (1.17e+00 1.18e+00 | 6.70e-01 6.70e-01)	5.297315e+00 5.415051e+00 : 8.926972e-01
1217(1010) (1.37e+00 1.60e+00) XE:1.60e-01 (1.19e+00 1.18e+00 | 6.54e-01 6.70e-01)	5.297612e+00 5.415020e+00 : 8.927193e-01
1239(992) (1.46e+00 1.60e+00) XE:1.60e-01 (1.19e+00 1.18e+00 | 7.04e-01 6.70e-01)	5.296263e+00 5.414993e+00 : 8.926047e-01
1261(1002) (1.76e+00 1.60e+00) XE:1.60e-01 (1.18e+00 1.18e+00 | 6.28e-01 6.70e-01)	5.295903e+00 5.414747e+00 : 8.925542e-01
1283(1001) (1.50e+00 1.60e+00) XE:1.60e-01 (1.14e+00 1.18e+00 | 6.03e-01 6.69e-01)	5.294902e+00 5.413671e+00 : 8.923811e-01
1305(1004) (1.68e+00 1.60e+00) XE:1.60e-01 (1.20e+00 1.18e+00 | 6.94e-01 6.69e-01)	5.294641e+00 5.413013e+00 : 8.923046e-01
1327(1001) (1.68e+00 1.60e+00) XE:1.60e-01 (1.17e+00 1.18e+00 | 6.80e-01 6.69e-01)	5.294530e+00 5.412980e+00 : 8.922925e-01
1349(995) (1.73e+00 1.60e+00) XE:1.60e-01 (1.20e+00 1.18e+00 | 6.14e-01 6.69e-01)	5.294186e+00 5.411932e+00 : 8.921765e-01
1371(983) (1.75e+00 1.60e+00) XE:1.60e-01 (1.18e+00 1.18e+00 | 6.42e-01 6.69e-01)	5.292556e+00 5.412459e+00 : 8.920846e-01
1394(1007) (1.55e+00 1.60e+00) XE:1.60e-01 (1.17e+00 1.18e+00 | 6.54e-01 6.69e-01)	5.291830e+00 5.412400e+00 : 8.920192e-01
1416(998) (1.65e+00 1.60e+00) XE:1.60e-01 (1.18e+00 1.18e+00 | 6.74e-01 6.69e-01)	5.291488e+00 5.411862e+00 : 8.919458e-01
1438(998) (1.61e+00 1.60e+00) XE:1.60e-01 (1.19e+00 1.18e+00 | 6.78e-01 6.69e-01)	5.291648e+00 5.411604e+00 : 8.919377e-01
1460(1000) (1.58e+00 1.60e+00) XE:1.60e-01 (1.16e+00 1.18e+00 | 6.38e-01 6.69e-01)	5.290082e+00 5.410931e+00 : 8.917510e-01
1482(993) (1.56e+00 1.60e+00) XE:1.60e-01 (1.14e+00 1.18e+00 | 6.40e-01 6.69e-01)	5.289123e+00 5.410183e+00 : 8.916088e-01
1504(1003) (1.15e+00 1.60e+00) XE:1.60e-01 (1.16e+00 1.18e+00 | 6.01e-01 6.69e-01)	5.288901e+00 5.409942e+00 : 8.915702e-01
1527(1001) (1.76e+00 1.60e+00) XE:1.60e-01 (1.16e+00 1.18e+00 | 6.94e-01 6.69e-01)	5.287294e+00 5.409298e+00 : 8.913827e-01
1549(993) (1.53e+00 1.60e+00) XE:1.60e-01 (1.17e+00 1.18e+00 | 6.54e-01 6.69e-01)	5.286450e+00 5.408595e+00 : 8.912537e-01
1571(997) (1.32e+00 1.60e+00) XE:1.60e-01 (1.17e+00 1.18e+00 | 6.62e-01 6.69e-01)	5.285452e+00 5.408494e+00 : 8.911622e-01
1593(990) (1.56e+00 1.60e+00) XE:1.60e-01 (1.17e+00 1.18e+00 | 6.66e-01 6.69e-01)	5.285762e+00 5.408201e+00 : 8.911635e-01
1615(984) (1.94e+00 1.60e+00) XE:1.60e-01 (1.16e+00 1.18e+00 | 6.38e-01 6.69e-01)	5.285277e+00 5.407558e+00 : 8.910696e-01
1637(999) (1.85e+00 1.60e+00) XE:1.60e-01 (1.18e+00 1.18e+00 | 6.34e-01 6.69e-01)	5.283705e+00 5.407617e+00 : 8.909435e-01
1659(997) (1.75e+00 1.60e+00) XE:1.60e-01 (1.19e+00 1.18e+00 | 6.46e-01 6.69e-01)	5.283960e+00 5.406525e+00 : 8.908737e-01
1681(1001) (1.65e+00 1.60e+00) XE:1.60e-01 (1.19e+00 1.18e+00 | 7.08e-01 6.69e-01)	5.283187e+00 5.405838e+00 : 8.907521e-01
1703(1008) (1.45e+00 1.60e+00) XE:1.60e-01 (1.16e+00 1.18e+00 | 6.50e-01 6.69e-01)	5.282739e+00 5.405522e+00 : 8.906884e-01
1726(997) (1.19e+00 1.60e+00) XE:1.60e-01 (1.16e+00 1.18e+00 | 6.38e-01 6.69e-01)	5.282194e+00 5.405506e+00 : 8.906416e-01
1748(996) (1.69e+00 1.60e+00) XE:1.60e-01 (1.15e+00 1.18e+00 | 6.74e-01 6.69e-01)	5.282256e+00 5.405286e+00 : 8.906285e-01
1770(998) (1.55e+00 1.60e+00) XE:1.60e-01 (1.20e+00 1.18e+00 | 7.35e-01 6.69e-01)	5.281925e+00 5.404971e+00 : 8.905746e-01
1792(1009) (1.41e+00 1.60e+00) XE:1.60e-01 (1.21e+00 1.18e+00 | 7.33e-01 6.69e-01)	5.281053e+00 5.404525e+00 : 8.904649e-01
1814(996) (1.55e+00 1.60e+00) XE:1.60e-01 (1.17e+00 1.18e+00 | 6.90e-01 6.69e-01)	5.280228e+00 5.404204e+00 : 8.903693e-01
1836(1009) (1.89e+00 1.60e+00) XE:1.60e-01 (1.16e+00 1.18e+00 | 6.18e-01 6.69e-01)	5.279673e+00 5.404080e+00 : 8.903127e-01
1858(990) (1.37e+00 1.60e+00) XE:1.60e-01 (1.19e+00 1.18e+00 | 6.78e-01 6.69e-01)	5.279797e+00 5.404176e+00 : 8.903311e-01
1881(986) (1.76e+00 1.60e+00) XE:1.60e-01 (1.19e+00 1.18e+00 | 6.64e-01 6.70e-01)	5.278565e+00 5.403668e+00 : 8.901861e-01
1903(989) (1.51e+00 1.60e+00) XE:1.60e-01 (1.16e+00 1.18e+00 | 7.02e-01 6.70e-01)	5.278213e+00 5.403170e+00 : 8.901152e-01
1925(1002) (1.74e+00 1.60e+00) XE:1.60e-01 (1.16e+00 1.18e+00 | 6.84e-01 6.70e-01)	5.277705e+00 5.402840e+00 : 8.900454e-01
1947(997) (1.98e+00 1.60e+00) XE:1.60e-01 (1.21e+00 1.18e+00 | 7.27e-01 6.70e-01)	5.277657e+00 5.403446e+00 : 8.900919e-01
1969(1003) (1.50e+00 1.60e+00) XE:1.60e-01 (1.20e+00 1.18e+00 | 6.68e-01 6.70e-01)	5.277364e+00 5.403155e+00 : 8.900432e-01
1991(995) (1.71e+00 1.60e+00) XE:1.60e-01 (1.20e+00 1.18e+00 | 6.48e-01 6.70e-01)	5.276830e+00 5.402741e+00 : 8.899642e-01
2013(1006) (1.45e+00 1.60e+00) XE:1.60e-01 (1.18e+00 1.18e+00 | 6.92e-01 6.70e-01)	5.275826e+00 5.402925e+00 : 8.898959e-01
2036(995) (1.73e+00 1.60e+00) XE:1.60e-01 (1.16e+00 1.18e+00 | 6.76e-01 6.70e-01)	5.276142e+00 5.402560e+00 : 8.898919e-01
2058(1004) (1.69e+00 1.60e+00) XE:1.60e-01 (1.15e+00 1.18e+00 | 6.90e-01 6.70e-01)	5.276379e+00 5.401800e+00 : 8.898483e-01
2080(1000) (1.50e+00 1.60e+00) XE:1.60e-01 (1.18e+00 1.18e+00 | 6.70e-01 6.70e-01)	5.275762e+00 5.401600e+00 : 8.897802e-01
2102(992) (1.48e+00 1.60e+00) XE:1.60e-01 (1.19e+00 1.18e+00 | 6.94e-01 6.70e-01)	5.276101e+00 5.400733e+00 : 8.897361e-01
2124(1001) (1.63e+00 1.60e+00) XE:1.60e-01 (1.18e+00 1.18e+00 | 7.14e-01 6.70e-01)	5.275663e+00 5.400413e+00 : 8.896730e-01
2146(1011) (1.37e+00 1.60e+00) XE:1.60e-01 (1.16e+00 1.18e+00 | 6.76e-01 6.70e-01)	5.275245e+00 5.400022e+00 : 8.896055e-01
2168(1001) (1.48e+00 1.60e+00) XE:1.60e-01 (1.16e+00 1.18e+00 | 6.84e-01 6.70e-01)	5.274515e+00 5.399922e+00 : 8.895364e-01
2190(1010) (1.19e+00 1.60e+00) XE:1.60e-01 (1.18e+00 1.18e+00 | 6.90e-01 6.70e-01)	5.274783e+00 5.399828e+00 : 8.895509e-01
2213(1005) (1.79e+00 1.60e+00) XE:1.60e-01 (1.18e+00 1.18e+00 | 6.98e-01 6.70e-01)	5.274262e+00 5.399557e+00 : 8.894849e-01
2235(987) (1.70e+00 1.60e+00) XE:1.60e-01 (1.17e+00 1.18e+00 | 6.48e-01 6.70e-01)	5.274179e+00 5.399480e+00 : 8.894716e-01
2257(993) (1.51e+00 1.60e+00) XE:1.60e-01 (1.16e+00 1.18e+00 | 6.68e-01 6.70e-01)	5.274525e+00 5.399464e+00 : 8.894991e-01
2279(992) (1.66e+00 1.60e+00) XE:1.60e-01 (1.16e+00 1.18e+00 | 6.36e-01 6.70e-01)	5.274462e+00 5.399033e+00 : 8.894579e-01
2301(989) (1.54e+00 1.60e+00) XE:1.60e-01 (1.18e+00 1.18e+00 | 6.44e-01 6.70e-01)	5.274418e+00 5.398865e+00 : 8.894402e-01
2323(990) (1.80e+00 1.60e+00) XE:1.60e-01 (1.16e+00 1.18e+00 | 6.74e-01 6.70e-01)	5.273774e+00 5.397940e+00 : 8.893095e-01
2345(1000) (1.68e+00 1.60e+00) XE:1.60e-01 (1.19e+00 1.18e+00 | 6.76e-01 6.70e-01)	5.273637e+00 5.397565e+00 : 8.892668e-01
2367(1003) (1.58e+00 1.60e+00) XE:1.60e-01 (1.19e+00 1.18e+00 | 7.14e-01 6.70e-01)	5.273731e+00 5.396789e+00 : 8.892099e-01
2389(996) (1.73e+00 1.60e+00) XE:1.60e-01 (1.19e+00 1.18e+00 | 6.88e-01 6.70e-01)	5.273484e+00 5.396816e+00 : 8.891916e-01
2412(995) (1.65e+00 1.60e+00) XE:1.60e-01 (1.17e+00 1.18e+00 | 6.54e-01 6.70e-01)	5.273831e+00 5.396679e+00 : 8.892092e-01
2434(999) (1.70e+00 1.60e+00) XE:1.60e-01 (1.18e+00 1.18e+00 | 7.23e-01 6.70e-01)	5.274242e+00 5.396575e+00 : 8.892347e-01
2456(1005) (1.47e+00 1.60e+00) XE:1.60e-01 (1.18e+00 1.18e+00 | 6.92e-01 6.70e-01)	5.273942e+00 5.397040e+00 : 8.892485e-01
2478(1000) (1.27e+00 1.60e+00) XE:1.60e-01 (1.18e+00 1.18e+00 | 6.78e-01 6.70e-01)	5.274128e+00 5.396744e+00 : 8.892394e-01
2500(998) (1.37e+00 1.60e+00) XE:1.60e-01 (1.16e+00 1.18e+00 | 7.51e-01 6.70e-01)	5.273600e+00 5.396658e+00 : 8.891881e-01
2522(1002) (1.41e+00 1.60e+00) XE:1.60e-01 (1.17e+00 1.18e+00 | 7.14e-01 6.70e-01)	5.273724e+00 5.396405e+00 : 8.891774e-01
2544(995) (1.52e+00 1.60e+00) XE:1.60e-01 (1.17e+00 1.18e+00 | 6.84e-01 6.70e-01)	5.273773e+00 5.395769e+00 : 8.891285e-01
2566(1005) (1.52e+00 1.60e+00) XE:1.60e-01 (1.17e+00 1.18e+00 | 6.90e-01 6.70e-01)	5.273924e+00 5.395050e+00 : 8.890811e-01
2589(998) (1.56e+00 1.60e+00) XE:1.60e-01 (1.19e+00 1.18e+00 | 7.00e-01 6.70e-01)	5.273336e+00 5.394631e+00 : 8.889972e-01
2611(1008) (1.82e+00 1.60e+00) XE:1.60e-01 (1.18e+00 1.18e+00 | 6.52e-01 6.70e-01)	5.273252e+00 5.394312e+00 : 8.889636e-01
2633(1006) (1.20e+00 1.60e+00) XE:1.60e-01 (1.15e+00 1.18e+00 | 6.34e-01 6.70e-01)	5.273550e+00 5.394673e+00 : 8.890186e-01
2655(999) (1.71e+00 1.60e+00) XE:1.60e-01 (1.19e+00 1.18e+00 | 6.96e-01 6.70e-01)	5.273397e+00 5.394591e+00 : 8.889990e-01
2677(989) (1.81e+00 1.60e+00) XE:1.60e-01 (1.20e+00 1.18e+00 | 6.88e-01 6.70e-01)	5.273369e+00 5.394084e+00 : 8.889544e-01
2699(998) (1.50e+00 1.59e+00) XE:1.59e-01 (1.19e+00 1.18e+00 | 6.80e-01 6.70e-01)	5.273361e+00 5.394040e+00 : 8.889501e-01
2721(986) (1.43e+00 1.59e+00) XE:1.59e-01 (1.17e+00 1.18e+00 | 6.88e-01 6.70e-01)	5.273045e+00 5.394060e+00 : 8.889254e-01
2743(1003) (1.58e+00 1.60e+00) XE:1.60e-01 (1.19e+00 1.18e+00 | 6.96e-01 6.70e-01)	5.272519e+00 5.393917e+00 : 8.888697e-01
2765(1008) (1.26e+00 1.60e+00) XE:1.60e-01 (1.16e+00 1.18e+00 | 6.84e-01 6.70e-01)	5.272072e+00 5.393899e+00 : 8.888310e-01
2788(1006) (1.37e+00 1.59e+00) XE:1.59e-01 (1.16e+00 1.18e+00 | 5.91e-01 6.70e-01)	5.271792e+00 5.393784e+00 : 8.887980e-01
2810(987) (1.67e+00 1.59e+00) XE:1.59e-01 (1.18e+00 1.18e+00 | 7.12e-01 6.70e-01)	5.271183e+00 5.393779e+00 : 8.887468e-01
2832(996) (1.59e+00 1.59e+00) XE:1.59e-01 (1.14e+00 1.18e+00 | 6.36e-01 6.70e-01)	5.271259e+00 5.393685e+00 : 8.887454e-01
2854(1005) (1.89e+00 1.59e+00) XE:1.59e-01 (1.19e+00 1.18e+00 | 6.94e-01 6.70e-01)	5.271291e+00 5.393463e+00 : 8.887295e-01
2876(1003) (1.55e+00 1.59e+00) XE:1.59e-01 (1.18e+00 1.18e+00 | 6.54e-01 6.70e-01)	5.271031e+00 5.392916e+00 : 8.886622e-01
2898(993) (1.52e+00 1.59e+00) XE:1.59e-01 (1.20e+00 1.18e+00 | 6.70e-01 6.70e-01)	5.270950e+00 5.392772e+00 : 8.886435e-01
2920(1002) (1.70e+00 1.59e+00) XE:1.59e-01 (1.21e+00 1.18e+00 | 6.60e-01 6.70e-01)	5.271133e+00 5.392382e+00 : 8.886263e-01
2942(1007) (1.77e+00 1.60e+00) XE:1.60e-01 (1.18e+00 1.18e+00 | 6.40e-01 6.70e-01)	5.270694e+00 5.392056e+00 : 8.885625e-01
2965(996) (1.82e+00 1.59e+00) XE:1.59e-01 (1.17e+00 1.18e+00 | 6.22e-01 6.70e-01)	5.270690e+00 5.392064e+00 : 8.885629e-01
2987(1001) (1.22e+00 1.59e+00) XE:1.59e-01 (1.18e+00 1.18e+00 | 6.68e-01 6.70e-01)	5.270418e+00 5.391799e+00 : 8.885181e-01
3009(1001) (1.32e+00 1.60e+00) XE:1.60e-01 (1.18e+00 1.18e+00 | 6.88e-01 6.70e-01)	5.269697e+00 5.391772e+00 : 8.884558e-01
3031(1005) (1.07e+00 1.59e+00) XE:1.59e-01 (1.18e+00 1.18e+00 | 7.04e-01 6.70e-01)	5.269569e+00 5.391781e+00 : 8.884459e-01
3053(989) (1.79e+00 1.60e+00) XE:1.60e-01 (1.19e+00 1.18e+00 | 6.44e-01 6.70e-01)	5.269326e+00 5.391853e+00 : 8.884316e-01
3075(997) (1.77e+00 1.60e+00) XE:1.60e-01 (1.17e+00 1.18e+00 | 6.12e-01 6.70e-01)	5.269510e+00 5.391679e+00 : 8.884325e-01
3097(1014) (1.49e+00 1.60e+00) XE:1.60e-01 (1.14e+00 1.18e+00 | 6.36e-01 6.70e-01)	5.269013e+00 5.391482e+00 : 8.883746e-01
3119(1002) (1.36e+00 1.60e+00) XE:1.60e-01 (1.19e+00 1.18e+00 | 6.82e-01 6.70e-01)	5.268633e+00 5.391152e+00 : 8.883154e-01
3142(1001) (1.72e+00 1.60e+00) XE:1.60e-01 (1.18e+00 1.18e+00 | 6.14e-01 6.70e-01)	5.267768e+00 5.390723e+00 : 8.882075e-01
3164(994) (1.92e+00 1.60e+00) XE:1.60e-01 (1.15e+00 1.18e+00 | 6.46e-01 6.70e-01)	5.268073e+00 5.390566e+00 : 8.882198e-01
3186(992) (1.63e+00 1.60e+00) XE:1.60e-01 (1.18e+00 1.18e+00 | 6.26e-01 6.70e-01)	5.267879e+00 5.390646e+00 : 8.882104e-01
3208(1007) (1.61e+00 1.60e+00) XE:1.60e-01 (1.18e+00 1.18e+00 | 7.08e-01 6.70e-01)	5.267772e+00 5.390369e+00 : 8.881784e-01
3230(1006) (1.42e+00 1.60e+00) XE:1.60e-01 (1.19e+00 1.18e+00 | 6.18e-01 6.70e-01)	5.268536e+00 5.390335e+00 : 8.882392e-01
3252(1008) (1.61e+00 1.60e+00) XE:1.60e-01 (1.19e+00 1.18e+00 | 6.64e-01 6.70e-01)	5.268272e+00 5.390245e+00 : 8.882097e-01
3274(996) (1.63e+00 1.59e+00) XE:1.59e-01 (1.19e+00 1.18e+00 | 6.34e-01 6.70e-01)	5.268327e+00 5.389933e+00 : 8.881883e-01
3296(1000) (1.63e+00 1.59e+00) XE:1.59e-01 (1.20e+00 1.18e+00 | 6.80e-01 6.70e-01)	5.268351e+00 5.389701e+00 : 8.881710e-01
3318(1000) (1.78e+00 1.60e+00) XE:1.60e-01 (1.18e+00 1.18e+00 | 7.00e-01 6.70e-01)	5.267683e+00 5.389381e+00 : 8.880887e-01
3341(986) (1.61e+00 1.60e+00) XE:1.60e-01 (1.18e+00 1.18e+00 | 6.80e-01 6.70e-01)	5.267771e+00 5.389450e+00 : 8.881018e-01
3363(1003) (1.59e+00 1.60e+00) XE:1.60e-01 (1.18e+00 1.18e+00 | 6.86e-01 6.70e-01)	5.267200e+00 5.389307e+00 : 8.880422e-01
3385(1007) (1.52e+00 1.60e+00) XE:1.60e-01 (1.16e+00 1.18e+00 | 6.58e-01 6.70e-01)	5.266575e+00 5.389410e+00 : 8.879987e-01
3407(997) (1.21e+00 1.60e+00) XE:1.60e-01 (1.19e+00 1.18e+00 | 6.68e-01 6.70e-01)	5.266674e+00 5.389143e+00 : 8.879848e-01
3429(995) (1.88e+00 1.60e+00) XE:1.60e-01 (1.19e+00 1.18e+00 | 6.92e-01 6.70e-01)	5.266948e+00 5.388623e+00 : 8.879643e-01
3451(990) (1.78e+00 1.60e+00) XE:1.60e-01 (1.18e+00 1.18e+00 | 6.74e-01 6.70e-01)	5.266568e+00 5.388288e+00 : 8.879047e-01
3473(1001) (1.91e+00 1.60e+00) XE:1.60e-01 (1.19e+00 1.18e+00 | 6.98e-01 6.70e-01)	5.266354e+00 5.388473e+00 : 8.879022e-01
3495(1002) (1.75e+00 1.60e+00) XE:1.60e-01 (1.16e+00 1.18e+00 | 6.46e-01 6.70e-01)	5.266176e+00 5.388282e+00 : 8.878715e-01
3518(998) (1.73e+00 1.60e+00) XE:1.60e-01 (1.18e+00 1.18e+00 | 6.60e-01 6.70e-01)	5.265751e+00 5.387940e+00 : 8.878076e-01
3540(1005) (1.56e+00 1.60e+00) XE:1.60e-01 (1.19e+00 1.18e+00 | 7.02e-01 6.70e-01)	5.265791e+00 5.387807e+00 : 8.877998e-01
3562(1008) (1.30e+00 1.60e+00) XE:1.60e-01 (1.20e+00 1.18e+00 | 6.80e-01 6.70e-01)	5.266024e+00 5.387528e+00 : 8.877960e-01
3584(1001) (1.41e+00 1.60e+00) XE:1.60e-01 (1.18e+00 1.18e+00 | 6.18e-01 6.70e-01)	5.266062e+00 5.387223e+00 : 8.877737e-01
3606(1005) (1.25e+00 1.59e+00) XE:1.59e-01 (1.18e+00 1.18e+00 | 6.72e-01 6.70e-01)	5.265929e+00 5.387307e+00 : 8.877697e-01
3628(1007) (8.87e-01 1.59e+00) XE:1.59e-01 (1.18e+00 1.18e+00 | 6.78e-01 6.70e-01)	5.266017e+00 5.387089e+00 : 8.877588e-01
3650(1005) (1.09e+00 1.59e+00) XE:1.59e-01 (1.17e+00 1.18e+00 | 6.62e-01 6.70e-01)	5.265843e+00 5.387026e+00 : 8.877391e-01
3672(998) (1.48e+00 1.59e+00) XE:1.59e-01 (1.17e+00 1.18e+00 | 6.68e-01 6.70e-01)	5.265203e+00 5.386815e+00 : 8.876682e-01
3695(1002) (1.48e+00 1.59e+00) XE:1.59e-01 (1.18e+00 1.18e+00 | 7.06e-01 6.71e-01)	5.265424e+00 5.386735e+00 : 8.876799e-01
3717(1001) (1.75e+00 1.59e+00) XE:1.59e-01 (1.17e+00 1.18e+00 | 6.24e-01 6.71e-01)	5.265314e+00 5.386326e+00 : 8.876366e-01
3739(977) (1.66e+00 1.59e+00) XE:1.59e-01 (1.17e+00 1.18e+00 | 6.07e-01 6.71e-01)	5.265392e+00 5.385900e+00 : 8.876077e-01
3761(993) (1.55e+00 1.59e+00) XE:1.59e-01 (1.19e+00 1.18e+00 | 7.06e-01 6.71e-01)	5.265472e+00 5.385613e+00 : 8.875904e-01
3783(1008) (1.70e+00 1.59e+00) XE:1.59e-01 (1.18e+00 1.18e+00 | 6.66e-01 6.70e-01)	5.265288e+00 5.385544e+00 : 8.875694e-01
3805(1003) (1.66e+00 1.59e+00) XE:1.59e-01 (1.17e+00 1.18e+00 | 7.14e-01 6.71e-01)	5.265131e+00 5.385376e+00 : 8.875422e-01
3827(999) (1.32e+00 1.60e+00) XE:1.60e-01 (1.16e+00 1.18e+00 | 7.04e-01 6.71e-01)	5.264915e+00 5.385040e+00 : 8.874963e-01
3850(1006) (1.70e+00 1.60e+00) XE:1.60e-01 (1.17e+00 1.18e+00 | 6.90e-01 6.71e-01)	5.264803e+00 5.385064e+00 : 8.874889e-01
3872(989) (1.49e+00 1.60e+00) XE:1.60e-01 (1.19e+00 1.18e+00 | 7.37e-01 6.71e-01)	5.264410e+00 5.384856e+00 : 8.874388e-01
3894(997) (1.98e+00 1.60e+00) XE:1.60e-01 (1.19e+00 1.18e+00 | 7.00e-01 6.71e-01)	5.264314e+00 5.384684e+00 : 8.874165e-01
3916(1010) (2.02e+00 1.60e+00) XE:1.60e-01 (1.16e+00 1.18e+00 | 6.58e-01 6.71e-01)	5.264186e+00 5.384613e+00 : 8.873999e-01
3938(1003) (1.08e+00 1.60e+00) XE:1.60e-01 (1.19e+00 1.18e+00 | 6.48e-01 6.71e-01)	5.263872e+00 5.384501e+00 : 8.873644e-01
3960(1005) (1.72e+00 1.60e+00) XE:1.60e-01 (1.16e+00 1.18e+00 | 7.20e-01 6.71e-01)	5.263705e+00 5.384433e+00 : 8.873448e-01
3982(1002) (1.64e+00 1.60e+00) XE:1.60e-01 (1.19e+00 1.18e+00 | 7.14e-01 6.71e-01)	5.263663e+00 5.384268e+00 : 8.873276e-01
4004(999) (1.79e+00 1.60e+00) XE:1.60e-01 (1.16e+00 1.18e+00 | 6.70e-01 6.71e-01)	5.263976e+00 5.384457e+00 : 8.873694e-01
4026(994) (1.39e+00 1.60e+00) XE:1.60e-01 (1.18e+00 1.18e+00 | 6.50e-01 6.71e-01)	5.264029e+00 5.384206e+00 : 8.873529e-01
4049(999) (1.58e+00 1.60e+00) XE:1.60e-01 (1.15e+00 1.18e+00 | 6.34e-01 6.71e-01)	5.264139e+00 5.384121e+00 : 8.873550e-01
4071(974) (2.01e+00 1.59e+00) XE:1.59e-01 (1.19e+00 1.18e+00 | 6.64e-01 6.71e-01)	5.264201e+00 5.384326e+00 : 8.873773e-01
4093(998) (1.40e+00 1.60e+00) XE:1.60e-01 (1.18e+00 1.18e+00 | 6.94e-01 6.71e-01)	5.263848e+00 5.384043e+00 : 8.873242e-01
4115(995) (1.64e+00 1.60e+00) XE:1.60e-01 (1.18e+00 1.18e+00 | 6.20e-01 6.71e-01)	5.263979e+00 5.383847e+00 : 8.873188e-01
4137(993) (1.77e+00 1.60e+00) XE:1.60e-01 (1.19e+00 1.18e+00 | 6.60e-01 6.71e-01)	5.263687e+00 5.383975e+00 : 8.873052e-01
4159(1006) (1.35e+00 1.60e+00) XE:1.60e-01 (1.20e+00 1.18e+00 | 6.78e-01 6.71e-01)	5.263557e+00 5.383852e+00 : 8.872841e-01
4181(996) (1.78e+00 1.59e+00) XE:1.59e-01 (1.17e+00 1.18e+00 | 6.80e-01 6.71e-01)	5.263768e+00 5.383864e+00 : 8.873026e-01
4203(1004) (1.63e+00 1.59e+00) XE:1.59e-01 (1.16e+00 1.18e+00 | 6.68e-01 6.71e-01)	5.263531e+00 5.383692e+00 : 8.872686e-01
4226(994) (1.48e+00 1.59e+00) XE:1.59e-01 (1.17e+00 1.18e+00 | 6.72e-01 6.71e-01)	5.263364e+00 5.383908e+00 : 8.872727e-01
4248(991) (2.05e+00 1.59e+00) XE:1.59e-01 (1.20e+00 1.18e+00 | 6.28e-01 6.71e-01)	5.263066e+00 5.383553e+00 : 8.872182e-01
4270(1017) (1.08e+00 1.59e+00) XE:1.59e-01 (1.18e+00 1.18e+00 | 6.78e-01 6.71e-01)	5.262883e+00 5.383456e+00 : 8.871950e-01
4292(992) (1.23e+00 1.59e+00) XE:1.59e-01 (1.19e+00 1.18e+00 | 7.31e-01 6.71e-01)	5.263436e+00 5.383439e+00 : 8.872396e-01
4314(1003) (1.54e+00 1.59e+00) XE:1.59e-01 (1.19e+00 1.18e+00 | 6.62e-01 6.71e-01)	5.263198e+00 5.383371e+00 : 8.872141e-01
4336(989) (1.60e+00 1.59e+00) XE:1.59e-01 (1.18e+00 1.18e+00 | 6.20e-01 6.71e-01)	5.262921e+00 5.383025e+00 : 8.871621e-01
4358(998) (1.77e+00 1.59e+00) XE:1.59e-01 (1.19e+00 1.18e+00 | 7.63e-01 6.71e-01)	5.262900e+00 5.382823e+00 : 8.871436e-01
4380(984) (1.77e+00 1.59e+00) XE:1.59e-01 (1.17e+00 1.18e+00 | 7.20e-01 6.71e-01)	5.262682e+00 5.382764e+00 : 8.871204e-01
4403(1002) (1.53e+00 1.59e+00) XE:1.59e-01 (1.20e+00 1.18e+00 | 6.26e-01 6.71e-01)	5.262704e+00 5.383013e+00 : 8.871431e-01
4425(997) (1.76e+00 1.59e+00) XE:1.59e-01 (1.19e+00 1.18e+00 | 6.64e-01 6.71e-01)	5.262595e+00 5.383057e+00 : 8.871376e-01
4447(1010) (1.92e+00 1.59e+00) XE:1.59e-01 (1.19e+00 1.18e+00 | 7.14e-01 6.71e-01)	5.262587e+00 5.383103e+00 : 8.871409e-01
4469(1003) (1.52e+00 1.59e+00) XE:1.59e-01 (1.15e+00 1.18e+00 | 6.03e-01 6.71e-01)	5.262656e+00 5.383165e+00 : 8.871517e-01
4491(994) (1.64e+00 1.59e+00) XE:1.59e-01 (1.21e+00 1.18e+00 | 7.16e-01 6.71e-01)	5.262519e+00 5.383263e+00 : 8.871485e-01
4513(1001) (1.51e+00 1.59e+00) XE:1.59e-01 (1.18e+00 1.18e+00 | 6.82e-01 6.71e-01)	5.262335e+00 5.383136e+00 : 8.871226e-01
4535(996) (1.68e+00 1.59e+00) XE:1.59e-01 (1.17e+00 1.18e+00 | 7.25e-01 6.71e-01)	5.262191e+00 5.383180e+00 : 8.871142e-01
4557(1008) (1.65e+00 1.59e+00) XE:1.59e-01 (1.18e+00 1.18e+00 | 7.10e-01 6.71e-01)	5.262092e+00 5.383119e+00 : 8.871010e-01
4579(1003) (1.76e+00 1.59e+00) XE:1.59e-01 (1.17e+00 1.18e+00 | 6.72e-01 6.71e-01)	5.261934e+00 5.382872e+00 : 8.870671e-01
4602(1006) (1.66e+00 1.59e+00) XE:1.59e-01 (1.18e+00 1.18e+00 | 7.02e-01 6.71e-01)	5.261599e+00 5.382781e+00 : 8.870317e-01
4624(1000) (1.11e+00 1.59e+00) XE:1.59e-01 (1.17e+00 1.18e+00 | 6.88e-01 6.71e-01)	5.261377e+00 5.382948e+00 : 8.870271e-01
4646(1005) (1.92e+00 1.59e+00) XE:1.59e-01 (1.19e+00 1.18e+00 | 7.65e-01 6.71e-01)	5.261522e+00 5.382736e+00 : 8.870215e-01
4668(1003) (1.49e+00 1.59e+00) XE:1.59e-01 (1.17e+00 1.18e+00 | 6.80e-01 6.71e-01)	5.261314e+00 5.382697e+00 : 8.870010e-01
4690(988) (1.52e+00 1.59e+00) XE:1.59e-01 (1.17e+00 1.18e+00 | 6.76e-01 6.71e-01)	5.261320e+00 5.382691e+00 : 8.870010e-01
4712(1013) (1.59e+00 1.59e+00) XE:1.59e-01 (1.16e+00 1.18e+00 | 6.68e-01 6.71e-01)	5.261206e+00 5.382441e+00 : 8.869706e-01
4734(1006) (1.44e+00 1.59e+00) XE:1.59e-01 (1.18e+00 1.18e+00 | 6.94e-01 6.71e-01)	5.260850e+00 5.382277e+00 : 8.869272e-01
4757(1004) (1.40e+00 1.59e+00) XE:1.59e-01 (1.17e+00 1.18e+00 | 7.12e-01 6.71e-01)	5.260871e+00 5.382218e+00 : 8.869241e-01
4779(997) (1.32e+00 1.59e+00) XE:1.59e-01 (1.19e+00 1.18e+00 | 6.44e-01 6.71e-01)	5.260712e+00 5.382325e+00 : 8.869197e-01
4801(1003) (1.13e+00 1.59e+00) XE:1.59e-01 (1.17e+00 1.18e+00 | 7.14e-01 6.71e-01)	5.260810e+00 5.382256e+00 : 8.869222e-01
4823(982) (1.86e+00 1.59e+00) XE:1.59e-01 (1.18e+00 1.18e+00 | 6.46e-01 6.71e-01)	5.260973e+00 5.382039e+00 : 8.869177e-01
4845(1002) (1.63e+00 1.59e+00) XE:1.59e-01 (1.18e+00 1.18e+00 | 6.36e-01 6.71e-01)	5.260805e+00 5.381730e+00 : 8.868779e-01
4867(1000) (1.81e+00 1.59e+00) XE:1.59e-01 (1.16e+00 1.18e+00 | 6.92e-01 6.71e-01)	5.260613e+00 5.381399e+00 : 8.868343e-01
4889(1001) (1.58e+00 1.59e+00) XE:1.59e-01 (1.19e+00 1.18e+00 | 6.40e-01 6.71e-01)	5.260538e+00 5.381195e+00 : 8.868111e-01
4911(1014) (1.30e+00 1.59e+00) XE:1.59e-01 (1.16e+00 1.18e+00 | 6.70e-01 6.71e-01)	5.260598e+00 5.381147e+00 : 8.868121e-01
4933(1005) (1.56e+00 1.59e+00) XE:1.59e-01 (1.18e+00 1.18e+00 | 6.30e-01 6.71e-01)	5.260152e+00 5.381004e+00 : 8.867630e-01
4955(1009) (1.36e+00 1.59e+00) XE:1.59e-01 (1.17e+00 1.18e+00 | 6.46e-01 6.71e-01)	5.259906e+00 5.381016e+00 : 8.867436e-01
4978(1001) (2.12e+00 1.59e+00) XE:1.59e-01 (1.15e+00 1.18e+00 | 6.12e-01 6.71e-01)	5.259797e+00 5.380874e+00 : 8.867226e-01
5000(1004) (1.28e+00 1.59e+00) XE:1.59e-01 (1.19e+00 1.18e+00 | 6.72e-01 6.71e-01)	5.259924e+00 5.381033e+00 : 8.867464e-01
5022(995) (1.77e+00 1.59e+00) XE:1.59e-01 (1.19e+00 1.18e+00 | 6.80e-01 6.71e-01)	5.259953e+00 5.381014e+00 : 8.867472e-01
5044(992) (1.55e+00 1.59e+00) XE:1.59e-01 (1.19e+00 1.18e+00 | 6.66e-01 6.71e-01)	5.259733e+00 5.380974e+00 : 8.867255e-01
5066(1010) (1.32e+00 1.59e+00) XE:1.59e-01 (1.17e+00 1.18e+00 | 6.70e-01 6.71e-01)	5.259793e+00 5.380866e+00 : 8.867216e-01
5088(988) (1.66e+00 1.59e+00) XE:1.59e-01 (1.18e+00 1.18e+00 | 6.26e-01 6.71e-01)	5.259668e+00 5.380847e+00 : 8.867097e-01
5110(984) (1.60e+00 1.59e+00) XE:1.59e-01 (1.19e+00 1.18e+00 | 8.29e-01 6.71e-01)	5.259365e+00 5.381033e+00 : 8.866999e-01
5132(999) (1.80e+00 1.59e+00) XE:1.59e-01 (1.19e+00 1.18e+00 | 6.76e-01 6.71e-01)	5.259390e+00 5.380769e+00 : 8.866799e-01
5154(1010) (1.17e+00 1.59e+00) XE:1.59e-01 (1.19e+00 1.18e+00 | 6.66e-01 6.71e-01)	5.259487e+00 5.380893e+00 : 8.866984e-01
5177(999) (1.47e+00 1.59e+00) XE:1.59e-01 (1.17e+00 1.18e+00 | 6.82e-01 6.71e-01)	5.259232e+00 5.380806e+00 : 8.866699e-01
5199(1007) (1.62e+00 1.59e+00) XE:1.59e-01 (1.16e+00 1.18e+00 | 7.10e-01 6.71e-01)	5.259018e+00 5.380779e+00 : 8.866498e-01
5221(1021) (1.52e+00 1.59e+00) XE:1.59e-01 (1.18e+00 1.18e+00 | 6.78e-01 6.71e-01)	5.259079e+00 5.381043e+00 : 8.866768e-01
5243(998) (2.26e+00 1.59e+00) XE:1.59e-01 (1.18e+00 1.18e+00 | 6.82e-01 6.71e-01)	5.258877e+00 5.380718e+00 : 8.866329e-01
5265(996) (1.78e+00 1.59e+00) XE:1.59e-01 (1.20e+00 1.18e+00 | 6.80e-01 6.71e-01)	5.259142e+00 5.380903e+00 : 8.866705e-01
5287(997) (1.39e+00 1.59e+00) XE:1.59e-01 (1.18e+00 1.18e+00 | 6.28e-01 6.71e-01)	5.258629e+00 5.380790e+00 : 8.866183e-01
5309(995) (1.37e+00 1.59e+00) XE:1.59e-01 (1.15e+00 1.18e+00 | 7.75e-01 6.71e-01)	5.258454e+00 5.380829e+00 : 8.866069e-01
5331(1001) (1.77e+00 1.59e+00) XE:1.59e-01 (1.18e+00 1.18e+00 | 6.96e-01 6.71e-01)	5.258240e+00 5.380676e+00 : 8.865764e-01
5354(1002) (1.96e+00 1.59e+00) XE:1.59e-01 (1.22e+00 1.18e+00 | 7.39e-01 6.71e-01)	5.258282e+00 5.380444e+00 : 8.865604e-01
5376(999) (1.65e+00 1.59e+00) XE:1.59e-01 (1.16e+00 1.18e+00 | 6.40e-01 6.71e-01)	5.258208e+00 5.380229e+00 : 8.865364e-01
5398(1008) (1.39e+00 1.59e+00) XE:1.59e-01 (1.19e+00 1.18e+00 | 6.60e-01 6.71e-01)	5.258355e+00 5.380138e+00 : 8.865411e-01
5420(996) (1.61e+00 1.59e+00) XE:1.59e-01 (1.18e+00 1.18e+00 | 6.70e-01 6.71e-01)	5.258622e+00 5.380090e+00 : 8.865593e-01
5442(995) (1.21e+00 1.59e+00) XE:1.59e-01 (1.19e+00 1.18e+00 | 7.12e-01 6.71e-01)	5.258545e+00 5.380170e+00 : 8.865596e-01
5464(989) (1.78e+00 1.59e+00) XE:1.59e-01 (1.15e+00 1.18e+00 | 6.36e-01 6.71e-01)	5.258265e+00 5.379934e+00 : 8.865166e-01
5486(1010) (1.46e+00 1.59e+00) XE:1.59e-01 (1.18e+00 1.18e+00 | 6.36e-01 6.71e-01)	5.258009e+00 5.379796e+00 : 8.864837e-01
5509(1006) (1.49e+00 1.59e+00) XE:1.59e-01 (1.17e+00 1.18e+00 | 6.82e-01 6.71e-01)	5.258155e+00 5.379942e+00 : 8.865081e-01
5531(1006) (1.50e+00 1.59e+00) XE:1.59e-01 (1.20e+00 1.18e+00 | 7.39e-01 6.71e-01)	5.258081e+00 5.379930e+00 : 8.865009e-01
5553(1002) (1.27e+00 1.59e+00) XE:1.59e-01 (1.18e+00 1.18e+00 | 6.78e-01 6.71e-01)	5.258220e+00 5.379954e+00 : 8.865145e-01
5575(996) (1.54e+00 1.59e+00) XE:1.59e-01 (1.19e+00 1.18e+00 | 6.66e-01 6.71e-01)	5.258288e+00 5.379943e+00 : 8.865192e-01
5597(1007) (1.23e+00 1.59e+00) XE:1.59e-01 (1.16e+00 1.18e+00 | 6.58e-01 6.71e-01)	5.258274e+00 5.379772e+00 : 8.865039e-01
5619(993) (1.68e+00 1.59e+00) XE:1.59e-01 (1.18e+00 1.18e+00 | 6.44e-01 6.71e-01)	5.258094e+00 5.379654e+00 : 8.864790e-01
5641(1013) (1.31e+00 1.59e+00) XE:1.59e-01 (1.16e+00 1.18e+00 | 7.12e-01 6.71e-01)	5.258056e+00 5.379624e+00 : 8.864734e-01
5663(989) (1.78e+00 1.59e+00) XE:1.59e-01 (1.16e+00 1.18e+00 | 6.78e-01 6.71e-01)	5.258055e+00 5.379777e+00 : 8.864859e-01
5685(996) (1.75e+00 1.59e+00) XE:1.59e-01 (1.17e+00 1.18e+00 | 6.60e-01 6.71e-01)	5.258162e+00 5.379670e+00 : 8.864860e-01
5707(993) (1.73e+00 1.59e+00) XE:1.59e-01 (1.20e+00 1.18e+00 | 6.54e-01 6.71e-01)	5.258394e+00 5.379503e+00 : 8.864914e-01
5730(1006) (1.91e+00 1.59e+00) XE:1.59e-01 (1.16e+00 1.18e+00 | 7.02e-01 6.71e-01)	5.258393e+00 5.379378e+00 : 8.864809e-01
5752(1000) (1.38e+00 1.59e+00) XE:1.59e-01 (1.17e+00 1.18e+00 | 6.94e-01 6.71e-01)	5.258446e+00 5.379259e+00 : 8.864755e-01
5774(1003) (1.71e+00 1.59e+00) XE:1.59e-01 (1.16e+00 1.18e+00 | 6.76e-01 6.71e-01)	5.258391e+00 5.379138e+00 : 8.864608e-01
5796(993) (1.56e+00 1.59e+00) XE:1.59e-01 (1.17e+00 1.18e+00 | 6.86e-01 6.71e-01)	5.258226e+00 5.379119e+00 : 8.864454e-01
5818(1004) (1.71e+00 1.59e+00) XE:1.59e-01 (1.20e+00 1.18e+00 | 7.25e-01 6.71e-01)	5.258429e+00 5.379044e+00 : 8.864561e-01
5840(1017) (1.46e+00 1.59e+00) XE:1.59e-01 (1.20e+00 1.18e+00 | 6.50e-01 6.71e-01)	5.258377e+00 5.378929e+00 : 8.864422e-01
5862(1006) (1.48e+00 1.59e+00) XE:1.59e-01 (1.16e+00 1.18e+00 | 7.33e-01 6.71e-01)	5.258227e+00 5.378839e+00 : 8.864221e-01
5884(990) (1.82e+00 1.59e+00) XE:1.59e-01 (1.20e+00 1.18e+00 | 6.32e-01 6.71e-01)	5.258462e+00 5.378796e+00 : 8.864382e-01
5906(991) (1.76e+00 1.59e+00) XE:1.59e-01 (1.18e+00 1.18e+00 | 6.68e-01 6.71e-01)	5.258284e+00 5.378765e+00 : 8.864207e-01
5929(1001) (1.84e+00 1.59e+00) XE:1.59e-01 (1.18e+00 1.18e+00 | 6.66e-01 6.71e-01)	5.258173e+00 5.378747e+00 : 8.864101e-01
5951(996) (1.80e+00 1.59e+00) XE:1.59e-01 (1.13e+00 1.18e+00 | 6.36e-01 6.71e-01)	5.258089e+00 5.378726e+00 : 8.864013e-01
5973(1001) (1.27e+00 1.59e+00) XE:1.59e-01 (1.18e+00 1.18e+00 | 7.02e-01 6.71e-01)	5.257839e+00 5.378657e+00 : 8.863747e-01
5995(988) (1.57e+00 1.59e+00) XE:1.59e-01 (1.17e+00 1.18e+00 | 6.30e-01 6.71e-01)	5.257867e+00 5.378512e+00 : 8.863650e-01
6017(991) (1.69e+00 1.59e+00) XE:1.59e-01 (1.18e+00 1.18e+00 | 7.02e-01 6.71e-01)	5.257746e+00 5.378408e+00 : 8.863462e-01
6039(1004) (1.75e+00 1.59e+00) XE:1.59e-01 (1.19e+00 1.18e+00 | 7.25e-01 6.71e-01)	5.257656e+00 5.378361e+00 : 8.863348e-01
6061(1007) (1.72e+00 1.59e+00) XE:1.59e-01 (1.16e+00 1.18e+00 | 6.14e-01 6.71e-01)	5.257684e+00 5.378350e+00 : 8.863362e-01
6083(1009) (1.80e+00 1.59e+00) XE:1.59e-01 (1.21e+00 1.18e+00 | 6.38e-01 6.71e-01)	5.257604e+00 5.378401e+00 : 8.863338e-01
6106(993) (1.72e+00 1.59e+00) XE:1.59e-01 (1.22e+00 1.18e+00 | 7.20e-01 6.71e-01)	5.257644e+00 5.378268e+00 : 8.863260e-01
6128(1000) (1.51e+00 1.59e+00) XE:1.59e-01 (1.19e+00 1.18e+00 | 6.90e-01 6.71e-01)	5.257591e+00 5.378198e+00 : 8.863158e-01
6150(985) (1.69e+00 1.59e+00) XE:1.59e-01 (1.19e+00 1.18e+00 | 7.04e-01 6.71e-01)	5.257512e+00 5.378111e+00 : 8.863019e-01
6172(994) (1.84e+00 1.59e+00) XE:1.59e-01 (1.18e+00 1.18e+00 | 5.81e-01 6.71e-01)	5.257292e+00 5.377608e+00 : 8.862417e-01
6194(1005) (1.33e+00 1.59e+00) XE:1.59e-01 (1.18e+00 1.18e+00 | 7.12e-01 6.71e-01)	5.257257e+00 5.377576e+00 : 8.862361e-01
6216(997) (1.85e+00 1.59e+00) XE:1.59e-01 (1.17e+00 1.18e+00 | 6.70e-01 6.71e-01)	5.257147e+00 5.377143e+00 : 8.861909e-01
6238(998) (1.55e+00 1.59e+00) XE:1.59e-01 (1.17e+00 1.18e+00 | 7.02e-01 6.71e-01)	5.256934e+00 5.376886e+00 : 8.861516e-01
6260(998) (1.64e+00 1.59e+00) XE:1.59e-01 (1.16e+00 1.18e+00 | 6.20e-01 6.71e-01)	5.256846e+00 5.376883e+00 : 8.861441e-01
6282(1005) (1.35e+00 1.59e+00) XE:1.59e-01 (1.17e+00 1.18e+00 | 6.64e-01 6.71e-01)	5.256737e+00 5.376929e+00 : 8.861388e-01
6305(1007) (1.76e+00 1.59e+00) XE:1.59e-01 (1.21e+00 1.18e+00 | 6.82e-01 6.71e-01)	5.256802e+00 5.376902e+00 : 8.861420e-01
6327(992) (1.82e+00 1.59e+00) XE:1.59e-01 (1.20e+00 1.18e+00 | 6.54e-01 6.71e-01)	5.256921e+00 5.376788e+00 : 8.861424e-01
6349(1000) (2.02e+00 1.59e+00) XE:1.59e-01 (1.16e+00 1.18e+00 | 6.56e-01 6.71e-01)	5.256739e+00 5.376905e+00 : 8.861370e-01
6371(999) (1.90e+00 1.59e+00) XE:1.59e-01 (1.18e+00 1.18e+00 | 6.52e-01 6.71e-01)	5.256693e+00 5.376906e+00 : 8.861333e-01
6393(1000) (1.74e+00 1.59e+00) XE:1.59e-01 (1.15e+00 1.18e+00 | 6.56e-01 6.71e-01)	5.256804e+00 5.376679e+00 : 8.861235e-01
6414(1003) (1.47e+00 1.59e+00) XE:1.59e-01 (1.17e+00 1.18e+00 | 6.92e-01 6.71e-01)	5.257160e+00 5.376618e+00 : 8.861482e-01
6436(998) (1.51e+00 1.59e+00) XE:1.59e-01 (1.18e+00 1.18e+00 | 6.74e-01 6.71e-01)	5.257104e+00 5.376559e+00 : 8.861386e-01
6458(989) (1.95e+00 1.59e+00) XE:1.59e-01 (1.17e+00 1.18e+00 | 6.92e-01 6.71e-01)	5.257181e+00 5.376613e+00 : 8.861495e-01
6480(1004) (1.36e+00 1.59e+00) XE:1.59e-01 (1.20e+00 1.18e+00 | 7.00e-01 6.71e-01)	5.257010e+00 5.376442e+00 : 8.861209e-01
6502(993) (1.51e+00 1.59e+00) XE:1.59e-01 (1.17e+00 1.18e+00 | 5.99e-01 6.71e-01)	5.256990e+00 5.376457e+00 : 8.861206e-01
6524(1001) (2.27e+00 1.59e+00) XE:1.59e-01 (1.18e+00 1.18e+00 | 7.00e-01 6.71e-01)	5.256739e+00 5.376331e+00 : 8.860892e-01
6546(991) (1.35e+00 1.59e+00) XE:1.59e-01 (1.20e+00 1.18e+00 | 5.75e-01 6.71e-01)	5.256933e+00 5.376069e+00 : 8.860836e-01
6568(1009) (1.10e+00 1.59e+00) XE:1.59e-01 (1.17e+00 1.18e+00 | 6.32e-01 6.71e-01)	5.256878e+00 5.376182e+00 : 8.860884e-01
6589(1011) (1.39e+00 1.59e+00) XE:1.59e-01 (1.18e+00 1.18e+00 | 6.56e-01 6.71e-01)	5.256742e+00 5.376110e+00 : 8.860710e-01
6611(1005) (1.33e+00 1.59e+00) XE:1.59e-01 (1.15e+00 1.18e+00 | 6.96e-01 6.71e-01)	5.256748e+00 5.375934e+00 : 8.860569e-01
6633(992) (1.67e+00 1.59e+00) XE:1.59e-01 (1.17e+00 1.18e+00 | 6.82e-01 6.71e-01)	5.256763e+00 5.375932e+00 : 8.860579e-01
6655(1000) (1.45e+00 1.59e+00) XE:1.59e-01 (1.17e+00 1.18e+00 | 6.80e-01 6.71e-01)	5.256843e+00 5.375978e+00 : 8.860685e-01
6677(1008) (1.30e+00 1.59e+00) XE:1.59e-01 (1.19e+00 1.18e+00 | 6.54e-01 6.71e-01)	5.256643e+00 5.375986e+00 : 8.860524e-01
6699(1009) (1.62e+00 1.59e+00) XE:1.59e-01 (1.17e+00 1.18e+00 | 6.09e-01 6.71e-01)	5.256523e+00 5.375901e+00 : 8.860353e-01
6721(996) (1.57e+00 1.59e+00) XE:1.59e-01 (1.20e+00 1.18e+00 | 6.36e-01 6.71e-01)	5.256551e+00 5.375822e+00 : 8.860311e-01
6743(1003) (1.57e+00 1.59e+00) XE:1.59e-01 (1.17e+00 1.18e+00 | 7.20e-01 6.71e-01)	5.256457e+00 5.375865e+00 : 8.860269e-01
6765(1000) (1.47e+00 1.59e+00) XE:1.59e-01 (1.19e+00 1.18e+00 | 7.18e-01 6.71e-01)	5.256401e+00 5.375797e+00 : 8.860165e-01
6787(991) (1.80e+00 1.59e+00) XE:1.59e-01 (1.19e+00 1.18e+00 | 7.06e-01 6.71e-01)	5.256029e+00 5.375735e+00 : 8.859803e-01
6808(1006) (1.51e+00 1.59e+00) XE:1.59e-01 (1.17e+00 1.18e+00 | 6.36e-01 6.71e-01)	5.256091e+00 5.375664e+00 : 8.859796e-01
6830(999) (1.92e+00 1.59e+00) XE:1.59e-01 (1.20e+00 1.18e+00 | 6.62e-01 6.71e-01)	5.256163e+00 5.375645e+00 : 8.859840e-01
6852(1000) (1.34e+00 1.59e+00) XE:1.59e-01 (1.16e+00 1.18e+00 | 5.81e-01 6.71e-01)	5.255934e+00 5.375534e+00 : 8.859557e-01
6874(1005) (1.71e+00 1.59e+00) XE:1.59e-01 (1.15e+00 1.18e+00 | 7.16e-01 6.71e-01)	5.255775e+00 5.375537e+00 : 8.859427e-01
6896(1003) (1.61e+00 1.59e+00) XE:1.59e-01 (1.18e+00 1.18e+00 | 6.88e-01 6.71e-01)	5.255693e+00 5.375406e+00 : 8.859249e-01
6918(997) (1.70e+00 1.59e+00) XE:1.59e-01 (1.16e+00 1.18e+00 | 6.58e-01 6.71e-01)	5.255815e+00 5.375385e+00 : 8.859334e-01
6940(994) (1.26e+00 1.59e+00) XE:1.59e-01 (1.16e+00 1.18e+00 | 6.62e-01 6.71e-01)	5.255801e+00 5.375414e+00 : 8.859345e-01
6962(1004) (1.13e+00 1.59e+00) XE:1.59e-01 (1.21e+00 1.18e+00 | 7.00e-01 6.71e-01)	5.255717e+00 5.375223e+00 : 8.859117e-01
6984(998) (1.11e+00 1.59e+00) XE:1.59e-01 (1.18e+00 1.18e+00 | 6.05e-01 6.71e-01)	5.255631e+00 5.375172e+00 : 8.859003e-01
7006(1006) (1.79e+00 1.59e+00) XE:1.59e-01 (1.20e+00 1.18e+00 | 7.69e-01 6.71e-01)	5.255614e+00 5.375095e+00 : 8.858924e-01
7028(1004) (1.50e+00 1.59e+00) XE:1.59e-01 (1.19e+00 1.18e+00 | 6.34e-01 6.71e-01)	5.255524e+00 5.375179e+00 : 8.858919e-01
7049(999) (1.37e+00 1.59e+00) XE:1.59e-01 (1.19e+00 1.18e+00 | 7.25e-01 6.71e-01)	5.255344e+00 5.375298e+00 : 8.858868e-01
7071(1011) (1.81e+00 1.59e+00) XE:1.59e-01 (1.16e+00 1.18e+00 | 6.90e-01 6.71e-01)	5.255236e+00 5.375103e+00 : 8.858616e-01
7093(989) (1.44e+00 1.59e+00) XE:1.59e-01 (1.19e+00 1.18e+00 | 7.27e-01 6.71e-01)	5.255187e+00 5.375144e+00 : 8.858609e-01
7115(1008) (1.27e+00 1.59e+00) XE:1.59e-01 (1.18e+00 1.18e+00 | 6.98e-01 6.71e-01)	5.255093e+00 5.375182e+00 : 8.858562e-01
7137(1009) (1.61e+00 1.59e+00) XE:1.59e-01 (1.17e+00 1.18e+00 | 6.36e-01 6.71e-01)	5.255078e+00 5.375135e+00 : 8.858511e-01
7159(1007) (1.89e+00 1.59e+00) XE:1.59e-01 (1.18e+00 1.18e+00 | 6.62e-01 6.71e-01)	5.255161e+00 5.375244e+00 : 8.858671e-01
7181(992) (1.69e+00 1.59e+00) XE:1.59e-01 (1.15e+00 1.18e+00 | 6.92e-01 6.71e-01)	5.255143e+00 5.375200e+00 : 8.858619e-01
7203(1001) (1.44e+00 1.59e+00) XE:1.59e-01 (1.19e+00 1.18e+00 | 6.56e-01 6.71e-01)	5.255311e+00 5.375206e+00 : 8.858764e-01
7224(987) (1.63e+00 1.59e+00) XE:1.59e-01 (1.18e+00 1.18e+00 | 6.96e-01 6.71e-01)	5.255356e+00 5.375277e+00 : 8.858861e-01
7246(1007) (1.99e+00 1.59e+00) XE:1.59e-01 (1.18e+00 1.18e+00 | 6.66e-01 6.71e-01)	5.255264e+00 5.375239e+00 : 8.858753e-01
7268(1006) (1.62e+00 1.59e+00) XE:1.59e-01 (1.17e+00 1.18e+00 | 6.70e-01 6.71e-01)	5.255100e+00 5.375266e+00 : 8.858638e-01
7290(1003) (1.50e+00 1.59e+00) XE:1.59e-01 (1.14e+00 1.18e+00 | 6.34e-01 6.71e-01)	5.254925e+00 5.375237e+00 : 8.858468e-01
7312(991) (1.63e+00 1.59e+00) XE:1.59e-01 (1.17e+00 1.18e+00 | 6.42e-01 6.71e-01)	5.254837e+00 5.375088e+00 : 8.858270e-01
7334(1003) (1.80e+00 1.59e+00) XE:1.59e-01 (1.20e+00 1.18e+00 | 7.12e-01 6.71e-01)	5.254952e+00 5.375145e+00 : 8.858414e-01
7356(993) (2.15e+00 1.59e+00) XE:1.59e-01 (1.19e+00 1.18e+00 | 6.46e-01 6.71e-01)	5.254639e+00 5.375006e+00 : 8.858037e-01
7378(998) (1.36e+00 1.59e+00) XE:1.59e-01 (1.17e+00 1.18e+00 | 6.44e-01 6.71e-01)	5.254687e+00 5.374903e+00 : 8.857992e-01
7399(1011) (1.81e+00 1.59e+00) XE:1.59e-01 (1.17e+00 1.18e+00 | 6.18e-01 6.71e-01)	5.254517e+00 5.374798e+00 : 8.857762e-01
7421(1008) (1.77e+00 1.59e+00) XE:1.59e-01 (1.14e+00 1.18e+00 | 6.50e-01 6.71e-01)	5.254411e+00 5.374664e+00 : 8.857562e-01
7443(998) (1.93e+00 1.59e+00) XE:1.59e-01 (1.19e+00 1.18e+00 | 6.76e-01 6.71e-01)	5.254445e+00 5.374690e+00 : 8.857612e-01
7465(984) (1.58e+00 1.59e+00) XE:1.59e-01 (1.16e+00 1.18e+00 | 6.44e-01 6.71e-01)	5.254467e+00 5.374486e+00 : 8.857460e-01
7487(997) (1.52e+00 1.59e+00) XE:1.59e-01 (1.16e+00 1.18e+00 | 6.78e-01 6.71e-01)	5.254572e+00 5.374385e+00 : 8.857464e-01
7509(991) (1.65e+00 1.59e+00) XE:1.59e-01 (1.20e+00 1.18e+00 | 6.64e-01 6.71e-01)	5.254378e+00 5.374347e+00 : 8.857271e-01
7531(993) (1.65e+00 1.59e+00) XE:1.59e-01 (1.18e+00 1.18e+00 | 7.02e-01 6.71e-01)	5.254305e+00 5.374240e+00 : 8.857121e-01
7553(1002) (1.44e+00 1.59e+00) XE:1.59e-01 (1.17e+00 1.18e+00 | 6.56e-01 6.71e-01)	5.254462e+00 5.374213e+00 : 8.857229e-01
7575(1009) (1.22e+00 1.59e+00) XE:1.59e-01 (1.19e+00 1.18e+00 | 6.68e-01 6.71e-01)	5.254525e+00 5.374228e+00 : 8.857294e-01
7597(1011) (1.42e+00 1.59e+00) XE:1.59e-01 (1.18e+00 1.18e+00 | 6.60e-01 6.71e-01)	5.254546e+00 5.374165e+00 : 8.857258e-01
7619(992) (1.76e+00 1.59e+00) XE:1.59e-01 (1.19e+00 1.18e+00 | 7.65e-01 6.71e-01)	5.254452e+00 5.374179e+00 : 8.857193e-01
7641(996) (1.66e+00 1.59e+00) XE:1.59e-01 (1.18e+00 1.18e+00 | 6.72e-01 6.71e-01)	5.254426e+00 5.374194e+00 : 8.857183e-01
7662(994) (1.21e+00 1.59e+00) XE:1.59e-01 (1.20e+00 1.18e+00 | 7.20e-01 6.71e-01)	5.254310e+00 5.374140e+00 : 8.857042e-01
7684(990) (1.57e+00 1.59e+00) XE:1.59e-01 (1.18e+00 1.18e+00 | 6.60e-01 6.71e-01)	5.254150e+00 5.373990e+00 : 8.856783e-01
7706(1011) (1.24e+00 1.59e+00) XE:1.59e-01 (1.20e+00 1.18e+00 | 7.02e-01 6.71e-01)	5.253994e+00 5.374036e+00 : 8.856692e-01
7728(1002) (1.28e+00 1.59e+00) XE:1.59e-01 (1.15e+00 1.18e+00 | 6.36e-01 6.71e-01)	5.254081e+00 5.374018e+00 : 8.856749e-01
7750(1000) (1.77e+00 1.59e+00) XE:1.59e-01 (1.16e+00 1.18e+00 | 6.68e-01 6.71e-01)	5.254131e+00 5.373932e+00 : 8.856720e-01
7772(994) (1.64e+00 1.59e+00) XE:1.59e-01 (1.19e+00 1.18e+00 | 6.88e-01 6.71e-01)	5.254075e+00 5.374041e+00 : 8.856763e-01
7794(989) (1.74e+00 1.59e+00) XE:1.59e-01 (1.18e+00 1.18e+00 | 6.28e-01 6.71e-01)	5.253971e+00 5.373865e+00 : 8.856530e-01
7816(999) (1.43e+00 1.59e+00) XE:1.59e-01 (1.19e+00 1.18e+00 | 6.64e-01 6.71e-01)	5.253758e+00 5.373746e+00 : 8.856254e-01
7838(999) (1.68e+00 1.59e+00) XE:1.59e-01 (1.19e+00 1.18e+00 | 6.38e-01 6.71e-01)	5.253729e+00 5.373677e+00 : 8.856172e-01
7860(993) (1.44e+00 1.59e+00) XE:1.59e-01 (1.19e+00 1.18e+00 | 7.08e-01 6.71e-01)	5.253471e+00 5.373555e+00 : 8.855855e-01
7881(998) (1.26e+00 1.59e+00) XE:1.59e-01 (1.19e+00 1.18e+00 | 6.44e-01 6.71e-01)	5.253488e+00 5.373579e+00 : 8.855889e-01
7903(998) (1.55e+00 1.59e+00) XE:1.59e-01 (1.17e+00 1.18e+00 | 6.26e-01 6.71e-01)	5.253613e+00 5.373755e+00 : 8.856140e-01
7925(1001) (2.02e+00 1.59e+00) XE:1.59e-01 (1.15e+00 1.18e+00 | 6.14e-01 6.71e-01)	5.253555e+00 5.373750e+00 : 8.856087e-01
7947(1005) (1.27e+00 1.59e+00) XE:1.59e-01 (1.17e+00 1.18e+00 | 7.08e-01 6.71e-01)	5.253521e+00 5.373800e+00 : 8.856101e-01
7969(1006) (1.29e+00 1.59e+00) XE:1.59e-01 (1.18e+00 1.18e+00 | 6.60e-01 6.71e-01)	5.253668e+00 5.373717e+00 : 8.856154e-01
7991(1009) (1.31e+00 1.59e+00) XE:1.59e-01 (1.16e+00 1.18e+00 | 6.70e-01 6.71e-01)	5.253568e+00 5.373667e+00 : 8.856029e-01
8013(1001) (1.42e+00 1.59e+00) XE:1.59e-01 (1.19e+00 1.18e+00 | 6.72e-01 6.71e-01)	5.253492e+00 5.373764e+00 : 8.856047e-01
8035(998) (1.79e+00 1.59e+00) XE:1.59e-01 (1.18e+00 1.18e+00 | 6.86e-01 6.71e-01)	5.253485e+00 5.373571e+00 : 8.855880e-01
8057(1009) (1.73e+00 1.59e+00) XE:1.59e-01 (1.20e+00 1.18e+00 | 6.58e-01 6.71e-01)	5.253339e+00 5.373496e+00 : 8.855696e-01
8079(997) (1.83e+00 1.59e+00) XE:1.59e-01 (1.18e+00 1.18e+00 | 6.34e-01 6.71e-01)	5.253273e+00 5.373447e+00 : 8.855600e-01
8101(995) (2.19e+00 1.59e+00) XE:1.59e-01 (1.18e+00 1.18e+00 | 6.92e-01 6.71e-01)	5.253159e+00 5.373264e+00 : 8.855352e-01
8123(1012) (1.87e+00 1.59e+00) XE:1.59e-01 (1.18e+00 1.18e+00 | 6.86e-01 6.71e-01)	5.253054e+00 5.373148e+00 : 8.855168e-01
8145(992) (1.68e+00 1.59e+00) XE:1.59e-01 (1.19e+00 1.18e+00 | 5.99e-01 6.71e-01)	5.252847e+00 5.373224e+00 : 8.855060e-01
8167(990) (1.60e+00 1.59e+00) XE:1.59e-01 (1.18e+00 1.18e+00 | 6.96e-01 6.71e-01)	5.252702e+00 5.373191e+00 : 8.854910e-01
8189(1001) (1.25e+00 1.59e+00) XE:1.59e-01 (1.17e+00 1.18e+00 | 6.64e-01 6.71e-01)	5.252471e+00 5.373093e+00 : 8.854637e-01
8210(1007) (1.52e+00 1.59e+00) XE:1.59e-01 (1.17e+00 1.18e+00 | 6.98e-01 6.71e-01)	5.252630e+00 5.373106e+00 : 8.854780e-01
8232(1011) (1.38e+00 1.59e+00) XE:1.59e-01 (1.19e+00 1.18e+00 | 6.42e-01 6.71e-01)	5.252648e+00 5.373121e+00 : 8.854807e-01
8254(1003) (1.65e+00 1.59e+00) XE:1.59e-01 (1.19e+00 1.18e+00 | 6.50e-01 6.71e-01)	5.252746e+00 5.373034e+00 : 8.854817e-01
8276(1008) (1.66e+00 1.59e+00) XE:1.59e-01 (1.19e+00 1.18e+00 | 6.16e-01 6.71e-01)	5.252920e+00 5.373133e+00 : 8.855044e-01
8298(1007) (1.71e+00 1.59e+00) XE:1.59e-01 (1.19e+00 1.18e+00 | 7.08e-01 6.71e-01)	5.252917e+00 5.372966e+00 : 8.854902e-01
8320(1003) (2.03e+00 1.59e+00) XE:1.59e-01 (1.19e+00 1.18e+00 | 6.36e-01 6.71e-01)	5.252847e+00 5.372991e+00 : 8.854865e-01
8342(997) (1.89e+00 1.59e+00) XE:1.59e-01 (1.17e+00 1.18e+00 | 6.07e-01 6.71e-01)	5.252893e+00 5.373013e+00 : 8.854922e-01
8364(986) (1.47e+00 1.59e+00) XE:1.59e-01 (1.20e+00 1.18e+00 | 6.64e-01 6.71e-01)	5.252741e+00 5.372850e+00 : 8.854659e-01
8386(1010) (1.55e+00 1.59e+00) XE:1.59e-01 (1.19e+00 1.18e+00 | 6.40e-01 6.71e-01)	5.252897e+00 5.372859e+00 : 8.854796e-01
8408(991) (1.68e+00 1.59e+00) XE:1.59e-01 (1.17e+00 1.18e+00 | 6.60e-01 6.71e-01)	5.252948e+00 5.372859e+00 : 8.854839e-01
8430(996) (1.95e+00 1.59e+00) XE:1.59e-01 (1.21e+00 1.18e+00 | 7.79e-01 6.71e-01)	5.252955e+00 5.372762e+00 : 8.854764e-01
8451(993) (1.65e+00 1.59e+00) XE:1.59e-01 (1.19e+00 1.18e+00 | 6.60e-01 6.71e-01)	5.252884e+00 5.372698e+00 : 8.854652e-01
8473(996) (1.74e+00 1.59e+00) XE:1.59e-01 (1.19e+00 1.18e+00 | 7.08e-01 6.71e-01)	5.252769e+00 5.372640e+00 : 8.854508e-01
8495(994) (1.44e+00 1.59e+00) XE:1.59e-01 (1.17e+00 1.18e+00 | 7.02e-01 6.71e-01)	5.252881e+00 5.372666e+00 : 8.854623e-01
8517(1007) (1.47e+00 1.59e+00) XE:1.59e-01 (1.19e+00 1.18e+00 | 7.00e-01 6.71e-01)	5.252899e+00 5.372559e+00 : 8.854548e-01
8539(1002) (1.43e+00 1.59e+00) XE:1.59e-01 (1.21e+00 1.18e+00 | 7.08e-01 6.71e-01)	5.252847e+00 5.372601e+00 : 8.854539e-01
8561(1001) (1.31e+00 1.59e+00) XE:1.59e-01 (1.18e+00 1.18e+00 | 6.12e-01 6.71e-01)	5.252813e+00 5.372639e+00 : 8.854543e-01
8583(1015) (1.47e+00 1.59e+00) XE:1.59e-01 (1.20e+00 1.18e+00 | 6.60e-01 6.71e-01)	5.252848e+00 5.372647e+00 : 8.854579e-01
8605(999) (1.69e+00 1.59e+00) XE:1.59e-01 (1.18e+00 1.18e+00 | 7.45e-01 6.71e-01)	5.252814e+00 5.372628e+00 : 8.854536e-01
8627(1001) (1.93e+00 1.59e+00) XE:1.59e-01 (1.17e+00 1.18e+00 | 7.10e-01 6.71e-01)	5.252822e+00 5.372495e+00 : 8.854431e-01
8649(1008) (1.87e+00 1.59e+00) XE:1.59e-01 (1.15e+00 1.18e+00 | 5.85e-01 6.71e-01)	5.252717e+00 5.372436e+00 : 8.854294e-01
8671(994) (1.28e+00 1.59e+00) XE:1.59e-01 (1.15e+00 1.18e+00 | 6.12e-01 6.71e-01)	5.252715e+00 5.372402e+00 : 8.854264e-01
8692(1011) (1.63e+00 1.59e+00) XE:1.59e-01 (1.16e+00 1.18e+00 | 6.40e-01 6.71e-01)	5.252784e+00 5.372327e+00 : 8.854259e-01
8714(992) (1.64e+00 1.59e+00) XE:1.59e-01 (1.20e+00 1.18e+00 | 7.00e-01 6.71e-01)	5.252629e+00 5.372411e+00 : 8.854200e-01
8736(999) (1.83e+00 1.59e+00) XE:1.59e-01 (1.20e+00 1.18e+00 | 6.88e-01 6.71e-01)	5.252370e+00 5.372450e+00 : 8.854017e-01
8758(997) (1.37e+00 1.59e+00) XE:1.59e-01 (1.19e+00 1.18e+00 | 6.66e-01 6.71e-01)	5.252383e+00 5.372544e+00 : 8.854105e-01
8780(1008) (1.40e+00 1.59e+00) XE:1.59e-01 (1.19e+00 1.18e+00 | 6.94e-01 6.71e-01)	5.252399e+00 5.372500e+00 : 8.854082e-01
8802(1013) (1.53e+00 1.59e+00) XE:1.59e-01 (1.21e+00 1.18e+00 | 6.60e-01 6.71e-01)	5.252390e+00 5.372370e+00 : 8.853967e-01
8824(1001) (1.06e+00 1.59e+00) XE:1.59e-01 (1.17e+00 1.18e+00 | 6.50e-01 6.71e-01)	5.252391e+00 5.372269e+00 : 8.853884e-01
8846(998) (1.92e+00 1.59e+00) XE:1.59e-01 (1.17e+00 1.18e+00 | 6.60e-01 6.71e-01)	5.252380e+00 5.372249e+00 : 8.853858e-01
8868(983) (2.07e+00 1.59e+00) XE:1.59e-01 (1.16e+00 1.18e+00 | 6.46e-01 6.71e-01)	5.252448e+00 5.372255e+00 : 8.853919e-01
8890(1016) (1.43e+00 1.59e+00) XE:1.59e-01 (1.17e+00 1.18e+00 | 6.58e-01 6.71e-01)	5.252522e+00 5.372350e+00 : 8.854060e-01
8912(996) (1.85e+00 1.59e+00) XE:1.59e-01 (1.18e+00 1.18e+00 | 6.90e-01 6.71e-01)	5.252531e+00 5.372346e+00 : 8.854064e-01
8933(1004) (1.60e+00 1.59e+00) XE:1.59e-01 (1.17e+00 1.18e+00 | 6.76e-01 6.71e-01)	5.252521e+00 5.372317e+00 : 8.854032e-01
8955(1007) (1.75e+00 1.59e+00) XE:1.59e-01 (1.20e+00 1.18e+00 | 6.52e-01 6.71e-01)	5.252465e+00 5.372373e+00 : 8.854031e-01
8977(998) (1.50e+00 1.59e+00) XE:1.59e-01 (1.18e+00 1.18e+00 | 6.84e-01 6.71e-01)	5.252336e+00 5.372249e+00 : 8.853821e-01
8999(984) (1.65e+00 1.59e+00) XE:1.59e-01 (1.16e+00 1.18e+00 | 6.62e-01 6.71e-01)	5.252296e+00 5.372242e+00 : 8.853782e-01
9021(988) (1.45e+00 1.59e+00) XE:1.59e-01 (1.19e+00 1.18e+00 | 6.56e-01 6.71e-01)	5.252405e+00 5.372142e+00 : 8.853789e-01
9043(997) (1.84e+00 1.59e+00) XE:1.59e-01 (1.18e+00 1.18e+00 | 6.30e-01 6.71e-01)	5.252370e+00 5.372000e+00 : 8.853641e-01
9065(991) (1.53e+00 1.59e+00) XE:1.59e-01 (1.19e+00 1.18e+00 | 6.72e-01 6.71e-01)	5.252330e+00 5.371954e+00 : 8.853571e-01
9087(1006) (1.22e+00 1.59e+00) XE:1.59e-01 (1.17e+00 1.18e+00 | 6.74e-01 6.71e-01)	5.252149e+00 5.372130e+00 : 8.853565e-01
9108(1002) (1.54e+00 1.59e+00) XE:1.59e-01 (1.19e+00 1.18e+00 | 6.94e-01 6.71e-01)	5.252165e+00 5.372051e+00 : 8.853513e-01
9130(993) (1.87e+00 1.59e+00) XE:1.59e-01 (1.18e+00 1.18e+00 | 6.32e-01 6.71e-01)	5.252049e+00 5.371991e+00 : 8.853367e-01
9152(1003) (1.83e+00 1.59e+00) XE:1.59e-01 (1.17e+00 1.18e+00 | 6.16e-01 6.71e-01)	5.252007e+00 5.371992e+00 : 8.853333e-01
9174(996) (1.29e+00 1.59e+00) XE:1.59e-01 (1.18e+00 1.18e+00 | 6.60e-01 6.71e-01)	5.251952e+00 5.372010e+00 : 8.853302e-01
9196(1002) (1.85e+00 1.59e+00) XE:1.59e-01 (1.17e+00 1.18e+00 | 6.78e-01 6.71e-01)	5.251889e+00 5.371893e+00 : 8.853152e-01
9218(992) (1.90e+00 1.59e+00) XE:1.59e-01 (1.19e+00 1.18e+00 | 6.58e-01 6.71e-01)	5.251765e+00 5.371796e+00 : 8.852968e-01
9240(1004) (1.56e+00 1.59e+00) XE:1.59e-01 (1.20e+00 1.18e+00 | 6.88e-01 6.71e-01)	5.251679e+00 5.371674e+00 : 8.852794e-01
9262(1008) (1.67e+00 1.59e+00) XE:1.59e-01 (1.17e+00 1.18e+00 | 6.72e-01 6.71e-01)	5.251539e+00 5.371538e+00 : 8.852565e-01
9284(1016) (2.01e+00 1.59e+00) XE:1.59e-01 (1.18e+00 1.18e+00 | 6.70e-01 6.71e-01)	5.251575e+00 5.371561e+00 : 8.852614e-01
9305(989) (1.88e+00 1.59e+00) XE:1.59e-01 (1.16e+00 1.18e+00 | 5.95e-01 6.71e-01)	5.251573e+00 5.371458e+00 : 8.852525e-01
9327(1005) (1.78e+00 1.59e+00) XE:1.59e-01 (1.16e+00 1.18e+00 | 6.40e-01 6.71e-01)	5.251486e+00 5.371335e+00 : 8.852351e-01
9349(994) (1.29e+00 1.59e+00) XE:1.59e-01 (1.16e+00 1.18e+00 | 6.60e-01 6.71e-01)	5.251524e+00 5.371449e+00 : 8.852478e-01
9371(1008) (1.87e+00 1.59e+00) XE:1.59e-01 (1.18e+00 1.18e+00 | 6.38e-01 6.71e-01)	5.251504e+00 5.371288e+00 : 8.852327e-01
9393(999) (1.37e+00 1.59e+00) XE:1.59e-01 (1.19e+00 1.18e+00 | 6.70e-01 6.71e-01)	5.251423e+00 5.371196e+00 : 8.852183e-01
9415(991) (1.62e+00 1.59e+00) XE:1.59e-01 (1.19e+00 1.18e+00 | 6.16e-01 6.71e-01)	5.251297e+00 5.371357e+00 : 8.852212e-01
9437(989) (1.53e+00 1.59e+00) XE:1.59e-01 (1.18e+00 1.18e+00 | 6.50e-01 6.71e-01)	5.251338e+00 5.371343e+00 : 8.852234e-01
9459(1006) (1.94e+00 1.59e+00) XE:1.59e-01 (1.18e+00 1.18e+00 | 6.68e-01 6.71e-01)	5.251209e+00 5.371260e+00 : 8.852057e-01
9481(995) (1.38e+00 1.59e+00) XE:1.59e-01 (1.17e+00 1.18e+00 | 6.56e-01 6.71e-01)	5.251068e+00 5.371344e+00 : 8.852010e-01
9502(998) (1.59e+00 1.59e+00) XE:1.59e-01 (1.18e+00 1.18e+00 | 6.34e-01 6.71e-01)	5.251175e+00 5.371357e+00 : 8.852110e-01
9524(987) (1.47e+00 1.59e+00) XE:1.59e-01 (1.20e+00 1.18e+00 | 6.94e-01 6.71e-01)	5.251266e+00 5.371430e+00 : 8.852247e-01
9546(1003) (1.35e+00 1.59e+00) XE:1.59e-01 (1.16e+00 1.18e+00 | 6.86e-01 6.71e-01)	5.251304e+00 5.371329e+00 : 8.852194e-01
9568(999) (1.59e+00 1.59e+00) XE:1.59e-01 (1.17e+00 1.18e+00 | 6.90e-01 6.71e-01)	5.251284e+00 5.371436e+00 : 8.852266e-01
9590(1003) (1.61e+00 1.59e+00) XE:1.59e-01 (1.19e+00 1.18e+00 | 7.37e-01 6.71e-01)	5.251046e+00 5.371461e+00 : 8.852089e-01
9612(1002) (1.42e+00 1.59e+00) XE:1.59e-01 (1.19e+00 1.18e+00 | 6.62e-01 6.71e-01)	5.250931e+00 5.371500e+00 : 8.852025e-01
9634(1021) (1.50e+00 1.59e+00) XE:1.59e-01 (1.17e+00 1.18e+00 | 7.00e-01 6.71e-01)	5.250765e+00 5.371501e+00 : 8.851889e-01
9656(1008) (1.56e+00 1.59e+00) XE:1.59e-01 (1.19e+00 1.18e+00 | 6.60e-01 6.71e-01)	5.250807e+00 5.371446e+00 : 8.851877e-01
9677(995) (1.56e+00 1.59e+00) XE:1.59e-01 (1.16e+00 1.18e+00 | 6.76e-01 6.71e-01)	5.250820e+00 5.371472e+00 : 8.851910e-01
9699(994) (1.65e+00 1.59e+00) XE:1.59e-01 (1.17e+00 1.18e+00 | 6.66e-01 6.71e-01)	5.250740e+00 5.371437e+00 : 8.851814e-01
9721(1022) (1.42e+00 1.59e+00) XE:1.59e-01 (1.20e+00 1.18e+00 | 7.06e-01 6.71e-01)	5.250733e+00 5.371482e+00 : 8.851846e-01
9743(1007) (1.37e+00 1.59e+00) XE:1.59e-01 (1.17e+00 1.18e+00 | 6.74e-01 6.71e-01)	5.250648e+00 5.371449e+00 : 8.851747e-01
9765(1011) (1.96e+00 1.59e+00) XE:1.59e-01 (1.17e+00 1.18e+00 | 6.86e-01 6.71e-01)	5.250552e+00 5.371391e+00 : 8.851619e-01
9787(997) (1.68e+00 1.59e+00) XE:1.59e-01 (1.17e+00 1.18e+00 | 6.03e-01 6.71e-01)	5.250452e+00 5.371248e+00 : 8.851417e-01
9809(1000) (1.70e+00 1.59e+00) XE:1.59e-01 (1.18e+00 1.18e+00 | 6.38e-01 6.71e-01)	5.250426e+00 5.371113e+00 : 8.851283e-01
9831(989) (1.48e+00 1.59e+00) XE:1.59e-01 (1.16e+00 1.18e+00 | 6.34e-01 6.71e-01)	5.250328e+00 5.371020e+00 : 8.851123e-01
9853(1014) (1.72e+00 1.59e+00) XE:1.59e-01 (1.18e+00 1.18e+00 | 6.70e-01 6.71e-01)	5.250366e+00 5.371061e+00 : 8.851190e-01
9874(993) (1.49e+00 1.59e+00) XE:1.59e-01 (1.17e+00 1.18e+00 | 7.04e-01 6.71e-01)	5.250423e+00 5.371027e+00 : 8.851208e-01
9896(993) (1.55e+00 1.59e+00) XE:1.59e-01 (1.17e+00 1.18e+00 | 6.48e-01 6.71e-01)	5.250403e+00 5.371030e+00 : 8.851194e-01
9918(1008) (1.57e+00 1.59e+00) XE:1.59e-01 (1.18e+00 1.18e+00 | 7.06e-01 6.71e-01)	5.250374e+00 5.371017e+00 : 8.851159e-01
9940(996) (1.81e+00 1.59e+00) XE:1.59e-01 (1.20e+00 1.18e+00 | 7.23e-01 6.71e-01)	5.250447e+00 5.371062e+00 : 8.851258e-01
9962(1006) (1.17e+00 1.59e+00) XE:1.59e-01 (1.17e+00 1.18e+00 | 6.86e-01 6.71e-01)	5.250539e+00 5.371058e+00 : 8.851332e-01
9984(1004) (1.88e+00 1.59e+00) XE:1.59e-01 (1.18e+00 1.18e+00 | 6.90e-01 6.71e-01)	5.250549e+00 5.371015e+00 : 8.851303e-01
10000(993) (1.62e+00 1.59e+00) XE:1.59e-01 (1.19e+00 1.18e+00 | 6.40e-01 6.71e-01)	5.250534e+00 5.370836e+00 : 8.851142e-01
RL cnt: 0,7054604,1307114,107056,0,0,0,0,0,0,0,0,0,0,0,0,
BL cnt: 0,0,0,0,0,0,46668,0,1569037,0,6678958,0,1568910,0,46427,0,0,0,0,0,0,
5.250534e+00 5.370836e+00 : 8.851142e-01
# InnerCodebook: deleted
# NBIDSchannel: deleted
# Gtable: deleted
# FBalg4: deleted
# StatICB: deleted
