# Using uniform random selection for IW
# InnerCodebook: input ICB/ex01//cb.txt
# InnerCodebook: Nu=6 Nu2p=64 numCW=18 FlgUnique=1 FlgInvertible=1 FlgBalanced=1
# InnerCodebook: Rho=3 (ell,Delta)=(10,2) L0=2
# InnerCodebook: Rst01=4 Rst10=13
# CW
# 000:001011 (2,L2,R2) WL:0 0 1 1 2 3  WR:3 3 3 2 2 1  
# 001:001101 (2,L2,R1) WL:0 0 1 2 2 3  WR:3 3 3 2 1 1  
# 002:001110 (3,L2,R1) WL:0 0 1 2 3 3  WR:3 3 3 2 1 0  
# 003:010011 (2,L1,R2) WL:0 1 1 1 2 3  WR:3 3 2 2 2 1  
# 004:010101 (1,L1,R1) WL:0 1 1 2 2 3  WR:3 3 2 2 1 1  
# 005:010110 (2,L1,R1) WL:0 1 1 2 3 3  WR:3 3 2 2 1 0  
# 006:011001 (2,L1,R1) WL:0 1 2 2 2 3  WR:3 3 2 1 1 1  
# 007:011010 (2,L1,R1) WL:0 1 2 2 3 3  WR:3 3 2 1 1 0  
# 008:011100 (3,L1,R2) WL:0 1 2 3 3 3  WR:3 3 2 1 0 0  
# 009:100011 (3,L1,R2) WL:1 1 1 1 2 3  WR:3 2 2 2 2 1  
# 010:100101 (2,L1,R1) WL:1 1 1 2 2 3  WR:3 2 2 2 1 1  
# 011:100110 (2,L1,R1) WL:1 1 1 2 3 3  WR:3 2 2 2 1 0  
# 012:101001 (2,L1,R1) WL:1 1 2 2 2 3  WR:3 2 2 1 1 1  
# 013:101010 (1,L1,R1) WL:1 1 2 2 3 3  WR:3 2 2 1 1 0  
# 014:101100 (2,L1,R2) WL:1 1 2 3 3 3  WR:3 2 2 1 0 0  
# 015:110001 (3,L2,R1) WL:1 2 2 2 2 3  WR:3 2 1 1 1 1  
# 016:110010 (2,L2,R1) WL:1 2 2 2 3 3  WR:3 2 1 1 1 0  
# 017:110100 (2,L2,R2) WL:1 2 2 3 3 3  WR:3 2 1 1 0 0  
# CWL
# 000B:1 000D:1 000E:1 0013:1 0015:1 0016:1 0019:1 001A:1 001C:1 0023:1 
# 0025:1 0026:1 0029:1 002A:1 002C:1 0031:1 0032:1 0034:1 
# CWI
# 000B:000 000D:001 000E:002 0013:003 0015:004 0016:005 0019:006 001A:007 001C:008 0023:009 
# 0025:010 0026:011 0029:012 002A:013 002C:014 0031:015 0032:016 0034:017 
# Q=18 N=50 Nu=6 Nb=300 (Pi,Pd,Ps)=(4.000000e-03,4.000000e-03,0.000000e+00) [0]
# ICB:   ICB/ex01//cb.txt
# Const: ICB/ex01//constraint.txt
# EncCM: ICB/ex01//EncCM.bin
# ChannelMatrix: ICB/ex01//EncCM.bin (18x18)
# IDSchannel: N=300 (Pi,Pd,Ps)=(4.000000e-03,4.000000e-03,0.000000e+00) (Dmin,Dmax)=(-3,3)
# SLFBAdec: Ns=50 (Nu;Nu2min,Nu2max)=(6(64);3,9) Nb=300 Q=18
# SLFBAdec: (Pi,Pd,Ps,Pt)=(4.000000e-03,4.000000e-03,0.000000e+00,9.920000e-01) (Dmin,Dmax:Drng)=(-3,3:7)
# SLFBAdec: generating GD & GX
# SLFBAdec: generating factor graph
# ChannelMatrix: M=18 N=5832
1000 6864/50000 18 1.372800e-01 : 4.169576e+00 5.554233e-01 3.614153e+00
2000 13638/100000 20 1.363800e-01 : 4.169768e+00 5.605568e-01 3.609211e+00
3000 20371/150000 20 1.358067e-01 : 4.169846e+00 5.640071e-01 3.605839e+00
4000 27179/200000 20 1.358950e-01 : 4.169854e+00 5.648761e-01 3.604978e+00
5000 33892/250000 20 1.355680e-01 : 4.169873e+00 5.656859e-01 3.604187e+00
6000 40697/300000 21 1.356567e-01 : 4.169887e+00 5.662333e-01 3.603653e+00
7000 47492/350000 21 1.356914e-01 : 4.169888e+00 5.666684e-01 3.603220e+00
8000 54324/400000 21 1.358100e-01 : 4.169895e+00 5.682780e-01 3.601617e+00
9000 61030/450000 21 1.356222e-01 : 4.169899e+00 5.678042e-01 3.602095e+00
10000 67700/500000 21 1.354000e-01 : 4.169898e+00 5.682317e-01 3.601666e+00
11000 74491/550000 21 1.354382e-01 : 4.169900e+00 5.696834e-01 3.600217e+00
12000 81279/600000 30 1.354650e-01 : 4.169904e+00 5.693384e-01 3.600565e+00
13000 88043/650000 30 1.354508e-01 : 4.169907e+00 5.699517e-01 3.599955e+00
14000 94793/700000 30 1.354186e-01 : 4.169911e+00 5.700683e-01 3.599842e+00
15000 101452/750000 30 1.352693e-01 : 4.169911e+00 5.700971e-01 3.599814e+00
16000 108163/800000 30 1.352038e-01 : 4.169914e+00 5.697727e-01 3.600141e+00
17000 114959/850000 30 1.352459e-01 : 4.169912e+00 5.698765e-01 3.600035e+00
18000 121716/900000 30 1.352400e-01 : 4.169910e+00 5.696421e-01 3.600268e+00
19000 128509/950000 30 1.352726e-01 : 4.169912e+00 5.696810e-01 3.600231e+00
20000 135409/1000000 30 1.354090e-01 : 4.169913e+00 5.705309e-01 3.599382e+00
21000 142167/1050000 30 1.353971e-01 : 4.169913e+00 5.707126e-01 3.599200e+00
22000 148890/1100000 30 1.353545e-01 : 4.169915e+00 5.708247e-01 3.599090e+00
23000 155610/1150000 30 1.353130e-01 : 4.169914e+00 5.707769e-01 3.599138e+00
24000 162455/1200000 30 1.353792e-01 : 4.169916e+00 5.710678e-01 3.598848e+00
25000 169125/1250000 30 1.353000e-01 : 4.169917e+00 5.708718e-01 3.599045e+00
26000 175858/1300000 30 1.352754e-01 : 4.169918e+00 5.710062e-01 3.598912e+00
27000 182567/1350000 30 1.352348e-01 : 4.169917e+00 5.709701e-01 3.598947e+00
28000 189426/1400000 30 1.353043e-01 : 4.169917e+00 5.713153e-01 3.598602e+00
29000 196124/1450000 30 1.352579e-01 : 4.169918e+00 5.715212e-01 3.598397e+00
30000 202875/1500000 30 1.352500e-01 : 4.169917e+00 5.715942e-01 3.598323e+00
31000 209695/1550000 30 1.352871e-01 : 4.169918e+00 5.717656e-01 3.598153e+00
32000 216458/1600000 30 1.352862e-01 : 4.169919e+00 5.718648e-01 3.598054e+00
33000 223124/1650000 30 1.352267e-01 : 4.169920e+00 5.718504e-01 3.598069e+00
34000 229850/1700000 30 1.352059e-01 : 4.169921e+00 5.718046e-01 3.598116e+00
35000 236583/1750000 30 1.351903e-01 : 4.169921e+00 5.718515e-01 3.598069e+00
36000 243418/1800000 30 1.352322e-01 : 4.169921e+00 5.722583e-01 3.597662e+00
37000 250160/1850000 30 1.352216e-01 : 4.169921e+00 5.723897e-01 3.597531e+00
38000 256922/1900000 30 1.352221e-01 : 4.169921e+00 5.723813e-01 3.597539e+00
39000 263694/1950000 30 1.352277e-01 : 4.169921e+00 5.722685e-01 3.597653e+00
40000 270469/2000000 30 1.352345e-01 : 4.169921e+00 5.725133e-01 3.597407e+00
41000 277238/2050000 30 1.352380e-01 : 4.169920e+00 5.726097e-01 3.597311e+00
42000 283926/2100000 30 1.352029e-01 : 4.169920e+00 5.723523e-01 3.597568e+00
43000 290928/2150000 30 1.353153e-01 : 4.169920e+00 5.728683e-01 3.597052e+00
44000 297663/2200000 30 1.353014e-01 : 4.169920e+00 5.729090e-01 3.597011e+00
45000 304546/2250000 30 1.353538e-01 : 4.169920e+00 5.730716e-01 3.596849e+00
46000 311321/2300000 30 1.353570e-01 : 4.169921e+00 5.730724e-01 3.596848e+00
47000 318060/2350000 30 1.353447e-01 : 4.169921e+00 5.729546e-01 3.596967e+00
48000 324807/2400000 30 1.353362e-01 : 4.169921e+00 5.729406e-01 3.596981e+00
49000 331381/2450000 30 1.352576e-01 : 4.169921e+00 5.727107e-01 3.597210e+00
50000 338243/2500000 30 1.352972e-01 : 4.169921e+00 5.729233e-01 3.596998e+00
51000 345062/2550000 30 1.353184e-01 : 4.169921e+00 5.729820e-01 3.596939e+00
52000 351795/2600000 30 1.353058e-01 : 4.169921e+00 5.729216e-01 3.596999e+00
53000 358584/2650000 30 1.353147e-01 : 4.169921e+00 5.728677e-01 3.597053e+00
54000 365201/2700000 30 1.352596e-01 : 4.169921e+00 5.728223e-01 3.597099e+00
55000 371937/2750000 30 1.352498e-01 : 4.169921e+00 5.727907e-01 3.597130e+00
56000 378534/2800000 30 1.351907e-01 : 4.169921e+00 5.725146e-01 3.597407e+00
57000 385455/2850000 30 1.352474e-01 : 4.169921e+00 5.727000e-01 3.597221e+00
58000 392059/2900000 30 1.351928e-01 : 4.169922e+00 5.724481e-01 3.597474e+00
59000 398892/2950000 30 1.352176e-01 : 4.169921e+00 5.726408e-01 3.597281e+00
60000 405679/3000000 30 1.352263e-01 : 4.169921e+00 5.726144e-01 3.597307e+00
61000 412366/3050000 30 1.352020e-01 : 4.169921e+00 5.725296e-01 3.597392e+00
62000 419201/3100000 36 1.352261e-01 : 4.169922e+00 5.726540e-01 3.597268e+00
63000 425921/3150000 36 1.352130e-01 : 4.169922e+00 5.726507e-01 3.597271e+00
64000 432710/3200000 36 1.352219e-01 : 4.169922e+00 5.728625e-01 3.597059e+00
65000 439357/3250000 36 1.351868e-01 : 4.169922e+00 5.727359e-01 3.597186e+00
66000 445960/3300000 36 1.351394e-01 : 4.169922e+00 5.725805e-01 3.597341e+00
67000 452562/3350000 36 1.350931e-01 : 4.169922e+00 5.724291e-01 3.597493e+00
68000 459217/3400000 36 1.350638e-01 : 4.169922e+00 5.724156e-01 3.597507e+00
69000 465972/3450000 36 1.350643e-01 : 4.169922e+00 5.723716e-01 3.597551e+00
70000 472683/3500000 36 1.350523e-01 : 4.169922e+00 5.723353e-01 3.597587e+00
71000 479434/3550000 36 1.350518e-01 : 4.169923e+00 5.724419e-01 3.597481e+00
72000 486233/3600000 36 1.350647e-01 : 4.169923e+00 5.724043e-01 3.597518e+00
73000 493062/3650000 36 1.350855e-01 : 4.169923e+00 5.724356e-01 3.597487e+00
74000 499828/3700000 36 1.350886e-01 : 4.169923e+00 5.725865e-01 3.597336e+00
75000 506513/3750000 36 1.350701e-01 : 4.169923e+00 5.725433e-01 3.597380e+00
76000 513392/3800000 36 1.351032e-01 : 4.169923e+00 5.727566e-01 3.597167e+00
77000 520142/3850000 36 1.351018e-01 : 4.169923e+00 5.727435e-01 3.597180e+00
78000 527052/3900000 36 1.351415e-01 : 4.169923e+00 5.728610e-01 3.597062e+00
79000 533842/3950000 36 1.351499e-01 : 4.169923e+00 5.729528e-01 3.596970e+00
80000 540550/4000000 36 1.351375e-01 : 4.169923e+00 5.729827e-01 3.596941e+00
81000 547274/4050000 36 1.351294e-01 : 4.169923e+00 5.729655e-01 3.596957e+00
82000 554059/4100000 36 1.351363e-01 : 4.169923e+00 5.729586e-01 3.596965e+00
83000 560857/4150000 36 1.351463e-01 : 4.169923e+00 5.730797e-01 3.596843e+00
84000 567711/4200000 36 1.351693e-01 : 4.169923e+00 5.732267e-01 3.596696e+00
85000 574545/4250000 36 1.351871e-01 : 4.169923e+00 5.734240e-01 3.596499e+00
86000 581123/4300000 36 1.351449e-01 : 4.169923e+00 5.733051e-01 3.596618e+00
87000 587966/4350000 36 1.351646e-01 : 4.169923e+00 5.733599e-01 3.596563e+00
88000 594660/4400000 36 1.351500e-01 : 4.169923e+00 5.733395e-01 3.596584e+00
89000 601323/4450000 36 1.351288e-01 : 4.169923e+00 5.732625e-01 3.596661e+00
90000 608099/4500000 36 1.351331e-01 : 4.169923e+00 5.732287e-01 3.596694e+00
91000 614897/4550000 36 1.351422e-01 : 4.169923e+00 5.733445e-01 3.596578e+00
92000 621610/4600000 36 1.351326e-01 : 4.169923e+00 5.733222e-01 3.596601e+00
93000 628291/4650000 36 1.351163e-01 : 4.169923e+00 5.732956e-01 3.596628e+00
94000 635005/4700000 36 1.351074e-01 : 4.169923e+00 5.733634e-01 3.596560e+00
95000 641638/4750000 36 1.350817e-01 : 4.169923e+00 5.733347e-01 3.596588e+00
96000 648293/4800000 36 1.350610e-01 : 4.169923e+00 5.731931e-01 3.596730e+00
97000 655073/4850000 36 1.350666e-01 : 4.169923e+00 5.732551e-01 3.596668e+00
98000 661803/4900000 36 1.350618e-01 : 4.169923e+00 5.732624e-01 3.596661e+00
99000 668527/4950000 36 1.350560e-01 : 4.169923e+00 5.732508e-01 3.596672e+00
100000 675226/5000000 36 1.350452e-01 : 4.169923e+00 5.732524e-01 3.596671e+00
=== 最終統計結果 ===
総シンボル数: 5000000 個
総エラー数: 675226 個
シンボルエラー率: 0.135045 (13.50%)
1ブロック内最大エラー数: 36 個
実行イテレーション数: 100000 回
1イテレーションあたりのシンボル数: 50 個
平均エラー数/イテレーション: 6.75 個
========================
# InnerCodebook: deleted
# ChannelMatrix: deleted
# IDSchannel: deleted
# SLFBAdec: deleted
# ChannelMatrix: deleted
