# InnerCodebook: input ICB/ex04//cb.txt
# InnerCodebook: Nu=8 Nu2p=256 numCW=52 FlgUnique=1 FlgInvertible=1 FlgBalanced=1
# InnerCodebook: Rho=3 (ell,Delta)=(10,2) L0=2
# InnerCodebook: Rst01=12 Rst10=39
# CW
# 000:00101011 (2,L2,R2) WL:0 0 1 1 2 2 3 4  WR:4 4 4 3 3 2 2 1  
# 001:00101101 (2,L2,R1) WL:0 0 1 1 2 3 3 4  WR:4 4 4 3 3 2 1 1  
# 002:00101110 (3,L2,R1) WL:0 0 1 1 2 3 4 4  WR:4 4 4 3 3 2 1 0  
# 003:00110011 (2,L2,R2) WL:0 0 1 2 2 2 3 4  WR:4 4 4 3 2 2 2 1  
# 004:00110101 (2,L2,R1) WL:0 0 1 2 2 3 3 4  WR:4 4 4 3 2 2 1 1  
# 005:00110110 (2,L2,R1) WL:0 0 1 2 2 3 4 4  WR:4 4 4 3 2 2 1 0  
# 006:00111001 (3,L2,R1) WL:0 0 1 2 3 3 3 4  WR:4 4 4 3 2 1 1 1  
# 007:00111010 (3,L2,R1) WL:0 0 1 2 3 3 4 4  WR:4 4 4 3 2 1 1 0  
# 008:01001011 (2,L1,R2) WL:0 1 1 1 2 2 3 4  WR:4 4 3 3 3 2 2 1  
# 009:01001101 (2,L1,R1) WL:0 1 1 1 2 3 3 4  WR:4 4 3 3 3 2 1 1  
# 010:01001110 (3,L1,R1) WL:0 1 1 1 2 3 4 4  WR:4 4 3 3 3 2 1 0  
# 011:01010011 (2,L1,R2) WL:0 1 1 2 2 2 3 4  WR:4 4 3 3 2 2 2 1  
# 012:01010101 (1,L1,R1) WL:0 1 1 2 2 3 3 4  WR:4 4 3 3 2 2 1 1  
# 013:01010110 (2,L1,R1) WL:0 1 1 2 2 3 4 4  WR:4 4 3 3 2 2 1 0  
# 014:01011001 (2,L1,R1) WL:0 1 1 2 3 3 3 4  WR:4 4 3 3 2 1 1 1  
# 015:01011010 (2,L1,R1) WL:0 1 1 2 3 3 4 4  WR:4 4 3 3 2 1 1 0  
# 016:01011100 (3,L1,R2) WL:0 1 1 2 3 4 4 4  WR:4 4 3 3 2 1 0 0  
# 017:01100011 (3,L1,R2) WL:0 1 2 2 2 2 3 4  WR:4 4 3 2 2 2 2 1  
# 018:01100101 (2,L1,R1) WL:0 1 2 2 2 3 3 4  WR:4 4 3 2 2 2 1 1  
# 019:01100110 (2,L1,R1) WL:0 1 2 2 2 3 4 4  WR:4 4 3 2 2 2 1 0  
# 020:01101001 (2,L1,R1) WL:0 1 2 2 3 3 3 4  WR:4 4 3 2 2 1 1 1  
# 021:01101010 (2,L1,R1) WL:0 1 2 2 3 3 4 4  WR:4 4 3 2 2 1 1 0  
# 022:01101100 (2,L1,R2) WL:0 1 2 2 3 4 4 4  WR:4 4 3 2 2 1 0 0  
# 023:01110001 (3,L1,R1) WL:0 1 2 3 3 3 3 4  WR:4 4 3 2 1 1 1 1  
# 024:01110010 (3,L1,R1) WL:0 1 2 3 3 3 4 4  WR:4 4 3 2 1 1 1 0  
# 025:01110100 (3,L1,R2) WL:0 1 2 3 3 4 4 4  WR:4 4 3 2 1 1 0 0  
# 026:10001011 (3,L1,R2) WL:1 1 1 1 2 2 3 4  WR:4 3 3 3 3 2 2 1  
# 027:10001101 (3,L1,R1) WL:1 1 1 1 2 3 3 4  WR:4 3 3 3 3 2 1 1  
# 028:10001110 (3,L1,R1) WL:1 1 1 1 2 3 4 4  WR:4 3 3 3 3 2 1 0  
# 029:10010011 (2,L1,R2) WL:1 1 1 2 2 2 3 4  WR:4 3 3 3 2 2 2 1  
# 030:10010101 (2,L1,R1) WL:1 1 1 2 2 3 3 4  WR:4 3 3 3 2 2 1 1  
# 031:10010110 (2,L1,R1) WL:1 1 1 2 2 3 4 4  WR:4 3 3 3 2 2 1 0  
# 032:10011001 (2,L1,R1) WL:1 1 1 2 3 3 3 4  WR:4 3 3 3 2 1 1 1  
# 033:10011010 (2,L1,R1) WL:1 1 1 2 3 3 4 4  WR:4 3 3 3 2 1 1 0  
# 034:10011100 (3,L1,R2) WL:1 1 1 2 3 4 4 4  WR:4 3 3 3 2 1 0 0  
# 035:10100011 (3,L1,R2) WL:1 1 2 2 2 2 3 4  WR:4 3 3 2 2 2 2 1  
# 036:10100101 (2,L1,R1) WL:1 1 2 2 2 3 3 4  WR:4 3 3 2 2 2 1 1  
# 037:10100110 (2,L1,R1) WL:1 1 2 2 2 3 4 4  WR:4 3 3 2 2 2 1 0  
# 038:10101001 (2,L1,R1) WL:1 1 2 2 3 3 3 4  WR:4 3 3 2 2 1 1 1  
# 039:10101010 (1,L1,R1) WL:1 1 2 2 3 3 4 4  WR:4 3 3 2 2 1 1 0  
# 040:10101100 (2,L1,R2) WL:1 1 2 2 3 4 4 4  WR:4 3 3 2 2 1 0 0  
# 041:10110001 (3,L1,R1) WL:1 1 2 3 3 3 3 4  WR:4 3 3 2 1 1 1 1  
# 042:10110010 (2,L1,R1) WL:1 1 2 3 3 3 4 4  WR:4 3 3 2 1 1 1 0  
# 043:10110100 (2,L1,R2) WL:1 1 2 3 3 4 4 4  WR:4 3 3 2 1 1 0 0  
# 044:11000101 (3,L2,R1) WL:1 2 2 2 2 3 3 4  WR:4 3 2 2 2 2 1 1  
# 045:11000110 (3,L2,R1) WL:1 2 2 2 2 3 4 4  WR:4 3 2 2 2 2 1 0  
# 046:11001001 (2,L2,R1) WL:1 2 2 2 3 3 3 4  WR:4 3 2 2 2 1 1 1  
# 047:11001010 (2,L2,R1) WL:1 2 2 2 3 3 4 4  WR:4 3 2 2 2 1 1 0  
# 048:11001100 (2,L2,R2) WL:1 2 2 2 3 4 4 4  WR:4 3 2 2 2 1 0 0  
# 049:11010001 (3,L2,R1) WL:1 2 2 3 3 3 3 4  WR:4 3 2 2 1 1 1 1  
# 050:11010010 (2,L2,R1) WL:1 2 2 3 3 3 4 4  WR:4 3 2 2 1 1 1 0  
# 051:11010100 (2,L2,R2) WL:1 2 2 3 3 4 4 4  WR:4 3 2 2 1 1 0 0  
# CWL
# 002B:1 002D:1 002E:1 0033:1 0035:1 0036:1 0039:1 003A:1 004B:1 004D:1 
# 004E:1 0053:1 0055:1 0056:1 0059:1 005A:1 005C:1 0063:1 0065:1 0066:1 
# 0069:1 006A:1 006C:1 0071:1 0072:1 0074:1 008B:1 008D:1 008E:1 0093:1 
# 0095:1 0096:1 0099:1 009A:1 009C:1 00A3:1 00A5:1 00A6:1 00A9:1 00AA:1 
# 00AC:1 00B1:1 00B2:1 00B4:1 00C5:1 00C6:1 00C9:1 00CA:1 00CC:1 00D1:1 
# 00D2:1 00D4:1 
# CWI
# 002B:000 002D:001 002E:002 0033:003 0035:004 0036:005 0039:006 003A:007 004B:008 004D:009 
# 004E:010 0053:011 0055:012 0056:013 0059:014 005A:015 005C:016 0063:017 0065:018 0066:019 
# 0069:020 006A:021 006C:022 0071:023 0072:024 0074:025 008B:026 008D:027 008E:028 0093:029 
# 0095:030 0096:031 0099:032 009A:033 009C:034 00A3:035 00A5:036 00A6:037 00A9:038 00AA:039 
# 00AC:040 00B1:041 00B2:042 00B4:043 00C5:044 00C6:045 00C9:046 00CA:047 00CC:048 00D1:049 
# 00D2:050 00D4:051 
# QA=52 Ns=38 Nu=8 Nb=304 (Pi,Pd,Ps)=(0.000000e+00,0.000000e+00,0.000000e+00) Nseq=30 Ndi=1 OutListSize=10 [0]
# ICB:   ICB/ex04//cb.txt
# Const: ICB/ex04//constraint.txt
# EncCM: ICB/ex04//EncCM.bin
# ChannelMatrix: ICB/ex04//EncCM.bin (52x52)
# CSFBAdec: Ns=38 (Nu;Nu2min,Nu2max)=(8(256);6,10) Nb=304 Q=52 Nseq=30
# CSFBAdec: (Pi,Pd,Ps,Pt)=(0.000000e+00,0.000000e+00,0.000000e+00,1.000000e+00) (Dmin,Dmax:Drng)=(0,0:1)
# CSFBAdec: generating GD & GX
# CSFBAdec: generating factor graph
# CPScodec: Ns=38 Nu=8 Nb=304 Nseq=30
# CPScodec: (Pi,Pd,Ps,Pt)=(0.000000e+00,0.000000e+00,0.000000e+00,1.000000e+00) (Dmin,Dmax:Drng)=(0,0:1)
# CPScodec::SetCSL Kc=7 QB=16 QB2=8
# CPScodec: Kc=7 QB=16 QB2=8
# CPScodec::CSL
#  [0] 00,07,00,00  01,06,00,00  02,05,00,00  03,04,00,00  04,03,00,00  05,02,00,00  06,01,00,00  07,00,00,00  
#  [1] 00,00,00,07  00,00,01,06  00,00,02,05  00,00,03,04  00,00,04,03  00,00,05,02  00,00,06,01  00,00,07,00  
# Kc=7 QB=16 QB2=8
# CIDSchannel: N=304 (Pi,Pd,Ps)=(0.000000e+00,0.000000e+00,0.000000e+00) (Dmin,Dmax)=(0,0)
# CIDSchannel: Kc=7 Nseq=30
# ChannelMatrix: M=52 N=520
# ChannelMatrix: M=8 N=80
# ConcatAB: (Nb,Nu,Ns)=(304,8,38) Nseq=30 (Qa,Qb)=(52,16) (Dmin,Dmax,Drng)=(0,0,1)
0646 : 3348/24548=1.363859e-01 12 : 47598/196384=2.423721e-01 92 : 5.699216e+00 4.855150e-01 5.213701e+00 : 2.999982e+00 8.322450e-01 2.167737e+00
2584 : 13293/98192=1.353776e-01 14 : 189420/785536=2.411347e-01 98 : 5.700049e+00 4.827019e-01 5.217347e+00 : 2.999994e+00 8.297890e-01 2.170205e+00
4522 : 23090/171836=1.343723e-01 15 : 331243/1374688=2.409587e-01 98 : 5.700257e+00 4.806176e-01 5.219640e+00 : 2.999997e+00 8.304280e-01 2.169569e+00
6459 : 33108/245442=1.348913e-01 15 : 474115/1963536=2.414598e-01 98 : 5.700280e+00 4.815486e-01 5.218731e+00 : 2.999999e+00 8.315228e-01 2.168476e+00
8397 : 43190/319086=1.353554e-01 15 : 616329/2552688=2.414431e-01 98 : 5.700332e+00 4.831320e-01 5.217200e+00 : 2.999999e+00 8.316973e-01 2.168301e+00
10000 : 51611/380000=1.358184e-01 15 : 734177/3040000=2.415056e-01 99 : 5.700344e+00 4.843360e-01 5.216008e+00 : 2.999999e+00 8.319492e-01 2.168050e+00
# InnerCodebook: deleted
# ChannelMatrix: deleted
# CIDSchannel: deleted
# CSFBAdec: deleted
# CPScodec; deleted
# ChannelMatrix: deleted
# ChannelMatrix: deleted
# ConcatAB: deleted
