# InnerCodebook: input ICB/ex04//cb.txt
# InnerCodebook: Nu=8 Nu2p=256 numCW=52 FlgUnique=1 FlgInvertible=1 FlgBalanced=1
# InnerCodebook: Rho=3 (ell,Delta)=(10,2) L0=2
# InnerCodebook: Rst01=12 Rst10=39
# CW
# 000:00101011 (2,L2,R2) WL:0 0 1 1 2 2 3 4  WR:4 4 4 3 3 2 2 1  
# 001:00101101 (2,L2,R1) WL:0 0 1 1 2 3 3 4  WR:4 4 4 3 3 2 1 1  
# 002:00101110 (3,L2,R1) WL:0 0 1 1 2 3 4 4  WR:4 4 4 3 3 2 1 0  
# 003:00110011 (2,L2,R2) WL:0 0 1 2 2 2 3 4  WR:4 4 4 3 2 2 2 1  
# 004:00110101 (2,L2,R1) WL:0 0 1 2 2 3 3 4  WR:4 4 4 3 2 2 1 1  
# 005:00110110 (2,L2,R1) WL:0 0 1 2 2 3 4 4  WR:4 4 4 3 2 2 1 0  
# 006:00111001 (3,L2,R1) WL:0 0 1 2 3 3 3 4  WR:4 4 4 3 2 1 1 1  
# 007:00111010 (3,L2,R1) WL:0 0 1 2 3 3 4 4  WR:4 4 4 3 2 1 1 0  
# 008:01001011 (2,L1,R2) WL:0 1 1 1 2 2 3 4  WR:4 4 3 3 3 2 2 1  
# 009:01001101 (2,L1,R1) WL:0 1 1 1 2 3 3 4  WR:4 4 3 3 3 2 1 1  
# 010:01001110 (3,L1,R1) WL:0 1 1 1 2 3 4 4  WR:4 4 3 3 3 2 1 0  
# 011:01010011 (2,L1,R2) WL:0 1 1 2 2 2 3 4  WR:4 4 3 3 2 2 2 1  
# 012:01010101 (1,L1,R1) WL:0 1 1 2 2 3 3 4  WR:4 4 3 3 2 2 1 1  
# 013:01010110 (2,L1,R1) WL:0 1 1 2 2 3 4 4  WR:4 4 3 3 2 2 1 0  
# 014:01011001 (2,L1,R1) WL:0 1 1 2 3 3 3 4  WR:4 4 3 3 2 1 1 1  
# 015:01011010 (2,L1,R1) WL:0 1 1 2 3 3 4 4  WR:4 4 3 3 2 1 1 0  
# 016:01011100 (3,L1,R2) WL:0 1 1 2 3 4 4 4  WR:4 4 3 3 2 1 0 0  
# 017:01100011 (3,L1,R2) WL:0 1 2 2 2 2 3 4  WR:4 4 3 2 2 2 2 1  
# 018:01100101 (2,L1,R1) WL:0 1 2 2 2 3 3 4  WR:4 4 3 2 2 2 1 1  
# 019:01100110 (2,L1,R1) WL:0 1 2 2 2 3 4 4  WR:4 4 3 2 2 2 1 0  
# 020:01101001 (2,L1,R1) WL:0 1 2 2 3 3 3 4  WR:4 4 3 2 2 1 1 1  
# 021:01101010 (2,L1,R1) WL:0 1 2 2 3 3 4 4  WR:4 4 3 2 2 1 1 0  
# 022:01101100 (2,L1,R2) WL:0 1 2 2 3 4 4 4  WR:4 4 3 2 2 1 0 0  
# 023:01110001 (3,L1,R1) WL:0 1 2 3 3 3 3 4  WR:4 4 3 2 1 1 1 1  
# 024:01110010 (3,L1,R1) WL:0 1 2 3 3 3 4 4  WR:4 4 3 2 1 1 1 0  
# 025:01110100 (3,L1,R2) WL:0 1 2 3 3 4 4 4  WR:4 4 3 2 1 1 0 0  
# 026:10001011 (3,L1,R2) WL:1 1 1 1 2 2 3 4  WR:4 3 3 3 3 2 2 1  
# 027:10001101 (3,L1,R1) WL:1 1 1 1 2 3 3 4  WR:4 3 3 3 3 2 1 1  
# 028:10001110 (3,L1,R1) WL:1 1 1 1 2 3 4 4  WR:4 3 3 3 3 2 1 0  
# 029:10010011 (2,L1,R2) WL:1 1 1 2 2 2 3 4  WR:4 3 3 3 2 2 2 1  
# 030:10010101 (2,L1,R1) WL:1 1 1 2 2 3 3 4  WR:4 3 3 3 2 2 1 1  
# 031:10010110 (2,L1,R1) WL:1 1 1 2 2 3 4 4  WR:4 3 3 3 2 2 1 0  
# 032:10011001 (2,L1,R1) WL:1 1 1 2 3 3 3 4  WR:4 3 3 3 2 1 1 1  
# 033:10011010 (2,L1,R1) WL:1 1 1 2 3 3 4 4  WR:4 3 3 3 2 1 1 0  
# 034:10011100 (3,L1,R2) WL:1 1 1 2 3 4 4 4  WR:4 3 3 3 2 1 0 0  
# 035:10100011 (3,L1,R2) WL:1 1 2 2 2 2 3 4  WR:4 3 3 2 2 2 2 1  
# 036:10100101 (2,L1,R1) WL:1 1 2 2 2 3 3 4  WR:4 3 3 2 2 2 1 1  
# 037:10100110 (2,L1,R1) WL:1 1 2 2 2 3 4 4  WR:4 3 3 2 2 2 1 0  
# 038:10101001 (2,L1,R1) WL:1 1 2 2 3 3 3 4  WR:4 3 3 2 2 1 1 1  
# 039:10101010 (1,L1,R1) WL:1 1 2 2 3 3 4 4  WR:4 3 3 2 2 1 1 0  
# 040:10101100 (2,L1,R2) WL:1 1 2 2 3 4 4 4  WR:4 3 3 2 2 1 0 0  
# 041:10110001 (3,L1,R1) WL:1 1 2 3 3 3 3 4  WR:4 3 3 2 1 1 1 1  
# 042:10110010 (2,L1,R1) WL:1 1 2 3 3 3 4 4  WR:4 3 3 2 1 1 1 0  
# 043:10110100 (2,L1,R2) WL:1 1 2 3 3 4 4 4  WR:4 3 3 2 1 1 0 0  
# 044:11000101 (3,L2,R1) WL:1 2 2 2 2 3 3 4  WR:4 3 2 2 2 2 1 1  
# 045:11000110 (3,L2,R1) WL:1 2 2 2 2 3 4 4  WR:4 3 2 2 2 2 1 0  
# 046:11001001 (2,L2,R1) WL:1 2 2 2 3 3 3 4  WR:4 3 2 2 2 1 1 1  
# 047:11001010 (2,L2,R1) WL:1 2 2 2 3 3 4 4  WR:4 3 2 2 2 1 1 0  
# 048:11001100 (2,L2,R2) WL:1 2 2 2 3 4 4 4  WR:4 3 2 2 2 1 0 0  
# 049:11010001 (3,L2,R1) WL:1 2 2 3 3 3 3 4  WR:4 3 2 2 1 1 1 1  
# 050:11010010 (2,L2,R1) WL:1 2 2 3 3 3 4 4  WR:4 3 2 2 1 1 1 0  
# 051:11010100 (2,L2,R2) WL:1 2 2 3 3 4 4 4  WR:4 3 2 2 1 1 0 0  
# CWL
# 002B:1 002D:1 002E:1 0033:1 0035:1 0036:1 0039:1 003A:1 004B:1 004D:1 
# 004E:1 0053:1 0055:1 0056:1 0059:1 005A:1 005C:1 0063:1 0065:1 0066:1 
# 0069:1 006A:1 006C:1 0071:1 0072:1 0074:1 008B:1 008D:1 008E:1 0093:1 
# 0095:1 0096:1 0099:1 009A:1 009C:1 00A3:1 00A5:1 00A6:1 00A9:1 00AA:1 
# 00AC:1 00B1:1 00B2:1 00B4:1 00C5:1 00C6:1 00C9:1 00CA:1 00CC:1 00D1:1 
# 00D2:1 00D4:1 
# CWI
# 002B:000 002D:001 002E:002 0033:003 0035:004 0036:005 0039:006 003A:007 004B:008 004D:009 
# 004E:010 0053:011 0055:012 0056:013 0059:014 005A:015 005C:016 0063:017 0065:018 0066:019 
# 0069:020 006A:021 006C:022 0071:023 0072:024 0074:025 008B:026 008D:027 008E:028 0093:029 
# 0095:030 0096:031 0099:032 009A:033 009C:034 00A3:035 00A5:036 00A6:037 00A9:038 00AA:039 
# 00AC:040 00B1:041 00B2:042 00B4:043 00C5:044 00C6:045 00C9:046 00CA:047 00CC:048 00D1:049 
# 00D2:050 00D4:051 
# QA=52 Ns=38 Nu=8 Nb=304 (Pi,Pd,Ps)=(1.000000e-02,1.000000e-02,1.000000e-02) Nseq=30 Ndi=2 OutListSize=10 [0]
# ICB:   ICB/ex04//cb.txt
# Const: ICB/ex04//constraint.txt
# EncCM: ICB/ex04//EncCM.bin
# ChannelMatrix: ICB/ex04//EncCM.bin (52x52)
# CSFBAdec: Ns=38 (Nu;Nu2min,Nu2max)=(8(256);5,11) Nb=304 Q=52 Nseq=30
# CSFBAdec: (Pi,Pd,Ps,Pt)=(1.000000e-02,1.000000e-02,6.666667e-03,9.800000e-01) (Dmin,Dmax:Drng)=(-7,7:15)
# CSFBAdec: generating GD & GX
# CSFBAdec: generating factor graph
# CPScodec: Ns=38 Nu=8 Nb=304 Nseq=30
# CPScodec: (Pi,Pd,Ps,Pt)=(1.000000e-02,1.000000e-02,1.000000e-02,9.800000e-01) (Dmin,Dmax:Drng)=(-7,7:15)
# CPScodec::SetCSL Kc=7 QB=16 QB2=8
# CPScodec: Kc=7 QB=16 QB2=8
# CPScodec::CSL
#  [0] 00,07,00,00  01,06,00,00  02,05,00,00  03,04,00,00  04,03,00,00  05,02,00,00  06,01,00,00  07,00,00,00  
#  [1] 00,00,00,07  00,00,01,06  00,00,02,05  00,00,03,04  00,00,04,03  00,00,05,02  00,00,06,01  00,00,07,00  
# Kc=7 QB=16 QB2=8
# CIDSchannel: N=304 (Pi,Pd,Ps)=(1.000000e-02,1.000000e-02,1.000000e-02) (Dmin,Dmax)=(-7,7)
# CIDSchannel: Kc=7 Nseq=30
# ChannelMatrix: M=52 N=520
# ChannelMatrix: M=8 N=80
# ConcatAB: (Nb,Nu,Ns)=(304,8,38) Nseq=30 (Qa,Qb)=(52,16) (Dmin,Dmax,Drng)=(-7,7,15)
0001 : 9/38=2.368421e-01 9 : 97/304=3.190789e-01 97 : 4.649115e+00 1.251286e-01 4.523986e+00 : 2.957807e+00 8.629288e-01 2.094879e+00
0022 : 113/836=1.351675e-01 9 : 1703/6688=2.546352e-01 97 : 5.648483e+00 4.483931e-01 5.200090e+00 : 2.999765e+00 8.852654e-01 2.114500e+00
0043 : 237/1634=1.450428e-01 9 : 3381/13072=2.586444e-01 98 : 5.672049e+00 4.867758e-01 5.185273e+00 : 2.999870e+00 9.030754e-01 2.096794e+00
0064 : 344/2432=1.414474e-01 11 : 5069/19456=2.605366e-01 98 : 5.684754e+00 4.834401e-01 5.201314e+00 : 2.999922e+00 9.123417e-01 2.087580e+00
0085 : 469/3230=1.452012e-01 12 : 6726/25840=2.602941e-01 98 : 5.686645e+00 4.933439e-01 5.193301e+00 : 2.999833e+00 9.111293e-01 2.088704e+00
0106 : 568/4028=1.410129e-01 12 : 8393/32224=2.604580e-01 98 : 5.689616e+00 4.852047e-01 5.204412e+00 : 2.999944e+00 9.138276e-01 2.086117e+00
0127 : 661/4826=1.369664e-01 12 : 10056/38608=2.604642e-01 102 : 5.691112e+00 4.818790e-01 5.209233e+00 : 2.999950e+00 9.143101e-01 2.085639e+00
0148 : 773/5624=1.374467e-01 12 : 11722/44992=2.605352e-01 102 : 5.691285e+00 4.836388e-01 5.207646e+00 : 2.999932e+00 9.136265e-01 2.086306e+00
0169 : 887/6422=1.381190e-01 12 : 13385/51376=2.605302e-01 102 : 5.692194e+00 4.847818e-01 5.207412e+00 : 2.999947e+00 9.139163e-01 2.086030e+00
0189 : 1000/7182=1.392370e-01 12 : 14944/57456=2.600947e-01 102 : 5.692946e+00 4.878214e-01 5.205124e+00 : 2.999956e+00 9.135364e-01 2.086420e+00
0208 : 1119/7904=1.415739e-01 14 : 16484/63232=2.606908e-01 102 : 5.694458e+00 4.923356e-01 5.202122e+00 : 2.999958e+00 9.147208e-01 2.085237e+00
0228 : 1226/8664=1.415051e-01 14 : 17984/69312=2.594645e-01 102 : 5.695090e+00 4.923462e-01 5.202744e+00 : 2.999981e+00 9.121775e-01 2.087803e+00
0248 : 1331/9424=1.412351e-01 14 : 19536/75392=2.591256e-01 102 : 5.695703e+00 4.922811e-01 5.203422e+00 : 2.999982e+00 9.103939e-01 2.089588e+00
0268 : 1430/10184=1.404163e-01 14 : 21128/81472=2.593284e-01 102 : 5.696649e+00 4.902506e-01 5.206398e+00 : 2.999980e+00 9.113283e-01 2.088651e+00
0287 : 1537/10906=1.409316e-01 14 : 22692/87248=2.600862e-01 102 : 5.697016e+00 4.922806e-01 5.204735e+00 : 2.999983e+00 9.139218e-01 2.086061e+00
0307 : 1632/11666=1.398937e-01 14 : 24263/93328=2.599756e-01 102 : 5.697414e+00 4.901222e-01 5.207292e+00 : 2.999975e+00 9.141501e-01 2.085825e+00
0327 : 1748/12426=1.406728e-01 14 : 25854/99408=2.600797e-01 102 : 5.697492e+00 4.929770e-01 5.204515e+00 : 2.999978e+00 9.136790e-01 2.086299e+00
0347 : 1846/13186=1.399970e-01 14 : 27439/105488=2.601149e-01 102 : 5.697609e+00 4.916804e-01 5.205929e+00 : 2.999966e+00 9.142438e-01 2.085722e+00
0366 : 1952/13908=1.403509e-01 14 : 28884/111264=2.595988e-01 102 : 5.697584e+00 4.921458e-01 5.205439e+00 : 2.999974e+00 9.137496e-01 2.086224e+00
0386 : 2061/14668=1.405100e-01 14 : 30435/117344=2.593656e-01 102 : 5.697994e+00 4.935017e-01 5.204493e+00 : 2.999981e+00 9.129593e-01 2.087022e+00
0406 : 2147/15428=1.391626e-01 14 : 32017/123424=2.594066e-01 102 : 5.698208e+00 4.905241e-01 5.207684e+00 : 2.999979e+00 9.135410e-01 2.086438e+00
0426 : 2231/16188=1.378181e-01 14 : 33568/129504=2.592043e-01 102 : 5.698534e+00 4.882039e-01 5.210330e+00 : 2.999982e+00 9.129590e-01 2.087023e+00
0445 : 2336/16910=1.381431e-01 14 : 35110/135280=2.595358e-01 102 : 5.698443e+00 4.888979e-01 5.209545e+00 : 2.999981e+00 9.140241e-01 2.085957e+00
0465 : 2443/17670=1.382569e-01 14 : 36723/141360=2.597835e-01 102 : 5.698345e+00 4.889408e-01 5.209405e+00 : 2.999983e+00 9.145161e-01 2.085467e+00
0485 : 2539/18430=1.377645e-01 14 : 38332/147440=2.599837e-01 102 : 5.698426e+00 4.878555e-01 5.210571e+00 : 2.999979e+00 9.152219e-01 2.084757e+00
0505 : 2639/19190=1.375195e-01 14 : 39941/153520=2.601681e-01 102 : 5.698492e+00 4.873642e-01 5.211128e+00 : 2.999984e+00 9.156540e-01 2.084330e+00
0525 : 2732/19950=1.369424e-01 14 : 41530/159600=2.602130e-01 102 : 5.698634e+00 4.858555e-01 5.212778e+00 : 2.999982e+00 9.156212e-01 2.084361e+00
0545 : 2846/20710=1.374215e-01 14 : 43098/165680=2.601280e-01 102 : 5.698665e+00 4.866375e-01 5.212027e+00 : 2.999985e+00 9.155122e-01 2.084473e+00
0565 : 2948/21470=1.373079e-01 14 : 44743/171760=2.604972e-01 102 : 5.698716e+00 4.867359e-01 5.211980e+00 : 2.999987e+00 9.163113e-01 2.083675e+00
0585 : 3044/22230=1.369321e-01 14 : 46309/177840=2.603970e-01 102 : 5.698987e+00 4.857353e-01 5.213252e+00 : 2.999988e+00 9.160877e-01 2.083900e+00
0605 : 3149/22990=1.369726e-01 14 : 47898/183920=2.604284e-01 102 : 5.698964e+00 4.857986e-01 5.213166e+00 : 2.999989e+00 9.159835e-01 2.084006e+00
0625 : 3246/23750=1.366737e-01 14 : 49484/190000=2.604421e-01 102 : 5.698953e+00 4.855199e-01 5.213433e+00 : 2.999990e+00 9.160663e-01 2.083923e+00
0645 : 3344/24510=1.364341e-01 14 : 51020/196080=2.601999e-01 102 : 5.699029e+00 4.850361e-01 5.213993e+00 : 2.999992e+00 9.157246e-01 2.084268e+00
0665 : 3456/25270=1.367630e-01 14 : 52569/202160=2.600366e-01 102 : 5.699094e+00 4.855073e-01 5.213586e+00 : 2.999991e+00 9.157808e-01 2.084210e+00
0685 : 3560/26030=1.367653e-01 14 : 54130/208240=2.599405e-01 102 : 5.699128e+00 4.852784e-01 5.213850e+00 : 2.999989e+00 9.159181e-01 2.084071e+00
0705 : 3688/26790=1.376633e-01 15 : 55668/214320=2.597424e-01 102 : 5.699165e+00 4.873434e-01 5.211822e+00 : 2.999981e+00 9.155170e-01 2.084464e+00
0725 : 3789/27550=1.375318e-01 15 : 57291/220400=2.599410e-01 102 : 5.699161e+00 4.871793e-01 5.211982e+00 : 2.999979e+00 9.158891e-01 2.084090e+00
0745 : 3888/28310=1.373366e-01 15 : 58955/226480=2.603100e-01 102 : 5.699151e+00 4.865879e-01 5.212563e+00 : 2.999979e+00 9.164771e-01 2.083502e+00
0765 : 3995/29070=1.374269e-01 15 : 60558/232560=2.603973e-01 102 : 5.699162e+00 4.866738e-01 5.212488e+00 : 2.999974e+00 9.169863e-01 2.082988e+00
0785 : 4095/29830=1.372779e-01 15 : 62177/238640=2.605473e-01 102 : 5.699173e+00 4.864591e-01 5.212714e+00 : 2.999981e+00 9.168459e-01 2.083135e+00
0805 : 4188/30590=1.369075e-01 15 : 63850/244720=2.609104e-01 102 : 5.699145e+00 4.857931e-01 5.213352e+00 : 2.999985e+00 9.180444e-01 2.081940e+00
0825 : 4291/31350=1.368740e-01 15 : 65497/250800=2.611523e-01 102 : 5.699182e+00 4.855216e-01 5.213660e+00 : 2.999987e+00 9.184287e-01 2.081559e+00
0845 : 4395/32110=1.368732e-01 15 : 67097/256880=2.611998e-01 102 : 5.699291e+00 4.856877e-01 5.213604e+00 : 2.999989e+00 9.182684e-01 2.081720e+00
0865 : 4496/32870=1.367813e-01 15 : 68721/262960=2.613363e-01 102 : 5.699311e+00 4.854754e-01 5.213836e+00 : 2.999989e+00 9.187222e-01 2.081267e+00
0885 : 4608/33630=1.370205e-01 15 : 70289/269040=2.612585e-01 102 : 5.699293e+00 4.862206e-01 5.213072e+00 : 2.999988e+00 9.182928e-01 2.081696e+00
0905 : 4715/34390=1.371038e-01 15 : 71926/275120=2.614350e-01 102 : 5.699306e+00 4.864297e-01 5.212876e+00 : 2.999987e+00 9.185525e-01 2.081435e+00
0925 : 4802/35150=1.366145e-01 15 : 73558/281200=2.615861e-01 102 : 5.699322e+00 4.852768e-01 5.214045e+00 : 2.999985e+00 9.190638e-01 2.080921e+00
0945 : 4905/35910=1.365915e-01 15 : 75182/287280=2.617029e-01 102 : 5.699346e+00 4.850203e-01 5.214325e+00 : 2.999981e+00 9.193926e-01 2.080589e+00
0965 : 5006/36670=1.365149e-01 15 : 76740/293360=2.615899e-01 102 : 5.699402e+00 4.847768e-01 5.214625e+00 : 2.999984e+00 9.193241e-01 2.080660e+00
0985 : 5101/37430=1.362811e-01 15 : 78338/299440=2.616150e-01 102 : 5.699403e+00 4.843450e-01 5.215058e+00 : 2.999985e+00 9.195520e-01 2.080433e+00
1005 : 5226/38190=1.368421e-01 15 : 79940/305520=2.616523e-01 102 : 5.699416e+00 4.855154e-01 5.213901e+00 : 2.999986e+00 9.195079e-01 2.080478e+00
1025 : 5343/38950=1.371759e-01 15 : 81565/311600=2.617619e-01 102 : 5.699455e+00 4.863325e-01 5.213123e+00 : 2.999982e+00 9.198693e-01 2.080112e+00
1046 : 5450/39748=1.371138e-01 15 : 83230/317984=2.617427e-01 102 : 5.699524e+00 4.861580e-01 5.213366e+00 : 2.999982e+00 9.199805e-01 2.080002e+00
1066 : 5541/40508=1.367878e-01 15 : 84798/324064=2.616705e-01 102 : 5.699548e+00 4.855193e-01 5.214029e+00 : 2.999984e+00 9.197944e-01 2.080190e+00
1086 : 5632/41268=1.364738e-01 15 : 86356/330144=2.615707e-01 102 : 5.699577e+00 4.845450e-01 5.215032e+00 : 2.999986e+00 9.193753e-01 2.080611e+00
1106 : 5716/42028=1.360046e-01 15 : 87959/336224=2.616083e-01 102 : 5.699589e+00 4.836050e-01 5.215984e+00 : 2.999986e+00 9.196950e-01 2.080291e+00
1126 : 5818/42788=1.359727e-01 15 : 89532/342304=2.615570e-01 102 : 5.699596e+00 4.836392e-01 5.215957e+00 : 2.999986e+00 9.196867e-01 2.080299e+00
1146 : 5922/43548=1.359879e-01 15 : 91144/348384=2.616194e-01 102 : 5.699662e+00 4.837271e-01 5.215935e+00 : 2.999987e+00 9.197226e-01 2.080265e+00
1166 : 6028/44308=1.360477e-01 15 : 92724/354464=2.615893e-01 102 : 5.699644e+00 4.836967e-01 5.215947e+00 : 2.999989e+00 9.195379e-01 2.080451e+00
1186 : 6126/45068=1.359279e-01 15 : 94334/360544=2.616435e-01 102 : 5.699641e+00 4.833230e-01 5.216318e+00 : 2.999988e+00 9.196562e-01 2.080332e+00
1206 : 6229/45828=1.359213e-01 15 : 95919/366624=2.616277e-01 102 : 5.699650e+00 4.832169e-01 5.216433e+00 : 2.999988e+00 9.195126e-01 2.080476e+00
1226 : 6338/46588=1.360436e-01 15 : 97531/372704=2.616849e-01 102 : 5.699624e+00 4.835546e-01 5.216069e+00 : 2.999988e+00 9.194342e-01 2.080554e+00
1246 : 6438/47348=1.359720e-01 15 : 99153/378784=2.617666e-01 102 : 5.699601e+00 4.833551e-01 5.216246e+00 : 2.999988e+00 9.194593e-01 2.080529e+00
1266 : 6541/48108=1.359649e-01 15 : 100741/384864=2.617574e-01 102 : 5.699598e+00 4.834007e-01 5.216198e+00 : 2.999988e+00 9.195139e-01 2.080474e+00
1286 : 6630/48868=1.356716e-01 15 : 102297/390944=2.616666e-01 102 : 5.699637e+00 4.826918e-01 5.216945e+00 : 2.999990e+00 9.193018e-01 2.080688e+00
1306 : 6732/49628=1.356492e-01 15 : 103905/397024=2.617096e-01 102 : 5.699643e+00 4.827865e-01 5.216856e+00 : 2.999991e+00 9.194023e-01 2.080589e+00
1326 : 6848/50388=1.359054e-01 15 : 105528/403104=2.617885e-01 104 : 5.699604e+00 4.834124e-01 5.216191e+00 : 2.999990e+00 9.194719e-01 2.080519e+00
1346 : 6946/51148=1.358020e-01 15 : 107106/409184=2.617551e-01 104 : 5.699619e+00 4.832953e-01 5.216324e+00 : 2.999991e+00 9.195235e-01 2.080467e+00
1366 : 7059/51908=1.359906e-01 15 : 108793/415264=2.619851e-01 104 : 5.699584e+00 4.837245e-01 5.215859e+00 : 2.999992e+00 9.200432e-01 2.079949e+00
1386 : 7180/52668=1.363257e-01 15 : 110397/421344=2.620116e-01 104 : 5.699568e+00 4.844892e-01 5.215079e+00 : 2.999992e+00 9.201528e-01 2.079840e+00
1406 : 7279/53428=1.362394e-01 15 : 111967/427424=2.619577e-01 104 : 5.699541e+00 4.842894e-01 5.215251e+00 : 2.999992e+00 9.201477e-01 2.079844e+00
1426 : 7385/54188=1.362848e-01 15 : 113547/433504=2.619284e-01 104 : 5.699524e+00 4.843334e-01 5.215191e+00 : 2.999993e+00 9.200866e-01 2.079907e+00
1446 : 7500/54948=1.364927e-01 15 : 115107/439584=2.618544e-01 104 : 5.699564e+00 4.849648e-01 5.214599e+00 : 2.999992e+00 9.197562e-01 2.080236e+00
1466 : 7609/55708=1.365872e-01 15 : 116660/445664=2.617667e-01 104 : 5.699601e+00 4.851230e-01 5.214478e+00 : 2.999991e+00 9.197669e-01 2.080224e+00
1487 : 7736/56506=1.369058e-01 15 : 118296/452048=2.616890e-01 104 : 5.699595e+00 4.857019e-01 5.213894e+00 : 2.999992e+00 9.198044e-01 2.080187e+00
1507 : 7847/57266=1.370272e-01 15 : 119868/458128=2.616474e-01 104 : 5.699616e+00 4.859566e-01 5.213660e+00 : 2.999992e+00 9.196956e-01 2.080296e+00
1527 : 7940/58026=1.368352e-01 15 : 121513/464208=2.617641e-01 104 : 5.699645e+00 4.856351e-01 5.214010e+00 : 2.999992e+00 9.198903e-01 2.080102e+00
1547 : 8061/58786=1.371245e-01 15 : 123112/470288=2.617800e-01 104 : 5.699640e+00 4.861339e-01 5.213506e+00 : 2.999991e+00 9.200433e-01 2.079948e+00
1567 : 8170/59546=1.372049e-01 15 : 124680/476368=2.617304e-01 104 : 5.699678e+00 4.863293e-01 5.213349e+00 : 2.999990e+00 9.199035e-01 2.080087e+00
1587 : 8285/60306=1.373827e-01 15 : 126240/482448=2.616655e-01 104 : 5.699667e+00 4.867831e-01 5.212883e+00 : 2.999989e+00 9.197218e-01 2.080268e+00
1607 : 8373/61066=1.371139e-01 15 : 127828/488528=2.616595e-01 104 : 5.699670e+00 4.862564e-01 5.213414e+00 : 2.999990e+00 9.195000e-01 2.080490e+00
1627 : 8480/61826=1.371591e-01 15 : 129412/494608=2.616456e-01 104 : 5.699674e+00 4.863786e-01 5.213295e+00 : 2.999990e+00 9.193985e-01 2.080591e+00
1647 : 8584/62586=1.371553e-01 15 : 131037/500688=2.617139e-01 104 : 5.699673e+00 4.863867e-01 5.213286e+00 : 2.999990e+00 9.193916e-01 2.080599e+00
1667 : 8698/63346=1.373094e-01 15 : 132655/506768=2.617667e-01 104 : 5.699703e+00 4.865710e-01 5.213133e+00 : 2.999991e+00 9.196291e-01 2.080362e+00
1687 : 8791/64106=1.371322e-01 15 : 134217/512848=2.617091e-01 104 : 5.699747e+00 4.861500e-01 5.213597e+00 : 2.999991e+00 9.195941e-01 2.080397e+00
1707 : 8879/64866=1.368822e-01 15 : 135763/518928=2.616220e-01 104 : 5.699725e+00 4.856404e-01 5.214085e+00 : 2.999992e+00 9.193311e-01 2.080661e+00
1727 : 8985/65626=1.369122e-01 15 : 137394/525008=2.616989e-01 104 : 5.699761e+00 4.856410e-01 5.214120e+00 : 2.999993e+00 9.193859e-01 2.080607e+00
1747 : 9077/66386=1.367306e-01 15 : 139007/531088=2.617401e-01 104 : 5.699755e+00 4.853943e-01 5.214361e+00 : 2.999993e+00 9.195625e-01 2.080431e+00
1767 : 9169/67146=1.365532e-01 15 : 140561/537168=2.616705e-01 104 : 5.699759e+00 4.850491e-01 5.214710e+00 : 2.999994e+00 9.193268e-01 2.080667e+00
1787 : 9262/67906=1.363944e-01 15 : 142123/543248=2.616172e-01 104 : 5.699799e+00 4.848348e-01 5.214964e+00 : 2.999993e+00 9.192969e-01 2.080697e+00
1807 : 9367/68666=1.364139e-01 15 : 143719/549328=2.616269e-01 104 : 5.699809e+00 4.849420e-01 5.214867e+00 : 2.999994e+00 9.193803e-01 2.080614e+00
1827 : 9475/69426=1.364762e-01 15 : 145313/555408=2.616329e-01 104 : 5.699798e+00 4.848957e-01 5.214902e+00 : 2.999994e+00 9.193621e-01 2.080632e+00
1847 : 9587/70186=1.365942e-01 15 : 146876/561488=2.615835e-01 104 : 5.699833e+00 4.851976e-01 5.214636e+00 : 2.999995e+00 9.192604e-01 2.080734e+00
1867 : 9688/70946=1.365546e-01 15 : 148460/567568=2.615722e-01 104 : 5.699866e+00 4.850199e-01 5.214846e+00 : 2.999995e+00 9.192497e-01 2.080745e+00
1887 : 9815/71706=1.368784e-01 15 : 150052/573648=2.615750e-01 104 : 5.699860e+00 4.858677e-01 5.213992e+00 : 2.999994e+00 9.190665e-01 2.080928e+00
1907 : 9922/72466=1.369194e-01 15 : 151650/579728=2.615882e-01 104 : 5.699871e+00 4.859895e-01 5.213881e+00 : 2.999994e+00 9.191068e-01 2.080887e+00
1927 : 10024/73226=1.368913e-01 15 : 153230/585808=2.615703e-01 104 : 5.699873e+00 4.857737e-01 5.214099e+00 : 2.999994e+00 9.189070e-01 2.081087e+00
1947 : 10143/73986=1.370935e-01 15 : 154819/591888=2.615681e-01 104 : 5.699901e+00 4.862581e-01 5.213642e+00 : 2.999993e+00 9.189810e-01 2.081012e+00
1967 : 10254/74746=1.371846e-01 15 : 156405/597968=2.615608e-01 104 : 5.699886e+00 4.865463e-01 5.213339e+00 : 2.999993e+00 9.190127e-01 2.080980e+00
1987 : 10354/75506=1.371282e-01 15 : 157959/604048=2.615007e-01 104 : 5.699886e+00 4.865482e-01 5.213337e+00 : 2.999994e+00 9.190643e-01 2.080930e+00
2008 : 10477/76304=1.373060e-01 15 : 159635/610432=2.615115e-01 104 : 5.699907e+00 4.870028e-01 5.212904e+00 : 2.999994e+00 9.191465e-01 2.080848e+00
2028 : 10584/77064=1.373404e-01 15 : 161263/616512=2.615732e-01 104 : 5.699958e+00 4.871584e-01 5.212799e+00 : 2.999994e+00 9.193480e-01 2.080646e+00
2048 : 10673/77824=1.371428e-01 15 : 162899/622592=2.616465e-01 104 : 5.699966e+00 4.867363e-01 5.213229e+00 : 2.999994e+00 9.193909e-01 2.080604e+00
2068 : 10748/78584=1.367708e-01 15 : 164496/628672=2.616563e-01 104 : 5.699992e+00 4.858285e-01 5.214163e+00 : 2.999994e+00 9.192978e-01 2.080696e+00
2088 : 10867/79344=1.369606e-01 15 : 166069/634752=2.616282e-01 104 : 5.699991e+00 4.862161e-01 5.213775e+00 : 2.999993e+00 9.192108e-01 2.080782e+00
2108 : 10963/80104=1.368596e-01 15 : 167580/640832=2.615038e-01 104 : 5.699982e+00 4.860391e-01 5.213942e+00 : 2.999993e+00 9.188358e-01 2.081157e+00
2128 : 11066/80864=1.368471e-01 15 : 169250/646912=2.616275e-01 104 : 5.699977e+00 4.860215e-01 5.213956e+00 : 2.999993e+00 9.191200e-01 2.080873e+00
2148 : 11183/81624=1.370063e-01 15 : 170822/652992=2.615989e-01 104 : 5.699967e+00 4.864002e-01 5.213566e+00 : 2.999994e+00 9.190610e-01 2.080933e+00
2168 : 11277/82384=1.368834e-01 15 : 172413/659072=2.615996e-01 104 : 5.699984e+00 4.860703e-01 5.213914e+00 : 2.999993e+00 9.191322e-01 2.080861e+00
2188 : 11372/83144=1.367748e-01 15 : 174067/665152=2.616951e-01 104 : 5.699986e+00 4.858710e-01 5.214115e+00 : 2.999993e+00 9.193432e-01 2.080650e+00
2208 : 11482/83904=1.368469e-01 15 : 175647/671232=2.616785e-01 104 : 5.699973e+00 4.859854e-01 5.213987e+00 : 2.999993e+00 9.194291e-01 2.080564e+00
2228 : 11582/84664=1.367996e-01 15 : 177220/677312=2.616519e-01 104 : 5.699968e+00 4.858280e-01 5.214140e+00 : 2.999993e+00 9.193679e-01 2.080625e+00
2248 : 11677/85424=1.366946e-01 15 : 178760/683392=2.615775e-01 104 : 5.699977e+00 4.856488e-01 5.214328e+00 : 2.999993e+00 9.192304e-01 2.080762e+00
2268 : 11774/86184=1.366147e-01 15 : 180328/689472=2.615451e-01 104 : 5.699991e+00 4.855428e-01 5.214448e+00 : 2.999992e+00 9.191877e-01 2.080804e+00
2288 : 11882/86944=1.366627e-01 15 : 181900/695552=2.615189e-01 104 : 5.699990e+00 4.856451e-01 5.214345e+00 : 2.999992e+00 9.191972e-01 2.080795e+00
2308 : 11984/87704=1.366414e-01 15 : 183487/701632=2.615146e-01 104 : 5.700023e+00 4.856321e-01 5.214391e+00 : 2.999993e+00 9.191906e-01 2.080802e+00
2328 : 12086/88464=1.366205e-01 15 : 185056/707712=2.614849e-01 104 : 5.700025e+00 4.855999e-01 5.214425e+00 : 2.999994e+00 9.191141e-01 2.080879e+00
2348 : 12185/89224=1.365664e-01 15 : 186663/713792=2.615090e-01 104 : 5.700028e+00 4.855374e-01 5.214490e+00 : 2.999993e+00 9.190644e-01 2.080929e+00
2368 : 12296/89984=1.366465e-01 15 : 188240/719872=2.614909e-01 104 : 5.700016e+00 4.857075e-01 5.214308e+00 : 2.999993e+00 9.190868e-01 2.080906e+00
2388 : 12407/90744=1.367253e-01 15 : 189903/725952=2.615917e-01 104 : 5.700025e+00 4.858183e-01 5.214206e+00 : 2.999992e+00 9.192836e-01 2.080709e+00
2408 : 12534/91504=1.369776e-01 15 : 191578/732032=2.617071e-01 104 : 5.700037e+00 4.862667e-01 5.213770e+00 : 2.999993e+00 9.195351e-01 2.080458e+00
2428 : 12623/92264=1.368139e-01 15 : 193124/738112=2.616459e-01 104 : 5.700052e+00 4.858606e-01 5.214192e+00 : 2.999993e+00 9.194468e-01 2.080546e+00
2448 : 12731/93024=1.368572e-01 15 : 194749/744192=2.616919e-01 104 : 5.700065e+00 4.859348e-01 5.214131e+00 : 2.999993e+00 9.196481e-01 2.080345e+00
2468 : 12828/93784=1.367824e-01 15 : 196427/750272=2.618077e-01 104 : 5.700051e+00 4.858066e-01 5.214244e+00 : 2.999993e+00 9.198267e-01 2.080166e+00
2488 : 12927/94544=1.367300e-01 15 : 198018/756352=2.618067e-01 104 : 5.700065e+00 4.855635e-01 5.214501e+00 : 2.999994e+00 9.198727e-01 2.080121e+00
2508 : 13011/95304=1.365210e-01 15 : 199607/762432=2.618030e-01 104 : 5.700073e+00 4.852417e-01 5.214832e+00 : 2.999994e+00 9.198457e-01 2.080148e+00
2529 : 13119/96102=1.365112e-01 15 : 201289/768816=2.618169e-01 104 : 5.700075e+00 4.851666e-01 5.214908e+00 : 2.999994e+00 9.200580e-01 2.079936e+00
2549 : 13210/96862=1.363796e-01 15 : 202890/774896=2.618287e-01 104 : 5.700058e+00 4.847665e-01 5.215291e+00 : 2.999993e+00 9.200943e-01 2.079899e+00
2569 : 13311/97622=1.363525e-01 15 : 204477/780976=2.618224e-01 104 : 5.700042e+00 4.847736e-01 5.215269e+00 : 2.999993e+00 9.200709e-01 2.079922e+00
2589 : 13403/98382=1.362343e-01 15 : 206048/787056=2.617959e-01 104 : 5.700033e+00 4.844922e-01 5.215541e+00 : 2.999993e+00 9.200220e-01 2.079971e+00
2609 : 13505/99142=1.362188e-01 15 : 207604/793136=2.617508e-01 104 : 5.700043e+00 4.845127e-01 5.215531e+00 : 2.999993e+00 9.198853e-01 2.080108e+00
2629 : 13602/99902=1.361534e-01 15 : 209137/799216=2.616777e-01 104 : 5.700045e+00 4.844644e-01 5.215581e+00 : 2.999993e+00 9.198382e-01 2.080155e+00
2649 : 13700/100662=1.360990e-01 15 : 210673/805296=2.616094e-01 104 : 5.700054e+00 4.843402e-01 5.215713e+00 : 2.999993e+00 9.196207e-01 2.080373e+00
2669 : 13802/101422=1.360849e-01 15 : 212304/811376=2.616592e-01 104 : 5.700044e+00 4.844031e-01 5.215641e+00 : 2.999994e+00 9.196606e-01 2.080333e+00
2689 : 13900/102182=1.360318e-01 15 : 213908/817456=2.616752e-01 104 : 5.700045e+00 4.843283e-01 5.215717e+00 : 2.999995e+00 9.197544e-01 2.080241e+00
2709 : 14018/102942=1.361738e-01 15 : 215510/823536=2.616886e-01 104 : 5.700054e+00 4.845703e-01 5.215484e+00 : 2.999995e+00 9.197692e-01 2.080226e+00
2729 : 14121/103702=1.361690e-01 15 : 217190/829616=2.617958e-01 104 : 5.700042e+00 4.845465e-01 5.215495e+00 : 2.999995e+00 9.199976e-01 2.079997e+00
2749 : 14237/104462=1.362888e-01 15 : 218860/835696=2.618895e-01 104 : 5.700054e+00 4.847683e-01 5.215285e+00 : 2.999995e+00 9.201825e-01 2.079812e+00
2769 : 14319/105222=1.360837e-01 15 : 220435/841776=2.618690e-01 104 : 5.700058e+00 4.843713e-01 5.215687e+00 : 2.999995e+00 9.200219e-01 2.079973e+00
2789 : 14417/105982=1.360325e-01 15 : 222057/847856=2.619041e-01 104 : 5.700064e+00 4.842067e-01 5.215857e+00 : 2.999995e+00 9.201363e-01 2.079859e+00
2809 : 14523/106742=1.360570e-01 15 : 223646/853936=2.619002e-01 104 : 5.700080e+00 4.841886e-01 5.215892e+00 : 2.999996e+00 9.201203e-01 2.079875e+00
2829 : 14616/107502=1.359603e-01 15 : 225227/860016=2.618870e-01 104 : 5.700059e+00 4.839776e-01 5.216082e+00 : 2.999995e+00 9.200232e-01 2.079972e+00
2849 : 14716/108262=1.359295e-01 15 : 226830/866096=2.618994e-01 112 : 5.700059e+00 4.838335e-01 5.216225e+00 : 2.999995e+00 9.200028e-01 2.079992e+00
2869 : 14835/109022=1.360735e-01 15 : 228374/872176=2.618439e-01 112 : 5.700077e+00 4.841072e-01 5.215969e+00 : 2.999995e+00 9.198611e-01 2.080134e+00
2890 : 14932/109820=1.359679e-01 15 : 230070/878560=2.618717e-01 112 : 5.700081e+00 4.839162e-01 5.216164e+00 : 2.999995e+00 9.198645e-01 2.080130e+00
2910 : 15041/110580=1.360192e-01 15 : 231696/884640=2.619099e-01 112 : 5.700084e+00 4.840822e-01 5.216001e+00 : 2.999995e+00 9.198994e-01 2.080095e+00
2930 : 15157/111340=1.361326e-01 15 : 233319/890720=2.619443e-01 112 : 5.700073e+00 4.843609e-01 5.215712e+00 : 2.999995e+00 9.200606e-01 2.079935e+00
2950 : 15266/112100=1.361820e-01 15 : 234959/896800=2.619971e-01 112 : 5.700067e+00 4.843670e-01 5.215700e+00 : 2.999995e+00 9.201401e-01 2.079855e+00
2970 : 15379/112860=1.362662e-01 15 : 236601/902880=2.620514e-01 112 : 5.700066e+00 4.844801e-01 5.215586e+00 : 2.999996e+00 9.202854e-01 2.079710e+00
2990 : 15477/113620=1.362172e-01 15 : 238177/908960=2.620324e-01 112 : 5.700067e+00 4.843535e-01 5.215714e+00 : 2.999996e+00 9.203009e-01 2.079695e+00
3010 : 15594/114380=1.363350e-01 15 : 239766/915040=2.620279e-01 112 : 5.700084e+00 4.845940e-01 5.215490e+00 : 2.999996e+00 9.203675e-01 2.079628e+00
3030 : 15693/115140=1.362949e-01 15 : 241327/921120=2.619930e-01 112 : 5.700086e+00 4.845345e-01 5.215552e+00 : 2.999995e+00 9.202405e-01 2.079755e+00
3050 : 15809/115900=1.364021e-01 15 : 242886/927200=2.619564e-01 112 : 5.700078e+00 4.848327e-01 5.215245e+00 : 2.999996e+00 9.202429e-01 2.079753e+00
3070 : 15917/116660=1.364392e-01 15 : 244483/933280=2.619610e-01 112 : 5.700075e+00 4.849130e-01 5.215162e+00 : 2.999996e+00 9.202462e-01 2.079749e+00
3090 : 16014/117420=1.363822e-01 15 : 246082/939360=2.619677e-01 112 : 5.700057e+00 4.848192e-01 5.215237e+00 : 2.999995e+00 9.202237e-01 2.079772e+00
3110 : 16107/118180=1.362921e-01 15 : 247678/945440=2.619711e-01 112 : 5.700058e+00 4.846050e-01 5.215453e+00 : 2.999995e+00 9.203536e-01 2.079642e+00
3130 : 16207/118940=1.362620e-01 15 : 249273/951520=2.619735e-01 112 : 5.700057e+00 4.845861e-01 5.215471e+00 : 2.999996e+00 9.203622e-01 2.079633e+00
3150 : 16322/119700=1.363576e-01 15 : 250864/957600=2.619716e-01 112 : 5.700059e+00 4.847727e-01 5.215287e+00 : 2.999996e+00 9.204175e-01 2.079578e+00
3170 : 16433/120460=1.364187e-01 15 : 252466/963680=2.619812e-01 112 : 5.700058e+00 4.849172e-01 5.215141e+00 : 2.999996e+00 9.204667e-01 2.079529e+00
3190 : 16530/121220=1.363636e-01 15 : 253975/969760=2.618947e-01 112 : 5.700073e+00 4.847940e-01 5.215279e+00 : 2.999995e+00 9.202823e-01 2.079713e+00
3210 : 16613/121980=1.361945e-01 15 : 255601/975840=2.619292e-01 112 : 5.700072e+00 4.844018e-01 5.215670e+00 : 2.999995e+00 9.203721e-01 2.079623e+00
3230 : 16713/122740=1.361659e-01 15 : 257221/981920=2.619572e-01 112 : 5.700076e+00 4.843044e-01 5.215771e+00 : 2.999995e+00 9.203227e-01 2.079672e+00
3250 : 16823/123500=1.362186e-01 15 : 258775/988000=2.619180e-01 112 : 5.700084e+00 4.844737e-01 5.215610e+00 : 2.999995e+00 9.202963e-01 2.079699e+00
3270 : 16935/124260=1.362868e-01 15 : 260401/994080=2.619518e-01 112 : 5.700096e+00 4.846381e-01 5.215458e+00 : 2.999995e+00 9.204107e-01 2.079584e+00
3290 : 17040/125020=1.362982e-01 15 : 261968/1000160=2.619261e-01 112 : 5.700109e+00 4.846587e-01 5.215450e+00 : 2.999995e+00 9.203328e-01 2.079663e+00
3310 : 17136/125780=1.362379e-01 15 : 263610/1006240=2.619753e-01 112 : 5.700108e+00 4.845182e-01 5.215590e+00 : 2.999995e+00 9.204141e-01 2.079581e+00
3331 : 17250/126578=1.362796e-01 15 : 265216/1012624=2.619097e-01 112 : 5.700107e+00 4.845909e-01 5.215516e+00 : 2.999995e+00 9.204148e-01 2.079580e+00
3351 : 17348/127338=1.362358e-01 15 : 266803/1018704=2.619043e-01 112 : 5.700106e+00 4.845029e-01 5.215603e+00 : 2.999995e+00 9.204790e-01 2.079516e+00
3371 : 17457/128098=1.362785e-01 15 : 268438/1024784=2.619459e-01 112 : 5.700113e+00 4.846778e-01 5.215435e+00 : 2.999995e+00 9.205991e-01 2.079396e+00
3391 : 17538/128858=1.361033e-01 15 : 270033/1030864=2.619482e-01 112 : 5.700107e+00 4.843683e-01 5.215738e+00 : 2.999994e+00 9.206606e-01 2.079333e+00
3411 : 17626/129618=1.359842e-01 15 : 271620/1036944=2.619428e-01 112 : 5.700105e+00 4.840594e-01 5.216046e+00 : 2.999993e+00 9.206416e-01 2.079352e+00
3431 : 17724/130378=1.359432e-01 15 : 273221/1043024=2.619508e-01 112 : 5.700109e+00 4.839748e-01 5.216135e+00 : 2.999994e+00 9.206157e-01 2.079378e+00
3451 : 17827/131138=1.359408e-01 15 : 274751/1049104=2.618911e-01 112 : 5.700121e+00 4.839269e-01 5.216194e+00 : 2.999994e+00 9.205281e-01 2.079466e+00
3471 : 17927/131898=1.359156e-01 15 : 276341/1055184=2.618889e-01 112 : 5.700116e+00 4.838044e-01 5.216311e+00 : 2.999994e+00 9.205204e-01 2.079473e+00
3491 : 18034/132658=1.359436e-01 15 : 277891/1061264=2.618491e-01 112 : 5.700108e+00 4.838962e-01 5.216211e+00 : 2.999994e+00 9.203499e-01 2.079644e+00
3511 : 18124/133418=1.358437e-01 15 : 279469/1067344=2.618359e-01 112 : 5.700112e+00 4.837025e-01 5.216409e+00 : 2.999994e+00 9.203846e-01 2.079609e+00
3531 : 18223/134178=1.358121e-01 15 : 281082/1073424=2.618555e-01 112 : 5.700121e+00 4.835797e-01 5.216542e+00 : 2.999995e+00 9.204918e-01 2.079503e+00
3551 : 18313/134938=1.357142e-01 15 : 282622/1079504=2.618073e-01 112 : 5.700125e+00 4.833689e-01 5.216756e+00 : 2.999995e+00 9.204232e-01 2.079571e+00
3571 : 18420/135698=1.357426e-01 15 : 284219/1085584=2.618121e-01 112 : 5.700123e+00 4.834852e-01 5.216638e+00 : 2.999995e+00 9.204453e-01 2.079549e+00
3591 : 18533/136458=1.358147e-01 15 : 285790/1091664=2.617930e-01 112 : 5.700120e+00 4.835952e-01 5.216524e+00 : 2.999994e+00 9.204628e-01 2.079532e+00
3611 : 18626/137218=1.357402e-01 15 : 287369/1097744=2.617814e-01 112 : 5.700126e+00 4.833745e-01 5.216752e+00 : 2.999995e+00 9.205441e-01 2.079450e+00
3631 : 18734/137978=1.357753e-01 15 : 288943/1103824=2.617655e-01 112 : 5.700125e+00 4.835024e-01 5.216623e+00 : 2.999995e+00 9.205142e-01 2.079480e+00
3651 : 18822/138738=1.356658e-01 15 : 290521/1109904=2.617533e-01 112 : 5.700123e+00 4.832800e-01 5.216843e+00 : 2.999995e+00 9.204865e-01 2.079508e+00
3671 : 18926/139498=1.356722e-01 15 : 292124/1115984=2.617636e-01 112 : 5.700122e+00 4.833098e-01 5.216812e+00 : 2.999995e+00 9.205389e-01 2.079456e+00
3691 : 19038/140258=1.357356e-01 15 : 293701/1122064=2.617507e-01 112 : 5.700123e+00 4.834029e-01 5.216721e+00 : 2.999994e+00 9.204867e-01 2.079508e+00
3711 : 19149/141018=1.357912e-01 15 : 295293/1128144=2.617512e-01 112 : 5.700132e+00 4.835869e-01 5.216545e+00 : 2.999994e+00 9.204023e-01 2.079592e+00
3731 : 19256/141778=1.358180e-01 15 : 296832/1134224=2.617049e-01 112 : 5.700134e+00 4.836837e-01 5.216450e+00 : 2.999994e+00 9.202803e-01 2.079714e+00
3751 : 19360/142538=1.358234e-01 15 : 298393/1140304=2.616785e-01 112 : 5.700138e+00 4.836688e-01 5.216469e+00 : 2.999995e+00 9.203207e-01 2.079674e+00
3771 : 19462/143298=1.358149e-01 15 : 299966/1146384=2.616628e-01 112 : 5.700140e+00 4.837243e-01 5.216416e+00 : 2.999995e+00 9.202915e-01 2.079703e+00
3792 : 19565/144096=1.357775e-01 15 : 301646/1152768=2.616710e-01 112 : 5.700143e+00 4.836446e-01 5.216499e+00 : 2.999995e+00 9.202992e-01 2.079696e+00
3812 : 19671/144856=1.357969e-01 15 : 303228/1158848=2.616633e-01 112 : 5.700141e+00 4.837018e-01 5.216439e+00 : 2.999996e+00 9.203503e-01 2.079645e+00
3832 : 19771/145616=1.357749e-01 15 : 304881/1164928=2.617166e-01 112 : 5.700147e+00 4.836708e-01 5.216476e+00 : 2.999996e+00 9.204540e-01 2.079541e+00
3852 : 19867/146376=1.357258e-01 15 : 306476/1171008=2.617198e-01 112 : 5.700151e+00 4.836559e-01 5.216495e+00 : 2.999995e+00 9.205364e-01 2.079459e+00
3872 : 19975/147136=1.357588e-01 15 : 308087/1177088=2.617366e-01 112 : 5.700154e+00 4.837250e-01 5.216429e+00 : 2.999996e+00 9.206233e-01 2.079372e+00
3892 : 20065/147896=1.356697e-01 15 : 309639/1183168=2.617033e-01 112 : 5.700160e+00 4.835449e-01 5.216615e+00 : 2.999995e+00 9.205491e-01 2.079446e+00
3912 : 20172/148656=1.356958e-01 15 : 311171/1189248=2.616536e-01 112 : 5.700157e+00 4.835844e-01 5.216572e+00 : 2.999995e+00 9.205694e-01 2.079426e+00
3932 : 20262/149416=1.356080e-01 15 : 312752/1195328=2.616453e-01 112 : 5.700155e+00 4.834280e-01 5.216727e+00 : 2.999995e+00 9.205258e-01 2.079469e+00
3952 : 20367/150176=1.356209e-01 15 : 314337/1201408=2.616405e-01 112 : 5.700164e+00 4.834309e-01 5.216733e+00 : 2.999995e+00 9.205359e-01 2.079459e+00
3972 : 20467/150936=1.356005e-01 15 : 315948/1207488=2.616573e-01 112 : 5.700158e+00 4.833652e-01 5.216792e+00 : 2.999995e+00 9.205354e-01 2.079460e+00
3992 : 20582/151696=1.356793e-01 15 : 317580/1213568=2.616911e-01 112 : 5.700157e+00 4.834866e-01 5.216670e+00 : 2.999996e+00 9.205728e-01 2.079423e+00
4012 : 20680/152456=1.356457e-01 15 : 319176/1219648=2.616952e-01 112 : 5.700146e+00 4.835096e-01 5.216637e+00 : 2.999996e+00 9.206062e-01 2.079389e+00
4032 : 20783/153216=1.356451e-01 15 : 320749/1225728=2.616804e-01 112 : 5.700152e+00 4.835510e-01 5.216601e+00 : 2.999996e+00 9.205715e-01 2.079424e+00
4052 : 20893/153976=1.356900e-01 15 : 322372/1231808=2.617064e-01 112 : 5.700157e+00 4.836561e-01 5.216501e+00 : 2.999995e+00 9.206072e-01 2.079388e+00
4072 : 21003/154736=1.357344e-01 15 : 323980/1237888=2.617200e-01 112 : 5.700160e+00 4.837066e-01 5.216453e+00 : 2.999995e+00 9.206560e-01 2.079339e+00
4092 : 21122/155496=1.358363e-01 15 : 325542/1243968=2.616964e-01 112 : 5.700168e+00 4.839181e-01 5.216250e+00 : 2.999994e+00 9.205682e-01 2.079426e+00
4112 : 21235/156256=1.358988e-01 15 : 327122/1250048=2.616876e-01 112 : 5.700179e+00 4.840286e-01 5.216150e+00 : 2.999995e+00 9.205403e-01 2.079454e+00
4132 : 21330/157016=1.358460e-01 15 : 328742/1256128=2.617106e-01 112 : 5.700180e+00 4.838780e-01 5.216302e+00 : 2.999995e+00 9.206141e-01 2.079381e+00
4152 : 21450/157776=1.359522e-01 15 : 330327/1262208=2.617057e-01 112 : 5.700183e+00 4.841677e-01 5.216015e+00 : 2.999995e+00 9.205723e-01 2.079422e+00
4172 : 21567/158536=1.360385e-01 15 : 331979/1268288=2.617536e-01 112 : 5.700175e+00 4.843835e-01 5.215792e+00 : 2.999995e+00 9.207672e-01 2.079227e+00
4192 : 21665/159296=1.360047e-01 15 : 333579/1274368=2.617603e-01 112 : 5.700172e+00 4.842898e-01 5.215882e+00 : 2.999995e+00 9.207587e-01 2.079236e+00
4212 : 21777/160056=1.360586e-01 15 : 335179/1280448=2.617670e-01 112 : 5.700180e+00 4.844196e-01 5.215760e+00 : 2.999995e+00 9.208289e-01 2.079166e+00
4232 : 21880/160816=1.360561e-01 15 : 336771/1286528=2.617673e-01 112 : 5.700185e+00 4.844093e-01 5.215776e+00 : 2.999995e+00 9.208212e-01 2.079174e+00
4252 : 21988/161576=1.360846e-01 15 : 338311/1292608=2.617275e-01 112 : 5.700179e+00 4.844212e-01 5.215758e+00 : 2.999995e+00 9.207382e-01 2.079257e+00
4272 : 22097/162336=1.361189e-01 15 : 339927/1298688=2.617465e-01 112 : 5.700170e+00 4.845013e-01 5.215669e+00 : 2.999995e+00 9.208368e-01 2.079158e+00
4292 : 22199/163096=1.361100e-01 15 : 341532/1304768=2.617569e-01 112 : 5.700169e+00 4.844538e-01 5.215716e+00 : 2.999994e+00 9.208364e-01 2.079158e+00
4312 : 22297/163856=1.360768e-01 15 : 343104/1310848=2.617420e-01 112 : 5.700175e+00 4.843791e-01 5.215796e+00 : 2.999994e+00 9.207981e-01 2.079196e+00
4332 : 22404/164616=1.360986e-01 15 : 344754/1316928=2.617865e-01 112 : 5.700174e+00 4.844671e-01 5.215707e+00 : 2.999995e+00 9.208748e-01 2.079120e+00
4352 : 22533/165376=1.362531e-01 15 : 346368/1323008=2.618034e-01 112 : 5.700174e+00 4.847981e-01 5.215376e+00 : 2.999994e+00 9.209522e-01 2.079042e+00
4372 : 22629/166136=1.362077e-01 15 : 347952/1329088=2.617976e-01 112 : 5.700174e+00 4.847164e-01 5.215457e+00 : 2.999995e+00 9.209548e-01 2.079040e+00
4392 : 22728/166896=1.361806e-01 15 : 349530/1335168=2.617873e-01 112 : 5.700177e+00 4.846785e-01 5.215498e+00 : 2.999995e+00 9.209410e-01 2.079054e+00
4412 : 22842/167656=1.362433e-01 15 : 351110/1341248=2.617786e-01 112 : 5.700181e+00 4.848039e-01 5.215377e+00 : 2.999995e+00 9.208597e-01 2.079135e+00
4432 : 22953/168416=1.362875e-01 15 : 352663/1347328=2.617499e-01 112 : 5.700177e+00 4.848733e-01 5.215304e+00 : 2.999995e+00 9.208085e-01 2.079186e+00
4452 : 23071/169176=1.363728e-01 15 : 354252/1353408=2.617481e-01 112 : 5.700182e+00 4.850188e-01 5.215164e+00 : 2.999995e+00 9.208348e-01 2.079160e+00
4472 : 23166/169936=1.363219e-01 15 : 355822/1359488=2.617324e-01 112 : 5.700194e+00 4.849130e-01 5.215280e+00 : 2.999995e+00 9.208311e-01 2.079164e+00
4492 : 23278/170696=1.363711e-01 15 : 357367/1365568=2.616984e-01 112 : 5.700203e+00 4.850425e-01 5.215161e+00 : 2.999995e+00 9.207442e-01 2.079251e+00
4513 : 23379/171494=1.363255e-01 15 : 359018/1371952=2.616841e-01 112 : 5.700201e+00 4.849177e-01 5.215283e+00 : 2.999995e+00 9.206981e-01 2.079297e+00
4533 : 23459/172254=1.361884e-01 15 : 360642/1378032=2.617080e-01 112 : 5.700204e+00 4.845731e-01 5.215631e+00 : 2.999995e+00 9.207231e-01 2.079272e+00
4553 : 23546/173014=1.360930e-01 15 : 362246/1384112=2.617173e-01 112 : 5.700205e+00 4.843445e-01 5.215861e+00 : 2.999995e+00 9.207974e-01 2.079198e+00
4573 : 23635/173774=1.360100e-01 15 : 363927/1390192=2.617818e-01 112 : 5.700207e+00 4.841924e-01 5.216015e+00 : 2.999995e+00 9.208981e-01 2.079097e+00
4593 : 23751/174534=1.360824e-01 15 : 365524/1396272=2.617857e-01 112 : 5.700210e+00 4.842777e-01 5.215933e+00 : 2.999995e+00 9.209058e-01 2.079089e+00
4613 : 23839/175294=1.359944e-01 15 : 367163/1402352=2.618194e-01 112 : 5.700208e+00 4.840950e-01 5.216113e+00 : 2.999995e+00 9.209595e-01 2.079036e+00
4633 : 23941/176054=1.359867e-01 15 : 368767/1408432=2.618280e-01 112 : 5.700204e+00 4.840431e-01 5.216161e+00 : 2.999995e+00 9.209681e-01 2.079027e+00
4653 : 24025/176814=1.358772e-01 15 : 370360/1414512=2.618288e-01 112 : 5.700206e+00 4.838326e-01 5.216373e+00 : 2.999995e+00 9.209365e-01 2.079059e+00
4673 : 24140/177574=1.359433e-01 15 : 372012/1420592=2.618711e-01 112 : 5.700204e+00 4.839440e-01 5.216260e+00 : 2.999995e+00 9.209895e-01 2.079006e+00
4693 : 24213/178334=1.357733e-01 15 : 373614/1426672=2.618780e-01 112 : 5.700201e+00 4.835262e-01 5.216675e+00 : 2.999995e+00 9.209859e-01 2.079009e+00
4713 : 24302/179094=1.356941e-01 15 : 375231/1432752=2.618953e-01 112 : 5.700201e+00 4.833357e-01 5.216866e+00 : 2.999995e+00 9.210042e-01 2.078991e+00
4733 : 24414/179854=1.357434e-01 15 : 376895/1438832=2.619451e-01 112 : 5.700205e+00 4.834545e-01 5.216750e+00 : 2.999995e+00 9.211602e-01 2.078835e+00
4753 : 24507/180614=1.356872e-01 15 : 378492/1444912=2.619481e-01 112 : 5.700203e+00 4.834052e-01 5.216798e+00 : 2.999995e+00 9.211368e-01 2.078858e+00
4773 : 24608/181374=1.356755e-01 15 : 380084/1450992=2.619477e-01 112 : 5.700204e+00 4.833903e-01 5.216814e+00 : 2.999995e+00 9.211194e-01 2.078875e+00
4793 : 24705/182134=1.356419e-01 15 : 381650/1457072=2.619294e-01 112 : 5.700205e+00 4.833039e-01 5.216901e+00 : 2.999994e+00 9.210932e-01 2.078901e+00
4813 : 24817/182894=1.356906e-01 15 : 383236/1463152=2.619249e-01 112 : 5.700200e+00 4.833777e-01 5.216822e+00 : 2.999995e+00 9.210909e-01 2.078904e+00
4833 : 24927/183654=1.357281e-01 15 : 384778/1469232=2.618906e-01 112 : 5.700204e+00 4.834628e-01 5.216742e+00 : 2.999995e+00 9.210387e-01 2.078956e+00
4853 : 25032/184414=1.357381e-01 15 : 386411/1475312=2.619182e-01 112 : 5.700207e+00 4.835019e-01 5.216705e+00 : 2.999995e+00 9.211039e-01 2.078891e+00
4873 : 25145/185174=1.357912e-01 15 : 388011/1481392=2.619232e-01 112 : 5.700204e+00 4.836137e-01 5.216590e+00 : 2.999994e+00 9.210989e-01 2.078896e+00
4893 : 25266/185934=1.358869e-01 15 : 389607/1487472=2.619256e-01 112 : 5.700202e+00 4.838595e-01 5.216342e+00 : 2.999994e+00 9.211090e-01 2.078885e+00
4913 : 25357/186694=1.358212e-01 15 : 391219/1493552=2.619387e-01 112 : 5.700198e+00 4.837623e-01 5.216436e+00 : 2.999995e+00 9.210472e-01 2.078947e+00
4933 : 25461/187454=1.358253e-01 15 : 392841/1499632=2.619583e-01 112 : 5.700199e+00 4.837308e-01 5.216468e+00 : 2.999994e+00 9.210313e-01 2.078963e+00
4953 : 25570/188214=1.358560e-01 15 : 394417/1505712=2.619472e-01 112 : 5.700198e+00 4.837843e-01 5.216414e+00 : 2.999994e+00 9.209931e-01 2.079001e+00
4973 : 25681/188974=1.358970e-01 15 : 396015/1511792=2.619507e-01 112 : 5.700194e+00 4.838436e-01 5.216350e+00 : 2.999995e+00 9.210277e-01 2.078967e+00
4993 : 25788/189734=1.359166e-01 15 : 397680/1517872=2.619984e-01 112 : 5.700192e+00 4.839044e-01 5.216288e+00 : 2.999994e+00 9.211161e-01 2.078878e+00
5013 : 25892/190494=1.359203e-01 15 : 399272/1523952=2.619978e-01 112 : 5.700187e+00 4.839274e-01 5.216260e+00 : 2.999995e+00 9.211245e-01 2.078870e+00
5033 : 26008/191254=1.359867e-01 15 : 400845/1530032=2.619847e-01 112 : 5.700195e+00 4.840192e-01 5.216176e+00 : 2.999995e+00 9.210861e-01 2.078908e+00
5053 : 26115/192014=1.360057e-01 15 : 402410/1536112=2.619666e-01 112 : 5.700195e+00 4.840831e-01 5.216112e+00 : 2.999994e+00 9.210148e-01 2.078980e+00
5074 : 26228/192812=1.360289e-01 15 : 404049/1542496=2.619449e-01 112 : 5.700192e+00 4.841115e-01 5.216080e+00 : 2.999994e+00 9.209837e-01 2.079011e+00
5094 : 26328/193572=1.360114e-01 15 : 405611/1548576=2.619251e-01 112 : 5.700191e+00 4.840692e-01 5.216121e+00 : 2.999994e+00 9.209054e-01 2.079089e+00
5114 : 26441/194332=1.360610e-01 15 : 407193/1554656=2.619184e-01 112 : 5.700190e+00 4.841562e-01 5.216034e+00 : 2.999994e+00 9.209131e-01 2.079081e+00
5134 : 26554/195092=1.361101e-01 15 : 408763/1560736=2.619040e-01 112 : 5.700190e+00 4.842589e-01 5.215931e+00 : 2.999994e+00 9.208817e-01 2.079112e+00
5154 : 26660/195852=1.361232e-01 15 : 410379/1566816=2.619191e-01 112 : 5.700198e+00 4.842759e-01 5.215922e+00 : 2.999994e+00 9.209013e-01 2.079092e+00
5174 : 26751/196612=1.360599e-01 15 : 412024/1572896=2.619525e-01 112 : 5.700199e+00 4.841251e-01 5.216074e+00 : 2.999993e+00 9.209919e-01 2.079002e+00
5194 : 26835/197372=1.359615e-01 15 : 413572/1578976=2.619242e-01 112 : 5.700196e+00 4.838810e-01 5.216315e+00 : 2.999993e+00 9.209127e-01 2.079081e+00
5214 : 26934/198132=1.359397e-01 15 : 415148/1585056=2.619138e-01 112 : 5.700200e+00 4.838253e-01 5.216375e+00 : 2.999994e+00 9.209014e-01 2.079092e+00
5234 : 27046/198892=1.359833e-01 15 : 416722/1591136=2.619022e-01 112 : 5.700203e+00 4.839305e-01 5.216272e+00 : 2.999993e+00 9.208518e-01 2.079142e+00
5254 : 27142/199652=1.359465e-01 15 : 418336/1597216=2.619157e-01 112 : 5.700202e+00 4.838218e-01 5.216381e+00 : 2.999994e+00 9.208546e-01 2.079139e+00
5274 : 27242/200412=1.359300e-01 15 : 419948/1603296=2.619279e-01 112 : 5.700203e+00 4.838208e-01 5.216382e+00 : 2.999993e+00 9.208879e-01 2.079106e+00
5294 : 27362/201172=1.360130e-01 15 : 421531/1609376=2.619220e-01 112 : 5.700210e+00 4.839907e-01 5.216219e+00 : 2.999994e+00 9.208654e-01 2.079128e+00
5314 : 27481/201932=1.360904e-01 15 : 423181/1615456=2.619576e-01 112 : 5.700209e+00 4.841966e-01 5.216013e+00 : 2.999994e+00 9.209840e-01 2.079010e+00
5334 : 27579/202692=1.360636e-01 15 : 424776/1621536=2.619590e-01 112 : 5.700212e+00 4.841138e-01 5.216098e+00 : 2.999994e+00 9.210043e-01 2.078990e+00
5354 : 27696/203452=1.361304e-01 15 : 426402/1627616=2.619795e-01 112 : 5.700214e+00 4.842662e-01 5.215948e+00 : 2.999994e+00 9.210918e-01 2.078902e+00
5374 : 27791/204212=1.360890e-01 15 : 427996/1633696=2.619802e-01 112 : 5.700213e+00 4.842138e-01 5.216000e+00 : 2.999994e+00 9.210940e-01 2.078900e+00
5394 : 27892/204972=1.360771e-01 15 : 429566/1639776=2.619663e-01 112 : 5.700217e+00 4.841850e-01 5.216032e+00 : 2.999994e+00 9.210593e-01 2.078934e+00
5414 : 27984/205732=1.360216e-01 15 : 431153/1645856=2.619628e-01 112 : 5.700221e+00 4.841044e-01 5.216116e+00 : 2.999993e+00 9.210363e-01 2.078957e+00
5434 : 28096/206492=1.360634e-01 15 : 432704/1651936=2.619375e-01 112 : 5.700227e+00 4.842577e-01 5.215969e+00 : 2.999993e+00 9.209684e-01 2.079025e+00
5454 : 28197/207252=1.360518e-01 15 : 434297/1658016=2.619378e-01 112 : 5.700226e+00 4.842229e-01 5.216003e+00 : 2.999994e+00 9.209409e-01 2.079053e+00
5474 : 28309/208012=1.360931e-01 15 : 435910/1664096=2.619500e-01 112 : 5.700224e+00 4.843883e-01 5.215836e+00 : 2.999994e+00 9.209591e-01 2.079035e+00
5494 : 28409/208772=1.360767e-01 15 : 437527/1670176=2.619646e-01 112 : 5.700227e+00 4.843885e-01 5.215839e+00 : 2.999994e+00 9.209637e-01 2.079030e+00
5514 : 28530/209532=1.361606e-01 15 : 439103/1676256=2.619546e-01 112 : 5.700227e+00 4.845338e-01 5.215694e+00 : 2.999994e+00 9.209612e-01 2.079032e+00
5534 : 28647/210292=1.362249e-01 15 : 440676/1682336=2.619429e-01 112 : 5.700227e+00 4.846345e-01 5.215592e+00 : 2.999994e+00 9.209659e-01 2.079028e+00
5554 : 28737/211052=1.361608e-01 15 : 442253/1688416=2.619337e-01 112 : 5.700228e+00 4.845084e-01 5.215719e+00 : 2.999994e+00 9.209092e-01 2.079085e+00
5574 : 28843/211812=1.361726e-01 15 : 443807/1694496=2.619109e-01 112 : 5.700224e+00 4.845453e-01 5.215679e+00 : 2.999994e+00 9.208615e-01 2.079132e+00
5595 : 28939/212610=1.361131e-01 15 : 445437/1700880=2.618862e-01 112 : 5.700225e+00 4.844432e-01 5.215782e+00 : 2.999994e+00 9.207826e-01 2.079211e+00
5615 : 29049/213370=1.361438e-01 15 : 447085/1706960=2.619188e-01 112 : 5.700229e+00 4.845257e-01 5.215703e+00 : 2.999994e+00 9.208633e-01 2.079131e+00
5635 : 29145/214130=1.361089e-01 15 : 448751/1713040=2.619618e-01 112 : 5.700225e+00 4.845120e-01 5.215713e+00 : 2.999994e+00 9.209700e-01 2.079024e+00
5655 : 29243/214890=1.360836e-01 15 : 450312/1719120=2.619433e-01 112 : 5.700226e+00 4.844045e-01 5.215821e+00 : 2.999995e+00 9.208784e-01 2.079116e+00
5675 : 29336/215650=1.360352e-01 15 : 451866/1725200=2.619209e-01 112 : 5.700226e+00 4.842818e-01 5.215945e+00 : 2.999995e+00 9.208395e-01 2.079155e+00
5695 : 29434/216410=1.360104e-01 15 : 453491/1731280=2.619397e-01 112 : 5.700229e+00 4.842807e-01 5.215949e+00 : 2.999994e+00 9.208266e-01 2.079168e+00
5715 : 29523/217170=1.359442e-01 15 : 455111/1737360=2.619555e-01 112 : 5.700230e+00 4.841868e-01 5.216043e+00 : 2.999995e+00 9.208547e-01 2.079140e+00
5735 : 29613/217930=1.358831e-01 15 : 456727/1743440=2.619689e-01 112 : 5.700229e+00 4.841226e-01 5.216106e+00 : 2.999995e+00 9.208496e-01 2.079145e+00
5755 : 29700/218690=1.358087e-01 15 : 458306/1749520=2.619610e-01 112 : 5.700231e+00 4.839503e-01 5.216280e+00 : 2.999994e+00 9.208096e-01 2.079185e+00
5775 : 29793/219450=1.357621e-01 15 : 459919/1755600=2.619725e-01 112 : 5.700228e+00 4.839205e-01 5.216307e+00 : 2.999994e+00 9.208563e-01 2.079138e+00
5795 : 29903/220210=1.357931e-01 15 : 461479/1761680=2.619539e-01 112 : 5.700227e+00 4.839948e-01 5.216233e+00 : 2.999994e+00 9.208232e-01 2.079171e+00
5815 : 30007/220970=1.357967e-01 15 : 463029/1767760=2.619298e-01 112 : 5.700224e+00 4.839975e-01 5.216226e+00 : 2.999994e+00 9.207747e-01 2.079220e+00
5835 : 30110/221730=1.357958e-01 15 : 464649/1773840=2.619453e-01 112 : 5.700228e+00 4.839826e-01 5.216245e+00 : 2.999995e+00 9.208039e-01 2.079191e+00
5855 : 30201/222490=1.357409e-01 15 : 466302/1779920=2.619792e-01 112 : 5.700228e+00 4.838577e-01 5.216370e+00 : 2.999994e+00 9.208951e-01 2.079099e+00
5875 : 30303/223250=1.357357e-01 15 : 467861/1786000=2.619602e-01 112 : 5.700229e+00 4.838610e-01 5.216368e+00 : 2.999994e+00 9.208320e-01 2.079162e+00
5895 : 30423/224010=1.358109e-01 15 : 469420/1792080=2.619414e-01 112 : 5.700228e+00 4.840013e-01 5.216227e+00 : 2.999994e+00 9.208118e-01 2.079183e+00
5915 : 30513/224770=1.357521e-01 15 : 471073/1798160=2.619750e-01 112 : 5.700232e+00 4.838815e-01 5.216350e+00 : 2.999995e+00 9.208750e-01 2.079120e+00
5935 : 30613/225530=1.357380e-01 15 : 472703/1804240=2.619956e-01 112 : 5.700236e+00 4.838059e-01 5.216430e+00 : 2.999995e+00 9.209215e-01 2.079073e+00
5955 : 30733/226290=1.358125e-01 15 : 474204/1810320=2.619448e-01 112 : 5.700238e+00 4.839865e-01 5.216251e+00 : 2.999995e+00 9.207929e-01 2.079202e+00
5975 : 30824/227050=1.357586e-01 15 : 475760/1816400=2.619247e-01 112 : 5.700235e+00 4.838385e-01 5.216397e+00 : 2.999995e+00 9.207229e-01 2.079272e+00
5995 : 30931/227810=1.357754e-01 15 : 477372/1822480=2.619354e-01 112 : 5.700232e+00 4.838634e-01 5.216369e+00 : 2.999995e+00 9.207849e-01 2.079210e+00
6015 : 31027/228570=1.357440e-01 15 : 479007/1828560=2.619586e-01 112 : 5.700238e+00 4.837943e-01 5.216443e+00 : 2.999995e+00 9.208234e-01 2.079172e+00
6035 : 31142/229330=1.357956e-01 15 : 480601/1834640=2.619593e-01 112 : 5.700244e+00 4.839022e-01 5.216342e+00 : 2.999995e+00 9.208427e-01 2.079152e+00
6056 : 31239/230128=1.357462e-01 15 : 482218/1841024=2.619292e-01 112 : 5.700244e+00 4.838079e-01 5.216436e+00 : 2.999995e+00 9.208310e-01 2.079164e+00
6076 : 31354/230888=1.357974e-01 15 : 483841/1847104=2.619457e-01 112 : 5.700247e+00 4.838976e-01 5.216349e+00 : 2.999995e+00 9.208386e-01 2.079157e+00
6096 : 31449/231648=1.357620e-01 15 : 485471/1853184=2.619659e-01 112 : 5.700247e+00 4.838353e-01 5.216412e+00 : 2.999995e+00 9.208848e-01 2.079110e+00
6116 : 31558/232408=1.357871e-01 15 : 487091/1859264=2.619805e-01 112 : 5.700250e+00 4.838805e-01 5.216370e+00 : 2.999995e+00 9.209174e-01 2.079078e+00
6136 : 31652/233168=1.357476e-01 15 : 488704/1865344=2.619914e-01 112 : 5.700253e+00 4.837995e-01 5.216454e+00 : 2.999995e+00 9.209273e-01 2.079068e+00
6156 : 31755/233928=1.357469e-01 15 : 490282/1871424=2.619834e-01 112 : 5.700255e+00 4.837946e-01 5.216461e+00 : 2.999995e+00 9.209052e-01 2.079090e+00
6176 : 31849/234688=1.357078e-01 15 : 491907/1877504=2.620005e-01 112 : 5.700258e+00 4.837260e-01 5.216532e+00 : 2.999995e+00 9.209864e-01 2.079009e+00
6196 : 31943/235448=1.356690e-01 15 : 493532/1883584=2.620175e-01 112 : 5.700260e+00 4.836431e-01 5.216617e+00 : 2.999995e+00 9.209935e-01 2.079002e+00
6216 : 32054/236208=1.357024e-01 15 : 495099/1889664=2.620037e-01 112 : 5.700263e+00 4.837437e-01 5.216520e+00 : 2.999995e+00 9.209750e-01 2.079020e+00
6236 : 32151/236968=1.356765e-01 15 : 496731/1895744=2.620243e-01 112 : 5.700265e+00 4.837049e-01 5.216560e+00 : 2.999995e+00 9.209644e-01 2.079030e+00
6256 : 32259/237728=1.356971e-01 15 : 498294/1901824=2.620085e-01 112 : 5.700271e+00 4.837708e-01 5.216500e+00 : 2.999995e+00 9.209540e-01 2.079041e+00
6276 : 32349/238488=1.356420e-01 15 : 499867/1907904=2.619980e-01 112 : 5.700275e+00 4.836269e-01 5.216648e+00 : 2.999995e+00 9.209160e-01 2.079079e+00
6296 : 32459/239248=1.356709e-01 15 : 501382/1913984=2.619573e-01 112 : 5.700274e+00 4.837148e-01 5.216560e+00 : 2.999995e+00 9.208223e-01 2.079173e+00
6316 : 32545/240008=1.355996e-01 15 : 502900/1920064=2.619184e-01 112 : 5.700277e+00 4.835500e-01 5.216727e+00 : 2.999995e+00 9.207380e-01 2.079257e+00
6336 : 32656/240768=1.356326e-01 15 : 504496/1926144=2.619202e-01 112 : 5.700275e+00 4.836059e-01 5.216669e+00 : 2.999995e+00 9.207564e-01 2.079238e+00
6356 : 32753/241528=1.356075e-01 15 : 506186/1932224=2.619707e-01 112 : 5.700275e+00 4.835764e-01 5.216699e+00 : 2.999995e+00 9.208542e-01 2.079141e+00
6376 : 32848/242288=1.355742e-01 15 : 507740/1938304=2.619507e-01 112 : 5.700274e+00 4.834742e-01 5.216800e+00 : 2.999995e+00 9.207816e-01 2.079213e+00
6396 : 32942/243048=1.355370e-01 15 : 509335/1944384=2.619519e-01 112 : 5.700271e+00 4.834157e-01 5.216855e+00 : 2.999995e+00 9.207687e-01 2.079226e+00
6416 : 33052/243808=1.355657e-01 15 : 510937/1950464=2.619566e-01 112 : 5.700274e+00 4.834785e-01 5.216796e+00 : 2.999994e+00 9.207300e-01 2.079264e+00
6436 : 33135/244568=1.354838e-01 15 : 512498/1956544=2.619404e-01 112 : 5.700275e+00 4.833071e-01 5.216968e+00 : 2.999994e+00 9.207224e-01 2.079272e+00
6457 : 33235/245366=1.354507e-01 15 : 514160/1962928=2.619352e-01 112 : 5.700278e+00 4.832374e-01 5.217041e+00 : 2.999995e+00 9.207223e-01 2.079272e+00
6477 : 33334/246126=1.354347e-01 15 : 515792/1969008=2.619553e-01 112 : 5.700280e+00 4.832246e-01 5.217055e+00 : 2.999994e+00 9.207562e-01 2.079238e+00
6497 : 33430/246886=1.354066e-01 15 : 517303/1975088=2.619139e-01 112 : 5.700278e+00 4.831802e-01 5.217098e+00 : 2.999995e+00 9.206937e-01 2.079301e+00
6517 : 33539/247646=1.354312e-01 15 : 518836/1981168=2.618839e-01 112 : 5.700280e+00 4.832390e-01 5.217041e+00 : 2.999994e+00 9.206617e-01 2.079333e+00
6537 : 33646/248406=1.354476e-01 15 : 520422/1987248=2.618808e-01 112 : 5.700280e+00 4.832953e-01 5.216984e+00 : 2.999994e+00 9.206636e-01 2.079331e+00
6557 : 33755/249166=1.354719e-01 15 : 522019/1993328=2.618831e-01 112 : 5.700280e+00 4.833514e-01 5.216928e+00 : 2.999994e+00 9.207029e-01 2.079291e+00
6577 : 33849/249926=1.354361e-01 15 : 523575/1999408=2.618650e-01 112 : 5.700279e+00 4.832479e-01 5.217031e+00 : 2.999994e+00 9.206948e-01 2.079299e+00
6597 : 33937/250686=1.353765e-01 15 : 525182/2005488=2.618724e-01 112 : 5.700280e+00 4.831207e-01 5.217160e+00 : 2.999994e+00 9.207048e-01 2.079289e+00
6617 : 34052/251446=1.354247e-01 15 : 526788/2011568=2.618793e-01 112 : 5.700283e+00 4.832015e-01 5.217081e+00 : 2.999994e+00 9.207434e-01 2.079251e+00
6637 : 34146/252206=1.353893e-01 15 : 528372/2017648=2.618752e-01 112 : 5.700281e+00 4.831294e-01 5.217151e+00 : 2.999994e+00 9.207774e-01 2.079217e+00
6657 : 34252/252966=1.354016e-01 15 : 529983/2023728=2.618845e-01 112 : 5.700278e+00 4.831428e-01 5.217135e+00 : 2.999994e+00 9.207865e-01 2.079208e+00
6677 : 34357/253726=1.354099e-01 15 : 531557/2029808=2.618755e-01 112 : 5.700279e+00 4.831829e-01 5.217096e+00 : 2.999994e+00 9.207432e-01 2.079251e+00
6697 : 34453/254486=1.353827e-01 15 : 533155/2035888=2.618784e-01 112 : 5.700278e+00 4.831211e-01 5.217157e+00 : 2.999994e+00 9.207563e-01 2.079238e+00
6717 : 34544/255246=1.353361e-01 15 : 534808/2041968=2.619081e-01 112 : 5.700279e+00 4.829964e-01 5.217282e+00 : 2.999994e+00 9.208086e-01 2.079185e+00
6737 : 34646/256006=1.353328e-01 15 : 536371/2048048=2.618938e-01 112 : 5.700280e+00 4.830018e-01 5.217279e+00 : 2.999994e+00 9.207977e-01 2.079196e+00
6757 : 34753/256766=1.353489e-01 15 : 537991/2054128=2.619072e-01 112 : 5.700282e+00 4.829783e-01 5.217304e+00 : 2.999994e+00 9.208144e-01 2.079179e+00
6777 : 34854/257526=1.353417e-01 15 : 539650/2060208=2.619396e-01 112 : 5.700282e+00 4.829526e-01 5.217329e+00 : 2.999994e+00 9.208612e-01 2.079133e+00
6797 : 34955/258286=1.353345e-01 15 : 541232/2066288=2.619344e-01 112 : 5.700282e+00 4.829372e-01 5.217345e+00 : 2.999994e+00 9.208444e-01 2.079150e+00
6818 : 35053/259084=1.352959e-01 15 : 542937/2072672=2.619503e-01 112 : 5.700282e+00 4.828540e-01 5.217428e+00 : 2.999994e+00 9.208927e-01 2.079101e+00
6838 : 35141/259844=1.352388e-01 15 : 544490/2078752=2.619312e-01 112 : 5.700281e+00 4.827348e-01 5.217546e+00 : 2.999994e+00 9.208553e-01 2.079139e+00
6858 : 35239/260604=1.352205e-01 15 : 546056/2084832=2.619185e-01 112 : 5.700281e+00 4.826697e-01 5.217611e+00 : 2.999994e+00 9.208553e-01 2.079139e+00
6878 : 35345/261364=1.352329e-01 15 : 547655/2090912=2.619216e-01 112 : 5.700281e+00 4.826943e-01 5.217587e+00 : 2.999994e+00 9.208707e-01 2.079124e+00
6898 : 35441/262124=1.352070e-01 15 : 549269/2096992=2.619319e-01 112 : 5.700278e+00 4.826143e-01 5.217664e+00 : 2.999994e+00 9.208819e-01 2.079113e+00
6918 : 35543/262884=1.352041e-01 15 : 550886/2103072=2.619435e-01 112 : 5.700278e+00 4.826630e-01 5.217615e+00 : 2.999994e+00 9.208867e-01 2.079108e+00
6938 : 35657/263644=1.352468e-01 15 : 552502/2109152=2.619546e-01 112 : 5.700282e+00 4.827675e-01 5.217515e+00 : 2.999994e+00 9.209246e-01 2.079070e+00
6958 : 35744/264404=1.351871e-01 15 : 554171/2115232=2.619906e-01 112 : 5.700280e+00 4.826172e-01 5.217663e+00 : 2.999994e+00 9.209412e-01 2.079053e+00
6978 : 35848/265164=1.351918e-01 15 : 555777/2121312=2.619968e-01 112 : 5.700277e+00 4.826108e-01 5.217666e+00 : 2.999994e+00 9.209235e-01 2.079071e+00
6998 : 35952/265924=1.351965e-01 15 : 557310/2127392=2.619686e-01 112 : 5.700281e+00 4.826450e-01 5.217636e+00 : 2.999995e+00 9.208662e-01 2.079128e+00
7018 : 36052/266684=1.351862e-01 15 : 558902/2133472=2.619683e-01 112 : 5.700281e+00 4.826059e-01 5.217675e+00 : 2.999995e+00 9.208422e-01 2.079152e+00
7038 : 36166/267444=1.352283e-01 15 : 560481/2139552=2.619618e-01 112 : 5.700281e+00 4.826851e-01 5.217596e+00 : 2.999995e+00 9.208076e-01 2.079187e+00
7058 : 36269/268204=1.352292e-01 15 : 562098/2145632=2.619732e-01 112 : 5.700283e+00 4.826528e-01 5.217630e+00 : 2.999995e+00 9.208063e-01 2.079188e+00
7078 : 36366/268964=1.352077e-01 15 : 563655/2151712=2.619565e-01 112 : 5.700284e+00 4.825885e-01 5.217695e+00 : 2.999995e+00 9.207613e-01 2.079233e+00
7098 : 36461/269724=1.351789e-01 15 : 565212/2157792=2.619400e-01 112 : 5.700287e+00 4.825201e-01 5.217767e+00 : 2.999995e+00 9.207290e-01 2.079266e+00
7118 : 36553/270484=1.351392e-01 15 : 566847/2163872=2.619596e-01 112 : 5.700287e+00 4.824301e-01 5.217856e+00 : 2.999995e+00 9.207650e-01 2.079230e+00
7138 : 36670/271244=1.351919e-01 15 : 568445/2169952=2.619620e-01 112 : 5.700284e+00 4.825345e-01 5.217750e+00 : 2.999995e+00 9.207540e-01 2.079241e+00
7158 : 36766/272004=1.351671e-01 15 : 570068/2176032=2.619759e-01 112 : 5.700284e+00 4.824974e-01 5.217786e+00 : 2.999995e+00 9.207921e-01 2.079203e+00
7178 : 36884/272764=1.352231e-01 15 : 571687/2182112=2.619879e-01 112 : 5.700285e+00 4.826333e-01 5.217651e+00 : 2.999995e+00 9.207973e-01 2.079198e+00
7198 : 36979/273524=1.351947e-01 15 : 573272/2188192=2.619843e-01 112 : 5.700283e+00 4.825797e-01 5.217704e+00 : 2.999995e+00 9.207737e-01 2.079221e+00
7218 : 37095/274284=1.352430e-01 15 : 574831/2194272=2.619689e-01 112 : 5.700287e+00 4.826847e-01 5.217602e+00 : 2.999995e+00 9.207606e-01 2.079234e+00
7238 : 37209/275044=1.352838e-01 15 : 576471/2200352=2.619904e-01 112 : 5.700290e+00 4.827916e-01 5.217498e+00 : 2.999995e+00 9.208020e-01 2.079193e+00
7258 : 37304/275804=1.352555e-01 15 : 578080/2206432=2.619977e-01 112 : 5.700288e+00 4.827467e-01 5.217542e+00 : 2.999995e+00 9.208144e-01 2.079181e+00
7278 : 37402/276564=1.352381e-01 15 : 579688/2212512=2.620045e-01 112 : 5.700286e+00 4.827273e-01 5.217559e+00 : 2.999995e+00 9.208371e-01 2.079158e+00
7298 : 37493/277324=1.351957e-01 15 : 581296/2218592=2.620112e-01 112 : 5.700290e+00 4.826525e-01 5.217637e+00 : 2.999995e+00 9.208264e-01 2.079169e+00
7318 : 37588/278084=1.351678e-01 15 : 582891/2224672=2.620121e-01 112 : 5.700292e+00 4.825770e-01 5.217715e+00 : 2.999995e+00 9.208387e-01 2.079157e+00
7338 : 37703/278844=1.352118e-01 15 : 584477/2230752=2.620090e-01 112 : 5.700289e+00 4.827199e-01 5.217569e+00 : 2.999995e+00 9.208307e-01 2.079164e+00
7358 : 37815/279604=1.352448e-01 15 : 586100/2236832=2.620224e-01 112 : 5.700293e+00 4.827816e-01 5.217511e+00 : 2.999995e+00 9.208661e-01 2.079129e+00
7378 : 37928/280364=1.352813e-01 15 : 587687/2242912=2.620196e-01 112 : 5.700291e+00 4.828046e-01 5.217486e+00 : 2.999995e+00 9.208656e-01 2.079130e+00
7398 : 38037/281124=1.353033e-01 15 : 589251/2248992=2.620067e-01 112 : 5.700292e+00 4.828530e-01 5.217439e+00 : 2.999995e+00 9.208064e-01 2.079189e+00
7418 : 38143/281884=1.353145e-01 15 : 590865/2255072=2.620160e-01 112 : 5.700295e+00 4.828898e-01 5.217406e+00 : 2.999995e+00 9.208319e-01 2.079164e+00
7438 : 38231/282644=1.352620e-01 15 : 592486/2261152=2.620284e-01 112 : 5.700297e+00 4.827668e-01 5.217531e+00 : 2.999996e+00 9.208482e-01 2.079148e+00
7458 : 38316/283404=1.351992e-01 15 : 594085/2267232=2.620310e-01 112 : 5.700299e+00 4.826816e-01 5.217617e+00 : 2.999996e+00 9.208570e-01 2.079139e+00
7478 : 38422/284164=1.352107e-01 15 : 595680/2273312=2.620318e-01 112 : 5.700298e+00 4.827332e-01 5.217564e+00 : 2.999996e+00 9.208761e-01 2.079120e+00
7498 : 38536/284924=1.352501e-01 15 : 597319/2279392=2.620519e-01 112 : 5.700300e+00 4.828382e-01 5.217461e+00 : 2.999996e+00 9.208703e-01 2.079126e+00
7518 : 38640/285684=1.352543e-01 15 : 598879/2285472=2.620373e-01 112 : 5.700299e+00 4.828133e-01 5.217486e+00 : 2.999996e+00 9.208387e-01 2.079157e+00
7538 : 38739/286444=1.352411e-01 15 : 600478/2291552=2.620399e-01 112 : 5.700299e+00 4.827800e-01 5.217519e+00 : 2.999996e+00 9.208329e-01 2.079163e+00
7558 : 38854/287204=1.352836e-01 15 : 602081/2297632=2.620441e-01 112 : 5.700303e+00 4.828810e-01 5.217422e+00 : 2.999996e+00 9.208399e-01 2.079156e+00
7578 : 38949/287964=1.352565e-01 15 : 603715/2303712=2.620618e-01 112 : 5.700301e+00 4.828678e-01 5.217433e+00 : 2.999996e+00 9.208764e-01 2.079120e+00
7598 : 39050/288724=1.352503e-01 15 : 605311/2309792=2.620630e-01 112 : 5.700298e+00 4.828456e-01 5.217453e+00 : 2.999996e+00 9.208347e-01 2.079162e+00
7618 : 39151/289484=1.352441e-01 15 : 606983/2315872=2.620970e-01 112 : 5.700295e+00 4.828096e-01 5.217486e+00 : 2.999997e+00 9.209418e-01 2.079055e+00
7638 : 39275/290244=1.353172e-01 15 : 608603/2321952=2.621083e-01 112 : 5.700296e+00 4.829631e-01 5.217333e+00 : 2.999997e+00 9.209778e-01 2.079019e+00
7658 : 39373/291004=1.353005e-01 15 : 610209/2328032=2.621137e-01 112 : 5.700296e+00 4.829378e-01 5.217358e+00 : 2.999997e+00 9.209473e-01 2.079049e+00
7678 : 39471/291764=1.352840e-01 15 : 611828/2334112=2.621245e-01 112 : 5.700296e+00 4.828841e-01 5.217412e+00 : 2.999997e+00 9.209735e-01 2.079023e+00
7699 : 39582/292562=1.352944e-01 15 : 613533/2340496=2.621380e-01 112 : 5.700295e+00 4.828845e-01 5.217411e+00 : 2.999996e+00 9.209857e-01 2.079011e+00
7719 : 39690/293322=1.353120e-01 15 : 615162/2346576=2.621530e-01 112 : 5.700296e+00 4.829049e-01 5.217391e+00 : 2.999997e+00 9.210333e-01 2.078963e+00
7739 : 39787/294082=1.352922e-01 15 : 616825/2352656=2.621824e-01 112 : 5.700296e+00 4.828416e-01 5.217454e+00 : 2.999996e+00 9.210924e-01 2.078904e+00
7759 : 39897/294842=1.353165e-01 15 : 618378/2358736=2.621650e-01 112 : 5.700298e+00 4.828890e-01 5.217409e+00 : 2.999996e+00 9.210585e-01 2.078938e+00
7779 : 39999/295602=1.353137e-01 15 : 619986/2364816=2.621709e-01 112 : 5.700300e+00 4.828955e-01 5.217404e+00 : 2.999997e+00 9.211105e-01 2.078886e+00
7799 : 40122/296362=1.353817e-01 15 : 621496/2370896=2.621355e-01 112 : 5.700305e+00 4.830240e-01 5.217281e+00 : 2.999997e+00 9.210236e-01 2.078973e+00
7819 : 40231/297122=1.354023e-01 15 : 623080/2376976=2.621314e-01 112 : 5.700307e+00 4.830442e-01 5.217262e+00 : 2.999997e+00 9.210020e-01 2.078995e+00
7839 : 40327/297882=1.353791e-01 15 : 624640/2383056=2.621172e-01 112 : 5.700308e+00 4.830168e-01 5.217291e+00 : 2.999997e+00 9.209795e-01 2.079017e+00
7859 : 40457/298642=1.354699e-01 15 : 626255/2389136=2.621261e-01 112 : 5.700303e+00 4.832125e-01 5.217091e+00 : 2.999996e+00 9.209956e-01 2.079001e+00
7879 : 40570/299402=1.355034e-01 15 : 627849/2395216=2.621263e-01 112 : 5.700302e+00 4.832792e-01 5.217022e+00 : 2.999996e+00 9.209835e-01 2.079013e+00
7899 : 40675/300162=1.355102e-01 15 : 629428/2401296=2.621201e-01 112 : 5.700301e+00 4.832765e-01 5.217025e+00 : 2.999997e+00 9.209735e-01 2.079023e+00
7919 : 40772/300922=1.354903e-01 15 : 630986/2407376=2.621053e-01 112 : 5.700301e+00 4.832183e-01 5.217082e+00 : 2.999997e+00 9.209220e-01 2.079075e+00
7939 : 40863/301682=1.354506e-01 15 : 632563/2413456=2.620984e-01 112 : 5.700300e+00 4.831706e-01 5.217130e+00 : 2.999997e+00 9.208785e-01 2.079118e+00
7959 : 40958/302442=1.354243e-01 15 : 634168/2419536=2.621031e-01 112 : 5.700301e+00 4.831161e-01 5.217185e+00 : 2.999996e+00 9.209031e-01 2.079093e+00
7979 : 41049/303202=1.353850e-01 15 : 635746/2425616=2.620967e-01 112 : 5.700304e+00 4.830301e-01 5.217274e+00 : 2.999996e+00 9.209067e-01 2.079090e+00
7999 : 41150/303962=1.353788e-01 15 : 637383/2431696=2.621146e-01 112 : 5.700306e+00 4.829795e-01 5.217327e+00 : 2.999996e+00 9.209545e-01 2.079042e+00
8019 : 41253/304722=1.353791e-01 15 : 638986/2437776=2.621184e-01 112 : 5.700310e+00 4.829897e-01 5.217321e+00 : 2.999996e+00 9.209471e-01 2.079049e+00
8039 : 41350/305482=1.353599e-01 15 : 640565/2443856=2.621124e-01 112 : 5.700308e+00 4.829569e-01 5.217351e+00 : 2.999997e+00 9.209165e-01 2.079080e+00
8059 : 41467/306242=1.354060e-01 15 : 642173/2449936=2.621183e-01 112 : 5.700309e+00 4.830738e-01 5.217235e+00 : 2.999997e+00 9.209151e-01 2.079082e+00
8079 : 41563/307002=1.353835e-01 15 : 643769/2456016=2.621192e-01 112 : 5.700312e+00 4.830405e-01 5.217271e+00 : 2.999997e+00 9.209386e-01 2.079058e+00
8099 : 41649/307762=1.353286e-01 15 : 645364/2462096=2.621198e-01 112 : 5.700313e+00 4.828815e-01 5.217432e+00 : 2.999997e+00 9.209054e-01 2.079091e+00
8119 : 41742/308522=1.352967e-01 15 : 646957/2468176=2.621195e-01 112 : 5.700310e+00 4.827828e-01 5.217527e+00 : 2.999997e+00 9.209550e-01 2.079042e+00
8139 : 41836/309282=1.352681e-01 15 : 648500/2474256=2.620990e-01 112 : 5.700311e+00 4.827126e-01 5.217598e+00 : 2.999997e+00 9.209084e-01 2.079088e+00
8159 : 41951/310042=1.353075e-01 15 : 650011/2480336=2.620657e-01 112 : 5.700311e+00 4.827707e-01 5.217540e+00 : 2.999996e+00 9.208512e-01 2.079145e+00
8179 : 42050/310802=1.352951e-01 15 : 651539/2486416=2.620394e-01 112 : 5.700312e+00 4.827570e-01 5.217555e+00 : 2.999997e+00 9.208303e-01 2.079166e+00
8199 : 42149/311562=1.352829e-01 15 : 653082/2492496=2.620193e-01 112 : 5.700315e+00 4.827292e-01 5.217586e+00 : 2.999997e+00 9.207858e-01 2.079211e+00
8219 : 42248/312322=1.352707e-01 15 : 654738/2498576=2.620445e-01 112 : 5.700316e+00 4.827218e-01 5.217594e+00 : 2.999997e+00 9.208213e-01 2.079175e+00
8239 : 42350/313082=1.352681e-01 15 : 656379/2504656=2.620635e-01 112 : 5.700315e+00 4.827053e-01 5.217610e+00 : 2.999997e+00 9.208679e-01 2.079129e+00
8259 : 42462/313842=1.352974e-01 15 : 657948/2510736=2.620538e-01 112 : 5.700314e+00 4.827865e-01 5.217527e+00 : 2.999997e+00 9.208633e-01 2.079133e+00
8279 : 42532/314602=1.351930e-01 15 : 659509/2516816=2.620410e-01 112 : 5.700315e+00 4.825775e-01 5.217738e+00 : 2.999997e+00 9.208262e-01 2.079170e+00
8299 : 42628/315362=1.351716e-01 15 : 661143/2522896=2.620572e-01 112 : 5.700315e+00 4.824994e-01 5.217815e+00 : 2.999997e+00 9.208110e-01 2.079186e+00
8319 : 42744/316122=1.352136e-01 15 : 662778/2528976=2.620737e-01 112 : 5.700314e+00 4.825818e-01 5.217732e+00 : 2.999997e+00 9.207911e-01 2.079206e+00
8339 : 42825/316882=1.351449e-01 15 : 664307/2535056=2.620483e-01 112 : 5.700314e+00 4.824242e-01 5.217890e+00 : 2.999997e+00 9.207692e-01 2.079227e+00
8359 : 42930/317642=1.351522e-01 15 : 665905/2541136=2.620501e-01 112 : 5.700313e+00 4.824217e-01 5.217891e+00 : 2.999997e+00 9.207641e-01 2.079233e+00
8379 : 43042/318402=1.351813e-01 15 : 667466/2547216=2.620375e-01 112 : 5.700313e+00 4.824808e-01 5.217832e+00 : 2.999997e+00 9.207364e-01 2.079260e+00
8399 : 43131/319162=1.351383e-01 15 : 669027/2553296=2.620248e-01 112 : 5.700312e+00 4.824086e-01 5.217904e+00 : 2.999997e+00 9.207437e-01 2.079253e+00
8419 : 43228/319922=1.351204e-01 15 : 670675/2559376=2.620463e-01 112 : 5.700314e+00 4.823387e-01 5.217975e+00 : 2.999996e+00 9.207613e-01 2.079235e+00
8439 : 43347/320682=1.351713e-01 15 : 672275/2565456=2.620489e-01 112 : 5.700315e+00 4.824433e-01 5.217872e+00 : 2.999996e+00 9.207742e-01 2.079222e+00
8459 : 43432/321442=1.351161e-01 15 : 673853/2571536=2.620430e-01 112 : 5.700316e+00 4.823262e-01 5.217989e+00 : 2.999996e+00 9.207689e-01 2.079228e+00
8479 : 43545/322202=1.351481e-01 15 : 675416/2577616=2.620313e-01 112 : 5.700319e+00 4.824266e-01 5.217893e+00 : 2.999997e+00 9.207280e-01 2.079269e+00
8499 : 43638/322962=1.351181e-01 15 : 677043/2583696=2.620444e-01 112 : 5.700320e+00 4.823904e-01 5.217930e+00 : 2.999997e+00 9.207523e-01 2.079244e+00
8519 : 43751/323722=1.351499e-01 15 : 678600/2589776=2.620304e-01 112 : 5.700320e+00 4.824585e-01 5.217861e+00 : 2.999997e+00 9.207233e-01 2.079273e+00
8539 : 43849/324482=1.351354e-01 15 : 680207/2595856=2.620357e-01 112 : 5.700319e+00 4.824236e-01 5.217895e+00 : 2.999997e+00 9.207490e-01 2.079248e+00
8559 : 43935/325242=1.350840e-01 15 : 681832/2601936=2.620480e-01 112 : 5.700319e+00 4.823080e-01 5.218011e+00 : 2.999997e+00 9.207544e-01 2.079242e+00
8579 : 44032/326002=1.350667e-01 15 : 683436/2608016=2.620521e-01 112 : 5.700319e+00 4.822919e-01 5.218027e+00 : 2.999997e+00 9.207577e-01 2.079239e+00
8599 : 44140/326762=1.350830e-01 15 : 685055/2614096=2.620619e-01 112 : 5.700322e+00 4.823247e-01 5.217997e+00 : 2.999997e+00 9.208015e-01 2.079195e+00
8619 : 44233/327522=1.350535e-01 15 : 686689/2620176=2.620774e-01 112 : 5.700323e+00 4.822450e-01 5.218078e+00 : 2.999997e+00 9.208204e-01 2.079176e+00
8639 : 44341/328282=1.350698e-01 15 : 688272/2626256=2.620735e-01 112 : 5.700322e+00 4.822955e-01 5.218027e+00 : 2.999997e+00 9.208055e-01 2.079191e+00
8659 : 44442/329042=1.350648e-01 15 : 689817/2632336=2.620551e-01 112 : 5.700320e+00 4.822691e-01 5.218051e+00 : 2.999997e+00 9.207931e-01 2.079204e+00
8679 : 44540/329802=1.350507e-01 15 : 691367/2638416=2.620387e-01 112 : 5.700320e+00 4.822327e-01 5.218088e+00 : 2.999997e+00 9.207651e-01 2.079232e+00
8700 : 44662/330600=1.350938e-01 15 : 693037/2644800=2.620376e-01 112 : 5.700321e+00 4.823276e-01 5.217993e+00 : 2.999997e+00 9.207725e-01 2.079224e+00
8720 : 44755/331360=1.350646e-01 15 : 694636/2650880=2.620398e-01 112 : 5.700322e+00 4.822715e-01 5.218050e+00 : 2.999997e+00 9.207936e-01 2.079203e+00
8740 : 44876/332120=1.351198e-01 15 : 696213/2656960=2.620337e-01 112 : 5.700321e+00 4.824184e-01 5.217903e+00 : 2.999997e+00 9.207686e-01 2.079228e+00
8760 : 44978/332880=1.351178e-01 15 : 697776/2663040=2.620224e-01 112 : 5.700318e+00 4.823829e-01 5.217935e+00 : 2.999997e+00 9.207746e-01 2.079222e+00
8780 : 45069/333640=1.350827e-01 15 : 699404/2669120=2.620354e-01 112 : 5.700316e+00 4.822924e-01 5.218024e+00 : 2.999997e+00 9.208016e-01 2.079195e+00
8800 : 45175/334400=1.350927e-01 15 : 701043/2675200=2.620526e-01 112 : 5.700318e+00 4.823246e-01 5.217993e+00 : 2.999997e+00 9.208246e-01 2.079172e+00
8820 : 45286/335160=1.351176e-01 15 : 702634/2681280=2.620517e-01 112 : 5.700317e+00 4.823905e-01 5.217927e+00 : 2.999997e+00 9.208185e-01 2.079179e+00
8840 : 45367/335920=1.350530e-01 15 : 704271/2687360=2.620680e-01 112 : 5.700316e+00 4.822548e-01 5.218062e+00 : 2.999997e+00 9.208501e-01 2.079147e+00
8860 : 45473/336680=1.350630e-01 15 : 705920/2693440=2.620886e-01 112 : 5.700319e+00 4.822996e-01 5.218019e+00 : 2.999997e+00 9.208823e-01 2.079115e+00
8880 : 45585/337440=1.350907e-01 15 : 707516/2699520=2.620896e-01 112 : 5.700319e+00 4.823492e-01 5.217970e+00 : 2.999997e+00 9.208860e-01 2.079111e+00
8900 : 45689/338200=1.350946e-01 15 : 709106/2705600=2.620883e-01 112 : 5.700319e+00 4.823631e-01 5.217956e+00 : 2.999997e+00 9.209135e-01 2.079084e+00
8920 : 45779/338960=1.350572e-01 15 : 710730/2711680=2.620995e-01 112 : 5.700321e+00 4.822828e-01 5.218038e+00 : 2.999997e+00 9.209311e-01 2.079066e+00
8940 : 45897/339720=1.351024e-01 15 : 712339/2717760=2.621052e-01 112 : 5.700320e+00 4.823916e-01 5.217928e+00 : 2.999997e+00 9.209939e-01 2.079003e+00
8960 : 46002/340480=1.351093e-01 15 : 713898/2723840=2.620925e-01 112 : 5.700322e+00 4.824028e-01 5.217919e+00 : 2.999997e+00 9.209783e-01 2.079019e+00
8980 : 46108/341240=1.351190e-01 15 : 715472/2729920=2.620853e-01 112 : 5.700323e+00 4.824335e-01 5.217890e+00 : 2.999997e+00 9.209613e-01 2.079036e+00
9000 : 46208/342000=1.351111e-01 15 : 717010/2736000=2.620651e-01 112 : 5.700324e+00 4.824177e-01 5.217906e+00 : 2.999997e+00 9.209126e-01 2.079085e+00
9020 : 46307/342760=1.351004e-01 15 : 718555/2742080=2.620474e-01 112 : 5.700322e+00 4.823749e-01 5.217947e+00 : 2.999998e+00 9.208869e-01 2.079111e+00
9040 : 46414/343520=1.351129e-01 15 : 720120/2748160=2.620371e-01 112 : 5.700322e+00 4.824280e-01 5.217894e+00 : 2.999997e+00 9.208938e-01 2.079104e+00
9060 : 46522/344280=1.351284e-01 15 : 721717/2754240=2.620385e-01 112 : 5.700319e+00 4.825074e-01 5.217812e+00 : 2.999997e+00 9.208883e-01 2.079109e+00
9080 : 46622/345040=1.351206e-01 15 : 723324/2760320=2.620435e-01 112 : 5.700318e+00 4.824841e-01 5.217834e+00 : 2.999997e+00 9.208940e-01 2.079103e+00
9100 : 46720/345800=1.351070e-01 15 : 724880/2766400=2.620301e-01 112 : 5.700316e+00 4.824586e-01 5.217858e+00 : 2.999997e+00 9.209041e-01 2.079093e+00
9120 : 46830/346560=1.351281e-01 15 : 726444/2772480=2.620196e-01 112 : 5.700316e+00 4.825023e-01 5.217813e+00 : 2.999998e+00 9.208903e-01 2.079107e+00
9140 : 46949/347320=1.351751e-01 15 : 728054/2778560=2.620257e-01 112 : 5.700313e+00 4.825750e-01 5.217738e+00 : 2.999998e+00 9.209181e-01 2.079079e+00
9160 : 47057/348080=1.351902e-01 15 : 729647/2784640=2.620256e-01 112 : 5.700313e+00 4.826045e-01 5.217709e+00 : 2.999998e+00 9.209045e-01 2.079093e+00
9180 : 47163/348840=1.351995e-01 15 : 731213/2790720=2.620159e-01 112 : 5.700315e+00 4.826297e-01 5.217686e+00 : 2.999998e+00 9.209080e-01 2.079090e+00
9201 : 47271/349638=1.351998e-01 15 : 732837/2797104=2.619985e-01 112 : 5.700319e+00 4.825936e-01 5.217726e+00 : 2.999998e+00 9.208788e-01 2.079119e+00
9221 : 47375/350398=1.352034e-01 15 : 734356/2803184=2.619721e-01 112 : 5.700320e+00 4.826247e-01 5.217696e+00 : 2.999998e+00 9.208220e-01 2.079176e+00
9241 : 47481/351158=1.352126e-01 15 : 735934/2809264=2.619668e-01 112 : 5.700321e+00 4.826633e-01 5.217658e+00 : 2.999998e+00 9.208012e-01 2.079196e+00
9261 : 47578/351918=1.351963e-01 15 : 737515/2815344=2.619627e-01 112 : 5.700322e+00 4.826078e-01 5.217714e+00 : 2.999998e+00 9.207682e-01 2.079229e+00
9281 : 47680/352678=1.351941e-01 15 : 739107/2821424=2.619624e-01 112 : 5.700321e+00 4.826304e-01 5.217691e+00 : 2.999997e+00 9.207969e-01 2.079201e+00
9301 : 47771/353438=1.351609e-01 15 : 740719/2827504=2.619692e-01 112 : 5.700324e+00 4.825348e-01 5.217789e+00 : 2.999997e+00 9.208471e-01 2.079150e+00
9321 : 47866/354198=1.351391e-01 15 : 742356/2833584=2.619848e-01 112 : 5.700326e+00 4.824949e-01 5.217831e+00 : 2.999997e+00 9.208794e-01 2.079118e+00
9341 : 47970/354958=1.351427e-01 15 : 744024/2839664=2.620113e-01 112 : 5.700324e+00 4.824785e-01 5.217846e+00 : 2.999997e+00 9.209290e-01 2.079068e+00
9361 : 48067/355718=1.351267e-01 15 : 745586/2845744=2.620004e-01 112 : 5.700324e+00 4.824567e-01 5.217867e+00 : 2.999997e+00 9.209111e-01 2.079086e+00
9381 : 48166/356478=1.351163e-01 15 : 747192/2851824=2.620049e-01 112 : 5.700323e+00 4.824266e-01 5.217897e+00 : 2.999997e+00 9.208939e-01 2.079103e+00
9401 : 48261/357238=1.350948e-01 15 : 748774/2857904=2.620011e-01 112 : 5.700325e+00 4.823733e-01 5.217952e+00 : 2.999997e+00 9.208874e-01 2.079110e+00
9421 : 48372/357998=1.351181e-01 15 : 750415/2863984=2.620179e-01 112 : 5.700326e+00 4.824291e-01 5.217896e+00 : 2.999997e+00 9.209110e-01 2.079086e+00
9441 : 48465/358758=1.350911e-01 15 : 751955/2870064=2.619994e-01 112 : 5.700326e+00 4.823406e-01 5.217986e+00 : 2.999997e+00 9.208819e-01 2.079115e+00
9461 : 48577/359518=1.351170e-01 15 : 753524/2876144=2.619911e-01 112 : 5.700325e+00 4.824063e-01 5.217919e+00 : 2.999997e+00 9.208630e-01 2.079134e+00
9481 : 48690/360278=1.351456e-01 15 : 755126/2882224=2.619942e-01 112 : 5.700325e+00 4.825094e-01 5.217816e+00 : 2.999997e+00 9.208541e-01 2.079143e+00
9501 : 48786/361038=1.351271e-01 15 : 756702/2888304=2.619884e-01 112 : 5.700326e+00 4.824811e-01 5.217845e+00 : 2.999997e+00 9.208241e-01 2.079173e+00
9521 : 48899/361798=1.351555e-01 15 : 758316/2894384=2.619956e-01 112 : 5.700328e+00 4.825189e-01 5.217809e+00 : 2.999997e+00 9.208708e-01 2.079126e+00
9541 : 49010/362558=1.351784e-01 15 : 759891/2900464=2.619895e-01 112 : 5.700327e+00 4.825508e-01 5.217776e+00 : 2.999997e+00 9.208541e-01 2.079143e+00
9561 : 49126/363318=1.352149e-01 15 : 761525/2906544=2.620036e-01 112 : 5.700326e+00 4.826185e-01 5.217708e+00 : 2.999997e+00 9.208824e-01 2.079115e+00
9581 : 49226/364078=1.352073e-01 15 : 763129/2912624=2.620074e-01 112 : 5.700327e+00 4.826016e-01 5.217725e+00 : 2.999997e+00 9.209004e-01 2.079097e+00
9601 : 49334/364838=1.352217e-01 15 : 764710/2918704=2.620033e-01 112 : 5.700325e+00 4.826378e-01 5.217687e+00 : 2.999997e+00 9.208626e-01 2.079134e+00
9621 : 49429/365598=1.352004e-01 15 : 766299/2924784=2.620019e-01 112 : 5.700324e+00 4.825851e-01 5.217739e+00 : 2.999997e+00 9.208777e-01 2.079119e+00
9642 : 49533/366396=1.351898e-01 15 : 767953/2931168=2.619956e-01 112 : 5.700324e+00 4.825596e-01 5.217764e+00 : 2.999997e+00 9.208888e-01 2.079108e+00
9662 : 49638/367156=1.351959e-01 15 : 769520/2937248=2.619867e-01 112 : 5.700324e+00 4.825582e-01 5.217766e+00 : 2.999997e+00 9.208651e-01 2.079132e+00
9682 : 49749/367916=1.352184e-01 15 : 771109/2943328=2.619854e-01 112 : 5.700326e+00 4.826103e-01 5.217715e+00 : 2.999997e+00 9.208762e-01 2.079121e+00
9702 : 49846/368676=1.352027e-01 15 : 772700/2949408=2.619848e-01 112 : 5.700327e+00 4.825703e-01 5.217757e+00 : 2.999997e+00 9.208751e-01 2.079122e+00
9722 : 49950/369436=1.352061e-01 15 : 774275/2955488=2.619787e-01 112 : 5.700327e+00 4.825716e-01 5.217756e+00 : 2.999997e+00 9.208425e-01 2.079154e+00
9742 : 50057/370196=1.352176e-01 15 : 775885/2961568=2.619845e-01 112 : 5.700326e+00 4.825724e-01 5.217753e+00 : 2.999997e+00 9.208602e-01 2.079137e+00
9762 : 50159/370956=1.352155e-01 15 : 777489/2967648=2.619883e-01 112 : 5.700324e+00 4.825870e-01 5.217737e+00 : 2.999997e+00 9.208657e-01 2.079131e+00
9782 : 50260/371716=1.352108e-01 15 : 779006/2973728=2.619628e-01 112 : 5.700324e+00 4.825862e-01 5.217738e+00 : 2.999997e+00 9.208220e-01 2.079175e+00
9802 : 50350/372476=1.351765e-01 15 : 780568/2979808=2.619524e-01 112 : 5.700322e+00 4.825256e-01 5.217797e+00 : 2.999997e+00 9.208232e-01 2.079174e+00
9822 : 50456/373236=1.351852e-01 15 : 782150/2985888=2.619489e-01 112 : 5.700324e+00 4.825317e-01 5.217793e+00 : 2.999997e+00 9.208276e-01 2.079169e+00
9842 : 50568/373996=1.352100e-01 15 : 783741/2991968=2.619483e-01 112 : 5.700324e+00 4.826080e-01 5.217716e+00 : 2.999997e+00 9.207984e-01 2.079199e+00
9862 : 50687/374756=1.352533e-01 15 : 785349/2998048=2.619534e-01 112 : 5.700323e+00 4.826987e-01 5.217625e+00 : 2.999997e+00 9.207787e-01 2.079218e+00
9882 : 50801/375516=1.352832e-01 15 : 786957/3004128=2.619585e-01 112 : 5.700321e+00 4.827905e-01 5.217531e+00 : 2.999997e+00 9.207997e-01 2.079197e+00
9902 : 50905/376276=1.352863e-01 15 : 788507/3010208=2.619444e-01 112 : 5.700325e+00 4.828004e-01 5.217525e+00 : 2.999997e+00 9.207596e-01 2.079237e+00
9922 : 51005/377036=1.352789e-01 15 : 790082/3016288=2.619385e-01 112 : 5.700326e+00 4.828025e-01 5.217523e+00 : 2.999997e+00 9.207305e-01 2.079267e+00
9943 : 51130/377834=1.353240e-01 15 : 791811/3022672=2.619573e-01 112 : 5.700326e+00 4.828889e-01 5.217437e+00 : 2.999997e+00 9.207641e-01 2.079233e+00
9963 : 51234/378594=1.353270e-01 15 : 793394/3028752=2.619541e-01 112 : 5.700326e+00 4.828771e-01 5.217449e+00 : 2.999997e+00 9.207541e-01 2.079243e+00
9983 : 51353/379354=1.353696e-01 15 : 794997/3034832=2.619575e-01 112 : 5.700327e+00 4.829548e-01 5.217372e+00 : 2.999997e+00 9.207669e-01 2.079230e+00
10000 : 51439/380000=1.353658e-01 15 : 796308/3040000=2.619434e-01 112 : 5.700324e+00 4.829581e-01 5.217366e+00 : 2.999997e+00 9.206974e-01 2.079300e+00
# InnerCodebook: deleted
# ChannelMatrix: deleted
# CIDSchannel: deleted
# CSFBAdec: deleted
# CPScodec; deleted
# ChannelMatrix: deleted
# ChannelMatrix: deleted
# ConcatAB: deleted
