# (Pid,Ps)=(3.000000e-02,1.000000e-02) Nseg=200 WinSize=10 lmd=1 [0]
# InnerCB: ../search03/ICB/A12.bin
# Gtable:  Gtable/5/030_010.bin
# InnerCodebook: beta=5(1024) nu=2
# InnerCodebook: B(B2p)=7(128) 7(128) 
# InnerCodebook: checked CWM, EncMap, DecMap
# beta=5(1024) nu=2 N=1000 Dmax=35
# B=7,7,
# NBIDSchannel: N=1000 Q=4 Dmax=35 (Pid,Ps)=(3.000000e-02,1.000000e-02)
# FBalg4: Nseg=200 Dmax=35(w=71)
# FBalg4: Gtable: Gtable/5/030_010.bin
# Gtable: beta=5 (Pid,Ps,Ptrn)=(3.000000e-02,1.000000e-02,9.400000e-01) Pth=1.000000e-10
# Gtable: beta4p=1024 beta4pp=1048576
# Gtable::Gtable len=0 cnt=1024
# Gtable::Gtable len=1 cnt=4096
# Gtable::Gtable len=2 cnt=16384
# Gtable::Gtable len=3 cnt=65536
# Gtable::Gtable len=4 cnt=241636
# Gtable::Gtable len=5 cnt=779284
# Gtable::Gtable len=6 cnt=1541824
# Gtable::Gtable len=7 cnt=1451416
# Gtable::Gtable len=8 cnt=1264036
# Gtable::Gtable len=9 cnt=100348
# Gtable::Gtable len=10 cnt=1024
# FBalg4: beta=5(1024) (Pid,Ps)=(3.000000e-02,1.000000e-02) Pth=1.000000e-10 N=1000
# StatICB: nu=2 beta=5 beta4p=1024 Bsum=14 lmd=1
# StatICB: B=7,7,
0021(989) (1.98e+00 1.86e+00) XE:1.86e-01 (1.19e+00 1.20e+00 | 5.49e-01 6.57e-01)	6.543129e+00 6.595769e+00 : 9.384927e-01
0043(985) (1.71e+00 1.85e+00) XE:1.85e-01 (1.20e+00 1.20e+00 | 6.03e-01 6.59e-01)	6.435977e+00 6.483452e+00 : 9.228164e-01
0065(995) (1.92e+00 1.83e+00) XE:1.83e-01 (1.19e+00 1.20e+00 | 6.72e-01 6.60e-01)	6.363350e+00 6.393841e+00 : 9.112279e-01
0087(991) (1.90e+00 1.79e+00) XE:1.79e-01 (1.20e+00 1.20e+00 | 6.52e-01 6.56e-01)	6.320140e+00 6.360776e+00 : 9.057797e-01
0109(999) (1.93e+00 1.79e+00) XE:1.79e-01 (1.23e+00 1.20e+00 | 6.34e-01 6.57e-01)	6.279236e+00 6.317949e+00 : 8.997990e-01
0131(984) (1.76e+00 1.78e+00) XE:1.78e-01 (1.19e+00 1.20e+00 | 6.54e-01 6.56e-01)	6.247677e+00 6.285148e+00 : 8.952018e-01
0153(997) (1.45e+00 1.77e+00) XE:1.77e-01 (1.19e+00 1.20e+00 | 6.88e-01 6.56e-01)	6.220351e+00 6.273174e+00 : 8.923947e-01
0175(996) (1.20e+00 1.76e+00) XE:1.76e-01 (1.22e+00 1.20e+00 | 6.32e-01 6.57e-01)	6.203444e+00 6.255352e+00 : 8.899140e-01
0197(1002) (1.84e+00 1.78e+00) XE:1.78e-01 (1.19e+00 1.20e+00 | 6.82e-01 6.57e-01)	6.175255e+00 6.220883e+00 : 8.854385e-01
0219(1005) (1.72e+00 1.78e+00) XE:1.78e-01 (1.22e+00 1.20e+00 | 5.93e-01 6.58e-01)	6.148222e+00 6.200167e+00 : 8.820277e-01
0241(1008) (1.73e+00 1.78e+00) XE:1.78e-01 (1.21e+00 1.20e+00 | 6.86e-01 6.58e-01)	6.129356e+00 6.186881e+00 : 8.797312e-01
0263(977) (1.95e+00 1.78e+00) XE:1.78e-01 (1.19e+00 1.20e+00 | 7.35e-01 6.57e-01)	6.113342e+00 6.172103e+00 : 8.775318e-01
0285(1016) (1.66e+00 1.79e+00) XE:1.79e-01 (1.20e+00 1.20e+00 | 6.14e-01 6.57e-01)	6.089976e+00 6.157467e+00 : 8.748173e-01
0307(986) (1.63e+00 1.79e+00) XE:1.79e-01 (1.19e+00 1.20e+00 | 6.44e-01 6.57e-01)	6.079994e+00 6.142778e+00 : 8.730551e-01
0329(1000) (1.64e+00 1.79e+00) XE:1.79e-01 (1.20e+00 1.20e+00 | 6.68e-01 6.56e-01)	6.072100e+00 6.128095e+00 : 8.714426e-01
0351(1011) (1.22e+00 1.79e+00) XE:1.79e-01 (1.20e+00 1.20e+00 | 6.78e-01 6.56e-01)	6.059173e+00 6.115419e+00 : 8.696137e-01
0373(1005) (1.81e+00 1.80e+00) XE:1.80e-01 (1.21e+00 1.20e+00 | 7.14e-01 6.56e-01)	6.046294e+00 6.101897e+00 : 8.677280e-01
0395(992) (2.15e+00 1.79e+00) XE:1.79e-01 (1.19e+00 1.20e+00 | 6.38e-01 6.56e-01)	6.038788e+00 6.093458e+00 : 8.665890e-01
0417(1002) (1.81e+00 1.79e+00) XE:1.79e-01 (1.22e+00 1.20e+00 | 6.38e-01 6.55e-01)	6.035705e+00 6.087547e+00 : 8.659466e-01
0439(998) (1.66e+00 1.79e+00) XE:1.79e-01 (1.19e+00 1.20e+00 | 7.35e-01 6.56e-01)	6.032215e+00 6.083520e+00 : 8.654097e-01
0461(1012) (2.04e+00 1.79e+00) XE:1.79e-01 (1.22e+00 1.20e+00 | 6.74e-01 6.56e-01)	6.027614e+00 6.075232e+00 : 8.644890e-01
0483(1011) (1.48e+00 1.79e+00) XE:1.79e-01 (1.18e+00 1.20e+00 | 6.62e-01 6.56e-01)	6.022337e+00 6.068241e+00 : 8.636127e-01
0505(994) (1.66e+00 1.79e+00) XE:1.79e-01 (1.20e+00 1.20e+00 | 6.98e-01 6.56e-01)	6.019407e+00 6.063122e+00 : 8.630377e-01
0527(1016) (1.56e+00 1.78e+00) XE:1.78e-01 (1.21e+00 1.20e+00 | 6.50e-01 6.56e-01)	6.014083e+00 6.062467e+00 : 8.626107e-01
0549(1014) (1.71e+00 1.78e+00) XE:1.78e-01 (1.19e+00 1.20e+00 | 7.25e-01 6.56e-01)	6.011504e+00 6.059477e+00 : 8.622129e-01
0571(988) (1.90e+00 1.78e+00) XE:1.78e-01 (1.19e+00 1.20e+00 | 6.92e-01 6.56e-01)	6.008600e+00 6.057319e+00 : 8.618514e-01
0593(1005) (1.91e+00 1.78e+00) XE:1.78e-01 (1.17e+00 1.20e+00 | 6.05e-01 6.55e-01)	6.006621e+00 6.051331e+00 : 8.612823e-01
0615(978) (1.67e+00 1.78e+00) XE:1.78e-01 (1.23e+00 1.20e+00 | 6.05e-01 6.55e-01)	6.003807e+00 6.045461e+00 : 8.606620e-01
0637(1012) (1.49e+00 1.78e+00) XE:1.78e-01 (1.19e+00 1.20e+00 | 6.07e-01 6.55e-01)	5.999970e+00 6.045174e+00 : 8.603674e-01
0659(995) (1.82e+00 1.78e+00) XE:1.78e-01 (1.19e+00 1.20e+00 | 5.87e-01 6.56e-01)	5.988889e+00 6.035809e+00 : 8.589070e-01
0681(998) (2.00e+00 1.78e+00) XE:1.78e-01 (1.20e+00 1.20e+00 | 6.88e-01 6.56e-01)	5.984354e+00 6.033393e+00 : 8.584105e-01
0703(1001) (1.63e+00 1.78e+00) XE:1.78e-01 (1.19e+00 1.20e+00 | 6.68e-01 6.56e-01)	5.980100e+00 6.028649e+00 : 8.577678e-01
0725(993) (2.07e+00 1.78e+00) XE:1.78e-01 (1.19e+00 1.20e+00 | 6.50e-01 6.56e-01)	5.980062e+00 6.026490e+00 : 8.576108e-01
0746(992) (1.97e+00 1.78e+00) XE:1.78e-01 (1.23e+00 1.20e+00 | 7.12e-01 6.56e-01)	5.977429e+00 6.025159e+00 : 8.573277e-01
0768(1007) (1.64e+00 1.78e+00) XE:1.78e-01 (1.22e+00 1.20e+00 | 6.50e-01 6.56e-01)	5.975900e+00 6.021306e+00 : 8.569432e-01
0790(1007) (2.03e+00 1.78e+00) XE:1.78e-01 (1.19e+00 1.20e+00 | 6.07e-01 6.56e-01)	5.973895e+00 6.022975e+00 : 8.569193e-01
0811(999) (1.73e+00 1.78e+00) XE:1.78e-01 (1.16e+00 1.20e+00 | 6.60e-01 6.56e-01)	5.972281e+00 6.020784e+00 : 8.566475e-01
0833(1001) (1.31e+00 1.77e+00) XE:1.77e-01 (1.20e+00 1.20e+00 | 6.22e-01 6.56e-01)	5.970812e+00 6.018986e+00 : 8.564141e-01
0855(1004) (2.00e+00 1.77e+00) XE:1.77e-01 (1.21e+00 1.20e+00 | 6.40e-01 6.56e-01)	5.968787e+00 6.017681e+00 : 8.561763e-01
0877(994) (1.73e+00 1.78e+00) XE:1.78e-01 (1.23e+00 1.20e+00 | 6.38e-01 6.56e-01)	5.964277e+00 6.013397e+00 : 8.555481e-01
0898(1004) (1.79e+00 1.78e+00) XE:1.78e-01 (1.21e+00 1.20e+00 | 6.44e-01 6.56e-01)	5.963424e+00 6.012883e+00 : 8.554505e-01
0920(1001) (1.86e+00 1.78e+00) XE:1.78e-01 (1.22e+00 1.20e+00 | 6.50e-01 6.56e-01)	5.962989e+00 6.011048e+00 : 8.552884e-01
0942(996) (1.69e+00 1.77e+00) XE:1.77e-01 (1.19e+00 1.20e+00 | 6.09e-01 6.56e-01)	5.961866e+00 6.010198e+00 : 8.551475e-01
0963(982) (2.28e+00 1.77e+00) XE:1.77e-01 (1.19e+00 1.20e+00 | 6.82e-01 6.56e-01)	5.959209e+00 6.008301e+00 : 8.548221e-01
0985(1000) (1.98e+00 1.77e+00) XE:1.77e-01 (1.20e+00 1.20e+00 | 6.86e-01 6.56e-01)	5.957783e+00 6.007083e+00 : 8.546333e-01
1007(996) (2.17e+00 1.78e+00) XE:1.78e-01 (1.23e+00 1.20e+00 | 6.88e-01 6.56e-01)	5.955235e+00 6.005010e+00 : 8.543033e-01
1029(1003) (1.51e+00 1.78e+00) XE:1.78e-01 (1.20e+00 1.20e+00 | 6.90e-01 6.56e-01)	5.953594e+00 6.004870e+00 : 8.541760e-01
1051(995) (1.76e+00 1.78e+00) XE:1.78e-01 (1.20e+00 1.20e+00 | 6.74e-01 6.56e-01)	5.949149e+00 6.002404e+00 : 8.536824e-01
1073(1006) (2.01e+00 1.78e+00) XE:1.78e-01 (1.22e+00 1.20e+00 | 6.68e-01 6.56e-01)	5.948271e+00 6.000327e+00 : 8.534713e-01
1094(993) (1.91e+00 1.78e+00) XE:1.78e-01 (1.19e+00 1.20e+00 | 6.84e-01 6.56e-01)	5.945028e+00 5.998275e+00 : 8.530931e-01
1116(995) (1.95e+00 1.78e+00) XE:1.78e-01 (1.21e+00 1.20e+00 | 6.72e-01 6.55e-01)	5.942642e+00 5.996908e+00 : 8.528250e-01
1138(995) (1.87e+00 1.78e+00) XE:1.78e-01 (1.20e+00 1.20e+00 | 6.50e-01 6.55e-01)	5.941781e+00 5.996148e+00 : 8.527092e-01
1160(994) (1.91e+00 1.78e+00) XE:1.78e-01 (1.22e+00 1.20e+00 | 6.09e-01 6.55e-01)	5.939750e+00 5.994048e+00 : 8.524141e-01
1181(997) (1.58e+00 1.78e+00) XE:1.78e-01 (1.19e+00 1.20e+00 | 6.52e-01 6.55e-01)	5.938621e+00 5.991661e+00 : 8.521630e-01
1203(993) (1.51e+00 1.78e+00) XE:1.78e-01 (1.18e+00 1.20e+00 | 5.69e-01 6.55e-01)	5.936847e+00 5.990031e+00 : 8.519199e-01
1225(1006) (2.02e+00 1.78e+00) XE:1.78e-01 (1.19e+00 1.20e+00 | 5.73e-01 6.55e-01)	5.933316e+00 5.986178e+00 : 8.513924e-01
1247(1004) (1.36e+00 1.78e+00) XE:1.78e-01 (1.20e+00 1.20e+00 | 6.82e-01 6.56e-01)	5.931327e+00 5.986691e+00 : 8.512870e-01
1269(1010) (1.68e+00 1.78e+00) XE:1.78e-01 (1.22e+00 1.20e+00 | 6.52e-01 6.56e-01)	5.930424e+00 5.985062e+00 : 8.511061e-01
1290(1009) (1.28e+00 1.78e+00) XE:1.78e-01 (1.19e+00 1.20e+00 | 6.36e-01 6.56e-01)	5.928512e+00 5.983668e+00 : 8.508700e-01
1312(1001) (1.69e+00 1.78e+00) XE:1.78e-01 (1.23e+00 1.20e+00 | 6.48e-01 6.56e-01)	5.928362e+00 5.984287e+00 : 8.509035e-01
1334(1008) (1.89e+00 1.78e+00) XE:1.78e-01 (1.21e+00 1.20e+00 | 6.68e-01 6.55e-01)	5.926693e+00 5.983116e+00 : 8.507007e-01
1356(1008) (2.33e+00 1.78e+00) XE:1.78e-01 (1.23e+00 1.20e+00 | 6.82e-01 6.55e-01)	5.925714e+00 5.981496e+00 : 8.505150e-01
1377(993) (1.95e+00 1.78e+00) XE:1.78e-01 (1.20e+00 1.20e+00 | 6.60e-01 6.56e-01)	5.923850e+00 5.982022e+00 : 8.504194e-01
1399(1001) (1.91e+00 1.78e+00) XE:1.78e-01 (1.22e+00 1.20e+00 | 5.95e-01 6.55e-01)	5.923241e+00 5.981089e+00 : 8.503093e-01
1421(998) (1.70e+00 1.78e+00) XE:1.78e-01 (1.23e+00 1.20e+00 | 7.25e-01 6.56e-01)	5.922591e+00 5.980662e+00 : 8.502324e-01
1443(1020) (1.83e+00 1.78e+00) XE:1.78e-01 (1.23e+00 1.20e+00 | 6.60e-01 6.56e-01)	5.921189e+00 5.979795e+00 : 8.500702e-01
1464(1005) (1.71e+00 1.78e+00) XE:1.78e-01 (1.18e+00 1.20e+00 | 7.16e-01 6.56e-01)	5.919144e+00 5.979034e+00 : 8.498699e-01
1486(1001) (1.77e+00 1.78e+00) XE:1.78e-01 (1.18e+00 1.20e+00 | 6.14e-01 6.56e-01)	5.917772e+00 5.977394e+00 : 8.496547e-01
1508(994) (1.67e+00 1.78e+00) XE:1.78e-01 (1.23e+00 1.20e+00 | 6.50e-01 6.56e-01)	5.916180e+00 5.976501e+00 : 8.494772e-01
1530(988) (1.90e+00 1.78e+00) XE:1.78e-01 (1.19e+00 1.20e+00 | 6.18e-01 6.56e-01)	5.913868e+00 5.974853e+00 : 8.491944e-01
1552(995) (1.86e+00 1.78e+00) XE:1.78e-01 (1.21e+00 1.20e+00 | 6.54e-01 6.56e-01)	5.913874e+00 5.974000e+00 : 8.491338e-01
1573(982) (2.08e+00 1.78e+00) XE:1.78e-01 (1.22e+00 1.20e+00 | 6.26e-01 6.56e-01)	5.912988e+00 5.973273e+00 : 8.490186e-01
1595(1000) (1.88e+00 1.78e+00) XE:1.78e-01 (1.21e+00 1.20e+00 | 6.66e-01 6.56e-01)	5.912747e+00 5.972773e+00 : 8.489657e-01
1617(989) (1.78e+00 1.78e+00) XE:1.78e-01 (1.23e+00 1.20e+00 | 6.64e-01 6.56e-01)	5.911511e+00 5.972749e+00 : 8.488757e-01
1639(1014) (1.45e+00 1.78e+00) XE:1.78e-01 (1.23e+00 1.20e+00 | 7.33e-01 6.56e-01)	5.910022e+00 5.972133e+00 : 8.487253e-01
1661(992) (1.95e+00 1.78e+00) XE:1.78e-01 (1.21e+00 1.20e+00 | 7.33e-01 6.56e-01)	5.909852e+00 5.971012e+00 : 8.486332e-01
1682(1008) (1.40e+00 1.78e+00) XE:1.78e-01 (1.20e+00 1.20e+00 | 6.88e-01 6.56e-01)	5.909462e+00 5.971325e+00 : 8.486277e-01
1704(1000) (1.73e+00 1.78e+00) XE:1.78e-01 (1.19e+00 1.20e+00 | 7.06e-01 6.56e-01)	5.908865e+00 5.971257e+00 : 8.485802e-01
1726(997) (1.38e+00 1.78e+00) XE:1.78e-01 (1.17e+00 1.20e+00 | 6.90e-01 6.56e-01)	5.908765e+00 5.971415e+00 : 8.485843e-01
1748(996) (1.77e+00 1.78e+00) XE:1.78e-01 (1.21e+00 1.20e+00 | 7.08e-01 6.56e-01)	5.908830e+00 5.970365e+00 : 8.485139e-01
1769(991) (1.93e+00 1.78e+00) XE:1.78e-01 (1.20e+00 1.20e+00 | 6.32e-01 6.56e-01)	5.907217e+00 5.969412e+00 : 8.483306e-01
1791(1010) (1.53e+00 1.78e+00) XE:1.78e-01 (1.20e+00 1.20e+00 | 7.00e-01 6.56e-01)	5.906440e+00 5.969208e+00 : 8.482605e-01
1813(1001) (1.98e+00 1.78e+00) XE:1.78e-01 (1.21e+00 1.20e+00 | 5.51e-01 6.56e-01)	5.905384e+00 5.968482e+00 : 8.481333e-01
1835(1014) (1.61e+00 1.78e+00) XE:1.78e-01 (1.18e+00 1.20e+00 | 6.68e-01 6.56e-01)	5.904861e+00 5.967681e+00 : 8.480387e-01
1857(1011) (1.73e+00 1.78e+00) XE:1.78e-01 (1.20e+00 1.20e+00 | 7.00e-01 6.56e-01)	5.905516e+00 5.967740e+00 : 8.480897e-01
1878(1004) (1.85e+00 1.78e+00) XE:1.78e-01 (1.21e+00 1.20e+00 | 6.78e-01 6.56e-01)	5.903181e+00 5.965760e+00 : 8.477815e-01
1900(993) (1.68e+00 1.78e+00) XE:1.78e-01 (1.20e+00 1.20e+00 | 7.06e-01 6.56e-01)	5.903007e+00 5.964893e+00 : 8.477071e-01
1922(995) (2.01e+00 1.78e+00) XE:1.78e-01 (1.20e+00 1.20e+00 | 6.26e-01 6.56e-01)	5.902067e+00 5.964434e+00 : 8.476073e-01
1944(1002) (1.96e+00 1.78e+00) XE:1.78e-01 (1.22e+00 1.20e+00 | 7.20e-01 6.56e-01)	5.902143e+00 5.965262e+00 : 8.476718e-01
1966(1000) (2.05e+00 1.78e+00) XE:1.78e-01 (1.21e+00 1.20e+00 | 6.07e-01 6.56e-01)	5.901346e+00 5.965127e+00 : 8.476052e-01
1987(994) (1.79e+00 1.78e+00) XE:1.78e-01 (1.20e+00 1.20e+00 | 6.40e-01 6.56e-01)	5.900473e+00 5.964300e+00 : 8.474838e-01
2009(1015) (1.89e+00 1.78e+00) XE:1.78e-01 (1.21e+00 1.20e+00 | 6.34e-01 6.56e-01)	5.899872e+00 5.964384e+00 : 8.474469e-01
2031(1001) (1.94e+00 1.78e+00) XE:1.78e-01 (1.21e+00 1.20e+00 | 6.42e-01 6.56e-01)	5.898981e+00 5.963509e+00 : 8.473207e-01
2053(1006) (1.34e+00 1.78e+00) XE:1.78e-01 (1.19e+00 1.20e+00 | 7.00e-01 6.56e-01)	5.899500e+00 5.962618e+00 : 8.472941e-01
2074(995) (1.55e+00 1.78e+00) XE:1.78e-01 (1.21e+00 1.20e+00 | 6.76e-01 6.56e-01)	5.898545e+00 5.961323e+00 : 8.471334e-01
2096(1010) (1.76e+00 1.78e+00) XE:1.78e-01 (1.22e+00 1.20e+00 | 7.16e-01 6.56e-01)	5.899282e+00 5.960739e+00 : 8.471443e-01
2118(1004) (1.90e+00 1.78e+00) XE:1.78e-01 (1.19e+00 1.20e+00 | 6.40e-01 6.56e-01)	5.898857e+00 5.960433e+00 : 8.470921e-01
2140(999) (1.91e+00 1.78e+00) XE:1.78e-01 (1.21e+00 1.20e+00 | 6.82e-01 6.56e-01)	5.898600e+00 5.959758e+00 : 8.470255e-01
2162(987) (1.94e+00 1.78e+00) XE:1.78e-01 (1.21e+00 1.20e+00 | 7.29e-01 6.56e-01)	5.897686e+00 5.960181e+00 : 8.469905e-01
2183(1019) (1.52e+00 1.78e+00) XE:1.78e-01 (1.23e+00 1.20e+00 | 7.00e-01 6.56e-01)	5.897053e+00 5.959705e+00 : 8.469113e-01
2205(996) (1.89e+00 1.78e+00) XE:1.78e-01 (1.23e+00 1.20e+00 | 6.92e-01 6.56e-01)	5.896651e+00 5.958826e+00 : 8.468198e-01
2227(992) (1.77e+00 1.78e+00) XE:1.78e-01 (1.19e+00 1.20e+00 | 6.30e-01 6.56e-01)	5.896416e+00 5.958592e+00 : 8.467863e-01
2249(1007) (1.84e+00 1.78e+00) XE:1.78e-01 (1.19e+00 1.20e+00 | 6.32e-01 6.56e-01)	5.895705e+00 5.958250e+00 : 8.467111e-01
2270(1003) (1.40e+00 1.78e+00) XE:1.78e-01 (1.19e+00 1.20e+00 | 6.26e-01 6.56e-01)	5.895576e+00 5.957993e+00 : 8.466835e-01
2292(1009) (1.61e+00 1.78e+00) XE:1.78e-01 (1.25e+00 1.20e+00 | 5.71e-01 6.56e-01)	5.895789e+00 5.958465e+00 : 8.467324e-01
2314(1008) (1.74e+00 1.78e+00) XE:1.78e-01 (1.21e+00 1.20e+00 | 6.30e-01 6.56e-01)	5.894920e+00 5.957812e+00 : 8.466237e-01
2336(993) (1.86e+00 1.78e+00) XE:1.78e-01 (1.18e+00 1.20e+00 | 6.74e-01 6.56e-01)	5.894668e+00 5.957182e+00 : 8.465607e-01
2357(1002) (1.37e+00 1.78e+00) XE:1.78e-01 (1.23e+00 1.20e+00 | 6.58e-01 6.56e-01)	5.894774e+00 5.956324e+00 : 8.465070e-01
2379(991) (1.84e+00 1.78e+00) XE:1.78e-01 (1.21e+00 1.20e+00 | 6.92e-01 6.56e-01)	5.894131e+00 5.955730e+00 : 8.464186e-01
2401(1005) (1.55e+00 1.78e+00) XE:1.78e-01 (1.23e+00 1.20e+00 | 6.90e-01 6.56e-01)	5.894329e+00 5.956035e+00 : 8.464546e-01
2423(1005) (1.57e+00 1.78e+00) XE:1.78e-01 (1.19e+00 1.20e+00 | 6.30e-01 6.56e-01)	5.894199e+00 5.956551e+00 : 8.464821e-01
2445(990) (2.04e+00 1.78e+00) XE:1.78e-01 (1.20e+00 1.20e+00 | 5.65e-01 6.56e-01)	5.894437e+00 5.956660e+00 : 8.465069e-01
2466(1017) (1.60e+00 1.78e+00) XE:1.78e-01 (1.18e+00 1.20e+00 | 5.81e-01 6.56e-01)	5.894430e+00 5.956554e+00 : 8.464989e-01
2488(1003) (1.57e+00 1.78e+00) XE:1.78e-01 (1.20e+00 1.20e+00 | 6.52e-01 6.56e-01)	5.893888e+00 5.956448e+00 : 8.464526e-01
2510(1019) (1.42e+00 1.78e+00) XE:1.78e-01 (1.22e+00 1.20e+00 | 6.42e-01 6.56e-01)	5.893110e+00 5.956132e+00 : 8.463744e-01
2532(1004) (1.32e+00 1.78e+00) XE:1.78e-01 (1.17e+00 1.20e+00 | 6.40e-01 6.56e-01)	5.892601e+00 5.955252e+00 : 8.462752e-01
2554(1005) (2.00e+00 1.78e+00) XE:1.78e-01 (1.22e+00 1.20e+00 | 7.20e-01 6.56e-01)	5.891829e+00 5.954624e+00 : 8.461752e-01
2575(1002) (1.69e+00 1.78e+00) XE:1.78e-01 (1.19e+00 1.20e+00 | 5.79e-01 6.56e-01)	5.891472e+00 5.954125e+00 : 8.461141e-01
2597(1003) (2.15e+00 1.78e+00) XE:1.78e-01 (1.19e+00 1.20e+00 | 6.18e-01 6.56e-01)	5.890696e+00 5.953498e+00 : 8.460138e-01
2619(997) (1.91e+00 1.78e+00) XE:1.78e-01 (1.21e+00 1.20e+00 | 6.54e-01 6.56e-01)	5.890413e+00 5.952977e+00 : 8.459564e-01
2641(995) (1.94e+00 1.78e+00) XE:1.78e-01 (1.23e+00 1.20e+00 | 7.12e-01 6.56e-01)	5.890308e+00 5.952639e+00 : 8.459247e-01
2662(1009) (1.52e+00 1.78e+00) XE:1.78e-01 (1.19e+00 1.20e+00 | 6.90e-01 6.56e-01)	5.890154e+00 5.952582e+00 : 8.459097e-01
2684(1006) (1.38e+00 1.78e+00) XE:1.78e-01 (1.20e+00 1.20e+00 | 6.68e-01 6.56e-01)	5.890073e+00 5.951884e+00 : 8.458541e-01
2706(997) (1.76e+00 1.78e+00) XE:1.78e-01 (1.19e+00 1.20e+00 | 6.62e-01 6.56e-01)	5.889786e+00 5.951405e+00 : 8.457994e-01
2728(999) (1.91e+00 1.78e+00) XE:1.78e-01 (1.20e+00 1.20e+00 | 6.84e-01 6.56e-01)	5.889001e+00 5.951069e+00 : 8.457193e-01
2749(996) (2.24e+00 1.78e+00) XE:1.78e-01 (1.21e+00 1.20e+00 | 5.99e-01 6.56e-01)	5.888596e+00 5.950357e+00 : 8.456395e-01
2771(1004) (1.97e+00 1.78e+00) XE:1.78e-01 (1.22e+00 1.20e+00 | 6.98e-01 6.56e-01)	5.888219e+00 5.950726e+00 : 8.456389e-01
2793(1004) (1.59e+00 1.78e+00) XE:1.78e-01 (1.18e+00 1.20e+00 | 6.34e-01 6.56e-01)	5.887362e+00 5.949711e+00 : 8.455052e-01
2815(999) (1.28e+00 1.78e+00) XE:1.78e-01 (1.19e+00 1.20e+00 | 6.62e-01 6.56e-01)	5.886586e+00 5.949561e+00 : 8.454391e-01
2837(1002) (2.06e+00 1.78e+00) XE:1.78e-01 (1.24e+00 1.20e+00 | 6.40e-01 6.56e-01)	5.885746e+00 5.949393e+00 : 8.453670e-01
2858(998) (1.81e+00 1.77e+00) XE:1.77e-01 (1.21e+00 1.20e+00 | 6.92e-01 6.56e-01)	5.885589e+00 5.949097e+00 : 8.453347e-01
2880(1013) (1.54e+00 1.78e+00) XE:1.78e-01 (1.17e+00 1.20e+00 | 6.07e-01 6.56e-01)	5.884855e+00 5.948300e+00 : 8.452254e-01
2902(994) (1.82e+00 1.78e+00) XE:1.78e-01 (1.19e+00 1.20e+00 | 6.09e-01 6.56e-01)	5.884806e+00 5.948535e+00 : 8.452387e-01
2924(990) (1.94e+00 1.78e+00) XE:1.78e-01 (1.19e+00 1.20e+00 | 5.87e-01 6.56e-01)	5.884589e+00 5.948493e+00 : 8.452201e-01
2946(985) (1.98e+00 1.78e+00) XE:1.78e-01 (1.21e+00 1.20e+00 | 6.70e-01 6.56e-01)	5.884021e+00 5.948265e+00 : 8.451633e-01
2967(998) (1.41e+00 1.78e+00) XE:1.78e-01 (1.19e+00 1.20e+00 | 6.60e-01 6.56e-01)	5.884251e+00 5.947579e+00 : 8.451307e-01
2989(980) (2.18e+00 1.77e+00) XE:1.77e-01 (1.20e+00 1.20e+00 | 6.28e-01 6.56e-01)	5.884095e+00 5.947370e+00 : 8.451047e-01
3011(991) (1.76e+00 1.77e+00) XE:1.77e-01 (1.21e+00 1.20e+00 | 7.02e-01 6.56e-01)	5.883236e+00 5.947490e+00 : 8.450519e-01
3033(1000) (1.22e+00 1.77e+00) XE:1.77e-01 (1.24e+00 1.20e+00 | 6.86e-01 6.56e-01)	5.883157e+00 5.947827e+00 : 8.450703e-01
3055(993) (2.04e+00 1.77e+00) XE:1.77e-01 (1.22e+00 1.20e+00 | 6.64e-01 6.56e-01)	5.882844e+00 5.947397e+00 : 8.450172e-01
3076(994) (2.16e+00 1.77e+00) XE:1.77e-01 (1.21e+00 1.20e+00 | 6.70e-01 6.56e-01)	5.882478e+00 5.946803e+00 : 8.449486e-01
3098(1006) (1.75e+00 1.77e+00) XE:1.77e-01 (1.21e+00 1.20e+00 | 6.56e-01 6.56e-01)	5.882565e+00 5.946629e+00 : 8.449424e-01
3120(994) (1.68e+00 1.78e+00) XE:1.78e-01 (1.19e+00 1.20e+00 | 5.49e-01 6.56e-01)	5.881902e+00 5.945881e+00 : 8.448417e-01
3142(1001) (2.08e+00 1.78e+00) XE:1.78e-01 (1.22e+00 1.20e+00 | 6.60e-01 6.56e-01)	5.881101e+00 5.944936e+00 : 8.447169e-01
3163(995) (1.72e+00 1.78e+00) XE:1.78e-01 (1.20e+00 1.20e+00 | 6.88e-01 6.56e-01)	5.881044e+00 5.944398e+00 : 8.446744e-01
3185(1009) (1.49e+00 1.78e+00) XE:1.78e-01 (1.21e+00 1.20e+00 | 6.38e-01 6.56e-01)	5.880975e+00 5.944338e+00 : 8.446652e-01
3207(1006) (1.59e+00 1.78e+00) XE:1.78e-01 (1.22e+00 1.20e+00 | 7.04e-01 6.56e-01)	5.880769e+00 5.943707e+00 : 8.446054e-01
3229(993) (1.58e+00 1.78e+00) XE:1.78e-01 (1.20e+00 1.20e+00 | 6.38e-01 6.56e-01)	5.881272e+00 5.943861e+00 : 8.446524e-01
3251(1003) (1.76e+00 1.78e+00) XE:1.78e-01 (1.20e+00 1.20e+00 | 6.54e-01 6.56e-01)	5.880717e+00 5.943465e+00 : 8.445845e-01
3272(1004) (1.89e+00 1.78e+00) XE:1.78e-01 (1.20e+00 1.20e+00 | 6.70e-01 6.56e-01)	5.880614e+00 5.943415e+00 : 8.445735e-01
3294(988) (2.14e+00 1.78e+00) XE:1.78e-01 (1.19e+00 1.20e+00 | 6.40e-01 6.56e-01)	5.880213e+00 5.942670e+00 : 8.444916e-01
3316(1013) (1.57e+00 1.78e+00) XE:1.78e-01 (1.19e+00 1.20e+00 | 6.58e-01 6.56e-01)	5.879594e+00 5.942442e+00 : 8.444311e-01
3338(997) (1.58e+00 1.78e+00) XE:1.78e-01 (1.22e+00 1.20e+00 | 6.28e-01 6.56e-01)	5.879682e+00 5.941876e+00 : 8.443970e-01
3359(1003) (1.78e+00 1.78e+00) XE:1.78e-01 (1.19e+00 1.20e+00 | 6.36e-01 6.56e-01)	5.879551e+00 5.941585e+00 : 8.443669e-01
3381(1001) (2.42e+00 1.78e+00) XE:1.78e-01 (1.18e+00 1.20e+00 | 6.14e-01 6.56e-01)	5.879189e+00 5.940987e+00 : 8.442983e-01
3403(1000) (1.75e+00 1.78e+00) XE:1.78e-01 (1.20e+00 1.20e+00 | 6.09e-01 6.56e-01)	5.878835e+00 5.940605e+00 : 8.442458e-01
3425(1005) (1.68e+00 1.78e+00) XE:1.78e-01 (1.21e+00 1.20e+00 | 6.52e-01 6.56e-01)	5.878903e+00 5.940182e+00 : 8.442204e-01
3447(995) (1.72e+00 1.78e+00) XE:1.78e-01 (1.20e+00 1.20e+00 | 6.64e-01 6.56e-01)	5.878203e+00 5.939532e+00 : 8.441239e-01
3468(985) (1.55e+00 1.78e+00) XE:1.78e-01 (1.21e+00 1.20e+00 | 7.10e-01 6.56e-01)	5.878096e+00 5.939304e+00 : 8.441000e-01
3490(1012) (1.45e+00 1.78e+00) XE:1.78e-01 (1.21e+00 1.20e+00 | 7.43e-01 6.56e-01)	5.878305e+00 5.939481e+00 : 8.441276e-01
3512(999) (1.71e+00 1.78e+00) XE:1.78e-01 (1.18e+00 1.20e+00 | 6.36e-01 6.56e-01)	5.878103e+00 5.939376e+00 : 8.441057e-01
3534(1009) (1.66e+00 1.78e+00) XE:1.78e-01 (1.20e+00 1.20e+00 | 6.74e-01 6.56e-01)	5.878228e+00 5.939490e+00 : 8.441227e-01
3555(985) (1.75e+00 1.78e+00) XE:1.78e-01 (1.20e+00 1.20e+00 | 7.20e-01 6.56e-01)	5.878004e+00 5.938784e+00 : 8.440563e-01
3577(991) (1.99e+00 1.78e+00) XE:1.78e-01 (1.20e+00 1.20e+00 | 5.89e-01 6.56e-01)	5.877553e+00 5.938037e+00 : 8.439707e-01
3599(1005) (1.13e+00 1.78e+00) XE:1.78e-01 (1.15e+00 1.20e+00 | 6.40e-01 6.56e-01)	5.877055e+00 5.937702e+00 : 8.439112e-01
3621(1014) (1.39e+00 1.78e+00) XE:1.78e-01 (1.21e+00 1.20e+00 | 6.24e-01 6.56e-01)	5.877250e+00 5.938134e+00 : 8.439560e-01
3642(1000) (1.81e+00 1.77e+00) XE:1.77e-01 (1.26e+00 1.20e+00 | 6.68e-01 6.56e-01)	5.877146e+00 5.937879e+00 : 8.439304e-01
3664(1005) (1.94e+00 1.78e+00) XE:1.78e-01 (1.21e+00 1.20e+00 | 7.00e-01 6.56e-01)	5.876233e+00 5.937560e+00 : 8.438423e-01
3686(990) (2.04e+00 1.78e+00) XE:1.78e-01 (1.21e+00 1.20e+00 | 7.14e-01 6.56e-01)	5.876421e+00 5.937239e+00 : 8.438329e-01
3708(984) (2.14e+00 1.77e+00) XE:1.77e-01 (1.21e+00 1.20e+00 | 6.32e-01 6.56e-01)	5.876406e+00 5.936863e+00 : 8.438050e-01
3730(1000) (1.60e+00 1.78e+00) XE:1.78e-01 (1.20e+00 1.20e+00 | 7.02e-01 6.56e-01)	5.876052e+00 5.936404e+00 : 8.437469e-01
3751(998) (1.73e+00 1.78e+00) XE:1.78e-01 (1.21e+00 1.20e+00 | 6.80e-01 6.56e-01)	5.876093e+00 5.935716e+00 : 8.437006e-01
3773(988) (1.97e+00 1.78e+00) XE:1.78e-01 (1.16e+00 1.20e+00 | 6.54e-01 6.56e-01)	5.876059e+00 5.935786e+00 : 8.437032e-01
3795(996) (2.03e+00 1.78e+00) XE:1.78e-01 (1.21e+00 1.20e+00 | 6.42e-01 6.56e-01)	5.876213e+00 5.935515e+00 : 8.436949e-01
3817(995) (1.74e+00 1.78e+00) XE:1.78e-01 (1.20e+00 1.20e+00 | 6.60e-01 6.56e-01)	5.876009e+00 5.935147e+00 : 8.436540e-01
3838(1001) (1.81e+00 1.78e+00) XE:1.78e-01 (1.20e+00 1.20e+00 | 6.32e-01 6.56e-01)	5.875692e+00 5.934746e+00 : 8.436027e-01
3860(1005) (1.86e+00 1.78e+00) XE:1.78e-01 (1.23e+00 1.20e+00 | 6.44e-01 6.56e-01)	5.875235e+00 5.934504e+00 : 8.435528e-01
3882(996) (1.58e+00 1.78e+00) XE:1.78e-01 (1.21e+00 1.20e+00 | 7.14e-01 6.56e-01)	5.873420e+00 5.932844e+00 : 8.433046e-01
3904(1006) (1.39e+00 1.78e+00) XE:1.78e-01 (1.20e+00 1.20e+00 | 6.26e-01 6.56e-01)	5.873354e+00 5.932866e+00 : 8.433014e-01
3926(994) (2.31e+00 1.78e+00) XE:1.78e-01 (1.21e+00 1.20e+00 | 7.00e-01 6.56e-01)	5.872918e+00 5.932673e+00 : 8.432565e-01
3947(997) (1.81e+00 1.78e+00) XE:1.78e-01 (1.19e+00 1.20e+00 | 6.58e-01 6.56e-01)	5.872721e+00 5.932597e+00 : 8.432370e-01
3969(990) (1.89e+00 1.78e+00) XE:1.78e-01 (1.22e+00 1.20e+00 | 6.64e-01 6.56e-01)	5.872331e+00 5.932284e+00 : 8.431868e-01
3991(1001) (1.94e+00 1.78e+00) XE:1.78e-01 (1.18e+00 1.20e+00 | 6.34e-01 6.56e-01)	5.872121e+00 5.932344e+00 : 8.431761e-01
4013(991) (1.76e+00 1.78e+00) XE:1.78e-01 (1.21e+00 1.20e+00 | 6.78e-01 6.56e-01)	5.872605e+00 5.932204e+00 : 8.432006e-01
4034(1002) (2.22e+00 1.78e+00) XE:1.78e-01 (1.21e+00 1.20e+00 | 6.64e-01 6.56e-01)	5.872340e+00 5.932023e+00 : 8.431688e-01
4056(1003) (1.99e+00 1.78e+00) XE:1.78e-01 (1.17e+00 1.20e+00 | 5.95e-01 6.56e-01)	5.872874e+00 5.932121e+00 : 8.432139e-01
4078(983) (2.03e+00 1.78e+00) XE:1.78e-01 (1.22e+00 1.20e+00 | 5.89e-01 6.56e-01)	5.872853e+00 5.932319e+00 : 8.432266e-01
4100(1015) (1.06e+00 1.78e+00) XE:1.78e-01 (1.20e+00 1.20e+00 | 6.24e-01 6.56e-01)	5.872791e+00 5.932210e+00 : 8.432143e-01
4122(1005) (1.96e+00 1.78e+00) XE:1.78e-01 (1.22e+00 1.20e+00 | 6.30e-01 6.56e-01)	5.872619e+00 5.931787e+00 : 8.431719e-01
4143(997) (1.68e+00 1.78e+00) XE:1.78e-01 (1.24e+00 1.20e+00 | 6.80e-01 6.56e-01)	5.872470e+00 5.931516e+00 : 8.431419e-01
4165(994) (1.83e+00 1.78e+00) XE:1.78e-01 (1.18e+00 1.20e+00 | 6.30e-01 6.56e-01)	5.872748e+00 5.931635e+00 : 8.431702e-01
4187(983) (2.17e+00 1.77e+00) XE:1.77e-01 (1.17e+00 1.20e+00 | 6.42e-01 6.56e-01)	5.873043e+00 5.931547e+00 : 8.431850e-01
4209(990) (2.10e+00 1.77e+00) XE:1.77e-01 (1.22e+00 1.20e+00 | 5.95e-01 6.56e-01)	5.872731e+00 5.931531e+00 : 8.431616e-01
4231(1005) (1.35e+00 1.77e+00) XE:1.77e-01 (1.23e+00 1.20e+00 | 6.56e-01 6.56e-01)	5.872354e+00 5.932060e+00 : 8.431724e-01
4252(1004) (1.32e+00 1.77e+00) XE:1.77e-01 (1.20e+00 1.20e+00 | 6.90e-01 6.56e-01)	5.872432e+00 5.931993e+00 : 8.431733e-01
4274(1001) (1.52e+00 1.77e+00) XE:1.77e-01 (1.19e+00 1.20e+00 | 6.42e-01 6.56e-01)	5.872371e+00 5.931996e+00 : 8.431691e-01
4296(1004) (1.53e+00 1.77e+00) XE:1.77e-01 (1.21e+00 1.20e+00 | 6.62e-01 6.56e-01)	5.872567e+00 5.931983e+00 : 8.431821e-01
4318(999) (2.30e+00 1.77e+00) XE:1.77e-01 (1.17e+00 1.20e+00 | 6.12e-01 6.56e-01)	5.872424e+00 5.931948e+00 : 8.431694e-01
4339(1004) (1.85e+00 1.77e+00) XE:1.77e-01 (1.21e+00 1.20e+00 | 7.06e-01 6.56e-01)	5.872215e+00 5.931643e+00 : 8.431327e-01
4361(996) (1.75e+00 1.77e+00) XE:1.77e-01 (1.21e+00 1.20e+00 | 6.44e-01 6.56e-01)	5.872380e+00 5.931850e+00 : 8.431593e-01
4383(1011) (1.58e+00 1.77e+00) XE:1.77e-01 (1.17e+00 1.20e+00 | 6.48e-01 6.56e-01)	5.872140e+00 5.931588e+00 : 8.431234e-01
4405(1010) (1.27e+00 1.77e+00) XE:1.77e-01 (1.19e+00 1.20e+00 | 6.84e-01 6.56e-01)	5.872439e+00 5.932451e+00 : 8.432064e-01
4427(985) (1.89e+00 1.77e+00) XE:1.77e-01 (1.19e+00 1.20e+00 | 6.50e-01 6.56e-01)	5.872321e+00 5.932148e+00 : 8.431764e-01
4448(987) (1.77e+00 1.77e+00) XE:1.77e-01 (1.21e+00 1.20e+00 | 6.96e-01 6.56e-01)	5.872761e+00 5.932016e+00 : 8.431984e-01
4470(993) (1.55e+00 1.77e+00) XE:1.77e-01 (1.21e+00 1.20e+00 | 6.60e-01 6.56e-01)	5.872568e+00 5.931976e+00 : 8.431817e-01
4492(1007) (1.76e+00 1.77e+00) XE:1.77e-01 (1.19e+00 1.20e+00 | 6.78e-01 6.56e-01)	5.872598e+00 5.931701e+00 : 8.431642e-01
4514(1014) (1.55e+00 1.77e+00) XE:1.77e-01 (1.21e+00 1.20e+00 | 6.84e-01 6.56e-01)	5.872451e+00 5.931459e+00 : 8.431364e-01
4535(996) (1.98e+00 1.77e+00) XE:1.77e-01 (1.19e+00 1.20e+00 | 7.18e-01 6.56e-01)	5.872329e+00 5.931580e+00 : 8.431364e-01
4557(1008) (1.57e+00 1.77e+00) XE:1.77e-01 (1.20e+00 1.20e+00 | 6.76e-01 6.56e-01)	5.872180e+00 5.931615e+00 : 8.431282e-01
4579(1003) (1.91e+00 1.77e+00) XE:1.77e-01 (1.19e+00 1.20e+00 | 6.64e-01 6.57e-01)	5.870815e+00 5.930302e+00 : 8.429369e-01
4601(1006) (1.44e+00 1.77e+00) XE:1.77e-01 (1.22e+00 1.20e+00 | 6.96e-01 6.57e-01)	5.870202e+00 5.929930e+00 : 8.428666e-01
4623(1005) (1.74e+00 1.77e+00) XE:1.77e-01 (1.21e+00 1.20e+00 | 6.98e-01 6.57e-01)	5.869843e+00 5.930238e+00 : 8.428629e-01
4644(1007) (1.26e+00 1.77e+00) XE:1.77e-01 (1.22e+00 1.20e+00 | 6.80e-01 6.57e-01)	5.870087e+00 5.930142e+00 : 8.428735e-01
4666(1011) (1.31e+00 1.77e+00) XE:1.77e-01 (1.24e+00 1.20e+00 | 6.66e-01 6.57e-01)	5.870108e+00 5.930173e+00 : 8.428773e-01
4688(999) (1.56e+00 1.77e+00) XE:1.77e-01 (1.20e+00 1.20e+00 | 6.70e-01 6.57e-01)	5.869952e+00 5.930246e+00 : 8.428713e-01
4710(996) (1.57e+00 1.77e+00) XE:1.77e-01 (1.22e+00 1.20e+00 | 6.36e-01 6.57e-01)	5.870066e+00 5.930210e+00 : 8.428769e-01
4732(1019) (1.55e+00 1.77e+00) XE:1.77e-01 (1.19e+00 1.20e+00 | 6.30e-01 6.57e-01)	5.869780e+00 5.929974e+00 : 8.428396e-01
4754(999) (1.71e+00 1.77e+00) XE:1.77e-01 (1.21e+00 1.20e+00 | 6.60e-01 6.57e-01)	5.869658e+00 5.929875e+00 : 8.428238e-01
4775(1002) (2.25e+00 1.77e+00) XE:1.77e-01 (1.19e+00 1.20e+00 | 5.87e-01 6.57e-01)	5.869270e+00 5.929527e+00 : 8.427712e-01
4797(997) (1.79e+00 1.77e+00) XE:1.77e-01 (1.18e+00 1.20e+00 | 6.34e-01 6.56e-01)	5.869233e+00 5.929600e+00 : 8.427737e-01
4819(1001) (1.70e+00 1.77e+00) XE:1.77e-01 (1.18e+00 1.20e+00 | 6.50e-01 6.56e-01)	5.869138e+00 5.929551e+00 : 8.427635e-01
4841(1016) (1.56e+00 1.77e+00) XE:1.77e-01 (1.19e+00 1.20e+00 | 6.30e-01 6.56e-01)	5.868778e+00 5.929413e+00 : 8.427279e-01
4862(1006) (1.55e+00 1.77e+00) XE:1.77e-01 (1.19e+00 1.20e+00 | 7.25e-01 6.57e-01)	5.868765e+00 5.928693e+00 : 8.426756e-01
4884(996) (1.83e+00 1.77e+00) XE:1.77e-01 (1.19e+00 1.20e+00 | 6.44e-01 6.57e-01)	5.868321e+00 5.928446e+00 : 8.426262e-01
4906(1009) (1.21e+00 1.77e+00) XE:1.77e-01 (1.22e+00 1.20e+00 | 6.48e-01 6.56e-01)	5.868159e+00 5.928136e+00 : 8.425925e-01
4928(1003) (1.78e+00 1.77e+00) XE:1.77e-01 (1.22e+00 1.20e+00 | 6.42e-01 6.56e-01)	5.867543e+00 5.927870e+00 : 8.425294e-01
4949(1004) (1.72e+00 1.77e+00) XE:1.77e-01 (1.22e+00 1.20e+00 | 6.40e-01 6.57e-01)	5.867146e+00 5.927863e+00 : 8.425006e-01
4971(997) (1.63e+00 1.77e+00) XE:1.77e-01 (1.22e+00 1.20e+00 | 6.07e-01 6.57e-01)	5.867029e+00 5.927869e+00 : 8.424928e-01
4993(1007) (1.94e+00 1.77e+00) XE:1.77e-01 (1.19e+00 1.20e+00 | 6.70e-01 6.57e-01)	5.867225e+00 5.927929e+00 : 8.425110e-01
5015(993) (1.98e+00 1.77e+00) XE:1.77e-01 (1.21e+00 1.20e+00 | 6.74e-01 6.57e-01)	5.867390e+00 5.927874e+00 : 8.425189e-01
5037(997) (1.84e+00 1.77e+00) XE:1.77e-01 (1.19e+00 1.20e+00 | 6.66e-01 6.57e-01)	5.867217e+00 5.927930e+00 : 8.425105e-01
5058(1003) (1.47e+00 1.77e+00) XE:1.77e-01 (1.20e+00 1.20e+00 | 5.85e-01 6.57e-01)	5.867364e+00 5.927809e+00 : 8.425123e-01
5080(994) (2.09e+00 1.77e+00) XE:1.77e-01 (1.20e+00 1.20e+00 | 6.74e-01 6.56e-01)	5.867530e+00 5.927805e+00 : 8.425239e-01
5102(1007) (1.61e+00 1.77e+00) XE:1.77e-01 (1.21e+00 1.20e+00 | 6.70e-01 6.56e-01)	5.867067e+00 5.927622e+00 : 8.424778e-01
5124(997) (2.01e+00 1.77e+00) XE:1.77e-01 (1.18e+00 1.20e+00 | 6.58e-01 6.57e-01)	5.866388e+00 5.927401e+00 : 8.424135e-01
5145(1011) (1.75e+00 1.77e+00) XE:1.77e-01 (1.20e+00 1.20e+00 | 6.50e-01 6.57e-01)	5.866175e+00 5.927033e+00 : 8.423720e-01
5167(1003) (1.96e+00 1.77e+00) XE:1.77e-01 (1.20e+00 1.20e+00 | 6.72e-01 6.57e-01)	5.866228e+00 5.927121e+00 : 8.423821e-01
5189(998) (1.81e+00 1.77e+00) XE:1.77e-01 (1.19e+00 1.20e+00 | 6.32e-01 6.57e-01)	5.866083e+00 5.926947e+00 : 8.423593e-01
5211(1006) (1.38e+00 1.77e+00) XE:1.77e-01 (1.23e+00 1.20e+00 | 6.84e-01 6.57e-01)	5.865824e+00 5.926511e+00 : 8.423096e-01
5233(996) (1.55e+00 1.77e+00) XE:1.77e-01 (1.22e+00 1.20e+00 | 6.42e-01 6.57e-01)	5.865897e+00 5.926502e+00 : 8.423142e-01
5254(1004) (1.52e+00 1.77e+00) XE:1.77e-01 (1.20e+00 1.20e+00 | 6.54e-01 6.57e-01)	5.865805e+00 5.926262e+00 : 8.422905e-01
5276(991) (1.81e+00 1.77e+00) XE:1.77e-01 (1.23e+00 1.20e+00 | 6.38e-01 6.57e-01)	5.865258e+00 5.926183e+00 : 8.422458e-01
5298(1000) (1.89e+00 1.77e+00) XE:1.77e-01 (1.20e+00 1.20e+00 | 6.60e-01 6.57e-01)	5.865285e+00 5.926373e+00 : 8.422613e-01
5320(996) (1.98e+00 1.77e+00) XE:1.77e-01 (1.18e+00 1.20e+00 | 6.54e-01 6.57e-01)	5.865186e+00 5.926295e+00 : 8.422486e-01
5342(1013) (1.46e+00 1.77e+00) XE:1.77e-01 (1.19e+00 1.20e+00 | 6.26e-01 6.57e-01)	5.864812e+00 5.925838e+00 : 8.421893e-01
5363(1001) (1.75e+00 1.77e+00) XE:1.77e-01 (1.19e+00 1.20e+00 | 5.67e-01 6.56e-01)	5.864611e+00 5.925908e+00 : 8.421799e-01
5385(996) (1.70e+00 1.77e+00) XE:1.77e-01 (1.19e+00 1.20e+00 | 6.56e-01 6.56e-01)	5.864395e+00 5.925520e+00 : 8.421368e-01
5407(1014) (1.28e+00 1.77e+00) XE:1.77e-01 (1.20e+00 1.20e+00 | 6.66e-01 6.56e-01)	5.864777e+00 5.925577e+00 : 8.421682e-01
5429(1009) (1.28e+00 1.77e+00) XE:1.77e-01 (1.21e+00 1.20e+00 | 6.86e-01 6.56e-01)	5.864650e+00 5.925523e+00 : 8.421553e-01
5451(989) (1.85e+00 1.77e+00) XE:1.77e-01 (1.19e+00 1.20e+00 | 6.82e-01 6.56e-01)	5.864511e+00 5.925595e+00 : 8.421505e-01
5472(1001) (1.76e+00 1.77e+00) XE:1.77e-01 (1.21e+00 1.20e+00 | 6.64e-01 6.56e-01)	5.864287e+00 5.925317e+00 : 8.421145e-01
5494(992) (1.44e+00 1.77e+00) XE:1.77e-01 (1.18e+00 1.20e+00 | 5.75e-01 6.56e-01)	5.864146e+00 5.925254e+00 : 8.421001e-01
5516(1000) (1.39e+00 1.77e+00) XE:1.77e-01 (1.22e+00 1.20e+00 | 6.88e-01 6.56e-01)	5.863579e+00 5.924602e+00 : 8.420129e-01
5538(1010) (1.69e+00 1.77e+00) XE:1.77e-01 (1.20e+00 1.20e+00 | 7.25e-01 6.56e-01)	5.863000e+00 5.924487e+00 : 8.419634e-01
5559(1002) (1.29e+00 1.77e+00) XE:1.77e-01 (1.19e+00 1.20e+00 | 6.16e-01 6.56e-01)	5.863256e+00 5.924766e+00 : 8.420016e-01
5581(995) (2.12e+00 1.77e+00) XE:1.77e-01 (1.20e+00 1.20e+00 | 6.09e-01 6.56e-01)	5.863106e+00 5.924588e+00 : 8.419781e-01
5603(1005) (1.65e+00 1.77e+00) XE:1.77e-01 (1.19e+00 1.20e+00 | 6.48e-01 6.56e-01)	5.863309e+00 5.924548e+00 : 8.419898e-01
5625(1004) (1.55e+00 1.77e+00) XE:1.77e-01 (1.21e+00 1.20e+00 | 6.74e-01 6.56e-01)	5.862955e+00 5.924427e+00 : 8.419559e-01
5647(996) (1.82e+00 1.77e+00) XE:1.77e-01 (1.20e+00 1.20e+00 | 6.40e-01 6.56e-01)	5.862706e+00 5.923964e+00 : 8.419050e-01
5668(994) (1.93e+00 1.77e+00) XE:1.77e-01 (1.19e+00 1.20e+00 | 6.70e-01 6.57e-01)	5.863009e+00 5.924123e+00 : 8.419380e-01
5690(1001) (1.76e+00 1.77e+00) XE:1.77e-01 (1.20e+00 1.20e+00 | 7.23e-01 6.57e-01)	5.863119e+00 5.924116e+00 : 8.419453e-01
5712(998) (1.67e+00 1.77e+00) XE:1.77e-01 (1.19e+00 1.20e+00 | 6.76e-01 6.57e-01)	5.862849e+00 5.924067e+00 : 8.419226e-01
5734(992) (1.90e+00 1.77e+00) XE:1.77e-01 (1.20e+00 1.20e+00 | 6.58e-01 6.56e-01)	5.862854e+00 5.923880e+00 : 8.419096e-01
5755(992) (2.34e+00 1.77e+00) XE:1.77e-01 (1.21e+00 1.20e+00 | 6.38e-01 6.56e-01)	5.862852e+00 5.923798e+00 : 8.419036e-01
5777(1015) (1.44e+00 1.77e+00) XE:1.77e-01 (1.21e+00 1.20e+00 | 6.26e-01 6.56e-01)	5.862547e+00 5.923776e+00 : 8.418802e-01
5799(1011) (1.60e+00 1.77e+00) XE:1.77e-01 (1.20e+00 1.20e+00 | 7.16e-01 6.56e-01)	5.862756e+00 5.924054e+00 : 8.419150e-01
5821(1003) (1.85e+00 1.77e+00) XE:1.77e-01 (1.20e+00 1.20e+00 | 6.36e-01 6.56e-01)	5.862831e+00 5.924111e+00 : 8.419244e-01
5842(992) (2.12e+00 1.77e+00) XE:1.77e-01 (1.27e+00 1.20e+00 | 6.96e-01 6.56e-01)	5.862795e+00 5.923975e+00 : 8.419121e-01
5864(1000) (2.03e+00 1.77e+00) XE:1.77e-01 (1.20e+00 1.20e+00 | 6.72e-01 6.56e-01)	5.862466e+00 5.923714e+00 : 8.418700e-01
5886(1002) (1.82e+00 1.77e+00) XE:1.77e-01 (1.23e+00 1.20e+00 | 6.20e-01 6.56e-01)	5.862618e+00 5.923736e+00 : 8.418824e-01
5908(1009) (1.54e+00 1.77e+00) XE:1.77e-01 (1.16e+00 1.20e+00 | 6.26e-01 6.56e-01)	5.862390e+00 5.923791e+00 : 8.418701e-01
5930(1001) (1.82e+00 1.77e+00) XE:1.77e-01 (1.20e+00 1.20e+00 | 6.40e-01 6.56e-01)	5.862388e+00 5.923910e+00 : 8.418784e-01
5951(996) (2.11e+00 1.77e+00) XE:1.77e-01 (1.18e+00 1.20e+00 | 6.34e-01 6.56e-01)	5.862476e+00 5.923798e+00 : 8.418767e-01
5973(1001) (1.48e+00 1.77e+00) XE:1.77e-01 (1.21e+00 1.20e+00 | 6.05e-01 6.56e-01)	5.862176e+00 5.923595e+00 : 8.418408e-01
5995(988) (1.70e+00 1.77e+00) XE:1.77e-01 (1.18e+00 1.20e+00 | 6.74e-01 6.56e-01)	5.861833e+00 5.923441e+00 : 8.418053e-01
6017(991) (1.97e+00 1.77e+00) XE:1.77e-01 (1.20e+00 1.20e+00 | 6.46e-01 6.56e-01)	5.861425e+00 5.923291e+00 : 8.417655e-01
6039(1004) (1.67e+00 1.77e+00) XE:1.77e-01 (1.20e+00 1.20e+00 | 6.88e-01 6.56e-01)	5.861276e+00 5.923206e+00 : 8.417487e-01
6060(1007) (1.76e+00 1.77e+00) XE:1.77e-01 (1.21e+00 1.20e+00 | 7.14e-01 6.56e-01)	5.861422e+00 5.923237e+00 : 8.417614e-01
6082(1005) (1.42e+00 1.77e+00) XE:1.77e-01 (1.18e+00 1.20e+00 | 6.18e-01 6.56e-01)	5.861259e+00 5.923277e+00 : 8.417526e-01
6104(987) (1.63e+00 1.77e+00) XE:1.77e-01 (1.22e+00 1.20e+00 | 6.50e-01 6.56e-01)	5.861111e+00 5.923286e+00 : 8.417427e-01
6126(1002) (2.03e+00 1.77e+00) XE:1.77e-01 (1.19e+00 1.20e+00 | 6.12e-01 6.56e-01)	5.860960e+00 5.923208e+00 : 8.417262e-01
6148(997) (2.01e+00 1.77e+00) XE:1.77e-01 (1.21e+00 1.20e+00 | 6.94e-01 6.56e-01)	5.860847e+00 5.923080e+00 : 8.417090e-01
6169(996) (1.49e+00 1.77e+00) XE:1.77e-01 (1.23e+00 1.20e+00 | 6.62e-01 6.56e-01)	5.860629e+00 5.922724e+00 : 8.416681e-01
6191(1002) (1.94e+00 1.77e+00) XE:1.77e-01 (1.19e+00 1.20e+00 | 6.42e-01 6.56e-01)	5.860521e+00 5.922801e+00 : 8.416658e-01
6213(1013) (1.81e+00 1.77e+00) XE:1.77e-01 (1.24e+00 1.20e+00 | 6.84e-01 6.56e-01)	5.860145e+00 5.922442e+00 : 8.416133e-01
6235(996) (2.00e+00 1.77e+00) XE:1.77e-01 (1.21e+00 1.20e+00 | 6.30e-01 6.56e-01)	5.859967e+00 5.922140e+00 : 8.415791e-01
6256(1010) (1.81e+00 1.77e+00) XE:1.77e-01 (1.19e+00 1.20e+00 | 6.74e-01 6.56e-01)	5.859598e+00 5.921995e+00 : 8.415423e-01
6278(998) (1.65e+00 1.77e+00) XE:1.77e-01 (1.22e+00 1.20e+00 | 6.80e-01 6.56e-01)	5.859556e+00 5.922151e+00 : 8.415505e-01
6300(992) (1.56e+00 1.77e+00) XE:1.77e-01 (1.17e+00 1.20e+00 | 6.50e-01 6.56e-01)	5.859383e+00 5.922170e+00 : 8.415395e-01
6322(1001) (1.84e+00 1.77e+00) XE:1.77e-01 (1.20e+00 1.20e+00 | 6.68e-01 6.56e-01)	5.859743e+00 5.922216e+00 : 8.415685e-01
6344(985) (2.15e+00 1.77e+00) XE:1.77e-01 (1.21e+00 1.20e+00 | 5.93e-01 6.56e-01)	5.858936e+00 5.921338e+00 : 8.414482e-01
6365(998) (1.72e+00 1.77e+00) XE:1.77e-01 (1.22e+00 1.20e+00 | 6.84e-01 6.56e-01)	5.858650e+00 5.921198e+00 : 8.414177e-01
6387(999) (1.57e+00 1.77e+00) XE:1.77e-01 (1.21e+00 1.20e+00 | 6.28e-01 6.56e-01)	5.858482e+00 5.920800e+00 : 8.413773e-01
6409(1008) (1.94e+00 1.77e+00) XE:1.77e-01 (1.21e+00 1.20e+00 | 6.42e-01 6.56e-01)	5.858542e+00 5.920530e+00 : 8.413622e-01
6430(1000) (1.96e+00 1.77e+00) XE:1.77e-01 (1.23e+00 1.20e+00 | 6.80e-01 6.56e-01)	5.858614e+00 5.920676e+00 : 8.413778e-01
6452(992) (1.46e+00 1.77e+00) XE:1.77e-01 (1.19e+00 1.20e+00 | 6.60e-01 6.56e-01)	5.858723e+00 5.920877e+00 : 8.414000e-01
6474(991) (1.81e+00 1.77e+00) XE:1.77e-01 (1.24e+00 1.20e+00 | 7.33e-01 6.56e-01)	5.858658e+00 5.920590e+00 : 8.413749e-01
6496(987) (2.46e+00 1.77e+00) XE:1.77e-01 (1.24e+00 1.20e+00 | 6.70e-01 6.56e-01)	5.858405e+00 5.920241e+00 : 8.413318e-01
6518(1003) (1.97e+00 1.77e+00) XE:1.77e-01 (1.21e+00 1.20e+00 | 6.50e-01 6.56e-01)	5.858296e+00 5.920077e+00 : 8.413124e-01
6539(1001) (1.69e+00 1.77e+00) XE:1.77e-01 (1.22e+00 1.20e+00 | 6.80e-01 6.56e-01)	5.858111e+00 5.919778e+00 : 8.412778e-01
6561(988) (2.32e+00 1.77e+00) XE:1.77e-01 (1.20e+00 1.20e+00 | 7.14e-01 6.56e-01)	5.858070e+00 5.919685e+00 : 8.412683e-01
6583(1003) (1.67e+00 1.77e+00) XE:1.77e-01 (1.18e+00 1.20e+00 | 6.01e-01 6.56e-01)	5.857672e+00 5.919772e+00 : 8.412460e-01
6605(986) (1.80e+00 1.77e+00) XE:1.77e-01 (1.18e+00 1.20e+00 | 6.12e-01 6.56e-01)	5.857594e+00 5.919648e+00 : 8.412316e-01
6627(998) (2.02e+00 1.77e+00) XE:1.77e-01 (1.23e+00 1.20e+00 | 6.54e-01 6.56e-01)	5.857489e+00 5.919466e+00 : 8.412111e-01
6648(990) (1.62e+00 1.77e+00) XE:1.77e-01 (1.25e+00 1.20e+00 | 7.00e-01 6.56e-01)	5.857643e+00 5.919538e+00 : 8.412272e-01
6670(1005) (1.50e+00 1.77e+00) XE:1.77e-01 (1.18e+00 1.20e+00 | 6.70e-01 6.56e-01)	5.857660e+00 5.919736e+00 : 8.412426e-01
6692(999) (1.32e+00 1.77e+00) XE:1.77e-01 (1.19e+00 1.20e+00 | 5.87e-01 6.56e-01)	5.857488e+00 5.919533e+00 : 8.412158e-01
6714(1001) (1.74e+00 1.77e+00) XE:1.77e-01 (1.19e+00 1.20e+00 | 7.14e-01 6.56e-01)	5.857666e+00 5.919674e+00 : 8.412385e-01
6736(1006) (1.70e+00 1.77e+00) XE:1.77e-01 (1.20e+00 1.20e+00 | 6.62e-01 6.56e-01)	5.857647e+00 5.919487e+00 : 8.412239e-01
6757(1006) (1.77e+00 1.77e+00) XE:1.77e-01 (1.21e+00 1.20e+00 | 6.72e-01 6.56e-01)	5.857520e+00 5.919595e+00 : 8.412225e-01
6779(990) (2.10e+00 1.77e+00) XE:1.77e-01 (1.20e+00 1.20e+00 | 6.03e-01 6.56e-01)	5.857060e+00 5.919144e+00 : 8.411574e-01
6801(998) (1.75e+00 1.77e+00) XE:1.77e-01 (1.21e+00 1.20e+00 | 6.48e-01 6.56e-01)	5.856926e+00 5.918794e+00 : 8.411228e-01
6823(1006) (1.96e+00 1.77e+00) XE:1.77e-01 (1.19e+00 1.20e+00 | 6.72e-01 6.56e-01)	5.856775e+00 5.918784e+00 : 8.411114e-01
6844(1004) (1.79e+00 1.77e+00) XE:1.77e-01 (1.19e+00 1.20e+00 | 6.68e-01 6.56e-01)	5.856790e+00 5.918772e+00 : 8.411116e-01
6866(985) (2.09e+00 1.77e+00) XE:1.77e-01 (1.19e+00 1.20e+00 | 6.46e-01 6.56e-01)	5.856605e+00 5.919116e+00 : 8.411230e-01
6888(982) (2.57e+00 1.77e+00) XE:1.77e-01 (1.22e+00 1.20e+00 | 7.12e-01 6.56e-01)	5.856468e+00 5.918954e+00 : 8.411015e-01
6910(1002) (1.92e+00 1.77e+00) XE:1.77e-01 (1.22e+00 1.20e+00 | 6.88e-01 6.56e-01)	5.856497e+00 5.918997e+00 : 8.411067e-01
6932(1007) (1.67e+00 1.77e+00) XE:1.77e-01 (1.21e+00 1.20e+00 | 6.12e-01 6.56e-01)	5.856573e+00 5.918914e+00 : 8.411062e-01
6953(992) (2.17e+00 1.77e+00) XE:1.77e-01 (1.21e+00 1.20e+00 | 6.74e-01 6.56e-01)	5.856633e+00 5.919021e+00 : 8.411181e-01
6975(989) (1.66e+00 1.77e+00) XE:1.77e-01 (1.22e+00 1.20e+00 | 6.09e-01 6.56e-01)	5.856514e+00 5.918912e+00 : 8.411019e-01
6997(1010) (1.95e+00 1.77e+00) XE:1.77e-01 (1.19e+00 1.20e+00 | 5.91e-01 6.56e-01)	5.856466e+00 5.918783e+00 : 8.410893e-01
7019(990) (1.84e+00 1.77e+00) XE:1.77e-01 (1.21e+00 1.20e+00 | 6.48e-01 6.56e-01)	5.856469e+00 5.918921e+00 : 8.410993e-01
7041(1011) (1.57e+00 1.77e+00) XE:1.77e-01 (1.19e+00 1.20e+00 | 6.80e-01 6.56e-01)	5.856358e+00 5.919167e+00 : 8.411089e-01
7062(1002) (1.61e+00 1.77e+00) XE:1.77e-01 (1.22e+00 1.20e+00 | 6.16e-01 6.56e-01)	5.856388e+00 5.919015e+00 : 8.411002e-01
7084(983) (1.70e+00 1.77e+00) XE:1.77e-01 (1.21e+00 1.20e+00 | 6.84e-01 6.56e-01)	5.856359e+00 5.919016e+00 : 8.410983e-01
7106(998) (1.77e+00 1.77e+00) XE:1.77e-01 (1.19e+00 1.20e+00 | 5.85e-01 6.56e-01)	5.856303e+00 5.919218e+00 : 8.411086e-01
7128(998) (1.70e+00 1.77e+00) XE:1.77e-01 (1.18e+00 1.20e+00 | 6.52e-01 6.56e-01)	5.856064e+00 5.919208e+00 : 8.410909e-01
7149(998) (1.77e+00 1.77e+00) XE:1.77e-01 (1.18e+00 1.20e+00 | 6.62e-01 6.56e-01)	5.856340e+00 5.919346e+00 : 8.411204e-01
7171(995) (1.62e+00 1.77e+00) XE:1.77e-01 (1.24e+00 1.20e+00 | 6.96e-01 6.56e-01)	5.856379e+00 5.919500e+00 : 8.411342e-01
7193(1006) (1.71e+00 1.77e+00) XE:1.77e-01 (1.19e+00 1.20e+00 | 6.05e-01 6.56e-01)	5.856452e+00 5.919276e+00 : 8.411234e-01
7215(1005) (1.69e+00 1.77e+00) XE:1.77e-01 (1.20e+00 1.20e+00 | 6.90e-01 6.56e-01)	5.856586e+00 5.919400e+00 : 8.411419e-01
7236(992) (1.93e+00 1.77e+00) XE:1.77e-01 (1.18e+00 1.20e+00 | 6.34e-01 6.56e-01)	5.856567e+00 5.919297e+00 : 8.411331e-01
7258(991) (2.22e+00 1.77e+00) XE:1.77e-01 (1.17e+00 1.20e+00 | 6.54e-01 6.56e-01)	5.856186e+00 5.919105e+00 : 8.410922e-01
7280(997) (1.95e+00 1.77e+00) XE:1.77e-01 (1.19e+00 1.20e+00 | 7.20e-01 6.56e-01)	5.855997e+00 5.919116e+00 : 8.410795e-01
7302(1003) (1.83e+00 1.77e+00) XE:1.77e-01 (1.21e+00 1.20e+00 | 6.58e-01 6.56e-01)	5.855934e+00 5.919191e+00 : 8.410803e-01
7324(1003) (1.85e+00 1.77e+00) XE:1.77e-01 (1.21e+00 1.20e+00 | 6.16e-01 6.56e-01)	5.855846e+00 5.919054e+00 : 8.410643e-01
7345(998) (1.64e+00 1.77e+00) XE:1.77e-01 (1.18e+00 1.20e+00 | 7.08e-01 6.56e-01)	5.855646e+00 5.919072e+00 : 8.410512e-01
7367(997) (1.82e+00 1.77e+00) XE:1.77e-01 (1.18e+00 1.20e+00 | 6.32e-01 6.56e-01)	5.855374e+00 5.918889e+00 : 8.410188e-01
7389(1010) (1.29e+00 1.77e+00) XE:1.77e-01 (1.20e+00 1.20e+00 | 6.42e-01 6.56e-01)	5.855281e+00 5.918944e+00 : 8.410160e-01
7411(1009) (1.36e+00 1.77e+00) XE:1.77e-01 (1.20e+00 1.20e+00 | 6.80e-01 6.56e-01)	5.855152e+00 5.918882e+00 : 8.410024e-01
7433(997) (1.95e+00 1.77e+00) XE:1.77e-01 (1.19e+00 1.20e+00 | 6.34e-01 6.56e-01)	5.854944e+00 5.918629e+00 : 8.409695e-01
7454(1007) (1.61e+00 1.77e+00) XE:1.77e-01 (1.19e+00 1.20e+00 | 6.82e-01 6.56e-01)	5.855012e+00 5.918698e+00 : 8.409793e-01
7476(1009) (1.35e+00 1.77e+00) XE:1.77e-01 (1.18e+00 1.20e+00 | 6.32e-01 6.56e-01)	5.854721e+00 5.918329e+00 : 8.409321e-01
7498(1008) (1.69e+00 1.77e+00) XE:1.77e-01 (1.20e+00 1.20e+00 | 6.52e-01 6.56e-01)	5.854673e+00 5.918274e+00 : 8.409248e-01
7520(1001) (1.75e+00 1.77e+00) XE:1.77e-01 (1.21e+00 1.20e+00 | 5.65e-01 6.56e-01)	5.854554e+00 5.917949e+00 : 8.408931e-01
7541(1005) (2.18e+00 1.77e+00) XE:1.77e-01 (1.23e+00 1.20e+00 | 6.18e-01 6.56e-01)	5.854414e+00 5.917846e+00 : 8.408757e-01
7563(1000) (2.22e+00 1.77e+00) XE:1.77e-01 (1.20e+00 1.20e+00 | 6.01e-01 6.56e-01)	5.854477e+00 5.917809e+00 : 8.408776e-01
7585(1000) (1.83e+00 1.77e+00) XE:1.77e-01 (1.18e+00 1.20e+00 | 6.24e-01 6.56e-01)	5.854571e+00 5.917825e+00 : 8.408855e-01
7607(996) (1.68e+00 1.77e+00) XE:1.77e-01 (1.18e+00 1.20e+00 | 5.89e-01 6.56e-01)	5.854518e+00 5.917823e+00 : 8.408815e-01
7629(1002) (1.44e+00 1.77e+00) XE:1.77e-01 (1.19e+00 1.20e+00 | 6.30e-01 6.56e-01)	5.854590e+00 5.917971e+00 : 8.408972e-01
7650(995) (1.86e+00 1.77e+00) XE:1.77e-01 (1.19e+00 1.20e+00 | 5.79e-01 6.56e-01)	5.854478e+00 5.917770e+00 : 8.408748e-01
7672(1005) (1.99e+00 1.77e+00) XE:1.77e-01 (1.18e+00 1.20e+00 | 5.95e-01 6.56e-01)	5.854195e+00 5.917464e+00 : 8.408327e-01
7694(999) (1.74e+00 1.77e+00) XE:1.77e-01 (1.19e+00 1.20e+00 | 6.38e-01 6.56e-01)	5.854154e+00 5.917652e+00 : 8.408433e-01
7716(985) (1.97e+00 1.77e+00) XE:1.77e-01 (1.16e+00 1.20e+00 | 6.30e-01 6.56e-01)	5.854126e+00 5.917528e+00 : 8.408325e-01
7738(994) (1.85e+00 1.77e+00) XE:1.77e-01 (1.21e+00 1.20e+00 | 6.54e-01 6.56e-01)	5.854102e+00 5.917629e+00 : 8.408379e-01
7759(1007) (1.72e+00 1.77e+00) XE:1.77e-01 (1.22e+00 1.20e+00 | 6.28e-01 6.56e-01)	5.854210e+00 5.917673e+00 : 8.408488e-01
7781(1013) (1.86e+00 1.77e+00) XE:1.77e-01 (1.19e+00 1.20e+00 | 6.82e-01 6.56e-01)	5.854255e+00 5.917740e+00 : 8.408568e-01
7803(995) (1.56e+00 1.77e+00) XE:1.77e-01 (1.22e+00 1.20e+00 | 6.58e-01 6.56e-01)	5.853916e+00 5.917405e+00 : 8.408087e-01
7825(993) (1.92e+00 1.77e+00) XE:1.77e-01 (1.19e+00 1.20e+00 | 6.82e-01 6.56e-01)	5.853660e+00 5.917294e+00 : 8.407824e-01
7847(994) (2.01e+00 1.77e+00) XE:1.77e-01 (1.22e+00 1.20e+00 | 6.56e-01 6.56e-01)	5.853646e+00 5.917106e+00 : 8.407680e-01
7868(991) (1.92e+00 1.77e+00) XE:1.77e-01 (1.20e+00 1.20e+00 | 6.44e-01 6.56e-01)	5.853399e+00 5.916815e+00 : 8.407296e-01
7890(999) (1.76e+00 1.77e+00) XE:1.77e-01 (1.21e+00 1.20e+00 | 6.70e-01 6.56e-01)	5.853603e+00 5.916937e+00 : 8.407528e-01
7912(998) (1.66e+00 1.77e+00) XE:1.77e-01 (1.22e+00 1.20e+00 | 6.38e-01 6.56e-01)	5.853832e+00 5.917059e+00 : 8.407779e-01
7934(1009) (1.64e+00 1.77e+00) XE:1.77e-01 (1.21e+00 1.20e+00 | 6.52e-01 6.56e-01)	5.853517e+00 5.916986e+00 : 8.407503e-01
7955(1008) (1.11e+00 1.77e+00) XE:1.77e-01 (1.19e+00 1.20e+00 | 6.64e-01 6.56e-01)	5.853669e+00 5.917093e+00 : 8.407687e-01
7977(1008) (1.76e+00 1.77e+00) XE:1.77e-01 (1.17e+00 1.20e+00 | 6.20e-01 6.56e-01)	5.853708e+00 5.916828e+00 : 8.407526e-01
7999(977) (1.97e+00 1.77e+00) XE:1.77e-01 (1.22e+00 1.20e+00 | 7.25e-01 6.56e-01)	5.853649e+00 5.916885e+00 : 8.407524e-01
8021(987) (1.95e+00 1.77e+00) XE:1.77e-01 (1.20e+00 1.20e+00 | 6.50e-01 6.56e-01)	5.853361e+00 5.916759e+00 : 8.407228e-01
8043(992) (2.12e+00 1.77e+00) XE:1.77e-01 (1.20e+00 1.20e+00 | 6.22e-01 6.56e-01)	5.853389e+00 5.916453e+00 : 8.407030e-01
8064(1000) (1.84e+00 1.77e+00) XE:1.77e-01 (1.21e+00 1.20e+00 | 6.52e-01 6.56e-01)	5.853173e+00 5.916167e+00 : 8.406671e-01
8086(998) (1.87e+00 1.77e+00) XE:1.77e-01 (1.20e+00 1.20e+00 | 6.52e-01 6.56e-01)	5.852976e+00 5.916151e+00 : 8.406519e-01
8108(986) (1.98e+00 1.77e+00) XE:1.77e-01 (1.19e+00 1.20e+00 | 6.36e-01 6.56e-01)	5.852561e+00 5.915976e+00 : 8.406098e-01
8130(1004) (1.94e+00 1.77e+00) XE:1.77e-01 (1.18e+00 1.20e+00 | 6.40e-01 6.56e-01)	5.852383e+00 5.915998e+00 : 8.405986e-01
8151(1017) (1.83e+00 1.77e+00) XE:1.77e-01 (1.19e+00 1.20e+00 | 6.94e-01 6.56e-01)	5.852326e+00 5.915969e+00 : 8.405925e-01
8173(993) (2.04e+00 1.77e+00) XE:1.77e-01 (1.19e+00 1.20e+00 | 6.50e-01 6.56e-01)	5.852248e+00 5.915924e+00 : 8.405837e-01
8195(993) (2.16e+00 1.77e+00) XE:1.77e-01 (1.18e+00 1.20e+00 | 6.32e-01 6.56e-01)	5.851961e+00 5.915675e+00 : 8.405454e-01
8217(1012) (1.75e+00 1.77e+00) XE:1.77e-01 (1.20e+00 1.20e+00 | 7.00e-01 6.56e-01)	5.852045e+00 5.915829e+00 : 8.405624e-01
8238(1004) (1.84e+00 1.77e+00) XE:1.77e-01 (1.20e+00 1.20e+00 | 6.50e-01 6.56e-01)	5.852258e+00 5.915968e+00 : 8.405876e-01
8260(1008) (1.43e+00 1.77e+00) XE:1.77e-01 (1.17e+00 1.20e+00 | 5.77e-01 6.56e-01)	5.852263e+00 5.915674e+00 : 8.405669e-01
8282(1010) (1.41e+00 1.77e+00) XE:1.77e-01 (1.23e+00 1.20e+00 | 6.78e-01 6.56e-01)	5.852554e+00 5.915795e+00 : 8.405963e-01
8304(995) (1.71e+00 1.77e+00) XE:1.77e-01 (1.19e+00 1.20e+00 | 6.03e-01 6.56e-01)	5.852342e+00 5.915352e+00 : 8.405496e-01
8326(985) (1.92e+00 1.77e+00) XE:1.77e-01 (1.19e+00 1.20e+00 | 6.48e-01 6.56e-01)	5.852417e+00 5.915345e+00 : 8.405544e-01
8347(995) (1.82e+00 1.77e+00) XE:1.77e-01 (1.22e+00 1.20e+00 | 7.04e-01 6.56e-01)	5.852400e+00 5.915372e+00 : 8.405551e-01
8369(1010) (1.60e+00 1.77e+00) XE:1.77e-01 (1.19e+00 1.20e+00 | 6.20e-01 6.56e-01)	5.852390e+00 5.915039e+00 : 8.405306e-01
8391(1004) (1.48e+00 1.77e+00) XE:1.77e-01 (1.19e+00 1.20e+00 | 5.49e-01 6.56e-01)	5.852520e+00 5.915098e+00 : 8.405441e-01
8413(995) (1.96e+00 1.77e+00) XE:1.77e-01 (1.18e+00 1.20e+00 | 6.92e-01 6.56e-01)	5.852531e+00 5.915150e+00 : 8.405487e-01
8434(991) (2.14e+00 1.77e+00) XE:1.77e-01 (1.19e+00 1.20e+00 | 6.68e-01 6.56e-01)	5.852470e+00 5.914947e+00 : 8.405298e-01
8456(991) (1.78e+00 1.77e+00) XE:1.77e-01 (1.19e+00 1.20e+00 | 6.22e-01 6.56e-01)	5.852314e+00 5.914900e+00 : 8.405153e-01
8478(994) (1.59e+00 1.77e+00) XE:1.77e-01 (1.19e+00 1.20e+00 | 6.05e-01 6.56e-01)	5.852380e+00 5.914812e+00 : 8.405137e-01
8500(1005) (1.94e+00 1.77e+00) XE:1.77e-01 (1.21e+00 1.20e+00 | 6.60e-01 6.56e-01)	5.852531e+00 5.914828e+00 : 8.405257e-01
8522(1009) (1.36e+00 1.77e+00) XE:1.77e-01 (1.20e+00 1.20e+00 | 6.70e-01 6.56e-01)	5.852470e+00 5.914867e+00 : 8.405241e-01
8543(1007) (2.06e+00 1.77e+00) XE:1.77e-01 (1.20e+00 1.20e+00 | 6.38e-01 6.56e-01)	5.852303e+00 5.914843e+00 : 8.405104e-01
8565(1002) (1.72e+00 1.77e+00) XE:1.77e-01 (1.21e+00 1.20e+00 | 6.82e-01 6.56e-01)	5.852488e+00 5.914879e+00 : 8.405262e-01
8587(1002) (1.68e+00 1.77e+00) XE:1.77e-01 (1.22e+00 1.20e+00 | 7.71e-01 6.56e-01)	5.852524e+00 5.914757e+00 : 8.405201e-01
8609(1008) (1.47e+00 1.77e+00) XE:1.77e-01 (1.19e+00 1.20e+00 | 6.60e-01 6.56e-01)	5.852614e+00 5.914665e+00 : 8.405199e-01
8631(985) (1.97e+00 1.77e+00) XE:1.77e-01 (1.24e+00 1.20e+00 | 7.25e-01 6.56e-01)	5.852510e+00 5.914525e+00 : 8.405025e-01
8652(1010) (1.58e+00 1.77e+00) XE:1.77e-01 (1.18e+00 1.20e+00 | 5.93e-01 6.56e-01)	5.852464e+00 5.914538e+00 : 8.405001e-01
8674(996) (1.88e+00 1.77e+00) XE:1.77e-01 (1.17e+00 1.20e+00 | 6.52e-01 6.56e-01)	5.852347e+00 5.914388e+00 : 8.404811e-01
8696(987) (1.72e+00 1.77e+00) XE:1.77e-01 (1.17e+00 1.20e+00 | 6.54e-01 6.56e-01)	5.852525e+00 5.914392e+00 : 8.404941e-01
8718(1008) (1.71e+00 1.77e+00) XE:1.77e-01 (1.23e+00 1.20e+00 | 6.64e-01 6.56e-01)	5.852302e+00 5.914194e+00 : 8.404640e-01
8740(994) (1.50e+00 1.77e+00) XE:1.77e-01 (1.23e+00 1.20e+00 | 6.86e-01 6.56e-01)	5.852176e+00 5.914194e+00 : 8.404550e-01
8761(1000) (1.79e+00 1.77e+00) XE:1.77e-01 (1.17e+00 1.20e+00 | 6.42e-01 6.56e-01)	5.852219e+00 5.914236e+00 : 8.404611e-01
8783(1006) (1.38e+00 1.77e+00) XE:1.77e-01 (1.17e+00 1.20e+00 | 5.97e-01 6.56e-01)	5.852222e+00 5.914134e+00 : 8.404539e-01
8805(990) (2.12e+00 1.77e+00) XE:1.77e-01 (1.18e+00 1.20e+00 | 6.74e-01 6.56e-01)	5.852093e+00 5.913993e+00 : 8.404347e-01
8827(1000) (1.81e+00 1.77e+00) XE:1.77e-01 (1.22e+00 1.20e+00 | 6.70e-01 6.56e-01)	5.852126e+00 5.913898e+00 : 8.404303e-01
8848(990) (1.80e+00 1.77e+00) XE:1.77e-01 (1.19e+00 1.20e+00 | 6.60e-01 6.56e-01)	5.852207e+00 5.913820e+00 : 8.404305e-01
8870(987) (1.77e+00 1.77e+00) XE:1.77e-01 (1.23e+00 1.20e+00 | 7.55e-01 6.56e-01)	5.852247e+00 5.913712e+00 : 8.404257e-01
8892(1000) (1.63e+00 1.77e+00) XE:1.77e-01 (1.18e+00 1.20e+00 | 7.06e-01 6.56e-01)	5.852445e+00 5.913651e+00 : 8.404355e-01
8914(1003) (1.60e+00 1.77e+00) XE:1.77e-01 (1.22e+00 1.20e+00 | 7.45e-01 6.56e-01)	5.852272e+00 5.913628e+00 : 8.404214e-01
8936(1000) (1.62e+00 1.77e+00) XE:1.77e-01 (1.23e+00 1.20e+00 | 6.62e-01 6.56e-01)	5.852292e+00 5.913701e+00 : 8.404281e-01
8957(1011) (1.63e+00 1.77e+00) XE:1.77e-01 (1.18e+00 1.20e+00 | 5.95e-01 6.56e-01)	5.852123e+00 5.913601e+00 : 8.404089e-01
8979(998) (1.72e+00 1.77e+00) XE:1.77e-01 (1.24e+00 1.20e+00 | 7.02e-01 6.56e-01)	5.851859e+00 5.913346e+00 : 8.403718e-01
9001(995) (1.90e+00 1.77e+00) XE:1.77e-01 (1.22e+00 1.20e+00 | 6.80e-01 6.56e-01)	5.851681e+00 5.913441e+00 : 8.403658e-01
9023(996) (2.37e+00 1.77e+00) XE:1.77e-01 (1.19e+00 1.20e+00 | 6.74e-01 6.56e-01)	5.851707e+00 5.913176e+00 : 8.403488e-01
9044(987) (2.05e+00 1.77e+00) XE:1.77e-01 (1.18e+00 1.20e+00 | 6.40e-01 6.56e-01)	5.851627e+00 5.912987e+00 : 8.403296e-01
9066(990) (1.87e+00 1.77e+00) XE:1.77e-01 (1.19e+00 1.20e+00 | 7.12e-01 6.56e-01)	5.851567e+00 5.912925e+00 : 8.403209e-01
9088(1001) (1.76e+00 1.77e+00) XE:1.77e-01 (1.23e+00 1.20e+00 | 6.54e-01 6.56e-01)	5.851383e+00 5.913004e+00 : 8.403134e-01
9110(1009) (2.08e+00 1.77e+00) XE:1.77e-01 (1.20e+00 1.20e+00 | 6.26e-01 6.56e-01)	5.851401e+00 5.912942e+00 : 8.403102e-01
9132(1000) (1.69e+00 1.77e+00) XE:1.77e-01 (1.18e+00 1.20e+00 | 5.97e-01 6.56e-01)	5.851162e+00 5.912906e+00 : 8.402906e-01
9154(1010) (1.70e+00 1.77e+00) XE:1.77e-01 (1.19e+00 1.20e+00 | 6.32e-01 6.56e-01)	5.851245e+00 5.912961e+00 : 8.403004e-01
9175(1005) (2.01e+00 1.77e+00) XE:1.77e-01 (1.21e+00 1.20e+00 | 6.88e-01 6.56e-01)	5.851261e+00 5.913017e+00 : 8.403055e-01
9197(1004) (1.45e+00 1.77e+00) XE:1.77e-01 (1.18e+00 1.20e+00 | 6.42e-01 6.56e-01)	5.851000e+00 5.912882e+00 : 8.402773e-01
9219(995) (2.14e+00 1.77e+00) XE:1.77e-01 (1.19e+00 1.20e+00 | 6.36e-01 6.56e-01)	5.850832e+00 5.912695e+00 : 8.402519e-01
9241(988) (2.02e+00 1.77e+00) XE:1.77e-01 (1.22e+00 1.20e+00 | 6.42e-01 6.56e-01)	5.850781e+00 5.912673e+00 : 8.402467e-01
9262(1008) (1.83e+00 1.77e+00) XE:1.77e-01 (1.21e+00 1.20e+00 | 6.24e-01 6.56e-01)	5.850657e+00 5.912657e+00 : 8.402368e-01
9284(1016) (2.31e+00 1.77e+00) XE:1.77e-01 (1.20e+00 1.20e+00 | 6.72e-01 6.56e-01)	5.850734e+00 5.912665e+00 : 8.402428e-01
9306(999) (1.89e+00 1.77e+00) XE:1.77e-01 (1.20e+00 1.20e+00 | 6.94e-01 6.56e-01)	5.850575e+00 5.912294e+00 : 8.402050e-01
9328(998) (1.51e+00 1.77e+00) XE:1.77e-01 (1.21e+00 1.20e+00 | 6.07e-01 6.56e-01)	5.850422e+00 5.912218e+00 : 8.401885e-01
9349(994) (1.44e+00 1.77e+00) XE:1.77e-01 (1.21e+00 1.20e+00 | 6.82e-01 6.56e-01)	5.850595e+00 5.912375e+00 : 8.402121e-01
9371(1008) (1.95e+00 1.77e+00) XE:1.77e-01 (1.23e+00 1.20e+00 | 6.40e-01 6.56e-01)	5.850471e+00 5.912011e+00 : 8.401773e-01
9393(999) (1.57e+00 1.77e+00) XE:1.77e-01 (1.21e+00 1.20e+00 | 6.44e-01 6.56e-01)	5.850622e+00 5.912004e+00 : 8.401876e-01
9415(991) (1.66e+00 1.77e+00) XE:1.77e-01 (1.21e+00 1.20e+00 | 6.24e-01 6.56e-01)	5.850659e+00 5.912128e+00 : 8.401990e-01
9437(989) (1.73e+00 1.77e+00) XE:1.77e-01 (1.21e+00 1.20e+00 | 6.90e-01 6.56e-01)	5.850939e+00 5.912195e+00 : 8.402239e-01
9458(998) (1.64e+00 1.77e+00) XE:1.77e-01 (1.20e+00 1.20e+00 | 6.64e-01 6.56e-01)	5.850931e+00 5.912013e+00 : 8.402103e-01
9480(1002) (2.30e+00 1.77e+00) XE:1.77e-01 (1.19e+00 1.20e+00 | 6.30e-01 6.56e-01)	5.850609e+00 5.911966e+00 : 8.401839e-01
9502(998) (1.89e+00 1.77e+00) XE:1.77e-01 (1.19e+00 1.20e+00 | 6.74e-01 6.56e-01)	5.850692e+00 5.911933e+00 : 8.401874e-01
9524(987) (1.55e+00 1.77e+00) XE:1.77e-01 (1.22e+00 1.20e+00 | 6.34e-01 6.56e-01)	5.850719e+00 5.912081e+00 : 8.402000e-01
9545(994) (1.75e+00 1.77e+00) XE:1.77e-01 (1.22e+00 1.20e+00 | 6.92e-01 6.56e-01)	5.850779e+00 5.911953e+00 : 8.401951e-01
9567(999) (1.78e+00 1.77e+00) XE:1.77e-01 (1.21e+00 1.20e+00 | 6.72e-01 6.56e-01)	5.850820e+00 5.911896e+00 : 8.401940e-01
9589(1001) (1.41e+00 1.77e+00) XE:1.77e-01 (1.21e+00 1.20e+00 | 6.94e-01 6.56e-01)	5.850860e+00 5.911925e+00 : 8.401989e-01
9611(1019) (1.49e+00 1.77e+00) XE:1.77e-01 (1.19e+00 1.20e+00 | 6.88e-01 6.56e-01)	5.850705e+00 5.911944e+00 : 8.401892e-01
9633(981) (1.76e+00 1.77e+00) XE:1.77e-01 (1.19e+00 1.20e+00 | 7.02e-01 6.56e-01)	5.850514e+00 5.911874e+00 : 8.401705e-01
9654(1007) (1.47e+00 1.77e+00) XE:1.77e-01 (1.18e+00 1.20e+00 | 6.70e-01 6.56e-01)	5.850665e+00 5.911932e+00 : 8.401855e-01
9676(999) (1.55e+00 1.77e+00) XE:1.77e-01 (1.21e+00 1.20e+00 | 6.68e-01 6.56e-01)	5.850651e+00 5.911935e+00 : 8.401847e-01
9698(993) (1.83e+00 1.77e+00) XE:1.77e-01 (1.19e+00 1.20e+00 | 6.07e-01 6.56e-01)	5.850505e+00 5.911895e+00 : 8.401715e-01
9720(1002) (1.66e+00 1.77e+00) XE:1.77e-01 (1.19e+00 1.20e+00 | 6.14e-01 6.56e-01)	5.850323e+00 5.911853e+00 : 8.401554e-01
9741(999) (2.24e+00 1.77e+00) XE:1.77e-01 (1.20e+00 1.20e+00 | 6.20e-01 6.56e-01)	5.850220e+00 5.911722e+00 : 8.401387e-01
9763(986) (1.98e+00 1.77e+00) XE:1.77e-01 (1.23e+00 1.20e+00 | 6.62e-01 6.56e-01)	5.850213e+00 5.911633e+00 : 8.401319e-01
9785(1003) (1.97e+00 1.77e+00) XE:1.77e-01 (1.19e+00 1.20e+00 | 6.58e-01 6.56e-01)	5.849982e+00 5.911403e+00 : 8.400989e-01
9807(999) (1.69e+00 1.77e+00) XE:1.77e-01 (1.21e+00 1.20e+00 | 6.48e-01 6.56e-01)	5.849836e+00 5.911283e+00 : 8.400799e-01
9829(998) (2.03e+00 1.77e+00) XE:1.77e-01 (1.17e+00 1.20e+00 | 6.74e-01 6.56e-01)	5.848857e+00 5.910401e+00 : 8.399470e-01
9850(993) (1.58e+00 1.77e+00) XE:1.77e-01 (1.18e+00 1.20e+00 | 6.36e-01 6.56e-01)	5.848682e+00 5.910275e+00 : 8.399255e-01
9872(1011) (2.28e+00 1.77e+00) XE:1.77e-01 (1.19e+00 1.20e+00 | 6.78e-01 6.56e-01)	5.848709e+00 5.910341e+00 : 8.399321e-01
9894(996) (1.56e+00 1.77e+00) XE:1.77e-01 (1.21e+00 1.20e+00 | 6.14e-01 6.56e-01)	5.848703e+00 5.910314e+00 : 8.399298e-01
9916(971) (2.52e+00 1.77e+00) XE:1.77e-01 (1.21e+00 1.20e+00 | 6.76e-01 6.56e-01)	5.848623e+00 5.910269e+00 : 8.399208e-01
9938(998) (1.88e+00 1.77e+00) XE:1.77e-01 (1.19e+00 1.20e+00 | 6.30e-01 6.56e-01)	5.848542e+00 5.910339e+00 : 8.399201e-01
9959(1001) (1.56e+00 1.77e+00) XE:1.77e-01 (1.19e+00 1.20e+00 | 6.70e-01 6.56e-01)	5.848507e+00 5.910269e+00 : 8.399126e-01
9981(996) (1.31e+00 1.77e+00) XE:1.77e-01 (1.24e+00 1.20e+00 | 7.14e-01 6.56e-01)	5.848377e+00 5.910160e+00 : 8.398955e-01
10000(993) (1.91e+00 1.77e+00) XE:1.77e-01 (1.20e+00 1.20e+00 | 6.96e-01 6.56e-01)	5.848299e+00 5.909884e+00 : 8.398703e-01
RL cnt: 0,6763740,1414955,125745,4540,191,0,0,0,0,0,0,0,0,0,0,
BL cnt: 0,0,0,0,0,0,55961,0,1514514,0,6769238,0,1514484,0,55803,0,0,0,0,0,0,
5.848299e+00 5.909884e+00 : 8.398703e-01
# InnerCodebook: deleted
# NBIDSchannel: deleted
# Gtable: deleted
# FBalg4: deleted
# StatICB: deleted
