# (Pid,Ps)=(4.000000e-02,1.000000e-02) Nseg=200 WinSize=10 lmd=1 [0]
# InnerCB: ../search03/ICB/A12.bin
# Gtable:  Gtable/5/040_010.bin
# InnerCodebook: beta=5(1024) nu=2
# InnerCodebook: B(B2p)=7(128) 7(128) 
# InnerCodebook: checked CWM, EncMap, DecMap
# beta=5(1024) nu=2 N=1000 Dmax=45
# B=7,7,
# NBIDSchannel: N=1000 Q=4 Dmax=45 (Pid,Ps)=(4.000000e-02,1.000000e-02)
# FBalg4: Nseg=200 Dmax=45(w=91)
# FBalg4: Gtable: Gtable/5/040_010.bin
# Gtable: beta=5 (Pid,Ps,Ptrn)=(4.000000e-02,1.000000e-02,9.200000e-01) Pth=1.000000e-10
# Gtable: beta4p=1024 beta4pp=1048576
# Gtable::Gtable len=0 cnt=1024
# Gtable::Gtable len=1 cnt=4096
# Gtable::Gtable len=2 cnt=16384
# Gtable::Gtable len=3 cnt=65536
# Gtable::Gtable len=4 cnt=241636
# Gtable::Gtable len=5 cnt=810652
# Gtable::Gtable len=6 cnt=1541824
# Gtable::Gtable len=7 cnt=2116924
# Gtable::Gtable len=8 cnt=1264036
# Gtable::Gtable len=9 cnt=104812
# Gtable::Gtable len=10 cnt=31744
# FBalg4: beta=5(1024) (Pid,Ps)=(4.000000e-02,1.000000e-02) Pth=1.000000e-10 N=1000
# StatICB: nu=2 beta=5 beta4p=1024 Bsum=14 lmd=1
# StatICB: B=7,7,
0018(1006) (2.10e+00 2.22e+00) XE:2.22e-01 (1.21e+00 1.20e+00 | 6.38e-01 6.51e-01)	6.540437e+00 6.524729e+00 : 9.332261e-01
0035(982) (2.71e+00 2.25e+00) XE:2.25e-01 (1.22e+00 1.20e+00 | 6.07e-01 6.54e-01)	6.385274e+00 6.379661e+00 : 9.117810e-01
0053(999) (2.64e+00 2.28e+00) XE:2.28e-01 (1.23e+00 1.20e+00 | 6.44e-01 6.53e-01)	6.264208e+00 6.254201e+00 : 8.941720e-01
0071(986) (2.17e+00 2.25e+00) XE:2.25e-01 (1.21e+00 1.20e+00 | 6.62e-01 6.49e-01)	6.181851e+00 6.182132e+00 : 8.831416e-01
0088(1004) (2.08e+00 2.26e+00) XE:2.26e-01 (1.22e+00 1.20e+00 | 6.32e-01 6.49e-01)	6.118518e+00 6.121062e+00 : 8.742557e-01
0106(1004) (2.75e+00 2.25e+00) XE:2.25e-01 (1.21e+00 1.20e+00 | 6.74e-01 6.49e-01)	6.071941e+00 6.091727e+00 : 8.688334e-01
0123(987) (2.31e+00 2.24e+00) XE:2.24e-01 (1.19e+00 1.20e+00 | 6.46e-01 6.52e-01)	6.022903e+00 6.065917e+00 : 8.634871e-01
0141(1004) (1.83e+00 2.24e+00) XE:2.24e-01 (1.20e+00 1.20e+00 | 6.64e-01 6.53e-01)	5.979079e+00 6.029398e+00 : 8.577484e-01
0159(994) (2.00e+00 2.23e+00) XE:2.23e-01 (1.19e+00 1.20e+00 | 5.75e-01 6.54e-01)	5.950595e+00 6.010548e+00 : 8.543673e-01
0176(1012) (2.19e+00 2.24e+00) XE:2.24e-01 (1.19e+00 1.20e+00 | 6.88e-01 6.55e-01)	5.926882e+00 5.978448e+00 : 8.503807e-01
0194(996) (2.30e+00 2.25e+00) XE:2.25e-01 (1.18e+00 1.20e+00 | 6.64e-01 6.53e-01)	5.898967e+00 5.960362e+00 : 8.470949e-01
0211(992) (2.08e+00 2.26e+00) XE:2.26e-01 (1.21e+00 1.20e+00 | 6.50e-01 6.54e-01)	5.874876e+00 5.940768e+00 : 8.439746e-01
0229(997) (2.16e+00 2.25e+00) XE:2.25e-01 (1.21e+00 1.20e+00 | 6.94e-01 6.54e-01)	5.856936e+00 5.928683e+00 : 8.418299e-01
0247(999) (2.90e+00 2.26e+00) XE:2.26e-01 (1.18e+00 1.20e+00 | 6.36e-01 6.53e-01)	5.840427e+00 5.911635e+00 : 8.394330e-01
0264(1005) (1.84e+00 2.25e+00) XE:2.25e-01 (1.22e+00 1.20e+00 | 6.50e-01 6.53e-01)	5.836053e+00 5.902466e+00 : 8.384656e-01
0282(999) (2.61e+00 2.26e+00) XE:2.26e-01 (1.22e+00 1.20e+00 | 6.66e-01 6.54e-01)	5.820152e+00 5.886534e+00 : 8.361918e-01
0299(994) (2.57e+00 2.25e+00) XE:2.25e-01 (1.19e+00 1.20e+00 | 6.72e-01 6.55e-01)	5.815983e+00 5.880741e+00 : 8.354803e-01
0317(998) (2.17e+00 2.25e+00) XE:2.25e-01 (1.21e+00 1.20e+00 | 7.00e-01 6.55e-01)	5.804731e+00 5.869236e+00 : 8.338547e-01
0335(992) (1.93e+00 2.25e+00) XE:2.25e-01 (1.19e+00 1.20e+00 | 5.69e-01 6.56e-01)	5.794304e+00 5.858942e+00 : 8.323747e-01
0352(988) (2.64e+00 2.25e+00) XE:2.25e-01 (1.18e+00 1.20e+00 | 6.01e-01 6.55e-01)	5.788723e+00 5.851154e+00 : 8.314198e-01
0370(999) (2.65e+00 2.25e+00) XE:2.25e-01 (1.18e+00 1.20e+00 | 6.32e-01 6.55e-01)	5.778903e+00 5.837631e+00 : 8.297525e-01
0387(993) (2.69e+00 2.25e+00) XE:2.25e-01 (1.25e+00 1.20e+00 | 6.40e-01 6.56e-01)	5.772885e+00 5.832941e+00 : 8.289876e-01
0405(1011) (2.18e+00 2.25e+00) XE:2.25e-01 (1.20e+00 1.20e+00 | 6.54e-01 6.56e-01)	5.761562e+00 5.822743e+00 : 8.274504e-01
0423(1001) (1.98e+00 2.25e+00) XE:2.25e-01 (1.18e+00 1.20e+00 | 6.86e-01 6.56e-01)	5.756959e+00 5.811337e+00 : 8.263069e-01
0440(1002) (2.63e+00 2.25e+00) XE:2.25e-01 (1.19e+00 1.20e+00 | 6.66e-01 6.55e-01)	5.751449e+00 5.806794e+00 : 8.255888e-01
0458(991) (2.03e+00 2.25e+00) XE:2.25e-01 (1.18e+00 1.20e+00 | 6.94e-01 6.56e-01)	5.744899e+00 5.801205e+00 : 8.247216e-01
0475(991) (2.60e+00 2.25e+00) XE:2.25e-01 (1.21e+00 1.20e+00 | 6.62e-01 6.55e-01)	5.739465e+00 5.798511e+00 : 8.241412e-01
0493(994) (2.10e+00 2.25e+00) XE:2.25e-01 (1.21e+00 1.20e+00 | 6.50e-01 6.55e-01)	5.736331e+00 5.796528e+00 : 8.237756e-01
0510(1000) (2.05e+00 2.25e+00) XE:2.25e-01 (1.18e+00 1.20e+00 | 6.09e-01 6.55e-01)	5.734335e+00 5.789371e+00 : 8.231219e-01
0527(994) (2.33e+00 2.25e+00) XE:2.25e-01 (1.22e+00 1.20e+00 | 7.45e-01 6.55e-01)	5.730036e+00 5.783575e+00 : 8.224007e-01
0545(995) (1.87e+00 2.25e+00) XE:2.25e-01 (1.19e+00 1.20e+00 | 6.03e-01 6.55e-01)	5.724840e+00 5.779810e+00 : 8.217607e-01
0562(992) (2.34e+00 2.24e+00) XE:2.24e-01 (1.17e+00 1.20e+00 | 6.36e-01 6.55e-01)	5.724453e+00 5.776271e+00 : 8.214803e-01
0580(1014) (2.52e+00 2.24e+00) XE:2.24e-01 (1.21e+00 1.20e+00 | 6.64e-01 6.55e-01)	5.718676e+00 5.772335e+00 : 8.207865e-01
0597(999) (2.17e+00 2.25e+00) XE:2.25e-01 (1.20e+00 1.20e+00 | 6.50e-01 6.55e-01)	5.711615e+00 5.769508e+00 : 8.200802e-01
0614(988) (2.35e+00 2.25e+00) XE:2.25e-01 (1.21e+00 1.20e+00 | 6.84e-01 6.55e-01)	5.706113e+00 5.764332e+00 : 8.193175e-01
0632(1000) (2.46e+00 2.25e+00) XE:2.25e-01 (1.21e+00 1.20e+00 | 6.54e-01 6.54e-01)	5.702117e+00 5.759923e+00 : 8.187171e-01
0649(986) (3.00e+00 2.24e+00) XE:2.24e-01 (1.22e+00 1.20e+00 | 6.78e-01 6.54e-01)	5.701712e+00 5.756939e+00 : 8.184751e-01
0667(1015) (1.85e+00 2.25e+00) XE:2.25e-01 (1.22e+00 1.20e+00 | 6.78e-01 6.55e-01)	5.698678e+00 5.753833e+00 : 8.180365e-01
0684(982) (2.59e+00 2.25e+00) XE:2.25e-01 (1.19e+00 1.20e+00 | 6.48e-01 6.55e-01)	5.694210e+00 5.748337e+00 : 8.173248e-01
0701(1011) (1.62e+00 2.25e+00) XE:2.25e-01 (1.20e+00 1.20e+00 | 5.69e-01 6.55e-01)	5.689836e+00 5.746024e+00 : 8.168471e-01
0719(1005) (2.33e+00 2.24e+00) XE:2.24e-01 (1.21e+00 1.20e+00 | 6.70e-01 6.55e-01)	5.688809e+00 5.745027e+00 : 8.167026e-01
0736(1000) (2.01e+00 2.24e+00) XE:2.24e-01 (1.19e+00 1.20e+00 | 6.60e-01 6.55e-01)	5.684968e+00 5.742762e+00 : 8.162664e-01
0754(987) (2.63e+00 2.24e+00) XE:2.24e-01 (1.20e+00 1.20e+00 | 6.60e-01 6.55e-01)	5.682585e+00 5.738362e+00 : 8.157819e-01
0771(1003) (2.50e+00 2.24e+00) XE:2.24e-01 (1.22e+00 1.20e+00 | 6.68e-01 6.55e-01)	5.677399e+00 5.736393e+00 : 8.152709e-01
0788(1001) (2.14e+00 2.24e+00) XE:2.24e-01 (1.20e+00 1.20e+00 | 7.00e-01 6.55e-01)	5.672564e+00 5.735816e+00 : 8.148843e-01
0806(1016) (2.22e+00 2.24e+00) XE:2.24e-01 (1.20e+00 1.20e+00 | 6.42e-01 6.55e-01)	5.669177e+00 5.731950e+00 : 8.143662e-01
0823(1002) (2.74e+00 2.24e+00) XE:2.24e-01 (1.21e+00 1.20e+00 | 6.92e-01 6.55e-01)	5.666191e+00 5.728214e+00 : 8.138861e-01
0840(995) (2.36e+00 2.24e+00) XE:2.24e-01 (1.20e+00 1.20e+00 | 6.22e-01 6.55e-01)	5.664406e+00 5.726857e+00 : 8.136617e-01
0858(978) (2.91e+00 2.24e+00) XE:2.24e-01 (1.23e+00 1.20e+00 | 6.86e-01 6.55e-01)	5.662147e+00 5.725307e+00 : 8.133896e-01
0875(1007) (2.35e+00 2.25e+00) XE:2.25e-01 (1.20e+00 1.20e+00 | 6.58e-01 6.55e-01)	5.660528e+00 5.723469e+00 : 8.131426e-01
0893(1005) (1.95e+00 2.24e+00) XE:2.24e-01 (1.19e+00 1.20e+00 | 6.30e-01 6.55e-01)	5.658481e+00 5.723996e+00 : 8.130340e-01
0910(1009) (1.69e+00 2.24e+00) XE:2.24e-01 (1.17e+00 1.20e+00 | 6.18e-01 6.55e-01)	5.657395e+00 5.722375e+00 : 8.128407e-01
0927(986) (2.69e+00 2.24e+00) XE:2.24e-01 (1.17e+00 1.20e+00 | 6.34e-01 6.55e-01)	5.653775e+00 5.718496e+00 : 8.123051e-01
0945(984) (3.10e+00 2.24e+00) XE:2.24e-01 (1.19e+00 1.20e+00 | 5.95e-01 6.55e-01)	5.651491e+00 5.716462e+00 : 8.119967e-01
0962(998) (1.81e+00 2.24e+00) XE:2.24e-01 (1.23e+00 1.20e+00 | 6.84e-01 6.55e-01)	5.648772e+00 5.714456e+00 : 8.116592e-01
0979(992) (2.08e+00 2.25e+00) XE:2.25e-01 (1.21e+00 1.20e+00 | 6.24e-01 6.55e-01)	5.643144e+00 5.708079e+00 : 8.108016e-01
0997(991) (2.35e+00 2.24e+00) XE:2.24e-01 (1.21e+00 1.20e+00 | 6.48e-01 6.55e-01)	5.641002e+00 5.708020e+00 : 8.106444e-01
1014(990) (2.55e+00 2.24e+00) XE:2.24e-01 (1.19e+00 1.20e+00 | 6.46e-01 6.55e-01)	5.640705e+00 5.707589e+00 : 8.105924e-01
1032(1005) (1.95e+00 2.25e+00) XE:2.25e-01 (1.19e+00 1.20e+00 | 6.78e-01 6.55e-01)	5.634383e+00 5.703305e+00 : 8.098348e-01
1049(999) (2.67e+00 2.25e+00) XE:2.25e-01 (1.19e+00 1.20e+00 | 6.62e-01 6.55e-01)	5.629981e+00 5.698798e+00 : 8.091985e-01
1066(995) (2.88e+00 2.25e+00) XE:2.25e-01 (1.20e+00 1.20e+00 | 6.84e-01 6.55e-01)	5.628510e+00 5.696154e+00 : 8.089046e-01
1084(1014) (2.01e+00 2.25e+00) XE:2.25e-01 (1.21e+00 1.20e+00 | 6.48e-01 6.55e-01)	5.624536e+00 5.692233e+00 : 8.083407e-01
1101(1002) (2.12e+00 2.25e+00) XE:2.25e-01 (1.21e+00 1.20e+00 | 6.78e-01 6.55e-01)	5.623434e+00 5.691445e+00 : 8.082056e-01
1118(1001) (2.52e+00 2.25e+00) XE:2.25e-01 (1.19e+00 1.20e+00 | 6.60e-01 6.55e-01)	5.622917e+00 5.692227e+00 : 8.082246e-01
1136(999) (2.36e+00 2.25e+00) XE:2.25e-01 (1.24e+00 1.20e+00 | 6.68e-01 6.55e-01)	5.620944e+00 5.691042e+00 : 8.079990e-01
1153(998) (1.80e+00 2.25e+00) XE:2.25e-01 (1.22e+00 1.20e+00 | 6.58e-01 6.55e-01)	5.619985e+00 5.690552e+00 : 8.078955e-01
1171(1000) (1.70e+00 2.25e+00) XE:2.25e-01 (1.19e+00 1.20e+00 | 6.70e-01 6.55e-01)	5.615616e+00 5.685528e+00 : 8.072246e-01
1188(1006) (2.12e+00 2.25e+00) XE:2.25e-01 (1.19e+00 1.20e+00 | 6.14e-01 6.55e-01)	5.613990e+00 5.684084e+00 : 8.070053e-01
1205(990) (2.44e+00 2.25e+00) XE:2.25e-01 (1.21e+00 1.20e+00 | 7.33e-01 6.55e-01)	5.611940e+00 5.682763e+00 : 8.067645e-01
1223(997) (2.45e+00 2.25e+00) XE:2.25e-01 (1.23e+00 1.20e+00 | 6.74e-01 6.55e-01)	5.610471e+00 5.681032e+00 : 8.065359e-01
1240(998) (2.58e+00 2.25e+00) XE:2.25e-01 (1.22e+00 1.20e+00 | 6.54e-01 6.55e-01)	5.610207e+00 5.678777e+00 : 8.063560e-01
1258(991) (2.41e+00 2.25e+00) XE:2.25e-01 (1.16e+00 1.20e+00 | 5.51e-01 6.55e-01)	5.607902e+00 5.676686e+00 : 8.060420e-01
1275(1012) (2.32e+00 2.25e+00) XE:2.25e-01 (1.21e+00 1.20e+00 | 6.80e-01 6.55e-01)	5.603061e+00 5.672159e+00 : 8.053729e-01
1292(1002) (2.69e+00 2.25e+00) XE:2.25e-01 (1.20e+00 1.20e+00 | 6.50e-01 6.55e-01)	5.603744e+00 5.672008e+00 : 8.054109e-01
1310(984) (2.38e+00 2.25e+00) XE:2.25e-01 (1.22e+00 1.20e+00 | 6.52e-01 6.55e-01)	5.602421e+00 5.671161e+00 : 8.052558e-01
1327(1013) (2.17e+00 2.25e+00) XE:2.25e-01 (1.20e+00 1.20e+00 | 6.72e-01 6.55e-01)	5.600507e+00 5.670421e+00 : 8.050662e-01
1345(995) (2.17e+00 2.25e+00) XE:2.25e-01 (1.20e+00 1.20e+00 | 6.78e-01 6.55e-01)	5.599934e+00 5.668837e+00 : 8.049122e-01
1362(996) (1.89e+00 2.25e+00) XE:2.25e-01 (1.22e+00 1.20e+00 | 7.16e-01 6.55e-01)	5.599851e+00 5.668260e+00 : 8.048651e-01
1379(987) (2.30e+00 2.25e+00) XE:2.25e-01 (1.19e+00 1.20e+00 | 6.60e-01 6.55e-01)	5.600147e+00 5.668231e+00 : 8.048842e-01
1397(1009) (1.99e+00 2.25e+00) XE:2.25e-01 (1.22e+00 1.20e+00 | 6.66e-01 6.55e-01)	5.599970e+00 5.668076e+00 : 8.048604e-01
1414(992) (2.40e+00 2.25e+00) XE:2.25e-01 (1.20e+00 1.20e+00 | 6.54e-01 6.55e-01)	5.598598e+00 5.668528e+00 : 8.047947e-01
1432(1004) (2.11e+00 2.25e+00) XE:2.25e-01 (1.21e+00 1.20e+00 | 6.44e-01 6.55e-01)	5.598575e+00 5.666273e+00 : 8.046320e-01
1449(977) (2.89e+00 2.25e+00) XE:2.25e-01 (1.23e+00 1.20e+00 | 6.76e-01 6.55e-01)	5.598032e+00 5.665278e+00 : 8.045222e-01
1466(1007) (2.30e+00 2.25e+00) XE:2.25e-01 (1.19e+00 1.20e+00 | 6.32e-01 6.55e-01)	5.597191e+00 5.665982e+00 : 8.045124e-01
1484(1011) (1.61e+00 2.25e+00) XE:2.25e-01 (1.20e+00 1.20e+00 | 6.16e-01 6.55e-01)	5.596432e+00 5.664324e+00 : 8.043398e-01
1501(999) (2.57e+00 2.25e+00) XE:2.25e-01 (1.20e+00 1.20e+00 | 7.02e-01 6.55e-01)	5.594533e+00 5.662844e+00 : 8.040984e-01
1519(993) (2.47e+00 2.25e+00) XE:2.25e-01 (1.21e+00 1.20e+00 | 6.46e-01 6.55e-01)	5.592212e+00 5.661486e+00 : 8.038356e-01
1536(999) (2.23e+00 2.25e+00) XE:2.25e-01 (1.20e+00 1.20e+00 | 6.56e-01 6.55e-01)	5.590393e+00 5.660300e+00 : 8.036209e-01
1553(995) (2.17e+00 2.25e+00) XE:2.25e-01 (1.21e+00 1.20e+00 | 6.76e-01 6.55e-01)	5.588811e+00 5.659224e+00 : 8.034311e-01
1571(1001) (1.81e+00 2.25e+00) XE:2.25e-01 (1.19e+00 1.20e+00 | 6.72e-01 6.55e-01)	5.585129e+00 5.655821e+00 : 8.029250e-01
1588(1006) (2.59e+00 2.25e+00) XE:2.25e-01 (1.20e+00 1.20e+00 | 6.40e-01 6.55e-01)	5.584396e+00 5.655345e+00 : 8.028386e-01
1605(996) (1.84e+00 2.25e+00) XE:2.25e-01 (1.22e+00 1.20e+00 | 7.25e-01 6.55e-01)	5.583487e+00 5.654743e+00 : 8.027307e-01
1623(1002) (2.45e+00 2.25e+00) XE:2.25e-01 (1.20e+00 1.20e+00 | 6.66e-01 6.56e-01)	5.581160e+00 5.653509e+00 : 8.024764e-01
1640(998) (1.88e+00 2.25e+00) XE:2.25e-01 (1.22e+00 1.20e+00 | 6.16e-01 6.55e-01)	5.581282e+00 5.652847e+00 : 8.024378e-01
1658(993) (2.40e+00 2.25e+00) XE:2.25e-01 (1.20e+00 1.20e+00 | 6.48e-01 6.55e-01)	5.579595e+00 5.651533e+00 : 8.022234e-01
1675(994) (2.78e+00 2.25e+00) XE:2.25e-01 (1.21e+00 1.20e+00 | 7.23e-01 6.55e-01)	5.578821e+00 5.651087e+00 : 8.021363e-01
1692(996) (1.86e+00 2.25e+00) XE:2.25e-01 (1.20e+00 1.20e+00 | 6.76e-01 6.56e-01)	5.578327e+00 5.649908e+00 : 8.020168e-01
1710(995) (2.42e+00 2.25e+00) XE:2.25e-01 (1.22e+00 1.20e+00 | 6.92e-01 6.55e-01)	5.578606e+00 5.649753e+00 : 8.020257e-01
1727(988) (2.35e+00 2.25e+00) XE:2.25e-01 (1.22e+00 1.20e+00 | 5.93e-01 6.56e-01)	5.577046e+00 5.648226e+00 : 8.018051e-01
1744(999) (2.18e+00 2.25e+00) XE:2.25e-01 (1.17e+00 1.20e+00 | 6.56e-01 6.55e-01)	5.576899e+00 5.649087e+00 : 8.018562e-01
1762(999) (2.20e+00 2.25e+00) XE:2.25e-01 (1.21e+00 1.20e+00 | 6.94e-01 6.55e-01)	5.576586e+00 5.647942e+00 : 8.017520e-01
1779(999) (2.20e+00 2.25e+00) XE:2.25e-01 (1.20e+00 1.20e+00 | 6.88e-01 6.55e-01)	5.575632e+00 5.647528e+00 : 8.016543e-01
1796(1011) (2.18e+00 2.25e+00) XE:2.25e-01 (1.21e+00 1.20e+00 | 6.80e-01 6.56e-01)	5.575840e+00 5.646249e+00 : 8.015778e-01
1814(992) (2.02e+00 2.25e+00) XE:2.25e-01 (1.21e+00 1.20e+00 | 6.24e-01 6.55e-01)	5.574534e+00 5.644278e+00 : 8.013437e-01
1831(993) (2.51e+00 2.25e+00) XE:2.25e-01 (1.20e+00 1.20e+00 | 6.58e-01 6.55e-01)	5.574008e+00 5.644259e+00 : 8.013048e-01
1849(1001) (2.47e+00 2.25e+00) XE:2.25e-01 (1.19e+00 1.20e+00 | 6.46e-01 6.55e-01)	5.573061e+00 5.643256e+00 : 8.011655e-01
1866(993) (5.28e+00 2.25e+00) XE:2.25e-01 (1.19e+00 1.20e+00 | 6.28e-01 6.55e-01)	5.567677e+00 5.638306e+00 : 8.004274e-01
1883(1006) (1.99e+00 2.25e+00) XE:2.25e-01 (1.20e+00 1.20e+00 | 6.28e-01 6.55e-01)	5.564969e+00 5.635659e+00 : 8.000448e-01
1901(1008) (2.08e+00 2.25e+00) XE:2.25e-01 (1.21e+00 1.20e+00 | 6.32e-01 6.55e-01)	5.565138e+00 5.636719e+00 : 8.001326e-01
1918(1017) (1.91e+00 2.25e+00) XE:2.25e-01 (1.21e+00 1.20e+00 | 7.25e-01 6.55e-01)	5.565001e+00 5.636329e+00 : 8.000950e-01
1935(988) (2.27e+00 2.25e+00) XE:2.25e-01 (1.20e+00 1.20e+00 | 7.31e-01 6.55e-01)	5.563562e+00 5.634659e+00 : 7.998729e-01
1953(997) (1.96e+00 2.25e+00) XE:2.25e-01 (1.22e+00 1.20e+00 | 6.48e-01 6.55e-01)	5.562518e+00 5.633937e+00 : 7.997468e-01
1970(1003) (1.82e+00 2.25e+00) XE:2.25e-01 (1.20e+00 1.20e+00 | 6.16e-01 6.55e-01)	5.562436e+00 5.634091e+00 : 7.997520e-01
1988(1002) (2.27e+00 2.25e+00) XE:2.25e-01 (1.21e+00 1.20e+00 | 5.57e-01 6.55e-01)	5.561243e+00 5.632868e+00 : 7.995794e-01
2005(1005) (1.80e+00 2.25e+00) XE:2.25e-01 (1.21e+00 1.20e+00 | 6.34e-01 6.55e-01)	5.560446e+00 5.631764e+00 : 7.994436e-01
2022(1007) (2.61e+00 2.25e+00) XE:2.25e-01 (1.19e+00 1.20e+00 | 6.64e-01 6.55e-01)	5.560186e+00 5.631069e+00 : 7.993754e-01
2040(1004) (2.31e+00 2.25e+00) XE:2.25e-01 (1.24e+00 1.20e+00 | 6.54e-01 6.55e-01)	5.559292e+00 5.630667e+00 : 7.992828e-01
2057(1002) (1.91e+00 2.25e+00) XE:2.25e-01 (1.20e+00 1.20e+00 | 6.90e-01 6.55e-01)	5.559085e+00 5.629963e+00 : 7.992177e-01
2075(1004) (2.21e+00 2.25e+00) XE:2.25e-01 (1.21e+00 1.20e+00 | 6.66e-01 6.55e-01)	5.558858e+00 5.629331e+00 : 7.991563e-01
2092(980) (2.62e+00 2.25e+00) XE:2.25e-01 (1.21e+00 1.20e+00 | 6.07e-01 6.55e-01)	5.558271e+00 5.628495e+00 : 7.990547e-01
2109(994) (2.08e+00 2.25e+00) XE:2.25e-01 (1.21e+00 1.20e+00 | 6.86e-01 6.55e-01)	5.557700e+00 5.627385e+00 : 7.989346e-01
2127(1010) (3.02e+00 2.25e+00) XE:2.25e-01 (1.19e+00 1.20e+00 | 6.44e-01 6.55e-01)	5.557176e+00 5.627418e+00 : 7.988995e-01
2144(1009) (2.29e+00 2.25e+00) XE:2.25e-01 (1.19e+00 1.20e+00 | 5.87e-01 6.55e-01)	5.556878e+00 5.626683e+00 : 7.988257e-01
2161(1009) (2.40e+00 2.25e+00) XE:2.25e-01 (1.21e+00 1.20e+00 | 6.66e-01 6.55e-01)	5.557441e+00 5.626906e+00 : 7.988820e-01
2179(981) (2.49e+00 2.25e+00) XE:2.25e-01 (1.19e+00 1.20e+00 | 6.72e-01 6.56e-01)	5.556974e+00 5.625808e+00 : 7.987701e-01
2196(998) (2.32e+00 2.25e+00) XE:2.25e-01 (1.21e+00 1.20e+00 | 6.88e-01 6.56e-01)	5.557191e+00 5.625568e+00 : 7.987685e-01
2214(1003) (2.08e+00 2.25e+00) XE:2.25e-01 (1.21e+00 1.20e+00 | 6.94e-01 6.56e-01)	5.556325e+00 5.624874e+00 : 7.986571e-01
2231(996) (1.95e+00 2.25e+00) XE:2.25e-01 (1.19e+00 1.20e+00 | 6.62e-01 6.56e-01)	5.555915e+00 5.624279e+00 : 7.985853e-01
2248(988) (2.29e+00 2.25e+00) XE:2.25e-01 (1.22e+00 1.20e+00 | 6.30e-01 6.56e-01)	5.555345e+00 5.624218e+00 : 7.985403e-01
2266(999) (2.44e+00 2.25e+00) XE:2.25e-01 (1.22e+00 1.20e+00 | 6.64e-01 6.56e-01)	5.555774e+00 5.624439e+00 : 7.985866e-01
2283(1003) (2.49e+00 2.25e+00) XE:2.25e-01 (1.17e+00 1.20e+00 | 6.52e-01 6.56e-01)	5.555843e+00 5.624163e+00 : 7.985719e-01
2301(1004) (2.36e+00 2.25e+00) XE:2.25e-01 (1.16e+00 1.20e+00 | 5.79e-01 6.56e-01)	5.554945e+00 5.623024e+00 : 7.984264e-01
2318(1003) (2.17e+00 2.25e+00) XE:2.25e-01 (1.22e+00 1.20e+00 | 6.34e-01 6.56e-01)	5.554065e+00 5.622013e+00 : 7.982913e-01
2335(997) (2.04e+00 2.25e+00) XE:2.25e-01 (1.23e+00 1.20e+00 | 6.94e-01 6.56e-01)	5.553304e+00 5.621924e+00 : 7.982306e-01
2353(1001) (1.90e+00 2.25e+00) XE:2.25e-01 (1.22e+00 1.20e+00 | 6.88e-01 6.56e-01)	5.553025e+00 5.621772e+00 : 7.981998e-01
2370(990) (2.61e+00 2.25e+00) XE:2.25e-01 (1.19e+00 1.20e+00 | 6.36e-01 6.56e-01)	5.552979e+00 5.622118e+00 : 7.982212e-01
2387(995) (2.15e+00 2.25e+00) XE:2.25e-01 (1.21e+00 1.20e+00 | 6.44e-01 6.56e-01)	5.552252e+00 5.622076e+00 : 7.981663e-01
2405(1005) (2.15e+00 2.25e+00) XE:2.25e-01 (1.22e+00 1.20e+00 | 6.26e-01 6.56e-01)	5.552436e+00 5.622149e+00 : 7.981847e-01
2422(1013) (1.85e+00 2.25e+00) XE:2.25e-01 (1.21e+00 1.20e+00 | 6.74e-01 6.56e-01)	5.549799e+00 5.619346e+00 : 7.977961e-01
2439(1000) (2.35e+00 2.25e+00) XE:2.25e-01 (1.22e+00 1.20e+00 | 6.82e-01 6.56e-01)	5.550353e+00 5.619534e+00 : 7.978491e-01
2457(1008) (2.02e+00 2.25e+00) XE:2.25e-01 (1.20e+00 1.20e+00 | 6.60e-01 6.56e-01)	5.550392e+00 5.619876e+00 : 7.978763e-01
2474(1001) (2.30e+00 2.25e+00) XE:2.25e-01 (1.22e+00 1.20e+00 | 6.28e-01 6.56e-01)	5.549365e+00 5.618934e+00 : 7.977356e-01
2492(986) (1.89e+00 2.25e+00) XE:2.25e-01 (1.22e+00 1.20e+00 | 6.54e-01 6.56e-01)	5.549375e+00 5.618541e+00 : 7.977083e-01
2509(1007) (2.37e+00 2.25e+00) XE:2.25e-01 (1.17e+00 1.20e+00 | 5.69e-01 6.56e-01)	5.548725e+00 5.617812e+00 : 7.976098e-01
2526(1001) (2.26e+00 2.25e+00) XE:2.25e-01 (1.23e+00 1.20e+00 | 6.40e-01 6.56e-01)	5.549034e+00 5.617793e+00 : 7.976305e-01
2544(1009) (2.51e+00 2.25e+00) XE:2.25e-01 (1.22e+00 1.20e+00 | 6.60e-01 6.56e-01)	5.548363e+00 5.616718e+00 : 7.975058e-01
2561(1007) (2.70e+00 2.25e+00) XE:2.25e-01 (1.20e+00 1.20e+00 | 5.91e-01 6.55e-01)	5.548276e+00 5.616897e+00 : 7.975124e-01
2578(1008) (2.89e+00 2.25e+00) XE:2.25e-01 (1.20e+00 1.20e+00 | 6.42e-01 6.55e-01)	5.548057e+00 5.616727e+00 : 7.974846e-01
2596(983) (2.70e+00 2.25e+00) XE:2.25e-01 (1.19e+00 1.20e+00 | 6.54e-01 6.56e-01)	5.545510e+00 5.614556e+00 : 7.971475e-01
2613(985) (2.41e+00 2.25e+00) XE:2.25e-01 (1.20e+00 1.20e+00 | 5.91e-01 6.55e-01)	5.544982e+00 5.614566e+00 : 7.971105e-01
2630(1003) (2.17e+00 2.24e+00) XE:2.24e-01 (1.19e+00 1.20e+00 | 6.24e-01 6.55e-01)	5.545159e+00 5.614746e+00 : 7.971361e-01
2648(993) (2.17e+00 2.24e+00) XE:2.24e-01 (1.20e+00 1.20e+00 | 6.62e-01 6.55e-01)	5.544845e+00 5.614828e+00 : 7.971195e-01
2665(1003) (2.27e+00 2.24e+00) XE:2.24e-01 (1.21e+00 1.20e+00 | 6.64e-01 6.55e-01)	5.544354e+00 5.614762e+00 : 7.970797e-01
2682(999) (2.32e+00 2.24e+00) XE:2.24e-01 (1.20e+00 1.20e+00 | 6.80e-01 6.55e-01)	5.544655e+00 5.614792e+00 : 7.971034e-01
2700(1008) (2.09e+00 2.24e+00) XE:2.24e-01 (1.21e+00 1.20e+00 | 6.30e-01 6.55e-01)	5.543050e+00 5.613531e+00 : 7.968986e-01
2717(1003) (2.56e+00 2.25e+00) XE:2.25e-01 (1.16e+00 1.20e+00 | 5.97e-01 6.55e-01)	5.540785e+00 5.610948e+00 : 7.965524e-01
2735(982) (2.26e+00 2.25e+00) XE:2.25e-01 (1.22e+00 1.20e+00 | 7.12e-01 6.55e-01)	5.540275e+00 5.610813e+00 : 7.965063e-01
2752(1012) (2.42e+00 2.24e+00) XE:2.24e-01 (1.21e+00 1.20e+00 | 6.44e-01 6.55e-01)	5.539545e+00 5.610827e+00 : 7.964552e-01
2770(1014) (1.87e+00 2.24e+00) XE:2.24e-01 (1.20e+00 1.20e+00 | 5.81e-01 6.55e-01)	5.539317e+00 5.611230e+00 : 7.964676e-01
2787(996) (2.32e+00 2.24e+00) XE:2.24e-01 (1.22e+00 1.20e+00 | 6.72e-01 6.55e-01)	5.538435e+00 5.610262e+00 : 7.963355e-01
2804(1000) (2.04e+00 2.24e+00) XE:2.24e-01 (1.24e+00 1.20e+00 | 6.86e-01 6.55e-01)	5.538605e+00 5.609854e+00 : 7.963186e-01
2822(993) (2.22e+00 2.24e+00) XE:2.24e-01 (1.20e+00 1.20e+00 | 6.80e-01 6.55e-01)	5.538065e+00 5.609615e+00 : 7.962628e-01
2839(991) (2.25e+00 2.24e+00) XE:2.24e-01 (1.22e+00 1.20e+00 | 6.42e-01 6.55e-01)	5.537150e+00 5.608468e+00 : 7.961156e-01
2857(1004) (2.62e+00 2.24e+00) XE:2.24e-01 (1.25e+00 1.20e+00 | 7.31e-01 6.55e-01)	5.536965e+00 5.608040e+00 : 7.960718e-01
2874(1011) (2.23e+00 2.24e+00) XE:2.24e-01 (1.22e+00 1.20e+00 | 6.22e-01 6.55e-01)	5.536726e+00 5.607112e+00 : 7.959884e-01
2891(991) (2.83e+00 2.24e+00) XE:2.24e-01 (1.19e+00 1.20e+00 | 6.42e-01 6.55e-01)	5.536887e+00 5.606827e+00 : 7.959795e-01
2909(997) (2.02e+00 2.24e+00) XE:2.24e-01 (1.22e+00 1.20e+00 | 6.38e-01 6.55e-01)	5.536803e+00 5.606581e+00 : 7.959560e-01
2926(1006) (2.31e+00 2.24e+00) XE:2.24e-01 (1.21e+00 1.20e+00 | 6.34e-01 6.55e-01)	5.535915e+00 5.605703e+00 : 7.958298e-01
2943(1004) (2.05e+00 2.24e+00) XE:2.24e-01 (1.18e+00 1.20e+00 | 6.40e-01 6.55e-01)	5.535880e+00 5.605853e+00 : 7.958381e-01
2961(999) (2.02e+00 2.24e+00) XE:2.24e-01 (1.23e+00 1.20e+00 | 6.52e-01 6.55e-01)	5.535514e+00 5.605837e+00 : 7.958108e-01
2978(1002) (2.05e+00 2.24e+00) XE:2.24e-01 (1.23e+00 1.20e+00 | 6.74e-01 6.55e-01)	5.535286e+00 5.605141e+00 : 7.957448e-01
2995(1003) (1.82e+00 2.24e+00) XE:2.24e-01 (1.23e+00 1.20e+00 | 6.50e-01 6.55e-01)	5.535116e+00 5.605099e+00 : 7.957296e-01
3013(1003) (1.66e+00 2.24e+00) XE:2.24e-01 (1.23e+00 1.20e+00 | 6.70e-01 6.55e-01)	5.534379e+00 5.604833e+00 : 7.956579e-01
3030(1003) (2.05e+00 2.24e+00) XE:2.24e-01 (1.21e+00 1.20e+00 | 6.98e-01 6.55e-01)	5.532726e+00 5.603430e+00 : 7.954397e-01
3048(991) (2.94e+00 2.24e+00) XE:2.24e-01 (1.18e+00 1.20e+00 | 6.44e-01 6.55e-01)	5.532733e+00 5.602733e+00 : 7.953904e-01
3065(1011) (2.40e+00 2.24e+00) XE:2.24e-01 (1.18e+00 1.20e+00 | 6.20e-01 6.55e-01)	5.532970e+00 5.602511e+00 : 7.953915e-01
3082(1001) (2.11e+00 2.24e+00) XE:2.24e-01 (1.21e+00 1.20e+00 | 5.97e-01 6.55e-01)	5.532461e+00 5.601923e+00 : 7.953132e-01
3100(998) (2.06e+00 2.24e+00) XE:2.24e-01 (1.22e+00 1.20e+00 | 7.08e-01 6.55e-01)	5.532149e+00 5.600995e+00 : 7.952246e-01
3117(1006) (2.12e+00 2.24e+00) XE:2.24e-01 (1.20e+00 1.20e+00 | 6.56e-01 6.55e-01)	5.531810e+00 5.600029e+00 : 7.951314e-01
3134(1016) (2.18e+00 2.24e+00) XE:2.24e-01 (1.17e+00 1.20e+00 | 6.88e-01 6.55e-01)	5.531574e+00 5.599515e+00 : 7.950778e-01
3152(1003) (1.84e+00 2.24e+00) XE:2.24e-01 (1.22e+00 1.20e+00 | 7.18e-01 6.55e-01)	5.531453e+00 5.599800e+00 : 7.950895e-01
3169(1002) (1.83e+00 2.24e+00) XE:2.24e-01 (1.17e+00 1.20e+00 | 6.30e-01 6.55e-01)	5.531591e+00 5.600073e+00 : 7.951188e-01
3187(994) (2.07e+00 2.24e+00) XE:2.24e-01 (1.21e+00 1.20e+00 | 7.16e-01 6.55e-01)	5.531360e+00 5.599629e+00 : 7.950707e-01
3204(992) (2.35e+00 2.24e+00) XE:2.24e-01 (1.21e+00 1.20e+00 | 6.18e-01 6.55e-01)	5.531355e+00 5.599463e+00 : 7.950584e-01
3221(1004) (2.76e+00 2.24e+00) XE:2.24e-01 (1.21e+00 1.20e+00 | 6.50e-01 6.55e-01)	5.530852e+00 5.598545e+00 : 7.949569e-01
3239(987) (2.41e+00 2.24e+00) XE:2.24e-01 (1.23e+00 1.20e+00 | 7.31e-01 6.55e-01)	5.530570e+00 5.597899e+00 : 7.948906e-01
3256(999) (2.42e+00 2.24e+00) XE:2.24e-01 (1.21e+00 1.20e+00 | 6.66e-01 6.55e-01)	5.530231e+00 5.597681e+00 : 7.948509e-01
3273(1006) (2.35e+00 2.24e+00) XE:2.24e-01 (1.20e+00 1.20e+00 | 6.26e-01 6.55e-01)	5.529137e+00 5.596242e+00 : 7.946699e-01
3291(1002) (2.05e+00 2.25e+00) XE:2.25e-01 (1.19e+00 1.20e+00 | 7.18e-01 6.55e-01)	5.527953e+00 5.595435e+00 : 7.945277e-01
3308(984) (2.34e+00 2.25e+00) XE:2.25e-01 (1.21e+00 1.20e+00 | 6.62e-01 6.55e-01)	5.528062e+00 5.595030e+00 : 7.945066e-01
3326(1002) (2.02e+00 2.25e+00) XE:2.25e-01 (1.21e+00 1.20e+00 | 6.56e-01 6.55e-01)	5.527857e+00 5.594649e+00 : 7.944647e-01
3343(1001) (2.34e+00 2.25e+00) XE:2.25e-01 (1.20e+00 1.20e+00 | 6.66e-01 6.55e-01)	5.527068e+00 5.593412e+00 : 7.943200e-01
3360(999) (2.15e+00 2.25e+00) XE:2.25e-01 (1.19e+00 1.20e+00 | 6.50e-01 6.55e-01)	5.526575e+00 5.592893e+00 : 7.942477e-01
3378(1011) (2.38e+00 2.25e+00) XE:2.25e-01 (1.21e+00 1.20e+00 | 6.58e-01 6.55e-01)	5.526724e+00 5.593366e+00 : 7.942922e-01
3395(1001) (2.19e+00 2.25e+00) XE:2.25e-01 (1.17e+00 1.20e+00 | 6.36e-01 6.55e-01)	5.526193e+00 5.593319e+00 : 7.942508e-01
3413(1004) (2.13e+00 2.25e+00) XE:2.25e-01 (1.20e+00 1.20e+00 | 6.76e-01 6.55e-01)	5.525825e+00 5.592719e+00 : 7.941817e-01
3430(999) (1.93e+00 2.25e+00) XE:2.25e-01 (1.20e+00 1.20e+00 | 6.46e-01 6.55e-01)	5.525857e+00 5.592355e+00 : 7.941580e-01
3447(1002) (1.83e+00 2.25e+00) XE:2.25e-01 (1.21e+00 1.20e+00 | 5.77e-01 6.55e-01)	5.525131e+00 5.591396e+00 : 7.940377e-01
3465(996) (2.37e+00 2.25e+00) XE:2.25e-01 (1.21e+00 1.20e+00 | 7.29e-01 6.55e-01)	5.524785e+00 5.591217e+00 : 7.940001e-01
3482(985) (2.79e+00 2.25e+00) XE:2.25e-01 (1.19e+00 1.20e+00 | 6.74e-01 6.55e-01)	5.524101e+00 5.591156e+00 : 7.939469e-01
3500(994) (2.87e+00 2.25e+00) XE:2.25e-01 (1.19e+00 1.20e+00 | 6.24e-01 6.55e-01)	5.524248e+00 5.590560e+00 : 7.939148e-01
3517(1003) (2.61e+00 2.25e+00) XE:2.25e-01 (1.23e+00 1.20e+00 | 7.18e-01 6.55e-01)	5.524115e+00 5.590467e+00 : 7.938987e-01
3534(1006) (2.34e+00 2.25e+00) XE:2.25e-01 (1.18e+00 1.20e+00 | 6.58e-01 6.55e-01)	5.523074e+00 5.590057e+00 : 7.937951e-01
3552(1000) (2.07e+00 2.25e+00) XE:2.25e-01 (1.19e+00 1.20e+00 | 6.12e-01 6.55e-01)	5.521688e+00 5.588549e+00 : 7.935883e-01
3569(1013) (1.57e+00 2.25e+00) XE:2.25e-01 (1.22e+00 1.20e+00 | 7.37e-01 6.56e-01)	5.522058e+00 5.589064e+00 : 7.936516e-01
3586(995) (2.44e+00 2.24e+00) XE:2.24e-01 (1.19e+00 1.20e+00 | 6.88e-01 6.56e-01)	5.521925e+00 5.589274e+00 : 7.936571e-01
3604(998) (2.54e+00 2.24e+00) XE:2.24e-01 (1.21e+00 1.20e+00 | 6.62e-01 6.56e-01)	5.521770e+00 5.589174e+00 : 7.936389e-01
3621(993) (2.42e+00 2.25e+00) XE:2.25e-01 (1.17e+00 1.20e+00 | 6.68e-01 6.56e-01)	5.521261e+00 5.589013e+00 : 7.935910e-01
3639(1000) (2.10e+00 2.25e+00) XE:2.25e-01 (1.20e+00 1.20e+00 | 6.72e-01 6.56e-01)	5.520944e+00 5.588602e+00 : 7.935390e-01
3656(1010) (2.26e+00 2.25e+00) XE:2.25e-01 (1.17e+00 1.20e+00 | 6.28e-01 6.55e-01)	5.520990e+00 5.588868e+00 : 7.935613e-01
3673(994) (1.93e+00 2.25e+00) XE:2.25e-01 (1.21e+00 1.20e+00 | 6.52e-01 6.55e-01)	5.521081e+00 5.588885e+00 : 7.935690e-01
3691(998) (2.26e+00 2.25e+00) XE:2.25e-01 (1.20e+00 1.20e+00 | 6.28e-01 6.56e-01)	5.520602e+00 5.588596e+00 : 7.935141e-01
3708(987) (2.45e+00 2.25e+00) XE:2.25e-01 (1.19e+00 1.20e+00 | 6.72e-01 6.56e-01)	5.520406e+00 5.588580e+00 : 7.934990e-01
3726(1002) (2.00e+00 2.25e+00) XE:2.25e-01 (1.21e+00 1.20e+00 | 6.48e-01 6.56e-01)	5.520046e+00 5.588494e+00 : 7.934671e-01
3743(999) (2.23e+00 2.24e+00) XE:2.24e-01 (1.23e+00 1.20e+00 | 6.54e-01 6.56e-01)	5.520037e+00 5.588929e+00 : 7.934976e-01
3760(1001) (2.23e+00 2.24e+00) XE:2.24e-01 (1.21e+00 1.20e+00 | 6.70e-01 6.56e-01)	5.520151e+00 5.588855e+00 : 7.935005e-01
3778(987) (2.27e+00 2.24e+00) XE:2.24e-01 (1.19e+00 1.20e+00 | 6.26e-01 6.56e-01)	5.519795e+00 5.588701e+00 : 7.934640e-01
3795(993) (1.94e+00 2.24e+00) XE:2.24e-01 (1.23e+00 1.20e+00 | 6.76e-01 6.56e-01)	5.520031e+00 5.588792e+00 : 7.934874e-01
3812(998) (3.27e+00 2.24e+00) XE:2.24e-01 (1.22e+00 1.20e+00 | 6.78e-01 6.56e-01)	5.519996e+00 5.588817e+00 : 7.934866e-01
3830(1004) (1.94e+00 2.24e+00) XE:2.24e-01 (1.19e+00 1.20e+00 | 6.98e-01 6.56e-01)	5.519442e+00 5.588293e+00 : 7.934096e-01
3847(989) (2.24e+00 2.24e+00) XE:2.24e-01 (1.20e+00 1.20e+00 | 6.18e-01 6.56e-01)	5.518901e+00 5.588077e+00 : 7.933556e-01
3865(1000) (2.56e+00 2.24e+00) XE:2.24e-01 (1.23e+00 1.20e+00 | 6.58e-01 6.56e-01)	5.518882e+00 5.587898e+00 : 7.933414e-01
3882(999) (2.62e+00 2.24e+00) XE:2.24e-01 (1.19e+00 1.20e+00 | 6.26e-01 6.56e-01)	5.518977e+00 5.587722e+00 : 7.933357e-01
3899(982) (2.25e+00 2.24e+00) XE:2.24e-01 (1.22e+00 1.20e+00 | 7.12e-01 6.56e-01)	5.518693e+00 5.587397e+00 : 7.932922e-01
3917(1018) (2.07e+00 2.25e+00) XE:2.25e-01 (1.17e+00 1.20e+00 | 6.28e-01 6.56e-01)	5.518441e+00 5.587045e+00 : 7.932490e-01
3934(992) (2.34e+00 2.25e+00) XE:2.25e-01 (1.21e+00 1.20e+00 | 6.60e-01 6.56e-01)	5.518185e+00 5.586416e+00 : 7.931858e-01
3951(997) (2.21e+00 2.25e+00) XE:2.25e-01 (1.19e+00 1.20e+00 | 7.08e-01 6.56e-01)	5.518072e+00 5.586103e+00 : 7.931553e-01
3969(1000) (2.69e+00 2.25e+00) XE:2.25e-01 (1.20e+00 1.20e+00 | 6.92e-01 6.56e-01)	5.517876e+00 5.586124e+00 : 7.931429e-01
3986(1004) (2.22e+00 2.25e+00) XE:2.25e-01 (1.18e+00 1.20e+00 | 7.02e-01 6.56e-01)	5.517432e+00 5.586008e+00 : 7.931029e-01
4004(1000) (2.37e+00 2.24e+00) XE:2.24e-01 (1.20e+00 1.20e+00 | 7.18e-01 6.56e-01)	5.517225e+00 5.586116e+00 : 7.930958e-01
4021(977) (2.26e+00 2.24e+00) XE:2.24e-01 (1.22e+00 1.20e+00 | 7.31e-01 6.56e-01)	5.517163e+00 5.585808e+00 : 7.930693e-01
4038(987) (2.58e+00 2.24e+00) XE:2.24e-01 (1.17e+00 1.20e+00 | 6.36e-01 6.56e-01)	5.517182e+00 5.586001e+00 : 7.930845e-01
4056(1000) (2.49e+00 2.24e+00) XE:2.24e-01 (1.22e+00 1.20e+00 | 6.72e-01 6.56e-01)	5.516654e+00 5.585821e+00 : 7.930339e-01
4073(1000) (1.91e+00 2.24e+00) XE:2.24e-01 (1.18e+00 1.20e+00 | 6.50e-01 6.56e-01)	5.517102e+00 5.585975e+00 : 7.930770e-01
4090(1000) (1.94e+00 2.24e+00) XE:2.24e-01 (1.19e+00 1.20e+00 | 6.03e-01 6.56e-01)	5.516933e+00 5.585809e+00 : 7.930530e-01
4108(1010) (1.76e+00 2.24e+00) XE:2.24e-01 (1.19e+00 1.20e+00 | 6.01e-01 6.56e-01)	5.517012e+00 5.585913e+00 : 7.930661e-01
4125(985) (2.40e+00 2.24e+00) XE:2.24e-01 (1.20e+00 1.20e+00 | 6.03e-01 6.56e-01)	5.516430e+00 5.585212e+00 : 7.929744e-01
4143(1015) (2.13e+00 2.24e+00) XE:2.24e-01 (1.20e+00 1.20e+00 | 6.98e-01 6.56e-01)	5.516472e+00 5.585035e+00 : 7.929648e-01
4160(1004) (2.33e+00 2.24e+00) XE:2.24e-01 (1.21e+00 1.20e+00 | 7.00e-01 6.56e-01)	5.516664e+00 5.584914e+00 : 7.929699e-01
4177(993) (2.35e+00 2.24e+00) XE:2.24e-01 (1.21e+00 1.20e+00 | 6.78e-01 6.56e-01)	5.516314e+00 5.584591e+00 : 7.929218e-01
4195(1027) (2.22e+00 2.24e+00) XE:2.24e-01 (1.19e+00 1.20e+00 | 7.18e-01 6.56e-01)	5.516014e+00 5.584377e+00 : 7.928851e-01
4212(1007) (2.59e+00 2.24e+00) XE:2.24e-01 (1.17e+00 1.20e+00 | 6.80e-01 6.56e-01)	5.514960e+00 5.583689e+00 : 7.927606e-01
4229(1004) (2.03e+00 2.24e+00) XE:2.24e-01 (1.22e+00 1.20e+00 | 6.66e-01 6.56e-01)	5.514532e+00 5.583794e+00 : 7.927375e-01
4247(1001) (2.26e+00 2.24e+00) XE:2.24e-01 (1.20e+00 1.20e+00 | 5.83e-01 6.56e-01)	5.514624e+00 5.583837e+00 : 7.927472e-01
4264(999) (2.21e+00 2.24e+00) XE:2.24e-01 (1.21e+00 1.20e+00 | 6.96e-01 6.56e-01)	5.514128e+00 5.583690e+00 : 7.927013e-01
4282(999) (1.84e+00 2.24e+00) XE:2.24e-01 (1.19e+00 1.20e+00 | 5.59e-01 6.56e-01)	5.514314e+00 5.583430e+00 : 7.926960e-01
4299(1014) (2.68e+00 2.24e+00) XE:2.24e-01 (1.20e+00 1.20e+00 | 7.06e-01 6.56e-01)	5.514197e+00 5.583024e+00 : 7.926586e-01
4316(998) (1.99e+00 2.24e+00) XE:2.24e-01 (1.22e+00 1.20e+00 | 6.84e-01 6.56e-01)	5.514458e+00 5.583340e+00 : 7.926999e-01
4334(1011) (1.81e+00 2.24e+00) XE:2.24e-01 (1.22e+00 1.20e+00 | 7.04e-01 6.56e-01)	5.514380e+00 5.583047e+00 : 7.926734e-01
4351(1012) (2.09e+00 2.24e+00) XE:2.24e-01 (1.17e+00 1.20e+00 | 5.65e-01 6.56e-01)	5.514312e+00 5.583246e+00 : 7.926827e-01
4368(1001) (2.75e+00 2.24e+00) XE:2.24e-01 (1.18e+00 1.20e+00 | 6.36e-01 6.56e-01)	5.514418e+00 5.583401e+00 : 7.927014e-01
4386(991) (2.35e+00 2.24e+00) XE:2.24e-01 (1.22e+00 1.20e+00 | 6.54e-01 6.56e-01)	5.514422e+00 5.583545e+00 : 7.927119e-01
4403(993) (2.29e+00 2.24e+00) XE:2.24e-01 (1.21e+00 1.20e+00 | 6.12e-01 6.56e-01)	5.514522e+00 5.583766e+00 : 7.927348e-01
4421(994) (2.37e+00 2.24e+00) XE:2.24e-01 (1.19e+00 1.20e+00 | 6.24e-01 6.56e-01)	5.513694e+00 5.582904e+00 : 7.926141e-01
4438(996) (2.15e+00 2.24e+00) XE:2.24e-01 (1.20e+00 1.20e+00 | 6.18e-01 6.56e-01)	5.513567e+00 5.582816e+00 : 7.925987e-01
4456(1008) (2.31e+00 2.24e+00) XE:2.24e-01 (1.21e+00 1.20e+00 | 6.24e-01 6.56e-01)	5.513633e+00 5.582849e+00 : 7.926059e-01
4473(1009) (2.05e+00 2.24e+00) XE:2.24e-01 (1.19e+00 1.20e+00 | 6.74e-01 6.56e-01)	5.513105e+00 5.582346e+00 : 7.925322e-01
4490(997) (1.94e+00 2.24e+00) XE:2.24e-01 (1.17e+00 1.20e+00 | 5.93e-01 6.56e-01)	5.513467e+00 5.582038e+00 : 7.925361e-01
4508(996) (2.32e+00 2.24e+00) XE:2.24e-01 (1.21e+00 1.20e+00 | 6.88e-01 6.56e-01)	5.513407e+00 5.582002e+00 : 7.925292e-01
4525(1018) (1.95e+00 2.24e+00) XE:2.24e-01 (1.19e+00 1.20e+00 | 6.56e-01 6.56e-01)	5.513559e+00 5.581784e+00 : 7.925245e-01
4543(986) (2.44e+00 2.24e+00) XE:2.24e-01 (1.17e+00 1.20e+00 | 6.34e-01 6.56e-01)	5.512886e+00 5.580872e+00 : 7.924113e-01
4560(983) (2.13e+00 2.24e+00) XE:2.24e-01 (1.18e+00 1.20e+00 | 6.22e-01 6.56e-01)	5.512841e+00 5.580511e+00 : 7.923823e-01
4577(1004) (1.59e+00 2.24e+00) XE:2.24e-01 (1.22e+00 1.20e+00 | 6.92e-01 6.56e-01)	5.512570e+00 5.579830e+00 : 7.923142e-01
4595(997) (2.33e+00 2.24e+00) XE:2.24e-01 (1.21e+00 1.20e+00 | 7.43e-01 6.56e-01)	5.512869e+00 5.579948e+00 : 7.923441e-01
4612(992) (2.51e+00 2.24e+00) XE:2.24e-01 (1.22e+00 1.20e+00 | 7.31e-01 6.56e-01)	5.512836e+00 5.579960e+00 : 7.923426e-01
4629(992) (2.09e+00 2.24e+00) XE:2.24e-01 (1.20e+00 1.20e+00 | 6.68e-01 6.56e-01)	5.512953e+00 5.579744e+00 : 7.923355e-01
4647(997) (2.50e+00 2.24e+00) XE:2.24e-01 (1.20e+00 1.20e+00 | 6.30e-01 6.56e-01)	5.512588e+00 5.579415e+00 : 7.922859e-01
4664(992) (2.41e+00 2.24e+00) XE:2.24e-01 (1.20e+00 1.20e+00 | 6.44e-01 6.56e-01)	5.513105e+00 5.579439e+00 : 7.923245e-01
4682(991) (2.47e+00 2.24e+00) XE:2.24e-01 (1.18e+00 1.20e+00 | 6.38e-01 6.56e-01)	5.511573e+00 5.578054e+00 : 7.921162e-01
4699(1003) (2.10e+00 2.24e+00) XE:2.24e-01 (1.22e+00 1.20e+00 | 6.78e-01 6.56e-01)	5.511889e+00 5.577842e+00 : 7.921236e-01
4717(1028) (1.93e+00 2.24e+00) XE:2.24e-01 (1.22e+00 1.20e+00 | 7.00e-01 6.56e-01)	5.511973e+00 5.577834e+00 : 7.921291e-01
4734(993) (2.29e+00 2.24e+00) XE:2.24e-01 (1.23e+00 1.20e+00 | 6.64e-01 6.56e-01)	5.511174e+00 5.577002e+00 : 7.920126e-01
4751(987) (1.99e+00 2.24e+00) XE:2.24e-01 (1.19e+00 1.20e+00 | 5.85e-01 6.56e-01)	5.510947e+00 5.577395e+00 : 7.920244e-01
4769(1003) (2.73e+00 2.24e+00) XE:2.24e-01 (1.19e+00 1.20e+00 | 6.64e-01 6.56e-01)	5.510508e+00 5.577217e+00 : 7.919804e-01
4786(1011) (1.94e+00 2.24e+00) XE:2.24e-01 (1.21e+00 1.20e+00 | 6.03e-01 6.56e-01)	5.510558e+00 5.577167e+00 : 7.919803e-01
4804(995) (2.13e+00 2.24e+00) XE:2.24e-01 (1.24e+00 1.20e+00 | 7.02e-01 6.56e-01)	5.510613e+00 5.577360e+00 : 7.919981e-01
4821(1008) (2.13e+00 2.24e+00) XE:2.24e-01 (1.21e+00 1.20e+00 | 6.01e-01 6.56e-01)	5.510757e+00 5.577269e+00 : 7.920019e-01
4838(984) (2.35e+00 2.24e+00) XE:2.24e-01 (1.23e+00 1.20e+00 | 7.12e-01 6.56e-01)	5.510763e+00 5.576980e+00 : 7.919816e-01
4856(1007) (2.22e+00 2.24e+00) XE:2.24e-01 (1.19e+00 1.20e+00 | 5.99e-01 6.56e-01)	5.510207e+00 5.576466e+00 : 7.919052e-01
4873(1002) (1.63e+00 2.24e+00) XE:2.24e-01 (1.22e+00 1.20e+00 | 7.20e-01 6.56e-01)	5.510223e+00 5.576664e+00 : 7.919205e-01
4891(1000) (2.20e+00 2.24e+00) XE:2.24e-01 (1.21e+00 1.20e+00 | 5.93e-01 6.56e-01)	5.509851e+00 5.576308e+00 : 7.918685e-01
4908(1004) (2.27e+00 2.24e+00) XE:2.24e-01 (1.21e+00 1.20e+00 | 6.46e-01 6.56e-01)	5.510093e+00 5.576149e+00 : 7.918744e-01
4925(989) (2.21e+00 2.24e+00) XE:2.24e-01 (1.21e+00 1.20e+00 | 6.82e-01 6.56e-01)	5.510536e+00 5.576557e+00 : 7.919352e-01
4943(1006) (2.10e+00 2.24e+00) XE:2.24e-01 (1.20e+00 1.20e+00 | 6.80e-01 6.56e-01)	5.509118e+00 5.575105e+00 : 7.917302e-01
4960(1012) (2.23e+00 2.24e+00) XE:2.24e-01 (1.19e+00 1.20e+00 | 6.22e-01 6.56e-01)	5.509528e+00 5.575359e+00 : 7.917776e-01
4978(1013) (2.65e+00 2.24e+00) XE:2.24e-01 (1.18e+00 1.20e+00 | 5.89e-01 6.56e-01)	5.509658e+00 5.575437e+00 : 7.917925e-01
4995(1007) (1.95e+00 2.24e+00) XE:2.24e-01 (1.23e+00 1.20e+00 | 7.35e-01 6.56e-01)	5.509323e+00 5.575263e+00 : 7.917562e-01
5012(1009) (2.06e+00 2.24e+00) XE:2.24e-01 (1.22e+00 1.20e+00 | 6.98e-01 6.56e-01)	5.508918e+00 5.575012e+00 : 7.917093e-01
5030(1011) (2.54e+00 2.24e+00) XE:2.24e-01 (1.22e+00 1.20e+00 | 6.50e-01 6.56e-01)	5.509088e+00 5.574803e+00 : 7.917065e-01
5047(1001) (1.88e+00 2.24e+00) XE:2.24e-01 (1.20e+00 1.20e+00 | 6.14e-01 6.56e-01)	5.508800e+00 5.574933e+00 : 7.916952e-01
5065(993) (2.12e+00 2.24e+00) XE:2.24e-01 (1.19e+00 1.20e+00 | 6.03e-01 6.56e-01)	5.508870e+00 5.574954e+00 : 7.917017e-01
5082(996) (2.87e+00 2.24e+00) XE:2.24e-01 (1.18e+00 1.20e+00 | 6.30e-01 6.56e-01)	5.508491e+00 5.574840e+00 : 7.916665e-01
5099(1011) (1.95e+00 2.24e+00) XE:2.24e-01 (1.20e+00 1.20e+00 | 6.26e-01 6.56e-01)	5.508328e+00 5.574770e+00 : 7.916498e-01
5117(991) (2.44e+00 2.24e+00) XE:2.24e-01 (1.20e+00 1.20e+00 | 6.72e-01 6.56e-01)	5.508842e+00 5.575088e+00 : 7.917093e-01
5134(1011) (2.19e+00 2.24e+00) XE:2.24e-01 (1.18e+00 1.20e+00 | 6.90e-01 6.56e-01)	5.508619e+00 5.574776e+00 : 7.916711e-01
5152(1001) (2.08e+00 2.24e+00) XE:2.24e-01 (1.19e+00 1.20e+00 | 6.82e-01 6.56e-01)	5.508615e+00 5.574672e+00 : 7.916634e-01
5169(995) (2.48e+00 2.24e+00) XE:2.24e-01 (1.20e+00 1.20e+00 | 6.20e-01 6.56e-01)	5.508696e+00 5.574769e+00 : 7.916761e-01
5186(1012) (2.38e+00 2.24e+00) XE:2.24e-01 (1.21e+00 1.20e+00 | 6.54e-01 6.56e-01)	5.508578e+00 5.574909e+00 : 7.916776e-01
5204(987) (2.26e+00 2.24e+00) XE:2.24e-01 (1.22e+00 1.20e+00 | 6.70e-01 6.56e-01)	5.508466e+00 5.574661e+00 : 7.916519e-01
5221(987) (2.55e+00 2.24e+00) XE:2.24e-01 (1.17e+00 1.20e+00 | 6.98e-01 6.56e-01)	5.508430e+00 5.574564e+00 : 7.916424e-01
5239(1010) (2.17e+00 2.24e+00) XE:2.24e-01 (1.21e+00 1.20e+00 | 6.52e-01 6.56e-01)	5.505934e+00 5.572180e+00 : 7.912939e-01
5256(987) (2.33e+00 2.24e+00) XE:2.24e-01 (1.19e+00 1.20e+00 | 6.82e-01 6.56e-01)	5.505227e+00 5.571376e+00 : 7.911859e-01
5273(997) (2.71e+00 2.24e+00) XE:2.24e-01 (1.17e+00 1.20e+00 | 6.24e-01 6.56e-01)	5.504783e+00 5.571203e+00 : 7.911419e-01
5291(1003) (1.99e+00 2.24e+00) XE:2.24e-01 (1.20e+00 1.20e+00 | 7.23e-01 6.56e-01)	5.504406e+00 5.571031e+00 : 7.911027e-01
5308(1005) (1.84e+00 2.24e+00) XE:2.24e-01 (1.20e+00 1.20e+00 | 6.32e-01 6.56e-01)	5.504139e+00 5.571311e+00 : 7.911035e-01
5326(1012) (2.12e+00 2.24e+00) XE:2.24e-01 (1.22e+00 1.20e+00 | 6.60e-01 6.56e-01)	5.503890e+00 5.571125e+00 : 7.910725e-01
5343(989) (2.10e+00 2.24e+00) XE:2.24e-01 (1.22e+00 1.20e+00 | 7.00e-01 6.56e-01)	5.503844e+00 5.571276e+00 : 7.910800e-01
5360(1002) (2.19e+00 2.24e+00) XE:2.24e-01 (1.22e+00 1.20e+00 | 6.86e-01 6.56e-01)	5.504091e+00 5.571440e+00 : 7.911093e-01
5378(1010) (2.72e+00 2.24e+00) XE:2.24e-01 (1.21e+00 1.20e+00 | 6.70e-01 6.56e-01)	5.503613e+00 5.571040e+00 : 7.910466e-01
5395(1016) (2.98e+00 2.24e+00) XE:2.24e-01 (1.18e+00 1.20e+00 | 5.83e-01 6.56e-01)	5.503123e+00 5.570675e+00 : 7.909856e-01
5413(998) (2.14e+00 2.24e+00) XE:2.24e-01 (1.21e+00 1.20e+00 | 7.00e-01 6.56e-01)	5.502927e+00 5.570675e+00 : 7.909715e-01
5430(1003) (2.11e+00 2.24e+00) XE:2.24e-01 (1.20e+00 1.20e+00 | 6.54e-01 6.56e-01)	5.502679e+00 5.570779e+00 : 7.909613e-01
5447(1003) (2.29e+00 2.24e+00) XE:2.24e-01 (1.20e+00 1.20e+00 | 6.50e-01 6.56e-01)	5.503032e+00 5.570976e+00 : 7.910005e-01
5465(990) (2.61e+00 2.24e+00) XE:2.24e-01 (1.20e+00 1.20e+00 | 7.10e-01 6.56e-01)	5.503008e+00 5.570997e+00 : 7.910004e-01
5482(1006) (2.16e+00 2.24e+00) XE:2.24e-01 (1.19e+00 1.20e+00 | 6.24e-01 6.56e-01)	5.503088e+00 5.571097e+00 : 7.910132e-01
5500(1010) (1.72e+00 2.24e+00) XE:2.24e-01 (1.22e+00 1.20e+00 | 6.90e-01 6.56e-01)	5.503279e+00 5.570943e+00 : 7.910158e-01
5517(1004) (2.09e+00 2.24e+00) XE:2.24e-01 (1.19e+00 1.20e+00 | 6.50e-01 6.56e-01)	5.503082e+00 5.570619e+00 : 7.909787e-01
5534(1001) (2.30e+00 2.24e+00) XE:2.24e-01 (1.20e+00 1.20e+00 | 6.38e-01 6.56e-01)	5.503096e+00 5.570559e+00 : 7.909754e-01
5552(1000) (2.25e+00 2.24e+00) XE:2.24e-01 (1.22e+00 1.20e+00 | 6.86e-01 6.56e-01)	5.503224e+00 5.570769e+00 : 7.909995e-01
5569(1003) (2.33e+00 2.24e+00) XE:2.24e-01 (1.21e+00 1.20e+00 | 6.64e-01 6.56e-01)	5.503309e+00 5.570728e+00 : 7.910026e-01
5587(1011) (2.29e+00 2.24e+00) XE:2.24e-01 (1.19e+00 1.20e+00 | 6.24e-01 6.56e-01)	5.503577e+00 5.571031e+00 : 7.910434e-01
5604(994) (2.30e+00 2.24e+00) XE:2.24e-01 (1.19e+00 1.20e+00 | 6.09e-01 6.56e-01)	5.503171e+00 5.570822e+00 : 7.909995e-01
5621(1003) (1.89e+00 2.24e+00) XE:2.24e-01 (1.20e+00 1.20e+00 | 7.25e-01 6.56e-01)	5.503136e+00 5.570688e+00 : 7.909874e-01
5639(1003) (2.15e+00 2.24e+00) XE:2.24e-01 (1.20e+00 1.20e+00 | 6.64e-01 6.56e-01)	5.503241e+00 5.570704e+00 : 7.909960e-01
5656(982) (2.30e+00 2.24e+00) XE:2.24e-01 (1.22e+00 1.20e+00 | 6.78e-01 6.56e-01)	5.503317e+00 5.570740e+00 : 7.910041e-01
5674(992) (2.37e+00 2.24e+00) XE:2.24e-01 (1.21e+00 1.20e+00 | 6.86e-01 6.56e-01)	5.503342e+00 5.570979e+00 : 7.910229e-01
5691(999) (1.95e+00 2.24e+00) XE:2.24e-01 (1.17e+00 1.20e+00 | 6.54e-01 6.56e-01)	5.503267e+00 5.570811e+00 : 7.910055e-01
5708(997) (2.89e+00 2.24e+00) XE:2.24e-01 (1.20e+00 1.20e+00 | 6.52e-01 6.56e-01)	5.503210e+00 5.570736e+00 : 7.909961e-01
5726(1017) (2.12e+00 2.24e+00) XE:2.24e-01 (1.19e+00 1.20e+00 | 6.90e-01 6.56e-01)	5.503259e+00 5.570555e+00 : 7.909867e-01
5743(993) (1.99e+00 2.24e+00) XE:2.24e-01 (1.21e+00 1.20e+00 | 6.82e-01 6.56e-01)	5.503299e+00 5.570804e+00 : 7.910074e-01
5761(1014) (1.62e+00 2.24e+00) XE:2.24e-01 (1.23e+00 1.20e+00 | 6.48e-01 6.56e-01)	5.501845e+00 5.569468e+00 : 7.908080e-01
5778(1002) (2.14e+00 2.24e+00) XE:2.24e-01 (1.20e+00 1.20e+00 | 6.74e-01 6.56e-01)	5.501757e+00 5.569206e+00 : 7.907830e-01
5795(999) (2.11e+00 2.24e+00) XE:2.24e-01 (1.18e+00 1.20e+00 | 6.50e-01 6.56e-01)	5.501516e+00 5.569196e+00 : 7.907651e-01
5813(1003) (1.94e+00 2.24e+00) XE:2.24e-01 (1.18e+00 1.20e+00 | 6.68e-01 6.56e-01)	5.501723e+00 5.569125e+00 : 7.907749e-01
5830(1006) (1.85e+00 2.24e+00) XE:2.24e-01 (1.19e+00 1.20e+00 | 5.87e-01 6.56e-01)	5.502047e+00 5.569285e+00 : 7.908094e-01
5848(1002) (2.24e+00 2.24e+00) XE:2.24e-01 (1.20e+00 1.20e+00 | 6.30e-01 6.56e-01)	5.501976e+00 5.569071e+00 : 7.907890e-01
5865(1001) (2.09e+00 2.24e+00) XE:2.24e-01 (1.22e+00 1.20e+00 | 6.70e-01 6.56e-01)	5.501819e+00 5.568937e+00 : 7.907683e-01
5882(1007) (2.00e+00 2.24e+00) XE:2.24e-01 (1.21e+00 1.20e+00 | 6.92e-01 6.56e-01)	5.501989e+00 5.568906e+00 : 7.907783e-01
5900(988) (2.41e+00 2.24e+00) XE:2.24e-01 (1.20e+00 1.20e+00 | 6.86e-01 6.56e-01)	5.501686e+00 5.568874e+00 : 7.907543e-01
5917(994) (2.22e+00 2.24e+00) XE:2.24e-01 (1.19e+00 1.20e+00 | 6.68e-01 6.56e-01)	5.501725e+00 5.569040e+00 : 7.907690e-01
5935(1013) (1.50e+00 2.24e+00) XE:2.24e-01 (1.19e+00 1.20e+00 | 6.98e-01 6.56e-01)	5.501577e+00 5.568844e+00 : 7.907443e-01
5952(1000) (1.74e+00 2.24e+00) XE:2.24e-01 (1.19e+00 1.20e+00 | 6.60e-01 6.56e-01)	5.501331e+00 5.568699e+00 : 7.907165e-01
5970(1001) (2.27e+00 2.24e+00) XE:2.24e-01 (1.19e+00 1.20e+00 | 5.61e-01 6.56e-01)	5.501268e+00 5.568890e+00 : 7.907256e-01
5987(985) (2.21e+00 2.24e+00) XE:2.24e-01 (1.23e+00 1.20e+00 | 6.18e-01 6.56e-01)	5.500807e+00 5.568330e+00 : 7.906527e-01
6004(997) (2.25e+00 2.24e+00) XE:2.24e-01 (1.22e+00 1.20e+00 | 6.80e-01 6.56e-01)	5.501125e+00 5.568443e+00 : 7.906834e-01
6022(1004) (2.30e+00 2.24e+00) XE:2.24e-01 (1.22e+00 1.20e+00 | 6.86e-01 6.56e-01)	5.501260e+00 5.568183e+00 : 7.906745e-01
6039(1002) (2.28e+00 2.24e+00) XE:2.24e-01 (1.20e+00 1.20e+00 | 6.58e-01 6.56e-01)	5.501270e+00 5.568159e+00 : 7.906735e-01
6057(989) (2.72e+00 2.24e+00) XE:2.24e-01 (1.21e+00 1.20e+00 | 6.03e-01 6.56e-01)	5.500978e+00 5.568495e+00 : 7.906766e-01
6074(1000) (2.13e+00 2.24e+00) XE:2.24e-01 (1.19e+00 1.20e+00 | 6.60e-01 6.56e-01)	5.500425e+00 5.567761e+00 : 7.905847e-01
6092(1007) (1.98e+00 2.24e+00) XE:2.24e-01 (1.20e+00 1.20e+00 | 6.03e-01 6.56e-01)	5.500596e+00 5.567659e+00 : 7.905896e-01
6109(1005) (2.35e+00 2.24e+00) XE:2.24e-01 (1.22e+00 1.20e+00 | 6.66e-01 6.56e-01)	5.500080e+00 5.567157e+00 : 7.905169e-01
6126(1008) (1.76e+00 2.24e+00) XE:2.24e-01 (1.17e+00 1.20e+00 | 6.26e-01 6.56e-01)	5.500206e+00 5.567118e+00 : 7.905231e-01
6144(1008) (2.15e+00 2.24e+00) XE:2.24e-01 (1.22e+00 1.20e+00 | 6.76e-01 6.56e-01)	5.500116e+00 5.567114e+00 : 7.905164e-01
6161(999) (2.39e+00 2.24e+00) XE:2.24e-01 (1.19e+00 1.20e+00 | 6.14e-01 6.56e-01)	5.499840e+00 5.566965e+00 : 7.904860e-01
6179(997) (2.15e+00 2.24e+00) XE:2.24e-01 (1.20e+00 1.20e+00 | 6.07e-01 6.56e-01)	5.500122e+00 5.567246e+00 : 7.905263e-01
6196(1018) (2.15e+00 2.24e+00) XE:2.24e-01 (1.21e+00 1.20e+00 | 6.48e-01 6.56e-01)	5.499951e+00 5.567190e+00 : 7.905100e-01
6213(1006) (2.46e+00 2.24e+00) XE:2.24e-01 (1.18e+00 1.20e+00 | 7.00e-01 6.56e-01)	5.500069e+00 5.567409e+00 : 7.905342e-01
6231(1002) (2.44e+00 2.24e+00) XE:2.24e-01 (1.18e+00 1.20e+00 | 6.80e-01 6.56e-01)	5.499951e+00 5.567525e+00 : 7.905341e-01
6248(1006) (1.94e+00 2.24e+00) XE:2.24e-01 (1.20e+00 1.20e+00 | 7.18e-01 6.56e-01)	5.500234e+00 5.567536e+00 : 7.905550e-01
6266(994) (2.26e+00 2.24e+00) XE:2.24e-01 (1.20e+00 1.20e+00 | 6.42e-01 6.56e-01)	5.500309e+00 5.567345e+00 : 7.905467e-01
6283(1000) (2.41e+00 2.24e+00) XE:2.24e-01 (1.20e+00 1.20e+00 | 6.52e-01 6.56e-01)	5.500331e+00 5.567300e+00 : 7.905450e-01
6300(997) (2.45e+00 2.24e+00) XE:2.24e-01 (1.22e+00 1.20e+00 | 6.78e-01 6.56e-01)	5.500063e+00 5.567074e+00 : 7.905098e-01
6318(1004) (2.61e+00 2.24e+00) XE:2.24e-01 (1.18e+00 1.20e+00 | 5.79e-01 6.56e-01)	5.500277e+00 5.567193e+00 : 7.905336e-01
6335(1002) (2.85e+00 2.24e+00) XE:2.24e-01 (1.20e+00 1.20e+00 | 6.09e-01 6.56e-01)	5.499940e+00 5.566944e+00 : 7.904917e-01
6353(1012) (2.14e+00 2.24e+00) XE:2.24e-01 (1.18e+00 1.20e+00 | 6.26e-01 6.56e-01)	5.500289e+00 5.566884e+00 : 7.905124e-01
6370(1011) (2.36e+00 2.24e+00) XE:2.24e-01 (1.21e+00 1.20e+00 | 6.44e-01 6.56e-01)	5.500420e+00 5.567322e+00 : 7.905530e-01
6387(1005) (1.96e+00 2.24e+00) XE:2.24e-01 (1.20e+00 1.20e+00 | 7.33e-01 6.56e-01)	5.500631e+00 5.567015e+00 : 7.905462e-01
6405(1003) (1.93e+00 2.24e+00) XE:2.24e-01 (1.22e+00 1.20e+00 | 6.66e-01 6.56e-01)	5.500894e+00 5.567039e+00 : 7.905667e-01
6422(1011) (1.93e+00 2.24e+00) XE:2.24e-01 (1.19e+00 1.20e+00 | 6.60e-01 6.56e-01)	5.501183e+00 5.566999e+00 : 7.905845e-01
6440(1000) (2.40e+00 2.24e+00) XE:2.24e-01 (1.20e+00 1.20e+00 | 6.64e-01 6.56e-01)	5.500563e+00 5.566268e+00 : 7.904880e-01
6457(990) (2.56e+00 2.24e+00) XE:2.24e-01 (1.19e+00 1.20e+00 | 5.95e-01 6.56e-01)	5.500555e+00 5.566463e+00 : 7.905013e-01
6474(991) (2.65e+00 2.24e+00) XE:2.24e-01 (1.19e+00 1.20e+00 | 6.22e-01 6.56e-01)	5.500049e+00 5.566083e+00 : 7.904380e-01
6492(1000) (1.79e+00 2.24e+00) XE:2.24e-01 (1.20e+00 1.20e+00 | 7.35e-01 6.56e-01)	5.500004e+00 5.566197e+00 : 7.904429e-01
6509(1010) (2.50e+00 2.24e+00) XE:2.24e-01 (1.20e+00 1.20e+00 | 6.66e-01 6.56e-01)	5.499883e+00 5.566178e+00 : 7.904329e-01
6527(997) (2.13e+00 2.24e+00) XE:2.24e-01 (1.19e+00 1.20e+00 | 6.22e-01 6.56e-01)	5.499932e+00 5.565947e+00 : 7.904199e-01
6544(1005) (2.25e+00 2.24e+00) XE:2.24e-01 (1.20e+00 1.20e+00 | 6.70e-01 6.56e-01)	5.499850e+00 5.565831e+00 : 7.904058e-01
6562(1008) (2.31e+00 2.24e+00) XE:2.24e-01 (1.19e+00 1.20e+00 | 6.24e-01 6.56e-01)	5.500142e+00 5.565731e+00 : 7.904195e-01
6579(993) (2.40e+00 2.24e+00) XE:2.24e-01 (1.18e+00 1.20e+00 | 6.38e-01 6.56e-01)	5.500045e+00 5.565655e+00 : 7.904072e-01
6596(1010) (1.89e+00 2.24e+00) XE:2.24e-01 (1.22e+00 1.20e+00 | 6.72e-01 6.56e-01)	5.499946e+00 5.565854e+00 : 7.904143e-01
6614(993) (2.97e+00 2.24e+00) XE:2.24e-01 (1.20e+00 1.20e+00 | 6.62e-01 6.56e-01)	5.499924e+00 5.565826e+00 : 7.904107e-01
6631(999) (2.08e+00 2.24e+00) XE:2.24e-01 (1.21e+00 1.20e+00 | 6.50e-01 6.56e-01)	5.499898e+00 5.565714e+00 : 7.904008e-01
6649(997) (2.34e+00 2.24e+00) XE:2.24e-01 (1.21e+00 1.20e+00 | 6.96e-01 6.56e-01)	5.500348e+00 5.566115e+00 : 7.904616e-01
6666(1002) (2.28e+00 2.24e+00) XE:2.24e-01 (1.19e+00 1.20e+00 | 6.26e-01 6.56e-01)	5.500167e+00 5.566029e+00 : 7.904426e-01
6684(1010) (2.14e+00 2.24e+00) XE:2.24e-01 (1.23e+00 1.20e+00 | 6.28e-01 6.56e-01)	5.500294e+00 5.565786e+00 : 7.904343e-01
6701(1009) (1.70e+00 2.24e+00) XE:2.24e-01 (1.19e+00 1.20e+00 | 6.54e-01 6.56e-01)	5.500361e+00 5.565749e+00 : 7.904365e-01
6718(1014) (2.37e+00 2.24e+00) XE:2.24e-01 (1.17e+00 1.20e+00 | 6.54e-01 6.56e-01)	5.499086e+00 5.564055e+00 : 7.902244e-01
6736(989) (2.34e+00 2.24e+00) XE:2.24e-01 (1.19e+00 1.20e+00 | 6.54e-01 6.56e-01)	5.499085e+00 5.564257e+00 : 7.902387e-01
6753(1029) (2.09e+00 2.24e+00) XE:2.24e-01 (1.23e+00 1.20e+00 | 6.68e-01 6.56e-01)	5.499092e+00 5.564213e+00 : 7.902361e-01
6771(991) (2.30e+00 2.24e+00) XE:2.24e-01 (1.19e+00 1.20e+00 | 6.82e-01 6.56e-01)	5.499288e+00 5.564335e+00 : 7.902588e-01
6788(1006) (2.43e+00 2.24e+00) XE:2.24e-01 (1.19e+00 1.20e+00 | 6.76e-01 6.56e-01)	5.499094e+00 5.564246e+00 : 7.902385e-01
6805(1002) (2.09e+00 2.24e+00) XE:2.24e-01 (1.19e+00 1.20e+00 | 6.82e-01 6.56e-01)	5.499170e+00 5.564292e+00 : 7.902473e-01
6823(988) (2.13e+00 2.24e+00) XE:2.24e-01 (1.22e+00 1.20e+00 | 6.26e-01 6.56e-01)	5.498676e+00 5.563462e+00 : 7.901527e-01
6840(1001) (2.20e+00 2.24e+00) XE:2.24e-01 (1.19e+00 1.20e+00 | 5.27e-01 6.56e-01)	5.498667e+00 5.563668e+00 : 7.901668e-01
6858(1010) (2.21e+00 2.24e+00) XE:2.24e-01 (1.19e+00 1.20e+00 | 6.78e-01 6.56e-01)	5.498634e+00 5.563665e+00 : 7.901642e-01
6875(1002) (2.08e+00 2.24e+00) XE:2.24e-01 (1.19e+00 1.20e+00 | 6.58e-01 6.56e-01)	5.498694e+00 5.563897e+00 : 7.901851e-01
6892(1004) (2.56e+00 2.24e+00) XE:2.24e-01 (1.19e+00 1.20e+00 | 6.14e-01 6.56e-01)	5.498481e+00 5.564059e+00 : 7.901815e-01
6910(1002) (2.20e+00 2.24e+00) XE:2.24e-01 (1.18e+00 1.20e+00 | 5.91e-01 6.55e-01)	5.498519e+00 5.563999e+00 : 7.901798e-01
6927(1002) (2.05e+00 2.24e+00) XE:2.24e-01 (1.20e+00 1.20e+00 | 7.10e-01 6.55e-01)	5.498089e+00 5.563597e+00 : 7.901204e-01
6945(999) (2.52e+00 2.24e+00) XE:2.24e-01 (1.23e+00 1.20e+00 | 6.60e-01 6.55e-01)	5.498184e+00 5.563782e+00 : 7.901404e-01
6962(1001) (2.39e+00 2.24e+00) XE:2.24e-01 (1.19e+00 1.20e+00 | 6.01e-01 6.55e-01)	5.498155e+00 5.563697e+00 : 7.901323e-01
6980(985) (1.99e+00 2.24e+00) XE:2.24e-01 (1.21e+00 1.20e+00 | 6.36e-01 6.55e-01)	5.498258e+00 5.563336e+00 : 7.901139e-01
6997(993) (2.21e+00 2.24e+00) XE:2.24e-01 (1.18e+00 1.20e+00 | 5.87e-01 6.55e-01)	5.498285e+00 5.563466e+00 : 7.901251e-01
7014(993) (2.62e+00 2.24e+00) XE:2.24e-01 (1.21e+00 1.20e+00 | 6.66e-01 6.55e-01)	5.498006e+00 5.563298e+00 : 7.900932e-01
7032(1008) (1.84e+00 2.24e+00) XE:2.24e-01 (1.17e+00 1.20e+00 | 7.49e-01 6.55e-01)	5.498143e+00 5.563426e+00 : 7.901121e-01
7049(991) (2.47e+00 2.24e+00) XE:2.24e-01 (1.22e+00 1.20e+00 | 6.84e-01 6.55e-01)	5.498031e+00 5.563405e+00 : 7.901026e-01
7067(995) (2.26e+00 2.24e+00) XE:2.24e-01 (1.22e+00 1.20e+00 | 7.14e-01 6.55e-01)	5.498181e+00 5.563661e+00 : 7.901316e-01
7084(1005) (2.07e+00 2.24e+00) XE:2.24e-01 (1.19e+00 1.20e+00 | 6.88e-01 6.55e-01)	5.498260e+00 5.563818e+00 : 7.901484e-01
7102(1012) (2.19e+00 2.24e+00) XE:2.24e-01 (1.22e+00 1.20e+00 | 6.40e-01 6.55e-01)	5.498135e+00 5.563893e+00 : 7.901448e-01
7119(1013) (2.50e+00 2.24e+00) XE:2.24e-01 (1.22e+00 1.20e+00 | 7.08e-01 6.55e-01)	5.498205e+00 5.563834e+00 : 7.901456e-01
7136(1009) (1.90e+00 2.24e+00) XE:2.24e-01 (1.22e+00 1.20e+00 | 6.78e-01 6.55e-01)	5.498275e+00 5.563725e+00 : 7.901429e-01
7154(1007) (2.63e+00 2.24e+00) XE:2.24e-01 (1.21e+00 1.20e+00 | 7.14e-01 6.55e-01)	5.498333e+00 5.563759e+00 : 7.901494e-01
7171(994) (2.04e+00 2.24e+00) XE:2.24e-01 (1.20e+00 1.20e+00 | 6.90e-01 6.55e-01)	5.498428e+00 5.563777e+00 : 7.901575e-01
7188(996) (3.07e+00 2.24e+00) XE:2.24e-01 (1.19e+00 1.20e+00 | 6.22e-01 6.55e-01)	5.498335e+00 5.563672e+00 : 7.901434e-01
7206(1013) (1.97e+00 2.24e+00) XE:2.24e-01 (1.23e+00 1.20e+00 | 6.40e-01 6.55e-01)	5.498239e+00 5.563510e+00 : 7.901249e-01
7223(996) (2.09e+00 2.23e+00) XE:2.23e-01 (1.21e+00 1.20e+00 | 6.22e-01 6.55e-01)	5.498261e+00 5.563493e+00 : 7.901253e-01
7241(990) (2.30e+00 2.23e+00) XE:2.23e-01 (1.18e+00 1.20e+00 | 6.22e-01 6.55e-01)	5.498201e+00 5.563183e+00 : 7.900989e-01
7258(997) (2.06e+00 2.23e+00) XE:2.23e-01 (1.20e+00 1.20e+00 | 7.49e-01 6.55e-01)	5.498336e+00 5.563255e+00 : 7.901136e-01
7275(1004) (2.02e+00 2.24e+00) XE:2.24e-01 (1.18e+00 1.20e+00 | 6.56e-01 6.55e-01)	5.497189e+00 5.562178e+00 : 7.899548e-01
7293(1013) (1.87e+00 2.24e+00) XE:2.24e-01 (1.19e+00 1.20e+00 | 6.24e-01 6.56e-01)	5.497471e+00 5.562431e+00 : 7.899930e-01
7310(1004) (2.23e+00 2.23e+00) XE:2.23e-01 (1.23e+00 1.20e+00 | 6.40e-01 6.56e-01)	5.497080e+00 5.561983e+00 : 7.899331e-01
7328(1015) (2.12e+00 2.23e+00) XE:2.23e-01 (1.21e+00 1.20e+00 | 6.74e-01 6.56e-01)	5.497350e+00 5.561992e+00 : 7.899530e-01
7345(1003) (2.11e+00 2.23e+00) XE:2.23e-01 (1.21e+00 1.20e+00 | 7.04e-01 6.56e-01)	5.497358e+00 5.561822e+00 : 7.899415e-01
7363(1012) (2.43e+00 2.23e+00) XE:2.23e-01 (1.17e+00 1.20e+00 | 6.40e-01 6.56e-01)	5.497455e+00 5.561855e+00 : 7.899507e-01
7380(1000) (2.20e+00 2.23e+00) XE:2.23e-01 (1.19e+00 1.20e+00 | 5.91e-01 6.56e-01)	5.497198e+00 5.561754e+00 : 7.899251e-01
7397(998) (2.08e+00 2.24e+00) XE:2.24e-01 (1.23e+00 1.20e+00 | 6.46e-01 6.56e-01)	5.497132e+00 5.561675e+00 : 7.899148e-01
7415(997) (2.64e+00 2.24e+00) XE:2.24e-01 (1.22e+00 1.20e+00 | 6.94e-01 6.56e-01)	5.496973e+00 5.561532e+00 : 7.898932e-01
7432(998) (2.29e+00 2.23e+00) XE:2.23e-01 (1.16e+00 1.20e+00 | 6.16e-01 6.56e-01)	5.497035e+00 5.561661e+00 : 7.899069e-01
7450(997) (1.94e+00 2.23e+00) XE:2.23e-01 (1.22e+00 1.20e+00 | 7.10e-01 6.56e-01)	5.496993e+00 5.561743e+00 : 7.899097e-01
7467(995) (2.20e+00 2.23e+00) XE:2.23e-01 (1.21e+00 1.20e+00 | 7.37e-01 6.56e-01)	5.496937e+00 5.561655e+00 : 7.898994e-01
7484(995) (2.15e+00 2.23e+00) XE:2.23e-01 (1.20e+00 1.20e+00 | 6.28e-01 6.56e-01)	5.497116e+00 5.561649e+00 : 7.899118e-01
7502(1007) (2.31e+00 2.23e+00) XE:2.23e-01 (1.23e+00 1.20e+00 | 7.14e-01 6.56e-01)	5.497110e+00 5.561729e+00 : 7.899171e-01
7519(999) (2.21e+00 2.23e+00) XE:2.23e-01 (1.18e+00 1.20e+00 | 6.54e-01 6.56e-01)	5.497362e+00 5.561917e+00 : 7.899485e-01
7537(1001) (1.98e+00 2.23e+00) XE:2.23e-01 (1.21e+00 1.20e+00 | 6.66e-01 6.56e-01)	5.497040e+00 5.561642e+00 : 7.899059e-01
7554(981) (2.44e+00 2.23e+00) XE:2.23e-01 (1.18e+00 1.20e+00 | 6.12e-01 6.55e-01)	5.496869e+00 5.561625e+00 : 7.898924e-01
7572(989) (2.27e+00 2.23e+00) XE:2.23e-01 (1.17e+00 1.20e+00 | 6.66e-01 6.56e-01)	5.497184e+00 5.561806e+00 : 7.899278e-01
7589(1006) (2.18e+00 2.23e+00) XE:2.23e-01 (1.21e+00 1.20e+00 | 6.98e-01 6.56e-01)	5.497095e+00 5.561903e+00 : 7.899285e-01
7606(1005) (1.79e+00 2.23e+00) XE:2.23e-01 (1.19e+00 1.20e+00 | 5.69e-01 6.56e-01)	5.496987e+00 5.561604e+00 : 7.898994e-01
7624(1003) (2.17e+00 2.23e+00) XE:2.23e-01 (1.25e+00 1.20e+00 | 6.98e-01 6.56e-01)	5.497117e+00 5.561777e+00 : 7.899210e-01
7641(999) (2.25e+00 2.23e+00) XE:2.23e-01 (1.20e+00 1.20e+00 | 6.92e-01 6.55e-01)	5.497359e+00 5.561792e+00 : 7.899393e-01
7659(1016) (1.70e+00 2.23e+00) XE:2.23e-01 (1.19e+00 1.20e+00 | 6.50e-01 6.56e-01)	5.497386e+00 5.561826e+00 : 7.899437e-01
7676(1005) (2.05e+00 2.23e+00) XE:2.23e-01 (1.19e+00 1.20e+00 | 6.68e-01 6.56e-01)	5.497321e+00 5.561808e+00 : 7.899378e-01
7694(1012) (1.76e+00 2.23e+00) XE:2.23e-01 (1.22e+00 1.20e+00 | 6.38e-01 6.56e-01)	5.497654e+00 5.561930e+00 : 7.899703e-01
7711(1006) (1.85e+00 2.23e+00) XE:2.23e-01 (1.19e+00 1.20e+00 | 6.68e-01 6.56e-01)	5.497775e+00 5.561997e+00 : 7.899838e-01
7728(1003) (2.68e+00 2.23e+00) XE:2.23e-01 (1.20e+00 1.20e+00 | 5.95e-01 6.55e-01)	5.496864e+00 5.561088e+00 : 7.898537e-01
7746(1003) (1.89e+00 2.23e+00) XE:2.23e-01 (1.23e+00 1.20e+00 | 6.78e-01 6.56e-01)	5.496365e+00 5.560485e+00 : 7.897750e-01
7763(992) (2.28e+00 2.23e+00) XE:2.23e-01 (1.19e+00 1.20e+00 | 6.88e-01 6.56e-01)	5.496091e+00 5.559933e+00 : 7.897160e-01
7781(997) (2.29e+00 2.23e+00) XE:2.23e-01 (1.18e+00 1.20e+00 | 6.30e-01 6.56e-01)	5.496321e+00 5.560117e+00 : 7.897455e-01
7798(1002) (2.60e+00 2.23e+00) XE:2.23e-01 (1.19e+00 1.20e+00 | 6.76e-01 6.56e-01)	5.496120e+00 5.560092e+00 : 7.897294e-01
7815(1004) (2.30e+00 2.23e+00) XE:2.23e-01 (1.21e+00 1.20e+00 | 6.03e-01 6.55e-01)	5.496131e+00 5.560212e+00 : 7.897388e-01
7833(982) (2.62e+00 2.23e+00) XE:2.23e-01 (1.20e+00 1.20e+00 | 6.88e-01 6.56e-01)	5.495493e+00 5.559732e+00 : 7.896589e-01
7850(991) (2.33e+00 2.23e+00) XE:2.23e-01 (1.22e+00 1.20e+00 | 6.26e-01 6.55e-01)	5.495429e+00 5.559360e+00 : 7.896278e-01
7868(1005) (2.26e+00 2.23e+00) XE:2.23e-01 (1.21e+00 1.20e+00 | 6.52e-01 6.56e-01)	5.495207e+00 5.559051e+00 : 7.895898e-01
7885(984) (2.06e+00 2.23e+00) XE:2.23e-01 (1.21e+00 1.20e+00 | 7.12e-01 6.56e-01)	5.495362e+00 5.559215e+00 : 7.896127e-01
7902(996) (2.57e+00 2.23e+00) XE:2.23e-01 (1.20e+00 1.20e+00 | 6.72e-01 6.55e-01)	5.495437e+00 5.559086e+00 : 7.896088e-01
7920(995) (2.38e+00 2.23e+00) XE:2.23e-01 (1.22e+00 1.20e+00 | 6.22e-01 6.56e-01)	5.495328e+00 5.559046e+00 : 7.895982e-01
7937(996) (2.29e+00 2.23e+00) XE:2.23e-01 (1.20e+00 1.20e+00 | 6.66e-01 6.55e-01)	5.495315e+00 5.559032e+00 : 7.895962e-01
7955(998) (1.75e+00 2.23e+00) XE:2.23e-01 (1.22e+00 1.20e+00 | 6.62e-01 6.56e-01)	5.494947e+00 5.558935e+00 : 7.895631e-01
7972(991) (2.49e+00 2.23e+00) XE:2.23e-01 (1.20e+00 1.20e+00 | 6.64e-01 6.55e-01)	5.494989e+00 5.558929e+00 : 7.895656e-01
7989(1001) (2.27e+00 2.23e+00) XE:2.23e-01 (1.20e+00 1.20e+00 | 6.46e-01 6.56e-01)	5.494916e+00 5.558820e+00 : 7.895525e-01
8007(1002) (2.12e+00 2.23e+00) XE:2.23e-01 (1.18e+00 1.20e+00 | 6.60e-01 6.56e-01)	5.494675e+00 5.558670e+00 : 7.895246e-01
8024(1006) (2.55e+00 2.23e+00) XE:2.23e-01 (1.19e+00 1.20e+00 | 6.90e-01 6.56e-01)	5.494056e+00 5.558115e+00 : 7.894408e-01
8042(1000) (2.17e+00 2.23e+00) XE:2.23e-01 (1.18e+00 1.20e+00 | 6.16e-01 6.56e-01)	5.494167e+00 5.558225e+00 : 7.894565e-01
8059(1017) (2.37e+00 2.23e+00) XE:2.23e-01 (1.22e+00 1.20e+00 | 6.68e-01 6.56e-01)	5.494138e+00 5.557979e+00 : 7.894369e-01
8076(986) (2.60e+00 2.23e+00) XE:2.23e-01 (1.21e+00 1.20e+00 | 7.14e-01 6.56e-01)	5.493922e+00 5.557658e+00 : 7.893985e-01
8094(1002) (1.99e+00 2.23e+00) XE:2.23e-01 (1.23e+00 1.20e+00 | 6.90e-01 6.56e-01)	5.493823e+00 5.557431e+00 : 7.893753e-01
8111(1002) (2.50e+00 2.23e+00) XE:2.23e-01 (1.19e+00 1.20e+00 | 7.04e-01 6.56e-01)	5.493741e+00 5.557406e+00 : 7.893677e-01
8129(1006) (2.43e+00 2.23e+00) XE:2.23e-01 (1.18e+00 1.20e+00 | 6.42e-01 6.56e-01)	5.493728e+00 5.557466e+00 : 7.893710e-01
8146(997) (2.32e+00 2.23e+00) XE:2.23e-01 (1.19e+00 1.20e+00 | 6.30e-01 6.56e-01)	5.493808e+00 5.557519e+00 : 7.893805e-01
8163(987) (2.52e+00 2.23e+00) XE:2.23e-01 (1.19e+00 1.20e+00 | 7.06e-01 6.56e-01)	5.493918e+00 5.557478e+00 : 7.893854e-01
8181(1002) (2.63e+00 2.23e+00) XE:2.23e-01 (1.19e+00 1.20e+00 | 5.91e-01 6.56e-01)	5.494136e+00 5.557726e+00 : 7.894187e-01
8198(991) (2.22e+00 2.23e+00) XE:2.23e-01 (1.20e+00 1.20e+00 | 7.02e-01 6.56e-01)	5.494285e+00 5.557884e+00 : 7.894406e-01
8216(1003) (2.10e+00 2.23e+00) XE:2.23e-01 (1.22e+00 1.20e+00 | 6.92e-01 6.56e-01)	5.494438e+00 5.558044e+00 : 7.894630e-01
8233(991) (2.49e+00 2.23e+00) XE:2.23e-01 (1.19e+00 1.20e+00 | 6.90e-01 6.56e-01)	5.494395e+00 5.558048e+00 : 7.894602e-01
8250(1008) (2.12e+00 2.23e+00) XE:2.23e-01 (1.21e+00 1.20e+00 | 6.05e-01 6.56e-01)	5.493460e+00 5.557161e+00 : 7.893300e-01
8268(1010) (1.72e+00 2.23e+00) XE:2.23e-01 (1.16e+00 1.20e+00 | 6.24e-01 6.56e-01)	5.493388e+00 5.557317e+00 : 7.893361e-01
8285(1004) (2.33e+00 2.23e+00) XE:2.23e-01 (1.22e+00 1.20e+00 | 6.38e-01 6.56e-01)	5.493319e+00 5.557113e+00 : 7.893166e-01
8302(1008) (2.45e+00 2.23e+00) XE:2.23e-01 (1.20e+00 1.20e+00 | 6.50e-01 6.56e-01)	5.493375e+00 5.557157e+00 : 7.893238e-01
8320(992) (2.46e+00 2.23e+00) XE:2.23e-01 (1.21e+00 1.20e+00 | 6.98e-01 6.56e-01)	5.493347e+00 5.557095e+00 : 7.893173e-01
8337(1012) (1.97e+00 2.23e+00) XE:2.23e-01 (1.19e+00 1.20e+00 | 7.06e-01 6.56e-01)	5.493352e+00 5.557015e+00 : 7.893120e-01
8355(983) (2.87e+00 2.23e+00) XE:2.23e-01 (1.20e+00 1.20e+00 | 6.30e-01 6.56e-01)	5.492981e+00 5.556819e+00 : 7.892714e-01
8372(1006) (2.19e+00 2.23e+00) XE:2.23e-01 (1.21e+00 1.20e+00 | 6.46e-01 6.56e-01)	5.492994e+00 5.556790e+00 : 7.892703e-01
8390(995) (2.26e+00 2.23e+00) XE:2.23e-01 (1.23e+00 1.20e+00 | 7.23e-01 6.56e-01)	5.492799e+00 5.556596e+00 : 7.892425e-01
8407(994) (2.06e+00 2.23e+00) XE:2.23e-01 (1.21e+00 1.20e+00 | 6.28e-01 6.56e-01)	5.492997e+00 5.556720e+00 : 7.892655e-01
8424(1010) (1.98e+00 2.23e+00) XE:2.23e-01 (1.21e+00 1.20e+00 | 7.08e-01 6.56e-01)	5.492757e+00 5.556602e+00 : 7.892400e-01
8442(1007) (2.17e+00 2.23e+00) XE:2.23e-01 (1.19e+00 1.20e+00 | 6.56e-01 6.56e-01)	5.492732e+00 5.556478e+00 : 7.892293e-01
8459(1004) (2.02e+00 2.23e+00) XE:2.23e-01 (1.20e+00 1.20e+00 | 6.82e-01 6.56e-01)	5.492520e+00 5.556288e+00 : 7.892006e-01
8477(1009) (1.69e+00 2.23e+00) XE:2.23e-01 (1.19e+00 1.20e+00 | 6.66e-01 6.56e-01)	5.492463e+00 5.556092e+00 : 7.891825e-01
8494(1007) (2.27e+00 2.24e+00) XE:2.24e-01 (1.21e+00 1.20e+00 | 5.59e-01 6.56e-01)	5.491411e+00 5.554954e+00 : 7.890261e-01
8511(997) (1.86e+00 2.24e+00) XE:2.24e-01 (1.21e+00 1.20e+00 | 6.82e-01 6.56e-01)	5.491523e+00 5.554924e+00 : 7.890319e-01
8529(1009) (2.25e+00 2.24e+00) XE:2.24e-01 (1.24e+00 1.20e+00 | 6.42e-01 6.56e-01)	5.491574e+00 5.554794e+00 : 7.890263e-01
8546(1000) (2.45e+00 2.23e+00) XE:2.23e-01 (1.22e+00 1.20e+00 | 6.48e-01 6.56e-01)	5.491800e+00 5.554948e+00 : 7.890534e-01
8564(1025) (2.10e+00 2.24e+00) XE:2.24e-01 (1.19e+00 1.20e+00 | 6.56e-01 6.56e-01)	5.491635e+00 5.554758e+00 : 7.890281e-01
8581(1010) (2.06e+00 2.23e+00) XE:2.23e-01 (1.18e+00 1.20e+00 | 6.18e-01 6.56e-01)	5.491818e+00 5.554943e+00 : 7.890544e-01
8598(985) (2.14e+00 2.23e+00) XE:2.23e-01 (1.21e+00 1.20e+00 | 6.80e-01 6.56e-01)	5.491645e+00 5.554901e+00 : 7.890390e-01
8616(1003) (2.16e+00 2.23e+00) XE:2.23e-01 (1.22e+00 1.20e+00 | 6.24e-01 6.56e-01)	5.491502e+00 5.554736e+00 : 7.890170e-01
8633(998) (2.90e+00 2.23e+00) XE:2.23e-01 (1.17e+00 1.20e+00 | 6.09e-01 6.56e-01)	5.491608e+00 5.554808e+00 : 7.890298e-01
8651(1007) (2.08e+00 2.24e+00) XE:2.24e-01 (1.19e+00 1.20e+00 | 6.94e-01 6.56e-01)	5.491314e+00 5.554462e+00 : 7.889840e-01
8668(993) (2.68e+00 2.24e+00) XE:2.24e-01 (1.22e+00 1.20e+00 | 6.56e-01 6.56e-01)	5.491239e+00 5.554568e+00 : 7.889862e-01
8685(1001) (2.36e+00 2.24e+00) XE:2.24e-01 (1.23e+00 1.20e+00 | 6.84e-01 6.56e-01)	5.491105e+00 5.554511e+00 : 7.889725e-01
8703(1008) (2.21e+00 2.24e+00) XE:2.24e-01 (1.20e+00 1.20e+00 | 6.44e-01 6.56e-01)	5.490391e+00 5.553715e+00 : 7.888647e-01
8720(988) (2.40e+00 2.24e+00) XE:2.24e-01 (1.21e+00 1.20e+00 | 6.38e-01 6.56e-01)	5.490529e+00 5.553854e+00 : 7.888845e-01
8738(991) (2.67e+00 2.24e+00) XE:2.24e-01 (1.21e+00 1.20e+00 | 6.98e-01 6.56e-01)	5.490305e+00 5.553771e+00 : 7.888626e-01
8755(996) (2.08e+00 2.24e+00) XE:2.24e-01 (1.19e+00 1.20e+00 | 6.42e-01 6.56e-01)	5.490262e+00 5.553770e+00 : 7.888594e-01
8772(987) (2.31e+00 2.24e+00) XE:2.24e-01 (1.20e+00 1.20e+00 | 6.38e-01 6.56e-01)	5.490371e+00 5.553961e+00 : 7.888808e-01
8790(1010) (1.81e+00 2.24e+00) XE:2.24e-01 (1.19e+00 1.20e+00 | 6.90e-01 6.56e-01)	5.490525e+00 5.553991e+00 : 7.888940e-01
8807(1001) (1.94e+00 2.23e+00) XE:2.23e-01 (1.22e+00 1.20e+00 | 7.16e-01 6.56e-01)	5.490771e+00 5.554093e+00 : 7.889189e-01
8825(993) (2.31e+00 2.23e+00) XE:2.23e-01 (1.18e+00 1.20e+00 | 6.44e-01 6.56e-01)	5.490920e+00 5.554162e+00 : 7.889345e-01
8842(995) (2.20e+00 2.23e+00) XE:2.23e-01 (1.21e+00 1.20e+00 | 6.62e-01 6.56e-01)	5.490895e+00 5.554128e+00 : 7.889301e-01
8859(1010) (1.80e+00 2.23e+00) XE:2.23e-01 (1.20e+00 1.20e+00 | 6.20e-01 6.56e-01)	5.490950e+00 5.553959e+00 : 7.889220e-01
8877(1009) (2.57e+00 2.23e+00) XE:2.23e-01 (1.19e+00 1.20e+00 | 6.68e-01 6.56e-01)	5.490753e+00 5.553906e+00 : 7.889042e-01
8894(1010) (1.79e+00 2.23e+00) XE:2.23e-01 (1.19e+00 1.20e+00 | 6.48e-01 6.56e-01)	5.490748e+00 5.553911e+00 : 7.889042e-01
8911(981) (2.22e+00 2.23e+00) XE:2.23e-01 (1.19e+00 1.20e+00 | 6.09e-01 6.56e-01)	5.490726e+00 5.554063e+00 : 7.889135e-01
8929(995) (2.71e+00 2.23e+00) XE:2.23e-01 (1.18e+00 1.20e+00 | 6.50e-01 6.56e-01)	5.490577e+00 5.553954e+00 : 7.888951e-01
8946(1008) (2.21e+00 2.23e+00) XE:2.23e-01 (1.19e+00 1.20e+00 | 5.69e-01 6.56e-01)	5.490655e+00 5.554054e+00 : 7.889078e-01
8964(988) (2.89e+00 2.23e+00) XE:2.23e-01 (1.19e+00 1.20e+00 | 6.20e-01 6.56e-01)	5.490682e+00 5.553877e+00 : 7.888971e-01
8981(1005) (2.18e+00 2.23e+00) XE:2.23e-01 (1.20e+00 1.20e+00 | 6.50e-01 6.56e-01)	5.490747e+00 5.553865e+00 : 7.889008e-01
8999(1012) (2.25e+00 2.23e+00) XE:2.23e-01 (1.20e+00 1.20e+00 | 6.54e-01 6.56e-01)	5.490874e+00 5.553795e+00 : 7.889049e-01
9016(999) (2.80e+00 2.23e+00) XE:2.23e-01 (1.18e+00 1.20e+00 | 6.22e-01 6.56e-01)	5.490665e+00 5.553453e+00 : 7.888655e-01
9033(1006) (1.89e+00 2.23e+00) XE:2.23e-01 (1.19e+00 1.20e+00 | 6.48e-01 6.56e-01)	5.490677e+00 5.553500e+00 : 7.888698e-01
9051(1006) (2.29e+00 2.23e+00) XE:2.23e-01 (1.19e+00 1.20e+00 | 6.58e-01 6.56e-01)	5.490686e+00 5.553542e+00 : 7.888734e-01
9068(989) (3.03e+00 2.23e+00) XE:2.23e-01 (1.21e+00 1.20e+00 | 6.64e-01 6.56e-01)	5.490849e+00 5.553630e+00 : 7.888914e-01
9085(1002) (2.58e+00 2.23e+00) XE:2.23e-01 (1.22e+00 1.20e+00 | 6.42e-01 6.56e-01)	5.490936e+00 5.553566e+00 : 7.888930e-01
9103(993) (2.23e+00 2.23e+00) XE:2.23e-01 (1.20e+00 1.20e+00 | 6.38e-01 6.55e-01)	5.490989e+00 5.553549e+00 : 7.888956e-01
9120(1012) (2.38e+00 2.23e+00) XE:2.23e-01 (1.22e+00 1.20e+00 | 6.34e-01 6.55e-01)	5.490837e+00 5.553505e+00 : 7.888815e-01
9138(1009) (2.61e+00 2.23e+00) XE:2.23e-01 (1.21e+00 1.20e+00 | 6.26e-01 6.55e-01)	5.490639e+00 5.553378e+00 : 7.888584e-01
9155(998) (2.45e+00 2.23e+00) XE:2.23e-01 (1.23e+00 1.20e+00 | 6.58e-01 6.55e-01)	5.490575e+00 5.553521e+00 : 7.888640e-01
9172(987) (1.96e+00 2.23e+00) XE:2.23e-01 (1.20e+00 1.20e+00 | 6.86e-01 6.55e-01)	5.490384e+00 5.553358e+00 : 7.888387e-01
9190(983) (1.89e+00 2.23e+00) XE:2.23e-01 (1.19e+00 1.20e+00 | 6.56e-01 6.55e-01)	5.490319e+00 5.553112e+00 : 7.888165e-01
9207(991) (2.16e+00 2.23e+00) XE:2.23e-01 (1.18e+00 1.20e+00 | 5.47e-01 6.55e-01)	5.489862e+00 5.552313e+00 : 7.887267e-01
9224(990) (2.39e+00 2.23e+00) XE:2.23e-01 (1.21e+00 1.20e+00 | 6.96e-01 6.56e-01)	5.489650e+00 5.552019e+00 : 7.886907e-01
9242(1023) (1.52e+00 2.23e+00) XE:2.23e-01 (1.21e+00 1.20e+00 | 7.16e-01 6.55e-01)	5.489806e+00 5.552110e+00 : 7.887083e-01
9259(994) (2.14e+00 2.23e+00) XE:2.23e-01 (1.21e+00 1.20e+00 | 6.82e-01 6.56e-01)	5.489757e+00 5.552118e+00 : 7.887054e-01
9277(1005) (2.18e+00 2.23e+00) XE:2.23e-01 (1.19e+00 1.20e+00 | 6.88e-01 6.56e-01)	5.489897e+00 5.552168e+00 : 7.887190e-01
9294(1001) (1.77e+00 2.23e+00) XE:2.23e-01 (1.21e+00 1.20e+00 | 7.39e-01 6.56e-01)	5.489492e+00 5.551789e+00 : 7.886630e-01
9311(1010) (2.17e+00 2.23e+00) XE:2.23e-01 (1.22e+00 1.20e+00 | 6.90e-01 6.56e-01)	5.489795e+00 5.551953e+00 : 7.886963e-01
9329(1006) (2.06e+00 2.23e+00) XE:2.23e-01 (1.18e+00 1.20e+00 | 6.48e-01 6.56e-01)	5.489795e+00 5.551973e+00 : 7.886977e-01
9346(998) (2.36e+00 2.23e+00) XE:2.23e-01 (1.18e+00 1.20e+00 | 6.42e-01 6.56e-01)	5.489634e+00 5.551787e+00 : 7.886730e-01
9363(998) (2.23e+00 2.23e+00) XE:2.23e-01 (1.19e+00 1.20e+00 | 6.56e-01 6.56e-01)	5.489315e+00 5.551541e+00 : 7.886325e-01
9381(1001) (2.47e+00 2.23e+00) XE:2.23e-01 (1.22e+00 1.20e+00 | 6.58e-01 6.56e-01)	5.489390e+00 5.551621e+00 : 7.886436e-01
9398(994) (2.12e+00 2.23e+00) XE:2.23e-01 (1.16e+00 1.20e+00 | 6.42e-01 6.56e-01)	5.489161e+00 5.551346e+00 : 7.886076e-01
9416(993) (2.16e+00 2.23e+00) XE:2.23e-01 (1.22e+00 1.20e+00 | 6.82e-01 6.56e-01)	5.489365e+00 5.551384e+00 : 7.886249e-01
9433(995) (2.02e+00 2.23e+00) XE:2.23e-01 (1.22e+00 1.20e+00 | 6.46e-01 6.56e-01)	5.489213e+00 5.551374e+00 : 7.886134e-01
9450(1004) (1.94e+00 2.23e+00) XE:2.23e-01 (1.18e+00 1.20e+00 | 5.95e-01 6.56e-01)	5.489371e+00 5.551497e+00 : 7.886334e-01
9468(983) (2.39e+00 2.23e+00) XE:2.23e-01 (1.21e+00 1.20e+00 | 6.28e-01 6.56e-01)	5.489167e+00 5.551155e+00 : 7.885944e-01
9485(987) (2.24e+00 2.23e+00) XE:2.23e-01 (1.17e+00 1.20e+00 | 6.20e-01 6.55e-01)	5.489117e+00 5.551235e+00 : 7.885966e-01
9503(992) (2.22e+00 2.23e+00) XE:2.23e-01 (1.20e+00 1.20e+00 | 6.18e-01 6.55e-01)	5.488994e+00 5.551239e+00 : 7.885881e-01
9520(1004) (1.86e+00 2.23e+00) XE:2.23e-01 (1.21e+00 1.20e+00 | 6.40e-01 6.55e-01)	5.488900e+00 5.551238e+00 : 7.885813e-01
9537(1003) (2.27e+00 2.23e+00) XE:2.23e-01 (1.18e+00 1.20e+00 | 6.94e-01 6.55e-01)	5.488983e+00 5.551211e+00 : 7.885853e-01
9555(997) (2.69e+00 2.23e+00) XE:2.23e-01 (1.22e+00 1.20e+00 | 6.86e-01 6.55e-01)	5.488961e+00 5.551141e+00 : 7.885787e-01
9572(1015) (2.02e+00 2.23e+00) XE:2.23e-01 (1.16e+00 1.20e+00 | 6.58e-01 6.55e-01)	5.489025e+00 5.551075e+00 : 7.885786e-01
9590(992) (2.64e+00 2.23e+00) XE:2.23e-01 (1.21e+00 1.20e+00 | 6.46e-01 6.55e-01)	5.489332e+00 5.551181e+00 : 7.886081e-01
9607(992) (2.48e+00 2.23e+00) XE:2.23e-01 (1.18e+00 1.20e+00 | 6.38e-01 6.55e-01)	5.489429e+00 5.551224e+00 : 7.886181e-01
9625(997) (2.25e+00 2.23e+00) XE:2.23e-01 (1.21e+00 1.20e+00 | 6.46e-01 6.55e-01)	5.489063e+00 5.551017e+00 : 7.885771e-01
9642(993) (2.10e+00 2.23e+00) XE:2.23e-01 (1.16e+00 1.20e+00 | 6.01e-01 6.55e-01)	5.489153e+00 5.551222e+00 : 7.885983e-01
9659(993) (2.57e+00 2.23e+00) XE:2.23e-01 (1.21e+00 1.20e+00 | 5.87e-01 6.55e-01)	5.489104e+00 5.551052e+00 : 7.885826e-01
9677(992) (2.34e+00 2.23e+00) XE:2.23e-01 (1.20e+00 1.20e+00 | 7.31e-01 6.55e-01)	5.488985e+00 5.550931e+00 : 7.885655e-01
9694(1006) (2.01e+00 2.23e+00) XE:2.23e-01 (1.21e+00 1.20e+00 | 5.59e-01 6.55e-01)	5.487996e+00 5.550112e+00 : 7.884362e-01
9712(1012) (2.16e+00 2.23e+00) XE:2.23e-01 (1.19e+00 1.20e+00 | 6.42e-01 6.55e-01)	5.487668e+00 5.549598e+00 : 7.883762e-01
9729(990) (2.70e+00 2.23e+00) XE:2.23e-01 (1.20e+00 1.20e+00 | 6.54e-01 6.55e-01)	5.487656e+00 5.549278e+00 : 7.883524e-01
9746(996) (2.32e+00 2.23e+00) XE:2.23e-01 (1.20e+00 1.20e+00 | 6.30e-01 6.55e-01)	5.487601e+00 5.549244e+00 : 7.883461e-01
9764(987) (2.44e+00 2.23e+00) XE:2.23e-01 (1.19e+00 1.20e+00 | 5.65e-01 6.55e-01)	5.487559e+00 5.549089e+00 : 7.883320e-01
9781(987) (2.28e+00 2.23e+00) XE:2.23e-01 (1.21e+00 1.20e+00 | 6.32e-01 6.55e-01)	5.487604e+00 5.549214e+00 : 7.883442e-01
9799(993) (2.44e+00 2.23e+00) XE:2.23e-01 (1.17e+00 1.20e+00 | 6.88e-01 6.55e-01)	5.487401e+00 5.549359e+00 : 7.883400e-01
9816(991) (2.60e+00 2.23e+00) XE:2.23e-01 (1.22e+00 1.20e+00 | 6.84e-01 6.55e-01)	5.487219e+00 5.549136e+00 : 7.883111e-01
9833(996) (1.90e+00 2.23e+00) XE:2.23e-01 (1.20e+00 1.20e+00 | 6.34e-01 6.55e-01)	5.486499e+00 5.548447e+00 : 7.882105e-01
9851(1005) (2.40e+00 2.23e+00) XE:2.23e-01 (1.23e+00 1.20e+00 | 6.34e-01 6.55e-01)	5.486558e+00 5.548580e+00 : 7.882241e-01
9868(1007) (1.38e+00 2.23e+00) XE:2.23e-01 (1.22e+00 1.20e+00 | 6.01e-01 6.55e-01)	5.486687e+00 5.548681e+00 : 7.882406e-01
9886(995) (2.41e+00 2.23e+00) XE:2.23e-01 (1.22e+00 1.20e+00 | 6.46e-01 6.55e-01)	5.486627e+00 5.548614e+00 : 7.882315e-01
9903(999) (1.94e+00 2.23e+00) XE:2.23e-01 (1.19e+00 1.20e+00 | 6.50e-01 6.55e-01)	5.486515e+00 5.548466e+00 : 7.882130e-01
9920(993) (2.30e+00 2.23e+00) XE:2.23e-01 (1.22e+00 1.20e+00 | 6.56e-01 6.55e-01)	5.486559e+00 5.548472e+00 : 7.882165e-01
9938(1001) (2.72e+00 2.23e+00) XE:2.23e-01 (1.19e+00 1.20e+00 | 5.83e-01 6.55e-01)	5.486544e+00 5.548523e+00 : 7.882190e-01
9955(1001) (2.25e+00 2.23e+00) XE:2.23e-01 (1.21e+00 1.20e+00 | 6.64e-01 6.55e-01)	5.486534e+00 5.548511e+00 : 7.882175e-01
9972(997) (2.30e+00 2.23e+00) XE:2.23e-01 (1.20e+00 1.20e+00 | 6.12e-01 6.55e-01)	5.486702e+00 5.548527e+00 : 7.882306e-01
9990(1004) (2.30e+00 2.23e+00) XE:2.23e-01 (1.19e+00 1.20e+00 | 6.14e-01 6.55e-01)	5.486661e+00 5.548567e+00 : 7.882306e-01
10000(997) (2.33e+00 2.23e+00) XE:2.23e-01 (1.21e+00 1.20e+00 | 6.32e-01 6.55e-01)	5.486737e+00 5.548606e+00 : 7.882388e-01
RL cnt: 0,6765793,1414357,125606,4465,163,0,0,0,0,0,0,0,0,0,0,
BL cnt: 0,0,0,0,0,0,55194,0,1513325,0,6773455,0,1512580,0,55446,0,0,0,0,0,0,
5.486737e+00 5.548606e+00 : 7.882388e-01
# InnerCodebook: deleted
# NBIDSchannel: deleted
# Gtable: deleted
# FBalg4: deleted
# StatICB: deleted
