# InnerCodebook: input ICB/ex03//cb.txt
# InnerCodebook: Nu=6 Nu2p=64 numCW=14 FlgUnique=1 FlgInvertible=1 FlgBalanced=1
# InnerCodebook: Rho=3 (ell,Delta)=(10,2) L0=2
# InnerCodebook: Rst01=3 Rst10=10
# CW
# 000:001011 (2,L2,R2) WL:0 0 1 1 2 3  WR:3 3 3 2 2 1  
# 001:001101 (2,L2,R1) WL:0 0 1 2 2 3  WR:3 3 3 2 1 1  
# 002:010011 (2,L1,R2) WL:0 1 1 1 2 3  WR:3 3 2 2 2 1  
# 003:010101 (1,L1,R1) WL:0 1 1 2 2 3  WR:3 3 2 2 1 1  
# 004:010110 (2,L1,R1) WL:0 1 1 2 3 3  WR:3 3 2 2 1 0  
# 005:011001 (2,L1,R1) WL:0 1 2 2 2 3  WR:3 3 2 1 1 1  
# 006:011010 (2,L1,R1) WL:0 1 2 2 3 3  WR:3 3 2 1 1 0  
# 007:100101 (2,L1,R1) WL:1 1 1 2 2 3  WR:3 2 2 2 1 1  
# 008:100110 (2,L1,R1) WL:1 1 1 2 3 3  WR:3 2 2 2 1 0  
# 009:101001 (2,L1,R1) WL:1 1 2 2 2 3  WR:3 2 2 1 1 1  
# 010:101010 (1,L1,R1) WL:1 1 2 2 3 3  WR:3 2 2 1 1 0  
# 011:101100 (2,L1,R2) WL:1 1 2 3 3 3  WR:3 2 2 1 0 0  
# 012:110010 (2,L2,R1) WL:1 2 2 2 3 3  WR:3 2 1 1 1 0  
# 013:110100 (2,L2,R2) WL:1 2 2 3 3 3  WR:3 2 1 1 0 0  
# CWL
# 000B:1 000D:1 0013:1 0015:1 0016:1 0019:1 001A:1 0025:1 0026:1 0029:1 
# 002A:1 002C:1 0032:1 0034:1 
# CWI
# 000B:000 000D:001 0013:002 0015:003 0016:004 0019:005 001A:006 0025:007 0026:008 0029:009 
# 002A:010 002C:011 0032:012 0034:013 
# Q=14 N=50 Nu=6 Nb=300 (Pi,Pd,Ps)=(8.000000e-03,8.000000e-03,8.000000e-03) [0]
# ICB:   ICB/ex03//cb.txt
# Const: ICB/ex03//constraint.txt
# EncCM: ICB/ex03//EncCM.bin
# ChannelMatrix: ICB/ex03//EncCM.bin (14x14)
# IDSchannel: N=300 (Pi,Pd,Ps)=(8.000000e-03,8.000000e-03,8.000000e-03) (Dmin,Dmax)=(-5,5)
# SLFBAdec: Ns=50 (Nu;Nu2min,Nu2max)=(6(64);3,9) Nb=300 Q=14
# SLFBAdec: (Pi,Pd,Ps,Pt)=(8.000000e-03,8.000000e-03,8.000000e-03,9.840000e-01) (Dmin,Dmax:Drng)=(-5,5:11)
# SLFBAdec: generating GD & GX
# SLFBAdec: generating factor graph
# ChannelMatrix: M=14 N=2744
1000 9547/50000 28 1.909400e-01 : 3.807234e+00 8.383665e-01 2.968868e+00
2000 18897/100000 32 1.889700e-01 : 3.807272e+00 8.626415e-01 2.944630e+00
3000 28405/150000 32 1.893667e-01 : 3.807325e+00 8.749779e-01 2.932347e+00
4000 37849/200000 32 1.892450e-01 : 3.807320e+00 8.807253e-01 2.926595e+00
5000 47187/250000 32 1.887480e-01 : 3.807329e+00 8.817575e-01 2.925571e+00
6000 56542/300000 32 1.884733e-01 : 3.807329e+00 8.846232e-01 2.922706e+00
7000 65766/350000 32 1.879029e-01 : 3.807326e+00 8.859829e-01 2.921343e+00
8000 75308/400000 39 1.882700e-01 : 3.807332e+00 8.903005e-01 2.917031e+00
9000 84723/450000 39 1.882733e-01 : 3.807342e+00 8.920095e-01 2.915332e+00
10000 93995/500000 39 1.879900e-01 : 3.807344e+00 8.920169e-01 2.915328e+00
11000 103495/550000 39 1.881727e-01 : 3.807343e+00 8.944022e-01 2.912941e+00
12000 112737/600000 39 1.878950e-01 : 3.807347e+00 8.946547e-01 2.912693e+00
13000 122082/650000 39 1.878185e-01 : 3.807350e+00 8.949476e-01 2.912402e+00
14000 131400/700000 39 1.877143e-01 : 3.807350e+00 8.949758e-01 2.912374e+00
15000 140853/750000 39 1.878040e-01 : 3.807352e+00 8.957961e-01 2.911556e+00
16000 150175/800000 39 1.877187e-01 : 3.807352e+00 8.962930e-01 2.911059e+00
17000 159464/850000 39 1.876047e-01 : 3.807352e+00 8.958056e-01 2.911546e+00
18000 168915/900000 39 1.876833e-01 : 3.807351e+00 8.966859e-01 2.910665e+00
19000 178291/950000 39 1.876747e-01 : 3.807351e+00 8.965473e-01 2.910804e+00
20000 187723/1000000 40 1.877230e-01 : 3.807352e+00 8.971649e-01 2.910187e+00
21000 197194/1050000 40 1.878038e-01 : 3.807351e+00 8.980151e-01 2.909336e+00
22000 206667/1100000 40 1.878791e-01 : 3.807351e+00 8.986239e-01 2.908727e+00
23000 216094/1150000 40 1.879078e-01 : 3.807351e+00 8.994327e-01 2.907919e+00
24000 225613/1200000 40 1.880108e-01 : 3.807351e+00 9.006148e-01 2.906736e+00
25000 234978/1250000 40 1.879824e-01 : 3.807351e+00 9.010699e-01 2.906281e+00
26000 244522/1300000 44 1.880938e-01 : 3.807351e+00 9.016509e-01 2.905701e+00
27000 254017/1350000 44 1.881607e-01 : 3.807351e+00 9.019418e-01 2.905410e+00
28000 263408/1400000 44 1.881486e-01 : 3.807351e+00 9.021981e-01 2.905153e+00
29000 272827/1450000 44 1.881566e-01 : 3.807352e+00 9.025613e-01 2.904791e+00
30000 282375/1500000 44 1.882500e-01 : 3.807352e+00 9.032678e-01 2.904084e+00
31000 291850/1550000 44 1.882903e-01 : 3.807351e+00 9.035947e-01 2.903757e+00
32000 301113/1600000 44 1.881956e-01 : 3.807351e+00 9.034705e-01 2.903881e+00
33000 310473/1650000 44 1.881655e-01 : 3.807351e+00 9.032739e-01 2.904077e+00
34000 319937/1700000 44 1.881982e-01 : 3.807351e+00 9.033875e-01 2.903964e+00
35000 329240/1750000 44 1.881371e-01 : 3.807350e+00 9.031843e-01 2.904166e+00
36000 338725/1800000 44 1.881806e-01 : 3.807349e+00 9.034168e-01 2.903932e+00
37000 348186/1850000 44 1.882086e-01 : 3.807349e+00 9.037251e-01 2.903624e+00
38000 357620/1900000 44 1.882211e-01 : 3.807350e+00 9.039336e-01 2.903416e+00
39000 367097/1950000 44 1.882549e-01 : 3.807350e+00 9.042532e-01 2.903097e+00
40000 376418/2000000 44 1.882090e-01 : 3.807350e+00 9.042523e-01 2.903098e+00
41000 385916/2050000 44 1.882517e-01 : 3.807351e+00 9.045592e-01 2.902792e+00
42000 395254/2100000 44 1.882162e-01 : 3.807351e+00 9.045072e-01 2.902844e+00
43000 404640/2150000 44 1.882047e-01 : 3.807351e+00 9.045712e-01 2.902780e+00
44000 414340/2200000 44 1.883364e-01 : 3.807351e+00 9.052735e-01 2.902078e+00
45000 423661/2250000 44 1.882938e-01 : 3.807352e+00 9.052531e-01 2.902099e+00
46000 433096/2300000 44 1.883026e-01 : 3.807352e+00 9.054701e-01 2.901882e+00
47000 442330/2350000 44 1.882255e-01 : 3.807352e+00 9.052761e-01 2.902076e+00
48000 451809/2400000 44 1.882537e-01 : 3.807352e+00 9.055780e-01 2.901774e+00
49000 461206/2450000 44 1.882473e-01 : 3.807353e+00 9.055593e-01 2.901793e+00
50000 470773/2500000 44 1.883092e-01 : 3.807352e+00 9.057926e-01 2.901560e+00
51000 480438/2550000 44 1.884071e-01 : 3.807352e+00 9.064850e-01 2.900867e+00
52000 489715/2600000 44 1.883519e-01 : 3.807352e+00 9.062688e-01 2.901084e+00
53000 498934/2650000 44 1.882770e-01 : 3.807352e+00 9.059107e-01 2.901442e+00
54000 508487/2700000 44 1.883285e-01 : 3.807352e+00 9.063242e-01 2.901028e+00
55000 517806/2750000 44 1.882931e-01 : 3.807352e+00 9.062047e-01 2.901147e+00
56000 527102/2800000 44 1.882507e-01 : 3.807352e+00 9.060019e-01 2.901350e+00
57000 536505/2850000 44 1.882474e-01 : 3.807352e+00 9.059726e-01 2.901379e+00
58000 545889/2900000 44 1.882376e-01 : 3.807352e+00 9.059808e-01 2.901371e+00
59000 555199/2950000 44 1.882031e-01 : 3.807352e+00 9.058399e-01 2.901512e+00
60000 564784/3000000 44 1.882613e-01 : 3.807352e+00 9.059477e-01 2.901404e+00
61000 574352/3050000 44 1.883121e-01 : 3.807352e+00 9.062259e-01 2.901126e+00
62000 583830/3100000 44 1.883323e-01 : 3.807353e+00 9.063658e-01 2.900987e+00
63000 593269/3150000 44 1.883394e-01 : 3.807352e+00 9.065081e-01 2.900844e+00
64000 602755/3200000 44 1.883609e-01 : 3.807353e+00 9.067220e-01 2.900631e+00
65000 612096/3250000 44 1.883372e-01 : 3.807353e+00 9.066370e-01 2.900716e+00
66000 621313/3300000 44 1.882767e-01 : 3.807352e+00 9.063541e-01 2.900998e+00
67000 630658/3350000 44 1.882561e-01 : 3.807353e+00 9.062409e-01 2.901112e+00
68000 639982/3400000 44 1.882300e-01 : 3.807352e+00 9.061834e-01 2.901169e+00
69000 649668/3450000 44 1.883096e-01 : 3.807353e+00 9.066672e-01 2.900685e+00
70000 658971/3500000 44 1.882774e-01 : 3.807353e+00 9.066777e-01 2.900675e+00
71000 668482/3550000 44 1.883048e-01 : 3.807353e+00 9.068473e-01 2.900505e+00
72000 677836/3600000 44 1.882878e-01 : 3.807353e+00 9.067973e-01 2.900555e+00
73000 687264/3650000 44 1.882915e-01 : 3.807353e+00 9.068576e-01 2.900495e+00
74000 696910/3700000 47 1.883541e-01 : 3.807352e+00 9.072266e-01 2.900126e+00
75000 706445/3750000 47 1.883853e-01 : 3.807352e+00 9.073677e-01 2.899985e+00
76000 715949/3800000 47 1.884076e-01 : 3.807352e+00 9.074647e-01 2.899887e+00
77000 725575/3850000 47 1.884610e-01 : 3.807352e+00 9.078231e-01 2.899529e+00
78000 735032/3900000 47 1.884697e-01 : 3.807352e+00 9.078899e-01 2.899462e+00
79000 744478/3950000 47 1.884754e-01 : 3.807352e+00 9.079600e-01 2.899392e+00
80000 754058/4000000 47 1.885145e-01 : 3.807352e+00 9.081206e-01 2.899231e+00
81000 763533/4050000 47 1.885267e-01 : 3.807352e+00 9.082611e-01 2.899091e+00
82000 772749/4100000 47 1.884754e-01 : 3.807352e+00 9.081040e-01 2.899248e+00
83000 782191/4150000 47 1.884798e-01 : 3.807352e+00 9.081364e-01 2.899216e+00
84000 791761/4200000 47 1.885145e-01 : 3.807352e+00 9.084103e-01 2.898942e+00
85000 801278/4250000 47 1.885360e-01 : 3.807352e+00 9.084840e-01 2.898868e+00
86000 810661/4300000 47 1.885258e-01 : 3.807352e+00 9.084786e-01 2.898873e+00
87000 820066/4350000 47 1.885209e-01 : 3.807352e+00 9.084614e-01 2.898891e+00
88000 829425/4400000 47 1.885057e-01 : 3.807352e+00 9.084767e-01 2.898875e+00
89000 838903/4450000 47 1.885175e-01 : 3.807352e+00 9.086268e-01 2.898725e+00
90000 848391/4500000 47 1.885313e-01 : 3.807352e+00 9.087306e-01 2.898621e+00
91000 857919/4550000 47 1.885536e-01 : 3.807352e+00 9.088474e-01 2.898505e+00
92000 867301/4600000 47 1.885437e-01 : 3.807352e+00 9.088017e-01 2.898551e+00
93000 876413/4650000 47 1.884759e-01 : 3.807352e+00 9.086509e-01 2.898701e+00
94000 885914/4700000 47 1.884923e-01 : 3.807352e+00 9.088402e-01 2.898512e+00
95000 895451/4750000 47 1.885160e-01 : 3.807353e+00 9.089799e-01 2.898373e+00
96000 904833/4800000 47 1.885069e-01 : 3.807353e+00 9.089969e-01 2.898356e+00
97000 914222/4850000 47 1.884994e-01 : 3.807353e+00 9.089887e-01 2.898364e+00
98000 923620/4900000 47 1.884939e-01 : 3.807353e+00 9.089830e-01 2.898370e+00
99000 932939/4950000 47 1.884725e-01 : 3.807353e+00 9.089852e-01 2.898368e+00
100000 942133/5000000 47 1.884266e-01 : 3.807353e+00 9.088600e-01 2.898493e+00
# InnerCodebook: deleted
# ChannelMatrix: deleted
# IDSchannel: deleted
# SLFBAdec: deleted
# ChannelMatrix: deleted
