# InnerCodebook: input ICB/ex04//cb.txt
# InnerCodebook: Nu=8 Nu2p=256 numCW=52 FlgUnique=1 FlgInvertible=1 FlgBalanced=1
# InnerCodebook: Rho=3 (ell,Delta)=(10,2) L0=2
# InnerCodebook: Rst01=12 Rst10=39
# CW
# 000:00101011 (2,L2,R2) WL:0 0 1 1 2 2 3 4  WR:4 4 4 3 3 2 2 1  
# 001:00101101 (2,L2,R1) WL:0 0 1 1 2 3 3 4  WR:4 4 4 3 3 2 1 1  
# 002:00101110 (3,L2,R1) WL:0 0 1 1 2 3 4 4  WR:4 4 4 3 3 2 1 0  
# 003:00110011 (2,L2,R2) WL:0 0 1 2 2 2 3 4  WR:4 4 4 3 2 2 2 1  
# 004:00110101 (2,L2,R1) WL:0 0 1 2 2 3 3 4  WR:4 4 4 3 2 2 1 1  
# 005:00110110 (2,L2,R1) WL:0 0 1 2 2 3 4 4  WR:4 4 4 3 2 2 1 0  
# 006:00111001 (3,L2,R1) WL:0 0 1 2 3 3 3 4  WR:4 4 4 3 2 1 1 1  
# 007:00111010 (3,L2,R1) WL:0 0 1 2 3 3 4 4  WR:4 4 4 3 2 1 1 0  
# 008:01001011 (2,L1,R2) WL:0 1 1 1 2 2 3 4  WR:4 4 3 3 3 2 2 1  
# 009:01001101 (2,L1,R1) WL:0 1 1 1 2 3 3 4  WR:4 4 3 3 3 2 1 1  
# 010:01001110 (3,L1,R1) WL:0 1 1 1 2 3 4 4  WR:4 4 3 3 3 2 1 0  
# 011:01010011 (2,L1,R2) WL:0 1 1 2 2 2 3 4  WR:4 4 3 3 2 2 2 1  
# 012:01010101 (1,L1,R1) WL:0 1 1 2 2 3 3 4  WR:4 4 3 3 2 2 1 1  
# 013:01010110 (2,L1,R1) WL:0 1 1 2 2 3 4 4  WR:4 4 3 3 2 2 1 0  
# 014:01011001 (2,L1,R1) WL:0 1 1 2 3 3 3 4  WR:4 4 3 3 2 1 1 1  
# 015:01011010 (2,L1,R1) WL:0 1 1 2 3 3 4 4  WR:4 4 3 3 2 1 1 0  
# 016:01011100 (3,L1,R2) WL:0 1 1 2 3 4 4 4  WR:4 4 3 3 2 1 0 0  
# 017:01100011 (3,L1,R2) WL:0 1 2 2 2 2 3 4  WR:4 4 3 2 2 2 2 1  
# 018:01100101 (2,L1,R1) WL:0 1 2 2 2 3 3 4  WR:4 4 3 2 2 2 1 1  
# 019:01100110 (2,L1,R1) WL:0 1 2 2 2 3 4 4  WR:4 4 3 2 2 2 1 0  
# 020:01101001 (2,L1,R1) WL:0 1 2 2 3 3 3 4  WR:4 4 3 2 2 1 1 1  
# 021:01101010 (2,L1,R1) WL:0 1 2 2 3 3 4 4  WR:4 4 3 2 2 1 1 0  
# 022:01101100 (2,L1,R2) WL:0 1 2 2 3 4 4 4  WR:4 4 3 2 2 1 0 0  
# 023:01110001 (3,L1,R1) WL:0 1 2 3 3 3 3 4  WR:4 4 3 2 1 1 1 1  
# 024:01110010 (3,L1,R1) WL:0 1 2 3 3 3 4 4  WR:4 4 3 2 1 1 1 0  
# 025:01110100 (3,L1,R2) WL:0 1 2 3 3 4 4 4  WR:4 4 3 2 1 1 0 0  
# 026:10001011 (3,L1,R2) WL:1 1 1 1 2 2 3 4  WR:4 3 3 3 3 2 2 1  
# 027:10001101 (3,L1,R1) WL:1 1 1 1 2 3 3 4  WR:4 3 3 3 3 2 1 1  
# 028:10001110 (3,L1,R1) WL:1 1 1 1 2 3 4 4  WR:4 3 3 3 3 2 1 0  
# 029:10010011 (2,L1,R2) WL:1 1 1 2 2 2 3 4  WR:4 3 3 3 2 2 2 1  
# 030:10010101 (2,L1,R1) WL:1 1 1 2 2 3 3 4  WR:4 3 3 3 2 2 1 1  
# 031:10010110 (2,L1,R1) WL:1 1 1 2 2 3 4 4  WR:4 3 3 3 2 2 1 0  
# 032:10011001 (2,L1,R1) WL:1 1 1 2 3 3 3 4  WR:4 3 3 3 2 1 1 1  
# 033:10011010 (2,L1,R1) WL:1 1 1 2 3 3 4 4  WR:4 3 3 3 2 1 1 0  
# 034:10011100 (3,L1,R2) WL:1 1 1 2 3 4 4 4  WR:4 3 3 3 2 1 0 0  
# 035:10100011 (3,L1,R2) WL:1 1 2 2 2 2 3 4  WR:4 3 3 2 2 2 2 1  
# 036:10100101 (2,L1,R1) WL:1 1 2 2 2 3 3 4  WR:4 3 3 2 2 2 1 1  
# 037:10100110 (2,L1,R1) WL:1 1 2 2 2 3 4 4  WR:4 3 3 2 2 2 1 0  
# 038:10101001 (2,L1,R1) WL:1 1 2 2 3 3 3 4  WR:4 3 3 2 2 1 1 1  
# 039:10101010 (1,L1,R1) WL:1 1 2 2 3 3 4 4  WR:4 3 3 2 2 1 1 0  
# 040:10101100 (2,L1,R2) WL:1 1 2 2 3 4 4 4  WR:4 3 3 2 2 1 0 0  
# 041:10110001 (3,L1,R1) WL:1 1 2 3 3 3 3 4  WR:4 3 3 2 1 1 1 1  
# 042:10110010 (2,L1,R1) WL:1 1 2 3 3 3 4 4  WR:4 3 3 2 1 1 1 0  
# 043:10110100 (2,L1,R2) WL:1 1 2 3 3 4 4 4  WR:4 3 3 2 1 1 0 0  
# 044:11000101 (3,L2,R1) WL:1 2 2 2 2 3 3 4  WR:4 3 2 2 2 2 1 1  
# 045:11000110 (3,L2,R1) WL:1 2 2 2 2 3 4 4  WR:4 3 2 2 2 2 1 0  
# 046:11001001 (2,L2,R1) WL:1 2 2 2 3 3 3 4  WR:4 3 2 2 2 1 1 1  
# 047:11001010 (2,L2,R1) WL:1 2 2 2 3 3 4 4  WR:4 3 2 2 2 1 1 0  
# 048:11001100 (2,L2,R2) WL:1 2 2 2 3 4 4 4  WR:4 3 2 2 2 1 0 0  
# 049:11010001 (3,L2,R1) WL:1 2 2 3 3 3 3 4  WR:4 3 2 2 1 1 1 1  
# 050:11010010 (2,L2,R1) WL:1 2 2 3 3 3 4 4  WR:4 3 2 2 1 1 1 0  
# 051:11010100 (2,L2,R2) WL:1 2 2 3 3 4 4 4  WR:4 3 2 2 1 1 0 0  
# CWL
# 002B:1 002D:1 002E:1 0033:1 0035:1 0036:1 0039:1 003A:1 004B:1 004D:1 
# 004E:1 0053:1 0055:1 0056:1 0059:1 005A:1 005C:1 0063:1 0065:1 0066:1 
# 0069:1 006A:1 006C:1 0071:1 0072:1 0074:1 008B:1 008D:1 008E:1 0093:1 
# 0095:1 0096:1 0099:1 009A:1 009C:1 00A3:1 00A5:1 00A6:1 00A9:1 00AA:1 
# 00AC:1 00B1:1 00B2:1 00B4:1 00C5:1 00C6:1 00C9:1 00CA:1 00CC:1 00D1:1 
# 00D2:1 00D4:1 
# CWI
# 002B:000 002D:001 002E:002 0033:003 0035:004 0036:005 0039:006 003A:007 004B:008 004D:009 
# 004E:010 0053:011 0055:012 0056:013 0059:014 005A:015 005C:016 0063:017 0065:018 0066:019 
# 0069:020 006A:021 006C:022 0071:023 0072:024 0074:025 008B:026 008D:027 008E:028 0093:029 
# 0095:030 0096:031 0099:032 009A:033 009C:034 00A3:035 00A5:036 00A6:037 00A9:038 00AA:039 
# 00AC:040 00B1:041 00B2:042 00B4:043 00C5:044 00C6:045 00C9:046 00CA:047 00CC:048 00D1:049 
# 00D2:050 00D4:051 
# Q=52 N=38 Nu=8 Nb=304 (Pi,Pd,Ps)=(3.000000e-03,3.000000e-03,3.000000e-03) [0]
# ICB:   ICB/ex04//cb.txt
# Const: ICB/ex04//constraint.txt
# EncCM: ICB/ex04//EncCM.bin
# ChannelMatrix: ICB/ex04//EncCM.bin (52x52)
# IDSchannel: N=304 (Pi,Pd,Ps)=(3.000000e-03,3.000000e-03,3.000000e-03) (Dmin,Dmax)=(-2,2)
# SLFBAdec: Ns=38 (Nu;Nu2min,Nu2max)=(8(256);5,11) Nb=304 Q=52
# SLFBAdec: (Pi,Pd,Ps,Pt)=(3.000000e-03,3.000000e-03,3.000000e-03,9.940000e-01) (Dmin,Dmax:Drng)=(-2,2:5)
# SLFBAdec: generating GD & GX
# SLFBAdec: generating factor graph
# ChannelMatrix: M=52 N=140608
1000 7120/38000 26 1.873684e-01 : 5.699589e+00 6.429992e-01 5.056590e+00
2000 14386/76000 26 1.892895e-01 : 5.699986e+00 6.850885e-01 5.014897e+00
3000 21589/114000 26 1.893772e-01 : 5.700070e+00 7.023359e-01 4.997734e+00
4000 28800/152000 31 1.894737e-01 : 5.700179e+00 7.138023e-01 4.986376e+00
5000 35965/190000 31 1.892895e-01 : 5.700269e+00 7.208246e-01 4.979444e+00
6000 43252/228000 31 1.897018e-01 : 5.700267e+00 7.282315e-01 4.972035e+00
7000 50409/266000 31 1.895075e-01 : 5.700300e+00 7.317945e-01 4.968506e+00
8000 57507/304000 31 1.891678e-01 : 5.700310e+00 7.346883e-01 4.965622e+00
9000 64733/342000 31 1.892778e-01 : 5.700324e+00 7.370401e-01 4.963284e+00
10000 71989/380000 31 1.894447e-01 : 5.700333e+00 7.402844e-01 4.960048e+00
11000 79062/418000 31 1.891435e-01 : 5.700332e+00 7.420058e-01 4.958326e+00
12000 86191/456000 31 1.890154e-01 : 5.700350e+00 7.430082e-01 4.957341e+00
13000 93490/494000 31 1.892510e-01 : 5.700362e+00 7.456509e-01 4.954711e+00
14000 100481/532000 31 1.888741e-01 : 5.700371e+00 7.457012e-01 4.954670e+00
15000 107661/570000 31 1.888789e-01 : 5.700376e+00 7.466126e-01 4.953763e+00
16000 114957/608000 31 1.890740e-01 : 5.700383e+00 7.479767e-01 4.952406e+00
17000 122189/646000 31 1.891471e-01 : 5.700384e+00 7.490199e-01 4.951364e+00
18000 129362/684000 31 1.891257e-01 : 5.700388e+00 7.499180e-01 4.950470e+00
19000 136482/722000 31 1.890332e-01 : 5.700393e+00 7.508451e-01 4.949548e+00
20000 143545/760000 31 1.888750e-01 : 5.700398e+00 7.514814e-01 4.948917e+00
21000 150755/798000 31 1.889160e-01 : 5.700398e+00 7.526474e-01 4.947751e+00
22000 157861/836000 31 1.888289e-01 : 5.700402e+00 7.525269e-01 4.947875e+00
23000 165184/874000 31 1.889977e-01 : 5.700406e+00 7.536729e-01 4.946733e+00
24000 172360/912000 31 1.889912e-01 : 5.700403e+00 7.544885e-01 4.945914e+00
25000 179484/950000 31 1.889305e-01 : 5.700402e+00 7.548538e-01 4.945548e+00
26000 186695/988000 31 1.889626e-01 : 5.700402e+00 7.557856e-01 4.944616e+00
27000 193778/1026000 31 1.888674e-01 : 5.700402e+00 7.559714e-01 4.944430e+00
28000 201213/1064000 31 1.891100e-01 : 5.700404e+00 7.574056e-01 4.942999e+00
29000 208510/1102000 31 1.892105e-01 : 5.700403e+00 7.579924e-01 4.942411e+00
30000 215617/1140000 31 1.891377e-01 : 5.700405e+00 7.584932e-01 4.941912e+00
31000 222786/1178000 31 1.891222e-01 : 5.700406e+00 7.588647e-01 4.941541e+00
32000 229907/1216000 31 1.890683e-01 : 5.700408e+00 7.592310e-01 4.941177e+00
33000 237210/1254000 31 1.891627e-01 : 5.700407e+00 7.597971e-01 4.940610e+00
34000 244333/1292000 31 1.891122e-01 : 5.700409e+00 7.602233e-01 4.940186e+00
35000 251480/1330000 31 1.890827e-01 : 5.700410e+00 7.600451e-01 4.940365e+00
36000 258663/1368000 31 1.890811e-01 : 5.700412e+00 7.604389e-01 4.939973e+00
37000 265961/1406000 31 1.891615e-01 : 5.700412e+00 7.608204e-01 4.939591e+00
38000 273310/1444000 31 1.892729e-01 : 5.700413e+00 7.615969e-01 4.938816e+00
39000 280415/1482000 31 1.892139e-01 : 5.700415e+00 7.618199e-01 4.938595e+00
40000 287663/1520000 31 1.892520e-01 : 5.700417e+00 7.620454e-01 4.938372e+00
41000 294959/1558000 31 1.893190e-01 : 5.700419e+00 7.626038e-01 4.937815e+00
42000 302223/1596000 31 1.893628e-01 : 5.700419e+00 7.630628e-01 4.937356e+00
43000 309534/1634000 31 1.894333e-01 : 5.700419e+00 7.638985e-01 4.936521e+00
44000 316771/1672000 31 1.894563e-01 : 5.700419e+00 7.640429e-01 4.936376e+00
45000 324038/1710000 31 1.894959e-01 : 5.700419e+00 7.643551e-01 4.936064e+00
46000 331152/1748000 31 1.894462e-01 : 5.700419e+00 7.644966e-01 4.935922e+00
47000 338310/1786000 31 1.894233e-01 : 5.700419e+00 7.644960e-01 4.935923e+00
48000 345416/1824000 31 1.893728e-01 : 5.700419e+00 7.645626e-01 4.935857e+00
49000 352684/1862000 31 1.894114e-01 : 5.700419e+00 7.648146e-01 4.935604e+00
50000 359946/1900000 31 1.894453e-01 : 5.700420e+00 7.650956e-01 4.935324e+00
51000 367112/1938000 31 1.894283e-01 : 5.700420e+00 7.654427e-01 4.934978e+00
52000 374384/1976000 31 1.894656e-01 : 5.700420e+00 7.655551e-01 4.934865e+00
53000 381524/2014000 31 1.894359e-01 : 5.700421e+00 7.658214e-01 4.934599e+00
54000 388685/2052000 31 1.894176e-01 : 5.700420e+00 7.658746e-01 4.934546e+00
55000 395834/2090000 31 1.893943e-01 : 5.700420e+00 7.659723e-01 4.934448e+00
56000 402805/2128000 31 1.892881e-01 : 5.700420e+00 7.658582e-01 4.934562e+00
57000 410059/2166000 31 1.893163e-01 : 5.700422e+00 7.660504e-01 4.934371e+00
58000 417192/2204000 31 1.892886e-01 : 5.700422e+00 7.659849e-01 4.934437e+00
59000 424386/2242000 31 1.892890e-01 : 5.700423e+00 7.662671e-01 4.934155e+00
60000 431434/2280000 31 1.892254e-01 : 5.700423e+00 7.662073e-01 4.934216e+00
61000 438619/2318000 31 1.892230e-01 : 5.700423e+00 7.664071e-01 4.934016e+00
62000 445761/2356000 31 1.892025e-01 : 5.700424e+00 7.664172e-01 4.934006e+00
63000 453191/2394000 31 1.893028e-01 : 5.700424e+00 7.668751e-01 4.933549e+00
64000 460231/2432000 31 1.892397e-01 : 5.700424e+00 7.669174e-01 4.933506e+00
65000 467404/2470000 31 1.892324e-01 : 5.700424e+00 7.669760e-01 4.933448e+00
66000 474444/2508000 31 1.891722e-01 : 5.700423e+00 7.668984e-01 4.933525e+00
67000 481653/2546000 31 1.891803e-01 : 5.700424e+00 7.670530e-01 4.933371e+00
68000 488896/2584000 31 1.892012e-01 : 5.700423e+00 7.673027e-01 4.933120e+00
69000 496171/2622000 31 1.892338e-01 : 5.700423e+00 7.673556e-01 4.933067e+00
70000 503338/2660000 31 1.892248e-01 : 5.700423e+00 7.673821e-01 4.933041e+00
71000 510492/2698000 31 1.892113e-01 : 5.700424e+00 7.674859e-01 4.932938e+00
72000 517791/2736000 31 1.892511e-01 : 5.700425e+00 7.677637e-01 4.932661e+00
73000 524940/2774000 31 1.892358e-01 : 5.700425e+00 7.676336e-01 4.932791e+00
74000 531930/2812000 31 1.891643e-01 : 5.700424e+00 7.675703e-01 4.932854e+00
75000 539098/2850000 31 1.891572e-01 : 5.700424e+00 7.676648e-01 4.932759e+00
76000 546255/2888000 31 1.891465e-01 : 5.700424e+00 7.677106e-01 4.932713e+00
77000 553640/2926000 31 1.892139e-01 : 5.700425e+00 7.681014e-01 4.932323e+00
78000 560769/2964000 31 1.891933e-01 : 5.700425e+00 7.680750e-01 4.932350e+00
79000 567874/3002000 31 1.891652e-01 : 5.700426e+00 7.681497e-01 4.932276e+00
80000 575262/3040000 31 1.892309e-01 : 5.700426e+00 7.685777e-01 4.931848e+00
81000 582465/3078000 31 1.892349e-01 : 5.700425e+00 7.687352e-01 4.931690e+00
82000 589739/3116000 31 1.892616e-01 : 5.700425e+00 7.689606e-01 4.931465e+00
83000 597061/3154000 31 1.893028e-01 : 5.700425e+00 7.691789e-01 4.931247e+00
84000 604221/3192000 31 1.892923e-01 : 5.700426e+00 7.692763e-01 4.931150e+00
85000 611562/3230000 31 1.893381e-01 : 5.700427e+00 7.694585e-01 4.930968e+00
86000 618719/3268000 31 1.893265e-01 : 5.700427e+00 7.695448e-01 4.930882e+00
87000 625890/3306000 31 1.893194e-01 : 5.700428e+00 7.696199e-01 4.930808e+00
88000 633087/3344000 31 1.893203e-01 : 5.700428e+00 7.695717e-01 4.930856e+00
89000 640161/3382000 31 1.892847e-01 : 5.700428e+00 7.695469e-01 4.930881e+00
90000 647430/3420000 31 1.893070e-01 : 5.700428e+00 7.696609e-01 4.930767e+00
91000 654563/3458000 31 1.892895e-01 : 5.700428e+00 7.696819e-01 4.930746e+00
92000 661774/3496000 31 1.892946e-01 : 5.700428e+00 7.698043e-01 4.930624e+00
93000 668858/3534000 31 1.892637e-01 : 5.700428e+00 7.698747e-01 4.930554e+00
94000 676083/3572000 31 1.892730e-01 : 5.700429e+00 7.699994e-01 4.930430e+00
95000 683185/3610000 31 1.892479e-01 : 5.700430e+00 7.700707e-01 4.930359e+00
96000 690436/3648000 31 1.892643e-01 : 5.700430e+00 7.702187e-01 4.930211e+00
97000 697678/3686000 31 1.892778e-01 : 5.700430e+00 7.703403e-01 4.930090e+00
98000 705009/3724000 31 1.893150e-01 : 5.700431e+00 7.704645e-01 4.929966e+00
99000 712294/3762000 31 1.893392e-01 : 5.700430e+00 7.706134e-01 4.929817e+00
100000 719422/3800000 31 1.893216e-01 : 5.700431e+00 7.706631e-01 4.929768e+00
# InnerCodebook: deleted
# ChannelMatrix: deleted
# IDSchannel: deleted
# SLFBAdec: deleted
# ChannelMatrix: deleted
