# InnerCodebook: input ICB/ex04//cb.txt
# InnerCodebook: Nu=8 Nu2p=256 numCW=52 FlgUnique=1 FlgInvertible=1 FlgBalanced=1
# InnerCodebook: Rho=3 (ell,Delta)=(10,2) L0=2
# InnerCodebook: Rst01=12 Rst10=39
# CW
# 000:00101011 (2,L2,R2) WL:0 0 1 1 2 2 3 4  WR:4 4 4 3 3 2 2 1  
# 001:00101101 (2,L2,R1) WL:0 0 1 1 2 3 3 4  WR:4 4 4 3 3 2 1 1  
# 002:00101110 (3,L2,R1) WL:0 0 1 1 2 3 4 4  WR:4 4 4 3 3 2 1 0  
# 003:00110011 (2,L2,R2) WL:0 0 1 2 2 2 3 4  WR:4 4 4 3 2 2 2 1  
# 004:00110101 (2,L2,R1) WL:0 0 1 2 2 3 3 4  WR:4 4 4 3 2 2 1 1  
# 005:00110110 (2,L2,R1) WL:0 0 1 2 2 3 4 4  WR:4 4 4 3 2 2 1 0  
# 006:00111001 (3,L2,R1) WL:0 0 1 2 3 3 3 4  WR:4 4 4 3 2 1 1 1  
# 007:00111010 (3,L2,R1) WL:0 0 1 2 3 3 4 4  WR:4 4 4 3 2 1 1 0  
# 008:01001011 (2,L1,R2) WL:0 1 1 1 2 2 3 4  WR:4 4 3 3 3 2 2 1  
# 009:01001101 (2,L1,R1) WL:0 1 1 1 2 3 3 4  WR:4 4 3 3 3 2 1 1  
# 010:01001110 (3,L1,R1) WL:0 1 1 1 2 3 4 4  WR:4 4 3 3 3 2 1 0  
# 011:01010011 (2,L1,R2) WL:0 1 1 2 2 2 3 4  WR:4 4 3 3 2 2 2 1  
# 012:01010101 (1,L1,R1) WL:0 1 1 2 2 3 3 4  WR:4 4 3 3 2 2 1 1  
# 013:01010110 (2,L1,R1) WL:0 1 1 2 2 3 4 4  WR:4 4 3 3 2 2 1 0  
# 014:01011001 (2,L1,R1) WL:0 1 1 2 3 3 3 4  WR:4 4 3 3 2 1 1 1  
# 015:01011010 (2,L1,R1) WL:0 1 1 2 3 3 4 4  WR:4 4 3 3 2 1 1 0  
# 016:01011100 (3,L1,R2) WL:0 1 1 2 3 4 4 4  WR:4 4 3 3 2 1 0 0  
# 017:01100011 (3,L1,R2) WL:0 1 2 2 2 2 3 4  WR:4 4 3 2 2 2 2 1  
# 018:01100101 (2,L1,R1) WL:0 1 2 2 2 3 3 4  WR:4 4 3 2 2 2 1 1  
# 019:01100110 (2,L1,R1) WL:0 1 2 2 2 3 4 4  WR:4 4 3 2 2 2 1 0  
# 020:01101001 (2,L1,R1) WL:0 1 2 2 3 3 3 4  WR:4 4 3 2 2 1 1 1  
# 021:01101010 (2,L1,R1) WL:0 1 2 2 3 3 4 4  WR:4 4 3 2 2 1 1 0  
# 022:01101100 (2,L1,R2) WL:0 1 2 2 3 4 4 4  WR:4 4 3 2 2 1 0 0  
# 023:01110001 (3,L1,R1) WL:0 1 2 3 3 3 3 4  WR:4 4 3 2 1 1 1 1  
# 024:01110010 (3,L1,R1) WL:0 1 2 3 3 3 4 4  WR:4 4 3 2 1 1 1 0  
# 025:01110100 (3,L1,R2) WL:0 1 2 3 3 4 4 4  WR:4 4 3 2 1 1 0 0  
# 026:10001011 (3,L1,R2) WL:1 1 1 1 2 2 3 4  WR:4 3 3 3 3 2 2 1  
# 027:10001101 (3,L1,R1) WL:1 1 1 1 2 3 3 4  WR:4 3 3 3 3 2 1 1  
# 028:10001110 (3,L1,R1) WL:1 1 1 1 2 3 4 4  WR:4 3 3 3 3 2 1 0  
# 029:10010011 (2,L1,R2) WL:1 1 1 2 2 2 3 4  WR:4 3 3 3 2 2 2 1  
# 030:10010101 (2,L1,R1) WL:1 1 1 2 2 3 3 4  WR:4 3 3 3 2 2 1 1  
# 031:10010110 (2,L1,R1) WL:1 1 1 2 2 3 4 4  WR:4 3 3 3 2 2 1 0  
# 032:10011001 (2,L1,R1) WL:1 1 1 2 3 3 3 4  WR:4 3 3 3 2 1 1 1  
# 033:10011010 (2,L1,R1) WL:1 1 1 2 3 3 4 4  WR:4 3 3 3 2 1 1 0  
# 034:10011100 (3,L1,R2) WL:1 1 1 2 3 4 4 4  WR:4 3 3 3 2 1 0 0  
# 035:10100011 (3,L1,R2) WL:1 1 2 2 2 2 3 4  WR:4 3 3 2 2 2 2 1  
# 036:10100101 (2,L1,R1) WL:1 1 2 2 2 3 3 4  WR:4 3 3 2 2 2 1 1  
# 037:10100110 (2,L1,R1) WL:1 1 2 2 2 3 4 4  WR:4 3 3 2 2 2 1 0  
# 038:10101001 (2,L1,R1) WL:1 1 2 2 3 3 3 4  WR:4 3 3 2 2 1 1 1  
# 039:10101010 (1,L1,R1) WL:1 1 2 2 3 3 4 4  WR:4 3 3 2 2 1 1 0  
# 040:10101100 (2,L1,R2) WL:1 1 2 2 3 4 4 4  WR:4 3 3 2 2 1 0 0  
# 041:10110001 (3,L1,R1) WL:1 1 2 3 3 3 3 4  WR:4 3 3 2 1 1 1 1  
# 042:10110010 (2,L1,R1) WL:1 1 2 3 3 3 4 4  WR:4 3 3 2 1 1 1 0  
# 043:10110100 (2,L1,R2) WL:1 1 2 3 3 4 4 4  WR:4 3 3 2 1 1 0 0  
# 044:11000101 (3,L2,R1) WL:1 2 2 2 2 3 3 4  WR:4 3 2 2 2 2 1 1  
# 045:11000110 (3,L2,R1) WL:1 2 2 2 2 3 4 4  WR:4 3 2 2 2 2 1 0  
# 046:11001001 (2,L2,R1) WL:1 2 2 2 3 3 3 4  WR:4 3 2 2 2 1 1 1  
# 047:11001010 (2,L2,R1) WL:1 2 2 2 3 3 4 4  WR:4 3 2 2 2 1 1 0  
# 048:11001100 (2,L2,R2) WL:1 2 2 2 3 4 4 4  WR:4 3 2 2 2 1 0 0  
# 049:11010001 (3,L2,R1) WL:1 2 2 3 3 3 3 4  WR:4 3 2 2 1 1 1 1  
# 050:11010010 (2,L2,R1) WL:1 2 2 3 3 3 4 4  WR:4 3 2 2 1 1 1 0  
# 051:11010100 (2,L2,R2) WL:1 2 2 3 3 4 4 4  WR:4 3 2 2 1 1 0 0  
# CWL
# 002B:1 002D:1 002E:1 0033:1 0035:1 0036:1 0039:1 003A:1 004B:1 004D:1 
# 004E:1 0053:1 0055:1 0056:1 0059:1 005A:1 005C:1 0063:1 0065:1 0066:1 
# 0069:1 006A:1 006C:1 0071:1 0072:1 0074:1 008B:1 008D:1 008E:1 0093:1 
# 0095:1 0096:1 0099:1 009A:1 009C:1 00A3:1 00A5:1 00A6:1 00A9:1 00AA:1 
# 00AC:1 00B1:1 00B2:1 00B4:1 00C5:1 00C6:1 00C9:1 00CA:1 00CC:1 00D1:1 
# 00D2:1 00D4:1 
# CWI
# 002B:000 002D:001 002E:002 0033:003 0035:004 0036:005 0039:006 003A:007 004B:008 004D:009 
# 004E:010 0053:011 0055:012 0056:013 0059:014 005A:015 005C:016 0063:017 0065:018 0066:019 
# 0069:020 006A:021 006C:022 0071:023 0072:024 0074:025 008B:026 008D:027 008E:028 0093:029 
# 0095:030 0096:031 0099:032 009A:033 009C:034 00A3:035 00A5:036 00A6:037 00A9:038 00AA:039 
# 00AC:040 00B1:041 00B2:042 00B4:043 00C5:044 00C6:045 00C9:046 00CA:047 00CC:048 00D1:049 
# 00D2:050 00D4:051 
# Q=52 N=38 Nu=8 Nb=304 (Pi,Pd,Ps)=(6.000000e-03,6.000000e-03,6.000000e-03) [0]
# ICB:   ICB/ex04//cb.txt
# Const: ICB/ex04//constraint.txt
# EncCM: ICB/ex04//EncCM.bin
# ChannelMatrix: ICB/ex04//EncCM.bin (52x52)
# IDSchannel: N=304 (Pi,Pd,Ps)=(6.000000e-03,6.000000e-03,6.000000e-03) (Dmin,Dmax)=(-4,4)
# SLFBAdec: Ns=38 (Nu;Nu2min,Nu2max)=(8(256);5,11) Nb=304 Q=52
# SLFBAdec: (Pi,Pd,Ps,Pt)=(6.000000e-03,6.000000e-03,6.000000e-03,9.880000e-01) (Dmin,Dmax:Drng)=(-4,4:9)
# SLFBAdec: generating GD & GX
# SLFBAdec: generating factor graph
# ChannelMatrix: M=52 N=140608
1000 9453/38000 25 2.487632e-01 : 5.699244e+00 8.744262e-01 4.824818e+00
2000 19173/76000 29 2.522763e-01 : 5.699863e+00 9.426347e-01 4.757228e+00
3000 28840/114000 29 2.529825e-01 : 5.700101e+00 9.804954e-01 4.719606e+00
4000 38420/152000 29 2.527632e-01 : 5.700204e+00 1.002837e+00 4.697367e+00
5000 48036/190000 29 2.528211e-01 : 5.700220e+00 1.017567e+00 4.682653e+00
6000 57748/228000 29 2.532807e-01 : 5.700294e+00 1.032860e+00 4.667434e+00
7000 67376/266000 29 2.532932e-01 : 5.700318e+00 1.043654e+00 4.656664e+00
8000 77148/304000 34 2.537763e-01 : 5.700343e+00 1.053165e+00 4.647178e+00
9000 86775/342000 34 2.537281e-01 : 5.700364e+00 1.058202e+00 4.642162e+00
10000 96271/380000 34 2.533447e-01 : 5.700377e+00 1.064446e+00 4.635931e+00
11000 105945/418000 34 2.534569e-01 : 5.700387e+00 1.069403e+00 4.630984e+00
12000 115480/456000 34 2.532456e-01 : 5.700386e+00 1.073084e+00 4.627303e+00
13000 125095/494000 34 2.532287e-01 : 5.700394e+00 1.076960e+00 4.623434e+00
14000 134552/532000 34 2.529173e-01 : 5.700395e+00 1.078862e+00 4.621532e+00
15000 144019/570000 34 2.526649e-01 : 5.700399e+00 1.081383e+00 4.619016e+00
16000 153804/608000 34 2.529671e-01 : 5.700395e+00 1.085811e+00 4.614584e+00
17000 163331/646000 34 2.528344e-01 : 5.700396e+00 1.088423e+00 4.611972e+00
18000 172823/684000 34 2.526652e-01 : 5.700396e+00 1.090576e+00 4.609821e+00
19000 182325/722000 34 2.525277e-01 : 5.700401e+00 1.092807e+00 4.607594e+00
20000 191744/760000 34 2.522947e-01 : 5.700402e+00 1.093792e+00 4.606610e+00
21000 201234/798000 34 2.521729e-01 : 5.700400e+00 1.095918e+00 4.604482e+00
22000 210808/836000 34 2.521627e-01 : 5.700403e+00 1.097491e+00 4.602912e+00
23000 220408/874000 34 2.521831e-01 : 5.700404e+00 1.099408e+00 4.600996e+00
24000 229972/912000 34 2.521623e-01 : 5.700408e+00 1.101013e+00 4.599395e+00
25000 239564/950000 34 2.521726e-01 : 5.700408e+00 1.102327e+00 4.598082e+00
26000 249408/988000 34 2.524372e-01 : 5.700409e+00 1.105175e+00 4.595234e+00
27000 259067/1026000 34 2.525019e-01 : 5.700409e+00 1.106905e+00 4.593504e+00
28000 268771/1064000 34 2.526043e-01 : 5.700407e+00 1.108610e+00 4.591797e+00
29000 278512/1102000 34 2.527332e-01 : 5.700409e+00 1.109930e+00 4.590479e+00
30000 288292/1140000 34 2.528877e-01 : 5.700410e+00 1.111702e+00 4.588708e+00
31000 297846/1178000 34 2.528404e-01 : 5.700408e+00 1.112596e+00 4.587812e+00
32000 307420/1216000 34 2.528125e-01 : 5.700409e+00 1.113976e+00 4.586433e+00
33000 317007/1254000 34 2.527967e-01 : 5.700408e+00 1.114753e+00 4.585655e+00
34000 326571/1292000 34 2.527639e-01 : 5.700409e+00 1.115715e+00 4.584694e+00
35000 336005/1330000 34 2.526353e-01 : 5.700410e+00 1.115939e+00 4.584471e+00
36000 345532/1368000 34 2.525819e-01 : 5.700410e+00 1.116638e+00 4.583772e+00
37000 355251/1406000 34 2.526679e-01 : 5.700414e+00 1.118032e+00 4.582383e+00
38000 364955/1444000 34 2.527389e-01 : 5.700416e+00 1.119038e+00 4.581378e+00
39000 374602/1482000 34 2.527679e-01 : 5.700416e+00 1.120128e+00 4.580288e+00
40000 384281/1520000 34 2.528164e-01 : 5.700416e+00 1.121048e+00 4.579368e+00
41000 394043/1558000 34 2.529159e-01 : 5.700416e+00 1.122473e+00 4.577944e+00
42000 403793/1596000 34 2.530031e-01 : 5.700418e+00 1.123589e+00 4.576829e+00
43000 413515/1634000 34 2.530692e-01 : 5.700418e+00 1.124480e+00 4.575938e+00
44000 423112/1672000 34 2.530574e-01 : 5.700418e+00 1.125706e+00 4.574712e+00
45000 432996/1710000 34 2.532140e-01 : 5.700417e+00 1.127011e+00 4.573406e+00
46000 442489/1748000 34 2.531402e-01 : 5.700418e+00 1.127411e+00 4.573007e+00
47000 452000/1786000 34 2.530795e-01 : 5.700418e+00 1.127804e+00 4.572614e+00
48000 461712/1824000 34 2.531316e-01 : 5.700418e+00 1.128646e+00 4.571772e+00
49000 471241/1862000 34 2.530832e-01 : 5.700419e+00 1.128959e+00 4.571460e+00
50000 480807/1900000 34 2.530563e-01 : 5.700419e+00 1.129254e+00 4.571165e+00
51000 490709/1938000 34 2.532038e-01 : 5.700419e+00 1.130466e+00 4.569953e+00
52000 500040/1976000 34 2.530567e-01 : 5.700419e+00 1.130199e+00 4.570221e+00
53000 509793/2014000 34 2.531246e-01 : 5.700419e+00 1.131106e+00 4.569313e+00
54000 519355/2052000 34 2.530970e-01 : 5.700419e+00 1.131223e+00 4.569197e+00
55000 529089/2090000 34 2.531526e-01 : 5.700420e+00 1.131691e+00 4.568729e+00
56000 538440/2128000 34 2.530263e-01 : 5.700420e+00 1.131429e+00 4.568991e+00
57000 547964/2166000 34 2.529843e-01 : 5.700421e+00 1.131731e+00 4.568690e+00
58000 557408/2204000 34 2.529074e-01 : 5.700422e+00 1.131881e+00 4.568542e+00
59000 567131/2242000 34 2.529576e-01 : 5.700423e+00 1.132553e+00 4.567870e+00
60000 576653/2280000 34 2.529180e-01 : 5.700424e+00 1.132765e+00 4.567658e+00
61000 586452/2318000 34 2.529991e-01 : 5.700424e+00 1.133588e+00 4.566836e+00
62000 596043/2356000 34 2.529894e-01 : 5.700424e+00 1.134003e+00 4.566421e+00
63000 605538/2394000 34 2.529398e-01 : 5.700423e+00 1.134311e+00 4.566113e+00
64000 614927/2432000 34 2.528483e-01 : 5.700423e+00 1.134430e+00 4.565993e+00
65000 624510/2470000 34 2.528381e-01 : 5.700424e+00 1.134702e+00 4.565722e+00
66000 633902/2508000 34 2.527520e-01 : 5.700425e+00 1.134679e+00 4.565746e+00
67000 643299/2546000 34 2.526705e-01 : 5.700424e+00 1.134646e+00 4.565778e+00
68000 652760/2584000 34 2.526161e-01 : 5.700425e+00 1.134759e+00 4.565666e+00
69000 662434/2622000 34 2.526445e-01 : 5.700425e+00 1.135301e+00 4.565124e+00
70000 671915/2660000 34 2.525996e-01 : 5.700426e+00 1.135500e+00 4.564926e+00
71000 681412/2698000 34 2.525619e-01 : 5.700426e+00 1.135774e+00 4.564653e+00
72000 690806/2736000 34 2.524876e-01 : 5.700427e+00 1.135715e+00 4.564711e+00
73000 700220/2774000 34 2.524225e-01 : 5.700427e+00 1.135610e+00 4.564816e+00
74000 709777/2812000 34 2.524100e-01 : 5.700426e+00 1.135838e+00 4.564589e+00
75000 719388/2850000 34 2.524168e-01 : 5.700427e+00 1.136328e+00 4.564098e+00
76000 729078/2888000 34 2.524508e-01 : 5.700426e+00 1.136662e+00 4.563764e+00
77000 738804/2926000 34 2.524962e-01 : 5.700426e+00 1.137247e+00 4.563180e+00
78000 748332/2964000 34 2.524737e-01 : 5.700427e+00 1.137328e+00 4.563099e+00
79000 757929/3002000 34 2.524747e-01 : 5.700428e+00 1.137639e+00 4.562789e+00
80000 767593/3040000 34 2.524977e-01 : 5.700428e+00 1.137993e+00 4.562435e+00
81000 777048/3078000 34 2.524522e-01 : 5.700428e+00 1.138022e+00 4.562406e+00
82000 786828/3116000 34 2.525122e-01 : 5.700428e+00 1.138520e+00 4.561908e+00
83000 796508/3154000 34 2.525390e-01 : 5.700428e+00 1.138760e+00 4.561668e+00
84000 806148/3192000 34 2.525526e-01 : 5.700428e+00 1.139181e+00 4.561247e+00
85000 815848/3230000 34 2.525845e-01 : 5.700428e+00 1.139427e+00 4.561001e+00
86000 825522/3268000 34 2.526077e-01 : 5.700428e+00 1.139762e+00 4.560666e+00
87000 835055/3306000 34 2.525877e-01 : 5.700428e+00 1.139906e+00 4.560522e+00
88000 844471/3344000 34 2.525332e-01 : 5.700429e+00 1.139936e+00 4.560493e+00
89000 854022/3382000 34 2.525198e-01 : 5.700429e+00 1.140061e+00 4.560368e+00
90000 863603/3420000 34 2.525155e-01 : 5.700429e+00 1.140147e+00 4.560282e+00
91000 873159/3458000 34 2.525040e-01 : 5.700429e+00 1.140304e+00 4.560125e+00
92000 882616/3496000 34 2.524645e-01 : 5.700429e+00 1.140372e+00 4.560057e+00
93000 892205/3534000 34 2.524632e-01 : 5.700429e+00 1.140642e+00 4.559787e+00
94000 901657/3572000 34 2.524236e-01 : 5.700429e+00 1.140750e+00 4.559678e+00
95000 911270/3610000 34 2.524294e-01 : 5.700429e+00 1.141097e+00 4.559332e+00
96000 920998/3648000 34 2.524666e-01 : 5.700429e+00 1.141385e+00 4.559044e+00
97000 930642/3686000 34 2.524802e-01 : 5.700428e+00 1.141636e+00 4.558793e+00
98000 940304/3724000 34 2.524984e-01 : 5.700429e+00 1.141883e+00 4.558546e+00
99000 949987/3762000 34 2.525218e-01 : 5.700429e+00 1.142120e+00 4.558309e+00
100000 959539/3800000 34 2.525103e-01 : 5.700429e+00 1.142318e+00 4.558112e+00
# InnerCodebook: deleted
# ChannelMatrix: deleted
# IDSchannel: deleted
# SLFBAdec: deleted
# ChannelMatrix: deleted
