# (Pid,Ps)=(5.000000e-02,1.000000e-03) Nseg=200 WinSize=10 [0]
# InnerCB: ICB/1/5_08_2.bin
# Gtable:  Gtable/5/050_001.bin
# InnerCodebook: beta=5(1024) nu=2
# InnerCodebook: B(B2p)=8(256) 8(256) 
# InnerCodebook: checked CWM, EncMap, DecMap
# beta=5(1024) nu=2 N=1000 Dmax=55
# B=8,8,
# NBIDSchannel: N=1000 Q=4 Dmax=55 (Pid,Ps)=(5.000000e-02,1.000000e-03)
# FBalg4: Nseg=200 Dmax=55(w=111)
# FBalg4: Gtable: Gtable/5/050_001.bin
# Gtable: beta=5 (Pid,Ps,Ptrn)=(5.000000e-02,1.000000e-03,9.000000e-01) Pth=1.000000e-10
# Gtable: beta4p=1024 beta4pp=1048576
# Gtable::Gtable len=0 cnt=1024
# Gtable::Gtable len=1 cnt=4096
# Gtable::Gtable len=2 cnt=16384
# Gtable::Gtable len=3 cnt=60508
# Gtable::Gtable len=4 cnt=156904
# Gtable::Gtable len=5 cnt=451540
# Gtable::Gtable len=6 cnt=491392
# Gtable::Gtable len=7 cnt=905716
# Gtable::Gtable len=8 cnt=207040
# Gtable::Gtable len=9 cnt=100348
# Gtable::Gtable len=10 cnt=31744
# FBalg4: beta=5(1024) (Pid,Ps)=(5.000000e-02,1.000000e-03) Pth=1.000000e-10 N=1000
# StatICB: nu=2 beta=5 beta4p=1024 Bsum=16 HdThNum=20 HdThStep=5.00e-02
# StatICB: B=8,8,
# StatICB: HdThList 9.50e-01,9.00e-01,8.50e-01,8.00e-01,7.50e-01,7.00e-01,6.50e-01,6.00e-01,5.50e-01,5.00e-01,4.50e-01,4.00e-01,3.50e-01,3.00e-01,2.50e-01,2.00e-01,1.50e-01,1.00e-01,5.00e-02,1.00e-10,
0017(1007) (3.48e+00 3.44e+00) XE:3.44e-01 (1.19e+00 1.21e+00 | 6.76e-01 6.69e-01)
0036(1015) (2.87e+00 3.50e+00) XE:3.50e-01 (1.21e+00 1.21e+00 | 6.96e-01 6.68e-01)
0054(1015) (2.98e+00 3.45e+00) XE:3.45e-01 (1.20e+00 1.20e+00 | 6.70e-01 6.67e-01)
0073(991) (3.55e+00 3.47e+00) XE:3.47e-01 (1.22e+00 1.20e+00 | 6.90e-01 6.70e-01)
0091(988) (3.82e+00 3.48e+00) XE:3.48e-01 (1.22e+00 1.21e+00 | 7.06e-01 6.71e-01)
0109(996) (4.03e+00 3.46e+00) XE:3.46e-01 (1.22e+00 1.21e+00 | 6.38e-01 6.73e-01)
0128(1006) (3.50e+00 3.47e+00) XE:3.47e-01 (1.20e+00 1.21e+00 | 6.60e-01 6.74e-01)
0146(1013) (3.44e+00 3.46e+00) XE:3.46e-01 (1.22e+00 1.21e+00 | 6.64e-01 6.75e-01)
0165(988) (3.81e+00 3.47e+00) XE:3.47e-01 (1.20e+00 1.21e+00 | 6.66e-01 6.75e-01)
0183(999) (3.84e+00 3.48e+00) XE:3.48e-01 (1.19e+00 1.21e+00 | 6.58e-01 6.75e-01)
0201(998) (3.59e+00 3.49e+00) XE:3.49e-01 (1.23e+00 1.21e+00 | 6.28e-01 6.74e-01)
0220(1004) (3.48e+00 3.47e+00) XE:3.47e-01 (1.21e+00 1.21e+00 | 7.14e-01 6.74e-01)
0238(1021) (2.66e+00 3.48e+00) XE:3.48e-01 (1.21e+00 1.21e+00 | 6.66e-01 6.74e-01)
0256(1010) (2.98e+00 3.48e+00) XE:3.48e-01 (1.23e+00 1.21e+00 | 7.39e-01 6.75e-01)
0275(1004) (3.27e+00 3.49e+00) XE:3.49e-01 (1.22e+00 1.21e+00 | 7.06e-01 6.76e-01)
0293(1004) (3.43e+00 3.49e+00) XE:3.49e-01 (1.20e+00 1.21e+00 | 6.84e-01 6.76e-01)
0312(1014) (3.46e+00 3.48e+00) XE:3.48e-01 (1.21e+00 1.21e+00 | 6.68e-01 6.76e-01)
0330(1000) (3.26e+00 3.49e+00) XE:3.49e-01 (1.19e+00 1.21e+00 | 6.68e-01 6.76e-01)
0348(1012) (2.89e+00 3.49e+00) XE:3.49e-01 (1.19e+00 1.21e+00 | 6.46e-01 6.76e-01)
0367(1000) (3.05e+00 3.50e+00) XE:3.50e-01 (1.20e+00 1.21e+00 | 7.10e-01 6.76e-01)
0385(999) (3.27e+00 3.49e+00) XE:3.49e-01 (1.20e+00 1.21e+00 | 6.60e-01 6.76e-01)
0404(1000) (5.44e+00 3.50e+00) XE:3.50e-01 (1.19e+00 1.21e+00 | 6.30e-01 6.76e-01)
0422(995) (4.83e+00 3.50e+00) XE:3.50e-01 (1.21e+00 1.21e+00 | 6.46e-01 6.75e-01)
0440(985) (4.07e+00 3.50e+00) XE:3.50e-01 (1.18e+00 1.21e+00 | 6.56e-01 6.75e-01)
0459(1018) (3.06e+00 3.51e+00) XE:3.51e-01 (1.20e+00 1.21e+00 | 6.72e-01 6.75e-01)
0477(1015) (3.06e+00 3.50e+00) XE:3.50e-01 (1.22e+00 1.21e+00 | 6.86e-01 6.75e-01)
0495(1001) (3.19e+00 3.49e+00) XE:3.49e-01 (1.18e+00 1.21e+00 | 6.32e-01 6.75e-01)
0514(990) (3.44e+00 3.48e+00) XE:3.48e-01 (1.21e+00 1.21e+00 | 7.06e-01 6.75e-01)
0532(1006) (5.92e+00 3.48e+00) XE:3.48e-01 (1.18e+00 1.21e+00 | 6.86e-01 6.75e-01)
0551(984) (3.07e+00 3.47e+00) XE:3.47e-01 (1.20e+00 1.21e+00 | 6.88e-01 6.75e-01)
0569(997) (3.30e+00 3.46e+00) XE:3.46e-01 (1.24e+00 1.21e+00 | 7.04e-01 6.76e-01)
0587(979) (3.24e+00 3.46e+00) XE:3.46e-01 (1.22e+00 1.21e+00 | 7.27e-01 6.76e-01)
0606(993) (4.26e+00 3.46e+00) XE:3.46e-01 (1.22e+00 1.21e+00 | 6.28e-01 6.75e-01)
0624(1014) (3.00e+00 3.46e+00) XE:3.46e-01 (1.17e+00 1.21e+00 | 6.58e-01 6.75e-01)
0642(995) (3.58e+00 3.46e+00) XE:3.46e-01 (1.23e+00 1.21e+00 | 6.78e-01 6.75e-01)
0661(984) (3.86e+00 3.46e+00) XE:3.46e-01 (1.22e+00 1.21e+00 | 6.90e-01 6.75e-01)
0679(980) (3.35e+00 3.47e+00) XE:3.47e-01 (1.21e+00 1.21e+00 | 7.00e-01 6.75e-01)
0698(991) (3.30e+00 3.47e+00) XE:3.47e-01 (1.20e+00 1.21e+00 | 6.40e-01 6.75e-01)
0716(999) (4.31e+00 3.47e+00) XE:3.47e-01 (1.23e+00 1.21e+00 | 6.64e-01 6.75e-01)
0734(1007) (3.18e+00 3.46e+00) XE:3.46e-01 (1.20e+00 1.21e+00 | 6.56e-01 6.75e-01)
0753(1014) (3.67e+00 3.46e+00) XE:3.46e-01 (1.19e+00 1.21e+00 | 6.32e-01 6.74e-01)
0771(990) (3.91e+00 3.46e+00) XE:3.46e-01 (1.20e+00 1.21e+00 | 6.16e-01 6.74e-01)
0790(1002) (3.18e+00 3.47e+00) XE:3.47e-01 (1.20e+00 1.21e+00 | 6.48e-01 6.74e-01)
0808(1009) (3.00e+00 3.46e+00) XE:3.46e-01 (1.19e+00 1.21e+00 | 6.74e-01 6.74e-01)
0826(1000) (3.25e+00 3.46e+00) XE:3.46e-01 (1.20e+00 1.21e+00 | 7.27e-01 6.74e-01)
0845(1015) (3.42e+00 3.46e+00) XE:3.46e-01 (1.23e+00 1.21e+00 | 6.74e-01 6.74e-01)
0863(992) (3.64e+00 3.47e+00) XE:3.47e-01 (1.19e+00 1.21e+00 | 6.88e-01 6.74e-01)
0882(1000) (3.28e+00 3.46e+00) XE:3.46e-01 (1.22e+00 1.21e+00 | 6.90e-01 6.74e-01)
0900(1012) (3.11e+00 3.46e+00) XE:3.46e-01 (1.18e+00 1.21e+00 | 6.74e-01 6.74e-01)
0918(1008) (2.84e+00 3.46e+00) XE:3.46e-01 (1.21e+00 1.21e+00 | 7.27e-01 6.74e-01)
0937(1017) (2.72e+00 3.46e+00) XE:3.46e-01 (1.18e+00 1.21e+00 | 6.86e-01 6.74e-01)
0955(1000) (3.37e+00 3.46e+00) XE:3.46e-01 (1.21e+00 1.21e+00 | 6.88e-01 6.74e-01)
0974(998) (3.25e+00 3.47e+00) XE:3.47e-01 (1.21e+00 1.21e+00 | 6.70e-01 6.74e-01)
0992(991) (3.15e+00 3.46e+00) XE:3.46e-01 (1.19e+00 1.21e+00 | 6.62e-01 6.74e-01)
1011(1000) (2.96e+00 3.46e+00) XE:3.46e-01 (1.19e+00 1.21e+00 | 6.74e-01 6.74e-01)
1029(991) (3.40e+00 3.46e+00) XE:3.46e-01 (1.23e+00 1.21e+00 | 6.76e-01 6.74e-01)
1047(990) (3.45e+00 3.46e+00) XE:3.46e-01 (1.22e+00 1.21e+00 | 6.66e-01 6.74e-01)
1066(998) (4.22e+00 3.46e+00) XE:3.46e-01 (1.20e+00 1.21e+00 | 7.29e-01 6.74e-01)
1084(1007) (2.65e+00 3.47e+00) XE:3.47e-01 (1.18e+00 1.21e+00 | 7.06e-01 6.74e-01)
1103(988) (3.36e+00 3.46e+00) XE:3.46e-01 (1.19e+00 1.21e+00 | 6.66e-01 6.74e-01)
1121(1007) (2.62e+00 3.47e+00) XE:3.47e-01 (1.21e+00 1.21e+00 | 6.56e-01 6.74e-01)
1139(986) (3.34e+00 3.47e+00) XE:3.47e-01 (1.21e+00 1.21e+00 | 7.25e-01 6.74e-01)
1158(997) (2.90e+00 3.47e+00) XE:3.47e-01 (1.21e+00 1.21e+00 | 6.84e-01 6.74e-01)
1176(1001) (3.09e+00 3.47e+00) XE:3.47e-01 (1.20e+00 1.21e+00 | 6.76e-01 6.74e-01)
1194(998) (3.80e+00 3.47e+00) XE:3.47e-01 (1.23e+00 1.21e+00 | 7.00e-01 6.74e-01)
1213(1009) (3.33e+00 3.47e+00) XE:3.47e-01 (1.18e+00 1.21e+00 | 6.28e-01 6.74e-01)
1231(993) (3.34e+00 3.47e+00) XE:3.47e-01 (1.18e+00 1.21e+00 | 6.54e-01 6.74e-01)
1250(1012) (3.13e+00 3.46e+00) XE:3.46e-01 (1.22e+00 1.21e+00 | 6.72e-01 6.74e-01)
1268(994) (3.12e+00 3.46e+00) XE:3.46e-01 (1.21e+00 1.21e+00 | 6.74e-01 6.74e-01)
1286(1019) (3.60e+00 3.46e+00) XE:3.46e-01 (1.19e+00 1.21e+00 | 6.62e-01 6.74e-01)
1305(1002) (3.16e+00 3.46e+00) XE:3.46e-01 (1.22e+00 1.21e+00 | 7.20e-01 6.74e-01)
1323(993) (4.70e+00 3.47e+00) XE:3.47e-01 (1.26e+00 1.21e+00 | 7.53e-01 6.74e-01)
1341(1008) (3.14e+00 3.47e+00) XE:3.47e-01 (1.20e+00 1.21e+00 | 7.02e-01 6.74e-01)
1360(1008) (2.90e+00 3.47e+00) XE:3.47e-01 (1.19e+00 1.21e+00 | 6.42e-01 6.74e-01)
1378(1008) (4.27e+00 3.47e+00) XE:3.47e-01 (1.18e+00 1.21e+00 | 6.92e-01 6.74e-01)
1397(993) (3.80e+00 3.46e+00) XE:3.46e-01 (1.21e+00 1.21e+00 | 7.53e-01 6.74e-01)
1415(997) (3.29e+00 3.46e+00) XE:3.46e-01 (1.20e+00 1.21e+00 | 6.98e-01 6.74e-01)
1433(999) (3.13e+00 3.46e+00) XE:3.46e-01 (1.22e+00 1.21e+00 | 6.72e-01 6.74e-01)
1452(1007) (3.19e+00 3.46e+00) XE:3.46e-01 (1.20e+00 1.21e+00 | 6.68e-01 6.74e-01)
1470(1002) (3.50e+00 3.46e+00) XE:3.46e-01 (1.19e+00 1.21e+00 | 6.90e-01 6.74e-01)
1489(998) (3.73e+00 3.46e+00) XE:3.46e-01 (1.22e+00 1.21e+00 | 6.74e-01 6.74e-01)
1507(994) (3.44e+00 3.47e+00) XE:3.47e-01 (1.25e+00 1.21e+00 | 6.82e-01 6.74e-01)
1526(1007) (2.65e+00 3.46e+00) XE:3.46e-01 (1.22e+00 1.21e+00 | 6.68e-01 6.74e-01)
1544(991) (3.56e+00 3.46e+00) XE:3.46e-01 (1.21e+00 1.21e+00 | 6.56e-01 6.74e-01)
1562(996) (4.30e+00 3.46e+00) XE:3.46e-01 (1.23e+00 1.21e+00 | 7.00e-01 6.74e-01)
1581(1002) (3.51e+00 3.46e+00) XE:3.46e-01 (1.21e+00 1.21e+00 | 6.90e-01 6.74e-01)
1599(991) (3.08e+00 3.46e+00) XE:3.46e-01 (1.21e+00 1.21e+00 | 7.29e-01 6.74e-01)
1617(1032) (2.90e+00 3.46e+00) XE:3.46e-01 (1.20e+00 1.21e+00 | 6.66e-01 6.74e-01)
1636(1005) (3.33e+00 3.46e+00) XE:3.46e-01 (1.21e+00 1.21e+00 | 6.44e-01 6.74e-01)
1654(1003) (3.48e+00 3.46e+00) XE:3.46e-01 (1.22e+00 1.21e+00 | 6.12e-01 6.74e-01)
1673(1000) (4.09e+00 3.46e+00) XE:3.46e-01 (1.22e+00 1.21e+00 | 6.34e-01 6.74e-01)
1691(996) (4.05e+00 3.46e+00) XE:3.46e-01 (1.21e+00 1.21e+00 | 6.44e-01 6.74e-01)
1709(990) (3.44e+00 3.46e+00) XE:3.46e-01 (1.21e+00 1.21e+00 | 6.98e-01 6.74e-01)
1728(1002) (3.28e+00 3.46e+00) XE:3.46e-01 (1.20e+00 1.21e+00 | 6.46e-01 6.74e-01)
1746(993) (3.34e+00 3.46e+00) XE:3.46e-01 (1.20e+00 1.21e+00 | 6.80e-01 6.74e-01)
1765(991) (4.24e+00 3.46e+00) XE:3.46e-01 (1.21e+00 1.21e+00 | 6.66e-01 6.74e-01)
1783(1001) (3.28e+00 3.46e+00) XE:3.46e-01 (1.20e+00 1.21e+00 | 7.06e-01 6.74e-01)
1801(995) (3.30e+00 3.46e+00) XE:3.46e-01 (1.22e+00 1.21e+00 | 6.48e-01 6.73e-01)
1820(991) (3.43e+00 3.46e+00) XE:3.46e-01 (1.21e+00 1.21e+00 | 7.16e-01 6.74e-01)
1838(996) (3.52e+00 3.46e+00) XE:3.46e-01 (1.22e+00 1.21e+00 | 6.84e-01 6.74e-01)
1857(1011) (2.71e+00 3.46e+00) XE:3.46e-01 (1.22e+00 1.21e+00 | 6.96e-01 6.74e-01)
1875(990) (3.49e+00 3.46e+00) XE:3.46e-01 (1.18e+00 1.21e+00 | 6.42e-01 6.74e-01)
1893(1006) (3.60e+00 3.46e+00) XE:3.46e-01 (1.20e+00 1.21e+00 | 7.00e-01 6.74e-01)
1912(986) (3.69e+00 3.46e+00) XE:3.46e-01 (1.22e+00 1.21e+00 | 6.36e-01 6.74e-01)
1930(992) (3.20e+00 3.46e+00) XE:3.46e-01 (1.19e+00 1.21e+00 | 6.80e-01 6.74e-01)
1948(997) (2.87e+00 3.46e+00) XE:3.46e-01 (1.21e+00 1.21e+00 | 5.89e-01 6.74e-01)
1967(995) (3.14e+00 3.46e+00) XE:3.46e-01 (1.22e+00 1.21e+00 | 6.80e-01 6.74e-01)
1985(999) (3.30e+00 3.46e+00) XE:3.46e-01 (1.21e+00 1.21e+00 | 7.23e-01 6.74e-01)
2004(999) (4.02e+00 3.46e+00) XE:3.46e-01 (1.19e+00 1.21e+00 | 6.66e-01 6.74e-01)
2022(1000) (3.65e+00 3.46e+00) XE:3.46e-01 (1.21e+00 1.21e+00 | 7.08e-01 6.74e-01)
2040(1007) (3.64e+00 3.46e+00) XE:3.46e-01 (1.23e+00 1.21e+00 | 6.64e-01 6.74e-01)
2059(992) (2.71e+00 3.46e+00) XE:3.46e-01 (1.19e+00 1.21e+00 | 6.84e-01 6.74e-01)
2077(1005) (3.77e+00 3.46e+00) XE:3.46e-01 (1.19e+00 1.21e+00 | 7.10e-01 6.74e-01)
2096(1000) (3.34e+00 3.46e+00) XE:3.46e-01 (1.24e+00 1.21e+00 | 6.52e-01 6.74e-01)
2114(1008) (3.14e+00 3.46e+00) XE:3.46e-01 (1.21e+00 1.21e+00 | 6.64e-01 6.74e-01)
2132(988) (3.90e+00 3.46e+00) XE:3.46e-01 (1.19e+00 1.21e+00 | 6.44e-01 6.74e-01)
2151(997) (3.12e+00 3.46e+00) XE:3.46e-01 (1.19e+00 1.21e+00 | 6.88e-01 6.74e-01)
2169(990) (4.56e+00 3.46e+00) XE:3.46e-01 (1.21e+00 1.21e+00 | 7.00e-01 6.74e-01)
2188(1001) (3.49e+00 3.46e+00) XE:3.46e-01 (1.22e+00 1.21e+00 | 7.00e-01 6.74e-01)
2206(1012) (3.03e+00 3.46e+00) XE:3.46e-01 (1.19e+00 1.21e+00 | 6.54e-01 6.74e-01)
2224(983) (3.54e+00 3.46e+00) XE:3.46e-01 (1.21e+00 1.21e+00 | 7.29e-01 6.74e-01)
2243(998) (2.67e+00 3.46e+00) XE:3.46e-01 (1.20e+00 1.21e+00 | 6.52e-01 6.74e-01)
2261(997) (3.49e+00 3.46e+00) XE:3.46e-01 (1.22e+00 1.21e+00 | 7.31e-01 6.74e-01)
2279(1008) (3.09e+00 3.46e+00) XE:3.46e-01 (1.19e+00 1.21e+00 | 7.14e-01 6.74e-01)
2298(994) (3.03e+00 3.46e+00) XE:3.46e-01 (1.19e+00 1.21e+00 | 7.04e-01 6.74e-01)
2316(990) (3.36e+00 3.46e+00) XE:3.46e-01 (1.21e+00 1.21e+00 | 6.72e-01 6.74e-01)
2334(993) (2.97e+00 3.46e+00) XE:3.46e-01 (1.21e+00 1.21e+00 | 6.44e-01 6.74e-01)
2353(1007) (2.71e+00 3.46e+00) XE:3.46e-01 (1.21e+00 1.21e+00 | 6.50e-01 6.74e-01)
2371(993) (3.56e+00 3.46e+00) XE:3.46e-01 (1.21e+00 1.21e+00 | 6.78e-01 6.74e-01)
2389(989) (2.96e+00 3.46e+00) XE:3.46e-01 (1.20e+00 1.21e+00 | 6.98e-01 6.74e-01)
2408(1020) (4.68e+00 3.46e+00) XE:3.46e-01 (1.21e+00 1.21e+00 | 6.98e-01 6.74e-01)
2426(996) (3.54e+00 3.46e+00) XE:3.46e-01 (1.21e+00 1.21e+00 | 6.90e-01 6.74e-01)
2444(1008) (5.66e+00 3.46e+00) XE:3.46e-01 (1.21e+00 1.21e+00 | 6.44e-01 6.74e-01)
2463(1009) (2.82e+00 3.46e+00) XE:3.46e-01 (1.21e+00 1.21e+00 | 7.02e-01 6.74e-01)
2481(992) (3.62e+00 3.46e+00) XE:3.46e-01 (1.22e+00 1.21e+00 | 6.50e-01 6.74e-01)
2500(1003) (2.82e+00 3.46e+00) XE:3.46e-01 (1.23e+00 1.21e+00 | 6.92e-01 6.74e-01)
2518(1023) (2.66e+00 3.46e+00) XE:3.46e-01 (1.20e+00 1.21e+00 | 7.23e-01 6.74e-01)
2536(998) (3.86e+00 3.46e+00) XE:3.46e-01 (1.23e+00 1.21e+00 | 6.70e-01 6.74e-01)
2555(1000) (2.77e+00 3.46e+00) XE:3.46e-01 (1.21e+00 1.21e+00 | 7.16e-01 6.74e-01)
2573(1002) (3.05e+00 3.46e+00) XE:3.46e-01 (1.18e+00 1.21e+00 | 6.36e-01 6.74e-01)
2591(1021) (2.72e+00 3.46e+00) XE:3.46e-01 (1.22e+00 1.21e+00 | 6.50e-01 6.74e-01)
2610(1007) (3.37e+00 3.46e+00) XE:3.46e-01 (1.24e+00 1.21e+00 | 6.60e-01 6.74e-01)
2628(991) (3.29e+00 3.46e+00) XE:3.46e-01 (1.19e+00 1.21e+00 | 6.78e-01 6.74e-01)
2647(1008) (3.15e+00 3.46e+00) XE:3.46e-01 (1.21e+00 1.21e+00 | 6.74e-01 6.74e-01)
2665(997) (3.37e+00 3.46e+00) XE:3.46e-01 (1.20e+00 1.21e+00 | 6.64e-01 6.74e-01)
2683(1005) (3.53e+00 3.46e+00) XE:3.46e-01 (1.20e+00 1.21e+00 | 7.16e-01 6.74e-01)
2702(1003) (3.47e+00 3.46e+00) XE:3.46e-01 (1.21e+00 1.21e+00 | 7.12e-01 6.74e-01)
2720(991) (3.23e+00 3.46e+00) XE:3.46e-01 (1.21e+00 1.21e+00 | 6.62e-01 6.74e-01)
2738(1016) (3.09e+00 3.46e+00) XE:3.46e-01 (1.18e+00 1.21e+00 | 6.94e-01 6.74e-01)
2757(992) (3.55e+00 3.46e+00) XE:3.46e-01 (1.22e+00 1.21e+00 | 6.58e-01 6.74e-01)
2775(990) (2.69e+00 3.46e+00) XE:3.46e-01 (1.19e+00 1.21e+00 | 6.70e-01 6.74e-01)
2793(990) (3.62e+00 3.46e+00) XE:3.46e-01 (1.18e+00 1.21e+00 | 6.30e-01 6.74e-01)
2812(1022) (3.23e+00 3.46e+00) XE:3.46e-01 (1.21e+00 1.21e+00 | 6.48e-01 6.74e-01)
2830(1011) (4.20e+00 3.46e+00) XE:3.46e-01 (1.25e+00 1.21e+00 | 7.08e-01 6.74e-01)
2848(1004) (3.04e+00 3.46e+00) XE:3.46e-01 (1.19e+00 1.21e+00 | 6.64e-01 6.74e-01)
2867(1006) (3.16e+00 3.46e+00) XE:3.46e-01 (1.21e+00 1.21e+00 | 6.50e-01 6.74e-01)
2885(1010) (3.11e+00 3.46e+00) XE:3.46e-01 (1.21e+00 1.21e+00 | 7.02e-01 6.74e-01)
2903(1014) (2.80e+00 3.46e+00) XE:3.46e-01 (1.22e+00 1.21e+00 | 6.84e-01 6.74e-01)
2922(998) (3.24e+00 3.46e+00) XE:3.46e-01 (1.22e+00 1.21e+00 | 7.25e-01 6.74e-01)
2940(1005) (5.63e+00 3.46e+00) XE:3.46e-01 (1.19e+00 1.21e+00 | 6.50e-01 6.74e-01)
2959(994) (3.15e+00 3.46e+00) XE:3.46e-01 (1.23e+00 1.21e+00 | 7.12e-01 6.74e-01)
2977(995) (4.10e+00 3.46e+00) XE:3.46e-01 (1.19e+00 1.21e+00 | 6.24e-01 6.74e-01)
2995(1002) (3.43e+00 3.46e+00) XE:3.46e-01 (1.20e+00 1.21e+00 | 6.46e-01 6.74e-01)
3014(993) (3.16e+00 3.46e+00) XE:3.46e-01 (1.22e+00 1.21e+00 | 6.58e-01 6.74e-01)
3032(999) (3.06e+00 3.46e+00) XE:3.46e-01 (1.19e+00 1.21e+00 | 6.34e-01 6.74e-01)
3050(1001) (2.66e+00 3.46e+00) XE:3.46e-01 (1.19e+00 1.21e+00 | 6.54e-01 6.74e-01)
3069(987) (3.48e+00 3.46e+00) XE:3.46e-01 (1.19e+00 1.21e+00 | 7.08e-01 6.74e-01)
3087(1001) (3.02e+00 3.46e+00) XE:3.46e-01 (1.19e+00 1.21e+00 | 6.80e-01 6.74e-01)
3105(981) (2.87e+00 3.46e+00) XE:3.46e-01 (1.21e+00 1.21e+00 | 6.84e-01 6.74e-01)
3124(1002) (3.33e+00 3.46e+00) XE:3.46e-01 (1.23e+00 1.21e+00 | 6.84e-01 6.74e-01)
3142(996) (2.63e+00 3.46e+00) XE:3.46e-01 (1.21e+00 1.21e+00 | 6.78e-01 6.74e-01)
3160(999) (2.72e+00 3.46e+00) XE:3.46e-01 (1.23e+00 1.21e+00 | 6.96e-01 6.74e-01)
3179(1030) (2.46e+00 3.46e+00) XE:3.46e-01 (1.16e+00 1.21e+00 | 5.79e-01 6.74e-01)
3197(996) (3.34e+00 3.46e+00) XE:3.46e-01 (1.19e+00 1.21e+00 | 7.06e-01 6.74e-01)
3215(994) (3.56e+00 3.46e+00) XE:3.46e-01 (1.21e+00 1.21e+00 | 6.52e-01 6.74e-01)
3234(1016) (2.95e+00 3.46e+00) XE:3.46e-01 (1.23e+00 1.21e+00 | 6.34e-01 6.74e-01)
3252(1016) (2.61e+00 3.46e+00) XE:3.46e-01 (1.22e+00 1.21e+00 | 6.58e-01 6.74e-01)
3270(1010) (2.87e+00 3.46e+00) XE:3.46e-01 (1.19e+00 1.21e+00 | 6.56e-01 6.74e-01)
3289(1019) (2.73e+00 3.46e+00) XE:3.46e-01 (1.23e+00 1.21e+00 | 6.74e-01 6.74e-01)
3307(1002) (2.84e+00 3.46e+00) XE:3.46e-01 (1.21e+00 1.21e+00 | 6.82e-01 6.74e-01)
3325(1004) (4.18e+00 3.46e+00) XE:3.46e-01 (1.20e+00 1.21e+00 | 6.36e-01 6.74e-01)
3344(999) (2.70e+00 3.46e+00) XE:3.46e-01 (1.20e+00 1.21e+00 | 6.70e-01 6.74e-01)
3362(990) (3.11e+00 3.46e+00) XE:3.46e-01 (1.21e+00 1.21e+00 | 6.94e-01 6.74e-01)
3380(996) (3.05e+00 3.46e+00) XE:3.46e-01 (1.21e+00 1.21e+00 | 6.36e-01 6.74e-01)
3399(1009) (3.59e+00 3.46e+00) XE:3.46e-01 (1.19e+00 1.21e+00 | 6.68e-01 6.74e-01)
3415(1006) (3.18e+00 3.46e+00) XE:3.46e-01 (1.21e+00 1.21e+00 | 6.44e-01 6.74e-01)
3433(1015) (3.27e+00 3.46e+00) XE:3.46e-01 (1.22e+00 1.21e+00 | 6.70e-01 6.74e-01)
3452(1005) (3.37e+00 3.46e+00) XE:3.46e-01 (1.20e+00 1.21e+00 | 6.70e-01 6.74e-01)
3470(1014) (5.55e+00 3.46e+00) XE:3.46e-01 (1.21e+00 1.21e+00 | 6.76e-01 6.74e-01)
3488(997) (3.66e+00 3.46e+00) XE:3.46e-01 (1.23e+00 1.21e+00 | 7.16e-01 6.74e-01)
3507(990) (3.61e+00 3.46e+00) XE:3.46e-01 (1.20e+00 1.21e+00 | 5.95e-01 6.74e-01)
3525(1007) (2.78e+00 3.47e+00) XE:3.47e-01 (1.19e+00 1.21e+00 | 6.70e-01 6.74e-01)
3543(990) (3.25e+00 3.47e+00) XE:3.47e-01 (1.21e+00 1.21e+00 | 6.98e-01 6.74e-01)
3562(998) (4.19e+00 3.47e+00) XE:3.47e-01 (1.22e+00 1.21e+00 | 6.62e-01 6.74e-01)
3580(996) (3.02e+00 3.46e+00) XE:3.46e-01 (1.23e+00 1.21e+00 | 6.76e-01 6.74e-01)
3598(997) (3.59e+00 3.46e+00) XE:3.46e-01 (1.19e+00 1.21e+00 | 6.64e-01 6.74e-01)
3617(1002) (2.54e+00 3.46e+00) XE:3.46e-01 (1.19e+00 1.21e+00 | 6.56e-01 6.74e-01)
3635(1012) (3.29e+00 3.47e+00) XE:3.47e-01 (1.17e+00 1.21e+00 | 6.74e-01 6.74e-01)
3653(997) (3.07e+00 3.46e+00) XE:3.46e-01 (1.22e+00 1.21e+00 | 6.84e-01 6.74e-01)
3672(989) (6.76e+00 3.46e+00) XE:3.46e-01 (1.21e+00 1.21e+00 | 6.44e-01 6.74e-01)
3690(1010) (4.20e+00 3.47e+00) XE:3.47e-01 (1.23e+00 1.21e+00 | 7.25e-01 6.74e-01)
3708(991) (2.75e+00 3.46e+00) XE:3.46e-01 (1.22e+00 1.21e+00 | 6.66e-01 6.74e-01)
3727(988) (3.38e+00 3.46e+00) XE:3.46e-01 (1.17e+00 1.21e+00 | 6.72e-01 6.74e-01)
3745(1008) (2.76e+00 3.46e+00) XE:3.46e-01 (1.24e+00 1.21e+00 | 7.23e-01 6.74e-01)
3763(1001) (4.56e+00 3.47e+00) XE:3.47e-01 (1.25e+00 1.21e+00 | 6.96e-01 6.74e-01)
3782(1002) (3.27e+00 3.46e+00) XE:3.46e-01 (1.22e+00 1.21e+00 | 6.92e-01 6.74e-01)
3800(991) (3.76e+00 3.46e+00) XE:3.46e-01 (1.25e+00 1.21e+00 | 7.12e-01 6.74e-01)
3818(992) (4.24e+00 3.47e+00) XE:3.47e-01 (1.20e+00 1.21e+00 | 6.96e-01 6.74e-01)
3837(1023) (3.89e+00 3.47e+00) XE:3.47e-01 (1.21e+00 1.21e+00 | 7.61e-01 6.74e-01)
3855(1008) (4.48e+00 3.47e+00) XE:3.47e-01 (1.21e+00 1.21e+00 | 7.08e-01 6.74e-01)
3873(996) (4.77e+00 3.47e+00) XE:3.47e-01 (1.21e+00 1.21e+00 | 6.34e-01 6.74e-01)
3892(996) (3.31e+00 3.47e+00) XE:3.47e-01 (1.20e+00 1.21e+00 | 6.50e-01 6.74e-01)
3910(984) (4.26e+00 3.47e+00) XE:3.47e-01 (1.24e+00 1.21e+00 | 6.38e-01 6.74e-01)
3928(1021) (4.45e+00 3.47e+00) XE:3.47e-01 (1.20e+00 1.21e+00 | 6.64e-01 6.74e-01)
3947(987) (3.25e+00 3.47e+00) XE:3.47e-01 (1.22e+00 1.21e+00 | 7.35e-01 6.74e-01)
3965(993) (3.59e+00 3.47e+00) XE:3.47e-01 (1.20e+00 1.21e+00 | 6.90e-01 6.74e-01)
3983(991) (3.15e+00 3.47e+00) XE:3.47e-01 (1.22e+00 1.21e+00 | 7.10e-01 6.74e-01)
4002(1017) (2.67e+00 3.47e+00) XE:3.47e-01 (1.23e+00 1.21e+00 | 6.74e-01 6.74e-01)
4020(1008) (3.42e+00 3.47e+00) XE:3.47e-01 (1.21e+00 1.21e+00 | 6.84e-01 6.74e-01)
4038(993) (3.35e+00 3.47e+00) XE:3.47e-01 (1.20e+00 1.21e+00 | 6.36e-01 6.74e-01)
4057(999) (3.92e+00 3.47e+00) XE:3.47e-01 (1.21e+00 1.21e+00 | 6.88e-01 6.74e-01)
4075(1001) (2.97e+00 3.47e+00) XE:3.47e-01 (1.22e+00 1.21e+00 | 6.66e-01 6.74e-01)
4093(1011) (3.02e+00 3.47e+00) XE:3.47e-01 (1.22e+00 1.21e+00 | 6.90e-01 6.74e-01)
4112(997) (3.35e+00 3.47e+00) XE:3.47e-01 (1.19e+00 1.21e+00 | 6.78e-01 6.74e-01)
4130(980) (3.17e+00 3.47e+00) XE:3.47e-01 (1.21e+00 1.21e+00 | 6.26e-01 6.74e-01)
4148(987) (2.88e+00 3.47e+00) XE:3.47e-01 (1.21e+00 1.21e+00 | 6.88e-01 6.74e-01)
4167(998) (2.96e+00 3.47e+00) XE:3.47e-01 (1.22e+00 1.21e+00 | 7.25e-01 6.74e-01)
4185(989) (3.83e+00 3.47e+00) XE:3.47e-01 (1.22e+00 1.21e+00 | 6.48e-01 6.74e-01)
4203(985) (2.93e+00 3.47e+00) XE:3.47e-01 (1.22e+00 1.21e+00 | 7.14e-01 6.74e-01)
4222(983) (3.33e+00 3.47e+00) XE:3.47e-01 (1.20e+00 1.21e+00 | 6.58e-01 6.74e-01)
4240(1004) (3.11e+00 3.47e+00) XE:3.47e-01 (1.22e+00 1.21e+00 | 7.08e-01 6.74e-01)
4258(1015) (3.34e+00 3.47e+00) XE:3.47e-01 (1.19e+00 1.21e+00 | 6.46e-01 6.74e-01)
4277(1006) (3.49e+00 3.47e+00) XE:3.47e-01 (1.22e+00 1.21e+00 | 6.76e-01 6.74e-01)
4295(987) (3.76e+00 3.47e+00) XE:3.47e-01 (1.17e+00 1.21e+00 | 6.18e-01 6.74e-01)
4313(1014) (3.33e+00 3.47e+00) XE:3.47e-01 (1.19e+00 1.21e+00 | 6.58e-01 6.74e-01)
4332(1012) (3.22e+00 3.47e+00) XE:3.47e-01 (1.21e+00 1.21e+00 | 6.62e-01 6.74e-01)
4350(999) (3.51e+00 3.47e+00) XE:3.47e-01 (1.21e+00 1.21e+00 | 7.43e-01 6.74e-01)
4368(972) (3.54e+00 3.47e+00) XE:3.47e-01 (1.21e+00 1.21e+00 | 6.90e-01 6.74e-01)
4387(1006) (2.59e+00 3.47e+00) XE:3.47e-01 (1.19e+00 1.21e+00 | 6.20e-01 6.74e-01)
4405(1012) (2.54e+00 3.47e+00) XE:3.47e-01 (1.20e+00 1.21e+00 | 6.16e-01 6.74e-01)
4423(991) (2.80e+00 3.47e+00) XE:3.47e-01 (1.20e+00 1.21e+00 | 7.14e-01 6.74e-01)
4442(997) (3.38e+00 3.47e+00) XE:3.47e-01 (1.19e+00 1.21e+00 | 6.90e-01 6.74e-01)
4460(997) (3.73e+00 3.47e+00) XE:3.47e-01 (1.19e+00 1.21e+00 | 7.10e-01 6.74e-01)
4478(1005) (3.19e+00 3.47e+00) XE:3.47e-01 (1.21e+00 1.21e+00 | 7.12e-01 6.74e-01)
4497(989) (2.94e+00 3.47e+00) XE:3.47e-01 (1.18e+00 1.21e+00 | 7.20e-01 6.74e-01)
4515(996) (2.70e+00 3.47e+00) XE:3.47e-01 (1.23e+00 1.21e+00 | 7.39e-01 6.74e-01)
4533(1017) (3.17e+00 3.47e+00) XE:3.47e-01 (1.19e+00 1.21e+00 | 6.90e-01 6.74e-01)
4552(997) (3.48e+00 3.47e+00) XE:3.47e-01 (1.21e+00 1.21e+00 | 6.56e-01 6.74e-01)
4570(1013) (2.82e+00 3.47e+00) XE:3.47e-01 (1.20e+00 1.21e+00 | 6.44e-01 6.74e-01)
4588(999) (3.13e+00 3.47e+00) XE:3.47e-01 (1.20e+00 1.21e+00 | 6.76e-01 6.74e-01)
4607(996) (3.19e+00 3.47e+00) XE:3.47e-01 (1.20e+00 1.21e+00 | 6.48e-01 6.74e-01)
4625(986) (3.33e+00 3.47e+00) XE:3.47e-01 (1.21e+00 1.21e+00 | 6.74e-01 6.74e-01)
4643(982) (3.43e+00 3.47e+00) XE:3.47e-01 (1.23e+00 1.21e+00 | 6.56e-01 6.74e-01)
4662(994) (2.69e+00 3.47e+00) XE:3.47e-01 (1.21e+00 1.21e+00 | 7.33e-01 6.74e-01)
4680(1010) (3.14e+00 3.47e+00) XE:3.47e-01 (1.22e+00 1.21e+00 | 6.28e-01 6.74e-01)
4698(982) (4.63e+00 3.47e+00) XE:3.47e-01 (1.21e+00 1.21e+00 | 6.82e-01 6.74e-01)
4717(995) (3.29e+00 3.47e+00) XE:3.47e-01 (1.20e+00 1.21e+00 | 6.64e-01 6.74e-01)
4735(993) (3.36e+00 3.47e+00) XE:3.47e-01 (1.22e+00 1.21e+00 | 6.76e-01 6.74e-01)
4753(1006) (2.66e+00 3.47e+00) XE:3.47e-01 (1.18e+00 1.21e+00 | 6.68e-01 6.74e-01)
4772(1003) (3.64e+00 3.47e+00) XE:3.47e-01 (1.23e+00 1.21e+00 | 6.90e-01 6.74e-01)
4790(1001) (3.74e+00 3.47e+00) XE:3.47e-01 (1.22e+00 1.21e+00 | 6.86e-01 6.74e-01)
4808(981) (4.27e+00 3.47e+00) XE:3.47e-01 (1.22e+00 1.21e+00 | 6.96e-01 6.74e-01)
4827(1010) (4.00e+00 3.47e+00) XE:3.47e-01 (1.23e+00 1.21e+00 | 6.64e-01 6.74e-01)
4845(1007) (3.12e+00 3.47e+00) XE:3.47e-01 (1.18e+00 1.21e+00 | 6.68e-01 6.74e-01)
4863(1002) (2.91e+00 3.47e+00) XE:3.47e-01 (1.22e+00 1.21e+00 | 6.88e-01 6.74e-01)
4882(1014) (5.58e+00 3.47e+00) XE:3.47e-01 (1.21e+00 1.21e+00 | 6.42e-01 6.74e-01)
4900(981) (3.09e+00 3.47e+00) XE:3.47e-01 (1.19e+00 1.21e+00 | 6.70e-01 6.74e-01)
4918(1015) (2.93e+00 3.47e+00) XE:3.47e-01 (1.21e+00 1.21e+00 | 6.64e-01 6.74e-01)
4937(1001) (2.95e+00 3.47e+00) XE:3.47e-01 (1.19e+00 1.21e+00 | 6.96e-01 6.74e-01)
4955(1006) (3.05e+00 3.47e+00) XE:3.47e-01 (1.24e+00 1.21e+00 | 6.94e-01 6.74e-01)
4973(984) (3.21e+00 3.47e+00) XE:3.47e-01 (1.20e+00 1.21e+00 | 6.92e-01 6.74e-01)
4992(986) (3.67e+00 3.47e+00) XE:3.47e-01 (1.20e+00 1.21e+00 | 6.80e-01 6.74e-01)
5010(991) (4.17e+00 3.47e+00) XE:3.47e-01 (1.21e+00 1.21e+00 | 7.31e-01 6.74e-01)
5028(1016) (4.60e+00 3.47e+00) XE:3.47e-01 (1.21e+00 1.21e+00 | 6.38e-01 6.74e-01)
5046(998) (4.68e+00 3.47e+00) XE:3.47e-01 (1.17e+00 1.21e+00 | 6.62e-01 6.74e-01)
5065(980) (3.78e+00 3.47e+00) XE:3.47e-01 (1.20e+00 1.21e+00 | 7.43e-01 6.74e-01)
5083(1004) (4.89e+00 3.47e+00) XE:3.47e-01 (1.22e+00 1.21e+00 | 7.23e-01 6.74e-01)
5102(996) (3.25e+00 3.47e+00) XE:3.47e-01 (1.20e+00 1.21e+00 | 6.84e-01 6.74e-01)
5120(999) (2.93e+00 3.47e+00) XE:3.47e-01 (1.21e+00 1.21e+00 | 6.66e-01 6.74e-01)
5138(998) (3.92e+00 3.47e+00) XE:3.47e-01 (1.24e+00 1.21e+00 | 7.00e-01 6.74e-01)
5157(1007) (3.45e+00 3.47e+00) XE:3.47e-01 (1.21e+00 1.21e+00 | 6.12e-01 6.74e-01)
5175(1002) (3.17e+00 3.47e+00) XE:3.47e-01 (1.22e+00 1.21e+00 | 6.50e-01 6.74e-01)
5193(997) (3.30e+00 3.47e+00) XE:3.47e-01 (1.21e+00 1.21e+00 | 6.34e-01 6.74e-01)
5211(1000) (4.41e+00 3.47e+00) XE:3.47e-01 (1.19e+00 1.21e+00 | 6.66e-01 6.74e-01)
5230(1000) (3.62e+00 3.47e+00) XE:3.47e-01 (1.20e+00 1.21e+00 | 6.82e-01 6.74e-01)
5248(989) (3.46e+00 3.47e+00) XE:3.47e-01 (1.20e+00 1.21e+00 | 6.72e-01 6.74e-01)
5266(1000) (3.24e+00 3.47e+00) XE:3.47e-01 (1.22e+00 1.21e+00 | 6.52e-01 6.74e-01)
5285(999) (5.41e+00 3.47e+00) XE:3.47e-01 (1.19e+00 1.21e+00 | 6.98e-01 6.74e-01)
5303(1004) (2.70e+00 3.47e+00) XE:3.47e-01 (1.18e+00 1.21e+00 | 6.38e-01 6.74e-01)
5321(990) (3.15e+00 3.47e+00) XE:3.47e-01 (1.20e+00 1.21e+00 | 6.96e-01 6.74e-01)
5340(991) (4.28e+00 3.47e+00) XE:3.47e-01 (1.19e+00 1.21e+00 | 7.51e-01 6.74e-01)
5358(999) (3.26e+00 3.47e+00) XE:3.47e-01 (1.21e+00 1.21e+00 | 7.57e-01 6.74e-01)
5376(1003) (3.71e+00 3.47e+00) XE:3.47e-01 (1.22e+00 1.21e+00 | 6.80e-01 6.74e-01)
5395(1001) (3.88e+00 3.47e+00) XE:3.47e-01 (1.20e+00 1.21e+00 | 6.72e-01 6.74e-01)
5413(1001) (3.75e+00 3.47e+00) XE:3.47e-01 (1.18e+00 1.21e+00 | 6.50e-01 6.74e-01)
5431(997) (2.79e+00 3.47e+00) XE:3.47e-01 (1.22e+00 1.21e+00 | 6.72e-01 6.74e-01)
5450(1012) (3.24e+00 3.47e+00) XE:3.47e-01 (1.21e+00 1.21e+00 | 6.98e-01 6.74e-01)
5468(1007) (3.77e+00 3.47e+00) XE:3.47e-01 (1.22e+00 1.21e+00 | 7.14e-01 6.74e-01)
5486(992) (3.41e+00 3.47e+00) XE:3.47e-01 (1.21e+00 1.21e+00 | 6.62e-01 6.74e-01)
5505(1003) (3.41e+00 3.47e+00) XE:3.47e-01 (1.17e+00 1.21e+00 | 6.64e-01 6.74e-01)
5523(1004) (3.46e+00 3.47e+00) XE:3.47e-01 (1.22e+00 1.21e+00 | 6.66e-01 6.74e-01)
5541(997) (3.27e+00 3.47e+00) XE:3.47e-01 (1.18e+00 1.21e+00 | 7.35e-01 6.74e-01)
5559(1004) (3.70e+00 3.47e+00) XE:3.47e-01 (1.19e+00 1.21e+00 | 6.90e-01 6.74e-01)
5578(1004) (2.92e+00 3.46e+00) XE:3.46e-01 (1.21e+00 1.21e+00 | 6.46e-01 6.74e-01)
5596(1010) (3.11e+00 3.47e+00) XE:3.47e-01 (1.22e+00 1.21e+00 | 6.70e-01 6.74e-01)
5614(1001) (2.89e+00 3.47e+00) XE:3.47e-01 (1.18e+00 1.21e+00 | 6.62e-01 6.74e-01)
5633(980) (3.68e+00 3.46e+00) XE:3.46e-01 (1.20e+00 1.21e+00 | 6.36e-01 6.74e-01)
5651(1001) (4.20e+00 3.47e+00) XE:3.47e-01 (1.18e+00 1.21e+00 | 6.66e-01 6.74e-01)
5669(996) (3.05e+00 3.47e+00) XE:3.47e-01 (1.22e+00 1.21e+00 | 6.66e-01 6.74e-01)
5688(990) (2.57e+00 3.47e+00) XE:3.47e-01 (1.21e+00 1.21e+00 | 7.39e-01 6.74e-01)
5706(990) (2.93e+00 3.46e+00) XE:3.46e-01 (1.22e+00 1.21e+00 | 6.34e-01 6.74e-01)
5724(995) (3.14e+00 3.47e+00) XE:3.47e-01 (1.19e+00 1.21e+00 | 6.48e-01 6.74e-01)
5743(997) (3.83e+00 3.47e+00) XE:3.47e-01 (1.18e+00 1.21e+00 | 6.28e-01 6.74e-01)
5761(1002) (3.43e+00 3.47e+00) XE:3.47e-01 (1.25e+00 1.21e+00 | 5.99e-01 6.74e-01)
5779(996) (3.41e+00 3.47e+00) XE:3.47e-01 (1.23e+00 1.21e+00 | 7.06e-01 6.74e-01)
5798(1002) (2.90e+00 3.47e+00) XE:3.47e-01 (1.20e+00 1.21e+00 | 7.18e-01 6.74e-01)
5816(1021) (3.32e+00 3.47e+00) XE:3.47e-01 (1.24e+00 1.21e+00 | 7.08e-01 6.74e-01)
5834(1001) (3.22e+00 3.47e+00) XE:3.47e-01 (1.23e+00 1.21e+00 | 7.06e-01 6.74e-01)
5853(996) (2.62e+00 3.47e+00) XE:3.47e-01 (1.18e+00 1.21e+00 | 6.40e-01 6.74e-01)
5871(992) (3.02e+00 3.47e+00) XE:3.47e-01 (1.22e+00 1.21e+00 | 6.38e-01 6.74e-01)
5889(987) (3.26e+00 3.47e+00) XE:3.47e-01 (1.22e+00 1.21e+00 | 6.60e-01 6.74e-01)
5908(1008) (3.25e+00 3.47e+00) XE:3.47e-01 (1.20e+00 1.21e+00 | 7.04e-01 6.74e-01)
5926(981) (4.08e+00 3.47e+00) XE:3.47e-01 (1.23e+00 1.21e+00 | 6.82e-01 6.74e-01)
5944(1001) (2.56e+00 3.47e+00) XE:3.47e-01 (1.21e+00 1.21e+00 | 7.14e-01 6.74e-01)
5963(995) (2.59e+00 3.47e+00) XE:3.47e-01 (1.22e+00 1.21e+00 | 6.92e-01 6.74e-01)
5981(1012) (3.30e+00 3.47e+00) XE:3.47e-01 (1.20e+00 1.21e+00 | 6.72e-01 6.74e-01)
5999(995) (2.85e+00 3.47e+00) XE:3.47e-01 (1.20e+00 1.21e+00 | 6.68e-01 6.74e-01)
6017(990) (3.98e+00 3.47e+00) XE:3.47e-01 (1.21e+00 1.21e+00 | 7.10e-01 6.74e-01)
6036(1020) (2.85e+00 3.47e+00) XE:3.47e-01 (1.20e+00 1.21e+00 | 7.35e-01 6.74e-01)
6054(1011) (3.31e+00 3.47e+00) XE:3.47e-01 (1.25e+00 1.21e+00 | 6.70e-01 6.74e-01)
6072(976) (3.09e+00 3.47e+00) XE:3.47e-01 (1.21e+00 1.21e+00 | 6.28e-01 6.74e-01)
6091(1005) (2.97e+00 3.47e+00) XE:3.47e-01 (1.21e+00 1.21e+00 | 6.88e-01 6.74e-01)
6109(1013) (3.60e+00 3.47e+00) XE:3.47e-01 (1.18e+00 1.21e+00 | 6.72e-01 6.74e-01)
6127(1010) (2.87e+00 3.47e+00) XE:3.47e-01 (1.22e+00 1.21e+00 | 6.66e-01 6.74e-01)
6146(998) (3.91e+00 3.47e+00) XE:3.47e-01 (1.20e+00 1.21e+00 | 6.44e-01 6.74e-01)
6164(1009) (3.02e+00 3.47e+00) XE:3.47e-01 (1.19e+00 1.21e+00 | 6.96e-01 6.74e-01)
6182(1001) (3.40e+00 3.47e+00) XE:3.47e-01 (1.21e+00 1.21e+00 | 6.94e-01 6.74e-01)
6201(1004) (3.82e+00 3.47e+00) XE:3.47e-01 (1.22e+00 1.21e+00 | 6.66e-01 6.74e-01)
6219(996) (3.58e+00 3.47e+00) XE:3.47e-01 (1.18e+00 1.21e+00 | 7.06e-01 6.74e-01)
6237(985) (3.53e+00 3.47e+00) XE:3.47e-01 (1.19e+00 1.21e+00 | 6.52e-01 6.74e-01)
6256(987) (4.98e+00 3.47e+00) XE:3.47e-01 (1.24e+00 1.21e+00 | 7.23e-01 6.74e-01)
6274(1014) (3.49e+00 3.47e+00) XE:3.47e-01 (1.21e+00 1.21e+00 | 6.70e-01 6.74e-01)
6292(1009) (3.52e+00 3.47e+00) XE:3.47e-01 (1.20e+00 1.21e+00 | 6.90e-01 6.74e-01)
6311(983) (3.77e+00 3.47e+00) XE:3.47e-01 (1.19e+00 1.21e+00 | 6.54e-01 6.74e-01)
6329(1002) (3.20e+00 3.47e+00) XE:3.47e-01 (1.24e+00 1.21e+00 | 7.06e-01 6.74e-01)
6347(997) (3.89e+00 3.47e+00) XE:3.47e-01 (1.20e+00 1.21e+00 | 6.40e-01 6.74e-01)
6365(992) (2.68e+00 3.47e+00) XE:3.47e-01 (1.21e+00 1.21e+00 | 6.56e-01 6.74e-01)
6384(1019) (2.68e+00 3.47e+00) XE:3.47e-01 (1.20e+00 1.21e+00 | 6.80e-01 6.74e-01)
6402(976) (4.71e+00 3.47e+00) XE:3.47e-01 (1.18e+00 1.21e+00 | 6.62e-01 6.74e-01)
6420(1001) (3.01e+00 3.47e+00) XE:3.47e-01 (1.22e+00 1.21e+00 | 6.60e-01 6.74e-01)
6439(1016) (3.09e+00 3.47e+00) XE:3.47e-01 (1.20e+00 1.21e+00 | 6.64e-01 6.74e-01)
6457(995) (3.49e+00 3.47e+00) XE:3.47e-01 (1.20e+00 1.21e+00 | 7.18e-01 6.74e-01)
6475(984) (5.98e+00 3.47e+00) XE:3.47e-01 (1.21e+00 1.21e+00 | 5.91e-01 6.74e-01)
6494(1026) (2.60e+00 3.47e+00) XE:3.47e-01 (1.21e+00 1.21e+00 | 6.76e-01 6.74e-01)
6512(992) (3.61e+00 3.47e+00) XE:3.47e-01 (1.18e+00 1.21e+00 | 6.46e-01 6.74e-01)
6530(1015) (3.35e+00 3.47e+00) XE:3.47e-01 (1.23e+00 1.21e+00 | 6.88e-01 6.74e-01)
6549(1000) (3.31e+00 3.47e+00) XE:3.47e-01 (1.20e+00 1.21e+00 | 6.68e-01 6.74e-01)
6567(990) (3.41e+00 3.47e+00) XE:3.47e-01 (1.21e+00 1.21e+00 | 6.72e-01 6.74e-01)
6585(994) (2.97e+00 3.47e+00) XE:3.47e-01 (1.23e+00 1.21e+00 | 7.47e-01 6.74e-01)
6604(988) (3.05e+00 3.47e+00) XE:3.47e-01 (1.20e+00 1.21e+00 | 6.78e-01 6.74e-01)
6622(1002) (3.11e+00 3.47e+00) XE:3.47e-01 (1.21e+00 1.21e+00 | 7.27e-01 6.74e-01)
6640(1000) (3.32e+00 3.47e+00) XE:3.47e-01 (1.23e+00 1.21e+00 | 6.82e-01 6.74e-01)
6658(1006) (3.35e+00 3.47e+00) XE:3.47e-01 (1.23e+00 1.21e+00 | 6.60e-01 6.74e-01)
6677(1007) (3.35e+00 3.47e+00) XE:3.47e-01 (1.19e+00 1.21e+00 | 6.72e-01 6.74e-01)
6695(985) (3.51e+00 3.47e+00) XE:3.47e-01 (1.23e+00 1.21e+00 | 7.55e-01 6.74e-01)
6713(991) (7.07e+00 3.47e+00) XE:3.47e-01 (1.21e+00 1.21e+00 | 6.82e-01 6.74e-01)
6732(995) (3.32e+00 3.47e+00) XE:3.47e-01 (1.20e+00 1.21e+00 | 6.88e-01 6.74e-01)
6750(1003) (3.58e+00 3.47e+00) XE:3.47e-01 (1.21e+00 1.21e+00 | 6.28e-01 6.74e-01)
6768(999) (3.13e+00 3.47e+00) XE:3.47e-01 (1.21e+00 1.21e+00 | 6.90e-01 6.74e-01)
6787(1006) (3.19e+00 3.47e+00) XE:3.47e-01 (1.23e+00 1.21e+00 | 6.76e-01 6.74e-01)
6805(1002) (3.17e+00 3.47e+00) XE:3.47e-01 (1.23e+00 1.21e+00 | 6.78e-01 6.74e-01)
6823(1012) (3.07e+00 3.47e+00) XE:3.47e-01 (1.21e+00 1.21e+00 | 6.92e-01 6.74e-01)
6842(993) (3.42e+00 3.47e+00) XE:3.47e-01 (1.21e+00 1.21e+00 | 6.78e-01 6.74e-01)
6860(992) (3.70e+00 3.47e+00) XE:3.47e-01 (1.21e+00 1.21e+00 | 7.45e-01 6.74e-01)
6878(991) (3.67e+00 3.47e+00) XE:3.47e-01 (1.21e+00 1.21e+00 | 6.60e-01 6.74e-01)
6897(1013) (3.10e+00 3.47e+00) XE:3.47e-01 (1.21e+00 1.21e+00 | 6.32e-01 6.74e-01)
6915(1008) (2.67e+00 3.47e+00) XE:3.47e-01 (1.21e+00 1.21e+00 | 6.96e-01 6.74e-01)
6933(995) (4.20e+00 3.47e+00) XE:3.47e-01 (1.20e+00 1.21e+00 | 7.06e-01 6.74e-01)
6952(991) (3.46e+00 3.47e+00) XE:3.47e-01 (1.23e+00 1.21e+00 | 6.76e-01 6.74e-01)
6970(987) (2.83e+00 3.47e+00) XE:3.47e-01 (1.20e+00 1.21e+00 | 6.84e-01 6.74e-01)
6988(982) (3.24e+00 3.47e+00) XE:3.47e-01 (1.19e+00 1.21e+00 | 6.60e-01 6.74e-01)
7007(985) (3.88e+00 3.47e+00) XE:3.47e-01 (1.18e+00 1.21e+00 | 6.98e-01 6.74e-01)
7025(995) (3.11e+00 3.47e+00) XE:3.47e-01 (1.19e+00 1.21e+00 | 6.30e-01 6.74e-01)
7043(999) (2.58e+00 3.47e+00) XE:3.47e-01 (1.20e+00 1.21e+00 | 7.04e-01 6.74e-01)
7062(1006) (3.53e+00 3.47e+00) XE:3.47e-01 (1.19e+00 1.21e+00 | 6.74e-01 6.74e-01)
7080(992) (3.16e+00 3.47e+00) XE:3.47e-01 (1.19e+00 1.21e+00 | 6.86e-01 6.74e-01)
7098(1005) (3.20e+00 3.47e+00) XE:3.47e-01 (1.20e+00 1.21e+00 | 6.36e-01 6.74e-01)
7117(1004) (3.75e+00 3.47e+00) XE:3.47e-01 (1.21e+00 1.21e+00 | 6.28e-01 6.74e-01)
7135(1016) (2.07e+00 3.46e+00) XE:3.46e-01 (1.20e+00 1.21e+00 | 7.06e-01 6.74e-01)
7153(1009) (3.53e+00 3.46e+00) XE:3.46e-01 (1.21e+00 1.21e+00 | 6.38e-01 6.74e-01)
7172(997) (3.14e+00 3.46e+00) XE:3.46e-01 (1.20e+00 1.21e+00 | 5.99e-01 6.74e-01)
7190(1007) (3.05e+00 3.46e+00) XE:3.46e-01 (1.19e+00 1.21e+00 | 7.37e-01 6.74e-01)
7208(1025) (3.09e+00 3.46e+00) XE:3.46e-01 (1.22e+00 1.21e+00 | 6.18e-01 6.74e-01)
7226(1005) (3.92e+00 3.46e+00) XE:3.46e-01 (1.18e+00 1.21e+00 | 6.58e-01 6.74e-01)
7245(998) (3.27e+00 3.46e+00) XE:3.46e-01 (1.20e+00 1.21e+00 | 6.48e-01 6.74e-01)
7263(997) (3.64e+00 3.46e+00) XE:3.46e-01 (1.17e+00 1.21e+00 | 6.72e-01 6.74e-01)
7281(1001) (3.62e+00 3.46e+00) XE:3.46e-01 (1.22e+00 1.21e+00 | 6.66e-01 6.74e-01)
7300(999) (4.00e+00 3.46e+00) XE:3.46e-01 (1.20e+00 1.21e+00 | 6.50e-01 6.74e-01)
7318(1010) (2.96e+00 3.47e+00) XE:3.47e-01 (1.15e+00 1.21e+00 | 6.70e-01 6.74e-01)
7336(989) (5.19e+00 3.47e+00) XE:3.47e-01 (1.21e+00 1.21e+00 | 6.92e-01 6.74e-01)
7355(1002) (5.76e+00 3.47e+00) XE:3.47e-01 (1.20e+00 1.21e+00 | 6.38e-01 6.74e-01)
7373(1002) (3.26e+00 3.47e+00) XE:3.47e-01 (1.21e+00 1.21e+00 | 6.32e-01 6.74e-01)
7391(993) (3.61e+00 3.47e+00) XE:3.47e-01 (1.19e+00 1.21e+00 | 6.34e-01 6.74e-01)
7410(991) (4.80e+00 3.47e+00) XE:3.47e-01 (1.22e+00 1.21e+00 | 6.36e-01 6.74e-01)
7428(1004) (2.89e+00 3.47e+00) XE:3.47e-01 (1.20e+00 1.21e+00 | 7.37e-01 6.74e-01)
7446(1000) (3.11e+00 3.47e+00) XE:3.47e-01 (1.19e+00 1.21e+00 | 6.64e-01 6.74e-01)
7465(998) (3.86e+00 3.47e+00) XE:3.47e-01 (1.22e+00 1.21e+00 | 6.74e-01 6.74e-01)
7483(1017) (3.26e+00 3.47e+00) XE:3.47e-01 (1.23e+00 1.21e+00 | 6.78e-01 6.74e-01)
7501(1001) (3.11e+00 3.47e+00) XE:3.47e-01 (1.18e+00 1.21e+00 | 6.48e-01 6.74e-01)
7520(1009) (2.92e+00 3.47e+00) XE:3.47e-01 (1.19e+00 1.21e+00 | 6.80e-01 6.74e-01)
7538(1006) (3.05e+00 3.47e+00) XE:3.47e-01 (1.19e+00 1.21e+00 | 6.90e-01 6.74e-01)
7556(994) (3.43e+00 3.46e+00) XE:3.46e-01 (1.20e+00 1.21e+00 | 6.40e-01 6.74e-01)
7575(998) (2.82e+00 3.46e+00) XE:3.46e-01 (1.23e+00 1.21e+00 | 6.84e-01 6.74e-01)
7593(1018) (2.97e+00 3.46e+00) XE:3.46e-01 (1.19e+00 1.21e+00 | 6.36e-01 6.74e-01)
7611(994) (4.05e+00 3.46e+00) XE:3.46e-01 (1.20e+00 1.21e+00 | 6.84e-01 6.74e-01)
7630(993) (3.87e+00 3.46e+00) XE:3.46e-01 (1.21e+00 1.21e+00 | 6.82e-01 6.74e-01)
7648(1003) (3.58e+00 3.46e+00) XE:3.46e-01 (1.21e+00 1.21e+00 | 6.74e-01 6.74e-01)
7666(985) (3.48e+00 3.46e+00) XE:3.46e-01 (1.22e+00 1.21e+00 | 6.82e-01 6.74e-01)
7685(999) (2.95e+00 3.46e+00) XE:3.46e-01 (1.17e+00 1.21e+00 | 6.52e-01 6.74e-01)
7703(1007) (3.12e+00 3.46e+00) XE:3.46e-01 (1.24e+00 1.21e+00 | 6.40e-01 6.74e-01)
7721(1012) (3.77e+00 3.46e+00) XE:3.46e-01 (1.20e+00 1.21e+00 | 6.18e-01 6.74e-01)
7740(1001) (3.19e+00 3.46e+00) XE:3.46e-01 (1.22e+00 1.21e+00 | 6.46e-01 6.74e-01)
7758(1014) (2.59e+00 3.46e+00) XE:3.46e-01 (1.21e+00 1.21e+00 | 6.28e-01 6.74e-01)
7776(995) (3.13e+00 3.46e+00) XE:3.46e-01 (1.21e+00 1.21e+00 | 6.94e-01 6.74e-01)
7794(1004) (3.38e+00 3.46e+00) XE:3.46e-01 (1.18e+00 1.21e+00 | 6.40e-01 6.74e-01)
7813(1001) (4.31e+00 3.46e+00) XE:3.46e-01 (1.18e+00 1.21e+00 | 6.96e-01 6.74e-01)
7831(983) (3.87e+00 3.46e+00) XE:3.46e-01 (1.21e+00 1.21e+00 | 6.12e-01 6.74e-01)
7849(984) (5.81e+00 3.46e+00) XE:3.46e-01 (1.24e+00 1.21e+00 | 6.18e-01 6.74e-01)
7868(1014) (3.69e+00 3.46e+00) XE:3.46e-01 (1.21e+00 1.21e+00 | 6.52e-01 6.74e-01)
7886(999) (3.84e+00 3.46e+00) XE:3.46e-01 (1.22e+00 1.21e+00 | 6.24e-01 6.74e-01)
7904(995) (3.33e+00 3.46e+00) XE:3.46e-01 (1.18e+00 1.21e+00 | 6.64e-01 6.74e-01)
7923(992) (4.27e+00 3.46e+00) XE:3.46e-01 (1.20e+00 1.21e+00 | 6.40e-01 6.74e-01)
7941(1019) (3.55e+00 3.46e+00) XE:3.46e-01 (1.18e+00 1.21e+00 | 6.92e-01 6.74e-01)
7959(997) (3.13e+00 3.46e+00) XE:3.46e-01 (1.20e+00 1.21e+00 | 6.38e-01 6.74e-01)
7977(996) (3.36e+00 3.46e+00) XE:3.46e-01 (1.22e+00 1.21e+00 | 6.96e-01 6.74e-01)
7996(991) (3.84e+00 3.46e+00) XE:3.46e-01 (1.24e+00 1.21e+00 | 6.78e-01 6.74e-01)
8014(991) (3.80e+00 3.46e+00) XE:3.46e-01 (1.19e+00 1.21e+00 | 6.76e-01 6.74e-01)
8032(983) (3.68e+00 3.46e+00) XE:3.46e-01 (1.21e+00 1.21e+00 | 6.80e-01 6.74e-01)
8051(1014) (2.63e+00 3.46e+00) XE:3.46e-01 (1.19e+00 1.21e+00 | 7.12e-01 6.74e-01)
8069(997) (3.22e+00 3.46e+00) XE:3.46e-01 (1.22e+00 1.21e+00 | 6.56e-01 6.74e-01)
8087(1003) (3.09e+00 3.46e+00) XE:3.46e-01 (1.21e+00 1.21e+00 | 6.70e-01 6.74e-01)
8106(1017) (3.17e+00 3.46e+00) XE:3.46e-01 (1.19e+00 1.21e+00 | 6.52e-01 6.74e-01)
8124(996) (2.95e+00 3.46e+00) XE:3.46e-01 (1.22e+00 1.21e+00 | 6.58e-01 6.74e-01)
8142(996) (2.99e+00 3.46e+00) XE:3.46e-01 (1.19e+00 1.21e+00 | 6.86e-01 6.74e-01)
8160(995) (3.56e+00 3.46e+00) XE:3.46e-01 (1.20e+00 1.21e+00 | 6.20e-01 6.74e-01)
8179(1014) (2.87e+00 3.46e+00) XE:3.46e-01 (1.20e+00 1.21e+00 | 7.16e-01 6.74e-01)
8197(1001) (2.91e+00 3.46e+00) XE:3.46e-01 (1.22e+00 1.21e+00 | 7.08e-01 6.74e-01)
8215(1026) (3.04e+00 3.46e+00) XE:3.46e-01 (1.19e+00 1.21e+00 | 6.32e-01 6.74e-01)
8234(997) (3.77e+00 3.46e+00) XE:3.46e-01 (1.21e+00 1.21e+00 | 6.44e-01 6.74e-01)
8252(1000) (3.49e+00 3.46e+00) XE:3.46e-01 (1.20e+00 1.21e+00 | 6.92e-01 6.74e-01)
8270(1020) (3.26e+00 3.46e+00) XE:3.46e-01 (1.23e+00 1.21e+00 | 6.56e-01 6.74e-01)
8289(988) (3.81e+00 3.46e+00) XE:3.46e-01 (1.22e+00 1.21e+00 | 6.82e-01 6.74e-01)
8307(1009) (5.70e+00 3.46e+00) XE:3.46e-01 (1.22e+00 1.21e+00 | 7.02e-01 6.74e-01)
8325(991) (3.94e+00 3.46e+00) XE:3.46e-01 (1.21e+00 1.21e+00 | 6.88e-01 6.74e-01)
8343(987) (3.15e+00 3.46e+00) XE:3.46e-01 (1.19e+00 1.21e+00 | 6.76e-01 6.74e-01)
8362(985) (3.60e+00 3.46e+00) XE:3.46e-01 (1.21e+00 1.21e+00 | 6.16e-01 6.74e-01)
8380(992) (2.95e+00 3.46e+00) XE:3.46e-01 (1.21e+00 1.21e+00 | 6.98e-01 6.74e-01)
8398(992) (3.07e+00 3.46e+00) XE:3.46e-01 (1.20e+00 1.21e+00 | 6.46e-01 6.74e-01)
8417(997) (3.53e+00 3.46e+00) XE:3.46e-01 (1.20e+00 1.21e+00 | 6.72e-01 6.74e-01)
8435(989) (3.39e+00 3.46e+00) XE:3.46e-01 (1.19e+00 1.21e+00 | 6.54e-01 6.74e-01)
8453(993) (3.31e+00 3.46e+00) XE:3.46e-01 (1.22e+00 1.21e+00 | 7.10e-01 6.74e-01)
8472(986) (3.40e+00 3.46e+00) XE:3.46e-01 (1.18e+00 1.21e+00 | 6.72e-01 6.74e-01)
8490(1006) (4.44e+00 3.46e+00) XE:3.46e-01 (1.21e+00 1.21e+00 | 6.88e-01 6.74e-01)
8508(997) (4.06e+00 3.46e+00) XE:3.46e-01 (1.23e+00 1.21e+00 | 7.06e-01 6.74e-01)
8527(991) (3.38e+00 3.46e+00) XE:3.46e-01 (1.22e+00 1.21e+00 | 7.31e-01 6.74e-01)
8545(999) (3.28e+00 3.46e+00) XE:3.46e-01 (1.20e+00 1.21e+00 | 6.62e-01 6.74e-01)
8563(981) (3.21e+00 3.46e+00) XE:3.46e-01 (1.20e+00 1.21e+00 | 6.72e-01 6.74e-01)
8581(1019) (3.77e+00 3.46e+00) XE:3.46e-01 (1.20e+00 1.21e+00 | 6.80e-01 6.74e-01)
8600(997) (3.57e+00 3.46e+00) XE:3.46e-01 (1.19e+00 1.21e+00 | 6.96e-01 6.74e-01)
8618(993) (3.27e+00 3.46e+00) XE:3.46e-01 (1.19e+00 1.21e+00 | 7.25e-01 6.74e-01)
8636(995) (3.35e+00 3.46e+00) XE:3.46e-01 (1.19e+00 1.21e+00 | 6.40e-01 6.74e-01)
8655(996) (3.80e+00 3.46e+00) XE:3.46e-01 (1.19e+00 1.21e+00 | 7.18e-01 6.74e-01)
8673(1001) (4.11e+00 3.46e+00) XE:3.46e-01 (1.19e+00 1.21e+00 | 6.56e-01 6.74e-01)
8691(990) (2.93e+00 3.46e+00) XE:3.46e-01 (1.23e+00 1.21e+00 | 6.80e-01 6.74e-01)
8710(989) (3.45e+00 3.46e+00) XE:3.46e-01 (1.23e+00 1.21e+00 | 6.28e-01 6.74e-01)
8728(1005) (2.94e+00 3.46e+00) XE:3.46e-01 (1.21e+00 1.21e+00 | 6.68e-01 6.74e-01)
8746(1008) (2.19e+00 3.46e+00) XE:3.46e-01 (1.22e+00 1.21e+00 | 6.44e-01 6.74e-01)
8765(1007) (3.80e+00 3.46e+00) XE:3.46e-01 (1.18e+00 1.21e+00 | 6.42e-01 6.74e-01)
8783(1013) (2.79e+00 3.46e+00) XE:3.46e-01 (1.23e+00 1.21e+00 | 6.86e-01 6.74e-01)
8801(1003) (3.04e+00 3.46e+00) XE:3.46e-01 (1.21e+00 1.21e+00 | 6.32e-01 6.74e-01)
8819(993) (2.97e+00 3.46e+00) XE:3.46e-01 (1.24e+00 1.21e+00 | 6.46e-01 6.74e-01)
8838(993) (3.69e+00 3.46e+00) XE:3.46e-01 (1.24e+00 1.21e+00 | 6.36e-01 6.74e-01)
8856(997) (4.99e+00 3.46e+00) XE:3.46e-01 (1.22e+00 1.21e+00 | 6.94e-01 6.74e-01)
8874(995) (3.06e+00 3.46e+00) XE:3.46e-01 (1.24e+00 1.21e+00 | 6.96e-01 6.74e-01)
8893(1005) (4.72e+00 3.46e+00) XE:3.46e-01 (1.24e+00 1.21e+00 | 7.14e-01 6.74e-01)
8911(1002) (3.91e+00 3.46e+00) XE:3.46e-01 (1.21e+00 1.21e+00 | 6.74e-01 6.74e-01)
8929(990) (3.11e+00 3.46e+00) XE:3.46e-01 (1.22e+00 1.21e+00 | 6.88e-01 6.74e-01)
8948(983) (3.42e+00 3.46e+00) XE:3.46e-01 (1.20e+00 1.21e+00 | 6.40e-01 6.74e-01)
8966(991) (3.92e+00 3.46e+00) XE:3.46e-01 (1.21e+00 1.21e+00 | 6.42e-01 6.74e-01)
8984(989) (3.51e+00 3.46e+00) XE:3.46e-01 (1.23e+00 1.21e+00 | 6.84e-01 6.74e-01)
9003(985) (4.97e+00 3.46e+00) XE:3.46e-01 (1.24e+00 1.21e+00 | 6.92e-01 6.74e-01)
9021(993) (3.11e+00 3.46e+00) XE:3.46e-01 (1.19e+00 1.21e+00 | 7.08e-01 6.74e-01)
9039(992) (3.75e+00 3.46e+00) XE:3.46e-01 (1.19e+00 1.21e+00 | 7.25e-01 6.74e-01)
9058(982) (3.57e+00 3.46e+00) XE:3.46e-01 (1.22e+00 1.21e+00 | 6.74e-01 6.74e-01)
9076(1006) (4.54e+00 3.46e+00) XE:3.46e-01 (1.20e+00 1.21e+00 | 7.06e-01 6.74e-01)
9094(983) (3.75e+00 3.46e+00) XE:3.46e-01 (1.17e+00 1.21e+00 | 6.54e-01 6.74e-01)
9113(1011) (2.91e+00 3.46e+00) XE:3.46e-01 (1.24e+00 1.21e+00 | 6.80e-01 6.74e-01)
9131(993) (3.76e+00 3.46e+00) XE:3.46e-01 (1.22e+00 1.21e+00 | 5.93e-01 6.74e-01)
9149(972) (3.63e+00 3.46e+00) XE:3.46e-01 (1.21e+00 1.21e+00 | 6.46e-01 6.74e-01)
9168(1001) (3.05e+00 3.46e+00) XE:3.46e-01 (1.20e+00 1.21e+00 | 6.86e-01 6.74e-01)
9186(995) (3.24e+00 3.46e+00) XE:3.46e-01 (1.22e+00 1.21e+00 | 6.44e-01 6.74e-01)
9204(1005) (3.29e+00 3.46e+00) XE:3.46e-01 (1.21e+00 1.21e+00 | 6.94e-01 6.74e-01)
9223(994) (3.62e+00 3.46e+00) XE:3.46e-01 (1.21e+00 1.21e+00 | 6.18e-01 6.74e-01)
9241(998) (3.60e+00 3.46e+00) XE:3.46e-01 (1.21e+00 1.21e+00 | 6.88e-01 6.74e-01)
9259(998) (3.57e+00 3.46e+00) XE:3.46e-01 (1.21e+00 1.21e+00 | 6.64e-01 6.74e-01)
9278(986) (3.38e+00 3.46e+00) XE:3.46e-01 (1.21e+00 1.21e+00 | 6.40e-01 6.74e-01)
9296(998) (2.93e+00 3.46e+00) XE:3.46e-01 (1.19e+00 1.21e+00 | 6.74e-01 6.74e-01)
9314(1000) (4.28e+00 3.46e+00) XE:3.46e-01 (1.21e+00 1.21e+00 | 6.64e-01 6.74e-01)
9332(991) (3.12e+00 3.46e+00) XE:3.46e-01 (1.22e+00 1.21e+00 | 7.41e-01 6.74e-01)
9351(996) (3.46e+00 3.46e+00) XE:3.46e-01 (1.19e+00 1.21e+00 | 6.82e-01 6.74e-01)
9369(1005) (3.35e+00 3.46e+00) XE:3.46e-01 (1.22e+00 1.21e+00 | 6.90e-01 6.74e-01)
9387(1015) (3.47e+00 3.46e+00) XE:3.46e-01 (1.22e+00 1.21e+00 | 7.04e-01 6.74e-01)
9406(1006) (3.83e+00 3.46e+00) XE:3.46e-01 (1.21e+00 1.21e+00 | 7.37e-01 6.74e-01)
9424(997) (3.48e+00 3.46e+00) XE:3.46e-01 (1.19e+00 1.21e+00 | 6.78e-01 6.74e-01)
9442(1003) (3.09e+00 3.46e+00) XE:3.46e-01 (1.22e+00 1.21e+00 | 6.96e-01 6.74e-01)
9461(998) (3.30e+00 3.46e+00) XE:3.46e-01 (1.20e+00 1.21e+00 | 7.33e-01 6.74e-01)
9479(1013) (2.94e+00 3.46e+00) XE:3.46e-01 (1.21e+00 1.21e+00 | 6.36e-01 6.74e-01)
9497(999) (3.08e+00 3.46e+00) XE:3.46e-01 (1.23e+00 1.21e+00 | 7.25e-01 6.74e-01)
9515(1006) (2.62e+00 3.46e+00) XE:3.46e-01 (1.20e+00 1.21e+00 | 6.62e-01 6.74e-01)
9534(1007) (3.01e+00 3.46e+00) XE:3.46e-01 (1.23e+00 1.21e+00 | 6.76e-01 6.74e-01)
9552(990) (4.16e+00 3.46e+00) XE:3.46e-01 (1.21e+00 1.21e+00 | 6.62e-01 6.74e-01)
9570(996) (3.06e+00 3.46e+00) XE:3.46e-01 (1.18e+00 1.21e+00 | 6.94e-01 6.74e-01)
9589(991) (3.04e+00 3.46e+00) XE:3.46e-01 (1.20e+00 1.21e+00 | 6.52e-01 6.74e-01)
9607(1007) (3.26e+00 3.46e+00) XE:3.46e-01 (1.19e+00 1.21e+00 | 6.74e-01 6.74e-01)
9625(1004) (3.08e+00 3.46e+00) XE:3.46e-01 (1.22e+00 1.21e+00 | 6.90e-01 6.74e-01)
9644(996) (2.99e+00 3.46e+00) XE:3.46e-01 (1.19e+00 1.21e+00 | 6.80e-01 6.74e-01)
9662(993) (3.62e+00 3.46e+00) XE:3.46e-01 (1.21e+00 1.21e+00 | 6.84e-01 6.74e-01)
9680(1004) (2.93e+00 3.46e+00) XE:3.46e-01 (1.20e+00 1.21e+00 | 7.16e-01 6.74e-01)
9698(995) (3.06e+00 3.46e+00) XE:3.46e-01 (1.17e+00 1.21e+00 | 6.58e-01 6.74e-01)
9717(997) (4.92e+00 3.46e+00) XE:3.46e-01 (1.21e+00 1.21e+00 | 7.06e-01 6.74e-01)
9735(1006) (2.86e+00 3.46e+00) XE:3.46e-01 (1.21e+00 1.21e+00 | 7.61e-01 6.74e-01)
9753(999) (3.60e+00 3.46e+00) XE:3.46e-01 (1.18e+00 1.21e+00 | 7.10e-01 6.74e-01)
9772(1019) (3.88e+00 3.46e+00) XE:3.46e-01 (1.21e+00 1.21e+00 | 6.60e-01 6.74e-01)
9790(1010) (3.00e+00 3.46e+00) XE:3.46e-01 (1.19e+00 1.21e+00 | 6.48e-01 6.74e-01)
9808(1019) (2.56e+00 3.46e+00) XE:3.46e-01 (1.18e+00 1.21e+00 | 7.00e-01 6.74e-01)
9827(1014) (2.99e+00 3.46e+00) XE:3.46e-01 (1.23e+00 1.21e+00 | 7.14e-01 6.74e-01)
9845(1000) (3.22e+00 3.46e+00) XE:3.46e-01 (1.19e+00 1.21e+00 | 6.40e-01 6.74e-01)
9863(983) (3.11e+00 3.46e+00) XE:3.46e-01 (1.17e+00 1.21e+00 | 6.52e-01 6.74e-01)
9882(997) (3.66e+00 3.46e+00) XE:3.46e-01 (1.17e+00 1.21e+00 | 6.62e-01 6.74e-01)
9900(1017) (7.80e+00 3.46e+00) XE:3.46e-01 (1.20e+00 1.21e+00 | 6.48e-01 6.74e-01)
9918(1006) (3.89e+00 3.46e+00) XE:3.46e-01 (1.22e+00 1.21e+00 | 7.06e-01 6.74e-01)
9937(1013) (2.95e+00 3.46e+00) XE:3.46e-01 (1.22e+00 1.21e+00 | 7.35e-01 6.74e-01)
9955(985) (3.37e+00 3.46e+00) XE:3.46e-01 (1.20e+00 1.21e+00 | 6.62e-01 6.74e-01)
9973(1005) (2.84e+00 3.46e+00) XE:3.46e-01 (1.20e+00 1.21e+00 | 7.33e-01 6.74e-01)
9992(1010) (3.92e+00 3.46e+00) XE:3.46e-01 (1.21e+00 1.21e+00 | 6.56e-01 6.74e-01)
10000(1015) (3.30e+00 3.46e+00) XE:3.46e-01 (1.20e+00 1.21e+00 | 6.64e-01 6.74e-01)
RL cnt: 0,6711250,1403747,156668,0,0,0,0,0,0,0,0,0,0,0,0,
BL cnt: 0,0,0,0,0,0,0,0,1670096,0,6569773,0,1670131,0,0,0,0,0,0,0,0,
[00] Th=9.500000e-01: 4.857275e-02 4.717747e-02 : 5.984389e-03
[01] Th=9.000000e-01: 1.235973e-01 1.222318e-01 : 1.536432e-02
[02] Th=8.500000e-01: 2.520683e-01 2.474312e-01 : 3.121871e-02
[03] Th=8.000000e-01: 4.257855e-01 4.214676e-01 : 5.295331e-02
[04] Th=7.500000e-01: 6.527737e-01 6.461836e-01 : 8.118483e-02
[05] Th=7.000000e-01: 9.142131e-01 9.084125e-01 : 1.139141e-01
[06] Th=6.500000e-01: 1.201550e+00 1.196047e+00 : 1.498498e-01
[07] Th=6.000000e-01: 1.502174e+00 1.497192e+00 : 1.874604e-01
[08] Th=5.500000e-01: 1.805731e+00 1.804767e+00 : 2.256562e-01
[09] Th=5.000000e-01: 2.106806e+00 2.105208e+00 : 2.632509e-01
[10] Th=4.500000e-01: 2.425943e+00 2.426343e+00 : 3.032679e-01
[11] Th=4.000000e-01: 2.761052e+00 2.761356e+00 : 3.451505e-01
[12] Th=3.500000e-01: 3.099054e+00 3.099803e+00 : 3.874286e-01
[13] Th=3.000000e-01: 3.440094e+00 3.443000e+00 : 4.301934e-01
[14] Th=2.500000e-01: 3.774161e+00 3.777277e+00 : 4.719649e-01
[15] Th=2.000000e-01: 4.053413e+00 4.054452e+00 : 5.067416e-01
[16] Th=1.500000e-01: 4.200182e+00 4.201249e+00 : 5.250894e-01
[17] Th=1.000000e-01: 4.230446e+00 4.231730e+00 : 5.288860e-01
[18] Th=5.000000e-02: 4.231045e+00 4.232067e+00 : 5.289445e-01
[19] Th=1.000000e-10: 4.231045e+00 4.232067e+00 : 5.289445e-01
# InnerCodebook: deleted
# NBIDSchannel: deleted
# Gtable: deleted
# FBalg4: deleted
# StatICB: deleted
