# (Pid,Ps)=(5.000000e-02,1.000000e-02) Nseg=200 WinSize=10 lmd=1 [0]
# InnerCB: ../search03/ICB/B13.bin
# Gtable:  Gtable/5/050_010.bin
# InnerCodebook: beta=5(1024) nu=2
# InnerCodebook: B(B2p)=8(256) 8(256) 
# InnerCodebook: checked CWM, EncMap, DecMap
# beta=5(1024) nu=2 N=1000 Dmax=55 WCmax=10000
# B=8,8,
# NBIDSchannel: N=1000 Q=4 Dmax=55 (Pid,Ps)=(5.000000e-02,1.000000e-02)
# FBalg4: Nseg=200 Dmax=55(w=111)
# FBalg4: Gtable: Gtable/5/050_010.bin
# Gtable: beta=5 (Pid,Ps,Ptrn)=(5.000000e-02,1.000000e-02,9.000000e-01) Pth=1.000000e-10
# Gtable: beta4p=1024 beta4pp=1048576
# Gtable::Gtable len=0 cnt=1024
# Gtable::Gtable len=1 cnt=4096
# Gtable::Gtable len=2 cnt=16384
# Gtable::Gtable len=3 cnt=65536
# Gtable::Gtable len=4 cnt=241636
# Gtable::Gtable len=5 cnt=828232
# Gtable::Gtable len=6 cnt=1541824
# Gtable::Gtable len=7 cnt=2773420
# Gtable::Gtable len=8 cnt=1264036
# Gtable::Gtable len=9 cnt=446308
# Gtable::Gtable len=10 cnt=31744
# FBalg4: beta=5(1024) (Pid,Ps)=(5.000000e-02,1.000000e-02) Pth=1.000000e-10 N=1000
# StatICB: nu=2 beta=5 beta4p=1024 Bsum=16 lmd=1
# StatICB: B=8,8,
0012(1009) (2.87e+00 3.59e+00) XE:3.59e-01 (1.24e+00 1.25e+00 | 8.78e-01 8.40e-01)	7.127007e+00 7.038445e+00 : 8.853407e-01
0025(998) (3.64e+00 3.93e+00) XE:3.93e-01 (1.24e+00 1.25e+00 | 8.09e-01 8.38e-01)	6.741664e+00 6.634162e+00 : 8.359891e-01
0037(996) (3.84e+00 3.72e+00) XE:3.72e-01 (1.24e+00 1.25e+00 | 7.91e-01 8.31e-01)	6.588236e+00 6.505002e+00 : 8.183273e-01
0050(995) (3.59e+00 3.69e+00) XE:3.69e-01 (1.28e+00 1.25e+00 | 8.52e-01 8.24e-01)	6.406903e+00 6.327269e+00 : 7.958858e-01
0062(1011) (2.63e+00 3.68e+00) XE:3.68e-01 (1.28e+00 1.25e+00 | 8.07e-01 8.25e-01)	6.303234e+00 6.231133e+00 : 7.833979e-01
0075(1004) (2.91e+00 3.63e+00) XE:3.63e-01 (1.23e+00 1.25e+00 | 8.68e-01 8.27e-01)	6.212859e+00 6.144314e+00 : 7.723233e-01
0087(1002) (3.33e+00 3.62e+00) XE:3.62e-01 (1.25e+00 1.25e+00 | 8.50e-01 8.25e-01)	6.133314e+00 6.061548e+00 : 7.621788e-01
0100(980) (3.48e+00 3.59e+00) XE:3.59e-01 (1.23e+00 1.25e+00 | 8.64e-01 8.26e-01)	6.055563e+00 5.999900e+00 : 7.534664e-01
0113(997) (3.16e+00 3.56e+00) XE:3.56e-01 (1.24e+00 1.25e+00 | 8.48e-01 8.29e-01)	5.999878e+00 5.945032e+00 : 7.465569e-01
0125(1002) (3.80e+00 3.57e+00) XE:3.57e-01 (1.26e+00 1.25e+00 | 8.58e-01 8.28e-01)	5.926923e+00 5.878738e+00 : 7.378538e-01
0138(1005) (3.94e+00 3.56e+00) XE:3.56e-01 (1.28e+00 1.25e+00 | 8.31e-01 8.28e-01)	5.881639e+00 5.840612e+00 : 7.326407e-01
0150(991) (3.25e+00 3.54e+00) XE:3.54e-01 (1.27e+00 1.25e+00 | 8.19e-01 8.28e-01)	5.844699e+00 5.806952e+00 : 7.282282e-01
0162(987) (4.08e+00 3.54e+00) XE:3.54e-01 (1.25e+00 1.25e+00 | 7.35e-01 8.26e-01)	5.807187e+00 5.772969e+00 : 7.237598e-01
0175(988) (4.68e+00 3.56e+00) XE:3.56e-01 (1.27e+00 1.25e+00 | 7.83e-01 8.24e-01)	5.748558e+00 5.710989e+00 : 7.162217e-01
0187(1001) (2.91e+00 3.57e+00) XE:3.57e-01 (1.28e+00 1.25e+00 | 9.14e-01 8.26e-01)	5.700495e+00 5.660413e+00 : 7.100568e-01
0200(1000) (3.68e+00 3.57e+00) XE:3.57e-01 (1.26e+00 1.25e+00 | 8.01e-01 8.25e-01)	5.666351e+00 5.627735e+00 : 7.058804e-01
0212(1001) (4.13e+00 3.57e+00) XE:3.57e-01 (1.22e+00 1.25e+00 | 7.49e-01 8.25e-01)	5.629503e+00 5.604272e+00 : 7.021109e-01
0225(997) (3.41e+00 3.56e+00) XE:3.56e-01 (1.22e+00 1.25e+00 | 8.56e-01 8.25e-01)	5.611891e+00 5.589680e+00 : 7.000982e-01
0237(1014) (3.48e+00 3.56e+00) XE:3.56e-01 (1.23e+00 1.25e+00 | 8.60e-01 8.25e-01)	5.582304e+00 5.559253e+00 : 6.963473e-01
0249(988) (3.67e+00 3.56e+00) XE:3.56e-01 (1.26e+00 1.25e+00 | 8.54e-01 8.23e-01)	5.548408e+00 5.527206e+00 : 6.922259e-01
0262(1006) (3.32e+00 3.55e+00) XE:3.55e-01 (1.25e+00 1.25e+00 | 8.94e-01 8.23e-01)	5.528138e+00 5.510225e+00 : 6.898977e-01
0274(1004) (3.74e+00 3.55e+00) XE:3.55e-01 (1.22e+00 1.25e+00 | 8.29e-01 8.23e-01)	5.500617e+00 5.482554e+00 : 6.864482e-01
0287(1013) (3.07e+00 3.55e+00) XE:3.55e-01 (1.26e+00 1.25e+00 | 7.81e-01 8.23e-01)	5.480851e+00 5.461069e+00 : 6.838700e-01
0299(983) (4.02e+00 3.57e+00) XE:3.57e-01 (1.21e+00 1.25e+00 | 7.63e-01 8.22e-01)	5.436656e+00 5.416348e+00 : 6.783128e-01
0311(1012) (3.01e+00 3.56e+00) XE:3.56e-01 (1.29e+00 1.25e+00 | 8.72e-01 8.22e-01)	5.436300e+00 5.416408e+00 : 6.782943e-01
0324(995) (4.13e+00 3.57e+00) XE:3.57e-01 (1.24e+00 1.25e+00 | 7.61e-01 8.22e-01)	5.393647e+00 5.378571e+00 : 6.732636e-01
0336(989) (3.11e+00 3.58e+00) XE:3.58e-01 (1.26e+00 1.25e+00 | 7.87e-01 8.22e-01)	5.366940e+00 5.355398e+00 : 6.701461e-01
0349(1000) (4.21e+00 3.59e+00) XE:3.59e-01 (1.26e+00 1.25e+00 | 8.74e-01 8.22e-01)	5.347889e+00 5.329517e+00 : 6.673379e-01
0361(996) (3.46e+00 3.59e+00) XE:3.59e-01 (1.28e+00 1.25e+00 | 7.85e-01 8.22e-01)	5.326603e+00 5.309930e+00 : 6.647833e-01
0373(1001) (3.40e+00 3.60e+00) XE:3.60e-01 (1.25e+00 1.25e+00 | 7.55e-01 8.22e-01)	5.300572e+00 5.282204e+00 : 6.614235e-01
0386(990) (4.18e+00 3.58e+00) XE:3.58e-01 (1.23e+00 1.25e+00 | 8.21e-01 8.22e-01)	5.296103e+00 5.278337e+00 : 6.609025e-01
0398(998) (3.14e+00 3.59e+00) XE:3.59e-01 (1.26e+00 1.25e+00 | 8.58e-01 8.22e-01)	5.283763e+00 5.266258e+00 : 6.593763e-01
0410(992) (3.41e+00 3.58e+00) XE:3.58e-01 (1.26e+00 1.25e+00 | 8.29e-01 8.22e-01)	5.283173e+00 5.264623e+00 : 6.592372e-01
0423(1013) (2.96e+00 3.57e+00) XE:3.57e-01 (1.22e+00 1.25e+00 | 8.38e-01 8.22e-01)	5.283344e+00 5.263576e+00 : 6.591825e-01
0435(978) (3.79e+00 3.56e+00) XE:3.56e-01 (1.24e+00 1.25e+00 | 8.07e-01 8.23e-01)	5.282638e+00 5.262815e+00 : 6.590908e-01
0448(991) (3.29e+00 3.55e+00) XE:3.55e-01 (1.26e+00 1.25e+00 | 8.09e-01 8.23e-01)	5.278713e+00 5.257217e+00 : 6.584956e-01
0460(998) (3.66e+00 3.55e+00) XE:3.55e-01 (1.22e+00 1.25e+00 | 8.40e-01 8.23e-01)	5.272467e+00 5.248336e+00 : 6.575502e-01
0472(981) (4.15e+00 3.54e+00) XE:3.54e-01 (1.28e+00 1.25e+00 | 8.05e-01 8.23e-01)	5.266697e+00 5.241728e+00 : 6.567765e-01
0485(1005) (2.82e+00 3.53e+00) XE:3.53e-01 (1.24e+00 1.25e+00 | 8.68e-01 8.24e-01)	5.263058e+00 5.239472e+00 : 6.564081e-01
0497(1006) (3.17e+00 3.53e+00) XE:3.53e-01 (1.25e+00 1.25e+00 | 8.19e-01 8.24e-01)	5.255722e+00 5.234579e+00 : 6.556438e-01
0510(1012) (3.59e+00 3.53e+00) XE:3.53e-01 (1.28e+00 1.25e+00 | 8.40e-01 8.24e-01)	5.246596e+00 5.224760e+00 : 6.544598e-01
0522(1008) (5.92e+00 3.53e+00) XE:3.53e-01 (1.23e+00 1.25e+00 | 8.23e-01 8.24e-01)	5.239980e+00 5.217484e+00 : 6.535915e-01
0534(991) (4.40e+00 3.53e+00) XE:3.53e-01 (1.24e+00 1.25e+00 | 8.58e-01 8.24e-01)	5.230286e+00 5.205706e+00 : 6.522495e-01
0547(1039) (3.75e+00 3.52e+00) XE:3.52e-01 (1.26e+00 1.25e+00 | 8.66e-01 8.24e-01)	5.230715e+00 5.206006e+00 : 6.522951e-01
0559(987) (3.98e+00 3.52e+00) XE:3.52e-01 (1.26e+00 1.25e+00 | 8.68e-01 8.25e-01)	5.224085e+00 5.200941e+00 : 6.515641e-01
0571(1012) (2.75e+00 3.51e+00) XE:3.51e-01 (1.27e+00 1.25e+00 | 8.36e-01 8.25e-01)	5.218138e+00 5.195167e+00 : 6.508316e-01
0584(996) (3.37e+00 3.52e+00) XE:3.52e-01 (1.24e+00 1.25e+00 | 7.47e-01 8.25e-01)	5.209935e+00 5.184103e+00 : 6.496273e-01
0596(1005) (3.07e+00 3.52e+00) XE:3.52e-01 (1.26e+00 1.25e+00 | 8.70e-01 8.25e-01)	5.205878e+00 5.181664e+00 : 6.492214e-01
0609(992) (2.99e+00 3.52e+00) XE:3.52e-01 (1.22e+00 1.25e+00 | 8.68e-01 8.25e-01)	5.196008e+00 5.172923e+00 : 6.480581e-01
0621(987) (3.02e+00 3.51e+00) XE:3.51e-01 (1.28e+00 1.25e+00 | 8.66e-01 8.26e-01)	5.194693e+00 5.171901e+00 : 6.479121e-01
0634(993) (2.53e+00 3.51e+00) XE:3.51e-01 (1.22e+00 1.25e+00 | 7.39e-01 8.26e-01)	5.189505e+00 5.164200e+00 : 6.471065e-01
0646(997) (3.12e+00 3.51e+00) XE:3.51e-01 (1.25e+00 1.25e+00 | 8.70e-01 8.26e-01)	5.187072e+00 5.160505e+00 : 6.467236e-01
0658(1004) (4.16e+00 3.52e+00) XE:3.52e-01 (1.23e+00 1.25e+00 | 8.46e-01 8.25e-01)	5.175053e+00 5.147758e+00 : 6.451757e-01
0671(1015) (3.52e+00 3.51e+00) XE:3.51e-01 (1.23e+00 1.25e+00 | 8.21e-01 8.25e-01)	5.171008e+00 5.142182e+00 : 6.445744e-01
0683(991) (3.40e+00 3.51e+00) XE:3.51e-01 (1.25e+00 1.25e+00 | 8.50e-01 8.25e-01)	5.167636e+00 5.138759e+00 : 6.441497e-01
0696(1000) (3.96e+00 3.51e+00) XE:3.51e-01 (1.25e+00 1.25e+00 | 7.79e-01 8.25e-01)	5.163902e+00 5.133124e+00 : 6.435641e-01
0708(1002) (3.33e+00 3.51e+00) XE:3.51e-01 (1.24e+00 1.25e+00 | 8.42e-01 8.25e-01)	5.162020e+00 5.129240e+00 : 6.432037e-01
0720(992) (3.57e+00 3.51e+00) XE:3.51e-01 (1.27e+00 1.25e+00 | 8.31e-01 8.25e-01)	5.159008e+00 5.126681e+00 : 6.428556e-01
0733(986) (4.33e+00 3.51e+00) XE:3.51e-01 (1.23e+00 1.25e+00 | 8.01e-01 8.24e-01)	5.151835e+00 5.118077e+00 : 6.418695e-01
0745(1006) (2.58e+00 3.51e+00) XE:3.51e-01 (1.24e+00 1.25e+00 | 8.07e-01 8.24e-01)	5.145218e+00 5.110971e+00 : 6.410119e-01
0757(1012) (3.77e+00 3.51e+00) XE:3.51e-01 (1.25e+00 1.25e+00 | 8.27e-01 8.24e-01)	5.138934e+00 5.105078e+00 : 6.402507e-01
0770(983) (3.21e+00 3.51e+00) XE:3.51e-01 (1.23e+00 1.25e+00 | 8.17e-01 8.25e-01)	5.136088e+00 5.102863e+00 : 6.399344e-01
0782(998) (3.01e+00 3.51e+00) XE:3.51e-01 (1.26e+00 1.25e+00 | 8.01e-01 8.24e-01)	5.129488e+00 5.094729e+00 : 6.390135e-01
0795(1010) (2.97e+00 3.51e+00) XE:3.51e-01 (1.27e+00 1.25e+00 | 8.13e-01 8.24e-01)	5.116444e+00 5.084313e+00 : 6.375473e-01
0807(1007) (3.30e+00 3.51e+00) XE:3.51e-01 (1.26e+00 1.25e+00 | 7.89e-01 8.24e-01)	5.111947e+00 5.080526e+00 : 6.370296e-01
0819(993) (2.90e+00 3.51e+00) XE:3.51e-01 (1.25e+00 1.25e+00 | 8.50e-01 8.24e-01)	5.109322e+00 5.078564e+00 : 6.367429e-01
0832(992) (3.64e+00 3.51e+00) XE:3.51e-01 (1.25e+00 1.25e+00 | 8.50e-01 8.24e-01)	5.102463e+00 5.070413e+00 : 6.358048e-01
0844(984) (3.77e+00 3.52e+00) XE:3.52e-01 (1.23e+00 1.25e+00 | 7.67e-01 8.24e-01)	5.097069e+00 5.062649e+00 : 6.349824e-01
0857(991) (3.53e+00 3.52e+00) XE:3.52e-01 (1.24e+00 1.25e+00 | 8.09e-01 8.24e-01)	5.089156e+00 5.053809e+00 : 6.339353e-01
0869(992) (3.16e+00 3.52e+00) XE:3.52e-01 (1.24e+00 1.25e+00 | 8.27e-01 8.24e-01)	5.084538e+00 5.048472e+00 : 6.333131e-01
0882(1011) (2.91e+00 3.52e+00) XE:3.52e-01 (1.26e+00 1.25e+00 | 8.29e-01 8.24e-01)	5.078746e+00 5.043634e+00 : 6.326488e-01
0894(1013) (3.78e+00 3.52e+00) XE:3.52e-01 (1.25e+00 1.25e+00 | 8.46e-01 8.24e-01)	5.076178e+00 5.041402e+00 : 6.323488e-01
0906(996) (2.76e+00 3.52e+00) XE:3.52e-01 (1.26e+00 1.25e+00 | 8.21e-01 8.24e-01)	5.076691e+00 5.042380e+00 : 6.324419e-01
0919(988) (5.79e+00 3.52e+00) XE:3.52e-01 (1.22e+00 1.25e+00 | 7.75e-01 8.24e-01)	5.067898e+00 5.032672e+00 : 6.312856e-01
0931(1000) (3.42e+00 3.52e+00) XE:3.52e-01 (1.28e+00 1.25e+00 | 8.25e-01 8.24e-01)	5.068310e+00 5.033055e+00 : 6.313353e-01
0943(1001) (2.62e+00 3.51e+00) XE:3.51e-01 (1.24e+00 1.25e+00 | 8.52e-01 8.24e-01)	5.064360e+00 5.030564e+00 : 6.309328e-01
0956(1004) (3.36e+00 3.51e+00) XE:3.51e-01 (1.25e+00 1.25e+00 | 8.03e-01 8.24e-01)	5.058644e+00 5.026290e+00 : 6.303084e-01
0968(995) (4.68e+00 3.52e+00) XE:3.52e-01 (1.23e+00 1.25e+00 | 7.69e-01 8.24e-01)	5.052914e+00 5.020955e+00 : 6.296168e-01
0981(998) (2.91e+00 3.51e+00) XE:3.51e-01 (1.22e+00 1.25e+00 | 7.71e-01 8.24e-01)	5.050645e+00 5.019786e+00 : 6.294019e-01
0993(997) (3.16e+00 3.51e+00) XE:3.51e-01 (1.26e+00 1.25e+00 | 8.40e-01 8.24e-01)	5.046650e+00 5.015354e+00 : 6.288753e-01
1005(1000) (3.48e+00 3.52e+00) XE:3.52e-01 (1.25e+00 1.25e+00 | 8.74e-01 8.24e-01)	5.037448e+00 5.006611e+00 : 6.277537e-01
1018(1008) (3.97e+00 3.52e+00) XE:3.52e-01 (1.24e+00 1.25e+00 | 8.21e-01 8.24e-01)	5.033649e+00 5.003156e+00 : 6.273003e-01
1030(994) (3.50e+00 3.52e+00) XE:3.52e-01 (1.20e+00 1.25e+00 | 8.70e-01 8.24e-01)	5.031573e+00 5.002377e+00 : 6.271219e-01
1043(992) (3.64e+00 3.52e+00) XE:3.52e-01 (1.22e+00 1.25e+00 | 8.05e-01 8.24e-01)	5.025174e+00 4.997712e+00 : 6.264304e-01
1055(994) (3.59e+00 3.52e+00) XE:3.52e-01 (1.28e+00 1.25e+00 | 8.36e-01 8.24e-01)	5.019190e+00 4.994642e+00 : 6.258645e-01
1067(995) (3.97e+00 3.52e+00) XE:3.52e-01 (1.24e+00 1.25e+00 | 7.57e-01 8.24e-01)	5.013672e+00 4.989359e+00 : 6.251895e-01
1080(1010) (2.69e+00 3.52e+00) XE:3.52e-01 (1.26e+00 1.25e+00 | 8.62e-01 8.24e-01)	5.011141e+00 4.988010e+00 : 6.249469e-01
1092(1002) (3.28e+00 3.52e+00) XE:3.52e-01 (1.31e+00 1.25e+00 | 8.11e-01 8.24e-01)	5.013040e+00 4.989641e+00 : 6.251676e-01
1105(1011) (3.11e+00 3.51e+00) XE:3.51e-01 (1.25e+00 1.25e+00 | 8.05e-01 8.24e-01)	5.010524e+00 4.989076e+00 : 6.249750e-01
1117(1009) (2.86e+00 3.51e+00) XE:3.51e-01 (1.24e+00 1.25e+00 | 8.29e-01 8.24e-01)	5.010388e+00 4.988717e+00 : 6.249441e-01
1129(1018) (2.83e+00 3.51e+00) XE:3.51e-01 (1.27e+00 1.25e+00 | 8.38e-01 8.24e-01)	5.007919e+00 4.987093e+00 : 6.246882e-01
1142(997) (2.85e+00 3.51e+00) XE:3.51e-01 (1.28e+00 1.25e+00 | 8.29e-01 8.24e-01)	5.003672e+00 4.983799e+00 : 6.242169e-01
1154(1002) (2.88e+00 3.51e+00) XE:3.51e-01 (1.23e+00 1.25e+00 | 8.76e-01 8.24e-01)	5.004281e+00 4.984770e+00 : 6.243157e-01
1167(992) (3.49e+00 3.51e+00) XE:3.51e-01 (1.25e+00 1.25e+00 | 9.12e-01 8.24e-01)	5.000360e+00 4.982931e+00 : 6.239557e-01
1179(1012) (3.07e+00 3.51e+00) XE:3.51e-01 (1.26e+00 1.25e+00 | 8.58e-01 8.24e-01)	4.993994e+00 4.976394e+00 : 6.231492e-01
1191(1010) (3.17e+00 3.51e+00) XE:3.51e-01 (1.24e+00 1.25e+00 | 8.46e-01 8.24e-01)	4.992055e+00 4.973626e+00 : 6.228551e-01
1204(994) (3.11e+00 3.51e+00) XE:3.51e-01 (1.26e+00 1.25e+00 | 8.34e-01 8.24e-01)	4.989554e+00 4.971580e+00 : 6.225709e-01
1216(1007) (3.41e+00 3.51e+00) XE:3.51e-01 (1.26e+00 1.25e+00 | 7.81e-01 8.24e-01)	4.986523e+00 4.969941e+00 : 6.222790e-01
1229(1001) (4.45e+00 3.51e+00) XE:3.51e-01 (1.24e+00 1.25e+00 | 8.70e-01 8.24e-01)	4.981869e+00 4.965055e+00 : 6.216827e-01
1241(1003) (3.30e+00 3.51e+00) XE:3.51e-01 (1.26e+00 1.25e+00 | 9.14e-01 8.24e-01)	4.979593e+00 4.963145e+00 : 6.214211e-01
1253(1000) (3.47e+00 3.51e+00) XE:3.51e-01 (1.24e+00 1.25e+00 | 7.97e-01 8.24e-01)	4.978096e+00 4.962339e+00 : 6.212772e-01
1266(991) (4.12e+00 3.51e+00) XE:3.51e-01 (1.23e+00 1.25e+00 | 8.11e-01 8.24e-01)	4.976403e+00 4.960113e+00 : 6.210322e-01
1278(1012) (3.27e+00 3.51e+00) XE:3.51e-01 (1.25e+00 1.25e+00 | 7.59e-01 8.24e-01)	4.972381e+00 4.957076e+00 : 6.205911e-01
1291(999) (3.48e+00 3.51e+00) XE:3.51e-01 (1.22e+00 1.25e+00 | 7.16e-01 8.24e-01)	4.971979e+00 4.956887e+00 : 6.205541e-01
1303(991) (4.80e+00 3.51e+00) XE:3.51e-01 (1.22e+00 1.25e+00 | 7.95e-01 8.24e-01)	4.966589e+00 4.951379e+00 : 6.198730e-01
1315(1012) (3.41e+00 3.51e+00) XE:3.51e-01 (1.23e+00 1.25e+00 | 8.03e-01 8.24e-01)	4.965567e+00 4.950317e+00 : 6.197428e-01
1328(1003) (3.56e+00 3.51e+00) XE:3.51e-01 (1.23e+00 1.25e+00 | 8.25e-01 8.24e-01)	4.963743e+00 4.948949e+00 : 6.195433e-01
1340(995) (3.27e+00 3.51e+00) XE:3.51e-01 (1.26e+00 1.25e+00 | 7.97e-01 8.24e-01)	4.963077e+00 4.947742e+00 : 6.194262e-01
1353(1004) (3.39e+00 3.51e+00) XE:3.51e-01 (1.23e+00 1.25e+00 | 8.38e-01 8.24e-01)	4.961167e+00 4.946854e+00 : 6.192513e-01
1365(1008) (3.10e+00 3.51e+00) XE:3.51e-01 (1.27e+00 1.25e+00 | 8.23e-01 8.24e-01)	4.957113e+00 4.941735e+00 : 6.186780e-01
1377(994) (4.31e+00 3.51e+00) XE:3.51e-01 (1.24e+00 1.25e+00 | 8.01e-01 8.24e-01)	4.957648e+00 4.941480e+00 : 6.186955e-01
1390(1009) (3.36e+00 3.51e+00) XE:3.51e-01 (1.25e+00 1.25e+00 | 8.23e-01 8.24e-01)	4.953257e+00 4.939084e+00 : 6.182713e-01
1402(984) (4.19e+00 3.50e+00) XE:3.50e-01 (1.24e+00 1.25e+00 | 8.36e-01 8.24e-01)	4.952251e+00 4.937938e+00 : 6.181368e-01
1415(1005) (3.41e+00 3.50e+00) XE:3.50e-01 (1.26e+00 1.25e+00 | 8.29e-01 8.24e-01)	4.953984e+00 4.937579e+00 : 6.182227e-01
1427(996) (4.53e+00 3.50e+00) XE:3.50e-01 (1.27e+00 1.25e+00 | 8.86e-01 8.24e-01)	4.950497e+00 4.932850e+00 : 6.177092e-01
1439(995) (3.09e+00 3.50e+00) XE:3.50e-01 (1.29e+00 1.25e+00 | 8.68e-01 8.24e-01)	4.946941e+00 4.930399e+00 : 6.173338e-01
1452(995) (3.20e+00 3.50e+00) XE:3.50e-01 (1.25e+00 1.25e+00 | 7.45e-01 8.24e-01)	4.947243e+00 4.930500e+00 : 6.173590e-01
1464(1008) (3.38e+00 3.50e+00) XE:3.50e-01 (1.21e+00 1.25e+00 | 8.23e-01 8.24e-01)	4.946161e+00 4.929987e+00 : 6.172592e-01
1476(1009) (3.05e+00 3.50e+00) XE:3.50e-01 (1.23e+00 1.25e+00 | 7.10e-01 8.24e-01)	4.944746e+00 4.928866e+00 : 6.171008e-01
1489(996) (2.96e+00 3.50e+00) XE:3.50e-01 (1.25e+00 1.25e+00 | 8.17e-01 8.24e-01)	4.941731e+00 4.925910e+00 : 6.167275e-01
1501(1000) (3.33e+00 3.50e+00) XE:3.50e-01 (1.27e+00 1.25e+00 | 8.05e-01 8.24e-01)	4.940027e+00 4.924792e+00 : 6.165512e-01
1514(1012) (3.46e+00 3.50e+00) XE:3.50e-01 (1.24e+00 1.25e+00 | 8.09e-01 8.24e-01)	4.940109e+00 4.923751e+00 : 6.164912e-01
1526(976) (4.35e+00 3.50e+00) XE:3.50e-01 (1.23e+00 1.25e+00 | 8.09e-01 8.24e-01)	4.935941e+00 4.919582e+00 : 6.159702e-01
1538(992) (3.35e+00 3.50e+00) XE:3.50e-01 (1.24e+00 1.25e+00 | 8.58e-01 8.24e-01)	4.934437e+00 4.918194e+00 : 6.157895e-01
1551(1021) (3.20e+00 3.50e+00) XE:3.50e-01 (1.30e+00 1.25e+00 | 8.54e-01 8.24e-01)	4.933757e+00 4.918011e+00 : 6.157355e-01
1563(1008) (3.36e+00 3.50e+00) XE:3.50e-01 (1.26e+00 1.25e+00 | 8.46e-01 8.24e-01)	4.933067e+00 4.917922e+00 : 6.156868e-01
1575(1009) (2.96e+00 3.50e+00) XE:3.50e-01 (1.24e+00 1.25e+00 | 8.74e-01 8.25e-01)	4.929765e+00 4.914435e+00 : 6.152625e-01
1588(973) (3.85e+00 3.50e+00) XE:3.50e-01 (1.26e+00 1.25e+00 | 8.07e-01 8.24e-01)	4.929818e+00 4.913938e+00 : 6.152348e-01
1600(994) (4.02e+00 3.49e+00) XE:3.49e-01 (1.26e+00 1.25e+00 | 7.95e-01 8.24e-01)	4.928100e+00 4.911843e+00 : 6.149965e-01
1613(1001) (3.11e+00 3.50e+00) XE:3.50e-01 (1.24e+00 1.25e+00 | 8.78e-01 8.24e-01)	4.925632e+00 4.910314e+00 : 6.147466e-01
1625(1004) (2.81e+00 3.50e+00) XE:3.50e-01 (1.29e+00 1.25e+00 | 9.08e-01 8.24e-01)	4.924325e+00 4.908896e+00 : 6.145763e-01
1637(1005) (4.04e+00 3.50e+00) XE:3.50e-01 (1.24e+00 1.25e+00 | 8.84e-01 8.25e-01)	4.922320e+00 4.907057e+00 : 6.143361e-01
1650(1009) (3.37e+00 3.50e+00) XE:3.50e-01 (1.26e+00 1.25e+00 | 7.71e-01 8.25e-01)	4.920801e+00 4.906441e+00 : 6.142026e-01
1662(1009) (3.10e+00 3.49e+00) XE:3.49e-01 (1.24e+00 1.25e+00 | 8.38e-01 8.25e-01)	4.920273e+00 4.904777e+00 : 6.140656e-01
1674(997) (3.85e+00 3.50e+00) XE:3.50e-01 (1.25e+00 1.25e+00 | 8.42e-01 8.25e-01)	4.916766e+00 4.901207e+00 : 6.136233e-01
1687(994) (4.22e+00 3.50e+00) XE:3.50e-01 (1.24e+00 1.25e+00 | 8.17e-01 8.25e-01)	4.912780e+00 4.897691e+00 : 6.131544e-01
1699(998) (5.31e+00 3.50e+00) XE:3.50e-01 (1.23e+00 1.25e+00 | 8.96e-01 8.25e-01)	4.907806e+00 4.893321e+00 : 6.125705e-01
1712(988) (3.42e+00 3.50e+00) XE:3.50e-01 (1.23e+00 1.25e+00 | 8.42e-01 8.25e-01)	4.907017e+00 4.892749e+00 : 6.124854e-01
1724(1004) (3.19e+00 3.50e+00) XE:3.50e-01 (1.25e+00 1.25e+00 | 7.79e-01 8.25e-01)	4.905505e+00 4.890625e+00 : 6.122581e-01
1736(989) (3.26e+00 3.50e+00) XE:3.50e-01 (1.26e+00 1.25e+00 | 8.29e-01 8.25e-01)	4.903324e+00 4.889201e+00 : 6.120328e-01
1749(991) (3.39e+00 3.50e+00) XE:3.50e-01 (1.28e+00 1.25e+00 | 8.82e-01 8.25e-01)	4.902266e+00 4.888165e+00 : 6.119019e-01
1761(1015) (3.45e+00 3.50e+00) XE:3.50e-01 (1.22e+00 1.25e+00 | 8.07e-01 8.25e-01)	4.899775e+00 4.886655e+00 : 6.116519e-01
1774(1003) (3.25e+00 3.50e+00) XE:3.50e-01 (1.26e+00 1.25e+00 | 7.83e-01 8.25e-01)	4.898327e+00 4.883932e+00 : 6.113912e-01
1786(1003) (3.18e+00 3.50e+00) XE:3.50e-01 (1.19e+00 1.25e+00 | 8.05e-01 8.25e-01)	4.894330e+00 4.879999e+00 : 6.108956e-01
1798(987) (3.27e+00 3.50e+00) XE:3.50e-01 (1.24e+00 1.25e+00 | 8.36e-01 8.25e-01)	4.893836e+00 4.879385e+00 : 6.108263e-01
1811(999) (4.09e+00 3.50e+00) XE:3.50e-01 (1.24e+00 1.25e+00 | 8.58e-01 8.25e-01)	4.892774e+00 4.878678e+00 : 6.107158e-01
1823(984) (4.43e+00 3.50e+00) XE:3.50e-01 (1.24e+00 1.25e+00 | 7.89e-01 8.25e-01)	4.890716e+00 4.875122e+00 : 6.103649e-01
1835(989) (3.62e+00 3.50e+00) XE:3.50e-01 (1.25e+00 1.25e+00 | 7.63e-01 8.25e-01)	4.889550e+00 4.874546e+00 : 6.102560e-01
1848(982) (3.51e+00 3.50e+00) XE:3.50e-01 (1.24e+00 1.25e+00 | 8.09e-01 8.25e-01)	4.890612e+00 4.875318e+00 : 6.103706e-01
1860(997) (3.09e+00 3.50e+00) XE:3.50e-01 (1.23e+00 1.25e+00 | 8.94e-01 8.25e-01)	4.891078e+00 4.875325e+00 : 6.104002e-01
1872(991) (3.39e+00 3.50e+00) XE:3.50e-01 (1.24e+00 1.25e+00 | 8.92e-01 8.25e-01)	4.892193e+00 4.876373e+00 : 6.105354e-01
1885(1006) (4.64e+00 3.49e+00) XE:3.49e-01 (1.25e+00 1.25e+00 | 8.19e-01 8.25e-01)	4.890727e+00 4.875095e+00 : 6.103639e-01
1897(994) (3.10e+00 3.49e+00) XE:3.49e-01 (1.22e+00 1.25e+00 | 7.39e-01 8.25e-01)	4.890047e+00 4.874705e+00 : 6.102970e-01
1910(1006) (4.31e+00 3.50e+00) XE:3.50e-01 (1.23e+00 1.25e+00 | 8.21e-01 8.25e-01)	4.885694e+00 4.870575e+00 : 6.097668e-01
1922(1004) (3.66e+00 3.50e+00) XE:3.50e-01 (1.26e+00 1.25e+00 | 9.26e-01 8.25e-01)	4.884002e+00 4.868079e+00 : 6.095051e-01
1934(1004) (3.93e+00 3.50e+00) XE:3.50e-01 (1.28e+00 1.25e+00 | 8.62e-01 8.25e-01)	4.882315e+00 4.866570e+00 : 6.093053e-01
1947(983) (3.62e+00 3.50e+00) XE:3.50e-01 (1.26e+00 1.25e+00 | 7.99e-01 8.25e-01)	4.880402e+00 4.863902e+00 : 6.090190e-01
1959(1008) (3.26e+00 3.50e+00) XE:3.50e-01 (1.23e+00 1.25e+00 | 8.07e-01 8.25e-01)	4.879309e+00 4.862001e+00 : 6.088319e-01
1971(1002) (3.49e+00 3.50e+00) XE:3.50e-01 (1.21e+00 1.25e+00 | 8.40e-01 8.25e-01)	4.877184e+00 4.860885e+00 : 6.086293e-01
1984(997) (3.24e+00 3.50e+00) XE:3.50e-01 (1.24e+00 1.25e+00 | 7.91e-01 8.25e-01)	4.875762e+00 4.858359e+00 : 6.083826e-01
1996(1006) (3.07e+00 3.50e+00) XE:3.50e-01 (1.26e+00 1.25e+00 | 8.64e-01 8.25e-01)	4.875463e+00 4.857699e+00 : 6.083227e-01
2009(1013) (2.88e+00 3.50e+00) XE:3.50e-01 (1.25e+00 1.25e+00 | 8.90e-01 8.25e-01)	4.868743e+00 4.851029e+00 : 6.074858e-01
2021(995) (3.72e+00 3.50e+00) XE:3.50e-01 (1.25e+00 1.25e+00 | 7.75e-01 8.25e-01)	4.868402e+00 4.850168e+00 : 6.074106e-01
2033(993) (3.57e+00 3.50e+00) XE:3.50e-01 (1.24e+00 1.25e+00 | 7.71e-01 8.25e-01)	4.865247e+00 4.848133e+00 : 6.070862e-01
2046(1003) (2.69e+00 3.50e+00) XE:3.50e-01 (1.25e+00 1.25e+00 | 8.36e-01 8.25e-01)	4.865015e+00 4.847923e+00 : 6.070586e-01
2058(1010) (3.29e+00 3.50e+00) XE:3.50e-01 (1.26e+00 1.25e+00 | 8.58e-01 8.25e-01)	4.866318e+00 4.849120e+00 : 6.072149e-01
2071(998) (3.25e+00 3.49e+00) XE:3.49e-01 (1.27e+00 1.25e+00 | 8.68e-01 8.25e-01)	4.866822e+00 4.850301e+00 : 6.073202e-01
2083(995) (3.46e+00 3.50e+00) XE:3.50e-01 (1.31e+00 1.25e+00 | 8.40e-01 8.25e-01)	4.863318e+00 4.846802e+00 : 6.068825e-01
2095(1012) (3.18e+00 3.50e+00) XE:3.50e-01 (1.23e+00 1.25e+00 | 8.17e-01 8.25e-01)	4.862875e+00 4.846347e+00 : 6.068264e-01
2108(1017) (4.35e+00 3.50e+00) XE:3.50e-01 (1.25e+00 1.25e+00 | 8.23e-01 8.25e-01)	4.858371e+00 4.841725e+00 : 6.062560e-01
2120(997) (3.40e+00 3.50e+00) XE:3.50e-01 (1.31e+00 1.25e+00 | 7.97e-01 8.25e-01)	4.859018e+00 4.841495e+00 : 6.062821e-01
2132(1002) (3.19e+00 3.49e+00) XE:3.49e-01 (1.23e+00 1.25e+00 | 8.05e-01 8.25e-01)	4.859459e+00 4.841942e+00 : 6.063376e-01
2145(1001) (4.17e+00 3.49e+00) XE:3.49e-01 (1.22e+00 1.25e+00 | 7.79e-01 8.25e-01)	4.858845e+00 4.841206e+00 : 6.062532e-01
2157(998) (4.21e+00 3.50e+00) XE:3.50e-01 (1.25e+00 1.25e+00 | 8.86e-01 8.25e-01)	4.855704e+00 4.838108e+00 : 6.058633e-01
2170(1013) (4.82e+00 3.50e+00) XE:3.50e-01 (1.26e+00 1.25e+00 | 8.25e-01 8.25e-01)	4.852779e+00 4.835426e+00 : 6.055128e-01
2182(1017) (2.92e+00 3.50e+00) XE:3.50e-01 (1.24e+00 1.25e+00 | 7.75e-01 8.25e-01)	4.849800e+00 4.832816e+00 : 6.051635e-01
2195(1000) (3.08e+00 3.50e+00) XE:3.50e-01 (1.24e+00 1.25e+00 | 8.31e-01 8.25e-01)	4.849583e+00 4.832496e+00 : 6.051299e-01
2207(996) (3.72e+00 3.49e+00) XE:3.49e-01 (1.26e+00 1.25e+00 | 8.58e-01 8.25e-01)	4.849490e+00 4.832376e+00 : 6.051166e-01
2219(1005) (3.07e+00 3.49e+00) XE:3.49e-01 (1.27e+00 1.25e+00 | 8.11e-01 8.25e-01)	4.849423e+00 4.832900e+00 : 6.051452e-01
2232(1011) (2.64e+00 3.49e+00) XE:3.49e-01 (1.26e+00 1.25e+00 | 8.15e-01 8.25e-01)	4.850860e+00 4.834627e+00 : 6.053429e-01
2244(994) (2.71e+00 3.49e+00) XE:3.49e-01 (1.28e+00 1.25e+00 | 8.84e-01 8.25e-01)	4.852161e+00 4.835245e+00 : 6.054629e-01
2256(1009) (3.45e+00 3.49e+00) XE:3.49e-01 (1.25e+00 1.25e+00 | 7.53e-01 8.25e-01)	4.851057e+00 4.835086e+00 : 6.053840e-01
2269(993) (3.64e+00 3.49e+00) XE:3.49e-01 (1.27e+00 1.25e+00 | 8.36e-01 8.25e-01)	4.849623e+00 4.833305e+00 : 6.051830e-01
2281(1015) (3.35e+00 3.49e+00) XE:3.49e-01 (1.24e+00 1.25e+00 | 8.70e-01 8.25e-01)	4.848230e+00 4.831970e+00 : 6.050125e-01
2294(1012) (2.90e+00 3.49e+00) XE:3.49e-01 (1.22e+00 1.25e+00 | 8.62e-01 8.25e-01)	4.846931e+00 4.830608e+00 : 6.048462e-01
2306(996) (3.36e+00 3.49e+00) XE:3.49e-01 (1.27e+00 1.25e+00 | 7.81e-01 8.25e-01)	4.846202e+00 4.830285e+00 : 6.047804e-01
2318(1004) (2.84e+00 3.49e+00) XE:3.49e-01 (1.27e+00 1.25e+00 | 8.64e-01 8.25e-01)	4.844565e+00 4.828109e+00 : 6.045421e-01
2331(991) (3.78e+00 3.49e+00) XE:3.49e-01 (1.20e+00 1.25e+00 | 8.25e-01 8.25e-01)	4.842987e+00 4.826750e+00 : 6.043586e-01
2343(1011) (2.91e+00 3.49e+00) XE:3.49e-01 (1.26e+00 1.25e+00 | 8.72e-01 8.25e-01)	4.843067e+00 4.827501e+00 : 6.044105e-01
2356(992) (3.62e+00 3.49e+00) XE:3.49e-01 (1.27e+00 1.25e+00 | 8.07e-01 8.25e-01)	4.841680e+00 4.825768e+00 : 6.042155e-01
2368(1013) (3.43e+00 3.49e+00) XE:3.49e-01 (1.27e+00 1.25e+00 | 9.00e-01 8.25e-01)	4.841924e+00 4.827101e+00 : 6.043140e-01
2380(1005) (2.79e+00 3.49e+00) XE:3.49e-01 (1.25e+00 1.25e+00 | 8.60e-01 8.25e-01)	4.842088e+00 4.826330e+00 : 6.042761e-01
2393(996) (3.55e+00 3.49e+00) XE:3.49e-01 (1.22e+00 1.25e+00 | 7.75e-01 8.25e-01)	4.840579e+00 4.823927e+00 : 6.040316e-01
2405(990) (3.91e+00 3.49e+00) XE:3.49e-01 (1.24e+00 1.25e+00 | 8.17e-01 8.25e-01)	4.838348e+00 4.821679e+00 : 6.037516e-01
2417(1018) (3.52e+00 3.49e+00) XE:3.49e-01 (1.26e+00 1.25e+00 | 7.75e-01 8.25e-01)	4.838337e+00 4.821325e+00 : 6.037289e-01
2430(1003) (2.61e+00 3.49e+00) XE:3.49e-01 (1.27e+00 1.25e+00 | 8.88e-01 8.25e-01)	4.837209e+00 4.820418e+00 : 6.036017e-01
2442(1014) (3.73e+00 3.49e+00) XE:3.49e-01 (1.25e+00 1.25e+00 | 7.85e-01 8.25e-01)	4.836156e+00 4.818629e+00 : 6.034241e-01
2455(1015) (3.46e+00 3.49e+00) XE:3.49e-01 (1.22e+00 1.25e+00 | 7.99e-01 8.25e-01)	4.835680e+00 4.818199e+00 : 6.033674e-01
2467(993) (3.92e+00 3.49e+00) XE:3.49e-01 (1.24e+00 1.25e+00 | 9.18e-01 8.25e-01)	4.833443e+00 4.815845e+00 : 6.030805e-01
2479(990) (3.76e+00 3.49e+00) XE:3.49e-01 (1.24e+00 1.25e+00 | 8.03e-01 8.25e-01)	4.832736e+00 4.815092e+00 : 6.029892e-01
2492(1012) (3.11e+00 3.49e+00) XE:3.49e-01 (1.28e+00 1.25e+00 | 8.11e-01 8.25e-01)	4.832502e+00 4.814706e+00 : 6.029505e-01
2504(1007) (3.66e+00 3.49e+00) XE:3.49e-01 (1.24e+00 1.25e+00 | 8.07e-01 8.25e-01)	4.830307e+00 4.812167e+00 : 6.026547e-01
2517(993) (3.49e+00 3.49e+00) XE:3.49e-01 (1.25e+00 1.25e+00 | 8.64e-01 8.25e-01)	4.827876e+00 4.809743e+00 : 6.023512e-01
2529(1019) (3.55e+00 3.49e+00) XE:3.49e-01 (1.24e+00 1.25e+00 | 8.23e-01 8.26e-01)	4.826969e+00 4.808483e+00 : 6.022157e-01
2541(998) (4.44e+00 3.49e+00) XE:3.49e-01 (1.26e+00 1.25e+00 | 8.54e-01 8.26e-01)	4.825534e+00 4.807480e+00 : 6.020634e-01
2554(996) (3.87e+00 3.49e+00) XE:3.49e-01 (1.23e+00 1.25e+00 | 7.27e-01 8.25e-01)	4.824611e+00 4.807799e+00 : 6.020256e-01
2566(1003) (3.42e+00 3.49e+00) XE:3.49e-01 (1.26e+00 1.25e+00 | 8.19e-01 8.25e-01)	4.820834e+00 4.804360e+00 : 6.015747e-01
2579(1009) (4.50e+00 3.49e+00) XE:3.49e-01 (1.27e+00 1.25e+00 | 8.64e-01 8.25e-01)	4.819135e+00 4.803189e+00 : 6.013953e-01
2591(1000) (3.35e+00 3.49e+00) XE:3.49e-01 (1.22e+00 1.25e+00 | 8.76e-01 8.26e-01)	4.817327e+00 4.802279e+00 : 6.012253e-01
2603(1009) (3.00e+00 3.49e+00) XE:3.49e-01 (1.27e+00 1.25e+00 | 7.95e-01 8.26e-01)	4.817757e+00 4.802657e+00 : 6.012758e-01
2616(991) (4.02e+00 3.49e+00) XE:3.49e-01 (1.30e+00 1.25e+00 | 7.93e-01 8.26e-01)	4.816363e+00 4.800995e+00 : 6.010849e-01
2628(1001) (3.99e+00 3.49e+00) XE:3.49e-01 (1.28e+00 1.25e+00 | 8.54e-01 8.26e-01)	4.816715e+00 4.801185e+00 : 6.011187e-01
2641(995) (3.32e+00 3.49e+00) XE:3.49e-01 (1.26e+00 1.25e+00 | 8.58e-01 8.26e-01)	4.816198e+00 4.800850e+00 : 6.010655e-01
2653(1004) (4.03e+00 3.49e+00) XE:3.49e-01 (1.26e+00 1.25e+00 | 9.26e-01 8.26e-01)	4.815588e+00 4.800276e+00 : 6.009915e-01
2665(991) (3.02e+00 3.49e+00) XE:3.49e-01 (1.22e+00 1.25e+00 | 8.44e-01 8.26e-01)	4.815533e+00 4.800082e+00 : 6.009759e-01
2678(1010) (3.42e+00 3.49e+00) XE:3.49e-01 (1.23e+00 1.25e+00 | 7.71e-01 8.26e-01)	4.814759e+00 4.799089e+00 : 6.008655e-01
2690(993) (3.19e+00 3.49e+00) XE:3.49e-01 (1.26e+00 1.25e+00 | 7.99e-01 8.26e-01)	4.812389e+00 4.796653e+00 : 6.005651e-01
2702(1019) (3.34e+00 3.49e+00) XE:3.49e-01 (1.23e+00 1.25e+00 | 7.75e-01 8.26e-01)	4.812501e+00 4.796451e+00 : 6.005595e-01
2715(995) (3.29e+00 3.49e+00) XE:3.49e-01 (1.21e+00 1.25e+00 | 7.93e-01 8.26e-01)	4.812111e+00 4.795362e+00 : 6.004670e-01
2727(1003) (3.71e+00 3.49e+00) XE:3.49e-01 (1.27e+00 1.25e+00 | 8.84e-01 8.26e-01)	4.810908e+00 4.793985e+00 : 6.003058e-01
2740(999) (3.12e+00 3.49e+00) XE:3.49e-01 (1.23e+00 1.25e+00 | 8.13e-01 8.26e-01)	4.810371e+00 4.793473e+00 : 6.002403e-01
2752(997) (4.77e+00 3.49e+00) XE:3.49e-01 (1.22e+00 1.25e+00 | 8.94e-01 8.26e-01)	4.809035e+00 4.791697e+00 : 6.000457e-01
2765(1003) (3.36e+00 3.49e+00) XE:3.49e-01 (1.27e+00 1.25e+00 | 8.46e-01 8.26e-01)	4.808158e+00 4.790612e+00 : 5.999231e-01
2777(997) (3.07e+00 3.49e+00) XE:3.49e-01 (1.24e+00 1.25e+00 | 8.09e-01 8.26e-01)	4.808008e+00 4.790478e+00 : 5.999053e-01
2789(999) (2.67e+00 3.49e+00) XE:3.49e-01 (1.25e+00 1.25e+00 | 8.15e-01 8.26e-01)	4.807985e+00 4.789834e+00 : 5.998637e-01
2802(1007) (3.30e+00 3.49e+00) XE:3.49e-01 (1.22e+00 1.25e+00 | 8.07e-01 8.26e-01)	4.807600e+00 4.788528e+00 : 5.997580e-01
2814(1005) (3.11e+00 3.49e+00) XE:3.49e-01 (1.25e+00 1.25e+00 | 8.05e-01 8.26e-01)	4.806279e+00 4.787578e+00 : 5.996161e-01
2827(988) (3.16e+00 3.49e+00) XE:3.49e-01 (1.26e+00 1.25e+00 | 8.11e-01 8.26e-01)	4.806756e+00 4.787871e+00 : 5.996642e-01
2839(994) (3.27e+00 3.49e+00) XE:3.49e-01 (1.27e+00 1.25e+00 | 7.73e-01 8.26e-01)	4.806705e+00 4.787748e+00 : 5.996533e-01
2851(1021) (3.13e+00 3.49e+00) XE:3.49e-01 (1.25e+00 1.25e+00 | 9.10e-01 8.26e-01)	4.805029e+00 4.786884e+00 : 5.994945e-01
2864(1000) (3.36e+00 3.49e+00) XE:3.49e-01 (1.24e+00 1.25e+00 | 8.74e-01 8.26e-01)	4.803689e+00 4.785536e+00 : 5.993266e-01
2876(996) (3.14e+00 3.49e+00) XE:3.49e-01 (1.22e+00 1.25e+00 | 8.34e-01 8.26e-01)	4.803111e+00 4.784746e+00 : 5.992410e-01
2889(1013) (2.81e+00 3.49e+00) XE:3.49e-01 (1.24e+00 1.25e+00 | 7.77e-01 8.26e-01)	4.802913e+00 4.784695e+00 : 5.992255e-01
2901(1007) (2.77e+00 3.49e+00) XE:3.49e-01 (1.24e+00 1.25e+00 | 8.60e-01 8.26e-01)	4.801214e+00 4.783425e+00 : 5.990400e-01
2913(1003) (3.85e+00 3.49e+00) XE:3.49e-01 (1.26e+00 1.25e+00 | 8.15e-01 8.26e-01)	4.801275e+00 4.782661e+00 : 5.989960e-01
2926(1000) (4.18e+00 3.49e+00) XE:3.49e-01 (1.23e+00 1.25e+00 | 9.00e-01 8.26e-01)	4.801259e+00 4.782548e+00 : 5.989879e-01
2938(985) (3.70e+00 3.49e+00) XE:3.49e-01 (1.24e+00 1.25e+00 | 8.46e-01 8.26e-01)	4.800725e+00 4.782036e+00 : 5.989226e-01
2951(1013) (3.62e+00 3.49e+00) XE:3.49e-01 (1.25e+00 1.25e+00 | 8.01e-01 8.26e-01)	4.800719e+00 4.781903e+00 : 5.989139e-01
2963(1011) (3.77e+00 3.49e+00) XE:3.49e-01 (1.26e+00 1.25e+00 | 8.17e-01 8.26e-01)	4.799930e+00 4.781029e+00 : 5.988100e-01
2975(982) (2.74e+00 3.49e+00) XE:3.49e-01 (1.26e+00 1.25e+00 | 8.15e-01 8.26e-01)	4.796041e+00 4.777932e+00 : 5.983734e-01
2988(1009) (3.42e+00 3.49e+00) XE:3.49e-01 (1.25e+00 1.25e+00 | 8.72e-01 8.26e-01)	4.794419e+00 4.776887e+00 : 5.982066e-01
3000(978) (3.85e+00 3.49e+00) XE:3.49e-01 (1.24e+00 1.25e+00 | 8.40e-01 8.26e-01)	4.792314e+00 4.774567e+00 : 5.979301e-01
3013(1005) (4.55e+00 3.49e+00) XE:3.49e-01 (1.25e+00 1.25e+00 | 8.58e-01 8.26e-01)	4.792579e+00 4.774778e+00 : 5.979598e-01
3025(989) (3.07e+00 3.49e+00) XE:3.49e-01 (1.25e+00 1.25e+00 | 8.56e-01 8.26e-01)	4.791571e+00 4.773753e+00 : 5.978327e-01
3037(1008) (4.75e+00 3.49e+00) XE:3.49e-01 (1.24e+00 1.25e+00 | 8.76e-01 8.26e-01)	4.790561e+00 4.773189e+00 : 5.977344e-01
3050(991) (3.59e+00 3.49e+00) XE:3.49e-01 (1.28e+00 1.25e+00 | 8.52e-01 8.26e-01)	4.790116e+00 4.772244e+00 : 5.976475e-01
3062(1006) (3.92e+00 3.49e+00) XE:3.49e-01 (1.26e+00 1.25e+00 | 8.01e-01 8.26e-01)	4.788781e+00 4.771230e+00 : 5.975007e-01
3074(990) (3.77e+00 3.49e+00) XE:3.49e-01 (1.25e+00 1.25e+00 | 8.42e-01 8.26e-01)	4.787987e+00 4.770428e+00 : 5.974009e-01
3087(1005) (3.41e+00 3.49e+00) XE:3.49e-01 (1.24e+00 1.25e+00 | 8.25e-01 8.26e-01)	4.786725e+00 4.769737e+00 : 5.972789e-01
3099(998) (3.00e+00 3.49e+00) XE:3.49e-01 (1.25e+00 1.25e+00 | 8.09e-01 8.26e-01)	4.786798e+00 4.769697e+00 : 5.972809e-01
3112(997) (2.88e+00 3.49e+00) XE:3.49e-01 (1.24e+00 1.25e+00 | 7.81e-01 8.26e-01)	4.784831e+00 4.768462e+00 : 5.970808e-01
3124(995) (3.69e+00 3.49e+00) XE:3.49e-01 (1.28e+00 1.25e+00 | 8.54e-01 8.26e-01)	4.783047e+00 4.766520e+00 : 5.968479e-01
3136(994) (4.61e+00 3.49e+00) XE:3.49e-01 (1.22e+00 1.25e+00 | 8.11e-01 8.26e-01)	4.780022e+00 4.763476e+00 : 5.964686e-01
3149(999) (4.06e+00 3.49e+00) XE:3.49e-01 (1.30e+00 1.25e+00 | 8.68e-01 8.26e-01)	4.780318e+00 4.764056e+00 : 5.965234e-01
3161(1009) (3.45e+00 3.49e+00) XE:3.49e-01 (1.27e+00 1.25e+00 | 7.23e-01 8.26e-01)	4.778828e+00 4.762913e+00 : 5.963588e-01
3174(1010) (3.19e+00 3.49e+00) XE:3.49e-01 (1.25e+00 1.25e+00 | 8.62e-01 8.26e-01)	4.779079e+00 4.763369e+00 : 5.964030e-01
3186(1004) (4.09e+00 3.49e+00) XE:3.49e-01 (1.25e+00 1.25e+00 | 8.98e-01 8.26e-01)	4.776640e+00 4.760992e+00 : 5.961020e-01
3198(1005) (2.65e+00 3.49e+00) XE:3.49e-01 (1.26e+00 1.25e+00 | 8.58e-01 8.26e-01)	4.776072e+00 4.759989e+00 : 5.960038e-01
3211(1010) (3.78e+00 3.49e+00) XE:3.49e-01 (1.26e+00 1.25e+00 | 8.05e-01 8.26e-01)	4.775959e+00 4.759272e+00 : 5.959520e-01
3223(1000) (3.07e+00 3.49e+00) XE:3.49e-01 (1.27e+00 1.25e+00 | 8.09e-01 8.26e-01)	4.776467e+00 4.759465e+00 : 5.959958e-01
3235(993) (3.66e+00 3.49e+00) XE:3.49e-01 (1.24e+00 1.25e+00 | 7.20e-01 8.26e-01)	4.776045e+00 4.758978e+00 : 5.959389e-01
3248(991) (3.04e+00 3.49e+00) XE:3.49e-01 (1.25e+00 1.25e+00 | 8.78e-01 8.26e-01)	4.775430e+00 4.758109e+00 : 5.958462e-01
3260(998) (3.66e+00 3.49e+00) XE:3.49e-01 (1.24e+00 1.25e+00 | 7.85e-01 8.26e-01)	4.774989e+00 4.757584e+00 : 5.957858e-01
3273(1002) (3.43e+00 3.49e+00) XE:3.49e-01 (1.22e+00 1.25e+00 | 8.19e-01 8.26e-01)	4.775530e+00 4.757680e+00 : 5.958256e-01
3285(1013) (4.10e+00 3.49e+00) XE:3.49e-01 (1.25e+00 1.25e+00 | 8.44e-01 8.26e-01)	4.775215e+00 4.757066e+00 : 5.957676e-01
3298(987) (4.05e+00 3.49e+00) XE:3.49e-01 (1.23e+00 1.25e+00 | 7.79e-01 8.26e-01)	4.774777e+00 4.756156e+00 : 5.956833e-01
3310(1003) (3.62e+00 3.49e+00) XE:3.49e-01 (1.29e+00 1.25e+00 | 8.88e-01 8.26e-01)	4.772967e+00 4.753949e+00 : 5.954322e-01
3322(997) (9.19e+00 3.49e+00) XE:3.49e-01 (1.23e+00 1.25e+00 | 7.67e-01 8.26e-01)	4.772294e+00 4.752484e+00 : 5.952986e-01
3335(1003) (3.65e+00 3.49e+00) XE:3.49e-01 (1.24e+00 1.25e+00 | 8.56e-01 8.26e-01)	4.771249e+00 4.751676e+00 : 5.951828e-01
3347(1001) (2.55e+00 3.49e+00) XE:3.49e-01 (1.28e+00 1.25e+00 | 8.80e-01 8.26e-01)	4.769063e+00 4.749308e+00 : 5.948982e-01
3359(1005) (2.94e+00 3.49e+00) XE:3.49e-01 (1.27e+00 1.25e+00 | 8.27e-01 8.26e-01)	4.766761e+00 4.746953e+00 : 5.946071e-01
3372(999) (3.58e+00 3.49e+00) XE:3.49e-01 (1.24e+00 1.25e+00 | 7.12e-01 8.26e-01)	4.764820e+00 4.744817e+00 : 5.943523e-01
3384(993) (2.99e+00 3.49e+00) XE:3.49e-01 (1.24e+00 1.25e+00 | 7.53e-01 8.26e-01)	4.763730e+00 4.743237e+00 : 5.941854e-01
3397(1015) (4.08e+00 3.49e+00) XE:3.49e-01 (1.31e+00 1.25e+00 | 9.42e-01 8.26e-01)	4.762770e+00 4.742546e+00 : 5.940823e-01
3409(1005) (2.79e+00 3.49e+00) XE:3.49e-01 (1.28e+00 1.25e+00 | 9.06e-01 8.26e-01)	4.761868e+00 4.741899e+00 : 5.939854e-01
3421(1007) (3.06e+00 3.49e+00) XE:3.49e-01 (1.25e+00 1.25e+00 | 8.36e-01 8.26e-01)	4.762283e+00 4.742385e+00 : 5.940418e-01
3434(998) (3.80e+00 3.49e+00) XE:3.49e-01 (1.23e+00 1.25e+00 | 8.11e-01 8.26e-01)	4.760743e+00 4.740562e+00 : 5.938316e-01
3446(991) (3.15e+00 3.49e+00) XE:3.49e-01 (1.24e+00 1.25e+00 | 8.58e-01 8.26e-01)	4.760550e+00 4.740387e+00 : 5.938086e-01
3459(1029) (2.95e+00 3.49e+00) XE:3.49e-01 (1.26e+00 1.25e+00 | 8.05e-01 8.26e-01)	4.758511e+00 4.737882e+00 : 5.935245e-01
3471(1001) (2.86e+00 3.49e+00) XE:3.49e-01 (1.24e+00 1.25e+00 | 8.23e-01 8.26e-01)	4.757953e+00 4.737433e+00 : 5.934616e-01
3483(999) (4.92e+00 3.49e+00) XE:3.49e-01 (1.26e+00 1.25e+00 | 8.46e-01 8.26e-01)	4.757581e+00 4.737046e+00 : 5.934142e-01
3496(999) (3.86e+00 3.49e+00) XE:3.49e-01 (1.28e+00 1.25e+00 | 8.82e-01 8.26e-01)	4.755936e+00 4.735345e+00 : 5.932051e-01
3508(1000) (3.72e+00 3.49e+00) XE:3.49e-01 (1.25e+00 1.25e+00 | 8.62e-01 8.26e-01)	4.756906e+00 4.736048e+00 : 5.933096e-01
3520(1008) (2.97e+00 3.49e+00) XE:3.49e-01 (1.30e+00 1.25e+00 | 7.97e-01 8.26e-01)	4.756671e+00 4.736242e+00 : 5.933071e-01
3533(991) (3.26e+00 3.49e+00) XE:3.49e-01 (1.21e+00 1.25e+00 | 8.21e-01 8.26e-01)	4.755091e+00 4.735345e+00 : 5.931522e-01
3545(1015) (3.58e+00 3.49e+00) XE:3.49e-01 (1.26e+00 1.25e+00 | 8.58e-01 8.26e-01)	4.755411e+00 4.735735e+00 : 5.931967e-01
3558(1010) (2.44e+00 3.49e+00) XE:3.49e-01 (1.25e+00 1.25e+00 | 7.87e-01 8.26e-01)	4.754281e+00 4.734603e+00 : 5.930552e-01
3570(1008) (3.40e+00 3.49e+00) XE:3.49e-01 (1.24e+00 1.25e+00 | 7.73e-01 8.26e-01)	4.754397e+00 4.734834e+00 : 5.930769e-01
3582(1007) (2.93e+00 3.49e+00) XE:3.49e-01 (1.31e+00 1.25e+00 | 8.78e-01 8.26e-01)	4.754653e+00 4.735084e+00 : 5.931086e-01
3595(994) (3.23e+00 3.49e+00) XE:3.49e-01 (1.24e+00 1.25e+00 | 8.54e-01 8.26e-01)	4.755396e+00 4.735667e+00 : 5.931914e-01
3607(988) (3.72e+00 3.49e+00) XE:3.49e-01 (1.27e+00 1.25e+00 | 8.64e-01 8.26e-01)	4.755272e+00 4.735672e+00 : 5.931840e-01
3620(1003) (2.74e+00 3.49e+00) XE:3.49e-01 (1.24e+00 1.25e+00 | 7.85e-01 8.26e-01)	4.755779e+00 4.735918e+00 : 5.932311e-01
3632(996) (3.56e+00 3.49e+00) XE:3.49e-01 (1.22e+00 1.25e+00 | 8.19e-01 8.26e-01)	4.755865e+00 4.736191e+00 : 5.932535e-01
3644(1003) (2.90e+00 3.49e+00) XE:3.49e-01 (1.24e+00 1.25e+00 | 8.11e-01 8.26e-01)	4.756745e+00 4.736952e+00 : 5.933561e-01
3657(994) (3.12e+00 3.49e+00) XE:3.49e-01 (1.26e+00 1.25e+00 | 8.64e-01 8.26e-01)	4.756546e+00 4.737407e+00 : 5.933720e-01
3669(1008) (3.09e+00 3.49e+00) XE:3.49e-01 (1.25e+00 1.25e+00 | 8.17e-01 8.26e-01)	4.756704e+00 4.738144e+00 : 5.934280e-01
3682(1006) (3.81e+00 3.49e+00) XE:3.49e-01 (1.24e+00 1.25e+00 | 8.05e-01 8.26e-01)	4.755739e+00 4.736861e+00 : 5.932875e-01
3694(993) (3.60e+00 3.49e+00) XE:3.49e-01 (1.22e+00 1.25e+00 | 8.50e-01 8.26e-01)	4.756222e+00 4.737069e+00 : 5.933307e-01
3706(999) (7.44e+00 3.49e+00) XE:3.49e-01 (1.25e+00 1.25e+00 | 8.15e-01 8.26e-01)	4.754690e+00 4.735105e+00 : 5.931122e-01
3719(1006) (3.03e+00 3.49e+00) XE:3.49e-01 (1.25e+00 1.25e+00 | 8.09e-01 8.26e-01)	4.754650e+00 4.735040e+00 : 5.931056e-01
3731(1030) (2.85e+00 3.49e+00) XE:3.49e-01 (1.23e+00 1.25e+00 | 7.16e-01 8.26e-01)	4.754810e+00 4.735201e+00 : 5.931257e-01
3743(986) (3.86e+00 3.49e+00) XE:3.49e-01 (1.23e+00 1.25e+00 | 8.98e-01 8.26e-01)	4.753558e+00 4.733929e+00 : 5.929680e-01
3756(996) (3.64e+00 3.49e+00) XE:3.49e-01 (1.23e+00 1.25e+00 | 7.33e-01 8.26e-01)	4.753811e+00 4.734005e+00 : 5.929885e-01
3768(990) (3.03e+00 3.49e+00) XE:3.49e-01 (1.25e+00 1.25e+00 | 8.48e-01 8.26e-01)	4.753394e+00 4.733827e+00 : 5.929513e-01
3781(979) (3.47e+00 3.49e+00) XE:3.49e-01 (1.24e+00 1.25e+00 | 7.75e-01 8.26e-01)	4.752001e+00 4.732708e+00 : 5.927943e-01
3793(1006) (3.81e+00 3.49e+00) XE:3.49e-01 (1.22e+00 1.25e+00 | 7.71e-01 8.26e-01)	4.750060e+00 4.731270e+00 : 5.925831e-01
3805(994) (3.00e+00 3.49e+00) XE:3.49e-01 (1.25e+00 1.25e+00 | 7.67e-01 8.26e-01)	4.748278e+00 4.729791e+00 : 5.923793e-01
3818(1016) (3.47e+00 3.49e+00) XE:3.49e-01 (1.22e+00 1.25e+00 | 8.11e-01 8.26e-01)	4.748417e+00 4.730248e+00 : 5.924166e-01
3830(984) (3.46e+00 3.49e+00) XE:3.49e-01 (1.25e+00 1.25e+00 | 8.50e-01 8.26e-01)	4.748846e+00 4.730678e+00 : 5.924702e-01
3843(1013) (3.52e+00 3.49e+00) XE:3.49e-01 (1.23e+00 1.25e+00 | 7.97e-01 8.26e-01)	4.748660e+00 4.730678e+00 : 5.924586e-01
3855(1010) (3.09e+00 3.49e+00) XE:3.49e-01 (1.28e+00 1.25e+00 | 9.08e-01 8.26e-01)	4.748130e+00 4.730044e+00 : 5.923859e-01
3867(999) (3.27e+00 3.49e+00) XE:3.49e-01 (1.25e+00 1.25e+00 | 8.52e-01 8.26e-01)	4.748391e+00 4.730259e+00 : 5.924156e-01
3880(1002) (3.08e+00 3.49e+00) XE:3.49e-01 (1.23e+00 1.25e+00 | 8.01e-01 8.26e-01)	4.748982e+00 4.730896e+00 : 5.924924e-01
3892(1012) (2.56e+00 3.49e+00) XE:3.49e-01 (1.24e+00 1.25e+00 | 7.95e-01 8.26e-01)	4.747368e+00 4.729185e+00 : 5.922845e-01
3905(994) (3.25e+00 3.49e+00) XE:3.49e-01 (1.26e+00 1.25e+00 | 8.09e-01 8.26e-01)	4.746658e+00 4.728153e+00 : 5.921757e-01
3917(991) (3.26e+00 3.49e+00) XE:3.49e-01 (1.25e+00 1.25e+00 | 8.01e-01 8.26e-01)	4.745297e+00 4.727138e+00 : 5.920272e-01
3929(1010) (3.05e+00 3.49e+00) XE:3.49e-01 (1.26e+00 1.25e+00 | 8.74e-01 8.26e-01)	4.744691e+00 4.726253e+00 : 5.919340e-01
3942(982) (4.79e+00 3.49e+00) XE:3.49e-01 (1.25e+00 1.25e+00 | 7.69e-01 8.26e-01)	4.744879e+00 4.726506e+00 : 5.919616e-01
3954(996) (3.96e+00 3.49e+00) XE:3.49e-01 (1.24e+00 1.25e+00 | 8.40e-01 8.26e-01)	4.744272e+00 4.726285e+00 : 5.919098e-01
3967(984) (4.40e+00 3.49e+00) XE:3.49e-01 (1.26e+00 1.25e+00 | 8.52e-01 8.26e-01)	4.743802e+00 4.724925e+00 : 5.917955e-01
3979(1001) (3.16e+00 3.49e+00) XE:3.49e-01 (1.28e+00 1.25e+00 | 7.77e-01 8.26e-01)	4.743993e+00 4.725141e+00 : 5.918209e-01
3991(1004) (3.03e+00 3.49e+00) XE:3.49e-01 (1.25e+00 1.25e+00 | 8.46e-01 8.26e-01)	4.742871e+00 4.724162e+00 : 5.916896e-01
4004(1015) (3.42e+00 3.49e+00) XE:3.49e-01 (1.26e+00 1.25e+00 | 8.60e-01 8.26e-01)	4.742357e+00 4.723633e+00 : 5.916243e-01
4016(1008) (2.93e+00 3.49e+00) XE:3.49e-01 (1.24e+00 1.25e+00 | 8.01e-01 8.26e-01)	4.741527e+00 4.722991e+00 : 5.915324e-01
4029(1010) (2.82e+00 3.49e+00) XE:3.49e-01 (1.25e+00 1.25e+00 | 9.40e-01 8.26e-01)	4.742002e+00 4.723421e+00 : 5.915889e-01
4041(988) (3.60e+00 3.49e+00) XE:3.49e-01 (1.22e+00 1.25e+00 | 8.42e-01 8.26e-01)	4.741226e+00 4.722704e+00 : 5.914956e-01
4053(988) (3.30e+00 3.49e+00) XE:3.49e-01 (1.23e+00 1.25e+00 | 8.64e-01 8.26e-01)	4.741507e+00 4.723371e+00 : 5.915548e-01
4066(976) (3.08e+00 3.49e+00) XE:3.49e-01 (1.27e+00 1.25e+00 | 9.30e-01 8.26e-01)	4.741165e+00 4.722797e+00 : 5.914977e-01
4078(996) (3.28e+00 3.49e+00) XE:3.49e-01 (1.26e+00 1.25e+00 | 8.38e-01 8.26e-01)	4.740056e+00 4.721926e+00 : 5.913739e-01
4091(997) (2.95e+00 3.49e+00) XE:3.49e-01 (1.27e+00 1.25e+00 | 8.82e-01 8.26e-01)	4.738827e+00 4.720779e+00 : 5.912253e-01
4103(997) (3.32e+00 3.49e+00) XE:3.49e-01 (1.23e+00 1.25e+00 | 7.99e-01 8.26e-01)	4.739218e+00 4.721181e+00 : 5.912749e-01
4115(990) (4.52e+00 3.49e+00) XE:3.49e-01 (1.27e+00 1.25e+00 | 8.70e-01 8.26e-01)	4.738400e+00 4.720588e+00 : 5.911868e-01
4128(1004) (3.56e+00 3.49e+00) XE:3.49e-01 (1.24e+00 1.25e+00 | 8.25e-01 8.26e-01)	4.737990e+00 4.719719e+00 : 5.911068e-01
4140(989) (3.36e+00 3.49e+00) XE:3.49e-01 (1.28e+00 1.25e+00 | 9.00e-01 8.26e-01)	4.737691e+00 4.719426e+00 : 5.910698e-01
4153(1008) (3.63e+00 3.49e+00) XE:3.49e-01 (1.25e+00 1.25e+00 | 7.93e-01 8.26e-01)	4.737789e+00 4.719746e+00 : 5.910959e-01
4165(995) (3.07e+00 3.48e+00) XE:3.48e-01 (1.23e+00 1.25e+00 | 8.05e-01 8.26e-01)	4.737996e+00 4.719064e+00 : 5.910663e-01
4177(1001) (3.00e+00 3.49e+00) XE:3.49e-01 (1.25e+00 1.25e+00 | 8.52e-01 8.26e-01)	4.737283e+00 4.718428e+00 : 5.909820e-01
4190(1001) (3.13e+00 3.48e+00) XE:3.48e-01 (1.23e+00 1.25e+00 | 7.59e-01 8.26e-01)	4.736581e+00 4.718142e+00 : 5.909201e-01
4202(1018) (3.07e+00 3.48e+00) XE:3.48e-01 (1.23e+00 1.25e+00 | 8.42e-01 8.26e-01)	4.736852e+00 4.718152e+00 : 5.909378e-01
4214(1007) (3.22e+00 3.48e+00) XE:3.48e-01 (1.22e+00 1.25e+00 | 8.01e-01 8.26e-01)	4.736751e+00 4.718011e+00 : 5.909227e-01
4227(986) (3.79e+00 3.48e+00) XE:3.48e-01 (1.24e+00 1.25e+00 | 8.11e-01 8.26e-01)	4.736978e+00 4.718159e+00 : 5.909461e-01
4239(993) (3.10e+00 3.48e+00) XE:3.48e-01 (1.26e+00 1.25e+00 | 7.49e-01 8.26e-01)	4.735739e+00 4.717121e+00 : 5.908038e-01
4252(997) (2.94e+00 3.48e+00) XE:3.48e-01 (1.24e+00 1.25e+00 | 8.21e-01 8.26e-01)	4.734867e+00 4.716150e+00 : 5.906886e-01
4264(990) (3.30e+00 3.48e+00) XE:3.48e-01 (1.26e+00 1.25e+00 | 9.10e-01 8.26e-01)	4.733761e+00 4.715267e+00 : 5.905642e-01
4276(997) (2.79e+00 3.48e+00) XE:3.48e-01 (1.23e+00 1.25e+00 | 9.12e-01 8.26e-01)	4.732899e+00 4.714283e+00 : 5.904489e-01
4289(998) (3.30e+00 3.48e+00) XE:3.48e-01 (1.25e+00 1.25e+00 | 7.81e-01 8.26e-01)	4.732589e+00 4.714032e+00 : 5.904138e-01
4301(986) (3.36e+00 3.48e+00) XE:3.48e-01 (1.28e+00 1.25e+00 | 9.02e-01 8.26e-01)	4.733395e+00 4.714913e+00 : 5.905193e-01
4314(1002) (2.86e+00 3.48e+00) XE:3.48e-01 (1.23e+00 1.25e+00 | 7.81e-01 8.26e-01)	4.732642e+00 4.714700e+00 : 5.904589e-01
4326(1022) (3.05e+00 3.48e+00) XE:3.48e-01 (1.23e+00 1.25e+00 | 8.54e-01 8.26e-01)	4.732674e+00 4.714527e+00 : 5.904501e-01
4338(1002) (3.16e+00 3.48e+00) XE:3.48e-01 (1.24e+00 1.25e+00 | 7.00e-01 8.26e-01)	4.733349e+00 4.715259e+00 : 5.905380e-01
4351(991) (3.12e+00 3.48e+00) XE:3.48e-01 (1.25e+00 1.25e+00 | 7.65e-01 8.26e-01)	4.733354e+00 4.715590e+00 : 5.905590e-01
4363(1002) (2.99e+00 3.48e+00) XE:3.48e-01 (1.26e+00 1.25e+00 | 8.11e-01 8.26e-01)	4.732812e+00 4.715430e+00 : 5.905151e-01
4375(1002) (5.74e+00 3.48e+00) XE:3.48e-01 (1.26e+00 1.25e+00 | 7.95e-01 8.26e-01)	4.731885e+00 4.714430e+00 : 5.903947e-01
4388(1003) (3.01e+00 3.48e+00) XE:3.48e-01 (1.27e+00 1.25e+00 | 8.80e-01 8.26e-01)	4.732610e+00 4.714840e+00 : 5.904657e-01
4400(1016) (3.67e+00 3.48e+00) XE:3.48e-01 (1.24e+00 1.25e+00 | 7.89e-01 8.26e-01)	4.730564e+00 4.713027e+00 : 5.902244e-01
4413(990) (2.99e+00 3.48e+00) XE:3.48e-01 (1.23e+00 1.25e+00 | 8.36e-01 8.26e-01)	4.729878e+00 4.712050e+00 : 5.901205e-01
4425(1009) (3.51e+00 3.48e+00) XE:3.48e-01 (1.27e+00 1.25e+00 | 9.00e-01 8.26e-01)	4.728558e+00 4.710811e+00 : 5.899606e-01
4437(992) (4.98e+00 3.48e+00) XE:3.48e-01 (1.24e+00 1.25e+00 | 8.78e-01 8.26e-01)	4.726032e+00 4.708440e+00 : 5.896545e-01
4450(1001) (2.91e+00 3.48e+00) XE:3.48e-01 (1.27e+00 1.25e+00 | 7.89e-01 8.25e-01)	4.725513e+00 4.707871e+00 : 5.895865e-01
4462(999) (3.41e+00 3.48e+00) XE:3.48e-01 (1.25e+00 1.25e+00 | 8.13e-01 8.26e-01)	4.725936e+00 4.708132e+00 : 5.896293e-01
4474(1001) (3.28e+00 3.48e+00) XE:3.48e-01 (1.26e+00 1.25e+00 | 7.87e-01 8.26e-01)	4.726440e+00 4.708534e+00 : 5.896859e-01
4487(982) (4.66e+00 3.48e+00) XE:3.48e-01 (1.22e+00 1.25e+00 | 8.58e-01 8.26e-01)	4.724671e+00 4.706865e+00 : 5.894710e-01
4499(1001) (3.37e+00 3.48e+00) XE:3.48e-01 (1.26e+00 1.25e+00 | 7.39e-01 8.25e-01)	4.724350e+00 4.706230e+00 : 5.894113e-01
4512(998) (3.20e+00 3.48e+00) XE:3.48e-01 (1.23e+00 1.25e+00 | 8.50e-01 8.25e-01)	4.724418e+00 4.706264e+00 : 5.894176e-01
4524(999) (3.18e+00 3.48e+00) XE:3.48e-01 (1.26e+00 1.25e+00 | 8.44e-01 8.25e-01)	4.724390e+00 4.705847e+00 : 5.893898e-01
4536(1003) (3.83e+00 3.48e+00) XE:3.48e-01 (1.21e+00 1.25e+00 | 8.15e-01 8.25e-01)	4.724137e+00 4.705936e+00 : 5.893795e-01
4549(1000) (3.19e+00 3.48e+00) XE:3.48e-01 (1.25e+00 1.25e+00 | 8.17e-01 8.25e-01)	4.725075e+00 4.706938e+00 : 5.895008e-01
4561(996) (5.73e+00 3.48e+00) XE:3.48e-01 (1.25e+00 1.25e+00 | 8.23e-01 8.25e-01)	4.723959e+00 4.706161e+00 : 5.893825e-01
4574(992) (2.76e+00 3.48e+00) XE:3.48e-01 (1.26e+00 1.25e+00 | 8.29e-01 8.25e-01)	4.724688e+00 4.706782e+00 : 5.894669e-01
4586(987) (3.30e+00 3.48e+00) XE:3.48e-01 (1.24e+00 1.25e+00 | 8.07e-01 8.26e-01)	4.723323e+00 4.705653e+00 : 5.893110e-01
4598(1003) (3.21e+00 3.48e+00) XE:3.48e-01 (1.26e+00 1.25e+00 | 8.54e-01 8.26e-01)	4.721192e+00 4.703432e+00 : 5.890390e-01
4611(998) (3.70e+00 3.48e+00) XE:3.48e-01 (1.28e+00 1.25e+00 | 8.44e-01 8.26e-01)	4.721538e+00 4.704448e+00 : 5.891241e-01
4623(993) (4.19e+00 3.48e+00) XE:3.48e-01 (1.24e+00 1.25e+00 | 7.93e-01 8.26e-01)	4.721724e+00 4.705000e+00 : 5.891702e-01
4636(1001) (3.95e+00 3.48e+00) XE:3.48e-01 (1.28e+00 1.25e+00 | 9.16e-01 8.26e-01)	4.718570e+00 4.701553e+00 : 5.887577e-01
4648(983) (3.31e+00 3.48e+00) XE:3.48e-01 (1.25e+00 1.25e+00 | 8.62e-01 8.26e-01)	4.718510e+00 4.701272e+00 : 5.887364e-01
4661(999) (3.65e+00 3.48e+00) XE:3.48e-01 (1.22e+00 1.25e+00 | 7.89e-01 8.26e-01)	4.717674e+00 4.700350e+00 : 5.886265e-01
4673(999) (3.65e+00 3.48e+00) XE:3.48e-01 (1.24e+00 1.25e+00 | 7.83e-01 8.26e-01)	4.716944e+00 4.699562e+00 : 5.885316e-01
4685(996) (3.40e+00 3.49e+00) XE:3.49e-01 (1.26e+00 1.25e+00 | 7.97e-01 8.25e-01)	4.715411e+00 4.698205e+00 : 5.883510e-01
4698(995) (3.59e+00 3.48e+00) XE:3.48e-01 (1.26e+00 1.25e+00 | 8.58e-01 8.25e-01)	4.715579e+00 4.698575e+00 : 5.883846e-01
4710(1012) (3.21e+00 3.48e+00) XE:3.48e-01 (1.24e+00 1.25e+00 | 7.49e-01 8.25e-01)	4.716106e+00 4.699075e+00 : 5.884488e-01
4723(980) (3.89e+00 3.48e+00) XE:3.48e-01 (1.26e+00 1.25e+00 | 8.70e-01 8.25e-01)	4.714982e+00 4.698273e+00 : 5.883284e-01
4735(998) (3.71e+00 3.48e+00) XE:3.48e-01 (1.24e+00 1.25e+00 | 8.01e-01 8.25e-01)	4.714452e+00 4.697987e+00 : 5.882774e-01
4747(987) (3.00e+00 3.48e+00) XE:3.48e-01 (1.23e+00 1.25e+00 | 8.07e-01 8.25e-01)	4.713409e+00 4.697048e+00 : 5.881535e-01
4760(1019) (2.28e+00 3.48e+00) XE:3.48e-01 (1.22e+00 1.25e+00 | 8.11e-01 8.25e-01)	4.713862e+00 4.697451e+00 : 5.882071e-01
4772(992) (3.13e+00 3.48e+00) XE:3.48e-01 (1.23e+00 1.25e+00 | 7.95e-01 8.25e-01)	4.713306e+00 4.696372e+00 : 5.881049e-01
4785(999) (3.47e+00 3.48e+00) XE:3.48e-01 (1.24e+00 1.25e+00 | 7.85e-01 8.25e-01)	4.713308e+00 4.696363e+00 : 5.881044e-01
4797(997) (3.67e+00 3.48e+00) XE:3.48e-01 (1.21e+00 1.25e+00 | 8.07e-01 8.25e-01)	4.712735e+00 4.695875e+00 : 5.880381e-01
4809(987) (3.90e+00 3.48e+00) XE:3.48e-01 (1.25e+00 1.25e+00 | 8.88e-01 8.25e-01)	4.711206e+00 4.693922e+00 : 5.878205e-01
4822(987) (4.06e+00 3.48e+00) XE:3.48e-01 (1.25e+00 1.25e+00 | 8.56e-01 8.25e-01)	4.711887e+00 4.694811e+00 : 5.879186e-01
4834(992) (3.27e+00 3.48e+00) XE:3.48e-01 (1.28e+00 1.25e+00 | 8.42e-01 8.25e-01)	4.710484e+00 4.693677e+00 : 5.877601e-01
4846(1000) (3.22e+00 3.48e+00) XE:3.48e-01 (1.29e+00 1.25e+00 | 8.23e-01 8.25e-01)	4.710160e+00 4.693764e+00 : 5.877453e-01
4859(989) (3.08e+00 3.48e+00) XE:3.48e-01 (1.26e+00 1.25e+00 | 8.07e-01 8.25e-01)	4.710090e+00 4.693486e+00 : 5.877235e-01
4871(985) (3.78e+00 3.48e+00) XE:3.48e-01 (1.25e+00 1.25e+00 | 8.31e-01 8.25e-01)	4.710104e+00 4.693626e+00 : 5.877331e-01
4884(993) (3.26e+00 3.48e+00) XE:3.48e-01 (1.26e+00 1.25e+00 | 8.48e-01 8.25e-01)	4.709838e+00 4.693412e+00 : 5.877031e-01
4896(968) (3.63e+00 3.48e+00) XE:3.48e-01 (1.22e+00 1.25e+00 | 9.02e-01 8.25e-01)	4.710340e+00 4.693819e+00 : 5.877599e-01
4909(996) (2.88e+00 3.48e+00) XE:3.48e-01 (1.27e+00 1.25e+00 | 8.42e-01 8.25e-01)	4.710621e+00 4.694246e+00 : 5.878042e-01
4921(1016) (3.61e+00 3.48e+00) XE:3.48e-01 (1.25e+00 1.25e+00 | 7.91e-01 8.25e-01)	4.709584e+00 4.693644e+00 : 5.877017e-01
4933(996) (3.31e+00 3.48e+00) XE:3.48e-01 (1.26e+00 1.25e+00 | 8.42e-01 8.25e-01)	4.707466e+00 4.691364e+00 : 5.874269e-01
4946(1000) (3.22e+00 3.48e+00) XE:3.48e-01 (1.24e+00 1.25e+00 | 8.07e-01 8.25e-01)	4.707323e+00 4.691373e+00 : 5.874185e-01
4958(997) (3.35e+00 3.48e+00) XE:3.48e-01 (1.23e+00 1.25e+00 | 8.07e-01 8.25e-01)	4.707214e+00 4.690956e+00 : 5.873856e-01
4971(1000) (3.05e+00 3.48e+00) XE:3.48e-01 (1.27e+00 1.25e+00 | 9.00e-01 8.25e-01)	4.706991e+00 4.690761e+00 : 5.873595e-01
4983(1001) (3.36e+00 3.48e+00) XE:3.48e-01 (1.26e+00 1.25e+00 | 8.01e-01 8.25e-01)	4.707145e+00 4.691115e+00 : 5.873912e-01
4995(988) (3.94e+00 3.48e+00) XE:3.48e-01 (1.24e+00 1.25e+00 | 8.38e-01 8.25e-01)	4.706823e+00 4.690735e+00 : 5.873474e-01
5008(1016) (3.60e+00 3.48e+00) XE:3.48e-01 (1.25e+00 1.25e+00 | 7.67e-01 8.25e-01)	4.707430e+00 4.691237e+00 : 5.874167e-01
5020(1006) (2.88e+00 3.48e+00) XE:3.48e-01 (1.24e+00 1.25e+00 | 9.12e-01 8.25e-01)	4.706914e+00 4.690751e+00 : 5.873540e-01
5032(1002) (4.00e+00 3.48e+00) XE:3.48e-01 (1.23e+00 1.25e+00 | 8.60e-01 8.25e-01)	4.706761e+00 4.690546e+00 : 5.873317e-01
5045(1005) (4.08e+00 3.48e+00) XE:3.48e-01 (1.26e+00 1.25e+00 | 8.15e-01 8.25e-01)	4.704700e+00 4.688201e+00 : 5.870563e-01
5057(996) (3.32e+00 3.48e+00) XE:3.48e-01 (1.27e+00 1.25e+00 | 7.99e-01 8.25e-01)	4.704791e+00 4.688216e+00 : 5.870629e-01
5070(1006) (2.97e+00 3.48e+00) XE:3.48e-01 (1.25e+00 1.25e+00 | 8.96e-01 8.25e-01)	4.704432e+00 4.688152e+00 : 5.870365e-01
5082(990) (3.74e+00 3.48e+00) XE:3.48e-01 (1.27e+00 1.25e+00 | 8.96e-01 8.25e-01)	4.703494e+00 4.687304e+00 : 5.869249e-01
5094(1016) (3.00e+00 3.48e+00) XE:3.48e-01 (1.25e+00 1.25e+00 | 8.23e-01 8.26e-01)	4.703122e+00 4.686953e+00 : 5.868797e-01
5107(1006) (3.16e+00 3.48e+00) XE:3.48e-01 (1.25e+00 1.25e+00 | 7.79e-01 8.26e-01)	4.703030e+00 4.686913e+00 : 5.868714e-01
5119(988) (3.61e+00 3.48e+00) XE:3.48e-01 (1.25e+00 1.25e+00 | 8.54e-01 8.26e-01)	4.702355e+00 4.686911e+00 : 5.868291e-01
5131(1004) (3.53e+00 3.48e+00) XE:3.48e-01 (1.25e+00 1.25e+00 | 8.29e-01 8.26e-01)	4.702519e+00 4.686927e+00 : 5.868404e-01
5144(1001) (3.65e+00 3.48e+00) XE:3.48e-01 (1.26e+00 1.25e+00 | 7.27e-01 8.25e-01)	4.701953e+00 4.686430e+00 : 5.867740e-01
5156(997) (3.56e+00 3.48e+00) XE:3.48e-01 (1.26e+00 1.25e+00 | 8.48e-01 8.26e-01)	4.702065e+00 4.686419e+00 : 5.867803e-01
5169(998) (3.72e+00 3.48e+00) XE:3.48e-01 (1.26e+00 1.25e+00 | 8.74e-01 8.26e-01)	4.701068e+00 4.685345e+00 : 5.866508e-01
5181(995) (4.39e+00 3.48e+00) XE:3.48e-01 (1.23e+00 1.25e+00 | 8.19e-01 8.26e-01)	4.700513e+00 4.684961e+00 : 5.865921e-01
5194(1002) (3.33e+00 3.48e+00) XE:3.48e-01 (1.27e+00 1.25e+00 | 7.79e-01 8.26e-01)	4.699262e+00 4.683208e+00 : 5.864044e-01
5206(1014) (4.70e+00 3.48e+00) XE:3.48e-01 (1.26e+00 1.25e+00 | 8.48e-01 8.26e-01)	4.699312e+00 4.682970e+00 : 5.863926e-01
5218(1016) (4.21e+00 3.48e+00) XE:3.48e-01 (1.26e+00 1.25e+00 | 7.97e-01 8.26e-01)	4.698443e+00 4.682175e+00 : 5.862886e-01
5231(1018) (4.00e+00 3.48e+00) XE:3.48e-01 (1.29e+00 1.25e+00 | 8.46e-01 8.26e-01)	4.698433e+00 4.682125e+00 : 5.862849e-01
5243(1012) (3.17e+00 3.48e+00) XE:3.48e-01 (1.22e+00 1.25e+00 | 7.87e-01 8.26e-01)	4.698835e+00 4.682525e+00 : 5.863350e-01
5255(1017) (4.48e+00 3.48e+00) XE:3.48e-01 (1.25e+00 1.25e+00 | 8.05e-01 8.26e-01)	4.697964e+00 4.682167e+00 : 5.862581e-01
5268(995) (2.97e+00 3.48e+00) XE:3.48e-01 (1.24e+00 1.25e+00 | 8.50e-01 8.26e-01)	4.697473e+00 4.681706e+00 : 5.861987e-01
5280(975) (3.97e+00 3.48e+00) XE:3.48e-01 (1.26e+00 1.25e+00 | 8.11e-01 8.26e-01)	4.695681e+00 4.679904e+00 : 5.859740e-01
5293(991) (3.15e+00 3.48e+00) XE:3.48e-01 (1.27e+00 1.25e+00 | 7.95e-01 8.26e-01)	4.696024e+00 4.680242e+00 : 5.860167e-01
5305(1031) (3.27e+00 3.48e+00) XE:3.48e-01 (1.24e+00 1.25e+00 | 8.34e-01 8.26e-01)	4.696013e+00 4.680063e+00 : 5.860048e-01
5317(991) (3.15e+00 3.48e+00) XE:3.48e-01 (1.24e+00 1.25e+00 | 8.56e-01 8.26e-01)	4.696527e+00 4.680184e+00 : 5.860444e-01
5330(1011) (3.29e+00 3.48e+00) XE:3.48e-01 (1.26e+00 1.25e+00 | 7.53e-01 8.26e-01)	4.696564e+00 4.679893e+00 : 5.860286e-01
5342(1000) (3.21e+00 3.48e+00) XE:3.48e-01 (1.24e+00 1.25e+00 | 8.21e-01 8.26e-01)	4.696105e+00 4.679608e+00 : 5.859821e-01
5355(1002) (3.28e+00 3.48e+00) XE:3.48e-01 (1.25e+00 1.25e+00 | 8.58e-01 8.26e-01)	4.696289e+00 4.680020e+00 : 5.860193e-01
5367(1009) (3.32e+00 3.48e+00) XE:3.48e-01 (1.23e+00 1.25e+00 | 8.03e-01 8.26e-01)	4.695102e+00 4.679280e+00 : 5.858989e-01
5379(1009) (2.99e+00 3.48e+00) XE:3.48e-01 (1.26e+00 1.25e+00 | 8.76e-01 8.26e-01)	4.694975e+00 4.679104e+00 : 5.858800e-01
5392(979) (3.61e+00 3.48e+00) XE:3.48e-01 (1.25e+00 1.25e+00 | 8.01e-01 8.26e-01)	4.694906e+00 4.678950e+00 : 5.858660e-01
5404(1002) (3.24e+00 3.48e+00) XE:3.48e-01 (1.25e+00 1.25e+00 | 8.92e-01 8.26e-01)	4.694971e+00 4.679078e+00 : 5.858781e-01
5417(985) (3.70e+00 3.48e+00) XE:3.48e-01 (1.23e+00 1.25e+00 | 8.36e-01 8.26e-01)	4.695140e+00 4.679280e+00 : 5.859013e-01
5429(1006) (3.25e+00 3.48e+00) XE:3.48e-01 (1.22e+00 1.25e+00 | 8.07e-01 8.26e-01)	4.694691e+00 4.678648e+00 : 5.858337e-01
5441(1016) (3.68e+00 3.48e+00) XE:3.48e-01 (1.28e+00 1.25e+00 | 7.69e-01 8.26e-01)	4.694270e+00 4.677982e+00 : 5.857657e-01
5454(1015) (2.91e+00 3.48e+00) XE:3.48e-01 (1.26e+00 1.25e+00 | 8.54e-01 8.26e-01)	4.693438e+00 4.677610e+00 : 5.856905e-01
5466(1018) (3.19e+00 3.48e+00) XE:3.48e-01 (1.24e+00 1.25e+00 | 8.40e-01 8.26e-01)	4.692131e+00 4.676520e+00 : 5.855407e-01
5478(1002) (2.86e+00 3.48e+00) XE:3.48e-01 (1.24e+00 1.25e+00 | 8.38e-01 8.26e-01)	4.692143e+00 4.676744e+00 : 5.855554e-01
5491(1015) (3.76e+00 3.48e+00) XE:3.48e-01 (1.30e+00 1.25e+00 | 8.25e-01 8.26e-01)	4.691252e+00 4.676132e+00 : 5.854615e-01
5503(987) (3.03e+00 3.48e+00) XE:3.48e-01 (1.26e+00 1.25e+00 | 8.07e-01 8.26e-01)	4.690914e+00 4.675789e+00 : 5.854189e-01
5516(1020) (2.93e+00 3.48e+00) XE:3.48e-01 (1.27e+00 1.25e+00 | 8.90e-01 8.26e-01)	4.690492e+00 4.675588e+00 : 5.853800e-01
5528(1005) (2.71e+00 3.48e+00) XE:3.48e-01 (1.28e+00 1.25e+00 | 8.68e-01 8.26e-01)	4.691214e+00 4.676328e+00 : 5.854714e-01
5540(1003) (3.36e+00 3.48e+00) XE:3.48e-01 (1.27e+00 1.25e+00 | 8.46e-01 8.26e-01)	4.691927e+00 4.677091e+00 : 5.855637e-01
5553(1008) (3.20e+00 3.48e+00) XE:3.48e-01 (1.26e+00 1.25e+00 | 8.03e-01 8.26e-01)	4.692367e+00 4.677590e+00 : 5.856223e-01
5565(988) (3.35e+00 3.48e+00) XE:3.48e-01 (1.28e+00 1.25e+00 | 8.98e-01 8.26e-01)	4.692478e+00 4.677518e+00 : 5.856247e-01
5577(993) (4.15e+00 3.48e+00) XE:3.48e-01 (1.26e+00 1.25e+00 | 7.99e-01 8.26e-01)	4.691930e+00 4.677064e+00 : 5.855621e-01
5590(997) (3.34e+00 3.48e+00) XE:3.48e-01 (1.29e+00 1.25e+00 | 8.23e-01 8.26e-01)	4.691380e+00 4.676600e+00 : 5.854988e-01
5602(1020) (3.76e+00 3.48e+00) XE:3.48e-01 (1.28e+00 1.25e+00 | 8.72e-01 8.26e-01)	4.691995e+00 4.677313e+00 : 5.855818e-01
5615(994) (5.33e+00 3.48e+00) XE:3.48e-01 (1.26e+00 1.25e+00 | 8.44e-01 8.26e-01)	4.691517e+00 4.676559e+00 : 5.855048e-01
5627(999) (3.09e+00 3.48e+00) XE:3.48e-01 (1.26e+00 1.25e+00 | 8.29e-01 8.26e-01)	4.690333e+00 4.674998e+00 : 5.853331e-01
5639(1015) (3.42e+00 3.48e+00) XE:3.48e-01 (1.25e+00 1.25e+00 | 8.80e-01 8.26e-01)	4.689987e+00 4.674355e+00 : 5.852714e-01
5652(1002) (3.03e+00 3.48e+00) XE:3.48e-01 (1.26e+00 1.25e+00 | 7.75e-01 8.26e-01)	4.690665e+00 4.675003e+00 : 5.853542e-01
5664(1019) (2.97e+00 3.48e+00) XE:3.48e-01 (1.24e+00 1.25e+00 | 7.79e-01 8.26e-01)	4.690716e+00 4.675096e+00 : 5.853632e-01
5676(1007) (3.46e+00 3.48e+00) XE:3.48e-01 (1.26e+00 1.25e+00 | 9.40e-01 8.26e-01)	4.690269e+00 4.675152e+00 : 5.853388e-01
5689(1008) (3.53e+00 3.48e+00) XE:3.48e-01 (1.26e+00 1.25e+00 | 7.91e-01 8.26e-01)	4.690462e+00 4.675170e+00 : 5.853520e-01
5701(997) (2.85e+00 3.48e+00) XE:3.48e-01 (1.22e+00 1.25e+00 | 8.25e-01 8.26e-01)	4.690091e+00 4.674829e+00 : 5.853075e-01
5714(998) (3.44e+00 3.48e+00) XE:3.48e-01 (1.26e+00 1.25e+00 | 8.29e-01 8.26e-01)	4.690089e+00 4.674852e+00 : 5.853088e-01
5726(1006) (3.09e+00 3.48e+00) XE:3.48e-01 (1.29e+00 1.25e+00 | 8.13e-01 8.26e-01)	4.689301e+00 4.673917e+00 : 5.852012e-01
5739(1003) (4.02e+00 3.48e+00) XE:3.48e-01 (1.22e+00 1.25e+00 | 7.69e-01 8.26e-01)	4.689626e+00 4.674360e+00 : 5.852491e-01
5751(1001) (3.54e+00 3.48e+00) XE:3.48e-01 (1.27e+00 1.25e+00 | 8.90e-01 8.26e-01)	4.689630e+00 4.674504e+00 : 5.852583e-01
5763(996) (3.38e+00 3.48e+00) XE:3.48e-01 (1.27e+00 1.25e+00 | 8.44e-01 8.26e-01)	4.689640e+00 4.674366e+00 : 5.852504e-01
5776(998) (3.34e+00 3.48e+00) XE:3.48e-01 (1.26e+00 1.25e+00 | 8.07e-01 8.26e-01)	4.690451e+00 4.675027e+00 : 5.853424e-01
5788(995) (4.83e+00 3.48e+00) XE:3.48e-01 (1.25e+00 1.25e+00 | 8.66e-01 8.26e-01)	4.690050e+00 4.674820e+00 : 5.853044e-01
5800(1025) (2.94e+00 3.48e+00) XE:3.48e-01 (1.27e+00 1.25e+00 | 8.70e-01 8.26e-01)	4.690558e+00 4.675319e+00 : 5.853673e-01
5813(999) (2.81e+00 3.48e+00) XE:3.48e-01 (1.23e+00 1.25e+00 | 7.75e-01 8.26e-01)	4.688241e+00 4.673163e+00 : 5.850878e-01
5825(981) (6.26e+00 3.48e+00) XE:3.48e-01 (1.26e+00 1.25e+00 | 7.79e-01 8.26e-01)	4.687614e+00 4.672204e+00 : 5.849886e-01
5838(998) (3.34e+00 3.48e+00) XE:3.48e-01 (1.26e+00 1.25e+00 | 7.99e-01 8.26e-01)	4.687230e+00 4.671874e+00 : 5.849440e-01
5850(998) (2.88e+00 3.48e+00) XE:3.48e-01 (1.25e+00 1.25e+00 | 8.34e-01 8.26e-01)	4.687486e+00 4.672065e+00 : 5.849719e-01
5862(1004) (3.07e+00 3.48e+00) XE:3.48e-01 (1.22e+00 1.25e+00 | 7.91e-01 8.26e-01)	4.687846e+00 4.672230e+00 : 5.850048e-01
5875(999) (3.40e+00 3.48e+00) XE:3.48e-01 (1.26e+00 1.25e+00 | 7.12e-01 8.26e-01)	4.686691e+00 4.670719e+00 : 5.848381e-01
5887(996) (4.44e+00 3.48e+00) XE:3.48e-01 (1.25e+00 1.25e+00 | 8.74e-01 8.26e-01)	4.685359e+00 4.669383e+00 : 5.846714e-01
5900(999) (3.01e+00 3.48e+00) XE:3.48e-01 (1.30e+00 1.25e+00 | 8.52e-01 8.26e-01)	4.685048e+00 4.669367e+00 : 5.846510e-01
5912(1005) (3.90e+00 3.48e+00) XE:3.48e-01 (1.27e+00 1.25e+00 | 8.34e-01 8.26e-01)	4.684290e+00 4.668876e+00 : 5.845729e-01
5924(1002) (3.87e+00 3.48e+00) XE:3.48e-01 (1.25e+00 1.25e+00 | 8.17e-01 8.26e-01)	4.683944e+00 4.668845e+00 : 5.845494e-01
5937(1000) (3.16e+00 3.48e+00) XE:3.48e-01 (1.23e+00 1.25e+00 | 8.29e-01 8.26e-01)	4.684517e+00 4.669477e+00 : 5.846246e-01
5949(1003) (4.00e+00 3.48e+00) XE:3.48e-01 (1.26e+00 1.25e+00 | 8.42e-01 8.26e-01)	4.684343e+00 4.669420e+00 : 5.846102e-01
5962(1015) (3.30e+00 3.48e+00) XE:3.48e-01 (1.23e+00 1.25e+00 | 8.09e-01 8.26e-01)	4.683275e+00 4.668099e+00 : 5.844608e-01
5974(1020) (2.90e+00 3.48e+00) XE:3.48e-01 (1.24e+00 1.25e+00 | 7.95e-01 8.26e-01)	4.683208e+00 4.668016e+00 : 5.844515e-01
5986(1016) (3.47e+00 3.48e+00) XE:3.48e-01 (1.22e+00 1.25e+00 | 8.34e-01 8.26e-01)	4.683329e+00 4.668523e+00 : 5.844907e-01
5999(999) (2.84e+00 3.48e+00) XE:3.48e-01 (1.26e+00 1.25e+00 | 8.70e-01 8.26e-01)	4.683187e+00 4.668374e+00 : 5.844725e-01
6011(994) (3.95e+00 3.48e+00) XE:3.48e-01 (1.23e+00 1.25e+00 | 7.87e-01 8.26e-01)	4.683684e+00 4.668624e+00 : 5.845193e-01
6024(970) (5.06e+00 3.48e+00) XE:3.48e-01 (1.25e+00 1.25e+00 | 8.40e-01 8.26e-01)	4.682935e+00 4.667964e+00 : 5.844312e-01
6036(996) (3.35e+00 3.48e+00) XE:3.48e-01 (1.24e+00 1.25e+00 | 8.19e-01 8.26e-01)	4.683729e+00 4.668517e+00 : 5.845154e-01
6048(980) (3.26e+00 3.47e+00) XE:3.47e-01 (1.23e+00 1.25e+00 | 7.73e-01 8.26e-01)	4.684118e+00 4.668908e+00 : 5.845641e-01
6061(1017) (2.73e+00 3.48e+00) XE:3.48e-01 (1.22e+00 1.25e+00 | 8.42e-01 8.26e-01)	4.683703e+00 4.668467e+00 : 5.845106e-01
6073(998) (3.59e+00 3.48e+00) XE:3.48e-01 (1.25e+00 1.25e+00 | 8.54e-01 8.26e-01)	4.683988e+00 4.668699e+00 : 5.845429e-01
6085(1006) (3.11e+00 3.48e+00) XE:3.48e-01 (1.26e+00 1.25e+00 | 8.31e-01 8.26e-01)	4.683604e+00 4.668236e+00 : 5.844900e-01
6098(999) (3.26e+00 3.48e+00) XE:3.48e-01 (1.26e+00 1.25e+00 | 7.23e-01 8.26e-01)	4.682710e+00 4.667141e+00 : 5.843657e-01
6110(970) (3.76e+00 3.48e+00) XE:3.48e-01 (1.27e+00 1.25e+00 | 8.34e-01 8.26e-01)	4.682539e+00 4.666927e+00 : 5.843416e-01
6123(983) (3.98e+00 3.47e+00) XE:3.47e-01 (1.24e+00 1.25e+00 | 7.89e-01 8.26e-01)	4.683138e+00 4.667406e+00 : 5.844090e-01
6135(1010) (4.30e+00 3.48e+00) XE:3.48e-01 (1.24e+00 1.25e+00 | 7.63e-01 8.26e-01)	4.682154e+00 4.666408e+00 : 5.842851e-01
6147(1001) (3.30e+00 3.47e+00) XE:3.47e-01 (1.26e+00 1.25e+00 | 9.38e-01 8.26e-01)	4.682478e+00 4.666706e+00 : 5.843240e-01
6160(999) (2.94e+00 3.47e+00) XE:3.47e-01 (1.23e+00 1.25e+00 | 8.29e-01 8.26e-01)	4.682621e+00 4.666677e+00 : 5.843311e-01
6172(1018) (2.59e+00 3.47e+00) XE:3.47e-01 (1.26e+00 1.25e+00 | 7.39e-01 8.26e-01)	4.683169e+00 4.667134e+00 : 5.843939e-01
6185(989) (3.17e+00 3.47e+00) XE:3.47e-01 (1.24e+00 1.25e+00 | 8.31e-01 8.26e-01)	4.682956e+00 4.666707e+00 : 5.843539e-01
6197(1017) (3.01e+00 3.47e+00) XE:3.47e-01 (1.22e+00 1.25e+00 | 8.23e-01 8.26e-01)	4.683335e+00 4.667203e+00 : 5.844086e-01
6209(993) (3.57e+00 3.47e+00) XE:3.47e-01 (1.23e+00 1.25e+00 | 7.95e-01 8.26e-01)	4.682682e+00 4.666567e+00 : 5.843281e-01
6222(992) (3.44e+00 3.47e+00) XE:3.47e-01 (1.22e+00 1.25e+00 | 7.83e-01 8.26e-01)	4.681975e+00 4.666058e+00 : 5.842521e-01
6234(999) (4.10e+00 3.47e+00) XE:3.47e-01 (1.25e+00 1.25e+00 | 8.40e-01 8.26e-01)	4.681996e+00 4.665929e+00 : 5.842453e-01
6246(1008) (3.12e+00 3.47e+00) XE:3.47e-01 (1.21e+00 1.25e+00 | 8.15e-01 8.26e-01)	4.681720e+00 4.665781e+00 : 5.842188e-01
6259(1001) (3.09e+00 3.47e+00) XE:3.47e-01 (1.26e+00 1.25e+00 | 7.77e-01 8.26e-01)	4.681408e+00 4.665510e+00 : 5.841823e-01
6271(994) (4.15e+00 3.47e+00) XE:3.47e-01 (1.25e+00 1.25e+00 | 8.36e-01 8.26e-01)	4.681199e+00 4.665334e+00 : 5.841583e-01
6284(1003) (3.61e+00 3.47e+00) XE:3.47e-01 (1.26e+00 1.25e+00 | 8.68e-01 8.26e-01)	4.680460e+00 4.664617e+00 : 5.840673e-01
6296(1002) (3.00e+00 3.47e+00) XE:3.47e-01 (1.29e+00 1.25e+00 | 8.50e-01 8.26e-01)	4.679890e+00 4.664154e+00 : 5.840027e-01
6308(1001) (3.09e+00 3.47e+00) XE:3.47e-01 (1.29e+00 1.25e+00 | 8.78e-01 8.26e-01)	4.680464e+00 4.664563e+00 : 5.840642e-01
6321(980) (4.10e+00 3.47e+00) XE:3.47e-01 (1.26e+00 1.25e+00 | 8.23e-01 8.26e-01)	4.680124e+00 4.664143e+00 : 5.840167e-01
6333(1005) (3.61e+00 3.47e+00) XE:3.47e-01 (1.25e+00 1.25e+00 | 8.48e-01 8.26e-01)	4.679134e+00 4.663080e+00 : 5.838884e-01
6345(998) (4.09e+00 3.47e+00) XE:3.47e-01 (1.26e+00 1.25e+00 | 8.46e-01 8.26e-01)	4.678677e+00 4.662626e+00 : 5.838314e-01
6358(1007) (3.32e+00 3.47e+00) XE:3.47e-01 (1.24e+00 1.25e+00 | 8.07e-01 8.26e-01)	4.678641e+00 4.662730e+00 : 5.838357e-01
6370(1011) (3.40e+00 3.47e+00) XE:3.47e-01 (1.23e+00 1.25e+00 | 8.86e-01 8.26e-01)	4.678573e+00 4.662688e+00 : 5.838288e-01
6383(1007) (3.06e+00 3.47e+00) XE:3.47e-01 (1.26e+00 1.25e+00 | 8.98e-01 8.26e-01)	4.678836e+00 4.663031e+00 : 5.838667e-01
6395(987) (3.41e+00 3.47e+00) XE:3.47e-01 (1.23e+00 1.25e+00 | 8.21e-01 8.26e-01)	4.678858e+00 4.663228e+00 : 5.838804e-01
6407(986) (4.07e+00 3.47e+00) XE:3.47e-01 (1.26e+00 1.25e+00 | 8.17e-01 8.26e-01)	4.679131e+00 4.663571e+00 : 5.839189e-01
6420(1000) (4.67e+00 3.47e+00) XE:3.47e-01 (1.24e+00 1.25e+00 | 7.04e-01 8.26e-01)	4.678425e+00 4.662495e+00 : 5.838075e-01
6432(986) (3.17e+00 3.47e+00) XE:3.47e-01 (1.26e+00 1.25e+00 | 8.70e-01 8.26e-01)	4.678669e+00 4.662636e+00 : 5.838316e-01
6445(1014) (2.52e+00 3.47e+00) XE:3.47e-01 (1.24e+00 1.25e+00 | 7.85e-01 8.26e-01)	4.678069e+00 4.662211e+00 : 5.837675e-01
6457(992) (4.25e+00 3.47e+00) XE:3.47e-01 (1.23e+00 1.25e+00 | 7.75e-01 8.26e-01)	4.676468e+00 4.660453e+00 : 5.835576e-01
6469(998) (3.41e+00 3.47e+00) XE:3.47e-01 (1.30e+00 1.25e+00 | 8.09e-01 8.26e-01)	4.676717e+00 4.660444e+00 : 5.835726e-01
6482(1021) (4.11e+00 3.47e+00) XE:3.47e-01 (1.23e+00 1.25e+00 | 7.51e-01 8.26e-01)	4.676571e+00 4.660159e+00 : 5.835456e-01
6494(990) (3.39e+00 3.47e+00) XE:3.47e-01 (1.26e+00 1.25e+00 | 9.10e-01 8.26e-01)	4.676193e+00 4.659958e+00 : 5.835094e-01
6506(990) (3.38e+00 3.47e+00) XE:3.47e-01 (1.26e+00 1.25e+00 | 8.05e-01 8.26e-01)	4.675798e+00 4.659769e+00 : 5.834729e-01
6519(1000) (2.99e+00 3.47e+00) XE:3.47e-01 (1.27e+00 1.25e+00 | 8.17e-01 8.26e-01)	4.675566e+00 4.659482e+00 : 5.834405e-01
6531(1018) (3.07e+00 3.47e+00) XE:3.47e-01 (1.26e+00 1.25e+00 | 8.74e-01 8.26e-01)	4.675429e+00 4.659683e+00 : 5.834445e-01
6544(1017) (3.11e+00 3.47e+00) XE:3.47e-01 (1.25e+00 1.25e+00 | 8.25e-01 8.26e-01)	4.675654e+00 4.659955e+00 : 5.834756e-01
6556(987) (3.29e+00 3.47e+00) XE:3.47e-01 (1.24e+00 1.25e+00 | 7.73e-01 8.26e-01)	4.675699e+00 4.659790e+00 : 5.834681e-01
6568(989) (3.32e+00 3.47e+00) XE:3.47e-01 (1.27e+00 1.25e+00 | 7.91e-01 8.26e-01)	4.676268e+00 4.660086e+00 : 5.835221e-01
6581(983) (5.96e+00 3.47e+00) XE:3.47e-01 (1.27e+00 1.25e+00 | 8.78e-01 8.26e-01)	4.675520e+00 4.659398e+00 : 5.834324e-01
6593(999) (3.46e+00 3.47e+00) XE:3.47e-01 (1.25e+00 1.25e+00 | 7.97e-01 8.26e-01)	4.675752e+00 4.659390e+00 : 5.834464e-01
6606(1002) (3.39e+00 3.47e+00) XE:3.47e-01 (1.24e+00 1.25e+00 | 8.36e-01 8.26e-01)	4.675430e+00 4.659001e+00 : 5.834019e-01
6618(996) (3.07e+00 3.47e+00) XE:3.47e-01 (1.28e+00 1.25e+00 | 8.98e-01 8.26e-01)	4.675578e+00 4.658857e+00 : 5.834022e-01
6630(993) (3.72e+00 3.47e+00) XE:3.47e-01 (1.26e+00 1.25e+00 | 7.99e-01 8.26e-01)	4.675075e+00 4.658300e+00 : 5.833360e-01
6643(1002) (3.49e+00 3.47e+00) XE:3.47e-01 (1.22e+00 1.25e+00 | 7.55e-01 8.26e-01)	4.674403e+00 4.657616e+00 : 5.832511e-01
6655(986) (3.85e+00 3.47e+00) XE:3.47e-01 (1.23e+00 1.25e+00 | 8.38e-01 8.26e-01)	4.674299e+00 4.657000e+00 : 5.832062e-01
6668(996) (3.50e+00 3.47e+00) XE:3.47e-01 (1.25e+00 1.25e+00 | 9.00e-01 8.26e-01)	4.673563e+00 4.656112e+00 : 5.831047e-01
6680(996) (2.82e+00 3.47e+00) XE:3.47e-01 (1.26e+00 1.25e+00 | 8.31e-01 8.26e-01)	4.673872e+00 4.656358e+00 : 5.831394e-01
6692(994) (6.04e+00 3.47e+00) XE:3.47e-01 (1.25e+00 1.25e+00 | 7.77e-01 8.26e-01)	4.672329e+00 4.654895e+00 : 5.829515e-01
6705(993) (2.93e+00 3.47e+00) XE:3.47e-01 (1.26e+00 1.25e+00 | 8.27e-01 8.26e-01)	4.671606e+00 4.654264e+00 : 5.828669e-01
6717(982) (4.11e+00 3.47e+00) XE:3.47e-01 (1.21e+00 1.25e+00 | 8.13e-01 8.26e-01)	4.671688e+00 4.654372e+00 : 5.828787e-01
6730(1011) (2.99e+00 3.47e+00) XE:3.47e-01 (1.25e+00 1.25e+00 | 7.55e-01 8.26e-01)	4.671026e+00 4.653957e+00 : 5.828114e-01
6742(989) (4.34e+00 3.47e+00) XE:3.47e-01 (1.25e+00 1.25e+00 | 8.50e-01 8.26e-01)	4.670839e+00 4.653796e+00 : 5.827897e-01
6754(998) (3.18e+00 3.47e+00) XE:3.47e-01 (1.27e+00 1.25e+00 | 8.07e-01 8.26e-01)	4.670974e+00 4.654017e+00 : 5.828120e-01
6767(992) (3.69e+00 3.47e+00) XE:3.47e-01 (1.23e+00 1.25e+00 | 8.11e-01 8.26e-01)	4.670752e+00 4.653895e+00 : 5.827904e-01
6779(1000) (3.11e+00 3.47e+00) XE:3.47e-01 (1.23e+00 1.25e+00 | 8.94e-01 8.26e-01)	4.670846e+00 4.653974e+00 : 5.828012e-01
6792(997) (4.48e+00 3.47e+00) XE:3.47e-01 (1.21e+00 1.25e+00 | 7.99e-01 8.26e-01)	4.670437e+00 4.653899e+00 : 5.827710e-01
6804(978) (3.57e+00 3.47e+00) XE:3.47e-01 (1.23e+00 1.25e+00 | 8.19e-01 8.26e-01)	4.670099e+00 4.653667e+00 : 5.827354e-01
6816(999) (2.86e+00 3.47e+00) XE:3.47e-01 (1.26e+00 1.25e+00 | 8.17e-01 8.26e-01)	4.669804e+00 4.653668e+00 : 5.827171e-01
6829(991) (3.50e+00 3.47e+00) XE:3.47e-01 (1.26e+00 1.25e+00 | 8.58e-01 8.26e-01)	4.670422e+00 4.654358e+00 : 5.827988e-01
6841(1006) (3.58e+00 3.47e+00) XE:3.47e-01 (1.23e+00 1.25e+00 | 8.56e-01 8.26e-01)	4.670534e+00 4.654303e+00 : 5.828024e-01
6854(982) (3.66e+00 3.47e+00) XE:3.47e-01 (1.24e+00 1.25e+00 | 8.38e-01 8.26e-01)	4.670094e+00 4.653590e+00 : 5.827303e-01
6866(994) (3.23e+00 3.47e+00) XE:3.47e-01 (1.25e+00 1.25e+00 | 9.22e-01 8.26e-01)	4.668424e+00 4.652099e+00 : 5.825326e-01
6878(1006) (3.25e+00 3.47e+00) XE:3.47e-01 (1.29e+00 1.25e+00 | 9.00e-01 8.26e-01)	4.667751e+00 4.651374e+00 : 5.824453e-01
6891(993) (4.21e+00 3.47e+00) XE:3.47e-01 (1.26e+00 1.25e+00 | 8.38e-01 8.26e-01)	4.667626e+00 4.651031e+00 : 5.824161e-01
6903(996) (3.52e+00 3.47e+00) XE:3.47e-01 (1.28e+00 1.25e+00 | 7.95e-01 8.26e-01)	4.666917e+00 4.650288e+00 : 5.823253e-01
6916(994) (4.22e+00 3.47e+00) XE:3.47e-01 (1.27e+00 1.25e+00 | 9.00e-01 8.26e-01)	4.666942e+00 4.650002e+00 : 5.823090e-01
6928(984) (4.08e+00 3.47e+00) XE:3.47e-01 (1.29e+00 1.25e+00 | 8.23e-01 8.26e-01)	4.665687e+00 4.648714e+00 : 5.821501e-01
6940(991) (4.30e+00 3.47e+00) XE:3.47e-01 (1.24e+00 1.25e+00 | 7.85e-01 8.26e-01)	4.664831e+00 4.647941e+00 : 5.820482e-01
6953(998) (3.22e+00 3.47e+00) XE:3.47e-01 (1.24e+00 1.25e+00 | 7.89e-01 8.26e-01)	4.664980e+00 4.648251e+00 : 5.820769e-01
6965(1004) (3.32e+00 3.47e+00) XE:3.47e-01 (1.25e+00 1.25e+00 | 8.54e-01 8.26e-01)	4.664800e+00 4.648107e+00 : 5.820567e-01
6978(1002) (3.37e+00 3.47e+00) XE:3.47e-01 (1.24e+00 1.25e+00 | 7.97e-01 8.26e-01)	4.665128e+00 4.648321e+00 : 5.820906e-01
6990(1003) (2.97e+00 3.47e+00) XE:3.47e-01 (1.23e+00 1.25e+00 | 8.01e-01 8.26e-01)	4.664553e+00 4.647674e+00 : 5.820142e-01
7002(987) (3.57e+00 3.47e+00) XE:3.47e-01 (1.32e+00 1.25e+00 | 8.46e-01 8.26e-01)	4.664578e+00 4.647667e+00 : 5.820153e-01
7015(995) (3.08e+00 3.47e+00) XE:3.47e-01 (1.25e+00 1.25e+00 | 8.19e-01 8.26e-01)	4.664907e+00 4.647953e+00 : 5.820537e-01
7027(998) (3.35e+00 3.47e+00) XE:3.47e-01 (1.26e+00 1.25e+00 | 8.62e-01 8.26e-01)	4.664956e+00 4.647833e+00 : 5.820494e-01
7040(1003) (3.04e+00 3.47e+00) XE:3.47e-01 (1.27e+00 1.25e+00 | 8.40e-01 8.26e-01)	4.664273e+00 4.647169e+00 : 5.819652e-01
7052(987) (3.27e+00 3.47e+00) XE:3.47e-01 (1.21e+00 1.25e+00 | 8.70e-01 8.26e-01)	4.664313e+00 4.647350e+00 : 5.819789e-01
7064(997) (3.38e+00 3.47e+00) XE:3.47e-01 (1.28e+00 1.25e+00 | 8.19e-01 8.26e-01)	4.663426e+00 4.646470e+00 : 5.818685e-01
7077(994) (2.89e+00 3.47e+00) XE:3.47e-01 (1.23e+00 1.25e+00 | 8.48e-01 8.26e-01)	4.663188e+00 4.646385e+00 : 5.818483e-01
7089(1009) (3.50e+00 3.47e+00) XE:3.47e-01 (1.24e+00 1.25e+00 | 8.09e-01 8.26e-01)	4.662286e+00 4.645789e+00 : 5.817547e-01
7102(1005) (3.53e+00 3.47e+00) XE:3.47e-01 (1.28e+00 1.25e+00 | 8.62e-01 8.26e-01)	4.662886e+00 4.646331e+00 : 5.818261e-01
7114(1006) (5.72e+00 3.47e+00) XE:3.47e-01 (1.26e+00 1.25e+00 | 8.07e-01 8.26e-01)	4.661853e+00 4.645247e+00 : 5.816937e-01
7126(1002) (3.13e+00 3.47e+00) XE:3.47e-01 (1.24e+00 1.25e+00 | 8.80e-01 8.26e-01)	4.661358e+00 4.644786e+00 : 5.816340e-01
7139(984) (4.85e+00 3.47e+00) XE:3.47e-01 (1.26e+00 1.25e+00 | 8.34e-01 8.26e-01)	4.660748e+00 4.644516e+00 : 5.815790e-01
7151(1007) (3.13e+00 3.47e+00) XE:3.47e-01 (1.24e+00 1.25e+00 | 8.38e-01 8.26e-01)	4.661243e+00 4.644927e+00 : 5.816356e-01
7164(994) (3.81e+00 3.47e+00) XE:3.47e-01 (1.24e+00 1.25e+00 | 8.25e-01 8.26e-01)	4.661427e+00 4.645256e+00 : 5.816677e-01
7176(1006) (2.98e+00 3.47e+00) XE:3.47e-01 (1.27e+00 1.25e+00 | 8.88e-01 8.26e-01)	4.661172e+00 4.645031e+00 : 5.816377e-01
7188(1009) (3.09e+00 3.47e+00) XE:3.47e-01 (1.26e+00 1.25e+00 | 7.63e-01 8.26e-01)	4.661193e+00 4.644985e+00 : 5.816361e-01
7201(1000) (3.53e+00 3.47e+00) XE:3.47e-01 (1.25e+00 1.25e+00 | 8.74e-01 8.26e-01)	4.660817e+00 4.644647e+00 : 5.815915e-01
7213(999) (3.70e+00 3.47e+00) XE:3.47e-01 (1.25e+00 1.25e+00 | 8.44e-01 8.26e-01)	4.661135e+00 4.644899e+00 : 5.816271e-01
7225(1005) (4.23e+00 3.47e+00) XE:3.47e-01 (1.23e+00 1.25e+00 | 8.29e-01 8.26e-01)	4.660854e+00 4.644766e+00 : 5.816012e-01
7238(1003) (3.13e+00 3.47e+00) XE:3.47e-01 (1.24e+00 1.25e+00 | 8.31e-01 8.26e-01)	4.661003e+00 4.644593e+00 : 5.815997e-01
7250(1007) (3.56e+00 3.47e+00) XE:3.47e-01 (1.23e+00 1.25e+00 | 7.99e-01 8.26e-01)	4.660978e+00 4.644499e+00 : 5.815923e-01
7263(1001) (3.94e+00 3.47e+00) XE:3.47e-01 (1.23e+00 1.25e+00 | 8.44e-01 8.26e-01)	4.660804e+00 4.644169e+00 : 5.815608e-01
7275(1018) (3.74e+00 3.47e+00) XE:3.47e-01 (1.24e+00 1.25e+00 | 8.25e-01 8.26e-01)	4.660601e+00 4.643910e+00 : 5.815319e-01
7288(969) (3.42e+00 3.47e+00) XE:3.47e-01 (1.24e+00 1.25e+00 | 8.34e-01 8.26e-01)	4.660066e+00 4.643422e+00 : 5.814680e-01
7300(998) (3.03e+00 3.47e+00) XE:3.47e-01 (1.24e+00 1.25e+00 | 9.22e-01 8.26e-01)	4.659429e+00 4.642810e+00 : 5.813899e-01
7312(1005) (3.22e+00 3.47e+00) XE:3.47e-01 (1.26e+00 1.25e+00 | 7.93e-01 8.26e-01)	4.659170e+00 4.642605e+00 : 5.813609e-01
7325(985) (3.60e+00 3.47e+00) XE:3.47e-01 (1.26e+00 1.25e+00 | 8.50e-01 8.26e-01)	4.658221e+00 4.641933e+00 : 5.812596e-01
7337(1008) (3.12e+00 3.47e+00) XE:3.47e-01 (1.30e+00 1.25e+00 | 8.46e-01 8.26e-01)	4.658485e+00 4.642099e+00 : 5.812865e-01
7349(1000) (4.61e+00 3.47e+00) XE:3.47e-01 (1.22e+00 1.25e+00 | 7.29e-01 8.26e-01)	4.658316e+00 4.642003e+00 : 5.812699e-01
7362(991) (3.21e+00 3.47e+00) XE:3.47e-01 (1.25e+00 1.25e+00 | 7.99e-01 8.26e-01)	4.658062e+00 4.641571e+00 : 5.812270e-01
7374(998) (4.02e+00 3.47e+00) XE:3.47e-01 (1.22e+00 1.25e+00 | 7.65e-01 8.26e-01)	4.658045e+00 4.641522e+00 : 5.812229e-01
7387(1000) (4.15e+00 3.47e+00) XE:3.47e-01 (1.25e+00 1.25e+00 | 8.86e-01 8.26e-01)	4.658344e+00 4.641799e+00 : 5.812590e-01
7399(992) (3.17e+00 3.47e+00) XE:3.47e-01 (1.25e+00 1.25e+00 | 8.25e-01 8.26e-01)	4.657738e+00 4.641178e+00 : 5.811822e-01
7411(990) (3.18e+00 3.47e+00) XE:3.47e-01 (1.23e+00 1.25e+00 | 8.09e-01 8.26e-01)	4.657073e+00 4.640531e+00 : 5.811002e-01
7424(1000) (3.28e+00 3.47e+00) XE:3.47e-01 (1.22e+00 1.25e+00 | 8.05e-01 8.26e-01)	4.657105e+00 4.640572e+00 : 5.811048e-01
7436(1003) (4.30e+00 3.47e+00) XE:3.47e-01 (1.25e+00 1.25e+00 | 8.48e-01 8.26e-01)	4.657187e+00 4.640502e+00 : 5.811056e-01
7449(993) (4.22e+00 3.47e+00) XE:3.47e-01 (1.26e+00 1.25e+00 | 8.29e-01 8.26e-01)	4.656305e+00 4.639455e+00 : 5.809850e-01
7461(991) (3.21e+00 3.47e+00) XE:3.47e-01 (1.24e+00 1.25e+00 | 8.03e-01 8.26e-01)	4.656585e+00 4.639407e+00 : 5.809995e-01
7473(994) (4.03e+00 3.47e+00) XE:3.47e-01 (1.26e+00 1.25e+00 | 8.64e-01 8.26e-01)	4.655997e+00 4.638760e+00 : 5.809223e-01
7486(998) (2.89e+00 3.47e+00) XE:3.47e-01 (1.26e+00 1.25e+00 | 8.50e-01 8.26e-01)	4.656462e+00 4.639149e+00 : 5.809757e-01
7498(1012) (3.24e+00 3.47e+00) XE:3.47e-01 (1.21e+00 1.25e+00 | 8.11e-01 8.26e-01)	4.656503e+00 4.639154e+00 : 5.809786e-01
7511(995) (2.68e+00 3.47e+00) XE:3.47e-01 (1.24e+00 1.25e+00 | 8.64e-01 8.26e-01)	4.656232e+00 4.638863e+00 : 5.809434e-01
7523(993) (3.62e+00 3.47e+00) XE:3.47e-01 (1.22e+00 1.25e+00 | 8.03e-01 8.26e-01)	4.655770e+00 4.638408e+00 : 5.808861e-01
7535(1016) (3.72e+00 3.47e+00) XE:3.47e-01 (1.27e+00 1.25e+00 | 8.80e-01 8.26e-01)	4.655304e+00 4.638147e+00 : 5.808407e-01
7548(997) (3.60e+00 3.47e+00) XE:3.47e-01 (1.26e+00 1.25e+00 | 8.09e-01 8.26e-01)	4.655182e+00 4.637776e+00 : 5.808099e-01
7560(998) (3.39e+00 3.47e+00) XE:3.47e-01 (1.26e+00 1.25e+00 | 8.82e-01 8.26e-01)	4.654237e+00 4.637187e+00 : 5.807140e-01
7573(1004) (3.22e+00 3.47e+00) XE:3.47e-01 (1.25e+00 1.25e+00 | 8.25e-01 8.26e-01)	4.653137e+00 4.636177e+00 : 5.805821e-01
7585(989) (3.71e+00 3.47e+00) XE:3.47e-01 (1.26e+00 1.25e+00 | 8.05e-01 8.26e-01)	4.652417e+00 4.635315e+00 : 5.804832e-01
7597(1003) (3.47e+00 3.47e+00) XE:3.47e-01 (1.26e+00 1.25e+00 | 7.95e-01 8.26e-01)	4.652958e+00 4.635628e+00 : 5.805367e-01
7610(969) (3.74e+00 3.47e+00) XE:3.47e-01 (1.23e+00 1.25e+00 | 7.97e-01 8.26e-01)	4.652032e+00 4.634790e+00 : 5.804264e-01
7622(994) (3.56e+00 3.47e+00) XE:3.47e-01 (1.25e+00 1.25e+00 | 8.17e-01 8.26e-01)	4.652134e+00 4.634829e+00 : 5.804352e-01
7634(989) (3.58e+00 3.47e+00) XE:3.47e-01 (1.24e+00 1.25e+00 | 7.99e-01 8.26e-01)	4.652536e+00 4.635177e+00 : 5.804821e-01
7647(1015) (3.43e+00 3.47e+00) XE:3.47e-01 (1.25e+00 1.25e+00 | 8.31e-01 8.26e-01)	4.652653e+00 4.635319e+00 : 5.804982e-01
7659(1004) (3.13e+00 3.47e+00) XE:3.47e-01 (1.28e+00 1.25e+00 | 9.02e-01 8.26e-01)	4.652746e+00 4.635420e+00 : 5.805104e-01
7672(1008) (3.87e+00 3.47e+00) XE:3.47e-01 (1.27e+00 1.25e+00 | 8.44e-01 8.26e-01)	4.652426e+00 4.635073e+00 : 5.804687e-01
7684(992) (3.57e+00 3.47e+00) XE:3.47e-01 (1.24e+00 1.25e+00 | 8.42e-01 8.26e-01)	4.652347e+00 4.635326e+00 : 5.804796e-01
7696(1011) (2.62e+00 3.47e+00) XE:3.47e-01 (1.26e+00 1.25e+00 | 9.08e-01 8.26e-01)	4.652480e+00 4.635514e+00 : 5.804996e-01
7709(992) (3.53e+00 3.47e+00) XE:3.47e-01 (1.25e+00 1.25e+00 | 8.05e-01 8.26e-01)	4.652775e+00 4.635599e+00 : 5.805234e-01
7721(999) (4.02e+00 3.47e+00) XE:3.47e-01 (1.30e+00 1.25e+00 | 8.29e-01 8.26e-01)	4.651981e+00 4.634774e+00 : 5.804222e-01
7734(999) (3.31e+00 3.47e+00) XE:3.47e-01 (1.26e+00 1.25e+00 | 7.81e-01 8.26e-01)	4.651725e+00 4.634526e+00 : 5.803907e-01
7746(1013) (3.57e+00 3.47e+00) XE:3.47e-01 (1.22e+00 1.25e+00 | 7.20e-01 8.26e-01)	4.650982e+00 4.633896e+00 : 5.803048e-01
7758(1014) (2.94e+00 3.47e+00) XE:3.47e-01 (1.24e+00 1.25e+00 | 7.71e-01 8.26e-01)	4.651320e+00 4.634119e+00 : 5.803399e-01
7771(1002) (2.93e+00 3.47e+00) XE:3.47e-01 (1.28e+00 1.25e+00 | 8.88e-01 8.26e-01)	4.651738e+00 4.634634e+00 : 5.803982e-01
7783(1007) (3.76e+00 3.47e+00) XE:3.47e-01 (1.25e+00 1.25e+00 | 8.70e-01 8.26e-01)	4.651370e+00 4.634425e+00 : 5.803622e-01
7795(989) (3.29e+00 3.47e+00) XE:3.47e-01 (1.26e+00 1.25e+00 | 8.86e-01 8.26e-01)	4.651258e+00 4.634400e+00 : 5.803536e-01
7808(1005) (3.11e+00 3.47e+00) XE:3.47e-01 (1.28e+00 1.25e+00 | 8.70e-01 8.26e-01)	4.651025e+00 4.634281e+00 : 5.803316e-01
7820(1012) (2.50e+00 3.47e+00) XE:3.47e-01 (1.23e+00 1.25e+00 | 7.83e-01 8.26e-01)	4.650732e+00 4.634154e+00 : 5.803054e-01
7833(992) (3.57e+00 3.47e+00) XE:3.47e-01 (1.26e+00 1.25e+00 | 8.23e-01 8.26e-01)	4.650781e+00 4.634287e+00 : 5.803168e-01
7845(990) (3.55e+00 3.47e+00) XE:3.47e-01 (1.25e+00 1.25e+00 | 8.23e-01 8.26e-01)	4.650485e+00 4.634180e+00 : 5.802915e-01
7857(991) (3.10e+00 3.47e+00) XE:3.47e-01 (1.26e+00 1.25e+00 | 8.42e-01 8.26e-01)	4.650882e+00 4.634724e+00 : 5.803504e-01
7870(1013) (3.14e+00 3.47e+00) XE:3.47e-01 (1.21e+00 1.25e+00 | 8.01e-01 8.26e-01)	4.649916e+00 4.633690e+00 : 5.802254e-01
7882(1000) (3.04e+00 3.47e+00) XE:3.47e-01 (1.24e+00 1.25e+00 | 7.73e-01 8.26e-01)	4.648477e+00 4.632789e+00 : 5.800791e-01
7895(998) (3.80e+00 3.47e+00) XE:3.47e-01 (1.26e+00 1.25e+00 | 8.13e-01 8.26e-01)	4.648565e+00 4.632662e+00 : 5.800767e-01
7907(988) (2.96e+00 3.47e+00) XE:3.47e-01 (1.23e+00 1.25e+00 | 7.75e-01 8.26e-01)	4.648345e+00 4.632253e+00 : 5.800374e-01
7919(1014) (3.43e+00 3.47e+00) XE:3.47e-01 (1.28e+00 1.25e+00 | 7.51e-01 8.26e-01)	4.648228e+00 4.631814e+00 : 5.800026e-01
7932(1008) (2.99e+00 3.47e+00) XE:3.47e-01 (1.23e+00 1.25e+00 | 7.93e-01 8.26e-01)	4.648189e+00 4.631677e+00 : 5.799916e-01
7944(1024) (3.67e+00 3.47e+00) XE:3.47e-01 (1.24e+00 1.25e+00 | 8.21e-01 8.26e-01)	4.648397e+00 4.631937e+00 : 5.800209e-01
7956(987) (3.36e+00 3.47e+00) XE:3.47e-01 (1.26e+00 1.25e+00 | 8.13e-01 8.26e-01)	4.648337e+00 4.632120e+00 : 5.800286e-01
7969(1024) (2.80e+00 3.47e+00) XE:3.47e-01 (1.27e+00 1.25e+00 | 8.88e-01 8.26e-01)	4.648177e+00 4.632006e+00 : 5.800114e-01
7981(1003) (3.12e+00 3.47e+00) XE:3.47e-01 (1.25e+00 1.25e+00 | 8.07e-01 8.26e-01)	4.648442e+00 4.632156e+00 : 5.800374e-01
7994(1007) (2.73e+00 3.47e+00) XE:3.47e-01 (1.23e+00 1.25e+00 | 8.66e-01 8.26e-01)	4.647869e+00 4.631567e+00 : 5.799648e-01
8006(1003) (2.88e+00 3.47e+00) XE:3.47e-01 (1.23e+00 1.25e+00 | 8.27e-01 8.26e-01)	4.647602e+00 4.631390e+00 : 5.799370e-01
8018(1005) (3.34e+00 3.47e+00) XE:3.47e-01 (1.27e+00 1.25e+00 | 8.40e-01 8.26e-01)	4.646487e+00 4.630208e+00 : 5.797934e-01
8031(1000) (3.36e+00 3.47e+00) XE:3.47e-01 (1.25e+00 1.25e+00 | 7.95e-01 8.26e-01)	4.645772e+00 4.629505e+00 : 5.797048e-01
8043(989) (4.33e+00 3.47e+00) XE:3.47e-01 (1.25e+00 1.25e+00 | 8.03e-01 8.26e-01)	4.646024e+00 4.629724e+00 : 5.797342e-01
8055(1013) (2.91e+00 3.47e+00) XE:3.47e-01 (1.24e+00 1.25e+00 | 8.44e-01 8.26e-01)	4.645618e+00 4.629204e+00 : 5.796764e-01
8068(981) (3.53e+00 3.47e+00) XE:3.47e-01 (1.25e+00 1.25e+00 | 8.15e-01 8.26e-01)	4.644125e+00 4.627537e+00 : 5.794789e-01
8080(1008) (4.21e+00 3.47e+00) XE:3.47e-01 (1.23e+00 1.25e+00 | 7.41e-01 8.26e-01)	4.643800e+00 4.627172e+00 : 5.794358e-01
8093(985) (3.20e+00 3.47e+00) XE:3.47e-01 (1.27e+00 1.25e+00 | 7.91e-01 8.26e-01)	4.644016e+00 4.627398e+00 : 5.794634e-01
8105(996) (3.66e+00 3.47e+00) XE:3.47e-01 (1.25e+00 1.25e+00 | 8.40e-01 8.26e-01)	4.643741e+00 4.627211e+00 : 5.794345e-01
8117(988) (3.63e+00 3.47e+00) XE:3.47e-01 (1.24e+00 1.25e+00 | 7.53e-01 8.26e-01)	4.644009e+00 4.627105e+00 : 5.794446e-01
8130(992) (2.73e+00 3.47e+00) XE:3.47e-01 (1.23e+00 1.25e+00 | 8.56e-01 8.26e-01)	4.644527e+00 4.627670e+00 : 5.795123e-01
8142(998) (3.17e+00 3.47e+00) XE:3.47e-01 (1.19e+00 1.25e+00 | 8.07e-01 8.26e-01)	4.644899e+00 4.628085e+00 : 5.795615e-01
8155(983) (4.11e+00 3.47e+00) XE:3.47e-01 (1.21e+00 1.25e+00 | 6.90e-01 8.26e-01)	4.644387e+00 4.627578e+00 : 5.794979e-01
8167(992) (3.28e+00 3.47e+00) XE:3.47e-01 (1.26e+00 1.25e+00 | 8.31e-01 8.26e-01)	4.643563e+00 4.626782e+00 : 5.793966e-01
8179(996) (3.23e+00 3.47e+00) XE:3.47e-01 (1.23e+00 1.25e+00 | 8.17e-01 8.26e-01)	4.643112e+00 4.626112e+00 : 5.793265e-01
8192(1006) (3.40e+00 3.47e+00) XE:3.47e-01 (1.25e+00 1.25e+00 | 8.80e-01 8.26e-01)	4.643253e+00 4.626386e+00 : 5.793525e-01
8204(998) (3.93e+00 3.47e+00) XE:3.47e-01 (1.23e+00 1.25e+00 | 8.05e-01 8.26e-01)	4.643056e+00 4.626106e+00 : 5.793227e-01
8216(1000) (3.36e+00 3.47e+00) XE:3.47e-01 (1.27e+00 1.25e+00 | 8.56e-01 8.26e-01)	4.642953e+00 4.625502e+00 : 5.792784e-01
8229(1002) (4.27e+00 3.47e+00) XE:3.47e-01 (1.25e+00 1.25e+00 | 7.97e-01 8.26e-01)	4.642995e+00 4.625683e+00 : 5.792923e-01
8241(1001) (3.55e+00 3.47e+00) XE:3.47e-01 (1.24e+00 1.25e+00 | 8.36e-01 8.26e-01)	4.642909e+00 4.625344e+00 : 5.792658e-01
8254(976) (3.63e+00 3.47e+00) XE:3.47e-01 (1.27e+00 1.25e+00 | 8.29e-01 8.26e-01)	4.641937e+00 4.624352e+00 : 5.791431e-01
8266(1000) (3.24e+00 3.47e+00) XE:3.47e-01 (1.26e+00 1.25e+00 | 8.09e-01 8.26e-01)	4.641629e+00 4.623967e+00 : 5.790998e-01
8278(1004) (3.62e+00 3.47e+00) XE:3.47e-01 (1.28e+00 1.25e+00 | 8.29e-01 8.26e-01)	4.641660e+00 4.623981e+00 : 5.791025e-01
8291(989) (4.13e+00 3.47e+00) XE:3.47e-01 (1.24e+00 1.25e+00 | 7.53e-01 8.26e-01)	4.641213e+00 4.623494e+00 : 5.790442e-01
8303(1000) (3.14e+00 3.47e+00) XE:3.47e-01 (1.26e+00 1.25e+00 | 7.57e-01 8.26e-01)	4.641007e+00 4.623053e+00 : 5.790038e-01
8316(1007) (3.05e+00 3.47e+00) XE:3.47e-01 (1.24e+00 1.25e+00 | 8.19e-01 8.26e-01)	4.640627e+00 4.622978e+00 : 5.789753e-01
8328(991) (4.68e+00 3.47e+00) XE:3.47e-01 (1.25e+00 1.25e+00 | 7.53e-01 8.26e-01)	4.640185e+00 4.622818e+00 : 5.789377e-01
8340(1000) (3.65e+00 3.47e+00) XE:3.47e-01 (1.26e+00 1.25e+00 | 8.50e-01 8.26e-01)	4.640084e+00 4.622682e+00 : 5.789229e-01
8353(1014) (3.38e+00 3.47e+00) XE:3.47e-01 (1.23e+00 1.25e+00 | 7.75e-01 8.26e-01)	4.639999e+00 4.622669e+00 : 5.789167e-01
8365(995) (3.62e+00 3.47e+00) XE:3.47e-01 (1.25e+00 1.25e+00 | 7.91e-01 8.26e-01)	4.639622e+00 4.622316e+00 : 5.788711e-01
8378(989) (3.45e+00 3.47e+00) XE:3.47e-01 (1.24e+00 1.25e+00 | 8.56e-01 8.26e-01)	4.639579e+00 4.622304e+00 : 5.788677e-01
8390(1001) (3.53e+00 3.47e+00) XE:3.47e-01 (1.26e+00 1.25e+00 | 8.62e-01 8.26e-01)	4.639149e+00 4.622026e+00 : 5.788234e-01
8402(982) (5.18e+00 3.47e+00) XE:3.47e-01 (1.23e+00 1.25e+00 | 8.68e-01 8.26e-01)	4.638864e+00 4.621773e+00 : 5.787898e-01
8415(991) (3.94e+00 3.47e+00) XE:3.47e-01 (1.26e+00 1.25e+00 | 7.87e-01 8.26e-01)	4.638684e+00 4.621698e+00 : 5.787739e-01
8427(1021) (3.94e+00 3.47e+00) XE:3.47e-01 (1.23e+00 1.25e+00 | 8.09e-01 8.26e-01)	4.638799e+00 4.621731e+00 : 5.787831e-01
8440(1011) (3.03e+00 3.47e+00) XE:3.47e-01 (1.23e+00 1.25e+00 | 7.97e-01 8.26e-01)	4.638922e+00 4.621816e+00 : 5.787962e-01
8452(1006) (3.21e+00 3.47e+00) XE:3.47e-01 (1.25e+00 1.25e+00 | 8.54e-01 8.26e-01)	4.638393e+00 4.621555e+00 : 5.787467e-01
8464(1003) (2.97e+00 3.47e+00) XE:3.47e-01 (1.24e+00 1.25e+00 | 8.31e-01 8.26e-01)	4.638656e+00 4.621760e+00 : 5.787760e-01
8477(992) (4.40e+00 3.47e+00) XE:3.47e-01 (1.25e+00 1.25e+00 | 8.48e-01 8.26e-01)	4.638751e+00 4.621848e+00 : 5.787874e-01
8489(999) (3.44e+00 3.47e+00) XE:3.47e-01 (1.26e+00 1.25e+00 | 7.55e-01 8.26e-01)	4.638490e+00 4.621653e+00 : 5.787590e-01
8502(1024) (2.97e+00 3.47e+00) XE:3.47e-01 (1.24e+00 1.25e+00 | 8.50e-01 8.26e-01)	4.638168e+00 4.621336e+00 : 5.787190e-01
8514(998) (3.51e+00 3.47e+00) XE:3.47e-01 (1.26e+00 1.25e+00 | 8.46e-01 8.26e-01)	4.638205e+00 4.621446e+00 : 5.787282e-01
8526(1004) (4.02e+00 3.47e+00) XE:3.47e-01 (1.28e+00 1.25e+00 | 9.04e-01 8.26e-01)	4.638160e+00 4.621427e+00 : 5.787242e-01
8539(992) (3.48e+00 3.47e+00) XE:3.47e-01 (1.24e+00 1.25e+00 | 8.38e-01 8.26e-01)	4.638204e+00 4.621520e+00 : 5.787327e-01
8551(985) (3.20e+00 3.47e+00) XE:3.47e-01 (1.26e+00 1.25e+00 | 8.23e-01 8.26e-01)	4.637564e+00 4.620884e+00 : 5.786530e-01
8564(1002) (3.43e+00 3.47e+00) XE:3.47e-01 (1.24e+00 1.25e+00 | 8.74e-01 8.26e-01)	4.636228e+00 4.619409e+00 : 5.784773e-01
8576(1014) (3.50e+00 3.47e+00) XE:3.47e-01 (1.23e+00 1.25e+00 | 8.76e-01 8.26e-01)	4.635743e+00 4.619032e+00 : 5.784234e-01
8588(984) (3.50e+00 3.47e+00) XE:3.47e-01 (1.29e+00 1.25e+00 | 8.64e-01 8.26e-01)	4.635851e+00 4.619241e+00 : 5.784432e-01
8601(985) (3.20e+00 3.47e+00) XE:3.47e-01 (1.29e+00 1.25e+00 | 8.23e-01 8.26e-01)	4.636317e+00 4.619610e+00 : 5.784954e-01
8613(1000) (3.74e+00 3.47e+00) XE:3.47e-01 (1.29e+00 1.25e+00 | 8.58e-01 8.26e-01)	4.636478e+00 4.619821e+00 : 5.785187e-01
8625(997) (3.88e+00 3.47e+00) XE:3.47e-01 (1.24e+00 1.25e+00 | 8.52e-01 8.26e-01)	4.635796e+00 4.619020e+00 : 5.784260e-01
8638(1009) (3.45e+00 3.47e+00) XE:3.47e-01 (1.22e+00 1.25e+00 | 8.15e-01 8.26e-01)	4.635582e+00 4.618839e+00 : 5.784013e-01
8650(991) (3.78e+00 3.47e+00) XE:3.47e-01 (1.23e+00 1.25e+00 | 8.07e-01 8.26e-01)	4.635051e+00 4.618355e+00 : 5.783379e-01
8663(997) (2.82e+00 3.47e+00) XE:3.47e-01 (1.23e+00 1.25e+00 | 9.14e-01 8.26e-01)	4.634360e+00 4.617507e+00 : 5.782417e-01
8675(1013) (3.06e+00 3.47e+00) XE:3.47e-01 (1.24e+00 1.25e+00 | 8.62e-01 8.26e-01)	4.634747e+00 4.617877e+00 : 5.782890e-01
8687(1001) (2.79e+00 3.47e+00) XE:3.47e-01 (1.22e+00 1.25e+00 | 8.40e-01 8.26e-01)	4.632594e+00 4.615769e+00 : 5.780227e-01
8700(1000) (3.15e+00 3.47e+00) XE:3.47e-01 (1.25e+00 1.25e+00 | 8.01e-01 8.26e-01)	4.632198e+00 4.615518e+00 : 5.779822e-01
8712(1000) (2.61e+00 3.47e+00) XE:3.47e-01 (1.25e+00 1.25e+00 | 9.08e-01 8.26e-01)	4.632693e+00 4.616108e+00 : 5.780501e-01
8725(992) (3.42e+00 3.47e+00) XE:3.47e-01 (1.29e+00 1.25e+00 | 8.13e-01 8.26e-01)	4.632679e+00 4.616145e+00 : 5.780514e-01
8737(1009) (2.99e+00 3.47e+00) XE:3.47e-01 (1.26e+00 1.25e+00 | 7.71e-01 8.26e-01)	4.632901e+00 4.616404e+00 : 5.780816e-01
8749(997) (3.77e+00 3.47e+00) XE:3.47e-01 (1.21e+00 1.25e+00 | 8.64e-01 8.26e-01)	4.633062e+00 4.616594e+00 : 5.781035e-01
8762(1012) (2.88e+00 3.47e+00) XE:3.47e-01 (1.22e+00 1.25e+00 | 8.23e-01 8.26e-01)	4.633346e+00 4.616791e+00 : 5.781336e-01
8774(1009) (3.00e+00 3.47e+00) XE:3.47e-01 (1.25e+00 1.25e+00 | 8.27e-01 8.26e-01)	4.633003e+00 4.616366e+00 : 5.780855e-01
8787(1004) (3.24e+00 3.47e+00) XE:3.47e-01 (1.26e+00 1.25e+00 | 8.29e-01 8.26e-01)	4.632463e+00 4.615758e+00 : 5.780138e-01
8799(996) (5.71e+00 3.47e+00) XE:3.47e-01 (1.25e+00 1.25e+00 | 7.79e-01 8.26e-01)	4.631872e+00 4.615124e+00 : 5.779373e-01
8811(1011) (3.51e+00 3.47e+00) XE:3.47e-01 (1.23e+00 1.25e+00 | 8.31e-01 8.26e-01)	4.631430e+00 4.614673e+00 : 5.778814e-01
8824(994) (3.63e+00 3.47e+00) XE:3.47e-01 (1.27e+00 1.25e+00 | 7.25e-01 8.26e-01)	4.630817e+00 4.614116e+00 : 5.778083e-01
8836(986) (3.88e+00 3.47e+00) XE:3.47e-01 (1.24e+00 1.25e+00 | 7.93e-01 8.26e-01)	4.630633e+00 4.613739e+00 : 5.777733e-01
8848(989) (3.30e+00 3.47e+00) XE:3.47e-01 (1.24e+00 1.25e+00 | 8.31e-01 8.26e-01)	4.630719e+00 4.613805e+00 : 5.777827e-01
8861(993) (3.19e+00 3.47e+00) XE:3.47e-01 (1.24e+00 1.25e+00 | 8.58e-01 8.26e-01)	4.631408e+00 4.614432e+00 : 5.778650e-01
8873(996) (4.06e+00 3.47e+00) XE:3.47e-01 (1.24e+00 1.25e+00 | 7.37e-01 8.26e-01)	4.630906e+00 4.613982e+00 : 5.778055e-01
8886(994) (3.49e+00 3.47e+00) XE:3.47e-01 (1.27e+00 1.25e+00 | 7.99e-01 8.26e-01)	4.631080e+00 4.613895e+00 : 5.778110e-01
8898(999) (4.18e+00 3.47e+00) XE:3.47e-01 (1.22e+00 1.25e+00 | 7.93e-01 8.26e-01)	4.630725e+00 4.613645e+00 : 5.777731e-01
8911(1012) (3.66e+00 3.47e+00) XE:3.47e-01 (1.24e+00 1.25e+00 | 7.95e-01 8.26e-01)	4.630875e+00 4.613921e+00 : 5.777997e-01
8923(991) (4.10e+00 3.47e+00) XE:3.47e-01 (1.25e+00 1.25e+00 | 8.68e-01 8.26e-01)	4.631078e+00 4.613932e+00 : 5.778132e-01
8935(1010) (3.32e+00 3.47e+00) XE:3.47e-01 (1.25e+00 1.25e+00 | 8.64e-01 8.26e-01)	4.631319e+00 4.614155e+00 : 5.778421e-01
8948(998) (3.50e+00 3.47e+00) XE:3.47e-01 (1.23e+00 1.25e+00 | 7.61e-01 8.26e-01)	4.631040e+00 4.613687e+00 : 5.777954e-01
8960(1018) (2.41e+00 3.47e+00) XE:3.47e-01 (1.24e+00 1.25e+00 | 8.29e-01 8.26e-01)	4.631352e+00 4.613978e+00 : 5.778331e-01
8972(1003) (3.49e+00 3.47e+00) XE:3.47e-01 (1.28e+00 1.25e+00 | 7.97e-01 8.26e-01)	4.630975e+00 4.613500e+00 : 5.777797e-01
8985(1010) (3.23e+00 3.47e+00) XE:3.47e-01 (1.23e+00 1.25e+00 | 8.42e-01 8.26e-01)	4.630820e+00 4.613273e+00 : 5.777558e-01
8997(982) (3.57e+00 3.47e+00) XE:3.47e-01 (1.26e+00 1.25e+00 | 8.34e-01 8.26e-01)	4.630291e+00 4.612719e+00 : 5.776882e-01
9010(1014) (3.13e+00 3.47e+00) XE:3.47e-01 (1.24e+00 1.25e+00 | 8.29e-01 8.26e-01)	4.630733e+00 4.613099e+00 : 5.777395e-01
9022(988) (4.14e+00 3.47e+00) XE:3.47e-01 (1.23e+00 1.25e+00 | 7.89e-01 8.26e-01)	4.630385e+00 4.612814e+00 : 5.776999e-01
9034(1004) (3.56e+00 3.47e+00) XE:3.47e-01 (1.24e+00 1.25e+00 | 7.97e-01 8.26e-01)	4.630288e+00 4.612933e+00 : 5.777013e-01
9047(1004) (3.34e+00 3.47e+00) XE:3.47e-01 (1.24e+00 1.25e+00 | 8.66e-01 8.26e-01)	4.629815e+00 4.612666e+00 : 5.776551e-01
9059(998) (4.21e+00 3.47e+00) XE:3.47e-01 (1.30e+00 1.25e+00 | 8.52e-01 8.26e-01)	4.629440e+00 4.612125e+00 : 5.775978e-01
9071(1000) (3.43e+00 3.47e+00) XE:3.47e-01 (1.23e+00 1.25e+00 | 8.42e-01 8.26e-01)	4.629625e+00 4.611986e+00 : 5.776007e-01
9084(1022) (2.70e+00 3.47e+00) XE:3.47e-01 (1.26e+00 1.25e+00 | 8.36e-01 8.26e-01)	4.629231e+00 4.611650e+00 : 5.775550e-01
9096(1023) (3.07e+00 3.47e+00) XE:3.47e-01 (1.25e+00 1.25e+00 | 7.99e-01 8.26e-01)	4.629729e+00 4.612117e+00 : 5.776153e-01
9109(996) (3.38e+00 3.47e+00) XE:3.47e-01 (1.30e+00 1.25e+00 | 8.54e-01 8.26e-01)	4.630024e+00 4.612265e+00 : 5.776431e-01
9121(1008) (4.18e+00 3.47e+00) XE:3.47e-01 (1.25e+00 1.25e+00 | 8.27e-01 8.26e-01)	4.630179e+00 4.612269e+00 : 5.776530e-01
9133(988) (3.58e+00 3.47e+00) XE:3.47e-01 (1.26e+00 1.25e+00 | 8.07e-01 8.26e-01)	4.629448e+00 4.611607e+00 : 5.775660e-01
9146(994) (2.87e+00 3.47e+00) XE:3.47e-01 (1.25e+00 1.25e+00 | 7.51e-01 8.26e-01)	4.629566e+00 4.611595e+00 : 5.775725e-01
9158(998) (3.59e+00 3.47e+00) XE:3.47e-01 (1.24e+00 1.25e+00 | 8.27e-01 8.26e-01)	4.629026e+00 4.611162e+00 : 5.775117e-01
9170(1002) (3.23e+00 3.47e+00) XE:3.47e-01 (1.26e+00 1.25e+00 | 7.91e-01 8.26e-01)	4.628242e+00 4.610487e+00 : 5.774206e-01
9183(1001) (3.23e+00 3.47e+00) XE:3.47e-01 (1.26e+00 1.25e+00 | 7.85e-01 8.26e-01)	4.628461e+00 4.610677e+00 : 5.774461e-01
9195(988) (3.11e+00 3.47e+00) XE:3.47e-01 (1.25e+00 1.25e+00 | 8.62e-01 8.26e-01)	4.628623e+00 4.611040e+00 : 5.774789e-01
9208(990) (4.02e+00 3.47e+00) XE:3.47e-01 (1.27e+00 1.25e+00 | 8.86e-01 8.26e-01)	4.628430e+00 4.610648e+00 : 5.774424e-01
9220(994) (3.50e+00 3.47e+00) XE:3.47e-01 (1.23e+00 1.25e+00 | 7.79e-01 8.26e-01)	4.628283e+00 4.610644e+00 : 5.774329e-01
9232(1005) (3.16e+00 3.47e+00) XE:3.47e-01 (1.27e+00 1.25e+00 | 8.40e-01 8.26e-01)	4.627725e+00 4.610051e+00 : 5.773610e-01
9245(1009) (3.84e+00 3.47e+00) XE:3.47e-01 (1.27e+00 1.25e+00 | 7.69e-01 8.26e-01)	4.627443e+00 4.609888e+00 : 5.773332e-01
9257(1011) (2.93e+00 3.47e+00) XE:3.47e-01 (1.29e+00 1.25e+00 | 7.61e-01 8.26e-01)	4.627630e+00 4.609958e+00 : 5.773492e-01
9270(1006) (2.77e+00 3.47e+00) XE:3.47e-01 (1.25e+00 1.25e+00 | 8.56e-01 8.26e-01)	4.627579e+00 4.609778e+00 : 5.773348e-01
9283(981) (3.72e+00 3.47e+00) XE:3.47e-01 (1.22e+00 1.25e+00 | 8.09e-01 8.26e-01)	4.627843e+00 4.610055e+00 : 5.773686e-01
9298(1016) (3.33e+00 3.47e+00) XE:3.47e-01 (1.26e+00 1.25e+00 | 8.80e-01 8.26e-01)	4.628086e+00 4.610204e+00 : 5.773931e-01
9313(994) (3.29e+00 3.47e+00) XE:3.47e-01 (1.24e+00 1.25e+00 | 8.31e-01 8.26e-01)	4.628596e+00 4.610445e+00 : 5.774401e-01
9328(999) (2.77e+00 3.47e+00) XE:3.47e-01 (1.23e+00 1.25e+00 | 8.66e-01 8.26e-01)	4.628907e+00 4.610746e+00 : 5.774783e-01
9343(999) (2.95e+00 3.47e+00) XE:3.47e-01 (1.22e+00 1.25e+00 | 7.85e-01 8.26e-01)	4.629479e+00 4.611270e+00 : 5.775468e-01
9358(1004) (3.70e+00 3.47e+00) XE:3.47e-01 (1.27e+00 1.25e+00 | 8.13e-01 8.26e-01)	4.628755e+00 4.610442e+00 : 5.774498e-01
9373(1006) (3.36e+00 3.47e+00) XE:3.47e-01 (1.25e+00 1.25e+00 | 8.44e-01 8.26e-01)	4.628462e+00 4.609900e+00 : 5.773976e-01
9387(1004) (2.76e+00 3.47e+00) XE:3.47e-01 (1.26e+00 1.25e+00 | 8.92e-01 8.26e-01)	4.628496e+00 4.609769e+00 : 5.773916e-01
9402(998) (3.12e+00 3.47e+00) XE:3.47e-01 (1.24e+00 1.25e+00 | 8.34e-01 8.26e-01)	4.628602e+00 4.609737e+00 : 5.773962e-01
9417(1008) (2.99e+00 3.47e+00) XE:3.47e-01 (1.22e+00 1.25e+00 | 8.17e-01 8.26e-01)	4.628317e+00 4.609537e+00 : 5.773659e-01
9432(999) (4.07e+00 3.47e+00) XE:3.47e-01 (1.25e+00 1.25e+00 | 8.11e-01 8.26e-01)	4.627708e+00 4.608842e+00 : 5.772844e-01
9447(995) (4.19e+00 3.47e+00) XE:3.47e-01 (1.23e+00 1.25e+00 | 8.34e-01 8.26e-01)	4.627772e+00 4.608667e+00 : 5.772774e-01
9462(984) (3.59e+00 3.47e+00) XE:3.47e-01 (1.27e+00 1.25e+00 | 8.11e-01 8.26e-01)	4.627245e+00 4.608280e+00 : 5.772203e-01
9477(998) (3.83e+00 3.47e+00) XE:3.47e-01 (1.27e+00 1.25e+00 | 7.69e-01 8.26e-01)	4.626828e+00 4.607832e+00 : 5.771662e-01
9492(995) (3.61e+00 3.47e+00) XE:3.47e-01 (1.21e+00 1.25e+00 | 7.55e-01 8.26e-01)	4.626446e+00 4.607484e+00 : 5.771206e-01
9507(1008) (4.50e+00 3.47e+00) XE:3.47e-01 (1.22e+00 1.25e+00 | 7.83e-01 8.26e-01)	4.626212e+00 4.607089e+00 : 5.770813e-01
9522(998) (3.86e+00 3.47e+00) XE:3.47e-01 (1.25e+00 1.25e+00 | 8.68e-01 8.26e-01)	4.625847e+00 4.606818e+00 : 5.770415e-01
9536(1021) (3.54e+00 3.47e+00) XE:3.47e-01 (1.27e+00 1.25e+00 | 7.87e-01 8.26e-01)	4.625300e+00 4.606246e+00 : 5.769716e-01
9551(989) (3.79e+00 3.47e+00) XE:3.47e-01 (1.25e+00 1.25e+00 | 8.27e-01 8.26e-01)	4.624949e+00 4.605764e+00 : 5.769196e-01
9566(991) (3.92e+00 3.47e+00) XE:3.47e-01 (1.24e+00 1.25e+00 | 7.91e-01 8.26e-01)	4.623651e+00 4.604377e+00 : 5.767517e-01
9581(994) (3.52e+00 3.47e+00) XE:3.47e-01 (1.24e+00 1.25e+00 | 8.34e-01 8.26e-01)	4.623943e+00 4.604529e+00 : 5.767795e-01
9596(980) (4.37e+00 3.47e+00) XE:3.47e-01 (1.23e+00 1.25e+00 | 7.95e-01 8.26e-01)	4.623671e+00 4.604328e+00 : 5.767500e-01
9611(991) (3.04e+00 3.47e+00) XE:3.47e-01 (1.29e+00 1.25e+00 | 8.56e-01 8.26e-01)	4.623788e+00 4.604304e+00 : 5.767558e-01
9626(1007) (3.65e+00 3.47e+00) XE:3.47e-01 (1.27e+00 1.25e+00 | 8.88e-01 8.26e-01)	4.623642e+00 4.604033e+00 : 5.767297e-01
9641(1008) (2.85e+00 3.47e+00) XE:3.47e-01 (1.24e+00 1.25e+00 | 8.27e-01 8.26e-01)	4.622945e+00 4.603222e+00 : 5.766354e-01
9656(1003) (2.57e+00 3.47e+00) XE:3.47e-01 (1.25e+00 1.25e+00 | 8.86e-01 8.26e-01)	4.622785e+00 4.603073e+00 : 5.766161e-01
9671(995) (3.34e+00 3.47e+00) XE:3.47e-01 (1.25e+00 1.25e+00 | 9.12e-01 8.26e-01)	4.623261e+00 4.603633e+00 : 5.766809e-01
9686(1002) (4.17e+00 3.47e+00) XE:3.47e-01 (1.24e+00 1.25e+00 | 8.31e-01 8.26e-01)	4.623263e+00 4.603617e+00 : 5.766800e-01
9701(1007) (3.85e+00 3.47e+00) XE:3.47e-01 (1.27e+00 1.25e+00 | 8.44e-01 8.26e-01)	4.623427e+00 4.603761e+00 : 5.766993e-01
9715(1011) (3.51e+00 3.47e+00) XE:3.47e-01 (1.24e+00 1.25e+00 | 8.40e-01 8.26e-01)	4.622954e+00 4.603134e+00 : 5.766305e-01
9730(1004) (3.26e+00 3.47e+00) XE:3.47e-01 (1.24e+00 1.25e+00 | 7.59e-01 8.26e-01)	4.622345e+00 4.602467e+00 : 5.765508e-01
9745(990) (3.61e+00 3.47e+00) XE:3.47e-01 (1.26e+00 1.25e+00 | 7.57e-01 8.26e-01)	4.623059e+00 4.603028e+00 : 5.766304e-01
9760(975) (4.67e+00 3.47e+00) XE:3.47e-01 (1.23e+00 1.25e+00 | 8.46e-01 8.26e-01)	4.623247e+00 4.603150e+00 : 5.766498e-01
9775(997) (3.42e+00 3.47e+00) XE:3.47e-01 (1.26e+00 1.25e+00 | 8.11e-01 8.26e-01)	4.623572e+00 4.603559e+00 : 5.766957e-01
9790(1001) (3.04e+00 3.47e+00) XE:3.47e-01 (1.23e+00 1.25e+00 | 7.53e-01 8.26e-01)	4.622665e+00 4.602589e+00 : 5.765784e-01
9805(1004) (2.85e+00 3.47e+00) XE:3.47e-01 (1.25e+00 1.25e+00 | 8.23e-01 8.26e-01)	4.622257e+00 4.602010e+00 : 5.765167e-01
9820(999) (3.11e+00 3.47e+00) XE:3.47e-01 (1.26e+00 1.25e+00 | 8.40e-01 8.26e-01)	4.620916e+00 4.600707e+00 : 5.763515e-01
9835(1000) (2.95e+00 3.47e+00) XE:3.47e-01 (1.20e+00 1.25e+00 | 7.67e-01 8.26e-01)	4.620189e+00 4.599913e+00 : 5.762564e-01
9850(1021) (3.12e+00 3.47e+00) XE:3.47e-01 (1.26e+00 1.25e+00 | 8.13e-01 8.26e-01)	4.619541e+00 4.599200e+00 : 5.761713e-01
9864(1007) (2.80e+00 3.47e+00) XE:3.47e-01 (1.23e+00 1.25e+00 | 8.29e-01 8.26e-01)	4.619788e+00 4.599458e+00 : 5.762029e-01
9879(998) (2.81e+00 3.47e+00) XE:3.47e-01 (1.31e+00 1.25e+00 | 8.86e-01 8.26e-01)	4.620289e+00 4.599938e+00 : 5.762642e-01
9894(995) (3.98e+00 3.47e+00) XE:3.47e-01 (1.24e+00 1.25e+00 | 8.31e-01 8.26e-01)	4.620261e+00 4.600164e+00 : 5.762765e-01
9909(1003) (3.64e+00 3.47e+00) XE:3.47e-01 (1.21e+00 1.25e+00 | 7.25e-01 8.26e-01)	4.619728e+00 4.599831e+00 : 5.762224e-01
9924(1010) (3.04e+00 3.47e+00) XE:3.47e-01 (1.24e+00 1.25e+00 | 8.54e-01 8.26e-01)	4.618972e+00 4.598931e+00 : 5.761189e-01
9939(1004) (3.64e+00 3.47e+00) XE:3.47e-01 (1.25e+00 1.25e+00 | 8.74e-01 8.26e-01)	4.618400e+00 4.598428e+00 : 5.760517e-01
9954(999) (3.07e+00 3.47e+00) XE:3.47e-01 (1.22e+00 1.25e+00 | 7.89e-01 8.26e-01)	4.617651e+00 4.597757e+00 : 5.759630e-01
9969(1006) (3.85e+00 3.47e+00) XE:3.47e-01 (1.24e+00 1.25e+00 | 7.71e-01 8.26e-01)	4.616442e+00 4.596711e+00 : 5.758220e-01
9984(1013) (2.73e+00 3.47e+00) XE:3.47e-01 (1.25e+00 1.25e+00 | 8.62e-01 8.26e-01)	4.616468e+00 4.596455e+00 : 5.758077e-01
9999(996) (3.19e+00 3.47e+00) XE:3.47e-01 (1.25e+00 1.25e+00 | 8.29e-01 8.26e-01)	4.616292e+00 4.596638e+00 : 5.758081e-01
10000(997) (3.48e+00 3.47e+00) XE:3.47e-01 (1.24e+00 1.25e+00 | 8.72e-01 8.26e-01)	4.616285e+00 4.596610e+00 : 5.758059e-01
RL cnt: 0,6263164,1460194,233179,23977,1737,0,0,0,0,0,0,0,0,0,0,
BL cnt: 0,0,0,0,0,0,106184,0,1833098,0,6031693,0,1832213,0,106812,0,0,0,0,0,0,
4.616285e+00 4.596610e+00 : 5.758059e-01
# InnerCodebook: deleted
# NBIDSchannel: deleted
# Gtable: deleted
# FBalg4: deleted
# StatICB: deleted
