# (Pid,Ps)=(1.500000e-02,1.000000e-03) Nseg=1000 WinSize=10 [0]
# InnerCB: ICB/marker/5_1_0.bin
# Gtable:  Gtable/1/015_001.bin
# InnerCodebook: beta=1(4) nu=6
# InnerCodebook: B(B2p)=2(4) 2(4) 2(4) 2(4) 2(4) 0(1) 
# InnerCodebook: checked CWM, EncMap, DecMap
# beta=1(4) nu=6 N=1000 Dmax=20
# B=2,2,2,2,2,0,
# NBIDSchannel: N=1000 Q=4 Dmax=20 (Pid,Ps)=(1.500000e-02,1.000000e-03)
# FBalg4: Nseg=1000 Dmax=20(w=41)
# FBalg4: Gtable: Gtable/1/015_001.bin
# Gtable: beta=1 (Pid,Ps,Ptrn)=(1.500000e-02,1.000000e-03,9.700000e-01) Pth=1.000000e-10
# Gtable: beta4p=4 beta4pp=16
# Gtable::Gtable len=0 cnt=4
# Gtable::Gtable len=1 cnt=16
# Gtable::Gtable len=2 cnt=64
# FBalg4: beta=1(4) (Pid,Ps)=(1.500000e-02,1.000000e-03) Pth=1.000000e-10 N=1000
# StatICB: nu=6 beta=1 beta4p=4 Bsum=10 HdThNum=20 HdThStep=5.00e-02
# StatICB: B=2,2,2,2,2,0,
# StatICB: HdThList 9.50e-01,9.00e-01,8.50e-01,8.00e-01,7.50e-01,7.00e-01,6.50e-01,6.00e-01,5.50e-01,5.00e-01,4.50e-01,4.00e-01,3.50e-01,3.00e-01,2.50e-01,2.00e-01,1.50e-01,1.00e-01,5.00e-02,1.00e-10,
1795(1007) (1.74e-01 2.53e-01) XE:1.27e-01 (1.35e+00 1.33e+00 | 2.45e+00 2.64e+00)
3611(996) (4.52e-01 2.53e-01) XE:1.27e-01 (1.33e+00 1.33e+00 | 2.71e+00 2.64e+00)
5427(1000) (3.16e-01 2.51e-01) XE:1.26e-01 (1.30e+00 1.33e+00 | 2.34e+00 2.64e+00)
7239(1010) (1.42e-01 2.51e-01) XE:1.25e-01 (1.29e+00 1.33e+00 | 2.53e+00 2.64e+00)
9052(1004) (1.75e-01 2.51e-01) XE:1.26e-01 (1.33e+00 1.33e+00 | 2.64e+00 2.64e+00)
10000(1005) (2.66e-01 2.51e-01) XE:1.26e-01 (1.34e+00 1.33e+00 | 2.62e+00 2.64e+00)
RL cnt: 0,5617265,1404943,351455,87406,23025,3695,1552,583,194,62,20,1,2,0,1,
BL cnt: 31947,0,265309,0,953495,0,1985133,0,2618768,0,2257905,0,1266655,0,440353,0,83902,0,6533,0,0,
[00] Th=9.500000e-01: 1.604513e+00 1.558166e+00 1.549331e+00 1.559966e+00 1.602749e+00 0.000000e+00 : 7.874724e-01
[01] Th=9.000000e-01: 1.660795e+00 1.602803e+00 1.593539e+00 1.603843e+00 1.659251e+00 0.000000e+00 : 8.120231e-01
[02] Th=8.500000e-01: 1.675407e+00 1.623110e+00 1.611787e+00 1.623359e+00 1.673469e+00 0.000000e+00 : 8.207132e-01
[03] Th=8.000000e-01: 1.700159e+00 1.636517e+00 1.622793e+00 1.636874e+00 1.699756e+00 0.000000e+00 : 8.296099e-01
[04] Th=7.500000e-01: 1.704992e+00 1.640915e+00 1.626986e+00 1.641394e+00 1.704764e+00 0.000000e+00 : 8.319050e-01
[05] Th=7.000000e-01: 1.706240e+00 1.641804e+00 1.628263e+00 1.642641e+00 1.705595e+00 0.000000e+00 : 8.324545e-01
[06] Th=6.500000e-01: 1.702280e+00 1.637828e+00 1.625189e+00 1.638394e+00 1.702140e+00 0.000000e+00 : 8.305831e-01
[07] Th=6.000000e-01: 1.697830e+00 1.620886e+00 1.621505e+00 1.622298e+00 1.697200e+00 0.000000e+00 : 8.259719e-01
[08] Th=5.500000e-01: 1.691869e+00 1.614669e+00 1.615768e+00 1.615408e+00 1.690972e+00 0.000000e+00 : 8.228686e-01
[09] Th=5.000000e-01: 1.673989e+00 1.602636e+00 1.604693e+00 1.603375e+00 1.672990e+00 0.000000e+00 : 8.157684e-01
[10] Th=4.500000e-01: 1.671788e+00 1.597905e+00 1.565435e+00 1.599425e+00 1.671021e+00 0.000000e+00 : 8.105574e-01
[11] Th=4.000000e-01: 1.671540e+00 1.596860e+00 1.562736e+00 1.598261e+00 1.670698e+00 0.000000e+00 : 8.100096e-01
[12] Th=3.500000e-01: 1.671377e+00 1.596441e+00 1.561936e+00 1.597832e+00 1.670537e+00 0.000000e+00 : 8.098122e-01
[13] Th=3.000000e-01: 1.671356e+00 1.596348e+00 1.561591e+00 1.597710e+00 1.670520e+00 0.000000e+00 : 8.097525e-01
[14] Th=2.500000e-01: 1.671356e+00 1.596346e+00 1.561584e+00 1.597708e+00 1.670516e+00 0.000000e+00 : 8.097509e-01
[15] Th=2.000000e-01: 1.671356e+00 1.596346e+00 1.561584e+00 1.597708e+00 1.670516e+00 0.000000e+00 : 8.097509e-01
[16] Th=1.500000e-01: 1.671356e+00 1.596346e+00 1.561584e+00 1.597708e+00 1.670516e+00 0.000000e+00 : 8.097509e-01
[17] Th=1.000000e-01: 1.671356e+00 1.596346e+00 1.561584e+00 1.597708e+00 1.670516e+00 0.000000e+00 : 8.097509e-01
[18] Th=5.000000e-02: 1.671356e+00 1.596346e+00 1.561584e+00 1.597708e+00 1.670516e+00 0.000000e+00 : 8.097509e-01
[19] Th=1.000000e-10: 1.671356e+00 1.596346e+00 1.561584e+00 1.597708e+00 1.670516e+00 0.000000e+00 : 8.097509e-01
# InnerCodebook: deleted
# NBIDSchannel: deleted
# Gtable: deleted
# FBalg4: deleted
# StatICB: deleted
