# (Pid,Ps)=(2.000000e-02,1.000000e-03) Nseg=1000 WinSize=10 [0]
# InnerCB: ICB/marker/5_1_0.bin
# Gtable:  Gtable/1/020_001.bin
# InnerCodebook: beta=1(4) nu=6
# InnerCodebook: B(B2p)=2(4) 2(4) 2(4) 2(4) 2(4) 0(1) 
# InnerCodebook: checked CWM, EncMap, DecMap
# beta=1(4) nu=6 N=1000 Dmax=25
# B=2,2,2,2,2,0,
# NBIDSchannel: N=1000 Q=4 Dmax=25 (Pid,Ps)=(2.000000e-02,1.000000e-03)
# FBalg4: Nseg=1000 Dmax=25(w=51)
# FBalg4: Gtable: Gtable/1/020_001.bin
# Gtable: beta=1 (Pid,Ps,Ptrn)=(2.000000e-02,1.000000e-03,9.600000e-01) Pth=1.000000e-10
# Gtable: beta4p=4 beta4pp=16
# Gtable::Gtable len=0 cnt=4
# Gtable::Gtable len=1 cnt=16
# Gtable::Gtable len=2 cnt=64
# FBalg4: beta=1(4) (Pid,Ps)=(2.000000e-02,1.000000e-03) Pth=1.000000e-10 N=1000
# StatICB: nu=6 beta=1 beta4p=4 Bsum=10 HdThNum=20 HdThStep=5.00e-02
# StatICB: B=2,2,2,2,2,0,
# StatICB: HdThList 9.50e-01,9.00e-01,8.50e-01,8.00e-01,7.50e-01,7.00e-01,6.50e-01,6.00e-01,5.50e-01,5.00e-01,4.50e-01,4.00e-01,3.50e-01,3.00e-01,2.50e-01,2.00e-01,1.50e-01,1.00e-01,5.00e-02,1.00e-10,
1163(1004) (2.45e-01 3.42e-01) XE:1.71e-01 (1.29e+00 1.33e+00 | 2.56e+00 2.64e+00)
2412(1004) (3.66e-01 3.43e-01) XE:1.72e-01 (1.36e+00 1.33e+00 | 2.91e+00 2.64e+00)
3660(1012) (3.00e-01 3.45e-01) XE:1.72e-01 (1.34e+00 1.33e+00 | 2.61e+00 2.64e+00)
4908(1000) (3.61e-01 3.43e-01) XE:1.72e-01 (1.33e+00 1.33e+00 | 2.42e+00 2.64e+00)
6157(995) (2.82e-01 3.43e-01) XE:1.71e-01 (1.31e+00 1.33e+00 | 2.55e+00 2.64e+00)
7407(1006) (2.43e-01 3.43e-01) XE:1.71e-01 (1.34e+00 1.33e+00 | 2.35e+00 2.64e+00)
8657(997) (2.75e-01 3.42e-01) XE:1.71e-01 (1.32e+00 1.33e+00 | 2.86e+00 2.64e+00)
9906(1004) (2.71e-01 3.42e-01) XE:1.71e-01 (1.35e+00 1.33e+00 | 2.86e+00 2.64e+00)
10000(1006) (3.13e-01 3.42e-01) XE:1.71e-01 (1.35e+00 1.33e+00 | 2.66e+00 2.64e+00)
RL cnt: 0,5619226,1403397,351569,87264,23261,3675,1587,604,184,62,23,4,1,0,0,
BL cnt: 31795,0,263305,0,953164,0,1984984,0,2622371,0,2258529,0,1266993,0,438517,0,83748,0,6594,0,0,
[00] Th=9.500000e-01: 1.416814e+00 1.361715e+00 1.350888e+00 1.364098e+00 1.414736e+00 0.000000e+00 : 6.908251e-01
[01] Th=9.000000e-01: 1.521479e+00 1.450914e+00 1.440790e+00 1.452842e+00 1.519629e+00 0.000000e+00 : 7.385654e-01
[02] Th=8.500000e-01: 1.549972e+00 1.484631e+00 1.470545e+00 1.486916e+00 1.548270e+00 0.000000e+00 : 7.540335e-01
[03] Th=8.000000e-01: 1.586629e+00 1.506436e+00 1.489331e+00 1.507733e+00 1.585210e+00 0.000000e+00 : 7.675339e-01
[04] Th=7.500000e-01: 1.595497e+00 1.515265e+00 1.498329e+00 1.516611e+00 1.594178e+00 0.000000e+00 : 7.719879e-01
[05] Th=7.000000e-01: 1.599177e+00 1.520055e+00 1.505467e+00 1.521484e+00 1.598674e+00 0.000000e+00 : 7.744857e-01
[06] Th=6.500000e-01: 1.596039e+00 1.517761e+00 1.504209e+00 1.519061e+00 1.596613e+00 0.000000e+00 : 7.733683e-01
[07] Th=6.000000e-01: 1.591545e+00 1.504796e+00 1.500367e+00 1.505715e+00 1.591206e+00 0.000000e+00 : 7.693629e-01
[08] Th=5.500000e-01: 1.583372e+00 1.497321e+00 1.492861e+00 1.497954e+00 1.582661e+00 0.000000e+00 : 7.654169e-01
[09] Th=5.000000e-01: 1.564586e+00 1.484076e+00 1.480065e+00 1.484004e+00 1.563666e+00 0.000000e+00 : 7.576398e-01
[10] Th=4.500000e-01: 1.560981e+00 1.479119e+00 1.444367e+00 1.479114e+00 1.560297e+00 0.000000e+00 : 7.523879e-01
[11] Th=4.000000e-01: 1.560334e+00 1.477080e+00 1.439541e+00 1.477241e+00 1.559651e+00 0.000000e+00 : 7.513848e-01
[12] Th=3.500000e-01: 1.559860e+00 1.476313e+00 1.438109e+00 1.476422e+00 1.559210e+00 0.000000e+00 : 7.509914e-01
[13] Th=3.000000e-01: 1.559779e+00 1.476188e+00 1.437564e+00 1.476241e+00 1.559136e+00 0.000000e+00 : 7.508908e-01
[14] Th=2.500000e-01: 1.559776e+00 1.476177e+00 1.437549e+00 1.476223e+00 1.559130e+00 0.000000e+00 : 7.508855e-01
[15] Th=2.000000e-01: 1.559776e+00 1.476177e+00 1.437549e+00 1.476223e+00 1.559130e+00 0.000000e+00 : 7.508855e-01
[16] Th=1.500000e-01: 1.559776e+00 1.476177e+00 1.437549e+00 1.476223e+00 1.559130e+00 0.000000e+00 : 7.508855e-01
[17] Th=1.000000e-01: 1.559776e+00 1.476177e+00 1.437549e+00 1.476223e+00 1.559130e+00 0.000000e+00 : 7.508855e-01
[18] Th=5.000000e-02: 1.559776e+00 1.476177e+00 1.437549e+00 1.476223e+00 1.559130e+00 0.000000e+00 : 7.508855e-01
[19] Th=1.000000e-10: 1.559776e+00 1.476177e+00 1.437549e+00 1.476223e+00 1.559130e+00 0.000000e+00 : 7.508855e-01
# InnerCodebook: deleted
# NBIDSchannel: deleted
# Gtable: deleted
# FBalg4: deleted
# StatICB: deleted
