# (Pid,Ps)=(3.500000e-02,1.000000e-02) Nseg=200 WinSize=10 [0]
# InnerCB: ICB/1/5_09_1.bin
# Gtable:  Gtable/5/035_010.bin
# InnerCodebook: beta=5(1024) nu=1
# InnerCodebook: B(B2p)=9(512) 
# InnerCodebook: checked CWM, EncMap, DecMap
# beta=5(1024) N=1000 Dmax=40
# NBIDSchannel: N=1000 Q=4 Dmax=40 (Pid,Ps)=(3.500000e-02,1.000000e-02)
# FBalg4: Nseg=200 Dmax=40(w=81)
# FBalg4: Gtable: Gtable/5/035_010.bin
# Gtable: beta=5 (Pid,Ps,Ptrn)=(3.500000e-02,1.000000e-02,9.300000e-01) Pth=1.000000e-10
# Gtable: beta4p=1024 beta4pp=1048576
# Gtable::Gtable len=0 cnt=1024
# Gtable::Gtable len=1 cnt=4096
# Gtable::Gtable len=2 cnt=16384
# Gtable::Gtable len=3 cnt=65536
# Gtable::Gtable len=4 cnt=241636
# Gtable::Gtable len=5 cnt=804508
# Gtable::Gtable len=6 cnt=1541824
# Gtable::Gtable len=7 cnt=2016904
# Gtable::Gtable len=8 cnt=1264036
# Gtable::Gtable len=9 cnt=100348
# Gtable::Gtable len=10 cnt=31744
# FBalg4: beta=5(1024) (Pid,Ps)=(3.500000e-02,1.000000e-02) Pth=1.000000e-10 N=1000
0020(1002) (5.36e+00 5.21e+00) XE:5.21e-01 (1.21e+00 1.21e+00 | 1.31e+00 1.23e+00)
0040(1002) (4.41e+00 5.09e+00) XE:5.09e-01 (1.21e+00 1.21e+00 | 1.33e+00 1.24e+00)
0060(995) (5.24e+00 5.05e+00) XE:5.05e-01 (1.21e+00 1.21e+00 | 1.26e+00 1.24e+00)
0080(996) (6.06e+00 5.01e+00) XE:5.01e-01 (1.20e+00 1.21e+00 | 1.33e+00 1.24e+00)
0099(999) (3.57e+00 5.00e+00) XE:5.00e-01 (1.21e+00 1.21e+00 | 1.21e+00 1.24e+00)
0119(1009) (4.90e+00 5.01e+00) XE:5.01e-01 (1.22e+00 1.21e+00 | 1.16e+00 1.24e+00)
0139(998) (4.67e+00 4.99e+00) XE:4.99e-01 (1.19e+00 1.21e+00 | 1.37e+00 1.24e+00)
0159(990) (4.99e+00 4.97e+00) XE:4.97e-01 (1.24e+00 1.21e+00 | 1.32e+00 1.25e+00)
0179(997) (4.91e+00 4.97e+00) XE:4.97e-01 (1.19e+00 1.21e+00 | 1.22e+00 1.24e+00)
0199(992) (4.78e+00 4.98e+00) XE:4.98e-01 (1.21e+00 1.21e+00 | 1.29e+00 1.24e+00)
0219(1003) (4.72e+00 4.95e+00) XE:4.95e-01 (1.22e+00 1.21e+00 | 1.32e+00 1.24e+00)
0239(1011) (4.03e+00 4.94e+00) XE:4.94e-01 (1.21e+00 1.21e+00 | 1.18e+00 1.24e+00)
0259(1005) (3.93e+00 4.94e+00) XE:4.94e-01 (1.21e+00 1.21e+00 | 1.12e+00 1.24e+00)
0279(1000) (4.84e+00 4.94e+00) XE:4.94e-01 (1.23e+00 1.21e+00 | 1.37e+00 1.25e+00)
0299(1002) (5.26e+00 4.95e+00) XE:4.95e-01 (1.22e+00 1.21e+00 | 1.19e+00 1.25e+00)
0319(1000) (4.33e+00 4.94e+00) XE:4.94e-01 (1.22e+00 1.21e+00 | 1.19e+00 1.25e+00)
0339(1004) (4.89e+00 4.96e+00) XE:4.96e-01 (1.22e+00 1.21e+00 | 1.21e+00 1.25e+00)
0358(1000) (3.83e+00 4.95e+00) XE:4.95e-01 (1.21e+00 1.21e+00 | 1.22e+00 1.25e+00)
0378(1004) (4.48e+00 4.95e+00) XE:4.95e-01 (1.23e+00 1.21e+00 | 1.32e+00 1.25e+00)
0398(996) (4.44e+00 4.94e+00) XE:4.94e-01 (1.22e+00 1.21e+00 | 1.25e+00 1.25e+00)
0418(1016) (4.42e+00 4.93e+00) XE:4.93e-01 (1.19e+00 1.21e+00 | 1.15e+00 1.25e+00)
0438(1024) (4.27e+00 4.92e+00) XE:4.92e-01 (1.20e+00 1.21e+00 | 1.27e+00 1.25e+00)
0458(994) (4.85e+00 4.93e+00) XE:4.93e-01 (1.20e+00 1.21e+00 | 1.29e+00 1.25e+00)
0478(987) (6.33e+00 4.93e+00) XE:4.93e-01 (1.24e+00 1.21e+00 | 1.25e+00 1.25e+00)
0498(987) (5.00e+00 4.94e+00) XE:4.94e-01 (1.20e+00 1.21e+00 | 1.21e+00 1.25e+00)
0518(1000) (5.24e+00 4.94e+00) XE:4.94e-01 (1.21e+00 1.21e+00 | 1.21e+00 1.25e+00)
0538(1008) (5.19e+00 4.93e+00) XE:4.93e-01 (1.22e+00 1.21e+00 | 1.28e+00 1.25e+00)
0558(998) (4.19e+00 4.93e+00) XE:4.93e-01 (1.23e+00 1.21e+00 | 1.26e+00 1.25e+00)
0578(1004) (4.39e+00 4.93e+00) XE:4.93e-01 (1.23e+00 1.21e+00 | 1.27e+00 1.25e+00)
0598(993) (5.59e+00 4.94e+00) XE:4.94e-01 (1.20e+00 1.21e+00 | 1.20e+00 1.25e+00)
0618(1004) (5.54e+00 4.94e+00) XE:4.94e-01 (1.23e+00 1.21e+00 | 1.22e+00 1.25e+00)
0638(1014) (4.73e+00 4.94e+00) XE:4.94e-01 (1.22e+00 1.21e+00 | 1.20e+00 1.25e+00)
0657(1012) (4.23e+00 4.94e+00) XE:4.94e-01 (1.20e+00 1.21e+00 | 1.27e+00 1.25e+00)
0677(999) (4.44e+00 4.93e+00) XE:4.93e-01 (1.19e+00 1.21e+00 | 1.27e+00 1.25e+00)
0697(1009) (4.54e+00 4.94e+00) XE:4.94e-01 (1.24e+00 1.21e+00 | 1.21e+00 1.25e+00)
0717(999) (4.36e+00 4.92e+00) XE:4.92e-01 (1.22e+00 1.21e+00 | 1.29e+00 1.25e+00)
0737(1004) (5.10e+00 4.93e+00) XE:4.93e-01 (1.22e+00 1.21e+00 | 1.29e+00 1.25e+00)
0757(990) (5.16e+00 4.93e+00) XE:4.93e-01 (1.21e+00 1.21e+00 | 1.22e+00 1.25e+00)
0777(998) (5.03e+00 4.93e+00) XE:4.93e-01 (1.22e+00 1.21e+00 | 1.25e+00 1.25e+00)
0797(998) (4.12e+00 4.94e+00) XE:4.94e-01 (1.19e+00 1.21e+00 | 1.24e+00 1.25e+00)
0817(996) (5.03e+00 4.94e+00) XE:4.94e-01 (1.22e+00 1.21e+00 | 1.25e+00 1.25e+00)
0837(1003) (4.61e+00 4.94e+00) XE:4.94e-01 (1.20e+00 1.21e+00 | 1.22e+00 1.25e+00)
0857(1002) (5.77e+00 4.94e+00) XE:4.94e-01 (1.19e+00 1.21e+00 | 1.22e+00 1.25e+00)
0877(997) (4.93e+00 4.95e+00) XE:4.95e-01 (1.20e+00 1.21e+00 | 1.36e+00 1.25e+00)
0897(993) (5.86e+00 4.95e+00) XE:4.95e-01 (1.21e+00 1.21e+00 | 1.27e+00 1.25e+00)
0917(1008) (5.03e+00 4.95e+00) XE:4.95e-01 (1.20e+00 1.21e+00 | 1.32e+00 1.25e+00)
0936(1011) (4.20e+00 4.95e+00) XE:4.95e-01 (1.21e+00 1.21e+00 | 1.30e+00 1.25e+00)
0956(999) (5.06e+00 4.95e+00) XE:4.95e-01 (1.18e+00 1.21e+00 | 1.16e+00 1.25e+00)
0976(993) (5.01e+00 4.95e+00) XE:4.95e-01 (1.19e+00 1.21e+00 | 1.22e+00 1.25e+00)
0996(1015) (5.44e+00 4.95e+00) XE:4.95e-01 (1.20e+00 1.21e+00 | 1.29e+00 1.25e+00)
1016(1006) (5.64e+00 4.95e+00) XE:4.95e-01 (1.22e+00 1.21e+00 | 1.23e+00 1.25e+00)
1036(1021) (4.33e+00 4.95e+00) XE:4.95e-01 (1.21e+00 1.21e+00 | 1.33e+00 1.25e+00)
1056(998) (4.93e+00 4.95e+00) XE:4.95e-01 (1.21e+00 1.21e+00 | 1.29e+00 1.25e+00)
1076(987) (5.09e+00 4.95e+00) XE:4.95e-01 (1.21e+00 1.21e+00 | 1.07e+00 1.25e+00)
1096(1001) (4.62e+00 4.95e+00) XE:4.95e-01 (1.23e+00 1.21e+00 | 1.20e+00 1.25e+00)
1116(992) (4.93e+00 4.95e+00) XE:4.95e-01 (1.23e+00 1.21e+00 | 1.18e+00 1.25e+00)
1136(1003) (4.80e+00 4.95e+00) XE:4.95e-01 (1.24e+00 1.21e+00 | 1.30e+00 1.25e+00)
1156(990) (4.92e+00 4.95e+00) XE:4.95e-01 (1.23e+00 1.21e+00 | 1.33e+00 1.25e+00)
1176(1001) (4.52e+00 4.95e+00) XE:4.95e-01 (1.22e+00 1.21e+00 | 1.30e+00 1.25e+00)
1195(997) (4.23e+00 4.95e+00) XE:4.95e-01 (1.21e+00 1.21e+00 | 1.23e+00 1.25e+00)
1215(1011) (4.64e+00 4.95e+00) XE:4.95e-01 (1.24e+00 1.21e+00 | 1.27e+00 1.25e+00)
1235(1000) (5.10e+00 4.95e+00) XE:4.95e-01 (1.21e+00 1.21e+00 | 1.34e+00 1.25e+00)
1255(988) (5.07e+00 4.95e+00) XE:4.95e-01 (1.20e+00 1.21e+00 | 1.25e+00 1.25e+00)
1275(998) (7.01e+00 4.95e+00) XE:4.95e-01 (1.22e+00 1.21e+00 | 1.36e+00 1.25e+00)
1295(1002) (3.70e+00 4.95e+00) XE:4.95e-01 (1.19e+00 1.21e+00 | 1.41e+00 1.25e+00)
1315(1008) (4.54e+00 4.95e+00) XE:4.95e-01 (1.22e+00 1.21e+00 | 1.22e+00 1.25e+00)
1334(996) (4.57e+00 4.95e+00) XE:4.95e-01 (1.22e+00 1.21e+00 | 1.16e+00 1.25e+00)
1354(1007) (5.00e+00 4.95e+00) XE:4.95e-01 (1.22e+00 1.21e+00 | 1.21e+00 1.25e+00)
1374(996) (4.53e+00 4.95e+00) XE:4.95e-01 (1.23e+00 1.21e+00 | 1.18e+00 1.25e+00)
1394(1009) (4.50e+00 4.96e+00) XE:4.96e-01 (1.21e+00 1.21e+00 | 1.41e+00 1.25e+00)
1414(1008) (4.54e+00 4.96e+00) XE:4.96e-01 (1.20e+00 1.21e+00 | 1.22e+00 1.25e+00)
1434(1007) (4.38e+00 4.96e+00) XE:4.96e-01 (1.19e+00 1.21e+00 | 1.27e+00 1.25e+00)
1454(994) (4.99e+00 4.95e+00) XE:4.95e-01 (1.18e+00 1.21e+00 | 1.18e+00 1.25e+00)
1473(1004) (5.05e+00 4.95e+00) XE:4.95e-01 (1.19e+00 1.21e+00 | 1.16e+00 1.25e+00)
1493(1005) (5.02e+00 4.95e+00) XE:4.95e-01 (1.21e+00 1.21e+00 | 1.19e+00 1.25e+00)
1513(998) (6.12e+00 4.95e+00) XE:4.95e-01 (1.20e+00 1.21e+00 | 1.33e+00 1.25e+00)
1533(1009) (7.14e+00 4.96e+00) XE:4.96e-01 (1.22e+00 1.21e+00 | 1.21e+00 1.25e+00)
1553(995) (5.64e+00 4.96e+00) XE:4.96e-01 (1.19e+00 1.21e+00 | 1.20e+00 1.25e+00)
1573(1003) (4.30e+00 4.96e+00) XE:4.96e-01 (1.22e+00 1.21e+00 | 1.28e+00 1.25e+00)
1592(1007) (4.52e+00 4.96e+00) XE:4.96e-01 (1.24e+00 1.21e+00 | 1.19e+00 1.25e+00)
1612(996) (6.15e+00 4.96e+00) XE:4.96e-01 (1.22e+00 1.21e+00 | 1.23e+00 1.25e+00)
1632(1012) (4.61e+00 4.96e+00) XE:4.96e-01 (1.22e+00 1.21e+00 | 1.32e+00 1.25e+00)
1652(999) (5.44e+00 4.96e+00) XE:4.96e-01 (1.25e+00 1.21e+00 | 1.23e+00 1.25e+00)
1672(990) (6.07e+00 4.96e+00) XE:4.96e-01 (1.19e+00 1.21e+00 | 1.32e+00 1.25e+00)
1692(1002) (5.02e+00 4.96e+00) XE:4.96e-01 (1.23e+00 1.21e+00 | 1.27e+00 1.25e+00)
1712(995) (4.74e+00 4.96e+00) XE:4.96e-01 (1.22e+00 1.21e+00 | 1.27e+00 1.25e+00)
1731(988) (4.77e+00 4.96e+00) XE:4.96e-01 (1.21e+00 1.21e+00 | 1.28e+00 1.25e+00)
1751(999) (4.50e+00 4.96e+00) XE:4.96e-01 (1.21e+00 1.21e+00 | 1.28e+00 1.25e+00)
1771(990) (6.09e+00 4.96e+00) XE:4.96e-01 (1.24e+00 1.21e+00 | 1.25e+00 1.25e+00)
1791(990) (4.88e+00 4.96e+00) XE:4.96e-01 (1.22e+00 1.21e+00 | 1.23e+00 1.25e+00)
1811(1005) (5.41e+00 4.96e+00) XE:4.96e-01 (1.22e+00 1.21e+00 | 1.27e+00 1.25e+00)
1831(997) (5.03e+00 4.96e+00) XE:4.96e-01 (1.21e+00 1.21e+00 | 1.25e+00 1.25e+00)
1850(993) (4.71e+00 4.96e+00) XE:4.96e-01 (1.21e+00 1.21e+00 | 1.33e+00 1.25e+00)
1870(999) (4.37e+00 4.96e+00) XE:4.96e-01 (1.22e+00 1.21e+00 | 1.30e+00 1.25e+00)
1890(1012) (4.43e+00 4.96e+00) XE:4.96e-01 (1.19e+00 1.21e+00 | 1.18e+00 1.25e+00)
1910(984) (4.48e+00 4.96e+00) XE:4.96e-01 (1.23e+00 1.21e+00 | 1.27e+00 1.25e+00)
1930(1001) (5.15e+00 4.96e+00) XE:4.96e-01 (1.19e+00 1.21e+00 | 1.26e+00 1.25e+00)
1950(997) (4.69e+00 4.96e+00) XE:4.96e-01 (1.21e+00 1.21e+00 | 1.15e+00 1.25e+00)
1969(1007) (4.91e+00 4.96e+00) XE:4.96e-01 (1.19e+00 1.21e+00 | 1.21e+00 1.25e+00)
1989(1009) (4.47e+00 4.96e+00) XE:4.96e-01 (1.20e+00 1.21e+00 | 1.26e+00 1.25e+00)
2009(1000) (4.39e+00 4.96e+00) XE:4.96e-01 (1.21e+00 1.21e+00 | 1.32e+00 1.25e+00)
2029(1010) (6.11e+00 4.96e+00) XE:4.96e-01 (1.22e+00 1.21e+00 | 1.19e+00 1.25e+00)
2049(1023) (5.74e+00 4.96e+00) XE:4.96e-01 (1.21e+00 1.21e+00 | 1.35e+00 1.25e+00)
2069(989) (4.45e+00 4.96e+00) XE:4.96e-01 (1.21e+00 1.21e+00 | 1.34e+00 1.25e+00)
2088(1000) (5.52e+00 4.96e+00) XE:4.96e-01 (1.19e+00 1.21e+00 | 1.23e+00 1.25e+00)
2108(999) (5.27e+00 4.96e+00) XE:4.96e-01 (1.20e+00 1.21e+00 | 1.24e+00 1.25e+00)
2128(995) (6.60e+00 4.96e+00) XE:4.96e-01 (1.19e+00 1.21e+00 | 1.13e+00 1.25e+00)
2148(994) (4.74e+00 4.96e+00) XE:4.96e-01 (1.22e+00 1.21e+00 | 1.29e+00 1.25e+00)
2168(999) (5.79e+00 4.96e+00) XE:4.96e-01 (1.19e+00 1.21e+00 | 1.22e+00 1.25e+00)
2188(990) (5.57e+00 4.96e+00) XE:4.96e-01 (1.19e+00 1.21e+00 | 1.24e+00 1.25e+00)
2208(1010) (4.00e+00 4.96e+00) XE:4.96e-01 (1.22e+00 1.21e+00 | 1.29e+00 1.25e+00)
2227(1000) (5.33e+00 4.96e+00) XE:4.96e-01 (1.22e+00 1.21e+00 | 1.27e+00 1.25e+00)
2247(993) (5.74e+00 4.96e+00) XE:4.96e-01 (1.20e+00 1.21e+00 | 1.26e+00 1.25e+00)
2267(1006) (4.93e+00 4.96e+00) XE:4.96e-01 (1.23e+00 1.21e+00 | 1.25e+00 1.25e+00)
2287(1002) (4.35e+00 4.96e+00) XE:4.96e-01 (1.22e+00 1.21e+00 | 1.28e+00 1.25e+00)
2307(989) (4.30e+00 4.96e+00) XE:4.96e-01 (1.19e+00 1.21e+00 | 1.21e+00 1.25e+00)
2327(994) (4.70e+00 4.96e+00) XE:4.96e-01 (1.21e+00 1.21e+00 | 1.26e+00 1.25e+00)
2346(1003) (4.05e+00 4.96e+00) XE:4.96e-01 (1.23e+00 1.21e+00 | 1.29e+00 1.25e+00)
2366(1005) (4.99e+00 4.96e+00) XE:4.96e-01 (1.20e+00 1.21e+00 | 1.19e+00 1.25e+00)
2386(997) (4.55e+00 4.95e+00) XE:4.95e-01 (1.21e+00 1.21e+00 | 1.24e+00 1.25e+00)
2406(1006) (4.44e+00 4.95e+00) XE:4.95e-01 (1.21e+00 1.21e+00 | 1.24e+00 1.25e+00)
2426(994) (5.71e+00 4.95e+00) XE:4.95e-01 (1.18e+00 1.21e+00 | 1.18e+00 1.25e+00)
2446(1001) (4.61e+00 4.95e+00) XE:4.95e-01 (1.21e+00 1.21e+00 | 1.27e+00 1.25e+00)
2465(1001) (4.95e+00 4.95e+00) XE:4.95e-01 (1.18e+00 1.21e+00 | 1.18e+00 1.25e+00)
2485(990) (4.53e+00 4.95e+00) XE:4.95e-01 (1.18e+00 1.21e+00 | 1.27e+00 1.25e+00)
2505(993) (4.79e+00 4.95e+00) XE:4.95e-01 (1.22e+00 1.21e+00 | 1.30e+00 1.25e+00)
2525(1001) (4.47e+00 4.95e+00) XE:4.95e-01 (1.23e+00 1.21e+00 | 1.27e+00 1.25e+00)
2545(1002) (4.92e+00 4.95e+00) XE:4.95e-01 (1.22e+00 1.21e+00 | 1.33e+00 1.25e+00)
2565(999) (4.40e+00 4.95e+00) XE:4.95e-01 (1.21e+00 1.21e+00 | 1.31e+00 1.25e+00)
2584(1000) (4.86e+00 4.95e+00) XE:4.95e-01 (1.22e+00 1.21e+00 | 1.30e+00 1.25e+00)
2604(1000) (5.42e+00 4.95e+00) XE:4.95e-01 (1.22e+00 1.21e+00 | 1.36e+00 1.25e+00)
2624(996) (4.43e+00 4.95e+00) XE:4.95e-01 (1.24e+00 1.21e+00 | 1.21e+00 1.25e+00)
2644(993) (4.61e+00 4.95e+00) XE:4.95e-01 (1.17e+00 1.21e+00 | 1.18e+00 1.25e+00)
2664(1018) (5.99e+00 4.95e+00) XE:4.95e-01 (1.23e+00 1.21e+00 | 1.27e+00 1.25e+00)
2683(1002) (4.59e+00 4.95e+00) XE:4.95e-01 (1.21e+00 1.21e+00 | 1.25e+00 1.25e+00)
2703(1005) (5.20e+00 4.95e+00) XE:4.95e-01 (1.17e+00 1.21e+00 | 1.27e+00 1.25e+00)
2723(999) (5.03e+00 4.95e+00) XE:4.95e-01 (1.22e+00 1.21e+00 | 1.20e+00 1.25e+00)
2743(992) (5.11e+00 4.95e+00) XE:4.95e-01 (1.18e+00 1.21e+00 | 1.24e+00 1.25e+00)
2763(1010) (4.45e+00 4.95e+00) XE:4.95e-01 (1.23e+00 1.21e+00 | 1.14e+00 1.25e+00)
2783(994) (6.05e+00 4.95e+00) XE:4.95e-01 (1.19e+00 1.21e+00 | 1.31e+00 1.25e+00)
2803(1012) (4.57e+00 4.95e+00) XE:4.95e-01 (1.20e+00 1.21e+00 | 1.28e+00 1.25e+00)
2822(1006) (4.43e+00 4.95e+00) XE:4.95e-01 (1.22e+00 1.21e+00 | 1.11e+00 1.25e+00)
2842(1004) (4.52e+00 4.95e+00) XE:4.95e-01 (1.19e+00 1.21e+00 | 1.26e+00 1.25e+00)
2862(1008) (4.56e+00 4.95e+00) XE:4.95e-01 (1.21e+00 1.21e+00 | 1.18e+00 1.25e+00)
2882(1010) (5.13e+00 4.95e+00) XE:4.95e-01 (1.25e+00 1.21e+00 | 1.25e+00 1.25e+00)
2902(1004) (5.54e+00 4.95e+00) XE:4.95e-01 (1.17e+00 1.21e+00 | 1.29e+00 1.25e+00)
2921(990) (5.38e+00 4.95e+00) XE:4.95e-01 (1.22e+00 1.21e+00 | 1.23e+00 1.25e+00)
2941(994) (5.25e+00 4.95e+00) XE:4.95e-01 (1.23e+00 1.21e+00 | 1.22e+00 1.25e+00)
2961(1000) (4.79e+00 4.95e+00) XE:4.95e-01 (1.21e+00 1.21e+00 | 1.27e+00 1.25e+00)
2981(1009) (5.08e+00 4.95e+00) XE:4.95e-01 (1.24e+00 1.21e+00 | 1.24e+00 1.25e+00)
3001(1005) (4.83e+00 4.95e+00) XE:4.95e-01 (1.21e+00 1.21e+00 | 1.18e+00 1.25e+00)
3021(995) (4.82e+00 4.95e+00) XE:4.95e-01 (1.24e+00 1.21e+00 | 1.28e+00 1.25e+00)
3040(1011) (5.24e+00 4.95e+00) XE:4.95e-01 (1.20e+00 1.21e+00 | 1.22e+00 1.25e+00)
3060(1020) (4.99e+00 4.95e+00) XE:4.95e-01 (1.20e+00 1.21e+00 | 1.17e+00 1.25e+00)
3080(985) (5.22e+00 4.95e+00) XE:4.95e-01 (1.19e+00 1.21e+00 | 1.24e+00 1.25e+00)
3100(985) (5.43e+00 4.95e+00) XE:4.95e-01 (1.21e+00 1.21e+00 | 1.25e+00 1.25e+00)
3120(1016) (4.13e+00 4.95e+00) XE:4.95e-01 (1.23e+00 1.21e+00 | 1.23e+00 1.25e+00)
3140(1004) (4.54e+00 4.95e+00) XE:4.95e-01 (1.22e+00 1.21e+00 | 1.34e+00 1.25e+00)
3159(998) (4.51e+00 4.95e+00) XE:4.95e-01 (1.23e+00 1.21e+00 | 1.31e+00 1.25e+00)
3179(1003) (4.01e+00 4.95e+00) XE:4.95e-01 (1.21e+00 1.21e+00 | 1.29e+00 1.25e+00)
3199(1002) (4.94e+00 4.95e+00) XE:4.95e-01 (1.24e+00 1.21e+00 | 1.21e+00 1.25e+00)
3219(991) (5.00e+00 4.95e+00) XE:4.95e-01 (1.19e+00 1.21e+00 | 1.21e+00 1.25e+00)
3239(999) (5.67e+00 4.95e+00) XE:4.95e-01 (1.21e+00 1.21e+00 | 1.29e+00 1.25e+00)
3259(986) (4.93e+00 4.95e+00) XE:4.95e-01 (1.22e+00 1.21e+00 | 1.19e+00 1.25e+00)
3278(1003) (4.26e+00 4.95e+00) XE:4.95e-01 (1.22e+00 1.21e+00 | 1.30e+00 1.25e+00)
3298(998) (5.73e+00 4.95e+00) XE:4.95e-01 (1.21e+00 1.21e+00 | 1.11e+00 1.25e+00)
3318(994) (5.10e+00 4.95e+00) XE:4.95e-01 (1.22e+00 1.21e+00 | 1.30e+00 1.25e+00)
3338(991) (5.26e+00 4.95e+00) XE:4.95e-01 (1.19e+00 1.21e+00 | 1.33e+00 1.25e+00)
3358(1002) (5.87e+00 4.95e+00) XE:4.95e-01 (1.20e+00 1.21e+00 | 1.34e+00 1.25e+00)
3378(978) (4.82e+00 4.95e+00) XE:4.95e-01 (1.22e+00 1.21e+00 | 1.20e+00 1.25e+00)
3397(1000) (4.06e+00 4.95e+00) XE:4.95e-01 (1.20e+00 1.21e+00 | 1.31e+00 1.25e+00)
3417(998) (4.66e+00 4.96e+00) XE:4.96e-01 (1.23e+00 1.21e+00 | 1.26e+00 1.25e+00)
3437(1007) (4.57e+00 4.95e+00) XE:4.95e-01 (1.22e+00 1.21e+00 | 1.20e+00 1.25e+00)
3457(1005) (4.41e+00 4.95e+00) XE:4.95e-01 (1.18e+00 1.21e+00 | 1.17e+00 1.25e+00)
3477(990) (5.17e+00 4.95e+00) XE:4.95e-01 (1.21e+00 1.21e+00 | 1.26e+00 1.25e+00)
3497(993) (4.95e+00 4.95e+00) XE:4.95e-01 (1.19e+00 1.21e+00 | 1.20e+00 1.25e+00)
3517(1007) (3.91e+00 4.95e+00) XE:4.95e-01 (1.21e+00 1.21e+00 | 1.30e+00 1.25e+00)
3536(1013) (3.54e+00 4.95e+00) XE:4.95e-01 (1.23e+00 1.21e+00 | 1.27e+00 1.25e+00)
3556(998) (4.19e+00 4.95e+00) XE:4.95e-01 (1.21e+00 1.21e+00 | 1.27e+00 1.25e+00)
3576(1002) (4.65e+00 4.95e+00) XE:4.95e-01 (1.21e+00 1.21e+00 | 1.27e+00 1.25e+00)
3596(1001) (4.52e+00 4.95e+00) XE:4.95e-01 (1.22e+00 1.21e+00 | 1.23e+00 1.25e+00)
3616(1006) (5.04e+00 4.95e+00) XE:4.95e-01 (1.19e+00 1.21e+00 | 1.29e+00 1.25e+00)
3636(1007) (4.50e+00 4.95e+00) XE:4.95e-01 (1.24e+00 1.21e+00 | 1.27e+00 1.25e+00)
3655(988) (4.72e+00 4.95e+00) XE:4.95e-01 (1.22e+00 1.21e+00 | 1.18e+00 1.25e+00)
3675(992) (5.08e+00 4.95e+00) XE:4.95e-01 (1.23e+00 1.21e+00 | 1.17e+00 1.25e+00)
3695(985) (4.94e+00 4.95e+00) XE:4.95e-01 (1.19e+00 1.21e+00 | 1.28e+00 1.25e+00)
3715(1010) (4.58e+00 4.95e+00) XE:4.95e-01 (1.21e+00 1.21e+00 | 1.29e+00 1.25e+00)
3735(984) (5.86e+00 4.95e+00) XE:4.95e-01 (1.20e+00 1.21e+00 | 1.15e+00 1.25e+00)
3755(997) (5.19e+00 4.95e+00) XE:4.95e-01 (1.20e+00 1.21e+00 | 1.25e+00 1.25e+00)
3775(995) (6.16e+00 4.95e+00) XE:4.95e-01 (1.20e+00 1.21e+00 | 1.23e+00 1.25e+00)
3794(1002) (4.45e+00 4.95e+00) XE:4.95e-01 (1.22e+00 1.21e+00 | 1.20e+00 1.25e+00)
3814(1008) (5.90e+00 4.95e+00) XE:4.95e-01 (1.22e+00 1.21e+00 | 1.31e+00 1.25e+00)
3834(1011) (5.71e+00 4.95e+00) XE:4.95e-01 (1.20e+00 1.21e+00 | 1.18e+00 1.25e+00)
3854(988) (6.26e+00 4.95e+00) XE:4.95e-01 (1.21e+00 1.21e+00 | 1.28e+00 1.25e+00)
3874(1004) (6.10e+00 4.95e+00) XE:4.95e-01 (1.21e+00 1.21e+00 | 1.17e+00 1.25e+00)
3893(1000) (5.24e+00 4.95e+00) XE:4.95e-01 (1.20e+00 1.21e+00 | 1.20e+00 1.25e+00)
3913(1000) (5.33e+00 4.95e+00) XE:4.95e-01 (1.22e+00 1.21e+00 | 1.20e+00 1.25e+00)
3933(1003) (4.64e+00 4.95e+00) XE:4.95e-01 (1.23e+00 1.21e+00 | 1.31e+00 1.25e+00)
3953(1011) (5.70e+00 4.95e+00) XE:4.95e-01 (1.22e+00 1.21e+00 | 1.21e+00 1.25e+00)
3973(996) (5.58e+00 4.95e+00) XE:4.95e-01 (1.22e+00 1.21e+00 | 1.31e+00 1.25e+00)
3993(1002) (5.79e+00 4.95e+00) XE:4.95e-01 (1.23e+00 1.21e+00 | 1.22e+00 1.25e+00)
4013(1007) (3.87e+00 4.95e+00) XE:4.95e-01 (1.22e+00 1.21e+00 | 1.21e+00 1.25e+00)
4032(998) (4.46e+00 4.95e+00) XE:4.95e-01 (1.19e+00 1.21e+00 | 1.25e+00 1.25e+00)
4052(1001) (4.84e+00 4.95e+00) XE:4.95e-01 (1.26e+00 1.21e+00 | 1.22e+00 1.25e+00)
4072(1013) (4.98e+00 4.95e+00) XE:4.95e-01 (1.24e+00 1.21e+00 | 1.31e+00 1.25e+00)
4092(1005) (6.35e+00 4.95e+00) XE:4.95e-01 (1.21e+00 1.21e+00 | 1.25e+00 1.25e+00)
4112(1000) (4.20e+00 4.95e+00) XE:4.95e-01 (1.22e+00 1.21e+00 | 1.23e+00 1.25e+00)
4132(999) (4.47e+00 4.95e+00) XE:4.95e-01 (1.20e+00 1.21e+00 | 1.17e+00 1.25e+00)
4152(994) (5.09e+00 4.95e+00) XE:4.95e-01 (1.24e+00 1.21e+00 | 1.23e+00 1.25e+00)
4171(1008) (3.70e+00 4.95e+00) XE:4.95e-01 (1.19e+00 1.21e+00 | 1.26e+00 1.25e+00)
4191(998) (5.15e+00 4.95e+00) XE:4.95e-01 (1.24e+00 1.21e+00 | 1.11e+00 1.25e+00)
4211(1006) (4.42e+00 4.95e+00) XE:4.95e-01 (1.18e+00 1.21e+00 | 1.15e+00 1.25e+00)
4231(1001) (4.39e+00 4.95e+00) XE:4.95e-01 (1.23e+00 1.21e+00 | 1.31e+00 1.25e+00)
4251(1008) (4.83e+00 4.95e+00) XE:4.95e-01 (1.19e+00 1.21e+00 | 1.37e+00 1.25e+00)
4271(991) (5.32e+00 4.95e+00) XE:4.95e-01 (1.26e+00 1.21e+00 | 1.17e+00 1.25e+00)
4290(1007) (4.83e+00 4.95e+00) XE:4.95e-01 (1.20e+00 1.21e+00 | 1.31e+00 1.25e+00)
4310(1000) (4.51e+00 4.95e+00) XE:4.95e-01 (1.22e+00 1.21e+00 | 1.20e+00 1.25e+00)
4330(1014) (4.84e+00 4.95e+00) XE:4.95e-01 (1.20e+00 1.21e+00 | 1.25e+00 1.25e+00)
4350(989) (5.66e+00 4.95e+00) XE:4.95e-01 (1.21e+00 1.21e+00 | 1.31e+00 1.25e+00)
4370(1007) (4.42e+00 4.95e+00) XE:4.95e-01 (1.22e+00 1.21e+00 | 1.28e+00 1.25e+00)
4390(1015) (4.18e+00 4.95e+00) XE:4.95e-01 (1.18e+00 1.21e+00 | 1.21e+00 1.25e+00)
4409(995) (4.07e+00 4.95e+00) XE:4.95e-01 (1.21e+00 1.21e+00 | 1.29e+00 1.25e+00)
4429(995) (5.15e+00 4.95e+00) XE:4.95e-01 (1.22e+00 1.21e+00 | 1.24e+00 1.25e+00)
4449(1003) (4.46e+00 4.95e+00) XE:4.95e-01 (1.22e+00 1.21e+00 | 1.41e+00 1.25e+00)
4469(1004) (3.92e+00 4.95e+00) XE:4.95e-01 (1.20e+00 1.21e+00 | 1.27e+00 1.25e+00)
4489(985) (4.72e+00 4.95e+00) XE:4.95e-01 (1.23e+00 1.21e+00 | 1.24e+00 1.25e+00)
4509(995) (4.59e+00 4.95e+00) XE:4.95e-01 (1.21e+00 1.21e+00 | 1.30e+00 1.25e+00)
4528(1003) (4.65e+00 4.95e+00) XE:4.95e-01 (1.18e+00 1.21e+00 | 1.32e+00 1.25e+00)
4548(992) (5.12e+00 4.95e+00) XE:4.95e-01 (1.22e+00 1.21e+00 | 1.27e+00 1.25e+00)
4568(1001) (4.11e+00 4.95e+00) XE:4.95e-01 (1.19e+00 1.21e+00 | 1.21e+00 1.25e+00)
4588(994) (4.36e+00 4.95e+00) XE:4.95e-01 (1.21e+00 1.21e+00 | 1.31e+00 1.25e+00)
4608(998) (4.06e+00 4.95e+00) XE:4.95e-01 (1.21e+00 1.21e+00 | 1.29e+00 1.25e+00)
4627(1008) (5.46e+00 4.95e+00) XE:4.95e-01 (1.21e+00 1.21e+00 | 1.21e+00 1.25e+00)
4647(1004) (7.02e+00 4.95e+00) XE:4.95e-01 (1.21e+00 1.21e+00 | 1.14e+00 1.25e+00)
4667(1000) (5.47e+00 4.95e+00) XE:4.95e-01 (1.24e+00 1.21e+00 | 1.22e+00 1.25e+00)
4687(994) (5.25e+00 4.95e+00) XE:4.95e-01 (1.24e+00 1.21e+00 | 1.20e+00 1.25e+00)
4707(979) (4.44e+00 4.95e+00) XE:4.95e-01 (1.19e+00 1.21e+00 | 1.26e+00 1.25e+00)
4727(1000) (6.42e+00 4.95e+00) XE:4.95e-01 (1.21e+00 1.21e+00 | 1.32e+00 1.25e+00)
4747(995) (4.76e+00 4.95e+00) XE:4.95e-01 (1.20e+00 1.21e+00 | 1.28e+00 1.25e+00)
4766(995) (5.09e+00 4.95e+00) XE:4.95e-01 (1.19e+00 1.21e+00 | 1.21e+00 1.25e+00)
4786(992) (5.50e+00 4.95e+00) XE:4.95e-01 (1.21e+00 1.21e+00 | 1.10e+00 1.25e+00)
4806(1004) (4.11e+00 4.95e+00) XE:4.95e-01 (1.23e+00 1.21e+00 | 1.25e+00 1.25e+00)
4826(1000) (4.53e+00 4.95e+00) XE:4.95e-01 (1.22e+00 1.21e+00 | 1.16e+00 1.25e+00)
4846(1004) (4.61e+00 4.95e+00) XE:4.95e-01 (1.22e+00 1.21e+00 | 1.20e+00 1.25e+00)
4865(1005) (5.01e+00 4.95e+00) XE:4.95e-01 (1.22e+00 1.21e+00 | 1.25e+00 1.25e+00)
4885(1017) (4.12e+00 4.95e+00) XE:4.95e-01 (1.22e+00 1.21e+00 | 1.26e+00 1.25e+00)
4905(989) (4.95e+00 4.95e+00) XE:4.95e-01 (1.22e+00 1.21e+00 | 1.18e+00 1.25e+00)
4925(1007) (5.36e+00 4.95e+00) XE:4.95e-01 (1.21e+00 1.21e+00 | 1.30e+00 1.25e+00)
4945(984) (4.41e+00 4.95e+00) XE:4.95e-01 (1.22e+00 1.21e+00 | 1.30e+00 1.25e+00)
4965(996) (4.73e+00 4.95e+00) XE:4.95e-01 (1.21e+00 1.21e+00 | 1.35e+00 1.25e+00)
4985(984) (5.09e+00 4.95e+00) XE:4.95e-01 (1.18e+00 1.21e+00 | 1.34e+00 1.25e+00)
5005(1001) (4.73e+00 4.95e+00) XE:4.95e-01 (1.23e+00 1.21e+00 | 1.10e+00 1.25e+00)
5024(1015) (6.95e+00 4.95e+00) XE:4.95e-01 (1.21e+00 1.21e+00 | 1.24e+00 1.25e+00)
5044(1003) (4.41e+00 4.95e+00) XE:4.95e-01 (1.20e+00 1.21e+00 | 1.24e+00 1.25e+00)
5064(1008) (4.84e+00 4.95e+00) XE:4.95e-01 (1.23e+00 1.21e+00 | 1.34e+00 1.25e+00)
5084(999) (4.61e+00 4.95e+00) XE:4.95e-01 (1.23e+00 1.21e+00 | 1.20e+00 1.25e+00)
5104(987) (5.36e+00 4.95e+00) XE:4.95e-01 (1.23e+00 1.21e+00 | 1.26e+00 1.25e+00)
5124(999) (4.26e+00 4.95e+00) XE:4.95e-01 (1.20e+00 1.21e+00 | 1.23e+00 1.25e+00)
5143(993) (4.73e+00 4.95e+00) XE:4.95e-01 (1.22e+00 1.21e+00 | 1.27e+00 1.25e+00)
5163(1006) (4.48e+00 4.95e+00) XE:4.95e-01 (1.20e+00 1.21e+00 | 1.22e+00 1.25e+00)
5183(993) (5.23e+00 4.95e+00) XE:4.95e-01 (1.23e+00 1.21e+00 | 1.25e+00 1.25e+00)
5203(992) (4.34e+00 4.95e+00) XE:4.95e-01 (1.24e+00 1.21e+00 | 1.25e+00 1.25e+00)
5223(1007) (4.92e+00 4.95e+00) XE:4.95e-01 (1.21e+00 1.21e+00 | 1.26e+00 1.25e+00)
5242(1010) (4.73e+00 4.95e+00) XE:4.95e-01 (1.19e+00 1.21e+00 | 1.30e+00 1.25e+00)
5262(1003) (5.04e+00 4.95e+00) XE:4.95e-01 (1.19e+00 1.21e+00 | 1.27e+00 1.25e+00)
5282(1000) (4.63e+00 4.95e+00) XE:4.95e-01 (1.22e+00 1.21e+00 | 1.24e+00 1.25e+00)
5302(991) (5.92e+00 4.95e+00) XE:4.95e-01 (1.22e+00 1.21e+00 | 1.23e+00 1.25e+00)
5322(1028) (4.31e+00 4.95e+00) XE:4.95e-01 (1.22e+00 1.21e+00 | 1.34e+00 1.25e+00)
5342(1010) (4.89e+00 4.95e+00) XE:4.95e-01 (1.22e+00 1.21e+00 | 1.24e+00 1.25e+00)
5362(1005) (5.71e+00 4.95e+00) XE:4.95e-01 (1.22e+00 1.21e+00 | 1.20e+00 1.25e+00)
5381(992) (4.87e+00 4.95e+00) XE:4.95e-01 (1.22e+00 1.21e+00 | 1.22e+00 1.25e+00)
5401(1006) (4.44e+00 4.95e+00) XE:4.95e-01 (1.21e+00 1.21e+00 | 1.23e+00 1.25e+00)
5421(988) (5.78e+00 4.95e+00) XE:4.95e-01 (1.19e+00 1.21e+00 | 1.40e+00 1.25e+00)
5441(996) (4.41e+00 4.95e+00) XE:4.95e-01 (1.21e+00 1.21e+00 | 1.33e+00 1.25e+00)
5461(1008) (4.45e+00 4.95e+00) XE:4.95e-01 (1.22e+00 1.21e+00 | 1.15e+00 1.25e+00)
5481(989) (4.96e+00 4.95e+00) XE:4.95e-01 (1.23e+00 1.21e+00 | 1.25e+00 1.25e+00)
5500(1001) (3.86e+00 4.95e+00) XE:4.95e-01 (1.19e+00 1.21e+00 | 1.23e+00 1.25e+00)
5520(1000) (4.88e+00 4.95e+00) XE:4.95e-01 (1.21e+00 1.21e+00 | 1.26e+00 1.25e+00)
5540(1003) (4.71e+00 4.95e+00) XE:4.95e-01 (1.21e+00 1.21e+00 | 1.25e+00 1.25e+00)
5560(998) (5.00e+00 4.95e+00) XE:4.95e-01 (1.22e+00 1.21e+00 | 1.23e+00 1.25e+00)
5580(997) (5.89e+00 4.95e+00) XE:4.95e-01 (1.22e+00 1.21e+00 | 1.24e+00 1.25e+00)
5600(1007) (5.74e+00 4.95e+00) XE:4.95e-01 (1.18e+00 1.21e+00 | 1.30e+00 1.25e+00)
5619(986) (4.85e+00 4.95e+00) XE:4.95e-01 (1.21e+00 1.21e+00 | 1.29e+00 1.25e+00)
5639(990) (5.04e+00 4.95e+00) XE:4.95e-01 (1.22e+00 1.21e+00 | 1.29e+00 1.25e+00)
5659(991) (4.94e+00 4.95e+00) XE:4.95e-01 (1.21e+00 1.21e+00 | 1.27e+00 1.25e+00)
5679(1004) (4.45e+00 4.95e+00) XE:4.95e-01 (1.20e+00 1.21e+00 | 1.31e+00 1.25e+00)
5699(997) (4.49e+00 4.95e+00) XE:4.95e-01 (1.21e+00 1.21e+00 | 1.18e+00 1.25e+00)
5719(1012) (4.48e+00 4.95e+00) XE:4.95e-01 (1.22e+00 1.21e+00 | 1.28e+00 1.25e+00)
5738(1001) (4.29e+00 4.95e+00) XE:4.95e-01 (1.20e+00 1.21e+00 | 1.25e+00 1.25e+00)
5758(1001) (6.09e+00 4.95e+00) XE:4.95e-01 (1.19e+00 1.21e+00 | 1.24e+00 1.25e+00)
5778(1003) (4.55e+00 4.95e+00) XE:4.95e-01 (1.21e+00 1.21e+00 | 1.23e+00 1.25e+00)
5798(1003) (3.86e+00 4.95e+00) XE:4.95e-01 (1.21e+00 1.21e+00 | 1.28e+00 1.25e+00)
5818(998) (4.10e+00 4.95e+00) XE:4.95e-01 (1.25e+00 1.21e+00 | 1.33e+00 1.25e+00)
5838(1000) (4.72e+00 4.95e+00) XE:4.95e-01 (1.19e+00 1.21e+00 | 1.14e+00 1.25e+00)
5857(1001) (7.53e+00 4.95e+00) XE:4.95e-01 (1.19e+00 1.21e+00 | 1.20e+00 1.25e+00)
5877(1020) (5.22e+00 4.95e+00) XE:4.95e-01 (1.22e+00 1.21e+00 | 1.29e+00 1.25e+00)
5897(1004) (4.86e+00 4.95e+00) XE:4.95e-01 (1.21e+00 1.21e+00 | 1.21e+00 1.25e+00)
5917(1018) (4.29e+00 4.95e+00) XE:4.95e-01 (1.20e+00 1.21e+00 | 1.14e+00 1.25e+00)
5937(996) (5.46e+00 4.95e+00) XE:4.95e-01 (1.19e+00 1.21e+00 | 1.28e+00 1.25e+00)
5957(1002) (4.34e+00 4.95e+00) XE:4.95e-01 (1.22e+00 1.21e+00 | 1.29e+00 1.25e+00)
5976(995) (5.22e+00 4.95e+00) XE:4.95e-01 (1.21e+00 1.21e+00 | 1.28e+00 1.25e+00)
5996(995) (5.21e+00 4.95e+00) XE:4.95e-01 (1.22e+00 1.21e+00 | 1.28e+00 1.25e+00)
6016(995) (4.53e+00 4.95e+00) XE:4.95e-01 (1.21e+00 1.21e+00 | 1.24e+00 1.25e+00)
6036(1003) (5.78e+00 4.95e+00) XE:4.95e-01 (1.21e+00 1.21e+00 | 1.29e+00 1.25e+00)
6056(1001) (4.78e+00 4.95e+00) XE:4.95e-01 (1.21e+00 1.21e+00 | 1.18e+00 1.25e+00)
6076(1001) (4.79e+00 4.95e+00) XE:4.95e-01 (1.21e+00 1.21e+00 | 1.25e+00 1.25e+00)
6096(997) (4.80e+00 4.95e+00) XE:4.95e-01 (1.21e+00 1.21e+00 | 1.35e+00 1.25e+00)
6115(1001) (4.60e+00 4.95e+00) XE:4.95e-01 (1.22e+00 1.21e+00 | 1.25e+00 1.25e+00)
6135(1001) (5.17e+00 4.95e+00) XE:4.95e-01 (1.22e+00 1.21e+00 | 1.14e+00 1.25e+00)
6155(1006) (4.31e+00 4.95e+00) XE:4.95e-01 (1.21e+00 1.21e+00 | 1.30e+00 1.25e+00)
6175(991) (5.23e+00 4.95e+00) XE:4.95e-01 (1.20e+00 1.21e+00 | 1.30e+00 1.25e+00)
6195(992) (5.00e+00 4.95e+00) XE:4.95e-01 (1.21e+00 1.21e+00 | 1.18e+00 1.25e+00)
6215(986) (9.11e+00 4.95e+00) XE:4.95e-01 (1.22e+00 1.21e+00 | 1.16e+00 1.25e+00)
6235(997) (4.94e+00 4.95e+00) XE:4.95e-01 (1.21e+00 1.21e+00 | 1.28e+00 1.25e+00)
6254(1008) (4.21e+00 4.95e+00) XE:4.95e-01 (1.21e+00 1.21e+00 | 1.19e+00 1.25e+00)
6274(1003) (5.27e+00 4.95e+00) XE:4.95e-01 (1.17e+00 1.21e+00 | 1.18e+00 1.25e+00)
6294(1002) (4.93e+00 4.95e+00) XE:4.95e-01 (1.20e+00 1.21e+00 | 1.30e+00 1.25e+00)
6314(1000) (5.07e+00 4.95e+00) XE:4.95e-01 (1.22e+00 1.21e+00 | 1.28e+00 1.25e+00)
6334(996) (4.67e+00 4.95e+00) XE:4.95e-01 (1.21e+00 1.21e+00 | 1.18e+00 1.25e+00)
6354(990) (5.23e+00 4.95e+00) XE:4.95e-01 (1.22e+00 1.21e+00 | 1.28e+00 1.25e+00)
6373(997) (4.35e+00 4.95e+00) XE:4.95e-01 (1.20e+00 1.21e+00 | 1.27e+00 1.25e+00)
6393(990) (4.93e+00 4.95e+00) XE:4.95e-01 (1.21e+00 1.21e+00 | 1.12e+00 1.25e+00)
6413(984) (5.07e+00 4.95e+00) XE:4.95e-01 (1.21e+00 1.21e+00 | 1.17e+00 1.25e+00)
6433(1012) (4.72e+00 4.94e+00) XE:4.94e-01 (1.20e+00 1.21e+00 | 1.29e+00 1.25e+00)
6453(995) (4.87e+00 4.94e+00) XE:4.94e-01 (1.24e+00 1.21e+00 | 1.31e+00 1.25e+00)
6472(1004) (4.48e+00 4.94e+00) XE:4.94e-01 (1.21e+00 1.21e+00 | 1.26e+00 1.25e+00)
6492(975) (6.00e+00 4.94e+00) XE:4.94e-01 (1.22e+00 1.21e+00 | 1.17e+00 1.25e+00)
6512(1000) (4.08e+00 4.94e+00) XE:4.94e-01 (1.19e+00 1.21e+00 | 1.30e+00 1.25e+00)
6532(992) (5.05e+00 4.94e+00) XE:4.94e-01 (1.20e+00 1.21e+00 | 1.24e+00 1.25e+00)
6552(994) (5.04e+00 4.94e+00) XE:4.94e-01 (1.22e+00 1.21e+00 | 1.17e+00 1.25e+00)
6572(990) (4.69e+00 4.94e+00) XE:4.94e-01 (1.22e+00 1.21e+00 | 1.37e+00 1.25e+00)
6591(1006) (4.34e+00 4.94e+00) XE:4.94e-01 (1.21e+00 1.21e+00 | 1.35e+00 1.25e+00)
6611(983) (6.48e+00 4.94e+00) XE:4.94e-01 (1.20e+00 1.21e+00 | 1.23e+00 1.25e+00)
6631(1011) (4.69e+00 4.94e+00) XE:4.94e-01 (1.20e+00 1.21e+00 | 1.24e+00 1.25e+00)
6651(1014) (5.08e+00 4.94e+00) XE:4.94e-01 (1.22e+00 1.21e+00 | 1.28e+00 1.25e+00)
6671(1009) (5.05e+00 4.94e+00) XE:4.94e-01 (1.22e+00 1.21e+00 | 1.28e+00 1.25e+00)
6691(1001) (5.54e+00 4.94e+00) XE:4.94e-01 (1.20e+00 1.21e+00 | 1.21e+00 1.25e+00)
6711(1001) (6.20e+00 4.94e+00) XE:4.94e-01 (1.21e+00 1.21e+00 | 1.35e+00 1.25e+00)
6730(1001) (4.42e+00 4.94e+00) XE:4.94e-01 (1.22e+00 1.21e+00 | 1.34e+00 1.25e+00)
6750(1001) (5.62e+00 4.94e+00) XE:4.94e-01 (1.20e+00 1.21e+00 | 1.12e+00 1.25e+00)
6770(994) (5.68e+00 4.94e+00) XE:4.94e-01 (1.20e+00 1.21e+00 | 1.41e+00 1.25e+00)
6790(1004) (5.79e+00 4.94e+00) XE:4.94e-01 (1.22e+00 1.21e+00 | 1.31e+00 1.25e+00)
6810(997) (5.04e+00 4.94e+00) XE:4.94e-01 (1.19e+00 1.21e+00 | 1.20e+00 1.25e+00)
6829(999) (5.12e+00 4.94e+00) XE:4.94e-01 (1.21e+00 1.21e+00 | 1.17e+00 1.25e+00)
6849(1013) (4.35e+00 4.94e+00) XE:4.94e-01 (1.21e+00 1.21e+00 | 1.23e+00 1.25e+00)
6869(1000) (5.01e+00 4.94e+00) XE:4.94e-01 (1.21e+00 1.21e+00 | 1.24e+00 1.25e+00)
6889(1010) (4.11e+00 4.94e+00) XE:4.94e-01 (1.20e+00 1.21e+00 | 1.27e+00 1.25e+00)
6909(995) (3.79e+00 4.94e+00) XE:4.94e-01 (1.23e+00 1.21e+00 | 1.32e+00 1.25e+00)
6929(996) (4.84e+00 4.94e+00) XE:4.94e-01 (1.21e+00 1.21e+00 | 1.31e+00 1.25e+00)
6949(992) (4.82e+00 4.94e+00) XE:4.94e-01 (1.21e+00 1.21e+00 | 1.20e+00 1.25e+00)
6968(1001) (6.89e+00 4.94e+00) XE:4.94e-01 (1.21e+00 1.21e+00 | 1.18e+00 1.25e+00)
6988(990) (4.40e+00 4.94e+00) XE:4.94e-01 (1.19e+00 1.21e+00 | 1.26e+00 1.25e+00)
7008(1009) (4.78e+00 4.94e+00) XE:4.94e-01 (1.22e+00 1.21e+00 | 1.30e+00 1.25e+00)
7028(1005) (4.23e+00 4.94e+00) XE:4.94e-01 (1.21e+00 1.21e+00 | 1.19e+00 1.25e+00)
7048(1001) (5.11e+00 4.94e+00) XE:4.94e-01 (1.23e+00 1.21e+00 | 1.26e+00 1.25e+00)
7068(1008) (5.34e+00 4.94e+00) XE:4.94e-01 (1.18e+00 1.21e+00 | 1.18e+00 1.25e+00)
7087(1006) (4.52e+00 4.94e+00) XE:4.94e-01 (1.21e+00 1.21e+00 | 1.30e+00 1.25e+00)
7107(1001) (4.92e+00 4.94e+00) XE:4.94e-01 (1.19e+00 1.21e+00 | 1.25e+00 1.25e+00)
7127(1009) (5.09e+00 4.94e+00) XE:4.94e-01 (1.19e+00 1.21e+00 | 1.13e+00 1.25e+00)
7147(996) (4.93e+00 4.94e+00) XE:4.94e-01 (1.22e+00 1.21e+00 | 1.22e+00 1.25e+00)
7167(1013) (4.01e+00 4.94e+00) XE:4.94e-01 (1.19e+00 1.21e+00 | 1.31e+00 1.25e+00)
7187(990) (4.46e+00 4.94e+00) XE:4.94e-01 (1.20e+00 1.21e+00 | 1.31e+00 1.25e+00)
7206(1000) (4.69e+00 4.94e+00) XE:4.94e-01 (1.25e+00 1.21e+00 | 1.27e+00 1.25e+00)
7226(996) (4.97e+00 4.94e+00) XE:4.94e-01 (1.19e+00 1.21e+00 | 1.19e+00 1.25e+00)
7246(1012) (4.92e+00 4.94e+00) XE:4.94e-01 (1.22e+00 1.21e+00 | 1.30e+00 1.25e+00)
7266(1005) (4.16e+00 4.94e+00) XE:4.94e-01 (1.20e+00 1.21e+00 | 1.28e+00 1.25e+00)
7286(1006) (4.67e+00 4.94e+00) XE:4.94e-01 (1.20e+00 1.21e+00 | 1.32e+00 1.25e+00)
7305(996) (5.42e+00 4.94e+00) XE:4.94e-01 (1.21e+00 1.21e+00 | 1.25e+00 1.25e+00)
7325(1005) (5.01e+00 4.94e+00) XE:4.94e-01 (1.20e+00 1.21e+00 | 1.29e+00 1.25e+00)
7345(982) (4.54e+00 4.94e+00) XE:4.94e-01 (1.21e+00 1.21e+00 | 1.23e+00 1.25e+00)
7365(994) (4.37e+00 4.94e+00) XE:4.94e-01 (1.21e+00 1.21e+00 | 1.15e+00 1.25e+00)
7385(1008) (4.93e+00 4.94e+00) XE:4.94e-01 (1.21e+00 1.21e+00 | 1.23e+00 1.25e+00)
7405(979) (5.21e+00 4.94e+00) XE:4.94e-01 (1.22e+00 1.21e+00 | 1.27e+00 1.25e+00)
7424(988) (4.82e+00 4.94e+00) XE:4.94e-01 (1.22e+00 1.21e+00 | 1.31e+00 1.25e+00)
7444(999) (6.30e+00 4.94e+00) XE:4.94e-01 (1.19e+00 1.21e+00 | 1.25e+00 1.25e+00)
7464(1000) (4.47e+00 4.94e+00) XE:4.94e-01 (1.22e+00 1.21e+00 | 1.29e+00 1.25e+00)
7484(1006) (4.33e+00 4.94e+00) XE:4.94e-01 (1.18e+00 1.21e+00 | 1.27e+00 1.25e+00)
7504(1005) (4.45e+00 4.94e+00) XE:4.94e-01 (1.22e+00 1.21e+00 | 1.36e+00 1.25e+00)
7524(997) (4.48e+00 4.94e+00) XE:4.94e-01 (1.20e+00 1.21e+00 | 1.19e+00 1.25e+00)
7544(998) (5.16e+00 4.94e+00) XE:4.94e-01 (1.21e+00 1.21e+00 | 1.26e+00 1.25e+00)
7563(999) (4.70e+00 4.94e+00) XE:4.94e-01 (1.20e+00 1.21e+00 | 1.24e+00 1.25e+00)
7583(993) (4.67e+00 4.94e+00) XE:4.94e-01 (1.21e+00 1.21e+00 | 1.36e+00 1.25e+00)
7603(985) (5.01e+00 4.94e+00) XE:4.94e-01 (1.17e+00 1.21e+00 | 1.23e+00 1.25e+00)
7623(994) (4.59e+00 4.94e+00) XE:4.94e-01 (1.21e+00 1.21e+00 | 1.31e+00 1.25e+00)
7643(997) (4.30e+00 4.94e+00) XE:4.94e-01 (1.20e+00 1.21e+00 | 1.29e+00 1.25e+00)
7662(1000) (4.47e+00 4.94e+00) XE:4.94e-01 (1.19e+00 1.21e+00 | 1.23e+00 1.25e+00)
7682(992) (5.49e+00 4.94e+00) XE:4.94e-01 (1.22e+00 1.21e+00 | 1.30e+00 1.25e+00)
7702(997) (5.50e+00 4.94e+00) XE:4.94e-01 (1.23e+00 1.21e+00 | 1.30e+00 1.25e+00)
7722(995) (4.92e+00 4.94e+00) XE:4.94e-01 (1.20e+00 1.21e+00 | 1.31e+00 1.25e+00)
7742(997) (5.04e+00 4.94e+00) XE:4.94e-01 (1.22e+00 1.21e+00 | 1.22e+00 1.25e+00)
7762(1002) (4.42e+00 4.94e+00) XE:4.94e-01 (1.22e+00 1.21e+00 | 1.23e+00 1.25e+00)
7781(987) (4.96e+00 4.94e+00) XE:4.94e-01 (1.21e+00 1.21e+00 | 1.29e+00 1.25e+00)
7801(1012) (4.63e+00 4.94e+00) XE:4.94e-01 (1.22e+00 1.21e+00 | 1.31e+00 1.25e+00)
7821(1005) (5.16e+00 4.94e+00) XE:4.94e-01 (1.23e+00 1.21e+00 | 1.20e+00 1.25e+00)
7841(987) (4.67e+00 4.94e+00) XE:4.94e-01 (1.22e+00 1.21e+00 | 1.32e+00 1.25e+00)
7861(997) (4.50e+00 4.94e+00) XE:4.94e-01 (1.20e+00 1.21e+00 | 1.16e+00 1.25e+00)
7881(1005) (5.02e+00 4.94e+00) XE:4.94e-01 (1.25e+00 1.21e+00 | 1.31e+00 1.25e+00)
7900(1009) (5.30e+00 4.94e+00) XE:4.94e-01 (1.21e+00 1.21e+00 | 1.28e+00 1.25e+00)
7920(999) (4.72e+00 4.94e+00) XE:4.94e-01 (1.19e+00 1.21e+00 | 1.22e+00 1.25e+00)
7940(977) (5.10e+00 4.94e+00) XE:4.94e-01 (1.21e+00 1.21e+00 | 1.25e+00 1.25e+00)
7960(997) (5.47e+00 4.94e+00) XE:4.94e-01 (1.19e+00 1.21e+00 | 1.18e+00 1.25e+00)
7980(984) (5.14e+00 4.94e+00) XE:4.94e-01 (1.21e+00 1.21e+00 | 1.23e+00 1.25e+00)
8000(1008) (4.70e+00 4.94e+00) XE:4.94e-01 (1.22e+00 1.21e+00 | 1.22e+00 1.25e+00)
8019(1007) (3.98e+00 4.94e+00) XE:4.94e-01 (1.21e+00 1.21e+00 | 1.20e+00 1.25e+00)
8039(1004) (4.29e+00 4.94e+00) XE:4.94e-01 (1.19e+00 1.21e+00 | 1.17e+00 1.25e+00)
8059(1006) (4.97e+00 4.94e+00) XE:4.94e-01 (1.19e+00 1.21e+00 | 1.36e+00 1.25e+00)
8079(999) (4.08e+00 4.94e+00) XE:4.94e-01 (1.22e+00 1.21e+00 | 1.21e+00 1.25e+00)
8099(1003) (4.57e+00 4.94e+00) XE:4.94e-01 (1.21e+00 1.21e+00 | 1.14e+00 1.25e+00)
8119(1003) (5.46e+00 4.94e+00) XE:4.94e-01 (1.22e+00 1.21e+00 | 1.30e+00 1.25e+00)
8138(989) (4.59e+00 4.94e+00) XE:4.94e-01 (1.22e+00 1.21e+00 | 1.24e+00 1.25e+00)
8158(1011) (6.59e+00 4.94e+00) XE:4.94e-01 (1.19e+00 1.21e+00 | 1.23e+00 1.25e+00)
8178(998) (5.45e+00 4.94e+00) XE:4.94e-01 (1.20e+00 1.21e+00 | 1.30e+00 1.25e+00)
8198(985) (5.07e+00 4.94e+00) XE:4.94e-01 (1.21e+00 1.21e+00 | 1.23e+00 1.25e+00)
8218(1005) (4.16e+00 4.94e+00) XE:4.94e-01 (1.20e+00 1.21e+00 | 1.35e+00 1.25e+00)
8238(1006) (3.80e+00 4.94e+00) XE:4.94e-01 (1.22e+00 1.21e+00 | 1.28e+00 1.25e+00)
8257(1007) (5.08e+00 4.94e+00) XE:4.94e-01 (1.18e+00 1.21e+00 | 1.20e+00 1.25e+00)
8277(1004) (4.62e+00 4.94e+00) XE:4.94e-01 (1.20e+00 1.21e+00 | 1.31e+00 1.25e+00)
8297(1000) (4.31e+00 4.94e+00) XE:4.94e-01 (1.20e+00 1.21e+00 | 1.28e+00 1.25e+00)
8317(989) (5.27e+00 4.94e+00) XE:4.94e-01 (1.21e+00 1.21e+00 | 1.26e+00 1.25e+00)
8337(989) (5.41e+00 4.94e+00) XE:4.94e-01 (1.24e+00 1.21e+00 | 1.23e+00 1.25e+00)
8357(991) (5.17e+00 4.94e+00) XE:4.94e-01 (1.20e+00 1.21e+00 | 1.20e+00 1.25e+00)
8377(992) (5.56e+00 4.94e+00) XE:4.94e-01 (1.20e+00 1.21e+00 | 1.24e+00 1.25e+00)
8396(999) (4.34e+00 4.94e+00) XE:4.94e-01 (1.22e+00 1.21e+00 | 1.22e+00 1.25e+00)
8416(990) (5.21e+00 4.94e+00) XE:4.94e-01 (1.23e+00 1.21e+00 | 1.29e+00 1.25e+00)
8436(999) (4.44e+00 4.94e+00) XE:4.94e-01 (1.21e+00 1.21e+00 | 1.20e+00 1.25e+00)
8456(1011) (4.36e+00 4.94e+00) XE:4.94e-01 (1.20e+00 1.21e+00 | 1.32e+00 1.25e+00)
8476(981) (4.90e+00 4.94e+00) XE:4.94e-01 (1.21e+00 1.21e+00 | 1.31e+00 1.25e+00)
8496(995) (4.18e+00 4.94e+00) XE:4.94e-01 (1.19e+00 1.21e+00 | 1.32e+00 1.25e+00)
8516(997) (4.99e+00 4.94e+00) XE:4.94e-01 (1.24e+00 1.21e+00 | 1.14e+00 1.25e+00)
8535(995) (5.54e+00 4.94e+00) XE:4.94e-01 (1.21e+00 1.21e+00 | 1.19e+00 1.25e+00)
8555(1011) (4.72e+00 4.94e+00) XE:4.94e-01 (1.21e+00 1.21e+00 | 1.26e+00 1.25e+00)
8575(1005) (5.03e+00 4.94e+00) XE:4.94e-01 (1.19e+00 1.21e+00 | 1.17e+00 1.25e+00)
8595(1008) (4.30e+00 4.94e+00) XE:4.94e-01 (1.21e+00 1.21e+00 | 1.35e+00 1.25e+00)
8615(995) (4.00e+00 4.94e+00) XE:4.94e-01 (1.23e+00 1.21e+00 | 1.28e+00 1.25e+00)
8635(1001) (4.83e+00 4.94e+00) XE:4.94e-01 (1.23e+00 1.21e+00 | 1.36e+00 1.25e+00)
8654(1018) (4.60e+00 4.94e+00) XE:4.94e-01 (1.20e+00 1.21e+00 | 1.22e+00 1.25e+00)
8674(1006) (5.44e+00 4.94e+00) XE:4.94e-01 (1.20e+00 1.21e+00 | 1.19e+00 1.25e+00)
8694(999) (4.35e+00 4.94e+00) XE:4.94e-01 (1.22e+00 1.21e+00 | 1.31e+00 1.25e+00)
8714(1016) (4.25e+00 4.94e+00) XE:4.94e-01 (1.21e+00 1.21e+00 | 1.27e+00 1.25e+00)
8734(1010) (4.76e+00 4.94e+00) XE:4.94e-01 (1.19e+00 1.21e+00 | 1.30e+00 1.25e+00)
8754(994) (5.58e+00 4.94e+00) XE:4.94e-01 (1.21e+00 1.21e+00 | 1.18e+00 1.25e+00)
8774(993) (4.95e+00 4.94e+00) XE:4.94e-01 (1.21e+00 1.21e+00 | 1.28e+00 1.25e+00)
8793(1003) (4.36e+00 4.94e+00) XE:4.94e-01 (1.21e+00 1.21e+00 | 1.29e+00 1.25e+00)
8813(982) (5.44e+00 4.94e+00) XE:4.94e-01 (1.19e+00 1.21e+00 | 1.21e+00 1.25e+00)
8833(1000) (4.74e+00 4.94e+00) XE:4.94e-01 (1.22e+00 1.21e+00 | 1.21e+00 1.25e+00)
8853(992) (5.48e+00 4.94e+00) XE:4.94e-01 (1.22e+00 1.21e+00 | 1.16e+00 1.25e+00)
8873(993) (5.74e+00 4.94e+00) XE:4.94e-01 (1.19e+00 1.21e+00 | 1.25e+00 1.25e+00)
8893(984) (5.75e+00 4.94e+00) XE:4.94e-01 (1.21e+00 1.21e+00 | 1.19e+00 1.25e+00)
8912(1001) (4.49e+00 4.94e+00) XE:4.94e-01 (1.21e+00 1.21e+00 | 1.29e+00 1.25e+00)
8932(991) (6.18e+00 4.94e+00) XE:4.94e-01 (1.21e+00 1.21e+00 | 1.18e+00 1.25e+00)
8952(1002) (4.46e+00 4.94e+00) XE:4.94e-01 (1.23e+00 1.21e+00 | 1.38e+00 1.25e+00)
8972(1003) (4.13e+00 4.94e+00) XE:4.94e-01 (1.22e+00 1.21e+00 | 1.19e+00 1.25e+00)
8992(1019) (5.07e+00 4.94e+00) XE:4.94e-01 (1.24e+00 1.21e+00 | 1.20e+00 1.25e+00)
9012(996) (4.17e+00 4.94e+00) XE:4.94e-01 (1.22e+00 1.21e+00 | 1.17e+00 1.25e+00)
9032(1003) (4.67e+00 4.94e+00) XE:4.94e-01 (1.20e+00 1.21e+00 | 1.17e+00 1.25e+00)
9051(999) (5.15e+00 4.94e+00) XE:4.94e-01 (1.17e+00 1.21e+00 | 1.18e+00 1.25e+00)
9071(1002) (5.04e+00 4.94e+00) XE:4.94e-01 (1.21e+00 1.21e+00 | 1.28e+00 1.25e+00)
9091(1003) (4.31e+00 4.94e+00) XE:4.94e-01 (1.21e+00 1.21e+00 | 1.16e+00 1.25e+00)
9111(1007) (4.28e+00 4.94e+00) XE:4.94e-01 (1.23e+00 1.21e+00 | 1.31e+00 1.25e+00)
9131(1000) (4.65e+00 4.94e+00) XE:4.94e-01 (1.22e+00 1.21e+00 | 1.22e+00 1.25e+00)
9150(1011) (4.89e+00 4.94e+00) XE:4.94e-01 (1.20e+00 1.21e+00 | 1.34e+00 1.25e+00)
9170(998) (4.96e+00 4.94e+00) XE:4.94e-01 (1.19e+00 1.21e+00 | 1.26e+00 1.25e+00)
9190(1000) (4.57e+00 4.94e+00) XE:4.94e-01 (1.21e+00 1.21e+00 | 1.28e+00 1.25e+00)
9210(995) (5.82e+00 4.94e+00) XE:4.94e-01 (1.24e+00 1.21e+00 | 1.23e+00 1.25e+00)
9230(977) (6.63e+00 4.94e+00) XE:4.94e-01 (1.20e+00 1.21e+00 | 1.32e+00 1.25e+00)
9250(985) (4.93e+00 4.94e+00) XE:4.94e-01 (1.21e+00 1.21e+00 | 1.14e+00 1.25e+00)
9269(994) (5.10e+00 4.94e+00) XE:4.94e-01 (1.18e+00 1.21e+00 | 1.28e+00 1.25e+00)
9289(1003) (5.06e+00 4.94e+00) XE:4.94e-01 (1.20e+00 1.21e+00 | 1.22e+00 1.25e+00)
9309(997) (5.28e+00 4.94e+00) XE:4.94e-01 (1.20e+00 1.21e+00 | 1.23e+00 1.25e+00)
9329(1009) (4.75e+00 4.94e+00) XE:4.94e-01 (1.21e+00 1.21e+00 | 1.30e+00 1.25e+00)
9349(1009) (4.41e+00 4.94e+00) XE:4.94e-01 (1.21e+00 1.21e+00 | 1.24e+00 1.25e+00)
9368(987) (4.71e+00 4.94e+00) XE:4.94e-01 (1.20e+00 1.21e+00 | 1.27e+00 1.25e+00)
9388(998) (4.77e+00 4.94e+00) XE:4.94e-01 (1.26e+00 1.21e+00 | 1.25e+00 1.25e+00)
9408(1002) (5.01e+00 4.94e+00) XE:4.94e-01 (1.23e+00 1.21e+00 | 1.21e+00 1.25e+00)
9428(997) (4.94e+00 4.94e+00) XE:4.94e-01 (1.19e+00 1.21e+00 | 1.17e+00 1.25e+00)
9448(985) (5.01e+00 4.94e+00) XE:4.94e-01 (1.23e+00 1.21e+00 | 1.18e+00 1.25e+00)
9468(999) (5.38e+00 4.94e+00) XE:4.94e-01 (1.21e+00 1.21e+00 | 1.33e+00 1.25e+00)
9487(1002) (5.09e+00 4.94e+00) XE:4.94e-01 (1.21e+00 1.21e+00 | 1.18e+00 1.25e+00)
9507(1003) (5.38e+00 4.94e+00) XE:4.94e-01 (1.21e+00 1.21e+00 | 1.27e+00 1.25e+00)
9527(1007) (4.53e+00 4.94e+00) XE:4.94e-01 (1.20e+00 1.21e+00 | 1.30e+00 1.25e+00)
9547(1001) (4.49e+00 4.94e+00) XE:4.94e-01 (1.21e+00 1.21e+00 | 1.27e+00 1.25e+00)
9567(1019) (4.40e+00 4.94e+00) XE:4.94e-01 (1.20e+00 1.21e+00 | 1.18e+00 1.25e+00)
9586(1000) (4.80e+00 4.94e+00) XE:4.94e-01 (1.21e+00 1.21e+00 | 1.20e+00 1.25e+00)
9606(1006) (4.19e+00 4.94e+00) XE:4.94e-01 (1.21e+00 1.21e+00 | 1.39e+00 1.25e+00)
9626(1012) (5.37e+00 4.94e+00) XE:4.94e-01 (1.22e+00 1.21e+00 | 1.28e+00 1.25e+00)
9646(996) (4.41e+00 4.94e+00) XE:4.94e-01 (1.21e+00 1.21e+00 | 1.19e+00 1.25e+00)
9666(1012) (5.24e+00 4.94e+00) XE:4.94e-01 (1.18e+00 1.21e+00 | 1.31e+00 1.25e+00)
9685(989) (5.15e+00 4.94e+00) XE:4.94e-01 (1.21e+00 1.21e+00 | 1.20e+00 1.25e+00)
9705(997) (4.81e+00 4.94e+00) XE:4.94e-01 (1.20e+00 1.21e+00 | 1.23e+00 1.25e+00)
9725(1003) (4.85e+00 4.94e+00) XE:4.94e-01 (1.19e+00 1.21e+00 | 1.15e+00 1.25e+00)
9745(985) (5.01e+00 4.94e+00) XE:4.94e-01 (1.22e+00 1.21e+00 | 1.26e+00 1.25e+00)
9765(996) (5.65e+00 4.94e+00) XE:4.94e-01 (1.23e+00 1.21e+00 | 1.21e+00 1.25e+00)
9785(1015) (4.14e+00 4.94e+00) XE:4.94e-01 (1.22e+00 1.21e+00 | 1.26e+00 1.25e+00)
9804(993) (4.70e+00 4.94e+00) XE:4.94e-01 (1.23e+00 1.21e+00 | 1.28e+00 1.25e+00)
9824(993) (4.44e+00 4.94e+00) XE:4.94e-01 (1.21e+00 1.21e+00 | 1.31e+00 1.25e+00)
9844(990) (5.30e+00 4.94e+00) XE:4.94e-01 (1.20e+00 1.21e+00 | 1.27e+00 1.25e+00)
9864(1000) (6.28e+00 4.94e+00) XE:4.94e-01 (1.21e+00 1.21e+00 | 1.29e+00 1.25e+00)
9884(1003) (4.17e+00 4.94e+00) XE:4.94e-01 (1.23e+00 1.21e+00 | 1.30e+00 1.25e+00)
9903(1001) (5.11e+00 4.94e+00) XE:4.94e-01 (1.22e+00 1.21e+00 | 1.15e+00 1.25e+00)
9923(997) (5.02e+00 4.94e+00) XE:4.94e-01 (1.23e+00 1.21e+00 | 1.24e+00 1.25e+00)
9943(994) (4.79e+00 4.94e+00) XE:4.94e-01 (1.21e+00 1.21e+00 | 1.27e+00 1.25e+00)
9963(1016) (5.61e+00 4.94e+00) XE:4.94e-01 (1.21e+00 1.21e+00 | 1.17e+00 1.25e+00)
9983(996) (5.96e+00 4.94e+00) XE:4.94e-01 (1.21e+00 1.21e+00 | 1.28e+00 1.25e+00)
10000(1013) (4.96e+00 4.94e+00) XE:4.94e-01 (1.20e+00 1.21e+00 | 1.34e+00 1.25e+00)
RL cnt: 0,6687467,1378817,170908,7723,0,0,0,0,0,0,0,0,0,0,0,
BL cnt: 0,0,0,0,0,0,307529,0,2472458,0,4340238,0,2480303,0,309472,0,0,0,0,0,0,
# InnerCodebook: deleted
# NBIDSchannel: deleted
# Gtable: deleted
# FBalg4: deleted
