# (Pid,Ps)=(4.500000e-02,1.000000e-02) Nseg=200 WinSize=10 [0]
# InnerCB: ICB/1/5_09_1.bin
# Gtable:  Gtable/5/045_010.bin
# InnerCodebook: beta=5(1024) nu=1
# InnerCodebook: B(B2p)=9(512) 
# InnerCodebook: checked CWM, EncMap, DecMap
# beta=5(1024) N=1000 Dmax=50
# NBIDSchannel: N=1000 Q=4 Dmax=50 (Pid,Ps)=(4.500000e-02,1.000000e-02)
# FBalg4: Nseg=200 Dmax=50(w=101)
# FBalg4: Gtable: Gtable/5/045_010.bin
# Gtable: beta=5 (Pid,Ps,Ptrn)=(4.500000e-02,1.000000e-02,9.100000e-01) Pth=1.000000e-10
# Gtable: beta4p=1024 beta4pp=1048576
# Gtable::Gtable len=0 cnt=1024
# Gtable::Gtable len=1 cnt=4096
# Gtable::Gtable len=2 cnt=16384
# Gtable::Gtable len=3 cnt=65536
# Gtable::Gtable len=4 cnt=241636
# Gtable::Gtable len=5 cnt=826768
# Gtable::Gtable len=6 cnt=1541824
# Gtable::Gtable len=7 cnt=2651728
# Gtable::Gtable len=8 cnt=1264036
# Gtable::Gtable len=9 cnt=204496
# Gtable::Gtable len=10 cnt=31744
# FBalg4: beta=5(1024) (Pid,Ps)=(4.500000e-02,1.000000e-02) Pth=1.000000e-10 N=1000
0014(993) (5.86e+00 5.47e+00) XE:5.47e-01 (1.21e+00 1.21e+00 | 1.33e+00 1.27e+00)
0030(985) (5.67e+00 5.48e+00) XE:5.48e-01 (1.19e+00 1.21e+00 | 1.26e+00 1.26e+00)
0045(980) (5.44e+00 5.50e+00) XE:5.50e-01 (1.19e+00 1.21e+00 | 1.30e+00 1.26e+00)
0061(1000) (5.93e+00 5.55e+00) XE:5.55e-01 (1.21e+00 1.21e+00 | 1.22e+00 1.26e+00)
0076(1009) (5.31e+00 5.57e+00) XE:5.57e-01 (1.19e+00 1.21e+00 | 1.17e+00 1.25e+00)
0091(991) (6.90e+00 5.56e+00) XE:5.56e-01 (1.23e+00 1.21e+00 | 1.30e+00 1.25e+00)
0107(1003) (5.57e+00 5.55e+00) XE:5.55e-01 (1.19e+00 1.21e+00 | 1.21e+00 1.25e+00)
0122(989) (5.64e+00 5.53e+00) XE:5.53e-01 (1.20e+00 1.21e+00 | 1.20e+00 1.25e+00)
0137(999) (5.04e+00 5.50e+00) XE:5.50e-01 (1.21e+00 1.21e+00 | 1.30e+00 1.25e+00)
0153(1009) (5.46e+00 5.49e+00) XE:5.49e-01 (1.19e+00 1.21e+00 | 1.13e+00 1.26e+00)
0168(994) (5.58e+00 5.48e+00) XE:5.48e-01 (1.22e+00 1.21e+00 | 1.19e+00 1.25e+00)
0183(1006) (5.96e+00 5.49e+00) XE:5.49e-01 (1.22e+00 1.21e+00 | 1.28e+00 1.26e+00)
0199(996) (5.76e+00 5.52e+00) XE:5.52e-01 (1.20e+00 1.21e+00 | 1.28e+00 1.25e+00)
0214(997) (4.62e+00 5.51e+00) XE:5.51e-01 (1.20e+00 1.21e+00 | 1.31e+00 1.26e+00)
0229(998) (7.19e+00 5.52e+00) XE:5.52e-01 (1.21e+00 1.21e+00 | 1.23e+00 1.25e+00)
0245(1019) (5.63e+00 5.52e+00) XE:5.52e-01 (1.19e+00 1.21e+00 | 1.20e+00 1.25e+00)
0260(1003) (5.34e+00 5.54e+00) XE:5.54e-01 (1.21e+00 1.21e+00 | 1.19e+00 1.25e+00)
0276(997) (6.03e+00 5.53e+00) XE:5.53e-01 (1.22e+00 1.21e+00 | 1.24e+00 1.25e+00)
0291(996) (5.45e+00 5.52e+00) XE:5.52e-01 (1.19e+00 1.21e+00 | 1.17e+00 1.25e+00)
0306(986) (7.09e+00 5.52e+00) XE:5.52e-01 (1.23e+00 1.21e+00 | 1.33e+00 1.25e+00)
0322(1006) (5.27e+00 5.51e+00) XE:5.51e-01 (1.21e+00 1.21e+00 | 1.26e+00 1.26e+00)
0337(1004) (5.09e+00 5.51e+00) XE:5.51e-01 (1.18e+00 1.21e+00 | 1.18e+00 1.25e+00)
0352(1007) (5.67e+00 5.52e+00) XE:5.52e-01 (1.20e+00 1.21e+00 | 1.27e+00 1.25e+00)
0368(998) (5.20e+00 5.51e+00) XE:5.51e-01 (1.22e+00 1.21e+00 | 1.28e+00 1.25e+00)
0383(996) (5.89e+00 5.51e+00) XE:5.51e-01 (1.21e+00 1.21e+00 | 1.36e+00 1.26e+00)
0398(1006) (5.95e+00 5.52e+00) XE:5.52e-01 (1.21e+00 1.21e+00 | 1.33e+00 1.25e+00)
0414(1012) (5.02e+00 5.51e+00) XE:5.51e-01 (1.23e+00 1.21e+00 | 1.25e+00 1.26e+00)
0429(998) (4.89e+00 5.50e+00) XE:5.50e-01 (1.23e+00 1.21e+00 | 1.21e+00 1.25e+00)
0444(998) (5.44e+00 5.50e+00) XE:5.50e-01 (1.24e+00 1.21e+00 | 1.12e+00 1.25e+00)
0460(1012) (5.33e+00 5.51e+00) XE:5.51e-01 (1.20e+00 1.21e+00 | 1.23e+00 1.25e+00)
0475(990) (5.16e+00 5.50e+00) XE:5.50e-01 (1.20e+00 1.21e+00 | 1.25e+00 1.25e+00)
0491(997) (4.87e+00 5.50e+00) XE:5.50e-01 (1.25e+00 1.21e+00 | 1.36e+00 1.25e+00)
0506(1004) (5.43e+00 5.50e+00) XE:5.50e-01 (1.23e+00 1.21e+00 | 1.23e+00 1.25e+00)
0521(1012) (5.11e+00 5.49e+00) XE:5.49e-01 (1.21e+00 1.21e+00 | 1.18e+00 1.25e+00)
0537(1003) (5.31e+00 5.50e+00) XE:5.50e-01 (1.20e+00 1.21e+00 | 1.34e+00 1.25e+00)
0552(991) (4.83e+00 5.50e+00) XE:5.50e-01 (1.23e+00 1.21e+00 | 1.12e+00 1.25e+00)
0567(1014) (5.18e+00 5.50e+00) XE:5.50e-01 (1.25e+00 1.21e+00 | 1.23e+00 1.25e+00)
0583(998) (5.91e+00 5.51e+00) XE:5.51e-01 (1.20e+00 1.21e+00 | 1.33e+00 1.25e+00)
0598(1008) (6.38e+00 5.51e+00) XE:5.51e-01 (1.21e+00 1.21e+00 | 1.24e+00 1.25e+00)
0613(994) (5.36e+00 5.51e+00) XE:5.51e-01 (1.22e+00 1.21e+00 | 1.23e+00 1.25e+00)
0629(1001) (6.21e+00 5.51e+00) XE:5.51e-01 (1.22e+00 1.21e+00 | 1.36e+00 1.25e+00)
0644(1012) (5.34e+00 5.51e+00) XE:5.51e-01 (1.21e+00 1.21e+00 | 1.28e+00 1.25e+00)
0659(994) (5.53e+00 5.51e+00) XE:5.51e-01 (1.21e+00 1.21e+00 | 1.28e+00 1.25e+00)
0675(1014) (5.08e+00 5.51e+00) XE:5.51e-01 (1.23e+00 1.21e+00 | 1.23e+00 1.25e+00)
0690(994) (5.19e+00 5.51e+00) XE:5.51e-01 (1.21e+00 1.21e+00 | 1.25e+00 1.25e+00)
0705(993) (5.13e+00 5.51e+00) XE:5.51e-01 (1.22e+00 1.21e+00 | 1.30e+00 1.25e+00)
0721(1002) (4.43e+00 5.51e+00) XE:5.51e-01 (1.20e+00 1.21e+00 | 1.21e+00 1.25e+00)
0736(986) (6.37e+00 5.51e+00) XE:5.51e-01 (1.21e+00 1.21e+00 | 1.09e+00 1.25e+00)
0752(1002) (5.24e+00 5.51e+00) XE:5.51e-01 (1.22e+00 1.21e+00 | 1.24e+00 1.25e+00)
0767(1001) (5.83e+00 5.50e+00) XE:5.50e-01 (1.23e+00 1.21e+00 | 1.18e+00 1.25e+00)
0782(998) (5.16e+00 5.50e+00) XE:5.50e-01 (1.19e+00 1.21e+00 | 1.37e+00 1.25e+00)
0798(992) (5.95e+00 5.51e+00) XE:5.51e-01 (1.18e+00 1.21e+00 | 1.23e+00 1.25e+00)
0813(1007) (5.47e+00 5.51e+00) XE:5.51e-01 (1.21e+00 1.21e+00 | 1.29e+00 1.25e+00)
0828(1012) (5.30e+00 5.51e+00) XE:5.51e-01 (1.22e+00 1.21e+00 | 1.25e+00 1.25e+00)
0844(1000) (5.34e+00 5.51e+00) XE:5.51e-01 (1.18e+00 1.21e+00 | 1.20e+00 1.25e+00)
0859(1002) (6.77e+00 5.51e+00) XE:5.51e-01 (1.19e+00 1.21e+00 | 1.21e+00 1.25e+00)
0875(990) (5.78e+00 5.51e+00) XE:5.51e-01 (1.22e+00 1.21e+00 | 1.18e+00 1.25e+00)
0890(994) (5.69e+00 5.51e+00) XE:5.51e-01 (1.20e+00 1.21e+00 | 1.28e+00 1.25e+00)
0905(999) (5.58e+00 5.51e+00) XE:5.51e-01 (1.19e+00 1.21e+00 | 1.23e+00 1.25e+00)
0921(1008) (5.27e+00 5.51e+00) XE:5.51e-01 (1.22e+00 1.21e+00 | 1.24e+00 1.25e+00)
0936(1014) (5.53e+00 5.51e+00) XE:5.51e-01 (1.21e+00 1.21e+00 | 1.32e+00 1.25e+00)
0951(1004) (5.33e+00 5.51e+00) XE:5.51e-01 (1.23e+00 1.21e+00 | 1.36e+00 1.25e+00)
0967(996) (5.57e+00 5.51e+00) XE:5.51e-01 (1.23e+00 1.21e+00 | 1.27e+00 1.25e+00)
0982(992) (5.90e+00 5.52e+00) XE:5.52e-01 (1.20e+00 1.21e+00 | 1.33e+00 1.25e+00)
0997(1001) (5.03e+00 5.52e+00) XE:5.52e-01 (1.18e+00 1.21e+00 | 1.16e+00 1.25e+00)
1013(1005) (4.95e+00 5.52e+00) XE:5.52e-01 (1.22e+00 1.21e+00 | 1.23e+00 1.25e+00)
1028(990) (5.47e+00 5.52e+00) XE:5.52e-01 (1.24e+00 1.21e+00 | 1.22e+00 1.25e+00)
1043(1000) (5.77e+00 5.52e+00) XE:5.52e-01 (1.20e+00 1.21e+00 | 1.26e+00 1.25e+00)
1059(1001) (5.83e+00 5.52e+00) XE:5.52e-01 (1.21e+00 1.21e+00 | 1.27e+00 1.25e+00)
1074(1012) (5.52e+00 5.52e+00) XE:5.52e-01 (1.21e+00 1.21e+00 | 1.24e+00 1.25e+00)
1090(1006) (4.91e+00 5.52e+00) XE:5.52e-01 (1.21e+00 1.21e+00 | 1.32e+00 1.25e+00)
1105(997) (5.77e+00 5.52e+00) XE:5.52e-01 (1.20e+00 1.21e+00 | 1.22e+00 1.25e+00)
1120(1004) (4.88e+00 5.52e+00) XE:5.52e-01 (1.20e+00 1.21e+00 | 1.19e+00 1.25e+00)
1136(997) (7.50e+00 5.52e+00) XE:5.52e-01 (1.24e+00 1.21e+00 | 1.29e+00 1.25e+00)
1151(980) (5.45e+00 5.52e+00) XE:5.52e-01 (1.20e+00 1.21e+00 | 1.32e+00 1.25e+00)
1166(1005) (4.78e+00 5.52e+00) XE:5.52e-01 (1.23e+00 1.21e+00 | 1.27e+00 1.25e+00)
1182(981) (5.93e+00 5.52e+00) XE:5.52e-01 (1.22e+00 1.21e+00 | 1.25e+00 1.25e+00)
1197(998) (4.91e+00 5.52e+00) XE:5.52e-01 (1.19e+00 1.21e+00 | 1.16e+00 1.25e+00)
1213(997) (5.18e+00 5.52e+00) XE:5.52e-01 (1.20e+00 1.21e+00 | 1.31e+00 1.25e+00)
1228(1007) (5.09e+00 5.51e+00) XE:5.51e-01 (1.19e+00 1.21e+00 | 1.24e+00 1.25e+00)
1243(1006) (5.26e+00 5.51e+00) XE:5.51e-01 (1.18e+00 1.21e+00 | 1.27e+00 1.25e+00)
1259(1005) (5.03e+00 5.51e+00) XE:5.51e-01 (1.20e+00 1.21e+00 | 1.31e+00 1.25e+00)
1274(1005) (5.79e+00 5.51e+00) XE:5.51e-01 (1.22e+00 1.21e+00 | 1.24e+00 1.25e+00)
1289(1011) (5.36e+00 5.51e+00) XE:5.51e-01 (1.21e+00 1.21e+00 | 1.16e+00 1.25e+00)
1305(1003) (5.22e+00 5.51e+00) XE:5.51e-01 (1.22e+00 1.21e+00 | 1.28e+00 1.25e+00)
1320(1001) (5.16e+00 5.51e+00) XE:5.51e-01 (1.20e+00 1.21e+00 | 1.25e+00 1.25e+00)
1335(1008) (4.61e+00 5.51e+00) XE:5.51e-01 (1.21e+00 1.21e+00 | 1.31e+00 1.25e+00)
1351(1001) (5.38e+00 5.51e+00) XE:5.51e-01 (1.21e+00 1.21e+00 | 1.29e+00 1.25e+00)
1366(996) (5.76e+00 5.51e+00) XE:5.51e-01 (1.21e+00 1.21e+00 | 1.25e+00 1.25e+00)
1381(996) (5.11e+00 5.51e+00) XE:5.51e-01 (1.23e+00 1.21e+00 | 1.19e+00 1.25e+00)
1397(1015) (4.80e+00 5.51e+00) XE:5.51e-01 (1.20e+00 1.21e+00 | 1.28e+00 1.25e+00)
1412(1006) (6.13e+00 5.51e+00) XE:5.51e-01 (1.20e+00 1.21e+00 | 1.23e+00 1.25e+00)
1427(1012) (5.48e+00 5.51e+00) XE:5.51e-01 (1.22e+00 1.21e+00 | 1.21e+00 1.25e+00)
1443(991) (5.68e+00 5.50e+00) XE:5.50e-01 (1.21e+00 1.21e+00 | 1.19e+00 1.25e+00)
1458(1007) (4.55e+00 5.50e+00) XE:5.50e-01 (1.21e+00 1.21e+00 | 1.19e+00 1.25e+00)
1473(1000) (7.21e+00 5.51e+00) XE:5.51e-01 (1.19e+00 1.21e+00 | 1.28e+00 1.25e+00)
1489(1001) (6.10e+00 5.51e+00) XE:5.51e-01 (1.22e+00 1.21e+00 | 1.28e+00 1.25e+00)
1504(1001) (4.54e+00 5.51e+00) XE:5.51e-01 (1.21e+00 1.21e+00 | 1.14e+00 1.25e+00)
1520(1012) (5.51e+00 5.51e+00) XE:5.51e-01 (1.21e+00 1.21e+00 | 1.33e+00 1.25e+00)
1535(1008) (4.91e+00 5.51e+00) XE:5.51e-01 (1.21e+00 1.21e+00 | 1.31e+00 1.25e+00)
1550(996) (5.55e+00 5.51e+00) XE:5.51e-01 (1.18e+00 1.21e+00 | 1.23e+00 1.25e+00)
1566(1001) (4.63e+00 5.51e+00) XE:5.51e-01 (1.21e+00 1.21e+00 | 1.25e+00 1.25e+00)
1581(1006) (5.33e+00 5.51e+00) XE:5.51e-01 (1.21e+00 1.21e+00 | 1.31e+00 1.25e+00)
1596(1007) (5.44e+00 5.51e+00) XE:5.51e-01 (1.23e+00 1.21e+00 | 1.26e+00 1.25e+00)
1612(983) (5.48e+00 5.51e+00) XE:5.51e-01 (1.21e+00 1.21e+00 | 1.36e+00 1.25e+00)
1627(997) (5.42e+00 5.51e+00) XE:5.51e-01 (1.21e+00 1.21e+00 | 1.34e+00 1.25e+00)
1642(1015) (6.72e+00 5.51e+00) XE:5.51e-01 (1.21e+00 1.21e+00 | 1.19e+00 1.25e+00)
1658(982) (6.34e+00 5.51e+00) XE:5.51e-01 (1.23e+00 1.21e+00 | 1.28e+00 1.25e+00)
1673(1006) (4.91e+00 5.51e+00) XE:5.51e-01 (1.20e+00 1.21e+00 | 1.22e+00 1.25e+00)
1688(993) (5.06e+00 5.51e+00) XE:5.51e-01 (1.22e+00 1.21e+00 | 1.33e+00 1.25e+00)
1704(996) (4.57e+00 5.51e+00) XE:5.51e-01 (1.22e+00 1.21e+00 | 1.27e+00 1.25e+00)
1719(984) (5.91e+00 5.51e+00) XE:5.51e-01 (1.21e+00 1.21e+00 | 1.15e+00 1.25e+00)
1735(996) (6.43e+00 5.51e+00) XE:5.51e-01 (1.21e+00 1.21e+00 | 1.30e+00 1.25e+00)
1750(1005) (6.80e+00 5.51e+00) XE:5.51e-01 (1.19e+00 1.21e+00 | 1.24e+00 1.25e+00)
1765(994) (5.24e+00 5.51e+00) XE:5.51e-01 (1.20e+00 1.21e+00 | 1.17e+00 1.25e+00)
1781(984) (5.20e+00 5.51e+00) XE:5.51e-01 (1.21e+00 1.21e+00 | 1.40e+00 1.25e+00)
1796(996) (6.09e+00 5.51e+00) XE:5.51e-01 (1.20e+00 1.21e+00 | 1.23e+00 1.25e+00)
1811(996) (6.29e+00 5.51e+00) XE:5.51e-01 (1.23e+00 1.21e+00 | 1.23e+00 1.25e+00)
1827(1004) (5.69e+00 5.52e+00) XE:5.52e-01 (1.23e+00 1.21e+00 | 1.28e+00 1.25e+00)
1842(983) (5.56e+00 5.52e+00) XE:5.52e-01 (1.23e+00 1.21e+00 | 1.27e+00 1.25e+00)
1858(997) (5.30e+00 5.52e+00) XE:5.52e-01 (1.22e+00 1.21e+00 | 1.22e+00 1.25e+00)
1873(991) (6.03e+00 5.52e+00) XE:5.52e-01 (1.22e+00 1.21e+00 | 1.26e+00 1.25e+00)
1888(1011) (5.04e+00 5.52e+00) XE:5.52e-01 (1.20e+00 1.21e+00 | 1.20e+00 1.25e+00)
1904(1020) (5.09e+00 5.52e+00) XE:5.52e-01 (1.22e+00 1.21e+00 | 1.19e+00 1.25e+00)
1919(999) (4.97e+00 5.52e+00) XE:5.52e-01 (1.20e+00 1.21e+00 | 1.20e+00 1.25e+00)
1934(994) (6.06e+00 5.52e+00) XE:5.52e-01 (1.21e+00 1.21e+00 | 1.21e+00 1.25e+00)
1950(990) (6.07e+00 5.52e+00) XE:5.52e-01 (1.22e+00 1.21e+00 | 1.30e+00 1.25e+00)
1965(1004) (6.04e+00 5.52e+00) XE:5.52e-01 (1.21e+00 1.21e+00 | 1.36e+00 1.25e+00)
1980(999) (5.58e+00 5.52e+00) XE:5.52e-01 (1.19e+00 1.21e+00 | 1.35e+00 1.25e+00)
1996(1001) (6.88e+00 5.52e+00) XE:5.52e-01 (1.18e+00 1.21e+00 | 1.16e+00 1.25e+00)
2011(981) (5.30e+00 5.52e+00) XE:5.52e-01 (1.17e+00 1.21e+00 | 1.21e+00 1.25e+00)
2026(1015) (4.76e+00 5.52e+00) XE:5.52e-01 (1.21e+00 1.21e+00 | 1.29e+00 1.25e+00)
2042(1016) (5.24e+00 5.52e+00) XE:5.52e-01 (1.22e+00 1.21e+00 | 1.28e+00 1.25e+00)
2057(981) (5.10e+00 5.52e+00) XE:5.52e-01 (1.20e+00 1.21e+00 | 1.28e+00 1.25e+00)
2072(1012) (6.30e+00 5.52e+00) XE:5.52e-01 (1.21e+00 1.21e+00 | 1.21e+00 1.25e+00)
2088(1002) (5.83e+00 5.52e+00) XE:5.52e-01 (1.23e+00 1.21e+00 | 1.20e+00 1.25e+00)
2103(996) (5.53e+00 5.52e+00) XE:5.52e-01 (1.22e+00 1.21e+00 | 1.32e+00 1.25e+00)
2118(1012) (5.07e+00 5.52e+00) XE:5.52e-01 (1.22e+00 1.21e+00 | 1.12e+00 1.25e+00)
2134(996) (5.87e+00 5.52e+00) XE:5.52e-01 (1.20e+00 1.21e+00 | 1.29e+00 1.25e+00)
2149(983) (6.14e+00 5.52e+00) XE:5.52e-01 (1.21e+00 1.21e+00 | 1.30e+00 1.25e+00)
2165(1006) (5.82e+00 5.52e+00) XE:5.52e-01 (1.21e+00 1.21e+00 | 1.31e+00 1.25e+00)
2180(1010) (4.77e+00 5.52e+00) XE:5.52e-01 (1.20e+00 1.21e+00 | 1.20e+00 1.25e+00)
2195(1007) (4.93e+00 5.52e+00) XE:5.52e-01 (1.22e+00 1.21e+00 | 1.28e+00 1.25e+00)
2211(1002) (5.03e+00 5.52e+00) XE:5.52e-01 (1.20e+00 1.21e+00 | 1.29e+00 1.25e+00)
2226(1002) (5.21e+00 5.52e+00) XE:5.52e-01 (1.20e+00 1.21e+00 | 1.16e+00 1.25e+00)
2241(1002) (6.31e+00 5.52e+00) XE:5.52e-01 (1.21e+00 1.21e+00 | 1.25e+00 1.25e+00)
2257(994) (6.51e+00 5.52e+00) XE:5.52e-01 (1.24e+00 1.21e+00 | 1.17e+00 1.25e+00)
2272(1013) (5.53e+00 5.52e+00) XE:5.52e-01 (1.21e+00 1.21e+00 | 1.24e+00 1.25e+00)
2287(998) (6.04e+00 5.52e+00) XE:5.52e-01 (1.21e+00 1.21e+00 | 1.34e+00 1.25e+00)
2303(1006) (5.78e+00 5.52e+00) XE:5.52e-01 (1.24e+00 1.21e+00 | 1.18e+00 1.25e+00)
2318(1009) (5.25e+00 5.52e+00) XE:5.52e-01 (1.20e+00 1.21e+00 | 1.21e+00 1.25e+00)
2333(1003) (4.97e+00 5.52e+00) XE:5.52e-01 (1.18e+00 1.21e+00 | 1.32e+00 1.25e+00)
2349(1009) (6.59e+00 5.52e+00) XE:5.52e-01 (1.21e+00 1.21e+00 | 1.23e+00 1.25e+00)
2364(1000) (4.81e+00 5.52e+00) XE:5.52e-01 (1.21e+00 1.21e+00 | 1.32e+00 1.25e+00)
2380(1033) (5.07e+00 5.52e+00) XE:5.52e-01 (1.22e+00 1.21e+00 | 1.30e+00 1.25e+00)
2395(1006) (5.30e+00 5.52e+00) XE:5.52e-01 (1.25e+00 1.21e+00 | 1.27e+00 1.25e+00)
2410(991) (5.57e+00 5.52e+00) XE:5.52e-01 (1.19e+00 1.21e+00 | 1.33e+00 1.25e+00)
2426(1013) (4.96e+00 5.52e+00) XE:5.52e-01 (1.19e+00 1.21e+00 | 1.35e+00 1.25e+00)
2441(1005) (4.82e+00 5.52e+00) XE:5.52e-01 (1.23e+00 1.21e+00 | 1.25e+00 1.25e+00)
2456(1000) (5.45e+00 5.52e+00) XE:5.52e-01 (1.24e+00 1.21e+00 | 1.29e+00 1.25e+00)
2472(998) (6.34e+00 5.52e+00) XE:5.52e-01 (1.22e+00 1.21e+00 | 1.22e+00 1.25e+00)
2487(1001) (5.44e+00 5.52e+00) XE:5.52e-01 (1.23e+00 1.21e+00 | 1.19e+00 1.25e+00)
2502(1011) (5.21e+00 5.52e+00) XE:5.52e-01 (1.24e+00 1.21e+00 | 1.29e+00 1.25e+00)
2518(1018) (6.37e+00 5.52e+00) XE:5.52e-01 (1.19e+00 1.21e+00 | 1.28e+00 1.25e+00)
2533(1015) (5.18e+00 5.52e+00) XE:5.52e-01 (1.19e+00 1.21e+00 | 1.23e+00 1.25e+00)
2548(1016) (5.36e+00 5.52e+00) XE:5.52e-01 (1.22e+00 1.21e+00 | 1.20e+00 1.25e+00)
2563(999) (5.59e+00 5.52e+00) XE:5.52e-01 (1.21e+00 1.21e+00 | 1.29e+00 1.25e+00)
2578(1009) (5.51e+00 5.52e+00) XE:5.52e-01 (1.21e+00 1.21e+00 | 1.20e+00 1.25e+00)
2593(1016) (4.69e+00 5.52e+00) XE:5.52e-01 (1.23e+00 1.21e+00 | 1.14e+00 1.25e+00)
2608(1010) (5.38e+00 5.52e+00) XE:5.52e-01 (1.22e+00 1.21e+00 | 1.33e+00 1.25e+00)
2623(980) (6.40e+00 5.52e+00) XE:5.52e-01 (1.24e+00 1.21e+00 | 1.36e+00 1.25e+00)
2639(991) (5.62e+00 5.52e+00) XE:5.52e-01 (1.25e+00 1.21e+00 | 1.22e+00 1.25e+00)
2654(1009) (6.76e+00 5.52e+00) XE:5.52e-01 (1.21e+00 1.21e+00 | 1.24e+00 1.25e+00)
2669(1012) (5.58e+00 5.52e+00) XE:5.52e-01 (1.20e+00 1.21e+00 | 1.27e+00 1.25e+00)
2685(995) (5.41e+00 5.52e+00) XE:5.52e-01 (1.21e+00 1.21e+00 | 1.25e+00 1.25e+00)
2700(1003) (5.16e+00 5.51e+00) XE:5.51e-01 (1.23e+00 1.21e+00 | 1.17e+00 1.25e+00)
2716(1002) (6.08e+00 5.51e+00) XE:5.51e-01 (1.21e+00 1.21e+00 | 1.17e+00 1.25e+00)
2731(1015) (4.86e+00 5.51e+00) XE:5.51e-01 (1.23e+00 1.21e+00 | 1.21e+00 1.25e+00)
2746(995) (5.26e+00 5.51e+00) XE:5.51e-01 (1.22e+00 1.21e+00 | 1.34e+00 1.25e+00)
2762(1006) (4.78e+00 5.51e+00) XE:5.51e-01 (1.22e+00 1.21e+00 | 1.13e+00 1.25e+00)
2777(991) (5.03e+00 5.51e+00) XE:5.51e-01 (1.22e+00 1.21e+00 | 1.27e+00 1.25e+00)
2792(1000) (5.18e+00 5.51e+00) XE:5.51e-01 (1.22e+00 1.21e+00 | 1.17e+00 1.25e+00)
2808(989) (5.42e+00 5.51e+00) XE:5.51e-01 (1.20e+00 1.21e+00 | 1.29e+00 1.25e+00)
2823(998) (5.42e+00 5.51e+00) XE:5.51e-01 (1.20e+00 1.21e+00 | 1.34e+00 1.25e+00)
2838(1002) (5.21e+00 5.51e+00) XE:5.51e-01 (1.19e+00 1.21e+00 | 1.28e+00 1.25e+00)
2854(1003) (5.80e+00 5.51e+00) XE:5.51e-01 (1.24e+00 1.21e+00 | 1.25e+00 1.25e+00)
2869(1004) (5.04e+00 5.51e+00) XE:5.51e-01 (1.22e+00 1.21e+00 | 1.21e+00 1.25e+00)
2884(976) (5.77e+00 5.51e+00) XE:5.51e-01 (1.18e+00 1.21e+00 | 1.31e+00 1.25e+00)
2900(1000) (5.02e+00 5.51e+00) XE:5.51e-01 (1.22e+00 1.21e+00 | 1.34e+00 1.25e+00)
2915(988) (6.41e+00 5.51e+00) XE:5.51e-01 (1.18e+00 1.21e+00 | 1.32e+00 1.25e+00)
2931(1000) (5.44e+00 5.51e+00) XE:5.51e-01 (1.21e+00 1.21e+00 | 1.19e+00 1.25e+00)
2946(987) (7.25e+00 5.51e+00) XE:5.51e-01 (1.22e+00 1.21e+00 | 1.35e+00 1.25e+00)
2961(995) (5.51e+00 5.51e+00) XE:5.51e-01 (1.21e+00 1.21e+00 | 1.32e+00 1.25e+00)
2977(1013) (5.26e+00 5.51e+00) XE:5.51e-01 (1.20e+00 1.21e+00 | 1.27e+00 1.25e+00)
2992(989) (6.09e+00 5.51e+00) XE:5.51e-01 (1.19e+00 1.21e+00 | 1.30e+00 1.25e+00)
3007(989) (6.00e+00 5.51e+00) XE:5.51e-01 (1.22e+00 1.21e+00 | 1.25e+00 1.25e+00)
3023(998) (5.75e+00 5.51e+00) XE:5.51e-01 (1.23e+00 1.21e+00 | 1.37e+00 1.25e+00)
3038(1000) (5.65e+00 5.51e+00) XE:5.51e-01 (1.21e+00 1.21e+00 | 1.13e+00 1.25e+00)
3053(1005) (5.19e+00 5.51e+00) XE:5.51e-01 (1.23e+00 1.21e+00 | 1.21e+00 1.25e+00)
3069(1001) (5.59e+00 5.51e+00) XE:5.51e-01 (1.22e+00 1.21e+00 | 1.28e+00 1.25e+00)
3084(1003) (5.37e+00 5.51e+00) XE:5.51e-01 (1.21e+00 1.21e+00 | 1.24e+00 1.25e+00)
3099(1006) (5.77e+00 5.51e+00) XE:5.51e-01 (1.21e+00 1.21e+00 | 1.23e+00 1.25e+00)
3115(1000) (5.37e+00 5.51e+00) XE:5.51e-01 (1.19e+00 1.21e+00 | 1.20e+00 1.25e+00)
3130(1003) (5.24e+00 5.51e+00) XE:5.51e-01 (1.19e+00 1.21e+00 | 1.28e+00 1.25e+00)
3145(1010) (5.45e+00 5.51e+00) XE:5.51e-01 (1.23e+00 1.21e+00 | 1.28e+00 1.25e+00)
3161(1000) (5.32e+00 5.51e+00) XE:5.51e-01 (1.22e+00 1.21e+00 | 1.20e+00 1.25e+00)
3176(1005) (6.28e+00 5.51e+00) XE:5.51e-01 (1.20e+00 1.21e+00 | 1.39e+00 1.25e+00)
3191(1018) (5.82e+00 5.51e+00) XE:5.51e-01 (1.22e+00 1.21e+00 | 1.18e+00 1.25e+00)
3207(997) (5.96e+00 5.51e+00) XE:5.51e-01 (1.19e+00 1.21e+00 | 1.19e+00 1.25e+00)
3222(1014) (5.86e+00 5.51e+00) XE:5.51e-01 (1.19e+00 1.21e+00 | 1.32e+00 1.25e+00)
3238(991) (5.39e+00 5.51e+00) XE:5.51e-01 (1.19e+00 1.21e+00 | 1.16e+00 1.25e+00)
3253(1003) (4.78e+00 5.51e+00) XE:5.51e-01 (1.19e+00 1.21e+00 | 1.18e+00 1.25e+00)
3268(992) (6.34e+00 5.51e+00) XE:5.51e-01 (1.20e+00 1.21e+00 | 1.15e+00 1.25e+00)
3284(1001) (5.04e+00 5.51e+00) XE:5.51e-01 (1.24e+00 1.21e+00 | 1.28e+00 1.25e+00)
3299(985) (6.98e+00 5.51e+00) XE:5.51e-01 (1.20e+00 1.21e+00 | 1.19e+00 1.25e+00)
3314(1002) (4.99e+00 5.51e+00) XE:5.51e-01 (1.19e+00 1.21e+00 | 1.29e+00 1.25e+00)
3330(1012) (5.30e+00 5.51e+00) XE:5.51e-01 (1.22e+00 1.21e+00 | 1.21e+00 1.25e+00)
3345(999) (5.53e+00 5.51e+00) XE:5.51e-01 (1.20e+00 1.21e+00 | 1.37e+00 1.25e+00)
3360(995) (7.27e+00 5.52e+00) XE:5.52e-01 (1.21e+00 1.21e+00 | 1.32e+00 1.25e+00)
3376(1012) (5.10e+00 5.52e+00) XE:5.52e-01 (1.20e+00 1.21e+00 | 1.12e+00 1.25e+00)
3391(1000) (5.44e+00 5.52e+00) XE:5.52e-01 (1.19e+00 1.21e+00 | 1.22e+00 1.25e+00)
3407(1001) (5.25e+00 5.52e+00) XE:5.52e-01 (1.21e+00 1.21e+00 | 1.29e+00 1.25e+00)
3422(1004) (6.76e+00 5.52e+00) XE:5.52e-01 (1.21e+00 1.21e+00 | 1.27e+00 1.25e+00)
3437(1002) (8.21e+00 5.52e+00) XE:5.52e-01 (1.22e+00 1.21e+00 | 1.16e+00 1.25e+00)
3453(1014) (4.87e+00 5.52e+00) XE:5.52e-01 (1.21e+00 1.21e+00 | 1.13e+00 1.25e+00)
3468(1027) (5.17e+00 5.52e+00) XE:5.52e-01 (1.23e+00 1.21e+00 | 1.24e+00 1.25e+00)
3483(1015) (5.44e+00 5.52e+00) XE:5.52e-01 (1.21e+00 1.21e+00 | 1.24e+00 1.25e+00)
3499(1006) (5.41e+00 5.52e+00) XE:5.52e-01 (1.22e+00 1.21e+00 | 1.32e+00 1.25e+00)
3514(999) (5.32e+00 5.52e+00) XE:5.52e-01 (1.20e+00 1.21e+00 | 1.19e+00 1.25e+00)
3529(1014) (6.73e+00 5.52e+00) XE:5.52e-01 (1.22e+00 1.21e+00 | 1.29e+00 1.25e+00)
3545(1004) (5.30e+00 5.52e+00) XE:5.52e-01 (1.22e+00 1.21e+00 | 1.29e+00 1.25e+00)
3560(988) (5.46e+00 5.52e+00) XE:5.52e-01 (1.22e+00 1.21e+00 | 1.24e+00 1.25e+00)
3575(997) (5.14e+00 5.52e+00) XE:5.52e-01 (1.24e+00 1.21e+00 | 1.27e+00 1.25e+00)
3591(993) (6.22e+00 5.52e+00) XE:5.52e-01 (1.21e+00 1.21e+00 | 1.32e+00 1.25e+00)
3606(985) (4.94e+00 5.52e+00) XE:5.52e-01 (1.22e+00 1.21e+00 | 1.31e+00 1.25e+00)
3622(1001) (5.21e+00 5.52e+00) XE:5.52e-01 (1.20e+00 1.21e+00 | 1.28e+00 1.25e+00)
3637(1007) (5.80e+00 5.52e+00) XE:5.52e-01 (1.21e+00 1.21e+00 | 1.25e+00 1.25e+00)
3652(999) (4.98e+00 5.52e+00) XE:5.52e-01 (1.21e+00 1.21e+00 | 1.31e+00 1.25e+00)
3668(996) (5.49e+00 5.52e+00) XE:5.52e-01 (1.18e+00 1.21e+00 | 1.34e+00 1.25e+00)
3683(997) (6.26e+00 5.52e+00) XE:5.52e-01 (1.21e+00 1.21e+00 | 1.31e+00 1.25e+00)
3698(1002) (5.49e+00 5.52e+00) XE:5.52e-01 (1.21e+00 1.21e+00 | 1.22e+00 1.25e+00)
3714(999) (5.64e+00 5.52e+00) XE:5.52e-01 (1.22e+00 1.21e+00 | 1.30e+00 1.25e+00)
3729(984) (5.84e+00 5.52e+00) XE:5.52e-01 (1.19e+00 1.21e+00 | 1.21e+00 1.25e+00)
3744(1000) (7.29e+00 5.52e+00) XE:5.52e-01 (1.21e+00 1.21e+00 | 1.18e+00 1.25e+00)
3760(986) (5.70e+00 5.52e+00) XE:5.52e-01 (1.23e+00 1.21e+00 | 1.19e+00 1.25e+00)
3775(991) (5.05e+00 5.52e+00) XE:5.52e-01 (1.22e+00 1.21e+00 | 1.21e+00 1.25e+00)
3791(1007) (4.93e+00 5.52e+00) XE:5.52e-01 (1.25e+00 1.21e+00 | 1.32e+00 1.25e+00)
3806(1006) (6.10e+00 5.52e+00) XE:5.52e-01 (1.21e+00 1.21e+00 | 1.29e+00 1.25e+00)
3821(1013) (5.42e+00 5.52e+00) XE:5.52e-01 (1.19e+00 1.21e+00 | 1.23e+00 1.25e+00)
3837(1000) (5.27e+00 5.52e+00) XE:5.52e-01 (1.24e+00 1.21e+00 | 1.22e+00 1.25e+00)
3852(995) (6.08e+00 5.52e+00) XE:5.52e-01 (1.23e+00 1.21e+00 | 1.23e+00 1.25e+00)
3867(990) (6.04e+00 5.52e+00) XE:5.52e-01 (1.23e+00 1.21e+00 | 1.28e+00 1.25e+00)
3883(986) (7.16e+00 5.52e+00) XE:5.52e-01 (1.21e+00 1.21e+00 | 1.21e+00 1.25e+00)
3898(1002) (5.59e+00 5.52e+00) XE:5.52e-01 (1.23e+00 1.21e+00 | 1.15e+00 1.25e+00)
3913(997) (5.40e+00 5.52e+00) XE:5.52e-01 (1.20e+00 1.21e+00 | 1.29e+00 1.25e+00)
3929(1003) (5.44e+00 5.52e+00) XE:5.52e-01 (1.19e+00 1.21e+00 | 1.17e+00 1.25e+00)
3944(998) (4.70e+00 5.52e+00) XE:5.52e-01 (1.20e+00 1.21e+00 | 1.19e+00 1.25e+00)
3960(988) (6.48e+00 5.52e+00) XE:5.52e-01 (1.21e+00 1.21e+00 | 1.20e+00 1.25e+00)
3975(1003) (5.38e+00 5.52e+00) XE:5.52e-01 (1.21e+00 1.21e+00 | 1.27e+00 1.25e+00)
3990(1001) (5.44e+00 5.52e+00) XE:5.52e-01 (1.21e+00 1.21e+00 | 1.26e+00 1.25e+00)
4006(1008) (5.60e+00 5.52e+00) XE:5.52e-01 (1.21e+00 1.21e+00 | 1.23e+00 1.25e+00)
4021(990) (5.46e+00 5.52e+00) XE:5.52e-01 (1.22e+00 1.21e+00 | 1.19e+00 1.25e+00)
4036(1011) (4.70e+00 5.52e+00) XE:5.52e-01 (1.21e+00 1.21e+00 | 1.37e+00 1.25e+00)
4052(999) (5.01e+00 5.52e+00) XE:5.52e-01 (1.19e+00 1.21e+00 | 1.31e+00 1.25e+00)
4067(988) (5.02e+00 5.52e+00) XE:5.52e-01 (1.20e+00 1.21e+00 | 1.20e+00 1.25e+00)
4083(986) (5.92e+00 5.52e+00) XE:5.52e-01 (1.19e+00 1.21e+00 | 1.23e+00 1.25e+00)
4098(1005) (5.34e+00 5.52e+00) XE:5.52e-01 (1.20e+00 1.21e+00 | 1.25e+00 1.25e+00)
4113(1002) (5.11e+00 5.52e+00) XE:5.52e-01 (1.20e+00 1.21e+00 | 1.23e+00 1.25e+00)
4129(997) (5.82e+00 5.52e+00) XE:5.52e-01 (1.22e+00 1.21e+00 | 1.18e+00 1.25e+00)
4144(1001) (5.44e+00 5.52e+00) XE:5.52e-01 (1.21e+00 1.21e+00 | 1.23e+00 1.25e+00)
4159(986) (5.57e+00 5.52e+00) XE:5.52e-01 (1.21e+00 1.21e+00 | 1.18e+00 1.25e+00)
4175(983) (6.29e+00 5.52e+00) XE:5.52e-01 (1.24e+00 1.21e+00 | 1.18e+00 1.25e+00)
4190(1003) (5.31e+00 5.52e+00) XE:5.52e-01 (1.21e+00 1.21e+00 | 1.22e+00 1.25e+00)
4205(1000) (5.07e+00 5.52e+00) XE:5.52e-01 (1.21e+00 1.21e+00 | 1.13e+00 1.25e+00)
4221(1015) (5.04e+00 5.52e+00) XE:5.52e-01 (1.23e+00 1.21e+00 | 1.29e+00 1.25e+00)
4236(994) (4.59e+00 5.52e+00) XE:5.52e-01 (1.22e+00 1.21e+00 | 1.21e+00 1.25e+00)
4251(1020) (5.04e+00 5.52e+00) XE:5.52e-01 (1.21e+00 1.21e+00 | 1.33e+00 1.25e+00)
4267(1008) (5.10e+00 5.52e+00) XE:5.52e-01 (1.18e+00 1.21e+00 | 1.31e+00 1.25e+00)
4282(1010) (5.18e+00 5.52e+00) XE:5.52e-01 (1.20e+00 1.21e+00 | 1.33e+00 1.25e+00)
4298(1015) (5.26e+00 5.52e+00) XE:5.52e-01 (1.23e+00 1.21e+00 | 1.13e+00 1.25e+00)
4313(998) (5.01e+00 5.52e+00) XE:5.52e-01 (1.20e+00 1.21e+00 | 1.19e+00 1.25e+00)
4328(996) (5.70e+00 5.52e+00) XE:5.52e-01 (1.19e+00 1.21e+00 | 1.18e+00 1.25e+00)
4344(1009) (4.64e+00 5.52e+00) XE:5.52e-01 (1.20e+00 1.21e+00 | 1.29e+00 1.25e+00)
4359(1015) (6.20e+00 5.52e+00) XE:5.52e-01 (1.23e+00 1.21e+00 | 1.22e+00 1.25e+00)
4374(987) (5.57e+00 5.52e+00) XE:5.52e-01 (1.25e+00 1.21e+00 | 1.21e+00 1.25e+00)
4390(992) (6.58e+00 5.52e+00) XE:5.52e-01 (1.18e+00 1.21e+00 | 1.18e+00 1.25e+00)
4405(996) (5.42e+00 5.52e+00) XE:5.52e-01 (1.22e+00 1.21e+00 | 1.30e+00 1.25e+00)
4420(1013) (4.47e+00 5.52e+00) XE:5.52e-01 (1.21e+00 1.21e+00 | 1.33e+00 1.25e+00)
4436(1009) (5.59e+00 5.52e+00) XE:5.52e-01 (1.21e+00 1.21e+00 | 1.36e+00 1.25e+00)
4451(995) (5.56e+00 5.52e+00) XE:5.52e-01 (1.20e+00 1.21e+00 | 1.32e+00 1.25e+00)
4467(989) (5.40e+00 5.52e+00) XE:5.52e-01 (1.19e+00 1.21e+00 | 1.29e+00 1.25e+00)
4482(997) (6.08e+00 5.52e+00) XE:5.52e-01 (1.22e+00 1.21e+00 | 1.20e+00 1.25e+00)
4497(997) (5.56e+00 5.52e+00) XE:5.52e-01 (1.26e+00 1.21e+00 | 1.25e+00 1.25e+00)
4513(1001) (5.72e+00 5.52e+00) XE:5.52e-01 (1.23e+00 1.21e+00 | 1.27e+00 1.25e+00)
4528(992) (5.49e+00 5.52e+00) XE:5.52e-01 (1.22e+00 1.21e+00 | 1.32e+00 1.25e+00)
4543(995) (5.43e+00 5.52e+00) XE:5.52e-01 (1.20e+00 1.21e+00 | 1.30e+00 1.25e+00)
4559(992) (5.50e+00 5.52e+00) XE:5.52e-01 (1.25e+00 1.21e+00 | 1.35e+00 1.25e+00)
4574(998) (8.26e+00 5.52e+00) XE:5.52e-01 (1.24e+00 1.21e+00 | 1.20e+00 1.25e+00)
4589(1008) (5.40e+00 5.52e+00) XE:5.52e-01 (1.20e+00 1.21e+00 | 1.24e+00 1.25e+00)
4605(1013) (5.38e+00 5.52e+00) XE:5.52e-01 (1.25e+00 1.21e+00 | 1.30e+00 1.25e+00)
4620(1020) (4.82e+00 5.52e+00) XE:5.52e-01 (1.20e+00 1.21e+00 | 1.38e+00 1.25e+00)
4635(1020) (5.97e+00 5.52e+00) XE:5.52e-01 (1.22e+00 1.21e+00 | 1.38e+00 1.25e+00)
4651(992) (4.97e+00 5.52e+00) XE:5.52e-01 (1.22e+00 1.21e+00 | 1.29e+00 1.25e+00)
4666(979) (4.87e+00 5.52e+00) XE:5.52e-01 (1.22e+00 1.21e+00 | 1.33e+00 1.25e+00)
4682(999) (5.48e+00 5.52e+00) XE:5.52e-01 (1.21e+00 1.21e+00 | 1.23e+00 1.25e+00)
4697(1007) (4.91e+00 5.52e+00) XE:5.52e-01 (1.18e+00 1.21e+00 | 1.26e+00 1.25e+00)
4712(988) (5.69e+00 5.52e+00) XE:5.52e-01 (1.22e+00 1.21e+00 | 1.26e+00 1.25e+00)
4727(1001) (4.86e+00 5.52e+00) XE:5.52e-01 (1.23e+00 1.21e+00 | 1.28e+00 1.25e+00)
4743(1014) (5.59e+00 5.52e+00) XE:5.52e-01 (1.22e+00 1.21e+00 | 1.25e+00 1.25e+00)
4758(1005) (6.02e+00 5.52e+00) XE:5.52e-01 (1.20e+00 1.21e+00 | 1.13e+00 1.25e+00)
4773(1000) (4.88e+00 5.52e+00) XE:5.52e-01 (1.20e+00 1.21e+00 | 1.30e+00 1.25e+00)
4789(1010) (5.12e+00 5.52e+00) XE:5.52e-01 (1.22e+00 1.21e+00 | 1.24e+00 1.25e+00)
4804(1002) (5.18e+00 5.52e+00) XE:5.52e-01 (1.20e+00 1.21e+00 | 1.20e+00 1.25e+00)
4819(1003) (5.66e+00 5.52e+00) XE:5.52e-01 (1.20e+00 1.21e+00 | 1.27e+00 1.25e+00)
4834(1004) (5.95e+00 5.52e+00) XE:5.52e-01 (1.22e+00 1.21e+00 | 1.25e+00 1.25e+00)
4850(999) (4.78e+00 5.52e+00) XE:5.52e-01 (1.21e+00 1.21e+00 | 1.25e+00 1.25e+00)
4865(1009) (5.27e+00 5.52e+00) XE:5.52e-01 (1.19e+00 1.21e+00 | 1.11e+00 1.25e+00)
4880(1004) (5.63e+00 5.52e+00) XE:5.52e-01 (1.22e+00 1.21e+00 | 1.31e+00 1.25e+00)
4896(989) (6.17e+00 5.52e+00) XE:5.52e-01 (1.21e+00 1.21e+00 | 1.24e+00 1.25e+00)
4911(993) (5.50e+00 5.52e+00) XE:5.52e-01 (1.21e+00 1.21e+00 | 1.35e+00 1.25e+00)
4926(1008) (6.24e+00 5.52e+00) XE:5.52e-01 (1.21e+00 1.21e+00 | 1.26e+00 1.25e+00)
4941(1008) (4.83e+00 5.52e+00) XE:5.52e-01 (1.20e+00 1.21e+00 | 1.26e+00 1.25e+00)
4957(1011) (5.66e+00 5.52e+00) XE:5.52e-01 (1.24e+00 1.21e+00 | 1.35e+00 1.25e+00)
4972(1000) (5.78e+00 5.52e+00) XE:5.52e-01 (1.22e+00 1.21e+00 | 1.28e+00 1.25e+00)
4987(1004) (5.56e+00 5.52e+00) XE:5.52e-01 (1.23e+00 1.21e+00 | 1.26e+00 1.25e+00)
5003(1012) (5.16e+00 5.52e+00) XE:5.52e-01 (1.19e+00 1.21e+00 | 1.14e+00 1.25e+00)
5018(998) (5.06e+00 5.52e+00) XE:5.52e-01 (1.21e+00 1.21e+00 | 1.36e+00 1.25e+00)
5033(1001) (5.03e+00 5.52e+00) XE:5.52e-01 (1.20e+00 1.21e+00 | 1.23e+00 1.25e+00)
5048(1005) (5.43e+00 5.52e+00) XE:5.52e-01 (1.23e+00 1.21e+00 | 1.32e+00 1.25e+00)
5064(993) (5.51e+00 5.52e+00) XE:5.52e-01 (1.20e+00 1.21e+00 | 1.27e+00 1.25e+00)
5079(1007) (5.21e+00 5.52e+00) XE:5.52e-01 (1.20e+00 1.21e+00 | 1.17e+00 1.25e+00)
5094(1000) (5.99e+00 5.52e+00) XE:5.52e-01 (1.19e+00 1.21e+00 | 1.16e+00 1.25e+00)
5110(996) (5.60e+00 5.52e+00) XE:5.52e-01 (1.22e+00 1.21e+00 | 1.24e+00 1.25e+00)
5125(1004) (5.31e+00 5.52e+00) XE:5.52e-01 (1.19e+00 1.21e+00 | 1.21e+00 1.25e+00)
5140(1008) (5.28e+00 5.52e+00) XE:5.52e-01 (1.19e+00 1.21e+00 | 1.29e+00 1.25e+00)
5155(1006) (6.02e+00 5.52e+00) XE:5.52e-01 (1.20e+00 1.21e+00 | 1.23e+00 1.25e+00)
5171(1023) (5.76e+00 5.52e+00) XE:5.52e-01 (1.19e+00 1.21e+00 | 1.24e+00 1.25e+00)
5186(991) (5.81e+00 5.52e+00) XE:5.52e-01 (1.21e+00 1.21e+00 | 1.26e+00 1.25e+00)
5201(993) (5.30e+00 5.52e+00) XE:5.52e-01 (1.21e+00 1.21e+00 | 1.17e+00 1.25e+00)
5217(1003) (6.10e+00 5.52e+00) XE:5.52e-01 (1.21e+00 1.21e+00 | 1.26e+00 1.25e+00)
5232(981) (5.54e+00 5.52e+00) XE:5.52e-01 (1.21e+00 1.21e+00 | 1.23e+00 1.25e+00)
5247(1011) (4.72e+00 5.52e+00) XE:5.52e-01 (1.20e+00 1.21e+00 | 1.24e+00 1.25e+00)
5262(1012) (5.05e+00 5.52e+00) XE:5.52e-01 (1.19e+00 1.21e+00 | 1.29e+00 1.25e+00)
5278(1009) (4.82e+00 5.52e+00) XE:5.52e-01 (1.21e+00 1.21e+00 | 1.23e+00 1.25e+00)
5293(994) (5.94e+00 5.52e+00) XE:5.52e-01 (1.21e+00 1.21e+00 | 1.33e+00 1.25e+00)
5308(996) (5.11e+00 5.52e+00) XE:5.52e-01 (1.22e+00 1.21e+00 | 1.30e+00 1.25e+00)
5323(1012) (4.83e+00 5.52e+00) XE:5.52e-01 (1.21e+00 1.21e+00 | 1.31e+00 1.25e+00)
5339(992) (5.80e+00 5.52e+00) XE:5.52e-01 (1.20e+00 1.21e+00 | 1.28e+00 1.25e+00)
5354(1009) (5.00e+00 5.52e+00) XE:5.52e-01 (1.22e+00 1.21e+00 | 1.31e+00 1.25e+00)
5369(1005) (6.12e+00 5.52e+00) XE:5.52e-01 (1.20e+00 1.21e+00 | 1.37e+00 1.25e+00)
5385(1002) (5.79e+00 5.52e+00) XE:5.52e-01 (1.21e+00 1.21e+00 | 1.24e+00 1.25e+00)
5400(1003) (5.15e+00 5.52e+00) XE:5.52e-01 (1.23e+00 1.21e+00 | 1.21e+00 1.25e+00)
5415(990) (5.62e+00 5.52e+00) XE:5.52e-01 (1.21e+00 1.21e+00 | 1.15e+00 1.25e+00)
5430(1009) (5.70e+00 5.52e+00) XE:5.52e-01 (1.20e+00 1.21e+00 | 1.21e+00 1.25e+00)
5446(995) (5.45e+00 5.52e+00) XE:5.52e-01 (1.19e+00 1.21e+00 | 1.18e+00 1.25e+00)
5461(1004) (4.47e+00 5.52e+00) XE:5.52e-01 (1.24e+00 1.21e+00 | 1.37e+00 1.25e+00)
5476(1014) (5.28e+00 5.52e+00) XE:5.52e-01 (1.24e+00 1.21e+00 | 1.28e+00 1.25e+00)
5492(1010) (5.22e+00 5.52e+00) XE:5.52e-01 (1.20e+00 1.21e+00 | 1.14e+00 1.25e+00)
5507(1001) (6.49e+00 5.52e+00) XE:5.52e-01 (1.23e+00 1.21e+00 | 1.31e+00 1.25e+00)
5522(985) (6.63e+00 5.52e+00) XE:5.52e-01 (1.21e+00 1.21e+00 | 1.26e+00 1.25e+00)
5537(999) (5.41e+00 5.52e+00) XE:5.52e-01 (1.20e+00 1.21e+00 | 1.26e+00 1.25e+00)
5553(1001) (5.44e+00 5.52e+00) XE:5.52e-01 (1.20e+00 1.21e+00 | 1.25e+00 1.25e+00)
5568(1006) (5.59e+00 5.52e+00) XE:5.52e-01 (1.19e+00 1.21e+00 | 1.26e+00 1.25e+00)
5583(1000) (5.14e+00 5.52e+00) XE:5.52e-01 (1.21e+00 1.21e+00 | 1.33e+00 1.25e+00)
5599(984) (5.58e+00 5.52e+00) XE:5.52e-01 (1.19e+00 1.21e+00 | 1.39e+00 1.25e+00)
5614(998) (6.17e+00 5.52e+00) XE:5.52e-01 (1.23e+00 1.21e+00 | 1.22e+00 1.25e+00)
5629(991) (5.25e+00 5.52e+00) XE:5.52e-01 (1.20e+00 1.21e+00 | 1.24e+00 1.25e+00)
5644(1003) (5.27e+00 5.52e+00) XE:5.52e-01 (1.21e+00 1.21e+00 | 1.21e+00 1.25e+00)
5660(1002) (5.48e+00 5.52e+00) XE:5.52e-01 (1.23e+00 1.21e+00 | 1.15e+00 1.25e+00)
5675(991) (5.13e+00 5.52e+00) XE:5.52e-01 (1.22e+00 1.21e+00 | 1.30e+00 1.25e+00)
5690(982) (5.10e+00 5.52e+00) XE:5.52e-01 (1.19e+00 1.21e+00 | 1.14e+00 1.25e+00)
5706(1006) (6.21e+00 5.52e+00) XE:5.52e-01 (1.18e+00 1.21e+00 | 1.20e+00 1.25e+00)
5721(1002) (4.38e+00 5.52e+00) XE:5.52e-01 (1.19e+00 1.21e+00 | 1.24e+00 1.25e+00)
5736(1007) (5.70e+00 5.52e+00) XE:5.52e-01 (1.23e+00 1.21e+00 | 1.19e+00 1.25e+00)
5751(990) (5.35e+00 5.52e+00) XE:5.52e-01 (1.19e+00 1.21e+00 | 1.32e+00 1.25e+00)
5767(1002) (5.34e+00 5.52e+00) XE:5.52e-01 (1.19e+00 1.21e+00 | 1.23e+00 1.25e+00)
5782(998) (5.41e+00 5.52e+00) XE:5.52e-01 (1.20e+00 1.21e+00 | 1.19e+00 1.25e+00)
5797(991) (4.93e+00 5.52e+00) XE:5.52e-01 (1.22e+00 1.21e+00 | 1.24e+00 1.25e+00)
5813(995) (5.58e+00 5.52e+00) XE:5.52e-01 (1.22e+00 1.21e+00 | 1.29e+00 1.25e+00)
5828(994) (5.59e+00 5.52e+00) XE:5.52e-01 (1.23e+00 1.21e+00 | 1.24e+00 1.25e+00)
5843(1009) (5.39e+00 5.52e+00) XE:5.52e-01 (1.22e+00 1.21e+00 | 1.23e+00 1.25e+00)
5859(1004) (5.48e+00 5.52e+00) XE:5.52e-01 (1.23e+00 1.21e+00 | 1.39e+00 1.25e+00)
5874(991) (5.40e+00 5.52e+00) XE:5.52e-01 (1.25e+00 1.21e+00 | 1.35e+00 1.25e+00)
5889(991) (5.44e+00 5.52e+00) XE:5.52e-01 (1.19e+00 1.21e+00 | 1.22e+00 1.25e+00)
5904(1009) (5.91e+00 5.52e+00) XE:5.52e-01 (1.21e+00 1.21e+00 | 1.28e+00 1.25e+00)
5920(1025) (5.59e+00 5.52e+00) XE:5.52e-01 (1.22e+00 1.21e+00 | 1.26e+00 1.25e+00)
5935(991) (5.62e+00 5.52e+00) XE:5.52e-01 (1.20e+00 1.21e+00 | 1.28e+00 1.25e+00)
5950(1004) (5.83e+00 5.52e+00) XE:5.52e-01 (1.19e+00 1.21e+00 | 1.28e+00 1.25e+00)
5966(1014) (6.53e+00 5.52e+00) XE:5.52e-01 (1.26e+00 1.21e+00 | 1.31e+00 1.25e+00)
5981(1008) (5.30e+00 5.52e+00) XE:5.52e-01 (1.20e+00 1.21e+00 | 1.21e+00 1.25e+00)
5996(993) (5.68e+00 5.52e+00) XE:5.52e-01 (1.20e+00 1.21e+00 | 1.30e+00 1.25e+00)
6012(1002) (5.45e+00 5.52e+00) XE:5.52e-01 (1.21e+00 1.21e+00 | 1.30e+00 1.25e+00)
6027(1000) (4.97e+00 5.52e+00) XE:5.52e-01 (1.20e+00 1.21e+00 | 1.26e+00 1.25e+00)
6042(1002) (5.52e+00 5.52e+00) XE:5.52e-01 (1.20e+00 1.21e+00 | 1.23e+00 1.25e+00)
6058(1002) (5.20e+00 5.52e+00) XE:5.52e-01 (1.20e+00 1.21e+00 | 1.18e+00 1.25e+00)
6073(994) (7.03e+00 5.52e+00) XE:5.52e-01 (1.18e+00 1.21e+00 | 1.27e+00 1.25e+00)
6088(1010) (4.63e+00 5.52e+00) XE:5.52e-01 (1.25e+00 1.21e+00 | 1.25e+00 1.25e+00)
6103(994) (5.53e+00 5.52e+00) XE:5.52e-01 (1.23e+00 1.21e+00 | 1.25e+00 1.25e+00)
6119(1003) (6.01e+00 5.52e+00) XE:5.52e-01 (1.18e+00 1.21e+00 | 1.25e+00 1.25e+00)
6134(996) (5.18e+00 5.52e+00) XE:5.52e-01 (1.23e+00 1.21e+00 | 1.25e+00 1.25e+00)
6149(998) (5.14e+00 5.52e+00) XE:5.52e-01 (1.23e+00 1.21e+00 | 1.32e+00 1.25e+00)
6165(1001) (5.52e+00 5.52e+00) XE:5.52e-01 (1.21e+00 1.21e+00 | 1.27e+00 1.25e+00)
6180(1000) (4.81e+00 5.52e+00) XE:5.52e-01 (1.19e+00 1.21e+00 | 1.28e+00 1.25e+00)
6195(991) (4.85e+00 5.52e+00) XE:5.52e-01 (1.21e+00 1.21e+00 | 1.24e+00 1.25e+00)
6211(1001) (5.67e+00 5.52e+00) XE:5.52e-01 (1.21e+00 1.21e+00 | 1.17e+00 1.25e+00)
6226(1010) (5.56e+00 5.52e+00) XE:5.52e-01 (1.19e+00 1.21e+00 | 1.33e+00 1.25e+00)
6241(1001) (4.98e+00 5.52e+00) XE:5.52e-01 (1.20e+00 1.21e+00 | 1.19e+00 1.25e+00)
6256(1002) (5.30e+00 5.52e+00) XE:5.52e-01 (1.19e+00 1.21e+00 | 1.28e+00 1.25e+00)
6272(1003) (6.85e+00 5.52e+00) XE:5.52e-01 (1.21e+00 1.21e+00 | 1.27e+00 1.25e+00)
6287(989) (5.43e+00 5.52e+00) XE:5.52e-01 (1.22e+00 1.21e+00 | 1.30e+00 1.25e+00)
6302(998) (5.86e+00 5.52e+00) XE:5.52e-01 (1.23e+00 1.21e+00 | 1.13e+00 1.25e+00)
6317(1002) (5.25e+00 5.52e+00) XE:5.52e-01 (1.19e+00 1.21e+00 | 1.36e+00 1.25e+00)
6333(1021) (5.21e+00 5.52e+00) XE:5.52e-01 (1.23e+00 1.21e+00 | 1.27e+00 1.25e+00)
6348(995) (5.30e+00 5.52e+00) XE:5.52e-01 (1.20e+00 1.21e+00 | 1.30e+00 1.25e+00)
6363(1024) (5.15e+00 5.52e+00) XE:5.52e-01 (1.21e+00 1.21e+00 | 1.24e+00 1.25e+00)
6379(1011) (4.95e+00 5.52e+00) XE:5.52e-01 (1.20e+00 1.21e+00 | 1.27e+00 1.25e+00)
6394(1018) (5.28e+00 5.52e+00) XE:5.52e-01 (1.25e+00 1.21e+00 | 1.24e+00 1.25e+00)
6409(1006) (5.32e+00 5.52e+00) XE:5.52e-01 (1.23e+00 1.21e+00 | 1.19e+00 1.25e+00)
6424(991) (5.69e+00 5.52e+00) XE:5.52e-01 (1.20e+00 1.21e+00 | 1.38e+00 1.25e+00)
6440(987) (5.11e+00 5.52e+00) XE:5.52e-01 (1.24e+00 1.21e+00 | 1.22e+00 1.25e+00)
6455(1011) (6.34e+00 5.52e+00) XE:5.52e-01 (1.22e+00 1.21e+00 | 1.14e+00 1.25e+00)
6470(1021) (5.30e+00 5.52e+00) XE:5.52e-01 (1.23e+00 1.21e+00 | 1.25e+00 1.25e+00)
6486(1006) (5.22e+00 5.51e+00) XE:5.51e-01 (1.18e+00 1.21e+00 | 1.20e+00 1.25e+00)
6501(1001) (6.34e+00 5.51e+00) XE:5.51e-01 (1.22e+00 1.21e+00 | 1.25e+00 1.25e+00)
6516(1019) (5.71e+00 5.51e+00) XE:5.51e-01 (1.20e+00 1.21e+00 | 1.23e+00 1.25e+00)
6531(998) (5.68e+00 5.51e+00) XE:5.51e-01 (1.23e+00 1.21e+00 | 1.27e+00 1.25e+00)
6547(994) (5.12e+00 5.51e+00) XE:5.51e-01 (1.18e+00 1.21e+00 | 1.23e+00 1.25e+00)
6562(999) (5.78e+00 5.51e+00) XE:5.51e-01 (1.22e+00 1.21e+00 | 1.24e+00 1.25e+00)
6577(994) (6.02e+00 5.51e+00) XE:5.51e-01 (1.21e+00 1.21e+00 | 1.33e+00 1.25e+00)
6592(1012) (5.10e+00 5.51e+00) XE:5.51e-01 (1.22e+00 1.21e+00 | 1.27e+00 1.25e+00)
6608(995) (4.93e+00 5.51e+00) XE:5.51e-01 (1.23e+00 1.21e+00 | 1.34e+00 1.25e+00)
6623(1003) (5.33e+00 5.51e+00) XE:5.51e-01 (1.24e+00 1.21e+00 | 1.23e+00 1.25e+00)
6638(1011) (4.82e+00 5.51e+00) XE:5.51e-01 (1.19e+00 1.21e+00 | 1.30e+00 1.25e+00)
6654(1003) (5.29e+00 5.51e+00) XE:5.51e-01 (1.20e+00 1.21e+00 | 1.34e+00 1.25e+00)
6669(1017) (5.36e+00 5.51e+00) XE:5.51e-01 (1.23e+00 1.21e+00 | 1.27e+00 1.25e+00)
6684(1017) (4.93e+00 5.51e+00) XE:5.51e-01 (1.18e+00 1.21e+00 | 1.29e+00 1.25e+00)
6699(1014) (4.72e+00 5.51e+00) XE:5.51e-01 (1.21e+00 1.21e+00 | 1.21e+00 1.25e+00)
6715(1003) (5.88e+00 5.51e+00) XE:5.51e-01 (1.21e+00 1.21e+00 | 1.19e+00 1.25e+00)
6730(1000) (4.72e+00 5.51e+00) XE:5.51e-01 (1.20e+00 1.21e+00 | 1.32e+00 1.25e+00)
6745(1022) (5.01e+00 5.51e+00) XE:5.51e-01 (1.19e+00 1.21e+00 | 1.16e+00 1.25e+00)
6760(1006) (5.46e+00 5.51e+00) XE:5.51e-01 (1.21e+00 1.21e+00 | 1.22e+00 1.25e+00)
6776(984) (5.29e+00 5.51e+00) XE:5.51e-01 (1.20e+00 1.21e+00 | 1.33e+00 1.25e+00)
6791(1006) (5.35e+00 5.51e+00) XE:5.51e-01 (1.20e+00 1.21e+00 | 1.12e+00 1.25e+00)
6806(1001) (5.43e+00 5.51e+00) XE:5.51e-01 (1.21e+00 1.21e+00 | 1.18e+00 1.25e+00)
6822(994) (5.31e+00 5.51e+00) XE:5.51e-01 (1.22e+00 1.21e+00 | 1.35e+00 1.25e+00)
6837(989) (5.55e+00 5.51e+00) XE:5.51e-01 (1.20e+00 1.21e+00 | 1.29e+00 1.25e+00)
6852(1001) (5.96e+00 5.51e+00) XE:5.51e-01 (1.22e+00 1.21e+00 | 1.28e+00 1.25e+00)
6868(1000) (5.89e+00 5.51e+00) XE:5.51e-01 (1.20e+00 1.21e+00 | 1.22e+00 1.25e+00)
6883(989) (5.22e+00 5.51e+00) XE:5.51e-01 (1.20e+00 1.21e+00 | 1.24e+00 1.25e+00)
6898(999) (5.25e+00 5.51e+00) XE:5.51e-01 (1.23e+00 1.21e+00 | 1.14e+00 1.25e+00)
6913(990) (4.98e+00 5.51e+00) XE:5.51e-01 (1.22e+00 1.21e+00 | 1.30e+00 1.25e+00)
6929(1013) (5.96e+00 5.51e+00) XE:5.51e-01 (1.22e+00 1.21e+00 | 1.32e+00 1.25e+00)
6944(1012) (5.50e+00 5.51e+00) XE:5.51e-01 (1.21e+00 1.21e+00 | 1.29e+00 1.25e+00)
6959(991) (5.06e+00 5.51e+00) XE:5.51e-01 (1.23e+00 1.21e+00 | 1.27e+00 1.25e+00)
6975(1000) (5.99e+00 5.51e+00) XE:5.51e-01 (1.20e+00 1.21e+00 | 1.32e+00 1.25e+00)
6990(1005) (4.76e+00 5.51e+00) XE:5.51e-01 (1.21e+00 1.21e+00 | 1.24e+00 1.25e+00)
7005(1000) (5.45e+00 5.51e+00) XE:5.51e-01 (1.19e+00 1.21e+00 | 1.19e+00 1.25e+00)
7020(1014) (5.23e+00 5.51e+00) XE:5.51e-01 (1.21e+00 1.21e+00 | 1.17e+00 1.25e+00)
7036(997) (5.99e+00 5.51e+00) XE:5.51e-01 (1.23e+00 1.21e+00 | 1.17e+00 1.25e+00)
7051(1001) (4.33e+00 5.51e+00) XE:5.51e-01 (1.20e+00 1.21e+00 | 1.22e+00 1.25e+00)
7066(1007) (5.46e+00 5.51e+00) XE:5.51e-01 (1.21e+00 1.21e+00 | 1.19e+00 1.25e+00)
7081(1009) (5.52e+00 5.51e+00) XE:5.51e-01 (1.23e+00 1.21e+00 | 1.31e+00 1.25e+00)
7097(991) (5.91e+00 5.51e+00) XE:5.51e-01 (1.19e+00 1.21e+00 | 1.29e+00 1.25e+00)
7112(1018) (4.83e+00 5.51e+00) XE:5.51e-01 (1.22e+00 1.21e+00 | 1.23e+00 1.25e+00)
7127(1001) (5.67e+00 5.51e+00) XE:5.51e-01 (1.19e+00 1.21e+00 | 1.27e+00 1.25e+00)
7142(1009) (5.01e+00 5.51e+00) XE:5.51e-01 (1.21e+00 1.21e+00 | 1.24e+00 1.25e+00)
7158(995) (4.79e+00 5.51e+00) XE:5.51e-01 (1.25e+00 1.21e+00 | 1.20e+00 1.25e+00)
7173(1009) (5.65e+00 5.51e+00) XE:5.51e-01 (1.20e+00 1.21e+00 | 1.19e+00 1.25e+00)
7188(1004) (5.16e+00 5.51e+00) XE:5.51e-01 (1.20e+00 1.21e+00 | 1.30e+00 1.25e+00)
7204(1008) (5.15e+00 5.51e+00) XE:5.51e-01 (1.20e+00 1.21e+00 | 1.18e+00 1.25e+00)
7219(997) (5.56e+00 5.51e+00) XE:5.51e-01 (1.21e+00 1.21e+00 | 1.31e+00 1.25e+00)
7234(1000) (5.10e+00 5.51e+00) XE:5.51e-01 (1.22e+00 1.21e+00 | 1.21e+00 1.25e+00)
7249(999) (5.69e+00 5.51e+00) XE:5.51e-01 (1.22e+00 1.21e+00 | 1.26e+00 1.25e+00)
7265(1004) (5.19e+00 5.51e+00) XE:5.51e-01 (1.21e+00 1.21e+00 | 1.13e+00 1.25e+00)
7280(999) (5.21e+00 5.51e+00) XE:5.51e-01 (1.18e+00 1.21e+00 | 1.24e+00 1.25e+00)
7295(998) (5.64e+00 5.51e+00) XE:5.51e-01 (1.21e+00 1.21e+00 | 1.29e+00 1.25e+00)
7310(985) (5.49e+00 5.51e+00) XE:5.51e-01 (1.23e+00 1.21e+00 | 1.15e+00 1.25e+00)
7326(1009) (5.03e+00 5.51e+00) XE:5.51e-01 (1.20e+00 1.21e+00 | 1.26e+00 1.25e+00)
7341(1010) (5.52e+00 5.51e+00) XE:5.51e-01 (1.19e+00 1.21e+00 | 1.24e+00 1.25e+00)
7356(999) (6.94e+00 5.51e+00) XE:5.51e-01 (1.23e+00 1.21e+00 | 1.28e+00 1.25e+00)
7372(989) (6.08e+00 5.51e+00) XE:5.51e-01 (1.21e+00 1.21e+00 | 1.26e+00 1.25e+00)
7387(998) (5.43e+00 5.51e+00) XE:5.51e-01 (1.20e+00 1.21e+00 | 1.31e+00 1.25e+00)
7402(1008) (5.60e+00 5.51e+00) XE:5.51e-01 (1.18e+00 1.21e+00 | 1.38e+00 1.25e+00)
7417(991) (4.87e+00 5.51e+00) XE:5.51e-01 (1.20e+00 1.21e+00 | 1.24e+00 1.25e+00)
7433(998) (5.22e+00 5.51e+00) XE:5.51e-01 (1.21e+00 1.21e+00 | 1.29e+00 1.25e+00)
7448(1020) (4.71e+00 5.51e+00) XE:5.51e-01 (1.21e+00 1.21e+00 | 1.23e+00 1.25e+00)
7463(1004) (5.18e+00 5.51e+00) XE:5.51e-01 (1.23e+00 1.21e+00 | 1.21e+00 1.25e+00)
7478(995) (5.46e+00 5.51e+00) XE:5.51e-01 (1.23e+00 1.21e+00 | 1.34e+00 1.25e+00)
7494(1000) (5.70e+00 5.51e+00) XE:5.51e-01 (1.22e+00 1.21e+00 | 1.34e+00 1.25e+00)
7509(998) (5.24e+00 5.51e+00) XE:5.51e-01 (1.23e+00 1.21e+00 | 1.22e+00 1.25e+00)
7524(1015) (4.70e+00 5.51e+00) XE:5.51e-01 (1.22e+00 1.21e+00 | 1.17e+00 1.25e+00)
7540(997) (5.15e+00 5.50e+00) XE:5.50e-01 (1.19e+00 1.21e+00 | 1.21e+00 1.25e+00)
7555(994) (5.33e+00 5.50e+00) XE:5.50e-01 (1.21e+00 1.21e+00 | 1.24e+00 1.25e+00)
7570(984) (5.71e+00 5.50e+00) XE:5.50e-01 (1.20e+00 1.21e+00 | 1.25e+00 1.25e+00)
7586(1003) (5.29e+00 5.50e+00) XE:5.50e-01 (1.22e+00 1.21e+00 | 1.28e+00 1.25e+00)
7601(1005) (4.70e+00 5.51e+00) XE:5.51e-01 (1.20e+00 1.21e+00 | 1.27e+00 1.25e+00)
7616(1009) (6.25e+00 5.50e+00) XE:5.50e-01 (1.21e+00 1.21e+00 | 1.21e+00 1.25e+00)
7631(1009) (4.93e+00 5.50e+00) XE:5.50e-01 (1.24e+00 1.21e+00 | 1.27e+00 1.25e+00)
7647(991) (5.65e+00 5.50e+00) XE:5.50e-01 (1.20e+00 1.21e+00 | 1.25e+00 1.25e+00)
7662(990) (4.90e+00 5.50e+00) XE:5.50e-01 (1.21e+00 1.21e+00 | 1.22e+00 1.25e+00)
7677(1020) (5.45e+00 5.50e+00) XE:5.50e-01 (1.23e+00 1.21e+00 | 1.24e+00 1.25e+00)
7693(996) (5.75e+00 5.50e+00) XE:5.50e-01 (1.22e+00 1.21e+00 | 1.31e+00 1.25e+00)
7708(1002) (5.12e+00 5.50e+00) XE:5.50e-01 (1.22e+00 1.21e+00 | 1.21e+00 1.25e+00)
7723(993) (4.96e+00 5.50e+00) XE:5.50e-01 (1.20e+00 1.21e+00 | 1.36e+00 1.25e+00)
7738(998) (5.64e+00 5.51e+00) XE:5.51e-01 (1.18e+00 1.21e+00 | 1.24e+00 1.25e+00)
7754(1001) (5.26e+00 5.50e+00) XE:5.50e-01 (1.20e+00 1.21e+00 | 1.12e+00 1.25e+00)
7769(1002) (5.64e+00 5.50e+00) XE:5.50e-01 (1.22e+00 1.21e+00 | 1.20e+00 1.25e+00)
7784(991) (6.18e+00 5.50e+00) XE:5.50e-01 (1.20e+00 1.21e+00 | 1.17e+00 1.25e+00)
7799(990) (4.84e+00 5.50e+00) XE:5.50e-01 (1.18e+00 1.21e+00 | 1.24e+00 1.25e+00)
7815(1010) (4.86e+00 5.50e+00) XE:5.50e-01 (1.25e+00 1.21e+00 | 1.20e+00 1.25e+00)
7830(1007) (4.68e+00 5.50e+00) XE:5.50e-01 (1.20e+00 1.21e+00 | 1.30e+00 1.25e+00)
7845(1012) (5.29e+00 5.50e+00) XE:5.50e-01 (1.20e+00 1.21e+00 | 1.20e+00 1.25e+00)
7861(993) (5.44e+00 5.50e+00) XE:5.50e-01 (1.22e+00 1.21e+00 | 1.26e+00 1.25e+00)
7876(975) (5.49e+00 5.50e+00) XE:5.50e-01 (1.22e+00 1.21e+00 | 1.13e+00 1.25e+00)
7891(987) (5.37e+00 5.50e+00) XE:5.50e-01 (1.21e+00 1.21e+00 | 1.32e+00 1.25e+00)
7907(995) (6.62e+00 5.50e+00) XE:5.50e-01 (1.20e+00 1.21e+00 | 1.26e+00 1.25e+00)
7922(1000) (6.67e+00 5.50e+00) XE:5.50e-01 (1.20e+00 1.21e+00 | 1.33e+00 1.25e+00)
7937(992) (5.88e+00 5.50e+00) XE:5.50e-01 (1.22e+00 1.21e+00 | 1.30e+00 1.25e+00)
7952(1002) (5.38e+00 5.50e+00) XE:5.50e-01 (1.19e+00 1.21e+00 | 1.24e+00 1.25e+00)
7968(1004) (5.34e+00 5.50e+00) XE:5.50e-01 (1.23e+00 1.21e+00 | 1.30e+00 1.25e+00)
7983(993) (5.22e+00 5.50e+00) XE:5.50e-01 (1.25e+00 1.21e+00 | 1.30e+00 1.25e+00)
7998(996) (5.32e+00 5.50e+00) XE:5.50e-01 (1.21e+00 1.21e+00 | 1.24e+00 1.25e+00)
8014(995) (5.95e+00 5.50e+00) XE:5.50e-01 (1.22e+00 1.21e+00 | 1.27e+00 1.25e+00)
8029(1005) (4.94e+00 5.50e+00) XE:5.50e-01 (1.22e+00 1.21e+00 | 1.17e+00 1.25e+00)
8044(998) (5.28e+00 5.50e+00) XE:5.50e-01 (1.24e+00 1.21e+00 | 1.26e+00 1.25e+00)
8059(1009) (5.01e+00 5.50e+00) XE:5.50e-01 (1.22e+00 1.21e+00 | 1.17e+00 1.25e+00)
8075(1001) (5.44e+00 5.50e+00) XE:5.50e-01 (1.22e+00 1.21e+00 | 1.24e+00 1.25e+00)
8090(1009) (5.89e+00 5.50e+00) XE:5.50e-01 (1.19e+00 1.21e+00 | 1.28e+00 1.25e+00)
8105(1002) (5.26e+00 5.50e+00) XE:5.50e-01 (1.20e+00 1.21e+00 | 1.17e+00 1.25e+00)
8120(1003) (5.00e+00 5.50e+00) XE:5.50e-01 (1.22e+00 1.21e+00 | 1.24e+00 1.25e+00)
8136(993) (6.38e+00 5.50e+00) XE:5.50e-01 (1.18e+00 1.21e+00 | 1.20e+00 1.25e+00)
8151(1008) (4.79e+00 5.50e+00) XE:5.50e-01 (1.24e+00 1.21e+00 | 1.33e+00 1.25e+00)
8166(997) (4.80e+00 5.50e+00) XE:5.50e-01 (1.21e+00 1.21e+00 | 1.27e+00 1.25e+00)
8182(1001) (5.14e+00 5.50e+00) XE:5.50e-01 (1.23e+00 1.21e+00 | 1.23e+00 1.25e+00)
8197(1007) (5.42e+00 5.50e+00) XE:5.50e-01 (1.21e+00 1.21e+00 | 1.22e+00 1.25e+00)
8212(999) (5.63e+00 5.50e+00) XE:5.50e-01 (1.21e+00 1.21e+00 | 1.25e+00 1.25e+00)
8227(1014) (6.55e+00 5.50e+00) XE:5.50e-01 (1.18e+00 1.21e+00 | 1.33e+00 1.25e+00)
8243(996) (6.05e+00 5.50e+00) XE:5.50e-01 (1.22e+00 1.21e+00 | 1.37e+00 1.25e+00)
8258(970) (5.99e+00 5.50e+00) XE:5.50e-01 (1.23e+00 1.21e+00 | 1.36e+00 1.25e+00)
8273(999) (5.30e+00 5.50e+00) XE:5.50e-01 (1.23e+00 1.21e+00 | 1.27e+00 1.25e+00)
8289(1003) (5.58e+00 5.50e+00) XE:5.50e-01 (1.19e+00 1.21e+00 | 1.24e+00 1.25e+00)
8304(995) (6.01e+00 5.50e+00) XE:5.50e-01 (1.21e+00 1.21e+00 | 1.27e+00 1.25e+00)
8319(985) (4.94e+00 5.50e+00) XE:5.50e-01 (1.19e+00 1.21e+00 | 1.18e+00 1.25e+00)
8335(1006) (6.55e+00 5.50e+00) XE:5.50e-01 (1.22e+00 1.21e+00 | 1.22e+00 1.25e+00)
8350(987) (5.31e+00 5.51e+00) XE:5.51e-01 (1.21e+00 1.21e+00 | 1.25e+00 1.25e+00)
8365(999) (4.97e+00 5.50e+00) XE:5.50e-01 (1.22e+00 1.21e+00 | 1.30e+00 1.25e+00)
8380(989) (5.86e+00 5.50e+00) XE:5.50e-01 (1.21e+00 1.21e+00 | 1.28e+00 1.25e+00)
8396(984) (5.68e+00 5.50e+00) XE:5.50e-01 (1.20e+00 1.21e+00 | 1.31e+00 1.25e+00)
8411(1014) (7.15e+00 5.50e+00) XE:5.50e-01 (1.22e+00 1.21e+00 | 1.24e+00 1.25e+00)
8426(997) (7.06e+00 5.51e+00) XE:5.51e-01 (1.22e+00 1.21e+00 | 1.31e+00 1.25e+00)
8442(996) (4.51e+00 5.50e+00) XE:5.50e-01 (1.23e+00 1.21e+00 | 1.28e+00 1.25e+00)
8457(991) (6.07e+00 5.50e+00) XE:5.50e-01 (1.22e+00 1.21e+00 | 1.34e+00 1.25e+00)
8472(1000) (4.61e+00 5.51e+00) XE:5.51e-01 (1.21e+00 1.21e+00 | 1.25e+00 1.25e+00)
8487(992) (5.05e+00 5.50e+00) XE:5.50e-01 (1.19e+00 1.21e+00 | 1.13e+00 1.25e+00)
8503(1010) (6.51e+00 5.50e+00) XE:5.50e-01 (1.22e+00 1.21e+00 | 1.24e+00 1.25e+00)
8518(983) (8.42e+00 5.50e+00) XE:5.50e-01 (1.21e+00 1.21e+00 | 1.26e+00 1.25e+00)
8533(1018) (4.75e+00 5.50e+00) XE:5.50e-01 (1.20e+00 1.21e+00 | 1.22e+00 1.25e+00)
8549(995) (5.11e+00 5.50e+00) XE:5.50e-01 (1.24e+00 1.21e+00 | 1.27e+00 1.25e+00)
8564(1003) (5.20e+00 5.50e+00) XE:5.50e-01 (1.22e+00 1.21e+00 | 1.29e+00 1.25e+00)
8579(1004) (6.71e+00 5.50e+00) XE:5.50e-01 (1.20e+00 1.21e+00 | 1.18e+00 1.25e+00)
8594(1007) (4.95e+00 5.50e+00) XE:5.50e-01 (1.20e+00 1.21e+00 | 1.26e+00 1.25e+00)
8610(1004) (5.29e+00 5.50e+00) XE:5.50e-01 (1.23e+00 1.21e+00 | 1.21e+00 1.25e+00)
8625(1007) (5.41e+00 5.50e+00) XE:5.50e-01 (1.20e+00 1.21e+00 | 1.22e+00 1.25e+00)
8640(1001) (6.39e+00 5.50e+00) XE:5.50e-01 (1.22e+00 1.21e+00 | 1.29e+00 1.25e+00)
8656(1012) (5.16e+00 5.50e+00) XE:5.50e-01 (1.21e+00 1.21e+00 | 1.23e+00 1.25e+00)
8671(1005) (5.01e+00 5.50e+00) XE:5.50e-01 (1.21e+00 1.21e+00 | 1.25e+00 1.25e+00)
8686(1003) (5.00e+00 5.50e+00) XE:5.50e-01 (1.22e+00 1.21e+00 | 1.29e+00 1.25e+00)
8701(997) (4.95e+00 5.50e+00) XE:5.50e-01 (1.22e+00 1.21e+00 | 1.12e+00 1.25e+00)
8717(977) (6.26e+00 5.50e+00) XE:5.50e-01 (1.22e+00 1.21e+00 | 1.32e+00 1.25e+00)
8732(1002) (4.49e+00 5.50e+00) XE:5.50e-01 (1.20e+00 1.21e+00 | 1.32e+00 1.25e+00)
8747(1013) (4.83e+00 5.50e+00) XE:5.50e-01 (1.21e+00 1.21e+00 | 1.30e+00 1.25e+00)
8763(990) (5.75e+00 5.50e+00) XE:5.50e-01 (1.16e+00 1.21e+00 | 1.20e+00 1.25e+00)
8778(1012) (4.97e+00 5.50e+00) XE:5.50e-01 (1.22e+00 1.21e+00 | 1.17e+00 1.25e+00)
8793(991) (6.49e+00 5.50e+00) XE:5.50e-01 (1.23e+00 1.21e+00 | 1.29e+00 1.25e+00)
8808(989) (5.78e+00 5.50e+00) XE:5.50e-01 (1.24e+00 1.21e+00 | 1.21e+00 1.25e+00)
8824(999) (5.24e+00 5.50e+00) XE:5.50e-01 (1.21e+00 1.21e+00 | 1.21e+00 1.25e+00)
8839(993) (6.21e+00 5.50e+00) XE:5.50e-01 (1.19e+00 1.21e+00 | 1.25e+00 1.25e+00)
8854(996) (5.92e+00 5.50e+00) XE:5.50e-01 (1.21e+00 1.21e+00 | 1.16e+00 1.25e+00)
8870(1014) (4.93e+00 5.50e+00) XE:5.50e-01 (1.21e+00 1.21e+00 | 1.22e+00 1.25e+00)
8885(1004) (6.12e+00 5.50e+00) XE:5.50e-01 (1.22e+00 1.21e+00 | 1.35e+00 1.25e+00)
8900(990) (4.88e+00 5.50e+00) XE:5.50e-01 (1.20e+00 1.21e+00 | 1.28e+00 1.25e+00)
8915(994) (5.18e+00 5.50e+00) XE:5.50e-01 (1.21e+00 1.21e+00 | 1.27e+00 1.25e+00)
8931(995) (4.89e+00 5.50e+00) XE:5.50e-01 (1.22e+00 1.21e+00 | 1.36e+00 1.25e+00)
8946(1001) (5.35e+00 5.50e+00) XE:5.50e-01 (1.21e+00 1.21e+00 | 1.26e+00 1.25e+00)
8961(1003) (5.82e+00 5.50e+00) XE:5.50e-01 (1.22e+00 1.21e+00 | 1.28e+00 1.25e+00)
8977(1003) (4.85e+00 5.50e+00) XE:5.50e-01 (1.21e+00 1.21e+00 | 1.30e+00 1.25e+00)
8992(1002) (4.95e+00 5.50e+00) XE:5.50e-01 (1.20e+00 1.21e+00 | 1.35e+00 1.25e+00)
9007(1002) (5.29e+00 5.50e+00) XE:5.50e-01 (1.21e+00 1.21e+00 | 1.28e+00 1.25e+00)
9022(995) (5.22e+00 5.50e+00) XE:5.50e-01 (1.20e+00 1.21e+00 | 1.32e+00 1.25e+00)
9038(1000) (5.02e+00 5.50e+00) XE:5.50e-01 (1.21e+00 1.21e+00 | 1.25e+00 1.25e+00)
9053(991) (5.12e+00 5.50e+00) XE:5.50e-01 (1.21e+00 1.21e+00 | 1.25e+00 1.25e+00)
9068(988) (5.91e+00 5.50e+00) XE:5.50e-01 (1.21e+00 1.21e+00 | 1.28e+00 1.25e+00)
9084(991) (5.05e+00 5.50e+00) XE:5.50e-01 (1.26e+00 1.21e+00 | 1.31e+00 1.25e+00)
9099(994) (5.59e+00 5.50e+00) XE:5.50e-01 (1.20e+00 1.21e+00 | 1.24e+00 1.25e+00)
9114(1003) (5.53e+00 5.50e+00) XE:5.50e-01 (1.21e+00 1.21e+00 | 1.21e+00 1.25e+00)
9130(996) (5.64e+00 5.50e+00) XE:5.50e-01 (1.22e+00 1.21e+00 | 1.36e+00 1.25e+00)
9145(988) (5.32e+00 5.50e+00) XE:5.50e-01 (1.21e+00 1.21e+00 | 1.13e+00 1.25e+00)
9160(1005) (4.94e+00 5.50e+00) XE:5.50e-01 (1.19e+00 1.21e+00 | 1.30e+00 1.25e+00)
9175(987) (5.63e+00 5.50e+00) XE:5.50e-01 (1.22e+00 1.21e+00 | 1.28e+00 1.25e+00)
9191(995) (5.20e+00 5.50e+00) XE:5.50e-01 (1.23e+00 1.21e+00 | 1.18e+00 1.25e+00)
9206(999) (5.21e+00 5.50e+00) XE:5.50e-01 (1.21e+00 1.21e+00 | 1.26e+00 1.25e+00)
9221(1008) (4.59e+00 5.50e+00) XE:5.50e-01 (1.20e+00 1.21e+00 | 1.24e+00 1.25e+00)
9237(1002) (5.23e+00 5.50e+00) XE:5.50e-01 (1.19e+00 1.21e+00 | 1.16e+00 1.25e+00)
9252(989) (5.45e+00 5.50e+00) XE:5.50e-01 (1.20e+00 1.21e+00 | 1.19e+00 1.25e+00)
9267(981) (5.74e+00 5.50e+00) XE:5.50e-01 (1.20e+00 1.21e+00 | 1.28e+00 1.25e+00)
9282(987) (5.14e+00 5.50e+00) XE:5.50e-01 (1.20e+00 1.21e+00 | 1.34e+00 1.25e+00)
9298(1020) (5.23e+00 5.50e+00) XE:5.50e-01 (1.21e+00 1.21e+00 | 1.29e+00 1.25e+00)
9313(989) (5.64e+00 5.50e+00) XE:5.50e-01 (1.17e+00 1.21e+00 | 1.25e+00 1.25e+00)
9328(976) (7.69e+00 5.50e+00) XE:5.50e-01 (1.21e+00 1.21e+00 | 1.20e+00 1.25e+00)
9344(998) (5.65e+00 5.50e+00) XE:5.50e-01 (1.22e+00 1.21e+00 | 1.21e+00 1.25e+00)
9359(1009) (5.43e+00 5.50e+00) XE:5.50e-01 (1.20e+00 1.21e+00 | 1.21e+00 1.25e+00)
9374(1010) (5.12e+00 5.50e+00) XE:5.50e-01 (1.19e+00 1.21e+00 | 1.36e+00 1.25e+00)
9389(1019) (4.86e+00 5.50e+00) XE:5.50e-01 (1.22e+00 1.21e+00 | 1.18e+00 1.25e+00)
9405(981) (5.36e+00 5.50e+00) XE:5.50e-01 (1.22e+00 1.21e+00 | 1.25e+00 1.25e+00)
9420(996) (4.80e+00 5.50e+00) XE:5.50e-01 (1.21e+00 1.21e+00 | 1.23e+00 1.25e+00)
9435(982) (5.25e+00 5.50e+00) XE:5.50e-01 (1.21e+00 1.21e+00 | 1.27e+00 1.25e+00)
9451(1002) (5.67e+00 5.50e+00) XE:5.50e-01 (1.20e+00 1.21e+00 | 1.22e+00 1.25e+00)
9466(1004) (5.82e+00 5.50e+00) XE:5.50e-01 (1.21e+00 1.21e+00 | 1.24e+00 1.25e+00)
9481(997) (6.33e+00 5.50e+00) XE:5.50e-01 (1.23e+00 1.21e+00 | 1.21e+00 1.25e+00)
9496(999) (4.93e+00 5.50e+00) XE:5.50e-01 (1.21e+00 1.21e+00 | 1.34e+00 1.25e+00)
9512(989) (5.86e+00 5.50e+00) XE:5.50e-01 (1.21e+00 1.21e+00 | 1.19e+00 1.25e+00)
9527(994) (5.40e+00 5.50e+00) XE:5.50e-01 (1.22e+00 1.21e+00 | 1.39e+00 1.25e+00)
9542(1013) (5.00e+00 5.51e+00) XE:5.51e-01 (1.19e+00 1.21e+00 | 1.18e+00 1.25e+00)
9558(1014) (5.28e+00 5.51e+00) XE:5.51e-01 (1.21e+00 1.21e+00 | 1.26e+00 1.25e+00)
9573(996) (5.23e+00 5.51e+00) XE:5.51e-01 (1.19e+00 1.21e+00 | 1.17e+00 1.25e+00)
9588(996) (6.94e+00 5.51e+00) XE:5.51e-01 (1.21e+00 1.21e+00 | 1.26e+00 1.25e+00)
9604(1011) (5.01e+00 5.51e+00) XE:5.51e-01 (1.23e+00 1.21e+00 | 1.22e+00 1.25e+00)
9619(1013) (5.42e+00 5.51e+00) XE:5.51e-01 (1.23e+00 1.21e+00 | 1.13e+00 1.25e+00)
9634(1001) (4.53e+00 5.51e+00) XE:5.51e-01 (1.23e+00 1.21e+00 | 1.35e+00 1.25e+00)
9649(989) (5.83e+00 5.51e+00) XE:5.51e-01 (1.19e+00 1.21e+00 | 1.31e+00 1.25e+00)
9665(994) (5.55e+00 5.51e+00) XE:5.51e-01 (1.22e+00 1.21e+00 | 1.29e+00 1.25e+00)
9680(996) (6.75e+00 5.51e+00) XE:5.51e-01 (1.23e+00 1.21e+00 | 1.24e+00 1.25e+00)
9695(1003) (6.04e+00 5.51e+00) XE:5.51e-01 (1.19e+00 1.21e+00 | 1.28e+00 1.25e+00)
9711(986) (6.30e+00 5.51e+00) XE:5.51e-01 (1.22e+00 1.21e+00 | 1.26e+00 1.25e+00)
9726(1012) (5.83e+00 5.51e+00) XE:5.51e-01 (1.20e+00 1.21e+00 | 1.27e+00 1.25e+00)
9741(989) (5.30e+00 5.51e+00) XE:5.51e-01 (1.22e+00 1.21e+00 | 1.29e+00 1.25e+00)
9757(1006) (5.55e+00 5.51e+00) XE:5.51e-01 (1.22e+00 1.21e+00 | 1.23e+00 1.25e+00)
9772(990) (6.24e+00 5.51e+00) XE:5.51e-01 (1.22e+00 1.21e+00 | 1.23e+00 1.25e+00)
9787(999) (5.67e+00 5.51e+00) XE:5.51e-01 (1.17e+00 1.21e+00 | 1.28e+00 1.25e+00)
9802(992) (5.22e+00 5.51e+00) XE:5.51e-01 (1.22e+00 1.21e+00 | 1.29e+00 1.25e+00)
9818(991) (5.90e+00 5.51e+00) XE:5.51e-01 (1.23e+00 1.21e+00 | 1.04e+00 1.25e+00)
9833(1004) (5.16e+00 5.51e+00) XE:5.51e-01 (1.19e+00 1.21e+00 | 1.25e+00 1.25e+00)
9848(1003) (5.40e+00 5.51e+00) XE:5.51e-01 (1.20e+00 1.21e+00 | 1.23e+00 1.25e+00)
9863(997) (5.00e+00 5.51e+00) XE:5.51e-01 (1.21e+00 1.21e+00 | 1.26e+00 1.25e+00)
9879(1006) (4.74e+00 5.51e+00) XE:5.51e-01 (1.23e+00 1.21e+00 | 1.25e+00 1.25e+00)
9894(990) (6.29e+00 5.51e+00) XE:5.51e-01 (1.19e+00 1.21e+00 | 1.17e+00 1.25e+00)
9909(1001) (6.26e+00 5.51e+00) XE:5.51e-01 (1.22e+00 1.21e+00 | 1.17e+00 1.25e+00)
9925(981) (5.50e+00 5.51e+00) XE:5.51e-01 (1.23e+00 1.21e+00 | 1.18e+00 1.25e+00)
9940(994) (6.07e+00 5.51e+00) XE:5.51e-01 (1.21e+00 1.21e+00 | 1.30e+00 1.25e+00)
9955(1014) (5.38e+00 5.51e+00) XE:5.51e-01 (1.21e+00 1.21e+00 | 1.27e+00 1.25e+00)
9970(1004) (5.52e+00 5.51e+00) XE:5.51e-01 (1.18e+00 1.21e+00 | 1.27e+00 1.25e+00)
9986(986) (4.85e+00 5.51e+00) XE:5.51e-01 (1.23e+00 1.21e+00 | 1.36e+00 1.25e+00)
10000(1011) (6.28e+00 5.51e+00) XE:5.51e-01 (1.21e+00 1.21e+00 | 1.18e+00 1.25e+00)
RL cnt: 0,6685926,1378660,171605,7666,0,0,0,0,0,0,0,0,0,0,0,
BL cnt: 0,0,0,0,0,0,309243,0,2474415,0,4332552,0,2482756,0,311034,0,0,0,0,0,0,
# InnerCodebook: deleted
# NBIDSchannel: deleted
# Gtable: deleted
# FBalg4: deleted
