# (Pid,Ps)=(5.000000e-02,1.000000e-02) Nseg=200 WinSize=10 lmd=1 [0]
# InnerCB: ../search03/ICB/C10.bin
# Gtable:  Gtable/5/050_010.bin
# InnerCodebook: beta=5(1024) nu=2
# InnerCodebook: B(B2p)=6(64) 6(64) 
# InnerCodebook: checked CWM, EncMap, DecMap
# beta=5(1024) nu=2 N=1000 Dmax=55
# B=6,6,
# NBIDSchannel: N=1000 Q=4 Dmax=55 (Pid,Ps)=(5.000000e-02,1.000000e-02)
# FBalg4: Nseg=200 Dmax=55(w=111)
# FBalg4: Gtable: Gtable/5/050_010.bin
# Gtable: beta=5 (Pid,Ps,Ptrn)=(5.000000e-02,1.000000e-02,9.000000e-01) Pth=1.000000e-10
# Gtable: beta4p=1024 beta4pp=1048576
# Gtable::Gtable len=0 cnt=1024
# Gtable::Gtable len=1 cnt=4096
# Gtable::Gtable len=2 cnt=16384
# Gtable::Gtable len=3 cnt=65536
# Gtable::Gtable len=4 cnt=241636
# Gtable::Gtable len=5 cnt=828232
# Gtable::Gtable len=6 cnt=1541824
# Gtable::Gtable len=7 cnt=2773420
# Gtable::Gtable len=8 cnt=1264036
# Gtable::Gtable len=9 cnt=446308
# Gtable::Gtable len=10 cnt=31744
# FBalg4: beta=5(1024) (Pid,Ps)=(5.000000e-02,1.000000e-02) Pth=1.000000e-10 N=1000
# StatICB: nu=2 beta=5 beta4p=1024 Bsum=12 lmd=1
# StatICB: B=6,6,
0014(985) (2.56e+00 2.33e+00) XE:2.33e-01 (1.12e+00 1.14e+00 | 5.53e-01 5.44e-01)	5.638726e+00 5.637598e+00 : 9.396937e-01
0027(1013) (1.78e+00 2.34e+00) XE:2.34e-01 (1.15e+00 1.14e+00 | 5.17e-01 5.48e-01)	5.517991e+00 5.566097e+00 : 9.236740e-01
0041(1002) (1.79e+00 2.33e+00) XE:2.33e-01 (1.14e+00 1.15e+00 | 5.19e-01 5.46e-01)	5.410265e+00 5.496124e+00 : 9.088657e-01
0055(1018) (2.54e+00 2.37e+00) XE:2.37e-01 (1.13e+00 1.15e+00 | 5.73e-01 5.48e-01)	5.335818e+00 5.432472e+00 : 8.973575e-01
0068(991) (1.99e+00 2.36e+00) XE:2.36e-01 (1.11e+00 1.14e+00 | 5.23e-01 5.48e-01)	5.291864e+00 5.379248e+00 : 8.892594e-01
0082(992) (2.40e+00 2.36e+00) XE:2.36e-01 (1.16e+00 1.15e+00 | 5.31e-01 5.46e-01)	5.255062e+00 5.329110e+00 : 8.820144e-01
0096(1003) (2.49e+00 2.36e+00) XE:2.36e-01 (1.12e+00 1.15e+00 | 5.67e-01 5.48e-01)	5.213044e+00 5.299253e+00 : 8.760247e-01
0109(998) (1.93e+00 2.36e+00) XE:2.36e-01 (1.15e+00 1.15e+00 | 5.25e-01 5.49e-01)	5.187858e+00 5.270630e+00 : 8.715407e-01
0123(998) (2.13e+00 2.35e+00) XE:2.35e-01 (1.14e+00 1.14e+00 | 5.23e-01 5.50e-01)	5.168501e+00 5.252303e+00 : 8.684004e-01
0137(986) (2.75e+00 2.35e+00) XE:2.35e-01 (1.14e+00 1.14e+00 | 5.49e-01 5.50e-01)	5.138627e+00 5.236473e+00 : 8.645917e-01
0150(991) (2.54e+00 2.34e+00) XE:2.34e-01 (1.12e+00 1.15e+00 | 4.94e-01 5.49e-01)	5.130057e+00 5.228280e+00 : 8.631948e-01
0164(1003) (3.09e+00 2.35e+00) XE:2.35e-01 (1.15e+00 1.15e+00 | 4.98e-01 5.49e-01)	5.115404e+00 5.209959e+00 : 8.604469e-01
0177(999) (2.06e+00 2.35e+00) XE:2.35e-01 (1.15e+00 1.15e+00 | 5.89e-01 5.48e-01)	5.102775e+00 5.201181e+00 : 8.586629e-01
0191(999) (2.34e+00 2.36e+00) XE:2.36e-01 (1.15e+00 1.15e+00 | 5.43e-01 5.48e-01)	5.089607e+00 5.190571e+00 : 8.566816e-01
0205(987) (2.60e+00 2.36e+00) XE:2.36e-01 (1.15e+00 1.15e+00 | 5.27e-01 5.49e-01)	5.073074e+00 5.184125e+00 : 8.547666e-01
0218(1012) (2.35e+00 2.36e+00) XE:2.36e-01 (1.14e+00 1.15e+00 | 5.73e-01 5.49e-01)	5.060902e+00 5.176036e+00 : 8.530782e-01
0232(1000) (2.11e+00 2.36e+00) XE:2.36e-01 (1.15e+00 1.15e+00 | 5.89e-01 5.49e-01)	5.050398e+00 5.165474e+00 : 8.513227e-01
0246(1004) (2.42e+00 2.36e+00) XE:2.36e-01 (1.14e+00 1.15e+00 | 5.47e-01 5.49e-01)	5.041022e+00 5.159600e+00 : 8.500519e-01
0259(1006) (2.26e+00 2.36e+00) XE:2.36e-01 (1.14e+00 1.15e+00 | 5.85e-01 5.49e-01)	5.030063e+00 5.153704e+00 : 8.486472e-01
0273(999) (2.58e+00 2.36e+00) XE:2.36e-01 (1.14e+00 1.15e+00 | 5.49e-01 5.48e-01)	5.027274e+00 5.150141e+00 : 8.481179e-01
0287(1013) (2.09e+00 2.36e+00) XE:2.36e-01 (1.15e+00 1.15e+00 | 5.73e-01 5.47e-01)	5.021441e+00 5.137841e+00 : 8.466069e-01
0300(1006) (2.14e+00 2.36e+00) XE:2.36e-01 (1.14e+00 1.15e+00 | 5.69e-01 5.47e-01)	5.016264e+00 5.132729e+00 : 8.457494e-01
0314(984) (2.52e+00 2.36e+00) XE:2.36e-01 (1.17e+00 1.15e+00 | 5.41e-01 5.48e-01)	5.014009e+00 5.126957e+00 : 8.450805e-01
0327(1000) (2.76e+00 2.36e+00) XE:2.36e-01 (1.13e+00 1.15e+00 | 5.87e-01 5.48e-01)	5.007058e+00 5.121392e+00 : 8.440375e-01
0341(989) (2.86e+00 2.36e+00) XE:2.36e-01 (1.14e+00 1.15e+00 | 5.93e-01 5.48e-01)	5.001018e+00 5.115645e+00 : 8.430553e-01
0355(976) (2.53e+00 2.36e+00) XE:2.36e-01 (1.16e+00 1.15e+00 | 5.23e-01 5.47e-01)	4.996682e+00 5.111987e+00 : 8.423891e-01
0368(1018) (1.75e+00 2.36e+00) XE:2.36e-01 (1.14e+00 1.15e+00 | 5.11e-01 5.48e-01)	4.994087e+00 5.111440e+00 : 8.421272e-01
0382(1016) (1.77e+00 2.36e+00) XE:2.36e-01 (1.16e+00 1.15e+00 | 5.31e-01 5.47e-01)	4.991296e+00 5.107680e+00 : 8.415813e-01
0396(987) (3.00e+00 2.36e+00) XE:2.36e-01 (1.14e+00 1.15e+00 | 5.27e-01 5.47e-01)	4.988225e+00 5.103400e+00 : 8.409687e-01
0409(999) (2.28e+00 2.36e+00) XE:2.36e-01 (1.16e+00 1.15e+00 | 5.85e-01 5.48e-01)	4.984473e+00 5.101750e+00 : 8.405186e-01
0423(1013) (2.17e+00 2.35e+00) XE:2.35e-01 (1.15e+00 1.15e+00 | 5.85e-01 5.48e-01)	4.981600e+00 5.099580e+00 : 8.400984e-01
0436(1000) (2.53e+00 2.35e+00) XE:2.35e-01 (1.13e+00 1.15e+00 | 5.07e-01 5.48e-01)	4.979431e+00 5.098583e+00 : 8.398345e-01
0450(1009) (2.19e+00 2.35e+00) XE:2.35e-01 (1.15e+00 1.15e+00 | 5.73e-01 5.48e-01)	4.977022e+00 5.096043e+00 : 8.394221e-01
0464(992) (2.42e+00 2.35e+00) XE:2.35e-01 (1.14e+00 1.15e+00 | 5.61e-01 5.47e-01)	4.974114e+00 5.093110e+00 : 8.389353e-01
0477(1009) (2.75e+00 2.35e+00) XE:2.35e-01 (1.13e+00 1.15e+00 | 5.51e-01 5.47e-01)	4.971814e+00 5.089136e+00 : 8.384125e-01
0491(1000) (2.20e+00 2.35e+00) XE:2.35e-01 (1.16e+00 1.15e+00 | 5.71e-01 5.48e-01)	4.969594e+00 5.088251e+00 : 8.381537e-01
0505(1001) (2.34e+00 2.35e+00) XE:2.35e-01 (1.15e+00 1.15e+00 | 5.47e-01 5.47e-01)	4.969770e+00 5.086537e+00 : 8.380256e-01
0518(1010) (2.33e+00 2.35e+00) XE:2.35e-01 (1.12e+00 1.15e+00 | 5.73e-01 5.47e-01)	4.969058e+00 5.083707e+00 : 8.377304e-01
0532(1003) (2.11e+00 2.34e+00) XE:2.34e-01 (1.12e+00 1.15e+00 | 5.09e-01 5.47e-01)	4.970163e+00 5.082212e+00 : 8.376979e-01
0545(986) (2.47e+00 2.34e+00) XE:2.34e-01 (1.18e+00 1.15e+00 | 5.49e-01 5.47e-01)	4.967414e+00 5.080384e+00 : 8.373165e-01
0559(987) (3.07e+00 2.34e+00) XE:2.34e-01 (1.14e+00 1.15e+00 | 5.65e-01 5.47e-01)	4.964115e+00 5.078686e+00 : 8.369001e-01
0573(999) (2.45e+00 2.34e+00) XE:2.34e-01 (1.14e+00 1.15e+00 | 5.11e-01 5.46e-01)	4.963207e+00 5.075327e+00 : 8.365445e-01
0586(1000) (2.17e+00 2.34e+00) XE:2.34e-01 (1.15e+00 1.15e+00 | 5.49e-01 5.47e-01)	4.959607e+00 5.072995e+00 : 8.360502e-01
0600(996) (2.55e+00 2.35e+00) XE:2.35e-01 (1.17e+00 1.15e+00 | 5.77e-01 5.46e-01)	4.956503e+00 5.069872e+00 : 8.355313e-01
0614(982) (2.42e+00 2.35e+00) XE:2.35e-01 (1.15e+00 1.15e+00 | 5.47e-01 5.46e-01)	4.953180e+00 5.067384e+00 : 8.350470e-01
0627(1008) (2.31e+00 2.35e+00) XE:2.35e-01 (1.16e+00 1.15e+00 | 5.73e-01 5.47e-01)	4.950785e+00 5.065824e+00 : 8.347174e-01
0641(1004) (2.12e+00 2.35e+00) XE:2.35e-01 (1.14e+00 1.15e+00 | 5.19e-01 5.46e-01)	4.950693e+00 5.065215e+00 : 8.346589e-01
0655(988) (2.19e+00 2.35e+00) XE:2.35e-01 (1.13e+00 1.15e+00 | 5.17e-01 5.47e-01)	4.950005e+00 5.061665e+00 : 8.343058e-01
0668(1000) (2.24e+00 2.35e+00) XE:2.35e-01 (1.14e+00 1.15e+00 | 5.47e-01 5.46e-01)	4.948155e+00 5.060757e+00 : 8.340760e-01
0682(990) (2.34e+00 2.35e+00) XE:2.35e-01 (1.14e+00 1.15e+00 | 5.43e-01 5.46e-01)	4.946923e+00 5.059086e+00 : 8.338341e-01
0696(1000) (2.95e+00 2.35e+00) XE:2.35e-01 (1.16e+00 1.15e+00 | 5.09e-01 5.46e-01)	4.944345e+00 5.055639e+00 : 8.333320e-01
0709(997) (2.14e+00 2.35e+00) XE:2.35e-01 (1.13e+00 1.15e+00 | 5.21e-01 5.46e-01)	4.943531e+00 5.055374e+00 : 8.332421e-01
0723(982) (2.75e+00 2.35e+00) XE:2.35e-01 (1.15e+00 1.15e+00 | 5.97e-01 5.46e-01)	4.940871e+00 5.053521e+00 : 8.328660e-01
0737(991) (2.47e+00 2.35e+00) XE:2.35e-01 (1.13e+00 1.15e+00 | 5.25e-01 5.46e-01)	4.939761e+00 5.051432e+00 : 8.325994e-01
0750(1015) (2.18e+00 2.35e+00) XE:2.35e-01 (1.14e+00 1.15e+00 | 5.43e-01 5.46e-01)	4.937865e+00 5.050102e+00 : 8.323306e-01
0764(1001) (3.28e+00 2.35e+00) XE:2.35e-01 (1.15e+00 1.15e+00 | 6.12e-01 5.46e-01)	4.936024e+00 5.049350e+00 : 8.321145e-01
0778(984) (2.54e+00 2.35e+00) XE:2.35e-01 (1.14e+00 1.15e+00 | 5.51e-01 5.46e-01)	4.933750e+00 5.048494e+00 : 8.318537e-01
0791(983) (2.30e+00 2.35e+00) XE:2.35e-01 (1.13e+00 1.15e+00 | 5.49e-01 5.46e-01)	4.933572e+00 5.047272e+00 : 8.317370e-01
0805(1005) (2.53e+00 2.35e+00) XE:2.35e-01 (1.15e+00 1.15e+00 | 5.59e-01 5.46e-01)	4.933548e+00 5.045276e+00 : 8.315687e-01
0818(989) (2.62e+00 2.35e+00) XE:2.35e-01 (1.15e+00 1.15e+00 | 5.77e-01 5.46e-01)	4.931397e+00 5.043940e+00 : 8.312781e-01
0832(992) (2.52e+00 2.35e+00) XE:2.35e-01 (1.18e+00 1.15e+00 | 5.27e-01 5.47e-01)	4.928288e+00 5.042589e+00 : 8.309064e-01
0846(1006) (2.58e+00 2.35e+00) XE:2.35e-01 (1.15e+00 1.15e+00 | 5.91e-01 5.47e-01)	4.925799e+00 5.041206e+00 : 8.305837e-01
0859(1012) (2.49e+00 2.36e+00) XE:2.36e-01 (1.15e+00 1.15e+00 | 5.41e-01 5.47e-01)	4.925413e+00 5.039401e+00 : 8.304012e-01
0873(1002) (2.04e+00 2.35e+00) XE:2.35e-01 (1.13e+00 1.15e+00 | 5.09e-01 5.47e-01)	4.925237e+00 5.038468e+00 : 8.303088e-01
0887(1014) (1.97e+00 2.35e+00) XE:2.35e-01 (1.16e+00 1.15e+00 | 5.07e-01 5.46e-01)	4.923320e+00 5.037383e+00 : 8.300586e-01
0900(1002) (2.25e+00 2.35e+00) XE:2.35e-01 (1.15e+00 1.15e+00 | 5.63e-01 5.46e-01)	4.921805e+00 5.037311e+00 : 8.299263e-01
0914(1012) (2.45e+00 2.35e+00) XE:2.35e-01 (1.12e+00 1.15e+00 | 4.72e-01 5.46e-01)	4.921537e+00 5.036693e+00 : 8.298525e-01
0928(993) (2.38e+00 2.35e+00) XE:2.35e-01 (1.12e+00 1.15e+00 | 5.41e-01 5.46e-01)	4.920432e+00 5.036282e+00 : 8.297261e-01
0941(1010) (2.46e+00 2.35e+00) XE:2.35e-01 (1.14e+00 1.15e+00 | 5.15e-01 5.46e-01)	4.919399e+00 5.035881e+00 : 8.296066e-01
0955(1009) (2.19e+00 2.35e+00) XE:2.35e-01 (1.13e+00 1.15e+00 | 5.67e-01 5.46e-01)	4.916762e+00 5.035458e+00 : 8.293517e-01
0969(992) (2.18e+00 2.35e+00) XE:2.35e-01 (1.15e+00 1.15e+00 | 5.89e-01 5.46e-01)	4.915792e+00 5.034692e+00 : 8.292070e-01
0982(998) (2.44e+00 2.35e+00) XE:2.35e-01 (1.13e+00 1.15e+00 | 5.53e-01 5.46e-01)	4.915576e+00 5.035108e+00 : 8.292236e-01
0996(1002) (2.16e+00 2.35e+00) XE:2.35e-01 (1.16e+00 1.15e+00 | 5.35e-01 5.46e-01)	4.913457e+00 5.034022e+00 : 8.289566e-01
1009(999) (2.47e+00 2.35e+00) XE:2.35e-01 (1.15e+00 1.15e+00 | 5.67e-01 5.46e-01)	4.911728e+00 5.032407e+00 : 8.286779e-01
1023(1002) (2.15e+00 2.35e+00) XE:2.35e-01 (1.14e+00 1.15e+00 | 5.63e-01 5.46e-01)	4.911045e+00 5.030861e+00 : 8.284921e-01
1037(1005) (2.05e+00 2.35e+00) XE:2.35e-01 (1.11e+00 1.15e+00 | 5.39e-01 5.46e-01)	4.909059e+00 5.029955e+00 : 8.282512e-01
1050(1005) (2.34e+00 2.35e+00) XE:2.35e-01 (1.12e+00 1.15e+00 | 5.57e-01 5.46e-01)	4.906301e+00 5.028002e+00 : 8.278585e-01
1064(997) (2.35e+00 2.36e+00) XE:2.36e-01 (1.17e+00 1.15e+00 | 5.41e-01 5.46e-01)	4.905307e+00 5.026775e+00 : 8.276735e-01
1078(980) (3.15e+00 2.36e+00) XE:2.36e-01 (1.15e+00 1.15e+00 | 5.61e-01 5.46e-01)	4.903794e+00 5.024960e+00 : 8.273961e-01
1091(1009) (1.70e+00 2.35e+00) XE:2.35e-01 (1.16e+00 1.15e+00 | 5.55e-01 5.46e-01)	4.903902e+00 5.025490e+00 : 8.274493e-01
1105(1011) (2.26e+00 2.35e+00) XE:2.35e-01 (1.14e+00 1.15e+00 | 5.43e-01 5.46e-01)	4.903179e+00 5.025426e+00 : 8.273838e-01
1119(991) (2.54e+00 2.35e+00) XE:2.35e-01 (1.15e+00 1.15e+00 | 5.49e-01 5.46e-01)	4.902203e+00 5.024360e+00 : 8.272136e-01
1132(974) (2.84e+00 2.35e+00) XE:2.35e-01 (1.13e+00 1.15e+00 | 5.77e-01 5.46e-01)	4.901274e+00 5.024175e+00 : 8.271208e-01
1146(982) (2.53e+00 2.35e+00) XE:2.35e-01 (1.14e+00 1.15e+00 | 5.97e-01 5.46e-01)	4.900730e+00 5.023239e+00 : 8.269974e-01
1160(993) (2.54e+00 2.35e+00) XE:2.35e-01 (1.17e+00 1.15e+00 | 5.35e-01 5.46e-01)	4.900086e+00 5.023804e+00 : 8.269908e-01
1173(997) (2.25e+00 2.35e+00) XE:2.35e-01 (1.14e+00 1.15e+00 | 5.19e-01 5.46e-01)	4.899823e+00 5.024141e+00 : 8.269970e-01
1187(1005) (2.15e+00 2.35e+00) XE:2.35e-01 (1.14e+00 1.15e+00 | 5.83e-01 5.46e-01)	4.900146e+00 5.023711e+00 : 8.269881e-01
1200(1004) (2.21e+00 2.35e+00) XE:2.35e-01 (1.15e+00 1.15e+00 | 5.41e-01 5.46e-01)	4.899530e+00 5.022663e+00 : 8.268494e-01
1214(991) (2.24e+00 2.35e+00) XE:2.35e-01 (1.15e+00 1.15e+00 | 5.71e-01 5.46e-01)	4.897658e+00 5.022986e+00 : 8.267203e-01
1228(1000) (2.44e+00 2.35e+00) XE:2.35e-01 (1.15e+00 1.15e+00 | 5.37e-01 5.46e-01)	4.897405e+00 5.022286e+00 : 8.266409e-01
1241(1003) (2.19e+00 2.35e+00) XE:2.35e-01 (1.14e+00 1.15e+00 | 5.69e-01 5.46e-01)	4.896509e+00 5.022120e+00 : 8.265524e-01
1255(999) (2.48e+00 2.35e+00) XE:2.35e-01 (1.15e+00 1.15e+00 | 5.61e-01 5.46e-01)	4.895587e+00 5.021895e+00 : 8.264568e-01
1269(1011) (2.24e+00 2.35e+00) XE:2.35e-01 (1.15e+00 1.15e+00 | 5.73e-01 5.46e-01)	4.894180e+00 5.020487e+00 : 8.262222e-01
1282(994) (2.42e+00 2.35e+00) XE:2.35e-01 (1.14e+00 1.15e+00 | 5.43e-01 5.46e-01)	4.893897e+00 5.020312e+00 : 8.261841e-01
1296(1006) (2.74e+00 2.35e+00) XE:2.35e-01 (1.14e+00 1.15e+00 | 5.61e-01 5.46e-01)	4.892809e+00 5.019856e+00 : 8.260555e-01
1310(998) (2.22e+00 2.35e+00) XE:2.35e-01 (1.15e+00 1.15e+00 | 5.67e-01 5.46e-01)	4.891898e+00 5.019224e+00 : 8.259269e-01
1323(1003) (2.79e+00 2.35e+00) XE:2.35e-01 (1.15e+00 1.15e+00 | 5.15e-01 5.46e-01)	4.889968e+00 5.017916e+00 : 8.256570e-01
1337(1007) (2.63e+00 2.35e+00) XE:2.35e-01 (1.18e+00 1.15e+00 | 5.51e-01 5.46e-01)	4.888076e+00 5.017356e+00 : 8.254527e-01
1350(997) (2.02e+00 2.35e+00) XE:2.35e-01 (1.14e+00 1.15e+00 | 5.41e-01 5.46e-01)	4.888018e+00 5.017873e+00 : 8.254910e-01
1364(981) (2.36e+00 2.35e+00) XE:2.35e-01 (1.13e+00 1.15e+00 | 5.57e-01 5.46e-01)	4.887874e+00 5.017714e+00 : 8.254657e-01
1378(1000) (2.67e+00 2.35e+00) XE:2.35e-01 (1.17e+00 1.15e+00 | 5.55e-01 5.46e-01)	4.886738e+00 5.017837e+00 : 8.253813e-01
1391(1000) (2.38e+00 2.35e+00) XE:2.35e-01 (1.14e+00 1.15e+00 | 5.53e-01 5.46e-01)	4.886861e+00 5.017819e+00 : 8.253900e-01
1405(1008) (1.97e+00 2.35e+00) XE:2.35e-01 (1.15e+00 1.15e+00 | 5.97e-01 5.46e-01)	4.886162e+00 5.017027e+00 : 8.252657e-01
1419(998) (2.50e+00 2.35e+00) XE:2.35e-01 (1.13e+00 1.15e+00 | 5.31e-01 5.46e-01)	4.885193e+00 5.015932e+00 : 8.250937e-01
1432(1000) (2.51e+00 2.35e+00) XE:2.35e-01 (1.13e+00 1.15e+00 | 5.09e-01 5.46e-01)	4.884694e+00 5.016469e+00 : 8.250969e-01
1446(1015) (2.08e+00 2.35e+00) XE:2.35e-01 (1.16e+00 1.15e+00 | 5.39e-01 5.46e-01)	4.884018e+00 5.015222e+00 : 8.249366e-01
1460(981) (3.01e+00 2.35e+00) XE:2.35e-01 (1.15e+00 1.15e+00 | 4.90e-01 5.46e-01)	4.883258e+00 5.015385e+00 : 8.248869e-01
1473(1008) (2.26e+00 2.35e+00) XE:2.35e-01 (1.15e+00 1.15e+00 | 5.51e-01 5.46e-01)	4.882626e+00 5.015142e+00 : 8.248141e-01
1487(1004) (3.09e+00 2.35e+00) XE:2.35e-01 (1.15e+00 1.15e+00 | 5.71e-01 5.45e-01)	4.882062e+00 5.014739e+00 : 8.247334e-01
1500(979) (2.87e+00 2.35e+00) XE:2.35e-01 (1.14e+00 1.15e+00 | 4.96e-01 5.46e-01)	4.881310e+00 5.013753e+00 : 8.245886e-01
1514(1012) (2.26e+00 2.35e+00) XE:2.35e-01 (1.14e+00 1.15e+00 | 5.29e-01 5.45e-01)	4.880871e+00 5.013555e+00 : 8.245355e-01
1528(1002) (2.01e+00 2.35e+00) XE:2.35e-01 (1.13e+00 1.15e+00 | 5.39e-01 5.45e-01)	4.880362e+00 5.012560e+00 : 8.244102e-01
1541(1004) (2.05e+00 2.35e+00) XE:2.35e-01 (1.13e+00 1.15e+00 | 5.55e-01 5.45e-01)	4.880427e+00 5.011797e+00 : 8.243520e-01
1555(995) (2.62e+00 2.35e+00) XE:2.35e-01 (1.13e+00 1.15e+00 | 4.90e-01 5.45e-01)	4.879993e+00 5.012198e+00 : 8.243492e-01
1569(1002) (2.09e+00 2.35e+00) XE:2.35e-01 (1.13e+00 1.15e+00 | 5.27e-01 5.45e-01)	4.879889e+00 5.012206e+00 : 8.243413e-01
1582(1018) (1.98e+00 2.35e+00) XE:2.35e-01 (1.15e+00 1.15e+00 | 5.39e-01 5.45e-01)	4.879528e+00 5.012662e+00 : 8.243492e-01
1596(994) (2.72e+00 2.35e+00) XE:2.35e-01 (1.14e+00 1.15e+00 | 5.57e-01 5.45e-01)	4.878309e+00 5.012382e+00 : 8.242243e-01
1610(1002) (2.27e+00 2.35e+00) XE:2.35e-01 (1.13e+00 1.15e+00 | 5.09e-01 5.45e-01)	4.878564e+00 5.012041e+00 : 8.242171e-01
1623(993) (2.71e+00 2.35e+00) XE:2.35e-01 (1.15e+00 1.15e+00 | 5.91e-01 5.45e-01)	4.877729e+00 5.011381e+00 : 8.240925e-01
1637(1005) (2.35e+00 2.35e+00) XE:2.35e-01 (1.14e+00 1.15e+00 | 5.05e-01 5.45e-01)	4.877076e+00 5.010708e+00 : 8.239820e-01
1650(1009) (2.37e+00 2.35e+00) XE:2.35e-01 (1.14e+00 1.15e+00 | 5.09e-01 5.45e-01)	4.876922e+00 5.009920e+00 : 8.239035e-01
1664(998) (2.20e+00 2.35e+00) XE:2.35e-01 (1.15e+00 1.15e+00 | 5.71e-01 5.45e-01)	4.877262e+00 5.009911e+00 : 8.239311e-01
1678(995) (2.45e+00 2.35e+00) XE:2.35e-01 (1.14e+00 1.15e+00 | 5.27e-01 5.45e-01)	4.876175e+00 5.009330e+00 : 8.237920e-01
1691(998) (2.72e+00 2.35e+00) XE:2.35e-01 (1.15e+00 1.15e+00 | 5.01e-01 5.45e-01)	4.875939e+00 5.008658e+00 : 8.237164e-01
1705(1000) (2.18e+00 2.35e+00) XE:2.35e-01 (1.15e+00 1.15e+00 | 5.45e-01 5.45e-01)	4.875279e+00 5.008465e+00 : 8.236454e-01
1719(1018) (2.55e+00 2.35e+00) XE:2.35e-01 (1.15e+00 1.15e+00 | 4.90e-01 5.45e-01)	4.875040e+00 5.007358e+00 : 8.235332e-01
1732(988) (2.75e+00 2.35e+00) XE:2.35e-01 (1.15e+00 1.15e+00 | 5.19e-01 5.45e-01)	4.873879e+00 5.007375e+00 : 8.234379e-01
1746(998) (2.48e+00 2.35e+00) XE:2.35e-01 (1.15e+00 1.15e+00 | 5.39e-01 5.45e-01)	4.873797e+00 5.007680e+00 : 8.234564e-01
1759(989) (2.45e+00 2.35e+00) XE:2.35e-01 (1.12e+00 1.15e+00 | 5.15e-01 5.45e-01)	4.873273e+00 5.007479e+00 : 8.233960e-01
1773(982) (2.46e+00 2.35e+00) XE:2.35e-01 (1.15e+00 1.15e+00 | 5.43e-01 5.45e-01)	4.872617e+00 5.007450e+00 : 8.233389e-01
1787(1006) (2.89e+00 2.35e+00) XE:2.35e-01 (1.14e+00 1.15e+00 | 5.43e-01 5.45e-01)	4.871928e+00 5.007622e+00 : 8.232958e-01
1800(1014) (2.05e+00 2.35e+00) XE:2.35e-01 (1.17e+00 1.15e+00 | 5.45e-01 5.45e-01)	4.871467e+00 5.007287e+00 : 8.232294e-01
1814(998) (3.03e+00 2.35e+00) XE:2.35e-01 (1.14e+00 1.15e+00 | 5.35e-01 5.45e-01)	4.870452e+00 5.006904e+00 : 8.231131e-01
1828(997) (2.35e+00 2.35e+00) XE:2.35e-01 (1.14e+00 1.15e+00 | 5.37e-01 5.45e-01)	4.870300e+00 5.006379e+00 : 8.230566e-01
1841(1017) (2.16e+00 2.35e+00) XE:2.35e-01 (1.17e+00 1.15e+00 | 5.49e-01 5.45e-01)	4.869797e+00 5.006304e+00 : 8.230085e-01
1855(996) (2.24e+00 2.35e+00) XE:2.35e-01 (1.17e+00 1.15e+00 | 5.57e-01 5.45e-01)	4.869113e+00 5.006324e+00 : 8.229531e-01
1868(1002) (2.12e+00 2.35e+00) XE:2.35e-01 (1.14e+00 1.15e+00 | 5.25e-01 5.45e-01)	4.869215e+00 5.006343e+00 : 8.229631e-01
1882(1011) (1.94e+00 2.35e+00) XE:2.35e-01 (1.16e+00 1.15e+00 | 5.63e-01 5.45e-01)	4.869654e+00 5.006371e+00 : 8.230021e-01
1896(998) (2.18e+00 2.35e+00) XE:2.35e-01 (1.16e+00 1.15e+00 | 6.03e-01 5.45e-01)	4.869108e+00 5.006367e+00 : 8.229563e-01
1909(989) (2.17e+00 2.35e+00) XE:2.35e-01 (1.17e+00 1.15e+00 | 5.19e-01 5.45e-01)	4.868576e+00 5.006557e+00 : 8.229277e-01
1923(1007) (2.01e+00 2.35e+00) XE:2.35e-01 (1.15e+00 1.15e+00 | 5.57e-01 5.45e-01)	4.868713e+00 5.005845e+00 : 8.228798e-01
1937(1015) (1.96e+00 2.35e+00) XE:2.35e-01 (1.13e+00 1.15e+00 | 6.03e-01 5.45e-01)	4.868018e+00 5.005997e+00 : 8.228346e-01
1950(1003) (2.64e+00 2.35e+00) XE:2.35e-01 (1.15e+00 1.15e+00 | 5.39e-01 5.45e-01)	4.866730e+00 5.004199e+00 : 8.225774e-01
1964(996) (2.18e+00 2.35e+00) XE:2.35e-01 (1.15e+00 1.15e+00 | 5.57e-01 5.45e-01)	4.866649e+00 5.004257e+00 : 8.225755e-01
1977(994) (2.36e+00 2.35e+00) XE:2.35e-01 (1.14e+00 1.15e+00 | 5.63e-01 5.45e-01)	4.866058e+00 5.003334e+00 : 8.224493e-01
1991(1005) (2.91e+00 2.35e+00) XE:2.35e-01 (1.15e+00 1.15e+00 | 5.59e-01 5.45e-01)	4.865246e+00 5.002695e+00 : 8.223284e-01
2005(1006) (2.30e+00 2.35e+00) XE:2.35e-01 (1.14e+00 1.15e+00 | 5.55e-01 5.45e-01)	4.865431e+00 5.002798e+00 : 8.223524e-01
2018(997) (2.26e+00 2.35e+00) XE:2.35e-01 (1.13e+00 1.15e+00 | 5.53e-01 5.45e-01)	4.865263e+00 5.002517e+00 : 8.223150e-01
2032(1003) (2.66e+00 2.35e+00) XE:2.35e-01 (1.14e+00 1.15e+00 | 5.61e-01 5.45e-01)	4.864932e+00 5.002001e+00 : 8.222444e-01
2046(1003) (2.03e+00 2.35e+00) XE:2.35e-01 (1.15e+00 1.15e+00 | 5.47e-01 5.45e-01)	4.864189e+00 5.000870e+00 : 8.220883e-01
2059(1011) (1.99e+00 2.35e+00) XE:2.35e-01 (1.13e+00 1.15e+00 | 5.91e-01 5.45e-01)	4.864502e+00 5.001033e+00 : 8.221279e-01
2073(986) (2.01e+00 2.35e+00) XE:2.35e-01 (1.17e+00 1.15e+00 | 5.75e-01 5.45e-01)	4.864072e+00 5.001290e+00 : 8.221135e-01
2086(998) (2.28e+00 2.35e+00) XE:2.35e-01 (1.14e+00 1.15e+00 | 5.69e-01 5.45e-01)	4.863807e+00 5.000963e+00 : 8.220642e-01
2100(986) (2.74e+00 2.35e+00) XE:2.35e-01 (1.13e+00 1.15e+00 | 5.77e-01 5.45e-01)	4.863483e+00 4.999879e+00 : 8.219468e-01
2114(990) (2.51e+00 2.35e+00) XE:2.35e-01 (1.15e+00 1.15e+00 | 5.13e-01 5.45e-01)	4.863591e+00 4.999723e+00 : 8.219428e-01
2127(993) (2.29e+00 2.35e+00) XE:2.35e-01 (1.14e+00 1.15e+00 | 5.63e-01 5.45e-01)	4.863180e+00 4.998890e+00 : 8.218392e-01
2141(993) (2.70e+00 2.35e+00) XE:2.35e-01 (1.14e+00 1.15e+00 | 5.25e-01 5.45e-01)	4.863091e+00 4.998439e+00 : 8.217941e-01
2155(1007) (2.29e+00 2.35e+00) XE:2.35e-01 (1.17e+00 1.15e+00 | 5.87e-01 5.45e-01)	4.862900e+00 4.998490e+00 : 8.217825e-01
2168(1005) (1.89e+00 2.35e+00) XE:2.35e-01 (1.14e+00 1.15e+00 | 5.99e-01 5.45e-01)	4.860293e+00 4.996093e+00 : 8.213655e-01
2182(1017) (2.09e+00 2.35e+00) XE:2.35e-01 (1.15e+00 1.15e+00 | 5.37e-01 5.45e-01)	4.859233e+00 4.995167e+00 : 8.212000e-01
2196(980) (2.39e+00 2.35e+00) XE:2.35e-01 (1.16e+00 1.15e+00 | 5.39e-01 5.45e-01)	4.859289e+00 4.995221e+00 : 8.212092e-01
2209(996) (2.41e+00 2.35e+00) XE:2.35e-01 (1.15e+00 1.15e+00 | 5.27e-01 5.45e-01)	4.858823e+00 4.995063e+00 : 8.211572e-01
2223(1009) (1.90e+00 2.35e+00) XE:2.35e-01 (1.14e+00 1.15e+00 | 6.16e-01 5.45e-01)	4.859285e+00 4.995492e+00 : 8.212315e-01
2236(994) (2.02e+00 2.35e+00) XE:2.35e-01 (1.14e+00 1.15e+00 | 5.33e-01 5.45e-01)	4.860145e+00 4.995861e+00 : 8.213338e-01
2250(999) (2.47e+00 2.35e+00) XE:2.35e-01 (1.12e+00 1.15e+00 | 5.03e-01 5.45e-01)	4.859774e+00 4.995995e+00 : 8.213141e-01
2264(987) (2.50e+00 2.34e+00) XE:2.34e-01 (1.13e+00 1.15e+00 | 5.15e-01 5.45e-01)	4.859718e+00 4.995627e+00 : 8.212787e-01
2277(982) (2.43e+00 2.34e+00) XE:2.34e-01 (1.17e+00 1.15e+00 | 4.82e-01 5.45e-01)	4.858972e+00 4.995583e+00 : 8.212129e-01
2291(1011) (2.54e+00 2.34e+00) XE:2.34e-01 (1.15e+00 1.15e+00 | 5.59e-01 5.45e-01)	4.859091e+00 4.995364e+00 : 8.212046e-01
2305(995) (2.24e+00 2.34e+00) XE:2.34e-01 (1.15e+00 1.15e+00 | 5.51e-01 5.45e-01)	4.858964e+00 4.995340e+00 : 8.211920e-01
2318(1004) (1.98e+00 2.34e+00) XE:2.34e-01 (1.15e+00 1.15e+00 | 5.45e-01 5.45e-01)	4.858461e+00 4.995102e+00 : 8.211302e-01
2332(1013) (2.03e+00 2.34e+00) XE:2.34e-01 (1.15e+00 1.15e+00 | 5.57e-01 5.45e-01)	4.858166e+00 4.995207e+00 : 8.211145e-01
2346(1020) (2.44e+00 2.34e+00) XE:2.34e-01 (1.15e+00 1.15e+00 | 5.41e-01 5.45e-01)	4.857532e+00 4.995253e+00 : 8.210654e-01
2359(1010) (2.21e+00 2.35e+00) XE:2.35e-01 (1.15e+00 1.15e+00 | 4.94e-01 5.45e-01)	4.855437e+00 4.992980e+00 : 8.207014e-01
2373(993) (1.81e+00 2.34e+00) XE:2.34e-01 (1.14e+00 1.15e+00 | 5.53e-01 5.45e-01)	4.855293e+00 4.993393e+00 : 8.207239e-01
2387(1011) (2.00e+00 2.34e+00) XE:2.34e-01 (1.16e+00 1.15e+00 | 5.37e-01 5.45e-01)	4.855212e+00 4.993056e+00 : 8.206891e-01
2400(1007) (2.67e+00 2.35e+00) XE:2.35e-01 (1.14e+00 1.15e+00 | 5.85e-01 5.45e-01)	4.854704e+00 4.993240e+00 : 8.206620e-01
2414(1006) (2.20e+00 2.34e+00) XE:2.34e-01 (1.14e+00 1.15e+00 | 5.63e-01 5.45e-01)	4.854678e+00 4.993404e+00 : 8.206735e-01
2427(1004) (2.19e+00 2.34e+00) XE:2.34e-01 (1.16e+00 1.15e+00 | 5.17e-01 5.45e-01)	4.854567e+00 4.993360e+00 : 8.206606e-01
2441(995) (2.19e+00 2.34e+00) XE:2.34e-01 (1.15e+00 1.15e+00 | 5.21e-01 5.45e-01)	4.854683e+00 4.993159e+00 : 8.206535e-01
2455(1015) (2.32e+00 2.34e+00) XE:2.34e-01 (1.14e+00 1.15e+00 | 5.63e-01 5.45e-01)	4.854556e+00 4.992945e+00 : 8.206251e-01
2468(994) (2.29e+00 2.34e+00) XE:2.34e-01 (1.13e+00 1.15e+00 | 5.69e-01 5.45e-01)	4.854084e+00 4.992597e+00 : 8.205567e-01
2482(992) (2.74e+00 2.34e+00) XE:2.34e-01 (1.14e+00 1.15e+00 | 5.57e-01 5.45e-01)	4.853225e+00 4.991859e+00 : 8.204236e-01
2495(1013) (1.82e+00 2.34e+00) XE:2.34e-01 (1.14e+00 1.15e+00 | 5.27e-01 5.45e-01)	4.853331e+00 4.992089e+00 : 8.204517e-01
2509(1006) (2.30e+00 2.34e+00) XE:2.34e-01 (1.17e+00 1.15e+00 | 5.13e-01 5.45e-01)	4.853445e+00 4.991858e+00 : 8.204419e-01
2523(1011) (2.17e+00 2.34e+00) XE:2.34e-01 (1.17e+00 1.15e+00 | 5.57e-01 5.45e-01)	4.852973e+00 4.992003e+00 : 8.204147e-01
2536(1026) (2.34e+00 2.34e+00) XE:2.34e-01 (1.16e+00 1.15e+00 | 5.99e-01 5.45e-01)	4.852712e+00 4.991638e+00 : 8.203625e-01
2550(985) (2.21e+00 2.34e+00) XE:2.34e-01 (1.15e+00 1.15e+00 | 5.07e-01 5.45e-01)	4.852157e+00 4.991419e+00 : 8.202980e-01
2564(997) (2.11e+00 2.34e+00) XE:2.34e-01 (1.14e+00 1.15e+00 | 4.76e-01 5.45e-01)	4.851113e+00 4.990787e+00 : 8.201583e-01
2577(1022) (2.73e+00 2.34e+00) XE:2.34e-01 (1.15e+00 1.15e+00 | 4.98e-01 5.45e-01)	4.850832e+00 4.990884e+00 : 8.201430e-01
2591(1000) (2.58e+00 2.34e+00) XE:2.34e-01 (1.13e+00 1.15e+00 | 5.43e-01 5.45e-01)	4.850353e+00 4.991017e+00 : 8.201142e-01
2604(995) (2.58e+00 2.34e+00) XE:2.34e-01 (1.13e+00 1.15e+00 | 5.31e-01 5.45e-01)	4.850224e+00 4.990968e+00 : 8.200993e-01
2618(984) (2.48e+00 2.34e+00) XE:2.34e-01 (1.15e+00 1.15e+00 | 5.57e-01 5.45e-01)	4.850266e+00 4.990380e+00 : 8.200539e-01
2632(988) (2.12e+00 2.34e+00) XE:2.34e-01 (1.14e+00 1.15e+00 | 5.31e-01 5.45e-01)	4.850091e+00 4.990348e+00 : 8.200366e-01
2645(1010) (2.44e+00 2.34e+00) XE:2.34e-01 (1.15e+00 1.15e+00 | 5.37e-01 5.45e-01)	4.849463e+00 4.990496e+00 : 8.199966e-01
2659(1015) (2.39e+00 2.34e+00) XE:2.34e-01 (1.14e+00 1.15e+00 | 5.63e-01 5.45e-01)	4.849332e+00 4.990364e+00 : 8.199746e-01
2673(992) (2.84e+00 2.34e+00) XE:2.34e-01 (1.14e+00 1.15e+00 | 5.13e-01 5.45e-01)	4.848659e+00 4.989708e+00 : 8.198640e-01
2686(988) (2.33e+00 2.34e+00) XE:2.34e-01 (1.14e+00 1.15e+00 | 5.01e-01 5.45e-01)	4.848704e+00 4.989457e+00 : 8.198468e-01
2700(995) (2.61e+00 2.34e+00) XE:2.34e-01 (1.16e+00 1.15e+00 | 5.37e-01 5.45e-01)	4.848401e+00 4.988948e+00 : 8.197791e-01
2714(1002) (2.36e+00 2.34e+00) XE:2.34e-01 (1.14e+00 1.15e+00 | 4.90e-01 5.45e-01)	4.848174e+00 4.988461e+00 : 8.197196e-01
2727(1003) (2.42e+00 2.34e+00) XE:2.34e-01 (1.15e+00 1.15e+00 | 5.71e-01 5.45e-01)	4.848067e+00 4.988717e+00 : 8.197320e-01
2741(1005) (2.22e+00 2.34e+00) XE:2.34e-01 (1.13e+00 1.15e+00 | 5.29e-01 5.45e-01)	4.847973e+00 4.988392e+00 : 8.196971e-01
2755(1008) (2.81e+00 2.34e+00) XE:2.34e-01 (1.15e+00 1.15e+00 | 5.89e-01 5.45e-01)	4.847549e+00 4.987776e+00 : 8.196103e-01
2768(998) (2.13e+00 2.35e+00) XE:2.35e-01 (1.13e+00 1.15e+00 | 5.63e-01 5.45e-01)	4.847463e+00 4.987074e+00 : 8.195448e-01
2782(1012) (2.16e+00 2.34e+00) XE:2.34e-01 (1.13e+00 1.15e+00 | 5.49e-01 5.45e-01)	4.847729e+00 4.986673e+00 : 8.195335e-01
2796(990) (2.60e+00 2.35e+00) XE:2.35e-01 (1.14e+00 1.15e+00 | 5.17e-01 5.45e-01)	4.847534e+00 4.985922e+00 : 8.194547e-01
2809(1014) (2.64e+00 2.35e+00) XE:2.35e-01 (1.15e+00 1.15e+00 | 5.93e-01 5.45e-01)	4.847004e+00 4.985366e+00 : 8.193641e-01
2823(1004) (2.26e+00 2.35e+00) XE:2.35e-01 (1.14e+00 1.15e+00 | 4.84e-01 5.45e-01)	4.846604e+00 4.984798e+00 : 8.192835e-01
2836(994) (2.48e+00 2.35e+00) XE:2.35e-01 (1.15e+00 1.15e+00 | 6.01e-01 5.45e-01)	4.846730e+00 4.984800e+00 : 8.192942e-01
2850(1016) (2.30e+00 2.35e+00) XE:2.35e-01 (1.13e+00 1.15e+00 | 5.71e-01 5.45e-01)	4.846103e+00 4.984975e+00 : 8.192565e-01
2864(1000) (2.22e+00 2.34e+00) XE:2.34e-01 (1.14e+00 1.15e+00 | 5.31e-01 5.45e-01)	4.846070e+00 4.985190e+00 : 8.192717e-01
2877(1004) (2.42e+00 2.34e+00) XE:2.34e-01 (1.13e+00 1.15e+00 | 5.33e-01 5.45e-01)	4.845621e+00 4.984755e+00 : 8.191980e-01
2891(999) (2.44e+00 2.34e+00) XE:2.34e-01 (1.14e+00 1.15e+00 | 5.31e-01 5.45e-01)	4.845853e+00 4.984529e+00 : 8.191985e-01
2905(999) (2.34e+00 2.34e+00) XE:2.34e-01 (1.15e+00 1.15e+00 | 5.77e-01 5.45e-01)	4.845921e+00 4.984290e+00 : 8.191842e-01
2918(1005) (2.22e+00 2.34e+00) XE:2.34e-01 (1.14e+00 1.15e+00 | 5.17e-01 5.45e-01)	4.845722e+00 4.984070e+00 : 8.191493e-01
2932(1010) (2.32e+00 2.34e+00) XE:2.34e-01 (1.15e+00 1.15e+00 | 5.65e-01 5.45e-01)	4.845789e+00 4.983731e+00 : 8.191267e-01
2946(1005) (2.09e+00 2.35e+00) XE:2.35e-01 (1.14e+00 1.15e+00 | 5.63e-01 5.45e-01)	4.842860e+00 4.980821e+00 : 8.186400e-01
2959(1018) (2.42e+00 2.35e+00) XE:2.35e-01 (1.15e+00 1.15e+00 | 5.65e-01 5.45e-01)	4.842828e+00 4.980640e+00 : 8.186223e-01
2973(1007) (2.21e+00 2.35e+00) XE:2.35e-01 (1.14e+00 1.15e+00 | 5.37e-01 5.45e-01)	4.841527e+00 4.979689e+00 : 8.184346e-01
2987(977) (2.34e+00 2.35e+00) XE:2.35e-01 (1.15e+00 1.15e+00 | 5.09e-01 5.45e-01)	4.841555e+00 4.980061e+00 : 8.184680e-01
3000(978) (2.82e+00 2.35e+00) XE:2.35e-01 (1.15e+00 1.15e+00 | 5.25e-01 5.45e-01)	4.841827e+00 4.980010e+00 : 8.184864e-01
3014(1002) (1.93e+00 2.34e+00) XE:2.34e-01 (1.14e+00 1.15e+00 | 5.91e-01 5.45e-01)	4.842164e+00 4.980114e+00 : 8.185232e-01
3028(999) (2.61e+00 2.34e+00) XE:2.34e-01 (1.16e+00 1.15e+00 | 5.93e-01 5.45e-01)	4.841576e+00 4.979950e+00 : 8.184605e-01
3041(1000) (2.64e+00 2.34e+00) XE:2.34e-01 (1.17e+00 1.15e+00 | 5.47e-01 5.45e-01)	4.841388e+00 4.980174e+00 : 8.184635e-01
3055(988) (2.32e+00 2.34e+00) XE:2.34e-01 (1.16e+00 1.15e+00 | 5.35e-01 5.45e-01)	4.841212e+00 4.980142e+00 : 8.184462e-01
3068(1017) (2.16e+00 2.34e+00) XE:2.34e-01 (1.15e+00 1.15e+00 | 5.61e-01 5.45e-01)	4.841026e+00 4.980270e+00 : 8.184413e-01
3082(1011) (2.10e+00 2.35e+00) XE:2.35e-01 (1.14e+00 1.15e+00 | 4.74e-01 5.45e-01)	4.839184e+00 4.978803e+00 : 8.181656e-01
3096(1012) (2.01e+00 2.35e+00) XE:2.35e-01 (1.12e+00 1.15e+00 | 5.27e-01 5.45e-01)	4.838961e+00 4.978870e+00 : 8.181526e-01
3109(1003) (2.46e+00 2.35e+00) XE:2.35e-01 (1.15e+00 1.15e+00 | 5.21e-01 5.45e-01)	4.838699e+00 4.978384e+00 : 8.180902e-01
3123(996) (2.52e+00 2.35e+00) XE:2.35e-01 (1.14e+00 1.15e+00 | 5.31e-01 5.45e-01)	4.838783e+00 4.978519e+00 : 8.181086e-01
3137(999) (2.42e+00 2.35e+00) XE:2.35e-01 (1.14e+00 1.15e+00 | 5.13e-01 5.45e-01)	4.838378e+00 4.978235e+00 : 8.180511e-01
3150(990) (2.73e+00 2.35e+00) XE:2.35e-01 (1.14e+00 1.15e+00 | 5.63e-01 5.45e-01)	4.837575e+00 4.978071e+00 : 8.179705e-01
3164(1013) (2.15e+00 2.35e+00) XE:2.35e-01 (1.14e+00 1.15e+00 | 5.91e-01 5.45e-01)	4.837628e+00 4.978013e+00 : 8.179701e-01
3178(995) (2.41e+00 2.35e+00) XE:2.35e-01 (1.16e+00 1.15e+00 | 5.97e-01 5.45e-01)	4.837314e+00 4.977704e+00 : 8.179182e-01
3191(1010) (2.13e+00 2.35e+00) XE:2.35e-01 (1.14e+00 1.15e+00 | 5.53e-01 5.45e-01)	4.836963e+00 4.977415e+00 : 8.178648e-01
3205(985) (2.06e+00 2.35e+00) XE:2.35e-01 (1.13e+00 1.15e+00 | 5.77e-01 5.45e-01)	4.836992e+00 4.977329e+00 : 8.178601e-01
3219(1016) (2.23e+00 2.34e+00) XE:2.34e-01 (1.16e+00 1.15e+00 | 5.27e-01 5.45e-01)	4.837243e+00 4.977404e+00 : 8.178873e-01
3232(1007) (2.41e+00 2.35e+00) XE:2.35e-01 (1.16e+00 1.15e+00 | 5.21e-01 5.45e-01)	4.837351e+00 4.976941e+00 : 8.178577e-01
3246(1010) (2.50e+00 2.35e+00) XE:2.35e-01 (1.13e+00 1.15e+00 | 5.57e-01 5.45e-01)	4.836881e+00 4.976692e+00 : 8.177977e-01
3259(996) (2.59e+00 2.35e+00) XE:2.35e-01 (1.11e+00 1.15e+00 | 5.17e-01 5.45e-01)	4.836840e+00 4.976489e+00 : 8.177774e-01
3273(1002) (2.11e+00 2.35e+00) XE:2.35e-01 (1.15e+00 1.15e+00 | 5.67e-01 5.45e-01)	4.836900e+00 4.976462e+00 : 8.177801e-01
3287(1003) (2.15e+00 2.35e+00) XE:2.35e-01 (1.14e+00 1.15e+00 | 5.57e-01 5.45e-01)	4.836862e+00 4.976473e+00 : 8.177779e-01
3300(1016) (1.79e+00 2.35e+00) XE:2.35e-01 (1.15e+00 1.15e+00 | 5.87e-01 5.45e-01)	4.836692e+00 4.976292e+00 : 8.177487e-01
3314(1003) (2.83e+00 2.35e+00) XE:2.35e-01 (1.15e+00 1.15e+00 | 5.73e-01 5.45e-01)	4.836382e+00 4.975839e+00 : 8.176851e-01
3328(1003) (2.66e+00 2.35e+00) XE:2.35e-01 (1.16e+00 1.15e+00 | 5.57e-01 5.45e-01)	4.835953e+00 4.975801e+00 : 8.176461e-01
3341(1005) (2.56e+00 2.35e+00) XE:2.35e-01 (1.16e+00 1.15e+00 | 5.55e-01 5.45e-01)	4.835636e+00 4.975395e+00 : 8.175859e-01
3355(989) (2.44e+00 2.35e+00) XE:2.35e-01 (1.16e+00 1.15e+00 | 5.63e-01 5.45e-01)	4.835170e+00 4.975177e+00 : 8.175289e-01
3369(1008) (2.53e+00 2.35e+00) XE:2.35e-01 (1.16e+00 1.15e+00 | 5.45e-01 5.45e-01)	4.832588e+00 4.972219e+00 : 8.170673e-01
3382(999) (2.34e+00 2.35e+00) XE:2.35e-01 (1.15e+00 1.15e+00 | 5.91e-01 5.45e-01)	4.831978e+00 4.972126e+00 : 8.170087e-01
3396(999) (2.30e+00 2.35e+00) XE:2.35e-01 (1.14e+00 1.15e+00 | 5.23e-01 5.45e-01)	4.831660e+00 4.972299e+00 : 8.169966e-01
3409(1005) (2.14e+00 2.35e+00) XE:2.35e-01 (1.16e+00 1.15e+00 | 5.33e-01 5.45e-01)	4.830060e+00 4.971031e+00 : 8.167576e-01
3423(984) (2.61e+00 2.35e+00) XE:2.35e-01 (1.17e+00 1.15e+00 | 5.53e-01 5.45e-01)	4.830109e+00 4.971148e+00 : 8.167714e-01
3437(1011) (2.50e+00 2.35e+00) XE:2.35e-01 (1.14e+00 1.15e+00 | 5.41e-01 5.45e-01)	4.829863e+00 4.971057e+00 : 8.167434e-01
3450(1001) (2.57e+00 2.35e+00) XE:2.35e-01 (1.15e+00 1.15e+00 | 5.59e-01 5.45e-01)	4.830126e+00 4.971059e+00 : 8.167654e-01
3464(999) (2.30e+00 2.35e+00) XE:2.35e-01 (1.15e+00 1.15e+00 | 5.61e-01 5.45e-01)	4.829632e+00 4.970306e+00 : 8.166615e-01
3478(998) (2.32e+00 2.35e+00) XE:2.35e-01 (1.14e+00 1.15e+00 | 5.73e-01 5.45e-01)	4.829280e+00 4.970299e+00 : 8.166316e-01
3491(1008) (1.86e+00 2.35e+00) XE:2.35e-01 (1.14e+00 1.15e+00 | 5.21e-01 5.45e-01)	4.829351e+00 4.970460e+00 : 8.166510e-01
3505(1016) (1.93e+00 2.35e+00) XE:2.35e-01 (1.15e+00 1.15e+00 | 5.51e-01 5.45e-01)	4.829658e+00 4.970521e+00 : 8.166816e-01
3518(993) (2.72e+00 2.35e+00) XE:2.35e-01 (1.12e+00 1.15e+00 | 5.29e-01 5.45e-01)	4.829633e+00 4.970420e+00 : 8.166710e-01
3532(983) (2.21e+00 2.35e+00) XE:2.35e-01 (1.17e+00 1.15e+00 | 5.59e-01 5.45e-01)	4.829376e+00 4.970430e+00 : 8.166505e-01
3546(992) (2.33e+00 2.35e+00) XE:2.35e-01 (1.15e+00 1.15e+00 | 5.63e-01 5.45e-01)	4.829128e+00 4.970945e+00 : 8.166727e-01
3559(996) (1.92e+00 2.35e+00) XE:2.35e-01 (1.14e+00 1.15e+00 | 4.96e-01 5.45e-01)	4.829233e+00 4.971006e+00 : 8.166866e-01
3573(993) (2.70e+00 2.35e+00) XE:2.35e-01 (1.17e+00 1.15e+00 | 5.67e-01 5.45e-01)	4.828741e+00 4.970823e+00 : 8.166303e-01
3587(989) (2.47e+00 2.35e+00) XE:2.35e-01 (1.17e+00 1.15e+00 | 5.39e-01 5.45e-01)	4.828453e+00 4.970674e+00 : 8.165939e-01
3600(1004) (2.27e+00 2.35e+00) XE:2.35e-01 (1.14e+00 1.15e+00 | 5.75e-01 5.46e-01)	4.828855e+00 4.970169e+00 : 8.165853e-01
3614(988) (2.46e+00 2.35e+00) XE:2.35e-01 (1.14e+00 1.15e+00 | 5.57e-01 5.45e-01)	4.828464e+00 4.970327e+00 : 8.165659e-01
3628(1008) (1.95e+00 2.35e+00) XE:2.35e-01 (1.16e+00 1.15e+00 | 5.41e-01 5.46e-01)	4.828417e+00 4.970354e+00 : 8.165643e-01
3641(1008) (1.87e+00 2.35e+00) XE:2.35e-01 (1.16e+00 1.15e+00 | 5.09e-01 5.46e-01)	4.828261e+00 4.970714e+00 : 8.165813e-01
3655(989) (2.45e+00 2.35e+00) XE:2.35e-01 (1.15e+00 1.15e+00 | 5.65e-01 5.46e-01)	4.828228e+00 4.970443e+00 : 8.165560e-01
3668(983) (2.24e+00 2.35e+00) XE:2.35e-01 (1.14e+00 1.15e+00 | 6.28e-01 5.46e-01)	4.827919e+00 4.970509e+00 : 8.165357e-01
3682(1006) (2.39e+00 2.35e+00) XE:2.35e-01 (1.13e+00 1.15e+00 | 5.39e-01 5.46e-01)	4.827933e+00 4.970662e+00 : 8.165496e-01
3696(1006) (2.16e+00 2.35e+00) XE:2.35e-01 (1.12e+00 1.15e+00 | 5.19e-01 5.45e-01)	4.828074e+00 4.970681e+00 : 8.165629e-01
3709(986) (2.64e+00 2.35e+00) XE:2.35e-01 (1.16e+00 1.15e+00 | 5.57e-01 5.45e-01)	4.827904e+00 4.970436e+00 : 8.165283e-01
3723(1017) (2.22e+00 2.35e+00) XE:2.35e-01 (1.16e+00 1.15e+00 | 5.61e-01 5.45e-01)	4.828298e+00 4.970570e+00 : 8.165724e-01
3737(1003) (2.21e+00 2.35e+00) XE:2.35e-01 (1.13e+00 1.15e+00 | 5.13e-01 5.45e-01)	4.828436e+00 4.970551e+00 : 8.165822e-01
3750(1011) (2.40e+00 2.35e+00) XE:2.35e-01 (1.14e+00 1.15e+00 | 5.71e-01 5.45e-01)	4.828277e+00 4.970145e+00 : 8.165352e-01
3764(1010) (2.35e+00 2.35e+00) XE:2.35e-01 (1.16e+00 1.15e+00 | 5.53e-01 5.45e-01)	4.828027e+00 4.970149e+00 : 8.165146e-01
3778(1017) (2.32e+00 2.35e+00) XE:2.35e-01 (1.14e+00 1.15e+00 | 4.98e-01 5.46e-01)	4.828278e+00 4.970370e+00 : 8.165540e-01
3791(1004) (2.23e+00 2.35e+00) XE:2.35e-01 (1.12e+00 1.15e+00 | 5.39e-01 5.46e-01)	4.827695e+00 4.970227e+00 : 8.164934e-01
3805(994) (2.27e+00 2.35e+00) XE:2.35e-01 (1.13e+00 1.15e+00 | 5.35e-01 5.46e-01)	4.827407e+00 4.969786e+00 : 8.164328e-01
3819(991) (2.57e+00 2.35e+00) XE:2.35e-01 (1.16e+00 1.15e+00 | 5.27e-01 5.46e-01)	4.827296e+00 4.969749e+00 : 8.164204e-01
3832(999) (2.45e+00 2.35e+00) XE:2.35e-01 (1.13e+00 1.15e+00 | 5.17e-01 5.46e-01)	4.827570e+00 4.969494e+00 : 8.164220e-01
3846(1022) (1.95e+00 2.35e+00) XE:2.35e-01 (1.12e+00 1.15e+00 | 4.94e-01 5.46e-01)	4.827373e+00 4.969661e+00 : 8.164195e-01
3859(1001) (2.50e+00 2.35e+00) XE:2.35e-01 (1.16e+00 1.15e+00 | 5.13e-01 5.46e-01)	4.827318e+00 4.969477e+00 : 8.163996e-01
3873(1004) (2.35e+00 2.35e+00) XE:2.35e-01 (1.17e+00 1.15e+00 | 5.25e-01 5.46e-01)	4.827056e+00 4.969339e+00 : 8.163663e-01
3887(1003) (3.29e+00 2.35e+00) XE:2.35e-01 (1.14e+00 1.15e+00 | 5.59e-01 5.46e-01)	4.826240e+00 4.968315e+00 : 8.162129e-01
3900(1008) (2.34e+00 2.35e+00) XE:2.35e-01 (1.15e+00 1.15e+00 | 5.81e-01 5.46e-01)	4.825496e+00 4.967388e+00 : 8.160737e-01
3914(1001) (2.05e+00 2.35e+00) XE:2.35e-01 (1.14e+00 1.15e+00 | 5.65e-01 5.46e-01)	4.825508e+00 4.967064e+00 : 8.160477e-01
3928(1006) (2.52e+00 2.35e+00) XE:2.35e-01 (1.15e+00 1.15e+00 | 6.03e-01 5.46e-01)	4.825422e+00 4.967020e+00 : 8.160368e-01
3941(1010) (2.36e+00 2.35e+00) XE:2.35e-01 (1.12e+00 1.15e+00 | 4.92e-01 5.46e-01)	4.825522e+00 4.966998e+00 : 8.160433e-01
3955(983) (2.41e+00 2.35e+00) XE:2.35e-01 (1.14e+00 1.15e+00 | 5.15e-01 5.46e-01)	4.825295e+00 4.966656e+00 : 8.159959e-01
3969(996) (2.68e+00 2.35e+00) XE:2.35e-01 (1.15e+00 1.15e+00 | 5.47e-01 5.46e-01)	4.825421e+00 4.966347e+00 : 8.159807e-01
3982(1027) (1.86e+00 2.35e+00) XE:2.35e-01 (1.15e+00 1.15e+00 | 5.25e-01 5.46e-01)	4.825814e+00 4.966600e+00 : 8.160345e-01
3996(994) (3.06e+00 2.35e+00) XE:2.35e-01 (1.14e+00 1.15e+00 | 5.95e-01 5.46e-01)	4.825884e+00 4.966674e+00 : 8.160465e-01
4009(995) (2.29e+00 2.35e+00) XE:2.35e-01 (1.13e+00 1.15e+00 | 5.73e-01 5.46e-01)	4.825846e+00 4.966907e+00 : 8.160627e-01
4023(988) (2.35e+00 2.35e+00) XE:2.35e-01 (1.15e+00 1.15e+00 | 5.61e-01 5.46e-01)	4.825980e+00 4.966742e+00 : 8.160602e-01
4037(1008) (2.24e+00 2.35e+00) XE:2.35e-01 (1.15e+00 1.15e+00 | 5.59e-01 5.46e-01)	4.826040e+00 4.966735e+00 : 8.160646e-01
4050(1010) (2.37e+00 2.35e+00) XE:2.35e-01 (1.15e+00 1.15e+00 | 6.05e-01 5.46e-01)	4.825630e+00 4.966466e+00 : 8.160080e-01
4064(1003) (2.61e+00 2.35e+00) XE:2.35e-01 (1.15e+00 1.15e+00 | 5.59e-01 5.46e-01)	4.825457e+00 4.966007e+00 : 8.159553e-01
4078(996) (2.44e+00 2.35e+00) XE:2.35e-01 (1.14e+00 1.15e+00 | 5.47e-01 5.46e-01)	4.825429e+00 4.965961e+00 : 8.159492e-01
4091(997) (2.09e+00 2.35e+00) XE:2.35e-01 (1.14e+00 1.15e+00 | 5.53e-01 5.46e-01)	4.825136e+00 4.966109e+00 : 8.159371e-01
4105(1006) (2.25e+00 2.35e+00) XE:2.35e-01 (1.14e+00 1.15e+00 | 5.59e-01 5.46e-01)	4.825295e+00 4.966310e+00 : 8.159672e-01
4119(1002) (2.37e+00 2.35e+00) XE:2.35e-01 (1.13e+00 1.15e+00 | 4.96e-01 5.46e-01)	4.825330e+00 4.966203e+00 : 8.159610e-01
4132(1003) (2.24e+00 2.35e+00) XE:2.35e-01 (1.15e+00 1.15e+00 | 5.85e-01 5.46e-01)	4.825376e+00 4.966444e+00 : 8.159850e-01
4146(992) (2.40e+00 2.35e+00) XE:2.35e-01 (1.16e+00 1.15e+00 | 5.57e-01 5.46e-01)	4.825626e+00 4.966490e+00 : 8.160096e-01
4159(1000) (2.56e+00 2.35e+00) XE:2.35e-01 (1.15e+00 1.15e+00 | 5.33e-01 5.46e-01)	4.825711e+00 4.966375e+00 : 8.160072e-01
4173(998) (2.04e+00 2.35e+00) XE:2.35e-01 (1.14e+00 1.15e+00 | 5.91e-01 5.46e-01)	4.825441e+00 4.966236e+00 : 8.159731e-01
4187(986) (2.31e+00 2.35e+00) XE:2.35e-01 (1.14e+00 1.15e+00 | 5.11e-01 5.46e-01)	4.825401e+00 4.966194e+00 : 8.159663e-01
4200(1002) (2.14e+00 2.35e+00) XE:2.35e-01 (1.15e+00 1.15e+00 | 5.47e-01 5.46e-01)	4.824947e+00 4.965917e+00 : 8.159053e-01
4214(1007) (2.45e+00 2.35e+00) XE:2.35e-01 (1.16e+00 1.15e+00 | 5.41e-01 5.46e-01)	4.824789e+00 4.965944e+00 : 8.158944e-01
4227(986) (2.62e+00 2.35e+00) XE:2.35e-01 (1.14e+00 1.15e+00 | 4.76e-01 5.46e-01)	4.824894e+00 4.966056e+00 : 8.159125e-01
4241(992) (3.14e+00 2.35e+00) XE:2.35e-01 (1.17e+00 1.15e+00 | 5.15e-01 5.46e-01)	4.824600e+00 4.965705e+00 : 8.158587e-01
4255(991) (2.56e+00 2.35e+00) XE:2.35e-01 (1.15e+00 1.15e+00 | 5.81e-01 5.46e-01)	4.824281e+00 4.965112e+00 : 8.157827e-01
4268(1008) (2.66e+00 2.35e+00) XE:2.35e-01 (1.15e+00 1.15e+00 | 5.21e-01 5.46e-01)	4.823828e+00 4.965157e+00 : 8.157488e-01
4282(987) (2.99e+00 2.35e+00) XE:2.35e-01 (1.15e+00 1.15e+00 | 5.87e-01 5.46e-01)	4.823888e+00 4.965545e+00 : 8.157861e-01
4296(1010) (1.95e+00 2.35e+00) XE:2.35e-01 (1.17e+00 1.15e+00 | 5.33e-01 5.46e-01)	4.824087e+00 4.965625e+00 : 8.158093e-01
4309(1002) (2.25e+00 2.35e+00) XE:2.35e-01 (1.15e+00 1.15e+00 | 5.13e-01 5.46e-01)	4.823949e+00 4.965702e+00 : 8.158042e-01
4323(1005) (1.94e+00 2.35e+00) XE:2.35e-01 (1.17e+00 1.15e+00 | 5.97e-01 5.46e-01)	4.823818e+00 4.965607e+00 : 8.157854e-01
4336(1008) (2.27e+00 2.35e+00) XE:2.35e-01 (1.15e+00 1.15e+00 | 5.35e-01 5.46e-01)	4.823815e+00 4.965571e+00 : 8.157821e-01
4350(994) (2.22e+00 2.35e+00) XE:2.35e-01 (1.15e+00 1.15e+00 | 5.81e-01 5.46e-01)	4.823538e+00 4.965547e+00 : 8.157571e-01
4364(1002) (1.87e+00 2.34e+00) XE:2.34e-01 (1.15e+00 1.15e+00 | 5.07e-01 5.46e-01)	4.823740e+00 4.965900e+00 : 8.158033e-01
4377(997) (2.11e+00 2.34e+00) XE:2.34e-01 (1.15e+00 1.15e+00 | 5.53e-01 5.46e-01)	4.823515e+00 4.966060e+00 : 8.157979e-01
4391(992) (2.57e+00 2.34e+00) XE:2.34e-01 (1.15e+00 1.15e+00 | 5.79e-01 5.46e-01)	4.823672e+00 4.966006e+00 : 8.158065e-01
4405(997) (2.35e+00 2.34e+00) XE:2.34e-01 (1.15e+00 1.15e+00 | 5.31e-01 5.46e-01)	4.823355e+00 4.965815e+00 : 8.157641e-01
4418(1000) (2.28e+00 2.34e+00) XE:2.34e-01 (1.15e+00 1.15e+00 | 5.47e-01 5.46e-01)	4.823528e+00 4.965691e+00 : 8.157683e-01
4432(1001) (2.67e+00 2.35e+00) XE:2.35e-01 (1.14e+00 1.15e+00 | 5.15e-01 5.46e-01)	4.823046e+00 4.965441e+00 : 8.157073e-01
4446(1012) (2.38e+00 2.35e+00) XE:2.35e-01 (1.16e+00 1.15e+00 | 5.43e-01 5.46e-01)	4.823215e+00 4.965304e+00 : 8.157099e-01
4459(997) (2.51e+00 2.34e+00) XE:2.34e-01 (1.14e+00 1.15e+00 | 5.55e-01 5.46e-01)	4.823436e+00 4.964851e+00 : 8.156906e-01
4473(994) (2.68e+00 2.35e+00) XE:2.35e-01 (1.18e+00 1.15e+00 | 5.81e-01 5.46e-01)	4.823202e+00 4.964911e+00 : 8.156761e-01
4486(999) (2.44e+00 2.34e+00) XE:2.34e-01 (1.15e+00 1.15e+00 | 5.77e-01 5.46e-01)	4.823310e+00 4.965112e+00 : 8.157019e-01
4500(1013) (2.14e+00 2.35e+00) XE:2.35e-01 (1.15e+00 1.15e+00 | 5.53e-01 5.46e-01)	4.823022e+00 4.965011e+00 : 8.156694e-01
4514(1001) (2.43e+00 2.35e+00) XE:2.35e-01 (1.15e+00 1.15e+00 | 5.41e-01 5.46e-01)	4.822652e+00 4.964879e+00 : 8.156276e-01
4527(994) (2.28e+00 2.35e+00) XE:2.35e-01 (1.16e+00 1.15e+00 | 5.49e-01 5.46e-01)	4.822457e+00 4.964903e+00 : 8.156133e-01
4541(1015) (2.00e+00 2.34e+00) XE:2.34e-01 (1.15e+00 1.15e+00 | 5.71e-01 5.46e-01)	4.822663e+00 4.965059e+00 : 8.156434e-01
4555(998) (2.65e+00 2.34e+00) XE:2.34e-01 (1.16e+00 1.15e+00 | 5.63e-01 5.46e-01)	4.822595e+00 4.965115e+00 : 8.156425e-01
4568(982) (2.47e+00 2.34e+00) XE:2.34e-01 (1.15e+00 1.15e+00 | 5.35e-01 5.46e-01)	4.822630e+00 4.965075e+00 : 8.156420e-01
4582(1019) (2.15e+00 2.34e+00) XE:2.34e-01 (1.16e+00 1.15e+00 | 5.41e-01 5.46e-01)	4.822561e+00 4.965068e+00 : 8.156358e-01
4596(1002) (2.15e+00 2.34e+00) XE:2.34e-01 (1.16e+00 1.15e+00 | 5.15e-01 5.46e-01)	4.822432e+00 4.964968e+00 : 8.156167e-01
4609(997) (2.03e+00 2.34e+00) XE:2.34e-01 (1.12e+00 1.15e+00 | 5.79e-01 5.46e-01)	4.822202e+00 4.965114e+00 : 8.156097e-01
4623(993) (2.61e+00 2.34e+00) XE:2.34e-01 (1.16e+00 1.15e+00 | 5.67e-01 5.46e-01)	4.822488e+00 4.964991e+00 : 8.156233e-01
4637(1006) (2.62e+00 2.34e+00) XE:2.34e-01 (1.14e+00 1.15e+00 | 5.37e-01 5.46e-01)	4.821951e+00 4.964258e+00 : 8.155174e-01
4650(1005) (2.10e+00 2.34e+00) XE:2.34e-01 (1.17e+00 1.15e+00 | 5.53e-01 5.46e-01)	4.822059e+00 4.964038e+00 : 8.155081e-01
4664(994) (1.88e+00 2.34e+00) XE:2.34e-01 (1.15e+00 1.15e+00 | 5.47e-01 5.46e-01)	4.822154e+00 4.963946e+00 : 8.155083e-01
4678(1004) (2.07e+00 2.34e+00) XE:2.34e-01 (1.15e+00 1.15e+00 | 6.16e-01 5.46e-01)	4.821912e+00 4.963969e+00 : 8.154900e-01
4691(996) (2.01e+00 2.34e+00) XE:2.34e-01 (1.13e+00 1.15e+00 | 6.03e-01 5.46e-01)	4.821895e+00 4.964025e+00 : 8.154933e-01
4705(996) (2.53e+00 2.34e+00) XE:2.34e-01 (1.13e+00 1.15e+00 | 5.33e-01 5.46e-01)	4.821806e+00 4.964067e+00 : 8.154894e-01
4719(994) (2.56e+00 2.34e+00) XE:2.34e-01 (1.12e+00 1.15e+00 | 5.55e-01 5.46e-01)	4.821575e+00 4.963967e+00 : 8.154618e-01
4732(1014) (2.04e+00 2.34e+00) XE:2.34e-01 (1.14e+00 1.15e+00 | 5.71e-01 5.46e-01)	4.821243e+00 4.963828e+00 : 8.154226e-01
4746(995) (2.71e+00 2.34e+00) XE:2.34e-01 (1.16e+00 1.15e+00 | 5.55e-01 5.46e-01)	4.821236e+00 4.963764e+00 : 8.154167e-01
4759(987) (2.36e+00 2.34e+00) XE:2.34e-01 (1.13e+00 1.15e+00 | 5.33e-01 5.46e-01)	4.821231e+00 4.963687e+00 : 8.154099e-01
4773(1003) (2.25e+00 2.34e+00) XE:2.34e-01 (1.16e+00 1.15e+00 | 5.37e-01 5.46e-01)	4.821365e+00 4.963670e+00 : 8.154196e-01
4787(1008) (2.08e+00 2.34e+00) XE:2.34e-01 (1.14e+00 1.15e+00 | 5.37e-01 5.46e-01)	4.821434e+00 4.963642e+00 : 8.154230e-01
4800(1006) (2.70e+00 2.34e+00) XE:2.34e-01 (1.11e+00 1.15e+00 | 5.39e-01 5.46e-01)	4.821436e+00 4.963332e+00 : 8.153973e-01
4814(1004) (2.08e+00 2.34e+00) XE:2.34e-01 (1.15e+00 1.15e+00 | 5.85e-01 5.46e-01)	4.821427e+00 4.963347e+00 : 8.153978e-01
4828(1003) (2.20e+00 2.34e+00) XE:2.34e-01 (1.13e+00 1.15e+00 | 5.49e-01 5.46e-01)	4.821324e+00 4.963496e+00 : 8.154017e-01
4841(989) (2.47e+00 2.34e+00) XE:2.34e-01 (1.14e+00 1.15e+00 | 5.55e-01 5.46e-01)	4.821013e+00 4.963455e+00 : 8.153723e-01
4855(970) (2.73e+00 2.34e+00) XE:2.34e-01 (1.14e+00 1.15e+00 | 5.29e-01 5.46e-01)	4.820918e+00 4.963385e+00 : 8.153586e-01
4869(1004) (2.25e+00 2.34e+00) XE:2.34e-01 (1.15e+00 1.15e+00 | 5.11e-01 5.46e-01)	4.821017e+00 4.963131e+00 : 8.153457e-01
4882(997) (2.43e+00 2.34e+00) XE:2.34e-01 (1.16e+00 1.15e+00 | 5.37e-01 5.46e-01)	4.821062e+00 4.963372e+00 : 8.153695e-01
4896(968) (2.60e+00 2.34e+00) XE:2.34e-01 (1.14e+00 1.15e+00 | 5.97e-01 5.46e-01)	4.821053e+00 4.963514e+00 : 8.153806e-01
4909(996) (2.27e+00 2.34e+00) XE:2.34e-01 (1.14e+00 1.15e+00 | 5.33e-01 5.46e-01)	4.821022e+00 4.963560e+00 : 8.153818e-01
4923(999) (1.88e+00 2.34e+00) XE:2.34e-01 (1.15e+00 1.15e+00 | 5.23e-01 5.46e-01)	4.820950e+00 4.963586e+00 : 8.153780e-01
4937(1002) (2.49e+00 2.34e+00) XE:2.34e-01 (1.15e+00 1.15e+00 | 5.01e-01 5.46e-01)	4.821018e+00 4.963449e+00 : 8.153723e-01
4950(993) (2.54e+00 2.34e+00) XE:2.34e-01 (1.14e+00 1.15e+00 | 5.91e-01 5.46e-01)	4.821125e+00 4.963540e+00 : 8.153887e-01
4964(1009) (2.27e+00 2.34e+00) XE:2.34e-01 (1.14e+00 1.15e+00 | 5.97e-01 5.46e-01)	4.821136e+00 4.963518e+00 : 8.153878e-01
4978(1007) (2.05e+00 2.34e+00) XE:2.34e-01 (1.15e+00 1.15e+00 | 5.45e-01 5.46e-01)	4.821306e+00 4.963563e+00 : 8.154058e-01
4991(1015) (2.30e+00 2.34e+00) XE:2.34e-01 (1.12e+00 1.15e+00 | 5.65e-01 5.46e-01)	4.821490e+00 4.963577e+00 : 8.154223e-01
5005(1000) (2.68e+00 2.34e+00) XE:2.34e-01 (1.15e+00 1.15e+00 | 5.41e-01 5.46e-01)	4.821075e+00 4.963432e+00 : 8.153756e-01
5018(1012) (2.35e+00 2.34e+00) XE:2.34e-01 (1.15e+00 1.15e+00 | 5.53e-01 5.46e-01)	4.821063e+00 4.963438e+00 : 8.153751e-01
5032(1002) (2.62e+00 2.34e+00) XE:2.34e-01 (1.15e+00 1.15e+00 | 5.37e-01 5.46e-01)	4.820994e+00 4.963384e+00 : 8.153649e-01
5046(984) (2.55e+00 2.34e+00) XE:2.34e-01 (1.16e+00 1.15e+00 | 5.57e-01 5.46e-01)	4.820919e+00 4.963075e+00 : 8.153328e-01
5059(1024) (1.87e+00 2.34e+00) XE:2.34e-01 (1.13e+00 1.15e+00 | 5.31e-01 5.46e-01)	4.820872e+00 4.962971e+00 : 8.153202e-01
5073(1001) (2.63e+00 2.34e+00) XE:2.34e-01 (1.15e+00 1.15e+00 | 5.31e-01 5.46e-01)	4.820868e+00 4.962945e+00 : 8.153177e-01
5087(1005) (1.81e+00 2.34e+00) XE:2.34e-01 (1.17e+00 1.15e+00 | 5.79e-01 5.46e-01)	4.820707e+00 4.963121e+00 : 8.153190e-01
5100(1007) (2.38e+00 2.34e+00) XE:2.34e-01 (1.15e+00 1.15e+00 | 5.45e-01 5.46e-01)	4.820629e+00 4.963221e+00 : 8.153208e-01
5114(1006) (1.80e+00 2.34e+00) XE:2.34e-01 (1.16e+00 1.15e+00 | 5.33e-01 5.46e-01)	4.820612e+00 4.963370e+00 : 8.153318e-01
5128(991) (2.03e+00 2.34e+00) XE:2.34e-01 (1.15e+00 1.15e+00 | 5.13e-01 5.46e-01)	4.820785e+00 4.963582e+00 : 8.153639e-01
5141(998) (2.78e+00 2.34e+00) XE:2.34e-01 (1.17e+00 1.15e+00 | 4.94e-01 5.46e-01)	4.820606e+00 4.963143e+00 : 8.153124e-01
5155(993) (2.36e+00 2.34e+00) XE:2.34e-01 (1.15e+00 1.15e+00 | 5.87e-01 5.46e-01)	4.820666e+00 4.963123e+00 : 8.153158e-01
5169(998) (2.15e+00 2.34e+00) XE:2.34e-01 (1.14e+00 1.15e+00 | 5.13e-01 5.46e-01)	4.820613e+00 4.963146e+00 : 8.153133e-01
5182(994) (2.34e+00 2.34e+00) XE:2.34e-01 (1.17e+00 1.15e+00 | 5.45e-01 5.46e-01)	4.820276e+00 4.962898e+00 : 8.152645e-01
5196(1005) (2.27e+00 2.34e+00) XE:2.34e-01 (1.14e+00 1.15e+00 | 5.59e-01 5.46e-01)	4.820078e+00 4.962629e+00 : 8.152256e-01
5209(989) (2.13e+00 2.34e+00) XE:2.34e-01 (1.14e+00 1.15e+00 | 5.47e-01 5.46e-01)	4.820080e+00 4.962311e+00 : 8.151993e-01
5223(1004) (1.87e+00 2.34e+00) XE:2.34e-01 (1.17e+00 1.15e+00 | 5.05e-01 5.46e-01)	4.819946e+00 4.962302e+00 : 8.151874e-01
5237(989) (2.61e+00 2.34e+00) XE:2.34e-01 (1.13e+00 1.15e+00 | 5.07e-01 5.46e-01)	4.819966e+00 4.962202e+00 : 8.151806e-01
5250(1000) (2.29e+00 2.34e+00) XE:2.34e-01 (1.15e+00 1.15e+00 | 5.51e-01 5.46e-01)	4.820034e+00 4.962205e+00 : 8.151865e-01
5264(1001) (2.19e+00 2.34e+00) XE:2.34e-01 (1.15e+00 1.15e+00 | 5.19e-01 5.46e-01)	4.819341e+00 4.961265e+00 : 8.150505e-01
5278(1001) (2.49e+00 2.34e+00) XE:2.34e-01 (1.15e+00 1.15e+00 | 5.57e-01 5.46e-01)	4.819138e+00 4.960901e+00 : 8.150032e-01
5291(1010) (2.17e+00 2.34e+00) XE:2.34e-01 (1.15e+00 1.15e+00 | 5.35e-01 5.46e-01)	4.819096e+00 4.960934e+00 : 8.150025e-01
5305(1031) (2.30e+00 2.34e+00) XE:2.34e-01 (1.14e+00 1.15e+00 | 5.79e-01 5.46e-01)	4.819139e+00 4.961026e+00 : 8.150137e-01
5319(1011) (2.52e+00 2.34e+00) XE:2.34e-01 (1.16e+00 1.15e+00 | 5.11e-01 5.46e-01)	4.819047e+00 4.960777e+00 : 8.149853e-01
5332(1002) (2.21e+00 2.34e+00) XE:2.34e-01 (1.17e+00 1.15e+00 | 5.63e-01 5.46e-01)	4.819056e+00 4.960505e+00 : 8.149634e-01
5346(993) (2.48e+00 2.34e+00) XE:2.34e-01 (1.13e+00 1.15e+00 | 5.79e-01 5.46e-01)	4.819073e+00 4.960234e+00 : 8.149423e-01
5359(1016) (2.02e+00 2.34e+00) XE:2.34e-01 (1.14e+00 1.15e+00 | 5.05e-01 5.46e-01)	4.819074e+00 4.960237e+00 : 8.149426e-01
5373(1020) (2.40e+00 2.34e+00) XE:2.34e-01 (1.14e+00 1.15e+00 | 5.59e-01 5.46e-01)	4.818921e+00 4.960308e+00 : 8.149357e-01
5387(998) (2.75e+00 2.34e+00) XE:2.34e-01 (1.15e+00 1.15e+00 | 5.53e-01 5.46e-01)	4.818831e+00 4.960192e+00 : 8.149185e-01
5400(994) (2.22e+00 2.34e+00) XE:2.34e-01 (1.15e+00 1.15e+00 | 5.91e-01 5.46e-01)	4.819014e+00 4.960233e+00 : 8.149373e-01
5414(1011) (2.11e+00 2.34e+00) XE:2.34e-01 (1.14e+00 1.15e+00 | 5.75e-01 5.46e-01)	4.818987e+00 4.960103e+00 : 8.149242e-01
5428(1010) (1.99e+00 2.34e+00) XE:2.34e-01 (1.15e+00 1.15e+00 | 5.55e-01 5.46e-01)	4.819065e+00 4.960264e+00 : 8.149441e-01
5441(1016) (2.20e+00 2.34e+00) XE:2.34e-01 (1.15e+00 1.15e+00 | 6.01e-01 5.46e-01)	4.819016e+00 4.960382e+00 : 8.149498e-01
5455(1001) (2.16e+00 2.34e+00) XE:2.34e-01 (1.13e+00 1.15e+00 | 6.01e-01 5.46e-01)	4.818834e+00 4.960509e+00 : 8.149453e-01
5468(1006) (2.27e+00 2.34e+00) XE:2.34e-01 (1.15e+00 1.15e+00 | 5.07e-01 5.46e-01)	4.818729e+00 4.960621e+00 : 8.149458e-01
5482(1015) (2.61e+00 2.34e+00) XE:2.34e-01 (1.15e+00 1.15e+00 | 5.35e-01 5.46e-01)	4.818640e+00 4.960689e+00 : 8.149441e-01
5496(1009) (2.34e+00 2.34e+00) XE:2.34e-01 (1.15e+00 1.15e+00 | 5.49e-01 5.46e-01)	4.818603e+00 4.960616e+00 : 8.149350e-01
5509(1004) (2.50e+00 2.34e+00) XE:2.34e-01 (1.17e+00 1.15e+00 | 5.81e-01 5.46e-01)	4.818716e+00 4.960767e+00 : 8.149569e-01
5523(1018) (2.24e+00 2.34e+00) XE:2.34e-01 (1.15e+00 1.15e+00 | 5.59e-01 5.46e-01)	4.818707e+00 4.960814e+00 : 8.149600e-01
5536(1004) (2.56e+00 2.34e+00) XE:2.34e-01 (1.14e+00 1.15e+00 | 5.77e-01 5.46e-01)	4.819018e+00 4.960925e+00 : 8.149953e-01
5550(1006) (2.20e+00 2.34e+00) XE:2.34e-01 (1.15e+00 1.15e+00 | 5.19e-01 5.46e-01)	4.818801e+00 4.960802e+00 : 8.149670e-01
5564(1004) (2.44e+00 2.34e+00) XE:2.34e-01 (1.15e+00 1.15e+00 | 5.69e-01 5.46e-01)	4.818929e+00 4.960834e+00 : 8.149803e-01
5577(993) (2.61e+00 2.34e+00) XE:2.34e-01 (1.15e+00 1.15e+00 | 5.53e-01 5.46e-01)	4.818731e+00 4.960799e+00 : 8.149608e-01
5591(998) (2.26e+00 2.34e+00) XE:2.34e-01 (1.14e+00 1.15e+00 | 5.15e-01 5.46e-01)	4.818451e+00 4.960490e+00 : 8.149118e-01
5604(983) (2.70e+00 2.34e+00) XE:2.34e-01 (1.12e+00 1.15e+00 | 5.27e-01 5.46e-01)	4.818426e+00 4.960344e+00 : 8.148974e-01
5618(990) (2.43e+00 2.34e+00) XE:2.34e-01 (1.15e+00 1.15e+00 | 5.41e-01 5.46e-01)	4.818427e+00 4.960390e+00 : 8.149015e-01
5632(991) (2.59e+00 2.34e+00) XE:2.34e-01 (1.16e+00 1.15e+00 | 4.98e-01 5.46e-01)	4.818276e+00 4.960515e+00 : 8.148993e-01
5645(1018) (2.03e+00 2.34e+00) XE:2.34e-01 (1.17e+00 1.15e+00 | 5.29e-01 5.46e-01)	4.818269e+00 4.960495e+00 : 8.148970e-01
5659(1008) (2.30e+00 2.34e+00) XE:2.34e-01 (1.14e+00 1.15e+00 | 5.97e-01 5.46e-01)	4.818421e+00 4.960276e+00 : 8.148914e-01
5673(1002) (2.34e+00 2.34e+00) XE:2.34e-01 (1.13e+00 1.15e+00 | 5.67e-01 5.46e-01)	4.818470e+00 4.960317e+00 : 8.148990e-01
5686(1002) (1.95e+00 2.34e+00) XE:2.34e-01 (1.14e+00 1.15e+00 | 5.61e-01 5.46e-01)	4.818507e+00 4.960403e+00 : 8.149092e-01
5700(991) (2.08e+00 2.34e+00) XE:2.34e-01 (1.17e+00 1.15e+00 | 5.85e-01 5.46e-01)	4.818381e+00 4.960040e+00 : 8.148684e-01
5714(998) (2.09e+00 2.34e+00) XE:2.34e-01 (1.11e+00 1.15e+00 | 5.13e-01 5.46e-01)	4.818254e+00 4.960139e+00 : 8.148661e-01
5727(1007) (1.84e+00 2.34e+00) XE:2.34e-01 (1.13e+00 1.15e+00 | 5.91e-01 5.46e-01)	4.818007e+00 4.959945e+00 : 8.148293e-01
5741(979) (2.93e+00 2.34e+00) XE:2.34e-01 (1.13e+00 1.15e+00 | 6.14e-01 5.46e-01)	4.817906e+00 4.960074e+00 : 8.148317e-01
5755(991) (2.75e+00 2.34e+00) XE:2.34e-01 (1.17e+00 1.15e+00 | 5.23e-01 5.46e-01)	4.817914e+00 4.959992e+00 : 8.148256e-01
5768(1000) (2.42e+00 2.34e+00) XE:2.34e-01 (1.19e+00 1.15e+00 | 5.35e-01 5.46e-01)	4.817900e+00 4.959910e+00 : 8.148175e-01
5782(990) (2.60e+00 2.34e+00) XE:2.34e-01 (1.18e+00 1.15e+00 | 5.73e-01 5.46e-01)	4.818058e+00 4.960019e+00 : 8.148398e-01
5795(998) (2.29e+00 2.34e+00) XE:2.34e-01 (1.16e+00 1.15e+00 | 5.47e-01 5.46e-01)	4.818152e+00 4.960080e+00 : 8.148527e-01
5809(986) (3.14e+00 2.34e+00) XE:2.34e-01 (1.13e+00 1.15e+00 | 5.19e-01 5.46e-01)	4.817775e+00 4.959872e+00 : 8.148039e-01
5823(1000) (2.28e+00 2.34e+00) XE:2.34e-01 (1.13e+00 1.15e+00 | 6.22e-01 5.46e-01)	4.817655e+00 4.959811e+00 : 8.147888e-01
5836(997) (2.34e+00 2.34e+00) XE:2.34e-01 (1.14e+00 1.15e+00 | 5.11e-01 5.46e-01)	4.817727e+00 4.959898e+00 : 8.148021e-01
5850(998) (2.25e+00 2.34e+00) XE:2.34e-01 (1.14e+00 1.15e+00 | 6.20e-01 5.46e-01)	4.817603e+00 4.959732e+00 : 8.147779e-01
5864(1002) (2.53e+00 2.34e+00) XE:2.34e-01 (1.14e+00 1.15e+00 | 6.07e-01 5.46e-01)	4.817751e+00 4.959590e+00 : 8.147784e-01
5877(985) (2.82e+00 2.34e+00) XE:2.34e-01 (1.14e+00 1.15e+00 | 5.39e-01 5.46e-01)	4.817510e+00 4.959183e+00 : 8.147244e-01
5891(997) (2.37e+00 2.34e+00) XE:2.34e-01 (1.15e+00 1.15e+00 | 5.75e-01 5.46e-01)	4.817405e+00 4.959179e+00 : 8.147153e-01
5905(997) (2.46e+00 2.34e+00) XE:2.34e-01 (1.15e+00 1.15e+00 | 5.65e-01 5.46e-01)	4.817279e+00 4.959024e+00 : 8.146919e-01
5918(1002) (1.89e+00 2.34e+00) XE:2.34e-01 (1.14e+00 1.15e+00 | 5.13e-01 5.46e-01)	4.817378e+00 4.959224e+00 : 8.147168e-01
5932(1010) (2.52e+00 2.34e+00) XE:2.34e-01 (1.15e+00 1.15e+00 | 5.09e-01 5.46e-01)	4.817178e+00 4.959219e+00 : 8.146998e-01
5946(1004) (2.07e+00 2.34e+00) XE:2.34e-01 (1.12e+00 1.15e+00 | 5.19e-01 5.46e-01)	4.817192e+00 4.959397e+00 : 8.147157e-01
5959(1006) (1.91e+00 2.34e+00) XE:2.34e-01 (1.14e+00 1.15e+00 | 5.63e-01 5.46e-01)	4.817235e+00 4.959604e+00 : 8.147365e-01
5973(1006) (2.10e+00 2.34e+00) XE:2.34e-01 (1.13e+00 1.15e+00 | 5.41e-01 5.46e-01)	4.817260e+00 4.959712e+00 : 8.147477e-01
5986(1016) (2.37e+00 2.34e+00) XE:2.34e-01 (1.14e+00 1.15e+00 | 4.94e-01 5.46e-01)	4.817316e+00 4.959727e+00 : 8.147536e-01
6000(1016) (1.99e+00 2.34e+00) XE:2.34e-01 (1.14e+00 1.15e+00 | 5.33e-01 5.46e-01)	4.817368e+00 4.959665e+00 : 8.147527e-01
6014(1011) (2.00e+00 2.34e+00) XE:2.34e-01 (1.14e+00 1.15e+00 | 5.53e-01 5.46e-01)	4.817238e+00 4.959584e+00 : 8.147352e-01
6027(1007) (2.04e+00 2.34e+00) XE:2.34e-01 (1.13e+00 1.15e+00 | 4.66e-01 5.46e-01)	4.817194e+00 4.959459e+00 : 8.147211e-01
6041(997) (2.86e+00 2.34e+00) XE:2.34e-01 (1.15e+00 1.15e+00 | 5.75e-01 5.46e-01)	4.817269e+00 4.959558e+00 : 8.147356e-01
6055(997) (2.44e+00 2.34e+00) XE:2.34e-01 (1.13e+00 1.15e+00 | 5.25e-01 5.46e-01)	4.817162e+00 4.959479e+00 : 8.147201e-01
6068(1002) (2.15e+00 2.34e+00) XE:2.34e-01 (1.14e+00 1.15e+00 | 5.23e-01 5.46e-01)	4.817001e+00 4.959378e+00 : 8.146983e-01
6082(994) (2.28e+00 2.34e+00) XE:2.34e-01 (1.14e+00 1.15e+00 | 5.79e-01 5.46e-01)	4.816933e+00 4.959313e+00 : 8.146872e-01
6096(993) (2.91e+00 2.34e+00) XE:2.34e-01 (1.14e+00 1.15e+00 | 5.17e-01 5.46e-01)	4.816834e+00 4.959233e+00 : 8.146722e-01
6109(995) (2.21e+00 2.34e+00) XE:2.34e-01 (1.13e+00 1.15e+00 | 5.37e-01 5.46e-01)	4.816795e+00 4.959225e+00 : 8.146684e-01
6123(983) (2.43e+00 2.34e+00) XE:2.34e-01 (1.14e+00 1.15e+00 | 4.98e-01 5.46e-01)	4.816891e+00 4.959307e+00 : 8.146832e-01
6137(998) (2.55e+00 2.34e+00) XE:2.34e-01 (1.14e+00 1.15e+00 | 5.63e-01 5.46e-01)	4.816803e+00 4.959260e+00 : 8.146720e-01
6150(993) (2.45e+00 2.34e+00) XE:2.34e-01 (1.15e+00 1.15e+00 | 5.77e-01 5.46e-01)	4.816904e+00 4.959107e+00 : 8.146676e-01
6164(1003) (1.92e+00 2.34e+00) XE:2.34e-01 (1.16e+00 1.15e+00 | 5.55e-01 5.46e-01)	4.816874e+00 4.959125e+00 : 8.146666e-01
6178(978) (2.82e+00 2.34e+00) XE:2.34e-01 (1.17e+00 1.15e+00 | 5.47e-01 5.46e-01)	4.816906e+00 4.959196e+00 : 8.146752e-01
6191(993) (2.48e+00 2.34e+00) XE:2.34e-01 (1.18e+00 1.15e+00 | 5.79e-01 5.46e-01)	4.817050e+00 4.959231e+00 : 8.146900e-01
6205(1021) (1.88e+00 2.34e+00) XE:2.34e-01 (1.15e+00 1.15e+00 | 5.67e-01 5.46e-01)	4.817196e+00 4.959408e+00 : 8.147170e-01
6218(1014) (2.06e+00 2.34e+00) XE:2.34e-01 (1.14e+00 1.15e+00 | 5.29e-01 5.46e-01)	4.817155e+00 4.959316e+00 : 8.147060e-01
6232(980) (3.00e+00 2.34e+00) XE:2.34e-01 (1.14e+00 1.15e+00 | 5.41e-01 5.46e-01)	4.816991e+00 4.959389e+00 : 8.146984e-01
6246(1008) (2.00e+00 2.34e+00) XE:2.34e-01 (1.14e+00 1.15e+00 | 5.45e-01 5.46e-01)	4.816610e+00 4.959547e+00 : 8.146797e-01
6259(1001) (2.00e+00 2.34e+00) XE:2.34e-01 (1.15e+00 1.15e+00 | 5.35e-01 5.46e-01)	4.816557e+00 4.959511e+00 : 8.146723e-01
6273(996) (2.57e+00 2.34e+00) XE:2.34e-01 (1.15e+00 1.15e+00 | 5.77e-01 5.46e-01)	4.816551e+00 4.959405e+00 : 8.146630e-01
6287(987) (2.39e+00 2.34e+00) XE:2.34e-01 (1.14e+00 1.15e+00 | 5.67e-01 5.46e-01)	4.816269e+00 4.959333e+00 : 8.146335e-01
6300(1028) (2.00e+00 2.34e+00) XE:2.34e-01 (1.14e+00 1.15e+00 | 5.29e-01 5.46e-01)	4.816069e+00 4.959324e+00 : 8.146161e-01
6314(1005) (2.28e+00 2.34e+00) XE:2.34e-01 (1.16e+00 1.15e+00 | 5.63e-01 5.46e-01)	4.816076e+00 4.959404e+00 : 8.146234e-01
6327(1008) (2.25e+00 2.34e+00) XE:2.34e-01 (1.14e+00 1.15e+00 | 5.19e-01 5.46e-01)	4.815794e+00 4.959211e+00 : 8.145838e-01
6341(1006) (2.10e+00 2.34e+00) XE:2.34e-01 (1.15e+00 1.15e+00 | 5.45e-01 5.46e-01)	4.815773e+00 4.959100e+00 : 8.145728e-01
6355(1007) (2.12e+00 2.34e+00) XE:2.34e-01 (1.13e+00 1.15e+00 | 5.15e-01 5.46e-01)	4.815705e+00 4.959251e+00 : 8.145796e-01
6368(1004) (2.28e+00 2.34e+00) XE:2.34e-01 (1.12e+00 1.15e+00 | 5.49e-01 5.46e-01)	4.815598e+00 4.959307e+00 : 8.145754e-01
6382(995) (2.64e+00 2.34e+00) XE:2.34e-01 (1.16e+00 1.15e+00 | 5.93e-01 5.46e-01)	4.815417e+00 4.959095e+00 : 8.145427e-01
6396(1010) (2.13e+00 2.34e+00) XE:2.34e-01 (1.15e+00 1.15e+00 | 5.27e-01 5.46e-01)	4.815374e+00 4.959216e+00 : 8.145491e-01
6409(1012) (1.98e+00 2.34e+00) XE:2.34e-01 (1.15e+00 1.15e+00 | 6.03e-01 5.46e-01)	4.815133e+00 4.959104e+00 : 8.145198e-01
6423(1006) (2.12e+00 2.34e+00) XE:2.34e-01 (1.14e+00 1.15e+00 | 6.14e-01 5.46e-01)	4.815258e+00 4.958890e+00 : 8.145124e-01
6436(998) (2.61e+00 2.34e+00) XE:2.34e-01 (1.15e+00 1.15e+00 | 5.59e-01 5.46e-01)	4.815297e+00 4.958746e+00 : 8.145036e-01
6450(991) (3.29e+00 2.34e+00) XE:2.34e-01 (1.14e+00 1.15e+00 | 5.65e-01 5.46e-01)	4.815209e+00 4.958540e+00 : 8.144790e-01
6464(1011) (2.15e+00 2.34e+00) XE:2.34e-01 (1.16e+00 1.15e+00 | 5.53e-01 5.46e-01)	4.815169e+00 4.958614e+00 : 8.144819e-01
6477(987) (2.21e+00 2.34e+00) XE:2.34e-01 (1.15e+00 1.15e+00 | 5.79e-01 5.46e-01)	4.815052e+00 4.958545e+00 : 8.144664e-01
6491(998) (2.25e+00 2.34e+00) XE:2.34e-01 (1.16e+00 1.15e+00 | 5.19e-01 5.46e-01)	4.814812e+00 4.958282e+00 : 8.144245e-01
6505(1015) (2.14e+00 2.34e+00) XE:2.34e-01 (1.15e+00 1.15e+00 | 5.31e-01 5.46e-01)	4.814780e+00 4.958287e+00 : 8.144222e-01
6518(993) (2.09e+00 2.34e+00) XE:2.34e-01 (1.13e+00 1.15e+00 | 5.25e-01 5.46e-01)	4.814713e+00 4.958382e+00 : 8.144245e-01
6532(984) (2.25e+00 2.34e+00) XE:2.34e-01 (1.15e+00 1.15e+00 | 5.35e-01 5.46e-01)	4.814783e+00 4.958567e+00 : 8.144458e-01
6546(1017) (2.32e+00 2.34e+00) XE:2.34e-01 (1.15e+00 1.15e+00 | 5.77e-01 5.46e-01)	4.814784e+00 4.958344e+00 : 8.144273e-01
6559(992) (2.31e+00 2.34e+00) XE:2.34e-01 (1.15e+00 1.15e+00 | 5.65e-01 5.46e-01)	4.814887e+00 4.958158e+00 : 8.144205e-01
6573(1000) (2.32e+00 2.34e+00) XE:2.34e-01 (1.14e+00 1.15e+00 | 5.21e-01 5.46e-01)	4.814988e+00 4.957995e+00 : 8.144152e-01
6587(1011) (2.14e+00 2.34e+00) XE:2.34e-01 (1.12e+00 1.15e+00 | 5.33e-01 5.46e-01)	4.814781e+00 4.957848e+00 : 8.143858e-01
6600(996) (2.70e+00 2.34e+00) XE:2.34e-01 (1.16e+00 1.15e+00 | 5.41e-01 5.46e-01)	4.814726e+00 4.957771e+00 : 8.143748e-01
6614(1006) (2.39e+00 2.34e+00) XE:2.34e-01 (1.15e+00 1.15e+00 | 5.63e-01 5.46e-01)	4.814786e+00 4.957676e+00 : 8.143718e-01
6627(994) (2.38e+00 2.34e+00) XE:2.34e-01 (1.15e+00 1.15e+00 | 5.45e-01 5.46e-01)	4.814761e+00 4.957620e+00 : 8.143651e-01
6641(999) (2.12e+00 2.34e+00) XE:2.34e-01 (1.12e+00 1.15e+00 | 4.72e-01 5.46e-01)	4.814728e+00 4.957620e+00 : 8.143623e-01
6655(986) (2.81e+00 2.34e+00) XE:2.34e-01 (1.15e+00 1.15e+00 | 5.45e-01 5.46e-01)	4.814559e+00 4.957555e+00 : 8.143428e-01
6668(996) (2.26e+00 2.34e+00) XE:2.34e-01 (1.14e+00 1.15e+00 | 5.37e-01 5.46e-01)	4.814611e+00 4.957514e+00 : 8.143438e-01
6682(1015) (1.95e+00 2.34e+00) XE:2.34e-01 (1.14e+00 1.15e+00 | 5.31e-01 5.46e-01)	4.814844e+00 4.957656e+00 : 8.143750e-01
6696(970) (2.75e+00 2.34e+00) XE:2.34e-01 (1.15e+00 1.15e+00 | 5.65e-01 5.46e-01)	4.814752e+00 4.957432e+00 : 8.143487e-01
6709(1007) (1.58e+00 2.34e+00) XE:2.34e-01 (1.14e+00 1.15e+00 | 5.21e-01 5.46e-01)	4.814858e+00 4.957635e+00 : 8.143744e-01
6723(1005) (2.47e+00 2.34e+00) XE:2.34e-01 (1.15e+00 1.15e+00 | 5.67e-01 5.46e-01)	4.814564e+00 4.957737e+00 : 8.143585e-01
6737(991) (2.34e+00 2.34e+00) XE:2.34e-01 (1.16e+00 1.15e+00 | 5.19e-01 5.46e-01)	4.814624e+00 4.957680e+00 : 8.143586e-01
6750(1000) (2.15e+00 2.34e+00) XE:2.34e-01 (1.13e+00 1.15e+00 | 5.61e-01 5.46e-01)	4.814498e+00 4.957586e+00 : 8.143403e-01
6764(988) (2.40e+00 2.34e+00) XE:2.34e-01 (1.12e+00 1.15e+00 | 4.90e-01 5.46e-01)	4.814477e+00 4.957498e+00 : 8.143312e-01
6778(1006) (2.09e+00 2.34e+00) XE:2.34e-01 (1.14e+00 1.15e+00 | 5.43e-01 5.46e-01)	4.814460e+00 4.957588e+00 : 8.143373e-01
6791(1009) (1.86e+00 2.34e+00) XE:2.34e-01 (1.14e+00 1.15e+00 | 5.17e-01 5.46e-01)	4.814329e+00 4.957736e+00 : 8.143388e-01
6805(1004) (1.92e+00 2.34e+00) XE:2.34e-01 (1.16e+00 1.15e+00 | 5.29e-01 5.46e-01)	4.814379e+00 4.957868e+00 : 8.143539e-01
6818(1022) (1.86e+00 2.34e+00) XE:2.34e-01 (1.15e+00 1.15e+00 | 5.71e-01 5.46e-01)	4.814569e+00 4.957775e+00 : 8.143619e-01
6832(996) (2.73e+00 2.34e+00) XE:2.34e-01 (1.16e+00 1.15e+00 | 5.39e-01 5.46e-01)	4.814323e+00 4.957738e+00 : 8.143384e-01
6846(993) (3.39e+00 2.34e+00) XE:2.34e-01 (1.15e+00 1.15e+00 | 5.45e-01 5.46e-01)	4.813939e+00 4.957305e+00 : 8.142703e-01
6859(998) (2.03e+00 2.34e+00) XE:2.34e-01 (1.16e+00 1.15e+00 | 5.27e-01 5.46e-01)	4.813868e+00 4.957295e+00 : 8.142636e-01
6873(993) (2.13e+00 2.34e+00) XE:2.34e-01 (1.13e+00 1.15e+00 | 5.59e-01 5.46e-01)	4.813767e+00 4.957384e+00 : 8.142625e-01
6887(1003) (2.14e+00 2.34e+00) XE:2.34e-01 (1.15e+00 1.15e+00 | 5.11e-01 5.46e-01)	4.813812e+00 4.957476e+00 : 8.142741e-01
6900(1001) (2.06e+00 2.34e+00) XE:2.34e-01 (1.16e+00 1.15e+00 | 5.21e-01 5.46e-01)	4.814001e+00 4.957362e+00 : 8.142803e-01
6914(988) (2.70e+00 2.34e+00) XE:2.34e-01 (1.14e+00 1.15e+00 | 5.05e-01 5.46e-01)	4.814063e+00 4.957267e+00 : 8.142775e-01
6928(984) (2.24e+00 2.34e+00) XE:2.34e-01 (1.16e+00 1.15e+00 | 5.61e-01 5.46e-01)	4.814092e+00 4.957355e+00 : 8.142872e-01
6941(1005) (2.32e+00 2.34e+00) XE:2.34e-01 (1.14e+00 1.15e+00 | 5.33e-01 5.46e-01)	4.814141e+00 4.957324e+00 : 8.142888e-01
6955(995) (2.43e+00 2.34e+00) XE:2.34e-01 (1.13e+00 1.15e+00 | 4.84e-01 5.46e-01)	4.814238e+00 4.957380e+00 : 8.143015e-01
6969(1009) (2.27e+00 2.34e+00) XE:2.34e-01 (1.13e+00 1.15e+00 | 5.65e-01 5.46e-01)	4.814007e+00 4.957287e+00 : 8.142745e-01
6982(992) (2.43e+00 2.34e+00) XE:2.34e-01 (1.14e+00 1.15e+00 | 5.71e-01 5.46e-01)	4.814017e+00 4.957223e+00 : 8.142700e-01
6996(994) (2.65e+00 2.34e+00) XE:2.34e-01 (1.14e+00 1.15e+00 | 5.69e-01 5.46e-01)	4.814199e+00 4.957172e+00 : 8.142809e-01
7009(1013) (1.92e+00 2.34e+00) XE:2.34e-01 (1.14e+00 1.15e+00 | 5.97e-01 5.46e-01)	4.814054e+00 4.957204e+00 : 8.142715e-01
7023(1002) (2.36e+00 2.34e+00) XE:2.34e-01 (1.15e+00 1.15e+00 | 5.57e-01 5.46e-01)	4.814256e+00 4.957195e+00 : 8.142876e-01
7037(1003) (1.96e+00 2.34e+00) XE:2.34e-01 (1.16e+00 1.15e+00 | 5.47e-01 5.46e-01)	4.814171e+00 4.957112e+00 : 8.142735e-01
7050(1010) (2.39e+00 2.34e+00) XE:2.34e-01 (1.16e+00 1.15e+00 | 5.57e-01 5.46e-01)	4.814138e+00 4.957018e+00 : 8.142630e-01
7064(997) (2.51e+00 2.34e+00) XE:2.34e-01 (1.15e+00 1.15e+00 | 5.65e-01 5.46e-01)	4.814095e+00 4.956913e+00 : 8.142506e-01
7078(990) (2.72e+00 2.34e+00) XE:2.34e-01 (1.13e+00 1.15e+00 | 5.31e-01 5.46e-01)	4.814191e+00 4.957028e+00 : 8.142683e-01
7091(996) (2.49e+00 2.34e+00) XE:2.34e-01 (1.16e+00 1.15e+00 | 5.89e-01 5.46e-01)	4.814153e+00 4.956997e+00 : 8.142625e-01
7105(993) (2.69e+00 2.34e+00) XE:2.34e-01 (1.12e+00 1.15e+00 | 5.69e-01 5.46e-01)	4.814287e+00 4.957062e+00 : 8.142790e-01
7119(995) (2.79e+00 2.34e+00) XE:2.34e-01 (1.16e+00 1.15e+00 | 5.49e-01 5.46e-01)	4.814200e+00 4.956995e+00 : 8.142662e-01
7132(980) (2.69e+00 2.34e+00) XE:2.34e-01 (1.14e+00 1.15e+00 | 5.65e-01 5.46e-01)	4.814076e+00 4.956943e+00 : 8.142516e-01
7146(1005) (1.96e+00 2.34e+00) XE:2.34e-01 (1.15e+00 1.15e+00 | 5.61e-01 5.46e-01)	4.814158e+00 4.957076e+00 : 8.142695e-01
7160(1004) (2.19e+00 2.34e+00) XE:2.34e-01 (1.16e+00 1.15e+00 | 5.35e-01 5.46e-01)	4.814097e+00 4.957090e+00 : 8.142656e-01
7173(1021) (2.22e+00 2.34e+00) XE:2.34e-01 (1.14e+00 1.15e+00 | 5.47e-01 5.46e-01)	4.814048e+00 4.956855e+00 : 8.142420e-01
7187(1001) (2.60e+00 2.34e+00) XE:2.34e-01 (1.16e+00 1.15e+00 | 5.71e-01 5.46e-01)	4.813968e+00 4.956783e+00 : 8.142292e-01
7200(1001) (2.58e+00 2.34e+00) XE:2.34e-01 (1.15e+00 1.15e+00 | 5.41e-01 5.46e-01)	4.814029e+00 4.956654e+00 : 8.142235e-01
7214(993) (2.59e+00 2.34e+00) XE:2.34e-01 (1.13e+00 1.15e+00 | 5.09e-01 5.46e-01)	4.814011e+00 4.956744e+00 : 8.142297e-01
7228(989) (2.84e+00 2.34e+00) XE:2.34e-01 (1.13e+00 1.15e+00 | 5.43e-01 5.46e-01)	4.813856e+00 4.956566e+00 : 8.142019e-01
7241(1001) (2.32e+00 2.34e+00) XE:2.34e-01 (1.14e+00 1.15e+00 | 5.81e-01 5.46e-01)	4.813968e+00 4.956525e+00 : 8.142077e-01
7255(988) (2.04e+00 2.34e+00) XE:2.34e-01 (1.15e+00 1.15e+00 | 5.65e-01 5.46e-01)	4.814056e+00 4.956615e+00 : 8.142226e-01
7269(970) (2.66e+00 2.34e+00) XE:2.34e-01 (1.14e+00 1.15e+00 | 5.45e-01 5.46e-01)	4.813997e+00 4.956511e+00 : 8.142090e-01
7282(1001) (2.12e+00 2.34e+00) XE:2.34e-01 (1.13e+00 1.15e+00 | 5.13e-01 5.46e-01)	4.813820e+00 4.956491e+00 : 8.141926e-01
7296(1005) (2.61e+00 2.34e+00) XE:2.34e-01 (1.13e+00 1.15e+00 | 5.45e-01 5.46e-01)	4.813692e+00 4.956225e+00 : 8.141597e-01
7310(992) (2.32e+00 2.34e+00) XE:2.34e-01 (1.14e+00 1.15e+00 | 5.51e-01 5.46e-01)	4.813830e+00 4.956231e+00 : 8.141718e-01
7323(996) (2.31e+00 2.34e+00) XE:2.34e-01 (1.14e+00 1.15e+00 | 5.29e-01 5.46e-01)	4.813746e+00 4.956230e+00 : 8.141647e-01
7337(1008) (2.23e+00 2.34e+00) XE:2.34e-01 (1.16e+00 1.15e+00 | 5.89e-01 5.46e-01)	4.813666e+00 4.956089e+00 : 8.141463e-01
7351(974) (2.52e+00 2.34e+00) XE:2.34e-01 (1.17e+00 1.15e+00 | 5.25e-01 5.46e-01)	4.813448e+00 4.955878e+00 : 8.141105e-01
7364(1011) (1.90e+00 2.34e+00) XE:2.34e-01 (1.14e+00 1.15e+00 | 5.71e-01 5.46e-01)	4.813302e+00 4.955862e+00 : 8.140970e-01
7378(992) (1.96e+00 2.34e+00) XE:2.34e-01 (1.13e+00 1.15e+00 | 4.98e-01 5.46e-01)	4.813241e+00 4.955920e+00 : 8.140968e-01
7392(1003) (2.43e+00 2.34e+00) XE:2.34e-01 (1.15e+00 1.15e+00 | 5.33e-01 5.46e-01)	4.813284e+00 4.955913e+00 : 8.140997e-01
7405(983) (2.48e+00 2.34e+00) XE:2.34e-01 (1.14e+00 1.15e+00 | 5.63e-01 5.46e-01)	4.813219e+00 4.956032e+00 : 8.141042e-01
7419(999) (1.76e+00 2.34e+00) XE:2.34e-01 (1.14e+00 1.15e+00 | 5.09e-01 5.46e-01)	4.812551e+00 4.955141e+00 : 8.139744e-01
7433(1011) (2.07e+00 2.34e+00) XE:2.34e-01 (1.18e+00 1.15e+00 | 5.45e-01 5.46e-01)	4.812470e+00 4.955191e+00 : 8.139717e-01
7446(1008) (2.28e+00 2.34e+00) XE:2.34e-01 (1.17e+00 1.15e+00 | 5.35e-01 5.46e-01)	4.812600e+00 4.955142e+00 : 8.139785e-01
7460(1002) (2.09e+00 2.34e+00) XE:2.34e-01 (1.16e+00 1.15e+00 | 5.37e-01 5.46e-01)	4.812531e+00 4.954997e+00 : 8.139607e-01
7474(990) (2.37e+00 2.34e+00) XE:2.34e-01 (1.14e+00 1.15e+00 | 5.25e-01 5.46e-01)	4.812482e+00 4.954987e+00 : 8.139558e-01
7487(997) (2.31e+00 2.34e+00) XE:2.34e-01 (1.13e+00 1.15e+00 | 4.42e-01 5.46e-01)	4.812619e+00 4.955021e+00 : 8.139700e-01
7501(997) (2.25e+00 2.34e+00) XE:2.34e-01 (1.14e+00 1.15e+00 | 5.47e-01 5.46e-01)	4.812636e+00 4.955107e+00 : 8.139786e-01
7515(1003) (2.66e+00 2.34e+00) XE:2.34e-01 (1.14e+00 1.15e+00 | 5.37e-01 5.46e-01)	4.812507e+00 4.955070e+00 : 8.139648e-01
7528(989) (2.54e+00 2.34e+00) XE:2.34e-01 (1.14e+00 1.15e+00 | 5.35e-01 5.46e-01)	4.812337e+00 4.954993e+00 : 8.139442e-01
7542(1007) (1.84e+00 2.34e+00) XE:2.34e-01 (1.14e+00 1.15e+00 | 5.09e-01 5.46e-01)	4.812049e+00 4.954697e+00 : 8.138955e-01
7555(987) (2.62e+00 2.34e+00) XE:2.34e-01 (1.14e+00 1.15e+00 | 5.71e-01 5.46e-01)	4.812165e+00 4.954752e+00 : 8.139098e-01
7569(1010) (2.25e+00 2.34e+00) XE:2.34e-01 (1.14e+00 1.15e+00 | 5.51e-01 5.46e-01)	4.811998e+00 4.954858e+00 : 8.139047e-01
7583(1004) (2.19e+00 2.34e+00) XE:2.34e-01 (1.14e+00 1.15e+00 | 5.37e-01 5.46e-01)	4.811919e+00 4.954807e+00 : 8.138938e-01
7596(1009) (2.15e+00 2.34e+00) XE:2.34e-01 (1.15e+00 1.15e+00 | 5.35e-01 5.46e-01)	4.812049e+00 4.954873e+00 : 8.139101e-01
7610(969) (2.29e+00 2.34e+00) XE:2.34e-01 (1.15e+00 1.15e+00 | 5.79e-01 5.46e-01)	4.811983e+00 4.954846e+00 : 8.139024e-01
7624(998) (2.53e+00 2.34e+00) XE:2.34e-01 (1.16e+00 1.15e+00 | 5.35e-01 5.46e-01)	4.811914e+00 4.954913e+00 : 8.139023e-01
7637(985) (2.55e+00 2.34e+00) XE:2.34e-01 (1.13e+00 1.15e+00 | 5.37e-01 5.46e-01)	4.811910e+00 4.954895e+00 : 8.139004e-01
7651(1009) (2.21e+00 2.34e+00) XE:2.34e-01 (1.15e+00 1.15e+00 | 5.23e-01 5.46e-01)	4.811861e+00 4.954879e+00 : 8.138950e-01
7665(1000) (2.20e+00 2.34e+00) XE:2.34e-01 (1.13e+00 1.15e+00 | 5.41e-01 5.46e-01)	4.811826e+00 4.954813e+00 : 8.138866e-01
7678(988) (2.50e+00 2.34e+00) XE:2.34e-01 (1.17e+00 1.15e+00 | 5.17e-01 5.46e-01)	4.811584e+00 4.954682e+00 : 8.138555e-01
7692(1008) (2.07e+00 2.34e+00) XE:2.34e-01 (1.15e+00 1.15e+00 | 5.95e-01 5.46e-01)	4.811583e+00 4.954566e+00 : 8.138457e-01
7706(1002) (2.43e+00 2.34e+00) XE:2.34e-01 (1.13e+00 1.15e+00 | 5.41e-01 5.46e-01)	4.811708e+00 4.954668e+00 : 8.138646e-01
7719(1006) (2.05e+00 2.34e+00) XE:2.34e-01 (1.12e+00 1.15e+00 | 4.96e-01 5.46e-01)	4.811706e+00 4.954711e+00 : 8.138681e-01
7733(996) (2.56e+00 2.34e+00) XE:2.34e-01 (1.14e+00 1.15e+00 | 5.85e-01 5.46e-01)	4.811600e+00 4.954600e+00 : 8.138500e-01
7747(1007) (2.39e+00 2.34e+00) XE:2.34e-01 (1.15e+00 1.15e+00 | 5.53e-01 5.46e-01)	4.811668e+00 4.954716e+00 : 8.138654e-01
7760(999) (2.21e+00 2.34e+00) XE:2.34e-01 (1.13e+00 1.15e+00 | 5.77e-01 5.46e-01)	4.812026e+00 4.954893e+00 : 8.139099e-01
7774(1005) (2.29e+00 2.34e+00) XE:2.34e-01 (1.11e+00 1.15e+00 | 5.41e-01 5.46e-01)	4.812024e+00 4.954948e+00 : 8.139143e-01
7787(994) (2.09e+00 2.34e+00) XE:2.34e-01 (1.14e+00 1.15e+00 | 5.05e-01 5.46e-01)	4.812009e+00 4.954999e+00 : 8.139174e-01
7801(1007) (2.31e+00 2.34e+00) XE:2.34e-01 (1.14e+00 1.15e+00 | 5.53e-01 5.46e-01)	4.811924e+00 4.955012e+00 : 8.139114e-01
7815(994) (2.72e+00 2.34e+00) XE:2.34e-01 (1.14e+00 1.15e+00 | 5.81e-01 5.46e-01)	4.811810e+00 4.955090e+00 : 8.139084e-01
7828(998) (2.49e+00 2.34e+00) XE:2.34e-01 (1.15e+00 1.15e+00 | 5.43e-01 5.46e-01)	4.811775e+00 4.955052e+00 : 8.139023e-01
7842(1001) (2.77e+00 2.34e+00) XE:2.34e-01 (1.13e+00 1.15e+00 | 5.71e-01 5.46e-01)	4.811672e+00 4.955026e+00 : 8.138916e-01
7856(992) (2.06e+00 2.34e+00) XE:2.34e-01 (1.14e+00 1.15e+00 | 5.83e-01 5.46e-01)	4.811677e+00 4.955008e+00 : 8.138904e-01
7869(1010) (2.47e+00 2.34e+00) XE:2.34e-01 (1.16e+00 1.15e+00 | 5.53e-01 5.46e-01)	4.811600e+00 4.954808e+00 : 8.138673e-01
7883(1000) (2.01e+00 2.34e+00) XE:2.34e-01 (1.14e+00 1.15e+00 | 5.37e-01 5.46e-01)	4.811541e+00 4.954909e+00 : 8.138709e-01
7897(982) (2.64e+00 2.34e+00) XE:2.34e-01 (1.15e+00 1.15e+00 | 5.23e-01 5.46e-01)	4.811641e+00 4.954871e+00 : 8.138759e-01
7910(1011) (1.92e+00 2.34e+00) XE:2.34e-01 (1.15e+00 1.15e+00 | 5.69e-01 5.46e-01)	4.811157e+00 4.954314e+00 : 8.137892e-01
7924(999) (2.68e+00 2.34e+00) XE:2.34e-01 (1.14e+00 1.15e+00 | 5.27e-01 5.46e-01)	4.811088e+00 4.954098e+00 : 8.137655e-01
7937(1011) (2.21e+00 2.34e+00) XE:2.34e-01 (1.13e+00 1.15e+00 | 5.61e-01 5.46e-01)	4.811239e+00 4.954186e+00 : 8.137855e-01
7951(1002) (2.09e+00 2.34e+00) XE:2.34e-01 (1.14e+00 1.15e+00 | 5.11e-01 5.46e-01)	4.811155e+00 4.954076e+00 : 8.137693e-01
7965(987) (2.05e+00 2.34e+00) XE:2.34e-01 (1.14e+00 1.15e+00 | 5.53e-01 5.46e-01)	4.811167e+00 4.954050e+00 : 8.137680e-01
7978(996) (2.69e+00 2.34e+00) XE:2.34e-01 (1.16e+00 1.15e+00 | 5.87e-01 5.46e-01)	4.811231e+00 4.954101e+00 : 8.137777e-01
7992(1009) (2.00e+00 2.34e+00) XE:2.34e-01 (1.18e+00 1.15e+00 | 6.05e-01 5.46e-01)	4.811275e+00 4.953964e+00 : 8.137700e-01
8006(1003) (1.92e+00 2.34e+00) XE:2.34e-01 (1.15e+00 1.15e+00 | 5.33e-01 5.46e-01)	4.811247e+00 4.954108e+00 : 8.137796e-01
8019(1007) (2.29e+00 2.34e+00) XE:2.34e-01 (1.13e+00 1.15e+00 | 5.17e-01 5.46e-01)	4.811247e+00 4.954035e+00 : 8.137735e-01
8033(1000) (2.23e+00 2.34e+00) XE:2.34e-01 (1.17e+00 1.15e+00 | 5.17e-01 5.46e-01)	4.811264e+00 4.953960e+00 : 8.137686e-01
8047(1013) (2.13e+00 2.34e+00) XE:2.34e-01 (1.13e+00 1.15e+00 | 5.07e-01 5.46e-01)	4.811155e+00 4.953861e+00 : 8.137513e-01
8060(997) (2.38e+00 2.34e+00) XE:2.34e-01 (1.14e+00 1.15e+00 | 5.33e-01 5.46e-01)	4.810727e+00 4.953540e+00 : 8.136889e-01
8074(1005) (2.08e+00 2.34e+00) XE:2.34e-01 (1.14e+00 1.15e+00 | 4.96e-01 5.46e-01)	4.810692e+00 4.953483e+00 : 8.136813e-01
8088(1020) (1.78e+00 2.34e+00) XE:2.34e-01 (1.13e+00 1.15e+00 | 6.14e-01 5.46e-01)	4.810647e+00 4.953549e+00 : 8.136831e-01
8101(997) (2.21e+00 2.34e+00) XE:2.34e-01 (1.14e+00 1.15e+00 | 5.21e-01 5.46e-01)	4.810574e+00 4.953595e+00 : 8.136807e-01
8115(1002) (2.30e+00 2.34e+00) XE:2.34e-01 (1.15e+00 1.15e+00 | 5.93e-01 5.46e-01)	4.810679e+00 4.953467e+00 : 8.136788e-01
8129(1002) (1.69e+00 2.34e+00) XE:2.34e-01 (1.14e+00 1.15e+00 | 4.92e-01 5.46e-01)	4.810737e+00 4.953450e+00 : 8.136823e-01
8142(998) (2.41e+00 2.34e+00) XE:2.34e-01 (1.15e+00 1.15e+00 | 5.39e-01 5.46e-01)	4.810836e+00 4.953515e+00 : 8.136959e-01
8156(1006) (2.17e+00 2.34e+00) XE:2.34e-01 (1.16e+00 1.15e+00 | 5.65e-01 5.46e-01)	4.810506e+00 4.953445e+00 : 8.136626e-01
8170(993) (2.21e+00 2.34e+00) XE:2.34e-01 (1.17e+00 1.15e+00 | 5.39e-01 5.46e-01)	4.810416e+00 4.953197e+00 : 8.136345e-01
8183(1022) (2.23e+00 2.34e+00) XE:2.34e-01 (1.14e+00 1.15e+00 | 5.13e-01 5.46e-01)	4.810408e+00 4.953244e+00 : 8.136377e-01
8197(997) (2.31e+00 2.34e+00) XE:2.34e-01 (1.15e+00 1.15e+00 | 5.77e-01 5.46e-01)	4.810464e+00 4.953297e+00 : 8.136468e-01
8211(1007) (2.03e+00 2.34e+00) XE:2.34e-01 (1.15e+00 1.15e+00 | 5.13e-01 5.46e-01)	4.810352e+00 4.953252e+00 : 8.136337e-01
8224(982) (2.25e+00 2.34e+00) XE:2.34e-01 (1.15e+00 1.15e+00 | 5.35e-01 5.46e-01)	4.810437e+00 4.953093e+00 : 8.136276e-01
8238(1016) (2.20e+00 2.34e+00) XE:2.34e-01 (1.15e+00 1.15e+00 | 5.33e-01 5.46e-01)	4.810605e+00 4.953128e+00 : 8.136445e-01
8251(995) (2.46e+00 2.34e+00) XE:2.34e-01 (1.14e+00 1.15e+00 | 5.11e-01 5.46e-01)	4.810527e+00 4.953105e+00 : 8.136360e-01
8265(1005) (2.13e+00 2.34e+00) XE:2.34e-01 (1.16e+00 1.15e+00 | 5.11e-01 5.46e-01)	4.810595e+00 4.953000e+00 : 8.136329e-01
8279(983) (2.28e+00 2.34e+00) XE:2.34e-01 (1.14e+00 1.15e+00 | 5.09e-01 5.46e-01)	4.810498e+00 4.952884e+00 : 8.136152e-01
8292(987) (2.37e+00 2.34e+00) XE:2.34e-01 (1.13e+00 1.15e+00 | 5.49e-01 5.46e-01)	4.810195e+00 4.952857e+00 : 8.135876e-01
8306(1003) (2.09e+00 2.34e+00) XE:2.34e-01 (1.15e+00 1.15e+00 | 5.63e-01 5.46e-01)	4.810205e+00 4.952848e+00 : 8.135878e-01
8320(982) (2.67e+00 2.34e+00) XE:2.34e-01 (1.15e+00 1.15e+00 | 5.51e-01 5.46e-01)	4.810096e+00 4.952792e+00 : 8.135740e-01
8333(1004) (2.21e+00 2.34e+00) XE:2.34e-01 (1.14e+00 1.15e+00 | 5.39e-01 5.46e-01)	4.810045e+00 4.952834e+00 : 8.135733e-01
8347(1001) (2.25e+00 2.34e+00) XE:2.34e-01 (1.16e+00 1.15e+00 | 5.13e-01 5.46e-01)	4.809934e+00 4.952746e+00 : 8.135567e-01
8361(991) (2.49e+00 2.34e+00) XE:2.34e-01 (1.15e+00 1.15e+00 | 5.65e-01 5.46e-01)	4.809862e+00 4.952612e+00 : 8.135395e-01
8374(1012) (2.01e+00 2.34e+00) XE:2.34e-01 (1.13e+00 1.15e+00 | 5.13e-01 5.46e-01)	4.809852e+00 4.952497e+00 : 8.135291e-01
8388(982) (2.65e+00 2.34e+00) XE:2.34e-01 (1.14e+00 1.15e+00 | 5.45e-01 5.46e-01)	4.809928e+00 4.952326e+00 : 8.135211e-01
8402(982) (3.01e+00 2.34e+00) XE:2.34e-01 (1.14e+00 1.15e+00 | 5.37e-01 5.46e-01)	4.809963e+00 4.952259e+00 : 8.135185e-01
8415(991) (2.84e+00 2.34e+00) XE:2.34e-01 (1.17e+00 1.15e+00 | 5.59e-01 5.46e-01)	4.809941e+00 4.952224e+00 : 8.135137e-01
8429(1014) (2.52e+00 2.34e+00) XE:2.34e-01 (1.15e+00 1.15e+00 | 5.29e-01 5.46e-01)	4.809823e+00 4.952174e+00 : 8.134998e-01
8443(1001) (2.04e+00 2.34e+00) XE:2.34e-01 (1.15e+00 1.15e+00 | 5.29e-01 5.46e-01)	4.809735e+00 4.952177e+00 : 8.134927e-01
8456(984) (2.19e+00 2.34e+00) XE:2.34e-01 (1.14e+00 1.15e+00 | 5.21e-01 5.46e-01)	4.809581e+00 4.952205e+00 : 8.134822e-01
8470(1015) (2.02e+00 2.34e+00) XE:2.34e-01 (1.15e+00 1.15e+00 | 5.63e-01 5.46e-01)	4.809652e+00 4.952221e+00 : 8.134895e-01
8484(1011) (1.91e+00 2.34e+00) XE:2.34e-01 (1.15e+00 1.15e+00 | 5.17e-01 5.46e-01)	4.809512e+00 4.952165e+00 : 8.134731e-01
8497(995) (2.54e+00 2.34e+00) XE:2.34e-01 (1.15e+00 1.15e+00 | 5.51e-01 5.46e-01)	4.809447e+00 4.952249e+00 : 8.134746e-01
8511(1001) (2.29e+00 2.34e+00) XE:2.34e-01 (1.13e+00 1.15e+00 | 4.72e-01 5.46e-01)	4.809424e+00 4.952379e+00 : 8.134836e-01
8525(1006) (2.29e+00 2.34e+00) XE:2.34e-01 (1.14e+00 1.15e+00 | 5.67e-01 5.46e-01)	4.809336e+00 4.952414e+00 : 8.134792e-01
8538(1012) (1.90e+00 2.34e+00) XE:2.34e-01 (1.18e+00 1.15e+00 | 5.69e-01 5.46e-01)	4.809275e+00 4.952422e+00 : 8.134747e-01
8552(990) (2.33e+00 2.34e+00) XE:2.34e-01 (1.16e+00 1.15e+00 | 5.57e-01 5.46e-01)	4.809314e+00 4.952457e+00 : 8.134809e-01
8565(993) (2.29e+00 2.34e+00) XE:2.34e-01 (1.13e+00 1.15e+00 | 5.37e-01 5.46e-01)	4.809366e+00 4.952461e+00 : 8.134856e-01
8579(1001) (2.37e+00 2.34e+00) XE:2.34e-01 (1.14e+00 1.15e+00 | 4.96e-01 5.46e-01)	4.809282e+00 4.952469e+00 : 8.134792e-01
8592(1017) (2.29e+00 2.34e+00) XE:2.34e-01 (1.11e+00 1.15e+00 | 5.23e-01 5.46e-01)	4.809224e+00 4.952476e+00 : 8.134751e-01
8606(1003) (2.14e+00 2.34e+00) XE:2.34e-01 (1.14e+00 1.15e+00 | 5.91e-01 5.46e-01)	4.809295e+00 4.952342e+00 : 8.134698e-01
8620(1001) (2.07e+00 2.34e+00) XE:2.34e-01 (1.15e+00 1.15e+00 | 5.61e-01 5.46e-01)	4.809349e+00 4.952503e+00 : 8.134877e-01
8633(1008) (2.46e+00 2.34e+00) XE:2.34e-01 (1.12e+00 1.15e+00 | 5.19e-01 5.46e-01)	4.809322e+00 4.952540e+00 : 8.134885e-01
8647(1001) (2.39e+00 2.34e+00) XE:2.34e-01 (1.13e+00 1.15e+00 | 5.21e-01 5.46e-01)	4.809198e+00 4.952553e+00 : 8.134792e-01
8661(1002) (2.34e+00 2.34e+00) XE:2.34e-01 (1.13e+00 1.15e+00 | 5.07e-01 5.46e-01)	4.809072e+00 4.952468e+00 : 8.134617e-01
8674(1010) (2.27e+00 2.34e+00) XE:2.34e-01 (1.12e+00 1.15e+00 | 5.53e-01 5.46e-01)	4.809148e+00 4.952448e+00 : 8.134663e-01
8688(1006) (2.61e+00 2.34e+00) XE:2.34e-01 (1.13e+00 1.15e+00 | 5.51e-01 5.46e-01)	4.809198e+00 4.952444e+00 : 8.134702e-01
8702(988) (2.05e+00 2.34e+00) XE:2.34e-01 (1.14e+00 1.15e+00 | 5.17e-01 5.46e-01)	4.809320e+00 4.952413e+00 : 8.134778e-01
8715(1004) (2.03e+00 2.34e+00) XE:2.34e-01 (1.14e+00 1.15e+00 | 6.12e-01 5.46e-01)	4.809442e+00 4.952434e+00 : 8.134897e-01
8729(1006) (2.55e+00 2.34e+00) XE:2.34e-01 (1.14e+00 1.15e+00 | 5.67e-01 5.46e-01)	4.809314e+00 4.952458e+00 : 8.134810e-01
8742(1009) (2.24e+00 2.34e+00) XE:2.34e-01 (1.15e+00 1.15e+00 | 5.47e-01 5.46e-01)	4.809253e+00 4.952497e+00 : 8.134792e-01
8756(986) (2.63e+00 2.34e+00) XE:2.34e-01 (1.14e+00 1.15e+00 | 5.77e-01 5.46e-01)	4.809028e+00 4.952322e+00 : 8.134458e-01
8770(1007) (2.23e+00 2.34e+00) XE:2.34e-01 (1.16e+00 1.15e+00 | 5.65e-01 5.46e-01)	4.808963e+00 4.952153e+00 : 8.134263e-01
8783(1012) (2.44e+00 2.34e+00) XE:2.34e-01 (1.15e+00 1.15e+00 | 5.49e-01 5.46e-01)	4.809050e+00 4.952104e+00 : 8.134295e-01
8797(998) (2.02e+00 2.34e+00) XE:2.34e-01 (1.12e+00 1.15e+00 | 5.57e-01 5.46e-01)	4.809022e+00 4.952188e+00 : 8.134341e-01
8810(1013) (2.18e+00 2.34e+00) XE:2.34e-01 (1.15e+00 1.15e+00 | 5.79e-01 5.46e-01)	4.808974e+00 4.952027e+00 : 8.134168e-01
8824(994) (2.60e+00 2.34e+00) XE:2.34e-01 (1.15e+00 1.15e+00 | 5.87e-01 5.46e-01)	4.808936e+00 4.951951e+00 : 8.134072e-01
8838(1008) (2.57e+00 2.34e+00) XE:2.34e-01 (1.14e+00 1.15e+00 | 6.03e-01 5.46e-01)	4.808930e+00 4.952019e+00 : 8.134124e-01
8851(993) (2.41e+00 2.34e+00) XE:2.34e-01 (1.13e+00 1.15e+00 | 6.24e-01 5.46e-01)	4.808884e+00 4.951941e+00 : 8.134021e-01
8865(989) (2.65e+00 2.34e+00) XE:2.34e-01 (1.15e+00 1.15e+00 | 5.29e-01 5.46e-01)	4.808918e+00 4.951938e+00 : 8.134047e-01
8879(1021) (2.11e+00 2.34e+00) XE:2.34e-01 (1.15e+00 1.15e+00 | 5.75e-01 5.46e-01)	4.808961e+00 4.951828e+00 : 8.133991e-01
8892(992) (2.48e+00 2.34e+00) XE:2.34e-01 (1.16e+00 1.15e+00 | 5.43e-01 5.46e-01)	4.808821e+00 4.951849e+00 : 8.133892e-01
8906(990) (2.25e+00 2.34e+00) XE:2.34e-01 (1.15e+00 1.15e+00 | 5.89e-01 5.46e-01)	4.808699e+00 4.951837e+00 : 8.133779e-01
8920(1003) (2.46e+00 2.34e+00) XE:2.34e-01 (1.16e+00 1.15e+00 | 5.25e-01 5.46e-01)	4.808717e+00 4.951754e+00 : 8.133726e-01
8933(1002) (2.27e+00 2.34e+00) XE:2.34e-01 (1.14e+00 1.15e+00 | 5.49e-01 5.46e-01)	4.808797e+00 4.951799e+00 : 8.133830e-01
8947(996) (2.55e+00 2.34e+00) XE:2.34e-01 (1.16e+00 1.15e+00 | 5.19e-01 5.46e-01)	4.808689e+00 4.951716e+00 : 8.133670e-01
8960(1018) (1.74e+00 2.34e+00) XE:2.34e-01 (1.12e+00 1.15e+00 | 5.23e-01 5.46e-01)	4.808775e+00 4.951739e+00 : 8.133762e-01
8974(987) (2.55e+00 2.34e+00) XE:2.34e-01 (1.16e+00 1.15e+00 | 5.43e-01 5.46e-01)	4.808614e+00 4.951544e+00 : 8.133464e-01
8988(993) (2.10e+00 2.34e+00) XE:2.34e-01 (1.14e+00 1.15e+00 | 6.09e-01 5.46e-01)	4.808719e+00 4.951652e+00 : 8.133643e-01
9001(985) (2.58e+00 2.34e+00) XE:2.34e-01 (1.15e+00 1.15e+00 | 5.45e-01 5.46e-01)	4.808840e+00 4.951537e+00 : 8.133648e-01
9015(998) (2.53e+00 2.34e+00) XE:2.34e-01 (1.16e+00 1.15e+00 | 5.55e-01 5.46e-01)	4.808769e+00 4.951479e+00 : 8.133540e-01
9028(999) (2.28e+00 2.34e+00) XE:2.34e-01 (1.14e+00 1.15e+00 | 5.47e-01 5.46e-01)	4.808798e+00 4.951414e+00 : 8.133510e-01
9042(1004) (1.81e+00 2.34e+00) XE:2.34e-01 (1.13e+00 1.15e+00 | 5.19e-01 5.46e-01)	4.808805e+00 4.951457e+00 : 8.133551e-01
9056(999) (2.50e+00 2.34e+00) XE:2.34e-01 (1.16e+00 1.15e+00 | 5.69e-01 5.46e-01)	4.808356e+00 4.950883e+00 : 8.132699e-01
9069(993) (2.45e+00 2.34e+00) XE:2.34e-01 (1.15e+00 1.15e+00 | 5.53e-01 5.46e-01)	4.808401e+00 4.950899e+00 : 8.132750e-01
9083(1007) (2.64e+00 2.34e+00) XE:2.34e-01 (1.14e+00 1.15e+00 | 5.51e-01 5.46e-01)	4.808295e+00 4.950776e+00 : 8.132559e-01
9096(1023) (2.04e+00 2.34e+00) XE:2.34e-01 (1.14e+00 1.15e+00 | 5.57e-01 5.46e-01)	4.808460e+00 4.950779e+00 : 8.132700e-01
9110(1001) (2.02e+00 2.34e+00) XE:2.34e-01 (1.14e+00 1.15e+00 | 5.39e-01 5.46e-01)	4.808356e+00 4.950725e+00 : 8.132568e-01
9124(1010) (2.21e+00 2.34e+00) XE:2.34e-01 (1.18e+00 1.15e+00 | 6.03e-01 5.46e-01)	4.808369e+00 4.950593e+00 : 8.132469e-01
9137(1009) (2.44e+00 2.34e+00) XE:2.34e-01 (1.15e+00 1.15e+00 | 5.25e-01 5.46e-01)	4.808493e+00 4.950674e+00 : 8.132639e-01
9151(993) (2.44e+00 2.34e+00) XE:2.34e-01 (1.15e+00 1.15e+00 | 6.01e-01 5.46e-01)	4.808677e+00 4.950721e+00 : 8.132832e-01
9164(995) (2.37e+00 2.34e+00) XE:2.34e-01 (1.14e+00 1.15e+00 | 5.45e-01 5.46e-01)	4.808609e+00 4.950721e+00 : 8.132775e-01
9178(1017) (2.02e+00 2.34e+00) XE:2.34e-01 (1.13e+00 1.15e+00 | 5.51e-01 5.46e-01)	4.808450e+00 4.950646e+00 : 8.132580e-01
9192(1008) (2.40e+00 2.34e+00) XE:2.34e-01 (1.12e+00 1.15e+00 | 5.63e-01 5.46e-01)	4.808589e+00 4.950625e+00 : 8.132679e-01
9205(997) (2.30e+00 2.34e+00) XE:2.34e-01 (1.16e+00 1.15e+00 | 5.49e-01 5.46e-01)	4.808511e+00 4.950646e+00 : 8.132631e-01
9219(1007) (2.40e+00 2.34e+00) XE:2.34e-01 (1.14e+00 1.15e+00 | 5.53e-01 5.46e-01)	4.808490e+00 4.950568e+00 : 8.132549e-01
9232(1005) (1.98e+00 2.34e+00) XE:2.34e-01 (1.13e+00 1.15e+00 | 6.18e-01 5.46e-01)	4.808491e+00 4.950471e+00 : 8.132468e-01
9246(997) (2.68e+00 2.34e+00) XE:2.34e-01 (1.15e+00 1.15e+00 | 5.33e-01 5.46e-01)	4.808470e+00 4.950505e+00 : 8.132479e-01
9260(990) (2.85e+00 2.34e+00) XE:2.34e-01 (1.12e+00 1.15e+00 | 5.43e-01 5.46e-01)	4.808538e+00 4.950512e+00 : 8.132541e-01
9273(979) (2.58e+00 2.34e+00) XE:2.34e-01 (1.12e+00 1.15e+00 | 5.19e-01 5.46e-01)	4.808533e+00 4.950561e+00 : 8.132578e-01
9287(984) (2.67e+00 2.34e+00) XE:2.34e-01 (1.15e+00 1.15e+00 | 5.73e-01 5.46e-01)	4.808372e+00 4.950503e+00 : 8.132396e-01
9301(998) (2.11e+00 2.34e+00) XE:2.34e-01 (1.13e+00 1.15e+00 | 5.27e-01 5.46e-01)	4.808396e+00 4.950613e+00 : 8.132508e-01
9314(994) (2.57e+00 2.34e+00) XE:2.34e-01 (1.14e+00 1.15e+00 | 5.21e-01 5.46e-01)	4.808362e+00 4.950452e+00 : 8.132345e-01
9328(999) (1.90e+00 2.34e+00) XE:2.34e-01 (1.12e+00 1.15e+00 | 5.27e-01 5.46e-01)	4.808429e+00 4.950517e+00 : 8.132455e-01
9341(995) (2.46e+00 2.34e+00) XE:2.34e-01 (1.16e+00 1.15e+00 | 5.43e-01 5.46e-01)	4.808420e+00 4.950577e+00 : 8.132497e-01
9355(1014) (1.91e+00 2.34e+00) XE:2.34e-01 (1.16e+00 1.15e+00 | 5.53e-01 5.46e-01)	4.808392e+00 4.950670e+00 : 8.132551e-01
9369(999) (2.25e+00 2.34e+00) XE:2.34e-01 (1.13e+00 1.15e+00 | 5.35e-01 5.46e-01)	4.808417e+00 4.950790e+00 : 8.132673e-01
9382(991) (2.87e+00 2.34e+00) XE:2.34e-01 (1.13e+00 1.15e+00 | 5.19e-01 5.46e-01)	4.808407e+00 4.950802e+00 : 8.132674e-01
9396(995) (2.15e+00 2.34e+00) XE:2.34e-01 (1.14e+00 1.15e+00 | 5.23e-01 5.46e-01)	4.808537e+00 4.950831e+00 : 8.132806e-01
9409(993) (2.06e+00 2.34e+00) XE:2.34e-01 (1.14e+00 1.15e+00 | 5.19e-01 5.46e-01)	4.808549e+00 4.951011e+00 : 8.132967e-01
9423(982) (2.63e+00 2.34e+00) XE:2.34e-01 (1.14e+00 1.15e+00 | 5.45e-01 5.46e-01)	4.808592e+00 4.951049e+00 : 8.133035e-01
9437(1004) (2.06e+00 2.34e+00) XE:2.34e-01 (1.15e+00 1.15e+00 | 5.57e-01 5.46e-01)	4.808528e+00 4.951093e+00 : 8.133018e-01
9450(1004) (2.36e+00 2.34e+00) XE:2.34e-01 (1.15e+00 1.15e+00 | 5.17e-01 5.46e-01)	4.808410e+00 4.951020e+00 : 8.132859e-01
9464(1000) (2.38e+00 2.34e+00) XE:2.34e-01 (1.13e+00 1.15e+00 | 5.41e-01 5.46e-01)	4.808375e+00 4.951041e+00 : 8.132847e-01
9477(998) (2.76e+00 2.34e+00) XE:2.34e-01 (1.14e+00 1.15e+00 | 5.03e-01 5.46e-01)	4.808295e+00 4.950978e+00 : 8.132728e-01
9491(985) (2.35e+00 2.34e+00) XE:2.34e-01 (1.15e+00 1.15e+00 | 5.61e-01 5.46e-01)	4.808284e+00 4.950927e+00 : 8.132676e-01
9505(995) (2.31e+00 2.34e+00) XE:2.34e-01 (1.13e+00 1.15e+00 | 4.96e-01 5.46e-01)	4.808327e+00 4.950950e+00 : 8.132731e-01
9518(997) (2.08e+00 2.34e+00) XE:2.34e-01 (1.16e+00 1.15e+00 | 5.05e-01 5.46e-01)	4.808217e+00 4.951001e+00 : 8.132682e-01
9532(993) (2.43e+00 2.34e+00) XE:2.34e-01 (1.16e+00 1.15e+00 | 5.73e-01 5.46e-01)	4.808155e+00 4.950856e+00 : 8.132509e-01
9546(993) (2.74e+00 2.34e+00) XE:2.34e-01 (1.13e+00 1.15e+00 | 5.97e-01 5.46e-01)	4.808152e+00 4.950768e+00 : 8.132433e-01
9559(1013) (2.39e+00 2.34e+00) XE:2.34e-01 (1.15e+00 1.15e+00 | 6.38e-01 5.46e-01)	4.808221e+00 4.950714e+00 : 8.132447e-01
9573(990) (2.12e+00 2.34e+00) XE:2.34e-01 (1.15e+00 1.15e+00 | 5.31e-01 5.46e-01)	4.808184e+00 4.950633e+00 : 8.132348e-01
9586(988) (2.44e+00 2.34e+00) XE:2.34e-01 (1.15e+00 1.15e+00 | 5.91e-01 5.46e-01)	4.808122e+00 4.950473e+00 : 8.132162e-01
9600(999) (2.18e+00 2.34e+00) XE:2.34e-01 (1.13e+00 1.15e+00 | 5.69e-01 5.46e-01)	4.807936e+00 4.950360e+00 : 8.131913e-01
9614(993) (1.96e+00 2.34e+00) XE:2.34e-01 (1.15e+00 1.15e+00 | 6.26e-01 5.46e-01)	4.807909e+00 4.950409e+00 : 8.131931e-01
9627(1021) (2.17e+00 2.34e+00) XE:2.34e-01 (1.15e+00 1.15e+00 | 5.75e-01 5.46e-01)	4.807958e+00 4.950489e+00 : 8.132039e-01
9641(1008) (2.01e+00 2.34e+00) XE:2.34e-01 (1.14e+00 1.15e+00 | 5.21e-01 5.46e-01)	4.808063e+00 4.950411e+00 : 8.132062e-01
9654(994) (2.65e+00 2.34e+00) XE:2.34e-01 (1.14e+00 1.15e+00 | 5.17e-01 5.46e-01)	4.807951e+00 4.950339e+00 : 8.131908e-01
9668(1014) (2.36e+00 2.34e+00) XE:2.34e-01 (1.14e+00 1.15e+00 | 5.71e-01 5.46e-01)	4.807964e+00 4.950251e+00 : 8.131846e-01
9682(1012) (2.32e+00 2.34e+00) XE:2.34e-01 (1.15e+00 1.15e+00 | 5.51e-01 5.46e-01)	4.807830e+00 4.950207e+00 : 8.131698e-01
9695(998) (2.53e+00 2.34e+00) XE:2.34e-01 (1.14e+00 1.15e+00 | 5.71e-01 5.46e-01)	4.807841e+00 4.950226e+00 : 8.131723e-01
9709(1001) (2.05e+00 2.34e+00) XE:2.34e-01 (1.15e+00 1.15e+00 | 5.37e-01 5.46e-01)	4.807784e+00 4.950192e+00 : 8.131647e-01
9723(986) (2.49e+00 2.34e+00) XE:2.34e-01 (1.14e+00 1.15e+00 | 5.19e-01 5.46e-01)	4.807795e+00 4.950126e+00 : 8.131601e-01
9736(992) (2.55e+00 2.34e+00) XE:2.34e-01 (1.15e+00 1.15e+00 | 5.31e-01 5.46e-01)	4.807741e+00 4.950208e+00 : 8.131624e-01
9750(992) (2.17e+00 2.34e+00) XE:2.34e-01 (1.13e+00 1.15e+00 | 5.71e-01 5.46e-01)	4.807884e+00 4.950185e+00 : 8.131724e-01
9765(1011) (2.18e+00 2.34e+00) XE:2.34e-01 (1.17e+00 1.15e+00 | 5.27e-01 5.46e-01)	4.807840e+00 4.950307e+00 : 8.131789e-01
9782(1016) (1.66e+00 2.34e+00) XE:2.34e-01 (1.13e+00 1.15e+00 | 5.17e-01 5.46e-01)	4.807891e+00 4.950210e+00 : 8.131750e-01
9798(1002) (2.37e+00 2.34e+00) XE:2.34e-01 (1.14e+00 1.15e+00 | 5.49e-01 5.46e-01)	4.807950e+00 4.950240e+00 : 8.131825e-01
9814(992) (2.67e+00 2.34e+00) XE:2.34e-01 (1.15e+00 1.15e+00 | 5.59e-01 5.46e-01)	4.807844e+00 4.950068e+00 : 8.131594e-01
9831(995) (2.40e+00 2.34e+00) XE:2.34e-01 (1.16e+00 1.15e+00 | 5.33e-01 5.46e-01)	4.807989e+00 4.949981e+00 : 8.131642e-01
9847(989) (2.65e+00 2.34e+00) XE:2.34e-01 (1.14e+00 1.15e+00 | 5.25e-01 5.46e-01)	4.808028e+00 4.949968e+00 : 8.131663e-01
9863(1008) (2.63e+00 2.34e+00) XE:2.34e-01 (1.15e+00 1.15e+00 | 5.53e-01 5.46e-01)	4.807967e+00 4.949862e+00 : 8.131524e-01
9880(998) (2.49e+00 2.34e+00) XE:2.34e-01 (1.15e+00 1.15e+00 | 5.41e-01 5.46e-01)	4.808083e+00 4.949929e+00 : 8.131677e-01
9896(1023) (2.17e+00 2.34e+00) XE:2.34e-01 (1.14e+00 1.15e+00 | 5.61e-01 5.46e-01)	4.808004e+00 4.950001e+00 : 8.131671e-01
9912(990) (2.42e+00 2.34e+00) XE:2.34e-01 (1.16e+00 1.15e+00 | 5.29e-01 5.46e-01)	4.807912e+00 4.949956e+00 : 8.131557e-01
9929(982) (2.28e+00 2.34e+00) XE:2.34e-01 (1.16e+00 1.15e+00 | 5.21e-01 5.46e-01)	4.808023e+00 4.950025e+00 : 8.131706e-01
9945(1024) (1.83e+00 2.34e+00) XE:2.34e-01 (1.15e+00 1.15e+00 | 5.81e-01 5.46e-01)	4.807822e+00 4.949987e+00 : 8.131507e-01
9961(993) (2.66e+00 2.34e+00) XE:2.34e-01 (1.14e+00 1.15e+00 | 5.65e-01 5.46e-01)	4.807755e+00 4.949849e+00 : 8.131336e-01
9978(998) (2.02e+00 2.34e+00) XE:2.34e-01 (1.13e+00 1.15e+00 | 5.21e-01 5.46e-01)	4.807182e+00 4.949187e+00 : 8.130308e-01
9994(1006) (2.05e+00 2.34e+00) XE:2.34e-01 (1.17e+00 1.15e+00 | 5.31e-01 5.46e-01)	4.807095e+00 4.949329e+00 : 8.130354e-01
10000(997) (2.50e+00 2.34e+00) XE:2.34e-01 (1.13e+00 1.15e+00 | 5.11e-01 5.46e-01)	4.807032e+00 4.949333e+00 : 8.130303e-01
RL cnt: 0,7462837,1216921,31107,0,0,0,0,0,0,0,0,0,0,0,0,
BL cnt: 0,0,0,0,0,0,25176,0,1302675,0,7254429,0,1302330,0,25390,0,0,0,0,0,0,
4.807032e+00 4.949333e+00 : 8.130303e-01
# InnerCodebook: deleted
# NBIDSchannel: deleted
# Gtable: deleted
# FBalg4: deleted
# StatICB: deleted
