# InnerCodebook: input ICB/ex01//cb.txt
# InnerCodebook: Nu=6 Nu2p=64 numCW=18 FlgUnique=1 FlgInvertible=1 FlgBalanced=1
# InnerCodebook: Rho=3 (ell,Delta)=(10,2) L0=2
# InnerCodebook: Rst01=4 Rst10=13
# CW
# 000:001011 (2,L2,R2) WL:0 0 1 1 2 3  WR:3 3 3 2 2 1  
# 001:001101 (2,L2,R1) WL:0 0 1 2 2 3  WR:3 3 3 2 1 1  
# 002:001110 (3,L2,R1) WL:0 0 1 2 3 3  WR:3 3 3 2 1 0  
# 003:010011 (2,L1,R2) WL:0 1 1 1 2 3  WR:3 3 2 2 2 1  
# 004:010101 (1,L1,R1) WL:0 1 1 2 2 3  WR:3 3 2 2 1 1  
# 005:010110 (2,L1,R1) WL:0 1 1 2 3 3  WR:3 3 2 2 1 0  
# 006:011001 (2,L1,R1) WL:0 1 2 2 2 3  WR:3 3 2 1 1 1  
# 007:011010 (2,L1,R1) WL:0 1 2 2 3 3  WR:3 3 2 1 1 0  
# 008:011100 (3,L1,R2) WL:0 1 2 3 3 3  WR:3 3 2 1 0 0  
# 009:100011 (3,L1,R2) WL:1 1 1 1 2 3  WR:3 2 2 2 2 1  
# 010:100101 (2,L1,R1) WL:1 1 1 2 2 3  WR:3 2 2 2 1 1  
# 011:100110 (2,L1,R1) WL:1 1 1 2 3 3  WR:3 2 2 2 1 0  
# 012:101001 (2,L1,R1) WL:1 1 2 2 2 3  WR:3 2 2 1 1 1  
# 013:101010 (1,L1,R1) WL:1 1 2 2 3 3  WR:3 2 2 1 1 0  
# 014:101100 (2,L1,R2) WL:1 1 2 3 3 3  WR:3 2 2 1 0 0  
# 015:110001 (3,L2,R1) WL:1 2 2 2 2 3  WR:3 2 1 1 1 1  
# 016:110010 (2,L2,R1) WL:1 2 2 2 3 3  WR:3 2 1 1 1 0  
# 017:110100 (2,L2,R2) WL:1 2 2 3 3 3  WR:3 2 1 1 0 0  
# CWL
# 000B:1 000D:1 000E:1 0013:1 0015:1 0016:1 0019:1 001A:1 001C:1 0023:1 
# 0025:1 0026:1 0029:1 002A:1 002C:1 0031:1 0032:1 0034:1 
# CWI
# 000B:000 000D:001 000E:002 0013:003 0015:004 0016:005 0019:006 001A:007 001C:008 0023:009 
# 0025:010 0026:011 0029:012 002A:013 002C:014 0031:015 0032:016 0034:017 
# Q=18 N=50 Nu=6 Nb=300 (Pi,Pd,Ps)=(0.000000e+00,2.000000e-03,0.000000e+00) [0]
# ICB:   ICB/ex01//cb.txt
# Const: ICB/ex01//constraint.txt
# EncCM: ICB/ex01//EncCM.bin
# ChannelMatrix: ICB/ex01//EncCM.bin (18x18)
# IDSchannel: N=300 (Pi,Pd,Ps)=(0.000000e+00,2.000000e-03,0.000000e+00) (Dmin,Dmax)=(-2,0)
# SLFBAdec: Ns=50 (Nu;Nu2min,Nu2max)=(6(64);3,8) Nb=300 Q=18
# SLFBAdec: (Pi,Pd,Ps,Pt)=(0.000000e+00,2.000000e-03,0.000000e+00,9.980000e-01) (Dmin,Dmax:Drng)=(-2,0:3)
# SLFBAdec: generating GD & GX
# SLFBAdec: generating factor graph
# ChannelMatrix: M=18 N=5832
1000 6464/50000 15 1.292800e-01 : 4.141540e+00 4.326307e-01 3.708909e+00
2000 12888/100000 15 1.288800e-01 : 4.142169e+00 4.351098e-01 3.707059e+00
3000 19268/150000 15 1.284533e-01 : 4.142466e+00 4.355372e-01 3.706928e+00
4000 25631/200000 15 1.281550e-01 : 4.142179e+00 4.361099e-01 3.706069e+00
5000 31985/250000 15 1.279400e-01 : 4.142188e+00 4.362356e-01 3.705953e+00
6000 38487/300000 15 1.282900e-01 : 4.142298e+00 4.372826e-01 3.705016e+00
7000 44907/350000 19 1.283057e-01 : 4.142249e+00 4.372626e-01 3.704987e+00
8000 51329/400000 19 1.283225e-01 : 4.142182e+00 4.373327e-01 3.704850e+00
9000 57825/450000 19 1.285000e-01 : 4.142129e+00 4.374890e-01 3.704640e+00
10000 64285/500000 19 1.285700e-01 : 4.142117e+00 4.375350e-01 3.704582e+00
11000 70502/550000 19 1.281855e-01 : 4.142039e+00 4.369336e-01 3.705106e+00
12000 77022/600000 19 1.283700e-01 : 4.141934e+00 4.373903e-01 3.704543e+00
13000 83370/650000 19 1.282615e-01 : 4.141929e+00 4.373303e-01 3.704599e+00
14000 89726/700000 19 1.281800e-01 : 4.141958e+00 4.372602e-01 3.704698e+00
15000 95970/750000 19 1.279600e-01 : 4.142025e+00 4.368782e-01 3.705147e+00
16000 102525/800000 19 1.281562e-01 : 4.142027e+00 4.373390e-01 3.704688e+00
17000 108933/850000 19 1.281565e-01 : 4.141965e+00 4.372800e-01 3.704685e+00
18000 115343/900000 19 1.281589e-01 : 4.141860e+00 4.373921e-01 3.704468e+00
19000 121899/950000 19 1.283147e-01 : 4.141851e+00 4.377210e-01 3.704130e+00
20000 128268/1000000 19 1.282680e-01 : 4.141749e+00 4.375585e-01 3.704191e+00
21000 134646/1050000 19 1.282343e-01 : 4.141828e+00 4.374528e-01 3.704375e+00
22000 141033/1100000 19 1.282118e-01 : 4.141837e+00 4.375499e-01 3.704287e+00
23000 147426/1150000 19 1.281965e-01 : 4.141834e+00 4.375176e-01 3.704317e+00
24000 153954/1200000 19 1.282950e-01 : 4.141794e+00 4.378048e-01 3.703989e+00
25000 160363/1250000 19 1.282904e-01 : 4.141908e+00 4.378294e-01 3.704079e+00
26000 166713/1300000 19 1.282408e-01 : 4.141927e+00 4.377395e-01 3.704187e+00
27000 173100/1350000 19 1.282222e-01 : 4.141889e+00 4.377658e-01 3.704123e+00
28000 179639/1400000 19 1.283136e-01 : 4.141851e+00 4.379027e-01 3.703949e+00
29000 186009/1450000 19 1.282821e-01 : 4.141835e+00 4.378545e-01 3.703981e+00
30000 192484/1500000 19 1.283227e-01 : 4.141752e+00 4.379303e-01 3.703822e+00
31000 198969/1550000 19 1.283671e-01 : 4.141766e+00 4.378938e-01 3.703872e+00
32000 205431/1600000 19 1.283944e-01 : 4.141789e+00 4.380398e-01 3.703749e+00
33000 211893/1650000 19 1.284200e-01 : 4.141780e+00 4.381297e-01 3.703650e+00
34000 218394/1700000 19 1.284671e-01 : 4.141747e+00 4.381637e-01 3.703583e+00
35000 224851/1750000 19 1.284863e-01 : 4.141708e+00 4.381705e-01 3.703537e+00
36000 231211/1800000 19 1.284506e-01 : 4.141732e+00 4.381968e-01 3.703535e+00
37000 237626/1850000 19 1.284465e-01 : 4.141706e+00 4.382119e-01 3.703494e+00
38000 243943/1900000 19 1.283911e-01 : 4.141706e+00 4.380932e-01 3.703613e+00
39000 250309/1950000 19 1.283636e-01 : 4.141739e+00 4.380311e-01 3.703707e+00
40000 256597/2000000 19 1.282985e-01 : 4.141737e+00 4.379135e-01 3.703823e+00
41000 263025/2050000 19 1.283049e-01 : 4.141727e+00 4.379730e-01 3.703754e+00
42000 269426/2100000 19 1.282981e-01 : 4.141743e+00 4.379710e-01 3.703772e+00
43000 276005/2150000 19 1.283744e-01 : 4.141762e+00 4.381914e-01 3.703570e+00
44000 282512/2200000 19 1.284145e-01 : 4.141786e+00 4.382139e-01 3.703572e+00
45000 288702/2250000 19 1.283120e-01 : 4.141797e+00 4.380306e-01 3.703766e+00
46000 295123/2300000 19 1.283143e-01 : 4.141799e+00 4.380270e-01 3.703772e+00
47000 301500/2350000 19 1.282979e-01 : 4.141821e+00 4.380037e-01 3.703817e+00
48000 307947/2400000 19 1.283112e-01 : 4.141853e+00 4.380094e-01 3.703844e+00
49000 314326/2450000 19 1.282963e-01 : 4.141882e+00 4.379586e-01 3.703923e+00
50000 320693/2500000 19 1.282772e-01 : 4.141867e+00 4.379080e-01 3.703959e+00
51000 327103/2550000 19 1.282757e-01 : 4.141884e+00 4.379006e-01 3.703984e+00
52000 333495/2600000 19 1.282673e-01 : 4.141890e+00 4.378772e-01 3.704013e+00
53000 339982/2650000 19 1.282951e-01 : 4.141910e+00 4.379471e-01 3.703963e+00
54000 346438/2700000 19 1.283104e-01 : 4.141887e+00 4.379311e-01 3.703955e+00
55000 352778/2750000 19 1.282829e-01 : 4.141909e+00 4.378284e-01 3.704080e+00
56000 359115/2800000 19 1.282554e-01 : 4.141929e+00 4.377279e-01 3.704201e+00
57000 365556/2850000 19 1.282653e-01 : 4.141939e+00 4.377713e-01 3.704168e+00
58000 372066/2900000 19 1.282986e-01 : 4.141922e+00 4.377831e-01 3.704139e+00
59000 378529/2950000 19 1.283149e-01 : 4.141896e+00 4.378123e-01 3.704083e+00
60000 384859/3000000 19 1.282863e-01 : 4.141908e+00 4.377563e-01 3.704152e+00
61000 391306/3050000 19 1.282970e-01 : 4.141908e+00 4.377685e-01 3.704140e+00
62000 397680/3100000 19 1.282839e-01 : 4.141917e+00 4.377510e-01 3.704166e+00
63000 404163/3150000 19 1.283057e-01 : 4.141911e+00 4.378222e-01 3.704089e+00
64000 410469/3200000 19 1.282716e-01 : 4.141943e+00 4.377333e-01 3.704210e+00
65000 416773/3250000 19 1.282378e-01 : 4.141947e+00 4.377405e-01 3.704207e+00
66000 423161/3300000 19 1.282306e-01 : 4.141956e+00 4.377316e-01 3.704225e+00
67000 429592/3350000 19 1.282364e-01 : 4.141969e+00 4.377224e-01 3.704247e+00
68000 435881/3400000 19 1.282003e-01 : 4.141985e+00 4.376491e-01 3.704336e+00
69000 442404/3450000 19 1.282330e-01 : 4.141977e+00 4.377420e-01 3.704235e+00
70000 448968/3500000 19 1.282766e-01 : 4.141960e+00 4.378806e-01 3.704079e+00
71000 455349/3550000 19 1.282673e-01 : 4.141970e+00 4.379074e-01 3.704062e+00
72000 461734/3600000 19 1.282594e-01 : 4.141956e+00 4.379291e-01 3.704027e+00
73000 468269/3650000 19 1.282929e-01 : 4.141968e+00 4.379912e-01 3.703977e+00
74000 474697/3700000 19 1.282965e-01 : 4.141947e+00 4.380057e-01 3.703941e+00
75000 481088/3750000 19 1.282901e-01 : 4.141986e+00 4.380078e-01 3.703978e+00
76000 487459/3800000 19 1.282787e-01 : 4.141998e+00 4.379957e-01 3.704002e+00
77000 493863/3850000 19 1.282761e-01 : 4.141992e+00 4.380013e-01 3.703991e+00
78000 500282/3900000 19 1.282774e-01 : 4.142005e+00 4.380383e-01 3.703967e+00
79000 506822/3950000 19 1.283094e-01 : 4.142012e+00 4.381363e-01 3.703876e+00
80000 513214/4000000 19 1.283035e-01 : 4.142030e+00 4.381373e-01 3.703892e+00
81000 519751/4050000 19 1.283336e-01 : 4.142009e+00 4.381774e-01 3.703831e+00
82000 526183/4100000 19 1.283373e-01 : 4.142011e+00 4.381890e-01 3.703822e+00
83000 532619/4150000 19 1.283419e-01 : 4.142009e+00 4.382100e-01 3.703799e+00
84000 538931/4200000 19 1.283169e-01 : 4.142018e+00 4.381790e-01 3.703839e+00
85000 545317/4250000 19 1.283099e-01 : 4.142045e+00 4.381505e-01 3.703894e+00
86000 551739/4300000 19 1.283114e-01 : 4.142063e+00 4.381214e-01 3.703941e+00
87000 558160/4350000 19 1.283126e-01 : 4.142072e+00 4.381207e-01 3.703951e+00
88000 564461/4400000 19 1.282866e-01 : 4.142085e+00 4.380738e-01 3.704011e+00
89000 570826/4450000 19 1.282755e-01 : 4.142084e+00 4.380217e-01 3.704063e+00
90000 577341/4500000 19 1.282980e-01 : 4.142109e+00 4.380538e-01 3.704056e+00
91000 583707/4550000 19 1.282873e-01 : 4.142111e+00 4.380131e-01 3.704098e+00
92000 590010/4600000 19 1.282630e-01 : 4.142136e+00 4.379767e-01 3.704159e+00
93000 596502/4650000 19 1.282800e-01 : 4.142138e+00 4.380147e-01 3.704123e+00
94000 602778/4700000 19 1.282506e-01 : 4.142150e+00 4.379653e-01 3.704185e+00
95000 609262/4750000 19 1.282657e-01 : 4.142143e+00 4.380363e-01 3.704107e+00
96000 615640/4800000 19 1.282583e-01 : 4.142142e+00 4.380365e-01 3.704105e+00
97000 622128/4850000 19 1.282738e-01 : 4.142143e+00 4.380630e-01 3.704080e+00
98000 628537/4900000 19 1.282729e-01 : 4.142148e+00 4.380531e-01 3.704095e+00
99000 634874/4950000 19 1.282574e-01 : 4.142164e+00 4.380038e-01 3.704160e+00
100000 641410/5000000 19 1.282820e-01 : 4.142169e+00 4.380370e-01 3.704132e+00
=== 最終統計結果 ===
総シンボル数: 5000000 個
総エラー数: 641410 個
シンボルエラー率: 0.128282 (12.83%)
1ブロック内最大エラー数: 19 個
実行イテレーション数: 100000 回
1イテレーションあたりのシンボル数: 50 個
平均エラー数/イテレーション: 6.41 個
========================
# InnerCodebook: deleted
# ChannelMatrix: deleted
# IDSchannel: deleted
# SLFBAdec: deleted
# ChannelMatrix: deleted
