# InnerCodebook: input ICB/ex01//cb.txt
# InnerCodebook: Nu=6 Nu2p=64 numCW=18 FlgUnique=1 FlgInvertible=1 FlgBalanced=1
# InnerCodebook: Rho=3 (ell,Delta)=(10,2) L0=2
# InnerCodebook: Rst01=4 Rst10=13
# CW
# 000:001011 (2,L2,R2) WL:0 0 1 1 2 3  WR:3 3 3 2 2 1  
# 001:001101 (2,L2,R1) WL:0 0 1 2 2 3  WR:3 3 3 2 1 1  
# 002:001110 (3,L2,R1) WL:0 0 1 2 3 3  WR:3 3 3 2 1 0  
# 003:010011 (2,L1,R2) WL:0 1 1 1 2 3  WR:3 3 2 2 2 1  
# 004:010101 (1,L1,R1) WL:0 1 1 2 2 3  WR:3 3 2 2 1 1  
# 005:010110 (2,L1,R1) WL:0 1 1 2 3 3  WR:3 3 2 2 1 0  
# 006:011001 (2,L1,R1) WL:0 1 2 2 2 3  WR:3 3 2 1 1 1  
# 007:011010 (2,L1,R1) WL:0 1 2 2 3 3  WR:3 3 2 1 1 0  
# 008:011100 (3,L1,R2) WL:0 1 2 3 3 3  WR:3 3 2 1 0 0  
# 009:100011 (3,L1,R2) WL:1 1 1 1 2 3  WR:3 2 2 2 2 1  
# 010:100101 (2,L1,R1) WL:1 1 1 2 2 3  WR:3 2 2 2 1 1  
# 011:100110 (2,L1,R1) WL:1 1 1 2 3 3  WR:3 2 2 2 1 0  
# 012:101001 (2,L1,R1) WL:1 1 2 2 2 3  WR:3 2 2 1 1 1  
# 013:101010 (1,L1,R1) WL:1 1 2 2 3 3  WR:3 2 2 1 1 0  
# 014:101100 (2,L1,R2) WL:1 1 2 3 3 3  WR:3 2 2 1 0 0  
# 015:110001 (3,L2,R1) WL:1 2 2 2 2 3  WR:3 2 1 1 1 1  
# 016:110010 (2,L2,R1) WL:1 2 2 2 3 3  WR:3 2 1 1 1 0  
# 017:110100 (2,L2,R2) WL:1 2 2 3 3 3  WR:3 2 1 1 0 0  
# CWL
# 000B:1 000D:1 000E:1 0013:1 0015:1 0016:1 0019:1 001A:1 001C:1 0023:1 
# 0025:1 0026:1 0029:1 002A:1 002C:1 0031:1 0032:1 0034:1 
# CWI
# 000B:000 000D:001 000E:002 0013:003 0015:004 0016:005 0019:006 001A:007 001C:008 0023:009 
# 0025:010 0026:011 0029:012 002A:013 002C:014 0031:015 0032:016 0034:017 
# Q=18 N=50 Nu=6 Nb=300 (Pi,Pd,Ps)=(8.000000e-03,8.000000e-03,0.000000e+00) [0]
# ICB:   ICB/ex01//cb.txt
# Const: ICB/ex01//constraint.txt
# EncCM: ICB/ex01//EncCM.bin
# ChannelMatrix: ICB/ex01//EncCM.bin (18x18)
# IDSchannel: N=300 (Pi,Pd,Ps)=(8.000000e-03,8.000000e-03,0.000000e+00) (Dmin,Dmax)=(-5,5)
# SLFBAdec: Ns=50 (Nu;Nu2min,Nu2max)=(6(64);3,9) Nb=300 Q=18
# SLFBAdec: (Pi,Pd,Ps,Pt)=(8.000000e-03,8.000000e-03,0.000000e+00,9.840000e-01) (Dmin,Dmax:Drng)=(-5,5:11)
# SLFBAdec: generating GD & GX
# SLFBAdec: generating factor graph
# ChannelMatrix: M=18 N=5832
1000 9981/50000 22 1.996200e-01 : 4.141492e+00 7.920646e-01 3.349427e+00
2000 19726/100000 23 1.972600e-01 : 4.141559e+00 8.017014e-01 3.339858e+00
3000 29646/150000 28 1.976400e-01 : 4.141351e+00 8.144410e-01 3.326910e+00
4000 39346/200000 28 1.967300e-01 : 4.141179e+00 8.176843e-01 3.323495e+00
5000 49329/250000 29 1.973160e-01 : 4.141517e+00 8.239232e-01 3.317594e+00
6000 59091/300000 29 1.969700e-01 : 4.141797e+00 8.261094e-01 3.315688e+00
7000 68956/350000 29 1.970171e-01 : 4.141840e+00 8.284056e-01 3.313434e+00
8000 78918/400000 29 1.972950e-01 : 4.141673e+00 8.308564e-01 3.310817e+00
9000 88665/450000 31 1.970333e-01 : 4.141720e+00 8.315248e-01 3.310196e+00
10000 98465/500000 31 1.969300e-01 : 4.141545e+00 8.327621e-01 3.308783e+00
11000 108365/550000 31 1.970273e-01 : 4.141555e+00 8.345222e-01 3.307033e+00
12000 118203/600000 31 1.970050e-01 : 4.141469e+00 8.351701e-01 3.306299e+00
13000 127981/650000 31 1.968938e-01 : 4.141568e+00 8.360973e-01 3.305470e+00
14000 137776/700000 31 1.968229e-01 : 4.141541e+00 8.365231e-01 3.305018e+00
15000 147616/750000 31 1.968213e-01 : 4.141550e+00 8.371117e-01 3.304438e+00
16000 157674/800000 39 1.970925e-01 : 4.141663e+00 8.389958e-01 3.302668e+00
17000 167468/850000 39 1.970212e-01 : 4.141717e+00 8.395019e-01 3.302215e+00
18000 177211/900000 39 1.969011e-01 : 4.141764e+00 8.397981e-01 3.301966e+00
19000 187057/950000 39 1.969021e-01 : 4.141764e+00 8.399357e-01 3.301828e+00
20000 196861/1000000 39 1.968610e-01 : 4.141840e+00 8.399710e-01 3.301869e+00
21000 206776/1050000 39 1.969295e-01 : 4.141739e+00 8.410898e-01 3.300649e+00
22000 216371/1100000 39 1.967009e-01 : 4.141725e+00 8.405812e-01 3.301144e+00
23000 226177/1150000 39 1.966757e-01 : 4.141815e+00 8.414187e-01 3.300396e+00
24000 235807/1200000 39 1.965058e-01 : 4.141961e+00 8.414823e-01 3.300479e+00
25000 245737/1250000 39 1.965896e-01 : 4.141990e+00 8.418442e-01 3.300146e+00
26000 255491/1300000 39 1.965315e-01 : 4.141996e+00 8.418805e-01 3.300115e+00
27000 265352/1350000 39 1.965570e-01 : 4.141968e+00 8.421801e-01 3.299788e+00
28000 275090/1400000 39 1.964929e-01 : 4.142027e+00 8.421742e-01 3.299853e+00
29000 284914/1450000 39 1.964924e-01 : 4.142018e+00 8.422374e-01 3.299780e+00
30000 294921/1500000 39 1.966140e-01 : 4.141970e+00 8.428635e-01 3.299106e+00
31000 304861/1550000 39 1.966845e-01 : 4.141930e+00 8.434812e-01 3.298449e+00
32000 314667/1600000 39 1.966669e-01 : 4.141911e+00 8.437036e-01 3.298207e+00
33000 324421/1650000 39 1.966188e-01 : 4.141909e+00 8.437716e-01 3.298137e+00
34000 334287/1700000 39 1.966394e-01 : 4.141984e+00 8.438365e-01 3.298148e+00
35000 343862/1750000 39 1.964926e-01 : 4.142010e+00 8.434006e-01 3.298609e+00
36000 353651/1800000 39 1.964728e-01 : 4.142048e+00 8.435358e-01 3.298513e+00
37000 363443/1850000 39 1.964557e-01 : 4.142070e+00 8.437461e-01 3.298324e+00
38000 373184/1900000 39 1.964126e-01 : 4.142131e+00 8.436198e-01 3.298511e+00
39000 383102/1950000 40 1.964626e-01 : 4.142068e+00 8.439549e-01 3.298114e+00
40000 392921/2000000 40 1.964605e-01 : 4.142101e+00 8.441357e-01 3.297965e+00
41000 402702/2050000 40 1.964400e-01 : 4.142068e+00 8.441699e-01 3.297898e+00
42000 412392/2100000 40 1.963771e-01 : 4.141978e+00 8.437947e-01 3.298183e+00
43000 422236/2150000 40 1.963888e-01 : 4.142025e+00 8.439746e-01 3.298051e+00
44000 432106/2200000 40 1.964118e-01 : 4.142041e+00 8.444273e-01 3.297614e+00
45000 442058/2250000 40 1.964702e-01 : 4.142027e+00 8.447170e-01 3.297310e+00
46000 451736/2300000 40 1.964070e-01 : 4.141963e+00 8.444847e-01 3.297478e+00
47000 461654/2350000 40 1.964485e-01 : 4.141973e+00 8.446730e-01 3.297300e+00
48000 471610/2400000 40 1.965042e-01 : 4.141993e+00 8.451533e-01 3.296839e+00
49000 481565/2450000 40 1.965571e-01 : 4.142032e+00 8.454234e-01 3.296609e+00
50000 491469/2500000 40 1.965876e-01 : 4.142056e+00 8.454948e-01 3.296561e+00
51000 501319/2550000 40 1.965957e-01 : 4.142086e+00 8.456949e-01 3.296391e+00
52000 511171/2600000 40 1.966042e-01 : 4.142142e+00 8.460067e-01 3.296135e+00
53000 520934/2650000 40 1.965789e-01 : 4.142119e+00 8.461214e-01 3.295997e+00
54000 530795/2700000 40 1.965907e-01 : 4.142102e+00 8.461194e-01 3.295983e+00
55000 540505/2750000 40 1.965473e-01 : 4.142085e+00 8.460912e-01 3.295994e+00
56000 550197/2800000 40 1.964989e-01 : 4.142116e+00 8.459703e-01 3.296145e+00
57000 559842/2850000 40 1.964358e-01 : 4.142130e+00 8.458681e-01 3.296262e+00
58000 569664/2900000 40 1.964359e-01 : 4.142135e+00 8.457885e-01 3.296347e+00
59000 579284/2950000 40 1.963675e-01 : 4.142144e+00 8.456006e-01 3.296544e+00
60000 589160/3000000 40 1.963867e-01 : 4.142128e+00 8.456336e-01 3.296495e+00
61000 598886/3050000 40 1.963561e-01 : 4.142153e+00 8.455739e-01 3.296579e+00
62000 608529/3100000 40 1.962997e-01 : 4.142166e+00 8.453608e-01 3.296805e+00
63000 618508/3150000 40 1.963517e-01 : 4.142157e+00 8.455677e-01 3.296590e+00
64000 628564/3200000 40 1.964262e-01 : 4.142166e+00 8.460870e-01 3.296079e+00
65000 638104/3250000 40 1.963397e-01 : 4.142170e+00 8.458613e-01 3.296309e+00
66000 647958/3300000 40 1.963509e-01 : 4.142162e+00 8.458223e-01 3.296339e+00
67000 657734/3350000 40 1.963385e-01 : 4.142152e+00 8.456875e-01 3.296464e+00
68000 667413/3400000 46 1.962979e-01 : 4.142147e+00 8.455944e-01 3.296553e+00
69000 677219/3450000 46 1.962954e-01 : 4.142141e+00 8.456263e-01 3.296515e+00
70000 686843/3500000 46 1.962409e-01 : 4.142120e+00 8.454917e-01 3.296629e+00
71000 696444/3550000 46 1.961814e-01 : 4.142117e+00 8.452779e-01 3.296839e+00
72000 706028/3600000 46 1.961189e-01 : 4.142138e+00 8.451142e-01 3.297024e+00
73000 715853/3650000 46 1.961241e-01 : 4.142159e+00 8.450161e-01 3.297142e+00
74000 725681/3700000 46 1.961300e-01 : 4.142149e+00 8.449965e-01 3.297152e+00
75000 735637/3750000 46 1.961699e-01 : 4.142164e+00 8.452555e-01 3.296908e+00
76000 745563/3800000 46 1.962008e-01 : 4.142150e+00 8.453599e-01 3.296790e+00
77000 755642/3850000 46 1.962706e-01 : 4.142149e+00 8.457136e-01 3.296435e+00
78000 765530/3900000 46 1.962897e-01 : 4.142140e+00 8.458097e-01 3.296330e+00
79000 775275/3950000 46 1.962722e-01 : 4.142166e+00 8.458032e-01 3.296362e+00
80000 785151/4000000 46 1.962878e-01 : 4.142178e+00 8.458626e-01 3.296316e+00
81000 795033/4050000 46 1.963044e-01 : 4.142181e+00 8.459985e-01 3.296182e+00
82000 804969/4100000 46 1.963339e-01 : 4.142155e+00 8.461110e-01 3.296044e+00
83000 814583/4150000 46 1.962851e-01 : 4.142140e+00 8.460727e-01 3.296067e+00
84000 824294/4200000 46 1.962605e-01 : 4.142144e+00 8.461492e-01 3.295995e+00
85000 834098/4250000 46 1.962584e-01 : 4.142171e+00 8.462034e-01 3.295967e+00
86000 843931/4300000 46 1.962630e-01 : 4.142187e+00 8.462418e-01 3.295945e+00
87000 853741/4350000 46 1.962623e-01 : 4.142216e+00 8.462727e-01 3.295943e+00
88000 863495/4400000 46 1.962489e-01 : 4.142206e+00 8.463517e-01 3.295854e+00
89000 873245/4450000 46 1.962348e-01 : 4.142199e+00 8.464325e-01 3.295766e+00
90000 883078/4500000 46 1.962396e-01 : 4.142196e+00 8.465113e-01 3.295685e+00
91000 892931/4550000 46 1.962486e-01 : 4.142182e+00 8.465410e-01 3.295641e+00
92000 902648/4600000 46 1.962278e-01 : 4.142172e+00 8.465020e-01 3.295670e+00
93000 912396/4650000 46 1.962142e-01 : 4.142158e+00 8.464446e-01 3.295714e+00
94000 922234/4700000 46 1.962200e-01 : 4.142154e+00 8.465334e-01 3.295621e+00
95000 931987/4750000 46 1.962078e-01 : 4.142166e+00 8.464821e-01 3.295684e+00
96000 941997/4800000 46 1.962494e-01 : 4.142152e+00 8.467129e-01 3.295439e+00
97000 951859/4850000 46 1.962596e-01 : 4.142141e+00 8.467513e-01 3.295389e+00
98000 961408/4900000 46 1.962057e-01 : 4.142170e+00 8.466330e-01 3.295537e+00
99000 971292/4950000 46 1.962206e-01 : 4.142169e+00 8.466477e-01 3.295521e+00
100000 981188/5000000 46 1.962376e-01 : 4.142162e+00 8.467518e-01 3.295410e+00
=== 最終統計結果 ===
総シンボル数: 5000000 個
総エラー数: 981188 個
シンボルエラー率: 0.196238 (19.62%)
1ブロック内最大エラー数: 46 個
実行イテレーション数: 100000 回
1イテレーションあたりのシンボル数: 50 個
平均エラー数/イテレーション: 9.81 個
========================
# InnerCodebook: deleted
# ChannelMatrix: deleted
# IDSchannel: deleted
# SLFBAdec: deleted
# ChannelMatrix: deleted
