# InnerCodebook: input ICB/ex01//cb.txt
# InnerCodebook: Nu=6 Nu2p=64 numCW=18 FlgUnique=1 FlgInvertible=1 FlgBalanced=1
# InnerCodebook: Rho=3 (ell,Delta)=(10,2) L0=2
# InnerCodebook: Rst01=4 Rst10=13
# CW
# 000:001011 (2,L2,R2) WL:0 0 1 1 2 3  WR:3 3 3 2 2 1  
# 001:001101 (2,L2,R1) WL:0 0 1 2 2 3  WR:3 3 3 2 1 1  
# 002:001110 (3,L2,R1) WL:0 0 1 2 3 3  WR:3 3 3 2 1 0  
# 003:010011 (2,L1,R2) WL:0 1 1 1 2 3  WR:3 3 2 2 2 1  
# 004:010101 (1,L1,R1) WL:0 1 1 2 2 3  WR:3 3 2 2 1 1  
# 005:010110 (2,L1,R1) WL:0 1 1 2 3 3  WR:3 3 2 2 1 0  
# 006:011001 (2,L1,R1) WL:0 1 2 2 2 3  WR:3 3 2 1 1 1  
# 007:011010 (2,L1,R1) WL:0 1 2 2 3 3  WR:3 3 2 1 1 0  
# 008:011100 (3,L1,R2) WL:0 1 2 3 3 3  WR:3 3 2 1 0 0  
# 009:100011 (3,L1,R2) WL:1 1 1 1 2 3  WR:3 2 2 2 2 1  
# 010:100101 (2,L1,R1) WL:1 1 1 2 2 3  WR:3 2 2 2 1 1  
# 011:100110 (2,L1,R1) WL:1 1 1 2 3 3  WR:3 2 2 2 1 0  
# 012:101001 (2,L1,R1) WL:1 1 2 2 2 3  WR:3 2 2 1 1 1  
# 013:101010 (1,L1,R1) WL:1 1 2 2 3 3  WR:3 2 2 1 1 0  
# 014:101100 (2,L1,R2) WL:1 1 2 3 3 3  WR:3 2 2 1 0 0  
# 015:110001 (3,L2,R1) WL:1 2 2 2 2 3  WR:3 2 1 1 1 1  
# 016:110010 (2,L2,R1) WL:1 2 2 2 3 3  WR:3 2 1 1 1 0  
# 017:110100 (2,L2,R2) WL:1 2 2 3 3 3  WR:3 2 1 1 0 0  
# CWL
# 000B:1 000D:1 000E:1 0013:1 0015:1 0016:1 0019:1 001A:1 001C:1 0023:1 
# 0025:1 0026:1 0029:1 002A:1 002C:1 0031:1 0032:1 0034:1 
# CWI
# 000B:000 000D:001 000E:002 0013:003 0015:004 0016:005 0019:006 001A:007 001C:008 0023:009 
# 0025:010 0026:011 0029:012 002A:013 002C:014 0031:015 0032:016 0034:017 
# Q=18 N=50 Nu=6 Nb=300 (Pi,Pd,Ps)=(3.000000e-03,3.000000e-03,0.000000e+00) [0]
# ICB:   ICB/ex01//cb.txt
# Const: ICB/ex01//constraint.txt
# EncCM: ICB/ex01//EncCM.bin
# ChannelMatrix: ICB/ex01//EncCM.bin (18x18)
# IDSchannel: N=300 (Pi,Pd,Ps)=(3.000000e-03,3.000000e-03,0.000000e+00) (Dmin,Dmax)=(-2,2)
# SLFBAdec: Ns=50 (Nu;Nu2min,Nu2max)=(6(64);3,9) Nb=300 Q=18
# SLFBAdec: (Pi,Pd,Ps,Pt)=(3.000000e-03,3.000000e-03,0.000000e+00,9.940000e-01) (Dmin,Dmax:Drng)=(-2,2:5)
# SLFBAdec: generating GD & GX
# SLFBAdec: generating factor graph
# ChannelMatrix: M=18 N=5832
1000 7217/50000 19 1.443400e-01 : 4.142482e+00 5.378737e-01 3.604608e+00
2000 14530/100000 20 1.453000e-01 : 4.142480e+00 5.515979e-01 3.590882e+00
3000 21776/150000 20 1.451733e-01 : 4.142442e+00 5.557829e-01 3.586659e+00
4000 29070/200000 20 1.453500e-01 : 4.142651e+00 5.572967e-01 3.585354e+00
5000 36447/250000 20 1.457880e-01 : 4.141877e+00 5.590795e-01 3.582797e+00
6000 43662/300000 20 1.455400e-01 : 4.141892e+00 5.580725e-01 3.583820e+00
7000 50903/350000 21 1.454371e-01 : 4.142222e+00 5.589042e-01 3.583318e+00
8000 58184/400000 21 1.454600e-01 : 4.142327e+00 5.587202e-01 3.583607e+00
9000 65220/450000 21 1.449333e-01 : 4.142310e+00 5.578751e-01 3.584434e+00
10000 72388/500000 21 1.447760e-01 : 4.142411e+00 5.577530e-01 3.584658e+00
11000 79451/550000 21 1.444564e-01 : 4.142583e+00 5.573051e-01 3.585278e+00
12000 86747/600000 21 1.445783e-01 : 4.142488e+00 5.573561e-01 3.585131e+00
13000 93903/650000 21 1.444662e-01 : 4.142517e+00 5.575994e-01 3.584917e+00
14000 101225/700000 21 1.446071e-01 : 4.142458e+00 5.576765e-01 3.584782e+00
15000 108613/750000 21 1.448173e-01 : 4.142387e+00 5.585988e-01 3.583788e+00
16000 115832/800000 21 1.447900e-01 : 4.142359e+00 5.589206e-01 3.583438e+00
17000 122963/850000 21 1.446624e-01 : 4.142362e+00 5.585267e-01 3.583835e+00
18000 130108/900000 21 1.445644e-01 : 4.142359e+00 5.583261e-01 3.584032e+00
19000 137315/950000 21 1.445421e-01 : 4.142380e+00 5.581092e-01 3.584270e+00
20000 144691/1000000 21 1.446910e-01 : 4.142319e+00 5.587513e-01 3.583567e+00
21000 151985/1050000 21 1.447476e-01 : 4.142244e+00 5.590473e-01 3.583197e+00
22000 159230/1100000 21 1.447545e-01 : 4.142198e+00 5.590893e-01 3.583109e+00
23000 166431/1150000 21 1.447226e-01 : 4.142164e+00 5.592157e-01 3.582949e+00
24000 173501/1200000 21 1.445842e-01 : 4.142267e+00 5.588966e-01 3.583370e+00
25000 180830/1250000 22 1.446640e-01 : 4.142241e+00 5.591920e-01 3.583049e+00
26000 188025/1300000 22 1.446346e-01 : 4.142184e+00 5.593367e-01 3.582847e+00
27000 195298/1350000 22 1.446652e-01 : 4.142167e+00 5.594518e-01 3.582715e+00
28000 202522/1400000 22 1.446586e-01 : 4.142256e+00 5.594916e-01 3.582764e+00
29000 209696/1450000 22 1.446179e-01 : 4.142281e+00 5.594004e-01 3.582880e+00
30000 216889/1500000 22 1.445927e-01 : 4.142322e+00 5.592445e-01 3.583077e+00
31000 224040/1550000 22 1.445419e-01 : 4.142341e+00 5.590925e-01 3.583249e+00
32000 231178/1600000 22 1.444863e-01 : 4.142310e+00 5.591413e-01 3.583169e+00
33000 238278/1650000 22 1.444109e-01 : 4.142316e+00 5.591408e-01 3.583176e+00
34000 245614/1700000 22 1.444788e-01 : 4.142359e+00 5.596753e-01 3.582684e+00
35000 252734/1750000 24 1.444194e-01 : 4.142297e+00 5.594574e-01 3.582839e+00
36000 260061/1800000 24 1.444783e-01 : 4.142360e+00 5.595972e-01 3.582763e+00
37000 267121/1850000 24 1.443897e-01 : 4.142333e+00 5.594761e-01 3.582857e+00
38000 274389/1900000 25 1.444153e-01 : 4.142353e+00 5.596390e-01 3.582714e+00
39000 281573/1950000 25 1.443964e-01 : 4.142323e+00 5.596346e-01 3.582688e+00
40000 288718/2000000 25 1.443590e-01 : 4.142319e+00 5.596211e-01 3.582698e+00
41000 296074/2050000 25 1.444263e-01 : 4.142254e+00 5.597363e-01 3.582518e+00
42000 303384/2100000 25 1.444686e-01 : 4.142244e+00 5.597546e-01 3.582490e+00
43000 310562/2150000 25 1.444474e-01 : 4.142251e+00 5.596906e-01 3.582561e+00
44000 317725/2200000 25 1.444205e-01 : 4.142260e+00 5.598111e-01 3.582449e+00
45000 324905/2250000 25 1.444022e-01 : 4.142223e+00 5.597738e-01 3.582449e+00
46000 332305/2300000 25 1.444804e-01 : 4.142233e+00 5.600988e-01 3.582134e+00
47000 339500/2350000 25 1.444681e-01 : 4.142212e+00 5.600659e-01 3.582146e+00
48000 346821/2400000 25 1.445087e-01 : 4.142225e+00 5.602452e-01 3.581979e+00
49000 354044/2450000 25 1.445078e-01 : 4.142181e+00 5.601739e-01 3.582007e+00
50000 361246/2500000 25 1.444984e-01 : 4.142157e+00 5.602037e-01 3.581954e+00
51000 368390/2550000 25 1.444667e-01 : 4.142206e+00 5.601246e-01 3.582081e+00
52000 375651/2600000 25 1.444812e-01 : 4.142213e+00 5.602040e-01 3.582008e+00
53000 382858/2650000 25 1.444747e-01 : 4.142197e+00 5.602095e-01 3.581987e+00
54000 390100/2700000 25 1.444815e-01 : 4.142182e+00 5.601801e-01 3.582001e+00
55000 397273/2750000 25 1.444629e-01 : 4.142185e+00 5.601089e-01 3.582076e+00
56000 404393/2800000 25 1.444261e-01 : 4.142168e+00 5.599950e-01 3.582172e+00
57000 411625/2850000 25 1.444298e-01 : 4.142150e+00 5.599408e-01 3.582209e+00
58000 418982/2900000 25 1.444766e-01 : 4.142118e+00 5.601274e-01 3.581990e+00
59000 426145/2950000 25 1.444559e-01 : 4.142156e+00 5.602246e-01 3.581931e+00
60000 433401/3000000 25 1.444670e-01 : 4.142172e+00 5.603985e-01 3.581774e+00
61000 440671/3050000 25 1.444823e-01 : 4.142170e+00 5.604796e-01 3.581691e+00
62000 447923/3100000 25 1.444913e-01 : 4.142162e+00 5.605936e-01 3.581568e+00
63000 455270/3150000 25 1.445302e-01 : 4.142188e+00 5.607578e-01 3.581430e+00
64000 462471/3200000 25 1.445222e-01 : 4.142202e+00 5.607619e-01 3.581440e+00
65000 469631/3250000 25 1.445018e-01 : 4.142193e+00 5.607045e-01 3.581489e+00
66000 476742/3300000 25 1.444673e-01 : 4.142211e+00 5.606316e-01 3.581579e+00
67000 484034/3350000 25 1.444878e-01 : 4.142190e+00 5.606951e-01 3.581495e+00
68000 491434/3400000 25 1.445394e-01 : 4.142162e+00 5.607415e-01 3.581420e+00
69000 498609/3450000 25 1.445243e-01 : 4.142174e+00 5.606741e-01 3.581500e+00
70000 505760/3500000 25 1.445029e-01 : 4.142169e+00 5.606228e-01 3.581547e+00
71000 513030/3550000 25 1.445155e-01 : 4.142137e+00 5.606879e-01 3.581449e+00
72000 520337/3600000 25 1.445381e-01 : 4.142106e+00 5.607463e-01 3.581360e+00
73000 527585/3650000 25 1.445438e-01 : 4.142119e+00 5.607643e-01 3.581355e+00
74000 534636/3700000 25 1.444962e-01 : 4.142130e+00 5.606528e-01 3.581477e+00
75000 541829/3750000 25 1.444877e-01 : 4.142121e+00 5.605888e-01 3.581532e+00
76000 549072/3800000 25 1.444926e-01 : 4.142129e+00 5.607170e-01 3.581412e+00
77000 556191/3850000 25 1.444652e-01 : 4.142137e+00 5.606333e-01 3.581504e+00
78000 563458/3900000 25 1.444764e-01 : 4.142145e+00 5.606237e-01 3.581521e+00
79000 570810/3950000 25 1.445089e-01 : 4.142160e+00 5.607805e-01 3.581379e+00
80000 578147/4000000 25 1.445367e-01 : 4.142148e+00 5.608704e-01 3.581278e+00
81000 585262/4050000 25 1.445091e-01 : 4.142144e+00 5.608427e-01 3.581301e+00
82000 592410/4100000 25 1.444902e-01 : 4.142159e+00 5.608407e-01 3.581318e+00
83000 599716/4150000 25 1.445099e-01 : 4.142123e+00 5.609151e-01 3.581208e+00
84000 607060/4200000 25 1.445381e-01 : 4.142125e+00 5.609973e-01 3.581128e+00
85000 614235/4250000 25 1.445259e-01 : 4.142146e+00 5.610118e-01 3.581134e+00
86000 621492/4300000 25 1.445330e-01 : 4.142174e+00 5.610544e-01 3.581119e+00
87000 628585/4350000 25 1.445023e-01 : 4.142190e+00 5.609329e-01 3.581257e+00
88000 635781/4400000 25 1.444957e-01 : 4.142206e+00 5.608826e-01 3.581324e+00
89000 642879/4450000 25 1.444672e-01 : 4.142218e+00 5.608420e-01 3.581376e+00
90000 650114/4500000 25 1.444698e-01 : 4.142213e+00 5.607750e-01 3.581438e+00
91000 657280/4550000 25 1.444571e-01 : 4.142223e+00 5.607595e-01 3.581463e+00
92000 664496/4600000 25 1.444557e-01 : 4.142217e+00 5.608029e-01 3.581414e+00
93000 671588/4650000 25 1.444275e-01 : 4.142229e+00 5.606906e-01 3.581538e+00
94000 678713/4700000 25 1.444070e-01 : 4.142219e+00 5.607134e-01 3.581506e+00
95000 686181/4750000 25 1.444592e-01 : 4.142206e+00 5.608163e-01 3.581390e+00
96000 693410/4800000 25 1.444604e-01 : 4.142199e+00 5.608382e-01 3.581361e+00
97000 700792/4850000 25 1.444932e-01 : 4.142169e+00 5.609026e-01 3.581266e+00
98000 707911/4900000 25 1.444716e-01 : 4.142174e+00 5.608517e-01 3.581323e+00
99000 715119/4950000 25 1.444685e-01 : 4.142171e+00 5.608352e-01 3.581336e+00
100000 722513/5000000 25 1.445026e-01 : 4.142161e+00 5.609282e-01 3.581233e+00
=== 最終統計結果 ===
総シンボル数: 5000000 個
総エラー数: 722513 個
シンボルエラー率: 0.144503 (14.45%)
1ブロック内最大エラー数: 25 個
実行イテレーション数: 100000 回
1イテレーションあたりのシンボル数: 50 個
平均エラー数/イテレーション: 7.23 個
========================
# InnerCodebook: deleted
# ChannelMatrix: deleted
# IDSchannel: deleted
# SLFBAdec: deleted
# ChannelMatrix: deleted
