# InnerCodebook: input ICB/ex01//cb.txt
# InnerCodebook: Nu=6 Nu2p=64 numCW=18 FlgUnique=1 FlgInvertible=1 FlgBalanced=1
# InnerCodebook: Rho=3 (ell,Delta)=(10,2) L0=2
# InnerCodebook: Rst01=4 Rst10=13
# CW
# 000:001011 (2,L2,R2) WL:0 0 1 1 2 3  WR:3 3 3 2 2 1  
# 001:001101 (2,L2,R1) WL:0 0 1 2 2 3  WR:3 3 3 2 1 1  
# 002:001110 (3,L2,R1) WL:0 0 1 2 3 3  WR:3 3 3 2 1 0  
# 003:010011 (2,L1,R2) WL:0 1 1 1 2 3  WR:3 3 2 2 2 1  
# 004:010101 (1,L1,R1) WL:0 1 1 2 2 3  WR:3 3 2 2 1 1  
# 005:010110 (2,L1,R1) WL:0 1 1 2 3 3  WR:3 3 2 2 1 0  
# 006:011001 (2,L1,R1) WL:0 1 2 2 2 3  WR:3 3 2 1 1 1  
# 007:011010 (2,L1,R1) WL:0 1 2 2 3 3  WR:3 3 2 1 1 0  
# 008:011100 (3,L1,R2) WL:0 1 2 3 3 3  WR:3 3 2 1 0 0  
# 009:100011 (3,L1,R2) WL:1 1 1 1 2 3  WR:3 2 2 2 2 1  
# 010:100101 (2,L1,R1) WL:1 1 1 2 2 3  WR:3 2 2 2 1 1  
# 011:100110 (2,L1,R1) WL:1 1 1 2 3 3  WR:3 2 2 2 1 0  
# 012:101001 (2,L1,R1) WL:1 1 2 2 2 3  WR:3 2 2 1 1 1  
# 013:101010 (1,L1,R1) WL:1 1 2 2 3 3  WR:3 2 2 1 1 0  
# 014:101100 (2,L1,R2) WL:1 1 2 3 3 3  WR:3 2 2 1 0 0  
# 015:110001 (3,L2,R1) WL:1 2 2 2 2 3  WR:3 2 1 1 1 1  
# 016:110010 (2,L2,R1) WL:1 2 2 2 3 3  WR:3 2 1 1 1 0  
# 017:110100 (2,L2,R2) WL:1 2 2 3 3 3  WR:3 2 1 1 0 0  
# CWL
# 000B:1 000D:1 000E:1 0013:1 0015:1 0016:1 0019:1 001A:1 001C:1 0023:1 
# 0025:1 0026:1 0029:1 002A:1 002C:1 0031:1 0032:1 0034:1 
# CWI
# 000B:000 000D:001 000E:002 0013:003 0015:004 0016:005 0019:006 001A:007 001C:008 0023:009 
# 0025:010 0026:011 0029:012 002A:013 002C:014 0031:015 0032:016 0034:017 
# Q=18 N=50 Nu=6 Nb=300 (Pi,Pd,Ps)=(4.000000e-03,4.000000e-03,4.000000e-03) [0]
# ICB:   ICB/ex01//cb.txt
# Const: ICB/ex01//constraint.txt
# EncCM: ICB/ex01//EncCM.bin
# ChannelMatrix: ICB/ex01//EncCM.bin (18x18)
# IDSchannel: N=300 (Pi,Pd,Ps)=(4.000000e-03,4.000000e-03,4.000000e-03) (Dmin,Dmax)=(-3,3)
# SLFBAdec: Ns=50 (Nu;Nu2min,Nu2max)=(6(64);3,9) Nb=300 Q=18
# SLFBAdec: (Pi,Pd,Ps,Pt)=(4.000000e-03,4.000000e-03,4.000000e-03,9.920000e-01) (Dmin,Dmax:Drng)=(-3,3:7)
# SLFBAdec: generating GD & GX
# SLFBAdec: generating factor graph
# ChannelMatrix: M=18 N=5832
1000 8599/50000 23 1.719800e-01 : 4.143490e+00 6.717970e-01 3.471693e+00
2000 17208/100000 23 1.720800e-01 : 4.142873e+00 6.857553e-01 3.457117e+00
3000 25948/150000 27 1.729867e-01 : 4.142647e+00 6.944317e-01 3.448216e+00
4000 34581/200000 27 1.729050e-01 : 4.142488e+00 6.956101e-01 3.446878e+00
5000 43290/250000 27 1.731600e-01 : 4.142826e+00 6.990892e-01 3.443737e+00
6000 51854/300000 27 1.728467e-01 : 4.142822e+00 6.989427e-01 3.443879e+00
7000 60420/350000 27 1.726286e-01 : 4.142539e+00 6.993019e-01 3.443237e+00
8000 69141/400000 28 1.728525e-01 : 4.142361e+00 7.022794e-01 3.440082e+00
9000 77756/450000 28 1.727911e-01 : 4.142334e+00 7.029456e-01 3.439388e+00
10000 86482/500000 28 1.729640e-01 : 4.142317e+00 7.049092e-01 3.437408e+00
11000 95105/550000 28 1.729182e-01 : 4.142419e+00 7.058159e-01 3.436603e+00
12000 103747/600000 28 1.729117e-01 : 4.142274e+00 7.061994e-01 3.436075e+00
13000 112355/650000 28 1.728538e-01 : 4.142344e+00 7.072501e-01 3.435093e+00
14000 120887/700000 28 1.726957e-01 : 4.142324e+00 7.073853e-01 3.434938e+00
15000 129515/750000 28 1.726867e-01 : 4.142268e+00 7.079243e-01 3.434344e+00
16000 138134/800000 28 1.726675e-01 : 4.142245e+00 7.082499e-01 3.433995e+00
17000 146726/850000 28 1.726188e-01 : 4.142232e+00 7.087467e-01 3.433485e+00
18000 155258/900000 28 1.725089e-01 : 4.142285e+00 7.090240e-01 3.433260e+00
19000 163877/950000 28 1.725021e-01 : 4.142220e+00 7.090631e-01 3.433157e+00
20000 172466/1000000 28 1.724660e-01 : 4.142173e+00 7.096013e-01 3.432571e+00
21000 180896/1050000 28 1.722819e-01 : 4.142206e+00 7.093793e-01 3.432826e+00
22000 189269/1100000 28 1.720627e-01 : 4.142123e+00 7.088446e-01 3.433279e+00
23000 197968/1150000 28 1.721461e-01 : 4.142134e+00 7.094696e-01 3.432664e+00
24000 206481/1200000 28 1.720675e-01 : 4.142138e+00 7.093155e-01 3.432822e+00
25000 214955/1250000 28 1.719640e-01 : 4.142221e+00 7.088189e-01 3.433402e+00
26000 223597/1300000 28 1.719977e-01 : 4.142269e+00 7.093595e-01 3.432909e+00
27000 232245/1350000 28 1.720333e-01 : 4.142208e+00 7.097517e-01 3.432456e+00
28000 240873/1400000 28 1.720521e-01 : 4.142203e+00 7.101442e-01 3.432058e+00
29000 249436/1450000 28 1.720248e-01 : 4.142194e+00 7.101057e-01 3.432088e+00
30000 257964/1500000 28 1.719760e-01 : 4.142226e+00 7.102930e-01 3.431933e+00
31000 266575/1550000 28 1.719839e-01 : 4.142185e+00 7.103985e-01 3.431786e+00
32000 275104/1600000 28 1.719400e-01 : 4.142275e+00 7.104554e-01 3.431820e+00
33000 283771/1650000 28 1.719824e-01 : 4.142265e+00 7.108642e-01 3.431401e+00
34000 292326/1700000 28 1.719565e-01 : 4.142270e+00 7.108256e-01 3.431444e+00
35000 300920/1750000 28 1.719543e-01 : 4.142337e+00 7.108689e-01 3.431468e+00
36000 309658/1800000 28 1.720322e-01 : 4.142297e+00 7.113394e-01 3.430958e+00
37000 318236/1850000 28 1.720195e-01 : 4.142284e+00 7.115715e-01 3.430712e+00
38000 326931/1900000 28 1.720689e-01 : 4.142267e+00 7.117830e-01 3.430484e+00
39000 335434/1950000 28 1.720174e-01 : 4.142302e+00 7.118877e-01 3.430414e+00
40000 344000/2000000 28 1.720000e-01 : 4.142294e+00 7.122843e-01 3.430009e+00
41000 352593/2050000 28 1.719966e-01 : 4.142279e+00 7.125568e-01 3.429723e+00
42000 361156/2100000 33 1.719790e-01 : 4.142269e+00 7.127834e-01 3.429486e+00
43000 369794/2150000 33 1.719972e-01 : 4.142251e+00 7.131674e-01 3.429083e+00
44000 378484/2200000 33 1.720382e-01 : 4.142254e+00 7.133371e-01 3.428917e+00
45000 386996/2250000 33 1.719982e-01 : 4.142274e+00 7.133125e-01 3.428962e+00
46000 395531/2300000 33 1.719700e-01 : 4.142263e+00 7.131891e-01 3.429074e+00
47000 404180/2350000 33 1.719915e-01 : 4.142256e+00 7.131163e-01 3.429140e+00
48000 412843/2400000 33 1.720179e-01 : 4.142247e+00 7.133129e-01 3.428934e+00
49000 421349/2450000 33 1.719792e-01 : 4.142240e+00 7.131163e-01 3.429124e+00
50000 430053/2500000 33 1.720212e-01 : 4.142250e+00 7.134389e-01 3.428811e+00
51000 438633/2550000 33 1.720129e-01 : 4.142275e+00 7.134853e-01 3.428790e+00
52000 447188/2600000 33 1.719954e-01 : 4.142278e+00 7.135234e-01 3.428754e+00
53000 455715/2650000 33 1.719679e-01 : 4.142249e+00 7.134471e-01 3.428802e+00
54000 464362/2700000 33 1.719859e-01 : 4.142226e+00 7.136338e-01 3.428593e+00
55000 472873/2750000 33 1.719538e-01 : 4.142224e+00 7.136124e-01 3.428612e+00
56000 481326/2800000 33 1.719021e-01 : 4.142227e+00 7.133659e-01 3.428861e+00
57000 489757/2850000 33 1.718446e-01 : 4.142200e+00 7.132570e-01 3.428943e+00
58000 498398/2900000 33 1.718614e-01 : 4.142205e+00 7.134285e-01 3.428776e+00
59000 507158/2950000 33 1.719180e-01 : 4.142171e+00 7.135902e-01 3.428581e+00
60000 515722/3000000 33 1.719073e-01 : 4.142192e+00 7.137332e-01 3.428459e+00
61000 524255/3050000 33 1.718869e-01 : 4.142204e+00 7.137232e-01 3.428481e+00
62000 532787/3100000 33 1.718668e-01 : 4.142226e+00 7.137101e-01 3.428516e+00
63000 541524/3150000 33 1.719124e-01 : 4.142222e+00 7.138577e-01 3.428364e+00
64000 550190/3200000 33 1.719344e-01 : 4.142212e+00 7.140617e-01 3.428150e+00
65000 558744/3250000 33 1.719212e-01 : 4.142254e+00 7.140377e-01 3.428216e+00
66000 567177/3300000 33 1.718718e-01 : 4.142246e+00 7.138206e-01 3.428425e+00
67000 575904/3350000 33 1.719116e-01 : 4.142234e+00 7.138590e-01 3.428375e+00
68000 584448/3400000 33 1.718965e-01 : 4.142230e+00 7.138830e-01 3.428347e+00
69000 593184/3450000 33 1.719374e-01 : 4.142238e+00 7.140548e-01 3.428183e+00
70000 601807/3500000 33 1.719449e-01 : 4.142246e+00 7.140755e-01 3.428171e+00
71000 610402/3550000 33 1.719442e-01 : 4.142274e+00 7.141890e-01 3.428085e+00
72000 618833/3600000 33 1.718981e-01 : 4.142276e+00 7.142298e-01 3.428046e+00
73000 627443/3650000 33 1.719022e-01 : 4.142258e+00 7.141236e-01 3.428134e+00
74000 636203/3700000 33 1.719468e-01 : 4.142261e+00 7.143880e-01 3.427873e+00
75000 644841/3750000 33 1.719576e-01 : 4.142271e+00 7.144244e-01 3.427846e+00
76000 653627/3800000 33 1.720071e-01 : 4.142277e+00 7.146067e-01 3.427671e+00
77000 662218/3850000 33 1.720047e-01 : 4.142291e+00 7.145107e-01 3.427780e+00
78000 670902/3900000 33 1.720262e-01 : 4.142302e+00 7.146528e-01 3.427649e+00
79000 679337/3950000 33 1.719841e-01 : 4.142319e+00 7.147072e-01 3.427612e+00
80000 687986/4000000 33 1.719965e-01 : 4.142327e+00 7.147329e-01 3.427594e+00
81000 696693/4050000 33 1.720230e-01 : 4.142314e+00 7.148066e-01 3.427507e+00
82000 705359/4100000 33 1.720388e-01 : 4.142328e+00 7.148548e-01 3.427473e+00
83000 713949/4150000 33 1.720359e-01 : 4.142315e+00 7.148985e-01 3.427417e+00
84000 722580/4200000 33 1.720429e-01 : 4.142331e+00 7.150273e-01 3.427303e+00
85000 731189/4250000 33 1.720445e-01 : 4.142325e+00 7.152217e-01 3.427103e+00
86000 739856/4300000 33 1.720595e-01 : 4.142341e+00 7.153530e-01 3.426988e+00
87000 748397/4350000 33 1.720453e-01 : 4.142332e+00 7.152619e-01 3.427070e+00
88000 756886/4400000 33 1.720195e-01 : 4.142348e+00 7.151587e-01 3.427189e+00
89000 765515/4450000 33 1.720258e-01 : 4.142364e+00 7.151729e-01 3.427191e+00
90000 774301/4500000 33 1.720669e-01 : 4.142354e+00 7.152746e-01 3.427079e+00
91000 782871/4550000 33 1.720596e-01 : 4.142359e+00 7.152926e-01 3.427067e+00
92000 791484/4600000 33 1.720617e-01 : 4.142373e+00 7.153078e-01 3.427065e+00
93000 800008/4650000 33 1.720447e-01 : 4.142362e+00 7.151916e-01 3.427170e+00
94000 808611/4700000 33 1.720449e-01 : 4.142369e+00 7.152909e-01 3.427078e+00
95000 817418/4750000 33 1.720880e-01 : 4.142338e+00 7.153613e-01 3.426977e+00
96000 826012/4800000 33 1.720858e-01 : 4.142321e+00 7.153252e-01 3.426996e+00
97000 834637/4850000 33 1.720901e-01 : 4.142288e+00 7.152543e-01 3.427034e+00
98000 843321/4900000 33 1.721063e-01 : 4.142271e+00 7.153358e-01 3.426935e+00
99000 851889/4950000 33 1.720988e-01 : 4.142271e+00 7.153285e-01 3.426943e+00
100000 860471/5000000 33 1.720942e-01 : 4.142261e+00 7.153760e-01 3.426885e+00
=== 最終統計結果 ===
総シンボル数: 5000000 個
総エラー数: 860471 個
シンボルエラー率: 0.172094 (17.21%)
1ブロック内最大エラー数: 33 個
実行イテレーション数: 100000 回
1イテレーションあたりのシンボル数: 50 個
平均エラー数/イテレーション: 8.60 個
========================
# InnerCodebook: deleted
# ChannelMatrix: deleted
# IDSchannel: deleted
# SLFBAdec: deleted
# ChannelMatrix: deleted
