# (Pid,Ps)=(3.000000e-02,1.000000e-03) Nseg=500 WinSize=10 [0]
# InnerCB: ICB/marker/6_2_2.bin
# Gtable:  Gtable/2/030_001.bin
# InnerCodebook: beta=2(16) nu=4
# InnerCodebook: B(B2p)=4(16) 4(16) 4(16) 0(1) 
# InnerCodebook: checked CWM, EncMap, DecMap
# beta=2(16) nu=4 N=1000 Dmax=35
# B=4,4,4,0,
# NBIDSchannel: N=1000 Q=4 Dmax=35 (Pid,Ps)=(3.000000e-02,1.000000e-03)
# FBalg4: Nseg=500 Dmax=35(w=71)
# FBalg4: Gtable: Gtable/2/030_001.bin
# Gtable: beta=2 (Pid,Ps,Ptrn)=(3.000000e-02,1.000000e-03,9.400000e-01) Pth=1.000000e-10
# Gtable: beta4p=16 beta4pp=256
# Gtable::Gtable len=0 cnt=16
# Gtable::Gtable len=1 cnt=64
# Gtable::Gtable len=2 cnt=256
# Gtable::Gtable len=3 cnt=700
# Gtable::Gtable len=4 cnt=208
# FBalg4: beta=2(16) (Pid,Ps)=(3.000000e-02,1.000000e-03) Pth=1.000000e-10 N=1000
# StatICB: nu=4 beta=2 beta4p=16 Bsum=12 HdThNum=20 HdThStep=5.00e-02
# StatICB: B=4,4,4,0,
# StatICB: HdThList 9.50e-01,9.00e-01,8.50e-01,8.00e-01,7.50e-01,7.00e-01,6.50e-01,6.00e-01,5.50e-01,5.00e-01,4.50e-01,4.00e-01,3.50e-01,3.00e-01,2.50e-01,2.00e-01,1.50e-01,1.00e-01,5.00e-02,1.00e-10,
0657(996) (7.67e-01 6.98e-01) XE:1.75e-01 (1.27e+00 1.28e+00 | 2.08e+00 2.15e+00)
1328(993) (8.64e-01 6.97e-01) XE:1.74e-01 (1.27e+00 1.28e+00 | 2.38e+00 2.16e+00)
1999(1000) (6.58e-01 7.01e-01) XE:1.75e-01 (1.28e+00 1.28e+00 | 2.01e+00 2.15e+00)
2670(988) (8.11e-01 7.00e-01) XE:1.75e-01 (1.31e+00 1.28e+00 | 2.40e+00 2.15e+00)
3342(997) (6.50e-01 7.00e-01) XE:1.75e-01 (1.28e+00 1.28e+00 | 2.23e+00 2.15e+00)
4013(986) (8.00e-01 7.00e-01) XE:1.75e-01 (1.24e+00 1.28e+00 | 2.04e+00 2.15e+00)
4685(998) (8.00e-01 7.00e-01) XE:1.75e-01 (1.30e+00 1.28e+00 | 2.26e+00 2.15e+00)
5356(997) (8.54e-01 7.00e-01) XE:1.75e-01 (1.26e+00 1.28e+00 | 2.16e+00 2.15e+00)
6027(1009) (7.64e-01 6.99e-01) XE:1.75e-01 (1.26e+00 1.28e+00 | 2.14e+00 2.15e+00)
6697(1002) (6.37e-01 6.98e-01) XE:1.75e-01 (1.30e+00 1.28e+00 | 2.10e+00 2.15e+00)
7368(996) (6.71e-01 6.98e-01) XE:1.74e-01 (1.27e+00 1.28e+00 | 2.01e+00 2.15e+00)
8039(1007) (6.72e-01 6.98e-01) XE:1.75e-01 (1.25e+00 1.28e+00 | 2.15e+00 2.15e+00)
8718(1006) (6.94e-01 6.98e-01) XE:1.74e-01 (1.24e+00 1.28e+00 | 2.01e+00 2.15e+00)
9421(1001) (7.70e-01 6.98e-01) XE:1.74e-01 (1.26e+00 1.28e+00 | 2.14e+00 2.15e+00)
10000(994) (7.63e-01 6.98e-01) XE:1.74e-01 (1.29e+00 1.28e+00 | 2.02e+00 2.15e+00)
RL cnt: 0,6087701,1346961,292080,62308,12884,2396,587,0,0,0,0,0,0,0,0,
BL cnt: 0,0,33720,0,289566,0,1061710,0,2184658,0,2760936,0,2190243,0,1065315,0,289821,0,34031,0,0,
[00] Th=9.500000e-01: 2.704646e+00 2.405661e+00 2.703603e+00 0.000000e+00 : 6.511591e-01
[01] Th=9.000000e-01: 2.842513e+00 2.681740e+00 2.842704e+00 0.000000e+00 : 6.972465e-01
[02] Th=8.500000e-01: 2.865494e+00 2.702172e+00 2.865131e+00 0.000000e+00 : 7.027331e-01
[03] Th=8.000000e-01: 2.882262e+00 2.712383e+00 2.881586e+00 0.000000e+00 : 7.063526e-01
[04] Th=7.500000e-01: 2.910116e+00 2.738497e+00 2.909874e+00 0.000000e+00 : 7.132072e-01
[05] Th=7.000000e-01: 2.992986e+00 2.769769e+00 2.991079e+00 0.000000e+00 : 7.294862e-01
[06] Th=6.500000e-01: 3.193711e+00 2.834804e+00 3.193808e+00 0.000000e+00 : 7.685270e-01
[07] Th=6.000000e-01: 3.205402e+00 2.843046e+00 3.205310e+00 0.000000e+00 : 7.711465e-01
[08] Th=5.500000e-01: 3.212742e+00 2.854690e+00 3.212664e+00 0.000000e+00 : 7.733413e-01
[09] Th=5.000000e-01: 3.237642e+00 2.859094e+00 3.237671e+00 0.000000e+00 : 7.778672e-01
[10] Th=4.500000e-01: 3.242214e+00 2.880187e+00 3.242335e+00 0.000000e+00 : 7.803946e-01
[11] Th=4.000000e-01: 3.242041e+00 2.912331e+00 3.242228e+00 0.000000e+00 : 7.830500e-01
[12] Th=3.500000e-01: 3.241444e+00 2.903614e+00 3.241787e+00 0.000000e+00 : 7.822371e-01
[13] Th=3.000000e-01: 3.241172e+00 2.901626e+00 3.241294e+00 0.000000e+00 : 7.820077e-01
[14] Th=2.500000e-01: 3.240967e+00 2.900478e+00 3.241017e+00 0.000000e+00 : 7.818719e-01
[15] Th=2.000000e-01: 3.240867e+00 2.900074e+00 3.240889e+00 0.000000e+00 : 7.818191e-01
[16] Th=1.500000e-01: 3.240831e+00 2.899919e+00 3.240871e+00 0.000000e+00 : 7.818017e-01
[17] Th=1.000000e-01: 3.240831e+00 2.899919e+00 3.240871e+00 0.000000e+00 : 7.818017e-01
[18] Th=5.000000e-02: 3.240831e+00 2.899919e+00 3.240871e+00 0.000000e+00 : 7.818017e-01
[19] Th=1.000000e-10: 3.240831e+00 2.899919e+00 3.240871e+00 0.000000e+00 : 7.818017e-01
# InnerCodebook: deleted
# NBIDSchannel: deleted
# Gtable: deleted
# FBalg4: deleted
# StatICB: deleted
