# (Pid,Ps)=(5.000000e-02,1.000000e-02) Nseg=500 WinSize=10 [0]
# InnerCB: ICB/marker/6_2_2.bin
# Gtable:  Gtable/2/050_010.bin
# InnerCodebook: beta=2(16) nu=4
# InnerCodebook: B(B2p)=4(16) 4(16) 4(16) 0(1) 
# InnerCodebook: checked CWM, EncMap, DecMap
# beta=2(16) nu=4 N=1000 Dmax=55
# B=4,4,4,0,
# NBIDSchannel: N=1000 Q=4 Dmax=55 (Pid,Ps)=(5.000000e-02,1.000000e-02)
# FBalg4: Nseg=500 Dmax=55(w=111)
# FBalg4: Gtable: Gtable/2/050_010.bin
# Gtable: beta=2 (Pid,Ps,Ptrn)=(5.000000e-02,1.000000e-02,9.000000e-01) Pth=1.000000e-10
# Gtable: beta4p=16 beta4pp=256
# Gtable::Gtable len=0 cnt=16
# Gtable::Gtable len=1 cnt=64
# Gtable::Gtable len=2 cnt=256
# Gtable::Gtable len=3 cnt=1024
# Gtable::Gtable len=4 cnt=1072
# FBalg4: beta=2(16) (Pid,Ps)=(5.000000e-02,1.000000e-02) Pth=1.000000e-10 N=1000
# StatICB: nu=4 beta=2 beta4p=16 Bsum=12 HdThNum=20 HdThStep=5.00e-02
# StatICB: B=4,4,4,0,
# StatICB: HdThList 9.50e-01,9.00e-01,8.50e-01,8.00e-01,7.50e-01,7.00e-01,6.50e-01,6.00e-01,5.50e-01,5.00e-01,4.50e-01,4.00e-01,3.50e-01,3.00e-01,2.50e-01,2.00e-01,1.50e-01,1.00e-01,5.00e-02,1.00e-10,
0352(997) (1.13e+00 1.26e+00) XE:3.15e-01 (1.25e+00 1.28e+00 | 2.13e+00 2.15e+00)
0723(1019) (1.08e+00 1.27e+00) XE:3.17e-01 (1.26e+00 1.28e+00 | 2.03e+00 2.15e+00)
1094(995) (1.20e+00 1.28e+00) XE:3.20e-01 (1.27e+00 1.28e+00 | 2.04e+00 2.15e+00)
1464(1018) (1.04e+00 1.28e+00) XE:3.20e-01 (1.30e+00 1.28e+00 | 2.32e+00 2.15e+00)
1835(985) (1.11e+00 1.28e+00) XE:3.19e-01 (1.26e+00 1.28e+00 | 2.36e+00 2.15e+00)
2206(1010) (1.18e+00 1.27e+00) XE:3.18e-01 (1.27e+00 1.28e+00 | 2.20e+00 2.15e+00)
2577(993) (1.27e+00 1.27e+00) XE:3.18e-01 (1.29e+00 1.28e+00 | 2.26e+00 2.15e+00)
2948(1016) (1.25e+00 1.27e+00) XE:3.18e-01 (1.29e+00 1.28e+00 | 2.31e+00 2.15e+00)
3319(1017) (1.28e+00 1.27e+00) XE:3.18e-01 (1.28e+00 1.28e+00 | 2.36e+00 2.15e+00)
3690(988) (1.50e+00 1.27e+00) XE:3.17e-01 (1.25e+00 1.28e+00 | 2.13e+00 2.15e+00)
4061(983) (1.85e+00 1.27e+00) XE:3.17e-01 (1.24e+00 1.28e+00 | 2.13e+00 2.15e+00)
4432(994) (1.31e+00 1.27e+00) XE:3.17e-01 (1.27e+00 1.28e+00 | 1.81e+00 2.15e+00)
4802(1017) (1.18e+00 1.27e+00) XE:3.17e-01 (1.31e+00 1.28e+00 | 2.24e+00 2.15e+00)
5173(1004) (1.16e+00 1.27e+00) XE:3.16e-01 (1.25e+00 1.28e+00 | 2.00e+00 2.15e+00)
5544(998) (1.16e+00 1.26e+00) XE:3.16e-01 (1.32e+00 1.28e+00 | 1.95e+00 2.15e+00)
5915(983) (1.30e+00 1.26e+00) XE:3.16e-01 (1.28e+00 1.28e+00 | 2.03e+00 2.15e+00)
6286(1008) (1.16e+00 1.26e+00) XE:3.16e-01 (1.26e+00 1.28e+00 | 2.29e+00 2.15e+00)
6657(989) (1.55e+00 1.26e+00) XE:3.16e-01 (1.29e+00 1.28e+00 | 2.38e+00 2.15e+00)
7028(1004) (1.18e+00 1.26e+00) XE:3.15e-01 (1.28e+00 1.28e+00 | 2.39e+00 2.15e+00)
7399(986) (1.72e+00 1.26e+00) XE:3.15e-01 (1.29e+00 1.28e+00 | 1.98e+00 2.15e+00)
7770(1000) (1.19e+00 1.26e+00) XE:3.16e-01 (1.26e+00 1.28e+00 | 2.12e+00 2.15e+00)
8141(1007) (1.09e+00 1.26e+00) XE:3.16e-01 (1.30e+00 1.28e+00 | 2.14e+00 2.15e+00)
8511(999) (1.17e+00 1.26e+00) XE:3.16e-01 (1.29e+00 1.28e+00 | 2.06e+00 2.15e+00)
8882(1010) (1.18e+00 1.26e+00) XE:3.16e-01 (1.27e+00 1.28e+00 | 2.04e+00 2.15e+00)
9253(1003) (1.10e+00 1.26e+00) XE:3.16e-01 (1.30e+00 1.28e+00 | 2.05e+00 2.15e+00)
9624(1002) (1.18e+00 1.26e+00) XE:3.16e-01 (1.30e+00 1.28e+00 | 2.05e+00 2.15e+00)
9994(993) (1.25e+00 1.26e+00) XE:3.16e-01 (1.27e+00 1.28e+00 | 2.16e+00 2.15e+00)
10000(1008) (1.18e+00 1.26e+00) XE:3.16e-01 (1.30e+00 1.28e+00 | 2.30e+00 2.15e+00)
RL cnt: 0,6086663,1346970,292635,62105,12895,2417,585,0,0,0,0,0,0,0,0,
BL cnt: 0,0,34220,0,289520,0,1061769,0,2185618,0,2757238,0,2188412,0,1068617,0,290660,0,33946,0,0,
[00] Th=9.500000e-01: 7.954913e-01 3.432303e-01 7.918444e-01 0.000000e+00 : 1.608805e-01
[01] Th=9.000000e-01: 1.507429e+00 9.626663e-01 1.501619e+00 0.000000e+00 : 3.309762e-01
[02] Th=8.500000e-01: 1.929551e+00 1.608893e+00 1.926870e+00 0.000000e+00 : 4.554429e-01
[03] Th=8.000000e-01: 2.044464e+00 1.802337e+00 2.040879e+00 0.000000e+00 : 4.906401e-01
[04] Th=7.500000e-01: 2.098184e+00 1.864331e+00 2.094574e+00 0.000000e+00 : 5.047574e-01
[05] Th=7.000000e-01: 2.166196e+00 1.938960e+00 2.159559e+00 0.000000e+00 : 5.220595e-01
[06] Th=6.500000e-01: 2.417374e+00 1.976432e+00 2.411160e+00 0.000000e+00 : 5.670805e-01
[07] Th=6.000000e-01: 2.533039e+00 2.074519e+00 2.527685e+00 0.000000e+00 : 5.946035e-01
[08] Th=5.500000e-01: 2.566453e+00 2.107701e+00 2.562073e+00 0.000000e+00 : 6.030189e-01
[09] Th=5.000000e-01: 2.593126e+00 2.127708e+00 2.588673e+00 0.000000e+00 : 6.091256e-01
[10] Th=4.500000e-01: 2.636397e+00 2.177665e+00 2.630592e+00 0.000000e+00 : 6.203878e-01
[11] Th=4.000000e-01: 2.642554e+00 2.204894e+00 2.636502e+00 0.000000e+00 : 6.236625e-01
[12] Th=3.500000e-01: 2.642469e+00 2.262349e+00 2.636380e+00 0.000000e+00 : 6.284332e-01
[13] Th=3.000000e-01: 2.641020e+00 2.264752e+00 2.634496e+00 0.000000e+00 : 6.283557e-01
[14] Th=2.500000e-01: 2.639968e+00 2.262579e+00 2.633555e+00 0.000000e+00 : 6.280085e-01
[15] Th=2.000000e-01: 2.639552e+00 2.261256e+00 2.633203e+00 0.000000e+00 : 6.278342e-01
[16] Th=1.500000e-01: 2.639509e+00 2.260740e+00 2.633140e+00 0.000000e+00 : 6.277824e-01
[17] Th=1.000000e-01: 2.639509e+00 2.260733e+00 2.633140e+00 0.000000e+00 : 6.277818e-01
[18] Th=5.000000e-02: 2.639509e+00 2.260733e+00 2.633140e+00 0.000000e+00 : 6.277818e-01
[19] Th=1.000000e-10: 2.639509e+00 2.260733e+00 2.633140e+00 0.000000e+00 : 6.277818e-01
# InnerCodebook: deleted
# NBIDSchannel: deleted
# Gtable: deleted
# FBalg4: deleted
# StatICB: deleted
