# InnerCodebook: input ICB/ex02//cb.txt
# InnerCodebook: Nu=6 Nu2p=64 numCW=16 FlgUnique=1 FlgInvertible=1 FlgBalanced=1
# InnerCodebook: Rho=3 (ell,Delta)=(10,2) L0=2
# InnerCodebook: Rst01=3 Rst10=12
# CW
# 000:001011 (2,L2,R2) WL:0 0 1 1 2 3  WR:3 3 3 2 2 1  
# 001:001101 (2,L2,R1) WL:0 0 1 2 2 3  WR:3 3 3 2 1 1  
# 002:010011 (2,L1,R2) WL:0 1 1 1 2 3  WR:3 3 2 2 2 1  
# 003:010101 (1,L1,R1) WL:0 1 1 2 2 3  WR:3 3 2 2 1 1  
# 004:010110 (2,L1,R1) WL:0 1 1 2 3 3  WR:3 3 2 2 1 0  
# 005:011001 (2,L1,R1) WL:0 1 2 2 2 3  WR:3 3 2 1 1 1  
# 006:011010 (2,L1,R1) WL:0 1 2 2 3 3  WR:3 3 2 1 1 0  
# 007:011100 (3,L1,R2) WL:0 1 2 3 3 3  WR:3 3 2 1 0 0  
# 008:100011 (3,L1,R2) WL:1 1 1 1 2 3  WR:3 2 2 2 2 1  
# 009:100101 (2,L1,R1) WL:1 1 1 2 2 3  WR:3 2 2 2 1 1  
# 010:100110 (2,L1,R1) WL:1 1 1 2 3 3  WR:3 2 2 2 1 0  
# 011:101001 (2,L1,R1) WL:1 1 2 2 2 3  WR:3 2 2 1 1 1  
# 012:101010 (1,L1,R1) WL:1 1 2 2 3 3  WR:3 2 2 1 1 0  
# 013:101100 (2,L1,R2) WL:1 1 2 3 3 3  WR:3 2 2 1 0 0  
# 014:110010 (2,L2,R1) WL:1 2 2 2 3 3  WR:3 2 1 1 1 0  
# 015:110100 (2,L2,R2) WL:1 2 2 3 3 3  WR:3 2 1 1 0 0  
# CWL
# 000B:1 000D:1 0013:1 0015:1 0016:1 0019:1 001A:1 001C:1 0023:1 0025:1 
# 0026:1 0029:1 002A:1 002C:1 0032:1 0034:1 
# CWI
# 000B:000 000D:001 0013:002 0015:003 0016:004 0019:005 001A:006 001C:007 0023:008 0025:009 
# 0026:010 0029:011 002A:012 002C:013 0032:014 0034:015 
# Q=16 N=50 Nu=6 Nb=300 (Pi,Pd,Ps)=(0.000000e+00,6.000000e-03,0.000000e+00) [0]
# ICB:   ICB/ex02//cb.txt
# Const: ICB/ex02//constraint.txt
# EncCM: ICB/ex02//EncCM.bin
# ChannelMatrix: ICB/ex02//EncCM.bin (16x16)
# IDSchannel: N=300 (Pi,Pd,Ps)=(0.000000e+00,6.000000e-03,0.000000e+00) (Dmin,Dmax)=(-4,0)
# SLFBAdec: Ns=50 (Nu;Nu2min,Nu2max)=(6(64);3,8) Nb=300 Q=16
# SLFBAdec: (Pi,Pd,Ps,Pt)=(0.000000e+00,6.000000e-03,0.000000e+00,9.940000e-01) (Dmin,Dmax:Drng)=(-4,0:5)
# SLFBAdec: generating GD & GX
# SLFBAdec: generating factor graph
# ChannelMatrix: M=16 N=4096
1000 5710/50000 15 1.142000e-01 : 3.999885e+00 4.021115e-01 3.597774e+00
2000 11505/100000 15 1.150500e-01 : 3.999890e+00 4.091681e-01 3.590722e+00
3000 17050/150000 15 1.136667e-01 : 3.999945e+00 4.073780e-01 3.592566e+00
4000 22540/200000 15 1.127000e-01 : 3.999959e+00 4.059134e-01 3.594046e+00
5000 28247/250000 15 1.129880e-01 : 3.999971e+00 4.078372e-01 3.592133e+00
6000 33887/300000 16 1.129567e-01 : 3.999975e+00 4.088216e-01 3.591153e+00
7000 39473/350000 17 1.127800e-01 : 3.999971e+00 4.087192e-01 3.591252e+00
8000 44896/400000 17 1.122400e-01 : 3.999980e+00 4.070962e-01 3.592883e+00
9000 50434/450000 17 1.120756e-01 : 3.999977e+00 4.070727e-01 3.592904e+00
10000 55932/500000 17 1.118640e-01 : 3.999980e+00 4.067880e-01 3.593192e+00
11000 61481/550000 17 1.117836e-01 : 3.999984e+00 4.066290e-01 3.593355e+00
12000 67055/600000 17 1.117583e-01 : 3.999986e+00 4.067076e-01 3.593279e+00
13000 72605/650000 18 1.117000e-01 : 3.999986e+00 4.066991e-01 3.593287e+00
14000 78056/700000 18 1.115086e-01 : 3.999989e+00 4.062967e-01 3.593692e+00
15000 83686/750000 18 1.115813e-01 : 3.999987e+00 4.067126e-01 3.593274e+00
16000 89305/800000 18 1.116313e-01 : 3.999984e+00 4.067941e-01 3.593190e+00
17000 94775/850000 18 1.115000e-01 : 3.999986e+00 4.068423e-01 3.593143e+00
18000 100371/900000 18 1.115233e-01 : 3.999987e+00 4.069792e-01 3.593008e+00
19000 105868/950000 18 1.114400e-01 : 3.999989e+00 4.069238e-01 3.593065e+00
20000 111382/1000000 18 1.113820e-01 : 3.999990e+00 4.067697e-01 3.593220e+00
21000 116893/1050000 18 1.113267e-01 : 3.999991e+00 4.068346e-01 3.593156e+00
22000 122470/1100000 18 1.113364e-01 : 3.999993e+00 4.068363e-01 3.593156e+00
23000 128057/1150000 18 1.113539e-01 : 3.999993e+00 4.069920e-01 3.593001e+00
24000 133586/1200000 18 1.113217e-01 : 3.999993e+00 4.070401e-01 3.592953e+00
25000 139236/1250000 18 1.113888e-01 : 3.999994e+00 4.073204e-01 3.592673e+00
26000 144893/1300000 18 1.114562e-01 : 3.999994e+00 4.077373e-01 3.592257e+00
27000 150485/1350000 18 1.114704e-01 : 3.999995e+00 4.077469e-01 3.592248e+00
28000 156113/1400000 18 1.115093e-01 : 3.999995e+00 4.079690e-01 3.592026e+00
29000 161811/1450000 18 1.115938e-01 : 3.999995e+00 4.081955e-01 3.591799e+00
30000 167368/1500000 19 1.115787e-01 : 3.999996e+00 4.082762e-01 3.591720e+00
31000 172864/1550000 19 1.115252e-01 : 3.999995e+00 4.081277e-01 3.591868e+00
32000 178343/1600000 19 1.114644e-01 : 3.999995e+00 4.079804e-01 3.592015e+00
33000 183952/1650000 19 1.114861e-01 : 3.999996e+00 4.081174e-01 3.591878e+00
34000 189739/1700000 19 1.116112e-01 : 3.999995e+00 4.084951e-01 3.591500e+00
35000 195277/1750000 19 1.115869e-01 : 3.999996e+00 4.084214e-01 3.591575e+00
36000 200920/1800000 19 1.116222e-01 : 3.999996e+00 4.085192e-01 3.591477e+00
37000 206421/1850000 19 1.115789e-01 : 3.999996e+00 4.083012e-01 3.591695e+00
38000 211993/1900000 19 1.115753e-01 : 3.999997e+00 4.082025e-01 3.591794e+00
39000 217582/1950000 19 1.115805e-01 : 3.999997e+00 4.082309e-01 3.591766e+00
40000 223156/2000000 19 1.115780e-01 : 3.999997e+00 4.083074e-01 3.591690e+00
41000 228714/2050000 19 1.115678e-01 : 3.999998e+00 4.082531e-01 3.591745e+00
42000 234197/2100000 19 1.115224e-01 : 3.999997e+00 4.082135e-01 3.591784e+00
43000 239904/2150000 19 1.115833e-01 : 3.999997e+00 4.082774e-01 3.591720e+00
44000 245561/2200000 19 1.116186e-01 : 3.999997e+00 4.083762e-01 3.591621e+00
45000 251142/2250000 19 1.116187e-01 : 3.999997e+00 4.084504e-01 3.591547e+00
46000 256767/2300000 19 1.116378e-01 : 3.999997e+00 4.085981e-01 3.591399e+00
47000 262195/2350000 19 1.115723e-01 : 3.999997e+00 4.083412e-01 3.591656e+00
48000 267857/2400000 19 1.116071e-01 : 3.999997e+00 4.083559e-01 3.591641e+00
49000 273478/2450000 19 1.116237e-01 : 3.999997e+00 4.084624e-01 3.591535e+00
50000 279085/2500000 19 1.116340e-01 : 3.999997e+00 4.085431e-01 3.591454e+00
51000 284637/2550000 19 1.116224e-01 : 3.999997e+00 4.085657e-01 3.591432e+00
52000 290194/2600000 19 1.116131e-01 : 3.999997e+00 4.086073e-01 3.591390e+00
53000 295731/2650000 19 1.115966e-01 : 3.999997e+00 4.085497e-01 3.591448e+00
54000 301188/2700000 19 1.115511e-01 : 3.999997e+00 4.084171e-01 3.591580e+00
55000 306775/2750000 19 1.115545e-01 : 3.999997e+00 4.085380e-01 3.591459e+00
56000 312337/2800000 19 1.115489e-01 : 3.999997e+00 4.084233e-01 3.591574e+00
57000 317849/2850000 19 1.115260e-01 : 3.999997e+00 4.083474e-01 3.591650e+00
58000 323376/2900000 19 1.115090e-01 : 3.999997e+00 4.083385e-01 3.591658e+00
59000 328977/2950000 19 1.115176e-01 : 3.999997e+00 4.084075e-01 3.591590e+00
60000 334637/3000000 19 1.115457e-01 : 3.999997e+00 4.085126e-01 3.591485e+00
61000 340159/3050000 19 1.115275e-01 : 3.999997e+00 4.084791e-01 3.591518e+00
62000 345727/3100000 19 1.115248e-01 : 3.999997e+00 4.084683e-01 3.591529e+00
63000 351448/3150000 19 1.115708e-01 : 3.999997e+00 4.086192e-01 3.591378e+00
64000 356917/3200000 19 1.115366e-01 : 3.999997e+00 4.085336e-01 3.591464e+00
65000 362423/3250000 19 1.115148e-01 : 3.999997e+00 4.084491e-01 3.591548e+00
66000 367934/3300000 19 1.114952e-01 : 3.999998e+00 4.083899e-01 3.591608e+00
67000 373581/3350000 19 1.115167e-01 : 3.999998e+00 4.084866e-01 3.591511e+00
68000 379159/3400000 19 1.115174e-01 : 3.999998e+00 4.085061e-01 3.591492e+00
69000 384677/3450000 19 1.115006e-01 : 3.999998e+00 4.084285e-01 3.591569e+00
70000 390180/3500000 19 1.114800e-01 : 3.999998e+00 4.084047e-01 3.591593e+00
71000 395775/3550000 19 1.114859e-01 : 3.999998e+00 4.084505e-01 3.591548e+00
72000 401351/3600000 19 1.114864e-01 : 3.999999e+00 4.083977e-01 3.591601e+00
73000 407074/3650000 19 1.115271e-01 : 3.999998e+00 4.084670e-01 3.591531e+00
74000 412687/3700000 19 1.115370e-01 : 3.999998e+00 4.084608e-01 3.591538e+00
75000 418105/3750000 19 1.114947e-01 : 3.999999e+00 4.083288e-01 3.591670e+00
76000 423746/3800000 19 1.115121e-01 : 3.999999e+00 4.083996e-01 3.591599e+00
77000 429419/3850000 19 1.115374e-01 : 3.999999e+00 4.085319e-01 3.591467e+00
78000 434785/3900000 19 1.114833e-01 : 3.999999e+00 4.083434e-01 3.591655e+00
79000 440417/3950000 19 1.114980e-01 : 3.999999e+00 4.083952e-01 3.591603e+00
80000 446040/4000000 19 1.115100e-01 : 3.999999e+00 4.084751e-01 3.591524e+00
81000 451552/4050000 19 1.114943e-01 : 3.999999e+00 4.084686e-01 3.591530e+00
82000 457096/4100000 19 1.114868e-01 : 3.999999e+00 4.084984e-01 3.591500e+00
83000 462694/4150000 19 1.114925e-01 : 3.999999e+00 4.085140e-01 3.591485e+00
84000 468409/4200000 19 1.115260e-01 : 3.999999e+00 4.085955e-01 3.591403e+00
85000 473964/4250000 19 1.115209e-01 : 3.999998e+00 4.086170e-01 3.591382e+00
86000 479527/4300000 19 1.115179e-01 : 3.999999e+00 4.085940e-01 3.591405e+00
87000 485008/4350000 19 1.114961e-01 : 3.999999e+00 4.085798e-01 3.591419e+00
88000 490549/4400000 19 1.114884e-01 : 3.999999e+00 4.085740e-01 3.591425e+00
89000 496000/4450000 19 1.114607e-01 : 3.999999e+00 4.084844e-01 3.591514e+00
90000 501439/4500000 19 1.114309e-01 : 3.999999e+00 4.084045e-01 3.591594e+00
91000 506916/4550000 19 1.114101e-01 : 3.999999e+00 4.083000e-01 3.591699e+00
92000 512544/4600000 19 1.114226e-01 : 3.999999e+00 4.083188e-01 3.591680e+00
93000 518219/4650000 19 1.114449e-01 : 3.999999e+00 4.083703e-01 3.591628e+00
94000 523728/4700000 19 1.114315e-01 : 3.999999e+00 4.083189e-01 3.591680e+00
95000 529246/4750000 19 1.114202e-01 : 3.999999e+00 4.083368e-01 3.591662e+00
96000 534753/4800000 19 1.114069e-01 : 3.999999e+00 4.082998e-01 3.591699e+00
97000 540368/4850000 19 1.114161e-01 : 3.999999e+00 4.083231e-01 3.591676e+00
98000 545785/4900000 19 1.113847e-01 : 3.999999e+00 4.082973e-01 3.591701e+00
99000 551433/4950000 19 1.114006e-01 : 3.999999e+00 4.083629e-01 3.591636e+00
100000 557127/5000000 19 1.114254e-01 : 3.999999e+00 4.084153e-01 3.591584e+00
# InnerCodebook: deleted
# ChannelMatrix: deleted
# IDSchannel: deleted
# SLFBAdec: deleted
# ChannelMatrix: deleted
