# InnerCodebook: input ICB/ex01//cb.txt
# InnerCodebook: Nu=6 Nu2p=64 numCW=18 FlgUnique=1 FlgInvertible=1 FlgBalanced=1
# InnerCodebook: Rho=3 (ell,Delta)=(10,2) L0=2
# InnerCodebook: Rst01=4 Rst10=13
# CW
# 000:001011 (2,L2,R2) WL:0 0 1 1 2 3  WR:3 3 3 2 2 1  
# 001:001101 (2,L2,R1) WL:0 0 1 2 2 3  WR:3 3 3 2 1 1  
# 002:001110 (3,L2,R1) WL:0 0 1 2 3 3  WR:3 3 3 2 1 0  
# 003:010011 (2,L1,R2) WL:0 1 1 1 2 3  WR:3 3 2 2 2 1  
# 004:010101 (1,L1,R1) WL:0 1 1 2 2 3  WR:3 3 2 2 1 1  
# 005:010110 (2,L1,R1) WL:0 1 1 2 3 3  WR:3 3 2 2 1 0  
# 006:011001 (2,L1,R1) WL:0 1 2 2 2 3  WR:3 3 2 1 1 1  
# 007:011010 (2,L1,R1) WL:0 1 2 2 3 3  WR:3 3 2 1 1 0  
# 008:011100 (3,L1,R2) WL:0 1 2 3 3 3  WR:3 3 2 1 0 0  
# 009:100011 (3,L1,R2) WL:1 1 1 1 2 3  WR:3 2 2 2 2 1  
# 010:100101 (2,L1,R1) WL:1 1 1 2 2 3  WR:3 2 2 2 1 1  
# 011:100110 (2,L1,R1) WL:1 1 1 2 3 3  WR:3 2 2 2 1 0  
# 012:101001 (2,L1,R1) WL:1 1 2 2 2 3  WR:3 2 2 1 1 1  
# 013:101010 (1,L1,R1) WL:1 1 2 2 3 3  WR:3 2 2 1 1 0  
# 014:101100 (2,L1,R2) WL:1 1 2 3 3 3  WR:3 2 2 1 0 0  
# 015:110001 (3,L2,R1) WL:1 2 2 2 2 3  WR:3 2 1 1 1 1  
# 016:110010 (2,L2,R1) WL:1 2 2 2 3 3  WR:3 2 1 1 1 0  
# 017:110100 (2,L2,R2) WL:1 2 2 3 3 3  WR:3 2 1 1 0 0  
# CWL
# 000B:1 000D:1 000E:1 0013:1 0015:1 0016:1 0019:1 001A:1 001C:1 0023:1 
# 0025:1 0026:1 0029:1 002A:1 002C:1 0031:1 0032:1 0034:1 
# CWI
# 000B:000 000D:001 000E:002 0013:003 0015:004 0016:005 0019:006 001A:007 001C:008 0023:009 
# 0025:010 0026:011 0029:012 002A:013 002C:014 0031:015 0032:016 0034:017 
# QA=18 Ns=50 Nu=6 Nb=300 (Pi,Pd,Ps)=(0.000000e+00,0.000000e+00,0.000000e+00) Nseq=60 Ndi=1 OutListSize=10 [0]
# ICB:   ICB/ex01//cb.txt
# Const: ICB/ex01//constraint.txt
# EncCM: ICB/ex01//EncCM.bin
# ChannelMatrix: ICB/ex01//EncCM.bin (18x18)
# CSFBAdec: Ns=50 (Nu;Nu2min,Nu2max)=(6(64);4,8) Nb=300 Q=18 Nseq=60
# CSFBAdec: (Pi,Pd,Ps,Pt)=(0.000000e+00,0.000000e+00,0.000000e+00,1.000000e+00) (Dmin,Dmax:Drng)=(0,0:1)
# CSFBAdec: generating GD & GX
# CSFBAdec: generating factor graph
# CPScodec: Ns=50 Nu=6 Nb=300 Nseq=60
# CPScodec: (Pi,Pd,Ps,Pt)=(0.000000e+00,0.000000e+00,0.000000e+00,1.000000e+00) (Dmin,Dmax:Drng)=(0,0:1)
# CPScodec::SetCSL Kc=3 QB=8 QB2=4
# CPScodec: Kc=3 QB=8 QB2=4
# CPScodec::CSL
#  [0] 00,03,00,00  01,02,00,00  02,01,00,00  03,00,00,00  
#  [1] 00,00,00,03  00,00,01,02  00,00,02,01  00,00,03,00  
# Kc=3 QB=8 QB2=4
# CIDSchannel: N=300 (Pi,Pd,Ps)=(0.000000e+00,0.000000e+00,0.000000e+00) (Dmin,Dmax)=(0,0)
# CIDSchannel: Kc=3 Nseq=60
# ChannelMatrix: M=18 N=180
# ChannelMatrix: M=4 N=40
# ConcatAB: (Nb,Nu,Ns)=(300,6,50) Nseq=60 (Qa,Qb)=(18,8) (Dmin,Dmax,Drng)=(0,0,1)
1654 : 7938/82700=9.598549e-02 14 : 996/496200=2.007255e-03 4 : 4.169743e+00 3.423125e-01 3.827431e+00 : 1.999998e+00 1.049108e-02 1.989507e+00
3410 : 16453/170500=9.649853e-02 14 : 2039/1023000=1.993157e-03 4 : 4.169852e+00 3.428448e-01 3.827007e+00 : 1.999999e+00 1.032033e-02 1.989678e+00
5150 : 24783/257500=9.624466e-02 14 : 3109/1545000=2.012298e-03 7 : 4.169843e+00 3.427016e-01 3.827141e+00 : 1.999997e+00 1.030585e-02 1.989691e+00
6890 : 33080/344500=9.602322e-02 14 : 4205/2067000=2.034349e-03 7 : 4.169874e+00 3.422107e-01 3.827663e+00 : 1.999998e+00 1.032619e-02 1.989672e+00
8645 : 41424/432250=9.583343e-02 14 : 5302/2593500=2.044342e-03 7 : 4.169880e+00 3.415243e-01 3.828356e+00 : 1.999998e+00 1.038088e-02 1.989617e+00
10000 : 47842/500000=9.568400e-02 14 : 6118/3000000=2.039333e-03 7 : 4.169891e+00 3.411838e-01 3.828707e+00 : 1.999999e+00 1.037927e-02 1.989620e+00
# InnerCodebook: deleted
# ChannelMatrix: deleted
# CIDSchannel: deleted
# CSFBAdec: deleted
# CPScodec; deleted
# ChannelMatrix: deleted
# ChannelMatrix: deleted
# ConcatAB: deleted
