# InnerCodebook: input ICB/ex01//cb.txt
# InnerCodebook: Nu=6 Nu2p=64 numCW=18 FlgUnique=1 FlgInvertible=1 FlgBalanced=1
# InnerCodebook: Rho=3 (ell,Delta)=(10,2) L0=2
# InnerCodebook: Rst01=4 Rst10=13
# CW
# 000:001011 (2,L2,R2) WL:0 0 1 1 2 3  WR:3 3 3 2 2 1  
# 001:001101 (2,L2,R1) WL:0 0 1 2 2 3  WR:3 3 3 2 1 1  
# 002:001110 (3,L2,R1) WL:0 0 1 2 3 3  WR:3 3 3 2 1 0  
# 003:010011 (2,L1,R2) WL:0 1 1 1 2 3  WR:3 3 2 2 2 1  
# 004:010101 (1,L1,R1) WL:0 1 1 2 2 3  WR:3 3 2 2 1 1  
# 005:010110 (2,L1,R1) WL:0 1 1 2 3 3  WR:3 3 2 2 1 0  
# 006:011001 (2,L1,R1) WL:0 1 2 2 2 3  WR:3 3 2 1 1 1  
# 007:011010 (2,L1,R1) WL:0 1 2 2 3 3  WR:3 3 2 1 1 0  
# 008:011100 (3,L1,R2) WL:0 1 2 3 3 3  WR:3 3 2 1 0 0  
# 009:100011 (3,L1,R2) WL:1 1 1 1 2 3  WR:3 2 2 2 2 1  
# 010:100101 (2,L1,R1) WL:1 1 1 2 2 3  WR:3 2 2 2 1 1  
# 011:100110 (2,L1,R1) WL:1 1 1 2 3 3  WR:3 2 2 2 1 0  
# 012:101001 (2,L1,R1) WL:1 1 2 2 2 3  WR:3 2 2 1 1 1  
# 013:101010 (1,L1,R1) WL:1 1 2 2 3 3  WR:3 2 2 1 1 0  
# 014:101100 (2,L1,R2) WL:1 1 2 3 3 3  WR:3 2 2 1 0 0  
# 015:110001 (3,L2,R1) WL:1 2 2 2 2 3  WR:3 2 1 1 1 1  
# 016:110010 (2,L2,R1) WL:1 2 2 2 3 3  WR:3 2 1 1 1 0  
# 017:110100 (2,L2,R2) WL:1 2 2 3 3 3  WR:3 2 1 1 0 0  
# CWL
# 000B:1 000D:1 000E:1 0013:1 0015:1 0016:1 0019:1 001A:1 001C:1 0023:1 
# 0025:1 0026:1 0029:1 002A:1 002C:1 0031:1 0032:1 0034:1 
# CWI
# 000B:000 000D:001 000E:002 0013:003 0015:004 0016:005 0019:006 001A:007 001C:008 0023:009 
# 0025:010 0026:011 0029:012 002A:013 002C:014 0031:015 0032:016 0034:017 
# QA=18 Ns=50 Nu=6 Nb=300 (Pi,Pd,Ps)=(0.000000e+00,0.000000e+00,0.000000e+00) Nseq=80 Ndi=1 OutListSize=10 [0]
# ICB:   ICB/ex01//cb.txt
# Const: ICB/ex01//constraint.txt
# EncCM: ICB/ex01//EncCM.bin
# ChannelMatrix: ICB/ex01//EncCM.bin (18x18)
# CSFBAdec: Ns=50 (Nu;Nu2min,Nu2max)=(6(64);4,8) Nb=300 Q=18 Nseq=80
# CSFBAdec: (Pi,Pd,Ps,Pt)=(0.000000e+00,0.000000e+00,0.000000e+00,1.000000e+00) (Dmin,Dmax:Drng)=(0,0:1)
# CSFBAdec: generating GD & GX
# CSFBAdec: generating factor graph
# CPScodec: Ns=50 Nu=6 Nb=300 Nseq=80
# CPScodec: (Pi,Pd,Ps,Pt)=(0.000000e+00,0.000000e+00,0.000000e+00,1.000000e+00) (Dmin,Dmax:Drng)=(0,0:1)
# CPScodec::SetCSL Kc=3 QB=8 QB2=4
# CPScodec: Kc=3 QB=8 QB2=4
# CPScodec::CSL
#  [0] 00,03,00,00  01,02,00,00  02,01,00,00  03,00,00,00  
#  [1] 00,00,00,03  00,00,01,02  00,00,02,01  00,00,03,00  
# Kc=3 QB=8 QB2=4
# CIDSchannel: N=300 (Pi,Pd,Ps)=(0.000000e+00,0.000000e+00,0.000000e+00) (Dmin,Dmax)=(0,0)
# CIDSchannel: Kc=3 Nseq=80
# ChannelMatrix: M=18 N=180
# ChannelMatrix: M=4 N=40
# ConcatAB: (Nb,Nu,Ns)=(300,6,50) Nseq=80 (Qa,Qb)=(18,8) (Dmin,Dmax,Drng)=(0,0,1)
1235 : 5905/61750=9.562753e-02 11 : 211/370500=5.695007e-04 2 : 4.169806e+00 3.422351e-01 3.827571e+00 : 1.999991e+00 3.078246e-03 1.996912e+00
2538 : 12163/126900=9.584712e-02 14 : 414/761400=5.437352e-04 2 : 4.169859e+00 3.423611e-01 3.827498e+00 : 1.999998e+00 2.996310e-03 1.997001e+00
3844 : 18303/192200=9.522893e-02 14 : 626/1153200=5.428373e-04 3 : 4.169896e+00 3.406111e-01 3.829285e+00 : 1.999999e+00 3.090721e-03 1.996908e+00
5123 : 24358/256150=9.509272e-02 14 : 792/1536900=5.153231e-04 3 : 4.169906e+00 3.398723e-01 3.830033e+00 : 1.999999e+00 2.943633e-03 1.997056e+00
6421 : 30476/321050=9.492602e-02 14 : 1003/1926300=5.206873e-04 3 : 4.169896e+00 3.394224e-01 3.830473e+00 : 2.000000e+00 3.000499e-03 1.996999e+00
7723 : 36640/386150=9.488541e-02 14 : 1219/2316900=5.261341e-04 3 : 4.169896e+00 3.396880e-01 3.830208e+00 : 1.999999e+00 3.012633e-03 1.996987e+00
9028 : 42894/451400=9.502437e-02 15 : 1430/2708400=5.279870e-04 3 : 4.169907e+00 3.401655e-01 3.829742e+00 : 1.999999e+00 3.019979e-03 1.996979e+00
10000 : 47584/500000=9.516800e-02 15 : 1602/3000000=5.340000e-04 3 : 4.169909e+00 3.401923e-01 3.829716e+00 : 1.999999e+00 3.080646e-03 1.996919e+00
# InnerCodebook: deleted
# ChannelMatrix: deleted
# CIDSchannel: deleted
# CSFBAdec: deleted
# CPScodec; deleted
# ChannelMatrix: deleted
# ChannelMatrix: deleted
# ConcatAB: deleted
