# InnerCodebook: input ICB/ex01//cb.txt
# InnerCodebook: Nu=6 Nu2p=64 numCW=18 FlgUnique=1 FlgInvertible=1 FlgBalanced=1
# InnerCodebook: Rho=3 (ell,Delta)=(10,2) L0=2
# InnerCodebook: Rst01=4 Rst10=13
# CW
# 000:001011 (2,L2,R2) WL:0 0 1 1 2 3  WR:3 3 3 2 2 1  
# 001:001101 (2,L2,R1) WL:0 0 1 2 2 3  WR:3 3 3 2 1 1  
# 002:001110 (3,L2,R1) WL:0 0 1 2 3 3  WR:3 3 3 2 1 0  
# 003:010011 (2,L1,R2) WL:0 1 1 1 2 3  WR:3 3 2 2 2 1  
# 004:010101 (1,L1,R1) WL:0 1 1 2 2 3  WR:3 3 2 2 1 1  
# 005:010110 (2,L1,R1) WL:0 1 1 2 3 3  WR:3 3 2 2 1 0  
# 006:011001 (2,L1,R1) WL:0 1 2 2 2 3  WR:3 3 2 1 1 1  
# 007:011010 (2,L1,R1) WL:0 1 2 2 3 3  WR:3 3 2 1 1 0  
# 008:011100 (3,L1,R2) WL:0 1 2 3 3 3  WR:3 3 2 1 0 0  
# 009:100011 (3,L1,R2) WL:1 1 1 1 2 3  WR:3 2 2 2 2 1  
# 010:100101 (2,L1,R1) WL:1 1 1 2 2 3  WR:3 2 2 2 1 1  
# 011:100110 (2,L1,R1) WL:1 1 1 2 3 3  WR:3 2 2 2 1 0  
# 012:101001 (2,L1,R1) WL:1 1 2 2 2 3  WR:3 2 2 1 1 1  
# 013:101010 (1,L1,R1) WL:1 1 2 2 3 3  WR:3 2 2 1 1 0  
# 014:101100 (2,L1,R2) WL:1 1 2 3 3 3  WR:3 2 2 1 0 0  
# 015:110001 (3,L2,R1) WL:1 2 2 2 2 3  WR:3 2 1 1 1 1  
# 016:110010 (2,L2,R1) WL:1 2 2 2 3 3  WR:3 2 1 1 1 0  
# 017:110100 (2,L2,R2) WL:1 2 2 3 3 3  WR:3 2 1 1 0 0  
# CWL
# 000B:1 000D:1 000E:1 0013:1 0015:1 0016:1 0019:1 001A:1 001C:1 0023:1 
# 0025:1 0026:1 0029:1 002A:1 002C:1 0031:1 0032:1 0034:1 
# CWI
# 000B:000 000D:001 000E:002 0013:003 0015:004 0016:005 0019:006 001A:007 001C:008 0023:009 
# 0025:010 0026:011 0029:012 002A:013 002C:014 0031:015 0032:016 0034:017 
# QA=18 Ns=50 Nu=6 Nb=300 (Pi,Pd,Ps)=(0.000000e+00,0.000000e+00,0.000000e+00) Nseq=90 Ndi=1 OutListSize=10 [0]
# ICB:   ICB/ex01//cb.txt
# Const: ICB/ex01//constraint.txt
# EncCM: ICB/ex01//EncCM.bin
# ChannelMatrix: ICB/ex01//EncCM.bin (18x18)
# CSFBAdec: Ns=50 (Nu;Nu2min,Nu2max)=(6(64);4,8) Nb=300 Q=18 Nseq=90
# CSFBAdec: (Pi,Pd,Ps,Pt)=(0.000000e+00,0.000000e+00,0.000000e+00,1.000000e+00) (Dmin,Dmax:Drng)=(0,0:1)
# CSFBAdec: generating GD & GX
# CSFBAdec: generating factor graph
# CPScodec: Ns=50 Nu=6 Nb=300 Nseq=90
# CPScodec: (Pi,Pd,Ps,Pt)=(0.000000e+00,0.000000e+00,0.000000e+00,1.000000e+00) (Dmin,Dmax:Drng)=(0,0:1)
# CPScodec::SetCSL Kc=7 QB=16 QB2=8
# CPScodec: Kc=7 QB=16 QB2=8
# CPScodec::CSL
#  [0] 00,07,00,00  01,06,00,00  02,05,00,00  03,04,00,00  04,03,00,00  05,02,00,00  06,01,00,00  07,00,00,00  
#  [1] 00,00,00,07  00,00,01,06  00,00,02,05  00,00,03,04  00,00,04,03  00,00,05,02  00,00,06,01  00,00,07,00  
# Kc=7 QB=16 QB2=8
# CIDSchannel: N=300 (Pi,Pd,Ps)=(0.000000e+00,0.000000e+00,0.000000e+00) (Dmin,Dmax)=(0,0)
# CIDSchannel: Kc=7 Nseq=90
# ChannelMatrix: M=18 N=180
# ChannelMatrix: M=8 N=80
# ConcatAB: (Nb,Nu,Ns)=(300,6,50) Nseq=90 (Qa,Qb)=(18,16) (Dmin,Dmax,Drng)=(0,0,1)
0605 : 2825/30250=9.338843e-02 13 : 15379/181500=8.473278e-02 42 : 4.169598e+00 3.349120e-01 3.834686e+00 : 2.999960e+00 3.500625e-01 2.649897e+00
1261 : 5923/63050=9.394132e-02 13 : 31792/378300=8.403912e-02 42 : 4.169745e+00 3.364613e-01 3.833283e+00 : 2.999980e+00 3.484299e-01 2.651550e+00
1917 : 9021/95850=9.411581e-02 13 : 48237/575100=8.387585e-02 42 : 4.169788e+00 3.362331e-01 3.833555e+00 : 2.999985e+00 3.479946e-01 2.651990e+00
2573 : 12225/128650=9.502526e-02 14 : 64649/771900=8.375308e-02 42 : 4.169795e+00 3.376166e-01 3.832179e+00 : 2.999990e+00 3.474799e-01 2.652510e+00
3290 : 15699/164500=9.543465e-02 14 : 82599/987000=8.368693e-02 43 : 4.169847e+00 3.385075e-01 3.831340e+00 : 2.999994e+00 3.473295e-01 2.652665e+00
3937 : 18768/196850=9.534163e-02 14 : 98776/1181100=8.363051e-02 43 : 4.169855e+00 3.388249e-01 3.831030e+00 : 2.999994e+00 3.472171e-01 2.652777e+00
4573 : 21782/228650=9.526350e-02 14 : 114748/1371900=8.364166e-02 43 : 4.169866e+00 3.389149e-01 3.830951e+00 : 2.999994e+00 3.469139e-01 2.653080e+00
5208 : 24819/260400=9.531106e-02 14 : 130678/1562400=8.363927e-02 43 : 4.169871e+00 3.388886e-01 3.830983e+00 : 2.999996e+00 3.468723e-01 2.653124e+00
5848 : 27970/292400=9.565663e-02 14 : 146613/1754400=8.356874e-02 43 : 4.169879e+00 3.400191e-01 3.829860e+00 : 2.999995e+00 3.466149e-01 2.653380e+00
6484 : 31051/324200=9.577730e-02 14 : 162635/1945200=8.360837e-02 43 : 4.169884e+00 3.400803e-01 3.829804e+00 : 2.999996e+00 3.465165e-01 2.653479e+00
7158 : 34272/357900=9.575859e-02 14 : 179594/2147400=8.363323e-02 43 : 4.169890e+00 3.400243e-01 3.829866e+00 : 2.999996e+00 3.465809e-01 2.653415e+00
7825 : 37424/391250=9.565240e-02 15 : 196449/2347500=8.368435e-02 43 : 4.169888e+00 3.399168e-01 3.829971e+00 : 2.999997e+00 3.467580e-01 2.653239e+00
8456 : 40474/422800=9.572848e-02 15 : 212404/2536800=8.372911e-02 43 : 4.169896e+00 3.400407e-01 3.829855e+00 : 2.999998e+00 3.468843e-01 2.653113e+00
9087 : 43438/454350=9.560471e-02 15 : 228180/2726100=8.370199e-02 43 : 4.169895e+00 3.398828e-01 3.830012e+00 : 2.999998e+00 3.468395e-01 2.653158e+00
9728 : 46453/486400=9.550370e-02 15 : 244105/2918400=8.364343e-02 43 : 4.169891e+00 3.398469e-01 3.830044e+00 : 2.999998e+00 3.468652e-01 2.653133e+00
10000 : 47743/500000=9.548600e-02 15 : 250950/3000000=8.365000e-02 43 : 4.169895e+00 3.398837e-01 3.830011e+00 : 2.999998e+00 3.469005e-01 2.653097e+00
# InnerCodebook: deleted
# ChannelMatrix: deleted
# CIDSchannel: deleted
# CSFBAdec: deleted
# CPScodec; deleted
# ChannelMatrix: deleted
# ChannelMatrix: deleted
# ConcatAB: deleted
