# InnerCodebook: input ICB/ex01//cb.txt
# InnerCodebook: Nu=6 Nu2p=64 numCW=18 FlgUnique=1 FlgInvertible=1 FlgBalanced=1
# InnerCodebook: Rho=3 (ell,Delta)=(10,2) L0=2
# InnerCodebook: Rst01=4 Rst10=13
# CW
# 000:001011 (2,L2,R2) WL:0 0 1 1 2 3  WR:3 3 3 2 2 1  
# 001:001101 (2,L2,R1) WL:0 0 1 2 2 3  WR:3 3 3 2 1 1  
# 002:001110 (3,L2,R1) WL:0 0 1 2 3 3  WR:3 3 3 2 1 0  
# 003:010011 (2,L1,R2) WL:0 1 1 1 2 3  WR:3 3 2 2 2 1  
# 004:010101 (1,L1,R1) WL:0 1 1 2 2 3  WR:3 3 2 2 1 1  
# 005:010110 (2,L1,R1) WL:0 1 1 2 3 3  WR:3 3 2 2 1 0  
# 006:011001 (2,L1,R1) WL:0 1 2 2 2 3  WR:3 3 2 1 1 1  
# 007:011010 (2,L1,R1) WL:0 1 2 2 3 3  WR:3 3 2 1 1 0  
# 008:011100 (3,L1,R2) WL:0 1 2 3 3 3  WR:3 3 2 1 0 0  
# 009:100011 (3,L1,R2) WL:1 1 1 1 2 3  WR:3 2 2 2 2 1  
# 010:100101 (2,L1,R1) WL:1 1 1 2 2 3  WR:3 2 2 2 1 1  
# 011:100110 (2,L1,R1) WL:1 1 1 2 3 3  WR:3 2 2 2 1 0  
# 012:101001 (2,L1,R1) WL:1 1 2 2 2 3  WR:3 2 2 1 1 1  
# 013:101010 (1,L1,R1) WL:1 1 2 2 3 3  WR:3 2 2 1 1 0  
# 014:101100 (2,L1,R2) WL:1 1 2 3 3 3  WR:3 2 2 1 0 0  
# 015:110001 (3,L2,R1) WL:1 2 2 2 2 3  WR:3 2 1 1 1 1  
# 016:110010 (2,L2,R1) WL:1 2 2 2 3 3  WR:3 2 1 1 1 0  
# 017:110100 (2,L2,R2) WL:1 2 2 3 3 3  WR:3 2 1 1 0 0  
# CWL
# 000B:1 000D:1 000E:1 0013:1 0015:1 0016:1 0019:1 001A:1 001C:1 0023:1 
# 0025:1 0026:1 0029:1 002A:1 002C:1 0031:1 0032:1 0034:1 
# CWI
# 000B:000 000D:001 000E:002 0013:003 0015:004 0016:005 0019:006 001A:007 001C:008 0023:009 
# 0025:010 0026:011 0029:012 002A:013 002C:014 0031:015 0032:016 0034:017 
# QA=18 Ns=50 Nu=6 Nb=300 (Pi,Pd,Ps)=(0.000000e+00,0.000000e+00,0.000000e+00) Nseq=50 Ndi=1 OutListSize=10 [0]
# ICB:   ICB/ex01//cb.txt
# Const: ICB/ex01//constraint.txt
# EncCM: ICB/ex01//EncCM.bin
# ChannelMatrix: ICB/ex01//EncCM.bin (18x18)
# CSFBAdec: Ns=50 (Nu;Nu2min,Nu2max)=(6(64);4,8) Nb=300 Q=18 Nseq=50
# CSFBAdec: (Pi,Pd,Ps,Pt)=(0.000000e+00,0.000000e+00,0.000000e+00,1.000000e+00) (Dmin,Dmax:Drng)=(0,0:1)
# CSFBAdec: generating GD & GX
# CSFBAdec: generating factor graph
# CPScodec: Ns=50 Nu=6 Nb=300 Nseq=50
# CPScodec: (Pi,Pd,Ps,Pt)=(0.000000e+00,0.000000e+00,0.000000e+00,1.000000e+00) (Dmin,Dmax:Drng)=(0,0:1)
# CPScodec::SetCSL Kc=7 QB=16 QB2=8
# CPScodec: Kc=7 QB=16 QB2=8
# CPScodec::CSL
#  [0] 00,07,00,00  01,06,00,00  02,05,00,00  03,04,00,00  04,03,00,00  05,02,00,00  06,01,00,00  07,00,00,00  
#  [1] 00,00,00,07  00,00,01,06  00,00,02,05  00,00,03,04  00,00,04,03  00,00,05,02  00,00,06,01  00,00,07,00  
# Kc=7 QB=16 QB2=8
# CIDSchannel: N=300 (Pi,Pd,Ps)=(0.000000e+00,0.000000e+00,0.000000e+00) (Dmin,Dmax)=(0,0)
# CIDSchannel: Kc=7 Nseq=50
# ChannelMatrix: M=18 N=180
# ChannelMatrix: M=8 N=80
# ConcatAB: (Nb,Nu,Ns)=(300,6,50) Nseq=50 (Qa,Qb)=(18,16) (Dmin,Dmax,Drng)=(0,0,1)
1475 : 7012/73750=9.507797e-02 13 : 71766/442500=1.621831e-01 69 : 4.169822e+00 3.395472e-01 3.830275e+00 : 2.999987e+00 6.118111e-01 2.388176e+00
2993 : 14261/149650=9.529569e-02 13 : 145890/897900=1.624791e-01 70 : 4.169876e+00 3.407577e-01 3.829118e+00 : 2.999992e+00 6.122455e-01 2.387746e+00
4511 : 21487/225550=9.526491e-02 14 : 219883/1353300=1.624791e-01 70 : 4.169890e+00 3.405743e-01 3.829316e+00 : 2.999992e+00 6.121529e-01 2.387839e+00
6041 : 28880/302050=9.561331e-02 14 : 294488/1812300=1.624941e-01 75 : 4.169892e+00 3.416940e-01 3.828198e+00 : 2.999994e+00 6.118487e-01 2.388145e+00
7559 : 36148/377950=9.564228e-02 14 : 369096/2267700=1.627623e-01 75 : 4.169891e+00 3.420805e-01 3.827811e+00 : 2.999996e+00 6.126917e-01 2.387304e+00
9066 : 43455/453300=9.586367e-02 14 : 442922/2719800=1.628509e-01 75 : 4.169894e+00 3.424818e-01 3.827412e+00 : 2.999997e+00 6.127801e-01 2.387217e+00
10000 : 47947/500000=9.589400e-02 14 : 488624/3000000=1.628747e-01 75 : 4.169907e+00 3.424056e-01 3.827501e+00 : 2.999997e+00 6.125616e-01 2.387435e+00
# InnerCodebook: deleted
# ChannelMatrix: deleted
# CIDSchannel: deleted
# CSFBAdec: deleted
# CPScodec; deleted
# ChannelMatrix: deleted
# ChannelMatrix: deleted
# ConcatAB: deleted
