# InnerCodebook: input ICB/ex04//cb.txt
# InnerCodebook: Nu=8 Nu2p=256 numCW=52 FlgUnique=1 FlgInvertible=1 FlgBalanced=1
# InnerCodebook: Rho=3 (ell,Delta)=(10,2) L0=2
# InnerCodebook: Rst01=12 Rst10=39
# CW
# 000:00101011 (2,L2,R2) WL:0 0 1 1 2 2 3 4  WR:4 4 4 3 3 2 2 1  
# 001:00101101 (2,L2,R1) WL:0 0 1 1 2 3 3 4  WR:4 4 4 3 3 2 1 1  
# 002:00101110 (3,L2,R1) WL:0 0 1 1 2 3 4 4  WR:4 4 4 3 3 2 1 0  
# 003:00110011 (2,L2,R2) WL:0 0 1 2 2 2 3 4  WR:4 4 4 3 2 2 2 1  
# 004:00110101 (2,L2,R1) WL:0 0 1 2 2 3 3 4  WR:4 4 4 3 2 2 1 1  
# 005:00110110 (2,L2,R1) WL:0 0 1 2 2 3 4 4  WR:4 4 4 3 2 2 1 0  
# 006:00111001 (3,L2,R1) WL:0 0 1 2 3 3 3 4  WR:4 4 4 3 2 1 1 1  
# 007:00111010 (3,L2,R1) WL:0 0 1 2 3 3 4 4  WR:4 4 4 3 2 1 1 0  
# 008:01001011 (2,L1,R2) WL:0 1 1 1 2 2 3 4  WR:4 4 3 3 3 2 2 1  
# 009:01001101 (2,L1,R1) WL:0 1 1 1 2 3 3 4  WR:4 4 3 3 3 2 1 1  
# 010:01001110 (3,L1,R1) WL:0 1 1 1 2 3 4 4  WR:4 4 3 3 3 2 1 0  
# 011:01010011 (2,L1,R2) WL:0 1 1 2 2 2 3 4  WR:4 4 3 3 2 2 2 1  
# 012:01010101 (1,L1,R1) WL:0 1 1 2 2 3 3 4  WR:4 4 3 3 2 2 1 1  
# 013:01010110 (2,L1,R1) WL:0 1 1 2 2 3 4 4  WR:4 4 3 3 2 2 1 0  
# 014:01011001 (2,L1,R1) WL:0 1 1 2 3 3 3 4  WR:4 4 3 3 2 1 1 1  
# 015:01011010 (2,L1,R1) WL:0 1 1 2 3 3 4 4  WR:4 4 3 3 2 1 1 0  
# 016:01011100 (3,L1,R2) WL:0 1 1 2 3 4 4 4  WR:4 4 3 3 2 1 0 0  
# 017:01100011 (3,L1,R2) WL:0 1 2 2 2 2 3 4  WR:4 4 3 2 2 2 2 1  
# 018:01100101 (2,L1,R1) WL:0 1 2 2 2 3 3 4  WR:4 4 3 2 2 2 1 1  
# 019:01100110 (2,L1,R1) WL:0 1 2 2 2 3 4 4  WR:4 4 3 2 2 2 1 0  
# 020:01101001 (2,L1,R1) WL:0 1 2 2 3 3 3 4  WR:4 4 3 2 2 1 1 1  
# 021:01101010 (2,L1,R1) WL:0 1 2 2 3 3 4 4  WR:4 4 3 2 2 1 1 0  
# 022:01101100 (2,L1,R2) WL:0 1 2 2 3 4 4 4  WR:4 4 3 2 2 1 0 0  
# 023:01110001 (3,L1,R1) WL:0 1 2 3 3 3 3 4  WR:4 4 3 2 1 1 1 1  
# 024:01110010 (3,L1,R1) WL:0 1 2 3 3 3 4 4  WR:4 4 3 2 1 1 1 0  
# 025:01110100 (3,L1,R2) WL:0 1 2 3 3 4 4 4  WR:4 4 3 2 1 1 0 0  
# 026:10001011 (3,L1,R2) WL:1 1 1 1 2 2 3 4  WR:4 3 3 3 3 2 2 1  
# 027:10001101 (3,L1,R1) WL:1 1 1 1 2 3 3 4  WR:4 3 3 3 3 2 1 1  
# 028:10001110 (3,L1,R1) WL:1 1 1 1 2 3 4 4  WR:4 3 3 3 3 2 1 0  
# 029:10010011 (2,L1,R2) WL:1 1 1 2 2 2 3 4  WR:4 3 3 3 2 2 2 1  
# 030:10010101 (2,L1,R1) WL:1 1 1 2 2 3 3 4  WR:4 3 3 3 2 2 1 1  
# 031:10010110 (2,L1,R1) WL:1 1 1 2 2 3 4 4  WR:4 3 3 3 2 2 1 0  
# 032:10011001 (2,L1,R1) WL:1 1 1 2 3 3 3 4  WR:4 3 3 3 2 1 1 1  
# 033:10011010 (2,L1,R1) WL:1 1 1 2 3 3 4 4  WR:4 3 3 3 2 1 1 0  
# 034:10011100 (3,L1,R2) WL:1 1 1 2 3 4 4 4  WR:4 3 3 3 2 1 0 0  
# 035:10100011 (3,L1,R2) WL:1 1 2 2 2 2 3 4  WR:4 3 3 2 2 2 2 1  
# 036:10100101 (2,L1,R1) WL:1 1 2 2 2 3 3 4  WR:4 3 3 2 2 2 1 1  
# 037:10100110 (2,L1,R1) WL:1 1 2 2 2 3 4 4  WR:4 3 3 2 2 2 1 0  
# 038:10101001 (2,L1,R1) WL:1 1 2 2 3 3 3 4  WR:4 3 3 2 2 1 1 1  
# 039:10101010 (1,L1,R1) WL:1 1 2 2 3 3 4 4  WR:4 3 3 2 2 1 1 0  
# 040:10101100 (2,L1,R2) WL:1 1 2 2 3 4 4 4  WR:4 3 3 2 2 1 0 0  
# 041:10110001 (3,L1,R1) WL:1 1 2 3 3 3 3 4  WR:4 3 3 2 1 1 1 1  
# 042:10110010 (2,L1,R1) WL:1 1 2 3 3 3 4 4  WR:4 3 3 2 1 1 1 0  
# 043:10110100 (2,L1,R2) WL:1 1 2 3 3 4 4 4  WR:4 3 3 2 1 1 0 0  
# 044:11000101 (3,L2,R1) WL:1 2 2 2 2 3 3 4  WR:4 3 2 2 2 2 1 1  
# 045:11000110 (3,L2,R1) WL:1 2 2 2 2 3 4 4  WR:4 3 2 2 2 2 1 0  
# 046:11001001 (2,L2,R1) WL:1 2 2 2 3 3 3 4  WR:4 3 2 2 2 1 1 1  
# 047:11001010 (2,L2,R1) WL:1 2 2 2 3 3 4 4  WR:4 3 2 2 2 1 1 0  
# 048:11001100 (2,L2,R2) WL:1 2 2 2 3 4 4 4  WR:4 3 2 2 2 1 0 0  
# 049:11010001 (3,L2,R1) WL:1 2 2 3 3 3 3 4  WR:4 3 2 2 1 1 1 1  
# 050:11010010 (2,L2,R1) WL:1 2 2 3 3 3 4 4  WR:4 3 2 2 1 1 1 0  
# 051:11010100 (2,L2,R2) WL:1 2 2 3 3 4 4 4  WR:4 3 2 2 1 1 0 0  
# CWL
# 002B:1 002D:1 002E:1 0033:1 0035:1 0036:1 0039:1 003A:1 004B:1 004D:1 
# 004E:1 0053:1 0055:1 0056:1 0059:1 005A:1 005C:1 0063:1 0065:1 0066:1 
# 0069:1 006A:1 006C:1 0071:1 0072:1 0074:1 008B:1 008D:1 008E:1 0093:1 
# 0095:1 0096:1 0099:1 009A:1 009C:1 00A3:1 00A5:1 00A6:1 00A9:1 00AA:1 
# 00AC:1 00B1:1 00B2:1 00B4:1 00C5:1 00C6:1 00C9:1 00CA:1 00CC:1 00D1:1 
# 00D2:1 00D4:1 
# CWI
# 002B:000 002D:001 002E:002 0033:003 0035:004 0036:005 0039:006 003A:007 004B:008 004D:009 
# 004E:010 0053:011 0055:012 0056:013 0059:014 005A:015 005C:016 0063:017 0065:018 0066:019 
# 0069:020 006A:021 006C:022 0071:023 0072:024 0074:025 008B:026 008D:027 008E:028 0093:029 
# 0095:030 0096:031 0099:032 009A:033 009C:034 00A3:035 00A5:036 00A6:037 00A9:038 00AA:039 
# 00AC:040 00B1:041 00B2:042 00B4:043 00C5:044 00C6:045 00C9:046 00CA:047 00CC:048 00D1:049 
# 00D2:050 00D4:051 
# QA=52 Ns=38 Nu=8 Nb=304 (Pi,Pd,Ps)=(0.000000e+00,0.000000e+00,0.000000e+00) Nseq=80 Ndi=1 OutListSize=10 [0]
# ICB:   ICB/ex04//cb.txt
# Const: ICB/ex04//constraint.txt
# EncCM: ICB/ex04//EncCM.bin
# ChannelMatrix: ICB/ex04//EncCM.bin (52x52)
# CSFBAdec: Ns=38 (Nu;Nu2min,Nu2max)=(8(256);6,10) Nb=304 Q=52 Nseq=80
# CSFBAdec: (Pi,Pd,Ps,Pt)=(0.000000e+00,0.000000e+00,0.000000e+00,1.000000e+00) (Dmin,Dmax:Drng)=(0,0:1)
# CSFBAdec: generating GD & GX
# CSFBAdec: generating factor graph
# CPScodec: Ns=38 Nu=8 Nb=304 Nseq=80
# CPScodec: (Pi,Pd,Ps,Pt)=(0.000000e+00,0.000000e+00,0.000000e+00,1.000000e+00) (Dmin,Dmax:Drng)=(0,0:1)
# CPScodec::SetCSL Kc=7 QB=16 QB2=8
# CPScodec: Kc=7 QB=16 QB2=8
# CPScodec::CSL
#  [0] 00,07,00,00  01,06,00,00  02,05,00,00  03,04,00,00  04,03,00,00  05,02,00,00  06,01,00,00  07,00,00,00  
#  [1] 00,00,00,07  00,00,01,06  00,00,02,05  00,00,03,04  00,00,04,03  00,00,05,02  00,00,06,01  00,00,07,00  
# Kc=7 QB=16 QB2=8
# CIDSchannel: N=304 (Pi,Pd,Ps)=(0.000000e+00,0.000000e+00,0.000000e+00) (Dmin,Dmax)=(0,0)
# CIDSchannel: Kc=7 Nseq=80
# ChannelMatrix: M=52 N=520
# ChannelMatrix: M=8 N=80
# ConcatAB: (Nb,Nu,Ns)=(304,8,38) Nseq=80 (Qa,Qb)=(52,16) (Dmin,Dmax,Drng)=(0,0,1)
0166 : 833/6308=1.320545e-01 11 : 4917/50464=9.743580e-02 43 : 5.695205e+00 4.693006e-01 5.225904e+00 : 2.999925e+00 3.981033e-01 2.601821e+00
0836 : 4286/31768=1.349156e-01 14 : 24915/254144=9.803497e-02 50 : 5.699195e+00 4.803917e-01 5.218803e+00 : 2.999971e+00 4.022674e-01 2.597703e+00
1506 : 7803/57228=1.363493e-01 14 : 44884/457824=9.803767e-02 50 : 5.699869e+00 4.838751e-01 5.215994e+00 : 2.999984e+00 4.024569e-01 2.597527e+00
2175 : 11253/82650=1.361525e-01 14 : 64583/661200=9.767544e-02 50 : 5.699976e+00 4.834402e-01 5.216536e+00 : 2.999990e+00 4.016527e-01 2.598337e+00
2832 : 14706/107616=1.366525e-01 14 : 84078/860928=9.765973e-02 50 : 5.700093e+00 4.845269e-01 5.215566e+00 : 2.999992e+00 4.024616e-01 2.597530e+00
3499 : 18195/132962=1.368436e-01 14 : 104005/1063696=9.777700e-02 50 : 5.700150e+00 4.855539e-01 5.214596e+00 : 2.999994e+00 4.030181e-01 2.596976e+00
4167 : 21676/158346=1.368901e-01 14 : 123827/1266768=9.775034e-02 50 : 5.700253e+00 4.864386e-01 5.213814e+00 : 2.999994e+00 4.028930e-01 2.597101e+00
4835 : 25168/183730=1.369836e-01 15 : 143709/1469840=9.777187e-02 50 : 5.700250e+00 4.866214e-01 5.213628e+00 : 2.999994e+00 4.028709e-01 2.597123e+00
5504 : 28593/209152=1.367092e-01 15 : 163784/1673216=9.788575e-02 50 : 5.700253e+00 4.861995e-01 5.214054e+00 : 2.999995e+00 4.031754e-01 2.596820e+00
6173 : 32157/234574=1.370868e-01 15 : 183534/1876592=9.780176e-02 50 : 5.700279e+00 4.869766e-01 5.213302e+00 : 2.999995e+00 4.028854e-01 2.597110e+00
6841 : 35692/259958=1.372991e-01 15 : 203110/2079664=9.766482e-02 50 : 5.700290e+00 4.872212e-01 5.213069e+00 : 2.999996e+00 4.026497e-01 2.597346e+00
7509 : 39176/285342=1.372949e-01 15 : 223135/2282736=9.774893e-02 51 : 5.700296e+00 4.871643e-01 5.213132e+00 : 2.999998e+00 4.028546e-01 2.597143e+00
8177 : 42658/310726=1.372849e-01 15 : 243149/2485808=9.781488e-02 51 : 5.700303e+00 4.870650e-01 5.213238e+00 : 2.999998e+00 4.030473e-01 2.596950e+00
8846 : 46102/336148=1.371479e-01 15 : 262832/2689184=9.773671e-02 51 : 5.700311e+00 4.867655e-01 5.213546e+00 : 2.999999e+00 4.028870e-01 2.597112e+00
9514 : 49439/361532=1.367486e-01 15 : 282526/2892256=9.768361e-02 51 : 5.700310e+00 4.860385e-01 5.214271e+00 : 2.999999e+00 4.026170e-01 2.597382e+00
10000 : 51950/380000=1.367105e-01 15 : 296919/3040000=9.767072e-02 51 : 5.700312e+00 4.859961e-01 5.214316e+00 : 2.999999e+00 4.025855e-01 2.597413e+00
# InnerCodebook: deleted
# ChannelMatrix: deleted
# CIDSchannel: deleted
# CSFBAdec: deleted
# CPScodec; deleted
# ChannelMatrix: deleted
# ChannelMatrix: deleted
# ConcatAB: deleted
