# (Pid,Ps)=(1.000000e-02,1.000000e-02) Nseg=200 WinSize=10 lmd=1 [0]
# InnerCB: ../search03/ICB/G10.bin
# Gtable:  Gtable/4/010_010.bin
# InnerCodebook: beta=4(256) nu=2
# InnerCodebook: B(B2p)=6(64) 6(64) 
# InnerCodebook: checked CWM, EncMap, DecMap
# beta=4(256) nu=2 N=800 Dmax=13 WCmax=10000
# B=6,6,
# NBIDSchannel: N=800 Q=4 Dmax=13 (Pid,Ps)=(1.000000e-02,1.000000e-02)
# FBalg4: Nseg=200 Dmax=13(w=27)
# FBalg4: Gtable: Gtable/4/010_010.bin
# Gtable: beta=4 (Pid,Ps,Ptrn)=(1.000000e-02,1.000000e-02,9.800000e-01) Pth=1.000000e-10
# Gtable: beta4p=256 beta4pp=65536
# Gtable::Gtable len=0 cnt=256
# Gtable::Gtable len=1 cnt=1024
# Gtable::Gtable len=2 cnt=4096
# Gtable::Gtable len=3 cnt=16384
# Gtable::Gtable len=4 cnt=65536
# Gtable::Gtable len=5 cnt=148420
# Gtable::Gtable len=6 cnt=107608
# Gtable::Gtable len=7 cnt=15676
# Gtable::Gtable len=8 cnt=256
# FBalg4: beta=4(256) (Pid,Ps)=(1.000000e-02,1.000000e-02) Pth=1.000000e-10 N=800
# StatICB: nu=2 beta=4 beta4p=256 Bsum=12 lmd=1
# StatICB: B=6,6,
0290(799) (7.52e-01 7.96e-01) XE:9.96e-02 (1.21e+00 1.19e+00 | 7.71e-01 7.36e-01)	5.472877e+00 5.454378e+00 : 9.106045e-01
0586(802) (1.02e+00 7.89e-01) XE:9.87e-02 (1.17e+00 1.20e+00 | 7.03e-01 7.39e-01)	5.444374e+00 5.432195e+00 : 9.063808e-01
0882(807) (6.12e-01 7.90e-01) XE:9.87e-02 (1.18e+00 1.20e+00 | 7.41e-01 7.39e-01)	5.432818e+00 5.423069e+00 : 9.046573e-01
1178(800) (5.72e-01 7.92e-01) XE:9.89e-02 (1.16e+00 1.19e+00 | 7.53e-01 7.38e-01)	5.420672e+00 5.416481e+00 : 9.030961e-01
1475(796) (8.33e-01 7.89e-01) XE:9.86e-02 (1.23e+00 1.19e+00 | 8.77e-01 7.38e-01)	5.417753e+00 5.416116e+00 : 9.028224e-01
1771(803) (7.36e-01 7.86e-01) XE:9.83e-02 (1.18e+00 1.19e+00 | 7.26e-01 7.38e-01)	5.417551e+00 5.414660e+00 : 9.026843e-01
2067(797) (8.14e-01 7.86e-01) XE:9.83e-02 (1.20e+00 1.19e+00 | 6.88e-01 7.37e-01)	5.415302e+00 5.411537e+00 : 9.022366e-01
2364(798) (9.32e-01 7.86e-01) XE:9.83e-02 (1.15e+00 1.19e+00 | 6.85e-01 7.38e-01)	5.413247e+00 5.408174e+00 : 9.017852e-01
2661(800) (7.04e-01 7.86e-01) XE:9.83e-02 (1.18e+00 1.19e+00 | 6.68e-01 7.38e-01)	5.410949e+00 5.405317e+00 : 9.013555e-01
2957(793) (9.41e-01 7.86e-01) XE:9.83e-02 (1.21e+00 1.19e+00 | 7.69e-01 7.38e-01)	5.409175e+00 5.402694e+00 : 9.009891e-01
3254(793) (6.70e-01 7.87e-01) XE:9.84e-02 (1.22e+00 1.19e+00 | 7.08e-01 7.38e-01)	5.407136e+00 5.400707e+00 : 9.006536e-01
3550(801) (1.22e+00 7.86e-01) XE:9.83e-02 (1.18e+00 1.19e+00 | 7.28e-01 7.38e-01)	5.407951e+00 5.400337e+00 : 9.006907e-01
3845(794) (5.83e-01 7.85e-01) XE:9.81e-02 (1.20e+00 1.19e+00 | 7.26e-01 7.38e-01)	5.407037e+00 5.399820e+00 : 9.005714e-01
4141(807) (7.03e-01 7.87e-01) XE:9.83e-02 (1.20e+00 1.19e+00 | 7.13e-01 7.38e-01)	5.404875e+00 5.398328e+00 : 9.002670e-01
4437(802) (1.05e+00 7.87e-01) XE:9.83e-02 (1.17e+00 1.19e+00 | 7.08e-01 7.38e-01)	5.405079e+00 5.398321e+00 : 9.002834e-01
4733(805) (4.56e-01 7.86e-01) XE:9.83e-02 (1.18e+00 1.19e+00 | 7.36e-01 7.38e-01)	5.404584e+00 5.398214e+00 : 9.002332e-01
5029(798) (5.72e-01 7.86e-01) XE:9.83e-02 (1.19e+00 1.19e+00 | 7.66e-01 7.38e-01)	5.404091e+00 5.397893e+00 : 9.001653e-01
5325(810) (6.77e-01 7.86e-01) XE:9.82e-02 (1.16e+00 1.19e+00 | 6.75e-01 7.38e-01)	5.404431e+00 5.398368e+00 : 9.002332e-01
5621(789) (1.20e+00 7.86e-01) XE:9.83e-02 (1.18e+00 1.19e+00 | 7.08e-01 7.38e-01)	5.402808e+00 5.397953e+00 : 9.000634e-01
5917(801) (8.15e-01 7.86e-01) XE:9.82e-02 (1.17e+00 1.19e+00 | 7.26e-01 7.38e-01)	5.403196e+00 5.397489e+00 : 9.000571e-01
6213(795) (5.91e-01 7.86e-01) XE:9.83e-02 (1.18e+00 1.19e+00 | 7.00e-01 7.38e-01)	5.401918e+00 5.396708e+00 : 8.998855e-01
6510(804) (6.05e-01 7.86e-01) XE:9.83e-02 (1.21e+00 1.19e+00 | 7.51e-01 7.38e-01)	5.402231e+00 5.396825e+00 : 8.999213e-01
6806(802) (1.34e+00 7.87e-01) XE:9.83e-02 (1.18e+00 1.19e+00 | 7.81e-01 7.38e-01)	5.401832e+00 5.396523e+00 : 8.998629e-01
7101(806) (6.36e-01 7.85e-01) XE:9.82e-02 (1.16e+00 1.19e+00 | 7.10e-01 7.38e-01)	5.402443e+00 5.397249e+00 : 8.999744e-01
7398(803) (9.91e-01 7.85e-01) XE:9.81e-02 (1.18e+00 1.19e+00 | 7.23e-01 7.38e-01)	5.402957e+00 5.397599e+00 : 9.000464e-01
7693(805) (7.33e-01 7.85e-01) XE:9.81e-02 (1.17e+00 1.19e+00 | 6.52e-01 7.38e-01)	5.402794e+00 5.397397e+00 : 9.000159e-01
7989(805) (5.57e-01 7.85e-01) XE:9.81e-02 (1.21e+00 1.19e+00 | 7.03e-01 7.38e-01)	5.402300e+00 5.397241e+00 : 8.999617e-01
8285(798) (9.78e-01 7.84e-01) XE:9.81e-02 (1.21e+00 1.19e+00 | 8.09e-01 7.38e-01)	5.402473e+00 5.397427e+00 : 8.999917e-01
8581(807) (6.70e-01 7.85e-01) XE:9.81e-02 (1.17e+00 1.19e+00 | 7.56e-01 7.38e-01)	5.401802e+00 5.396931e+00 : 8.998944e-01
8877(801) (6.38e-01 7.84e-01) XE:9.80e-02 (1.16e+00 1.19e+00 | 7.76e-01 7.38e-01)	5.401760e+00 5.396677e+00 : 8.998698e-01
9173(806) (1.01e+00 7.84e-01) XE:9.80e-02 (1.16e+00 1.19e+00 | 6.50e-01 7.38e-01)	5.401816e+00 5.397067e+00 : 8.999069e-01
9469(797) (6.91e-01 7.84e-01) XE:9.80e-02 (1.21e+00 1.19e+00 | 7.18e-01 7.38e-01)	5.401820e+00 5.396792e+00 : 8.998844e-01
9765(805) (1.28e+00 7.84e-01) XE:9.80e-02 (1.23e+00 1.19e+00 | 7.43e-01 7.38e-01)	5.401003e+00 5.396148e+00 : 8.997626e-01
10000(802) (1.14e+00 7.84e-01) XE:9.80e-02 (1.18e+00 1.19e+00 | 6.68e-01 7.38e-01)	5.400745e+00 5.395945e+00 : 8.997242e-01
RL cnt: 0,5462488,1130842,84392,3118,0,0,0,0,0,0,0,0,0,0,0,
BL cnt: 0,0,0,0,0,0,0,0,1460027,0,4990134,0,1459839,0,0,0,0,0,0,0,0,
5.400745e+00 5.395945e+00 : 8.997242e-01
# InnerCodebook: deleted
# NBIDSchannel: deleted
# Gtable: deleted
# FBalg4: deleted
# StatICB: deleted
