# (Pid,Ps)=(2.000000e-02,1.000000e-02) Nseg=200 WinSize=10 lmd=1 [0]
# InnerCB: ../search03/ICB/G10.bin
# Gtable:  Gtable/4/020_010.bin
# InnerCodebook: beta=4(256) nu=2
# InnerCodebook: B(B2p)=6(64) 6(64) 
# InnerCodebook: checked CWM, EncMap, DecMap
# beta=4(256) nu=2 N=800 Dmax=21 WCmax=10000
# B=6,6,
# NBIDSchannel: N=800 Q=4 Dmax=21 (Pid,Ps)=(2.000000e-02,1.000000e-02)
# FBalg4: Nseg=200 Dmax=21(w=43)
# FBalg4: Gtable: Gtable/4/020_010.bin
# Gtable: beta=4 (Pid,Ps,Ptrn)=(2.000000e-02,1.000000e-02,9.600000e-01) Pth=1.000000e-10
# Gtable: beta4p=256 beta4pp=65536
# Gtable::Gtable len=0 cnt=256
# Gtable::Gtable len=1 cnt=1024
# Gtable::Gtable len=2 cnt=4096
# Gtable::Gtable len=3 cnt=16384
# Gtable::Gtable len=4 cnt=65536
# Gtable::Gtable len=5 cnt=148492
# Gtable::Gtable len=6 cnt=107608
# Gtable::Gtable len=7 cnt=57364
# Gtable::Gtable len=8 cnt=6400
# FBalg4: beta=4(256) (Pid,Ps)=(2.000000e-02,1.000000e-02) Pth=1.000000e-10 N=800
# StatICB: nu=2 beta=4 beta4p=256 Bsum=12 lmd=1
# StatICB: B=6,6,
0166(799) (1.36e+00 1.24e+00) XE:1.55e-01 (1.19e+00 1.19e+00 | 7.03e-01 7.33e-01)	5.087871e+00 5.124841e+00 : 8.510593e-01
0347(796) (1.22e+00 1.26e+00) XE:1.57e-01 (1.19e+00 1.19e+00 | 7.56e-01 7.32e-01)	5.013600e+00 5.028082e+00 : 8.368068e-01
0528(799) (1.12e+00 1.26e+00) XE:1.57e-01 (1.18e+00 1.19e+00 | 6.73e-01 7.34e-01)	4.996452e+00 5.002941e+00 : 8.332827e-01
0708(796) (1.16e+00 1.25e+00) XE:1.56e-01 (1.20e+00 1.19e+00 | 7.23e-01 7.34e-01)	4.997682e+00 4.993004e+00 : 8.325571e-01
0889(798) (1.12e+00 1.25e+00) XE:1.56e-01 (1.19e+00 1.19e+00 | 8.02e-01 7.34e-01)	4.987206e+00 4.980477e+00 : 8.306403e-01
1069(791) (1.37e+00 1.25e+00) XE:1.56e-01 (1.21e+00 1.19e+00 | 7.38e-01 7.35e-01)	4.978694e+00 4.969042e+00 : 8.289780e-01
1250(799) (1.71e+00 1.25e+00) XE:1.56e-01 (1.18e+00 1.19e+00 | 7.28e-01 7.36e-01)	4.973179e+00 4.963012e+00 : 8.280159e-01
1430(801) (1.11e+00 1.25e+00) XE:1.56e-01 (1.20e+00 1.19e+00 | 7.21e-01 7.36e-01)	4.963728e+00 4.955685e+00 : 8.266177e-01
1611(800) (1.34e+00 1.25e+00) XE:1.56e-01 (1.18e+00 1.19e+00 | 7.00e-01 7.36e-01)	4.958978e+00 4.951187e+00 : 8.258471e-01
1792(798) (2.02e+00 1.25e+00) XE:1.56e-01 (1.21e+00 1.19e+00 | 7.03e-01 7.37e-01)	4.955868e+00 4.947734e+00 : 8.253002e-01
1972(798) (1.45e+00 1.25e+00) XE:1.56e-01 (1.19e+00 1.19e+00 | 7.99e-01 7.37e-01)	4.955895e+00 4.947306e+00 : 8.252667e-01
2153(801) (1.19e+00 1.25e+00) XE:1.56e-01 (1.16e+00 1.19e+00 | 7.36e-01 7.37e-01)	4.954839e+00 4.945970e+00 : 8.250675e-01
2334(806) (8.49e-01 1.25e+00) XE:1.56e-01 (1.21e+00 1.19e+00 | 6.95e-01 7.37e-01)	4.949927e+00 4.940065e+00 : 8.241660e-01
2515(797) (8.07e-01 1.25e+00) XE:1.56e-01 (1.22e+00 1.19e+00 | 7.36e-01 7.37e-01)	4.949860e+00 4.942202e+00 : 8.243385e-01
2695(803) (1.21e+00 1.25e+00) XE:1.56e-01 (1.19e+00 1.19e+00 | 7.46e-01 7.37e-01)	4.947817e+00 4.941814e+00 : 8.241360e-01
2875(817) (8.45e-01 1.25e+00) XE:1.56e-01 (1.21e+00 1.19e+00 | 6.98e-01 7.38e-01)	4.945899e+00 4.939014e+00 : 8.237427e-01
3056(792) (1.29e+00 1.25e+00) XE:1.56e-01 (1.19e+00 1.19e+00 | 7.18e-01 7.38e-01)	4.943271e+00 4.935261e+00 : 8.232110e-01
3237(800) (1.07e+00 1.25e+00) XE:1.56e-01 (1.19e+00 1.19e+00 | 7.13e-01 7.38e-01)	4.943573e+00 4.934484e+00 : 8.231714e-01
3418(806) (1.74e+00 1.25e+00) XE:1.56e-01 (1.20e+00 1.19e+00 | 6.62e-01 7.38e-01)	4.944313e+00 4.934206e+00 : 8.232100e-01
3599(799) (1.46e+00 1.25e+00) XE:1.56e-01 (1.19e+00 1.19e+00 | 7.26e-01 7.38e-01)	4.942682e+00 4.933033e+00 : 8.229762e-01
3780(809) (1.19e+00 1.25e+00) XE:1.56e-01 (1.21e+00 1.19e+00 | 7.53e-01 7.38e-01)	4.939317e+00 4.928931e+00 : 8.223540e-01
3960(797) (1.44e+00 1.25e+00) XE:1.56e-01 (1.19e+00 1.19e+00 | 6.95e-01 7.37e-01)	4.939147e+00 4.928413e+00 : 8.222966e-01
4142(798) (1.40e+00 1.25e+00) XE:1.57e-01 (1.20e+00 1.19e+00 | 7.99e-01 7.38e-01)	4.935811e+00 4.925133e+00 : 8.217453e-01
4322(784) (1.27e+00 1.25e+00) XE:1.57e-01 (1.21e+00 1.19e+00 | 7.69e-01 7.38e-01)	4.936288e+00 4.925366e+00 : 8.218045e-01
4503(803) (1.08e+00 1.25e+00) XE:1.56e-01 (1.19e+00 1.19e+00 | 6.98e-01 7.38e-01)	4.937726e+00 4.926032e+00 : 8.219798e-01
4684(804) (1.15e+00 1.25e+00) XE:1.56e-01 (1.20e+00 1.19e+00 | 7.61e-01 7.38e-01)	4.936612e+00 4.924742e+00 : 8.217795e-01
4865(801) (1.07e+00 1.25e+00) XE:1.56e-01 (1.19e+00 1.19e+00 | 7.38e-01 7.37e-01)	4.935084e+00 4.924542e+00 : 8.216355e-01
5046(810) (1.12e+00 1.25e+00) XE:1.56e-01 (1.20e+00 1.19e+00 | 6.85e-01 7.38e-01)	4.935627e+00 4.924701e+00 : 8.216939e-01
5227(799) (1.01e+00 1.25e+00) XE:1.56e-01 (1.18e+00 1.19e+00 | 6.57e-01 7.38e-01)	4.935532e+00 4.924401e+00 : 8.216611e-01
5407(806) (9.12e-01 1.25e+00) XE:1.56e-01 (1.19e+00 1.19e+00 | 7.51e-01 7.38e-01)	4.933036e+00 4.921278e+00 : 8.211928e-01
5588(795) (9.85e-01 1.25e+00) XE:1.56e-01 (1.22e+00 1.19e+00 | 7.64e-01 7.38e-01)	4.931010e+00 4.918903e+00 : 8.208261e-01
5769(798) (1.09e+00 1.25e+00) XE:1.57e-01 (1.16e+00 1.19e+00 | 7.51e-01 7.38e-01)	4.929331e+00 4.916769e+00 : 8.205083e-01
5950(795) (1.83e+00 1.25e+00) XE:1.57e-01 (1.21e+00 1.19e+00 | 6.83e-01 7.38e-01)	4.929359e+00 4.917081e+00 : 8.205367e-01
6131(798) (1.16e+00 1.25e+00) XE:1.57e-01 (1.21e+00 1.19e+00 | 6.75e-01 7.38e-01)	4.928638e+00 4.915469e+00 : 8.203422e-01
6311(804) (7.38e-01 1.25e+00) XE:1.57e-01 (1.17e+00 1.19e+00 | 7.53e-01 7.38e-01)	4.928101e+00 4.915789e+00 : 8.203242e-01
6492(813) (8.00e-01 1.25e+00) XE:1.57e-01 (1.19e+00 1.19e+00 | 7.76e-01 7.38e-01)	4.928304e+00 4.916109e+00 : 8.203678e-01
6673(796) (1.61e+00 1.25e+00) XE:1.57e-01 (1.20e+00 1.19e+00 | 7.13e-01 7.38e-01)	4.926921e+00 4.915792e+00 : 8.202261e-01
6854(793) (1.51e+00 1.25e+00) XE:1.57e-01 (1.20e+00 1.19e+00 | 7.59e-01 7.38e-01)	4.926918e+00 4.915791e+00 : 8.202258e-01
7034(804) (1.27e+00 1.25e+00) XE:1.56e-01 (1.18e+00 1.19e+00 | 7.43e-01 7.38e-01)	4.927073e+00 4.915692e+00 : 8.202305e-01
7214(808) (1.52e+00 1.25e+00) XE:1.57e-01 (1.19e+00 1.19e+00 | 8.17e-01 7.38e-01)	4.926271e+00 4.915469e+00 : 8.201450e-01
7395(799) (1.17e+00 1.25e+00) XE:1.57e-01 (1.23e+00 1.19e+00 | 8.09e-01 7.38e-01)	4.923570e+00 4.912754e+00 : 8.196936e-01
7575(795) (1.65e+00 1.25e+00) XE:1.57e-01 (1.20e+00 1.19e+00 | 7.08e-01 7.38e-01)	4.924098e+00 4.912914e+00 : 8.197511e-01
7755(806) (1.42e+00 1.25e+00) XE:1.57e-01 (1.21e+00 1.19e+00 | 7.21e-01 7.38e-01)	4.924820e+00 4.913544e+00 : 8.198637e-01
7936(804) (1.23e+00 1.25e+00) XE:1.56e-01 (1.21e+00 1.19e+00 | 6.98e-01 7.38e-01)	4.925526e+00 4.914515e+00 : 8.200035e-01
8116(797) (1.06e+00 1.25e+00) XE:1.57e-01 (1.22e+00 1.19e+00 | 7.96e-01 7.38e-01)	4.924546e+00 4.913258e+00 : 8.198170e-01
8297(796) (2.27e+00 1.25e+00) XE:1.57e-01 (1.18e+00 1.19e+00 | 6.98e-01 7.38e-01)	4.924087e+00 4.912663e+00 : 8.197291e-01
8477(800) (9.55e-01 1.25e+00) XE:1.56e-01 (1.22e+00 1.19e+00 | 8.02e-01 7.38e-01)	4.924017e+00 4.912755e+00 : 8.197310e-01
8658(801) (1.18e+00 1.25e+00) XE:1.56e-01 (1.18e+00 1.19e+00 | 7.05e-01 7.38e-01)	4.924904e+00 4.913503e+00 : 8.198673e-01
8839(805) (7.94e-01 1.25e+00) XE:1.56e-01 (1.17e+00 1.19e+00 | 7.94e-01 7.38e-01)	4.926006e+00 4.914237e+00 : 8.200202e-01
9019(805) (1.07e+00 1.25e+00) XE:1.56e-01 (1.22e+00 1.19e+00 | 7.46e-01 7.38e-01)	4.926347e+00 4.914218e+00 : 8.200471e-01
9199(797) (1.17e+00 1.25e+00) XE:1.56e-01 (1.19e+00 1.19e+00 | 7.43e-01 7.38e-01)	4.924942e+00 4.913115e+00 : 8.198381e-01
9380(801) (1.35e+00 1.25e+00) XE:1.56e-01 (1.18e+00 1.19e+00 | 7.18e-01 7.38e-01)	4.924877e+00 4.913524e+00 : 8.198667e-01
9561(803) (1.57e+00 1.25e+00) XE:1.56e-01 (1.20e+00 1.19e+00 | 6.62e-01 7.38e-01)	4.925211e+00 4.914361e+00 : 8.199644e-01
9740(806) (8.13e-01 1.25e+00) XE:1.56e-01 (1.19e+00 1.19e+00 | 7.91e-01 7.38e-01)	4.924991e+00 4.914647e+00 : 8.199699e-01
9921(808) (9.70e-01 1.25e+00) XE:1.56e-01 (1.21e+00 1.19e+00 | 7.96e-01 7.38e-01)	4.925582e+00 4.915139e+00 : 8.200601e-01
10000(803) (7.85e-01 1.25e+00) XE:1.56e-01 (1.18e+00 1.19e+00 | 7.51e-01 7.38e-01)	4.924884e+00 4.914440e+00 : 8.199436e-01
RL cnt: 0,5459805,1132503,84293,3035,0,0,0,0,0,0,0,0,0,0,0,
BL cnt: 0,0,0,0,0,0,0,0,1458605,0,4992230,0,1459165,0,0,0,0,0,0,0,0,
4.924884e+00 4.914440e+00 : 8.199436e-01
# InnerCodebook: deleted
# NBIDSchannel: deleted
# Gtable: deleted
# FBalg4: deleted
# StatICB: deleted
