# (Pid,Ps)=(4.000000e-02,1.000000e-02) Nseg=200 WinSize=10 lmd=1 [0]
# InnerCB: ../search03/ICB/G10.bin
# Gtable:  Gtable/4/040_010.bin
# InnerCodebook: beta=4(256) nu=2
# InnerCodebook: B(B2p)=6(64) 6(64) 
# InnerCodebook: checked CWM, EncMap, DecMap
# beta=4(256) nu=2 N=800 Dmax=37 WCmax=10000
# B=6,6,
# NBIDSchannel: N=800 Q=4 Dmax=37 (Pid,Ps)=(4.000000e-02,1.000000e-02)
# FBalg4: Nseg=200 Dmax=37(w=75)
# FBalg4: Gtable: Gtable/4/040_010.bin
# Gtable: beta=4 (Pid,Ps,Ptrn)=(4.000000e-02,1.000000e-02,9.200000e-01) Pth=1.000000e-10
# Gtable: beta4p=256 beta4pp=65536
# Gtable::Gtable len=0 cnt=256
# Gtable::Gtable len=1 cnt=1024
# Gtable::Gtable len=2 cnt=4096
# Gtable::Gtable len=3 cnt=16384
# Gtable::Gtable len=4 cnt=61420
# Gtable::Gtable len=5 cnt=153172
# Gtable::Gtable len=6 cnt=214528
# Gtable::Gtable len=7 cnt=126700
# Gtable::Gtable len=8 cnt=6400
# FBalg4: beta=4(256) (Pid,Ps)=(4.000000e-02,1.000000e-02) Pth=1.000000e-10 N=800
# StatICB: nu=2 beta=4 beta4p=256 Bsum=12 lmd=1
# StatICB: B=6,6,
0092(807) (1.44e+00 2.43e+00) XE:3.04e-01 (1.18e+00 1.20e+00 | 7.43e-01 7.35e-01)	4.070829e+00 4.104177e+00 : 6.812505e-01
0194(786) (2.10e+00 2.37e+00) XE:2.96e-01 (1.18e+00 1.20e+00 | 6.98e-01 7.39e-01)	4.010791e+00 4.001546e+00 : 6.676948e-01
0295(804) (2.18e+00 2.39e+00) XE:2.98e-01 (1.21e+00 1.19e+00 | 7.43e-01 7.39e-01)	3.928820e+00 3.916429e+00 : 6.537707e-01
0396(788) (3.68e+00 2.43e+00) XE:3.04e-01 (1.21e+00 1.19e+00 | 7.59e-01 7.41e-01)	3.824782e+00 3.816633e+00 : 6.367846e-01
0497(791) (2.81e+00 2.45e+00) XE:3.06e-01 (1.19e+00 1.19e+00 | 7.33e-01 7.39e-01)	3.750120e+00 3.739085e+00 : 6.241004e-01
0598(785) (3.09e+00 2.43e+00) XE:3.04e-01 (1.21e+00 1.19e+00 | 8.19e-01 7.39e-01)	3.753437e+00 3.736497e+00 : 6.241611e-01
0699(807) (2.22e+00 2.42e+00) XE:3.02e-01 (1.18e+00 1.19e+00 | 7.91e-01 7.38e-01)	3.756664e+00 3.744304e+00 : 6.250807e-01
0800(807) (2.47e+00 2.41e+00) XE:3.01e-01 (1.19e+00 1.19e+00 | 6.68e-01 7.37e-01)	3.760237e+00 3.751178e+00 : 6.259513e-01
0901(796) (2.38e+00 2.41e+00) XE:3.02e-01 (1.19e+00 1.19e+00 | 7.66e-01 7.37e-01)	3.740068e+00 3.727963e+00 : 6.223359e-01
1002(808) (1.72e+00 2.42e+00) XE:3.03e-01 (1.19e+00 1.19e+00 | 7.26e-01 7.37e-01)	3.712219e+00 3.701651e+00 : 6.178225e-01
1103(802) (2.58e+00 2.41e+00) XE:3.01e-01 (1.21e+00 1.19e+00 | 7.36e-01 7.37e-01)	3.720805e+00 3.707357e+00 : 6.190135e-01
1204(799) (2.82e+00 2.42e+00) XE:3.02e-01 (1.16e+00 1.19e+00 | 7.21e-01 7.37e-01)	3.702481e+00 3.692477e+00 : 6.162465e-01
1306(786) (2.49e+00 2.42e+00) XE:3.03e-01 (1.16e+00 1.19e+00 | 6.98e-01 7.37e-01)	3.691365e+00 3.680209e+00 : 6.142979e-01
1407(798) (2.65e+00 2.42e+00) XE:3.03e-01 (1.16e+00 1.19e+00 | 7.36e-01 7.37e-01)	3.683859e+00 3.674405e+00 : 6.131886e-01
1508(797) (2.49e+00 2.42e+00) XE:3.03e-01 (1.16e+00 1.19e+00 | 7.05e-01 7.37e-01)	3.682520e+00 3.668855e+00 : 6.126145e-01
1609(801) (1.74e+00 2.42e+00) XE:3.03e-01 (1.19e+00 1.19e+00 | 7.51e-01 7.37e-01)	3.679943e+00 3.663732e+00 : 6.119729e-01
1710(812) (1.85e+00 2.43e+00) XE:3.04e-01 (1.16e+00 1.19e+00 | 7.23e-01 7.37e-01)	3.670448e+00 3.653873e+00 : 6.103600e-01
1811(796) (1.71e+00 2.43e+00) XE:3.04e-01 (1.19e+00 1.19e+00 | 7.28e-01 7.37e-01)	3.665946e+00 3.647673e+00 : 6.094683e-01
1912(794) (2.08e+00 2.43e+00) XE:3.04e-01 (1.16e+00 1.19e+00 | 7.23e-01 7.36e-01)	3.658235e+00 3.642932e+00 : 6.084306e-01
2013(788) (2.50e+00 2.43e+00) XE:3.04e-01 (1.19e+00 1.19e+00 | 7.18e-01 7.36e-01)	3.655856e+00 3.641510e+00 : 6.081138e-01
2114(789) (2.20e+00 2.43e+00) XE:3.04e-01 (1.19e+00 1.19e+00 | 8.22e-01 7.37e-01)	3.657629e+00 3.643100e+00 : 6.083941e-01
2215(795) (3.10e+00 2.43e+00) XE:3.04e-01 (1.21e+00 1.19e+00 | 7.38e-01 7.37e-01)	3.655590e+00 3.640047e+00 : 6.079697e-01
2316(794) (1.60e+00 2.43e+00) XE:3.04e-01 (1.20e+00 1.19e+00 | 7.56e-01 7.37e-01)	3.647251e+00 3.632078e+00 : 6.066108e-01
2417(803) (2.27e+00 2.43e+00) XE:3.04e-01 (1.20e+00 1.19e+00 | 7.71e-01 7.37e-01)	3.639515e+00 3.624757e+00 : 6.053560e-01
2518(810) (3.41e+00 2.44e+00) XE:3.05e-01 (1.18e+00 1.19e+00 | 6.65e-01 7.37e-01)	3.626630e+00 3.612835e+00 : 6.032888e-01
2619(808) (2.27e+00 2.44e+00) XE:3.05e-01 (1.19e+00 1.19e+00 | 7.36e-01 7.37e-01)	3.623102e+00 3.609576e+00 : 6.027232e-01
2720(800) (2.10e+00 2.44e+00) XE:3.05e-01 (1.21e+00 1.19e+00 | 7.10e-01 7.37e-01)	3.620887e+00 3.605547e+00 : 6.022029e-01
2822(802) (2.09e+00 2.44e+00) XE:3.05e-01 (1.19e+00 1.19e+00 | 7.56e-01 7.37e-01)	3.625881e+00 3.610427e+00 : 6.030256e-01
2923(806) (3.08e+00 2.44e+00) XE:3.05e-01 (1.18e+00 1.19e+00 | 7.43e-01 7.37e-01)	3.623551e+00 3.608007e+00 : 6.026299e-01
3024(802) (2.21e+00 2.44e+00) XE:3.05e-01 (1.21e+00 1.19e+00 | 7.36e-01 7.37e-01)	3.621907e+00 3.606366e+00 : 6.023561e-01
3125(802) (2.17e+00 2.44e+00) XE:3.05e-01 (1.24e+00 1.19e+00 | 8.27e-01 7.37e-01)	3.619292e+00 3.602197e+00 : 6.017907e-01
3226(788) (2.08e+00 2.44e+00) XE:3.04e-01 (1.19e+00 1.19e+00 | 8.07e-01 7.37e-01)	3.620012e+00 3.602064e+00 : 6.018397e-01
3327(799) (2.11e+00 2.44e+00) XE:3.04e-01 (1.19e+00 1.19e+00 | 6.60e-01 7.37e-01)	3.620284e+00 3.603212e+00 : 6.019580e-01
3428(794) (2.37e+00 2.43e+00) XE:3.04e-01 (1.20e+00 1.19e+00 | 6.75e-01 7.37e-01)	3.620289e+00 3.604131e+00 : 6.020350e-01
3529(811) (2.06e+00 2.43e+00) XE:3.04e-01 (1.19e+00 1.19e+00 | 7.41e-01 7.37e-01)	3.620393e+00 3.604008e+00 : 6.020334e-01
3630(793) (2.04e+00 2.43e+00) XE:3.04e-01 (1.21e+00 1.19e+00 | 7.36e-01 7.37e-01)	3.621648e+00 3.605434e+00 : 6.022568e-01
3731(822) (1.91e+00 2.43e+00) XE:3.04e-01 (1.20e+00 1.19e+00 | 7.91e-01 7.37e-01)	3.626126e+00 3.609895e+00 : 6.030017e-01
3832(800) (2.69e+00 2.43e+00) XE:3.04e-01 (1.21e+00 1.19e+00 | 6.73e-01 7.37e-01)	3.626674e+00 3.609706e+00 : 6.030316e-01
3933(807) (2.30e+00 2.43e+00) XE:3.04e-01 (1.21e+00 1.19e+00 | 7.86e-01 7.37e-01)	3.620919e+00 3.603772e+00 : 6.020576e-01
4034(804) (2.18e+00 2.43e+00) XE:3.04e-01 (1.17e+00 1.19e+00 | 7.64e-01 7.37e-01)	3.616660e+00 3.599333e+00 : 6.013327e-01
4135(798) (2.17e+00 2.43e+00) XE:3.04e-01 (1.17e+00 1.19e+00 | 7.00e-01 7.37e-01)	3.614776e+00 3.598140e+00 : 6.010763e-01
4236(805) (2.19e+00 2.43e+00) XE:3.04e-01 (1.19e+00 1.19e+00 | 7.43e-01 7.37e-01)	3.616351e+00 3.599658e+00 : 6.013341e-01
4338(791) (2.01e+00 2.43e+00) XE:3.04e-01 (1.20e+00 1.19e+00 | 7.48e-01 7.37e-01)	3.614542e+00 3.598892e+00 : 6.011195e-01
4438(798) (2.20e+00 2.43e+00) XE:3.04e-01 (1.21e+00 1.19e+00 | 7.10e-01 7.37e-01)	3.615153e+00 3.599922e+00 : 6.012563e-01
4540(805) (1.91e+00 2.43e+00) XE:3.04e-01 (1.18e+00 1.19e+00 | 7.03e-01 7.37e-01)	3.612902e+00 3.596664e+00 : 6.007972e-01
4641(787) (2.26e+00 2.43e+00) XE:3.04e-01 (1.21e+00 1.19e+00 | 7.10e-01 7.37e-01)	3.607008e+00 3.590642e+00 : 5.998042e-01
4742(804) (2.19e+00 2.43e+00) XE:3.04e-01 (1.21e+00 1.19e+00 | 7.69e-01 7.37e-01)	3.604696e+00 3.588580e+00 : 5.994397e-01
4843(798) (2.28e+00 2.43e+00) XE:3.04e-01 (1.18e+00 1.19e+00 | 8.32e-01 7.37e-01)	3.603843e+00 3.587806e+00 : 5.993041e-01
4944(804) (2.08e+00 2.43e+00) XE:3.04e-01 (1.17e+00 1.19e+00 | 7.94e-01 7.37e-01)	3.607710e+00 3.591210e+00 : 5.999100e-01
5045(790) (2.27e+00 2.43e+00) XE:3.04e-01 (1.17e+00 1.19e+00 | 7.91e-01 7.37e-01)	3.605977e+00 3.589372e+00 : 5.996125e-01
5146(799) (2.43e+00 2.43e+00) XE:3.04e-01 (1.19e+00 1.19e+00 | 7.03e-01 7.37e-01)	3.603226e+00 3.587831e+00 : 5.992548e-01
5247(801) (1.92e+00 2.43e+00) XE:3.04e-01 (1.20e+00 1.19e+00 | 7.89e-01 7.37e-01)	3.606104e+00 3.590855e+00 : 5.997465e-01
5349(806) (1.94e+00 2.43e+00) XE:3.04e-01 (1.20e+00 1.19e+00 | 6.95e-01 7.37e-01)	3.606229e+00 3.591253e+00 : 5.997902e-01
5450(806) (2.39e+00 2.43e+00) XE:3.04e-01 (1.23e+00 1.19e+00 | 7.79e-01 7.37e-01)	3.602993e+00 3.588098e+00 : 5.992576e-01
5551(798) (2.32e+00 2.43e+00) XE:3.04e-01 (1.19e+00 1.19e+00 | 6.93e-01 7.37e-01)	3.602172e+00 3.587081e+00 : 5.991045e-01
5652(818) (2.61e+00 2.43e+00) XE:3.04e-01 (1.19e+00 1.19e+00 | 7.41e-01 7.37e-01)	3.599127e+00 3.583951e+00 : 5.985899e-01
5753(801) (1.98e+00 2.43e+00) XE:3.04e-01 (1.19e+00 1.19e+00 | 7.48e-01 7.37e-01)	3.599278e+00 3.584061e+00 : 5.986116e-01
5854(795) (1.49e+00 2.43e+00) XE:3.04e-01 (1.20e+00 1.19e+00 | 7.84e-01 7.37e-01)	3.602601e+00 3.587618e+00 : 5.991849e-01
5955(796) (3.35e+00 2.43e+00) XE:3.04e-01 (1.18e+00 1.19e+00 | 7.66e-01 7.37e-01)	3.601518e+00 3.587058e+00 : 5.990480e-01
6056(804) (2.55e+00 2.43e+00) XE:3.04e-01 (1.21e+00 1.19e+00 | 7.51e-01 7.37e-01)	3.600992e+00 3.586107e+00 : 5.989249e-01
6157(806) (1.79e+00 2.43e+00) XE:3.04e-01 (1.20e+00 1.19e+00 | 7.66e-01 7.37e-01)	3.600903e+00 3.585609e+00 : 5.988760e-01
6259(801) (2.39e+00 2.43e+00) XE:3.04e-01 (1.18e+00 1.19e+00 | 7.36e-01 7.37e-01)	3.602947e+00 3.587620e+00 : 5.992139e-01
6360(803) (2.58e+00 2.43e+00) XE:3.04e-01 (1.20e+00 1.19e+00 | 6.93e-01 7.38e-01)	3.602706e+00 3.587365e+00 : 5.991726e-01
6461(802) (2.23e+00 2.43e+00) XE:3.04e-01 (1.18e+00 1.19e+00 | 7.16e-01 7.38e-01)	3.601535e+00 3.586268e+00 : 5.989836e-01
6562(791) (1.90e+00 2.43e+00) XE:3.04e-01 (1.19e+00 1.19e+00 | 7.66e-01 7.38e-01)	3.599681e+00 3.583172e+00 : 5.985711e-01
6663(815) (2.42e+00 2.43e+00) XE:3.04e-01 (1.19e+00 1.19e+00 | 7.23e-01 7.38e-01)	3.602204e+00 3.585107e+00 : 5.989427e-01
6764(807) (1.95e+00 2.43e+00) XE:3.04e-01 (1.16e+00 1.19e+00 | 7.51e-01 7.38e-01)	3.601121e+00 3.584176e+00 : 5.987747e-01
6865(807) (3.30e+00 2.43e+00) XE:3.04e-01 (1.18e+00 1.19e+00 | 7.03e-01 7.38e-01)	3.599850e+00 3.582626e+00 : 5.985396e-01
6966(817) (2.13e+00 2.43e+00) XE:3.04e-01 (1.19e+00 1.19e+00 | 7.76e-01 7.38e-01)	3.597616e+00 3.580716e+00 : 5.981943e-01
7067(798) (1.89e+00 2.43e+00) XE:3.04e-01 (1.20e+00 1.19e+00 | 7.05e-01 7.37e-01)	3.598610e+00 3.581395e+00 : 5.983337e-01
7168(787) (3.49e+00 2.43e+00) XE:3.04e-01 (1.20e+00 1.19e+00 | 7.64e-01 7.38e-01)	3.597822e+00 3.581136e+00 : 5.982465e-01
7269(785) (2.38e+00 2.43e+00) XE:3.04e-01 (1.20e+00 1.19e+00 | 7.05e-01 7.38e-01)	3.598188e+00 3.581717e+00 : 5.983254e-01
7370(790) (2.73e+00 2.43e+00) XE:3.04e-01 (1.21e+00 1.19e+00 | 7.26e-01 7.38e-01)	3.596563e+00 3.579909e+00 : 5.980394e-01
7471(801) (2.56e+00 2.43e+00) XE:3.04e-01 (1.20e+00 1.19e+00 | 7.94e-01 7.38e-01)	3.594734e+00 3.578490e+00 : 5.977687e-01
7572(795) (1.86e+00 2.43e+00) XE:3.04e-01 (1.19e+00 1.19e+00 | 7.28e-01 7.38e-01)	3.593210e+00 3.577576e+00 : 5.975655e-01
7673(805) (2.23e+00 2.43e+00) XE:3.04e-01 (1.21e+00 1.19e+00 | 7.33e-01 7.38e-01)	3.594949e+00 3.579507e+00 : 5.978714e-01
7774(806) (1.50e+00 2.43e+00) XE:3.04e-01 (1.18e+00 1.19e+00 | 7.43e-01 7.38e-01)	3.594028e+00 3.578296e+00 : 5.976937e-01
7875(801) (1.54e+00 2.43e+00) XE:3.04e-01 (1.18e+00 1.19e+00 | 7.31e-01 7.38e-01)	3.595454e+00 3.579439e+00 : 5.979078e-01
7976(815) (4.17e+00 2.43e+00) XE:3.04e-01 (1.16e+00 1.19e+00 | 7.03e-01 7.38e-01)	3.594216e+00 3.578239e+00 : 5.977046e-01
8077(806) (1.83e+00 2.43e+00) XE:3.04e-01 (1.23e+00 1.19e+00 | 7.38e-01 7.38e-01)	3.596257e+00 3.580559e+00 : 5.980680e-01
8178(795) (2.50e+00 2.43e+00) XE:3.04e-01 (1.22e+00 1.19e+00 | 8.17e-01 7.38e-01)	3.596920e+00 3.581410e+00 : 5.981941e-01
8280(799) (1.92e+00 2.43e+00) XE:3.04e-01 (1.22e+00 1.19e+00 | 8.07e-01 7.38e-01)	3.596457e+00 3.580760e+00 : 5.981014e-01
8381(805) (1.73e+00 2.43e+00) XE:3.04e-01 (1.21e+00 1.19e+00 | 7.23e-01 7.38e-01)	3.595509e+00 3.579608e+00 : 5.979264e-01
8482(795) (2.38e+00 2.43e+00) XE:3.04e-01 (1.18e+00 1.19e+00 | 6.88e-01 7.38e-01)	3.597872e+00 3.582165e+00 : 5.983364e-01
8583(790) (2.89e+00 2.43e+00) XE:3.04e-01 (1.19e+00 1.19e+00 | 7.31e-01 7.38e-01)	3.597432e+00 3.582108e+00 : 5.982950e-01
8684(790) (1.99e+00 2.43e+00) XE:3.04e-01 (1.17e+00 1.19e+00 | 6.90e-01 7.38e-01)	3.597233e+00 3.582041e+00 : 5.982729e-01
8785(798) (2.48e+00 2.43e+00) XE:3.03e-01 (1.18e+00 1.19e+00 | 7.79e-01 7.38e-01)	3.599685e+00 3.584465e+00 : 5.986791e-01
8886(794) (2.54e+00 2.43e+00) XE:3.03e-01 (1.21e+00 1.19e+00 | 7.46e-01 7.38e-01)	3.599007e+00 3.583771e+00 : 5.985649e-01
8987(816) (1.43e+00 2.43e+00) XE:3.04e-01 (1.19e+00 1.19e+00 | 7.28e-01 7.38e-01)	3.597644e+00 3.582402e+00 : 5.983371e-01
9088(812) (2.12e+00 2.43e+00) XE:3.04e-01 (1.16e+00 1.19e+00 | 7.21e-01 7.38e-01)	3.596973e+00 3.581864e+00 : 5.982365e-01
9189(801) (2.50e+00 2.43e+00) XE:3.04e-01 (1.17e+00 1.19e+00 | 6.78e-01 7.38e-01)	3.595340e+00 3.579906e+00 : 5.979372e-01
9290(786) (3.33e+00 2.43e+00) XE:3.04e-01 (1.21e+00 1.19e+00 | 7.86e-01 7.38e-01)	3.595224e+00 3.579598e+00 : 5.979018e-01
9391(803) (2.03e+00 2.43e+00) XE:3.04e-01 (1.19e+00 1.19e+00 | 7.31e-01 7.38e-01)	3.594668e+00 3.579289e+00 : 5.978297e-01
9492(807) (1.65e+00 2.43e+00) XE:3.04e-01 (1.19e+00 1.19e+00 | 7.16e-01 7.38e-01)	3.595185e+00 3.579844e+00 : 5.979191e-01
9593(798) (2.21e+00 2.43e+00) XE:3.04e-01 (1.17e+00 1.19e+00 | 7.08e-01 7.38e-01)	3.594908e+00 3.579308e+00 : 5.978513e-01
9694(801) (2.53e+00 2.43e+00) XE:3.04e-01 (1.21e+00 1.19e+00 | 8.09e-01 7.38e-01)	3.595112e+00 3.579614e+00 : 5.978938e-01
9795(812) (1.75e+00 2.43e+00) XE:3.04e-01 (1.20e+00 1.19e+00 | 7.48e-01 7.38e-01)	3.595559e+00 3.580173e+00 : 5.979777e-01
9896(808) (4.17e+00 2.43e+00) XE:3.04e-01 (1.18e+00 1.19e+00 | 7.31e-01 7.38e-01)	3.595178e+00 3.580029e+00 : 5.979339e-01
9997(809) (3.22e+00 2.43e+00) XE:3.03e-01 (1.22e+00 1.19e+00 | 7.59e-01 7.38e-01)	3.596637e+00 3.581192e+00 : 5.981524e-01
10000(792) (1.88e+00 2.43e+00) XE:3.04e-01 (1.19e+00 1.19e+00 | 7.71e-01 7.38e-01)	3.596643e+00 3.581180e+00 : 5.981519e-01
RL cnt: 0,5461106,1132668,83642,3121,0,0,0,0,0,0,0,0,0,0,0,
BL cnt: 0,0,0,0,0,0,0,0,1458940,0,4992004,0,1459056,0,0,0,0,0,0,0,0,
3.596643e+00 3.581180e+00 : 5.981519e-01
# InnerCodebook: deleted
# NBIDSchannel: deleted
# Gtable: deleted
# FBalg4: deleted
# StatICB: deleted
