# (Pid,Ps)=(3.000000e-02,1.000000e-02) Nseg=1000 WinSize=10 [0]
# InnerCB: ICB/marker/7_1_0.bin
# Gtable:  Gtable/1/030_010.bin
# InnerCodebook: beta=1(4) nu=8
# InnerCodebook: B(B2p)=2(4) 2(4) 2(4) 2(4) 2(4) 2(4) 2(4) 0(1) 
# InnerCodebook: checked CWM, EncMap, DecMap
# beta=1(4) N=1000 Dmax=35
# NBIDSchannel: N=1000 Q=4 Dmax=35 (Pid,Ps)=(3.000000e-02,1.000000e-02)
# FBalg4: Nseg=1000 Dmax=35(w=71)
# FBalg4: Gtable: Gtable/1/030_010.bin
# Gtable: beta=1 (Pid,Ps,Ptrn)=(3.000000e-02,1.000000e-02,9.400000e-01) Pth=1.000000e-10
# Gtable: beta4p=4 beta4pp=16
# Gtable::Gtable len=0 cnt=4
# Gtable::Gtable len=1 cnt=16
# Gtable::Gtable len=2 cnt=64
# FBalg4: beta=1(4) (Pid,Ps)=(3.000000e-02,1.000000e-02) Pth=1.000000e-10 N=1000
0677(1009) (5.41e-01 6.65e-01) XE:3.33e-01 (1.29e+00 1.33e+00 | 2.37e+00 2.53e+00)
1369(998) (8.13e-01 6.67e-01) XE:3.33e-01 (1.33e+00 1.33e+00 | 2.61e+00 2.53e+00)
2060(997) (5.71e-01 6.66e-01) XE:3.33e-01 (1.31e+00 1.33e+00 | 2.37e+00 2.53e+00)
2752(1002) (4.80e-01 6.63e-01) XE:3.32e-01 (1.32e+00 1.33e+00 | 2.70e+00 2.53e+00)
3444(995) (8.49e-01 6.64e-01) XE:3.32e-01 (1.38e+00 1.33e+00 | 2.77e+00 2.53e+00)
4135(1002) (6.63e-01 6.63e-01) XE:3.32e-01 (1.31e+00 1.33e+00 | 2.57e+00 2.53e+00)
4826(1009) (6.04e-01 6.64e-01) XE:3.32e-01 (1.32e+00 1.33e+00 | 2.17e+00 2.53e+00)
5518(988) (7.28e-01 6.64e-01) XE:3.32e-01 (1.31e+00 1.33e+00 | 2.76e+00 2.53e+00)
6209(1012) (7.34e-01 6.64e-01) XE:3.32e-01 (1.34e+00 1.33e+00 | 2.63e+00 2.53e+00)
6901(1009) (6.76e-01 6.63e-01) XE:3.32e-01 (1.33e+00 1.33e+00 | 2.67e+00 2.53e+00)
7593(1005) (8.09e-01 6.64e-01) XE:3.32e-01 (1.32e+00 1.33e+00 | 2.46e+00 2.53e+00)
8285(992) (6.30e-01 6.64e-01) XE:3.32e-01 (1.34e+00 1.33e+00 | 2.58e+00 2.53e+00)
8977(992) (7.65e-01 6.63e-01) XE:3.32e-01 (1.34e+00 1.33e+00 | 2.28e+00 2.53e+00)
9669(1002) (6.97e-01 6.62e-01) XE:3.31e-01 (1.38e+00 1.33e+00 | 2.59e+00 2.53e+00)
10000(1004) (7.74e-01 6.62e-01) XE:3.31e-01 (1.33e+00 1.33e+00 | 2.47e+00 2.53e+00)
RL cnt: 0,5623622,1402210,350677,87471,22158,5436,1444,241,90,25,14,5,1,0,0,
BL cnt: 23622,0,207637,0,793376,0,1759191,0,2508275,0,2371859,0,1490720,0,600365,0,140156,0,14799,0,0,
# InnerCodebook: deleted
# NBIDSchannel: deleted
# Gtable: deleted
# FBalg4: deleted
