# (Pid,Ps)=(4.000000e-02,1.000000e-02) Nseg=1000 WinSize=10 [0]
# InnerCB: ICB/marker/7_1_0.bin
# Gtable:  Gtable/1/040_010.bin
# InnerCodebook: beta=1(4) nu=8
# InnerCodebook: B(B2p)=2(4) 2(4) 2(4) 2(4) 2(4) 2(4) 2(4) 0(1) 
# InnerCodebook: checked CWM, EncMap, DecMap
# beta=1(4) N=1000 Dmax=45
# NBIDSchannel: N=1000 Q=4 Dmax=45 (Pid,Ps)=(4.000000e-02,1.000000e-02)
# FBalg4: Nseg=1000 Dmax=45(w=91)
# FBalg4: Gtable: Gtable/1/040_010.bin
# Gtable: beta=1 (Pid,Ps,Ptrn)=(4.000000e-02,1.000000e-02,9.200000e-01) Pth=1.000000e-10
# Gtable: beta4p=4 beta4pp=16
# Gtable::Gtable len=0 cnt=4
# Gtable::Gtable len=1 cnt=16
# Gtable::Gtable len=2 cnt=64
# FBalg4: beta=1(4) (Pid,Ps)=(4.000000e-02,1.000000e-02) Pth=1.000000e-10 N=1000
0397(996) (7.50e-01 8.56e-01) XE:4.28e-01 (1.34e+00 1.33e+00 | 2.52e+00 2.54e+00)
0806(998) (7.07e-01 8.54e-01) XE:4.27e-01 (1.34e+00 1.33e+00 | 2.31e+00 2.53e+00)
1214(995) (8.32e-01 8.54e-01) XE:4.27e-01 (1.34e+00 1.33e+00 | 2.42e+00 2.53e+00)
1623(1003) (9.34e-01 8.53e-01) XE:4.27e-01 (1.35e+00 1.33e+00 | 2.20e+00 2.53e+00)
2031(996) (7.08e-01 8.52e-01) XE:4.26e-01 (1.30e+00 1.33e+00 | 2.67e+00 2.53e+00)
2439(1008) (6.55e-01 8.53e-01) XE:4.27e-01 (1.31e+00 1.33e+00 | 2.33e+00 2.53e+00)
2847(1002) (7.75e-01 8.53e-01) XE:4.27e-01 (1.31e+00 1.33e+00 | 2.45e+00 2.53e+00)
3256(1005) (7.09e-01 8.51e-01) XE:4.26e-01 (1.32e+00 1.33e+00 | 2.47e+00 2.53e+00)
3664(986) (7.91e-01 8.52e-01) XE:4.26e-01 (1.33e+00 1.33e+00 | 2.42e+00 2.53e+00)
4072(1018) (7.08e-01 8.50e-01) XE:4.25e-01 (1.31e+00 1.33e+00 | 2.51e+00 2.53e+00)
4481(993) (7.18e-01 8.49e-01) XE:4.25e-01 (1.34e+00 1.33e+00 | 2.67e+00 2.53e+00)
4889(1007) (9.97e-01 8.51e-01) XE:4.25e-01 (1.38e+00 1.33e+00 | 2.42e+00 2.53e+00)
5298(1006) (6.67e-01 8.50e-01) XE:4.25e-01 (1.34e+00 1.33e+00 | 2.54e+00 2.53e+00)
5706(990) (7.01e-01 8.50e-01) XE:4.25e-01 (1.32e+00 1.33e+00 | 2.38e+00 2.53e+00)
6114(1004) (7.11e-01 8.51e-01) XE:4.25e-01 (1.31e+00 1.33e+00 | 2.56e+00 2.53e+00)
6522(1002) (9.01e-01 8.51e-01) XE:4.25e-01 (1.33e+00 1.33e+00 | 2.58e+00 2.53e+00)
6930(1002) (6.37e-01 8.51e-01) XE:4.25e-01 (1.33e+00 1.33e+00 | 2.63e+00 2.53e+00)
7338(1019) (8.64e-01 8.50e-01) XE:4.25e-01 (1.33e+00 1.33e+00 | 2.82e+00 2.53e+00)
7746(1000) (9.58e-01 8.50e-01) XE:4.25e-01 (1.38e+00 1.33e+00 | 2.60e+00 2.53e+00)
8154(989) (7.77e-01 8.50e-01) XE:4.25e-01 (1.32e+00 1.33e+00 | 2.79e+00 2.53e+00)
8563(997) (6.48e-01 8.50e-01) XE:4.25e-01 (1.32e+00 1.33e+00 | 2.68e+00 2.53e+00)
8972(1007) (7.63e-01 8.50e-01) XE:4.25e-01 (1.32e+00 1.33e+00 | 2.38e+00 2.53e+00)
9380(994) (7.59e-01 8.50e-01) XE:4.25e-01 (1.31e+00 1.33e+00 | 2.48e+00 2.53e+00)
9789(1014) (9.21e-01 8.50e-01) XE:4.25e-01 (1.34e+00 1.33e+00 | 2.88e+00 2.53e+00)
10000(1001) (7.83e-01 8.49e-01) XE:4.25e-01 (1.27e+00 1.33e+00 | 2.43e+00 2.53e+00)
RL cnt: 0,5618557,1404186,351447,87227,22029,5497,1438,263,95,21,12,0,1,0,0,
BL cnt: 24170,0,208415,0,795374,0,1760865,0,2505831,0,2369569,0,1490474,0,599747,0,140968,0,14587,0,0,
# InnerCodebook: deleted
# NBIDSchannel: deleted
# Gtable: deleted
# FBalg4: deleted
