# (Pid,Ps)=(1.000000e-02,1.000000e-03) Nseg=333 WinSize=10 [0]
# InnerCB: ICB/1/3_04_2.bin
# Gtable:  Gtable/3/010_001.bin
# InnerCodebook: beta=3(64) nu=2
# InnerCodebook: B(B2p)=4(16) 4(16) 
# InnerCodebook: checked CWM, EncMap, DecMap
# beta=3(64) nu=2 N=999 Dmax=15
# B=4,4,
# NBIDSchannel: N=999 Q=4 Dmax=15 (Pid,Ps)=(1.000000e-02,1.000000e-03)
# FBalg4: Nseg=333 Dmax=15(w=31)
# FBalg4: Gtable: Gtable/3/010_001.bin
# Gtable: beta=3 (Pid,Ps,Ptrn)=(1.000000e-02,1.000000e-03,9.800000e-01) Pth=1.000000e-10
# Gtable: beta4p=64 beta4pp=4096
# Gtable::Gtable len=0 cnt=64
# Gtable::Gtable len=1 cnt=256
# Gtable::Gtable len=2 cnt=1024
# Gtable::Gtable len=3 cnt=2572
# Gtable::Gtable len=4 cnt=6664
# Gtable::Gtable len=5 cnt=2140
# Gtable::Gtable len=6 cnt=1216
# FBalg4: beta=3(64) (Pid,Ps)=(1.000000e-02,1.000000e-03) Pth=1.000000e-10 N=999
# StatICB: nu=2 beta=3 beta4p=64 Bsum=8 HdThNum=20 HdThStep=5.00e-02
# StatICB: B=4,4,
# StatICB: HdThList 9.50e-01,9.00e-01,8.50e-01,8.00e-01,7.50e-01,7.00e-01,6.50e-01,6.00e-01,5.50e-01,5.00e-01,4.50e-01,4.00e-01,3.50e-01,3.00e-01,2.50e-01,2.00e-01,1.50e-01,1.00e-01,5.00e-02,1.00e-10,
0829(1000) (1.99e-01 2.37e-01) XE:3.95e-02 (1.14e+00 1.14e+00 | 4.87e-01 5.01e-01)
1716(1000) (3.26e-01 2.35e-01) XE:3.91e-02 (1.15e+00 1.14e+00 | 5.07e-01 5.00e-01)
2604(1010) (1.97e-01 2.36e-01) XE:3.93e-02 (1.12e+00 1.14e+00 | 4.97e-01 5.00e-01)
3492(997) (1.80e-01 2.36e-01) XE:3.94e-02 (1.13e+00 1.14e+00 | 4.89e-01 5.00e-01)
4380(1000) (1.39e-01 2.37e-01) XE:3.94e-02 (1.14e+00 1.14e+00 | 4.97e-01 5.00e-01)
5268(998) (2.75e-01 2.37e-01) XE:3.95e-02 (1.14e+00 1.14e+00 | 4.99e-01 5.00e-01)
6167(1001) (1.72e-01 2.37e-01) XE:3.94e-02 (1.15e+00 1.14e+00 | 5.05e-01 5.00e-01)
7094(1001) (2.77e-01 2.36e-01) XE:3.93e-02 (1.14e+00 1.14e+00 | 5.21e-01 5.00e-01)
8019(1000) (2.06e-01 2.36e-01) XE:3.93e-02 (1.15e+00 1.14e+00 | 5.13e-01 5.00e-01)
8945(996) (2.95e-01 2.36e-01) XE:3.94e-02 (1.16e+00 1.14e+00 | 4.67e-01 5.00e-01)
9871(993) (2.51e-01 2.36e-01) XE:3.94e-02 (1.13e+00 1.14e+00 | 5.33e-01 5.00e-01)
10000(998) (3.82e-01 2.37e-01) XE:3.94e-02 (1.14e+00 1.14e+00 | 5.13e-01 5.00e-01)
RL cnt: 0,7482520,1248740,0,0,0,0,0,0,0,0,0,0,0,0,0,
BL cnt: 0,0,0,0,0,0,0,0,1237767,0,7424388,0,1237845,0,0,0,0,0,0,0,0,
[00] Th=9.500000e-01: 3.672912e+00 3.672856e+00 : 9.182210e-01
[01] Th=9.000000e-01: 3.679269e+00 3.679348e+00 : 9.198271e-01
[02] Th=8.500000e-01: 3.683129e+00 3.683354e+00 : 9.208103e-01
[03] Th=8.000000e-01: 3.688517e+00 3.688574e+00 : 9.221364e-01
[04] Th=7.500000e-01: 3.691716e+00 3.691589e+00 : 9.229131e-01
[05] Th=7.000000e-01: 3.695459e+00 3.695266e+00 : 9.238406e-01
[06] Th=6.500000e-01: 3.721280e+00 3.721296e+00 : 9.303220e-01
[07] Th=6.000000e-01: 3.723462e+00 3.723640e+00 : 9.308877e-01
[08] Th=5.500000e-01: 3.725522e+00 3.725605e+00 : 9.313908e-01
[09] Th=5.000000e-01: 3.727309e+00 3.727583e+00 : 9.318615e-01
[10] Th=4.500000e-01: 3.756317e+00 3.756547e+00 : 9.391080e-01
[11] Th=4.000000e-01: 3.765105e+00 3.765414e+00 : 9.413149e-01
[12] Th=3.500000e-01: 3.778714e+00 3.779278e+00 : 9.447491e-01
[13] Th=3.000000e-01: 3.798829e+00 3.799520e+00 : 9.497937e-01
[14] Th=2.500000e-01: 3.802895e+00 3.803206e+00 : 9.507626e-01
[15] Th=2.000000e-01: 3.802715e+00 3.802937e+00 : 9.507065e-01
[16] Th=1.500000e-01: 3.802680e+00 3.802908e+00 : 9.506985e-01
[17] Th=1.000000e-01: 3.802669e+00 3.802900e+00 : 9.506960e-01
[18] Th=5.000000e-02: 3.802669e+00 3.802900e+00 : 9.506960e-01
[19] Th=1.000000e-10: 3.802669e+00 3.802900e+00 : 9.506960e-01
# InnerCodebook: deleted
# NBIDSchannel: deleted
# Gtable: deleted
# FBalg4: deleted
# StatICB: deleted
