# (Pid,Ps)=(2.500000e-02,1.000000e-02) Nseg=333 WinSize=10 [0]
# InnerCB: ICB/1/3_04_2.bin
# Gtable:  Gtable/3/025_010.bin
# InnerCodebook: beta=3(64) nu=2
# InnerCodebook: B(B2p)=4(16) 4(16) 
# InnerCodebook: checked CWM, EncMap, DecMap
# beta=3(64) nu=2 N=999 Dmax=30
# B=4,4,
# NBIDSchannel: N=999 Q=4 Dmax=30 (Pid,Ps)=(2.500000e-02,1.000000e-02)
# FBalg4: Nseg=333 Dmax=30(w=61)
# FBalg4: Gtable: Gtable/3/025_010.bin
# Gtable: beta=3 (Pid,Ps,Ptrn)=(2.500000e-02,1.000000e-02,9.500000e-01) Pth=1.000000e-10
# Gtable: beta4p=64 beta4pp=4096
# Gtable::Gtable len=0 cnt=64
# Gtable::Gtable len=1 cnt=256
# Gtable::Gtable len=2 cnt=1024
# Gtable::Gtable len=3 cnt=4096
# Gtable::Gtable len=4 cnt=13468
# Gtable::Gtable len=5 cnt=11644
# Gtable::Gtable len=6 cnt=9856
# FBalg4: beta=3(64) (Pid,Ps)=(2.500000e-02,1.000000e-02) Pth=1.000000e-10 N=999
# StatICB: nu=2 beta=3 beta4p=64 Bsum=8 HdThNum=20 HdThStep=5.00e-02
# StatICB: B=4,4,
# StatICB: HdThList 9.50e-01,9.00e-01,8.50e-01,8.00e-01,7.50e-01,7.00e-01,6.50e-01,6.00e-01,5.50e-01,5.00e-01,4.50e-01,4.00e-01,3.50e-01,3.00e-01,2.50e-01,2.00e-01,1.50e-01,1.00e-01,5.00e-02,1.00e-10,
0295(990) (6.85e-01 1.04e+00) XE:1.73e-01 (1.13e+00 1.14e+00 | 5.11e-01 4.99e-01)
0616(1001) (1.03e+00 1.02e+00) XE:1.71e-01 (1.13e+00 1.14e+00 | 5.09e-01 4.99e-01)
0936(995) (8.14e-01 1.03e+00) XE:1.71e-01 (1.14e+00 1.14e+00 | 4.99e-01 5.00e-01)
1256(999) (7.46e-01 1.03e+00) XE:1.72e-01 (1.16e+00 1.14e+00 | 4.79e-01 4.99e-01)
1576(984) (9.32e-01 1.02e+00) XE:1.70e-01 (1.15e+00 1.14e+00 | 5.47e-01 4.99e-01)
1897(1006) (7.60e-01 1.02e+00) XE:1.70e-01 (1.13e+00 1.14e+00 | 5.03e-01 4.99e-01)
2216(999) (1.02e+00 1.01e+00) XE:1.68e-01 (1.14e+00 1.14e+00 | 5.09e-01 5.00e-01)
2537(991) (1.11e+00 1.01e+00) XE:1.68e-01 (1.13e+00 1.14e+00 | 5.27e-01 5.00e-01)
2857(1002) (7.92e-01 1.01e+00) XE:1.68e-01 (1.14e+00 1.14e+00 | 4.67e-01 5.00e-01)
3177(986) (1.05e+00 1.00e+00) XE:1.67e-01 (1.16e+00 1.14e+00 | 4.87e-01 5.00e-01)
3497(1008) (1.08e+00 1.01e+00) XE:1.68e-01 (1.13e+00 1.14e+00 | 4.95e-01 5.00e-01)
3818(1008) (1.05e+00 1.01e+00) XE:1.68e-01 (1.13e+00 1.14e+00 | 5.13e-01 5.00e-01)
4138(989) (9.45e-01 1.01e+00) XE:1.68e-01 (1.16e+00 1.14e+00 | 5.39e-01 5.00e-01)
4459(1014) (1.01e+00 1.01e+00) XE:1.68e-01 (1.13e+00 1.14e+00 | 4.81e-01 5.00e-01)
4779(1003) (7.69e-01 1.01e+00) XE:1.68e-01 (1.16e+00 1.14e+00 | 5.31e-01 5.00e-01)
5099(989) (1.18e+00 1.01e+00) XE:1.68e-01 (1.12e+00 1.14e+00 | 4.46e-01 5.00e-01)
5420(1004) (8.47e-01 1.00e+00) XE:1.67e-01 (1.14e+00 1.14e+00 | 5.21e-01 5.00e-01)
5740(1006) (9.92e-01 1.00e+00) XE:1.67e-01 (1.15e+00 1.14e+00 | 4.77e-01 5.00e-01)
6060(995) (9.72e-01 1.00e+00) XE:1.67e-01 (1.12e+00 1.14e+00 | 4.67e-01 5.00e-01)
6381(998) (9.64e-01 1.00e+00) XE:1.67e-01 (1.14e+00 1.14e+00 | 4.89e-01 5.00e-01)
6702(998) (8.16e-01 1.00e+00) XE:1.67e-01 (1.16e+00 1.14e+00 | 5.37e-01 5.00e-01)
7021(990) (8.01e-01 1.00e+00) XE:1.67e-01 (1.13e+00 1.14e+00 | 5.01e-01 5.00e-01)
7341(1008) (8.77e-01 1.00e+00) XE:1.67e-01 (1.11e+00 1.14e+00 | 4.51e-01 5.00e-01)
7661(1018) (6.29e-01 1.00e+00) XE:1.67e-01 (1.16e+00 1.14e+00 | 4.93e-01 5.00e-01)
7981(1004) (9.43e-01 1.00e+00) XE:1.67e-01 (1.15e+00 1.14e+00 | 5.07e-01 5.00e-01)
8302(993) (1.01e+00 1.00e+00) XE:1.67e-01 (1.14e+00 1.14e+00 | 4.73e-01 5.00e-01)
8622(999) (8.80e-01 1.00e+00) XE:1.67e-01 (1.13e+00 1.14e+00 | 4.26e-01 5.00e-01)
8943(1005) (7.52e-01 1.00e+00) XE:1.67e-01 (1.14e+00 1.14e+00 | 5.27e-01 5.00e-01)
9263(993) (9.91e-01 1.00e+00) XE:1.67e-01 (1.14e+00 1.14e+00 | 4.77e-01 5.00e-01)
9583(995) (8.62e-01 1.00e+00) XE:1.67e-01 (1.15e+00 1.14e+00 | 4.91e-01 5.00e-01)
9903(1013) (8.35e-01 1.00e+00) XE:1.67e-01 (1.13e+00 1.14e+00 | 4.67e-01 5.00e-01)
10000(1005) (9.35e-01 1.00e+00) XE:1.67e-01 (1.15e+00 1.14e+00 | 4.99e-01 5.00e-01)
RL cnt: 0,7483814,1248093,0,0,0,0,0,0,0,0,0,0,0,0,0,
BL cnt: 0,0,0,0,0,0,0,0,1237644,0,7424800,0,1237556,0,0,0,0,0,0,0,0,
[00] Th=9.500000e-01: 1.599307e+00 1.586082e+00 : 3.981735e-01
[01] Th=9.000000e-01: 2.440595e+00 2.431452e+00 : 6.090060e-01
[02] Th=8.500000e-01: 2.619682e+00 2.610344e+00 : 6.537533e-01
[03] Th=8.000000e-01: 2.707056e+00 2.699266e+00 : 6.757903e-01
[04] Th=7.500000e-01: 2.765199e+00 2.757906e+00 : 6.903881e-01
[05] Th=7.000000e-01: 2.807378e+00 2.799750e+00 : 7.008909e-01
[06] Th=6.500000e-01: 2.841117e+00 2.834630e+00 : 7.094683e-01
[07] Th=6.000000e-01: 2.900796e+00 2.893695e+00 : 7.243113e-01
[08] Th=5.500000e-01: 2.923733e+00 2.917022e+00 : 7.300944e-01
[09] Th=5.000000e-01: 2.945085e+00 2.938995e+00 : 7.355100e-01
[10] Th=4.500000e-01: 2.999984e+00 2.994950e+00 : 7.493669e-01
[11] Th=4.000000e-01: 3.023777e+00 3.018975e+00 : 7.553440e-01
[12] Th=3.500000e-01: 3.051705e+00 3.047129e+00 : 7.623542e-01
[13] Th=3.000000e-01: 3.092950e+00 3.088577e+00 : 7.726909e-01
[14] Th=2.500000e-01: 3.111042e+00 3.106384e+00 : 7.771782e-01
[15] Th=2.000000e-01: 3.112568e+00 3.106970e+00 : 7.774422e-01
[16] Th=1.500000e-01: 3.112641e+00 3.107051e+00 : 7.774615e-01
[17] Th=1.000000e-01: 3.112562e+00 3.106945e+00 : 7.774385e-01
[18] Th=5.000000e-02: 3.112562e+00 3.106945e+00 : 7.774384e-01
[19] Th=1.000000e-10: 3.112562e+00 3.106945e+00 : 7.774384e-01
# InnerCodebook: deleted
# NBIDSchannel: deleted
# Gtable: deleted
# FBalg4: deleted
# StatICB: deleted
