# (Pid,Ps)=(3.500000e-02,1.000000e-03) Nseg=333 WinSize=10 [0]
# InnerCB: ICB/1/3_04_2.bin
# Gtable:  Gtable/3/035_001.bin
# InnerCodebook: beta=3(64) nu=2
# InnerCodebook: B(B2p)=4(16) 4(16) 
# InnerCodebook: checked CWM, EncMap, DecMap
# beta=3(64) nu=2 N=999 Dmax=40
# B=4,4,
# NBIDSchannel: N=999 Q=4 Dmax=40 (Pid,Ps)=(3.500000e-02,1.000000e-03)
# FBalg4: Nseg=333 Dmax=40(w=81)
# FBalg4: Gtable: Gtable/3/035_001.bin
# Gtable: beta=3 (Pid,Ps,Ptrn)=(3.500000e-02,1.000000e-03,9.300000e-01) Pth=1.000000e-10
# Gtable: beta4p=64 beta4pp=4096
# Gtable::Gtable len=0 cnt=64
# Gtable::Gtable len=1 cnt=256
# Gtable::Gtable len=2 cnt=1024
# Gtable::Gtable len=3 cnt=3508
# Gtable::Gtable len=4 cnt=6664
# Gtable::Gtable len=5 cnt=11644
# Gtable::Gtable len=6 cnt=1216
# FBalg4: beta=3(64) (Pid,Ps)=(3.500000e-02,1.000000e-03) Pth=1.000000e-10 N=999
# StatICB: nu=2 beta=3 beta4p=64 Bsum=8 HdThNum=20 HdThStep=5.00e-02
# StatICB: B=4,4,
# StatICB: HdThList 9.50e-01,9.00e-01,8.50e-01,8.00e-01,7.50e-01,7.00e-01,6.50e-01,6.00e-01,5.50e-01,5.00e-01,4.50e-01,4.00e-01,3.50e-01,3.00e-01,2.50e-01,2.00e-01,1.50e-01,1.00e-01,5.00e-02,1.00e-10,
0257(1007) (2.42e+00 1.23e+00) XE:2.05e-01 (1.14e+00 1.14e+00 | 4.95e-01 5.01e-01)
0531(984) (1.15e+00 1.19e+00) XE:1.99e-01 (1.12e+00 1.14e+00 | 5.11e-01 5.01e-01)
0805(998) (8.53e-01 1.17e+00) XE:1.96e-01 (1.17e+00 1.14e+00 | 5.41e-01 5.01e-01)
1079(1002) (1.33e+00 1.17e+00) XE:1.96e-01 (1.11e+00 1.14e+00 | 5.01e-01 5.00e-01)
1353(1001) (7.67e-01 1.17e+00) XE:1.94e-01 (1.13e+00 1.14e+00 | 5.01e-01 5.01e-01)
1627(997) (7.69e-01 1.16e+00) XE:1.93e-01 (1.13e+00 1.14e+00 | 4.69e-01 5.01e-01)
1901(997) (1.44e+00 1.16e+00) XE:1.94e-01 (1.15e+00 1.14e+00 | 5.47e-01 5.01e-01)
2175(1005) (6.64e-01 1.17e+00) XE:1.95e-01 (1.15e+00 1.14e+00 | 4.77e-01 5.01e-01)
2449(993) (7.79e-01 1.17e+00) XE:1.95e-01 (1.15e+00 1.14e+00 | 5.35e-01 5.01e-01)
2723(1002) (1.56e+00 1.16e+00) XE:1.94e-01 (1.14e+00 1.14e+00 | 4.95e-01 5.01e-01)
2997(1001) (9.66e-01 1.17e+00) XE:1.94e-01 (1.16e+00 1.14e+00 | 4.95e-01 5.01e-01)
3271(994) (1.62e+00 1.17e+00) XE:1.95e-01 (1.16e+00 1.14e+00 | 5.25e-01 5.01e-01)
3545(986) (1.19e+00 1.17e+00) XE:1.94e-01 (1.14e+00 1.14e+00 | 5.15e-01 5.01e-01)
3819(1015) (2.25e+00 1.16e+00) XE:1.94e-01 (1.14e+00 1.14e+00 | 5.27e-01 5.01e-01)
4093(989) (1.02e+00 1.16e+00) XE:1.94e-01 (1.13e+00 1.14e+00 | 4.71e-01 5.01e-01)
4367(987) (8.16e-01 1.17e+00) XE:1.94e-01 (1.15e+00 1.14e+00 | 5.05e-01 5.01e-01)
4641(1007) (9.26e-01 1.17e+00) XE:1.95e-01 (1.15e+00 1.14e+00 | 5.23e-01 5.01e-01)
4915(1002) (9.75e-01 1.17e+00) XE:1.95e-01 (1.14e+00 1.14e+00 | 4.97e-01 5.01e-01)
5189(995) (1.14e+00 1.17e+00) XE:1.95e-01 (1.15e+00 1.14e+00 | 5.17e-01 5.01e-01)
5463(992) (1.10e+00 1.17e+00) XE:1.95e-01 (1.13e+00 1.14e+00 | 4.46e-01 5.01e-01)
5737(1012) (7.58e-01 1.17e+00) XE:1.95e-01 (1.14e+00 1.14e+00 | 5.25e-01 5.01e-01)
6011(1000) (1.00e+00 1.17e+00) XE:1.94e-01 (1.15e+00 1.14e+00 | 5.13e-01 5.01e-01)
6286(1002) (1.00e+00 1.17e+00) XE:1.94e-01 (1.15e+00 1.14e+00 | 4.87e-01 5.01e-01)
6560(1006) (9.30e-01 1.17e+00) XE:1.94e-01 (1.13e+00 1.14e+00 | 4.93e-01 5.01e-01)
6834(1002) (1.79e+00 1.17e+00) XE:1.94e-01 (1.15e+00 1.14e+00 | 4.97e-01 5.01e-01)
7108(1015) (3.69e+00 1.17e+00) XE:1.95e-01 (1.13e+00 1.14e+00 | 4.69e-01 5.01e-01)
7382(996) (1.32e+00 1.17e+00) XE:1.94e-01 (1.16e+00 1.14e+00 | 5.05e-01 5.00e-01)
7657(993) (1.62e+00 1.16e+00) XE:1.94e-01 (1.13e+00 1.14e+00 | 4.97e-01 5.00e-01)
7931(995) (7.52e-01 1.16e+00) XE:1.94e-01 (1.14e+00 1.14e+00 | 5.13e-01 5.00e-01)
8205(978) (1.41e+00 1.16e+00) XE:1.94e-01 (1.15e+00 1.14e+00 | 4.99e-01 5.00e-01)
8479(999) (8.07e-01 1.16e+00) XE:1.94e-01 (1.16e+00 1.14e+00 | 5.17e-01 5.00e-01)
8753(1007) (1.61e+00 1.17e+00) XE:1.94e-01 (1.14e+00 1.14e+00 | 4.93e-01 5.00e-01)
9027(994) (1.24e+00 1.16e+00) XE:1.94e-01 (1.14e+00 1.14e+00 | 4.85e-01 5.00e-01)
9301(998) (2.91e+00 1.16e+00) XE:1.94e-01 (1.13e+00 1.14e+00 | 4.85e-01 5.00e-01)
9575(1011) (8.70e-01 1.16e+00) XE:1.94e-01 (1.14e+00 1.14e+00 | 5.09e-01 5.00e-01)
9849(1006) (8.51e-01 1.16e+00) XE:1.94e-01 (1.13e+00 1.14e+00 | 4.99e-01 5.00e-01)
10000(1000) (1.26e+00 1.16e+00) XE:1.94e-01 (1.14e+00 1.14e+00 | 4.73e-01 5.00e-01)
RL cnt: 0,7484396,1247802,0,0,0,0,0,0,0,0,0,0,0,0,0,
BL cnt: 0,0,0,0,0,0,0,0,1238350,0,7423310,0,1238340,0,0,0,0,0,0,0,0,
[00] Th=9.500000e-01: 1.446337e+00 1.432646e+00 : 3.598729e-01
[01] Th=9.000000e-01: 1.920696e+00 1.909324e+00 : 4.787524e-01
[02] Th=8.500000e-01: 2.109127e+00 2.098857e+00 : 5.259980e-01
[03] Th=8.000000e-01: 2.226420e+00 2.217331e+00 : 5.554689e-01
[04] Th=7.500000e-01: 2.306101e+00 2.297491e+00 : 5.754490e-01
[05] Th=7.000000e-01: 2.367448e+00 2.359667e+00 : 5.908893e-01
[06] Th=6.500000e-01: 2.436911e+00 2.428913e+00 : 6.082280e-01
[07] Th=6.000000e-01: 2.494201e+00 2.487521e+00 : 6.227153e-01
[08] Th=5.500000e-01: 2.529429e+00 2.523191e+00 : 6.315774e-01
[09] Th=5.000000e-01: 2.563391e+00 2.556291e+00 : 6.399602e-01
[10] Th=4.500000e-01: 2.628954e+00 2.622458e+00 : 6.564265e-01
[11] Th=4.000000e-01: 2.660144e+00 2.653315e+00 : 6.641823e-01
[12] Th=3.500000e-01: 2.699401e+00 2.692302e+00 : 6.739630e-01
[13] Th=3.000000e-01: 2.753323e+00 2.746394e+00 : 6.874646e-01
[14] Th=2.500000e-01: 2.781939e+00 2.775958e+00 : 6.947372e-01
[15] Th=2.000000e-01: 2.785781e+00 2.779297e+00 : 6.956347e-01
[16] Th=1.500000e-01: 2.785859e+00 2.779552e+00 : 6.956764e-01
[17] Th=1.000000e-01: 2.785684e+00 2.779399e+00 : 6.956354e-01
[18] Th=5.000000e-02: 2.785677e+00 2.779386e+00 : 6.956329e-01
[19] Th=1.000000e-10: 2.785677e+00 2.779386e+00 : 6.956329e-01
# InnerCodebook: deleted
# NBIDSchannel: deleted
# Gtable: deleted
# FBalg4: deleted
# StatICB: deleted
