# (Pid,Ps)=(4.500000e-02,1.000000e-03) Nseg=333 WinSize=10 [0]
# InnerCB: ICB/1/3_04_2.bin
# Gtable:  Gtable/3/045_001.bin
# InnerCodebook: beta=3(64) nu=2
# InnerCodebook: B(B2p)=4(16) 4(16) 
# InnerCodebook: checked CWM, EncMap, DecMap
# beta=3(64) nu=2 N=999 Dmax=50
# B=4,4,
# NBIDSchannel: N=999 Q=4 Dmax=50 (Pid,Ps)=(4.500000e-02,1.000000e-03)
# FBalg4: Nseg=333 Dmax=50(w=101)
# FBalg4: Gtable: Gtable/3/045_001.bin
# Gtable: beta=3 (Pid,Ps,Ptrn)=(4.500000e-02,1.000000e-03,9.100000e-01) Pth=1.000000e-10
# Gtable: beta4p=64 beta4pp=4096
# Gtable::Gtable len=0 cnt=64
# Gtable::Gtable len=1 cnt=256
# Gtable::Gtable len=2 cnt=1024
# Gtable::Gtable len=3 cnt=3508
# Gtable::Gtable len=4 cnt=6664
# Gtable::Gtable len=5 cnt=11644
# Gtable::Gtable len=6 cnt=1216
# FBalg4: beta=3(64) (Pid,Ps)=(4.500000e-02,1.000000e-03) Pth=1.000000e-10 N=999
# StatICB: nu=2 beta=3 beta4p=64 Bsum=8 HdThNum=20 HdThStep=5.00e-02
# StatICB: B=4,4,
# StatICB: HdThList 9.50e-01,9.00e-01,8.50e-01,8.00e-01,7.50e-01,7.00e-01,6.50e-01,6.00e-01,5.50e-01,5.00e-01,4.50e-01,4.00e-01,3.50e-01,3.00e-01,2.50e-01,2.00e-01,1.50e-01,1.00e-01,5.00e-02,1.00e-10,
0184(997) (2.66e+00 1.67e+00) XE:2.78e-01 (1.12e+00 1.14e+00 | 4.77e-01 4.96e-01)
0380(984) (1.38e+00 1.66e+00) XE:2.77e-01 (1.13e+00 1.14e+00 | 5.27e-01 4.99e-01)
0576(1003) (1.46e+00 1.65e+00) XE:2.75e-01 (1.15e+00 1.14e+00 | 5.05e-01 4.99e-01)
0772(1006) (1.12e+00 1.67e+00) XE:2.79e-01 (1.14e+00 1.14e+00 | 4.91e-01 4.99e-01)
0967(1014) (1.27e+00 1.68e+00) XE:2.79e-01 (1.11e+00 1.14e+00 | 5.27e-01 4.99e-01)
1163(989) (1.33e+00 1.69e+00) XE:2.82e-01 (1.14e+00 1.14e+00 | 5.39e-01 4.99e-01)
1360(1004) (1.54e+00 1.69e+00) XE:2.82e-01 (1.13e+00 1.14e+00 | 4.75e-01 5.00e-01)
1555(992) (2.04e+00 1.69e+00) XE:2.82e-01 (1.15e+00 1.14e+00 | 5.03e-01 5.00e-01)
1751(997) (1.80e+00 1.69e+00) XE:2.81e-01 (1.17e+00 1.14e+00 | 5.25e-01 5.00e-01)
1947(989) (1.58e+00 1.69e+00) XE:2.81e-01 (1.12e+00 1.14e+00 | 5.05e-01 5.00e-01)
2143(994) (1.71e+00 1.69e+00) XE:2.81e-01 (1.14e+00 1.14e+00 | 5.13e-01 5.00e-01)
2339(998) (1.61e+00 1.68e+00) XE:2.81e-01 (1.12e+00 1.14e+00 | 5.39e-01 5.00e-01)
2535(988) (1.91e+00 1.68e+00) XE:2.81e-01 (1.14e+00 1.14e+00 | 5.15e-01 5.00e-01)
2731(1008) (1.22e+00 1.69e+00) XE:2.82e-01 (1.14e+00 1.14e+00 | 4.79e-01 5.00e-01)
2927(999) (1.44e+00 1.69e+00) XE:2.81e-01 (1.13e+00 1.14e+00 | 5.13e-01 5.00e-01)
3123(989) (3.35e+00 1.69e+00) XE:2.82e-01 (1.15e+00 1.14e+00 | 4.71e-01 5.01e-01)
3319(990) (1.68e+00 1.69e+00) XE:2.82e-01 (1.16e+00 1.14e+00 | 5.21e-01 5.01e-01)
3515(1011) (1.59e+00 1.70e+00) XE:2.83e-01 (1.16e+00 1.14e+00 | 4.67e-01 5.01e-01)
3711(995) (9.31e-01 1.70e+00) XE:2.83e-01 (1.15e+00 1.14e+00 | 4.73e-01 5.01e-01)
3907(993) (1.25e+00 1.70e+00) XE:2.83e-01 (1.16e+00 1.14e+00 | 5.33e-01 5.01e-01)
4103(1004) (1.68e+00 1.69e+00) XE:2.82e-01 (1.13e+00 1.14e+00 | 4.75e-01 5.01e-01)
4298(990) (2.47e+00 1.69e+00) XE:2.82e-01 (1.12e+00 1.14e+00 | 4.77e-01 5.01e-01)
4494(1001) (1.74e+00 1.69e+00) XE:2.82e-01 (1.14e+00 1.14e+00 | 5.31e-01 5.01e-01)
4690(1014) (2.24e+00 1.69e+00) XE:2.82e-01 (1.14e+00 1.14e+00 | 5.07e-01 5.01e-01)
4886(996) (2.99e+00 1.69e+00) XE:2.82e-01 (1.14e+00 1.14e+00 | 4.69e-01 5.01e-01)
5082(994) (1.76e+00 1.69e+00) XE:2.82e-01 (1.14e+00 1.14e+00 | 5.03e-01 5.01e-01)
5278(990) (1.24e+00 1.69e+00) XE:2.82e-01 (1.15e+00 1.14e+00 | 5.84e-01 5.01e-01)
5473(1015) (1.04e+00 1.69e+00) XE:2.82e-01 (1.14e+00 1.14e+00 | 4.73e-01 5.01e-01)
5670(1001) (1.25e+00 1.69e+00) XE:2.82e-01 (1.13e+00 1.14e+00 | 5.17e-01 5.01e-01)
5865(985) (1.96e+00 1.69e+00) XE:2.82e-01 (1.15e+00 1.14e+00 | 5.03e-01 5.01e-01)
6061(1004) (2.33e+00 1.69e+00) XE:2.82e-01 (1.14e+00 1.14e+00 | 4.75e-01 5.01e-01)
6257(997) (1.17e+00 1.69e+00) XE:2.82e-01 (1.13e+00 1.14e+00 | 4.99e-01 5.01e-01)
6453(995) (1.91e+00 1.69e+00) XE:2.82e-01 (1.14e+00 1.14e+00 | 5.09e-01 5.01e-01)
6649(1000) (1.53e+00 1.69e+00) XE:2.82e-01 (1.13e+00 1.14e+00 | 4.77e-01 5.00e-01)
6845(1004) (1.61e+00 1.69e+00) XE:2.82e-01 (1.17e+00 1.14e+00 | 5.31e-01 5.00e-01)
7041(1012) (2.62e+00 1.69e+00) XE:2.82e-01 (1.15e+00 1.14e+00 | 5.35e-01 5.00e-01)
7237(986) (1.70e+00 1.69e+00) XE:2.82e-01 (1.15e+00 1.14e+00 | 4.99e-01 5.00e-01)
7432(982) (1.53e+00 1.69e+00) XE:2.82e-01 (1.13e+00 1.14e+00 | 4.95e-01 5.00e-01)
7628(983) (1.38e+00 1.69e+00) XE:2.82e-01 (1.13e+00 1.14e+00 | 4.99e-01 5.00e-01)
7824(985) (1.95e+00 1.69e+00) XE:2.82e-01 (1.15e+00 1.14e+00 | 4.77e-01 5.00e-01)
8020(999) (1.59e+00 1.69e+00) XE:2.82e-01 (1.13e+00 1.14e+00 | 4.87e-01 5.00e-01)
8216(1009) (1.76e+00 1.69e+00) XE:2.82e-01 (1.15e+00 1.14e+00 | 4.93e-01 5.00e-01)
8412(995) (2.31e+00 1.69e+00) XE:2.81e-01 (1.16e+00 1.14e+00 | 4.67e-01 5.00e-01)
8608(996) (1.45e+00 1.69e+00) XE:2.82e-01 (1.13e+00 1.14e+00 | 4.93e-01 5.00e-01)
8803(1008) (2.55e+00 1.69e+00) XE:2.82e-01 (1.12e+00 1.14e+00 | 5.01e-01 5.00e-01)
8999(1010) (1.03e+00 1.69e+00) XE:2.82e-01 (1.16e+00 1.14e+00 | 5.13e-01 5.00e-01)
9195(994) (1.50e+00 1.69e+00) XE:2.82e-01 (1.15e+00 1.14e+00 | 5.19e-01 5.00e-01)
9391(1012) (1.42e+00 1.69e+00) XE:2.82e-01 (1.14e+00 1.14e+00 | 5.33e-01 5.00e-01)
9587(1007) (1.27e+00 1.69e+00) XE:2.82e-01 (1.14e+00 1.14e+00 | 4.44e-01 5.00e-01)
9783(1001) (1.73e+00 1.69e+00) XE:2.82e-01 (1.12e+00 1.14e+00 | 4.46e-01 5.00e-01)
9978(1002) (1.51e+00 1.69e+00) XE:2.82e-01 (1.14e+00 1.14e+00 | 4.61e-01 5.00e-01)
10000(987) (1.68e+00 1.69e+00) XE:2.82e-01 (1.15e+00 1.14e+00 | 5.27e-01 5.00e-01)
RL cnt: 0,7483972,1248014,0,0,0,0,0,0,0,0,0,0,0,0,0,
BL cnt: 0,0,0,0,0,0,0,0,1237890,0,7423971,0,1238139,0,0,0,0,0,0,0,0,
[00] Th=9.500000e-01: 5.519297e-01 5.352186e-01 : 1.358935e-01
[01] Th=9.000000e-01: 9.873166e-01 9.720095e-01 : 2.449158e-01
[02] Th=8.500000e-01: 1.248940e+00 1.237422e+00 : 3.107952e-01
[03] Th=8.000000e-01: 1.414361e+00 1.403960e+00 : 3.522901e-01
[04] Th=7.500000e-01: 1.539027e+00 1.528796e+00 : 3.834779e-01
[05] Th=7.000000e-01: 1.638342e+00 1.628738e+00 : 4.083850e-01
[06] Th=6.500000e-01: 1.727524e+00 1.717156e+00 : 4.305849e-01
[07] Th=6.000000e-01: 1.823041e+00 1.812364e+00 : 4.544257e-01
[08] Th=5.500000e-01: 1.892554e+00 1.882034e+00 : 4.718235e-01
[09] Th=5.000000e-01: 1.953565e+00 1.944182e+00 : 4.872184e-01
[10] Th=4.500000e-01: 2.030670e+00 2.021724e+00 : 5.065493e-01
[11] Th=4.000000e-01: 2.079145e+00 2.070152e+00 : 5.186621e-01
[12] Th=3.500000e-01: 2.128653e+00 2.119113e+00 : 5.309708e-01
[13] Th=3.000000e-01: 2.187581e+00 2.178421e+00 : 5.457503e-01
[14] Th=2.500000e-01: 2.228876e+00 2.219220e+00 : 5.560120e-01
[15] Th=2.000000e-01: 2.240034e+00 2.229724e+00 : 5.587197e-01
[16] Th=1.500000e-01: 2.241387e+00 2.231196e+00 : 5.590729e-01
[17] Th=1.000000e-01: 2.241198e+00 2.230995e+00 : 5.590241e-01
[18] Th=5.000000e-02: 2.241180e+00 2.230968e+00 : 5.590186e-01
[19] Th=1.000000e-10: 2.241180e+00 2.230968e+00 : 5.590186e-01
# InnerCodebook: deleted
# NBIDSchannel: deleted
# Gtable: deleted
# FBalg4: deleted
# StatICB: deleted
