# (Pid,Ps)=(2.000000e-02,1.000000e-02) Nseg=1000 WinSize=10 [0]
# InnerCB: ICB/marker/6_1_0.bin
# Gtable:  Gtable/1/020_010.bin
# InnerCodebook: beta=1(4) nu=7
# InnerCodebook: B(B2p)=2(4) 2(4) 2(4) 2(4) 2(4) 2(4) 0(1) 
# InnerCodebook: checked CWM, EncMap, DecMap
# beta=1(4) nu=7 N=1000 Dmax=25
# B=2,2,2,2,2,2,0,
# NBIDSchannel: N=1000 Q=4 Dmax=25 (Pid,Ps)=(2.000000e-02,1.000000e-02)
# FBalg4: Nseg=1000 Dmax=25(w=51)
# FBalg4: Gtable: Gtable/1/020_010.bin
# Gtable: beta=1 (Pid,Ps,Ptrn)=(2.000000e-02,1.000000e-02,9.600000e-01) Pth=1.000000e-10
# Gtable: beta4p=4 beta4pp=16
# Gtable::Gtable len=0 cnt=4
# Gtable::Gtable len=1 cnt=16
# Gtable::Gtable len=2 cnt=64
# FBalg4: beta=1(4) (Pid,Ps)=(2.000000e-02,1.000000e-02) Pth=1.000000e-10 N=1000
# StatICB: nu=7 beta=1 beta4p=4 Bsum=12 HdThNum=20 HdThStep=5.00e-02
# StatICB: B=2,2,2,2,2,2,0,
# StatICB: HdThList 9.50e-01,9.00e-01,8.50e-01,8.00e-01,7.50e-01,7.00e-01,6.50e-01,6.00e-01,5.50e-01,5.00e-01,4.50e-01,4.00e-01,3.50e-01,3.00e-01,2.50e-01,2.00e-01,1.50e-01,1.00e-01,5.00e-02,1.00e-10,
1218(990) (4.06e-01 4.50e-01) XE:2.25e-01 (1.30e+00 1.33e+00 | 2.47e+00 2.58e+00)
2471(999) (4.67e-01 4.49e-01) XE:2.24e-01 (1.35e+00 1.33e+00 | 2.88e+00 2.57e+00)
3723(996) (5.44e-01 4.50e-01) XE:2.25e-01 (1.32e+00 1.33e+00 | 2.53e+00 2.58e+00)
4977(993) (4.68e-01 4.51e-01) XE:2.25e-01 (1.34e+00 1.33e+00 | 2.69e+00 2.57e+00)
6230(1000) (4.11e-01 4.49e-01) XE:2.25e-01 (1.35e+00 1.33e+00 | 2.40e+00 2.58e+00)
7484(1012) (4.51e-01 4.49e-01) XE:2.24e-01 (1.33e+00 1.33e+00 | 2.56e+00 2.58e+00)
8738(998) (4.06e-01 4.49e-01) XE:2.24e-01 (1.31e+00 1.33e+00 | 2.79e+00 2.58e+00)
9991(1000) (4.77e-01 4.48e-01) XE:2.24e-01 (1.30e+00 1.33e+00 | 2.42e+00 2.58e+00)
10000(993) (5.02e-01 4.48e-01) XE:2.24e-01 (1.32e+00 1.33e+00 | 2.76e+00 2.58e+00)
RL cnt: 0,5618020,1405542,349997,87748,21921,5901,957,401,121,39,11,3,1,0,0,
BL cnt: 28041,0,232275,0,863432,0,1853812,0,2551010,0,2324810,0,1396936,0,531353,0,116944,0,11387,0,0,
[00] Th=9.500000e-01: 1.223674e+00 1.153859e+00 1.127222e+00 1.125179e+00 1.152880e+00 1.223678e+00 0.000000e+00 : 5.838743e-01
[01] Th=9.000000e-01: 1.390464e+00 1.310994e+00 1.287897e+00 1.286286e+00 1.309901e+00 1.388796e+00 0.000000e+00 : 6.645281e-01
[02] Th=8.500000e-01: 1.438441e+00 1.364290e+00 1.336686e+00 1.335112e+00 1.362456e+00 1.436403e+00 0.000000e+00 : 6.894490e-01
[03] Th=8.000000e-01: 1.487870e+00 1.394856e+00 1.361195e+00 1.359906e+00 1.392789e+00 1.485998e+00 0.000000e+00 : 7.068845e-01
[04] Th=7.500000e-01: 1.499852e+00 1.406233e+00 1.377178e+00 1.376013e+00 1.404446e+00 1.497630e+00 0.000000e+00 : 7.134460e-01
[05] Th=7.000000e-01: 1.505720e+00 1.413841e+00 1.385889e+00 1.385186e+00 1.411760e+00 1.503289e+00 0.000000e+00 : 7.171403e-01
[06] Th=6.500000e-01: 1.506493e+00 1.419432e+00 1.388625e+00 1.387785e+00 1.417034e+00 1.503953e+00 0.000000e+00 : 7.186102e-01
[07] Th=6.000000e-01: 1.503278e+00 1.416179e+00 1.386211e+00 1.385738e+00 1.414662e+00 1.501225e+00 0.000000e+00 : 7.172745e-01
[08] Th=5.500000e-01: 1.497468e+00 1.408393e+00 1.379215e+00 1.378747e+00 1.406752e+00 1.495161e+00 0.000000e+00 : 7.138113e-01
[09] Th=5.000000e-01: 1.482604e+00 1.398446e+00 1.357201e+00 1.355629e+00 1.397372e+00 1.480227e+00 0.000000e+00 : 7.059565e-01
[10] Th=4.500000e-01: 1.477984e+00 1.393065e+00 1.347359e+00 1.346492e+00 1.391931e+00 1.475586e+00 0.000000e+00 : 7.027015e-01
[11] Th=4.000000e-01: 1.477139e+00 1.391442e+00 1.345105e+00 1.344166e+00 1.390234e+00 1.474650e+00 0.000000e+00 : 7.018947e-01
[12] Th=3.500000e-01: 1.476681e+00 1.390689e+00 1.343616e+00 1.342635e+00 1.389474e+00 1.474324e+00 0.000000e+00 : 7.014514e-01
[13] Th=3.000000e-01: 1.476606e+00 1.390508e+00 1.343279e+00 1.342278e+00 1.389309e+00 1.474238e+00 0.000000e+00 : 7.013514e-01
[14] Th=2.500000e-01: 1.476606e+00 1.390491e+00 1.343256e+00 1.342252e+00 1.389296e+00 1.474236e+00 0.000000e+00 : 7.013448e-01
[15] Th=2.000000e-01: 1.476606e+00 1.390491e+00 1.343256e+00 1.342252e+00 1.389296e+00 1.474236e+00 0.000000e+00 : 7.013448e-01
[16] Th=1.500000e-01: 1.476606e+00 1.390491e+00 1.343256e+00 1.342252e+00 1.389296e+00 1.474236e+00 0.000000e+00 : 7.013448e-01
[17] Th=1.000000e-01: 1.476606e+00 1.390491e+00 1.343256e+00 1.342252e+00 1.389296e+00 1.474236e+00 0.000000e+00 : 7.013448e-01
[18] Th=5.000000e-02: 1.476606e+00 1.390491e+00 1.343256e+00 1.342252e+00 1.389296e+00 1.474236e+00 0.000000e+00 : 7.013448e-01
[19] Th=1.000000e-10: 1.476606e+00 1.390491e+00 1.343256e+00 1.342252e+00 1.389296e+00 1.474236e+00 0.000000e+00 : 7.013448e-01
# InnerCodebook: deleted
# NBIDSchannel: deleted
# Gtable: deleted
# FBalg4: deleted
# StatICB: deleted
