# (Pid,Ps)=(4.000000e-02,1.000000e-03) Nseg=1000 WinSize=10 [0]
# InnerCB: ICB/marker/6_1_0.bin
# Gtable:  Gtable/1/040_001.bin
# InnerCodebook: beta=1(4) nu=7
# InnerCodebook: B(B2p)=2(4) 2(4) 2(4) 2(4) 2(4) 2(4) 0(1) 
# InnerCodebook: checked CWM, EncMap, DecMap
# beta=1(4) nu=7 N=1000 Dmax=45
# B=2,2,2,2,2,2,0,
# NBIDSchannel: N=1000 Q=4 Dmax=45 (Pid,Ps)=(4.000000e-02,1.000000e-03)
# FBalg4: Nseg=1000 Dmax=45(w=91)
# FBalg4: Gtable: Gtable/1/040_001.bin
# Gtable: beta=1 (Pid,Ps,Ptrn)=(4.000000e-02,1.000000e-03,9.200000e-01) Pth=1.000000e-10
# Gtable: beta4p=4 beta4pp=16
# Gtable::Gtable len=0 cnt=4
# Gtable::Gtable len=1 cnt=16
# Gtable::Gtable len=2 cnt=64
# FBalg4: beta=1(4) (Pid,Ps)=(4.000000e-02,1.000000e-03) Pth=1.000000e-10 N=1000
# StatICB: nu=7 beta=1 beta4p=4 Bsum=12 HdThNum=20 HdThStep=5.00e-02
# StatICB: B=2,2,2,2,2,2,0,
# StatICB: HdThList 9.50e-01,9.00e-01,8.50e-01,8.00e-01,7.50e-01,7.00e-01,6.50e-01,6.00e-01,5.50e-01,5.00e-01,4.50e-01,4.00e-01,3.50e-01,3.00e-01,2.50e-01,2.00e-01,1.50e-01,1.00e-01,5.00e-02,1.00e-10,
0388(985) (7.59e-01 7.81e-01) XE:3.91e-01 (1.30e+00 1.33e+00 | 2.48e+00 2.58e+00)
0787(1001) (5.89e-01 7.68e-01) XE:3.84e-01 (1.31e+00 1.33e+00 | 2.63e+00 2.58e+00)
1188(996) (5.74e-01 7.75e-01) XE:3.87e-01 (1.32e+00 1.33e+00 | 2.67e+00 2.58e+00)
1588(1011) (4.57e-01 7.77e-01) XE:3.89e-01 (1.31e+00 1.33e+00 | 2.59e+00 2.58e+00)
1989(998) (7.04e-01 7.78e-01) XE:3.89e-01 (1.35e+00 1.33e+00 | 2.85e+00 2.58e+00)
2389(993) (6.15e-01 7.80e-01) XE:3.90e-01 (1.34e+00 1.33e+00 | 2.68e+00 2.58e+00)
2790(1002) (6.28e-01 7.77e-01) XE:3.88e-01 (1.31e+00 1.33e+00 | 2.49e+00 2.58e+00)
3191(1000) (6.66e-01 7.77e-01) XE:3.89e-01 (1.34e+00 1.33e+00 | 2.63e+00 2.58e+00)
3592(1005) (6.12e-01 7.74e-01) XE:3.87e-01 (1.34e+00 1.33e+00 | 2.68e+00 2.58e+00)
3993(994) (6.21e-01 7.74e-01) XE:3.87e-01 (1.31e+00 1.33e+00 | 2.64e+00 2.58e+00)
4393(1012) (6.20e-01 7.73e-01) XE:3.86e-01 (1.35e+00 1.33e+00 | 2.65e+00 2.58e+00)
4793(1014) (8.79e-01 7.72e-01) XE:3.86e-01 (1.36e+00 1.33e+00 | 2.94e+00 2.58e+00)
5194(994) (8.06e-01 7.72e-01) XE:3.86e-01 (1.34e+00 1.33e+00 | 2.48e+00 2.58e+00)
5595(991) (1.17e+00 7.72e-01) XE:3.86e-01 (1.32e+00 1.33e+00 | 2.66e+00 2.58e+00)
5995(979) (6.10e-01 7.73e-01) XE:3.86e-01 (1.37e+00 1.33e+00 | 2.66e+00 2.58e+00)
6396(1002) (1.58e+00 7.72e-01) XE:3.86e-01 (1.34e+00 1.33e+00 | 2.55e+00 2.58e+00)
6797(999) (7.19e-01 7.72e-01) XE:3.86e-01 (1.32e+00 1.33e+00 | 2.43e+00 2.58e+00)
7198(993) (6.49e-01 7.73e-01) XE:3.86e-01 (1.31e+00 1.33e+00 | 2.47e+00 2.58e+00)
7598(998) (6.04e-01 7.72e-01) XE:3.86e-01 (1.31e+00 1.33e+00 | 2.90e+00 2.58e+00)
7999(984) (5.95e-01 7.73e-01) XE:3.86e-01 (1.36e+00 1.33e+00 | 2.95e+00 2.58e+00)
8399(997) (6.34e-01 7.71e-01) XE:3.86e-01 (1.32e+00 1.33e+00 | 2.75e+00 2.58e+00)
8800(1005) (8.13e-01 7.71e-01) XE:3.86e-01 (1.29e+00 1.33e+00 | 2.17e+00 2.58e+00)
9200(996) (7.57e-01 7.71e-01) XE:3.86e-01 (1.30e+00 1.33e+00 | 2.49e+00 2.58e+00)
9601(996) (6.44e-01 7.70e-01) XE:3.85e-01 (1.34e+00 1.33e+00 | 2.70e+00 2.58e+00)
10000(1005) (6.37e-01 7.70e-01) XE:3.85e-01 (1.32e+00 1.33e+00 | 2.72e+00 2.58e+00)
RL cnt: 0,5618371,1406489,349570,87549,21990,5732,984,420,138,45,15,1,0,0,0,
BL cnt: 28229,0,231501,0,859156,0,1854195,0,2553513,0,2323415,0,1399393,0,532663,0,116563,0,11372,0,0,
[00] Th=9.500000e-01: 5.973929e-01 4.608153e-01 3.911372e-01 3.923486e-01 4.595670e-01 5.973680e-01 0.000000e+00 : 2.415524e-01
[01] Th=9.000000e-01: 8.070317e-01 6.975759e-01 6.493071e-01 6.495477e-01 6.958306e-01 8.076055e-01 0.000000e+00 : 3.589082e-01
[02] Th=8.500000e-01: 9.314587e-01 8.230554e-01 7.797828e-01 7.813898e-01 8.204248e-01 9.315166e-01 0.000000e+00 : 4.223023e-01
[03] Th=8.000000e-01: 1.036946e+00 9.039148e-01 8.512804e-01 8.530823e-01 8.997807e-01 1.037536e+00 0.000000e+00 : 4.652117e-01
[04] Th=7.500000e-01: 1.081508e+00 9.494850e-01 8.979466e-01 8.996931e-01 9.448992e-01 1.081853e+00 0.000000e+00 : 4.879487e-01
[05] Th=7.000000e-01: 1.106677e+00 9.779876e-01 9.315736e-01 9.329463e-01 9.735544e-01 1.107250e+00 0.000000e+00 : 5.024990e-01
[06] Th=6.500000e-01: 1.120824e+00 1.004390e+00 9.518190e-01 9.528297e-01 1.000934e+00 1.121054e+00 0.000000e+00 : 5.126542e-01
[07] Th=6.000000e-01: 1.126952e+00 1.014917e+00 9.615191e-01 9.631347e-01 1.011892e+00 1.127017e+00 0.000000e+00 : 5.171192e-01
[08] Th=5.500000e-01: 1.126776e+00 1.016417e+00 9.626405e-01 9.636002e-01 1.013861e+00 1.126371e+00 0.000000e+00 : 5.174722e-01
[09] Th=5.000000e-01: 1.117858e+00 1.010943e+00 9.544879e-01 9.545597e-01 1.008145e+00 1.118038e+00 0.000000e+00 : 5.136693e-01
[10] Th=4.500000e-01: 1.109841e+00 1.003085e+00 9.454051e-01 9.457511e-01 1.000947e+00 1.110141e+00 0.000000e+00 : 5.095975e-01
[11] Th=4.000000e-01: 1.106083e+00 9.976965e-01 9.392135e-01 9.397506e-01 9.956005e-01 1.106390e+00 0.000000e+00 : 5.070612e-01
[12] Th=3.500000e-01: 1.103405e+00 9.944032e-01 9.346441e-01 9.348993e-01 9.924536e-01 1.103688e+00 0.000000e+00 : 5.052912e-01
[13] Th=3.000000e-01: 1.102769e+00 9.934379e-01 9.333510e-01 9.335129e-01 9.915106e-01 1.103039e+00 0.000000e+00 : 5.048017e-01
[14] Th=2.500000e-01: 1.102699e+00 9.933496e-01 9.332038e-01 9.333795e-01 9.914337e-01 1.102974e+00 0.000000e+00 : 5.047533e-01
[15] Th=2.000000e-01: 1.102699e+00 9.933496e-01 9.332038e-01 9.333795e-01 9.914337e-01 1.102974e+00 0.000000e+00 : 5.047533e-01
[16] Th=1.500000e-01: 1.102699e+00 9.933496e-01 9.332038e-01 9.333795e-01 9.914337e-01 1.102974e+00 0.000000e+00 : 5.047533e-01
[17] Th=1.000000e-01: 1.102699e+00 9.933496e-01 9.332038e-01 9.333795e-01 9.914337e-01 1.102974e+00 0.000000e+00 : 5.047533e-01
[18] Th=5.000000e-02: 1.102699e+00 9.933496e-01 9.332038e-01 9.333795e-01 9.914337e-01 1.102974e+00 0.000000e+00 : 5.047533e-01
[19] Th=1.000000e-10: 1.102699e+00 9.933496e-01 9.332038e-01 9.333795e-01 9.914337e-01 1.102974e+00 0.000000e+00 : 5.047533e-01
# InnerCodebook: deleted
# NBIDSchannel: deleted
# Gtable: deleted
# FBalg4: deleted
# StatICB: deleted
