# (Pid,Ps)=(2.000000e-02,1.000000e-02) Nseg=250 WinSize=10 [0]
# InnerCB: ICB/1/4_06_1b.bin
# Gtable:  Gtable/4/020_010.bin
# InnerCodebook: beta=4(256) nu=1
# InnerCodebook: B(B2p)=6(64) 
# InnerCodebook: checked CWM, EncMap, DecMap
# beta=4(256) N=1000 Dmax=25
# NBIDSchannel: N=1000 Q=4 Dmax=25 (Pid,Ps)=(2.000000e-02,1.000000e-02)
# FBalg4: Nseg=250 Dmax=25(w=51)
# FBalg4: Gtable: Gtable/4/020_010.bin
# Gtable: beta=4 (Pid,Ps,Ptrn)=(2.000000e-02,1.000000e-02,9.600000e-01) Pth=1.000000e-10
# Gtable: beta4p=256 beta4pp=65536
# Gtable::Gtable len=0 cnt=256
# Gtable::Gtable len=1 cnt=1024
# Gtable::Gtable len=2 cnt=4096
# Gtable::Gtable len=3 cnt=16384
# Gtable::Gtable len=4 cnt=65536
# Gtable::Gtable len=5 cnt=148492
# Gtable::Gtable len=6 cnt=107608
# Gtable::Gtable len=7 cnt=57364
# Gtable::Gtable len=8 cnt=6400
# FBalg4: beta=4(256) (Pid,Ps)=(2.000000e-02,1.000000e-02) Pth=1.000000e-10 N=1000
0110(1013) (6.88e-01 1.41e+00) XE:1.76e-01 (1.30e+00 1.33e+00 | 1.90e+00 1.87e+00)
0228(996) (1.02e+00 1.43e+00) XE:1.78e-01 (1.39e+00 1.33e+00 | 1.90e+00 1.88e+00)
0346(993) (9.25e-01 1.45e+00) XE:1.81e-01 (1.30e+00 1.33e+00 | 1.87e+00 1.87e+00)
0464(992) (1.42e+00 1.46e+00) XE:1.82e-01 (1.31e+00 1.33e+00 | 1.92e+00 1.88e+00)
0583(995) (9.88e-01 1.47e+00) XE:1.83e-01 (1.36e+00 1.33e+00 | 1.95e+00 1.88e+00)
0701(995) (2.40e+00 1.48e+00) XE:1.85e-01 (1.31e+00 1.33e+00 | 1.83e+00 1.88e+00)
0819(1002) (1.95e+00 1.48e+00) XE:1.85e-01 (1.33e+00 1.33e+00 | 1.90e+00 1.88e+00)
0937(994) (1.32e+00 1.47e+00) XE:1.84e-01 (1.32e+00 1.33e+00 | 2.06e+00 1.88e+00)
1055(1010) (1.07e+00 1.48e+00) XE:1.85e-01 (1.33e+00 1.33e+00 | 1.96e+00 1.88e+00)
1173(993) (1.45e+00 1.47e+00) XE:1.84e-01 (1.32e+00 1.33e+00 | 1.75e+00 1.88e+00)
1291(999) (1.90e+00 1.47e+00) XE:1.84e-01 (1.30e+00 1.33e+00 | 1.97e+00 1.88e+00)
1409(1007) (7.24e-01 1.47e+00) XE:1.83e-01 (1.32e+00 1.33e+00 | 1.77e+00 1.87e+00)
1528(994) (1.10e+00 1.46e+00) XE:1.83e-01 (1.31e+00 1.33e+00 | 1.84e+00 1.88e+00)
1646(1000) (1.10e+00 1.46e+00) XE:1.83e-01 (1.35e+00 1.33e+00 | 1.77e+00 1.87e+00)
1764(987) (1.34e+00 1.46e+00) XE:1.83e-01 (1.34e+00 1.33e+00 | 1.81e+00 1.87e+00)
1882(1002) (9.43e-01 1.46e+00) XE:1.83e-01 (1.31e+00 1.33e+00 | 1.63e+00 1.87e+00)
2000(1002) (8.78e-01 1.46e+00) XE:1.83e-01 (1.32e+00 1.33e+00 | 1.72e+00 1.87e+00)
2118(1019) (9.19e-01 1.46e+00) XE:1.82e-01 (1.30e+00 1.33e+00 | 1.83e+00 1.87e+00)
2236(996) (1.06e+00 1.46e+00) XE:1.83e-01 (1.32e+00 1.33e+00 | 1.89e+00 1.87e+00)
2354(1001) (1.02e+00 1.46e+00) XE:1.83e-01 (1.34e+00 1.33e+00 | 1.77e+00 1.87e+00)
2472(1004) (1.36e+00 1.46e+00) XE:1.83e-01 (1.35e+00 1.33e+00 | 1.70e+00 1.87e+00)
2591(999) (8.62e-01 1.47e+00) XE:1.83e-01 (1.32e+00 1.33e+00 | 1.77e+00 1.87e+00)
2709(999) (2.31e+00 1.47e+00) XE:1.84e-01 (1.36e+00 1.33e+00 | 1.78e+00 1.87e+00)
2827(989) (2.04e+00 1.47e+00) XE:1.84e-01 (1.34e+00 1.33e+00 | 1.92e+00 1.87e+00)
2945(1001) (4.39e+00 1.47e+00) XE:1.83e-01 (1.36e+00 1.33e+00 | 1.80e+00 1.87e+00)
3063(1000) (2.37e+00 1.46e+00) XE:1.83e-01 (1.33e+00 1.33e+00 | 1.93e+00 1.87e+00)
3181(1001) (8.31e-01 1.47e+00) XE:1.83e-01 (1.33e+00 1.33e+00 | 2.00e+00 1.87e+00)
3299(979) (1.60e+00 1.47e+00) XE:1.83e-01 (1.35e+00 1.33e+00 | 1.87e+00 1.87e+00)
3417(1001) (1.04e+00 1.47e+00) XE:1.84e-01 (1.34e+00 1.33e+00 | 1.93e+00 1.87e+00)
3535(1000) (1.27e+00 1.47e+00) XE:1.83e-01 (1.36e+00 1.33e+00 | 2.06e+00 1.87e+00)
3653(990) (3.22e+00 1.47e+00) XE:1.83e-01 (1.35e+00 1.33e+00 | 1.86e+00 1.87e+00)
3771(1007) (1.14e+00 1.47e+00) XE:1.83e-01 (1.35e+00 1.33e+00 | 1.90e+00 1.87e+00)
3890(1001) (1.29e+00 1.47e+00) XE:1.83e-01 (1.34e+00 1.33e+00 | 1.82e+00 1.87e+00)
4008(999) (1.55e+00 1.47e+00) XE:1.83e-01 (1.31e+00 1.33e+00 | 1.86e+00 1.87e+00)
4126(993) (1.71e+00 1.46e+00) XE:1.83e-01 (1.33e+00 1.33e+00 | 1.91e+00 1.87e+00)
4244(998) (1.03e+00 1.46e+00) XE:1.83e-01 (1.31e+00 1.33e+00 | 1.97e+00 1.87e+00)
4362(1010) (1.40e+00 1.47e+00) XE:1.83e-01 (1.34e+00 1.33e+00 | 2.04e+00 1.87e+00)
4480(993) (1.45e+00 1.46e+00) XE:1.83e-01 (1.34e+00 1.33e+00 | 1.92e+00 1.87e+00)
4598(998) (1.35e+00 1.46e+00) XE:1.83e-01 (1.34e+00 1.33e+00 | 1.88e+00 1.88e+00)
4716(1004) (8.67e-01 1.46e+00) XE:1.83e-01 (1.30e+00 1.33e+00 | 1.83e+00 1.87e+00)
4834(1006) (1.19e+00 1.46e+00) XE:1.83e-01 (1.34e+00 1.33e+00 | 2.02e+00 1.87e+00)
4952(1010) (1.09e+00 1.46e+00) XE:1.83e-01 (1.32e+00 1.33e+00 | 1.87e+00 1.88e+00)
5071(997) (1.06e+00 1.46e+00) XE:1.83e-01 (1.34e+00 1.33e+00 | 1.85e+00 1.88e+00)
5189(997) (1.56e+00 1.46e+00) XE:1.83e-01 (1.31e+00 1.33e+00 | 1.76e+00 1.88e+00)
5307(1000) (1.43e+00 1.46e+00) XE:1.83e-01 (1.32e+00 1.33e+00 | 1.87e+00 1.88e+00)
5425(1005) (2.50e+00 1.46e+00) XE:1.83e-01 (1.35e+00 1.33e+00 | 1.93e+00 1.88e+00)
5543(1015) (1.38e+00 1.46e+00) XE:1.83e-01 (1.34e+00 1.33e+00 | 1.86e+00 1.88e+00)
5661(1006) (9.74e-01 1.46e+00) XE:1.82e-01 (1.31e+00 1.33e+00 | 1.92e+00 1.88e+00)
5779(997) (2.73e+00 1.46e+00) XE:1.82e-01 (1.35e+00 1.33e+00 | 1.81e+00 1.88e+00)
5897(1000) (1.66e+00 1.46e+00) XE:1.82e-01 (1.28e+00 1.33e+00 | 1.81e+00 1.88e+00)
6015(1005) (9.74e-01 1.46e+00) XE:1.82e-01 (1.35e+00 1.33e+00 | 1.80e+00 1.88e+00)
6133(1001) (8.29e-01 1.46e+00) XE:1.82e-01 (1.34e+00 1.33e+00 | 1.89e+00 1.88e+00)
6251(1014) (7.79e-01 1.46e+00) XE:1.83e-01 (1.32e+00 1.33e+00 | 1.94e+00 1.88e+00)
6369(998) (9.99e-01 1.46e+00) XE:1.82e-01 (1.34e+00 1.33e+00 | 1.86e+00 1.88e+00)
6487(989) (2.63e+00 1.46e+00) XE:1.83e-01 (1.33e+00 1.33e+00 | 1.77e+00 1.88e+00)
6606(998) (1.12e+00 1.46e+00) XE:1.83e-01 (1.37e+00 1.33e+00 | 1.69e+00 1.88e+00)
6724(1020) (1.13e+00 1.46e+00) XE:1.83e-01 (1.32e+00 1.33e+00 | 1.92e+00 1.88e+00)
6842(1008) (2.34e+00 1.46e+00) XE:1.82e-01 (1.34e+00 1.33e+00 | 1.98e+00 1.88e+00)
6960(998) (1.08e+00 1.46e+00) XE:1.83e-01 (1.31e+00 1.33e+00 | 1.83e+00 1.88e+00)
7078(999) (2.59e+00 1.46e+00) XE:1.83e-01 (1.34e+00 1.33e+00 | 1.97e+00 1.88e+00)
7196(1002) (1.00e+00 1.46e+00) XE:1.82e-01 (1.32e+00 1.33e+00 | 1.94e+00 1.87e+00)
7314(993) (9.80e-01 1.46e+00) XE:1.82e-01 (1.32e+00 1.33e+00 | 1.85e+00 1.87e+00)
7432(995) (9.72e-01 1.46e+00) XE:1.83e-01 (1.33e+00 1.33e+00 | 1.83e+00 1.87e+00)
7550(995) (1.30e+00 1.46e+00) XE:1.82e-01 (1.36e+00 1.33e+00 | 1.60e+00 1.87e+00)
7668(999) (7.79e-01 1.46e+00) XE:1.82e-01 (1.30e+00 1.33e+00 | 1.79e+00 1.87e+00)
7786(1001) (8.74e-01 1.46e+00) XE:1.82e-01 (1.32e+00 1.33e+00 | 1.84e+00 1.87e+00)
7904(1005) (1.30e+00 1.46e+00) XE:1.82e-01 (1.32e+00 1.33e+00 | 1.94e+00 1.87e+00)
8022(993) (2.52e+00 1.46e+00) XE:1.82e-01 (1.32e+00 1.33e+00 | 2.04e+00 1.87e+00)
8140(1006) (8.86e-01 1.46e+00) XE:1.82e-01 (1.34e+00 1.33e+00 | 1.75e+00 1.87e+00)
8258(987) (1.64e+00 1.46e+00) XE:1.82e-01 (1.35e+00 1.33e+00 | 1.78e+00 1.87e+00)
8376(999) (3.34e+00 1.46e+00) XE:1.82e-01 (1.29e+00 1.33e+00 | 2.04e+00 1.87e+00)
8494(1001) (1.54e+00 1.46e+00) XE:1.82e-01 (1.32e+00 1.33e+00 | 1.98e+00 1.87e+00)
8613(1002) (1.27e+00 1.46e+00) XE:1.82e-01 (1.36e+00 1.33e+00 | 1.88e+00 1.87e+00)
8731(996) (2.21e+00 1.46e+00) XE:1.82e-01 (1.36e+00 1.33e+00 | 1.84e+00 1.87e+00)
8849(1004) (8.57e-01 1.46e+00) XE:1.82e-01 (1.33e+00 1.33e+00 | 1.93e+00 1.87e+00)
8967(1006) (1.32e+00 1.46e+00) XE:1.82e-01 (1.30e+00 1.33e+00 | 1.73e+00 1.87e+00)
9085(1004) (1.21e+00 1.46e+00) XE:1.83e-01 (1.32e+00 1.33e+00 | 2.00e+00 1.87e+00)
9203(981) (1.23e+00 1.46e+00) XE:1.83e-01 (1.32e+00 1.33e+00 | 1.78e+00 1.87e+00)
9321(993) (1.77e+00 1.46e+00) XE:1.83e-01 (1.30e+00 1.33e+00 | 2.07e+00 1.87e+00)
9439(1009) (9.40e-01 1.46e+00) XE:1.83e-01 (1.36e+00 1.33e+00 | 1.92e+00 1.87e+00)
9557(1001) (1.01e+00 1.46e+00) XE:1.83e-01 (1.31e+00 1.33e+00 | 1.80e+00 1.87e+00)
9675(1001) (2.31e+00 1.46e+00) XE:1.83e-01 (1.30e+00 1.33e+00 | 1.95e+00 1.87e+00)
9793(1008) (1.51e+00 1.46e+00) XE:1.82e-01 (1.33e+00 1.33e+00 | 1.98e+00 1.87e+00)
9911(1003) (1.03e+00 1.46e+00) XE:1.83e-01 (1.29e+00 1.33e+00 | 1.88e+00 1.87e+00)
10000(1007) (1.55e+00 1.46e+00) XE:1.83e-01 (1.36e+00 1.33e+00 | 1.82e+00 1.87e+00)
RL cnt: 0,5466625,1638689,311162,77495,0,0,0,0,0,0,0,0,0,0,0,
BL cnt: 0,0,0,0,153538,0,927853,0,2322965,0,3097859,0,2324553,0,928916,0,154316,0,0,0,0,
# InnerCodebook: deleted
# NBIDSchannel: deleted
# Gtable: deleted
# FBalg4: deleted
