# (Pid,Ps)=(1.500000e-02,1.000000e-02) Nseg=10000 [0]
# InnerCB: ICB/marker/3_1_0.bin
# Gtable:  Gtable/1/015_010.bin
# InnerCodebook: beta=1(4) nu=4
# InnerCodebook: B(B2p)=2(4) 2(4) 2(4) 0(1) 
# InnerCodebook: checked CWM, EncMap, DecMap
# beta=1(4) nu=4 N=10000 Dmax=155
# B=2,2,2,0,
# NBIDSchannel: N=10000 Q=4 Dmax=155 (Pid,Ps)=(1.500000e-02,1.000000e-02)
# FBalg4: Nseg=10000 Dmax=155(w=311)
# FBalg4: Gtable: Gtable/1/015_010.bin
# Gtable: beta=1 (Pid,Ps,Ptrn)=(1.500000e-02,1.000000e-02,9.700000e-01) Pth=1.000000e-10
# Gtable: beta4p=4 beta4pp=16
# Gtable::Gtable len=0 cnt=4
# Gtable::Gtable len=1 cnt=16
# Gtable::Gtable len=2 cnt=64
# FBalg4: beta=1(4) (Pid,Ps)=(1.500000e-02,1.000000e-02) Pth=1.000000e-10 N=10000
(Y:1.635368e+00 X:1.500000e+00 XY:1.781814e+00 I:1.353554e+00)
0001(9974): (1.353554e+00 1.353554e+00) 6.767770e-01
(Y:1.638397e+00 X:1.500000e+00 XY:1.798940e+00 I:1.339457e+00)
0002(10017): (1.339457e+00 1.346506e+00) 6.732528e-01
(Y:1.641975e+00 X:1.500000e+00 XY:1.802835e+00 I:1.339140e+00)
0003(9978): (1.339140e+00 1.344050e+00) 6.720251e-01
(Y:1.653877e+00 X:1.500000e+00 XY:1.814377e+00 I:1.339500e+00)
0004(9997): (1.339500e+00 1.342913e+00) 6.714564e-01
(Y:1.643434e+00 X:1.500000e+00 XY:1.785151e+00 I:1.358283e+00)
0005(10003): (1.358283e+00 1.345987e+00) 6.729934e-01
(Y:1.651321e+00 X:1.500000e+00 XY:1.796471e+00 I:1.354850e+00)
0006(10007): (1.354850e+00 1.347464e+00) 6.737320e-01
(Y:1.643358e+00 X:1.500000e+00 XY:1.789136e+00 I:1.354222e+00)
0007(9997): (1.354222e+00 1.348429e+00) 6.742147e-01
(Y:1.643980e+00 X:1.500000e+00 XY:1.788965e+00 I:1.355016e+00)
0008(9992): (1.355016e+00 1.349253e+00) 6.746264e-01
(Y:1.648410e+00 X:1.500000e+00 XY:1.795200e+00 I:1.353210e+00)
0009(9999): (1.353210e+00 1.349692e+00) 6.748462e-01
(Y:1.652190e+00 X:1.500000e+00 XY:1.801577e+00 I:1.350613e+00)
0010(9987): (1.350613e+00 1.349784e+00) 6.748922e-01
# InnerCodebook: deleted
# NBIDSchannel: deleted
# Gtable: deleted
# FBalg4: deleted
