# (Pid,Ps)=(2.500000e-02,1.000000e-02) Nseg=10000 [0]
# InnerCB: ICB/marker/3_1_0.bin
# Gtable:  Gtable/1/025_010.bin
# InnerCodebook: beta=1(4) nu=4
# InnerCodebook: B(B2p)=2(4) 2(4) 2(4) 0(1) 
# InnerCodebook: checked CWM, EncMap, DecMap
# beta=1(4) nu=4 N=10000 Dmax=255
# B=2,2,2,0,
# NBIDSchannel: N=10000 Q=4 Dmax=255 (Pid,Ps)=(2.500000e-02,1.000000e-02)
# FBalg4: Nseg=10000 Dmax=255(w=511)
# FBalg4: Gtable: Gtable/1/025_010.bin
# Gtable: beta=1 (Pid,Ps,Ptrn)=(2.500000e-02,1.000000e-02,9.500000e-01) Pth=1.000000e-10
# Gtable: beta4p=4 beta4pp=16
# Gtable::Gtable len=0 cnt=4
# Gtable::Gtable len=1 cnt=16
# Gtable::Gtable len=2 cnt=64
# FBalg4: beta=1(4) (Pid,Ps)=(2.500000e-02,1.000000e-02) Pth=1.000000e-10 N=10000
(Y:1.681471e+00 X:1.500000e+00 XY:1.886693e+00 I:1.294778e+00)
0001(9987): (1.294778e+00 1.294778e+00) 6.473890e-01
(Y:1.687092e+00 X:1.500000e+00 XY:1.900152e+00 I:1.286939e+00)
0002(10033): (1.286939e+00 1.290859e+00) 6.454293e-01
(Y:1.683826e+00 X:1.500000e+00 XY:1.901695e+00 I:1.282131e+00)
0003(9967): (1.282131e+00 1.287949e+00) 6.439747e-01
(Y:1.691004e+00 X:1.500000e+00 XY:1.911277e+00 I:1.279728e+00)
0004(9994): (1.279728e+00 1.285894e+00) 6.429470e-01
(Y:1.668380e+00 X:1.500000e+00 XY:1.872387e+00 I:1.295993e+00)
0005(10036): (1.295993e+00 1.287914e+00) 6.439568e-01
(Y:1.679585e+00 X:1.500000e+00 XY:1.887587e+00 I:1.291998e+00)
0006(10001): (1.291998e+00 1.288594e+00) 6.442972e-01
(Y:1.686011e+00 X:1.500000e+00 XY:1.901877e+00 I:1.284134e+00)
0007(10023): (1.284134e+00 1.287957e+00) 6.439786e-01
(Y:1.676402e+00 X:1.500000e+00 XY:1.877359e+00 I:1.299043e+00)
0008(9986): (1.299043e+00 1.289343e+00) 6.446715e-01
(Y:1.673067e+00 X:1.500000e+00 XY:1.888449e+00 I:1.284618e+00)
0009(10007): (1.284618e+00 1.288818e+00) 6.444090e-01
(Y:1.683620e+00 X:1.500000e+00 XY:1.891296e+00 I:1.292324e+00)
0010(10004): (1.292324e+00 1.289168e+00) 6.445842e-01
# InnerCodebook: deleted
# NBIDSchannel: deleted
# Gtable: deleted
# FBalg4: deleted
