# (Pid,Ps)=(4.500000e-02,1.000000e-02) Nseg=10000 [0]
# InnerCB: ICB/marker/3_1_0.bin
# Gtable:  Gtable/1/045_010.bin
# InnerCodebook: beta=1(4) nu=4
# InnerCodebook: B(B2p)=2(4) 2(4) 2(4) 0(1) 
# InnerCodebook: checked CWM, EncMap, DecMap
# beta=1(4) nu=4 N=10000 Dmax=455
# B=2,2,2,0,
# NBIDSchannel: N=10000 Q=4 Dmax=455 (Pid,Ps)=(4.500000e-02,1.000000e-02)
# FBalg4: Nseg=10000 Dmax=455(w=911)
# FBalg4: Gtable: Gtable/1/045_010.bin
# Gtable: beta=1 (Pid,Ps,Ptrn)=(4.500000e-02,1.000000e-02,9.100000e-01) Pth=1.000000e-10
# Gtable: beta4p=4 beta4pp=16
# Gtable::Gtable len=0 cnt=4
# Gtable::Gtable len=1 cnt=16
# Gtable::Gtable len=2 cnt=64
# FBalg4: beta=1(4) (Pid,Ps)=(4.500000e-02,1.000000e-02) Pth=1.000000e-10 N=10000
(Y:1.714904e+00 X:1.500000e+00 XY:2.057283e+00 I:1.157621e+00)
0001(10005): (1.157621e+00 1.157621e+00) 5.788103e-01
(Y:1.714557e+00 X:1.500000e+00 XY:2.058997e+00 I:1.155561e+00)
0002(10025): (1.155561e+00 1.156591e+00) 5.782953e-01
(Y:1.712354e+00 X:1.500000e+00 XY:2.053275e+00 I:1.159079e+00)
0003(9977): (1.159079e+00 1.157420e+00) 5.787101e-01
(Y:1.715611e+00 X:1.500000e+00 XY:2.060848e+00 I:1.154763e+00)
0004(10007): (1.154763e+00 1.156756e+00) 5.783779e-01
(Y:1.709526e+00 X:1.500000e+00 XY:2.037784e+00 I:1.171742e+00)
0005(10040): (1.171742e+00 1.159753e+00) 5.798765e-01
(Y:1.711104e+00 X:1.500000e+00 XY:2.044680e+00 I:1.166423e+00)
0006(10016): (1.166423e+00 1.160865e+00) 5.804324e-01
(Y:1.705686e+00 X:1.500000e+00 XY:2.069367e+00 I:1.136319e+00)
0007(9988): (1.136319e+00 1.157358e+00) 5.786791e-01
(Y:1.710461e+00 X:1.500000e+00 XY:2.045209e+00 I:1.165252e+00)
0008(9972): (1.165252e+00 1.158345e+00) 5.791725e-01
(Y:1.718517e+00 X:1.500000e+00 XY:2.067264e+00 I:1.151253e+00)
0009(9990): (1.151253e+00 1.157557e+00) 5.787784e-01
(Y:1.704438e+00 X:1.500000e+00 XY:2.035625e+00 I:1.168813e+00)
0010(9968): (1.168813e+00 1.158682e+00) 5.793412e-01
# InnerCodebook: deleted
# NBIDSchannel: deleted
# Gtable: deleted
# FBalg4: deleted
