# (Pid,Ps)=(4.500000e-02,1.000000e-02) Nseg=200 WinSize=10 [0]
# InnerCB: ICB/2/5_07_2.bin
# Gtable:  Gtable/5/045_010.bin
# InnerCodebook: beta=5(1024) nu=2
# InnerCodebook: B(B2p)=7(128) 7(128) 
# InnerCodebook: checked CWM, EncMap, DecMap
# beta=5(1024) nu=2 N=1000 Dmax=50
# B=7,7,
# NBIDSchannel: N=1000 Q=4 Dmax=50 (Pid,Ps)=(4.500000e-02,1.000000e-02)
# FBalg4: Nseg=200 Dmax=50(w=101)
# FBalg4: Gtable: Gtable/5/045_010.bin
# Gtable: beta=5 (Pid,Ps,Ptrn)=(4.500000e-02,1.000000e-02,9.100000e-01) Pth=1.000000e-10
# Gtable: beta4p=1024 beta4pp=1048576
# Gtable::Gtable len=0 cnt=1024
# Gtable::Gtable len=1 cnt=4096
# Gtable::Gtable len=2 cnt=16384
# Gtable::Gtable len=3 cnt=65536
# Gtable::Gtable len=4 cnt=241636
# Gtable::Gtable len=5 cnt=826768
# Gtable::Gtable len=6 cnt=1541824
# Gtable::Gtable len=7 cnt=2651728
# Gtable::Gtable len=8 cnt=1264036
# Gtable::Gtable len=9 cnt=204496
# Gtable::Gtable len=10 cnt=31744
# FBalg4: beta=5(1024) (Pid,Ps)=(4.500000e-02,1.000000e-02) Pth=1.000000e-10 N=1000
# StatICB: nu=2 beta=5 beta4p=1024 Bsum=14 HdThNum=20 HdThStep=5.00e-02
# StatICB: B=7,7,
# StatICB: HdThList 9.50e-01,9.00e-01,8.50e-01,8.00e-01,7.50e-01,7.00e-01,6.50e-01,6.00e-01,5.50e-01,5.00e-01,4.50e-01,4.00e-01,3.50e-01,3.00e-01,2.50e-01,2.00e-01,1.50e-01,1.00e-01,5.00e-02,1.00e-10,
0015(999) (2.55e+00 2.30e+00) XE:2.30e-01 (1.28e+00 1.32e+00 | 1.12e+00 1.10e+00)
0030(985) (2.41e+00 2.30e+00) XE:2.30e-01 (1.34e+00 1.32e+00 | 1.08e+00 1.09e+00)
0045(980) (2.74e+00 2.32e+00) XE:2.32e-01 (1.35e+00 1.33e+00 | 1.06e+00 1.09e+00)
0060(1016) (2.03e+00 2.32e+00) XE:2.32e-01 (1.30e+00 1.33e+00 | 1.21e+00 1.10e+00)
0075(1011) (1.47e+00 2.31e+00) XE:2.31e-01 (1.38e+00 1.33e+00 | 1.01e+00 1.09e+00)
0090(1004) (2.55e+00 2.31e+00) XE:2.31e-01 (1.32e+00 1.33e+00 | 1.05e+00 1.10e+00)
0105(997) (2.79e+00 2.32e+00) XE:2.32e-01 (1.35e+00 1.33e+00 | 1.10e+00 1.10e+00)
0120(1014) (1.98e+00 2.30e+00) XE:2.30e-01 (1.30e+00 1.33e+00 | 1.12e+00 1.10e+00)
0135(1010) (1.85e+00 2.28e+00) XE:2.28e-01 (1.36e+00 1.33e+00 | 1.15e+00 1.10e+00)
0150(995) (2.12e+00 2.29e+00) XE:2.29e-01 (1.34e+00 1.33e+00 | 1.03e+00 1.10e+00)
0165(982) (3.01e+00 2.30e+00) XE:2.30e-01 (1.31e+00 1.33e+00 | 1.16e+00 1.10e+00)
0180(991) (2.55e+00 2.30e+00) XE:2.30e-01 (1.33e+00 1.33e+00 | 1.09e+00 1.10e+00)
0195(1006) (2.25e+00 2.31e+00) XE:2.31e-01 (1.35e+00 1.33e+00 | 1.12e+00 1.10e+00)
0210(993) (2.36e+00 2.32e+00) XE:2.32e-01 (1.35e+00 1.33e+00 | 1.20e+00 1.10e+00)
0224(995) (1.75e+00 2.32e+00) XE:2.32e-01 (1.32e+00 1.33e+00 | 1.10e+00 1.10e+00)
0239(989) (2.46e+00 2.32e+00) XE:2.32e-01 (1.28e+00 1.33e+00 | 1.12e+00 1.10e+00)
0254(994) (2.14e+00 2.32e+00) XE:2.32e-01 (1.32e+00 1.33e+00 | 1.05e+00 1.10e+00)
0269(1007) (2.21e+00 2.32e+00) XE:2.32e-01 (1.32e+00 1.33e+00 | 1.04e+00 1.10e+00)
0284(1003) (2.05e+00 2.32e+00) XE:2.32e-01 (1.34e+00 1.33e+00 | 1.09e+00 1.10e+00)
0299(986) (2.65e+00 2.32e+00) XE:2.32e-01 (1.34e+00 1.33e+00 | 1.12e+00 1.10e+00)
0314(999) (2.13e+00 2.32e+00) XE:2.32e-01 (1.30e+00 1.33e+00 | 1.13e+00 1.10e+00)
0329(991) (2.34e+00 2.33e+00) XE:2.33e-01 (1.32e+00 1.33e+00 | 9.85e-01 1.10e+00)
0344(1000) (2.24e+00 2.33e+00) XE:2.33e-01 (1.30e+00 1.33e+00 | 1.10e+00 1.10e+00)
0359(1017) (2.10e+00 2.33e+00) XE:2.33e-01 (1.36e+00 1.33e+00 | 1.11e+00 1.10e+00)
0374(993) (2.40e+00 2.34e+00) XE:2.34e-01 (1.31e+00 1.33e+00 | 1.00e+00 1.10e+00)
0389(979) (2.91e+00 2.34e+00) XE:2.34e-01 (1.35e+00 1.33e+00 | 9.69e-01 1.10e+00)
0403(1003) (2.80e+00 2.34e+00) XE:2.34e-01 (1.32e+00 1.33e+00 | 1.01e+00 1.10e+00)
0418(1002) (2.08e+00 2.33e+00) XE:2.33e-01 (1.32e+00 1.33e+00 | 1.04e+00 1.10e+00)
0433(1007) (2.15e+00 2.33e+00) XE:2.33e-01 (1.32e+00 1.33e+00 | 1.05e+00 1.10e+00)
0448(1000) (2.63e+00 2.33e+00) XE:2.33e-01 (1.33e+00 1.33e+00 | 1.23e+00 1.10e+00)
0463(1004) (2.05e+00 2.33e+00) XE:2.33e-01 (1.36e+00 1.33e+00 | 1.14e+00 1.10e+00)
0478(1009) (2.40e+00 2.33e+00) XE:2.33e-01 (1.32e+00 1.33e+00 | 1.17e+00 1.10e+00)
0493(994) (2.44e+00 2.33e+00) XE:2.33e-01 (1.33e+00 1.33e+00 | 1.08e+00 1.10e+00)
0508(1012) (2.28e+00 2.33e+00) XE:2.33e-01 (1.32e+00 1.33e+00 | 1.16e+00 1.10e+00)
0523(991) (2.43e+00 2.33e+00) XE:2.33e-01 (1.30e+00 1.33e+00 | 9.71e-01 1.10e+00)
0538(1008) (2.02e+00 2.33e+00) XE:2.33e-01 (1.34e+00 1.33e+00 | 1.08e+00 1.10e+00)
0553(997) (2.11e+00 2.33e+00) XE:2.33e-01 (1.32e+00 1.33e+00 | 1.11e+00 1.10e+00)
0568(995) (2.32e+00 2.33e+00) XE:2.33e-01 (1.33e+00 1.33e+00 | 1.06e+00 1.10e+00)
0583(998) (2.05e+00 2.33e+00) XE:2.33e-01 (1.34e+00 1.33e+00 | 9.40e-01 1.10e+00)
0598(1008) (1.97e+00 2.33e+00) XE:2.33e-01 (1.34e+00 1.33e+00 | 1.19e+00 1.10e+00)
0612(1000) (2.61e+00 2.33e+00) XE:2.33e-01 (1.33e+00 1.33e+00 | 1.02e+00 1.10e+00)
0627(1015) (2.46e+00 2.33e+00) XE:2.33e-01 (1.32e+00 1.33e+00 | 1.02e+00 1.10e+00)
0642(998) (2.69e+00 2.32e+00) XE:2.32e-01 (1.37e+00 1.33e+00 | 1.11e+00 1.10e+00)
0657(1010) (2.41e+00 2.32e+00) XE:2.32e-01 (1.36e+00 1.33e+00 | 1.21e+00 1.10e+00)
0672(993) (2.28e+00 2.32e+00) XE:2.32e-01 (1.32e+00 1.33e+00 | 1.09e+00 1.10e+00)
0687(1017) (2.85e+00 2.32e+00) XE:2.32e-01 (1.37e+00 1.33e+00 | 1.22e+00 1.10e+00)
0702(1002) (2.17e+00 2.32e+00) XE:2.32e-01 (1.37e+00 1.33e+00 | 1.13e+00 1.10e+00)
0717(996) (2.54e+00 2.33e+00) XE:2.33e-01 (1.36e+00 1.33e+00 | 1.19e+00 1.10e+00)
0732(1009) (2.07e+00 2.33e+00) XE:2.33e-01 (1.30e+00 1.33e+00 | 1.13e+00 1.10e+00)
0747(1004) (2.72e+00 2.33e+00) XE:2.33e-01 (1.31e+00 1.33e+00 | 1.11e+00 1.10e+00)
0762(982) (2.42e+00 2.33e+00) XE:2.33e-01 (1.30e+00 1.33e+00 | 1.05e+00 1.10e+00)
0777(1008) (2.20e+00 2.32e+00) XE:2.32e-01 (1.37e+00 1.33e+00 | 1.10e+00 1.10e+00)
0792(1015) (2.08e+00 2.33e+00) XE:2.33e-01 (1.33e+00 1.33e+00 | 1.08e+00 1.10e+00)
0806(979) (2.54e+00 2.33e+00) XE:2.33e-01 (1.34e+00 1.33e+00 | 9.93e-01 1.10e+00)
0821(999) (2.37e+00 2.33e+00) XE:2.33e-01 (1.35e+00 1.33e+00 | 1.06e+00 1.10e+00)
0836(990) (2.43e+00 2.33e+00) XE:2.33e-01 (1.38e+00 1.33e+00 | 1.03e+00 1.10e+00)
0851(1005) (2.21e+00 2.33e+00) XE:2.33e-01 (1.33e+00 1.33e+00 | 1.17e+00 1.10e+00)
0866(997) (2.18e+00 2.33e+00) XE:2.33e-01 (1.30e+00 1.33e+00 | 1.03e+00 1.10e+00)
0881(1002) (1.76e+00 2.33e+00) XE:2.33e-01 (1.33e+00 1.33e+00 | 1.16e+00 1.10e+00)
0896(1000) (2.07e+00 2.33e+00) XE:2.33e-01 (1.37e+00 1.33e+00 | 1.11e+00 1.10e+00)
0911(1001) (1.80e+00 2.33e+00) XE:2.33e-01 (1.35e+00 1.33e+00 | 1.11e+00 1.10e+00)
0926(1011) (2.18e+00 2.33e+00) XE:2.33e-01 (1.32e+00 1.33e+00 | 1.15e+00 1.10e+00)
0941(995) (2.98e+00 2.33e+00) XE:2.33e-01 (1.29e+00 1.33e+00 | 1.06e+00 1.10e+00)
0956(974) (2.60e+00 2.33e+00) XE:2.33e-01 (1.33e+00 1.33e+00 | 1.04e+00 1.10e+00)
0971(994) (2.19e+00 2.33e+00) XE:2.33e-01 (1.32e+00 1.33e+00 | 1.10e+00 1.10e+00)
0986(990) (2.63e+00 2.33e+00) XE:2.33e-01 (1.34e+00 1.33e+00 | 1.10e+00 1.10e+00)
1001(997) (2.69e+00 2.33e+00) XE:2.33e-01 (1.36e+00 1.33e+00 | 1.16e+00 1.10e+00)
1015(1006) (2.15e+00 2.33e+00) XE:2.33e-01 (1.34e+00 1.33e+00 | 1.09e+00 1.10e+00)
1030(1000) (2.65e+00 2.33e+00) XE:2.33e-01 (1.37e+00 1.33e+00 | 1.03e+00 1.10e+00)
1045(1001) (2.43e+00 2.33e+00) XE:2.33e-01 (1.33e+00 1.33e+00 | 1.19e+00 1.10e+00)
1060(1001) (4.47e+00 2.33e+00) XE:2.33e-01 (1.32e+00 1.33e+00 | 1.09e+00 1.10e+00)
1075(1014) (1.94e+00 2.33e+00) XE:2.33e-01 (1.32e+00 1.33e+00 | 1.17e+00 1.10e+00)
1090(1006) (2.22e+00 2.33e+00) XE:2.33e-01 (1.37e+00 1.33e+00 | 1.10e+00 1.10e+00)
1105(997) (1.81e+00 2.33e+00) XE:2.33e-01 (1.31e+00 1.33e+00 | 1.15e+00 1.10e+00)
1120(1004) (2.04e+00 2.33e+00) XE:2.33e-01 (1.32e+00 1.33e+00 | 1.12e+00 1.10e+00)
1135(989) (2.54e+00 2.33e+00) XE:2.33e-01 (1.34e+00 1.33e+00 | 1.05e+00 1.10e+00)
1150(999) (2.47e+00 2.33e+00) XE:2.33e-01 (1.33e+00 1.33e+00 | 1.12e+00 1.10e+00)
1165(1008) (2.14e+00 2.33e+00) XE:2.33e-01 (1.35e+00 1.33e+00 | 1.17e+00 1.10e+00)
1180(1012) (2.15e+00 2.33e+00) XE:2.33e-01 (1.34e+00 1.33e+00 | 1.11e+00 1.10e+00)
1195(994) (2.74e+00 2.33e+00) XE:2.33e-01 (1.32e+00 1.33e+00 | 1.16e+00 1.10e+00)
1210(998) (2.00e+00 2.33e+00) XE:2.33e-01 (1.35e+00 1.33e+00 | 1.13e+00 1.10e+00)
1224(992) (2.54e+00 2.33e+00) XE:2.33e-01 (1.33e+00 1.33e+00 | 1.18e+00 1.10e+00)
1239(1004) (1.84e+00 2.33e+00) XE:2.33e-01 (1.35e+00 1.33e+00 | 1.06e+00 1.10e+00)
1254(997) (2.26e+00 2.33e+00) XE:2.33e-01 (1.29e+00 1.33e+00 | 1.11e+00 1.10e+00)
1269(988) (2.90e+00 2.33e+00) XE:2.33e-01 (1.28e+00 1.33e+00 | 1.02e+00 1.10e+00)
1284(1005) (1.85e+00 2.33e+00) XE:2.33e-01 (1.33e+00 1.33e+00 | 1.16e+00 1.10e+00)
1299(1001) (2.19e+00 2.33e+00) XE:2.33e-01 (1.30e+00 1.33e+00 | 1.08e+00 1.10e+00)
1314(994) (2.81e+00 2.33e+00) XE:2.33e-01 (1.33e+00 1.33e+00 | 1.10e+00 1.10e+00)
1329(1002) (2.74e+00 2.33e+00) XE:2.33e-01 (1.31e+00 1.33e+00 | 1.04e+00 1.10e+00)
1344(972) (2.37e+00 2.33e+00) XE:2.33e-01 (1.30e+00 1.33e+00 | 1.04e+00 1.10e+00)
1359(999) (2.47e+00 2.33e+00) XE:2.33e-01 (1.30e+00 1.33e+00 | 1.01e+00 1.10e+00)
1374(1015) (2.11e+00 2.33e+00) XE:2.33e-01 (1.33e+00 1.33e+00 | 1.16e+00 1.10e+00)
1389(1007) (1.78e+00 2.33e+00) XE:2.33e-01 (1.32e+00 1.33e+00 | 9.28e-01 1.10e+00)
1403(1013) (2.31e+00 2.33e+00) XE:2.33e-01 (1.31e+00 1.33e+00 | 1.08e+00 1.10e+00)
1418(1001) (2.42e+00 2.33e+00) XE:2.33e-01 (1.32e+00 1.33e+00 | 1.20e+00 1.10e+00)
1433(996) (2.47e+00 2.33e+00) XE:2.33e-01 (1.30e+00 1.33e+00 | 1.08e+00 1.10e+00)
1448(1005) (2.13e+00 2.33e+00) XE:2.33e-01 (1.32e+00 1.33e+00 | 1.15e+00 1.10e+00)
1463(1001) (2.12e+00 2.33e+00) XE:2.33e-01 (1.31e+00 1.33e+00 | 1.03e+00 1.10e+00)
1478(991) (2.11e+00 2.33e+00) XE:2.33e-01 (1.34e+00 1.33e+00 | 1.20e+00 1.10e+00)
1493(994) (2.55e+00 2.33e+00) XE:2.33e-01 (1.35e+00 1.33e+00 | 1.11e+00 1.10e+00)
1508(993) (2.52e+00 2.33e+00) XE:2.33e-01 (1.28e+00 1.33e+00 | 1.07e+00 1.10e+00)
1523(993) (2.37e+00 2.33e+00) XE:2.33e-01 (1.30e+00 1.33e+00 | 1.12e+00 1.10e+00)
1538(1010) (2.54e+00 2.33e+00) XE:2.33e-01 (1.29e+00 1.33e+00 | 1.11e+00 1.10e+00)
1553(984) (2.76e+00 2.33e+00) XE:2.33e-01 (1.33e+00 1.33e+00 | 1.18e+00 1.10e+00)
1568(1007) (1.70e+00 2.33e+00) XE:2.33e-01 (1.35e+00 1.33e+00 | 1.02e+00 1.10e+00)
1583(1001) (2.35e+00 2.33e+00) XE:2.33e-01 (1.29e+00 1.33e+00 | 1.13e+00 1.10e+00)
1598(997) (1.95e+00 2.33e+00) XE:2.33e-01 (1.35e+00 1.33e+00 | 1.17e+00 1.10e+00)
1612(983) (2.27e+00 2.33e+00) XE:2.33e-01 (1.36e+00 1.33e+00 | 1.02e+00 1.10e+00)
1627(997) (1.91e+00 2.33e+00) XE:2.33e-01 (1.30e+00 1.33e+00 | 1.13e+00 1.10e+00)
1642(1015) (2.27e+00 2.33e+00) XE:2.33e-01 (1.36e+00 1.33e+00 | 1.17e+00 1.10e+00)
1657(1005) (2.43e+00 2.33e+00) XE:2.33e-01 (1.31e+00 1.33e+00 | 1.07e+00 1.10e+00)
1672(993) (2.43e+00 2.33e+00) XE:2.33e-01 (1.35e+00 1.33e+00 | 1.03e+00 1.10e+00)
1687(985) (2.40e+00 2.33e+00) XE:2.33e-01 (1.32e+00 1.33e+00 | 1.12e+00 1.10e+00)
1702(1002) (1.95e+00 2.33e+00) XE:2.33e-01 (1.35e+00 1.33e+00 | 1.07e+00 1.10e+00)
1717(1009) (2.17e+00 2.33e+00) XE:2.33e-01 (1.32e+00 1.33e+00 | 1.28e+00 1.10e+00)
1732(1003) (2.11e+00 2.33e+00) XE:2.33e-01 (1.35e+00 1.33e+00 | 1.11e+00 1.10e+00)
1747(998) (1.96e+00 2.33e+00) XE:2.33e-01 (1.29e+00 1.33e+00 | 1.17e+00 1.10e+00)
1762(993) (2.34e+00 2.33e+00) XE:2.33e-01 (1.29e+00 1.33e+00 | 1.07e+00 1.10e+00)
1777(995) (2.42e+00 2.33e+00) XE:2.33e-01 (1.32e+00 1.33e+00 | 1.06e+00 1.10e+00)
1792(987) (2.80e+00 2.33e+00) XE:2.33e-01 (1.39e+00 1.33e+00 | 1.13e+00 1.10e+00)
1806(996) (2.16e+00 2.33e+00) XE:2.33e-01 (1.34e+00 1.33e+00 | 1.02e+00 1.10e+00)
1821(998) (2.41e+00 2.33e+00) XE:2.33e-01 (1.35e+00 1.33e+00 | 1.11e+00 1.10e+00)
1836(993) (2.73e+00 2.33e+00) XE:2.33e-01 (1.35e+00 1.33e+00 | 1.08e+00 1.10e+00)
1851(999) (2.67e+00 2.33e+00) XE:2.33e-01 (1.35e+00 1.33e+00 | 1.09e+00 1.10e+00)
1866(995) (2.71e+00 2.33e+00) XE:2.33e-01 (1.29e+00 1.33e+00 | 1.10e+00 1.10e+00)
1881(1007) (2.38e+00 2.33e+00) XE:2.33e-01 (1.31e+00 1.33e+00 | 1.06e+00 1.10e+00)
1896(994) (2.47e+00 2.33e+00) XE:2.33e-01 (1.34e+00 1.33e+00 | 1.12e+00 1.10e+00)
1911(996) (2.00e+00 2.33e+00) XE:2.33e-01 (1.34e+00 1.33e+00 | 1.15e+00 1.10e+00)
1926(1004) (2.23e+00 2.33e+00) XE:2.33e-01 (1.30e+00 1.33e+00 | 1.06e+00 1.10e+00)
1941(992) (2.54e+00 2.33e+00) XE:2.33e-01 (1.35e+00 1.33e+00 | 1.07e+00 1.10e+00)
1956(981) (2.61e+00 2.33e+00) XE:2.33e-01 (1.35e+00 1.33e+00 | 1.02e+00 1.10e+00)
1971(997) (2.30e+00 2.33e+00) XE:2.33e-01 (1.37e+00 1.33e+00 | 1.13e+00 1.10e+00)
1985(989) (2.88e+00 2.33e+00) XE:2.33e-01 (1.33e+00 1.33e+00 | 1.15e+00 1.10e+00)
2000(1010) (2.85e+00 2.33e+00) XE:2.33e-01 (1.34e+00 1.33e+00 | 1.04e+00 1.10e+00)
2015(984) (2.42e+00 2.33e+00) XE:2.33e-01 (1.31e+00 1.33e+00 | 1.19e+00 1.10e+00)
2030(993) (2.26e+00 2.33e+00) XE:2.33e-01 (1.33e+00 1.33e+00 | 1.00e+00 1.10e+00)
2045(991) (2.49e+00 2.33e+00) XE:2.33e-01 (1.31e+00 1.33e+00 | 1.18e+00 1.10e+00)
2060(994) (2.22e+00 2.33e+00) XE:2.33e-01 (1.32e+00 1.33e+00 | 1.17e+00 1.10e+00)
2075(1000) (2.00e+00 2.33e+00) XE:2.33e-01 (1.32e+00 1.33e+00 | 1.04e+00 1.10e+00)
2090(1013) (2.34e+00 2.33e+00) XE:2.33e-01 (1.38e+00 1.33e+00 | 1.14e+00 1.10e+00)
2105(1000) (2.07e+00 2.33e+00) XE:2.33e-01 (1.36e+00 1.33e+00 | 1.19e+00 1.10e+00)
2120(1016) (1.93e+00 2.33e+00) XE:2.33e-01 (1.37e+00 1.33e+00 | 1.16e+00 1.10e+00)
2135(1004) (1.96e+00 2.33e+00) XE:2.33e-01 (1.37e+00 1.33e+00 | 1.07e+00 1.10e+00)
2150(986) (2.24e+00 2.33e+00) XE:2.33e-01 (1.36e+00 1.33e+00 | 1.30e+00 1.10e+00)
2165(1006) (2.33e+00 2.33e+00) XE:2.33e-01 (1.28e+00 1.33e+00 | 1.15e+00 1.10e+00)
2179(1000) (2.13e+00 2.33e+00) XE:2.33e-01 (1.27e+00 1.33e+00 | 1.13e+00 1.10e+00)
2194(1000) (1.69e+00 2.33e+00) XE:2.33e-01 (1.31e+00 1.33e+00 | 1.15e+00 1.10e+00)
2209(1012) (2.19e+00 2.33e+00) XE:2.33e-01 (1.36e+00 1.33e+00 | 8.98e-01 1.10e+00)
2224(1005) (1.91e+00 2.33e+00) XE:2.33e-01 (1.32e+00 1.33e+00 | 1.09e+00 1.10e+00)
2239(1009) (2.11e+00 2.33e+00) XE:2.33e-01 (1.35e+00 1.33e+00 | 8.92e-01 1.10e+00)
2254(988) (2.45e+00 2.33e+00) XE:2.33e-01 (1.35e+00 1.33e+00 | 1.03e+00 1.10e+00)
2269(1009) (2.29e+00 2.33e+00) XE:2.33e-01 (1.31e+00 1.33e+00 | 1.12e+00 1.10e+00)
2284(1001) (2.39e+00 2.33e+00) XE:2.33e-01 (1.33e+00 1.33e+00 | 1.10e+00 1.10e+00)
2299(998) (2.52e+00 2.33e+00) XE:2.33e-01 (1.30e+00 1.33e+00 | 1.01e+00 1.10e+00)
2314(990) (2.45e+00 2.33e+00) XE:2.33e-01 (1.37e+00 1.33e+00 | 1.26e+00 1.10e+00)
2329(1012) (2.17e+00 2.33e+00) XE:2.33e-01 (1.27e+00 1.33e+00 | 1.05e+00 1.10e+00)
2344(998) (2.60e+00 2.33e+00) XE:2.33e-01 (1.33e+00 1.33e+00 | 1.12e+00 1.10e+00)
2358(999) (2.44e+00 2.33e+00) XE:2.33e-01 (1.34e+00 1.33e+00 | 1.06e+00 1.10e+00)
2373(1006) (2.48e+00 2.33e+00) XE:2.33e-01 (1.33e+00 1.33e+00 | 1.05e+00 1.10e+00)
2388(986) (2.86e+00 2.33e+00) XE:2.33e-01 (1.36e+00 1.33e+00 | 1.14e+00 1.10e+00)
2403(1017) (2.22e+00 2.33e+00) XE:2.33e-01 (1.36e+00 1.33e+00 | 1.15e+00 1.10e+00)
2418(993) (2.37e+00 2.33e+00) XE:2.33e-01 (1.34e+00 1.33e+00 | 9.71e-01 1.10e+00)
2433(1018) (2.39e+00 2.33e+00) XE:2.33e-01 (1.30e+00 1.33e+00 | 1.15e+00 1.10e+00)
2448(996) (1.86e+00 2.33e+00) XE:2.33e-01 (1.31e+00 1.33e+00 | 1.06e+00 1.10e+00)
2463(1011) (2.32e+00 2.33e+00) XE:2.33e-01 (1.33e+00 1.33e+00 | 1.07e+00 1.10e+00)
2478(991) (2.79e+00 2.33e+00) XE:2.33e-01 (1.36e+00 1.33e+00 | 1.14e+00 1.10e+00)
2493(995) (2.66e+00 2.33e+00) XE:2.33e-01 (1.34e+00 1.33e+00 | 1.06e+00 1.10e+00)
2508(1010) (2.09e+00 2.33e+00) XE:2.33e-01 (1.31e+00 1.33e+00 | 1.16e+00 1.10e+00)
2523(1003) (2.43e+00 2.33e+00) XE:2.33e-01 (1.35e+00 1.33e+00 | 1.04e+00 1.10e+00)
2538(1001) (2.43e+00 2.33e+00) XE:2.33e-01 (1.31e+00 1.33e+00 | 1.02e+00 1.10e+00)
2552(993) (2.25e+00 2.33e+00) XE:2.33e-01 (1.32e+00 1.33e+00 | 1.16e+00 1.10e+00)
2567(1004) (2.35e+00 2.33e+00) XE:2.33e-01 (1.32e+00 1.33e+00 | 1.10e+00 1.10e+00)
2582(999) (2.33e+00 2.33e+00) XE:2.33e-01 (1.34e+00 1.33e+00 | 1.10e+00 1.10e+00)
2597(1020) (2.50e+00 2.33e+00) XE:2.33e-01 (1.35e+00 1.33e+00 | 1.01e+00 1.10e+00)
2612(998) (2.15e+00 2.33e+00) XE:2.33e-01 (1.31e+00 1.33e+00 | 1.13e+00 1.10e+00)
2627(997) (2.58e+00 2.33e+00) XE:2.33e-01 (1.35e+00 1.33e+00 | 1.23e+00 1.10e+00)
2642(986) (2.64e+00 2.33e+00) XE:2.33e-01 (1.28e+00 1.33e+00 | 1.10e+00 1.10e+00)
2657(1014) (2.36e+00 2.33e+00) XE:2.33e-01 (1.29e+00 1.33e+00 | 1.03e+00 1.10e+00)
2672(1000) (2.53e+00 2.33e+00) XE:2.33e-01 (1.35e+00 1.33e+00 | 1.10e+00 1.10e+00)
2687(1002) (1.95e+00 2.33e+00) XE:2.33e-01 (1.35e+00 1.33e+00 | 1.05e+00 1.10e+00)
2702(1010) (2.30e+00 2.33e+00) XE:2.33e-01 (1.35e+00 1.33e+00 | 1.07e+00 1.10e+00)
2717(994) (2.36e+00 2.33e+00) XE:2.33e-01 (1.35e+00 1.33e+00 | 1.04e+00 1.10e+00)
2732(977) (2.51e+00 2.33e+00) XE:2.33e-01 (1.40e+00 1.33e+00 | 1.08e+00 1.10e+00)
2747(1006) (2.17e+00 2.33e+00) XE:2.33e-01 (1.29e+00 1.33e+00 | 1.08e+00 1.10e+00)
2761(982) (2.82e+00 2.33e+00) XE:2.33e-01 (1.31e+00 1.33e+00 | 1.07e+00 1.10e+00)
2776(1008) (2.13e+00 2.33e+00) XE:2.33e-01 (1.34e+00 1.33e+00 | 1.13e+00 1.10e+00)
2791(990) (2.15e+00 2.33e+00) XE:2.33e-01 (1.35e+00 1.33e+00 | 1.20e+00 1.10e+00)
2806(994) (2.44e+00 2.33e+00) XE:2.33e-01 (1.38e+00 1.33e+00 | 1.11e+00 1.10e+00)
2821(992) (2.41e+00 2.33e+00) XE:2.33e-01 (1.36e+00 1.33e+00 | 9.89e-01 1.10e+00)
2836(1004) (2.09e+00 2.33e+00) XE:2.33e-01 (1.32e+00 1.33e+00 | 1.12e+00 1.10e+00)
2851(1016) (2.30e+00 2.33e+00) XE:2.33e-01 (1.31e+00 1.33e+00 | 1.12e+00 1.10e+00)
2866(994) (2.20e+00 2.33e+00) XE:2.33e-01 (1.35e+00 1.33e+00 | 1.19e+00 1.10e+00)
2881(1008) (1.92e+00 2.32e+00) XE:2.32e-01 (1.38e+00 1.33e+00 | 1.16e+00 1.10e+00)
2896(991) (2.63e+00 2.33e+00) XE:2.33e-01 (1.33e+00 1.33e+00 | 1.07e+00 1.10e+00)
2911(1004) (2.74e+00 2.32e+00) XE:2.32e-01 (1.36e+00 1.33e+00 | 1.07e+00 1.10e+00)
2926(1021) (2.11e+00 2.33e+00) XE:2.33e-01 (1.32e+00 1.33e+00 | 1.17e+00 1.10e+00)
2940(1003) (2.08e+00 2.32e+00) XE:2.32e-01 (1.38e+00 1.33e+00 | 1.14e+00 1.10e+00)
2955(988) (2.63e+00 2.32e+00) XE:2.32e-01 (1.33e+00 1.33e+00 | 1.11e+00 1.10e+00)
2970(1004) (2.35e+00 2.32e+00) XE:2.32e-01 (1.31e+00 1.33e+00 | 1.12e+00 1.10e+00)
2985(1010) (2.29e+00 2.32e+00) XE:2.32e-01 (1.37e+00 1.33e+00 | 1.10e+00 1.10e+00)
3000(1004) (2.02e+00 2.32e+00) XE:2.32e-01 (1.33e+00 1.33e+00 | 1.10e+00 1.10e+00)
3015(1003) (2.83e+00 2.32e+00) XE:2.32e-01 (1.35e+00 1.33e+00 | 1.07e+00 1.10e+00)
3030(1013) (2.45e+00 2.32e+00) XE:2.32e-01 (1.35e+00 1.33e+00 | 1.05e+00 1.10e+00)
3045(1009) (2.11e+00 2.32e+00) XE:2.32e-01 (1.32e+00 1.33e+00 | 1.06e+00 1.10e+00)
3060(1008) (2.46e+00 2.32e+00) XE:2.32e-01 (1.32e+00 1.33e+00 | 1.14e+00 1.10e+00)
3075(990) (2.37e+00 2.32e+00) XE:2.32e-01 (1.28e+00 1.33e+00 | 1.09e+00 1.10e+00)
3090(1014) (1.84e+00 2.32e+00) XE:2.32e-01 (1.32e+00 1.33e+00 | 1.13e+00 1.10e+00)
3104(1012) (1.87e+00 2.32e+00) XE:2.32e-01 (1.33e+00 1.33e+00 | 1.11e+00 1.10e+00)
3119(1004) (2.34e+00 2.32e+00) XE:2.32e-01 (1.30e+00 1.33e+00 | 1.15e+00 1.10e+00)
3134(1014) (2.18e+00 2.32e+00) XE:2.32e-01 (1.30e+00 1.33e+00 | 1.15e+00 1.10e+00)
3149(1004) (2.30e+00 2.32e+00) XE:2.32e-01 (1.36e+00 1.33e+00 | 1.20e+00 1.10e+00)
3164(991) (2.56e+00 2.32e+00) XE:2.32e-01 (1.33e+00 1.33e+00 | 1.06e+00 1.10e+00)
3179(1017) (2.38e+00 2.32e+00) XE:2.32e-01 (1.34e+00 1.33e+00 | 1.03e+00 1.10e+00)
3194(993) (2.54e+00 2.32e+00) XE:2.32e-01 (1.31e+00 1.33e+00 | 1.14e+00 1.10e+00)
3209(991) (2.86e+00 2.32e+00) XE:2.32e-01 (1.36e+00 1.33e+00 | 1.02e+00 1.10e+00)
3224(991) (2.42e+00 2.32e+00) XE:2.32e-01 (1.32e+00 1.33e+00 | 1.03e+00 1.10e+00)
3239(995) (2.14e+00 2.32e+00) XE:2.32e-01 (1.31e+00 1.33e+00 | 1.09e+00 1.10e+00)
3254(1013) (2.58e+00 2.32e+00) XE:2.32e-01 (1.38e+00 1.33e+00 | 1.16e+00 1.10e+00)
3269(1006) (1.83e+00 2.32e+00) XE:2.32e-01 (1.36e+00 1.33e+00 | 1.06e+00 1.10e+00)
3283(1014) (2.40e+00 2.32e+00) XE:2.32e-01 (1.36e+00 1.33e+00 | 1.14e+00 1.10e+00)
3298(1006) (2.41e+00 2.32e+00) XE:2.32e-01 (1.32e+00 1.33e+00 | 1.02e+00 1.10e+00)
3313(989) (2.37e+00 2.32e+00) XE:2.32e-01 (1.33e+00 1.33e+00 | 9.97e-01 1.10e+00)
3328(1003) (2.62e+00 2.32e+00) XE:2.32e-01 (1.33e+00 1.33e+00 | 1.15e+00 1.10e+00)
3343(1000) (3.61e+00 2.33e+00) XE:2.33e-01 (1.32e+00 1.33e+00 | 1.16e+00 1.10e+00)
3358(986) (2.77e+00 2.33e+00) XE:2.33e-01 (1.36e+00 1.33e+00 | 1.13e+00 1.10e+00)
3373(1005) (4.31e+00 2.33e+00) XE:2.33e-01 (1.31e+00 1.33e+00 | 1.11e+00 1.10e+00)
3388(1022) (2.47e+00 2.33e+00) XE:2.33e-01 (1.38e+00 1.33e+00 | 1.21e+00 1.10e+00)
3403(1006) (2.16e+00 2.33e+00) XE:2.33e-01 (1.35e+00 1.33e+00 | 9.89e-01 1.10e+00)
3418(992) (1.90e+00 2.33e+00) XE:2.33e-01 (1.31e+00 1.33e+00 | 1.05e+00 1.10e+00)
3433(977) (2.64e+00 2.33e+00) XE:2.33e-01 (1.32e+00 1.33e+00 | 1.09e+00 1.10e+00)
3448(1005) (2.15e+00 2.33e+00) XE:2.33e-01 (1.31e+00 1.33e+00 | 9.89e-01 1.10e+00)
3463(998) (2.39e+00 2.33e+00) XE:2.33e-01 (1.33e+00 1.33e+00 | 1.21e+00 1.10e+00)
3477(1002) (2.38e+00 2.33e+00) XE:2.33e-01 (1.37e+00 1.33e+00 | 1.15e+00 1.10e+00)
3492(1007) (2.47e+00 2.33e+00) XE:2.33e-01 (1.31e+00 1.33e+00 | 1.10e+00 1.10e+00)
3507(1004) (2.04e+00 2.33e+00) XE:2.33e-01 (1.29e+00 1.33e+00 | 1.09e+00 1.10e+00)
3522(1013) (2.33e+00 2.33e+00) XE:2.33e-01 (1.32e+00 1.33e+00 | 1.11e+00 1.10e+00)
3537(1002) (2.09e+00 2.33e+00) XE:2.33e-01 (1.31e+00 1.33e+00 | 1.05e+00 1.10e+00)
3552(1013) (1.49e+00 2.33e+00) XE:2.33e-01 (1.36e+00 1.33e+00 | 1.19e+00 1.10e+00)
3567(998) (2.78e+00 2.33e+00) XE:2.33e-01 (1.31e+00 1.33e+00 | 1.10e+00 1.10e+00)
3582(1005) (2.34e+00 2.33e+00) XE:2.33e-01 (1.37e+00 1.33e+00 | 1.10e+00 1.10e+00)
3597(1005) (2.52e+00 2.33e+00) XE:2.33e-01 (1.37e+00 1.33e+00 | 1.11e+00 1.10e+00)
3611(991) (2.68e+00 2.33e+00) XE:2.33e-01 (1.31e+00 1.33e+00 | 1.05e+00 1.10e+00)
3626(990) (1.87e+00 2.33e+00) XE:2.33e-01 (1.36e+00 1.33e+00 | 1.12e+00 1.10e+00)
3641(1010) (2.82e+00 2.33e+00) XE:2.33e-01 (1.34e+00 1.33e+00 | 1.20e+00 1.10e+00)
3656(1006) (1.85e+00 2.33e+00) XE:2.33e-01 (1.34e+00 1.33e+00 | 1.12e+00 1.10e+00)
3671(998) (2.12e+00 2.33e+00) XE:2.33e-01 (1.31e+00 1.33e+00 | 1.07e+00 1.10e+00)
3686(1000) (2.01e+00 2.33e+00) XE:2.33e-01 (1.34e+00 1.33e+00 | 1.30e+00 1.10e+00)
3701(1001) (2.17e+00 2.33e+00) XE:2.33e-01 (1.32e+00 1.33e+00 | 1.15e+00 1.10e+00)
3716(988) (2.63e+00 2.33e+00) XE:2.33e-01 (1.37e+00 1.33e+00 | 1.22e+00 1.10e+00)
3731(1019) (1.79e+00 2.33e+00) XE:2.33e-01 (1.30e+00 1.33e+00 | 9.53e-01 1.10e+00)
3746(1007) (1.92e+00 2.33e+00) XE:2.33e-01 (1.32e+00 1.33e+00 | 1.18e+00 1.10e+00)
3761(996) (2.63e+00 2.33e+00) XE:2.33e-01 (1.33e+00 1.33e+00 | 1.11e+00 1.10e+00)
3775(991) (2.66e+00 2.33e+00) XE:2.33e-01 (1.32e+00 1.33e+00 | 1.10e+00 1.10e+00)
3790(1000) (2.64e+00 2.33e+00) XE:2.33e-01 (1.30e+00 1.33e+00 | 1.13e+00 1.10e+00)
3805(1008) (2.55e+00 2.33e+00) XE:2.33e-01 (1.31e+00 1.33e+00 | 1.13e+00 1.10e+00)
3820(991) (2.71e+00 2.33e+00) XE:2.33e-01 (1.37e+00 1.33e+00 | 1.03e+00 1.10e+00)
3835(1014) (2.14e+00 2.33e+00) XE:2.33e-01 (1.30e+00 1.33e+00 | 1.04e+00 1.10e+00)
3850(1003) (2.11e+00 2.33e+00) XE:2.33e-01 (1.33e+00 1.33e+00 | 9.91e-01 1.10e+00)
3865(997) (2.30e+00 2.33e+00) XE:2.33e-01 (1.29e+00 1.33e+00 | 9.89e-01 1.10e+00)
3880(990) (2.72e+00 2.33e+00) XE:2.33e-01 (1.38e+00 1.33e+00 | 1.01e+00 1.10e+00)
3895(999) (2.48e+00 2.33e+00) XE:2.33e-01 (1.32e+00 1.33e+00 | 1.17e+00 1.10e+00)
3910(1002) (2.14e+00 2.33e+00) XE:2.33e-01 (1.36e+00 1.33e+00 | 1.12e+00 1.10e+00)
3925(1002) (1.80e+00 2.33e+00) XE:2.33e-01 (1.34e+00 1.33e+00 | 9.28e-01 1.10e+00)
3939(1003) (2.48e+00 2.33e+00) XE:2.33e-01 (1.35e+00 1.33e+00 | 1.10e+00 1.10e+00)
3954(1000) (2.46e+00 2.33e+00) XE:2.33e-01 (1.35e+00 1.33e+00 | 1.03e+00 1.10e+00)
3969(991) (2.48e+00 2.33e+00) XE:2.33e-01 (1.30e+00 1.33e+00 | 1.02e+00 1.10e+00)
3984(1009) (2.07e+00 2.33e+00) XE:2.33e-01 (1.32e+00 1.33e+00 | 1.04e+00 1.10e+00)
3999(1008) (2.46e+00 2.33e+00) XE:2.33e-01 (1.31e+00 1.33e+00 | 1.05e+00 1.10e+00)
4014(1002) (2.88e+00 2.33e+00) XE:2.33e-01 (1.30e+00 1.33e+00 | 1.22e+00 1.10e+00)
4029(988) (2.39e+00 2.33e+00) XE:2.33e-01 (1.38e+00 1.33e+00 | 1.23e+00 1.10e+00)
4043(1012) (1.92e+00 2.33e+00) XE:2.33e-01 (1.31e+00 1.33e+00 | 1.07e+00 1.10e+00)
4058(992) (2.74e+00 2.33e+00) XE:2.33e-01 (1.27e+00 1.33e+00 | 1.10e+00 1.10e+00)
4073(998) (2.43e+00 2.33e+00) XE:2.33e-01 (1.32e+00 1.33e+00 | 1.10e+00 1.10e+00)
4088(992) (2.15e+00 2.33e+00) XE:2.33e-01 (1.33e+00 1.33e+00 | 1.17e+00 1.10e+00)
4103(1002) (2.58e+00 2.33e+00) XE:2.33e-01 (1.31e+00 1.33e+00 | 1.05e+00 1.10e+00)
4118(994) (2.60e+00 2.33e+00) XE:2.33e-01 (1.36e+00 1.33e+00 | 1.15e+00 1.10e+00)
4133(999) (2.22e+00 2.33e+00) XE:2.33e-01 (1.35e+00 1.33e+00 | 1.12e+00 1.10e+00)
4148(1001) (2.23e+00 2.33e+00) XE:2.33e-01 (1.31e+00 1.33e+00 | 1.04e+00 1.10e+00)
4163(1000) (2.06e+00 2.33e+00) XE:2.33e-01 (1.34e+00 1.33e+00 | 1.15e+00 1.10e+00)
4178(1007) (1.72e+00 2.33e+00) XE:2.33e-01 (1.30e+00 1.33e+00 | 1.12e+00 1.10e+00)
4193(1018) (2.42e+00 2.33e+00) XE:2.33e-01 (1.34e+00 1.33e+00 | 1.08e+00 1.10e+00)
4208(991) (2.49e+00 2.33e+00) XE:2.33e-01 (1.32e+00 1.33e+00 | 1.03e+00 1.10e+00)
4222(1007) (2.17e+00 2.33e+00) XE:2.33e-01 (1.33e+00 1.33e+00 | 1.09e+00 1.10e+00)
4237(987) (2.10e+00 2.33e+00) XE:2.33e-01 (1.31e+00 1.33e+00 | 1.12e+00 1.10e+00)
4252(996) (2.23e+00 2.33e+00) XE:2.33e-01 (1.33e+00 1.33e+00 | 1.04e+00 1.10e+00)
4267(1008) (2.05e+00 2.33e+00) XE:2.33e-01 (1.32e+00 1.33e+00 | 1.08e+00 1.10e+00)
4282(1010) (2.17e+00 2.33e+00) XE:2.33e-01 (1.35e+00 1.33e+00 | 1.15e+00 1.10e+00)
4297(991) (2.14e+00 2.33e+00) XE:2.33e-01 (1.34e+00 1.33e+00 | 1.03e+00 1.10e+00)
4312(992) (2.34e+00 2.33e+00) XE:2.33e-01 (1.33e+00 1.33e+00 | 1.16e+00 1.10e+00)
4327(1000) (2.37e+00 2.33e+00) XE:2.33e-01 (1.32e+00 1.33e+00 | 9.65e-01 1.10e+00)
4342(1007) (2.11e+00 2.33e+00) XE:2.33e-01 (1.34e+00 1.33e+00 | 1.13e+00 1.10e+00)
4357(999) (2.17e+00 2.33e+00) XE:2.33e-01 (1.36e+00 1.33e+00 | 1.15e+00 1.10e+00)
4372(1003) (2.37e+00 2.33e+00) XE:2.33e-01 (1.34e+00 1.33e+00 | 9.87e-01 1.10e+00)
4387(1003) (2.43e+00 2.33e+00) XE:2.33e-01 (1.33e+00 1.33e+00 | 1.12e+00 1.10e+00)
4402(1008) (2.00e+00 2.33e+00) XE:2.33e-01 (1.38e+00 1.33e+00 | 1.14e+00 1.10e+00)
4417(990) (2.43e+00 2.33e+00) XE:2.33e-01 (1.27e+00 1.33e+00 | 1.11e+00 1.10e+00)
4432(992) (2.63e+00 2.33e+00) XE:2.33e-01 (1.33e+00 1.33e+00 | 1.19e+00 1.10e+00)
4446(1003) (2.11e+00 2.33e+00) XE:2.33e-01 (1.34e+00 1.33e+00 | 1.01e+00 1.10e+00)
4461(1003) (2.22e+00 2.33e+00) XE:2.33e-01 (1.34e+00 1.33e+00 | 1.08e+00 1.10e+00)
4476(990) (2.17e+00 2.33e+00) XE:2.33e-01 (1.32e+00 1.33e+00 | 1.12e+00 1.10e+00)
4491(1006) (2.33e+00 2.33e+00) XE:2.33e-01 (1.31e+00 1.33e+00 | 1.20e+00 1.10e+00)
4506(1001) (2.29e+00 2.33e+00) XE:2.33e-01 (1.30e+00 1.33e+00 | 9.24e-01 1.10e+00)
4521(1004) (2.27e+00 2.33e+00) XE:2.33e-01 (1.34e+00 1.33e+00 | 1.16e+00 1.10e+00)
4536(1000) (2.39e+00 2.33e+00) XE:2.33e-01 (1.34e+00 1.33e+00 | 1.16e+00 1.10e+00)
4551(995) (2.10e+00 2.33e+00) XE:2.33e-01 (1.30e+00 1.33e+00 | 1.16e+00 1.10e+00)
4566(994) (1.73e+00 2.33e+00) XE:2.33e-01 (1.36e+00 1.33e+00 | 1.04e+00 1.10e+00)
4581(1010) (2.05e+00 2.33e+00) XE:2.33e-01 (1.30e+00 1.33e+00 | 1.16e+00 1.10e+00)
4596(1002) (1.94e+00 2.33e+00) XE:2.33e-01 (1.31e+00 1.33e+00 | 9.38e-01 1.10e+00)
4611(1002) (2.71e+00 2.33e+00) XE:2.33e-01 (1.32e+00 1.33e+00 | 1.05e+00 1.10e+00)
4625(1012) (1.89e+00 2.33e+00) XE:2.33e-01 (1.31e+00 1.33e+00 | 1.10e+00 1.10e+00)
4640(993) (2.23e+00 2.33e+00) XE:2.33e-01 (1.35e+00 1.33e+00 | 1.17e+00 1.10e+00)
4655(998) (2.69e+00 2.33e+00) XE:2.33e-01 (1.30e+00 1.33e+00 | 9.81e-01 1.10e+00)
4670(1019) (2.31e+00 2.33e+00) XE:2.33e-01 (1.36e+00 1.33e+00 | 1.12e+00 1.10e+00)
4685(988) (2.10e+00 2.33e+00) XE:2.33e-01 (1.35e+00 1.33e+00 | 1.13e+00 1.10e+00)
4700(995) (2.78e+00 2.33e+00) XE:2.33e-01 (1.31e+00 1.33e+00 | 9.93e-01 1.10e+00)
4715(1005) (2.36e+00 2.33e+00) XE:2.33e-01 (1.33e+00 1.33e+00 | 1.07e+00 1.10e+00)
4730(1011) (2.11e+00 2.33e+00) XE:2.33e-01 (1.32e+00 1.33e+00 | 1.17e+00 1.10e+00)
4745(997) (2.31e+00 2.33e+00) XE:2.33e-01 (1.32e+00 1.33e+00 | 1.09e+00 1.10e+00)
4760(988) (2.64e+00 2.33e+00) XE:2.33e-01 (1.29e+00 1.33e+00 | 1.11e+00 1.10e+00)
4775(1015) (2.33e+00 2.33e+00) XE:2.33e-01 (1.29e+00 1.33e+00 | 1.05e+00 1.10e+00)
4790(1010) (2.53e+00 2.33e+00) XE:2.33e-01 (1.34e+00 1.33e+00 | 1.12e+00 1.10e+00)
4805(1002) (2.05e+00 2.33e+00) XE:2.33e-01 (1.34e+00 1.33e+00 | 1.07e+00 1.10e+00)
4820(1001) (2.40e+00 2.33e+00) XE:2.33e-01 (1.31e+00 1.33e+00 | 1.15e+00 1.10e+00)
4834(1004) (2.40e+00 2.33e+00) XE:2.33e-01 (1.33e+00 1.33e+00 | 1.07e+00 1.10e+00)
4849(1000) (2.48e+00 2.33e+00) XE:2.33e-01 (1.38e+00 1.33e+00 | 1.06e+00 1.10e+00)
4864(995) (2.59e+00 2.33e+00) XE:2.33e-01 (1.35e+00 1.33e+00 | 1.12e+00 1.10e+00)
4879(999) (2.32e+00 2.33e+00) XE:2.33e-01 (1.31e+00 1.33e+00 | 1.12e+00 1.10e+00)
4894(994) (2.34e+00 2.33e+00) XE:2.33e-01 (1.33e+00 1.33e+00 | 1.14e+00 1.10e+00)
4909(1008) (2.23e+00 2.33e+00) XE:2.33e-01 (1.32e+00 1.33e+00 | 9.55e-01 1.10e+00)
4924(1012) (2.08e+00 2.33e+00) XE:2.33e-01 (1.36e+00 1.33e+00 | 1.12e+00 1.10e+00)
4939(1001) (2.16e+00 2.33e+00) XE:2.33e-01 (1.34e+00 1.33e+00 | 1.04e+00 1.10e+00)
4954(987) (2.15e+00 2.33e+00) XE:2.33e-01 (1.36e+00 1.33e+00 | 1.14e+00 1.10e+00)
4969(985) (1.96e+00 2.33e+00) XE:2.33e-01 (1.31e+00 1.33e+00 | 1.10e+00 1.10e+00)
4984(1007) (2.07e+00 2.33e+00) XE:2.33e-01 (1.36e+00 1.33e+00 | 1.15e+00 1.10e+00)
4999(986) (2.10e+00 2.33e+00) XE:2.33e-01 (1.36e+00 1.33e+00 | 1.18e+00 1.10e+00)
5013(1006) (2.18e+00 2.33e+00) XE:2.33e-01 (1.30e+00 1.33e+00 | 1.02e+00 1.10e+00)
5028(996) (2.08e+00 2.33e+00) XE:2.33e-01 (1.34e+00 1.33e+00 | 1.07e+00 1.10e+00)
5043(987) (2.44e+00 2.33e+00) XE:2.33e-01 (1.36e+00 1.33e+00 | 1.08e+00 1.10e+00)
5058(1006) (2.23e+00 2.33e+00) XE:2.33e-01 (1.31e+00 1.33e+00 | 1.01e+00 1.10e+00)
5073(1002) (3.78e+00 2.33e+00) XE:2.33e-01 (1.33e+00 1.33e+00 | 1.06e+00 1.10e+00)
5088(1009) (2.29e+00 2.33e+00) XE:2.33e-01 (1.37e+00 1.33e+00 | 1.30e+00 1.10e+00)
5103(1006) (2.39e+00 2.33e+00) XE:2.33e-01 (1.33e+00 1.33e+00 | 1.10e+00 1.10e+00)
5118(1011) (2.14e+00 2.33e+00) XE:2.33e-01 (1.30e+00 1.33e+00 | 1.12e+00 1.10e+00)
5133(1004) (2.43e+00 2.33e+00) XE:2.33e-01 (1.33e+00 1.33e+00 | 1.15e+00 1.10e+00)
5148(1000) (2.29e+00 2.33e+00) XE:2.33e-01 (1.35e+00 1.33e+00 | 1.16e+00 1.10e+00)
5163(1018) (2.42e+00 2.33e+00) XE:2.33e-01 (1.33e+00 1.33e+00 | 1.15e+00 1.10e+00)
5178(1005) (2.10e+00 2.33e+00) XE:2.33e-01 (1.33e+00 1.33e+00 | 1.02e+00 1.10e+00)
5192(992) (2.33e+00 2.33e+00) XE:2.33e-01 (1.31e+00 1.33e+00 | 1.05e+00 1.10e+00)
5207(1008) (1.82e+00 2.33e+00) XE:2.33e-01 (1.32e+00 1.33e+00 | 1.02e+00 1.10e+00)
5222(996) (2.28e+00 2.33e+00) XE:2.33e-01 (1.30e+00 1.33e+00 | 1.05e+00 1.10e+00)
5237(999) (2.46e+00 2.33e+00) XE:2.33e-01 (1.38e+00 1.33e+00 | 1.17e+00 1.10e+00)
5252(995) (2.76e+00 2.33e+00) XE:2.33e-01 (1.34e+00 1.33e+00 | 1.08e+00 1.10e+00)
5267(1004) (2.40e+00 2.33e+00) XE:2.33e-01 (1.31e+00 1.33e+00 | 1.12e+00 1.10e+00)
5282(977) (2.52e+00 2.33e+00) XE:2.33e-01 (1.33e+00 1.33e+00 | 1.04e+00 1.10e+00)
5297(1011) (2.67e+00 2.33e+00) XE:2.33e-01 (1.34e+00 1.33e+00 | 1.07e+00 1.10e+00)
5312(1007) (1.86e+00 2.33e+00) XE:2.33e-01 (1.34e+00 1.33e+00 | 1.14e+00 1.10e+00)
5327(1018) (2.20e+00 2.33e+00) XE:2.33e-01 (1.30e+00 1.33e+00 | 1.13e+00 1.10e+00)
5342(1007) (2.00e+00 2.33e+00) XE:2.33e-01 (1.32e+00 1.33e+00 | 1.07e+00 1.10e+00)
5357(1005) (2.31e+00 2.33e+00) XE:2.33e-01 (1.34e+00 1.33e+00 | 1.11e+00 1.10e+00)
5372(993) (2.50e+00 2.33e+00) XE:2.33e-01 (1.34e+00 1.33e+00 | 9.51e-01 1.10e+00)
5386(1019) (1.69e+00 2.33e+00) XE:2.33e-01 (1.34e+00 1.33e+00 | 1.12e+00 1.10e+00)
5401(1004) (1.78e+00 2.33e+00) XE:2.33e-01 (1.33e+00 1.33e+00 | 1.19e+00 1.10e+00)
5416(980) (2.53e+00 2.33e+00) XE:2.33e-01 (1.36e+00 1.33e+00 | 1.16e+00 1.10e+00)
5431(1000) (2.32e+00 2.33e+00) XE:2.33e-01 (1.32e+00 1.33e+00 | 1.10e+00 1.10e+00)
5446(995) (2.60e+00 2.33e+00) XE:2.33e-01 (1.37e+00 1.33e+00 | 1.08e+00 1.10e+00)
5461(1004) (2.11e+00 2.33e+00) XE:2.33e-01 (1.34e+00 1.33e+00 | 1.05e+00 1.10e+00)
5476(1014) (1.96e+00 2.33e+00) XE:2.33e-01 (1.29e+00 1.33e+00 | 1.21e+00 1.10e+00)
5491(999) (2.27e+00 2.33e+00) XE:2.33e-01 (1.31e+00 1.33e+00 | 1.12e+00 1.10e+00)
5506(1003) (2.25e+00 2.32e+00) XE:2.32e-01 (1.35e+00 1.33e+00 | 1.13e+00 1.10e+00)
5521(1000) (2.40e+00 2.32e+00) XE:2.32e-01 (1.34e+00 1.33e+00 | 1.22e+00 1.10e+00)
5536(991) (2.73e+00 2.32e+00) XE:2.32e-01 (1.32e+00 1.33e+00 | 1.22e+00 1.10e+00)
5551(1012) (2.02e+00 2.33e+00) XE:2.33e-01 (1.34e+00 1.33e+00 | 1.16e+00 1.10e+00)
5566(1009) (2.34e+00 2.32e+00) XE:2.32e-01 (1.33e+00 1.33e+00 | 1.11e+00 1.10e+00)
5580(991) (2.37e+00 2.33e+00) XE:2.33e-01 (1.32e+00 1.33e+00 | 9.91e-01 1.10e+00)
5595(1021) (1.85e+00 2.32e+00) XE:2.32e-01 (1.33e+00 1.33e+00 | 1.21e+00 1.10e+00)
5610(1000) (2.34e+00 2.32e+00) XE:2.32e-01 (1.31e+00 1.33e+00 | 1.09e+00 1.10e+00)
5625(998) (2.31e+00 2.32e+00) XE:2.32e-01 (1.35e+00 1.33e+00 | 1.17e+00 1.10e+00)
5640(995) (3.16e+00 2.32e+00) XE:2.32e-01 (1.28e+00 1.33e+00 | 1.07e+00 1.10e+00)
5655(999) (2.84e+00 2.32e+00) XE:2.32e-01 (1.31e+00 1.33e+00 | 1.03e+00 1.10e+00)
5670(1012) (2.03e+00 2.32e+00) XE:2.32e-01 (1.31e+00 1.33e+00 | 1.03e+00 1.10e+00)
5685(997) (2.53e+00 2.32e+00) XE:2.32e-01 (1.24e+00 1.33e+00 | 1.03e+00 1.10e+00)
5700(990) (2.03e+00 2.32e+00) XE:2.32e-01 (1.36e+00 1.33e+00 | 1.17e+00 1.10e+00)
5715(994) (2.42e+00 2.32e+00) XE:2.32e-01 (1.35e+00 1.33e+00 | 1.08e+00 1.10e+00)
5730(982) (2.15e+00 2.32e+00) XE:2.32e-01 (1.34e+00 1.33e+00 | 1.07e+00 1.10e+00)
5744(1004) (2.45e+00 2.32e+00) XE:2.32e-01 (1.33e+00 1.33e+00 | 1.10e+00 1.10e+00)
5759(988) (2.24e+00 2.32e+00) XE:2.32e-01 (1.35e+00 1.33e+00 | 1.08e+00 1.10e+00)
5774(1004) (2.65e+00 2.32e+00) XE:2.32e-01 (1.33e+00 1.33e+00 | 1.04e+00 1.10e+00)
5789(995) (2.29e+00 2.32e+00) XE:2.32e-01 (1.34e+00 1.33e+00 | 1.04e+00 1.10e+00)
5804(990) (2.69e+00 2.32e+00) XE:2.32e-01 (1.31e+00 1.33e+00 | 1.08e+00 1.10e+00)
5819(1014) (1.68e+00 2.32e+00) XE:2.32e-01 (1.30e+00 1.33e+00 | 1.05e+00 1.10e+00)
5834(996) (2.85e+00 2.32e+00) XE:2.32e-01 (1.33e+00 1.33e+00 | 1.14e+00 1.10e+00)
5849(993) (2.14e+00 2.32e+00) XE:2.32e-01 (1.32e+00 1.33e+00 | 1.17e+00 1.10e+00)
5864(1000) (2.12e+00 2.32e+00) XE:2.32e-01 (1.32e+00 1.33e+00 | 1.18e+00 1.10e+00)
5879(1006) (2.14e+00 2.32e+00) XE:2.32e-01 (1.37e+00 1.33e+00 | 1.11e+00 1.10e+00)
5894(1000) (2.17e+00 2.32e+00) XE:2.32e-01 (1.34e+00 1.33e+00 | 1.07e+00 1.10e+00)
5909(999) (1.92e+00 2.32e+00) XE:2.32e-01 (1.30e+00 1.33e+00 | 1.05e+00 1.10e+00)
5924(999) (2.65e+00 2.32e+00) XE:2.32e-01 (1.37e+00 1.33e+00 | 1.13e+00 1.10e+00)
5939(997) (2.42e+00 2.32e+00) XE:2.32e-01 (1.34e+00 1.33e+00 | 1.17e+00 1.10e+00)
5953(1002) (2.73e+00 2.32e+00) XE:2.32e-01 (1.34e+00 1.33e+00 | 1.08e+00 1.10e+00)
5968(1008) (2.13e+00 2.32e+00) XE:2.32e-01 (1.31e+00 1.33e+00 | 1.16e+00 1.10e+00)
5983(985) (2.57e+00 2.32e+00) XE:2.32e-01 (1.34e+00 1.33e+00 | 1.11e+00 1.10e+00)
5998(1003) (2.30e+00 2.32e+00) XE:2.32e-01 (1.31e+00 1.33e+00 | 1.01e+00 1.10e+00)
6013(986) (2.56e+00 2.32e+00) XE:2.32e-01 (1.34e+00 1.33e+00 | 1.12e+00 1.10e+00)
6028(999) (2.28e+00 2.32e+00) XE:2.32e-01 (1.32e+00 1.33e+00 | 1.05e+00 1.10e+00)
6043(1006) (2.23e+00 2.32e+00) XE:2.32e-01 (1.32e+00 1.33e+00 | 1.02e+00 1.10e+00)
6058(1002) (2.60e+00 2.32e+00) XE:2.32e-01 (1.30e+00 1.33e+00 | 1.19e+00 1.10e+00)
6073(994) (1.87e+00 2.32e+00) XE:2.32e-01 (1.28e+00 1.33e+00 | 1.06e+00 1.10e+00)
6088(1010) (1.82e+00 2.32e+00) XE:2.32e-01 (1.33e+00 1.33e+00 | 9.85e-01 1.10e+00)
6103(994) (2.02e+00 2.32e+00) XE:2.32e-01 (1.28e+00 1.33e+00 | 1.02e+00 1.10e+00)
6118(999) (2.41e+00 2.32e+00) XE:2.32e-01 (1.31e+00 1.33e+00 | 1.04e+00 1.10e+00)
6133(993) (2.07e+00 2.32e+00) XE:2.32e-01 (1.31e+00 1.33e+00 | 1.00e+00 1.10e+00)
6148(1000) (2.50e+00 2.32e+00) XE:2.32e-01 (1.34e+00 1.33e+00 | 1.04e+00 1.10e+00)
6162(994) (2.41e+00 2.32e+00) XE:2.32e-01 (1.26e+00 1.33e+00 | 1.12e+00 1.10e+00)
6177(999) (2.40e+00 2.32e+00) XE:2.32e-01 (1.33e+00 1.33e+00 | 1.10e+00 1.10e+00)
6192(998) (2.14e+00 2.32e+00) XE:2.32e-01 (1.37e+00 1.33e+00 | 1.10e+00 1.10e+00)
6207(1017) (2.15e+00 2.32e+00) XE:2.32e-01 (1.31e+00 1.33e+00 | 1.13e+00 1.10e+00)
6222(995) (2.33e+00 2.32e+00) XE:2.32e-01 (1.31e+00 1.33e+00 | 1.12e+00 1.10e+00)
6237(991) (2.29e+00 2.32e+00) XE:2.32e-01 (1.31e+00 1.33e+00 | 1.06e+00 1.10e+00)
6252(1005) (2.02e+00 2.32e+00) XE:2.32e-01 (1.34e+00 1.33e+00 | 1.10e+00 1.10e+00)
6267(1011) (2.07e+00 2.32e+00) XE:2.32e-01 (1.33e+00 1.33e+00 | 1.06e+00 1.10e+00)
6282(1001) (2.52e+00 2.32e+00) XE:2.32e-01 (1.35e+00 1.33e+00 | 1.06e+00 1.10e+00)
6297(1003) (2.45e+00 2.32e+00) XE:2.32e-01 (1.28e+00 1.33e+00 | 1.13e+00 1.10e+00)
6312(1011) (1.93e+00 2.32e+00) XE:2.32e-01 (1.35e+00 1.33e+00 | 1.13e+00 1.10e+00)
6327(988) (1.68e+00 2.32e+00) XE:2.32e-01 (1.33e+00 1.33e+00 | 1.19e+00 1.10e+00)
6342(1007) (2.51e+00 2.32e+00) XE:2.32e-01 (1.33e+00 1.33e+00 | 1.16e+00 1.10e+00)
6356(1002) (2.28e+00 2.32e+00) XE:2.32e-01 (1.32e+00 1.33e+00 | 1.04e+00 1.10e+00)
6371(987) (2.21e+00 2.32e+00) XE:2.32e-01 (1.29e+00 1.33e+00 | 1.05e+00 1.10e+00)
6386(999) (2.28e+00 2.32e+00) XE:2.32e-01 (1.37e+00 1.33e+00 | 1.14e+00 1.10e+00)
6401(1000) (2.06e+00 2.32e+00) XE:2.32e-01 (1.31e+00 1.33e+00 | 1.03e+00 1.10e+00)
6416(1005) (1.79e+00 2.32e+00) XE:2.32e-01 (1.35e+00 1.33e+00 | 1.03e+00 1.10e+00)
6431(1009) (2.10e+00 2.32e+00) XE:2.32e-01 (1.33e+00 1.33e+00 | 1.21e+00 1.10e+00)
6446(1002) (2.50e+00 2.32e+00) XE:2.32e-01 (1.36e+00 1.33e+00 | 1.20e+00 1.10e+00)
6461(986) (2.48e+00 2.32e+00) XE:2.32e-01 (1.34e+00 1.33e+00 | 1.09e+00 1.10e+00)
6476(995) (1.95e+00 2.32e+00) XE:2.32e-01 (1.31e+00 1.33e+00 | 1.10e+00 1.10e+00)
6491(1003) (1.73e+00 2.32e+00) XE:2.32e-01 (1.33e+00 1.33e+00 | 1.03e+00 1.10e+00)
6506(990) (2.22e+00 2.32e+00) XE:2.32e-01 (1.33e+00 1.33e+00 | 1.13e+00 1.10e+00)
6521(1002) (2.27e+00 2.32e+00) XE:2.32e-01 (1.29e+00 1.33e+00 | 1.16e+00 1.10e+00)
6536(1004) (2.21e+00 2.32e+00) XE:2.32e-01 (1.36e+00 1.33e+00 | 1.15e+00 1.10e+00)
6550(989) (2.31e+00 2.32e+00) XE:2.32e-01 (1.33e+00 1.33e+00 | 1.11e+00 1.10e+00)
6565(990) (2.05e+00 2.32e+00) XE:2.32e-01 (1.31e+00 1.33e+00 | 1.07e+00 1.10e+00)
6580(1008) (2.06e+00 2.32e+00) XE:2.32e-01 (1.33e+00 1.33e+00 | 9.63e-01 1.10e+00)
6595(998) (2.29e+00 2.32e+00) XE:2.32e-01 (1.33e+00 1.33e+00 | 1.15e+00 1.10e+00)
6610(986) (2.84e+00 2.32e+00) XE:2.32e-01 (1.33e+00 1.33e+00 | 1.07e+00 1.10e+00)
6625(1002) (2.27e+00 2.32e+00) XE:2.32e-01 (1.34e+00 1.33e+00 | 1.09e+00 1.10e+00)
6640(996) (2.37e+00 2.32e+00) XE:2.32e-01 (1.35e+00 1.33e+00 | 1.16e+00 1.10e+00)
6655(1010) (2.36e+00 2.32e+00) XE:2.32e-01 (1.31e+00 1.33e+00 | 1.10e+00 1.10e+00)
6670(999) (1.93e+00 2.32e+00) XE:2.32e-01 (1.36e+00 1.33e+00 | 1.10e+00 1.10e+00)
6685(990) (2.83e+00 2.32e+00) XE:2.32e-01 (1.34e+00 1.33e+00 | 1.17e+00 1.10e+00)
6700(1003) (2.45e+00 2.32e+00) XE:2.32e-01 (1.36e+00 1.33e+00 | 1.17e+00 1.10e+00)
6715(1003) (2.36e+00 2.32e+00) XE:2.32e-01 (1.32e+00 1.33e+00 | 1.21e+00 1.10e+00)
6730(1000) (2.17e+00 2.32e+00) XE:2.32e-01 (1.36e+00 1.33e+00 | 1.11e+00 1.10e+00)
6744(991) (2.65e+00 2.32e+00) XE:2.32e-01 (1.35e+00 1.33e+00 | 1.06e+00 1.10e+00)
6759(1000) (2.36e+00 2.32e+00) XE:2.32e-01 (1.29e+00 1.33e+00 | 1.17e+00 1.10e+00)
6774(996) (2.77e+00 2.32e+00) XE:2.32e-01 (1.32e+00 1.33e+00 | 1.12e+00 1.10e+00)
6789(998) (2.75e+00 2.32e+00) XE:2.32e-01 (1.31e+00 1.33e+00 | 1.01e+00 1.10e+00)
6804(1005) (2.02e+00 2.32e+00) XE:2.32e-01 (1.31e+00 1.33e+00 | 1.17e+00 1.10e+00)
6819(1002) (2.38e+00 2.32e+00) XE:2.32e-01 (1.37e+00 1.33e+00 | 1.16e+00 1.10e+00)
6834(983) (2.37e+00 2.32e+00) XE:2.32e-01 (1.36e+00 1.33e+00 | 1.13e+00 1.10e+00)
6849(1006) (2.01e+00 2.32e+00) XE:2.32e-01 (1.30e+00 1.33e+00 | 1.08e+00 1.10e+00)
6864(988) (2.86e+00 2.32e+00) XE:2.32e-01 (1.35e+00 1.33e+00 | 1.18e+00 1.10e+00)
6879(991) (2.75e+00 2.32e+00) XE:2.32e-01 (1.32e+00 1.33e+00 | 1.08e+00 1.10e+00)
6894(1006) (2.66e+00 2.32e+00) XE:2.32e-01 (1.38e+00 1.33e+00 | 1.24e+00 1.10e+00)
6908(1005) (2.46e+00 2.32e+00) XE:2.32e-01 (1.35e+00 1.33e+00 | 1.15e+00 1.10e+00)
6923(1001) (2.34e+00 2.32e+00) XE:2.32e-01 (1.34e+00 1.33e+00 | 1.19e+00 1.10e+00)
6938(998) (1.96e+00 2.32e+00) XE:2.32e-01 (1.36e+00 1.33e+00 | 9.40e-01 1.10e+00)
6953(990) (2.35e+00 2.32e+00) XE:2.32e-01 (1.34e+00 1.33e+00 | 1.02e+00 1.10e+00)
6968(1014) (2.31e+00 2.32e+00) XE:2.32e-01 (1.31e+00 1.33e+00 | 1.15e+00 1.10e+00)
6983(997) (2.59e+00 2.32e+00) XE:2.32e-01 (1.34e+00 1.33e+00 | 9.93e-01 1.10e+00)
6998(1005) (2.54e+00 2.32e+00) XE:2.32e-01 (1.33e+00 1.33e+00 | 1.10e+00 1.10e+00)
7013(991) (2.55e+00 2.32e+00) XE:2.32e-01 (1.33e+00 1.33e+00 | 1.05e+00 1.10e+00)
7028(998) (2.13e+00 2.32e+00) XE:2.32e-01 (1.31e+00 1.33e+00 | 9.91e-01 1.10e+00)
7043(996) (2.35e+00 2.32e+00) XE:2.32e-01 (1.35e+00 1.33e+00 | 1.07e+00 1.10e+00)
7058(999) (2.49e+00 2.32e+00) XE:2.32e-01 (1.34e+00 1.33e+00 | 1.04e+00 1.10e+00)
7073(1011) (2.09e+00 2.32e+00) XE:2.32e-01 (1.33e+00 1.33e+00 | 1.17e+00 1.10e+00)
7087(1002) (2.11e+00 2.32e+00) XE:2.32e-01 (1.30e+00 1.33e+00 | 1.01e+00 1.10e+00)
7102(996) (2.59e+00 2.32e+00) XE:2.32e-01 (1.31e+00 1.33e+00 | 1.09e+00 1.10e+00)
7117(1000) (2.24e+00 2.32e+00) XE:2.32e-01 (1.33e+00 1.33e+00 | 1.20e+00 1.10e+00)
7132(1017) (2.07e+00 2.32e+00) XE:2.32e-01 (1.29e+00 1.33e+00 | 1.08e+00 1.10e+00)
7147(1016) (2.50e+00 2.32e+00) XE:2.32e-01 (1.32e+00 1.33e+00 | 1.09e+00 1.10e+00)
7162(996) (2.19e+00 2.32e+00) XE:2.32e-01 (1.31e+00 1.33e+00 | 1.24e+00 1.10e+00)
7177(987) (2.27e+00 2.32e+00) XE:2.32e-01 (1.29e+00 1.33e+00 | 1.13e+00 1.10e+00)
7192(1004) (2.24e+00 2.32e+00) XE:2.32e-01 (1.32e+00 1.33e+00 | 1.17e+00 1.10e+00)
7207(994) (2.06e+00 2.32e+00) XE:2.32e-01 (1.31e+00 1.33e+00 | 1.07e+00 1.10e+00)
7222(997) (1.94e+00 2.32e+00) XE:2.32e-01 (1.33e+00 1.33e+00 | 1.09e+00 1.10e+00)
7236(1012) (1.87e+00 2.32e+00) XE:2.32e-01 (1.30e+00 1.33e+00 | 9.34e-01 1.10e+00)
7251(998) (2.29e+00 2.32e+00) XE:2.32e-01 (1.33e+00 1.33e+00 | 1.08e+00 1.10e+00)
7266(1011) (2.11e+00 2.32e+00) XE:2.32e-01 (1.32e+00 1.33e+00 | 9.83e-01 1.10e+00)
7281(993) (2.18e+00 2.32e+00) XE:2.32e-01 (1.33e+00 1.33e+00 | 9.79e-01 1.10e+00)
7296(1000) (2.68e+00 2.32e+00) XE:2.32e-01 (1.32e+00 1.33e+00 | 1.16e+00 1.10e+00)
7311(987) (2.21e+00 2.32e+00) XE:2.32e-01 (1.37e+00 1.33e+00 | 1.13e+00 1.10e+00)
7326(1009) (2.47e+00 2.32e+00) XE:2.32e-01 (1.30e+00 1.33e+00 | 1.09e+00 1.10e+00)
7341(1010) (2.30e+00 2.32e+00) XE:2.32e-01 (1.36e+00 1.33e+00 | 1.01e+00 1.10e+00)
7356(999) (2.39e+00 2.32e+00) XE:2.32e-01 (1.33e+00 1.33e+00 | 1.09e+00 1.10e+00)
7371(1001) (2.42e+00 2.32e+00) XE:2.32e-01 (1.34e+00 1.33e+00 | 1.18e+00 1.10e+00)
7386(1007) (1.99e+00 2.32e+00) XE:2.32e-01 (1.31e+00 1.33e+00 | 1.09e+00 1.10e+00)
7401(1014) (1.97e+00 2.32e+00) XE:2.32e-01 (1.31e+00 1.33e+00 | 1.16e+00 1.10e+00)
7415(987) (1.91e+00 2.32e+00) XE:2.32e-01 (1.32e+00 1.33e+00 | 1.14e+00 1.10e+00)
7430(1012) (1.95e+00 2.32e+00) XE:2.32e-01 (1.35e+00 1.33e+00 | 1.14e+00 1.10e+00)
7445(997) (2.27e+00 2.32e+00) XE:2.32e-01 (1.36e+00 1.33e+00 | 1.17e+00 1.10e+00)
7460(1000) (2.33e+00 2.32e+00) XE:2.32e-01 (1.36e+00 1.33e+00 | 9.97e-01 1.10e+00)
7475(1003) (2.46e+00 2.32e+00) XE:2.32e-01 (1.37e+00 1.33e+00 | 1.17e+00 1.10e+00)
7490(1002) (2.25e+00 2.32e+00) XE:2.32e-01 (1.33e+00 1.33e+00 | 1.19e+00 1.10e+00)
7505(987) (2.36e+00 2.32e+00) XE:2.32e-01 (1.31e+00 1.33e+00 | 9.47e-01 1.10e+00)
7520(988) (2.49e+00 2.32e+00) XE:2.32e-01 (1.36e+00 1.33e+00 | 1.02e+00 1.10e+00)
7535(1004) (2.64e+00 2.32e+00) XE:2.32e-01 (1.34e+00 1.33e+00 | 1.18e+00 1.10e+00)
7550(998) (2.18e+00 2.32e+00) XE:2.32e-01 (1.32e+00 1.33e+00 | 1.07e+00 1.10e+00)
7565(1008) (2.41e+00 2.32e+00) XE:2.32e-01 (1.37e+00 1.33e+00 | 1.16e+00 1.10e+00)
7580(1011) (2.07e+00 2.32e+00) XE:2.32e-01 (1.35e+00 1.33e+00 | 1.14e+00 1.10e+00)
7595(1001) (1.96e+00 2.32e+00) XE:2.32e-01 (1.33e+00 1.33e+00 | 1.10e+00 1.10e+00)
7609(997) (2.39e+00 2.32e+00) XE:2.32e-01 (1.41e+00 1.33e+00 | 1.27e+00 1.10e+00)
7624(1004) (2.18e+00 2.32e+00) XE:2.32e-01 (1.31e+00 1.33e+00 | 1.17e+00 1.10e+00)
7639(1008) (2.39e+00 2.32e+00) XE:2.32e-01 (1.32e+00 1.33e+00 | 1.16e+00 1.10e+00)
7654(994) (2.37e+00 2.32e+00) XE:2.32e-01 (1.31e+00 1.33e+00 | 1.08e+00 1.10e+00)
7669(1010) (2.35e+00 2.32e+00) XE:2.32e-01 (1.33e+00 1.33e+00 | 1.21e+00 1.10e+00)
7684(989) (2.54e+00 2.32e+00) XE:2.32e-01 (1.35e+00 1.33e+00 | 1.11e+00 1.10e+00)
7699(990) (2.53e+00 2.32e+00) XE:2.32e-01 (1.34e+00 1.33e+00 | 1.05e+00 1.10e+00)
7714(990) (2.02e+00 2.32e+00) XE:2.32e-01 (1.36e+00 1.33e+00 | 1.16e+00 1.10e+00)
7729(990) (2.56e+00 2.32e+00) XE:2.32e-01 (1.34e+00 1.33e+00 | 1.28e+00 1.10e+00)
7744(994) (2.16e+00 2.32e+00) XE:2.32e-01 (1.31e+00 1.33e+00 | 9.95e-01 1.10e+00)
7759(1007) (2.15e+00 2.32e+00) XE:2.32e-01 (1.36e+00 1.33e+00 | 1.15e+00 1.10e+00)
7774(975) (3.10e+00 2.32e+00) XE:2.32e-01 (1.32e+00 1.33e+00 | 1.13e+00 1.10e+00)
7788(997) (1.83e+00 2.32e+00) XE:2.32e-01 (1.32e+00 1.33e+00 | 1.09e+00 1.10e+00)
7803(1011) (2.11e+00 2.32e+00) XE:2.32e-01 (1.34e+00 1.33e+00 | 9.73e-01 1.10e+00)
7818(999) (2.29e+00 2.32e+00) XE:2.32e-01 (1.32e+00 1.33e+00 | 9.95e-01 1.10e+00)
7833(1004) (2.24e+00 2.32e+00) XE:2.32e-01 (1.34e+00 1.33e+00 | 1.08e+00 1.10e+00)
7848(1004) (2.31e+00 2.32e+00) XE:2.32e-01 (1.32e+00 1.33e+00 | 1.04e+00 1.10e+00)
7863(1001) (2.47e+00 2.32e+00) XE:2.32e-01 (1.34e+00 1.33e+00 | 1.10e+00 1.10e+00)
7878(1000) (2.43e+00 2.32e+00) XE:2.32e-01 (1.32e+00 1.33e+00 | 9.14e-01 1.10e+00)
7893(997) (2.26e+00 2.32e+00) XE:2.32e-01 (1.32e+00 1.33e+00 | 1.02e+00 1.10e+00)
7908(1003) (2.26e+00 2.32e+00) XE:2.32e-01 (1.35e+00 1.33e+00 | 1.12e+00 1.10e+00)
7923(1018) (2.15e+00 2.32e+00) XE:2.32e-01 (1.35e+00 1.33e+00 | 1.09e+00 1.10e+00)
7938(987) (3.03e+00 2.32e+00) XE:2.32e-01 (1.33e+00 1.33e+00 | 1.14e+00 1.10e+00)
7953(999) (2.69e+00 2.32e+00) XE:2.32e-01 (1.31e+00 1.33e+00 | 1.05e+00 1.10e+00)
7968(1004) (2.29e+00 2.32e+00) XE:2.32e-01 (1.35e+00 1.33e+00 | 1.06e+00 1.10e+00)
7982(992) (2.98e+00 2.32e+00) XE:2.32e-01 (1.35e+00 1.33e+00 | 9.99e-01 1.10e+00)
7997(1003) (2.31e+00 2.32e+00) XE:2.32e-01 (1.35e+00 1.33e+00 | 1.04e+00 1.10e+00)
8012(995) (2.30e+00 2.32e+00) XE:2.32e-01 (1.30e+00 1.33e+00 | 1.15e+00 1.10e+00)
8027(1002) (1.80e+00 2.32e+00) XE:2.32e-01 (1.37e+00 1.33e+00 | 1.17e+00 1.10e+00)
8042(984) (2.68e+00 2.32e+00) XE:2.32e-01 (1.33e+00 1.33e+00 | 1.09e+00 1.10e+00)
8057(1006) (2.11e+00 2.32e+00) XE:2.32e-01 (1.35e+00 1.33e+00 | 1.02e+00 1.10e+00)
8072(1006) (2.58e+00 2.32e+00) XE:2.32e-01 (1.32e+00 1.33e+00 | 1.18e+00 1.10e+00)
8087(1012) (1.91e+00 2.32e+00) XE:2.32e-01 (1.36e+00 1.33e+00 | 1.04e+00 1.10e+00)
8102(1012) (2.02e+00 2.32e+00) XE:2.32e-01 (1.31e+00 1.33e+00 | 1.00e+00 1.10e+00)
8117(1001) (2.67e+00 2.32e+00) XE:2.32e-01 (1.33e+00 1.33e+00 | 1.06e+00 1.10e+00)
8132(999) (2.21e+00 2.32e+00) XE:2.32e-01 (1.31e+00 1.33e+00 | 9.99e-01 1.10e+00)
8146(986) (2.82e+00 2.32e+00) XE:2.32e-01 (1.34e+00 1.33e+00 | 1.04e+00 1.10e+00)
8161(1004) (1.79e+00 2.32e+00) XE:2.32e-01 (1.30e+00 1.33e+00 | 1.16e+00 1.10e+00)
8176(998) (1.99e+00 2.32e+00) XE:2.32e-01 (1.33e+00 1.33e+00 | 1.03e+00 1.10e+00)
8191(1005) (2.36e+00 2.32e+00) XE:2.32e-01 (1.34e+00 1.33e+00 | 1.03e+00 1.10e+00)
8206(991) (2.27e+00 2.32e+00) XE:2.32e-01 (1.37e+00 1.33e+00 | 1.20e+00 1.10e+00)
8221(1007) (2.42e+00 2.32e+00) XE:2.32e-01 (1.35e+00 1.33e+00 | 1.24e+00 1.10e+00)
8236(1002) (2.75e+00 2.32e+00) XE:2.32e-01 (1.30e+00 1.33e+00 | 1.07e+00 1.10e+00)
8251(984) (2.05e+00 2.32e+00) XE:2.32e-01 (1.29e+00 1.33e+00 | 1.09e+00 1.10e+00)
8266(993) (2.22e+00 2.32e+00) XE:2.32e-01 (1.31e+00 1.33e+00 | 9.97e-01 1.10e+00)
8281(1003) (2.17e+00 2.32e+00) XE:2.32e-01 (1.34e+00 1.33e+00 | 1.09e+00 1.10e+00)
8296(979) (2.31e+00 2.32e+00) XE:2.32e-01 (1.35e+00 1.33e+00 | 1.17e+00 1.10e+00)
8311(1014) (2.20e+00 2.32e+00) XE:2.32e-01 (1.32e+00 1.33e+00 | 1.10e+00 1.10e+00)
8326(1020) (2.28e+00 2.32e+00) XE:2.32e-01 (1.32e+00 1.33e+00 | 1.05e+00 1.10e+00)
8340(1005) (2.45e+00 2.32e+00) XE:2.32e-01 (1.30e+00 1.33e+00 | 1.03e+00 1.10e+00)
8355(988) (3.08e+00 2.32e+00) XE:2.32e-01 (1.37e+00 1.33e+00 | 1.09e+00 1.10e+00)
8370(1005) (2.06e+00 2.32e+00) XE:2.32e-01 (1.33e+00 1.33e+00 | 1.12e+00 1.10e+00)
8385(996) (2.45e+00 2.32e+00) XE:2.32e-01 (1.32e+00 1.33e+00 | 1.13e+00 1.10e+00)
8400(1004) (2.23e+00 2.32e+00) XE:2.32e-01 (1.37e+00 1.33e+00 | 1.12e+00 1.10e+00)
8415(987) (2.55e+00 2.32e+00) XE:2.32e-01 (1.36e+00 1.33e+00 | 9.93e-01 1.10e+00)
8430(1012) (2.12e+00 2.32e+00) XE:2.32e-01 (1.32e+00 1.33e+00 | 1.11e+00 1.10e+00)
8445(999) (2.63e+00 2.32e+00) XE:2.32e-01 (1.34e+00 1.33e+00 | 1.17e+00 1.10e+00)
8460(990) (2.26e+00 2.32e+00) XE:2.32e-01 (1.30e+00 1.33e+00 | 1.07e+00 1.10e+00)
8475(1003) (2.01e+00 2.32e+00) XE:2.32e-01 (1.35e+00 1.33e+00 | 1.06e+00 1.10e+00)
8490(1000) (2.38e+00 2.32e+00) XE:2.32e-01 (1.30e+00 1.33e+00 | 1.07e+00 1.10e+00)
8505(994) (2.47e+00 2.32e+00) XE:2.32e-01 (1.31e+00 1.33e+00 | 1.14e+00 1.10e+00)
8520(1005) (2.22e+00 2.32e+00) XE:2.32e-01 (1.35e+00 1.33e+00 | 1.12e+00 1.10e+00)
8534(1015) (1.96e+00 2.32e+00) XE:2.32e-01 (1.34e+00 1.33e+00 | 1.08e+00 1.10e+00)
8549(995) (2.17e+00 2.32e+00) XE:2.32e-01 (1.33e+00 1.33e+00 | 1.05e+00 1.10e+00)
8564(1003) (2.39e+00 2.32e+00) XE:2.32e-01 (1.30e+00 1.33e+00 | 1.12e+00 1.10e+00)
8579(1004) (2.48e+00 2.32e+00) XE:2.32e-01 (1.34e+00 1.33e+00 | 1.07e+00 1.10e+00)
8594(1007) (2.09e+00 2.32e+00) XE:2.32e-01 (1.33e+00 1.33e+00 | 1.09e+00 1.10e+00)
8609(1003) (2.18e+00 2.32e+00) XE:2.32e-01 (1.33e+00 1.33e+00 | 1.03e+00 1.10e+00)
8624(999) (2.15e+00 2.32e+00) XE:2.32e-01 (1.35e+00 1.33e+00 | 9.28e-01 1.10e+00)
8639(977) (2.60e+00 2.32e+00) XE:2.32e-01 (1.37e+00 1.33e+00 | 1.09e+00 1.10e+00)
8654(1004) (2.43e+00 2.32e+00) XE:2.32e-01 (1.34e+00 1.33e+00 | 1.10e+00 1.10e+00)
8669(993) (2.19e+00 2.32e+00) XE:2.32e-01 (1.32e+00 1.33e+00 | 1.19e+00 1.10e+00)
8684(990) (2.58e+00 2.32e+00) XE:2.32e-01 (1.30e+00 1.33e+00 | 1.13e+00 1.10e+00)
8699(999) (2.17e+00 2.32e+00) XE:2.32e-01 (1.32e+00 1.33e+00 | 1.05e+00 1.10e+00)
8714(999) (2.45e+00 2.32e+00) XE:2.32e-01 (1.33e+00 1.33e+00 | 1.05e+00 1.10e+00)
8729(997) (1.74e+00 2.32e+00) XE:2.32e-01 (1.33e+00 1.33e+00 | 1.14e+00 1.10e+00)
8743(1009) (2.07e+00 2.32e+00) XE:2.32e-01 (1.33e+00 1.33e+00 | 9.63e-01 1.10e+00)
8758(995) (2.19e+00 2.32e+00) XE:2.32e-01 (1.35e+00 1.33e+00 | 1.10e+00 1.10e+00)
8773(997) (2.23e+00 2.32e+00) XE:2.32e-01 (1.40e+00 1.33e+00 | 1.04e+00 1.10e+00)
8788(988) (2.55e+00 2.32e+00) XE:2.32e-01 (1.32e+00 1.33e+00 | 1.08e+00 1.10e+00)
8803(979) (2.58e+00 2.32e+00) XE:2.32e-01 (1.36e+00 1.33e+00 | 9.83e-01 1.10e+00)
8818(988) (2.55e+00 2.32e+00) XE:2.32e-01 (1.35e+00 1.33e+00 | 1.09e+00 1.10e+00)
8833(1007) (2.65e+00 2.32e+00) XE:2.32e-01 (1.31e+00 1.33e+00 | 1.28e+00 1.10e+00)
8848(985) (2.78e+00 2.32e+00) XE:2.32e-01 (1.34e+00 1.33e+00 | 1.18e+00 1.10e+00)
8863(989) (2.11e+00 2.32e+00) XE:2.32e-01 (1.31e+00 1.33e+00 | 1.09e+00 1.10e+00)
8878(990) (2.19e+00 2.32e+00) XE:2.32e-01 (1.31e+00 1.33e+00 | 1.05e+00 1.10e+00)
8893(987) (2.16e+00 2.32e+00) XE:2.32e-01 (1.32e+00 1.33e+00 | 1.12e+00 1.10e+00)
8908(1018) (2.69e+00 2.32e+00) XE:2.32e-01 (1.33e+00 1.33e+00 | 1.12e+00 1.10e+00)
8922(1000) (2.57e+00 2.32e+00) XE:2.32e-01 (1.36e+00 1.33e+00 | 1.08e+00 1.10e+00)
8937(1002) (2.18e+00 2.32e+00) XE:2.32e-01 (1.30e+00 1.33e+00 | 1.10e+00 1.10e+00)
8953(993) (2.35e+00 2.32e+00) XE:2.32e-01 (1.31e+00 1.33e+00 | 1.05e+00 1.10e+00)
8970(981) (2.59e+00 2.32e+00) XE:2.32e-01 (1.32e+00 1.33e+00 | 1.09e+00 1.10e+00)
8986(1002) (2.07e+00 2.32e+00) XE:2.32e-01 (1.31e+00 1.33e+00 | 1.04e+00 1.10e+00)
9003(1000) (2.26e+00 2.32e+00) XE:2.32e-01 (1.34e+00 1.33e+00 | 1.13e+00 1.10e+00)
9019(1023) (1.72e+00 2.32e+00) XE:2.32e-01 (1.37e+00 1.33e+00 | 1.11e+00 1.10e+00)
9036(995) (2.15e+00 2.32e+00) XE:2.32e-01 (1.38e+00 1.33e+00 | 1.15e+00 1.10e+00)
9053(991) (2.23e+00 2.32e+00) XE:2.32e-01 (1.29e+00 1.33e+00 | 9.91e-01 1.10e+00)
9069(987) (2.85e+00 2.32e+00) XE:2.32e-01 (1.35e+00 1.33e+00 | 1.16e+00 1.10e+00)
9086(1002) (2.06e+00 2.32e+00) XE:2.32e-01 (1.31e+00 1.33e+00 | 1.01e+00 1.10e+00)
9102(998) (2.05e+00 2.32e+00) XE:2.32e-01 (1.31e+00 1.33e+00 | 1.14e+00 1.10e+00)
9119(995) (2.09e+00 2.32e+00) XE:2.32e-01 (1.34e+00 1.33e+00 | 1.15e+00 1.10e+00)
9135(1000) (2.28e+00 2.32e+00) XE:2.32e-01 (1.31e+00 1.33e+00 | 1.11e+00 1.10e+00)
9152(994) (2.23e+00 2.32e+00) XE:2.32e-01 (1.35e+00 1.33e+00 | 9.71e-01 1.10e+00)
9168(991) (2.08e+00 2.32e+00) XE:2.32e-01 (1.31e+00 1.33e+00 | 1.11e+00 1.10e+00)
9185(1031) (1.78e+00 2.32e+00) XE:2.32e-01 (1.28e+00 1.33e+00 | 1.19e+00 1.10e+00)
9201(1005) (2.24e+00 2.32e+00) XE:2.32e-01 (1.31e+00 1.33e+00 | 9.83e-01 1.10e+00)
9218(1004) (1.93e+00 2.32e+00) XE:2.32e-01 (1.27e+00 1.33e+00 | 1.09e+00 1.10e+00)
9235(975) (2.51e+00 2.32e+00) XE:2.32e-01 (1.32e+00 1.33e+00 | 1.04e+00 1.10e+00)
9251(976) (2.72e+00 2.32e+00) XE:2.32e-01 (1.32e+00 1.33e+00 | 1.04e+00 1.10e+00)
9268(989) (2.84e+00 2.32e+00) XE:2.32e-01 (1.34e+00 1.33e+00 | 1.06e+00 1.10e+00)
9284(1005) (2.54e+00 2.32e+00) XE:2.32e-01 (1.31e+00 1.33e+00 | 1.18e+00 1.10e+00)
9301(1015) (2.78e+00 2.32e+00) XE:2.32e-01 (1.31e+00 1.33e+00 | 1.04e+00 1.10e+00)
9317(1011) (1.73e+00 2.32e+00) XE:2.32e-01 (1.34e+00 1.33e+00 | 1.14e+00 1.10e+00)
9334(1006) (2.40e+00 2.32e+00) XE:2.32e-01 (1.31e+00 1.33e+00 | 1.14e+00 1.10e+00)
9351(996) (2.23e+00 2.32e+00) XE:2.32e-01 (1.35e+00 1.33e+00 | 1.15e+00 1.10e+00)
9367(1018) (2.01e+00 2.32e+00) XE:2.32e-01 (1.31e+00 1.33e+00 | 1.12e+00 1.10e+00)
9384(1003) (2.27e+00 2.32e+00) XE:2.32e-01 (1.33e+00 1.33e+00 | 1.04e+00 1.10e+00)
9400(978) (2.26e+00 2.32e+00) XE:2.32e-01 (1.39e+00 1.33e+00 | 1.19e+00 1.10e+00)
9417(1003) (2.67e+00 2.32e+00) XE:2.32e-01 (1.32e+00 1.33e+00 | 1.14e+00 1.10e+00)
9433(987) (2.08e+00 2.32e+00) XE:2.32e-01 (1.33e+00 1.33e+00 | 1.05e+00 1.10e+00)
9450(992) (2.50e+00 2.32e+00) XE:2.32e-01 (1.36e+00 1.33e+00 | 1.14e+00 1.10e+00)
9466(1004) (2.24e+00 2.32e+00) XE:2.32e-01 (1.33e+00 1.33e+00 | 1.06e+00 1.10e+00)
9483(1011) (2.06e+00 2.32e+00) XE:2.32e-01 (1.36e+00 1.33e+00 | 1.16e+00 1.10e+00)
9500(1005) (2.22e+00 2.32e+00) XE:2.32e-01 (1.33e+00 1.33e+00 | 1.04e+00 1.10e+00)
9516(988) (2.73e+00 2.32e+00) XE:2.32e-01 (1.34e+00 1.33e+00 | 1.10e+00 1.10e+00)
9533(1007) (2.09e+00 2.32e+00) XE:2.32e-01 (1.35e+00 1.33e+00 | 1.16e+00 1.10e+00)
9549(1004) (2.46e+00 2.32e+00) XE:2.32e-01 (1.30e+00 1.33e+00 | 1.19e+00 1.10e+00)
9566(1012) (2.20e+00 2.32e+00) XE:2.32e-01 (1.37e+00 1.33e+00 | 1.07e+00 1.10e+00)
9582(1035) (1.91e+00 2.32e+00) XE:2.32e-01 (1.31e+00 1.33e+00 | 1.13e+00 1.10e+00)
9599(995) (2.42e+00 2.32e+00) XE:2.32e-01 (1.35e+00 1.33e+00 | 1.23e+00 1.10e+00)
9615(998) (2.02e+00 2.32e+00) XE:2.32e-01 (1.35e+00 1.33e+00 | 1.15e+00 1.10e+00)
9632(1014) (2.27e+00 2.32e+00) XE:2.32e-01 (1.30e+00 1.33e+00 | 1.06e+00 1.10e+00)
9649(989) (2.42e+00 2.32e+00) XE:2.32e-01 (1.27e+00 1.33e+00 | 1.03e+00 1.10e+00)
9665(994) (2.39e+00 2.32e+00) XE:2.32e-01 (1.35e+00 1.33e+00 | 1.18e+00 1.10e+00)
9682(1004) (2.08e+00 2.32e+00) XE:2.32e-01 (1.35e+00 1.33e+00 | 1.12e+00 1.10e+00)
9698(991) (2.38e+00 2.32e+00) XE:2.32e-01 (1.35e+00 1.33e+00 | 1.16e+00 1.10e+00)
9715(1001) (2.36e+00 2.32e+00) XE:2.32e-01 (1.35e+00 1.33e+00 | 1.02e+00 1.10e+00)
9731(998) (2.05e+00 2.32e+00) XE:2.32e-01 (1.30e+00 1.33e+00 | 1.17e+00 1.10e+00)
9748(1013) (2.18e+00 2.32e+00) XE:2.32e-01 (1.30e+00 1.33e+00 | 1.04e+00 1.10e+00)
9764(999) (2.53e+00 2.32e+00) XE:2.32e-01 (1.33e+00 1.33e+00 | 1.18e+00 1.10e+00)
9781(1002) (2.24e+00 2.32e+00) XE:2.32e-01 (1.31e+00 1.33e+00 | 1.19e+00 1.10e+00)
9798(1003) (2.16e+00 2.32e+00) XE:2.32e-01 (1.38e+00 1.33e+00 | 1.02e+00 1.10e+00)
9814(983) (2.31e+00 2.32e+00) XE:2.32e-01 (1.34e+00 1.33e+00 | 1.09e+00 1.10e+00)
9831(993) (2.47e+00 2.32e+00) XE:2.32e-01 (1.32e+00 1.33e+00 | 1.05e+00 1.10e+00)
9847(1000) (2.26e+00 2.32e+00) XE:2.32e-01 (1.36e+00 1.33e+00 | 1.05e+00 1.10e+00)
9864(994) (1.90e+00 2.32e+00) XE:2.32e-01 (1.33e+00 1.33e+00 | 9.89e-01 1.10e+00)
9880(994) (2.17e+00 2.32e+00) XE:2.32e-01 (1.36e+00 1.33e+00 | 1.12e+00 1.10e+00)
9897(999) (2.42e+00 2.32e+00) XE:2.32e-01 (1.35e+00 1.33e+00 | 1.07e+00 1.10e+00)
9913(1007) (2.54e+00 2.32e+00) XE:2.32e-01 (1.33e+00 1.33e+00 | 1.10e+00 1.10e+00)
9930(996) (2.39e+00 2.32e+00) XE:2.32e-01 (1.31e+00 1.33e+00 | 1.13e+00 1.10e+00)
9946(994) (2.48e+00 2.32e+00) XE:2.32e-01 (1.38e+00 1.33e+00 | 1.12e+00 1.10e+00)
9963(995) (2.44e+00 2.32e+00) XE:2.32e-01 (1.36e+00 1.33e+00 | 1.09e+00 1.10e+00)
9980(1015) (2.17e+00 2.32e+00) XE:2.32e-01 (1.35e+00 1.33e+00 | 1.11e+00 1.10e+00)
9996(1005) (2.02e+00 2.32e+00) XE:2.32e-01 (1.42e+00 1.33e+00 | 1.11e+00 1.10e+00)
10000(1011) (2.37e+00 2.32e+00) XE:2.32e-01 (1.32e+00 1.33e+00 | 9.67e-01 1.10e+00)
RL cnt: 0,5623275,1372166,389575,92919,15535,0,0,0,0,0,0,0,0,0,0,
BL cnt: 0,0,0,0,0,0,494185,0,1731212,0,5458544,0,1731932,0,494127,0,0,0,0,0,0,
[00] Th=9.500000e-01: 6.351789e-04 7.068561e-04 : 9.585964e-05
[01] Th=9.000000e-01: 6.015182e-01 6.059722e-01 : 8.624931e-02
[02] Th=8.500000e-01: 1.510425e+00 1.513572e+00 : 2.159998e-01
[03] Th=8.000000e-01: 2.377111e+00 2.378565e+00 : 3.396911e-01
[04] Th=7.500000e-01: 2.984974e+00 2.989681e+00 : 4.267610e-01
[05] Th=7.000000e-01: 3.324987e+00 3.331644e+00 : 4.754737e-01
[06] Th=6.500000e-01: 3.562863e+00 3.567751e+00 : 5.093295e-01
[07] Th=6.000000e-01: 3.765965e+00 3.770352e+00 : 5.383083e-01
[08] Th=5.500000e-01: 3.921957e+00 3.926451e+00 : 5.606006e-01
[09] Th=5.000000e-01: 4.075583e+00 4.076886e+00 : 5.823192e-01
[10] Th=4.500000e-01: 4.313200e+00 4.313298e+00 : 6.161784e-01
[11] Th=4.000000e-01: 4.477664e+00 4.475644e+00 : 6.395219e-01
[12] Th=3.500000e-01: 4.594546e+00 4.593771e+00 : 6.563083e-01
[13] Th=3.000000e-01: 4.747422e+00 4.746830e+00 : 6.781609e-01
[14] Th=2.500000e-01: 5.009508e+00 5.010239e+00 : 7.156962e-01
[15] Th=2.000000e-01: 5.305439e+00 5.307366e+00 : 7.580575e-01
[16] Th=1.500000e-01: 5.425430e+00 5.427579e+00 : 7.752149e-01
[17] Th=1.000000e-01: 5.469878e+00 5.472640e+00 : 7.816084e-01
[18] Th=5.000000e-02: 5.478582e+00 5.481627e+00 : 7.828721e-01
[19] Th=1.000000e-10: 5.478539e+00 5.481605e+00 : 7.828674e-01
# InnerCodebook: deleted
# NBIDSchannel: deleted
# Gtable: deleted
# FBalg4: deleted
# StatICB: deleted
