# (Pid,Ps)=(4.500000e-02,1.000000e-03) Nseg=200 WinSize=10 [0]
# InnerCB: ICB/2/5_07_2.bin
# Gtable:  Gtable/5/045_001.bin
# InnerCodebook: beta=5(1024) nu=2
# InnerCodebook: B(B2p)=7(128) 7(128) 
# InnerCodebook: checked CWM, EncMap, DecMap
# beta=5(1024) nu=2 N=1000 Dmax=50
# B=7,7,
# NBIDSchannel: N=1000 Q=4 Dmax=50 (Pid,Ps)=(4.500000e-02,1.000000e-03)
# FBalg4: Nseg=200 Dmax=50(w=101)
# FBalg4: Gtable: Gtable/5/045_001.bin
# Gtable: beta=5 (Pid,Ps,Ptrn)=(4.500000e-02,1.000000e-03,9.100000e-01) Pth=1.000000e-10
# Gtable: beta4p=1024 beta4pp=1048576
# Gtable::Gtable len=0 cnt=1024
# Gtable::Gtable len=1 cnt=4096
# Gtable::Gtable len=2 cnt=15028
# Gtable::Gtable len=3 cnt=60508
# Gtable::Gtable len=4 cnt=153604
# Gtable::Gtable len=5 cnt=451540
# Gtable::Gtable len=6 cnt=463468
# Gtable::Gtable len=7 cnt=905716
# Gtable::Gtable len=8 cnt=148960
# Gtable::Gtable len=9 cnt=100348
# Gtable::Gtable len=10 cnt=1024
# FBalg4: beta=5(1024) (Pid,Ps)=(4.500000e-02,1.000000e-03) Pth=1.000000e-10 N=1000
# StatICB: nu=2 beta=5 beta4p=1024 Bsum=14 HdThNum=20 HdThStep=5.00e-02
# StatICB: B=7,7,
# StatICB: HdThList 9.50e-01,9.00e-01,8.50e-01,8.00e-01,7.50e-01,7.00e-01,6.50e-01,6.00e-01,5.50e-01,5.00e-01,4.50e-01,4.00e-01,3.50e-01,3.00e-01,2.50e-01,2.00e-01,1.50e-01,1.00e-01,5.00e-02,1.00e-10,
0019(992) (2.00e+00 1.88e+00) XE:1.88e-01 (1.35e+00 1.32e+00 | 1.22e+00 1.09e+00)
0038(1003) (1.87e+00 1.90e+00) XE:1.90e-01 (1.32e+00 1.33e+00 | 1.02e+00 1.09e+00)
0057(1000) (1.67e+00 1.89e+00) XE:1.89e-01 (1.36e+00 1.33e+00 | 1.15e+00 1.10e+00)
0076(988) (1.84e+00 1.88e+00) XE:1.88e-01 (1.36e+00 1.33e+00 | 1.11e+00 1.10e+00)
0095(994) (1.63e+00 1.88e+00) XE:1.88e-01 (1.35e+00 1.33e+00 | 1.15e+00 1.11e+00)
0114(1001) (1.61e+00 1.88e+00) XE:1.88e-01 (1.32e+00 1.33e+00 | 1.19e+00 1.11e+00)
0133(989) (2.07e+00 1.88e+00) XE:1.88e-01 (1.34e+00 1.33e+00 | 1.09e+00 1.11e+00)
0152(995) (1.55e+00 1.86e+00) XE:1.86e-01 (1.38e+00 1.33e+00 | 1.09e+00 1.10e+00)
0171(985) (2.63e+00 1.87e+00) XE:1.87e-01 (1.36e+00 1.33e+00 | 1.22e+00 1.10e+00)
0190(1006) (2.02e+00 1.87e+00) XE:1.87e-01 (1.33e+00 1.33e+00 | 1.19e+00 1.10e+00)
0209(1009) (1.98e+00 1.88e+00) XE:1.88e-01 (1.28e+00 1.33e+00 | 1.16e+00 1.10e+00)
0228(993) (1.82e+00 1.88e+00) XE:1.88e-01 (1.31e+00 1.33e+00 | 1.06e+00 1.10e+00)
0247(994) (2.19e+00 1.88e+00) XE:1.88e-01 (1.34e+00 1.33e+00 | 1.14e+00 1.10e+00)
0266(995) (1.86e+00 1.88e+00) XE:1.88e-01 (1.30e+00 1.33e+00 | 1.10e+00 1.10e+00)
0285(1020) (1.60e+00 1.88e+00) XE:1.88e-01 (1.33e+00 1.33e+00 | 1.21e+00 1.10e+00)
0304(994) (1.99e+00 1.87e+00) XE:1.87e-01 (1.31e+00 1.33e+00 | 1.13e+00 1.10e+00)
0323(1004) (1.94e+00 1.87e+00) XE:1.87e-01 (1.31e+00 1.33e+00 | 1.12e+00 1.10e+00)
0342(997) (1.88e+00 1.88e+00) XE:1.88e-01 (1.34e+00 1.33e+00 | 1.00e+00 1.10e+00)
0361(1007) (1.95e+00 1.88e+00) XE:1.88e-01 (1.32e+00 1.33e+00 | 1.05e+00 1.10e+00)
0380(995) (2.43e+00 1.88e+00) XE:1.88e-01 (1.32e+00 1.33e+00 | 1.07e+00 1.10e+00)
0399(1008) (1.40e+00 1.88e+00) XE:1.88e-01 (1.33e+00 1.33e+00 | 1.09e+00 1.10e+00)
0418(1005) (1.83e+00 1.88e+00) XE:1.88e-01 (1.36e+00 1.33e+00 | 1.16e+00 1.10e+00)
0437(972) (2.20e+00 1.88e+00) XE:1.88e-01 (1.29e+00 1.33e+00 | 1.06e+00 1.10e+00)
0456(995) (1.76e+00 1.88e+00) XE:1.88e-01 (1.36e+00 1.33e+00 | 1.05e+00 1.10e+00)
0475(999) (2.31e+00 1.87e+00) XE:1.87e-01 (1.35e+00 1.33e+00 | 1.09e+00 1.10e+00)
0494(1008) (2.20e+00 1.88e+00) XE:1.88e-01 (1.36e+00 1.33e+00 | 1.23e+00 1.10e+00)
0513(963) (1.91e+00 1.88e+00) XE:1.88e-01 (1.35e+00 1.33e+00 | 1.12e+00 1.10e+00)
0532(1002) (2.22e+00 1.88e+00) XE:1.88e-01 (1.34e+00 1.33e+00 | 1.01e+00 1.10e+00)
0551(999) (1.75e+00 1.88e+00) XE:1.88e-01 (1.34e+00 1.33e+00 | 1.16e+00 1.10e+00)
0570(997) (1.74e+00 1.88e+00) XE:1.88e-01 (1.36e+00 1.33e+00 | 9.63e-01 1.10e+00)
0589(996) (2.09e+00 1.88e+00) XE:1.88e-01 (1.30e+00 1.33e+00 | 1.08e+00 1.10e+00)
0608(1006) (1.65e+00 1.88e+00) XE:1.88e-01 (1.29e+00 1.33e+00 | 1.11e+00 1.10e+00)
0627(1014) (1.53e+00 1.88e+00) XE:1.88e-01 (1.32e+00 1.33e+00 | 1.02e+00 1.10e+00)
0646(1003) (1.76e+00 1.88e+00) XE:1.88e-01 (1.35e+00 1.33e+00 | 1.21e+00 1.10e+00)
0665(1017) (1.89e+00 1.88e+00) XE:1.88e-01 (1.34e+00 1.33e+00 | 1.13e+00 1.10e+00)
0684(981) (2.14e+00 1.88e+00) XE:1.88e-01 (1.33e+00 1.33e+00 | 1.01e+00 1.10e+00)
0703(1000) (1.69e+00 1.88e+00) XE:1.88e-01 (1.39e+00 1.33e+00 | 1.13e+00 1.10e+00)
0722(1006) (1.79e+00 1.88e+00) XE:1.88e-01 (1.33e+00 1.33e+00 | 1.07e+00 1.10e+00)
0741(1009) (2.00e+00 1.88e+00) XE:1.88e-01 (1.30e+00 1.33e+00 | 1.22e+00 1.10e+00)
0760(976) (1.96e+00 1.88e+00) XE:1.88e-01 (1.30e+00 1.33e+00 | 1.17e+00 1.10e+00)
0779(995) (1.75e+00 1.88e+00) XE:1.88e-01 (1.31e+00 1.33e+00 | 1.03e+00 1.10e+00)
0798(985) (2.31e+00 1.88e+00) XE:1.88e-01 (1.32e+00 1.33e+00 | 1.17e+00 1.10e+00)
0817(978) (1.84e+00 1.88e+00) XE:1.88e-01 (1.36e+00 1.33e+00 | 1.11e+00 1.10e+00)
0836(993) (2.03e+00 1.88e+00) XE:1.88e-01 (1.31e+00 1.33e+00 | 1.04e+00 1.10e+00)
0855(996) (2.08e+00 1.88e+00) XE:1.88e-01 (1.32e+00 1.33e+00 | 1.08e+00 1.10e+00)
0874(996) (1.73e+00 1.88e+00) XE:1.88e-01 (1.34e+00 1.33e+00 | 1.08e+00 1.10e+00)
0893(1003) (1.90e+00 1.88e+00) XE:1.88e-01 (1.39e+00 1.33e+00 | 1.14e+00 1.10e+00)
0912(986) (1.99e+00 1.88e+00) XE:1.88e-01 (1.33e+00 1.33e+00 | 1.15e+00 1.10e+00)
0931(1024) (1.41e+00 1.88e+00) XE:1.88e-01 (1.32e+00 1.33e+00 | 1.12e+00 1.10e+00)
0950(995) (2.04e+00 1.88e+00) XE:1.88e-01 (1.35e+00 1.33e+00 | 1.11e+00 1.10e+00)
0969(1001) (1.86e+00 1.88e+00) XE:1.88e-01 (1.36e+00 1.33e+00 | 1.04e+00 1.10e+00)
0988(1001) (2.30e+00 1.88e+00) XE:1.88e-01 (1.34e+00 1.33e+00 | 1.06e+00 1.10e+00)
1007(1026) (1.06e+00 1.88e+00) XE:1.88e-01 (1.30e+00 1.33e+00 | 1.07e+00 1.10e+00)
1026(996) (1.95e+00 1.88e+00) XE:1.88e-01 (1.36e+00 1.33e+00 | 1.08e+00 1.10e+00)
1045(1017) (1.81e+00 1.88e+00) XE:1.88e-01 (1.32e+00 1.33e+00 | 1.13e+00 1.10e+00)
1065(1008) (1.74e+00 1.88e+00) XE:1.88e-01 (1.32e+00 1.33e+00 | 1.07e+00 1.10e+00)
1084(1014) (1.76e+00 1.88e+00) XE:1.88e-01 (1.37e+00 1.33e+00 | 1.17e+00 1.10e+00)
1102(1005) (2.46e+00 1.88e+00) XE:1.88e-01 (1.37e+00 1.33e+00 | 1.10e+00 1.10e+00)
1121(995) (2.12e+00 1.88e+00) XE:1.88e-01 (1.33e+00 1.33e+00 | 1.18e+00 1.10e+00)
1140(1012) (2.25e+00 1.88e+00) XE:1.88e-01 (1.34e+00 1.33e+00 | 1.19e+00 1.10e+00)
1159(1010) (1.66e+00 1.88e+00) XE:1.88e-01 (1.34e+00 1.33e+00 | 1.07e+00 1.10e+00)
1179(1005) (1.79e+00 1.88e+00) XE:1.88e-01 (1.34e+00 1.33e+00 | 1.10e+00 1.10e+00)
1197(1003) (1.61e+00 1.88e+00) XE:1.88e-01 (1.38e+00 1.33e+00 | 1.12e+00 1.10e+00)
1216(997) (2.19e+00 1.88e+00) XE:1.88e-01 (1.29e+00 1.33e+00 | 1.01e+00 1.10e+00)
1235(1000) (1.79e+00 1.88e+00) XE:1.88e-01 (1.34e+00 1.33e+00 | 1.20e+00 1.10e+00)
1254(1001) (2.16e+00 1.88e+00) XE:1.88e-01 (1.33e+00 1.33e+00 | 1.09e+00 1.10e+00)
1273(1004) (1.92e+00 1.88e+00) XE:1.88e-01 (1.33e+00 1.33e+00 | 1.18e+00 1.10e+00)
1292(1016) (2.01e+00 1.88e+00) XE:1.88e-01 (1.36e+00 1.33e+00 | 1.02e+00 1.10e+00)
1311(998) (1.49e+00 1.88e+00) XE:1.88e-01 (1.30e+00 1.33e+00 | 1.06e+00 1.10e+00)
1330(995) (2.36e+00 1.88e+00) XE:1.88e-01 (1.35e+00 1.33e+00 | 9.65e-01 1.10e+00)
1349(979) (2.14e+00 1.88e+00) XE:1.88e-01 (1.32e+00 1.33e+00 | 1.05e+00 1.10e+00)
1368(992) (1.43e+00 1.88e+00) XE:1.88e-01 (1.38e+00 1.33e+00 | 1.08e+00 1.10e+00)
1387(997) (1.92e+00 1.88e+00) XE:1.88e-01 (1.35e+00 1.33e+00 | 1.00e+00 1.10e+00)
1406(994) (1.53e+00 1.88e+00) XE:1.88e-01 (1.32e+00 1.33e+00 | 1.13e+00 1.10e+00)
1425(999) (1.77e+00 1.88e+00) XE:1.88e-01 (1.32e+00 1.33e+00 | 1.11e+00 1.10e+00)
1444(1005) (1.82e+00 1.88e+00) XE:1.88e-01 (1.32e+00 1.33e+00 | 1.16e+00 1.10e+00)
1463(999) (2.11e+00 1.88e+00) XE:1.88e-01 (1.33e+00 1.33e+00 | 1.21e+00 1.10e+00)
1482(1010) (1.65e+00 1.88e+00) XE:1.88e-01 (1.31e+00 1.33e+00 | 1.04e+00 1.10e+00)
1501(1004) (1.69e+00 1.88e+00) XE:1.88e-01 (1.34e+00 1.33e+00 | 1.06e+00 1.10e+00)
1520(1000) (1.79e+00 1.88e+00) XE:1.88e-01 (1.31e+00 1.33e+00 | 1.13e+00 1.10e+00)
1539(977) (2.09e+00 1.88e+00) XE:1.88e-01 (1.34e+00 1.33e+00 | 1.15e+00 1.10e+00)
1558(1013) (1.66e+00 1.88e+00) XE:1.88e-01 (1.34e+00 1.33e+00 | 1.17e+00 1.10e+00)
1577(1017) (2.03e+00 1.88e+00) XE:1.88e-01 (1.33e+00 1.33e+00 | 1.04e+00 1.10e+00)
1596(984) (2.35e+00 1.88e+00) XE:1.88e-01 (1.30e+00 1.33e+00 | 1.10e+00 1.10e+00)
1615(1016) (1.37e+00 1.88e+00) XE:1.88e-01 (1.36e+00 1.33e+00 | 1.09e+00 1.10e+00)
1634(1009) (1.93e+00 1.88e+00) XE:1.88e-01 (1.32e+00 1.33e+00 | 1.18e+00 1.10e+00)
1653(999) (1.80e+00 1.88e+00) XE:1.88e-01 (1.34e+00 1.33e+00 | 1.09e+00 1.10e+00)
1672(994) (1.72e+00 1.88e+00) XE:1.88e-01 (1.36e+00 1.33e+00 | 1.16e+00 1.10e+00)
1691(1012) (1.69e+00 1.88e+00) XE:1.88e-01 (1.36e+00 1.33e+00 | 1.15e+00 1.10e+00)
1710(1014) (1.88e+00 1.88e+00) XE:1.88e-01 (1.31e+00 1.33e+00 | 1.07e+00 1.10e+00)
1729(1000) (2.07e+00 1.88e+00) XE:1.88e-01 (1.37e+00 1.33e+00 | 1.11e+00 1.10e+00)
1748(996) (2.15e+00 1.88e+00) XE:1.88e-01 (1.31e+00 1.33e+00 | 9.61e-01 1.10e+00)
1767(1012) (1.67e+00 1.88e+00) XE:1.88e-01 (1.35e+00 1.33e+00 | 1.17e+00 1.10e+00)
1786(1009) (1.58e+00 1.88e+00) XE:1.88e-01 (1.34e+00 1.33e+00 | 1.02e+00 1.10e+00)
1805(987) (2.31e+00 1.88e+00) XE:1.88e-01 (1.38e+00 1.33e+00 | 1.02e+00 1.10e+00)
1824(1000) (1.62e+00 1.88e+00) XE:1.88e-01 (1.36e+00 1.33e+00 | 1.20e+00 1.10e+00)
1843(993) (2.38e+00 1.89e+00) XE:1.89e-01 (1.34e+00 1.33e+00 | 1.11e+00 1.10e+00)
1862(1000) (2.01e+00 1.89e+00) XE:1.89e-01 (1.33e+00 1.33e+00 | 1.12e+00 1.10e+00)
1881(1016) (1.63e+00 1.89e+00) XE:1.89e-01 (1.33e+00 1.33e+00 | 1.15e+00 1.10e+00)
1900(1012) (1.65e+00 1.89e+00) XE:1.89e-01 (1.29e+00 1.33e+00 | 1.18e+00 1.10e+00)
1919(998) (2.31e+00 1.89e+00) XE:1.89e-01 (1.36e+00 1.33e+00 | 1.07e+00 1.10e+00)
1938(1010) (1.80e+00 1.89e+00) XE:1.89e-01 (1.33e+00 1.33e+00 | 1.17e+00 1.10e+00)
1957(1008) (1.54e+00 1.88e+00) XE:1.88e-01 (1.32e+00 1.33e+00 | 1.07e+00 1.10e+00)
1976(999) (2.59e+00 1.88e+00) XE:1.88e-01 (1.36e+00 1.33e+00 | 1.18e+00 1.10e+00)
1995(1015) (1.85e+00 1.88e+00) XE:1.88e-01 (1.30e+00 1.33e+00 | 9.69e-01 1.10e+00)
2014(1006) (1.69e+00 1.88e+00) XE:1.88e-01 (1.32e+00 1.33e+00 | 1.12e+00 1.10e+00)
2033(1011) (1.79e+00 1.88e+00) XE:1.88e-01 (1.31e+00 1.33e+00 | 1.07e+00 1.10e+00)
2052(1003) (1.66e+00 1.88e+00) XE:1.88e-01 (1.29e+00 1.33e+00 | 1.09e+00 1.10e+00)
2071(995) (1.94e+00 1.88e+00) XE:1.88e-01 (1.31e+00 1.33e+00 | 1.09e+00 1.10e+00)
2090(990) (2.29e+00 1.88e+00) XE:1.88e-01 (1.31e+00 1.33e+00 | 1.16e+00 1.10e+00)
2109(1010) (1.75e+00 1.89e+00) XE:1.89e-01 (1.31e+00 1.33e+00 | 9.53e-01 1.10e+00)
2128(1015) (1.39e+00 1.88e+00) XE:1.88e-01 (1.38e+00 1.33e+00 | 1.01e+00 1.10e+00)
2147(1005) (1.47e+00 1.88e+00) XE:1.88e-01 (1.31e+00 1.33e+00 | 1.05e+00 1.10e+00)
2166(1003) (1.73e+00 1.88e+00) XE:1.88e-01 (1.34e+00 1.33e+00 | 1.07e+00 1.10e+00)
2185(996) (2.11e+00 1.88e+00) XE:1.88e-01 (1.32e+00 1.33e+00 | 1.01e+00 1.10e+00)
2204(995) (1.94e+00 1.88e+00) XE:1.88e-01 (1.32e+00 1.33e+00 | 9.47e-01 1.10e+00)
2223(990) (2.55e+00 1.89e+00) XE:1.89e-01 (1.32e+00 1.33e+00 | 1.16e+00 1.10e+00)
2242(996) (1.68e+00 1.89e+00) XE:1.89e-01 (1.31e+00 1.33e+00 | 1.10e+00 1.10e+00)
2261(986) (1.95e+00 1.89e+00) XE:1.89e-01 (1.30e+00 1.33e+00 | 1.01e+00 1.10e+00)
2280(1006) (1.74e+00 1.89e+00) XE:1.89e-01 (1.33e+00 1.33e+00 | 1.02e+00 1.10e+00)
2299(997) (2.00e+00 1.89e+00) XE:1.89e-01 (1.36e+00 1.33e+00 | 1.08e+00 1.10e+00)
2318(1012) (1.87e+00 1.89e+00) XE:1.89e-01 (1.33e+00 1.33e+00 | 1.06e+00 1.10e+00)
2337(998) (1.69e+00 1.89e+00) XE:1.89e-01 (1.33e+00 1.33e+00 | 1.27e+00 1.10e+00)
2356(1000) (1.88e+00 1.89e+00) XE:1.89e-01 (1.31e+00 1.33e+00 | 1.07e+00 1.10e+00)
2375(1012) (2.34e+00 1.89e+00) XE:1.89e-01 (1.34e+00 1.33e+00 | 1.17e+00 1.10e+00)
2394(996) (2.45e+00 1.89e+00) XE:1.89e-01 (1.34e+00 1.33e+00 | 1.13e+00 1.10e+00)
2413(993) (2.00e+00 1.89e+00) XE:1.89e-01 (1.37e+00 1.33e+00 | 1.18e+00 1.10e+00)
2432(998) (1.70e+00 1.89e+00) XE:1.89e-01 (1.31e+00 1.33e+00 | 9.79e-01 1.10e+00)
2451(1001) (2.06e+00 1.89e+00) XE:1.89e-01 (1.37e+00 1.33e+00 | 1.12e+00 1.10e+00)
2470(995) (1.57e+00 1.89e+00) XE:1.89e-01 (1.31e+00 1.33e+00 | 1.03e+00 1.10e+00)
2489(989) (1.78e+00 1.89e+00) XE:1.89e-01 (1.36e+00 1.33e+00 | 1.18e+00 1.10e+00)
2508(1017) (1.48e+00 1.89e+00) XE:1.89e-01 (1.34e+00 1.33e+00 | 1.04e+00 1.10e+00)
2527(985) (2.04e+00 1.89e+00) XE:1.89e-01 (1.37e+00 1.33e+00 | 1.08e+00 1.10e+00)
2546(1000) (2.05e+00 1.89e+00) XE:1.89e-01 (1.36e+00 1.33e+00 | 1.17e+00 1.10e+00)
2565(993) (1.76e+00 1.89e+00) XE:1.89e-01 (1.35e+00 1.33e+00 | 1.21e+00 1.10e+00)
2584(998) (2.48e+00 1.89e+00) XE:1.89e-01 (1.36e+00 1.33e+00 | 1.11e+00 1.10e+00)
2603(1015) (1.49e+00 1.89e+00) XE:1.89e-01 (1.32e+00 1.33e+00 | 1.10e+00 1.10e+00)
2622(1002) (1.89e+00 1.89e+00) XE:1.89e-01 (1.31e+00 1.33e+00 | 1.17e+00 1.10e+00)
2641(992) (2.08e+00 1.88e+00) XE:1.88e-01 (1.31e+00 1.33e+00 | 1.13e+00 1.10e+00)
2660(1001) (1.68e+00 1.88e+00) XE:1.88e-01 (1.32e+00 1.33e+00 | 1.09e+00 1.10e+00)
2679(1010) (1.79e+00 1.88e+00) XE:1.88e-01 (1.28e+00 1.33e+00 | 1.14e+00 1.10e+00)
2698(982) (1.94e+00 1.88e+00) XE:1.88e-01 (1.35e+00 1.33e+00 | 1.07e+00 1.10e+00)
2717(996) (1.88e+00 1.88e+00) XE:1.88e-01 (1.32e+00 1.33e+00 | 1.05e+00 1.10e+00)
2736(990) (1.74e+00 1.89e+00) XE:1.89e-01 (1.32e+00 1.33e+00 | 9.87e-01 1.10e+00)
2755(1007) (1.62e+00 1.88e+00) XE:1.88e-01 (1.32e+00 1.33e+00 | 1.13e+00 1.10e+00)
2774(994) (2.15e+00 1.89e+00) XE:1.89e-01 (1.35e+00 1.33e+00 | 1.04e+00 1.10e+00)
2793(996) (1.66e+00 1.89e+00) XE:1.89e-01 (1.35e+00 1.33e+00 | 1.17e+00 1.10e+00)
2812(1007) (1.56e+00 1.89e+00) XE:1.89e-01 (1.31e+00 1.33e+00 | 1.13e+00 1.10e+00)
2831(1002) (2.00e+00 1.89e+00) XE:1.89e-01 (1.29e+00 1.33e+00 | 1.02e+00 1.10e+00)
2850(983) (2.50e+00 1.89e+00) XE:1.89e-01 (1.35e+00 1.33e+00 | 1.18e+00 1.10e+00)
2869(1009) (2.13e+00 1.89e+00) XE:1.89e-01 (1.35e+00 1.33e+00 | 1.10e+00 1.10e+00)
2888(997) (1.81e+00 1.89e+00) XE:1.89e-01 (1.33e+00 1.33e+00 | 1.15e+00 1.10e+00)
2907(980) (2.69e+00 1.89e+00) XE:1.89e-01 (1.33e+00 1.33e+00 | 1.11e+00 1.10e+00)
2926(1001) (1.81e+00 1.89e+00) XE:1.89e-01 (1.38e+00 1.33e+00 | 1.12e+00 1.10e+00)
2945(1017) (1.66e+00 1.89e+00) XE:1.89e-01 (1.38e+00 1.33e+00 | 1.02e+00 1.10e+00)
2964(1010) (1.74e+00 1.89e+00) XE:1.89e-01 (1.33e+00 1.33e+00 | 1.06e+00 1.10e+00)
2983(994) (1.70e+00 1.89e+00) XE:1.89e-01 (1.34e+00 1.33e+00 | 1.13e+00 1.10e+00)
3002(1018) (1.71e+00 1.89e+00) XE:1.89e-01 (1.34e+00 1.33e+00 | 1.18e+00 1.10e+00)
3021(992) (1.62e+00 1.89e+00) XE:1.89e-01 (1.34e+00 1.33e+00 | 1.11e+00 1.10e+00)
3040(998) (1.90e+00 1.89e+00) XE:1.89e-01 (1.34e+00 1.33e+00 | 1.26e+00 1.10e+00)
3059(1006) (1.95e+00 1.89e+00) XE:1.89e-01 (1.29e+00 1.33e+00 | 1.01e+00 1.10e+00)
3078(999) (1.96e+00 1.89e+00) XE:1.89e-01 (1.32e+00 1.33e+00 | 9.73e-01 1.10e+00)
3097(1019) (1.51e+00 1.89e+00) XE:1.89e-01 (1.36e+00 1.33e+00 | 1.01e+00 1.10e+00)
3116(1012) (1.46e+00 1.89e+00) XE:1.89e-01 (1.37e+00 1.33e+00 | 1.05e+00 1.10e+00)
3135(996) (2.51e+00 1.89e+00) XE:1.89e-01 (1.30e+00 1.33e+00 | 9.89e-01 1.10e+00)
3154(993) (1.77e+00 1.89e+00) XE:1.89e-01 (1.33e+00 1.33e+00 | 1.14e+00 1.10e+00)
3173(1003) (2.05e+00 1.89e+00) XE:1.89e-01 (1.34e+00 1.33e+00 | 1.04e+00 1.10e+00)
3192(991) (2.06e+00 1.89e+00) XE:1.89e-01 (1.30e+00 1.33e+00 | 1.02e+00 1.10e+00)
3211(1013) (1.59e+00 1.89e+00) XE:1.89e-01 (1.32e+00 1.33e+00 | 1.07e+00 1.10e+00)
3230(1001) (1.66e+00 1.89e+00) XE:1.89e-01 (1.29e+00 1.33e+00 | 1.06e+00 1.10e+00)
3249(993) (1.73e+00 1.89e+00) XE:1.89e-01 (1.38e+00 1.33e+00 | 1.22e+00 1.10e+00)
3268(1012) (2.08e+00 1.89e+00) XE:1.89e-01 (1.30e+00 1.33e+00 | 1.11e+00 1.10e+00)
3287(1006) (1.59e+00 1.89e+00) XE:1.89e-01 (1.35e+00 1.33e+00 | 1.06e+00 1.10e+00)
3306(1016) (1.76e+00 1.89e+00) XE:1.89e-01 (1.33e+00 1.33e+00 | 1.18e+00 1.10e+00)
3325(1001) (1.91e+00 1.89e+00) XE:1.89e-01 (1.32e+00 1.33e+00 | 9.81e-01 1.10e+00)
3344(993) (1.91e+00 1.89e+00) XE:1.89e-01 (1.32e+00 1.33e+00 | 1.12e+00 1.10e+00)
3363(997) (1.44e+00 1.89e+00) XE:1.89e-01 (1.31e+00 1.33e+00 | 1.10e+00 1.10e+00)
3382(1004) (1.75e+00 1.89e+00) XE:1.89e-01 (1.33e+00 1.33e+00 | 1.13e+00 1.10e+00)
3401(1022) (1.93e+00 1.89e+00) XE:1.89e-01 (1.36e+00 1.33e+00 | 1.19e+00 1.10e+00)
3420(1007) (2.05e+00 1.89e+00) XE:1.89e-01 (1.36e+00 1.33e+00 | 1.02e+00 1.10e+00)
3439(1003) (1.69e+00 1.89e+00) XE:1.89e-01 (1.29e+00 1.33e+00 | 1.04e+00 1.10e+00)
3458(1013) (2.11e+00 1.89e+00) XE:1.89e-01 (1.30e+00 1.33e+00 | 1.02e+00 1.10e+00)
3477(992) (1.92e+00 1.89e+00) XE:1.89e-01 (1.26e+00 1.33e+00 | 1.09e+00 1.10e+00)
3496(1023) (1.53e+00 1.89e+00) XE:1.89e-01 (1.34e+00 1.33e+00 | 1.08e+00 1.10e+00)
3515(998) (2.32e+00 1.89e+00) XE:1.89e-01 (1.32e+00 1.33e+00 | 1.13e+00 1.10e+00)
3534(1010) (1.69e+00 1.89e+00) XE:1.89e-01 (1.32e+00 1.33e+00 | 1.18e+00 1.10e+00)
3553(1007) (1.71e+00 1.89e+00) XE:1.89e-01 (1.34e+00 1.33e+00 | 1.05e+00 1.10e+00)
3572(995) (1.74e+00 1.89e+00) XE:1.89e-01 (1.28e+00 1.33e+00 | 1.16e+00 1.10e+00)
3591(1002) (1.67e+00 1.89e+00) XE:1.89e-01 (1.33e+00 1.33e+00 | 1.15e+00 1.10e+00)
3610(999) (1.77e+00 1.89e+00) XE:1.89e-01 (1.30e+00 1.33e+00 | 1.06e+00 1.10e+00)
3629(1000) (2.09e+00 1.89e+00) XE:1.89e-01 (1.34e+00 1.33e+00 | 1.06e+00 1.10e+00)
3648(993) (2.17e+00 1.89e+00) XE:1.89e-01 (1.33e+00 1.33e+00 | 1.13e+00 1.10e+00)
3667(986) (2.14e+00 1.89e+00) XE:1.89e-01 (1.33e+00 1.33e+00 | 1.02e+00 1.10e+00)
3686(1009) (1.63e+00 1.89e+00) XE:1.89e-01 (1.27e+00 1.33e+00 | 9.57e-01 1.10e+00)
3705(990) (2.04e+00 1.89e+00) XE:1.89e-01 (1.34e+00 1.33e+00 | 1.07e+00 1.10e+00)
3724(1000) (1.46e+00 1.89e+00) XE:1.89e-01 (1.31e+00 1.33e+00 | 1.19e+00 1.10e+00)
3743(1013) (1.45e+00 1.89e+00) XE:1.89e-01 (1.34e+00 1.33e+00 | 9.34e-01 1.10e+00)
3762(1016) (1.65e+00 1.89e+00) XE:1.89e-01 (1.32e+00 1.33e+00 | 1.01e+00 1.10e+00)
3781(1010) (1.88e+00 1.89e+00) XE:1.89e-01 (1.37e+00 1.33e+00 | 1.25e+00 1.10e+00)
3800(998) (1.47e+00 1.89e+00) XE:1.89e-01 (1.35e+00 1.33e+00 | 1.17e+00 1.10e+00)
3819(990) (1.92e+00 1.89e+00) XE:1.89e-01 (1.31e+00 1.33e+00 | 1.12e+00 1.10e+00)
3838(997) (1.75e+00 1.89e+00) XE:1.89e-01 (1.28e+00 1.33e+00 | 1.08e+00 1.10e+00)
3857(999) (1.78e+00 1.89e+00) XE:1.89e-01 (1.34e+00 1.33e+00 | 1.16e+00 1.10e+00)
3876(985) (2.00e+00 1.89e+00) XE:1.89e-01 (1.37e+00 1.33e+00 | 1.24e+00 1.10e+00)
3895(993) (2.13e+00 1.89e+00) XE:1.89e-01 (1.33e+00 1.33e+00 | 1.04e+00 1.10e+00)
3914(1007) (1.69e+00 1.89e+00) XE:1.89e-01 (1.34e+00 1.33e+00 | 1.18e+00 1.10e+00)
3933(1000) (1.85e+00 1.89e+00) XE:1.89e-01 (1.34e+00 1.33e+00 | 1.01e+00 1.10e+00)
3952(1019) (1.74e+00 1.89e+00) XE:1.89e-01 (1.31e+00 1.33e+00 | 1.23e+00 1.10e+00)
3971(1008) (1.70e+00 1.89e+00) XE:1.89e-01 (1.35e+00 1.33e+00 | 1.04e+00 1.10e+00)
3990(1007) (1.53e+00 1.89e+00) XE:1.89e-01 (1.34e+00 1.33e+00 | 1.05e+00 1.10e+00)
4009(1005) (2.06e+00 1.89e+00) XE:1.89e-01 (1.35e+00 1.33e+00 | 1.08e+00 1.10e+00)
4028(1009) (1.75e+00 1.89e+00) XE:1.89e-01 (1.31e+00 1.33e+00 | 1.06e+00 1.10e+00)
4047(1000) (1.73e+00 1.89e+00) XE:1.89e-01 (1.32e+00 1.33e+00 | 1.19e+00 1.10e+00)
4066(1007) (1.97e+00 1.89e+00) XE:1.89e-01 (1.34e+00 1.33e+00 | 1.19e+00 1.10e+00)
4085(1006) (1.57e+00 1.89e+00) XE:1.89e-01 (1.37e+00 1.33e+00 | 1.26e+00 1.10e+00)
4104(987) (1.90e+00 1.89e+00) XE:1.89e-01 (1.33e+00 1.33e+00 | 1.15e+00 1.10e+00)
4123(986) (2.25e+00 1.89e+00) XE:1.89e-01 (1.34e+00 1.33e+00 | 1.13e+00 1.10e+00)
4142(988) (2.04e+00 1.89e+00) XE:1.89e-01 (1.31e+00 1.33e+00 | 1.07e+00 1.10e+00)
4161(1008) (1.99e+00 1.89e+00) XE:1.89e-01 (1.35e+00 1.33e+00 | 1.09e+00 1.10e+00)
4180(1006) (1.76e+00 1.89e+00) XE:1.89e-01 (1.35e+00 1.33e+00 | 1.03e+00 1.10e+00)
4199(998) (1.74e+00 1.89e+00) XE:1.89e-01 (1.36e+00 1.33e+00 | 1.10e+00 1.10e+00)
4218(1005) (2.03e+00 1.89e+00) XE:1.89e-01 (1.30e+00 1.33e+00 | 1.22e+00 1.10e+00)
4237(1007) (2.15e+00 1.89e+00) XE:1.89e-01 (1.38e+00 1.33e+00 | 1.04e+00 1.10e+00)
4256(997) (1.83e+00 1.89e+00) XE:1.89e-01 (1.35e+00 1.33e+00 | 1.07e+00 1.10e+00)
4275(1003) (1.64e+00 1.89e+00) XE:1.89e-01 (1.34e+00 1.33e+00 | 1.09e+00 1.10e+00)
4294(1005) (1.89e+00 1.89e+00) XE:1.89e-01 (1.31e+00 1.33e+00 | 1.04e+00 1.10e+00)
4313(1013) (1.49e+00 1.89e+00) XE:1.89e-01 (1.40e+00 1.33e+00 | 1.15e+00 1.10e+00)
4332(1004) (1.65e+00 1.89e+00) XE:1.89e-01 (1.30e+00 1.33e+00 | 1.14e+00 1.10e+00)
4351(1007) (1.86e+00 1.89e+00) XE:1.89e-01 (1.34e+00 1.33e+00 | 1.20e+00 1.10e+00)
4370(1001) (1.90e+00 1.89e+00) XE:1.89e-01 (1.35e+00 1.33e+00 | 1.13e+00 1.10e+00)
4389(999) (1.91e+00 1.89e+00) XE:1.89e-01 (1.32e+00 1.33e+00 | 1.05e+00 1.10e+00)
4408(999) (1.65e+00 1.89e+00) XE:1.89e-01 (1.34e+00 1.33e+00 | 1.24e+00 1.10e+00)
4427(989) (1.70e+00 1.89e+00) XE:1.89e-01 (1.34e+00 1.33e+00 | 1.05e+00 1.10e+00)
4446(1014) (1.69e+00 1.89e+00) XE:1.89e-01 (1.32e+00 1.33e+00 | 9.97e-01 1.10e+00)
4465(1000) (1.99e+00 1.89e+00) XE:1.89e-01 (1.35e+00 1.33e+00 | 1.16e+00 1.10e+00)
4484(992) (1.89e+00 1.89e+00) XE:1.89e-01 (1.34e+00 1.33e+00 | 1.10e+00 1.10e+00)
4503(999) (1.85e+00 1.89e+00) XE:1.89e-01 (1.33e+00 1.33e+00 | 1.19e+00 1.10e+00)
4522(1019) (1.44e+00 1.89e+00) XE:1.89e-01 (1.31e+00 1.33e+00 | 1.13e+00 1.10e+00)
4541(995) (1.94e+00 1.89e+00) XE:1.89e-01 (1.35e+00 1.33e+00 | 1.13e+00 1.10e+00)
4560(997) (2.21e+00 1.89e+00) XE:1.89e-01 (1.34e+00 1.33e+00 | 1.12e+00 1.10e+00)
4579(1011) (1.93e+00 1.89e+00) XE:1.89e-01 (1.31e+00 1.33e+00 | 9.67e-01 1.10e+00)
4598(1002) (2.08e+00 1.89e+00) XE:1.89e-01 (1.31e+00 1.33e+00 | 1.18e+00 1.10e+00)
4617(1009) (1.75e+00 1.89e+00) XE:1.89e-01 (1.34e+00 1.33e+00 | 1.13e+00 1.10e+00)
4636(1000) (2.01e+00 1.89e+00) XE:1.89e-01 (1.32e+00 1.33e+00 | 1.07e+00 1.10e+00)
4655(984) (1.97e+00 1.89e+00) XE:1.89e-01 (1.27e+00 1.33e+00 | 1.08e+00 1.10e+00)
4674(1004) (1.82e+00 1.89e+00) XE:1.89e-01 (1.33e+00 1.33e+00 | 1.06e+00 1.10e+00)
4693(1003) (2.00e+00 1.89e+00) XE:1.89e-01 (1.36e+00 1.33e+00 | 9.69e-01 1.10e+00)
4712(996) (1.72e+00 1.89e+00) XE:1.89e-01 (1.36e+00 1.33e+00 | 1.09e+00 1.10e+00)
4731(991) (1.70e+00 1.89e+00) XE:1.89e-01 (1.30e+00 1.33e+00 | 1.15e+00 1.10e+00)
4750(1024) (1.75e+00 1.89e+00) XE:1.89e-01 (1.28e+00 1.33e+00 | 1.03e+00 1.10e+00)
4769(1000) (1.93e+00 1.89e+00) XE:1.89e-01 (1.33e+00 1.33e+00 | 9.45e-01 1.10e+00)
4788(1022) (1.55e+00 1.89e+00) XE:1.89e-01 (1.30e+00 1.33e+00 | 1.13e+00 1.10e+00)
4807(1001) (1.85e+00 1.89e+00) XE:1.89e-01 (1.33e+00 1.33e+00 | 1.04e+00 1.10e+00)
4826(1017) (1.57e+00 1.89e+00) XE:1.89e-01 (1.30e+00 1.33e+00 | 1.08e+00 1.10e+00)
4845(995) (1.86e+00 1.89e+00) XE:1.89e-01 (1.33e+00 1.33e+00 | 1.10e+00 1.10e+00)
4864(992) (2.52e+00 1.89e+00) XE:1.89e-01 (1.30e+00 1.33e+00 | 1.02e+00 1.10e+00)
4883(994) (2.15e+00 1.89e+00) XE:1.89e-01 (1.32e+00 1.33e+00 | 1.16e+00 1.10e+00)
4902(983) (2.15e+00 1.89e+00) XE:1.89e-01 (1.33e+00 1.33e+00 | 1.15e+00 1.10e+00)
4921(989) (1.77e+00 1.89e+00) XE:1.89e-01 (1.34e+00 1.33e+00 | 1.17e+00 1.10e+00)
4940(1009) (1.98e+00 1.89e+00) XE:1.89e-01 (1.35e+00 1.33e+00 | 1.09e+00 1.10e+00)
4959(995) (1.78e+00 1.89e+00) XE:1.89e-01 (1.38e+00 1.33e+00 | 1.08e+00 1.10e+00)
4978(999) (2.05e+00 1.89e+00) XE:1.89e-01 (1.31e+00 1.33e+00 | 1.13e+00 1.10e+00)
4997(1000) (1.72e+00 1.89e+00) XE:1.89e-01 (1.29e+00 1.33e+00 | 1.16e+00 1.10e+00)
5016(1006) (1.92e+00 1.89e+00) XE:1.89e-01 (1.34e+00 1.33e+00 | 1.18e+00 1.10e+00)
5035(998) (1.80e+00 1.89e+00) XE:1.89e-01 (1.35e+00 1.33e+00 | 1.03e+00 1.10e+00)
5054(992) (1.82e+00 1.89e+00) XE:1.89e-01 (1.29e+00 1.33e+00 | 1.17e+00 1.10e+00)
5073(1002) (1.64e+00 1.89e+00) XE:1.89e-01 (1.32e+00 1.33e+00 | 1.12e+00 1.10e+00)
5092(1003) (1.96e+00 1.89e+00) XE:1.89e-01 (1.36e+00 1.33e+00 | 1.16e+00 1.10e+00)
5111(1011) (1.99e+00 1.89e+00) XE:1.89e-01 (1.33e+00 1.33e+00 | 1.06e+00 1.10e+00)
5130(994) (1.78e+00 1.89e+00) XE:1.89e-01 (1.36e+00 1.33e+00 | 1.14e+00 1.10e+00)
5149(997) (2.09e+00 1.89e+00) XE:1.89e-01 (1.31e+00 1.33e+00 | 1.19e+00 1.10e+00)
5168(1013) (1.81e+00 1.89e+00) XE:1.89e-01 (1.29e+00 1.33e+00 | 1.14e+00 1.10e+00)
5187(993) (2.28e+00 1.89e+00) XE:1.89e-01 (1.32e+00 1.33e+00 | 1.03e+00 1.10e+00)
5206(987) (2.26e+00 1.89e+00) XE:1.89e-01 (1.32e+00 1.33e+00 | 1.07e+00 1.10e+00)
5225(990) (2.06e+00 1.89e+00) XE:1.89e-01 (1.34e+00 1.33e+00 | 1.12e+00 1.10e+00)
5244(975) (2.18e+00 1.89e+00) XE:1.89e-01 (1.30e+00 1.33e+00 | 1.16e+00 1.10e+00)
5263(997) (1.83e+00 1.89e+00) XE:1.89e-01 (1.33e+00 1.33e+00 | 1.09e+00 1.10e+00)
5282(1006) (1.72e+00 1.89e+00) XE:1.89e-01 (1.30e+00 1.33e+00 | 1.05e+00 1.10e+00)
5301(989) (1.98e+00 1.89e+00) XE:1.89e-01 (1.29e+00 1.33e+00 | 1.16e+00 1.10e+00)
5320(1003) (1.98e+00 1.89e+00) XE:1.89e-01 (1.38e+00 1.33e+00 | 1.02e+00 1.10e+00)
5339(996) (1.58e+00 1.89e+00) XE:1.89e-01 (1.34e+00 1.33e+00 | 1.05e+00 1.10e+00)
5358(1003) (1.82e+00 1.89e+00) XE:1.89e-01 (1.31e+00 1.33e+00 | 1.14e+00 1.10e+00)
5377(985) (1.88e+00 1.89e+00) XE:1.89e-01 (1.35e+00 1.33e+00 | 1.11e+00 1.10e+00)
5396(981) (2.05e+00 1.89e+00) XE:1.89e-01 (1.33e+00 1.33e+00 | 1.12e+00 1.10e+00)
5415(1006) (1.62e+00 1.89e+00) XE:1.89e-01 (1.33e+00 1.33e+00 | 1.07e+00 1.10e+00)
5434(1007) (1.45e+00 1.89e+00) XE:1.89e-01 (1.31e+00 1.33e+00 | 1.07e+00 1.10e+00)
5453(998) (2.07e+00 1.89e+00) XE:1.89e-01 (1.31e+00 1.33e+00 | 1.03e+00 1.10e+00)
5472(997) (1.96e+00 1.89e+00) XE:1.89e-01 (1.35e+00 1.33e+00 | 1.18e+00 1.10e+00)
5491(1001) (1.82e+00 1.89e+00) XE:1.89e-01 (1.43e+00 1.33e+00 | 1.04e+00 1.10e+00)
5510(1007) (2.00e+00 1.89e+00) XE:1.89e-01 (1.29e+00 1.33e+00 | 1.06e+00 1.10e+00)
5529(1007) (1.65e+00 1.89e+00) XE:1.89e-01 (1.33e+00 1.33e+00 | 1.04e+00 1.10e+00)
5548(1031) (1.63e+00 1.89e+00) XE:1.89e-01 (1.31e+00 1.33e+00 | 1.10e+00 1.10e+00)
5567(1003) (1.87e+00 1.89e+00) XE:1.89e-01 (1.33e+00 1.33e+00 | 9.61e-01 1.10e+00)
5586(999) (1.98e+00 1.89e+00) XE:1.89e-01 (1.30e+00 1.33e+00 | 9.49e-01 1.10e+00)
5605(984) (1.83e+00 1.89e+00) XE:1.89e-01 (1.31e+00 1.33e+00 | 1.10e+00 1.10e+00)
5624(995) (2.10e+00 1.89e+00) XE:1.89e-01 (1.33e+00 1.33e+00 | 1.13e+00 1.10e+00)
5643(990) (1.83e+00 1.89e+00) XE:1.89e-01 (1.32e+00 1.33e+00 | 1.05e+00 1.10e+00)
5662(994) (1.70e+00 1.89e+00) XE:1.89e-01 (1.33e+00 1.33e+00 | 1.12e+00 1.10e+00)
5681(986) (1.96e+00 1.89e+00) XE:1.89e-01 (1.33e+00 1.33e+00 | 1.21e+00 1.10e+00)
5700(990) (1.98e+00 1.89e+00) XE:1.89e-01 (1.30e+00 1.33e+00 | 1.09e+00 1.10e+00)
5719(989) (1.89e+00 1.89e+00) XE:1.89e-01 (1.32e+00 1.33e+00 | 1.13e+00 1.10e+00)
5738(987) (2.13e+00 1.89e+00) XE:1.89e-01 (1.34e+00 1.33e+00 | 1.18e+00 1.10e+00)
5757(1003) (1.48e+00 1.89e+00) XE:1.89e-01 (1.32e+00 1.33e+00 | 1.12e+00 1.10e+00)
5776(991) (2.46e+00 1.89e+00) XE:1.89e-01 (1.32e+00 1.33e+00 | 1.06e+00 1.10e+00)
5795(994) (1.56e+00 1.89e+00) XE:1.89e-01 (1.30e+00 1.33e+00 | 9.83e-01 1.10e+00)
5814(1001) (1.57e+00 1.89e+00) XE:1.89e-01 (1.33e+00 1.33e+00 | 9.95e-01 1.10e+00)
5833(999) (1.99e+00 1.89e+00) XE:1.89e-01 (1.36e+00 1.33e+00 | 1.18e+00 1.10e+00)
5852(998) (1.87e+00 1.89e+00) XE:1.89e-01 (1.37e+00 1.33e+00 | 1.25e+00 1.10e+00)
5871(1008) (1.92e+00 1.89e+00) XE:1.89e-01 (1.32e+00 1.33e+00 | 1.02e+00 1.10e+00)
5890(1014) (1.69e+00 1.89e+00) XE:1.89e-01 (1.32e+00 1.33e+00 | 1.07e+00 1.10e+00)
5909(1000) (2.03e+00 1.89e+00) XE:1.89e-01 (1.34e+00 1.33e+00 | 1.16e+00 1.10e+00)
5928(1006) (1.64e+00 1.89e+00) XE:1.89e-01 (1.35e+00 1.33e+00 | 1.17e+00 1.10e+00)
5947(1016) (1.87e+00 1.89e+00) XE:1.89e-01 (1.33e+00 1.33e+00 | 1.07e+00 1.10e+00)
5966(1017) (1.76e+00 1.89e+00) XE:1.89e-01 (1.36e+00 1.33e+00 | 1.19e+00 1.10e+00)
5985(996) (1.67e+00 1.89e+00) XE:1.89e-01 (1.33e+00 1.33e+00 | 1.06e+00 1.10e+00)
6004(1012) (1.68e+00 1.89e+00) XE:1.89e-01 (1.36e+00 1.33e+00 | 9.75e-01 1.10e+00)
6023(1002) (1.57e+00 1.89e+00) XE:1.89e-01 (1.34e+00 1.33e+00 | 1.18e+00 1.10e+00)
6042(1003) (1.71e+00 1.89e+00) XE:1.89e-01 (1.34e+00 1.33e+00 | 1.19e+00 1.10e+00)
6061(997) (2.23e+00 1.89e+00) XE:1.89e-01 (1.35e+00 1.33e+00 | 1.07e+00 1.10e+00)
6080(1005) (1.85e+00 1.89e+00) XE:1.89e-01 (1.32e+00 1.33e+00 | 1.06e+00 1.10e+00)
6099(1017) (1.74e+00 1.89e+00) XE:1.89e-01 (1.32e+00 1.33e+00 | 1.05e+00 1.10e+00)
6118(990) (1.95e+00 1.89e+00) XE:1.89e-01 (1.32e+00 1.33e+00 | 1.05e+00 1.10e+00)
6137(995) (1.71e+00 1.89e+00) XE:1.89e-01 (1.29e+00 1.33e+00 | 1.13e+00 1.10e+00)
6156(994) (1.80e+00 1.89e+00) XE:1.89e-01 (1.31e+00 1.33e+00 | 1.06e+00 1.10e+00)
6175(995) (2.36e+00 1.89e+00) XE:1.89e-01 (1.37e+00 1.33e+00 | 1.14e+00 1.10e+00)
6194(1001) (1.59e+00 1.89e+00) XE:1.89e-01 (1.32e+00 1.33e+00 | 1.17e+00 1.10e+00)
6213(998) (1.80e+00 1.89e+00) XE:1.89e-01 (1.36e+00 1.33e+00 | 1.16e+00 1.10e+00)
6232(987) (2.01e+00 1.89e+00) XE:1.89e-01 (1.36e+00 1.33e+00 | 1.09e+00 1.10e+00)
6251(1001) (2.02e+00 1.89e+00) XE:1.89e-01 (1.33e+00 1.33e+00 | 1.22e+00 1.10e+00)
6270(1018) (1.71e+00 1.89e+00) XE:1.89e-01 (1.34e+00 1.33e+00 | 1.14e+00 1.10e+00)
6289(1024) (1.35e+00 1.89e+00) XE:1.89e-01 (1.39e+00 1.33e+00 | 1.11e+00 1.10e+00)
6308(996) (1.85e+00 1.89e+00) XE:1.89e-01 (1.31e+00 1.33e+00 | 1.05e+00 1.10e+00)
6327(989) (2.04e+00 1.89e+00) XE:1.89e-01 (1.36e+00 1.33e+00 | 1.08e+00 1.10e+00)
6346(1013) (1.96e+00 1.89e+00) XE:1.89e-01 (1.38e+00 1.33e+00 | 1.18e+00 1.10e+00)
6365(992) (1.88e+00 1.89e+00) XE:1.89e-01 (1.30e+00 1.33e+00 | 1.12e+00 1.10e+00)
6384(1008) (2.10e+00 1.89e+00) XE:1.89e-01 (1.33e+00 1.33e+00 | 1.20e+00 1.10e+00)
6403(998) (1.54e+00 1.89e+00) XE:1.89e-01 (1.31e+00 1.33e+00 | 1.13e+00 1.10e+00)
6422(1001) (1.99e+00 1.89e+00) XE:1.89e-01 (1.34e+00 1.33e+00 | 9.93e-01 1.10e+00)
6441(1009) (1.97e+00 1.89e+00) XE:1.89e-01 (1.39e+00 1.33e+00 | 1.13e+00 1.10e+00)
6460(984) (2.22e+00 1.89e+00) XE:1.89e-01 (1.29e+00 1.33e+00 | 1.13e+00 1.10e+00)
6479(992) (1.95e+00 1.89e+00) XE:1.89e-01 (1.31e+00 1.33e+00 | 1.13e+00 1.10e+00)
6498(997) (1.67e+00 1.89e+00) XE:1.89e-01 (1.31e+00 1.33e+00 | 1.01e+00 1.10e+00)
6517(997) (2.01e+00 1.89e+00) XE:1.89e-01 (1.31e+00 1.33e+00 | 1.06e+00 1.10e+00)
6536(1040) (1.14e+00 1.89e+00) XE:1.89e-01 (1.30e+00 1.33e+00 | 1.16e+00 1.10e+00)
6555(1007) (1.79e+00 1.89e+00) XE:1.89e-01 (1.33e+00 1.33e+00 | 1.15e+00 1.10e+00)
6574(987) (2.30e+00 1.89e+00) XE:1.89e-01 (1.34e+00 1.33e+00 | 1.05e+00 1.10e+00)
6593(997) (1.85e+00 1.89e+00) XE:1.89e-01 (1.34e+00 1.33e+00 | 1.18e+00 1.10e+00)
6612(1006) (1.88e+00 1.89e+00) XE:1.89e-01 (1.33e+00 1.33e+00 | 1.13e+00 1.10e+00)
6631(997) (2.01e+00 1.89e+00) XE:1.89e-01 (1.33e+00 1.33e+00 | 1.08e+00 1.10e+00)
6650(995) (1.67e+00 1.89e+00) XE:1.89e-01 (1.32e+00 1.33e+00 | 1.09e+00 1.10e+00)
6669(1003) (1.63e+00 1.89e+00) XE:1.89e-01 (1.37e+00 1.33e+00 | 1.05e+00 1.10e+00)
6688(1011) (1.52e+00 1.89e+00) XE:1.89e-01 (1.33e+00 1.33e+00 | 1.09e+00 1.10e+00)
6707(1001) (2.17e+00 1.89e+00) XE:1.89e-01 (1.38e+00 1.33e+00 | 1.18e+00 1.10e+00)
6726(1025) (1.79e+00 1.88e+00) XE:1.88e-01 (1.36e+00 1.33e+00 | 1.16e+00 1.10e+00)
6745(1009) (1.67e+00 1.88e+00) XE:1.88e-01 (1.31e+00 1.33e+00 | 1.09e+00 1.10e+00)
6764(995) (2.10e+00 1.88e+00) XE:1.88e-01 (1.32e+00 1.33e+00 | 8.86e-01 1.10e+00)
6783(989) (1.60e+00 1.88e+00) XE:1.88e-01 (1.29e+00 1.33e+00 | 1.03e+00 1.10e+00)
6802(975) (2.34e+00 1.88e+00) XE:1.88e-01 (1.32e+00 1.33e+00 | 1.11e+00 1.10e+00)
6821(994) (2.02e+00 1.89e+00) XE:1.89e-01 (1.36e+00 1.33e+00 | 1.05e+00 1.10e+00)
6840(994) (1.99e+00 1.89e+00) XE:1.89e-01 (1.28e+00 1.33e+00 | 1.21e+00 1.10e+00)
6859(999) (1.94e+00 1.88e+00) XE:1.88e-01 (1.34e+00 1.33e+00 | 1.12e+00 1.10e+00)
6878(998) (1.97e+00 1.88e+00) XE:1.88e-01 (1.30e+00 1.33e+00 | 1.19e+00 1.10e+00)
6897(1009) (1.71e+00 1.88e+00) XE:1.88e-01 (1.33e+00 1.33e+00 | 1.09e+00 1.10e+00)
6916(1008) (1.50e+00 1.88e+00) XE:1.88e-01 (1.35e+00 1.33e+00 | 1.03e+00 1.10e+00)
6935(1008) (1.63e+00 1.88e+00) XE:1.88e-01 (1.33e+00 1.33e+00 | 1.16e+00 1.10e+00)
6954(988) (1.71e+00 1.88e+00) XE:1.88e-01 (1.34e+00 1.33e+00 | 1.12e+00 1.10e+00)
6973(1001) (2.00e+00 1.88e+00) XE:1.88e-01 (1.34e+00 1.33e+00 | 9.71e-01 1.10e+00)
6992(994) (1.90e+00 1.88e+00) XE:1.88e-01 (1.30e+00 1.33e+00 | 1.08e+00 1.10e+00)
7011(1006) (1.67e+00 1.88e+00) XE:1.88e-01 (1.30e+00 1.33e+00 | 1.13e+00 1.10e+00)
7030(995) (1.83e+00 1.88e+00) XE:1.88e-01 (1.30e+00 1.33e+00 | 1.10e+00 1.10e+00)
7049(996) (1.72e+00 1.88e+00) XE:1.88e-01 (1.35e+00 1.33e+00 | 1.12e+00 1.10e+00)
7068(994) (1.99e+00 1.88e+00) XE:1.88e-01 (1.37e+00 1.33e+00 | 1.09e+00 1.10e+00)
7087(1006) (2.11e+00 1.88e+00) XE:1.88e-01 (1.35e+00 1.33e+00 | 1.17e+00 1.10e+00)
7106(993) (1.90e+00 1.88e+00) XE:1.88e-01 (1.35e+00 1.33e+00 | 1.11e+00 1.10e+00)
7125(1008) (2.18e+00 1.88e+00) XE:1.88e-01 (1.37e+00 1.33e+00 | 1.19e+00 1.10e+00)
7144(1000) (1.68e+00 1.88e+00) XE:1.88e-01 (1.32e+00 1.33e+00 | 1.09e+00 1.10e+00)
7163(1009) (2.07e+00 1.88e+00) XE:1.88e-01 (1.37e+00 1.33e+00 | 1.02e+00 1.10e+00)
7182(999) (2.04e+00 1.88e+00) XE:1.88e-01 (1.29e+00 1.33e+00 | 1.04e+00 1.10e+00)
7201(1000) (1.90e+00 1.88e+00) XE:1.88e-01 (1.34e+00 1.33e+00 | 1.01e+00 1.10e+00)
7220(1012) (1.98e+00 1.88e+00) XE:1.88e-01 (1.34e+00 1.33e+00 | 1.06e+00 1.10e+00)
7239(1027) (1.38e+00 1.88e+00) XE:1.88e-01 (1.31e+00 1.33e+00 | 1.27e+00 1.10e+00)
7258(1008) (2.08e+00 1.88e+00) XE:1.88e-01 (1.34e+00 1.33e+00 | 9.59e-01 1.10e+00)
7277(978) (2.10e+00 1.88e+00) XE:1.88e-01 (1.29e+00 1.33e+00 | 1.11e+00 1.10e+00)
7296(993) (1.87e+00 1.88e+00) XE:1.88e-01 (1.34e+00 1.33e+00 | 1.16e+00 1.10e+00)
7315(992) (1.78e+00 1.88e+00) XE:1.88e-01 (1.36e+00 1.33e+00 | 1.05e+00 1.10e+00)
7334(1002) (2.25e+00 1.88e+00) XE:1.88e-01 (1.37e+00 1.33e+00 | 1.15e+00 1.10e+00)
7353(1002) (1.93e+00 1.88e+00) XE:1.88e-01 (1.31e+00 1.33e+00 | 1.10e+00 1.10e+00)
7372(994) (2.01e+00 1.88e+00) XE:1.88e-01 (1.33e+00 1.33e+00 | 1.10e+00 1.10e+00)
7391(997) (1.87e+00 1.88e+00) XE:1.88e-01 (1.31e+00 1.33e+00 | 1.09e+00 1.10e+00)
7410(1006) (1.56e+00 1.88e+00) XE:1.88e-01 (1.35e+00 1.33e+00 | 9.53e-01 1.10e+00)
7429(982) (2.39e+00 1.88e+00) XE:1.88e-01 (1.34e+00 1.33e+00 | 1.07e+00 1.10e+00)
7448(997) (2.07e+00 1.88e+00) XE:1.88e-01 (1.41e+00 1.33e+00 | 1.08e+00 1.10e+00)
7467(1005) (1.49e+00 1.88e+00) XE:1.88e-01 (1.30e+00 1.33e+00 | 1.07e+00 1.10e+00)
7486(993) (1.93e+00 1.88e+00) XE:1.88e-01 (1.31e+00 1.33e+00 | 1.24e+00 1.10e+00)
7505(1012) (1.53e+00 1.88e+00) XE:1.88e-01 (1.34e+00 1.33e+00 | 1.10e+00 1.10e+00)
7524(992) (1.68e+00 1.88e+00) XE:1.88e-01 (1.32e+00 1.33e+00 | 1.09e+00 1.10e+00)
7543(974) (2.06e+00 1.88e+00) XE:1.88e-01 (1.31e+00 1.33e+00 | 1.02e+00 1.10e+00)
7562(1013) (1.98e+00 1.88e+00) XE:1.88e-01 (1.37e+00 1.33e+00 | 1.17e+00 1.10e+00)
7581(987) (1.96e+00 1.88e+00) XE:1.88e-01 (1.36e+00 1.33e+00 | 1.04e+00 1.10e+00)
7601(1012) (1.73e+00 1.88e+00) XE:1.88e-01 (1.32e+00 1.33e+00 | 1.10e+00 1.10e+00)
7620(989) (2.18e+00 1.88e+00) XE:1.88e-01 (1.32e+00 1.33e+00 | 1.24e+00 1.10e+00)
7639(998) (2.08e+00 1.88e+00) XE:1.88e-01 (1.25e+00 1.33e+00 | 1.14e+00 1.10e+00)
7658(983) (1.96e+00 1.88e+00) XE:1.88e-01 (1.32e+00 1.33e+00 | 1.22e+00 1.10e+00)
7677(992) (1.87e+00 1.88e+00) XE:1.88e-01 (1.32e+00 1.33e+00 | 1.05e+00 1.10e+00)
7696(999) (2.25e+00 1.88e+00) XE:1.88e-01 (1.30e+00 1.33e+00 | 1.11e+00 1.10e+00)
7715(988) (2.32e+00 1.88e+00) XE:1.88e-01 (1.31e+00 1.33e+00 | 1.20e+00 1.10e+00)
7734(993) (1.94e+00 1.88e+00) XE:1.88e-01 (1.32e+00 1.33e+00 | 1.04e+00 1.10e+00)
7753(1000) (1.91e+00 1.88e+00) XE:1.88e-01 (1.36e+00 1.33e+00 | 1.22e+00 1.10e+00)
7772(986) (1.94e+00 1.88e+00) XE:1.88e-01 (1.37e+00 1.33e+00 | 1.14e+00 1.10e+00)
7791(1009) (1.99e+00 1.88e+00) XE:1.88e-01 (1.35e+00 1.33e+00 | 1.11e+00 1.10e+00)
7810(1004) (1.73e+00 1.88e+00) XE:1.88e-01 (1.33e+00 1.33e+00 | 1.00e+00 1.10e+00)
7829(981) (2.52e+00 1.88e+00) XE:1.88e-01 (1.33e+00 1.33e+00 | 1.29e+00 1.10e+00)
7848(986) (1.82e+00 1.88e+00) XE:1.88e-01 (1.37e+00 1.33e+00 | 1.10e+00 1.10e+00)
7867(1004) (2.24e+00 1.88e+00) XE:1.88e-01 (1.31e+00 1.33e+00 | 1.06e+00 1.10e+00)
7886(1017) (1.83e+00 1.88e+00) XE:1.88e-01 (1.35e+00 1.33e+00 | 1.07e+00 1.10e+00)
7904(1017) (1.43e+00 1.88e+00) XE:1.88e-01 (1.33e+00 1.33e+00 | 1.08e+00 1.10e+00)
7923(996) (2.23e+00 1.88e+00) XE:1.88e-01 (1.32e+00 1.33e+00 | 1.01e+00 1.10e+00)
7943(1004) (1.66e+00 1.88e+00) XE:1.88e-01 (1.36e+00 1.33e+00 | 1.10e+00 1.10e+00)
7961(1004) (1.64e+00 1.88e+00) XE:1.88e-01 (1.33e+00 1.33e+00 | 1.03e+00 1.10e+00)
7980(999) (1.81e+00 1.88e+00) XE:1.88e-01 (1.36e+00 1.33e+00 | 1.18e+00 1.10e+00)
8000(1004) (1.94e+00 1.88e+00) XE:1.88e-01 (1.31e+00 1.33e+00 | 1.08e+00 1.10e+00)
8018(1008) (2.00e+00 1.88e+00) XE:1.88e-01 (1.27e+00 1.33e+00 | 1.10e+00 1.10e+00)
8037(993) (2.30e+00 1.88e+00) XE:1.88e-01 (1.32e+00 1.33e+00 | 1.15e+00 1.10e+00)
8056(1006) (1.62e+00 1.88e+00) XE:1.88e-01 (1.35e+00 1.33e+00 | 1.14e+00 1.10e+00)
8075(995) (2.09e+00 1.88e+00) XE:1.88e-01 (1.38e+00 1.33e+00 | 1.15e+00 1.10e+00)
8094(1000) (1.74e+00 1.88e+00) XE:1.88e-01 (1.35e+00 1.33e+00 | 1.13e+00 1.10e+00)
8113(1005) (1.28e+00 1.88e+00) XE:1.88e-01 (1.29e+00 1.33e+00 | 1.03e+00 1.10e+00)
8132(1003) (2.03e+00 1.88e+00) XE:1.88e-01 (1.33e+00 1.33e+00 | 9.51e-01 1.10e+00)
8151(1004) (1.83e+00 1.88e+00) XE:1.88e-01 (1.32e+00 1.33e+00 | 1.14e+00 1.10e+00)
8170(987) (1.86e+00 1.88e+00) XE:1.88e-01 (1.30e+00 1.33e+00 | 1.08e+00 1.10e+00)
8189(981) (2.16e+00 1.88e+00) XE:1.88e-01 (1.34e+00 1.33e+00 | 1.09e+00 1.10e+00)
8208(1004) (1.80e+00 1.88e+00) XE:1.88e-01 (1.32e+00 1.33e+00 | 9.59e-01 1.10e+00)
8227(984) (1.92e+00 1.88e+00) XE:1.88e-01 (1.33e+00 1.33e+00 | 1.08e+00 1.10e+00)
8246(998) (1.75e+00 1.88e+00) XE:1.88e-01 (1.37e+00 1.33e+00 | 1.09e+00 1.10e+00)
8265(994) (1.86e+00 1.88e+00) XE:1.88e-01 (1.35e+00 1.33e+00 | 1.01e+00 1.10e+00)
8284(999) (2.27e+00 1.88e+00) XE:1.88e-01 (1.30e+00 1.33e+00 | 1.10e+00 1.10e+00)
8303(1019) (1.63e+00 1.88e+00) XE:1.88e-01 (1.34e+00 1.33e+00 | 1.03e+00 1.10e+00)
8322(986) (1.88e+00 1.88e+00) XE:1.88e-01 (1.37e+00 1.33e+00 | 1.11e+00 1.10e+00)
8341(988) (2.09e+00 1.88e+00) XE:1.88e-01 (1.33e+00 1.33e+00 | 1.06e+00 1.10e+00)
8360(1001) (1.62e+00 1.88e+00) XE:1.88e-01 (1.31e+00 1.33e+00 | 1.11e+00 1.10e+00)
8379(985) (1.65e+00 1.88e+00) XE:1.88e-01 (1.35e+00 1.33e+00 | 1.20e+00 1.10e+00)
8398(982) (1.77e+00 1.88e+00) XE:1.88e-01 (1.35e+00 1.33e+00 | 1.24e+00 1.10e+00)
8417(999) (1.82e+00 1.88e+00) XE:1.88e-01 (1.33e+00 1.33e+00 | 1.09e+00 1.10e+00)
8436(1005) (1.60e+00 1.88e+00) XE:1.88e-01 (1.35e+00 1.33e+00 | 1.04e+00 1.10e+00)
8455(998) (1.73e+00 1.88e+00) XE:1.88e-01 (1.38e+00 1.33e+00 | 1.23e+00 1.10e+00)
8474(1005) (1.81e+00 1.88e+00) XE:1.88e-01 (1.36e+00 1.33e+00 | 1.02e+00 1.10e+00)
8493(1000) (2.05e+00 1.88e+00) XE:1.88e-01 (1.33e+00 1.33e+00 | 1.13e+00 1.10e+00)
8512(1004) (1.54e+00 1.88e+00) XE:1.88e-01 (1.31e+00 1.33e+00 | 1.17e+00 1.10e+00)
8531(1008) (1.70e+00 1.88e+00) XE:1.88e-01 (1.32e+00 1.33e+00 | 1.06e+00 1.10e+00)
8550(1011) (1.81e+00 1.88e+00) XE:1.88e-01 (1.32e+00 1.33e+00 | 1.07e+00 1.10e+00)
8569(1004) (1.73e+00 1.88e+00) XE:1.88e-01 (1.30e+00 1.33e+00 | 1.09e+00 1.10e+00)
8588(1006) (1.79e+00 1.88e+00) XE:1.88e-01 (1.33e+00 1.33e+00 | 1.05e+00 1.10e+00)
8607(997) (2.26e+00 1.88e+00) XE:1.88e-01 (1.35e+00 1.33e+00 | 1.10e+00 1.10e+00)
8626(1007) (1.62e+00 1.88e+00) XE:1.88e-01 (1.33e+00 1.33e+00 | 1.12e+00 1.10e+00)
8645(1025) (1.93e+00 1.88e+00) XE:1.88e-01 (1.35e+00 1.33e+00 | 1.04e+00 1.10e+00)
8664(1008) (1.90e+00 1.88e+00) XE:1.88e-01 (1.32e+00 1.33e+00 | 9.91e-01 1.10e+00)
8683(992) (1.69e+00 1.88e+00) XE:1.88e-01 (1.31e+00 1.33e+00 | 1.18e+00 1.10e+00)
8702(1012) (1.54e+00 1.88e+00) XE:1.88e-01 (1.35e+00 1.33e+00 | 1.13e+00 1.10e+00)
8721(1018) (2.20e+00 1.88e+00) XE:1.88e-01 (1.27e+00 1.33e+00 | 1.14e+00 1.10e+00)
8740(998) (1.84e+00 1.88e+00) XE:1.88e-01 (1.33e+00 1.33e+00 | 1.09e+00 1.10e+00)
8759(996) (1.96e+00 1.88e+00) XE:1.88e-01 (1.34e+00 1.33e+00 | 1.17e+00 1.10e+00)
8778(1002) (1.84e+00 1.88e+00) XE:1.88e-01 (1.26e+00 1.33e+00 | 1.08e+00 1.10e+00)
8797(993) (1.80e+00 1.88e+00) XE:1.88e-01 (1.35e+00 1.33e+00 | 1.23e+00 1.10e+00)
8816(1009) (1.43e+00 1.88e+00) XE:1.88e-01 (1.30e+00 1.33e+00 | 1.13e+00 1.10e+00)
8835(1007) (1.87e+00 1.88e+00) XE:1.88e-01 (1.34e+00 1.33e+00 | 1.21e+00 1.10e+00)
8854(1014) (1.99e+00 1.88e+00) XE:1.88e-01 (1.31e+00 1.33e+00 | 1.09e+00 1.10e+00)
8873(979) (2.21e+00 1.88e+00) XE:1.88e-01 (1.32e+00 1.33e+00 | 1.10e+00 1.10e+00)
8892(996) (2.14e+00 1.88e+00) XE:1.88e-01 (1.31e+00 1.33e+00 | 9.69e-01 1.10e+00)
8911(998) (1.98e+00 1.88e+00) XE:1.88e-01 (1.34e+00 1.33e+00 | 1.07e+00 1.10e+00)
8930(1015) (1.65e+00 1.88e+00) XE:1.88e-01 (1.34e+00 1.33e+00 | 1.09e+00 1.10e+00)
8949(998) (1.72e+00 1.88e+00) XE:1.88e-01 (1.33e+00 1.33e+00 | 1.03e+00 1.10e+00)
8968(999) (1.97e+00 1.88e+00) XE:1.88e-01 (1.34e+00 1.33e+00 | 1.22e+00 1.10e+00)
8987(989) (1.84e+00 1.88e+00) XE:1.88e-01 (1.32e+00 1.33e+00 | 1.04e+00 1.10e+00)
9006(993) (2.15e+00 1.88e+00) XE:1.88e-01 (1.34e+00 1.33e+00 | 1.16e+00 1.10e+00)
9025(1001) (1.82e+00 1.88e+00) XE:1.88e-01 (1.35e+00 1.33e+00 | 1.07e+00 1.10e+00)
9044(991) (2.13e+00 1.88e+00) XE:1.88e-01 (1.33e+00 1.33e+00 | 1.15e+00 1.10e+00)
9063(991) (1.90e+00 1.88e+00) XE:1.88e-01 (1.29e+00 1.33e+00 | 9.38e-01 1.10e+00)
9082(988) (2.16e+00 1.88e+00) XE:1.88e-01 (1.34e+00 1.33e+00 | 1.14e+00 1.10e+00)
9101(1003) (1.70e+00 1.88e+00) XE:1.88e-01 (1.32e+00 1.33e+00 | 9.67e-01 1.10e+00)
9120(1004) (2.00e+00 1.88e+00) XE:1.88e-01 (1.31e+00 1.33e+00 | 1.11e+00 1.10e+00)
9139(1001) (1.89e+00 1.88e+00) XE:1.88e-01 (1.33e+00 1.33e+00 | 1.16e+00 1.10e+00)
9158(1000) (2.10e+00 1.88e+00) XE:1.88e-01 (1.30e+00 1.33e+00 | 1.03e+00 1.10e+00)
9177(1007) (1.80e+00 1.88e+00) XE:1.88e-01 (1.32e+00 1.33e+00 | 1.13e+00 1.10e+00)
9196(1003) (2.00e+00 1.88e+00) XE:1.88e-01 (1.31e+00 1.33e+00 | 1.06e+00 1.10e+00)
9215(1001) (1.96e+00 1.88e+00) XE:1.88e-01 (1.33e+00 1.33e+00 | 1.07e+00 1.10e+00)
9234(990) (2.02e+00 1.88e+00) XE:1.88e-01 (1.37e+00 1.33e+00 | 1.14e+00 1.10e+00)
9253(1005) (1.92e+00 1.88e+00) XE:1.88e-01 (1.33e+00 1.33e+00 | 1.06e+00 1.10e+00)
9272(1018) (1.88e+00 1.88e+00) XE:1.88e-01 (1.27e+00 1.33e+00 | 1.13e+00 1.10e+00)
9291(991) (1.66e+00 1.88e+00) XE:1.88e-01 (1.34e+00 1.33e+00 | 1.04e+00 1.10e+00)
9310(1013) (1.56e+00 1.88e+00) XE:1.88e-01 (1.30e+00 1.33e+00 | 1.05e+00 1.10e+00)
9329(988) (2.12e+00 1.88e+00) XE:1.88e-01 (1.33e+00 1.33e+00 | 1.01e+00 1.10e+00)
9348(985) (2.30e+00 1.88e+00) XE:1.88e-01 (1.33e+00 1.33e+00 | 1.03e+00 1.10e+00)
9367(992) (1.49e+00 1.88e+00) XE:1.88e-01 (1.37e+00 1.33e+00 | 1.04e+00 1.10e+00)
9386(1010) (1.23e+00 1.88e+00) XE:1.88e-01 (1.29e+00 1.33e+00 | 1.10e+00 1.10e+00)
9405(999) (1.61e+00 1.88e+00) XE:1.88e-01 (1.34e+00 1.33e+00 | 1.12e+00 1.10e+00)
9424(994) (1.82e+00 1.88e+00) XE:1.88e-01 (1.31e+00 1.33e+00 | 1.01e+00 1.10e+00)
9443(996) (2.00e+00 1.88e+00) XE:1.88e-01 (1.37e+00 1.33e+00 | 1.16e+00 1.10e+00)
9462(1009) (1.96e+00 1.88e+00) XE:1.88e-01 (1.29e+00 1.33e+00 | 1.11e+00 1.10e+00)
9481(1010) (1.58e+00 1.88e+00) XE:1.88e-01 (1.36e+00 1.33e+00 | 1.14e+00 1.10e+00)
9500(1002) (1.75e+00 1.88e+00) XE:1.88e-01 (1.34e+00 1.33e+00 | 1.05e+00 1.10e+00)
9519(1012) (1.69e+00 1.88e+00) XE:1.88e-01 (1.37e+00 1.33e+00 | 1.14e+00 1.10e+00)
9538(996) (1.89e+00 1.88e+00) XE:1.88e-01 (1.30e+00 1.33e+00 | 1.06e+00 1.10e+00)
9557(1011) (1.97e+00 1.88e+00) XE:1.88e-01 (1.36e+00 1.33e+00 | 1.11e+00 1.10e+00)
9576(1021) (1.75e+00 1.88e+00) XE:1.88e-01 (1.35e+00 1.33e+00 | 1.18e+00 1.10e+00)
9595(1003) (1.76e+00 1.88e+00) XE:1.88e-01 (1.39e+00 1.33e+00 | 1.07e+00 1.10e+00)
9614(979) (1.87e+00 1.88e+00) XE:1.88e-01 (1.36e+00 1.33e+00 | 1.10e+00 1.10e+00)
9633(992) (1.53e+00 1.88e+00) XE:1.88e-01 (1.32e+00 1.33e+00 | 1.05e+00 1.10e+00)
9652(994) (1.88e+00 1.88e+00) XE:1.88e-01 (1.30e+00 1.33e+00 | 1.02e+00 1.10e+00)
9671(1001) (1.54e+00 1.88e+00) XE:1.88e-01 (1.34e+00 1.33e+00 | 1.06e+00 1.10e+00)
9690(1025) (1.91e+00 1.88e+00) XE:1.88e-01 (1.29e+00 1.33e+00 | 1.16e+00 1.10e+00)
9709(988) (2.04e+00 1.88e+00) XE:1.88e-01 (1.32e+00 1.33e+00 | 1.22e+00 1.10e+00)
9728(1009) (1.84e+00 1.88e+00) XE:1.88e-01 (1.29e+00 1.33e+00 | 1.09e+00 1.10e+00)
9747(999) (1.67e+00 1.88e+00) XE:1.88e-01 (1.38e+00 1.33e+00 | 1.14e+00 1.10e+00)
9766(999) (2.03e+00 1.88e+00) XE:1.88e-01 (1.31e+00 1.33e+00 | 1.13e+00 1.10e+00)
9785(1017) (1.78e+00 1.88e+00) XE:1.88e-01 (1.34e+00 1.33e+00 | 1.07e+00 1.10e+00)
9804(1001) (1.97e+00 1.88e+00) XE:1.88e-01 (1.39e+00 1.33e+00 | 1.01e+00 1.10e+00)
9823(999) (1.81e+00 1.88e+00) XE:1.88e-01 (1.33e+00 1.33e+00 | 1.00e+00 1.10e+00)
9842(1000) (1.99e+00 1.88e+00) XE:1.88e-01 (1.39e+00 1.33e+00 | 1.22e+00 1.10e+00)
9861(997) (1.55e+00 1.88e+00) XE:1.88e-01 (1.35e+00 1.33e+00 | 1.10e+00 1.10e+00)
9880(993) (2.19e+00 1.88e+00) XE:1.88e-01 (1.32e+00 1.33e+00 | 1.16e+00 1.10e+00)
9899(1014) (1.74e+00 1.88e+00) XE:1.88e-01 (1.34e+00 1.33e+00 | 1.01e+00 1.10e+00)
9917(1011) (1.50e+00 1.88e+00) XE:1.88e-01 (1.35e+00 1.33e+00 | 1.11e+00 1.10e+00)
9936(983) (2.08e+00 1.88e+00) XE:1.88e-01 (1.33e+00 1.33e+00 | 1.15e+00 1.10e+00)
9955(998) (1.94e+00 1.88e+00) XE:1.88e-01 (1.34e+00 1.33e+00 | 1.19e+00 1.10e+00)
9974(996) (2.65e+00 1.88e+00) XE:1.88e-01 (1.35e+00 1.33e+00 | 9.95e-01 1.10e+00)
9993(1010) (1.66e+00 1.88e+00) XE:1.88e-01 (1.36e+00 1.33e+00 | 1.17e+00 1.10e+00)
10000(1003) (1.89e+00 1.88e+00) XE:1.88e-01 (1.31e+00 1.33e+00 | 1.06e+00 1.10e+00)
RL cnt: 0,5624307,1371412,389414,93089,15581,0,0,0,0,0,0,0,0,0,0,
BL cnt: 0,0,0,0,0,0,494509,0,1733404,0,5453387,0,1734305,0,494395,0,0,0,0,0,0,
[00] Th=9.500000e-01: 6.843648e-01 6.826135e-01 : 9.764131e-02
[01] Th=9.000000e-01: 1.634366e+00 1.634826e+00 : 2.335137e-01
[02] Th=8.500000e-01: 2.566976e+00 2.564865e+00 : 3.665601e-01
[03] Th=8.000000e-01: 3.242994e+00 3.242652e+00 : 4.632604e-01
[04] Th=7.500000e-01: 3.587700e+00 3.586860e+00 : 5.124686e-01
[05] Th=7.000000e-01: 3.812249e+00 3.809526e+00 : 5.444125e-01
[06] Th=6.500000e-01: 3.921819e+00 3.919049e+00 : 5.600620e-01
[07] Th=6.000000e-01: 4.167903e+00 4.162699e+00 : 5.950430e-01
[08] Th=5.500000e-01: 4.264638e+00 4.260892e+00 : 6.089664e-01
[09] Th=5.000000e-01: 4.352864e+00 4.348340e+00 : 6.215146e-01
[10] Th=4.500000e-01: 4.679313e+00 4.677081e+00 : 6.683139e-01
[11] Th=4.000000e-01: 4.749754e+00 4.748873e+00 : 6.784733e-01
[12] Th=3.500000e-01: 4.849442e+00 4.847714e+00 : 6.926540e-01
[13] Th=3.000000e-01: 4.990001e+00 4.988020e+00 : 7.127158e-01
[14] Th=2.500000e-01: 5.294291e+00 5.294053e+00 : 7.563103e-01
[15] Th=2.000000e-01: 5.573316e+00 5.574212e+00 : 7.962520e-01
[16] Th=1.500000e-01: 5.688742e+00 5.690539e+00 : 8.128058e-01
[17] Th=1.000000e-01: 5.735450e+00 5.738314e+00 : 8.195546e-01
[18] Th=5.000000e-02: 5.745356e+00 5.748567e+00 : 8.209945e-01
[19] Th=1.000000e-10: 5.745296e+00 5.748535e+00 : 8.209879e-01
# InnerCodebook: deleted
# NBIDSchannel: deleted
# Gtable: deleted
# FBalg4: deleted
# StatICB: deleted
