# InnerCodebook: input ICB/ex01//cb.txt
# InnerCodebook: Nu=6 Nu2p=64 numCW=18 FlgUnique=1 FlgInvertible=1 FlgBalanced=1
# InnerCodebook: Rho=3 (ell,Delta)=(10,2) L0=2
# InnerCodebook: Rst01=4 Rst10=13
# CW
# 000:001011 (2,L2,R2) WL:0 0 1 1 2 3  WR:3 3 3 2 2 1  
# 001:001101 (2,L2,R1) WL:0 0 1 2 2 3  WR:3 3 3 2 1 1  
# 002:001110 (3,L2,R1) WL:0 0 1 2 3 3  WR:3 3 3 2 1 0  
# 003:010011 (2,L1,R2) WL:0 1 1 1 2 3  WR:3 3 2 2 2 1  
# 004:010101 (1,L1,R1) WL:0 1 1 2 2 3  WR:3 3 2 2 1 1  
# 005:010110 (2,L1,R1) WL:0 1 1 2 3 3  WR:3 3 2 2 1 0  
# 006:011001 (2,L1,R1) WL:0 1 2 2 2 3  WR:3 3 2 1 1 1  
# 007:011010 (2,L1,R1) WL:0 1 2 2 3 3  WR:3 3 2 1 1 0  
# 008:011100 (3,L1,R2) WL:0 1 2 3 3 3  WR:3 3 2 1 0 0  
# 009:100011 (3,L1,R2) WL:1 1 1 1 2 3  WR:3 2 2 2 2 1  
# 010:100101 (2,L1,R1) WL:1 1 1 2 2 3  WR:3 2 2 2 1 1  
# 011:100110 (2,L1,R1) WL:1 1 1 2 3 3  WR:3 2 2 2 1 0  
# 012:101001 (2,L1,R1) WL:1 1 2 2 2 3  WR:3 2 2 1 1 1  
# 013:101010 (1,L1,R1) WL:1 1 2 2 3 3  WR:3 2 2 1 1 0  
# 014:101100 (2,L1,R2) WL:1 1 2 3 3 3  WR:3 2 2 1 0 0  
# 015:110001 (3,L2,R1) WL:1 2 2 2 2 3  WR:3 2 1 1 1 1  
# 016:110010 (2,L2,R1) WL:1 2 2 2 3 3  WR:3 2 1 1 1 0  
# 017:110100 (2,L2,R2) WL:1 2 2 3 3 3  WR:3 2 1 1 0 0  
# CWL
# 000B:1 000D:1 000E:1 0013:1 0015:1 0016:1 0019:1 001A:1 001C:1 0023:1 
# 0025:1 0026:1 0029:1 002A:1 002C:1 0031:1 0032:1 0034:1 
# CWI
# 000B:000 000D:001 000E:002 0013:003 0015:004 0016:005 0019:006 001A:007 001C:008 0023:009 
# 0025:010 0026:011 0029:012 002A:013 002C:014 0031:015 0032:016 0034:017 
# Q=18 N=50 Nu=6 Nb=300 (Pi,Pd,Ps)=(4.000000e-03,4.000000e-03,0.000000e+00) [0]
# ICB:   ICB/ex01//cb.txt
# Const: ICB/ex01//constraint.txt
# EncCM: ICB/ex01//EncCM.bin
# ChannelMatrix: ICB/ex01//EncCM.bin (18x18)
# IDSchannel: N=300 (Pi,Pd,Ps)=(4.000000e-03,4.000000e-03,0.000000e+00) (Dmin,Dmax)=(-3,3)
# SLFBAdec: Ns=50 (Nu;Nu2min,Nu2max)=(6(64);3,9) Nb=300 Q=18
# SLFBAdec: (Pi,Pd,Ps,Pt)=(4.000000e-03,4.000000e-03,0.000000e+00,9.920000e-01) (Dmin,Dmax:Drng)=(-3,3:7)
# SLFBAdec: generating GD & GX
# SLFBAdec: generating factor graph
# ChannelMatrix: M=18 N=5832
1000 9555/50000 19 1.911000e-01 : 3.964978e+00 6.334667e-01 3.331511e+00
2000 18917/100000 21 1.891700e-01 : 3.965599e+00 6.397775e-01 3.325821e+00
3000 28347/150000 21 1.889800e-01 : 3.967192e+00 6.445027e-01 3.322689e+00
4000 37878/200000 21 1.893900e-01 : 3.967169e+00 6.482376e-01 3.318931e+00
5000 47450/250000 21 1.898000e-01 : 3.965870e+00 6.502490e-01 3.315620e+00
6000 56745/300000 21 1.891500e-01 : 3.966506e+00 6.502586e-01 3.316247e+00
7000 66199/350000 23 1.891400e-01 : 3.967014e+00 6.504697e-01 3.316544e+00
8000 75561/400000 24 1.889025e-01 : 3.966640e+00 6.507168e-01 3.315924e+00
9000 85121/450000 24 1.891578e-01 : 3.966926e+00 6.516603e-01 3.315266e+00
10000 94505/500000 24 1.890100e-01 : 3.967123e+00 6.521144e-01 3.315009e+00
11000 103894/550000 24 1.888982e-01 : 3.966915e+00 6.521652e-01 3.314750e+00
12000 113260/600000 24 1.887667e-01 : 3.966867e+00 6.522116e-01 3.314655e+00
13000 122765/650000 24 1.888692e-01 : 3.966807e+00 6.528171e-01 3.313990e+00
14000 132118/700000 24 1.887400e-01 : 3.966869e+00 6.527547e-01 3.314114e+00
15000 141698/750000 24 1.889307e-01 : 3.966577e+00 6.534505e-01 3.313126e+00
16000 151114/800000 24 1.888925e-01 : 3.966635e+00 6.537884e-01 3.312847e+00
17000 160554/850000 24 1.888871e-01 : 3.966651e+00 6.539213e-01 3.312729e+00
18000 170077/900000 24 1.889744e-01 : 3.966767e+00 6.542934e-01 3.312473e+00
19000 179536/950000 24 1.889853e-01 : 3.966792e+00 6.543681e-01 3.312424e+00
20000 188967/1000000 24 1.889670e-01 : 3.966703e+00 6.546609e-01 3.312042e+00
21000 198617/1050000 24 1.891590e-01 : 3.966750e+00 6.552012e-01 3.311548e+00
22000 208001/1100000 24 1.890918e-01 : 3.966784e+00 6.554207e-01 3.311363e+00
23000 217480/1150000 24 1.891130e-01 : 3.966848e+00 6.554980e-01 3.311350e+00
24000 227177/1200000 24 1.893142e-01 : 3.966490e+00 6.557602e-01 3.310730e+00
25000 236567/1250000 28 1.892536e-01 : 3.966412e+00 6.556754e-01 3.310737e+00
26000 245957/1300000 28 1.891977e-01 : 3.966433e+00 6.557016e-01 3.310731e+00
27000 255448/1350000 28 1.892207e-01 : 3.966426e+00 6.558506e-01 3.310575e+00
28000 265029/1400000 28 1.893064e-01 : 3.966487e+00 6.564548e-01 3.310032e+00
29000 274509/1450000 28 1.893166e-01 : 3.966388e+00 6.565955e-01 3.309793e+00
30000 284039/1500000 28 1.893593e-01 : 3.966321e+00 6.568023e-01 3.309519e+00
31000 293359/1550000 28 1.892639e-01 : 3.966319e+00 6.565907e-01 3.309728e+00
32000 302961/1600000 28 1.893506e-01 : 3.966453e+00 6.567229e-01 3.309730e+00
33000 312623/1650000 28 1.894685e-01 : 3.966415e+00 6.570757e-01 3.309339e+00
34000 322112/1700000 28 1.894776e-01 : 3.966381e+00 6.571742e-01 3.309207e+00
35000 331659/1750000 28 1.895194e-01 : 3.966553e+00 6.573309e-01 3.309222e+00
36000 341122/1800000 28 1.895122e-01 : 3.966506e+00 6.573941e-01 3.309112e+00
37000 350573/1850000 28 1.894989e-01 : 3.966585e+00 6.574697e-01 3.309115e+00
38000 359963/1900000 28 1.894542e-01 : 3.966430e+00 6.573328e-01 3.309097e+00
39000 369433/1950000 28 1.894528e-01 : 3.966413e+00 6.573418e-01 3.309071e+00
40000 379009/2000000 28 1.895045e-01 : 3.966475e+00 6.576459e-01 3.308829e+00
41000 388631/2050000 28 1.895761e-01 : 3.966573e+00 6.579197e-01 3.308653e+00
42000 398161/2100000 28 1.896005e-01 : 3.966647e+00 6.582031e-01 3.308444e+00
43000 407640/2150000 28 1.896000e-01 : 3.966703e+00 6.582862e-01 3.308417e+00
44000 417120/2200000 28 1.896000e-01 : 3.966675e+00 6.583083e-01 3.308366e+00
45000 426580/2250000 28 1.895911e-01 : 3.966772e+00 6.583688e-01 3.308404e+00
46000 436086/2300000 28 1.896026e-01 : 3.966682e+00 6.585203e-01 3.308162e+00
47000 445534/2350000 28 1.895889e-01 : 3.966625e+00 6.584730e-01 3.308152e+00
48000 455031/2400000 28 1.895962e-01 : 3.966661e+00 6.584610e-01 3.308200e+00
49000 464428/2450000 28 1.895624e-01 : 3.966598e+00 6.584261e-01 3.308172e+00
50000 473998/2500000 28 1.895992e-01 : 3.966596e+00 6.585136e-01 3.308082e+00
51000 483427/2550000 28 1.895792e-01 : 3.966612e+00 6.584094e-01 3.308203e+00
52000 492817/2600000 28 1.895450e-01 : 3.966531e+00 6.582540e-01 3.308278e+00
53000 502152/2650000 28 1.894913e-01 : 3.966517e+00 6.581426e-01 3.308375e+00
54000 511537/2700000 28 1.894581e-01 : 3.966510e+00 6.580665e-01 3.308443e+00
55000 521232/2750000 28 1.895389e-01 : 3.966529e+00 6.582694e-01 3.308259e+00
56000 530677/2800000 28 1.895275e-01 : 3.966467e+00 6.581350e-01 3.308332e+00
57000 540232/2850000 28 1.895551e-01 : 3.966469e+00 6.583142e-01 3.308155e+00
58000 549865/2900000 28 1.896086e-01 : 3.966406e+00 6.584219e-01 3.307984e+00
59000 559340/2950000 28 1.896068e-01 : 3.966341e+00 6.584024e-01 3.307938e+00
60000 568818/3000000 28 1.896060e-01 : 3.966354e+00 6.584324e-01 3.307922e+00
61000 578224/3050000 28 1.895816e-01 : 3.966305e+00 6.584707e-01 3.307834e+00
62000 587713/3100000 28 1.895848e-01 : 3.966368e+00 6.585545e-01 3.307814e+00
63000 597167/3150000 28 1.895768e-01 : 3.966448e+00 6.585502e-01 3.307898e+00
64000 606719/3200000 28 1.895997e-01 : 3.966435e+00 6.587961e-01 3.307639e+00
65000 616194/3250000 28 1.895982e-01 : 3.966419e+00 6.587889e-01 3.307630e+00
66000 625632/3300000 28 1.895855e-01 : 3.966484e+00 6.587681e-01 3.307716e+00
67000 635092/3350000 28 1.895797e-01 : 3.966460e+00 6.586490e-01 3.307811e+00
68000 644579/3400000 28 1.895821e-01 : 3.966491e+00 6.586505e-01 3.307841e+00
69000 654076/3450000 28 1.895872e-01 : 3.966464e+00 6.586527e-01 3.307811e+00
70000 663584/3500000 28 1.895954e-01 : 3.966520e+00 6.586341e-01 3.307886e+00
71000 673140/3550000 28 1.896169e-01 : 3.966479e+00 6.587232e-01 3.307756e+00
72000 682566/3600000 28 1.896017e-01 : 3.966448e+00 6.587017e-01 3.307747e+00
73000 692021/3650000 28 1.895948e-01 : 3.966446e+00 6.586625e-01 3.307783e+00
74000 701599/3700000 28 1.896214e-01 : 3.966478e+00 6.588097e-01 3.307669e+00
75000 710983/3750000 28 1.895955e-01 : 3.966503e+00 6.587612e-01 3.307742e+00
76000 720549/3800000 28 1.896182e-01 : 3.966485e+00 6.589281e-01 3.307557e+00
77000 729997/3850000 28 1.896096e-01 : 3.966520e+00 6.588963e-01 3.307624e+00
78000 739430/3900000 28 1.895974e-01 : 3.966517e+00 6.588961e-01 3.307621e+00
79000 748961/3950000 28 1.896104e-01 : 3.966555e+00 6.589328e-01 3.307622e+00
80000 758492/4000000 28 1.896230e-01 : 3.966572e+00 6.589541e-01 3.307618e+00
81000 768009/4050000 28 1.896319e-01 : 3.966682e+00 6.590946e-01 3.307587e+00
82000 777510/4100000 28 1.896366e-01 : 3.966676e+00 6.591096e-01 3.307566e+00
83000 787006/4150000 28 1.896400e-01 : 3.966717e+00 6.593401e-01 3.307377e+00
84000 796549/4200000 28 1.896545e-01 : 3.966749e+00 6.595097e-01 3.307239e+00
85000 806342/4250000 28 1.897275e-01 : 3.966727e+00 6.597262e-01 3.307001e+00
86000 815825/4300000 28 1.897267e-01 : 3.966721e+00 6.597469e-01 3.306974e+00
87000 825254/4350000 28 1.897136e-01 : 3.966692e+00 6.596244e-01 3.307068e+00
88000 834772/4400000 28 1.897209e-01 : 3.966706e+00 6.596307e-01 3.307075e+00
89000 844136/4450000 28 1.896935e-01 : 3.966731e+00 6.595504e-01 3.307181e+00
90000 853449/4500000 28 1.896553e-01 : 3.966738e+00 6.594492e-01 3.307289e+00
91000 862990/4550000 28 1.896681e-01 : 3.966786e+00 6.594790e-01 3.307307e+00
92000 872398/4600000 28 1.896517e-01 : 3.966810e+00 6.594658e-01 3.307344e+00
93000 881819/4650000 28 1.896385e-01 : 3.966785e+00 6.594507e-01 3.307334e+00
94000 891332/4700000 28 1.896451e-01 : 3.966830e+00 6.595586e-01 3.307272e+00
95000 900950/4750000 28 1.896737e-01 : 3.966867e+00 6.596706e-01 3.307196e+00
96000 910462/4800000 28 1.896796e-01 : 3.966867e+00 6.597157e-01 3.307151e+00
97000 920028/4850000 28 1.896965e-01 : 3.966843e+00 6.597238e-01 3.307119e+00
98000 929534/4900000 28 1.897008e-01 : 3.966887e+00 6.597447e-01 3.307142e+00
99000 938880/4950000 28 1.896727e-01 : 3.966823e+00 6.596641e-01 3.307159e+00
100000 948252/5000000 28 1.896504e-01 : 3.966800e+00 6.596426e-01 3.307158e+00
=== 最終統計結果 ===
総シンボル数: 5000000 個
総エラー数: 948252 個
シンボルエラー率: 0.189650 (18.97%)
1ブロック内最大エラー数: 28 個
実行イテレーション数: 100000 回
1イテレーションあたりのシンボル数: 50 個
平均エラー数/イテレーション: 9.48 個
========================
# InnerCodebook: deleted
# ChannelMatrix: deleted
# IDSchannel: deleted
# SLFBAdec: deleted
# ChannelMatrix: deleted
