# (Pid,Ps)=(2.000000e-02,1.000000e-02) Nseg=200 WinSize=10 lmd=1 [0]
# InnerCB: ../search03/ICB/D12.bin
# Gtable:  Gtable/5/020_010.bin
# InnerCodebook: beta=5(1024) nu=2
# InnerCodebook: B(B2p)=7(128) 6(64) 
# InnerCodebook: checked CWM, EncMap, DecMap
# beta=5(1024) nu=2 N=1000 Dmax=25 WCmax=10000
# B=7,6,
# NBIDSchannel: N=1000 Q=4 Dmax=25 (Pid,Ps)=(2.000000e-02,1.000000e-02)
# FBalg4: Nseg=200 Dmax=25(w=51)
# FBalg4: Gtable: Gtable/5/020_010.bin
# Gtable: beta=5 (Pid,Ps,Ptrn)=(2.000000e-02,1.000000e-02,9.600000e-01) Pth=1.000000e-10
# Gtable: beta4p=1024 beta4pp=1048576
# Gtable::Gtable len=0 cnt=1024
# Gtable::Gtable len=1 cnt=4096
# Gtable::Gtable len=2 cnt=16384
# Gtable::Gtable len=3 cnt=65536
# Gtable::Gtable len=4 cnt=240052
# Gtable::Gtable len=5 cnt=825736
# Gtable::Gtable len=6 cnt=1472656
# Gtable::Gtable len=7 cnt=939544
# Gtable::Gtable len=8 cnt=696352
# Gtable::Gtable len=9 cnt=100348
# Gtable::Gtable len=10 cnt=1024
# FBalg4: beta=5(1024) (Pid,Ps)=(2.000000e-02,1.000000e-02) Pth=1.000000e-10 N=1000
# StatICB: nu=2 beta=5 beta4p=1024 Bsum=13 lmd=1
# StatICB: B=7,6,
0033(999) (9.06e-01 1.22e+00) XE:1.22e-01 (1.20e+00 1.19e+00 | 6.44e-01 6.83e-01)	6.755604e+00 5.781880e+00 : 9.644219e-01
0066(988) (1.52e+00 1.22e+00) XE:1.22e-01 (1.20e+00 1.19e+00 | 6.98e-01 6.84e-01)	6.665307e+00 5.722863e+00 : 9.529362e-01
0099(992) (1.47e+00 1.22e+00) XE:1.22e-01 (1.17e+00 1.19e+00 | 6.88e-01 6.84e-01)	6.618841e+00 5.688864e+00 : 9.467465e-01
0132(989) (1.24e+00 1.23e+00) XE:1.23e-01 (1.19e+00 1.19e+00 | 6.50e-01 6.86e-01)	6.574310e+00 5.655914e+00 : 9.407865e-01
0165(982) (1.66e+00 1.23e+00) XE:1.23e-01 (1.18e+00 1.19e+00 | 7.23e-01 6.85e-01)	6.537442e+00 5.634728e+00 : 9.363208e-01
0198(995) (1.25e+00 1.24e+00) XE:1.24e-01 (1.20e+00 1.19e+00 | 7.04e-01 6.84e-01)	6.514812e+00 5.609180e+00 : 9.326147e-01
0230(999) (1.50e+00 1.25e+00) XE:1.25e-01 (1.20e+00 1.19e+00 | 6.92e-01 6.85e-01)	6.498191e+00 5.592790e+00 : 9.300755e-01
0263(1001) (1.22e+00 1.25e+00) XE:1.25e-01 (1.22e+00 1.19e+00 | 6.98e-01 6.86e-01)	6.484289e+00 5.581458e+00 : 9.281344e-01
0296(1002) (1.36e+00 1.25e+00) XE:1.25e-01 (1.19e+00 1.19e+00 | 7.33e-01 6.87e-01)	6.471641e+00 5.566363e+00 : 9.260003e-01
0329(1000) (1.55e+00 1.25e+00) XE:1.25e-01 (1.19e+00 1.19e+00 | 7.63e-01 6.88e-01)	6.461169e+00 5.561330e+00 : 9.248076e-01
0362(1007) (1.31e+00 1.25e+00) XE:1.25e-01 (1.18e+00 1.19e+00 | 6.40e-01 6.88e-01)	6.446310e+00 5.553532e+00 : 9.230648e-01
0395(991) (1.49e+00 1.25e+00) XE:1.25e-01 (1.19e+00 1.19e+00 | 7.43e-01 6.87e-01)	6.434948e+00 5.547247e+00 : 9.217073e-01
0428(999) (1.22e+00 1.25e+00) XE:1.25e-01 (1.20e+00 1.19e+00 | 7.69e-01 6.88e-01)	6.427710e+00 5.541173e+00 : 9.206833e-01
0461(1004) (1.18e+00 1.25e+00) XE:1.25e-01 (1.19e+00 1.19e+00 | 7.14e-01 6.88e-01)	6.421038e+00 5.538540e+00 : 9.199676e-01
0493(1001) (9.61e-01 1.25e+00) XE:1.25e-01 (1.19e+00 1.19e+00 | 7.51e-01 6.88e-01)	6.416205e+00 5.533310e+00 : 9.191935e-01
0526(1013) (1.09e+00 1.25e+00) XE:1.25e-01 (1.21e+00 1.19e+00 | 7.37e-01 6.88e-01)	6.410995e+00 5.530318e+00 : 9.185626e-01
0559(994) (1.31e+00 1.25e+00) XE:1.25e-01 (1.20e+00 1.19e+00 | 7.79e-01 6.88e-01)	6.406663e+00 5.529581e+00 : 9.181726e-01
0592(1000) (1.33e+00 1.25e+00) XE:1.25e-01 (1.19e+00 1.19e+00 | 7.06e-01 6.89e-01)	6.404076e+00 5.525292e+00 : 9.176437e-01
0625(997) (1.22e+00 1.25e+00) XE:1.25e-01 (1.20e+00 1.19e+00 | 7.00e-01 6.89e-01)	6.397783e+00 5.523272e+00 : 9.170042e-01
0658(997) (1.17e+00 1.26e+00) XE:1.26e-01 (1.21e+00 1.19e+00 | 6.68e-01 6.89e-01)	6.391589e+00 5.520392e+00 : 9.163063e-01
0691(1006) (8.41e-01 1.26e+00) XE:1.26e-01 (1.19e+00 1.19e+00 | 7.27e-01 6.88e-01)	6.385142e+00 5.517160e+00 : 9.155617e-01
0724(1003) (1.31e+00 1.26e+00) XE:1.26e-01 (1.18e+00 1.19e+00 | 7.14e-01 6.88e-01)	6.381010e+00 5.514977e+00 : 9.150760e-01
0757(1009) (9.70e-01 1.26e+00) XE:1.26e-01 (1.18e+00 1.19e+00 | 7.75e-01 6.89e-01)	6.376202e+00 5.511140e+00 : 9.144109e-01
0789(1000) (1.14e+00 1.26e+00) XE:1.26e-01 (1.18e+00 1.19e+00 | 6.92e-01 6.88e-01)	6.374819e+00 5.508671e+00 : 9.141146e-01
0822(995) (1.39e+00 1.26e+00) XE:1.26e-01 (1.20e+00 1.19e+00 | 6.88e-01 6.88e-01)	6.374124e+00 5.509242e+00 : 9.141051e-01
0855(999) (1.08e+00 1.26e+00) XE:1.26e-01 (1.18e+00 1.19e+00 | 7.16e-01 6.88e-01)	6.373163e+00 5.507219e+00 : 9.138755e-01
0888(990) (1.52e+00 1.26e+00) XE:1.26e-01 (1.17e+00 1.19e+00 | 6.72e-01 6.88e-01)	6.370983e+00 5.505975e+00 : 9.136122e-01
0921(1007) (8.71e-01 1.26e+00) XE:1.26e-01 (1.22e+00 1.19e+00 | 7.65e-01 6.88e-01)	6.370778e+00 5.506160e+00 : 9.136106e-01
0954(984) (1.44e+00 1.26e+00) XE:1.26e-01 (1.16e+00 1.19e+00 | 6.70e-01 6.88e-01)	6.369573e+00 5.506010e+00 : 9.135064e-01
0987(1003) (1.31e+00 1.26e+00) XE:1.26e-01 (1.19e+00 1.19e+00 | 6.66e-01 6.89e-01)	6.366029e+00 5.504877e+00 : 9.131466e-01
1020(998) (1.33e+00 1.26e+00) XE:1.26e-01 (1.21e+00 1.19e+00 | 6.98e-01 6.88e-01)	6.365316e+00 5.503774e+00 : 9.130069e-01
1052(998) (1.42e+00 1.26e+00) XE:1.26e-01 (1.19e+00 1.19e+00 | 6.74e-01 6.88e-01)	6.363973e+00 5.503404e+00 : 9.128751e-01
1085(1006) (1.48e+00 1.26e+00) XE:1.26e-01 (1.19e+00 1.19e+00 | 6.56e-01 6.88e-01)	6.361892e+00 5.501840e+00 : 9.125948e-01
1118(992) (1.57e+00 1.26e+00) XE:1.26e-01 (1.17e+00 1.19e+00 | 6.86e-01 6.88e-01)	6.360981e+00 5.499786e+00 : 9.123666e-01
1151(1006) (1.03e+00 1.26e+00) XE:1.26e-01 (1.21e+00 1.19e+00 | 6.92e-01 6.88e-01)	6.360580e+00 5.498880e+00 : 9.122662e-01
1184(1007) (1.15e+00 1.25e+00) XE:1.25e-01 (1.20e+00 1.19e+00 | 7.02e-01 6.88e-01)	6.359246e+00 5.499569e+00 : 9.122166e-01
1217(1003) (1.13e+00 1.25e+00) XE:1.25e-01 (1.19e+00 1.19e+00 | 6.42e-01 6.88e-01)	6.357575e+00 5.498652e+00 : 9.120175e-01
1250(994) (1.11e+00 1.25e+00) XE:1.25e-01 (1.18e+00 1.19e+00 | 7.33e-01 6.88e-01)	6.356759e+00 5.498147e+00 : 9.119158e-01
1283(1002) (1.49e+00 1.25e+00) XE:1.25e-01 (1.17e+00 1.19e+00 | 7.06e-01 6.89e-01)	6.355823e+00 5.497782e+00 : 9.118157e-01
1315(1005) (1.42e+00 1.25e+00) XE:1.25e-01 (1.18e+00 1.19e+00 | 6.50e-01 6.88e-01)	6.353473e+00 5.497592e+00 : 9.116204e-01
1348(992) (9.39e-01 1.25e+00) XE:1.25e-01 (1.19e+00 1.19e+00 | 7.10e-01 6.88e-01)	6.352962e+00 5.497163e+00 : 9.115481e-01
1381(1003) (1.15e+00 1.25e+00) XE:1.25e-01 (1.19e+00 1.19e+00 | 6.88e-01 6.88e-01)	6.352035e+00 5.496659e+00 : 9.114380e-01
1414(999) (1.45e+00 1.25e+00) XE:1.25e-01 (1.17e+00 1.19e+00 | 6.44e-01 6.89e-01)	6.350960e+00 5.496672e+00 : 9.113563e-01
1447(1004) (1.17e+00 1.25e+00) XE:1.25e-01 (1.18e+00 1.19e+00 | 6.54e-01 6.89e-01)	6.350027e+00 5.495907e+00 : 9.112257e-01
1480(1004) (1.03e+00 1.25e+00) XE:1.25e-01 (1.17e+00 1.19e+00 | 6.50e-01 6.89e-01)	6.348747e+00 5.494613e+00 : 9.110277e-01
1513(997) (1.39e+00 1.25e+00) XE:1.25e-01 (1.17e+00 1.19e+00 | 7.04e-01 6.89e-01)	6.347736e+00 5.494386e+00 : 9.109325e-01
1546(997) (1.11e+00 1.25e+00) XE:1.25e-01 (1.19e+00 1.19e+00 | 7.75e-01 6.89e-01)	6.345910e+00 5.492559e+00 : 9.106515e-01
1578(1000) (1.26e+00 1.25e+00) XE:1.25e-01 (1.21e+00 1.19e+00 | 6.72e-01 6.88e-01)	6.344884e+00 5.491740e+00 : 9.105095e-01
1611(1006) (8.45e-01 1.25e+00) XE:1.25e-01 (1.21e+00 1.19e+00 | 7.65e-01 6.88e-01)	6.344166e+00 5.491429e+00 : 9.104304e-01
1644(997) (1.09e+00 1.25e+00) XE:1.25e-01 (1.17e+00 1.19e+00 | 7.27e-01 6.88e-01)	6.342608e+00 5.491258e+00 : 9.102973e-01
1677(999) (1.18e+00 1.25e+00) XE:1.25e-01 (1.20e+00 1.19e+00 | 7.63e-01 6.89e-01)	6.342437e+00 5.491154e+00 : 9.102762e-01
1710(1003) (9.43e-01 1.25e+00) XE:1.25e-01 (1.20e+00 1.19e+00 | 6.34e-01 6.88e-01)	6.341883e+00 5.490721e+00 : 9.102003e-01
1743(998) (1.19e+00 1.25e+00) XE:1.25e-01 (1.19e+00 1.19e+00 | 6.34e-01 6.88e-01)	6.341737e+00 5.490804e+00 : 9.101955e-01
1776(1011) (1.39e+00 1.25e+00) XE:1.25e-01 (1.19e+00 1.19e+00 | 6.68e-01 6.88e-01)	6.341838e+00 5.489796e+00 : 9.101257e-01
1809(1006) (1.40e+00 1.25e+00) XE:1.25e-01 (1.23e+00 1.19e+00 | 7.53e-01 6.88e-01)	6.340019e+00 5.488539e+00 : 9.098891e-01
1842(1000) (9.56e-01 1.25e+00) XE:1.25e-01 (1.18e+00 1.19e+00 | 6.18e-01 6.88e-01)	6.339809e+00 5.488239e+00 : 9.098498e-01
1874(1004) (1.39e+00 1.25e+00) XE:1.25e-01 (1.16e+00 1.19e+00 | 6.54e-01 6.88e-01)	6.339222e+00 5.487798e+00 : 9.097708e-01
1907(996) (1.41e+00 1.25e+00) XE:1.25e-01 (1.21e+00 1.19e+00 | 7.00e-01 6.88e-01)	6.338038e+00 5.487252e+00 : 9.096377e-01
1940(1010) (6.57e-01 1.25e+00) XE:1.25e-01 (1.18e+00 1.19e+00 | 6.66e-01 6.88e-01)	6.337692e+00 5.487013e+00 : 9.095927e-01
1973(995) (1.31e+00 1.25e+00) XE:1.25e-01 (1.20e+00 1.19e+00 | 6.78e-01 6.88e-01)	6.335699e+00 5.487239e+00 : 9.094568e-01
2006(1007) (1.19e+00 1.25e+00) XE:1.25e-01 (1.16e+00 1.19e+00 | 6.98e-01 6.88e-01)	6.335563e+00 5.487029e+00 : 9.094301e-01
2039(1003) (1.93e+00 1.25e+00) XE:1.25e-01 (1.19e+00 1.19e+00 | 6.07e-01 6.88e-01)	6.335592e+00 5.486106e+00 : 9.093614e-01
2072(997) (8.59e-01 1.25e+00) XE:1.25e-01 (1.14e+00 1.19e+00 | 6.52e-01 6.88e-01)	6.334881e+00 5.485150e+00 : 9.092332e-01
2105(999) (1.59e+00 1.26e+00) XE:1.26e-01 (1.18e+00 1.19e+00 | 6.84e-01 6.88e-01)	6.333558e+00 5.484316e+00 : 9.090672e-01
2138(994) (1.44e+00 1.26e+00) XE:1.26e-01 (1.20e+00 1.19e+00 | 6.62e-01 6.88e-01)	6.332502e+00 5.484089e+00 : 9.089685e-01
2170(997) (1.28e+00 1.26e+00) XE:1.26e-01 (1.17e+00 1.19e+00 | 6.60e-01 6.88e-01)	6.332154e+00 5.483723e+00 : 9.089136e-01
2203(996) (1.39e+00 1.26e+00) XE:1.26e-01 (1.17e+00 1.19e+00 | 6.86e-01 6.88e-01)	6.331557e+00 5.483174e+00 : 9.088255e-01
2236(1017) (1.40e+00 1.26e+00) XE:1.26e-01 (1.19e+00 1.19e+00 | 7.29e-01 6.88e-01)	6.331264e+00 5.482087e+00 : 9.087193e-01
2269(1007) (1.19e+00 1.26e+00) XE:1.26e-01 (1.20e+00 1.19e+00 | 7.41e-01 6.88e-01)	6.331177e+00 5.481804e+00 : 9.086908e-01
2302(990) (1.29e+00 1.26e+00) XE:1.26e-01 (1.17e+00 1.19e+00 | 6.46e-01 6.88e-01)	6.331241e+00 5.481754e+00 : 9.086919e-01
2335(995) (1.19e+00 1.26e+00) XE:1.26e-01 (1.18e+00 1.19e+00 | 6.78e-01 6.88e-01)	6.331322e+00 5.481902e+00 : 9.087095e-01
2368(996) (1.33e+00 1.26e+00) XE:1.26e-01 (1.19e+00 1.19e+00 | 6.44e-01 6.88e-01)	6.331045e+00 5.480887e+00 : 9.086102e-01
2400(993) (1.54e+00 1.26e+00) XE:1.26e-01 (1.17e+00 1.19e+00 | 7.14e-01 6.88e-01)	6.330700e+00 5.480603e+00 : 9.085618e-01
2433(1008) (1.13e+00 1.26e+00) XE:1.26e-01 (1.19e+00 1.19e+00 | 6.94e-01 6.88e-01)	6.330183e+00 5.480512e+00 : 9.085150e-01
2466(1000) (1.04e+00 1.26e+00) XE:1.26e-01 (1.18e+00 1.19e+00 | 7.57e-01 6.88e-01)	6.330154e+00 5.480605e+00 : 9.085199e-01
2499(1004) (1.05e+00 1.26e+00) XE:1.26e-01 (1.18e+00 1.19e+00 | 6.70e-01 6.88e-01)	6.329331e+00 5.480021e+00 : 9.084116e-01
2532(999) (1.47e+00 1.26e+00) XE:1.26e-01 (1.18e+00 1.19e+00 | 6.34e-01 6.88e-01)	6.329248e+00 5.479440e+00 : 9.083606e-01
2565(998) (1.28e+00 1.26e+00) XE:1.26e-01 (1.19e+00 1.19e+00 | 7.39e-01 6.88e-01)	6.328654e+00 5.479288e+00 : 9.083032e-01
2598(999) (1.44e+00 1.26e+00) XE:1.26e-01 (1.17e+00 1.19e+00 | 6.98e-01 6.88e-01)	6.327789e+00 5.478769e+00 : 9.081968e-01
2631(996) (1.35e+00 1.26e+00) XE:1.26e-01 (1.17e+00 1.19e+00 | 6.48e-01 6.88e-01)	6.327135e+00 5.478004e+00 : 9.080876e-01
2664(1003) (1.06e+00 1.26e+00) XE:1.26e-01 (1.19e+00 1.19e+00 | 6.30e-01 6.88e-01)	6.327038e+00 5.478293e+00 : 9.081024e-01
2696(1000) (1.38e+00 1.26e+00) XE:1.26e-01 (1.19e+00 1.19e+00 | 7.08e-01 6.88e-01)	6.326585e+00 5.477989e+00 : 9.080442e-01
2729(1002) (1.61e+00 1.26e+00) XE:1.26e-01 (1.18e+00 1.19e+00 | 6.86e-01 6.88e-01)	6.326184e+00 5.477579e+00 : 9.079818e-01
2762(996) (1.19e+00 1.26e+00) XE:1.26e-01 (1.19e+00 1.19e+00 | 6.86e-01 6.88e-01)	6.326080e+00 5.476915e+00 : 9.079227e-01
2795(1004) (1.32e+00 1.26e+00) XE:1.26e-01 (1.19e+00 1.19e+00 | 6.78e-01 6.88e-01)	6.325672e+00 5.476570e+00 : 9.078648e-01
2828(990) (1.61e+00 1.26e+00) XE:1.26e-01 (1.19e+00 1.19e+00 | 7.59e-01 6.88e-01)	6.324902e+00 5.476424e+00 : 9.077943e-01
2861(1006) (8.36e-01 1.26e+00) XE:1.26e-01 (1.18e+00 1.19e+00 | 6.64e-01 6.88e-01)	6.324388e+00 5.476623e+00 : 9.077701e-01
2894(997) (1.34e+00 1.26e+00) XE:1.26e-01 (1.16e+00 1.19e+00 | 6.30e-01 6.88e-01)	6.323652e+00 5.475807e+00 : 9.076507e-01
2926(1000) (1.19e+00 1.26e+00) XE:1.26e-01 (1.19e+00 1.19e+00 | 6.82e-01 6.88e-01)	6.323124e+00 5.475616e+00 : 9.075954e-01
2959(1007) (9.56e-01 1.26e+00) XE:1.26e-01 (1.19e+00 1.19e+00 | 6.56e-01 6.88e-01)	6.323254e+00 5.475775e+00 : 9.076176e-01
2992(1001) (1.55e+00 1.26e+00) XE:1.26e-01 (1.19e+00 1.19e+00 | 6.68e-01 6.88e-01)	6.322308e+00 5.476006e+00 : 9.075626e-01
3025(1005) (1.13e+00 1.26e+00) XE:1.26e-01 (1.21e+00 1.19e+00 | 6.78e-01 6.88e-01)	6.321918e+00 5.476062e+00 : 9.075369e-01
3058(996) (1.03e+00 1.26e+00) XE:1.26e-01 (1.16e+00 1.19e+00 | 6.70e-01 6.88e-01)	6.321090e+00 5.475799e+00 : 9.074530e-01
3091(1008) (1.14e+00 1.26e+00) XE:1.26e-01 (1.19e+00 1.19e+00 | 6.70e-01 6.88e-01)	6.321053e+00 5.475755e+00 : 9.074468e-01
3124(1005) (1.49e+00 1.26e+00) XE:1.26e-01 (1.19e+00 1.19e+00 | 7.00e-01 6.88e-01)	6.320932e+00 5.475465e+00 : 9.074151e-01
3157(989) (1.46e+00 1.26e+00) XE:1.26e-01 (1.21e+00 1.19e+00 | 6.56e-01 6.88e-01)	6.319796e+00 5.475112e+00 : 9.073006e-01
3190(1000) (1.08e+00 1.26e+00) XE:1.26e-01 (1.18e+00 1.19e+00 | 6.88e-01 6.88e-01)	6.319013e+00 5.474755e+00 : 9.072130e-01
3222(994) (1.38e+00 1.26e+00) XE:1.26e-01 (1.19e+00 1.19e+00 | 6.66e-01 6.88e-01)	6.318772e+00 5.474506e+00 : 9.071752e-01
3255(1009) (1.27e+00 1.26e+00) XE:1.26e-01 (1.19e+00 1.19e+00 | 6.82e-01 6.88e-01)	6.318485e+00 5.474046e+00 : 9.071177e-01
3288(997) (1.41e+00 1.26e+00) XE:1.26e-01 (1.16e+00 1.19e+00 | 7.53e-01 6.88e-01)	6.318641e+00 5.473865e+00 : 9.071159e-01
3321(1004) (1.67e+00 1.26e+00) XE:1.26e-01 (1.18e+00 1.19e+00 | 7.14e-01 6.88e-01)	6.318831e+00 5.473363e+00 : 9.070919e-01
3354(1001) (1.12e+00 1.26e+00) XE:1.26e-01 (1.18e+00 1.19e+00 | 6.84e-01 6.88e-01)	6.318348e+00 5.473021e+00 : 9.070284e-01
3387(996) (1.39e+00 1.26e+00) XE:1.26e-01 (1.18e+00 1.19e+00 | 6.98e-01 6.88e-01)	6.318022e+00 5.473178e+00 : 9.070154e-01
3420(987) (1.51e+00 1.26e+00) XE:1.26e-01 (1.18e+00 1.19e+00 | 7.23e-01 6.88e-01)	6.317530e+00 5.472844e+00 : 9.069519e-01
3453(1008) (9.88e-01 1.26e+00) XE:1.26e-01 (1.16e+00 1.19e+00 | 6.52e-01 6.88e-01)	6.317251e+00 5.473021e+00 : 9.069440e-01
3486(996) (1.20e+00 1.26e+00) XE:1.26e-01 (1.19e+00 1.19e+00 | 6.58e-01 6.88e-01)	6.316698e+00 5.472831e+00 : 9.068869e-01
3518(1002) (1.17e+00 1.26e+00) XE:1.26e-01 (1.18e+00 1.19e+00 | 7.29e-01 6.88e-01)	6.317141e+00 5.472842e+00 : 9.069218e-01
3551(999) (1.33e+00 1.26e+00) XE:1.26e-01 (1.19e+00 1.19e+00 | 6.70e-01 6.88e-01)	6.316973e+00 5.472863e+00 : 9.069105e-01
3584(1008) (1.11e+00 1.26e+00) XE:1.26e-01 (1.19e+00 1.19e+00 | 6.68e-01 6.88e-01)	6.316764e+00 5.472864e+00 : 9.068945e-01
3617(993) (1.61e+00 1.26e+00) XE:1.26e-01 (1.19e+00 1.19e+00 | 7.33e-01 6.88e-01)	6.316294e+00 5.472733e+00 : 9.068483e-01
3650(993) (1.20e+00 1.26e+00) XE:1.26e-01 (1.17e+00 1.19e+00 | 6.80e-01 6.88e-01)	6.316364e+00 5.472788e+00 : 9.068579e-01
3683(1001) (1.04e+00 1.26e+00) XE:1.26e-01 (1.17e+00 1.19e+00 | 6.50e-01 6.88e-01)	6.316436e+00 5.472487e+00 : 9.068402e-01
3716(1005) (1.31e+00 1.26e+00) XE:1.26e-01 (1.19e+00 1.19e+00 | 6.68e-01 6.88e-01)	6.316002e+00 5.472283e+00 : 9.067911e-01
3749(999) (1.07e+00 1.26e+00) XE:1.26e-01 (1.17e+00 1.19e+00 | 7.08e-01 6.88e-01)	6.315556e+00 5.471828e+00 : 9.067219e-01
3782(995) (1.24e+00 1.26e+00) XE:1.26e-01 (1.20e+00 1.19e+00 | 7.79e-01 6.87e-01)	6.315187e+00 5.471498e+00 : 9.066680e-01
3814(998) (1.24e+00 1.26e+00) XE:1.26e-01 (1.20e+00 1.19e+00 | 6.90e-01 6.87e-01)	6.315017e+00 5.471605e+00 : 9.066632e-01
3847(1004) (1.18e+00 1.26e+00) XE:1.26e-01 (1.18e+00 1.19e+00 | 7.23e-01 6.87e-01)	6.315049e+00 5.471459e+00 : 9.066545e-01
3880(1004) (1.54e+00 1.26e+00) XE:1.26e-01 (1.17e+00 1.19e+00 | 6.16e-01 6.87e-01)	6.314377e+00 5.471496e+00 : 9.066056e-01
3913(992) (1.39e+00 1.26e+00) XE:1.26e-01 (1.16e+00 1.19e+00 | 6.90e-01 6.87e-01)	6.314300e+00 5.471221e+00 : 9.065785e-01
3946(1004) (9.79e-01 1.26e+00) XE:1.26e-01 (1.21e+00 1.19e+00 | 7.18e-01 6.87e-01)	6.313757e+00 5.471052e+00 : 9.065238e-01
3979(1001) (1.14e+00 1.26e+00) XE:1.26e-01 (1.19e+00 1.19e+00 | 6.94e-01 6.87e-01)	6.313744e+00 5.470736e+00 : 9.064985e-01
4012(1003) (1.25e+00 1.26e+00) XE:1.26e-01 (1.20e+00 1.19e+00 | 7.35e-01 6.87e-01)	6.313270e+00 5.470524e+00 : 9.064457e-01
4045(1005) (1.14e+00 1.26e+00) XE:1.26e-01 (1.22e+00 1.19e+00 | 7.87e-01 6.87e-01)	6.313480e+00 5.470490e+00 : 9.064592e-01
4078(990) (1.08e+00 1.26e+00) XE:1.26e-01 (1.20e+00 1.19e+00 | 6.18e-01 6.87e-01)	6.313767e+00 5.470159e+00 : 9.064558e-01
4111(998) (1.27e+00 1.26e+00) XE:1.26e-01 (1.17e+00 1.19e+00 | 6.80e-01 6.87e-01)	6.313596e+00 5.469816e+00 : 9.064164e-01
4143(997) (1.14e+00 1.26e+00) XE:1.26e-01 (1.17e+00 1.19e+00 | 6.42e-01 6.87e-01)	6.313269e+00 5.469664e+00 : 9.063794e-01
4176(1005) (9.73e-01 1.26e+00) XE:1.26e-01 (1.20e+00 1.19e+00 | 6.60e-01 6.87e-01)	6.312954e+00 5.469557e+00 : 9.063470e-01
4209(1003) (1.31e+00 1.26e+00) XE:1.26e-01 (1.17e+00 1.19e+00 | 6.82e-01 6.87e-01)	6.312466e+00 5.469600e+00 : 9.063128e-01
4242(999) (1.29e+00 1.26e+00) XE:1.26e-01 (1.22e+00 1.19e+00 | 7.23e-01 6.87e-01)	6.312602e+00 5.469366e+00 : 9.063052e-01
4275(991) (1.55e+00 1.26e+00) XE:1.26e-01 (1.21e+00 1.19e+00 | 6.80e-01 6.87e-01)	6.312671e+00 5.468947e+00 : 9.062783e-01
4308(999) (1.39e+00 1.26e+00) XE:1.26e-01 (1.18e+00 1.19e+00 | 7.12e-01 6.87e-01)	6.312729e+00 5.468690e+00 : 9.062630e-01
4341(996) (1.45e+00 1.26e+00) XE:1.26e-01 (1.21e+00 1.19e+00 | 6.92e-01 6.87e-01)	6.312566e+00 5.468762e+00 : 9.062560e-01
4374(1013) (1.09e+00 1.26e+00) XE:1.26e-01 (1.21e+00 1.19e+00 | 6.88e-01 6.87e-01)	6.312511e+00 5.468307e+00 : 9.062168e-01
4407(1004) (1.42e+00 1.26e+00) XE:1.26e-01 (1.18e+00 1.19e+00 | 6.74e-01 6.87e-01)	6.312227e+00 5.468179e+00 : 9.061850e-01
4439(1011) (1.31e+00 1.26e+00) XE:1.26e-01 (1.20e+00 1.19e+00 | 6.90e-01 6.87e-01)	6.312088e+00 5.468251e+00 : 9.061799e-01
4472(997) (8.98e-01 1.26e+00) XE:1.26e-01 (1.21e+00 1.19e+00 | 7.25e-01 6.87e-01)	6.311805e+00 5.468200e+00 : 9.061542e-01
4505(989) (1.51e+00 1.26e+00) XE:1.26e-01 (1.21e+00 1.19e+00 | 7.59e-01 6.88e-01)	6.311830e+00 5.468313e+00 : 9.061648e-01
4538(1006) (1.42e+00 1.26e+00) XE:1.26e-01 (1.19e+00 1.19e+00 | 6.74e-01 6.88e-01)	6.311610e+00 5.468472e+00 : 9.061601e-01
4571(999) (9.69e-01 1.26e+00) XE:1.26e-01 (1.18e+00 1.19e+00 | 6.62e-01 6.88e-01)	6.311230e+00 5.468480e+00 : 9.061316e-01
4604(1003) (1.09e+00 1.26e+00) XE:1.26e-01 (1.21e+00 1.19e+00 | 6.64e-01 6.88e-01)	6.310975e+00 5.468645e+00 : 9.061247e-01
4637(1001) (1.11e+00 1.26e+00) XE:1.26e-01 (1.17e+00 1.19e+00 | 6.98e-01 6.88e-01)	6.310597e+00 5.468290e+00 : 9.060683e-01
4670(995) (1.22e+00 1.26e+00) XE:1.26e-01 (1.19e+00 1.19e+00 | 6.82e-01 6.88e-01)	6.310436e+00 5.468408e+00 : 9.060649e-01
4702(995) (1.18e+00 1.26e+00) XE:1.26e-01 (1.17e+00 1.19e+00 | 6.86e-01 6.88e-01)	6.310241e+00 5.468153e+00 : 9.060303e-01
4735(999) (1.44e+00 1.26e+00) XE:1.26e-01 (1.20e+00 1.19e+00 | 6.54e-01 6.88e-01)	6.310075e+00 5.467997e+00 : 9.060056e-01
4768(1002) (7.42e-01 1.26e+00) XE:1.26e-01 (1.18e+00 1.19e+00 | 6.68e-01 6.88e-01)	6.309945e+00 5.467916e+00 : 9.059893e-01
4801(994) (1.30e+00 1.26e+00) XE:1.26e-01 (1.18e+00 1.19e+00 | 6.82e-01 6.88e-01)	6.309746e+00 5.467778e+00 : 9.059634e-01
4834(1005) (1.13e+00 1.26e+00) XE:1.26e-01 (1.19e+00 1.19e+00 | 7.25e-01 6.88e-01)	6.309415e+00 5.467661e+00 : 9.059290e-01
4867(998) (1.54e+00 1.26e+00) XE:1.26e-01 (1.21e+00 1.19e+00 | 7.16e-01 6.87e-01)	6.309127e+00 5.467320e+00 : 9.058805e-01
4900(1015) (9.47e-01 1.26e+00) XE:1.26e-01 (1.19e+00 1.19e+00 | 6.52e-01 6.87e-01)	6.308875e+00 5.467090e+00 : 9.058435e-01
4933(1000) (1.35e+00 1.26e+00) XE:1.26e-01 (1.19e+00 1.19e+00 | 7.12e-01 6.87e-01)	6.308760e+00 5.466693e+00 : 9.058041e-01
4965(1001) (1.04e+00 1.26e+00) XE:1.26e-01 (1.17e+00 1.19e+00 | 6.86e-01 6.87e-01)	6.308439e+00 5.466109e+00 : 9.057345e-01
4998(998) (1.41e+00 1.26e+00) XE:1.26e-01 (1.18e+00 1.19e+00 | 6.56e-01 6.87e-01)	6.308381e+00 5.465947e+00 : 9.057175e-01
5031(1008) (1.32e+00 1.26e+00) XE:1.26e-01 (1.19e+00 1.19e+00 | 6.74e-01 6.87e-01)	6.308241e+00 5.465830e+00 : 9.056978e-01
5064(1003) (1.42e+00 1.26e+00) XE:1.26e-01 (1.18e+00 1.19e+00 | 6.34e-01 6.87e-01)	6.308268e+00 5.465584e+00 : 9.056809e-01
5097(1007) (1.12e+00 1.26e+00) XE:1.26e-01 (1.16e+00 1.19e+00 | 6.72e-01 6.88e-01)	6.307848e+00 5.465337e+00 : 9.056296e-01
5130(1006) (1.27e+00 1.26e+00) XE:1.26e-01 (1.20e+00 1.19e+00 | 6.34e-01 6.88e-01)	6.307888e+00 5.465434e+00 : 9.056401e-01
5163(1000) (1.20e+00 1.26e+00) XE:1.26e-01 (1.21e+00 1.19e+00 | 7.00e-01 6.88e-01)	6.307972e+00 5.465413e+00 : 9.056450e-01
5196(996) (9.72e-01 1.26e+00) XE:1.26e-01 (1.19e+00 1.19e+00 | 6.96e-01 6.87e-01)	6.307818e+00 5.465475e+00 : 9.056380e-01
5228(996) (1.49e+00 1.26e+00) XE:1.26e-01 (1.19e+00 1.19e+00 | 7.14e-01 6.87e-01)	6.307862e+00 5.465460e+00 : 9.056402e-01
5261(1005) (1.28e+00 1.26e+00) XE:1.26e-01 (1.23e+00 1.19e+00 | 7.41e-01 6.88e-01)	6.307731e+00 5.465296e+00 : 9.056174e-01
5294(999) (1.25e+00 1.26e+00) XE:1.26e-01 (1.19e+00 1.19e+00 | 7.61e-01 6.88e-01)	6.307603e+00 5.465224e+00 : 9.056021e-01
5327(999) (1.37e+00 1.26e+00) XE:1.26e-01 (1.21e+00 1.19e+00 | 6.50e-01 6.88e-01)	6.307433e+00 5.465104e+00 : 9.055798e-01
5360(1011) (1.08e+00 1.26e+00) XE:1.26e-01 (1.17e+00 1.19e+00 | 7.06e-01 6.88e-01)	6.307060e+00 5.464967e+00 : 9.055406e-01
5393(994) (1.26e+00 1.26e+00) XE:1.26e-01 (1.19e+00 1.19e+00 | 7.51e-01 6.88e-01)	6.306837e+00 5.464842e+00 : 9.055138e-01
5426(1004) (1.11e+00 1.26e+00) XE:1.26e-01 (1.18e+00 1.19e+00 | 6.70e-01 6.88e-01)	6.306473e+00 5.464677e+00 : 9.054731e-01
5458(1000) (1.50e+00 1.26e+00) XE:1.26e-01 (1.20e+00 1.19e+00 | 7.18e-01 6.88e-01)	6.306757e+00 5.464902e+00 : 9.055123e-01
5491(1003) (9.64e-01 1.26e+00) XE:1.26e-01 (1.18e+00 1.19e+00 | 6.38e-01 6.88e-01)	6.306612e+00 5.464750e+00 : 9.054894e-01
5524(999) (1.14e+00 1.26e+00) XE:1.26e-01 (1.18e+00 1.19e+00 | 6.92e-01 6.88e-01)	6.306581e+00 5.464585e+00 : 9.054742e-01
5557(991) (1.10e+00 1.26e+00) XE:1.26e-01 (1.19e+00 1.19e+00 | 7.00e-01 6.88e-01)	6.306262e+00 5.464629e+00 : 9.054532e-01
5590(1001) (1.21e+00 1.26e+00) XE:1.26e-01 (1.17e+00 1.19e+00 | 6.20e-01 6.88e-01)	6.306405e+00 5.464686e+00 : 9.054686e-01
5623(1009) (1.22e+00 1.26e+00) XE:1.26e-01 (1.19e+00 1.19e+00 | 6.86e-01 6.88e-01)	6.306258e+00 5.464692e+00 : 9.054577e-01
5656(1001) (1.43e+00 1.26e+00) XE:1.26e-01 (1.18e+00 1.19e+00 | 6.74e-01 6.88e-01)	6.306126e+00 5.464755e+00 : 9.054523e-01
5689(1002) (1.28e+00 1.26e+00) XE:1.26e-01 (1.20e+00 1.19e+00 | 7.95e-01 6.88e-01)	6.306327e+00 5.464798e+00 : 9.054712e-01
5722(1008) (1.22e+00 1.26e+00) XE:1.26e-01 (1.18e+00 1.19e+00 | 6.30e-01 6.88e-01)	6.306475e+00 5.465005e+00 : 9.054984e-01
5754(990) (1.61e+00 1.26e+00) XE:1.26e-01 (1.21e+00 1.19e+00 | 7.61e-01 6.88e-01)	6.306463e+00 5.465066e+00 : 9.055022e-01
5787(996) (1.37e+00 1.26e+00) XE:1.26e-01 (1.19e+00 1.19e+00 | 8.01e-01 6.88e-01)	6.306227e+00 5.464743e+00 : 9.054592e-01
5820(1007) (1.09e+00 1.26e+00) XE:1.26e-01 (1.20e+00 1.19e+00 | 6.54e-01 6.87e-01)	6.306237e+00 5.464730e+00 : 9.054590e-01
5853(987) (1.45e+00 1.26e+00) XE:1.26e-01 (1.20e+00 1.19e+00 | 7.27e-01 6.88e-01)	6.305996e+00 5.464809e+00 : 9.054466e-01
5886(993) (1.26e+00 1.26e+00) XE:1.26e-01 (1.18e+00 1.19e+00 | 7.59e-01 6.88e-01)	6.306153e+00 5.464789e+00 : 9.054571e-01
5919(1006) (9.98e-01 1.26e+00) XE:1.26e-01 (1.20e+00 1.19e+00 | 7.00e-01 6.88e-01)	6.306310e+00 5.464470e+00 : 9.054447e-01
5952(1004) (1.49e+00 1.26e+00) XE:1.26e-01 (1.16e+00 1.19e+00 | 6.94e-01 6.87e-01)	6.306480e+00 5.464395e+00 : 9.054519e-01
5985(1005) (1.18e+00 1.26e+00) XE:1.26e-01 (1.18e+00 1.19e+00 | 5.95e-01 6.87e-01)	6.306234e+00 5.464342e+00 : 9.054289e-01
6018(1001) (1.27e+00 1.26e+00) XE:1.26e-01 (1.20e+00 1.19e+00 | 7.12e-01 6.87e-01)	6.305874e+00 5.464107e+00 : 9.053832e-01
6050(999) (1.41e+00 1.26e+00) XE:1.26e-01 (1.19e+00 1.19e+00 | 6.56e-01 6.87e-01)	6.305639e+00 5.463884e+00 : 9.053479e-01
6083(1003) (1.01e+00 1.26e+00) XE:1.26e-01 (1.16e+00 1.19e+00 | 6.96e-01 6.87e-01)	6.305384e+00 5.463784e+00 : 9.053206e-01
6116(997) (1.14e+00 1.26e+00) XE:1.26e-01 (1.18e+00 1.19e+00 | 7.16e-01 6.87e-01)	6.305294e+00 5.463672e+00 : 9.053050e-01
6149(1005) (1.21e+00 1.26e+00) XE:1.26e-01 (1.18e+00 1.19e+00 | 7.00e-01 6.87e-01)	6.305078e+00 5.463554e+00 : 9.052793e-01
6182(996) (1.42e+00 1.26e+00) XE:1.26e-01 (1.20e+00 1.19e+00 | 6.72e-01 6.87e-01)	6.304751e+00 5.463546e+00 : 9.052536e-01
6215(1000) (9.30e-01 1.26e+00) XE:1.26e-01 (1.19e+00 1.19e+00 | 7.18e-01 6.87e-01)	6.304587e+00 5.463542e+00 : 9.052407e-01
6248(999) (1.38e+00 1.26e+00) XE:1.26e-01 (1.18e+00 1.19e+00 | 6.78e-01 6.87e-01)	6.304670e+00 5.463331e+00 : 9.052308e-01
6281(999) (9.66e-01 1.26e+00) XE:1.26e-01 (1.18e+00 1.19e+00 | 6.82e-01 6.87e-01)	6.304038e+00 5.462961e+00 : 9.051537e-01
6314(1000) (1.42e+00 1.26e+00) XE:1.26e-01 (1.18e+00 1.19e+00 | 7.04e-01 6.87e-01)	6.303901e+00 5.462820e+00 : 9.051324e-01
6347(998) (1.14e+00 1.26e+00) XE:1.26e-01 (1.19e+00 1.19e+00 | 7.39e-01 6.87e-01)	6.303878e+00 5.462619e+00 : 9.051152e-01
6379(999) (1.42e+00 1.26e+00) XE:1.26e-01 (1.20e+00 1.19e+00 | 6.58e-01 6.87e-01)	6.303852e+00 5.462626e+00 : 9.051137e-01
6412(999) (1.31e+00 1.26e+00) XE:1.26e-01 (1.18e+00 1.19e+00 | 7.08e-01 6.87e-01)	6.303707e+00 5.462345e+00 : 9.050810e-01
6445(1009) (1.36e+00 1.26e+00) XE:1.26e-01 (1.23e+00 1.19e+00 | 7.45e-01 6.87e-01)	6.303455e+00 5.462186e+00 : 9.050493e-01
6478(1005) (1.16e+00 1.26e+00) XE:1.26e-01 (1.22e+00 1.19e+00 | 7.53e-01 6.87e-01)	6.303592e+00 5.462321e+00 : 9.050702e-01
6511(1000) (1.59e+00 1.26e+00) XE:1.26e-01 (1.21e+00 1.19e+00 | 7.14e-01 6.87e-01)	6.303440e+00 5.462224e+00 : 9.050510e-01
6544(998) (1.44e+00 1.26e+00) XE:1.26e-01 (1.19e+00 1.19e+00 | 6.56e-01 6.87e-01)	6.303311e+00 5.462213e+00 : 9.050402e-01
6577(1001) (1.58e+00 1.26e+00) XE:1.26e-01 (1.17e+00 1.19e+00 | 7.37e-01 6.87e-01)	6.303150e+00 5.462089e+00 : 9.050184e-01
6609(998) (1.49e+00 1.26e+00) XE:1.26e-01 (1.18e+00 1.19e+00 | 6.96e-01 6.87e-01)	6.302855e+00 5.462004e+00 : 9.049892e-01
6642(998) (1.13e+00 1.26e+00) XE:1.26e-01 (1.19e+00 1.19e+00 | 7.04e-01 6.87e-01)	6.302688e+00 5.462005e+00 : 9.049764e-01
6675(996) (1.13e+00 1.26e+00) XE:1.26e-01 (1.23e+00 1.19e+00 | 6.96e-01 6.87e-01)	6.302596e+00 5.461898e+00 : 9.049611e-01
6708(994) (1.04e+00 1.26e+00) XE:1.26e-01 (1.17e+00 1.19e+00 | 7.27e-01 6.87e-01)	6.302527e+00 5.462035e+00 : 9.049663e-01
6741(1000) (1.06e+00 1.26e+00) XE:1.26e-01 (1.18e+00 1.19e+00 | 7.10e-01 6.87e-01)	6.302460e+00 5.462002e+00 : 9.049586e-01
6774(1005) (1.20e+00 1.26e+00) XE:1.26e-01 (1.20e+00 1.19e+00 | 7.29e-01 6.87e-01)	6.302255e+00 5.462012e+00 : 9.049437e-01
6807(1000) (1.08e+00 1.26e+00) XE:1.26e-01 (1.16e+00 1.19e+00 | 7.02e-01 6.88e-01)	6.302074e+00 5.461793e+00 : 9.049128e-01
6840(1001) (1.50e+00 1.26e+00) XE:1.26e-01 (1.18e+00 1.19e+00 | 7.18e-01 6.88e-01)	6.302162e+00 5.461621e+00 : 9.049063e-01
6872(1001) (1.07e+00 1.26e+00) XE:1.26e-01 (1.18e+00 1.19e+00 | 6.54e-01 6.88e-01)	6.301881e+00 5.461351e+00 : 9.048640e-01
6905(1007) (1.01e+00 1.26e+00) XE:1.26e-01 (1.18e+00 1.19e+00 | 6.30e-01 6.87e-01)	6.301884e+00 5.461365e+00 : 9.048653e-01
6938(1000) (1.32e+00 1.26e+00) XE:1.26e-01 (1.19e+00 1.19e+00 | 6.62e-01 6.87e-01)	6.301792e+00 5.461378e+00 : 9.048592e-01
6971(1006) (7.78e-01 1.26e+00) XE:1.26e-01 (1.21e+00 1.19e+00 | 6.68e-01 6.87e-01)	6.301753e+00 5.461317e+00 : 9.048516e-01
7004(1004) (1.69e+00 1.26e+00) XE:1.26e-01 (1.20e+00 1.19e+00 | 7.51e-01 6.87e-01)	6.301929e+00 5.461349e+00 : 9.048676e-01
7037(994) (1.31e+00 1.26e+00) XE:1.26e-01 (1.19e+00 1.19e+00 | 6.64e-01 6.87e-01)	6.302010e+00 5.461315e+00 : 9.048712e-01
7070(1000) (1.04e+00 1.26e+00) XE:1.26e-01 (1.20e+00 1.19e+00 | 7.55e-01 6.88e-01)	6.302162e+00 5.461100e+00 : 9.048663e-01
7103(988) (1.47e+00 1.26e+00) XE:1.26e-01 (1.16e+00 1.19e+00 | 6.98e-01 6.87e-01)	6.302217e+00 5.461021e+00 : 9.048645e-01
7136(1007) (6.96e-01 1.26e+00) XE:1.26e-01 (1.20e+00 1.19e+00 | 6.70e-01 6.87e-01)	6.302275e+00 5.460862e+00 : 9.048567e-01
7168(995) (1.76e+00 1.26e+00) XE:1.26e-01 (1.15e+00 1.19e+00 | 6.54e-01 6.87e-01)	6.301883e+00 5.460587e+00 : 9.048054e-01
7201(1005) (1.39e+00 1.26e+00) XE:1.26e-01 (1.19e+00 1.19e+00 | 6.54e-01 6.87e-01)	6.301854e+00 5.460700e+00 : 9.048118e-01
7233(999) (1.64e+00 1.26e+00) XE:1.26e-01 (1.19e+00 1.19e+00 | 6.70e-01 6.87e-01)	6.301997e+00 5.460837e+00 : 9.048334e-01
7266(1008) (1.22e+00 1.26e+00) XE:1.26e-01 (1.21e+00 1.19e+00 | 7.31e-01 6.87e-01)	6.302099e+00 5.460840e+00 : 9.048414e-01
7297(1002) (1.04e+00 1.26e+00) XE:1.26e-01 (1.18e+00 1.19e+00 | 6.68e-01 6.87e-01)	6.301989e+00 5.460713e+00 : 9.048232e-01
7330(993) (1.09e+00 1.26e+00) XE:1.26e-01 (1.20e+00 1.19e+00 | 7.33e-01 6.87e-01)	6.301540e+00 5.460702e+00 : 9.047878e-01
7363(998) (1.45e+00 1.26e+00) XE:1.26e-01 (1.19e+00 1.19e+00 | 6.76e-01 6.87e-01)	6.301326e+00 5.460573e+00 : 9.047614e-01
7395(1006) (1.33e+00 1.26e+00) XE:1.26e-01 (1.21e+00 1.19e+00 | 7.31e-01 6.87e-01)	6.301323e+00 5.460567e+00 : 9.047608e-01
7428(999) (9.47e-01 1.26e+00) XE:1.26e-01 (1.19e+00 1.19e+00 | 6.44e-01 6.87e-01)	6.301411e+00 5.460741e+00 : 9.047809e-01
7461(1005) (1.34e+00 1.26e+00) XE:1.26e-01 (1.19e+00 1.19e+00 | 6.52e-01 6.87e-01)	6.301386e+00 5.460777e+00 : 9.047818e-01
7494(1001) (1.17e+00 1.26e+00) XE:1.26e-01 (1.19e+00 1.19e+00 | 6.44e-01 6.87e-01)	6.301238e+00 5.460679e+00 : 9.047629e-01
7527(1006) (1.08e+00 1.26e+00) XE:1.26e-01 (1.19e+00 1.19e+00 | 6.88e-01 6.87e-01)	6.301182e+00 5.460506e+00 : 9.047452e-01
7560(993) (1.22e+00 1.26e+00) XE:1.26e-01 (1.20e+00 1.19e+00 | 7.29e-01 6.87e-01)	6.301137e+00 5.460260e+00 : 9.047229e-01
7593(987) (1.69e+00 1.26e+00) XE:1.26e-01 (1.18e+00 1.19e+00 | 6.52e-01 6.87e-01)	6.301180e+00 5.460076e+00 : 9.047120e-01
7625(1002) (1.01e+00 1.26e+00) XE:1.26e-01 (1.18e+00 1.19e+00 | 7.18e-01 6.87e-01)	6.301125e+00 5.460147e+00 : 9.047132e-01
7658(998) (1.81e+00 1.26e+00) XE:1.26e-01 (1.18e+00 1.19e+00 | 7.49e-01 6.87e-01)	6.300938e+00 5.459896e+00 : 9.046795e-01
7691(1009) (1.22e+00 1.26e+00) XE:1.26e-01 (1.20e+00 1.19e+00 | 6.56e-01 6.87e-01)	6.300697e+00 5.459919e+00 : 9.046627e-01
7724(999) (1.54e+00 1.26e+00) XE:1.26e-01 (1.18e+00 1.19e+00 | 6.28e-01 6.87e-01)	6.300674e+00 5.459790e+00 : 9.046511e-01
7757(998) (1.19e+00 1.26e+00) XE:1.26e-01 (1.16e+00 1.19e+00 | 6.82e-01 6.87e-01)	6.300645e+00 5.459645e+00 : 9.046377e-01
7790(996) (1.34e+00 1.26e+00) XE:1.26e-01 (1.22e+00 1.19e+00 | 7.81e-01 6.87e-01)	6.300387e+00 5.459526e+00 : 9.046087e-01
7823(1006) (1.01e+00 1.26e+00) XE:1.26e-01 (1.19e+00 1.19e+00 | 7.45e-01 6.87e-01)	6.300386e+00 5.459615e+00 : 9.046154e-01
7856(999) (1.13e+00 1.26e+00) XE:1.26e-01 (1.18e+00 1.19e+00 | 7.20e-01 6.87e-01)	6.300321e+00 5.459693e+00 : 9.046165e-01
7888(997) (1.20e+00 1.26e+00) XE:1.26e-01 (1.20e+00 1.19e+00 | 6.88e-01 6.87e-01)	6.300099e+00 5.459614e+00 : 9.045933e-01
7921(1000) (1.27e+00 1.26e+00) XE:1.26e-01 (1.18e+00 1.19e+00 | 6.72e-01 6.87e-01)	6.300068e+00 5.459578e+00 : 9.045881e-01
7954(1001) (7.43e-01 1.26e+00) XE:1.26e-01 (1.18e+00 1.19e+00 | 6.96e-01 6.87e-01)	6.299933e+00 5.459475e+00 : 9.045698e-01
7987(1002) (1.16e+00 1.26e+00) XE:1.26e-01 (1.21e+00 1.19e+00 | 6.68e-01 6.87e-01)	6.300071e+00 5.459526e+00 : 9.045844e-01
8020(1002) (8.71e-01 1.26e+00) XE:1.26e-01 (1.20e+00 1.19e+00 | 8.03e-01 6.87e-01)	6.300082e+00 5.459441e+00 : 9.045787e-01
8053(1010) (1.22e+00 1.26e+00) XE:1.26e-01 (1.21e+00 1.19e+00 | 7.20e-01 6.87e-01)	6.300136e+00 5.459342e+00 : 9.045752e-01
8086(998) (1.12e+00 1.26e+00) XE:1.26e-01 (1.22e+00 1.19e+00 | 7.08e-01 6.87e-01)	6.300023e+00 5.459297e+00 : 9.045631e-01
8119(1003) (1.14e+00 1.26e+00) XE:1.26e-01 (1.18e+00 1.19e+00 | 6.64e-01 6.87e-01)	6.300137e+00 5.459316e+00 : 9.045733e-01
8152(997) (1.29e+00 1.26e+00) XE:1.26e-01 (1.16e+00 1.19e+00 | 6.18e-01 6.87e-01)	6.299737e+00 5.458955e+00 : 9.045148e-01
8185(1002) (1.68e+00 1.26e+00) XE:1.26e-01 (1.18e+00 1.19e+00 | 6.70e-01 6.87e-01)	6.299621e+00 5.458810e+00 : 9.044946e-01
8218(1000) (1.71e+00 1.26e+00) XE:1.26e-01 (1.16e+00 1.19e+00 | 7.02e-01 6.87e-01)	6.299727e+00 5.458639e+00 : 9.044897e-01
8250(1003) (1.42e+00 1.26e+00) XE:1.26e-01 (1.23e+00 1.19e+00 | 6.94e-01 6.87e-01)	6.299811e+00 5.458678e+00 : 9.044991e-01
8283(998) (1.23e+00 1.26e+00) XE:1.26e-01 (1.19e+00 1.19e+00 | 7.23e-01 6.87e-01)	6.299646e+00 5.458506e+00 : 9.044732e-01
8316(1009) (1.12e+00 1.26e+00) XE:1.26e-01 (1.19e+00 1.19e+00 | 6.78e-01 6.87e-01)	6.299641e+00 5.458598e+00 : 9.044799e-01
8349(1010) (8.00e-01 1.26e+00) XE:1.26e-01 (1.19e+00 1.19e+00 | 6.88e-01 6.87e-01)	6.299706e+00 5.458651e+00 : 9.044890e-01
8382(992) (1.31e+00 1.26e+00) XE:1.26e-01 (1.20e+00 1.19e+00 | 7.02e-01 6.87e-01)	6.299472e+00 5.458464e+00 : 9.044566e-01
8415(999) (1.52e+00 1.26e+00) XE:1.26e-01 (1.19e+00 1.19e+00 | 7.61e-01 6.87e-01)	6.299660e+00 5.458513e+00 : 9.044749e-01
8448(1006) (1.18e+00 1.26e+00) XE:1.26e-01 (1.20e+00 1.19e+00 | 7.02e-01 6.87e-01)	6.299601e+00 5.458304e+00 : 9.044542e-01
8481(999) (1.11e+00 1.26e+00) XE:1.26e-01 (1.22e+00 1.19e+00 | 7.04e-01 6.87e-01)	6.299605e+00 5.458307e+00 : 9.044548e-01
8513(993) (1.25e+00 1.26e+00) XE:1.26e-01 (1.19e+00 1.19e+00 | 6.40e-01 6.87e-01)	6.299571e+00 5.458372e+00 : 9.044571e-01
8546(1003) (9.21e-01 1.26e+00) XE:1.26e-01 (1.19e+00 1.19e+00 | 6.14e-01 6.87e-01)	6.299554e+00 5.458382e+00 : 9.044566e-01
8579(996) (1.26e+00 1.26e+00) XE:1.26e-01 (1.20e+00 1.19e+00 | 7.37e-01 6.87e-01)	6.299465e+00 5.458494e+00 : 9.044584e-01
8612(996) (1.01e+00 1.26e+00) XE:1.26e-01 (1.21e+00 1.19e+00 | 6.92e-01 6.87e-01)	6.299261e+00 5.458417e+00 : 9.044367e-01
8645(1000) (1.37e+00 1.26e+00) XE:1.26e-01 (1.19e+00 1.19e+00 | 6.52e-01 6.87e-01)	6.299194e+00 5.458497e+00 : 9.044378e-01
8678(1003) (1.05e+00 1.26e+00) XE:1.26e-01 (1.18e+00 1.19e+00 | 7.02e-01 6.87e-01)	6.299004e+00 5.458428e+00 : 9.044179e-01
8711(1005) (1.12e+00 1.26e+00) XE:1.26e-01 (1.21e+00 1.19e+00 | 6.90e-01 6.87e-01)	6.298808e+00 5.458515e+00 : 9.044094e-01
8744(997) (1.35e+00 1.26e+00) XE:1.26e-01 (1.18e+00 1.19e+00 | 7.00e-01 6.87e-01)	6.298586e+00 5.458534e+00 : 9.043938e-01
8776(1001) (1.47e+00 1.26e+00) XE:1.26e-01 (1.20e+00 1.19e+00 | 6.80e-01 6.87e-01)	6.298354e+00 5.458359e+00 : 9.043625e-01
8809(999) (1.50e+00 1.26e+00) XE:1.26e-01 (1.19e+00 1.19e+00 | 6.62e-01 6.87e-01)	6.298230e+00 5.458158e+00 : 9.043376e-01
8842(998) (1.36e+00 1.26e+00) XE:1.26e-01 (1.18e+00 1.19e+00 | 6.64e-01 6.87e-01)	6.298162e+00 5.458163e+00 : 9.043327e-01
8875(1002) (1.33e+00 1.26e+00) XE:1.26e-01 (1.17e+00 1.19e+00 | 7.25e-01 6.87e-01)	6.298186e+00 5.458049e+00 : 9.043257e-01
8908(1006) (1.11e+00 1.26e+00) XE:1.26e-01 (1.16e+00 1.19e+00 | 6.56e-01 6.87e-01)	6.298195e+00 5.458012e+00 : 9.043236e-01
8941(995) (1.37e+00 1.26e+00) XE:1.26e-01 (1.22e+00 1.19e+00 | 6.80e-01 6.87e-01)	6.297960e+00 5.457999e+00 : 9.043045e-01
8974(1000) (1.00e+00 1.26e+00) XE:1.26e-01 (1.22e+00 1.19e+00 | 6.74e-01 6.87e-01)	6.298042e+00 5.457977e+00 : 9.043092e-01
9007(1007) (1.09e+00 1.26e+00) XE:1.26e-01 (1.18e+00 1.19e+00 | 6.18e-01 6.87e-01)	6.298003e+00 5.457853e+00 : 9.042966e-01
9039(1001) (1.30e+00 1.26e+00) XE:1.26e-01 (1.21e+00 1.19e+00 | 7.18e-01 6.87e-01)	6.298022e+00 5.457944e+00 : 9.043050e-01
9072(1003) (1.05e+00 1.26e+00) XE:1.26e-01 (1.20e+00 1.19e+00 | 7.25e-01 6.87e-01)	6.297960e+00 5.458007e+00 : 9.043052e-01
9105(995) (1.23e+00 1.26e+00) XE:1.26e-01 (1.17e+00 1.19e+00 | 6.64e-01 6.87e-01)	6.297952e+00 5.458007e+00 : 9.043045e-01
9138(999) (1.66e+00 1.26e+00) XE:1.26e-01 (1.21e+00 1.19e+00 | 6.48e-01 6.87e-01)	6.297588e+00 5.457909e+00 : 9.042690e-01
9171(987) (1.52e+00 1.26e+00) XE:1.26e-01 (1.19e+00 1.19e+00 | 6.56e-01 6.87e-01)	6.297525e+00 5.457881e+00 : 9.042620e-01
9203(1005) (1.10e+00 1.26e+00) XE:1.26e-01 (1.20e+00 1.19e+00 | 7.39e-01 6.87e-01)	6.297547e+00 5.457914e+00 : 9.042662e-01
9236(998) (1.20e+00 1.26e+00) XE:1.26e-01 (1.14e+00 1.19e+00 | 6.46e-01 6.87e-01)	6.297414e+00 5.457682e+00 : 9.042382e-01
9269(1004) (1.18e+00 1.26e+00) XE:1.26e-01 (1.19e+00 1.19e+00 | 6.60e-01 6.87e-01)	6.297331e+00 5.457681e+00 : 9.042317e-01
9301(997) (1.36e+00 1.26e+00) XE:1.26e-01 (1.17e+00 1.19e+00 | 6.82e-01 6.87e-01)	6.297095e+00 5.457542e+00 : 9.042029e-01
9334(997) (1.42e+00 1.26e+00) XE:1.26e-01 (1.20e+00 1.19e+00 | 7.04e-01 6.87e-01)	6.296907e+00 5.457307e+00 : 9.041704e-01
9366(1010) (9.50e-01 1.26e+00) XE:1.26e-01 (1.18e+00 1.19e+00 | 6.70e-01 6.87e-01)	6.296717e+00 5.457195e+00 : 9.041470e-01
9399(1010) (9.63e-01 1.26e+00) XE:1.26e-01 (1.18e+00 1.19e+00 | 6.76e-01 6.87e-01)	6.296716e+00 5.457236e+00 : 9.041501e-01
9431(1004) (1.15e+00 1.26e+00) XE:1.26e-01 (1.19e+00 1.19e+00 | 7.06e-01 6.87e-01)	6.296692e+00 5.457316e+00 : 9.041544e-01
9464(997) (1.44e+00 1.26e+00) XE:1.26e-01 (1.19e+00 1.19e+00 | 6.54e-01 6.87e-01)	6.296607e+00 5.457306e+00 : 9.041472e-01
9496(1007) (9.58e-01 1.26e+00) XE:1.26e-01 (1.17e+00 1.19e+00 | 6.90e-01 6.87e-01)	6.296477e+00 5.457186e+00 : 9.041279e-01
9529(992) (1.37e+00 1.26e+00) XE:1.26e-01 (1.18e+00 1.19e+00 | 6.56e-01 6.87e-01)	6.296317e+00 5.457243e+00 : 9.041200e-01
9561(1006) (1.54e+00 1.26e+00) XE:1.26e-01 (1.17e+00 1.19e+00 | 6.42e-01 6.87e-01)	6.296377e+00 5.457190e+00 : 9.041206e-01
9594(995) (1.34e+00 1.26e+00) XE:1.26e-01 (1.18e+00 1.19e+00 | 7.23e-01 6.87e-01)	6.296220e+00 5.456991e+00 : 9.040932e-01
9626(1003) (1.02e+00 1.26e+00) XE:1.26e-01 (1.19e+00 1.19e+00 | 6.84e-01 6.87e-01)	6.296363e+00 5.457044e+00 : 9.041082e-01
9659(998) (9.23e-01 1.26e+00) XE:1.26e-01 (1.17e+00 1.19e+00 | 6.62e-01 6.87e-01)	6.296335e+00 5.456887e+00 : 9.040940e-01
9691(1007) (9.90e-01 1.26e+00) XE:1.26e-01 (1.20e+00 1.19e+00 | 7.08e-01 6.87e-01)	6.296148e+00 5.456845e+00 : 9.040764e-01
9724(998) (8.42e-01 1.26e+00) XE:1.26e-01 (1.18e+00 1.19e+00 | 6.64e-01 6.87e-01)	6.296015e+00 5.456849e+00 : 9.040664e-01
9757(1002) (1.25e+00 1.26e+00) XE:1.26e-01 (1.21e+00 1.19e+00 | 7.31e-01 6.87e-01)	6.296021e+00 5.456973e+00 : 9.040765e-01
9789(1003) (1.51e+00 1.26e+00) XE:1.26e-01 (1.16e+00 1.19e+00 | 6.78e-01 6.87e-01)	6.295902e+00 5.456922e+00 : 9.040633e-01
9822(1004) (1.49e+00 1.26e+00) XE:1.26e-01 (1.21e+00 1.19e+00 | 7.02e-01 6.87e-01)	6.295803e+00 5.456768e+00 : 9.040439e-01
9854(990) (1.37e+00 1.26e+00) XE:1.26e-01 (1.17e+00 1.19e+00 | 7.12e-01 6.87e-01)	6.295623e+00 5.456657e+00 : 9.040215e-01
9887(1003) (1.26e+00 1.26e+00) XE:1.26e-01 (1.17e+00 1.19e+00 | 6.88e-01 6.87e-01)	6.295402e+00 5.456682e+00 : 9.040065e-01
9919(999) (9.78e-01 1.26e+00) XE:1.26e-01 (1.22e+00 1.19e+00 | 6.94e-01 6.87e-01)	6.295287e+00 5.456565e+00 : 9.039887e-01
9952(1000) (1.30e+00 1.26e+00) XE:1.26e-01 (1.16e+00 1.19e+00 | 6.38e-01 6.87e-01)	6.295311e+00 5.456622e+00 : 9.039949e-01
9984(997) (1.27e+00 1.26e+00) XE:1.26e-01 (1.21e+00 1.19e+00 | 6.86e-01 6.87e-01)	6.295207e+00 5.456545e+00 : 9.039810e-01
10000(997) (1.32e+00 1.26e+00) XE:1.26e-01 (1.22e+00 1.19e+00 | 6.76e-01 6.87e-01)	6.295146e+00 5.456637e+00 : 9.039833e-01
RL cnt: 0,6891927,1421323,84485,493,0,0,0,0,0,0,0,0,0,0,0,
BL cnt: 0,0,0,0,0,0,66102,0,1569811,0,6638147,0,1569421,0,66519,0,0,0,0,0,0,
6.295146e+00 5.456637e+00 : 9.039833e-01
# InnerCodebook: deleted
# NBIDSchannel: deleted
# Gtable: deleted
# FBalg4: deleted
# StatICB: deleted
