# (Pid,Ps)=(3.000000e-02,1.000000e-02) Nseg=200 WinSize=10 lmd=1 [0]
# InnerCB: ../search03/ICB/D12.bin
# Gtable:  Gtable/5/030_010.bin
# InnerCodebook: beta=5(1024) nu=2
# InnerCodebook: B(B2p)=7(128) 6(64) 
# InnerCodebook: checked CWM, EncMap, DecMap
# beta=5(1024) nu=2 N=1000 Dmax=35 WCmax=10000
# B=7,6,
# NBIDSchannel: N=1000 Q=4 Dmax=35 (Pid,Ps)=(3.000000e-02,1.000000e-02)
# FBalg4: Nseg=200 Dmax=35(w=71)
# FBalg4: Gtable: Gtable/5/030_010.bin
# Gtable: beta=5 (Pid,Ps,Ptrn)=(3.000000e-02,1.000000e-02,9.400000e-01) Pth=1.000000e-10
# Gtable: beta4p=1024 beta4pp=1048576
# Gtable::Gtable len=0 cnt=1024
# Gtable::Gtable len=1 cnt=4096
# Gtable::Gtable len=2 cnt=16384
# Gtable::Gtable len=3 cnt=65536
# Gtable::Gtable len=4 cnt=241636
# Gtable::Gtable len=5 cnt=779284
# Gtable::Gtable len=6 cnt=1541824
# Gtable::Gtable len=7 cnt=1451416
# Gtable::Gtable len=8 cnt=1264036
# Gtable::Gtable len=9 cnt=100348
# Gtable::Gtable len=10 cnt=1024
# FBalg4: beta=5(1024) (Pid,Ps)=(3.000000e-02,1.000000e-02) Pth=1.000000e-10 N=1000
# StatICB: nu=2 beta=5 beta4p=1024 Bsum=13 lmd=1
# StatICB: B=7,6,
0021(989) (1.86e+00 1.72e+00) XE:1.72e-01 (1.18e+00 1.19e+00 | 6.88e-01 6.88e-01)	6.694374e+00 5.727000e+00 : 9.554903e-01
0044(985) (1.90e+00 1.74e+00) XE:1.74e-01 (1.18e+00 1.19e+00 | 7.29e-01 6.93e-01)	6.552138e+00 5.622870e+00 : 9.365391e-01
0066(998) (1.77e+00 1.72e+00) XE:1.72e-01 (1.19e+00 1.19e+00 | 6.70e-01 6.88e-01)	6.479180e+00 5.557280e+00 : 9.258815e-01
0089(1008) (1.65e+00 1.69e+00) XE:1.69e-01 (1.19e+00 1.19e+00 | 6.18e-01 6.89e-01)	6.435143e+00 5.526068e+00 : 9.200931e-01
0111(997) (1.44e+00 1.68e+00) XE:1.68e-01 (1.19e+00 1.19e+00 | 6.98e-01 6.90e-01)	6.398843e+00 5.495438e+00 : 9.149447e-01
0133(1003) (1.45e+00 1.68e+00) XE:1.68e-01 (1.18e+00 1.19e+00 | 7.37e-01 6.90e-01)	6.352788e+00 5.464798e+00 : 9.090451e-01
0156(1004) (1.53e+00 1.67e+00) XE:1.67e-01 (1.20e+00 1.19e+00 | 6.68e-01 6.91e-01)	6.328834e+00 5.446278e+00 : 9.057778e-01
0178(1007) (1.64e+00 1.67e+00) XE:1.67e-01 (1.19e+00 1.19e+00 | 6.72e-01 6.90e-01)	6.303939e+00 5.433813e+00 : 9.029040e-01
0201(1002) (1.81e+00 1.68e+00) XE:1.68e-01 (1.19e+00 1.19e+00 | 6.48e-01 6.90e-01)	6.282126e+00 5.413304e+00 : 8.996485e-01
0223(987) (2.05e+00 1.68e+00) XE:1.68e-01 (1.18e+00 1.19e+00 | 7.10e-01 6.91e-01)	6.264367e+00 5.400608e+00 : 8.973057e-01
0246(998) (2.44e+00 1.68e+00) XE:1.68e-01 (1.19e+00 1.19e+00 | 7.47e-01 6.90e-01)	6.248499e+00 5.396968e+00 : 8.958052e-01
0268(986) (1.72e+00 1.68e+00) XE:1.68e-01 (1.22e+00 1.19e+00 | 7.25e-01 6.90e-01)	6.235950e+00 5.388379e+00 : 8.941791e-01
0291(995) (2.22e+00 1.68e+00) XE:1.68e-01 (1.20e+00 1.19e+00 | 7.23e-01 6.89e-01)	6.220721e+00 5.382549e+00 : 8.925592e-01
0313(1003) (1.72e+00 1.68e+00) XE:1.68e-01 (1.20e+00 1.19e+00 | 7.00e-01 6.90e-01)	6.211243e+00 5.377107e+00 : 8.914115e-01
0336(1006) (1.27e+00 1.69e+00) XE:1.69e-01 (1.20e+00 1.19e+00 | 7.45e-01 6.89e-01)	6.201374e+00 5.369870e+00 : 8.900957e-01
0358(993) (2.03e+00 1.69e+00) XE:1.69e-01 (1.21e+00 1.19e+00 | 6.96e-01 6.90e-01)	6.194777e+00 5.366266e+00 : 8.893110e-01
0381(999) (1.96e+00 1.69e+00) XE:1.69e-01 (1.18e+00 1.19e+00 | 7.00e-01 6.90e-01)	6.190229e+00 5.359382e+00 : 8.884316e-01
0403(997) (1.88e+00 1.69e+00) XE:1.69e-01 (1.16e+00 1.19e+00 | 6.42e-01 6.89e-01)	6.182468e+00 5.352812e+00 : 8.873293e-01
0426(1013) (1.53e+00 1.68e+00) XE:1.68e-01 (1.19e+00 1.19e+00 | 6.14e-01 6.89e-01)	6.182054e+00 5.350610e+00 : 8.871281e-01
0448(1006) (1.24e+00 1.69e+00) XE:1.69e-01 (1.20e+00 1.19e+00 | 6.46e-01 6.89e-01)	6.176724e+00 5.346495e+00 : 8.864015e-01
0470(997) (1.60e+00 1.68e+00) XE:1.68e-01 (1.17e+00 1.19e+00 | 7.16e-01 6.89e-01)	6.172166e+00 5.341213e+00 : 8.856446e-01
0493(998) (1.63e+00 1.68e+00) XE:1.68e-01 (1.18e+00 1.19e+00 | 7.29e-01 6.88e-01)	6.169993e+00 5.338321e+00 : 8.852550e-01
0515(996) (1.58e+00 1.68e+00) XE:1.68e-01 (1.19e+00 1.19e+00 | 6.14e-01 6.88e-01)	6.166738e+00 5.334294e+00 : 8.846947e-01
0538(986) (1.56e+00 1.68e+00) XE:1.68e-01 (1.19e+00 1.19e+00 | 7.33e-01 6.88e-01)	6.163532e+00 5.331819e+00 : 8.842578e-01
0560(1017) (1.26e+00 1.68e+00) XE:1.68e-01 (1.18e+00 1.19e+00 | 6.96e-01 6.88e-01)	6.161091e+00 5.332527e+00 : 8.841245e-01
0583(1004) (1.71e+00 1.68e+00) XE:1.68e-01 (1.19e+00 1.19e+00 | 6.48e-01 6.88e-01)	6.157598e+00 5.329625e+00 : 8.836325e-01
0605(989) (1.85e+00 1.68e+00) XE:1.68e-01 (1.21e+00 1.19e+00 | 6.66e-01 6.88e-01)	6.155554e+00 5.324370e+00 : 8.830710e-01
0628(982) (1.70e+00 1.68e+00) XE:1.68e-01 (1.18e+00 1.19e+00 | 7.10e-01 6.87e-01)	6.153838e+00 5.323257e+00 : 8.828534e-01
0650(999) (1.75e+00 1.67e+00) XE:1.67e-01 (1.17e+00 1.19e+00 | 6.60e-01 6.87e-01)	6.150994e+00 5.322562e+00 : 8.825813e-01
0673(999) (1.28e+00 1.68e+00) XE:1.68e-01 (1.19e+00 1.19e+00 | 6.68e-01 6.87e-01)	6.147512e+00 5.321221e+00 : 8.822103e-01
0695(991) (2.11e+00 1.68e+00) XE:1.68e-01 (1.17e+00 1.19e+00 | 6.76e-01 6.87e-01)	6.142861e+00 5.317902e+00 : 8.815971e-01
0717(998) (1.97e+00 1.68e+00) XE:1.68e-01 (1.22e+00 1.19e+00 | 6.82e-01 6.87e-01)	6.140055e+00 5.316922e+00 : 8.813060e-01
0740(994) (2.05e+00 1.68e+00) XE:1.68e-01 (1.19e+00 1.19e+00 | 6.96e-01 6.88e-01)	6.137261e+00 5.314367e+00 : 8.808944e-01
0762(1003) (1.79e+00 1.68e+00) XE:1.68e-01 (1.21e+00 1.19e+00 | 6.40e-01 6.88e-01)	6.135637e+00 5.312531e+00 : 8.806283e-01
0785(1003) (1.24e+00 1.68e+00) XE:1.68e-01 (1.19e+00 1.19e+00 | 6.92e-01 6.88e-01)	6.132777e+00 5.315036e+00 : 8.806010e-01
0807(1001) (1.73e+00 1.68e+00) XE:1.68e-01 (1.22e+00 1.19e+00 | 7.08e-01 6.88e-01)	6.129744e+00 5.314937e+00 : 8.803601e-01
0830(1008) (1.60e+00 1.68e+00) XE:1.68e-01 (1.20e+00 1.19e+00 | 7.14e-01 6.88e-01)	6.128797e+00 5.314235e+00 : 8.802332e-01
0852(1000) (1.76e+00 1.67e+00) XE:1.67e-01 (1.21e+00 1.19e+00 | 6.94e-01 6.88e-01)	6.128225e+00 5.313452e+00 : 8.801289e-01
0875(995) (1.75e+00 1.68e+00) XE:1.68e-01 (1.19e+00 1.19e+00 | 7.06e-01 6.88e-01)	6.127105e+00 5.310394e+00 : 8.798075e-01
0897(1006) (1.90e+00 1.68e+00) XE:1.68e-01 (1.18e+00 1.19e+00 | 6.94e-01 6.88e-01)	6.123586e+00 5.309528e+00 : 8.794703e-01
0919(1001) (1.77e+00 1.68e+00) XE:1.68e-01 (1.18e+00 1.19e+00 | 6.98e-01 6.88e-01)	6.121336e+00 5.307791e+00 : 8.791636e-01
0942(996) (1.52e+00 1.68e+00) XE:1.68e-01 (1.19e+00 1.19e+00 | 6.84e-01 6.88e-01)	6.119700e+00 5.306752e+00 : 8.789578e-01
0964(1004) (2.01e+00 1.68e+00) XE:1.68e-01 (1.20e+00 1.19e+00 | 6.88e-01 6.88e-01)	6.117952e+00 5.306694e+00 : 8.788189e-01
0987(1006) (1.62e+00 1.67e+00) XE:1.67e-01 (1.19e+00 1.19e+00 | 6.38e-01 6.88e-01)	6.115970e+00 5.305651e+00 : 8.785862e-01
1009(999) (1.25e+00 1.68e+00) XE:1.68e-01 (1.21e+00 1.19e+00 | 7.61e-01 6.88e-01)	6.114391e+00 5.305843e+00 : 8.784796e-01
1032(1013) (1.70e+00 1.68e+00) XE:1.68e-01 (1.19e+00 1.19e+00 | 6.72e-01 6.88e-01)	6.111485e+00 5.305666e+00 : 8.782424e-01
1054(1006) (1.72e+00 1.68e+00) XE:1.68e-01 (1.17e+00 1.19e+00 | 6.54e-01 6.88e-01)	6.108864e+00 5.304296e+00 : 8.779354e-01
1077(981) (1.91e+00 1.68e+00) XE:1.68e-01 (1.19e+00 1.19e+00 | 7.35e-01 6.87e-01)	6.106798e+00 5.302735e+00 : 8.776564e-01
1099(1002) (1.56e+00 1.68e+00) XE:1.68e-01 (1.19e+00 1.19e+00 | 6.80e-01 6.87e-01)	6.104085e+00 5.301252e+00 : 8.773336e-01
1122(1016) (1.31e+00 1.68e+00) XE:1.68e-01 (1.19e+00 1.19e+00 | 7.63e-01 6.87e-01)	6.102182e+00 5.300539e+00 : 8.771324e-01
1144(1005) (1.71e+00 1.68e+00) XE:1.68e-01 (1.17e+00 1.19e+00 | 6.36e-01 6.87e-01)	6.100012e+00 5.299171e+00 : 8.768602e-01
1167(997) (1.73e+00 1.68e+00) XE:1.68e-01 (1.18e+00 1.19e+00 | 7.29e-01 6.87e-01)	6.097294e+00 5.298862e+00 : 8.766274e-01
1189(1012) (1.51e+00 1.68e+00) XE:1.68e-01 (1.17e+00 1.19e+00 | 6.88e-01 6.87e-01)	6.097694e+00 5.297435e+00 : 8.765483e-01
1212(1007) (2.07e+00 1.68e+00) XE:1.68e-01 (1.21e+00 1.19e+00 | 7.04e-01 6.87e-01)	6.097107e+00 5.296643e+00 : 8.764423e-01
1234(994) (1.98e+00 1.68e+00) XE:1.68e-01 (1.19e+00 1.19e+00 | 7.00e-01 6.87e-01)	6.095970e+00 5.295893e+00 : 8.762972e-01
1257(1004) (1.20e+00 1.68e+00) XE:1.68e-01 (1.17e+00 1.19e+00 | 6.34e-01 6.86e-01)	6.094196e+00 5.295977e+00 : 8.761672e-01
1279(995) (1.79e+00 1.68e+00) XE:1.68e-01 (1.16e+00 1.19e+00 | 6.76e-01 6.86e-01)	6.093528e+00 5.295463e+00 : 8.760763e-01
1301(1012) (1.27e+00 1.68e+00) XE:1.68e-01 (1.17e+00 1.19e+00 | 6.62e-01 6.86e-01)	6.092661e+00 5.294834e+00 : 8.759611e-01
1324(996) (1.65e+00 1.68e+00) XE:1.68e-01 (1.18e+00 1.19e+00 | 7.04e-01 6.86e-01)	6.090760e+00 5.294381e+00 : 8.757800e-01
1346(1005) (2.20e+00 1.68e+00) XE:1.68e-01 (1.19e+00 1.19e+00 | 6.94e-01 6.86e-01)	6.090190e+00 5.292526e+00 : 8.755935e-01
1369(1003) (1.65e+00 1.68e+00) XE:1.68e-01 (1.18e+00 1.19e+00 | 6.52e-01 6.86e-01)	6.088208e+00 5.292302e+00 : 8.754238e-01
1391(994) (1.87e+00 1.68e+00) XE:1.68e-01 (1.17e+00 1.19e+00 | 6.50e-01 6.86e-01)	6.087942e+00 5.292510e+00 : 8.754193e-01
1414(995) (2.05e+00 1.68e+00) XE:1.68e-01 (1.21e+00 1.19e+00 | 6.94e-01 6.86e-01)	6.087736e+00 5.292636e+00 : 8.754132e-01
1436(987) (2.13e+00 1.68e+00) XE:1.68e-01 (1.17e+00 1.19e+00 | 6.22e-01 6.86e-01)	6.087484e+00 5.292086e+00 : 8.753516e-01
1459(1005) (1.74e+00 1.68e+00) XE:1.68e-01 (1.19e+00 1.19e+00 | 6.80e-01 6.86e-01)	6.086565e+00 5.290785e+00 : 8.751808e-01
1481(994) (2.04e+00 1.68e+00) XE:1.68e-01 (1.17e+00 1.19e+00 | 7.33e-01 6.86e-01)	6.085624e+00 5.290048e+00 : 8.750516e-01
1504(1003) (1.28e+00 1.68e+00) XE:1.68e-01 (1.18e+00 1.19e+00 | 7.12e-01 6.86e-01)	6.085350e+00 5.289573e+00 : 8.749940e-01
1526(996) (1.80e+00 1.68e+00) XE:1.68e-01 (1.20e+00 1.19e+00 | 6.84e-01 6.86e-01)	6.083189e+00 5.287948e+00 : 8.747028e-01
1549(993) (1.54e+00 1.68e+00) XE:1.68e-01 (1.19e+00 1.19e+00 | 6.72e-01 6.85e-01)	6.082049e+00 5.287228e+00 : 8.745597e-01
1571(997) (1.61e+00 1.68e+00) XE:1.68e-01 (1.17e+00 1.19e+00 | 6.74e-01 6.86e-01)	6.081201e+00 5.286464e+00 : 8.744358e-01
1594(1000) (1.68e+00 1.68e+00) XE:1.68e-01 (1.17e+00 1.19e+00 | 7.00e-01 6.86e-01)	6.081100e+00 5.286588e+00 : 8.744375e-01
1616(987) (1.52e+00 1.68e+00) XE:1.68e-01 (1.18e+00 1.19e+00 | 6.90e-01 6.85e-01)	6.079137e+00 5.286068e+00 : 8.742465e-01
1639(1014) (1.30e+00 1.68e+00) XE:1.68e-01 (1.18e+00 1.19e+00 | 6.78e-01 6.85e-01)	6.077537e+00 5.285823e+00 : 8.741046e-01
1661(992) (1.94e+00 1.68e+00) XE:1.68e-01 (1.20e+00 1.19e+00 | 7.12e-01 6.86e-01)	6.078070e+00 5.285174e+00 : 8.740957e-01
1683(1002) (1.68e+00 1.68e+00) XE:1.68e-01 (1.18e+00 1.19e+00 | 6.44e-01 6.86e-01)	6.078001e+00 5.284798e+00 : 8.740615e-01
1706(999) (1.61e+00 1.68e+00) XE:1.68e-01 (1.18e+00 1.19e+00 | 6.30e-01 6.86e-01)	6.077306e+00 5.284453e+00 : 8.739815e-01
1728(1010) (2.03e+00 1.68e+00) XE:1.68e-01 (1.20e+00 1.19e+00 | 6.52e-01 6.86e-01)	6.077003e+00 5.284614e+00 : 8.739705e-01
1751(1003) (1.66e+00 1.68e+00) XE:1.68e-01 (1.22e+00 1.19e+00 | 6.92e-01 6.86e-01)	6.077489e+00 5.284483e+00 : 8.739979e-01
1773(996) (2.13e+00 1.68e+00) XE:1.68e-01 (1.18e+00 1.19e+00 | 6.58e-01 6.86e-01)	6.075925e+00 5.283955e+00 : 8.738370e-01
1796(981) (2.26e+00 1.68e+00) XE:1.68e-01 (1.19e+00 1.19e+00 | 6.48e-01 6.86e-01)	6.075038e+00 5.284014e+00 : 8.737732e-01
1818(993) (1.90e+00 1.68e+00) XE:1.68e-01 (1.16e+00 1.19e+00 | 7.25e-01 6.86e-01)	6.075082e+00 5.283447e+00 : 8.737330e-01
1841(1002) (1.22e+00 1.68e+00) XE:1.68e-01 (1.19e+00 1.19e+00 | 6.96e-01 6.86e-01)	6.074044e+00 5.283843e+00 : 8.736836e-01
1863(988) (2.07e+00 1.68e+00) XE:1.68e-01 (1.21e+00 1.19e+00 | 7.73e-01 6.86e-01)	6.073830e+00 5.283864e+00 : 8.736688e-01
1886(988) (1.71e+00 1.68e+00) XE:1.68e-01 (1.19e+00 1.19e+00 | 7.51e-01 6.86e-01)	6.072343e+00 5.282497e+00 : 8.734493e-01
1908(998) (1.73e+00 1.68e+00) XE:1.68e-01 (1.19e+00 1.19e+00 | 6.90e-01 6.86e-01)	6.072646e+00 5.281732e+00 : 8.734137e-01
1931(990) (1.65e+00 1.68e+00) XE:1.68e-01 (1.18e+00 1.19e+00 | 7.08e-01 6.86e-01)	6.072463e+00 5.281759e+00 : 8.734017e-01
1953(992) (1.63e+00 1.68e+00) XE:1.68e-01 (1.19e+00 1.19e+00 | 6.92e-01 6.86e-01)	6.071442e+00 5.281547e+00 : 8.733069e-01
1976(987) (1.87e+00 1.68e+00) XE:1.68e-01 (1.20e+00 1.19e+00 | 7.63e-01 6.86e-01)	6.070907e+00 5.281185e+00 : 8.732378e-01
1998(1010) (1.47e+00 1.68e+00) XE:1.68e-01 (1.19e+00 1.19e+00 | 6.86e-01 6.86e-01)	6.069597e+00 5.280901e+00 : 8.731152e-01
2020(1002) (1.36e+00 1.68e+00) XE:1.68e-01 (1.20e+00 1.19e+00 | 6.40e-01 6.86e-01)	6.068912e+00 5.280689e+00 : 8.730462e-01
2043(981) (1.95e+00 1.68e+00) XE:1.68e-01 (1.21e+00 1.19e+00 | 7.27e-01 6.86e-01)	6.069215e+00 5.280520e+00 : 8.730566e-01
2065(998) (2.03e+00 1.68e+00) XE:1.68e-01 (1.18e+00 1.19e+00 | 6.28e-01 6.86e-01)	6.069782e+00 5.280463e+00 : 8.730957e-01
2088(1019) (1.42e+00 1.68e+00) XE:1.68e-01 (1.18e+00 1.19e+00 | 6.56e-01 6.86e-01)	6.069725e+00 5.279428e+00 : 8.730118e-01
2110(993) (1.44e+00 1.67e+00) XE:1.67e-01 (1.19e+00 1.19e+00 | 6.74e-01 6.87e-01)	6.069795e+00 5.279127e+00 : 8.729940e-01
2133(994) (1.49e+00 1.68e+00) XE:1.68e-01 (1.22e+00 1.19e+00 | 7.18e-01 6.87e-01)	6.069134e+00 5.277989e+00 : 8.728556e-01
2155(1000) (1.50e+00 1.68e+00) XE:1.68e-01 (1.19e+00 1.19e+00 | 6.20e-01 6.87e-01)	6.068441e+00 5.277800e+00 : 8.727878e-01
2178(1007) (1.47e+00 1.68e+00) XE:1.68e-01 (1.19e+00 1.19e+00 | 7.04e-01 6.87e-01)	6.068156e+00 5.278046e+00 : 8.727848e-01
2200(998) (1.42e+00 1.67e+00) XE:1.67e-01 (1.17e+00 1.19e+00 | 7.27e-01 6.87e-01)	6.068257e+00 5.278045e+00 : 8.727924e-01
2223(1001) (1.29e+00 1.67e+00) XE:1.67e-01 (1.22e+00 1.19e+00 | 6.64e-01 6.87e-01)	6.067204e+00 5.278297e+00 : 8.727308e-01
2245(993) (2.13e+00 1.67e+00) XE:1.67e-01 (1.20e+00 1.19e+00 | 6.98e-01 6.87e-01)	6.066864e+00 5.278094e+00 : 8.726890e-01
2267(1013) (1.48e+00 1.67e+00) XE:1.67e-01 (1.22e+00 1.19e+00 | 6.84e-01 6.87e-01)	6.066197e+00 5.277926e+00 : 8.726248e-01
2290(1009) (1.86e+00 1.67e+00) XE:1.67e-01 (1.19e+00 1.19e+00 | 7.10e-01 6.87e-01)	6.065776e+00 5.277875e+00 : 8.725885e-01
2312(1005) (1.63e+00 1.67e+00) XE:1.67e-01 (1.18e+00 1.19e+00 | 6.58e-01 6.87e-01)	6.065423e+00 5.277390e+00 : 8.725241e-01
2335(1009) (1.74e+00 1.67e+00) XE:1.67e-01 (1.19e+00 1.19e+00 | 6.74e-01 6.87e-01)	6.065158e+00 5.276434e+00 : 8.724302e-01
2357(1002) (1.32e+00 1.67e+00) XE:1.67e-01 (1.19e+00 1.19e+00 | 7.31e-01 6.87e-01)	6.065169e+00 5.275192e+00 : 8.723355e-01
2380(1004) (1.96e+00 1.67e+00) XE:1.67e-01 (1.20e+00 1.19e+00 | 7.31e-01 6.87e-01)	6.065081e+00 5.274901e+00 : 8.723064e-01
2402(995) (1.88e+00 1.67e+00) XE:1.67e-01 (1.19e+00 1.19e+00 | 6.72e-01 6.87e-01)	6.064629e+00 5.274620e+00 : 8.722499e-01
2425(991) (1.67e+00 1.67e+00) XE:1.67e-01 (1.22e+00 1.19e+00 | 7.23e-01 6.87e-01)	6.064447e+00 5.274763e+00 : 8.722469e-01
2447(1007) (1.41e+00 1.67e+00) XE:1.67e-01 (1.16e+00 1.19e+00 | 7.08e-01 6.87e-01)	6.064629e+00 5.274951e+00 : 8.722754e-01
2470(1003) (1.60e+00 1.67e+00) XE:1.67e-01 (1.19e+00 1.19e+00 | 6.50e-01 6.87e-01)	6.064274e+00 5.274916e+00 : 8.722454e-01
2492(989) (1.50e+00 1.67e+00) XE:1.67e-01 (1.20e+00 1.19e+00 | 6.90e-01 6.87e-01)	6.064142e+00 5.274739e+00 : 8.722216e-01
2515(1009) (1.59e+00 1.67e+00) XE:1.67e-01 (1.18e+00 1.19e+00 | 6.80e-01 6.87e-01)	6.063953e+00 5.274442e+00 : 8.721842e-01
2537(991) (2.06e+00 1.67e+00) XE:1.67e-01 (1.19e+00 1.19e+00 | 7.23e-01 6.87e-01)	6.062955e+00 5.273492e+00 : 8.720344e-01
2560(1004) (1.51e+00 1.67e+00) XE:1.67e-01 (1.19e+00 1.19e+00 | 6.54e-01 6.87e-01)	6.062807e+00 5.273152e+00 : 8.719968e-01
2582(1010) (1.72e+00 1.67e+00) XE:1.67e-01 (1.19e+00 1.19e+00 | 6.98e-01 6.87e-01)	6.062528e+00 5.272688e+00 : 8.719397e-01
2604(989) (1.67e+00 1.67e+00) XE:1.67e-01 (1.17e+00 1.19e+00 | 7.04e-01 6.87e-01)	6.062067e+00 5.272231e+00 : 8.718691e-01
2627(1015) (1.38e+00 1.67e+00) XE:1.67e-01 (1.20e+00 1.19e+00 | 6.82e-01 6.87e-01)	6.061775e+00 5.271407e+00 : 8.717832e-01
2649(1007) (1.48e+00 1.67e+00) XE:1.67e-01 (1.20e+00 1.19e+00 | 6.68e-01 6.87e-01)	6.061525e+00 5.271561e+00 : 8.717758e-01
2672(1005) (1.85e+00 1.67e+00) XE:1.67e-01 (1.19e+00 1.19e+00 | 7.14e-01 6.87e-01)	6.061514e+00 5.270862e+00 : 8.717212e-01
2694(1009) (1.36e+00 1.67e+00) XE:1.67e-01 (1.19e+00 1.19e+00 | 6.50e-01 6.87e-01)	6.061016e+00 5.270294e+00 : 8.716393e-01
2717(1000) (1.65e+00 1.67e+00) XE:1.67e-01 (1.17e+00 1.19e+00 | 6.66e-01 6.87e-01)	6.060347e+00 5.270247e+00 : 8.715842e-01
2739(1005) (1.77e+00 1.67e+00) XE:1.67e-01 (1.19e+00 1.19e+00 | 7.73e-01 6.87e-01)	6.059729e+00 5.269612e+00 : 8.714877e-01
2762(996) (1.71e+00 1.67e+00) XE:1.67e-01 (1.17e+00 1.19e+00 | 7.00e-01 6.87e-01)	6.059353e+00 5.269364e+00 : 8.714398e-01
2784(1001) (1.68e+00 1.67e+00) XE:1.67e-01 (1.17e+00 1.19e+00 | 7.12e-01 6.87e-01)	6.059167e+00 5.269910e+00 : 8.714675e-01
2807(1001) (1.71e+00 1.67e+00) XE:1.67e-01 (1.18e+00 1.19e+00 | 6.84e-01 6.87e-01)	6.058296e+00 5.269728e+00 : 8.713865e-01
2829(993) (1.44e+00 1.67e+00) XE:1.67e-01 (1.21e+00 1.19e+00 | 7.14e-01 6.87e-01)	6.058220e+00 5.269495e+00 : 8.713627e-01
2851(1018) (1.20e+00 1.67e+00) XE:1.67e-01 (1.17e+00 1.19e+00 | 6.68e-01 6.87e-01)	6.058364e+00 5.269341e+00 : 8.713619e-01
2874(999) (1.74e+00 1.67e+00) XE:1.67e-01 (1.20e+00 1.19e+00 | 6.54e-01 6.87e-01)	6.057818e+00 5.268296e+00 : 8.712395e-01
2896(1012) (1.51e+00 1.67e+00) XE:1.67e-01 (1.17e+00 1.19e+00 | 6.94e-01 6.87e-01)	6.057716e+00 5.268014e+00 : 8.712100e-01
2919(998) (1.43e+00 1.67e+00) XE:1.67e-01 (1.24e+00 1.19e+00 | 7.33e-01 6.87e-01)	6.057880e+00 5.267823e+00 : 8.712079e-01
2941(999) (1.96e+00 1.67e+00) XE:1.67e-01 (1.18e+00 1.19e+00 | 6.22e-01 6.87e-01)	6.057426e+00 5.267214e+00 : 8.711261e-01
2964(1003) (1.17e+00 1.67e+00) XE:1.67e-01 (1.20e+00 1.19e+00 | 7.27e-01 6.87e-01)	6.057272e+00 5.267132e+00 : 8.711080e-01
2986(987) (2.01e+00 1.67e+00) XE:1.67e-01 (1.17e+00 1.19e+00 | 6.40e-01 6.87e-01)	6.057327e+00 5.266757e+00 : 8.710834e-01
3009(1001) (1.39e+00 1.67e+00) XE:1.67e-01 (1.20e+00 1.19e+00 | 6.30e-01 6.87e-01)	6.056203e+00 5.266509e+00 : 8.709778e-01
3031(1005) (1.22e+00 1.67e+00) XE:1.67e-01 (1.20e+00 1.19e+00 | 7.25e-01 6.87e-01)	6.056070e+00 5.266663e+00 : 8.709795e-01
3054(1005) (1.67e+00 1.67e+00) XE:1.67e-01 (1.19e+00 1.19e+00 | 6.56e-01 6.87e-01)	6.055601e+00 5.266466e+00 : 8.709283e-01
3076(994) (2.21e+00 1.67e+00) XE:1.67e-01 (1.18e+00 1.19e+00 | 6.92e-01 6.87e-01)	6.055402e+00 5.266181e+00 : 8.708910e-01
3099(1010) (1.59e+00 1.67e+00) XE:1.67e-01 (1.17e+00 1.19e+00 | 6.62e-01 6.87e-01)	6.055243e+00 5.265871e+00 : 8.708549e-01
3121(1005) (1.93e+00 1.67e+00) XE:1.67e-01 (1.19e+00 1.19e+00 | 7.25e-01 6.87e-01)	6.055141e+00 5.265470e+00 : 8.708162e-01
3144(1001) (1.56e+00 1.67e+00) XE:1.67e-01 (1.20e+00 1.19e+00 | 7.29e-01 6.87e-01)	6.053952e+00 5.265022e+00 : 8.706903e-01
3166(998) (1.53e+00 1.67e+00) XE:1.67e-01 (1.19e+00 1.19e+00 | 7.08e-01 6.87e-01)	6.053826e+00 5.264451e+00 : 8.706366e-01
3188(1013) (1.67e+00 1.67e+00) XE:1.67e-01 (1.20e+00 1.19e+00 | 7.04e-01 6.87e-01)	6.053702e+00 5.264298e+00 : 8.706154e-01
3211(985) (1.70e+00 1.67e+00) XE:1.67e-01 (1.21e+00 1.19e+00 | 6.68e-01 6.87e-01)	6.053488e+00 5.264134e+00 : 8.705864e-01
3233(1013) (1.17e+00 1.67e+00) XE:1.67e-01 (1.19e+00 1.19e+00 | 6.54e-01 6.87e-01)	6.053844e+00 5.263938e+00 : 8.705986e-01
3256(1002) (1.71e+00 1.67e+00) XE:1.67e-01 (1.18e+00 1.19e+00 | 7.04e-01 6.87e-01)	6.053527e+00 5.263664e+00 : 8.705532e-01
3278(1004) (1.52e+00 1.67e+00) XE:1.67e-01 (1.19e+00 1.19e+00 | 6.90e-01 6.87e-01)	6.053620e+00 5.263339e+00 : 8.705353e-01
3301(1007) (1.88e+00 1.67e+00) XE:1.67e-01 (1.16e+00 1.19e+00 | 6.68e-01 6.87e-01)	6.052956e+00 5.262924e+00 : 8.704524e-01
3323(1017) (1.82e+00 1.67e+00) XE:1.67e-01 (1.19e+00 1.19e+00 | 6.48e-01 6.87e-01)	6.052383e+00 5.262735e+00 : 8.703937e-01
3346(998) (1.39e+00 1.67e+00) XE:1.67e-01 (1.22e+00 1.19e+00 | 7.97e-01 6.87e-01)	6.052207e+00 5.262385e+00 : 8.703532e-01
3368(1007) (1.83e+00 1.67e+00) XE:1.67e-01 (1.19e+00 1.19e+00 | 6.94e-01 6.87e-01)	6.051959e+00 5.262351e+00 : 8.703316e-01
3391(998) (1.80e+00 1.67e+00) XE:1.67e-01 (1.17e+00 1.19e+00 | 6.74e-01 6.87e-01)	6.051252e+00 5.262396e+00 : 8.702806e-01
3413(1002) (1.63e+00 1.67e+00) XE:1.67e-01 (1.21e+00 1.19e+00 | 6.40e-01 6.87e-01)	6.051291e+00 5.262226e+00 : 8.702705e-01
3436(1005) (1.84e+00 1.67e+00) XE:1.67e-01 (1.20e+00 1.19e+00 | 6.58e-01 6.87e-01)	6.051271e+00 5.261928e+00 : 8.702460e-01
3458(1001) (1.77e+00 1.67e+00) XE:1.67e-01 (1.21e+00 1.19e+00 | 7.25e-01 6.87e-01)	6.050806e+00 5.261579e+00 : 8.701835e-01
3480(1004) (1.31e+00 1.67e+00) XE:1.67e-01 (1.23e+00 1.19e+00 | 7.10e-01 6.87e-01)	6.050992e+00 5.261484e+00 : 8.701905e-01
3503(1007) (1.48e+00 1.67e+00) XE:1.67e-01 (1.19e+00 1.19e+00 | 7.25e-01 6.87e-01)	6.050766e+00 5.261115e+00 : 8.701447e-01
3525(1024) (1.57e+00 1.67e+00) XE:1.67e-01 (1.20e+00 1.19e+00 | 7.02e-01 6.87e-01)	6.050521e+00 5.260518e+00 : 8.700799e-01
3548(998) (1.75e+00 1.67e+00) XE:1.67e-01 (1.21e+00 1.19e+00 | 7.16e-01 6.87e-01)	6.050516e+00 5.260168e+00 : 8.700526e-01
3570(1000) (1.94e+00 1.67e+00) XE:1.67e-01 (1.19e+00 1.19e+00 | 6.82e-01 6.87e-01)	6.050306e+00 5.260046e+00 : 8.700271e-01
3593(1006) (1.67e+00 1.67e+00) XE:1.67e-01 (1.15e+00 1.19e+00 | 6.74e-01 6.87e-01)	6.050041e+00 5.259626e+00 : 8.699744e-01
3615(1002) (2.03e+00 1.67e+00) XE:1.67e-01 (1.16e+00 1.19e+00 | 7.14e-01 6.87e-01)	6.050132e+00 5.259429e+00 : 8.699662e-01
3638(1000) (1.55e+00 1.67e+00) XE:1.67e-01 (1.19e+00 1.19e+00 | 6.66e-01 6.87e-01)	6.050232e+00 5.259390e+00 : 8.699709e-01
3660(1004) (1.92e+00 1.67e+00) XE:1.67e-01 (1.20e+00 1.19e+00 | 7.20e-01 6.87e-01)	6.049794e+00 5.259391e+00 : 8.699373e-01
3683(1017) (1.47e+00 1.67e+00) XE:1.67e-01 (1.16e+00 1.19e+00 | 6.86e-01 6.87e-01)	6.049759e+00 5.259282e+00 : 8.699263e-01
3705(1005) (1.59e+00 1.67e+00) XE:1.67e-01 (1.19e+00 1.19e+00 | 6.44e-01 6.87e-01)	6.049513e+00 5.259086e+00 : 8.698923e-01
3728(1004) (1.61e+00 1.67e+00) XE:1.67e-01 (1.20e+00 1.19e+00 | 6.90e-01 6.87e-01)	6.049294e+00 5.258766e+00 : 8.698508e-01
3750(986) (1.91e+00 1.67e+00) XE:1.67e-01 (1.17e+00 1.19e+00 | 7.00e-01 6.87e-01)	6.049618e+00 5.258352e+00 : 8.698438e-01
3772(1001) (1.57e+00 1.67e+00) XE:1.67e-01 (1.17e+00 1.19e+00 | 6.58e-01 6.87e-01)	6.049934e+00 5.258385e+00 : 8.698707e-01
3795(996) (1.81e+00 1.67e+00) XE:1.67e-01 (1.19e+00 1.19e+00 | 6.60e-01 6.87e-01)	6.049649e+00 5.258104e+00 : 8.698272e-01
3817(995) (1.75e+00 1.67e+00) XE:1.67e-01 (1.21e+00 1.19e+00 | 7.12e-01 6.87e-01)	6.049134e+00 5.258058e+00 : 8.697840e-01
3840(1006) (1.58e+00 1.67e+00) XE:1.67e-01 (1.18e+00 1.19e+00 | 6.50e-01 6.87e-01)	6.049046e+00 5.258074e+00 : 8.697784e-01
3862(981) (1.88e+00 1.67e+00) XE:1.67e-01 (1.19e+00 1.19e+00 | 7.53e-01 6.87e-01)	6.048511e+00 5.257785e+00 : 8.697151e-01
3885(990) (1.41e+00 1.67e+00) XE:1.67e-01 (1.18e+00 1.19e+00 | 6.52e-01 6.87e-01)	6.048407e+00 5.257771e+00 : 8.697060e-01
3907(1016) (1.57e+00 1.67e+00) XE:1.67e-01 (1.20e+00 1.19e+00 | 7.00e-01 6.87e-01)	6.048400e+00 5.257858e+00 : 8.697122e-01
3930(1000) (1.46e+00 1.67e+00) XE:1.67e-01 (1.17e+00 1.19e+00 | 6.60e-01 6.87e-01)	6.048172e+00 5.257488e+00 : 8.696661e-01
3952(1012) (1.53e+00 1.67e+00) XE:1.67e-01 (1.20e+00 1.19e+00 | 6.26e-01 6.87e-01)	6.048104e+00 5.257578e+00 : 8.696679e-01
3975(1009) (1.38e+00 1.67e+00) XE:1.67e-01 (1.21e+00 1.19e+00 | 6.84e-01 6.87e-01)	6.047810e+00 5.257136e+00 : 8.696112e-01
3997(1002) (1.69e+00 1.67e+00) XE:1.67e-01 (1.17e+00 1.19e+00 | 7.41e-01 6.87e-01)	6.048234e+00 5.257123e+00 : 8.696428e-01
4020(996) (1.62e+00 1.67e+00) XE:1.67e-01 (1.17e+00 1.19e+00 | 6.88e-01 6.87e-01)	6.048404e+00 5.256965e+00 : 8.696438e-01
4042(987) (1.92e+00 1.67e+00) XE:1.67e-01 (1.17e+00 1.19e+00 | 7.06e-01 6.87e-01)	6.047885e+00 5.256679e+00 : 8.695819e-01
4064(1002) (1.62e+00 1.67e+00) XE:1.67e-01 (1.19e+00 1.19e+00 | 6.86e-01 6.87e-01)	6.047952e+00 5.256847e+00 : 8.695999e-01
4087(1000) (1.85e+00 1.67e+00) XE:1.67e-01 (1.19e+00 1.19e+00 | 7.12e-01 6.87e-01)	6.047689e+00 5.256783e+00 : 8.695748e-01
4109(1009) (1.62e+00 1.67e+00) XE:1.67e-01 (1.18e+00 1.19e+00 | 6.86e-01 6.87e-01)	6.047371e+00 5.256886e+00 : 8.695583e-01
4132(1005) (1.49e+00 1.67e+00) XE:1.67e-01 (1.21e+00 1.19e+00 | 7.43e-01 6.87e-01)	6.047172e+00 5.256678e+00 : 8.695269e-01
4154(1008) (1.61e+00 1.67e+00) XE:1.67e-01 (1.22e+00 1.19e+00 | 6.96e-01 6.87e-01)	6.046948e+00 5.256811e+00 : 8.695199e-01
4177(1009) (1.17e+00 1.67e+00) XE:1.67e-01 (1.23e+00 1.19e+00 | 7.00e-01 6.87e-01)	6.047132e+00 5.256736e+00 : 8.695283e-01
4199(1007) (1.83e+00 1.67e+00) XE:1.67e-01 (1.20e+00 1.19e+00 | 7.31e-01 6.87e-01)	6.046867e+00 5.256678e+00 : 8.695035e-01
4222(999) (1.12e+00 1.67e+00) XE:1.67e-01 (1.20e+00 1.19e+00 | 6.96e-01 6.87e-01)	6.046466e+00 5.256490e+00 : 8.694582e-01
4244(1008) (1.75e+00 1.67e+00) XE:1.67e-01 (1.21e+00 1.19e+00 | 6.66e-01 6.87e-01)	6.046377e+00 5.256371e+00 : 8.694421e-01
4267(1006) (1.71e+00 1.67e+00) XE:1.67e-01 (1.20e+00 1.19e+00 | 6.62e-01 6.87e-01)	6.046195e+00 5.256047e+00 : 8.694033e-01
4289(1001) (1.62e+00 1.67e+00) XE:1.67e-01 (1.19e+00 1.19e+00 | 6.64e-01 6.87e-01)	6.046287e+00 5.256159e+00 : 8.694190e-01
4312(1018) (1.35e+00 1.67e+00) XE:1.67e-01 (1.17e+00 1.19e+00 | 7.31e-01 6.87e-01)	6.046205e+00 5.256031e+00 : 8.694028e-01
4334(1001) (1.57e+00 1.67e+00) XE:1.67e-01 (1.17e+00 1.19e+00 | 6.44e-01 6.87e-01)	6.046262e+00 5.256000e+00 : 8.694048e-01
4356(1009) (1.36e+00 1.67e+00) XE:1.67e-01 (1.20e+00 1.19e+00 | 7.43e-01 6.87e-01)	6.046434e+00 5.255938e+00 : 8.694132e-01
4379(996) (1.92e+00 1.67e+00) XE:1.67e-01 (1.17e+00 1.19e+00 | 6.64e-01 6.87e-01)	6.046323e+00 5.255962e+00 : 8.694065e-01
4401(1011) (1.27e+00 1.67e+00) XE:1.67e-01 (1.17e+00 1.19e+00 | 7.00e-01 6.87e-01)	6.046104e+00 5.256085e+00 : 8.693991e-01
4424(1000) (1.32e+00 1.67e+00) XE:1.67e-01 (1.17e+00 1.19e+00 | 6.70e-01 6.87e-01)	6.046033e+00 5.256090e+00 : 8.693941e-01
4446(1016) (1.45e+00 1.67e+00) XE:1.67e-01 (1.19e+00 1.19e+00 | 6.22e-01 6.87e-01)	6.046110e+00 5.256028e+00 : 8.693952e-01
4469(1003) (1.81e+00 1.67e+00) XE:1.67e-01 (1.19e+00 1.19e+00 | 7.20e-01 6.87e-01)	6.045992e+00 5.255820e+00 : 8.693701e-01
4491(994) (1.68e+00 1.67e+00) XE:1.67e-01 (1.16e+00 1.19e+00 | 6.96e-01 6.87e-01)	6.045660e+00 5.255641e+00 : 8.693308e-01
4514(1014) (1.43e+00 1.67e+00) XE:1.67e-01 (1.15e+00 1.19e+00 | 6.72e-01 6.87e-01)	6.045618e+00 5.255402e+00 : 8.693093e-01
4536(988) (1.54e+00 1.67e+00) XE:1.67e-01 (1.20e+00 1.19e+00 | 6.48e-01 6.87e-01)	6.045488e+00 5.255445e+00 : 8.693026e-01
4559(994) (1.66e+00 1.67e+00) XE:1.67e-01 (1.17e+00 1.19e+00 | 6.48e-01 6.87e-01)	6.045439e+00 5.255522e+00 : 8.693047e-01
4581(1006) (1.83e+00 1.67e+00) XE:1.67e-01 (1.16e+00 1.19e+00 | 7.02e-01 6.87e-01)	6.045282e+00 5.255317e+00 : 8.692768e-01
4603(987) (2.13e+00 1.67e+00) XE:1.67e-01 (1.19e+00 1.19e+00 | 6.92e-01 6.87e-01)	6.044955e+00 5.254935e+00 : 8.692223e-01
4626(1017) (1.26e+00 1.67e+00) XE:1.67e-01 (1.16e+00 1.19e+00 | 6.70e-01 6.87e-01)	6.044970e+00 5.255228e+00 : 8.692460e-01
4648(1002) (1.55e+00 1.67e+00) XE:1.67e-01 (1.20e+00 1.19e+00 | 7.10e-01 6.87e-01)	6.044782e+00 5.255133e+00 : 8.692242e-01
4671(992) (1.66e+00 1.67e+00) XE:1.67e-01 (1.18e+00 1.19e+00 | 6.38e-01 6.87e-01)	6.044829e+00 5.255150e+00 : 8.692292e-01
4693(995) (1.80e+00 1.67e+00) XE:1.67e-01 (1.19e+00 1.19e+00 | 7.06e-01 6.87e-01)	6.044869e+00 5.254720e+00 : 8.691991e-01
4716(996) (1.92e+00 1.67e+00) XE:1.67e-01 (1.17e+00 1.19e+00 | 6.86e-01 6.87e-01)	6.044592e+00 5.254424e+00 : 8.691551e-01
4738(1006) (1.57e+00 1.67e+00) XE:1.67e-01 (1.19e+00 1.19e+00 | 7.41e-01 6.87e-01)	6.044158e+00 5.254464e+00 : 8.691248e-01
4761(1014) (1.37e+00 1.67e+00) XE:1.67e-01 (1.18e+00 1.19e+00 | 6.74e-01 6.87e-01)	6.044333e+00 5.254495e+00 : 8.691406e-01
4783(995) (1.72e+00 1.67e+00) XE:1.67e-01 (1.19e+00 1.19e+00 | 7.20e-01 6.87e-01)	6.044298e+00 5.254246e+00 : 8.691188e-01
4806(1011) (1.59e+00 1.67e+00) XE:1.67e-01 (1.19e+00 1.19e+00 | 6.54e-01 6.87e-01)	6.044405e+00 5.254222e+00 : 8.691251e-01
4828(990) (1.76e+00 1.67e+00) XE:1.67e-01 (1.19e+00 1.19e+00 | 7.31e-01 6.87e-01)	6.044234e+00 5.254192e+00 : 8.691097e-01
4850(991) (2.08e+00 1.67e+00) XE:1.67e-01 (1.20e+00 1.19e+00 | 6.48e-01 6.87e-01)	6.044139e+00 5.253784e+00 : 8.690710e-01
4873(993) (1.94e+00 1.67e+00) XE:1.67e-01 (1.17e+00 1.19e+00 | 6.34e-01 6.87e-01)	6.043774e+00 5.253203e+00 : 8.689983e-01
4895(1001) (1.76e+00 1.67e+00) XE:1.67e-01 (1.19e+00 1.19e+00 | 6.88e-01 6.88e-01)	6.043673e+00 5.253062e+00 : 8.689796e-01
4918(1009) (1.54e+00 1.67e+00) XE:1.67e-01 (1.18e+00 1.19e+00 | 6.60e-01 6.88e-01)	6.043405e+00 5.253001e+00 : 8.689543e-01
4940(1005) (1.43e+00 1.67e+00) XE:1.67e-01 (1.16e+00 1.19e+00 | 6.50e-01 6.88e-01)	6.043175e+00 5.253011e+00 : 8.689374e-01
4963(979) (2.05e+00 1.67e+00) XE:1.67e-01 (1.19e+00 1.19e+00 | 7.31e-01 6.88e-01)	6.042667e+00 5.252990e+00 : 8.688966e-01
4985(1009) (1.31e+00 1.67e+00) XE:1.67e-01 (1.18e+00 1.19e+00 | 6.18e-01 6.88e-01)	6.042613e+00 5.253362e+00 : 8.689211e-01
5008(993) (1.52e+00 1.67e+00) XE:1.67e-01 (1.17e+00 1.19e+00 | 6.60e-01 6.88e-01)	6.042587e+00 5.253317e+00 : 8.689157e-01
5030(1007) (1.83e+00 1.67e+00) XE:1.67e-01 (1.16e+00 1.19e+00 | 6.46e-01 6.88e-01)	6.042552e+00 5.253243e+00 : 8.689073e-01
5053(1002) (2.24e+00 1.67e+00) XE:1.67e-01 (1.18e+00 1.19e+00 | 6.42e-01 6.88e-01)	6.042466e+00 5.253221e+00 : 8.688990e-01
5075(990) (1.93e+00 1.67e+00) XE:1.67e-01 (1.16e+00 1.19e+00 | 5.85e-01 6.88e-01)	6.042368e+00 5.253101e+00 : 8.688822e-01
5097(1008) (1.43e+00 1.67e+00) XE:1.67e-01 (1.18e+00 1.19e+00 | 6.56e-01 6.88e-01)	6.042318e+00 5.252819e+00 : 8.688567e-01
5120(996) (1.76e+00 1.67e+00) XE:1.67e-01 (1.19e+00 1.19e+00 | 7.49e-01 6.88e-01)	6.042084e+00 5.252761e+00 : 8.688342e-01
5142(990) (1.81e+00 1.67e+00) XE:1.67e-01 (1.17e+00 1.19e+00 | 6.52e-01 6.88e-01)	6.041635e+00 5.252478e+00 : 8.687779e-01
5165(989) (1.79e+00 1.67e+00) XE:1.67e-01 (1.21e+00 1.19e+00 | 6.96e-01 6.88e-01)	6.041435e+00 5.252412e+00 : 8.687575e-01
5187(994) (1.66e+00 1.67e+00) XE:1.67e-01 (1.20e+00 1.19e+00 | 6.82e-01 6.88e-01)	6.041285e+00 5.252369e+00 : 8.687426e-01
5210(985) (1.71e+00 1.67e+00) XE:1.67e-01 (1.19e+00 1.19e+00 | 6.74e-01 6.88e-01)	6.041202e+00 5.252297e+00 : 8.687307e-01
5232(1003) (1.74e+00 1.67e+00) XE:1.67e-01 (1.19e+00 1.19e+00 | 7.18e-01 6.88e-01)	6.041124e+00 5.252330e+00 : 8.687273e-01
5255(998) (1.54e+00 1.67e+00) XE:1.67e-01 (1.21e+00 1.19e+00 | 6.68e-01 6.88e-01)	6.041241e+00 5.252237e+00 : 8.687291e-01
5277(1007) (1.80e+00 1.67e+00) XE:1.67e-01 (1.21e+00 1.19e+00 | 7.97e-01 6.88e-01)	6.040839e+00 5.252357e+00 : 8.687074e-01
5300(990) (1.63e+00 1.67e+00) XE:1.67e-01 (1.19e+00 1.19e+00 | 6.52e-01 6.88e-01)	6.040910e+00 5.252554e+00 : 8.687280e-01
5322(997) (1.71e+00 1.67e+00) XE:1.67e-01 (1.19e+00 1.19e+00 | 6.88e-01 6.88e-01)	6.040802e+00 5.252503e+00 : 8.687158e-01
5344(1000) (1.57e+00 1.67e+00) XE:1.67e-01 (1.16e+00 1.19e+00 | 6.88e-01 6.87e-01)	6.040609e+00 5.252568e+00 : 8.687059e-01
5367(1001) (1.71e+00 1.67e+00) XE:1.67e-01 (1.18e+00 1.19e+00 | 6.62e-01 6.88e-01)	6.040254e+00 5.252401e+00 : 8.686658e-01
5389(995) (1.55e+00 1.67e+00) XE:1.67e-01 (1.17e+00 1.19e+00 | 6.98e-01 6.87e-01)	6.040176e+00 5.252067e+00 : 8.686341e-01
5412(986) (1.76e+00 1.67e+00) XE:1.67e-01 (1.19e+00 1.19e+00 | 7.14e-01 6.87e-01)	6.040773e+00 5.251885e+00 : 8.686660e-01
5434(995) (1.68e+00 1.67e+00) XE:1.67e-01 (1.15e+00 1.19e+00 | 6.80e-01 6.87e-01)	6.040847e+00 5.251778e+00 : 8.686634e-01
5457(987) (1.87e+00 1.67e+00) XE:1.67e-01 (1.20e+00 1.19e+00 | 6.54e-01 6.87e-01)	6.040838e+00 5.251801e+00 : 8.686645e-01
5479(997) (1.74e+00 1.67e+00) XE:1.67e-01 (1.16e+00 1.19e+00 | 6.56e-01 6.87e-01)	6.040568e+00 5.251688e+00 : 8.686351e-01
5502(1009) (1.71e+00 1.67e+00) XE:1.67e-01 (1.20e+00 1.19e+00 | 6.60e-01 6.87e-01)	6.040611e+00 5.251666e+00 : 8.686367e-01
5524(998) (1.85e+00 1.67e+00) XE:1.67e-01 (1.18e+00 1.19e+00 | 7.25e-01 6.87e-01)	6.040351e+00 5.251757e+00 : 8.686237e-01
5547(1004) (1.48e+00 1.67e+00) XE:1.67e-01 (1.19e+00 1.19e+00 | 7.49e-01 6.87e-01)	6.040214e+00 5.251622e+00 : 8.686028e-01
5569(995) (1.82e+00 1.67e+00) XE:1.67e-01 (1.19e+00 1.19e+00 | 7.06e-01 6.87e-01)	6.040532e+00 5.251755e+00 : 8.686374e-01
5592(1012) (1.38e+00 1.67e+00) XE:1.67e-01 (1.25e+00 1.19e+00 | 7.23e-01 6.87e-01)	6.040174e+00 5.251818e+00 : 8.686148e-01
5614(1009) (1.49e+00 1.67e+00) XE:1.67e-01 (1.18e+00 1.19e+00 | 7.25e-01 6.87e-01)	6.040247e+00 5.251836e+00 : 8.686218e-01
5636(988) (1.82e+00 1.67e+00) XE:1.67e-01 (1.21e+00 1.19e+00 | 6.82e-01 6.88e-01)	6.040120e+00 5.251602e+00 : 8.685940e-01
5659(1007) (1.55e+00 1.67e+00) XE:1.67e-01 (1.18e+00 1.19e+00 | 6.24e-01 6.88e-01)	6.040114e+00 5.251498e+00 : 8.685856e-01
5681(997) (1.51e+00 1.67e+00) XE:1.67e-01 (1.17e+00 1.19e+00 | 6.74e-01 6.88e-01)	6.040005e+00 5.251637e+00 : 8.685878e-01
5704(993) (1.61e+00 1.67e+00) XE:1.67e-01 (1.18e+00 1.19e+00 | 6.68e-01 6.87e-01)	6.040087e+00 5.251430e+00 : 8.685782e-01
5726(1008) (1.33e+00 1.67e+00) XE:1.67e-01 (1.18e+00 1.19e+00 | 6.72e-01 6.87e-01)	6.040039e+00 5.251099e+00 : 8.685491e-01
5749(992) (1.87e+00 1.67e+00) XE:1.67e-01 (1.18e+00 1.19e+00 | 6.88e-01 6.87e-01)	6.040059e+00 5.251075e+00 : 8.685487e-01
5771(993) (1.59e+00 1.67e+00) XE:1.67e-01 (1.17e+00 1.19e+00 | 6.48e-01 6.87e-01)	6.039856e+00 5.251081e+00 : 8.685336e-01
5794(993) (1.65e+00 1.67e+00) XE:1.67e-01 (1.20e+00 1.19e+00 | 6.44e-01 6.87e-01)	6.039850e+00 5.251072e+00 : 8.685325e-01
5816(996) (1.54e+00 1.67e+00) XE:1.67e-01 (1.17e+00 1.19e+00 | 6.92e-01 6.87e-01)	6.040160e+00 5.251274e+00 : 8.685719e-01
5839(991) (1.87e+00 1.67e+00) XE:1.67e-01 (1.18e+00 1.19e+00 | 7.57e-01 6.87e-01)	6.039828e+00 5.250994e+00 : 8.685248e-01
5861(991) (1.70e+00 1.67e+00) XE:1.67e-01 (1.18e+00 1.19e+00 | 6.88e-01 6.87e-01)	6.039559e+00 5.250797e+00 : 8.684890e-01
5884(990) (1.84e+00 1.67e+00) XE:1.67e-01 (1.22e+00 1.19e+00 | 6.70e-01 6.87e-01)	6.039563e+00 5.250676e+00 : 8.684799e-01
5906(991) (1.82e+00 1.67e+00) XE:1.67e-01 (1.18e+00 1.19e+00 | 6.72e-01 6.87e-01)	6.039365e+00 5.250606e+00 : 8.684593e-01
5928(998) (1.28e+00 1.67e+00) XE:1.67e-01 (1.18e+00 1.19e+00 | 7.35e-01 6.87e-01)	6.039335e+00 5.250509e+00 : 8.684496e-01
5951(996) (1.95e+00 1.67e+00) XE:1.67e-01 (1.20e+00 1.19e+00 | 6.72e-01 6.87e-01)	6.039018e+00 5.250360e+00 : 8.684137e-01
5973(1001) (1.31e+00 1.67e+00) XE:1.67e-01 (1.21e+00 1.19e+00 | 6.62e-01 6.87e-01)	6.038815e+00 5.250531e+00 : 8.684112e-01
5996(1000) (1.76e+00 1.67e+00) XE:1.67e-01 (1.21e+00 1.19e+00 | 6.78e-01 6.87e-01)	6.038659e+00 5.250372e+00 : 8.683870e-01
6018(989) (2.10e+00 1.67e+00) XE:1.67e-01 (1.18e+00 1.19e+00 | 6.58e-01 6.87e-01)	6.038487e+00 5.250063e+00 : 8.683500e-01
6041(997) (1.61e+00 1.67e+00) XE:1.67e-01 (1.22e+00 1.19e+00 | 6.68e-01 6.87e-01)	6.038298e+00 5.249924e+00 : 8.683248e-01
6063(1004) (2.21e+00 1.67e+00) XE:1.67e-01 (1.20e+00 1.19e+00 | 7.14e-01 6.87e-01)	6.038362e+00 5.249896e+00 : 8.683276e-01
6086(992) (1.65e+00 1.67e+00) XE:1.67e-01 (1.16e+00 1.19e+00 | 6.60e-01 6.87e-01)	6.038189e+00 5.250019e+00 : 8.683237e-01
6108(1009) (1.74e+00 1.67e+00) XE:1.67e-01 (1.23e+00 1.19e+00 | 6.78e-01 6.87e-01)	6.038240e+00 5.250197e+00 : 8.683413e-01
6131(1001) (1.45e+00 1.67e+00) XE:1.67e-01 (1.19e+00 1.19e+00 | 6.84e-01 6.87e-01)	6.038089e+00 5.250124e+00 : 8.683241e-01
6153(1004) (1.71e+00 1.67e+00) XE:1.67e-01 (1.18e+00 1.19e+00 | 6.54e-01 6.87e-01)	6.037947e+00 5.249825e+00 : 8.682901e-01
6176(1005) (1.63e+00 1.67e+00) XE:1.67e-01 (1.21e+00 1.19e+00 | 7.08e-01 6.87e-01)	6.037856e+00 5.249560e+00 : 8.682627e-01
6198(990) (1.63e+00 1.67e+00) XE:1.67e-01 (1.20e+00 1.19e+00 | 7.04e-01 6.87e-01)	6.037727e+00 5.249272e+00 : 8.682307e-01
6220(990) (1.76e+00 1.67e+00) XE:1.67e-01 (1.19e+00 1.19e+00 | 7.33e-01 6.87e-01)	6.037450e+00 5.248835e+00 : 8.681758e-01
6243(992) (1.60e+00 1.67e+00) XE:1.67e-01 (1.19e+00 1.19e+00 | 7.06e-01 6.87e-01)	6.037270e+00 5.248573e+00 : 8.681418e-01
6265(988) (1.68e+00 1.67e+00) XE:1.67e-01 (1.21e+00 1.19e+00 | 7.55e-01 6.87e-01)	6.037008e+00 5.248605e+00 : 8.681241e-01
6288(991) (1.80e+00 1.67e+00) XE:1.67e-01 (1.19e+00 1.19e+00 | 6.88e-01 6.87e-01)	6.036882e+00 5.248471e+00 : 8.681041e-01
6310(1010) (1.68e+00 1.67e+00) XE:1.67e-01 (1.18e+00 1.19e+00 | 6.84e-01 6.87e-01)	6.037109e+00 5.248571e+00 : 8.681292e-01
6333(1005) (1.73e+00 1.67e+00) XE:1.67e-01 (1.22e+00 1.19e+00 | 7.23e-01 6.87e-01)	6.037167e+00 5.248492e+00 : 8.681276e-01
6355(1006) (1.94e+00 1.67e+00) XE:1.67e-01 (1.21e+00 1.19e+00 | 7.53e-01 6.87e-01)	6.037087e+00 5.248492e+00 : 8.681215e-01
6378(1000) (2.06e+00 1.67e+00) XE:1.67e-01 (1.16e+00 1.19e+00 | 6.20e-01 6.87e-01)	6.036663e+00 5.248213e+00 : 8.680673e-01
6400(995) (1.62e+00 1.67e+00) XE:1.67e-01 (1.19e+00 1.19e+00 | 6.96e-01 6.87e-01)	6.036677e+00 5.248076e+00 : 8.680579e-01
6422(993) (1.60e+00 1.67e+00) XE:1.67e-01 (1.18e+00 1.19e+00 | 6.62e-01 6.87e-01)	6.036983e+00 5.248190e+00 : 8.680902e-01
6445(1005) (1.78e+00 1.67e+00) XE:1.67e-01 (1.19e+00 1.19e+00 | 6.88e-01 6.87e-01)	6.036828e+00 5.248034e+00 : 8.680663e-01
6467(998) (1.58e+00 1.67e+00) XE:1.67e-01 (1.21e+00 1.19e+00 | 7.06e-01 6.87e-01)	6.036630e+00 5.248271e+00 : 8.680693e-01
6490(985) (2.17e+00 1.67e+00) XE:1.67e-01 (1.15e+00 1.19e+00 | 6.80e-01 6.87e-01)	6.036450e+00 5.247923e+00 : 8.680287e-01
6512(996) (2.18e+00 1.67e+00) XE:1.67e-01 (1.17e+00 1.19e+00 | 6.58e-01 6.87e-01)	6.036229e+00 5.247646e+00 : 8.679904e-01
6535(997) (1.61e+00 1.67e+00) XE:1.67e-01 (1.19e+00 1.19e+00 | 7.00e-01 6.87e-01)	6.036099e+00 5.247414e+00 : 8.679625e-01
6557(1002) (1.97e+00 1.67e+00) XE:1.67e-01 (1.18e+00 1.19e+00 | 6.88e-01 6.87e-01)	6.036058e+00 5.247267e+00 : 8.679481e-01
6580(990) (1.87e+00 1.67e+00) XE:1.67e-01 (1.21e+00 1.19e+00 | 6.66e-01 6.87e-01)	6.035808e+00 5.247113e+00 : 8.679170e-01
6602(1010) (1.54e+00 1.67e+00) XE:1.67e-01 (1.18e+00 1.19e+00 | 7.00e-01 6.87e-01)	6.035810e+00 5.246896e+00 : 8.679004e-01
6625(987) (2.24e+00 1.67e+00) XE:1.67e-01 (1.21e+00 1.19e+00 | 7.55e-01 6.87e-01)	6.035698e+00 5.246740e+00 : 8.678798e-01
6647(1015) (1.34e+00 1.67e+00) XE:1.67e-01 (1.19e+00 1.19e+00 | 7.02e-01 6.87e-01)	6.035644e+00 5.246815e+00 : 8.678815e-01
6669(1002) (1.43e+00 1.67e+00) XE:1.67e-01 (1.16e+00 1.19e+00 | 6.42e-01 6.87e-01)	6.035754e+00 5.247009e+00 : 8.679048e-01
6692(999) (1.26e+00 1.67e+00) XE:1.67e-01 (1.20e+00 1.19e+00 | 6.76e-01 6.87e-01)	6.035437e+00 5.246669e+00 : 8.678543e-01
6714(1001) (1.47e+00 1.67e+00) XE:1.67e-01 (1.19e+00 1.19e+00 | 7.29e-01 6.87e-01)	6.035568e+00 5.246688e+00 : 8.678658e-01
6737(1006) (1.48e+00 1.67e+00) XE:1.67e-01 (1.17e+00 1.19e+00 | 6.94e-01 6.87e-01)	6.035450e+00 5.246580e+00 : 8.678484e-01
6759(1003) (1.25e+00 1.67e+00) XE:1.67e-01 (1.18e+00 1.19e+00 | 6.36e-01 6.87e-01)	6.035465e+00 5.246636e+00 : 8.678539e-01
6782(1005) (1.78e+00 1.67e+00) XE:1.67e-01 (1.19e+00 1.19e+00 | 7.14e-01 6.87e-01)	6.035272e+00 5.246590e+00 : 8.678355e-01
6804(995) (1.77e+00 1.67e+00) XE:1.67e-01 (1.17e+00 1.19e+00 | 6.86e-01 6.87e-01)	6.035408e+00 5.246482e+00 : 8.678377e-01
6827(1009) (1.76e+00 1.67e+00) XE:1.67e-01 (1.18e+00 1.19e+00 | 6.62e-01 6.87e-01)	6.035292e+00 5.246404e+00 : 8.678227e-01
6849(1001) (1.66e+00 1.67e+00) XE:1.67e-01 (1.19e+00 1.19e+00 | 6.94e-01 6.87e-01)	6.035255e+00 5.246426e+00 : 8.678216e-01
6872(1006) (1.99e+00 1.67e+00) XE:1.67e-01 (1.17e+00 1.19e+00 | 6.38e-01 6.87e-01)	6.035082e+00 5.246523e+00 : 8.678158e-01
6894(1008) (1.70e+00 1.67e+00) XE:1.67e-01 (1.20e+00 1.19e+00 | 6.28e-01 6.87e-01)	6.034927e+00 5.246323e+00 : 8.677885e-01
6916(1009) (1.57e+00 1.67e+00) XE:1.67e-01 (1.18e+00 1.19e+00 | 6.94e-01 6.87e-01)	6.034946e+00 5.246180e+00 : 8.677789e-01
6939(1010) (1.60e+00 1.67e+00) XE:1.67e-01 (1.20e+00 1.19e+00 | 6.78e-01 6.87e-01)	6.035084e+00 5.246139e+00 : 8.677864e-01
6961(997) (1.45e+00 1.67e+00) XE:1.67e-01 (1.18e+00 1.19e+00 | 7.00e-01 6.87e-01)	6.035034e+00 5.246125e+00 : 8.677814e-01
6984(998) (1.21e+00 1.67e+00) XE:1.67e-01 (1.16e+00 1.19e+00 | 6.52e-01 6.87e-01)	6.035048e+00 5.246029e+00 : 8.677752e-01
7006(1006) (1.66e+00 1.67e+00) XE:1.67e-01 (1.21e+00 1.19e+00 | 7.25e-01 6.87e-01)	6.035107e+00 5.245898e+00 : 8.677696e-01
7029(1003) (1.71e+00 1.67e+00) XE:1.67e-01 (1.20e+00 1.19e+00 | 6.26e-01 6.87e-01)	6.035038e+00 5.246046e+00 : 8.677757e-01
7051(993) (1.55e+00 1.67e+00) XE:1.67e-01 (1.21e+00 1.19e+00 | 6.48e-01 6.87e-01)	6.034860e+00 5.245965e+00 : 8.677557e-01
7074(995) (1.70e+00 1.67e+00) XE:1.67e-01 (1.19e+00 1.19e+00 | 6.90e-01 6.87e-01)	6.034714e+00 5.245823e+00 : 8.677336e-01
7096(991) (1.76e+00 1.67e+00) XE:1.67e-01 (1.21e+00 1.19e+00 | 6.98e-01 6.87e-01)	6.034448e+00 5.245789e+00 : 8.677106e-01
7119(1007) (1.40e+00 1.67e+00) XE:1.67e-01 (1.18e+00 1.19e+00 | 6.80e-01 6.87e-01)	6.034101e+00 5.245731e+00 : 8.676794e-01
7141(1010) (1.40e+00 1.67e+00) XE:1.67e-01 (1.15e+00 1.19e+00 | 6.82e-01 6.87e-01)	6.034106e+00 5.245790e+00 : 8.676843e-01
7164(1013) (1.20e+00 1.67e+00) XE:1.67e-01 (1.19e+00 1.19e+00 | 6.80e-01 6.87e-01)	6.034044e+00 5.245857e+00 : 8.676846e-01
7186(1011) (1.36e+00 1.67e+00) XE:1.67e-01 (1.19e+00 1.19e+00 | 7.51e-01 6.87e-01)	6.034169e+00 5.245819e+00 : 8.676914e-01
7208(1013) (1.85e+00 1.67e+00) XE:1.67e-01 (1.18e+00 1.19e+00 | 6.84e-01 6.87e-01)	6.034175e+00 5.245633e+00 : 8.676775e-01
7231(994) (1.85e+00 1.67e+00) XE:1.67e-01 (1.20e+00 1.19e+00 | 6.96e-01 6.87e-01)	6.034502e+00 5.245808e+00 : 8.677162e-01
7253(1001) (1.61e+00 1.67e+00) XE:1.67e-01 (1.18e+00 1.19e+00 | 7.53e-01 6.87e-01)	6.034349e+00 5.245800e+00 : 8.677038e-01
7276(1000) (1.42e+00 1.67e+00) XE:1.67e-01 (1.15e+00 1.19e+00 | 6.76e-01 6.87e-01)	6.034175e+00 5.245855e+00 : 8.676946e-01
7298(1007) (1.39e+00 1.67e+00) XE:1.67e-01 (1.17e+00 1.19e+00 | 6.92e-01 6.87e-01)	6.033934e+00 5.245814e+00 : 8.676729e-01
7321(992) (1.68e+00 1.67e+00) XE:1.67e-01 (1.18e+00 1.19e+00 | 6.70e-01 6.87e-01)	6.033785e+00 5.245773e+00 : 8.676583e-01
7343(999) (1.85e+00 1.67e+00) XE:1.67e-01 (1.19e+00 1.19e+00 | 7.08e-01 6.87e-01)	6.033653e+00 5.245865e+00 : 8.676552e-01
7366(997) (1.64e+00 1.67e+00) XE:1.67e-01 (1.18e+00 1.19e+00 | 6.84e-01 6.87e-01)	6.033556e+00 5.245798e+00 : 8.676426e-01
7388(994) (1.61e+00 1.67e+00) XE:1.67e-01 (1.20e+00 1.19e+00 | 7.14e-01 6.87e-01)	6.033366e+00 5.245632e+00 : 8.676152e-01
7410(1006) (1.71e+00 1.67e+00) XE:1.67e-01 (1.19e+00 1.19e+00 | 6.80e-01 6.87e-01)	6.033191e+00 5.245579e+00 : 8.675977e-01
7433(997) (1.66e+00 1.67e+00) XE:1.67e-01 (1.20e+00 1.19e+00 | 6.64e-01 6.87e-01)	6.032969e+00 5.245614e+00 : 8.675833e-01
7455(999) (2.00e+00 1.67e+00) XE:1.67e-01 (1.18e+00 1.19e+00 | 6.60e-01 6.87e-01)	6.032849e+00 5.245535e+00 : 8.675680e-01
7478(1008) (1.59e+00 1.67e+00) XE:1.67e-01 (1.20e+00 1.19e+00 | 6.88e-01 6.87e-01)	6.032676e+00 5.245142e+00 : 8.675245e-01
7500(1000) (1.76e+00 1.67e+00) XE:1.67e-01 (1.17e+00 1.19e+00 | 6.50e-01 6.87e-01)	6.032728e+00 5.245073e+00 : 8.675231e-01
7523(992) (1.94e+00 1.67e+00) XE:1.67e-01 (1.18e+00 1.19e+00 | 6.40e-01 6.87e-01)	6.032591e+00 5.245097e+00 : 8.675144e-01
7545(1003) (1.81e+00 1.67e+00) XE:1.67e-01 (1.20e+00 1.19e+00 | 7.02e-01 6.87e-01)	6.032482e+00 5.244993e+00 : 8.674981e-01
7568(1003) (1.81e+00 1.67e+00) XE:1.67e-01 (1.19e+00 1.19e+00 | 6.76e-01 6.87e-01)	6.032365e+00 5.244987e+00 : 8.674887e-01
7590(1005) (1.59e+00 1.67e+00) XE:1.67e-01 (1.20e+00 1.19e+00 | 7.31e-01 6.87e-01)	6.032399e+00 5.244949e+00 : 8.674883e-01
7613(1010) (1.57e+00 1.67e+00) XE:1.67e-01 (1.19e+00 1.19e+00 | 7.29e-01 6.87e-01)	6.032347e+00 5.244921e+00 : 8.674822e-01
7635(1005) (2.04e+00 1.67e+00) XE:1.67e-01 (1.21e+00 1.19e+00 | 7.06e-01 6.87e-01)	6.032253e+00 5.244972e+00 : 8.674789e-01
7658(1004) (1.56e+00 1.67e+00) XE:1.67e-01 (1.19e+00 1.19e+00 | 7.10e-01 6.87e-01)	6.032360e+00 5.244871e+00 : 8.674793e-01
7680(998) (1.34e+00 1.67e+00) XE:1.67e-01 (1.18e+00 1.19e+00 | 6.82e-01 6.87e-01)	6.032196e+00 5.244744e+00 : 8.674569e-01
7702(992) (1.59e+00 1.67e+00) XE:1.67e-01 (1.23e+00 1.19e+00 | 5.91e-01 6.87e-01)	6.032032e+00 5.244597e+00 : 8.674330e-01
7725(1008) (1.41e+00 1.67e+00) XE:1.67e-01 (1.17e+00 1.19e+00 | 6.36e-01 6.87e-01)	6.031991e+00 5.244623e+00 : 8.674318e-01
7747(1009) (1.50e+00 1.67e+00) XE:1.67e-01 (1.22e+00 1.19e+00 | 6.52e-01 6.87e-01)	6.032100e+00 5.244702e+00 : 8.674463e-01
7770(995) (1.94e+00 1.67e+00) XE:1.67e-01 (1.19e+00 1.19e+00 | 6.44e-01 6.87e-01)	6.032026e+00 5.244715e+00 : 8.674416e-01
7792(1001) (1.45e+00 1.67e+00) XE:1.67e-01 (1.18e+00 1.19e+00 | 6.74e-01 6.87e-01)	6.032046e+00 5.244669e+00 : 8.674396e-01
7815(1008) (1.62e+00 1.67e+00) XE:1.67e-01 (1.17e+00 1.19e+00 | 6.98e-01 6.87e-01)	6.031494e+00 5.244345e+00 : 8.673722e-01
7837(1015) (1.48e+00 1.67e+00) XE:1.67e-01 (1.19e+00 1.19e+00 | 7.06e-01 6.87e-01)	6.031582e+00 5.244410e+00 : 8.673840e-01
7860(993) (1.58e+00 1.67e+00) XE:1.67e-01 (1.20e+00 1.19e+00 | 7.04e-01 6.87e-01)	6.031518e+00 5.244511e+00 : 8.673869e-01
7882(1001) (1.80e+00 1.67e+00) XE:1.67e-01 (1.20e+00 1.19e+00 | 6.58e-01 6.87e-01)	6.031689e+00 5.244466e+00 : 8.673965e-01
7905(994) (2.07e+00 1.67e+00) XE:1.67e-01 (1.19e+00 1.19e+00 | 6.54e-01 6.87e-01)	6.031753e+00 5.244586e+00 : 8.674107e-01
7927(995) (2.01e+00 1.67e+00) XE:1.67e-01 (1.18e+00 1.19e+00 | 6.56e-01 6.87e-01)	6.031382e+00 5.244561e+00 : 8.673802e-01
7949(1002) (1.73e+00 1.67e+00) XE:1.67e-01 (1.17e+00 1.19e+00 | 7.23e-01 6.87e-01)	6.031406e+00 5.244578e+00 : 8.673833e-01
7972(1004) (1.62e+00 1.67e+00) XE:1.67e-01 (1.21e+00 1.19e+00 | 6.88e-01 6.87e-01)	6.031531e+00 5.244432e+00 : 8.673817e-01
7994(1000) (1.56e+00 1.67e+00) XE:1.67e-01 (1.19e+00 1.19e+00 | 6.86e-01 6.87e-01)	6.031500e+00 5.244381e+00 : 8.673755e-01
8017(985) (1.67e+00 1.67e+00) XE:1.67e-01 (1.19e+00 1.19e+00 | 6.82e-01 6.87e-01)	6.031408e+00 5.244409e+00 : 8.673705e-01
8039(986) (1.54e+00 1.67e+00) XE:1.67e-01 (1.19e+00 1.19e+00 | 7.16e-01 6.87e-01)	6.031569e+00 5.244287e+00 : 8.673736e-01
8062(1008) (1.76e+00 1.67e+00) XE:1.67e-01 (1.20e+00 1.19e+00 | 6.56e-01 6.87e-01)	6.031586e+00 5.244230e+00 : 8.673705e-01
8084(997) (1.61e+00 1.67e+00) XE:1.67e-01 (1.17e+00 1.19e+00 | 6.82e-01 6.87e-01)	6.031374e+00 5.244234e+00 : 8.673545e-01
8107(1006) (1.53e+00 1.67e+00) XE:1.67e-01 (1.19e+00 1.19e+00 | 7.43e-01 6.87e-01)	6.031165e+00 5.244066e+00 : 8.673254e-01
8129(1012) (1.59e+00 1.67e+00) XE:1.67e-01 (1.15e+00 1.19e+00 | 6.54e-01 6.87e-01)	6.031023e+00 5.243946e+00 : 8.673053e-01
8152(997) (1.59e+00 1.67e+00) XE:1.67e-01 (1.23e+00 1.19e+00 | 7.00e-01 6.87e-01)	6.030875e+00 5.243819e+00 : 8.672841e-01
8174(999) (1.41e+00 1.67e+00) XE:1.67e-01 (1.20e+00 1.19e+00 | 7.41e-01 6.87e-01)	6.030538e+00 5.243717e+00 : 8.672504e-01
8197(1012) (1.52e+00 1.67e+00) XE:1.67e-01 (1.20e+00 1.19e+00 | 6.70e-01 6.87e-01)	6.030432e+00 5.243446e+00 : 8.672213e-01
8219(1010) (1.82e+00 1.67e+00) XE:1.67e-01 (1.16e+00 1.19e+00 | 6.44e-01 6.87e-01)	6.030562e+00 5.243587e+00 : 8.672422e-01
8241(993) (1.89e+00 1.67e+00) XE:1.67e-01 (1.18e+00 1.19e+00 | 6.66e-01 6.87e-01)	6.030641e+00 5.243594e+00 : 8.672488e-01
8264(996) (1.66e+00 1.67e+00) XE:1.67e-01 (1.18e+00 1.19e+00 | 6.40e-01 6.87e-01)	6.030824e+00 5.243558e+00 : 8.672601e-01
8286(999) (1.70e+00 1.67e+00) XE:1.67e-01 (1.17e+00 1.19e+00 | 7.10e-01 6.87e-01)	6.031025e+00 5.243552e+00 : 8.672752e-01
8309(1001) (1.58e+00 1.67e+00) XE:1.67e-01 (1.19e+00 1.19e+00 | 7.31e-01 6.87e-01)	6.030972e+00 5.243396e+00 : 8.672591e-01
8331(990) (1.90e+00 1.67e+00) XE:1.67e-01 (1.18e+00 1.19e+00 | 6.96e-01 6.87e-01)	6.030996e+00 5.243346e+00 : 8.672571e-01
8354(1004) (2.00e+00 1.67e+00) XE:1.67e-01 (1.20e+00 1.19e+00 | 7.20e-01 6.87e-01)	6.030919e+00 5.243302e+00 : 8.672477e-01
8376(992) (1.37e+00 1.67e+00) XE:1.67e-01 (1.20e+00 1.19e+00 | 6.62e-01 6.87e-01)	6.030934e+00 5.243282e+00 : 8.672474e-01
8399(1006) (1.30e+00 1.67e+00) XE:1.67e-01 (1.23e+00 1.19e+00 | 7.25e-01 6.87e-01)	6.030964e+00 5.243162e+00 : 8.672404e-01
8421(1007) (1.67e+00 1.67e+00) XE:1.67e-01 (1.20e+00 1.19e+00 | 6.62e-01 6.87e-01)	6.030859e+00 5.243108e+00 : 8.672283e-01
8444(1000) (1.63e+00 1.67e+00) XE:1.67e-01 (1.16e+00 1.19e+00 | 6.88e-01 6.87e-01)	6.030744e+00 5.243029e+00 : 8.672133e-01
8466(989) (2.07e+00 1.67e+00) XE:1.67e-01 (1.16e+00 1.19e+00 | 6.80e-01 6.87e-01)	6.030466e+00 5.242988e+00 : 8.671888e-01
8489(998) (1.85e+00 1.67e+00) XE:1.67e-01 (1.17e+00 1.19e+00 | 7.43e-01 6.87e-01)	6.030522e+00 5.243012e+00 : 8.671949e-01
8511(993) (1.81e+00 1.67e+00) XE:1.67e-01 (1.18e+00 1.19e+00 | 6.32e-01 6.87e-01)	6.030495e+00 5.242820e+00 : 8.671780e-01
8534(998) (1.48e+00 1.67e+00) XE:1.67e-01 (1.21e+00 1.19e+00 | 7.10e-01 6.87e-01)	6.030322e+00 5.242906e+00 : 8.671714e-01
8556(1005) (1.80e+00 1.67e+00) XE:1.67e-01 (1.19e+00 1.19e+00 | 7.14e-01 6.87e-01)	6.030149e+00 5.242828e+00 : 8.671521e-01
8578(1007) (1.91e+00 1.67e+00) XE:1.67e-01 (1.19e+00 1.19e+00 | 7.31e-01 6.87e-01)	6.030224e+00 5.242713e+00 : 8.671490e-01
8601(1002) (1.42e+00 1.67e+00) XE:1.67e-01 (1.19e+00 1.19e+00 | 7.00e-01 6.87e-01)	6.030124e+00 5.242617e+00 : 8.671339e-01
8623(1004) (1.77e+00 1.67e+00) XE:1.67e-01 (1.21e+00 1.19e+00 | 6.54e-01 6.87e-01)	6.030172e+00 5.242576e+00 : 8.671345e-01
8646(1004) (1.52e+00 1.67e+00) XE:1.67e-01 (1.18e+00 1.19e+00 | 6.58e-01 6.87e-01)	6.030099e+00 5.242468e+00 : 8.671205e-01
8668(998) (1.73e+00 1.67e+00) XE:1.67e-01 (1.18e+00 1.19e+00 | 6.20e-01 6.87e-01)	6.030042e+00 5.242548e+00 : 8.671223e-01
8691(1008) (1.48e+00 1.67e+00) XE:1.67e-01 (1.19e+00 1.19e+00 | 6.30e-01 6.87e-01)	6.030086e+00 5.242436e+00 : 8.671170e-01
8713(1002) (1.60e+00 1.67e+00) XE:1.67e-01 (1.19e+00 1.19e+00 | 6.92e-01 6.87e-01)	6.030161e+00 5.242372e+00 : 8.671180e-01
8736(999) (1.81e+00 1.67e+00) XE:1.67e-01 (1.22e+00 1.19e+00 | 7.14e-01 6.87e-01)	6.030025e+00 5.242413e+00 : 8.671107e-01
8758(997) (1.45e+00 1.67e+00) XE:1.67e-01 (1.17e+00 1.19e+00 | 6.94e-01 6.87e-01)	6.029974e+00 5.242435e+00 : 8.671084e-01
8781(979) (1.72e+00 1.67e+00) XE:1.67e-01 (1.18e+00 1.19e+00 | 6.52e-01 6.87e-01)	6.030150e+00 5.242521e+00 : 8.671286e-01
8803(992) (1.80e+00 1.67e+00) XE:1.67e-01 (1.18e+00 1.19e+00 | 7.02e-01 6.87e-01)	6.030165e+00 5.242442e+00 : 8.671236e-01
8826(1003) (1.69e+00 1.67e+00) XE:1.67e-01 (1.20e+00 1.19e+00 | 7.16e-01 6.87e-01)	6.030170e+00 5.242350e+00 : 8.671169e-01
8848(990) (1.57e+00 1.67e+00) XE:1.67e-01 (1.18e+00 1.19e+00 | 6.68e-01 6.87e-01)	6.030326e+00 5.242320e+00 : 8.671266e-01
8871(1005) (1.70e+00 1.67e+00) XE:1.67e-01 (1.20e+00 1.19e+00 | 6.20e-01 6.87e-01)	6.030356e+00 5.242374e+00 : 8.671331e-01
8893(993) (1.89e+00 1.67e+00) XE:1.67e-01 (1.18e+00 1.19e+00 | 6.58e-01 6.87e-01)	6.030418e+00 5.242440e+00 : 8.671429e-01
8916(1002) (1.48e+00 1.67e+00) XE:1.67e-01 (1.16e+00 1.19e+00 | 6.22e-01 6.87e-01)	6.030479e+00 5.242525e+00 : 8.671541e-01
8938(1007) (1.40e+00 1.67e+00) XE:1.67e-01 (1.17e+00 1.19e+00 | 5.77e-01 6.87e-01)	6.030590e+00 5.242578e+00 : 8.671667e-01
8960(1001) (1.80e+00 1.67e+00) XE:1.67e-01 (1.22e+00 1.19e+00 | 7.55e-01 6.87e-01)	6.030346e+00 5.242268e+00 : 8.671241e-01
8983(1006) (1.61e+00 1.67e+00) XE:1.67e-01 (1.19e+00 1.19e+00 | 7.71e-01 6.87e-01)	6.030311e+00 5.242228e+00 : 8.671183e-01
9005(994) (1.79e+00 1.67e+00) XE:1.67e-01 (1.18e+00 1.19e+00 | 6.90e-01 6.87e-01)	6.030238e+00 5.242286e+00 : 8.671172e-01
9028(995) (2.07e+00 1.67e+00) XE:1.67e-01 (1.17e+00 1.19e+00 | 6.70e-01 6.87e-01)	6.030180e+00 5.242136e+00 : 8.671013e-01
9050(1000) (2.18e+00 1.67e+00) XE:1.67e-01 (1.18e+00 1.19e+00 | 7.02e-01 6.87e-01)	6.030255e+00 5.241989e+00 : 8.670957e-01
9073(1005) (1.55e+00 1.67e+00) XE:1.67e-01 (1.19e+00 1.19e+00 | 7.08e-01 6.87e-01)	6.030131e+00 5.242057e+00 : 8.670914e-01
9095(992) (1.95e+00 1.67e+00) XE:1.67e-01 (1.18e+00 1.19e+00 | 6.68e-01 6.87e-01)	6.029938e+00 5.242076e+00 : 8.670780e-01
9117(1014) (1.61e+00 1.67e+00) XE:1.67e-01 (1.17e+00 1.19e+00 | 6.28e-01 6.87e-01)	6.029856e+00 5.241888e+00 : 8.670572e-01
9140(994) (1.53e+00 1.67e+00) XE:1.67e-01 (1.19e+00 1.19e+00 | 7.10e-01 6.87e-01)	6.029688e+00 5.241863e+00 : 8.670424e-01
9162(991) (1.58e+00 1.67e+00) XE:1.67e-01 (1.22e+00 1.19e+00 | 7.23e-01 6.87e-01)	6.029622e+00 5.241738e+00 : 8.670277e-01
9185(1002) (1.60e+00 1.67e+00) XE:1.67e-01 (1.19e+00 1.19e+00 | 6.90e-01 6.87e-01)	6.029479e+00 5.241700e+00 : 8.670138e-01
9207(1002) (1.56e+00 1.67e+00) XE:1.67e-01 (1.19e+00 1.19e+00 | 6.52e-01 6.87e-01)	6.029257e+00 5.241541e+00 : 8.669844e-01
9230(1003) (1.75e+00 1.67e+00) XE:1.67e-01 (1.20e+00 1.19e+00 | 7.00e-01 6.87e-01)	6.029364e+00 5.241504e+00 : 8.669898e-01
9252(1000) (1.20e+00 1.67e+00) XE:1.67e-01 (1.17e+00 1.19e+00 | 6.84e-01 6.87e-01)	6.029259e+00 5.241398e+00 : 8.669736e-01
9274(1006) (2.00e+00 1.67e+00) XE:1.67e-01 (1.21e+00 1.19e+00 | 6.50e-01 6.87e-01)	6.029168e+00 5.241308e+00 : 8.669597e-01
9297(1006) (1.77e+00 1.67e+00) XE:1.67e-01 (1.19e+00 1.19e+00 | 7.43e-01 6.87e-01)	6.029273e+00 5.241216e+00 : 8.669607e-01
9319(1001) (1.74e+00 1.67e+00) XE:1.67e-01 (1.19e+00 1.19e+00 | 6.84e-01 6.87e-01)	6.029208e+00 5.241143e+00 : 8.669501e-01
9342(1008) (1.43e+00 1.67e+00) XE:1.67e-01 (1.19e+00 1.19e+00 | 7.25e-01 6.87e-01)	6.029086e+00 5.241179e+00 : 8.669435e-01
9364(996) (1.62e+00 1.67e+00) XE:1.67e-01 (1.19e+00 1.19e+00 | 6.88e-01 6.87e-01)	6.028973e+00 5.241092e+00 : 8.669281e-01
9387(1011) (1.48e+00 1.67e+00) XE:1.67e-01 (1.19e+00 1.19e+00 | 7.20e-01 6.87e-01)	6.028981e+00 5.240966e+00 : 8.669189e-01
9409(1005) (1.39e+00 1.67e+00) XE:1.67e-01 (1.20e+00 1.19e+00 | 6.84e-01 6.87e-01)	6.028964e+00 5.240972e+00 : 8.669181e-01
9431(1004) (1.55e+00 1.67e+00) XE:1.67e-01 (1.19e+00 1.19e+00 | 7.47e-01 6.87e-01)	6.029060e+00 5.240971e+00 : 8.669255e-01
9454(1007) (1.49e+00 1.67e+00) XE:1.67e-01 (1.18e+00 1.19e+00 | 6.74e-01 6.87e-01)	6.029037e+00 5.240955e+00 : 8.669224e-01
9476(1001) (1.89e+00 1.67e+00) XE:1.67e-01 (1.16e+00 1.19e+00 | 6.94e-01 6.87e-01)	6.028815e+00 5.240948e+00 : 8.669049e-01
9499(1001) (1.58e+00 1.67e+00) XE:1.67e-01 (1.22e+00 1.19e+00 | 7.04e-01 6.87e-01)	6.028853e+00 5.240868e+00 : 8.669016e-01
9521(1007) (1.03e+00 1.67e+00) XE:1.67e-01 (1.16e+00 1.19e+00 | 6.34e-01 6.87e-01)	6.028768e+00 5.240754e+00 : 8.668863e-01
9544(990) (2.18e+00 1.67e+00) XE:1.67e-01 (1.20e+00 1.19e+00 | 6.98e-01 6.87e-01)	6.028761e+00 5.240685e+00 : 8.668805e-01
9566(995) (1.80e+00 1.67e+00) XE:1.67e-01 (1.22e+00 1.19e+00 | 6.94e-01 6.87e-01)	6.028737e+00 5.240583e+00 : 8.668708e-01
9589(1001) (1.47e+00 1.67e+00) XE:1.67e-01 (1.16e+00 1.19e+00 | 6.40e-01 6.87e-01)	6.028624e+00 5.240553e+00 : 8.668597e-01
9611(1019) (1.41e+00 1.67e+00) XE:1.67e-01 (1.21e+00 1.19e+00 | 7.10e-01 6.87e-01)	6.028497e+00 5.240544e+00 : 8.668493e-01
9633(981) (1.70e+00 1.67e+00) XE:1.67e-01 (1.21e+00 1.19e+00 | 7.20e-01 6.87e-01)	6.028321e+00 5.240588e+00 : 8.668392e-01
9656(1008) (1.68e+00 1.67e+00) XE:1.67e-01 (1.22e+00 1.19e+00 | 6.66e-01 6.87e-01)	6.028400e+00 5.240527e+00 : 8.668405e-01
9678(1003) (1.53e+00 1.67e+00) XE:1.67e-01 (1.19e+00 1.19e+00 | 6.98e-01 6.87e-01)	6.028485e+00 5.240590e+00 : 8.668519e-01
9701(1001) (1.55e+00 1.67e+00) XE:1.67e-01 (1.20e+00 1.19e+00 | 6.92e-01 6.87e-01)	6.028403e+00 5.240477e+00 : 8.668369e-01
9723(989) (1.37e+00 1.67e+00) XE:1.67e-01 (1.20e+00 1.19e+00 | 7.18e-01 6.87e-01)	6.028389e+00 5.240544e+00 : 8.668409e-01
9746(1007) (1.76e+00 1.67e+00) XE:1.67e-01 (1.22e+00 1.19e+00 | 7.23e-01 6.87e-01)	6.028165e+00 5.240373e+00 : 8.668107e-01
9768(1004) (1.91e+00 1.67e+00) XE:1.67e-01 (1.19e+00 1.19e+00 | 6.68e-01 6.87e-01)	6.027972e+00 5.240181e+00 : 8.667810e-01
9790(983) (1.79e+00 1.67e+00) XE:1.67e-01 (1.18e+00 1.19e+00 | 7.31e-01 6.87e-01)	6.027868e+00 5.239984e+00 : 8.667579e-01
9813(1002) (1.70e+00 1.67e+00) XE:1.67e-01 (1.19e+00 1.19e+00 | 7.87e-01 6.87e-01)	6.027824e+00 5.239922e+00 : 8.667497e-01
9835(991) (2.02e+00 1.67e+00) XE:1.67e-01 (1.19e+00 1.19e+00 | 6.82e-01 6.87e-01)	6.027614e+00 5.239867e+00 : 8.667293e-01
9858(997) (1.73e+00 1.67e+00) XE:1.67e-01 (1.22e+00 1.19e+00 | 6.98e-01 6.87e-01)	6.027621e+00 5.239863e+00 : 8.667296e-01
9880(994) (1.64e+00 1.67e+00) XE:1.67e-01 (1.19e+00 1.19e+00 | 6.07e-01 6.87e-01)	6.027724e+00 5.239843e+00 : 8.667359e-01
9903(1002) (1.57e+00 1.67e+00) XE:1.67e-01 (1.18e+00 1.19e+00 | 6.82e-01 6.87e-01)	6.027592e+00 5.239849e+00 : 8.667262e-01
9925(1006) (1.45e+00 1.67e+00) XE:1.67e-01 (1.19e+00 1.19e+00 | 6.34e-01 6.87e-01)	6.027586e+00 5.239856e+00 : 8.667263e-01
9948(998) (1.88e+00 1.67e+00) XE:1.67e-01 (1.17e+00 1.19e+00 | 6.42e-01 6.87e-01)	6.027359e+00 5.239758e+00 : 8.667013e-01
9970(997) (2.11e+00 1.67e+00) XE:1.67e-01 (1.19e+00 1.19e+00 | 6.70e-01 6.87e-01)	6.027319e+00 5.239757e+00 : 8.666981e-01
9992(1003) (1.71e+00 1.67e+00) XE:1.67e-01 (1.19e+00 1.19e+00 | 7.20e-01 6.87e-01)	6.027147e+00 5.239518e+00 : 8.666666e-01
10000(993) (1.70e+00 1.67e+00) XE:1.67e-01 (1.22e+00 1.19e+00 | 7.20e-01 6.87e-01)	6.027127e+00 5.239459e+00 : 8.666605e-01
RL cnt: 0,6890071,1422328,84367,543,0,0,0,0,0,0,0,0,0,0,0,
BL cnt: 0,0,0,0,0,0,66748,0,1569897,0,6636934,0,1569849,0,66572,0,0,0,0,0,0,
6.027127e+00 5.239459e+00 : 8.666605e-01
# InnerCodebook: deleted
# NBIDSchannel: deleted
# Gtable: deleted
# FBalg4: deleted
# StatICB: deleted
