# (Pid,Ps)=(2.500000e-02,1.000000e-03) Nseg=1000 WinSize=10 [0]
# InnerCB: ICB/marker/3_1_0.bin
# Gtable:  Gtable/1/025_001.bin
# InnerCodebook: beta=1(4) nu=4
# InnerCodebook: B(B2p)=2(4) 2(4) 2(4) 0(1) 
# InnerCodebook: checked CWM, EncMap, DecMap
# beta=1(4) nu=4 N=1000 Dmax=30
# B=2,2,2,0,
# NBIDSchannel: N=1000 Q=4 Dmax=30 (Pid,Ps)=(2.500000e-02,1.000000e-03)
# FBalg4: Nseg=1000 Dmax=30(w=61)
# FBalg4: Gtable: Gtable/1/025_001.bin
# Gtable: beta=1 (Pid,Ps,Ptrn)=(2.500000e-02,1.000000e-03,9.500000e-01) Pth=1.000000e-10
# Gtable: beta4p=4 beta4pp=16
# Gtable::Gtable len=0 cnt=4
# Gtable::Gtable len=1 cnt=16
# Gtable::Gtable len=2 cnt=64
# FBalg4: beta=1(4) (Pid,Ps)=(2.500000e-02,1.000000e-03) Pth=1.000000e-10 N=1000
# StatICB: nu=4 beta=1 beta4p=4 Bsum=6 HdThNum=20 HdThStep=5.00e-02
# StatICB: B=2,2,2,0,
# StatICB: HdThList 9.50e-01,9.00e-01,8.50e-01,8.00e-01,7.50e-01,7.00e-01,6.50e-01,6.00e-01,5.50e-01,5.00e-01,4.50e-01,4.00e-01,3.50e-01,3.00e-01,2.50e-01,2.00e-01,1.50e-01,1.00e-01,5.00e-02,1.00e-10,
0888(1001) (3.83e-01 5.86e-01) XE:2.93e-01 (1.33e+00 1.33e+00 | 2.62e+00 3.02e+00)
1815(1000) (1.04e+00 5.78e-01) XE:2.89e-01 (1.31e+00 1.33e+00 | 3.40e+00 3.01e+00)
2742(1007) (2.95e-01 5.79e-01) XE:2.89e-01 (1.31e+00 1.33e+00 | 2.92e+00 3.01e+00)
3669(1003) (9.15e-01 5.80e-01) XE:2.90e-01 (1.35e+00 1.33e+00 | 2.72e+00 3.01e+00)
4596(998) (1.06e+00 5.78e-01) XE:2.89e-01 (1.30e+00 1.33e+00 | 2.87e+00 3.01e+00)
5523(1002) (6.24e-01 5.78e-01) XE:2.89e-01 (1.30e+00 1.33e+00 | 2.77e+00 3.01e+00)
6449(984) (7.27e-01 5.79e-01) XE:2.90e-01 (1.34e+00 1.33e+00 | 3.49e+00 3.01e+00)
7375(985) (7.25e-01 5.79e-01) XE:2.89e-01 (1.31e+00 1.33e+00 | 3.01e+00 3.01e+00)
8301(1006) (3.95e-01 5.78e-01) XE:2.89e-01 (1.34e+00 1.33e+00 | 3.47e+00 3.01e+00)
9228(1019) (4.62e-01 5.77e-01) XE:2.88e-01 (1.33e+00 1.33e+00 | 2.65e+00 3.01e+00)
10000(988) (7.10e-01 5.78e-01) XE:2.89e-01 (1.35e+00 1.33e+00 | 2.99e+00 3.01e+00)
RL cnt: 0,5618947,1404552,379973,43815,27348,10835,4245,681,441,150,66,7,10,2,0,
BL cnt: 58290,0,425180,0,1354462,0,2438678,0,2707769,0,1896775,0,814637,0,194560,0,19649,0,0,0,0,
[00] Th=9.500000e-01: 7.514726e-01 7.487170e-01 7.512987e-01 0.000000e+00 : 3.752480e-01
[01] Th=9.000000e-01: 9.230335e-01 9.140036e-01 9.229211e-01 0.000000e+00 : 4.599930e-01
[02] Th=8.500000e-01: 1.009670e+00 9.971660e-01 1.009039e+00 0.000000e+00 : 5.026458e-01
[03] Th=8.000000e-01: 1.065180e+00 1.048915e+00 1.064771e+00 0.000000e+00 : 5.298111e-01
[04] Th=7.500000e-01: 1.101038e+00 1.086254e+00 1.100703e+00 0.000000e+00 : 5.479991e-01
[05] Th=7.000000e-01: 1.128464e+00 1.110809e+00 1.128206e+00 0.000000e+00 : 5.612466e-01
[06] Th=6.500000e-01: 1.144666e+00 1.127602e+00 1.144837e+00 0.000000e+00 : 5.695175e-01
[07] Th=6.000000e-01: 1.150291e+00 1.133179e+00 1.150544e+00 0.000000e+00 : 5.723358e-01
[08] Th=5.500000e-01: 1.148816e+00 1.130870e+00 1.148154e+00 0.000000e+00 : 5.713068e-01
[09] Th=5.000000e-01: 1.140702e+00 1.123009e+00 1.140147e+00 0.000000e+00 : 5.673098e-01
[10] Th=4.500000e-01: 1.132823e+00 1.113600e+00 1.132725e+00 0.000000e+00 : 5.631913e-01
[11] Th=4.000000e-01: 1.128905e+00 1.102866e+00 1.128952e+00 0.000000e+00 : 5.601205e-01
[12] Th=3.500000e-01: 1.126804e+00 1.098321e+00 1.126695e+00 0.000000e+00 : 5.586368e-01
[13] Th=3.000000e-01: 1.126416e+00 1.096386e+00 1.126334e+00 0.000000e+00 : 5.581892e-01
[14] Th=2.500000e-01: 1.126394e+00 1.096223e+00 1.126302e+00 0.000000e+00 : 5.581532e-01
[15] Th=2.000000e-01: 1.126394e+00 1.096223e+00 1.126302e+00 0.000000e+00 : 5.581532e-01
[16] Th=1.500000e-01: 1.126394e+00 1.096223e+00 1.126302e+00 0.000000e+00 : 5.581532e-01
[17] Th=1.000000e-01: 1.126394e+00 1.096223e+00 1.126302e+00 0.000000e+00 : 5.581532e-01
[18] Th=5.000000e-02: 1.126394e+00 1.096223e+00 1.126302e+00 0.000000e+00 : 5.581532e-01
[19] Th=1.000000e-10: 1.126394e+00 1.096223e+00 1.126302e+00 0.000000e+00 : 5.581532e-01
# InnerCodebook: deleted
# NBIDSchannel: deleted
# Gtable: deleted
# FBalg4: deleted
# StatICB: deleted
