# (Pid,Ps)=(3.500000e-02,1.000000e-02) Nseg=1000 WinSize=10 [0]
# InnerCB: ICB/marker/3_1_0.bin
# Gtable:  Gtable/1/035_010.bin
# InnerCodebook: beta=1(4) nu=4
# InnerCodebook: B(B2p)=2(4) 2(4) 2(4) 0(1) 
# InnerCodebook: checked CWM, EncMap, DecMap
# beta=1(4) nu=4 N=1000 Dmax=40
# B=2,2,2,0,
# NBIDSchannel: N=1000 Q=4 Dmax=40 (Pid,Ps)=(3.500000e-02,1.000000e-02)
# FBalg4: Nseg=1000 Dmax=40(w=81)
# FBalg4: Gtable: Gtable/1/035_010.bin
# Gtable: beta=1 (Pid,Ps,Ptrn)=(3.500000e-02,1.000000e-02,9.300000e-01) Pth=1.000000e-10
# Gtable: beta4p=4 beta4pp=16
# Gtable::Gtable len=0 cnt=4
# Gtable::Gtable len=1 cnt=16
# Gtable::Gtable len=2 cnt=64
# FBalg4: beta=1(4) (Pid,Ps)=(3.500000e-02,1.000000e-02) Pth=1.000000e-10 N=1000
# StatICB: nu=4 beta=1 beta4p=4 Bsum=6 HdThNum=20 HdThStep=5.00e-02
# StatICB: B=2,2,2,0,
# StatICB: HdThList 9.50e-01,9.00e-01,8.50e-01,8.00e-01,7.50e-01,7.00e-01,6.50e-01,6.00e-01,5.50e-01,5.00e-01,4.50e-01,4.00e-01,3.50e-01,3.00e-01,2.50e-01,2.00e-01,1.50e-01,1.00e-01,5.00e-02,1.00e-10,
0525(990) (8.92e-01 9.51e-01) XE:4.76e-01 (1.34e+00 1.33e+00 | 2.72e+00 3.00e+00)
1082(993) (1.21e+00 9.49e-01) XE:4.74e-01 (1.34e+00 1.33e+00 | 2.94e+00 3.01e+00)
1638(1005) (8.74e-01 9.50e-01) XE:4.75e-01 (1.34e+00 1.33e+00 | 2.96e+00 3.01e+00)
2195(1003) (9.99e-01 9.50e-01) XE:4.75e-01 (1.34e+00 1.33e+00 | 3.25e+00 3.01e+00)
2751(994) (9.79e-01 9.49e-01) XE:4.75e-01 (1.36e+00 1.33e+00 | 3.08e+00 3.01e+00)
3308(1004) (6.84e-01 9.50e-01) XE:4.75e-01 (1.33e+00 1.33e+00 | 3.09e+00 3.01e+00)
3864(1005) (9.26e-01 9.52e-01) XE:4.76e-01 (1.32e+00 1.33e+00 | 2.77e+00 3.01e+00)
4421(1015) (1.27e+00 9.49e-01) XE:4.74e-01 (1.34e+00 1.33e+00 | 3.41e+00 3.01e+00)
4977(1008) (9.64e-01 9.48e-01) XE:4.74e-01 (1.32e+00 1.33e+00 | 2.86e+00 3.00e+00)
5534(997) (8.86e-01 9.46e-01) XE:4.73e-01 (1.35e+00 1.33e+00 | 3.01e+00 3.01e+00)
6091(990) (8.95e-01 9.44e-01) XE:4.72e-01 (1.32e+00 1.33e+00 | 3.10e+00 3.01e+00)
6647(1005) (8.64e-01 9.44e-01) XE:4.72e-01 (1.33e+00 1.33e+00 | 3.14e+00 3.00e+00)
7204(987) (8.16e-01 9.44e-01) XE:4.72e-01 (1.35e+00 1.33e+00 | 3.30e+00 3.01e+00)
7761(1013) (1.06e+00 9.45e-01) XE:4.73e-01 (1.31e+00 1.33e+00 | 3.18e+00 3.01e+00)
8317(1000) (1.50e+00 9.45e-01) XE:4.72e-01 (1.34e+00 1.33e+00 | 3.13e+00 3.01e+00)
8873(1003) (9.20e-01 9.43e-01) XE:4.72e-01 (1.35e+00 1.33e+00 | 3.11e+00 3.01e+00)
9430(993) (7.06e-01 9.42e-01) XE:4.71e-01 (1.34e+00 1.33e+00 | 3.22e+00 3.01e+00)
9986(1010) (8.78e-01 9.43e-01) XE:4.72e-01 (1.33e+00 1.33e+00 | 3.13e+00 3.01e+00)
10000(995) (9.92e-01 9.43e-01) XE:4.72e-01 (1.35e+00 1.33e+00 | 2.80e+00 3.01e+00)
RL cnt: 0,5618148,1403704,379977,44413,27339,10922,4229,648,416,168,64,6,5,2,3,
BL cnt: 57965,0,424800,0,1355899,0,2436543,0,2710759,0,1897908,0,813555,0,193082,0,19489,0,0,0,0,
[00] Th=9.500000e-01: 2.438843e-01 2.390254e-01 2.429925e-01 0.000000e+00 : 1.209837e-01
[01] Th=9.000000e-01: 3.926020e-01 3.928071e-01 3.915617e-01 0.000000e+00 : 1.961618e-01
[02] Th=8.500000e-01: 4.894549e-01 4.868396e-01 4.890256e-01 0.000000e+00 : 2.442200e-01
[03] Th=8.000000e-01: 5.597050e-01 5.544902e-01 5.597627e-01 0.000000e+00 : 2.789930e-01
[04] Th=7.500000e-01: 6.142050e-01 6.074374e-01 6.144618e-01 0.000000e+00 : 3.060174e-01
[05] Th=7.000000e-01: 6.573094e-01 6.484109e-01 6.579408e-01 0.000000e+00 : 3.272769e-01
[06] Th=6.500000e-01: 6.900250e-01 6.817186e-01 6.910013e-01 0.000000e+00 : 3.437908e-01
[07] Th=6.000000e-01: 7.113603e-01 7.031363e-01 7.121153e-01 0.000000e+00 : 3.544353e-01
[08] Th=5.500000e-01: 7.253416e-01 7.159083e-01 7.262453e-01 0.000000e+00 : 3.612492e-01
[09] Th=5.000000e-01: 7.290926e-01 7.187066e-01 7.297026e-01 0.000000e+00 : 3.629170e-01
[10] Th=4.500000e-01: 7.241995e-01 7.128830e-01 7.242615e-01 0.000000e+00 : 3.602240e-01
[11] Th=4.000000e-01: 7.189875e-01 7.058724e-01 7.186587e-01 0.000000e+00 : 3.572531e-01
[12] Th=3.500000e-01: 7.151107e-01 7.007164e-01 7.147395e-01 0.000000e+00 : 3.550944e-01
[13] Th=3.000000e-01: 7.138017e-01 6.982466e-01 7.134016e-01 0.000000e+00 : 3.542417e-01
[14] Th=2.500000e-01: 7.136719e-01 6.978780e-01 7.132609e-01 0.000000e+00 : 3.541351e-01
[15] Th=2.000000e-01: 7.136719e-01 6.978780e-01 7.132609e-01 0.000000e+00 : 3.541351e-01
[16] Th=1.500000e-01: 7.136719e-01 6.978780e-01 7.132609e-01 0.000000e+00 : 3.541351e-01
[17] Th=1.000000e-01: 7.136719e-01 6.978780e-01 7.132609e-01 0.000000e+00 : 3.541351e-01
[18] Th=5.000000e-02: 7.136719e-01 6.978780e-01 7.132609e-01 0.000000e+00 : 3.541351e-01
[19] Th=1.000000e-10: 7.136719e-01 6.978780e-01 7.132609e-01 0.000000e+00 : 3.541351e-01
# InnerCodebook: deleted
# NBIDSchannel: deleted
# Gtable: deleted
# FBalg4: deleted
# StatICB: deleted
