# (Pid,Ps)=(1.000000e-02,1.000000e-02) Nseg=200 WinSize=10 lmd=1 [0]
# InnerCB: ../search03/ICB/F10.bin
# Gtable:  Gtable/5/010_010.bin
# InnerCodebook: beta=5(1024) nu=4
# InnerCodebook: B(B2p)=8(256) 7(128) 8(256) 7(128) 
# InnerCodebook: checked CWM, EncMap, DecMap
# beta=5(1024) nu=4 N=1000 Dmax=15 WCmax=20000
# B=8,7,8,7,
# NBIDSchannel: N=1000 Q=4 Dmax=15 (Pid,Ps)=(1.000000e-02,1.000000e-02)
# FBalg4: Nseg=200 Dmax=15(w=31)
# FBalg4: Gtable: Gtable/5/010_010.bin
# Gtable: beta=5 (Pid,Ps,Ptrn)=(1.000000e-02,1.000000e-02,9.800000e-01) Pth=1.000000e-10
# Gtable: beta4p=1024 beta4pp=1048576
# Gtable::Gtable len=0 cnt=1024
# Gtable::Gtable len=1 cnt=4096
# Gtable::Gtable len=2 cnt=16384
# Gtable::Gtable len=3 cnt=60244
# Gtable::Gtable len=4 cnt=236452
# Gtable::Gtable len=5 cnt=823900
# Gtable::Gtable len=6 cnt=1412476
# Gtable::Gtable len=7 cnt=890332
# Gtable::Gtable len=8 cnt=148720
# Gtable::Gtable len=9 cnt=5416
# Gtable::Gtable len=10 cnt=0
# FBalg4: beta=5(1024) (Pid,Ps)=(1.000000e-02,1.000000e-02) Pth=1.000000e-10 N=1000
# StatICB: nu=4 beta=5 beta4p=1024 Bsum=30 lmd=1
# StatICB: B=8,7,8,7,
0065(995) (1.22e+00 9.45e-01) XE:9.45e-02 (1.25e+00 1.22e+00 | 7.99e-01 7.16e-01)	7.706124e+00 6.759557e+00 7.696572e+00 6.766820e+00 : 9.643024e-01
0133(997) (5.60e-01 9.39e-01) XE:9.39e-02 (1.23e+00 1.22e+00 | 7.43e-01 7.21e-01)	7.661489e+00 6.706064e+00 7.664783e+00 6.744140e+00 : 9.592159e-01
0200(998) (9.40e-01 9.37e-01) XE:9.37e-02 (1.23e+00 1.22e+00 | 7.18e-01 7.22e-01)	7.612825e+00 6.677177e+00 7.629801e+00 6.698122e+00 : 9.539309e-01
0268(1002) (7.82e-01 9.37e-01) XE:9.37e-02 (1.21e+00 1.22e+00 | 7.37e-01 7.23e-01)	7.596823e+00 6.649199e+00 7.602791e+00 6.659679e+00 : 9.502830e-01
0335(1000) (9.79e-01 9.40e-01) XE:9.40e-02 (1.19e+00 1.22e+00 | 6.66e-01 7.25e-01)	7.565475e+00 6.623482e+00 7.581118e+00 6.637142e+00 : 9.469072e-01
0403(1007) (7.82e-01 9.43e-01) XE:9.43e-02 (1.23e+00 1.22e+00 | 7.18e-01 7.26e-01)	7.549138e+00 6.601801e+00 7.557647e+00 6.611988e+00 : 9.440191e-01
0470(1000) (7.33e-01 9.38e-01) XE:9.38e-02 (1.21e+00 1.22e+00 | 6.54e-01 7.25e-01)	7.537614e+00 6.589487e+00 7.540644e+00 6.592982e+00 : 9.420242e-01
0538(999) (1.10e+00 9.38e-01) XE:9.38e-02 (1.21e+00 1.22e+00 | 7.47e-01 7.25e-01)	7.524766e+00 6.573720e+00 7.525005e+00 6.576824e+00 : 9.400105e-01
0605(995) (1.20e+00 9.36e-01) XE:9.36e-02 (1.26e+00 1.22e+00 | 7.12e-01 7.26e-01)	7.508874e+00 6.562559e+00 7.516127e+00 6.569496e+00 : 9.385685e-01
0673(1005) (1.12e+00 9.41e-01) XE:9.41e-02 (1.26e+00 1.22e+00 | 8.25e-01 7.27e-01)	7.498405e+00 6.551432e+00 7.498892e+00 6.556595e+00 : 9.368441e-01
0740(994) (1.18e+00 9.41e-01) XE:9.41e-02 (1.22e+00 1.22e+00 | 7.29e-01 7.26e-01)	7.489451e+00 6.543419e+00 7.491113e+00 6.548001e+00 : 9.357328e-01
0808(996) (8.74e-01 9.41e-01) XE:9.41e-02 (1.22e+00 1.22e+00 | 6.74e-01 7.26e-01)	7.476826e+00 6.535794e+00 7.477181e+00 6.541135e+00 : 9.343645e-01
0875(996) (1.39e+00 9.44e-01) XE:9.44e-02 (1.20e+00 1.22e+00 | 7.20e-01 7.26e-01)	7.464632e+00 6.527772e+00 7.468186e+00 6.527070e+00 : 9.329220e-01
0943(1006) (6.31e-01 9.43e-01) XE:9.43e-02 (1.20e+00 1.22e+00 | 6.72e-01 7.26e-01)	7.457639e+00 6.522784e+00 7.461072e+00 6.519852e+00 : 9.320449e-01
1010(997) (7.44e-01 9.45e-01) XE:9.45e-02 (1.22e+00 1.22e+00 | 7.18e-01 7.26e-01)	7.451740e+00 6.518161e+00 7.453474e+00 6.511772e+00 : 9.311716e-01
1078(994) (1.18e+00 9.46e-01) XE:9.46e-02 (1.21e+00 1.22e+00 | 7.02e-01 7.26e-01)	7.443231e+00 6.512293e+00 7.442935e+00 6.506761e+00 : 9.301740e-01
1145(1008) (1.01e+00 9.45e-01) XE:9.45e-02 (1.21e+00 1.22e+00 | 7.18e-01 7.26e-01)	7.438870e+00 6.505677e+00 7.438329e+00 6.505943e+00 : 9.296273e-01
1213(1000) (1.04e+00 9.44e-01) XE:9.44e-02 (1.24e+00 1.22e+00 | 7.02e-01 7.26e-01)	7.433979e+00 6.502246e+00 7.434026e+00 6.502649e+00 : 9.290967e-01
1280(1009) (8.41e-01 9.43e-01) XE:9.43e-02 (1.23e+00 1.22e+00 | 8.07e-01 7.26e-01)	7.430661e+00 6.498766e+00 7.429416e+00 6.497554e+00 : 9.285466e-01
1348(1000) (7.66e-01 9.43e-01) XE:9.43e-02 (1.21e+00 1.22e+00 | 7.41e-01 7.26e-01)	7.424204e+00 6.494791e+00 7.423706e+00 6.492843e+00 : 9.278514e-01
1415(997) (6.67e-01 9.43e-01) XE:9.43e-02 (1.21e+00 1.22e+00 | 6.88e-01 7.26e-01)	7.418645e+00 6.490038e+00 7.417308e+00 6.490350e+00 : 9.272114e-01
1483(997) (8.08e-01 9.43e-01) XE:9.43e-02 (1.23e+00 1.22e+00 | 7.33e-01 7.27e-01)	7.413575e+00 6.486248e+00 7.414301e+00 6.488603e+00 : 9.267575e-01
1550(1008) (6.18e-01 9.43e-01) XE:9.43e-02 (1.22e+00 1.22e+00 | 7.16e-01 7.26e-01)	7.408948e+00 6.483343e+00 7.409234e+00 6.485439e+00 : 9.262322e-01
1618(994) (7.72e-01 9.44e-01) XE:9.44e-02 (1.19e+00 1.22e+00 | 8.03e-01 7.26e-01)	7.404116e+00 6.479583e+00 7.406008e+00 6.485519e+00 : 9.258409e-01
1685(1000) (6.22e-01 9.44e-01) XE:9.44e-02 (1.20e+00 1.22e+00 | 6.84e-01 7.26e-01)	7.402206e+00 6.476425e+00 7.401008e+00 6.481431e+00 : 9.253690e-01
1752(1000) (1.28e+00 9.43e-01) XE:9.43e-02 (1.22e+00 1.22e+00 | 7.35e-01 7.26e-01)	7.400062e+00 6.474314e+00 7.398645e+00 6.479732e+00 : 9.250917e-01
1820(997) (8.28e-01 9.43e-01) XE:9.43e-02 (1.22e+00 1.22e+00 | 7.55e-01 7.26e-01)	7.397059e+00 6.474424e+00 7.395250e+00 6.477824e+00 : 9.248186e-01
1887(996) (9.13e-01 9.41e-01) XE:9.41e-02 (1.24e+00 1.22e+00 | 7.39e-01 7.26e-01)	7.394028e+00 6.474704e+00 7.393282e+00 6.478781e+00 : 9.246932e-01
1955(1006) (1.22e+00 9.42e-01) XE:9.42e-02 (1.20e+00 1.22e+00 | 6.30e-01 7.26e-01)	7.391801e+00 6.472600e+00 7.390264e+00 6.476124e+00 : 9.243597e-01
2022(1007) (1.11e+00 9.42e-01) XE:9.42e-02 (1.22e+00 1.22e+00 | 7.67e-01 7.26e-01)	7.388519e+00 6.471507e+00 7.387788e+00 6.475312e+00 : 9.241042e-01
2090(998) (7.92e-01 9.42e-01) XE:9.42e-02 (1.23e+00 1.22e+00 | 7.45e-01 7.25e-01)	7.386908e+00 6.470332e+00 7.386592e+00 6.475058e+00 : 9.239630e-01
2157(995) (1.01e+00 9.42e-01) XE:9.42e-02 (1.21e+00 1.22e+00 | 7.43e-01 7.25e-01)	7.384019e+00 6.467347e+00 7.382807e+00 6.473301e+00 : 9.235825e-01
2225(997) (9.17e-01 9.41e-01) XE:9.41e-02 (1.22e+00 1.22e+00 | 7.06e-01 7.25e-01)	7.382815e+00 6.468126e+00 7.380691e+00 6.472003e+00 : 9.234545e-01
2292(1004) (7.46e-01 9.41e-01) XE:9.41e-02 (1.20e+00 1.22e+00 | 6.88e-01 7.25e-01)	7.380355e+00 6.466751e+00 7.379148e+00 6.470740e+00 : 9.232331e-01
2360(1006) (1.21e+00 9.40e-01) XE:9.40e-02 (1.22e+00 1.22e+00 | 6.88e-01 7.25e-01)	7.379262e+00 6.464692e+00 7.377365e+00 6.470236e+00 : 9.230519e-01
2427(994) (7.95e-01 9.40e-01) XE:9.40e-02 (1.23e+00 1.22e+00 | 7.35e-01 7.25e-01)	7.378059e+00 6.462558e+00 7.376547e+00 6.469468e+00 : 9.228877e-01
2495(993) (8.25e-01 9.40e-01) XE:9.40e-02 (1.22e+00 1.22e+00 | 7.87e-01 7.25e-01)	7.376093e+00 6.462194e+00 7.375909e+00 6.469769e+00 : 9.227988e-01
2562(994) (1.21e+00 9.39e-01) XE:9.39e-02 (1.22e+00 1.22e+00 | 6.62e-01 7.25e-01)	7.375978e+00 6.460441e+00 7.374499e+00 6.469657e+00 : 9.226858e-01
2630(1001) (1.19e+00 9.39e-01) XE:9.39e-02 (1.23e+00 1.22e+00 | 7.33e-01 7.25e-01)	7.374316e+00 6.459231e+00 7.372892e+00 6.468326e+00 : 9.224922e-01
2697(1005) (8.98e-01 9.40e-01) XE:9.40e-02 (1.21e+00 1.22e+00 | 7.14e-01 7.25e-01)	7.371959e+00 6.457056e+00 7.370764e+00 6.466795e+00 : 9.222191e-01
2765(1003) (1.33e+00 9.40e-01) XE:9.40e-02 (1.22e+00 1.22e+00 | 8.05e-01 7.25e-01)	7.370033e+00 6.454921e+00 7.369196e+00 6.466007e+00 : 9.220053e-01
2832(1006) (9.09e-01 9.40e-01) XE:9.40e-02 (1.21e+00 1.22e+00 | 7.12e-01 7.25e-01)	7.369208e+00 6.454416e+00 7.368311e+00 6.465709e+00 : 9.219215e-01
2900(998) (8.53e-01 9.40e-01) XE:9.40e-02 (1.23e+00 1.22e+00 | 7.57e-01 7.25e-01)	7.367260e+00 6.453365e+00 7.367605e+00 6.464624e+00 : 9.217618e-01
2967(997) (1.12e+00 9.40e-01) XE:9.40e-02 (1.20e+00 1.22e+00 | 7.39e-01 7.25e-01)	7.365443e+00 6.452163e+00 7.366733e+00 6.463997e+00 : 9.216112e-01
3035(1002) (1.18e+00 9.40e-01) XE:9.40e-02 (1.22e+00 1.22e+00 | 7.83e-01 7.25e-01)	7.364346e+00 6.451093e+00 7.366170e+00 6.462969e+00 : 9.214860e-01
3102(997) (9.10e-01 9.39e-01) XE:9.39e-02 (1.21e+00 1.22e+00 | 7.51e-01 7.25e-01)	7.363579e+00 6.450685e+00 7.364541e+00 6.461573e+00 : 9.213459e-01
3170(990) (1.13e+00 9.40e-01) XE:9.40e-02 (1.23e+00 1.22e+00 | 7.59e-01 7.25e-01)	7.361800e+00 6.449519e+00 7.363268e+00 6.460679e+00 : 9.211755e-01
3237(995) (7.90e-01 9.40e-01) XE:9.40e-02 (1.20e+00 1.22e+00 | 7.14e-01 7.25e-01)	7.360847e+00 6.448690e+00 7.362194e+00 6.459941e+00 : 9.210557e-01
3305(1003) (8.55e-01 9.40e-01) XE:9.40e-02 (1.20e+00 1.22e+00 | 6.28e-01 7.25e-01)	7.360134e+00 6.448114e+00 7.361429e+00 6.458802e+00 : 9.209493e-01
3372(996) (8.42e-01 9.40e-01) XE:9.40e-02 (1.22e+00 1.22e+00 | 7.91e-01 7.25e-01)	7.358578e+00 6.447650e+00 7.359610e+00 6.457410e+00 : 9.207749e-01
3440(1006) (1.11e+00 9.41e-01) XE:9.41e-02 (1.21e+00 1.22e+00 | 7.49e-01 7.25e-01)	7.356782e+00 6.446376e+00 7.359026e+00 6.456282e+00 : 9.206155e-01
3507(999) (9.25e-01 9.40e-01) XE:9.40e-02 (1.21e+00 1.22e+00 | 6.58e-01 7.25e-01)	7.356571e+00 6.445210e+00 7.357943e+00 6.456179e+00 : 9.205301e-01
3575(999) (8.96e-01 9.40e-01) XE:9.40e-02 (1.21e+00 1.22e+00 | 7.71e-01 7.25e-01)	7.356795e+00 6.446000e+00 7.356687e+00 6.454990e+00 : 9.204824e-01
3642(1001) (8.75e-01 9.40e-01) XE:9.40e-02 (1.22e+00 1.22e+00 | 7.06e-01 7.25e-01)	7.357368e+00 6.444926e+00 7.355889e+00 6.454175e+00 : 9.204120e-01
3710(1010) (1.05e+00 9.39e-01) XE:9.39e-02 (1.23e+00 1.22e+00 | 6.86e-01 7.25e-01)	7.356103e+00 6.444942e+00 7.355013e+00 6.453916e+00 : 9.203325e-01
3777(1011) (1.11e+00 9.39e-01) XE:9.39e-02 (1.23e+00 1.22e+00 | 7.12e-01 7.25e-01)	7.354320e+00 6.443975e+00 7.354440e+00 6.452812e+00 : 9.201849e-01
3845(1004) (9.54e-01 9.40e-01) XE:9.40e-02 (1.25e+00 1.22e+00 | 7.39e-01 7.25e-01)	7.353281e+00 6.442742e+00 7.353732e+00 6.451953e+00 : 9.200569e-01
3912(1001) (5.99e-01 9.40e-01) XE:9.40e-02 (1.25e+00 1.22e+00 | 7.49e-01 7.25e-01)	7.352630e+00 6.441824e+00 7.352826e+00 6.452276e+00 : 9.199852e-01
3980(1000) (7.76e-01 9.40e-01) XE:9.40e-02 (1.24e+00 1.22e+00 | 7.43e-01 7.26e-01)	7.352838e+00 6.441333e+00 7.351512e+00 6.451340e+00 : 9.199008e-01
4047(1004) (8.91e-01 9.40e-01) XE:9.40e-02 (1.23e+00 1.22e+00 | 7.16e-01 7.25e-01)	7.351810e+00 6.441154e+00 7.351313e+00 6.451067e+00 : 9.198448e-01
4115(996) (1.27e+00 9.39e-01) XE:9.39e-02 (1.22e+00 1.22e+00 | 7.43e-01 7.25e-01)	7.350861e+00 6.440035e+00 7.351013e+00 6.451359e+00 : 9.197756e-01
4182(1001) (7.35e-01 9.40e-01) XE:9.40e-02 (1.22e+00 1.22e+00 | 7.20e-01 7.26e-01)	7.349718e+00 6.438840e+00 7.350455e+00 6.451044e+00 : 9.196686e-01
4250(1000) (6.76e-01 9.40e-01) XE:9.40e-02 (1.20e+00 1.22e+00 | 7.37e-01 7.25e-01)	7.348767e+00 6.439368e+00 7.349725e+00 6.450226e+00 : 9.196028e-01
4317(1010) (8.51e-01 9.39e-01) XE:9.39e-02 (1.19e+00 1.22e+00 | 7.06e-01 7.25e-01)	7.349115e+00 6.439423e+00 7.349877e+00 6.450251e+00 : 9.196222e-01
4385(1007) (1.31e+00 9.39e-01) XE:9.39e-02 (1.24e+00 1.22e+00 | 8.07e-01 7.25e-01)	7.349048e+00 6.438818e+00 7.349762e+00 6.449202e+00 : 9.195610e-01
4452(994) (1.08e+00 9.39e-01) XE:9.39e-02 (1.22e+00 1.22e+00 | 6.44e-01 7.25e-01)	7.348297e+00 6.438143e+00 7.349663e+00 6.447930e+00 : 9.194678e-01
4520(1000) (9.93e-01 9.39e-01) XE:9.39e-02 (1.23e+00 1.22e+00 | 7.25e-01 7.25e-01)	7.347872e+00 6.437988e+00 7.349248e+00 6.447536e+00 : 9.194215e-01
4587(1000) (7.18e-01 9.39e-01) XE:9.39e-02 (1.23e+00 1.22e+00 | 7.43e-01 7.25e-01)	7.346687e+00 6.437106e+00 7.348349e+00 6.447251e+00 : 9.193131e-01
4655(999) (8.94e-01 9.39e-01) XE:9.39e-02 (1.21e+00 1.22e+00 | 7.25e-01 7.25e-01)	7.345230e+00 6.437123e+00 7.347967e+00 6.446742e+00 : 9.192354e-01
4722(999) (1.09e+00 9.39e-01) XE:9.39e-02 (1.22e+00 1.22e+00 | 7.87e-01 7.25e-01)	7.344638e+00 6.436638e+00 7.347871e+00 6.447172e+00 : 9.192106e-01
4790(985) (1.24e+00 9.38e-01) XE:9.38e-02 (1.23e+00 1.22e+00 | 7.59e-01 7.26e-01)	7.344398e+00 6.436888e+00 7.347671e+00 6.446917e+00 : 9.191958e-01
4857(1005) (9.30e-01 9.39e-01) XE:9.39e-02 (1.20e+00 1.22e+00 | 7.31e-01 7.25e-01)	7.343968e+00 6.436996e+00 7.346370e+00 6.446649e+00 : 9.191327e-01
4924(1004) (5.96e-01 9.38e-01) XE:9.38e-02 (1.21e+00 1.22e+00 | 6.68e-01 7.25e-01)	7.343114e+00 6.437130e+00 7.345808e+00 6.446924e+00 : 9.190992e-01
4992(1007) (6.50e-01 9.39e-01) XE:9.39e-02 (1.22e+00 1.22e+00 | 7.14e-01 7.25e-01)	7.342611e+00 6.436225e+00 7.344437e+00 6.446334e+00 : 9.189869e-01
5059(996) (1.09e+00 9.39e-01) XE:9.39e-02 (1.22e+00 1.22e+00 | 6.76e-01 7.25e-01)	7.341429e+00 6.435864e+00 7.343780e+00 6.446380e+00 : 9.189151e-01
5127(999) (1.16e+00 9.39e-01) XE:9.39e-02 (1.19e+00 1.22e+00 | 6.78e-01 7.25e-01)	7.341402e+00 6.435507e+00 7.343385e+00 6.446231e+00 : 9.188842e-01
5194(1007) (1.10e+00 9.39e-01) XE:9.39e-02 (1.22e+00 1.22e+00 | 6.82e-01 7.25e-01)	7.340863e+00 6.435192e+00 7.343204e+00 6.446148e+00 : 9.188469e-01
5262(1003) (8.02e-01 9.39e-01) XE:9.39e-02 (1.21e+00 1.22e+00 | 7.31e-01 7.25e-01)	7.340653e+00 6.435111e+00 7.342219e+00 6.445645e+00 : 9.187876e-01
5329(1000) (8.23e-01 9.39e-01) XE:9.39e-02 (1.21e+00 1.22e+00 | 6.96e-01 7.25e-01)	7.339751e+00 6.434706e+00 7.341742e+00 6.444903e+00 : 9.187034e-01
5397(1003) (6.06e-01 9.39e-01) XE:9.39e-02 (1.20e+00 1.22e+00 | 7.14e-01 7.25e-01)	7.339098e+00 6.434535e+00 7.341528e+00 6.444535e+00 : 9.186565e-01
5464(1011) (6.65e-01 9.39e-01) XE:9.39e-02 (1.26e+00 1.22e+00 | 7.87e-01 7.25e-01)	7.338741e+00 6.434285e+00 7.341535e+00 6.444235e+00 : 9.186266e-01
5532(995) (1.03e+00 9.39e-01) XE:9.39e-02 (1.24e+00 1.22e+00 | 7.45e-01 7.25e-01)	7.337998e+00 6.434144e+00 7.340830e+00 6.444091e+00 : 9.185688e-01
5599(999) (9.36e-01 9.39e-01) XE:9.39e-02 (1.21e+00 1.22e+00 | 7.87e-01 7.25e-01)	7.337532e+00 6.434269e+00 7.339986e+00 6.443944e+00 : 9.185244e-01
5667(998) (9.61e-01 9.38e-01) XE:9.38e-02 (1.25e+00 1.22e+00 | 7.20e-01 7.25e-01)	7.337334e+00 6.434358e+00 7.339279e+00 6.443456e+00 : 9.184809e-01
5734(999) (8.40e-01 9.38e-01) XE:9.38e-02 (1.21e+00 1.22e+00 | 7.02e-01 7.26e-01)	7.337107e+00 6.434399e+00 7.338508e+00 6.443027e+00 : 9.184347e-01
5802(1001) (9.16e-01 9.38e-01) XE:9.38e-02 (1.22e+00 1.22e+00 | 7.31e-01 7.25e-01)	7.337278e+00 6.434252e+00 7.338758e+00 6.442720e+00 : 9.184336e-01
5869(991) (9.34e-01 9.38e-01) XE:9.38e-02 (1.19e+00 1.22e+00 | 7.27e-01 7.25e-01)	7.336409e+00 6.434632e+00 7.338239e+00 6.442568e+00 : 9.183949e-01
5937(994) (9.32e-01 9.37e-01) XE:9.37e-02 (1.21e+00 1.22e+00 | 7.27e-01 7.26e-01)	7.336284e+00 6.434776e+00 7.337987e+00 6.442264e+00 : 9.183770e-01
6004(994) (1.25e+00 9.37e-01) XE:9.37e-02 (1.20e+00 1.22e+00 | 6.80e-01 7.26e-01)	7.335856e+00 6.434535e+00 7.337824e+00 6.442167e+00 : 9.183461e-01
6071(992) (7.17e-01 9.37e-01) XE:9.37e-02 (1.22e+00 1.22e+00 | 7.35e-01 7.26e-01)	7.335476e+00 6.433771e+00 7.337535e+00 6.441913e+00 : 9.182898e-01
6139(1001) (1.09e+00 9.37e-01) XE:9.37e-02 (1.20e+00 1.22e+00 | 6.14e-01 7.26e-01)	7.335259e+00 6.433837e+00 7.336828e+00 6.441678e+00 : 9.182534e-01
6206(1004) (9.82e-01 9.38e-01) XE:9.38e-02 (1.23e+00 1.22e+00 | 6.94e-01 7.25e-01)	7.334715e+00 6.433470e+00 7.336479e+00 6.441284e+00 : 9.181982e-01
6274(994) (1.26e+00 9.38e-01) XE:9.38e-02 (1.21e+00 1.22e+00 | 7.18e-01 7.25e-01)	7.334760e+00 6.433516e+00 7.335455e+00 6.440756e+00 : 9.181496e-01
6341(994) (8.33e-01 9.38e-01) XE:9.38e-02 (1.22e+00 1.22e+00 | 6.76e-01 7.25e-01)	7.334163e+00 6.433334e+00 7.335294e+00 6.440379e+00 : 9.181056e-01
6409(1013) (5.34e-01 9.38e-01) XE:9.38e-02 (1.23e+00 1.22e+00 | 7.25e-01 7.25e-01)	7.333334e+00 6.433319e+00 7.335479e+00 6.440206e+00 : 9.180780e-01
6476(993) (1.12e+00 9.38e-01) XE:9.38e-02 (1.22e+00 1.22e+00 | 7.08e-01 7.25e-01)	7.332803e+00 6.433593e+00 7.334996e+00 6.439619e+00 : 9.180337e-01
6544(997) (1.20e+00 9.38e-01) XE:9.38e-02 (1.21e+00 1.22e+00 | 7.51e-01 7.25e-01)	7.332784e+00 6.433420e+00 7.334416e+00 6.439081e+00 : 9.179901e-01
6611(995) (7.73e-01 9.38e-01) XE:9.38e-02 (1.21e+00 1.22e+00 | 6.92e-01 7.25e-01)	7.332195e+00 6.433375e+00 7.333958e+00 6.438288e+00 : 9.179272e-01
6679(1003) (9.34e-01 9.38e-01) XE:9.38e-02 (1.20e+00 1.22e+00 | 6.84e-01 7.25e-01)	7.332173e+00 6.432990e+00 7.333953e+00 6.438011e+00 : 9.179042e-01
6746(1000) (8.62e-01 9.38e-01) XE:9.38e-02 (1.22e+00 1.22e+00 | 7.81e-01 7.25e-01)	7.332203e+00 6.432745e+00 7.333746e+00 6.437734e+00 : 9.178809e-01
6814(1000) (9.76e-01 9.37e-01) XE:9.37e-02 (1.20e+00 1.22e+00 | 7.16e-01 7.25e-01)	7.332165e+00 6.432848e+00 7.333422e+00 6.437844e+00 : 9.178760e-01
6881(1004) (5.39e-01 9.37e-01) XE:9.37e-02 (1.22e+00 1.22e+00 | 7.61e-01 7.25e-01)	7.332581e+00 6.433387e+00 7.333580e+00 6.438149e+00 : 9.179233e-01
6949(1006) (5.73e-01 9.37e-01) XE:9.37e-02 (1.22e+00 1.22e+00 | 7.67e-01 7.25e-01)	7.332350e+00 6.433025e+00 7.332767e+00 6.438124e+00 : 9.178755e-01
7016(999) (9.60e-01 9.37e-01) XE:9.37e-02 (1.22e+00 1.22e+00 | 7.47e-01 7.25e-01)	7.332110e+00 6.433023e+00 7.332407e+00 6.437617e+00 : 9.178386e-01
7084(1000) (9.86e-01 9.36e-01) XE:9.36e-02 (1.21e+00 1.22e+00 | 7.12e-01 7.25e-01)	7.332353e+00 6.433447e+00 7.332558e+00 6.437575e+00 : 9.178644e-01
7151(1004) (7.50e-01 9.36e-01) XE:9.36e-02 (1.20e+00 1.22e+00 | 7.69e-01 7.25e-01)	7.332124e+00 6.433037e+00 7.332187e+00 6.437589e+00 : 9.178312e-01
7219(1004) (7.58e-01 9.36e-01) XE:9.36e-02 (1.21e+00 1.22e+00 | 6.52e-01 7.25e-01)	7.332313e+00 6.432904e+00 7.332164e+00 6.437456e+00 : 9.178279e-01
7286(1000) (9.48e-01 9.36e-01) XE:9.36e-02 (1.22e+00 1.22e+00 | 7.06e-01 7.25e-01)	7.332160e+00 6.432943e+00 7.332023e+00 6.437663e+00 : 9.178263e-01
7353(1007) (5.61e-01 9.36e-01) XE:9.36e-02 (1.25e+00 1.22e+00 | 7.29e-01 7.25e-01)	7.332539e+00 6.432928e+00 7.331387e+00 6.437428e+00 : 9.178094e-01
7421(1011) (9.11e-01 9.36e-01) XE:9.36e-02 (1.22e+00 1.22e+00 | 6.46e-01 7.25e-01)	7.332345e+00 6.432939e+00 7.331217e+00 6.437589e+00 : 9.178030e-01
7488(995) (1.17e+00 9.36e-01) XE:9.36e-02 (1.24e+00 1.22e+00 | 6.84e-01 7.25e-01)	7.332421e+00 6.432381e+00 7.330939e+00 6.437633e+00 : 9.177792e-01
7556(1003) (6.34e-01 9.36e-01) XE:9.36e-02 (1.18e+00 1.22e+00 | 6.52e-01 7.25e-01)	7.332321e+00 6.432066e+00 7.330742e+00 6.437426e+00 : 9.177518e-01
7623(997) (9.32e-01 9.36e-01) XE:9.36e-02 (1.24e+00 1.22e+00 | 7.16e-01 7.25e-01)	7.331956e+00 6.431966e+00 7.330515e+00 6.437113e+00 : 9.177184e-01
7691(998) (1.18e+00 9.36e-01) XE:9.36e-02 (1.21e+00 1.22e+00 | 6.76e-01 7.25e-01)	7.331856e+00 6.431766e+00 7.330390e+00 6.436712e+00 : 9.176908e-01
7758(996) (8.51e-01 9.36e-01) XE:9.36e-02 (1.22e+00 1.22e+00 | 7.06e-01 7.25e-01)	7.331950e+00 6.431487e+00 7.329863e+00 6.436653e+00 : 9.176651e-01
7826(1004) (8.84e-01 9.36e-01) XE:9.36e-02 (1.21e+00 1.22e+00 | 8.52e-01 7.25e-01)	7.331685e+00 6.431547e+00 7.330099e+00 6.436592e+00 : 9.176641e-01
7893(1000) (9.88e-01 9.36e-01) XE:9.36e-02 (1.22e+00 1.22e+00 | 7.31e-01 7.25e-01)	7.331350e+00 6.431419e+00 7.330170e+00 6.436610e+00 : 9.176516e-01
7961(1002) (9.49e-01 9.36e-01) XE:9.36e-02 (1.22e+00 1.22e+00 | 7.47e-01 7.25e-01)	7.331563e+00 6.430945e+00 7.329809e+00 6.436687e+00 : 9.176335e-01
8028(999) (6.70e-01 9.36e-01) XE:9.36e-02 (1.23e+00 1.22e+00 | 7.59e-01 7.25e-01)	7.331057e+00 6.430166e+00 7.329172e+00 6.436323e+00 : 9.175573e-01
8096(1001) (8.57e-01 9.36e-01) XE:9.36e-02 (1.21e+00 1.22e+00 | 7.93e-01 7.26e-01)	7.330586e+00 6.430159e+00 7.329100e+00 6.436054e+00 : 9.175300e-01
8163(995) (8.26e-01 9.36e-01) XE:9.36e-02 (1.25e+00 1.22e+00 | 6.58e-01 7.26e-01)	7.330162e+00 6.430445e+00 7.329122e+00 6.436031e+00 : 9.175254e-01
8231(997) (7.86e-01 9.36e-01) XE:9.36e-02 (1.22e+00 1.22e+00 | 6.94e-01 7.26e-01)	7.329810e+00 6.430217e+00 7.329121e+00 6.435998e+00 : 9.175049e-01
8298(1002) (9.78e-01 9.36e-01) XE:9.36e-02 (1.22e+00 1.22e+00 | 7.53e-01 7.26e-01)	7.329560e+00 6.429969e+00 7.328837e+00 6.435814e+00 : 9.174727e-01
8366(1003) (1.07e+00 9.36e-01) XE:9.36e-02 (1.23e+00 1.22e+00 | 7.23e-01 7.26e-01)	7.329455e+00 6.429666e+00 7.328829e+00 6.436261e+00 : 9.174737e-01
8433(999) (1.12e+00 9.36e-01) XE:9.36e-02 (1.24e+00 1.22e+00 | 7.95e-01 7.26e-01)	7.329563e+00 6.429774e+00 7.328652e+00 6.435685e+00 : 9.174558e-01
8500(1002) (1.38e+00 9.36e-01) XE:9.36e-02 (1.22e+00 1.22e+00 | 7.45e-01 7.26e-01)	7.329680e+00 6.429643e+00 7.328100e+00 6.435203e+00 : 9.174209e-01
8568(1002) (5.37e-01 9.36e-01) XE:9.36e-02 (1.26e+00 1.22e+00 | 8.74e-01 7.26e-01)	7.329081e+00 6.429936e+00 7.328290e+00 6.435273e+00 : 9.174194e-01
8635(1000) (9.71e-01 9.36e-01) XE:9.36e-02 (1.21e+00 1.22e+00 | 7.61e-01 7.26e-01)	7.328527e+00 6.429772e+00 7.327946e+00 6.435463e+00 : 9.173902e-01
8703(998) (8.32e-01 9.36e-01) XE:9.36e-02 (1.22e+00 1.22e+00 | 6.94e-01 7.26e-01)	7.328213e+00 6.429784e+00 7.327775e+00 6.435162e+00 : 9.173645e-01
8770(999) (5.81e-01 9.36e-01) XE:9.36e-02 (1.24e+00 1.22e+00 | 7.43e-01 7.26e-01)	7.328383e+00 6.429707e+00 7.328019e+00 6.435025e+00 : 9.173711e-01
8838(993) (1.29e+00 9.36e-01) XE:9.36e-02 (1.24e+00 1.22e+00 | 7.41e-01 7.25e-01)	7.327585e+00 6.429226e+00 7.328045e+00 6.434808e+00 : 9.173222e-01
8905(1006) (6.05e-01 9.36e-01) XE:9.36e-02 (1.23e+00 1.22e+00 | 7.31e-01 7.26e-01)	7.327712e+00 6.429047e+00 7.328045e+00 6.434871e+00 : 9.173225e-01
8973(1007) (7.85e-01 9.36e-01) XE:9.36e-02 (1.21e+00 1.22e+00 | 7.14e-01 7.26e-01)	7.327622e+00 6.428534e+00 7.327748e+00 6.435015e+00 : 9.172973e-01
9040(996) (1.04e+00 9.36e-01) XE:9.36e-02 (1.21e+00 1.22e+00 | 6.80e-01 7.25e-01)	7.327333e+00 6.428551e+00 7.327967e+00 6.434992e+00 : 9.172948e-01
9108(994) (8.92e-01 9.36e-01) XE:9.36e-02 (1.22e+00 1.22e+00 | 6.82e-01 7.25e-01)	7.326774e+00 6.428477e+00 7.327738e+00 6.434839e+00 : 9.172609e-01
9175(1009) (8.40e-01 9.36e-01) XE:9.36e-02 (1.18e+00 1.22e+00 | 7.16e-01 7.25e-01)	7.326534e+00 6.428282e+00 7.327498e+00 6.434630e+00 : 9.172315e-01
9243(1006) (9.33e-01 9.36e-01) XE:9.36e-02 (1.21e+00 1.22e+00 | 7.61e-01 7.25e-01)	7.325914e+00 6.427906e+00 7.327345e+00 6.434412e+00 : 9.171859e-01
9310(998) (1.16e+00 9.36e-01) XE:9.36e-02 (1.19e+00 1.22e+00 | 7.47e-01 7.25e-01)	7.325807e+00 6.427524e+00 7.327282e+00 6.434418e+00 : 9.171677e-01
9378(1003) (9.29e-01 9.36e-01) XE:9.36e-02 (1.22e+00 1.22e+00 | 7.55e-01 7.25e-01)	7.325638e+00 6.427431e+00 7.326376e+00 6.434069e+00 : 9.171171e-01
9445(998) (5.99e-01 9.36e-01) XE:9.36e-02 (1.21e+00 1.22e+00 | 7.06e-01 7.25e-01)	7.325644e+00 6.427208e+00 7.326085e+00 6.434082e+00 : 9.171006e-01
9513(1006) (6.62e-01 9.36e-01) XE:9.36e-02 (1.21e+00 1.22e+00 | 6.92e-01 7.25e-01)	7.325831e+00 6.427053e+00 7.325873e+00 6.433888e+00 : 9.170882e-01
9580(1006) (6.40e-01 9.36e-01) XE:9.36e-02 (1.22e+00 1.22e+00 | 6.96e-01 7.25e-01)	7.325234e+00 6.427169e+00 7.325933e+00 6.433813e+00 : 9.170716e-01
9648(999) (1.13e+00 9.36e-01) XE:9.36e-02 (1.19e+00 1.22e+00 | 6.36e-01 7.25e-01)	7.324769e+00 6.426962e+00 7.325468e+00 6.433727e+00 : 9.170309e-01
9715(1003) (9.75e-01 9.36e-01) XE:9.36e-02 (1.23e+00 1.22e+00 | 7.75e-01 7.25e-01)	7.324527e+00 6.426542e+00 7.325285e+00 6.433823e+00 : 9.170059e-01
9783(1002) (9.61e-01 9.37e-01) XE:9.37e-02 (1.22e+00 1.22e+00 | 7.39e-01 7.25e-01)	7.324101e+00 6.426236e+00 7.324498e+00 6.433666e+00 : 9.169500e-01
9850(995) (8.62e-01 9.37e-01) XE:9.37e-02 (1.19e+00 1.22e+00 | 6.96e-01 7.25e-01)	7.324027e+00 6.426176e+00 7.324484e+00 6.433550e+00 : 9.169412e-01
9918(994) (9.92e-01 9.37e-01) XE:9.37e-02 (1.21e+00 1.22e+00 | 7.27e-01 7.25e-01)	7.323904e+00 6.425849e+00 7.324350e+00 6.433535e+00 : 9.169213e-01
9985(996) (8.08e-01 9.37e-01) XE:9.37e-02 (1.24e+00 1.22e+00 | 7.51e-01 7.26e-01)	7.323855e+00 6.425853e+00 7.324145e+00 6.433051e+00 : 9.168968e-01
10053(997) (8.17e-01 9.36e-01) XE:9.36e-02 (1.21e+00 1.22e+00 | 7.33e-01 7.26e-01)	7.324060e+00 6.425966e+00 7.324138e+00 6.432856e+00 : 9.169007e-01
10120(1004) (1.26e+00 9.37e-01) XE:9.37e-02 (1.25e+00 1.22e+00 | 7.97e-01 7.26e-01)	7.324303e+00 6.425589e+00 7.324115e+00 6.432582e+00 : 9.168863e-01
10188(1005) (7.36e-01 9.37e-01) XE:9.37e-02 (1.23e+00 1.22e+00 | 7.95e-01 7.26e-01)	7.324356e+00 6.425402e+00 7.323507e+00 6.432439e+00 : 9.168569e-01
10255(1003) (8.12e-01 9.37e-01) XE:9.37e-02 (1.23e+00 1.22e+00 | 7.23e-01 7.25e-01)	7.324061e+00 6.424925e+00 7.323301e+00 6.432439e+00 : 9.168242e-01
10323(1005) (1.22e+00 9.37e-01) XE:9.37e-02 (1.21e+00 1.22e+00 | 6.80e-01 7.25e-01)	7.323901e+00 6.424760e+00 7.322912e+00 6.431838e+00 : 9.167804e-01
10390(998) (1.18e+00 9.37e-01) XE:9.37e-02 (1.19e+00 1.22e+00 | 6.46e-01 7.25e-01)	7.323801e+00 6.424585e+00 7.322894e+00 6.431940e+00 : 9.167740e-01
10458(1001) (7.49e-01 9.37e-01) XE:9.37e-02 (1.22e+00 1.22e+00 | 7.65e-01 7.25e-01)	7.323770e+00 6.424415e+00 7.322596e+00 6.431624e+00 : 9.167468e-01
10525(1004) (7.13e-01 9.37e-01) XE:9.37e-02 (1.23e+00 1.22e+00 | 6.98e-01 7.25e-01)	7.323602e+00 6.424085e+00 7.322358e+00 6.431505e+00 : 9.167184e-01
10593(1001) (7.87e-01 9.37e-01) XE:9.37e-02 (1.24e+00 1.22e+00 | 6.82e-01 7.25e-01)	7.323472e+00 6.424039e+00 7.322052e+00 6.431451e+00 : 9.167005e-01
10660(994) (1.09e+00 9.37e-01) XE:9.37e-02 (1.21e+00 1.22e+00 | 7.47e-01 7.25e-01)	7.323181e+00 6.423804e+00 7.321887e+00 6.431522e+00 : 9.166798e-01
10727(992) (1.01e+00 9.37e-01) XE:9.37e-02 (1.18e+00 1.22e+00 | 6.58e-01 7.26e-01)	7.322628e+00 6.423826e+00 7.321661e+00 6.431492e+00 : 9.166535e-01
10795(996) (6.93e-01 9.37e-01) XE:9.37e-02 (1.18e+00 1.22e+00 | 7.04e-01 7.25e-01)	7.322584e+00 6.424117e+00 7.321722e+00 6.431444e+00 : 9.166622e-01
10862(997) (8.48e-01 9.37e-01) XE:9.37e-02 (1.21e+00 1.22e+00 | 7.55e-01 7.26e-01)	7.322610e+00 6.423856e+00 7.321667e+00 6.431386e+00 : 9.166506e-01
10930(1009) (6.26e-01 9.37e-01) XE:9.37e-02 (1.21e+00 1.22e+00 | 6.98e-01 7.25e-01)	7.322325e+00 6.423579e+00 7.321533e+00 6.431307e+00 : 9.166248e-01
10997(998) (1.13e+00 9.37e-01) XE:9.37e-02 (1.24e+00 1.22e+00 | 6.74e-01 7.26e-01)	7.322173e+00 6.423230e+00 7.321494e+00 6.431325e+00 : 9.166074e-01
11065(1003) (9.10e-01 9.37e-01) XE:9.37e-02 (1.22e+00 1.22e+00 | 7.31e-01 7.26e-01)	7.322169e+00 6.423028e+00 7.321584e+00 6.431081e+00 : 9.165954e-01
11132(996) (8.72e-01 9.37e-01) XE:9.37e-02 (1.24e+00 1.22e+00 | 6.96e-01 7.26e-01)	7.321900e+00 6.422908e+00 7.321458e+00 6.430962e+00 : 9.165742e-01
11200(996) (9.51e-01 9.37e-01) XE:9.37e-02 (1.22e+00 1.22e+00 | 6.80e-01 7.26e-01)	7.321673e+00 6.422783e+00 7.321152e+00 6.430643e+00 : 9.165417e-01
11267(999) (9.74e-01 9.37e-01) XE:9.37e-02 (1.23e+00 1.22e+00 | 7.29e-01 7.26e-01)	7.321436e+00 6.422766e+00 7.320875e+00 6.430803e+00 : 9.165294e-01
11335(1001) (8.91e-01 9.37e-01) XE:9.37e-02 (1.23e+00 1.22e+00 | 7.73e-01 7.26e-01)	7.320998e+00 6.422599e+00 7.320770e+00 6.430539e+00 : 9.164969e-01
11402(994) (6.45e-01 9.37e-01) XE:9.37e-02 (1.17e+00 1.22e+00 | 6.72e-01 7.26e-01)	7.320632e+00 6.422524e+00 7.320832e+00 6.430284e+00 : 9.164757e-01
11470(996) (1.20e+00 9.37e-01) XE:9.37e-02 (1.20e+00 1.22e+00 | 6.60e-01 7.26e-01)	7.320642e+00 6.422469e+00 7.320694e+00 6.430220e+00 : 9.164675e-01
11537(1002) (1.02e+00 9.38e-01) XE:9.38e-02 (1.20e+00 1.22e+00 | 6.58e-01 7.26e-01)	7.320368e+00 6.422387e+00 7.320548e+00 6.429970e+00 : 9.164424e-01
11605(1006) (8.79e-01 9.38e-01) XE:9.38e-02 (1.23e+00 1.22e+00 | 7.02e-01 7.26e-01)	7.320172e+00 6.421974e+00 7.319901e+00 6.429730e+00 : 9.163925e-01
11672(997) (8.45e-01 9.38e-01) XE:9.38e-02 (1.21e+00 1.22e+00 | 7.06e-01 7.26e-01)	7.319746e+00 6.422055e+00 7.319666e+00 6.429534e+00 : 9.163667e-01
11740(1001) (5.51e-01 9.38e-01) XE:9.38e-02 (1.20e+00 1.22e+00 | 6.94e-01 7.26e-01)	7.319523e+00 6.421740e+00 7.319402e+00 6.429457e+00 : 9.163374e-01
11807(1001) (1.05e+00 9.38e-01) XE:9.38e-02 (1.20e+00 1.22e+00 | 7.02e-01 7.26e-01)	7.319260e+00 6.421786e+00 7.319179e+00 6.429266e+00 : 9.163164e-01
11875(1008) (8.86e-01 9.38e-01) XE:9.38e-02 (1.24e+00 1.22e+00 | 7.49e-01 7.25e-01)	7.318950e+00 6.421591e+00 7.319195e+00 6.429349e+00 : 9.163028e-01
11942(996) (8.07e-01 9.38e-01) XE:9.38e-02 (1.19e+00 1.22e+00 | 7.02e-01 7.25e-01)	7.318538e+00 6.421460e+00 7.318897e+00 6.429366e+00 : 9.162754e-01
12010(996) (1.10e+00 9.38e-01) XE:9.38e-02 (1.23e+00 1.22e+00 | 7.33e-01 7.25e-01)	7.318152e+00 6.421060e+00 7.318903e+00 6.429070e+00 : 9.162395e-01
12077(997) (7.67e-01 9.38e-01) XE:9.38e-02 (1.23e+00 1.22e+00 | 7.41e-01 7.25e-01)	7.318049e+00 6.421032e+00 7.318905e+00 6.428905e+00 : 9.162297e-01
12145(998) (7.57e-01 9.38e-01) XE:9.38e-02 (1.21e+00 1.22e+00 | 7.63e-01 7.25e-01)	7.318052e+00 6.421260e+00 7.318894e+00 6.428893e+00 : 9.162366e-01
12212(1006) (6.06e-01 9.38e-01) XE:9.38e-02 (1.22e+00 1.22e+00 | 6.82e-01 7.25e-01)	7.317777e+00 6.421398e+00 7.318746e+00 6.428892e+00 : 9.162271e-01
12280(1001) (7.88e-01 9.38e-01) XE:9.38e-02 (1.23e+00 1.22e+00 | 7.31e-01 7.25e-01)	7.317177e+00 6.421293e+00 7.318752e+00 6.428660e+00 : 9.161961e-01
12347(998) (1.66e+00 9.38e-01) XE:9.38e-02 (1.20e+00 1.22e+00 | 7.08e-01 7.25e-01)	7.317152e+00 6.421199e+00 7.318865e+00 6.428687e+00 : 9.161968e-01
12415(1000) (1.05e+00 9.38e-01) XE:9.38e-02 (1.23e+00 1.22e+00 | 6.80e-01 7.25e-01)	7.317231e+00 6.421322e+00 7.318804e+00 6.428499e+00 : 9.161952e-01
12482(1003) (7.90e-01 9.38e-01) XE:9.38e-02 (1.18e+00 1.22e+00 | 7.29e-01 7.25e-01)	7.317218e+00 6.421105e+00 7.318566e+00 6.428450e+00 : 9.161780e-01
12550(1012) (9.01e-01 9.38e-01) XE:9.38e-02 (1.29e+00 1.22e+00 | 7.85e-01 7.25e-01)	7.317222e+00 6.420943e+00 7.318480e+00 6.428184e+00 : 9.161610e-01
12617(1002) (9.05e-01 9.38e-01) XE:9.38e-02 (1.22e+00 1.22e+00 | 7.41e-01 7.25e-01)	7.317381e+00 6.421036e+00 7.318471e+00 6.428260e+00 : 9.161716e-01
12685(1012) (8.06e-01 9.38e-01) XE:9.38e-02 (1.26e+00 1.22e+00 | 7.49e-01 7.25e-01)	7.317303e+00 6.421057e+00 7.318159e+00 6.428080e+00 : 9.161533e-01
12752(999) (1.08e+00 9.38e-01) XE:9.38e-02 (1.21e+00 1.22e+00 | 6.72e-01 7.25e-01)	7.317029e+00 6.420690e+00 7.318042e+00 6.427971e+00 : 9.161244e-01
12820(999) (6.90e-01 9.38e-01) XE:9.38e-02 (1.22e+00 1.22e+00 | 7.29e-01 7.25e-01)	7.317026e+00 6.420602e+00 7.317903e+00 6.428145e+00 : 9.161225e-01
12887(1003) (9.97e-01 9.38e-01) XE:9.38e-02 (1.23e+00 1.22e+00 | 7.41e-01 7.25e-01)	7.316740e+00 6.420541e+00 7.317802e+00 6.427914e+00 : 9.160999e-01
12955(1006) (4.96e-01 9.38e-01) XE:9.38e-02 (1.22e+00 1.22e+00 | 7.10e-01 7.25e-01)	7.316926e+00 6.420421e+00 7.317723e+00 6.427865e+00 : 9.160978e-01
13022(999) (9.19e-01 9.38e-01) XE:9.38e-02 (1.23e+00 1.22e+00 | 6.80e-01 7.25e-01)	7.316768e+00 6.420512e+00 7.317694e+00 6.427766e+00 : 9.160914e-01
13090(1002) (1.03e+00 9.38e-01) XE:9.38e-02 (1.22e+00 1.22e+00 | 7.12e-01 7.25e-01)	7.316661e+00 6.420444e+00 7.317799e+00 6.427849e+00 : 9.160918e-01
13157(1001) (8.49e-01 9.38e-01) XE:9.38e-02 (1.26e+00 1.22e+00 | 7.55e-01 7.25e-01)	7.316545e+00 6.420343e+00 7.317720e+00 6.427811e+00 : 9.160806e-01
13225(1005) (9.71e-01 9.38e-01) XE:9.38e-02 (1.24e+00 1.22e+00 | 7.35e-01 7.25e-01)	7.316446e+00 6.420494e+00 7.317798e+00 6.428096e+00 : 9.160944e-01
13292(996) (6.41e-01 9.37e-01) XE:9.37e-02 (1.20e+00 1.22e+00 | 7.23e-01 7.25e-01)	7.316587e+00 6.420539e+00 7.317991e+00 6.428192e+00 : 9.161103e-01
13360(1006) (8.05e-01 9.37e-01) XE:9.37e-02 (1.23e+00 1.22e+00 | 6.34e-01 7.25e-01)	7.316625e+00 6.420456e+00 7.317970e+00 6.427920e+00 : 9.160990e-01
13427(1005) (1.11e+00 9.37e-01) XE:9.37e-02 (1.19e+00 1.22e+00 | 6.46e-01 7.26e-01)	7.316341e+00 6.420319e+00 7.317902e+00 6.427776e+00 : 9.160779e-01
13495(999) (4.49e-01 9.37e-01) XE:9.37e-02 (1.22e+00 1.22e+00 | 7.37e-01 7.25e-01)	7.316333e+00 6.420043e+00 7.318017e+00 6.427746e+00 : 9.160713e-01
13562(1004) (9.35e-01 9.37e-01) XE:9.37e-02 (1.17e+00 1.22e+00 | 6.42e-01 7.25e-01)	7.316394e+00 6.420041e+00 7.317897e+00 6.427723e+00 : 9.160685e-01
13630(995) (9.88e-01 9.37e-01) XE:9.37e-02 (1.19e+00 1.22e+00 | 7.67e-01 7.25e-01)	7.316365e+00 6.419872e+00 7.317899e+00 6.427387e+00 : 9.160507e-01
13697(1000) (9.09e-01 9.37e-01) XE:9.37e-02 (1.20e+00 1.22e+00 | 6.70e-01 7.25e-01)	7.316296e+00 6.419702e+00 7.317813e+00 6.427108e+00 : 9.160306e-01
13764(1000) (6.66e-01 9.37e-01) XE:9.37e-02 (1.23e+00 1.22e+00 | 7.93e-01 7.25e-01)	7.316259e+00 6.419720e+00 7.317446e+00 6.427311e+00 : 9.160246e-01
13832(997) (8.98e-01 9.37e-01) XE:9.37e-02 (1.23e+00 1.22e+00 | 7.63e-01 7.25e-01)	7.316262e+00 6.419883e+00 7.317026e+00 6.427025e+00 : 9.160065e-01
13899(998) (9.21e-01 9.37e-01) XE:9.37e-02 (1.22e+00 1.22e+00 | 6.86e-01 7.25e-01)	7.316203e+00 6.419741e+00 7.316835e+00 6.427153e+00 : 9.159977e-01
13967(989) (1.16e+00 9.37e-01) XE:9.37e-02 (1.24e+00 1.22e+00 | 7.67e-01 7.25e-01)	7.316161e+00 6.419867e+00 7.316766e+00 6.427210e+00 : 9.160001e-01
14034(993) (9.00e-01 9.37e-01) XE:9.37e-02 (1.22e+00 1.22e+00 | 7.63e-01 7.25e-01)	7.316387e+00 6.419809e+00 7.316819e+00 6.426900e+00 : 9.159972e-01
14102(993) (7.77e-01 9.37e-01) XE:9.37e-02 (1.20e+00 1.22e+00 | 6.78e-01 7.25e-01)	7.316437e+00 6.419937e+00 7.316596e+00 6.427094e+00 : 9.160021e-01
14170(996) (1.04e+00 9.37e-01) XE:9.37e-02 (1.19e+00 1.22e+00 | 7.00e-01 7.25e-01)	7.316600e+00 6.420012e+00 7.316406e+00 6.427048e+00 : 9.160022e-01
14237(995) (1.03e+00 9.37e-01) XE:9.37e-02 (1.22e+00 1.22e+00 | 7.18e-01 7.25e-01)	7.316406e+00 6.419850e+00 7.316381e+00 6.426982e+00 : 9.159873e-01
14305(1008) (8.79e-01 9.37e-01) XE:9.37e-02 (1.21e+00 1.22e+00 | 6.84e-01 7.25e-01)	7.316528e+00 6.420032e+00 7.316163e+00 6.426930e+00 : 9.159884e-01
14372(997) (7.11e-01 9.37e-01) XE:9.37e-02 (1.23e+00 1.22e+00 | 7.29e-01 7.25e-01)	7.316562e+00 6.420023e+00 7.316165e+00 6.426639e+00 : 9.159796e-01
14440(995) (9.43e-01 9.37e-01) XE:9.37e-02 (1.21e+00 1.22e+00 | 7.43e-01 7.25e-01)	7.316658e+00 6.420116e+00 7.316124e+00 6.426612e+00 : 9.159837e-01
14507(1002) (1.04e+00 9.37e-01) XE:9.37e-02 (1.22e+00 1.22e+00 | 7.18e-01 7.25e-01)	7.316375e+00 6.420108e+00 7.316214e+00 6.426542e+00 : 9.159746e-01
14575(999) (8.51e-01 9.36e-01) XE:9.36e-02 (1.23e+00 1.22e+00 | 6.74e-01 7.25e-01)	7.316156e+00 6.420305e+00 7.316248e+00 6.426576e+00 : 9.159761e-01
14643(999) (9.12e-01 9.37e-01) XE:9.37e-02 (1.17e+00 1.22e+00 | 6.40e-01 7.25e-01)	7.315997e+00 6.420010e+00 7.316089e+00 6.426364e+00 : 9.159486e-01
14710(996) (1.18e+00 9.36e-01) XE:9.36e-02 (1.22e+00 1.22e+00 | 6.98e-01 7.25e-01)	7.315818e+00 6.420056e+00 7.316080e+00 6.426515e+00 : 9.159490e-01
14778(1000) (1.01e+00 9.37e-01) XE:9.37e-02 (1.20e+00 1.22e+00 | 6.94e-01 7.25e-01)	7.315730e+00 6.419795e+00 7.315875e+00 6.426485e+00 : 9.159295e-01
14845(995) (8.11e-01 9.37e-01) XE:9.37e-02 (1.21e+00 1.22e+00 | 7.39e-01 7.25e-01)	7.315689e+00 6.419811e+00 7.315771e+00 6.426513e+00 : 9.159261e-01
14913(998) (9.72e-01 9.37e-01) XE:9.37e-02 (1.23e+00 1.22e+00 | 7.20e-01 7.25e-01)	7.315521e+00 6.419791e+00 7.315595e+00 6.426336e+00 : 9.159081e-01
14980(997) (8.83e-01 9.37e-01) XE:9.37e-02 (1.23e+00 1.22e+00 | 6.78e-01 7.25e-01)	7.315328e+00 6.419788e+00 7.315661e+00 6.426399e+00 : 9.159059e-01
15048(988) (1.16e+00 9.36e-01) XE:9.36e-02 (1.24e+00 1.22e+00 | 7.73e-01 7.25e-01)	7.315201e+00 6.419816e+00 7.315826e+00 6.426480e+00 : 9.159108e-01
15116(1001) (7.27e-01 9.36e-01) XE:9.36e-02 (1.20e+00 1.22e+00 | 6.84e-01 7.25e-01)	7.315165e+00 6.419737e+00 7.315839e+00 6.426467e+00 : 9.159069e-01
15183(998) (1.22e+00 9.36e-01) XE:9.36e-02 (1.20e+00 1.22e+00 | 6.92e-01 7.25e-01)	7.315394e+00 6.419654e+00 7.315793e+00 6.426561e+00 : 9.159134e-01
15251(992) (1.13e+00 9.36e-01) XE:9.36e-02 (1.22e+00 1.22e+00 | 7.61e-01 7.25e-01)	7.314999e+00 6.419516e+00 7.315522e+00 6.426505e+00 : 9.158847e-01
15318(1005) (7.29e-01 9.36e-01) XE:9.36e-02 (1.21e+00 1.22e+00 | 7.59e-01 7.25e-01)	7.315124e+00 6.419507e+00 7.315367e+00 6.426451e+00 : 9.158816e-01
15386(997) (1.18e+00 9.36e-01) XE:9.36e-02 (1.19e+00 1.22e+00 | 7.51e-01 7.25e-01)	7.315262e+00 6.419339e+00 7.315469e+00 6.426521e+00 : 9.158864e-01
15453(1002) (7.04e-01 9.36e-01) XE:9.36e-02 (1.22e+00 1.22e+00 | 7.75e-01 7.25e-01)	7.315347e+00 6.419363e+00 7.315461e+00 6.426559e+00 : 9.158910e-01
15521(993) (1.01e+00 9.36e-01) XE:9.36e-02 (1.24e+00 1.22e+00 | 6.82e-01 7.25e-01)	7.314899e+00 6.419171e+00 7.315588e+00 6.426388e+00 : 9.158682e-01
15588(994) (1.05e+00 9.36e-01) XE:9.36e-02 (1.22e+00 1.22e+00 | 7.69e-01 7.25e-01)	7.314957e+00 6.419101e+00 7.315750e+00 6.426212e+00 : 9.158673e-01
15656(990) (1.35e+00 9.36e-01) XE:9.36e-02 (1.21e+00 1.22e+00 | 7.18e-01 7.25e-01)	7.314591e+00 6.418880e+00 7.315835e+00 6.426037e+00 : 9.158448e-01
15723(1001) (1.16e+00 9.36e-01) XE:9.36e-02 (1.22e+00 1.22e+00 | 7.23e-01 7.25e-01)	7.314751e+00 6.419076e+00 7.315936e+00 6.425864e+00 : 9.158542e-01
15791(993) (1.03e+00 9.37e-01) XE:9.37e-02 (1.22e+00 1.22e+00 | 7.20e-01 7.25e-01)	7.314584e+00 6.419002e+00 7.315773e+00 6.425707e+00 : 9.158355e-01
15858(996) (8.27e-01 9.37e-01) XE:9.37e-02 (1.20e+00 1.22e+00 | 7.18e-01 7.25e-01)	7.314449e+00 6.418720e+00 7.315567e+00 6.425493e+00 : 9.158076e-01
15926(1000) (8.98e-01 9.37e-01) XE:9.37e-02 (1.19e+00 1.22e+00 | 7.43e-01 7.25e-01)	7.314148e+00 6.418736e+00 7.315234e+00 6.425460e+00 : 9.157859e-01
15993(1003) (6.50e-01 9.37e-01) XE:9.37e-02 (1.22e+00 1.22e+00 | 7.04e-01 7.25e-01)	7.314351e+00 6.418642e+00 7.315137e+00 6.425310e+00 : 9.157813e-01
16061(1001) (7.86e-01 9.37e-01) XE:9.37e-02 (1.20e+00 1.22e+00 | 6.68e-01 7.25e-01)	7.314280e+00 6.418431e+00 7.314864e+00 6.425420e+00 : 9.157665e-01
16128(1006) (7.49e-01 9.37e-01) XE:9.37e-02 (1.22e+00 1.22e+00 | 6.70e-01 7.25e-01)	7.314015e+00 6.418200e+00 7.314730e+00 6.425329e+00 : 9.157424e-01
16196(1007) (8.20e-01 9.37e-01) XE:9.37e-02 (1.21e+00 1.22e+00 | 6.86e-01 7.25e-01)	7.313791e+00 6.418146e+00 7.314366e+00 6.425020e+00 : 9.157108e-01
16263(1001) (7.24e-01 9.37e-01) XE:9.37e-02 (1.23e+00 1.22e+00 | 7.25e-01 7.25e-01)	7.313716e+00 6.418356e+00 7.314149e+00 6.424933e+00 : 9.157051e-01
16331(1002) (1.32e+00 9.37e-01) XE:9.37e-02 (1.20e+00 1.22e+00 | 6.94e-01 7.25e-01)	7.313523e+00 6.418318e+00 7.314046e+00 6.424829e+00 : 9.156905e-01
16398(1004) (1.16e+00 9.37e-01) XE:9.37e-02 (1.21e+00 1.22e+00 | 6.96e-01 7.25e-01)	7.313286e+00 6.418066e+00 7.313692e+00 6.424794e+00 : 9.156613e-01
16466(999) (7.76e-01 9.37e-01) XE:9.37e-02 (1.22e+00 1.22e+00 | 7.33e-01 7.25e-01)	7.313228e+00 6.417959e+00 7.313575e+00 6.424689e+00 : 9.156483e-01
16533(1009) (7.98e-01 9.37e-01) XE:9.37e-02 (1.23e+00 1.22e+00 | 6.94e-01 7.25e-01)	7.313302e+00 6.417891e+00 7.313583e+00 6.424687e+00 : 9.156488e-01
16601(1008) (1.42e+00 9.37e-01) XE:9.37e-02 (1.25e+00 1.22e+00 | 7.18e-01 7.25e-01)	7.313281e+00 6.417853e+00 7.313486e+00 6.424431e+00 : 9.156350e-01
16668(996) (9.47e-01 9.37e-01) XE:9.37e-02 (1.21e+00 1.22e+00 | 7.77e-01 7.25e-01)	7.313084e+00 6.417819e+00 7.313356e+00 6.424329e+00 : 9.156196e-01
16736(993) (1.07e+00 9.37e-01) XE:9.37e-02 (1.22e+00 1.22e+00 | 8.21e-01 7.25e-01)	7.313032e+00 6.417683e+00 7.313238e+00 6.424343e+00 : 9.156099e-01
16803(1009) (1.03e+00 9.37e-01) XE:9.37e-02 (1.22e+00 1.22e+00 | 7.71e-01 7.25e-01)	7.312844e+00 6.417611e+00 7.313166e+00 6.424327e+00 : 9.155983e-01
16870(999) (1.05e+00 9.37e-01) XE:9.37e-02 (1.22e+00 1.22e+00 | 6.98e-01 7.25e-01)	7.312656e+00 6.417390e+00 7.313398e+00 6.424380e+00 : 9.155941e-01
16938(998) (5.89e-01 9.37e-01) XE:9.37e-02 (1.20e+00 1.22e+00 | 7.75e-01 7.25e-01)	7.312346e+00 6.417151e+00 7.313043e+00 6.424210e+00 : 9.155583e-01
17005(997) (1.28e+00 9.37e-01) XE:9.37e-02 (1.22e+00 1.22e+00 | 6.80e-01 7.25e-01)	7.312273e+00 6.417192e+00 7.312866e+00 6.424151e+00 : 9.155494e-01
17073(1000) (9.47e-01 9.37e-01) XE:9.37e-02 (1.21e+00 1.22e+00 | 7.77e-01 7.25e-01)	7.312127e+00 6.417078e+00 7.312718e+00 6.424348e+00 : 9.155423e-01
17140(997) (1.17e+00 9.37e-01) XE:9.37e-02 (1.21e+00 1.22e+00 | 7.49e-01 7.25e-01)	7.312143e+00 6.416995e+00 7.312873e+00 6.424188e+00 : 9.155400e-01
17208(999) (1.05e+00 9.37e-01) XE:9.37e-02 (1.23e+00 1.22e+00 | 7.59e-01 7.25e-01)	7.311825e+00 6.416770e+00 7.312673e+00 6.424202e+00 : 9.155156e-01
17275(1005) (7.32e-01 9.37e-01) XE:9.37e-02 (1.22e+00 1.22e+00 | 7.20e-01 7.25e-01)	7.311762e+00 6.416728e+00 7.312691e+00 6.424309e+00 : 9.155163e-01
17343(996) (1.11e+00 9.37e-01) XE:9.37e-02 (1.21e+00 1.22e+00 | 6.58e-01 7.25e-01)	7.311506e+00 6.416740e+00 7.312642e+00 6.424161e+00 : 9.155017e-01
17410(1003) (8.02e-01 9.37e-01) XE:9.37e-02 (1.21e+00 1.22e+00 | 7.16e-01 7.25e-01)	7.311532e+00 6.416664e+00 7.312704e+00 6.424118e+00 : 9.155006e-01
17478(1002) (9.27e-01 9.37e-01) XE:9.37e-02 (1.20e+00 1.22e+00 | 7.04e-01 7.25e-01)	7.311421e+00 6.416571e+00 7.312656e+00 6.424004e+00 : 9.154884e-01
17545(1008) (5.96e-01 9.37e-01) XE:9.37e-02 (1.21e+00 1.22e+00 | 6.96e-01 7.25e-01)	7.311551e+00 6.416703e+00 7.312578e+00 6.423919e+00 : 9.154917e-01
17613(1001) (8.84e-01 9.37e-01) XE:9.37e-02 (1.21e+00 1.22e+00 | 7.47e-01 7.25e-01)	7.311471e+00 6.416624e+00 7.312712e+00 6.423925e+00 : 9.154911e-01
17680(997) (1.04e+00 9.37e-01) XE:9.37e-02 (1.20e+00 1.22e+00 | 6.76e-01 7.25e-01)	7.311485e+00 6.416710e+00 7.312874e+00 6.423783e+00 : 9.154951e-01
17748(996) (8.61e-01 9.37e-01) XE:9.37e-02 (1.21e+00 1.22e+00 | 7.37e-01 7.25e-01)	7.311576e+00 6.416635e+00 7.312862e+00 6.423802e+00 : 9.154959e-01
17815(1003) (8.55e-01 9.37e-01) XE:9.37e-02 (1.24e+00 1.22e+00 | 6.44e-01 7.25e-01)	7.311401e+00 6.416708e+00 7.312905e+00 6.423789e+00 : 9.154934e-01
17883(997) (1.28e+00 9.37e-01) XE:9.37e-02 (1.24e+00 1.22e+00 | 7.27e-01 7.25e-01)	7.311289e+00 6.416622e+00 7.312662e+00 6.423585e+00 : 9.154720e-01
17950(1003) (6.48e-01 9.37e-01) XE:9.37e-02 (1.23e+00 1.22e+00 | 7.67e-01 7.25e-01)	7.311284e+00 6.416708e+00 7.312546e+00 6.423483e+00 : 9.154674e-01
18018(1008) (1.05e+00 9.37e-01) XE:9.37e-02 (1.20e+00 1.22e+00 | 7.43e-01 7.25e-01)	7.311179e+00 6.416984e+00 7.312374e+00 6.423414e+00 : 9.154650e-01
18085(1000) (1.16e+00 9.37e-01) XE:9.37e-02 (1.22e+00 1.22e+00 | 7.37e-01 7.25e-01)	7.311331e+00 6.416999e+00 7.312318e+00 6.423371e+00 : 9.154673e-01
18153(989) (1.20e+00 9.37e-01) XE:9.37e-02 (1.21e+00 1.22e+00 | 7.75e-01 7.25e-01)	7.311340e+00 6.417156e+00 7.312111e+00 6.423375e+00 : 9.154661e-01
18220(998) (1.25e+00 9.37e-01) XE:9.37e-02 (1.23e+00 1.22e+00 | 7.45e-01 7.25e-01)	7.311347e+00 6.417020e+00 7.311914e+00 6.423266e+00 : 9.154515e-01
18288(1001) (6.97e-01 9.37e-01) XE:9.37e-02 (1.23e+00 1.22e+00 | 6.88e-01 7.25e-01)	7.311088e+00 6.416829e+00 7.311831e+00 6.423302e+00 : 9.154350e-01
18355(1003) (7.03e-01 9.37e-01) XE:9.37e-02 (1.19e+00 1.22e+00 | 6.94e-01 7.25e-01)	7.310984e+00 6.416739e+00 7.311785e+00 6.423341e+00 : 9.154283e-01
18423(1005) (8.10e-01 9.37e-01) XE:9.37e-02 (1.23e+00 1.22e+00 | 7.16e-01 7.25e-01)	7.310911e+00 6.416788e+00 7.311542e+00 6.423268e+00 : 9.154170e-01
18490(999) (9.13e-01 9.37e-01) XE:9.37e-02 (1.22e+00 1.22e+00 | 7.16e-01 7.25e-01)	7.310926e+00 6.416547e+00 7.311515e+00 6.423220e+00 : 9.154069e-01
18558(1004) (9.08e-01 9.37e-01) XE:9.37e-02 (1.22e+00 1.22e+00 | 6.68e-01 7.25e-01)	7.310767e+00 6.416580e+00 7.311630e+00 6.423270e+00 : 9.154083e-01
18625(1005) (7.73e-01 9.37e-01) XE:9.37e-02 (1.23e+00 1.22e+00 | 7.73e-01 7.25e-01)	7.310784e+00 6.416625e+00 7.311644e+00 6.423153e+00 : 9.154069e-01
18693(995) (8.50e-01 9.37e-01) XE:9.37e-02 (1.24e+00 1.22e+00 | 7.27e-01 7.25e-01)	7.310725e+00 6.416570e+00 7.311482e+00 6.423110e+00 : 9.153962e-01
18760(996) (8.68e-01 9.37e-01) XE:9.37e-02 (1.21e+00 1.22e+00 | 6.92e-01 7.25e-01)	7.310657e+00 6.416589e+00 7.311396e+00 6.422877e+00 : 9.153840e-01
18827(1001) (1.25e+00 9.37e-01) XE:9.37e-02 (1.22e+00 1.22e+00 | 8.09e-01 7.25e-01)	7.310541e+00 6.416634e+00 7.311302e+00 6.422766e+00 : 9.153747e-01
18895(998) (1.26e+00 9.37e-01) XE:9.37e-02 (1.21e+00 1.22e+00 | 7.47e-01 7.25e-01)	7.310599e+00 6.416262e+00 7.311352e+00 6.422894e+00 : 9.153702e-01
18963(996) (1.21e+00 9.37e-01) XE:9.37e-02 (1.21e+00 1.22e+00 | 7.39e-01 7.25e-01)	7.310497e+00 6.416224e+00 7.311271e+00 6.422946e+00 : 9.153646e-01
19030(993) (9.10e-01 9.37e-01) XE:9.37e-02 (1.22e+00 1.22e+00 | 6.94e-01 7.25e-01)	7.310319e+00 6.416037e+00 7.311134e+00 6.422700e+00 : 9.153397e-01
19097(1004) (8.16e-01 9.37e-01) XE:9.37e-02 (1.24e+00 1.22e+00 | 7.69e-01 7.25e-01)	7.310260e+00 6.416039e+00 7.311014e+00 6.422586e+00 : 9.153300e-01
19165(1006) (8.01e-01 9.37e-01) XE:9.37e-02 (1.19e+00 1.22e+00 | 7.25e-01 7.25e-01)	7.310196e+00 6.416086e+00 7.310974e+00 6.422595e+00 : 9.153284e-01
19232(1002) (1.08e+00 9.37e-01) XE:9.37e-02 (1.23e+00 1.22e+00 | 7.27e-01 7.25e-01)	7.310278e+00 6.416225e+00 7.311119e+00 6.422633e+00 : 9.153418e-01
19300(997) (8.99e-01 9.37e-01) XE:9.37e-02 (1.21e+00 1.22e+00 | 6.78e-01 7.25e-01)	7.310393e+00 6.416123e+00 7.311169e+00 6.422728e+00 : 9.153471e-01
19367(989) (1.24e+00 9.37e-01) XE:9.37e-02 (1.23e+00 1.22e+00 | 7.31e-01 7.25e-01)	7.310241e+00 6.416015e+00 7.311151e+00 6.422677e+00 : 9.153362e-01
19435(993) (1.42e+00 9.37e-01) XE:9.37e-02 (1.22e+00 1.22e+00 | 7.31e-01 7.25e-01)	7.310225e+00 6.416002e+00 7.311046e+00 6.422590e+00 : 9.153288e-01
19502(1002) (8.75e-01 9.37e-01) XE:9.37e-02 (1.23e+00 1.22e+00 | 7.89e-01 7.26e-01)	7.310147e+00 6.415867e+00 7.310916e+00 6.422730e+00 : 9.153220e-01
19570(998) (1.02e+00 9.37e-01) XE:9.37e-02 (1.21e+00 1.22e+00 | 7.35e-01 7.26e-01)	7.310159e+00 6.415777e+00 7.310924e+00 6.422627e+00 : 9.153162e-01
19637(997) (1.17e+00 9.38e-01) XE:9.38e-02 (1.20e+00 1.22e+00 | 6.78e-01 7.26e-01)	7.310089e+00 6.415810e+00 7.310668e+00 6.422560e+00 : 9.153042e-01
19705(996) (8.42e-01 9.38e-01) XE:9.38e-02 (1.25e+00 1.22e+00 | 7.14e-01 7.25e-01)	7.309932e+00 6.415580e+00 7.310629e+00 6.422363e+00 : 9.152835e-01
19772(999) (1.09e+00 9.38e-01) XE:9.38e-02 (1.20e+00 1.22e+00 | 7.04e-01 7.25e-01)	7.309818e+00 6.415499e+00 7.310671e+00 6.422256e+00 : 9.152748e-01
19839(993) (8.52e-01 9.38e-01) XE:9.38e-02 (1.23e+00 1.22e+00 | 7.43e-01 7.26e-01)	7.309781e+00 6.415707e+00 7.310658e+00 6.422132e+00 : 9.152760e-01
19907(996) (1.17e+00 9.38e-01) XE:9.38e-02 (1.21e+00 1.22e+00 | 7.23e-01 7.26e-01)	7.309716e+00 6.415735e+00 7.310462e+00 6.422180e+00 : 9.152697e-01
19974(1006) (1.10e+00 9.38e-01) XE:9.38e-02 (1.18e+00 1.22e+00 | 7.55e-01 7.26e-01)	7.309498e+00 6.415663e+00 7.310496e+00 6.422094e+00 : 9.152584e-01
20000(1000) (1.17e+00 9.38e-01) XE:9.38e-02 (1.23e+00 1.22e+00 | 7.51e-01 7.26e-01)	7.309430e+00 6.415652e+00 7.310552e+00 6.422175e+00 : 9.152603e-01
RL cnt: 0,13187188,2795732,350119,34092,2709,0,0,0,0,0,0,0,0,0,0,
BL cnt: 0,0,0,0,0,0,178180,0,3239590,0,12986579,0,3237536,0,178115,0,0,0,0,0,0,
7.309430e+00 6.415652e+00 7.310552e+00 6.422175e+00 : 9.152603e-01
# InnerCodebook: deleted
# NBIDSchannel: deleted
# Gtable: deleted
# FBalg4: deleted
# StatICB: deleted
