# (Pid,Ps)=(2.000000e-02,1.000000e-02) Nseg=200 WinSize=10 lmd=1 [0]
# InnerCB: ../search03/ICB/F10.bin
# Gtable:  Gtable/5/020_010.bin
# InnerCodebook: beta=5(1024) nu=4
# InnerCodebook: B(B2p)=8(256) 7(128) 8(256) 7(128) 
# InnerCodebook: checked CWM, EncMap, DecMap
# beta=5(1024) nu=4 N=1000 Dmax=25 WCmax=20000
# B=8,7,8,7,
# NBIDSchannel: N=1000 Q=4 Dmax=25 (Pid,Ps)=(2.000000e-02,1.000000e-02)
# FBalg4: Nseg=200 Dmax=25(w=51)
# FBalg4: Gtable: Gtable/5/020_010.bin
# Gtable: beta=5 (Pid,Ps,Ptrn)=(2.000000e-02,1.000000e-02,9.600000e-01) Pth=1.000000e-10
# Gtable: beta4p=1024 beta4pp=1048576
# Gtable::Gtable len=0 cnt=1024
# Gtable::Gtable len=1 cnt=4096
# Gtable::Gtable len=2 cnt=16384
# Gtable::Gtable len=3 cnt=65536
# Gtable::Gtable len=4 cnt=240052
# Gtable::Gtable len=5 cnt=825736
# Gtable::Gtable len=6 cnt=1472656
# Gtable::Gtable len=7 cnt=939544
# Gtable::Gtable len=8 cnt=696352
# Gtable::Gtable len=9 cnt=100348
# Gtable::Gtable len=10 cnt=1024
# FBalg4: beta=5(1024) (Pid,Ps)=(2.000000e-02,1.000000e-02) Pth=1.000000e-10 N=1000
# StatICB: nu=4 beta=5 beta4p=1024 Bsum=30 lmd=1
# StatICB: B=8,7,8,7,
0037(998) (1.72e+00 1.42e+00) XE:1.42e-01 (1.22e+00 1.22e+00 | 7.59e-01 7.34e-01)	7.509643e+00 6.702827e+00 7.612107e+00 6.662607e+00 : 9.495728e-01
0077(1007) (9.34e-01 1.40e+00) XE:1.40e-01 (1.21e+00 1.22e+00 | 6.96e-01 7.23e-01)	7.507192e+00 6.625832e+00 7.546434e+00 6.593089e+00 : 9.424182e-01
0116(998) (1.48e+00 1.39e+00) XE:1.39e-01 (1.21e+00 1.22e+00 | 6.50e-01 7.20e-01)	7.450358e+00 6.569594e+00 7.481331e+00 6.523961e+00 : 9.341748e-01
0155(1005) (1.28e+00 1.40e+00) XE:1.40e-01 (1.23e+00 1.22e+00 | 7.18e-01 7.23e-01)	7.403659e+00 6.523254e+00 7.428726e+00 6.473395e+00 : 9.276345e-01
0194(996) (1.32e+00 1.42e+00) XE:1.42e-01 (1.20e+00 1.22e+00 | 7.77e-01 7.25e-01)	7.351194e+00 6.459158e+00 7.386841e+00 6.426227e+00 : 9.207807e-01
0233(994) (1.07e+00 1.43e+00) XE:1.43e-01 (1.23e+00 1.22e+00 | 7.33e-01 7.26e-01)	7.323100e+00 6.416870e+00 7.348250e+00 6.389612e+00 : 9.159277e-01
0272(1000) (8.16e-01 1.42e+00) XE:1.42e-01 (1.22e+00 1.22e+00 | 7.71e-01 7.26e-01)	7.305347e+00 6.388130e+00 7.329913e+00 6.365099e+00 : 9.129496e-01
0311(1003) (1.37e+00 1.43e+00) XE:1.43e-01 (1.24e+00 1.22e+00 | 7.39e-01 7.27e-01)	7.275564e+00 6.351368e+00 7.298669e+00 6.338928e+00 : 9.088176e-01
0350(993) (1.98e+00 1.43e+00) XE:1.43e-01 (1.22e+00 1.22e+00 | 7.06e-01 7.26e-01)	7.249013e+00 6.335216e+00 7.279806e+00 6.322689e+00 : 9.062241e-01
0389(1000) (1.07e+00 1.43e+00) XE:1.43e-01 (1.21e+00 1.22e+00 | 7.14e-01 7.27e-01)	7.224942e+00 6.313940e+00 7.255169e+00 6.304424e+00 : 9.032825e-01
0429(1008) (1.46e+00 1.43e+00) XE:1.43e-01 (1.19e+00 1.22e+00 | 6.72e-01 7.27e-01)	7.212956e+00 6.298906e+00 7.244444e+00 6.293285e+00 : 9.016530e-01
0468(996) (1.35e+00 1.43e+00) XE:1.43e-01 (1.24e+00 1.22e+00 | 8.40e-01 7.28e-01)	7.198400e+00 6.284246e+00 7.222101e+00 6.283843e+00 : 8.996197e-01
0507(1007) (1.10e+00 1.43e+00) XE:1.43e-01 (1.21e+00 1.22e+00 | 7.35e-01 7.28e-01)	7.180866e+00 6.270833e+00 7.210229e+00 6.267270e+00 : 8.976399e-01
0546(1001) (1.27e+00 1.42e+00) XE:1.42e-01 (1.21e+00 1.22e+00 | 7.51e-01 7.27e-01)	7.166902e+00 6.267450e+00 7.199461e+00 6.257103e+00 : 8.963639e-01
0585(990) (1.64e+00 1.42e+00) XE:1.42e-01 (1.21e+00 1.22e+00 | 7.10e-01 7.28e-01)	7.156826e+00 6.260293e+00 7.188223e+00 6.252413e+00 : 8.952585e-01
0624(995) (1.50e+00 1.43e+00) XE:1.43e-01 (1.21e+00 1.22e+00 | 7.45e-01 7.28e-01)	7.146406e+00 6.249742e+00 7.174337e+00 6.240165e+00 : 8.936884e-01
0663(1003) (1.65e+00 1.43e+00) XE:1.43e-01 (1.19e+00 1.22e+00 | 6.58e-01 7.27e-01)	7.140394e+00 6.242004e+00 7.159849e+00 6.228261e+00 : 8.923503e-01
0702(1013) (1.15e+00 1.43e+00) XE:1.43e-01 (1.22e+00 1.22e+00 | 7.18e-01 7.28e-01)	7.126512e+00 6.232088e+00 7.147219e+00 6.222752e+00 : 8.909524e-01
0741(1002) (2.00e+00 1.43e+00) XE:1.43e-01 (1.25e+00 1.22e+00 | 7.59e-01 7.27e-01)	7.118930e+00 6.224899e+00 7.140696e+00 6.216266e+00 : 8.900263e-01
0781(1001) (1.39e+00 1.43e+00) XE:1.43e-01 (1.21e+00 1.22e+00 | 7.10e-01 7.27e-01)	7.112679e+00 6.215877e+00 7.129173e+00 6.205557e+00 : 8.887762e-01
0820(1009) (1.63e+00 1.43e+00) XE:1.43e-01 (1.22e+00 1.22e+00 | 7.12e-01 7.27e-01)	7.106600e+00 6.211854e+00 7.125029e+00 6.203076e+00 : 8.882186e-01
0859(1004) (1.22e+00 1.43e+00) XE:1.43e-01 (1.24e+00 1.22e+00 | 8.13e-01 7.27e-01)	7.101423e+00 6.205469e+00 7.117356e+00 6.195740e+00 : 8.873329e-01
0898(998) (1.19e+00 1.43e+00) XE:1.43e-01 (1.20e+00 1.22e+00 | 7.71e-01 7.28e-01)	7.093083e+00 6.200770e+00 7.111786e+00 6.189427e+00 : 8.865022e-01
0937(996) (1.45e+00 1.43e+00) XE:1.43e-01 (1.23e+00 1.22e+00 | 7.49e-01 7.28e-01)	7.087790e+00 6.196254e+00 7.105320e+00 6.183572e+00 : 8.857646e-01
0976(1000) (1.76e+00 1.43e+00) XE:1.43e-01 (1.21e+00 1.22e+00 | 7.47e-01 7.28e-01)	7.080545e+00 6.192077e+00 7.100039e+00 6.178887e+00 : 8.850516e-01
1016(1005) (1.48e+00 1.43e+00) XE:1.43e-01 (1.22e+00 1.22e+00 | 7.87e-01 7.28e-01)	7.073213e+00 6.190731e+00 7.096317e+00 6.177246e+00 : 8.845836e-01
1055(997) (1.67e+00 1.43e+00) XE:1.43e-01 (1.20e+00 1.22e+00 | 6.76e-01 7.28e-01)	7.069488e+00 6.184637e+00 7.090912e+00 6.175438e+00 : 8.840158e-01
1094(1013) (1.58e+00 1.43e+00) XE:1.43e-01 (1.20e+00 1.22e+00 | 6.56e-01 7.27e-01)	7.065313e+00 6.181245e+00 7.084851e+00 6.170349e+00 : 8.833919e-01
1133(1001) (1.15e+00 1.43e+00) XE:1.43e-01 (1.22e+00 1.22e+00 | 7.16e-01 7.27e-01)	7.059947e+00 6.177498e+00 7.075924e+00 6.165383e+00 : 8.826251e-01
1172(994) (1.28e+00 1.43e+00) XE:1.43e-01 (1.23e+00 1.22e+00 | 7.55e-01 7.27e-01)	7.057797e+00 6.177213e+00 7.070284e+00 6.163358e+00 : 8.822884e-01
1211(996) (1.25e+00 1.43e+00) XE:1.43e-01 (1.23e+00 1.22e+00 | 6.98e-01 7.27e-01)	7.053513e+00 6.175544e+00 7.066116e+00 6.160673e+00 : 8.818615e-01
1250(994) (1.28e+00 1.43e+00) XE:1.43e-01 (1.21e+00 1.22e+00 | 7.63e-01 7.27e-01)	7.047269e+00 6.170851e+00 7.062326e+00 6.160912e+00 : 8.813786e-01
1289(1011) (1.35e+00 1.43e+00) XE:1.43e-01 (1.26e+00 1.22e+00 | 7.31e-01 7.28e-01)	7.041516e+00 6.168285e+00 7.059523e+00 6.157306e+00 : 8.808877e-01
1329(993) (1.23e+00 1.43e+00) XE:1.43e-01 (1.19e+00 1.22e+00 | 7.10e-01 7.28e-01)	7.036728e+00 6.166213e+00 7.052490e+00 6.155437e+00 : 8.803623e-01
1368(1003) (1.64e+00 1.43e+00) XE:1.43e-01 (1.23e+00 1.22e+00 | 6.98e-01 7.28e-01)	7.033667e+00 6.162796e+00 7.050031e+00 6.152008e+00 : 8.799501e-01
1407(1003) (1.38e+00 1.43e+00) XE:1.43e-01 (1.21e+00 1.22e+00 | 7.06e-01 7.28e-01)	7.030448e+00 6.163223e+00 7.047158e+00 6.150289e+00 : 8.797039e-01
1446(1003) (1.15e+00 1.43e+00) XE:1.43e-01 (1.23e+00 1.22e+00 | 7.10e-01 7.28e-01)	7.027347e+00 6.159851e+00 7.044010e+00 6.147972e+00 : 8.793060e-01
1485(1010) (1.34e+00 1.43e+00) XE:1.43e-01 (1.23e+00 1.22e+00 | 8.07e-01 7.28e-01)	7.023299e+00 6.159019e+00 7.040598e+00 6.144264e+00 : 8.789060e-01
1524(1012) (1.23e+00 1.43e+00) XE:1.43e-01 (1.22e+00 1.22e+00 | 7.16e-01 7.27e-01)	7.020859e+00 6.156035e+00 7.036904e+00 6.143151e+00 : 8.785650e-01
1563(997) (1.30e+00 1.43e+00) XE:1.43e-01 (1.19e+00 1.22e+00 | 6.60e-01 7.27e-01)	7.018280e+00 6.152591e+00 7.032645e+00 6.140087e+00 : 8.781201e-01
1602(1007) (1.10e+00 1.43e+00) XE:1.43e-01 (1.18e+00 1.22e+00 | 7.02e-01 7.27e-01)	7.016480e+00 6.151523e+00 7.028352e+00 6.139675e+00 : 8.778677e-01
1641(1007) (1.41e+00 1.43e+00) XE:1.43e-01 (1.22e+00 1.22e+00 | 7.18e-01 7.27e-01)	7.011822e+00 6.150011e+00 7.025380e+00 6.136502e+00 : 8.774572e-01
1681(1013) (1.63e+00 1.43e+00) XE:1.43e-01 (1.23e+00 1.22e+00 | 7.27e-01 7.27e-01)	7.008881e+00 6.149186e+00 7.021758e+00 6.134802e+00 : 8.771542e-01
1720(1009) (1.34e+00 1.43e+00) XE:1.43e-01 (1.20e+00 1.22e+00 | 6.92e-01 7.27e-01)	7.006183e+00 6.148776e+00 7.018662e+00 6.132042e+00 : 8.768554e-01
1759(998) (8.96e-01 1.43e+00) XE:1.43e-01 (1.23e+00 1.22e+00 | 7.73e-01 7.27e-01)	7.004688e+00 6.148156e+00 7.016908e+00 6.130173e+00 : 8.766642e-01
1798(996) (1.52e+00 1.43e+00) XE:1.43e-01 (1.24e+00 1.22e+00 | 7.73e-01 7.27e-01)	7.000357e+00 6.144525e+00 7.012902e+00 6.125844e+00 : 8.761209e-01
1837(1008) (1.19e+00 1.43e+00) XE:1.43e-01 (1.23e+00 1.22e+00 | 7.35e-01 7.27e-01)	6.998124e+00 6.143439e+00 7.010371e+00 6.125240e+00 : 8.759058e-01
1876(993) (1.97e+00 1.43e+00) XE:1.43e-01 (1.22e+00 1.22e+00 | 6.90e-01 7.27e-01)	6.997812e+00 6.142244e+00 7.008600e+00 6.124315e+00 : 8.757657e-01
1915(1001) (1.63e+00 1.43e+00) XE:1.43e-01 (1.24e+00 1.22e+00 | 7.37e-01 7.27e-01)	6.995313e+00 6.140126e+00 7.006088e+00 6.122506e+00 : 8.754678e-01
1954(1001) (1.27e+00 1.43e+00) XE:1.43e-01 (1.19e+00 1.22e+00 | 7.41e-01 7.27e-01)	6.994415e+00 6.139986e+00 7.004930e+00 6.121109e+00 : 8.753480e-01
1993(1011) (1.13e+00 1.43e+00) XE:1.43e-01 (1.20e+00 1.22e+00 | 7.41e-01 7.27e-01)	6.991621e+00 6.138794e+00 7.001125e+00 6.119850e+00 : 8.750463e-01
2033(1007) (1.29e+00 1.43e+00) XE:1.43e-01 (1.23e+00 1.22e+00 | 8.44e-01 7.27e-01)	6.990475e+00 6.135953e+00 6.997904e+00 6.117559e+00 : 8.747297e-01
2072(997) (1.04e+00 1.43e+00) XE:1.43e-01 (1.21e+00 1.22e+00 | 7.25e-01 7.26e-01)	6.989491e+00 6.135194e+00 6.996547e+00 6.116092e+00 : 8.745775e-01
2111(992) (1.38e+00 1.43e+00) XE:1.43e-01 (1.25e+00 1.22e+00 | 7.55e-01 7.26e-01)	6.986518e+00 6.133423e+00 6.994918e+00 6.113952e+00 : 8.742937e-01
2150(1002) (1.80e+00 1.43e+00) XE:1.43e-01 (1.23e+00 1.22e+00 | 7.59e-01 7.26e-01)	6.983484e+00 6.132899e+00 6.993306e+00 6.111670e+00 : 8.740453e-01
2189(1003) (9.72e-01 1.43e+00) XE:1.43e-01 (1.20e+00 1.22e+00 | 6.78e-01 7.26e-01)	6.980717e+00 6.131139e+00 6.993023e+00 6.111010e+00 : 8.738630e-01
2228(1010) (1.02e+00 1.43e+00) XE:1.43e-01 (1.23e+00 1.22e+00 | 7.43e-01 7.26e-01)	6.978880e+00 6.129570e+00 6.991577e+00 6.109144e+00 : 8.736391e-01
2267(1002) (1.22e+00 1.43e+00) XE:1.43e-01 (1.21e+00 1.22e+00 | 7.43e-01 7.26e-01)	6.976971e+00 6.128286e+00 6.990292e+00 6.106814e+00 : 8.734121e-01
2306(1003) (1.27e+00 1.43e+00) XE:1.43e-01 (1.21e+00 1.22e+00 | 7.14e-01 7.26e-01)	6.976376e+00 6.127760e+00 6.989930e+00 6.105543e+00 : 8.733203e-01
2346(991) (1.83e+00 1.43e+00) XE:1.43e-01 (1.20e+00 1.22e+00 | 6.96e-01 7.26e-01)	6.974229e+00 6.125283e+00 6.988101e+00 6.104443e+00 : 8.730685e-01
2385(1005) (1.07e+00 1.43e+00) XE:1.43e-01 (1.22e+00 1.22e+00 | 7.20e-01 7.26e-01)	6.973559e+00 6.123673e+00 6.986388e+00 6.103293e+00 : 8.728971e-01
2424(998) (1.82e+00 1.43e+00) XE:1.43e-01 (1.24e+00 1.22e+00 | 7.77e-01 7.26e-01)	6.971386e+00 6.123665e+00 6.984250e+00 6.101888e+00 : 8.727063e-01
2463(1003) (1.10e+00 1.43e+00) XE:1.43e-01 (1.20e+00 1.22e+00 | 7.39e-01 7.26e-01)	6.970363e+00 6.123019e+00 6.982385e+00 6.100897e+00 : 8.725555e-01
2502(1002) (1.20e+00 1.43e+00) XE:1.43e-01 (1.23e+00 1.22e+00 | 6.86e-01 7.26e-01)	6.970148e+00 6.122695e+00 6.981067e+00 6.100522e+00 : 8.724811e-01
2541(997) (1.60e+00 1.43e+00) XE:1.43e-01 (1.21e+00 1.22e+00 | 6.90e-01 7.26e-01)	6.969969e+00 6.121053e+00 6.979535e+00 6.099824e+00 : 8.723460e-01
2580(997) (1.39e+00 1.43e+00) XE:1.43e-01 (1.23e+00 1.22e+00 | 6.60e-01 7.26e-01)	6.967769e+00 6.119843e+00 6.978572e+00 6.099395e+00 : 8.721860e-01
2619(993) (1.51e+00 1.43e+00) XE:1.43e-01 (1.22e+00 1.22e+00 | 7.16e-01 7.26e-01)	6.965963e+00 6.118292e+00 6.976404e+00 6.098830e+00 : 8.719830e-01
2658(998) (1.27e+00 1.43e+00) XE:1.43e-01 (1.23e+00 1.22e+00 | 7.23e-01 7.26e-01)	6.964652e+00 6.116850e+00 6.974629e+00 6.097191e+00 : 8.717774e-01
2698(992) (1.27e+00 1.43e+00) XE:1.43e-01 (1.19e+00 1.22e+00 | 7.14e-01 7.26e-01)	6.962891e+00 6.116405e+00 6.974238e+00 6.097512e+00 : 8.717015e-01
2737(992) (1.71e+00 1.43e+00) XE:1.43e-01 (1.21e+00 1.22e+00 | 7.53e-01 7.26e-01)	6.962477e+00 6.115570e+00 6.971535e+00 6.095870e+00 : 8.715150e-01
2776(1008) (1.16e+00 1.43e+00) XE:1.43e-01 (1.22e+00 1.22e+00 | 6.72e-01 7.26e-01)	6.962205e+00 6.114192e+00 6.970607e+00 6.094202e+00 : 8.713736e-01
2815(991) (1.90e+00 1.43e+00) XE:1.43e-01 (1.25e+00 1.22e+00 | 7.18e-01 7.26e-01)	6.960365e+00 6.113647e+00 6.969737e+00 6.093972e+00 : 8.712574e-01
2854(1004) (1.33e+00 1.43e+00) XE:1.43e-01 (1.25e+00 1.22e+00 | 7.63e-01 7.26e-01)	6.959615e+00 6.113676e+00 6.967640e+00 6.093565e+00 : 8.711499e-01
2893(993) (1.43e+00 1.43e+00) XE:1.43e-01 (1.20e+00 1.22e+00 | 6.96e-01 7.26e-01)	6.957878e+00 6.112852e+00 6.965285e+00 6.092363e+00 : 8.709459e-01
2932(999) (1.51e+00 1.43e+00) XE:1.43e-01 (1.22e+00 1.22e+00 | 7.06e-01 7.26e-01)	6.956158e+00 6.112147e+00 6.965496e+00 6.091990e+00 : 8.708597e-01
2971(1000) (1.24e+00 1.43e+00) XE:1.43e-01 (1.21e+00 1.22e+00 | 7.20e-01 7.26e-01)	6.956021e+00 6.112216e+00 6.964896e+00 6.092074e+00 : 8.708402e-01
3010(1005) (1.58e+00 1.43e+00) XE:1.43e-01 (1.20e+00 1.22e+00 | 7.04e-01 7.26e-01)	6.954260e+00 6.111471e+00 6.963919e+00 6.091819e+00 : 8.707156e-01
3050(1008) (1.17e+00 1.43e+00) XE:1.43e-01 (1.20e+00 1.22e+00 | 7.06e-01 7.26e-01)	6.952863e+00 6.111081e+00 6.962247e+00 6.091675e+00 : 8.705955e-01
3089(1004) (1.42e+00 1.43e+00) XE:1.43e-01 (1.20e+00 1.22e+00 | 7.20e-01 7.26e-01)	6.951848e+00 6.111064e+00 6.961743e+00 6.091087e+00 : 8.705247e-01
3128(1001) (1.39e+00 1.43e+00) XE:1.43e-01 (1.20e+00 1.22e+00 | 7.47e-01 7.26e-01)	6.951037e+00 6.109918e+00 6.961763e+00 6.090802e+00 : 8.704507e-01
3167(995) (1.28e+00 1.43e+00) XE:1.43e-01 (1.20e+00 1.22e+00 | 7.02e-01 7.26e-01)	6.949100e+00 6.108353e+00 6.959056e+00 6.090407e+00 : 8.702305e-01
3206(999) (1.56e+00 1.43e+00) XE:1.43e-01 (1.24e+00 1.22e+00 | 7.39e-01 7.26e-01)	6.948297e+00 6.106775e+00 6.957425e+00 6.089564e+00 : 8.700687e-01
3245(998) (1.53e+00 1.43e+00) XE:1.43e-01 (1.22e+00 1.22e+00 | 7.71e-01 7.26e-01)	6.947235e+00 6.106032e+00 6.956522e+00 6.088289e+00 : 8.699359e-01
3284(994) (1.21e+00 1.43e+00) XE:1.43e-01 (1.24e+00 1.22e+00 | 7.83e-01 7.26e-01)	6.947984e+00 6.106437e+00 6.955197e+00 6.087983e+00 : 8.699200e-01
3324(998) (1.35e+00 1.43e+00) XE:1.43e-01 (1.24e+00 1.22e+00 | 7.91e-01 7.26e-01)	6.946443e+00 6.104811e+00 6.953510e+00 6.086415e+00 : 8.697060e-01
3363(996) (1.41e+00 1.43e+00) XE:1.43e-01 (1.22e+00 1.22e+00 | 7.73e-01 7.26e-01)	6.945563e+00 6.103272e+00 6.953642e+00 6.086475e+00 : 8.696317e-01
3402(1006) (1.07e+00 1.43e+00) XE:1.43e-01 (1.23e+00 1.22e+00 | 8.25e-01 7.26e-01)	6.943745e+00 6.101980e+00 6.953349e+00 6.086894e+00 : 8.695322e-01
3441(1001) (1.51e+00 1.43e+00) XE:1.43e-01 (1.19e+00 1.22e+00 | 6.32e-01 7.26e-01)	6.942904e+00 6.101513e+00 6.953048e+00 6.086417e+00 : 8.694627e-01
3480(986) (1.61e+00 1.43e+00) XE:1.43e-01 (1.23e+00 1.22e+00 | 7.16e-01 7.26e-01)	6.942038e+00 6.101324e+00 6.952373e+00 6.086472e+00 : 8.694069e-01
3519(988) (1.13e+00 1.43e+00) XE:1.43e-01 (1.22e+00 1.22e+00 | 7.51e-01 7.26e-01)	6.941623e+00 6.101327e+00 6.951729e+00 6.085844e+00 : 8.693508e-01
3558(1017) (1.15e+00 1.43e+00) XE:1.43e-01 (1.23e+00 1.22e+00 | 7.14e-01 7.26e-01)	6.941895e+00 6.100802e+00 6.951570e+00 6.084841e+00 : 8.693036e-01
3597(1003) (1.59e+00 1.43e+00) XE:1.43e-01 (1.23e+00 1.22e+00 | 8.38e-01 7.26e-01)	6.940964e+00 6.100578e+00 6.950431e+00 6.084439e+00 : 8.692137e-01
3637(998) (1.43e+00 1.43e+00) XE:1.43e-01 (1.21e+00 1.22e+00 | 7.47e-01 7.26e-01)	6.941046e+00 6.099776e+00 6.950043e+00 6.084690e+00 : 8.691852e-01
3676(1001) (1.86e+00 1.43e+00) XE:1.43e-01 (1.23e+00 1.22e+00 | 6.40e-01 7.26e-01)	6.939936e+00 6.098919e+00 6.949037e+00 6.083878e+00 : 8.690590e-01
3715(999) (1.31e+00 1.43e+00) XE:1.43e-01 (1.18e+00 1.22e+00 | 6.68e-01 7.26e-01)	6.939577e+00 6.098299e+00 6.948222e+00 6.082998e+00 : 8.689698e-01
3754(1005) (1.38e+00 1.43e+00) XE:1.43e-01 (1.21e+00 1.22e+00 | 7.37e-01 7.26e-01)	6.938519e+00 6.098467e+00 6.947429e+00 6.082144e+00 : 8.688853e-01
3793(998) (1.30e+00 1.43e+00) XE:1.43e-01 (1.23e+00 1.22e+00 | 6.76e-01 7.26e-01)	6.937501e+00 6.097746e+00 6.947289e+00 6.082140e+00 : 8.688225e-01
3832(1000) (1.46e+00 1.43e+00) XE:1.43e-01 (1.19e+00 1.22e+00 | 7.12e-01 7.26e-01)	6.936754e+00 6.097487e+00 6.946211e+00 6.081553e+00 : 8.687335e-01
3871(988) (1.69e+00 1.43e+00) XE:1.43e-01 (1.23e+00 1.22e+00 | 7.91e-01 7.26e-01)	6.935916e+00 6.096927e+00 6.946037e+00 6.081024e+00 : 8.686635e-01
3910(985) (1.89e+00 1.43e+00) XE:1.43e-01 (1.18e+00 1.22e+00 | 6.96e-01 7.26e-01)	6.935540e+00 6.095930e+00 6.945534e+00 6.081130e+00 : 8.686045e-01
3950(1002) (1.22e+00 1.43e+00) XE:1.43e-01 (1.27e+00 1.22e+00 | 7.14e-01 7.26e-01)	6.934264e+00 6.095788e+00 6.944964e+00 6.080673e+00 : 8.685229e-01
3989(999) (1.45e+00 1.43e+00) XE:1.43e-01 (1.20e+00 1.22e+00 | 7.06e-01 7.26e-01)	6.933677e+00 6.095864e+00 6.944700e+00 6.080264e+00 : 8.684835e-01
4028(1000) (1.34e+00 1.43e+00) XE:1.43e-01 (1.20e+00 1.22e+00 | 6.62e-01 7.26e-01)	6.932069e+00 6.094862e+00 6.943466e+00 6.080455e+00 : 8.683617e-01
4067(1006) (1.22e+00 1.43e+00) XE:1.43e-01 (1.19e+00 1.22e+00 | 6.90e-01 7.26e-01)	6.932307e+00 6.094448e+00 6.942847e+00 6.079220e+00 : 8.682940e-01
4106(1006) (1.58e+00 1.43e+00) XE:1.43e-01 (1.22e+00 1.22e+00 | 7.63e-01 7.26e-01)	6.931658e+00 6.093993e+00 6.942276e+00 6.078809e+00 : 8.682245e-01
4145(997) (1.22e+00 1.43e+00) XE:1.43e-01 (1.21e+00 1.22e+00 | 7.16e-01 7.26e-01)	6.930972e+00 6.093491e+00 6.941492e+00 6.078468e+00 : 8.681474e-01
4184(997) (1.75e+00 1.43e+00) XE:1.43e-01 (1.25e+00 1.22e+00 | 7.91e-01 7.26e-01)	6.930802e+00 6.092813e+00 6.940396e+00 6.078033e+00 : 8.680681e-01
4223(1001) (1.22e+00 1.43e+00) XE:1.43e-01 (1.22e+00 1.22e+00 | 7.23e-01 7.26e-01)	6.929607e+00 6.092233e+00 6.940005e+00 6.077923e+00 : 8.679923e-01
4263(999) (1.22e+00 1.43e+00) XE:1.43e-01 (1.21e+00 1.22e+00 | 7.10e-01 7.26e-01)	6.928913e+00 6.091427e+00 6.940520e+00 6.077838e+00 : 8.679566e-01
4302(1001) (1.53e+00 1.43e+00) XE:1.43e-01 (1.21e+00 1.22e+00 | 7.12e-01 7.26e-01)	6.928684e+00 6.091484e+00 6.940129e+00 6.076345e+00 : 8.678881e-01
4341(996) (1.54e+00 1.43e+00) XE:1.43e-01 (1.23e+00 1.22e+00 | 7.57e-01 7.26e-01)	6.927982e+00 6.091507e+00 6.939701e+00 6.075613e+00 : 8.678268e-01
4380(1000) (1.32e+00 1.43e+00) XE:1.43e-01 (1.24e+00 1.22e+00 | 6.98e-01 7.26e-01)	6.927829e+00 6.090578e+00 6.939109e+00 6.075326e+00 : 8.677614e-01
4419(1003) (1.06e+00 1.43e+00) XE:1.43e-01 (1.19e+00 1.22e+00 | 6.66e-01 7.26e-01)	6.927494e+00 6.090984e+00 6.938499e+00 6.075414e+00 : 8.677463e-01
4458(996) (1.49e+00 1.43e+00) XE:1.43e-01 (1.24e+00 1.22e+00 | 6.64e-01 7.26e-01)	6.927569e+00 6.090604e+00 6.938384e+00 6.074973e+00 : 8.677177e-01
4497(993) (1.46e+00 1.43e+00) XE:1.43e-01 (1.26e+00 1.22e+00 | 7.16e-01 7.26e-01)	6.927366e+00 6.090276e+00 6.938019e+00 6.074261e+00 : 8.676641e-01
4536(1004) (1.68e+00 1.43e+00) XE:1.43e-01 (1.21e+00 1.22e+00 | 7.14e-01 7.26e-01)	6.926242e+00 6.090082e+00 6.937041e+00 6.073977e+00 : 8.675781e-01
4575(998) (1.07e+00 1.43e+00) XE:1.43e-01 (1.22e+00 1.22e+00 | 7.33e-01 7.26e-01)	6.925310e+00 6.089516e+00 6.936736e+00 6.074502e+00 : 8.675355e-01
4615(992) (1.45e+00 1.43e+00) XE:1.43e-01 (1.22e+00 1.22e+00 | 6.82e-01 7.26e-01)	6.924371e+00 6.089223e+00 6.935821e+00 6.074210e+00 : 8.674542e-01
4654(1002) (9.79e-01 1.43e+00) XE:1.43e-01 (1.25e+00 1.22e+00 | 6.86e-01 7.26e-01)	6.923875e+00 6.088938e+00 6.935477e+00 6.074882e+00 : 8.674390e-01
4693(997) (1.72e+00 1.43e+00) XE:1.43e-01 (1.21e+00 1.22e+00 | 8.01e-01 7.26e-01)	6.923084e+00 6.089156e+00 6.934552e+00 6.074553e+00 : 8.673782e-01
4732(995) (1.18e+00 1.43e+00) XE:1.43e-01 (1.21e+00 1.22e+00 | 7.31e-01 7.26e-01)	6.922969e+00 6.088565e+00 6.933895e+00 6.073839e+00 : 8.673089e-01
4771(993) (1.18e+00 1.43e+00) XE:1.43e-01 (1.19e+00 1.22e+00 | 7.33e-01 7.26e-01)	6.921925e+00 6.087946e+00 6.933111e+00 6.073666e+00 : 8.672216e-01
4810(996) (1.00e+00 1.43e+00) XE:1.43e-01 (1.25e+00 1.22e+00 | 7.25e-01 7.26e-01)	6.921200e+00 6.088404e+00 6.933303e+00 6.073411e+00 : 8.672106e-01
4849(1001) (1.53e+00 1.43e+00) XE:1.43e-01 (1.22e+00 1.22e+00 | 6.64e-01 7.26e-01)	6.920153e+00 6.088105e+00 6.933083e+00 6.072750e+00 : 8.671364e-01
4888(1000) (1.34e+00 1.43e+00) XE:1.43e-01 (1.25e+00 1.22e+00 | 7.35e-01 7.26e-01)	6.919379e+00 6.087485e+00 6.932791e+00 6.071557e+00 : 8.670404e-01
4928(992) (1.64e+00 1.43e+00) XE:1.43e-01 (1.20e+00 1.22e+00 | 6.98e-01 7.26e-01)	6.918562e+00 6.087497e+00 6.932007e+00 6.070960e+00 : 8.669675e-01
4967(994) (1.98e+00 1.43e+00) XE:1.43e-01 (1.24e+00 1.22e+00 | 7.73e-01 7.26e-01)	6.917601e+00 6.086600e+00 6.931260e+00 6.069894e+00 : 8.668452e-01
5006(992) (1.73e+00 1.43e+00) XE:1.43e-01 (1.23e+00 1.22e+00 | 6.82e-01 7.26e-01)	6.917025e+00 6.085691e+00 6.930824e+00 6.069485e+00 : 8.667675e-01
5045(1002) (1.25e+00 1.43e+00) XE:1.43e-01 (1.21e+00 1.22e+00 | 6.96e-01 7.26e-01)	6.916647e+00 6.085629e+00 6.930708e+00 6.069446e+00 : 8.667477e-01
5084(1005) (1.06e+00 1.43e+00) XE:1.43e-01 (1.25e+00 1.22e+00 | 6.94e-01 7.26e-01)	6.915666e+00 6.085269e+00 6.929766e+00 6.068955e+00 : 8.666552e-01
5123(1003) (1.25e+00 1.43e+00) XE:1.43e-01 (1.21e+00 1.22e+00 | 6.64e-01 7.26e-01)	6.915658e+00 6.084869e+00 6.929810e+00 6.068682e+00 : 8.666340e-01
5162(999) (8.30e-01 1.43e+00) XE:1.43e-01 (1.24e+00 1.22e+00 | 7.49e-01 7.26e-01)	6.915484e+00 6.084867e+00 6.929765e+00 6.068614e+00 : 8.666243e-01
5201(1015) (7.73e-01 1.43e+00) XE:1.43e-01 (1.21e+00 1.22e+00 | 7.10e-01 7.26e-01)	6.914837e+00 6.084447e+00 6.928855e+00 6.068811e+00 : 8.665650e-01
5240(999) (1.36e+00 1.43e+00) XE:1.43e-01 (1.23e+00 1.22e+00 | 7.55e-01 7.26e-01)	6.914398e+00 6.083850e+00 6.929093e+00 6.068965e+00 : 8.665436e-01
5280(995) (1.85e+00 1.43e+00) XE:1.43e-01 (1.20e+00 1.22e+00 | 7.04e-01 7.26e-01)	6.914197e+00 6.083667e+00 6.928751e+00 6.069002e+00 : 8.665206e-01
5319(1001) (1.39e+00 1.43e+00) XE:1.43e-01 (1.22e+00 1.22e+00 | 7.39e-01 7.26e-01)	6.913889e+00 6.083711e+00 6.928421e+00 6.068787e+00 : 8.664936e-01
5358(998) (1.29e+00 1.43e+00) XE:1.43e-01 (1.22e+00 1.22e+00 | 6.92e-01 7.26e-01)	6.913202e+00 6.082566e+00 6.927440e+00 6.068589e+00 : 8.663932e-01
5397(996) (1.29e+00 1.43e+00) XE:1.43e-01 (1.25e+00 1.22e+00 | 6.78e-01 7.26e-01)	6.912560e+00 6.082117e+00 6.926306e+00 6.068376e+00 : 8.663120e-01
5436(1008) (1.27e+00 1.43e+00) XE:1.43e-01 (1.23e+00 1.22e+00 | 7.69e-01 7.26e-01)	6.912363e+00 6.081662e+00 6.925595e+00 6.068051e+00 : 8.662557e-01
5475(1002) (1.46e+00 1.43e+00) XE:1.43e-01 (1.21e+00 1.22e+00 | 7.25e-01 7.26e-01)	6.911979e+00 6.081368e+00 6.925709e+00 6.068200e+00 : 8.662419e-01
5514(1005) (1.56e+00 1.43e+00) XE:1.43e-01 (1.21e+00 1.22e+00 | 7.77e-01 7.26e-01)	6.911305e+00 6.081170e+00 6.925563e+00 6.067959e+00 : 8.661999e-01
5553(1006) (1.08e+00 1.43e+00) XE:1.43e-01 (1.22e+00 1.22e+00 | 7.45e-01 7.26e-01)	6.911071e+00 6.081000e+00 6.925220e+00 6.067629e+00 : 8.661640e-01
5592(994) (1.49e+00 1.43e+00) XE:1.43e-01 (1.23e+00 1.22e+00 | 7.55e-01 7.26e-01)	6.910542e+00 6.080659e+00 6.925216e+00 6.067705e+00 : 8.661374e-01
5631(1007) (1.38e+00 1.43e+00) XE:1.43e-01 (1.21e+00 1.22e+00 | 6.60e-01 7.26e-01)	6.910609e+00 6.080908e+00 6.925114e+00 6.068138e+00 : 8.661590e-01
5671(1005) (1.33e+00 1.43e+00) XE:1.43e-01 (1.25e+00 1.22e+00 | 7.49e-01 7.26e-01)	6.909962e+00 6.080261e+00 6.924383e+00 6.067883e+00 : 8.660830e-01
5710(1002) (1.46e+00 1.43e+00) XE:1.43e-01 (1.21e+00 1.22e+00 | 7.39e-01 7.26e-01)	6.909674e+00 6.080096e+00 6.924377e+00 6.067866e+00 : 8.660671e-01
5749(998) (1.55e+00 1.43e+00) XE:1.43e-01 (1.23e+00 1.22e+00 | 6.82e-01 7.26e-01)	6.909189e+00 6.080073e+00 6.923757e+00 6.067062e+00 : 8.660027e-01
5788(1004) (1.20e+00 1.43e+00) XE:1.43e-01 (1.21e+00 1.22e+00 | 7.75e-01 7.26e-01)	6.909146e+00 6.079600e+00 6.922972e+00 6.066856e+00 : 8.659525e-01
5827(988) (1.91e+00 1.43e+00) XE:1.43e-01 (1.21e+00 1.22e+00 | 6.94e-01 7.26e-01)	6.908938e+00 6.079567e+00 6.922315e+00 6.066461e+00 : 8.659094e-01
5866(997) (1.40e+00 1.43e+00) XE:1.43e-01 (1.26e+00 1.22e+00 | 7.85e-01 7.26e-01)	6.909133e+00 6.079696e+00 6.921808e+00 6.066560e+00 : 8.659066e-01
5905(1007) (1.50e+00 1.43e+00) XE:1.43e-01 (1.23e+00 1.22e+00 | 7.35e-01 7.26e-01)	6.909045e+00 6.079792e+00 6.922060e+00 6.066581e+00 : 8.659159e-01
5944(1004) (1.62e+00 1.43e+00) XE:1.43e-01 (1.21e+00 1.22e+00 | 7.14e-01 7.26e-01)	6.909162e+00 6.079833e+00 6.921671e+00 6.066225e+00 : 8.658964e-01
5984(1001) (1.24e+00 1.43e+00) XE:1.43e-01 (1.22e+00 1.22e+00 | 7.00e-01 7.26e-01)	6.908996e+00 6.079310e+00 6.920495e+00 6.065984e+00 : 8.658262e-01
6023(1010) (1.85e+00 1.43e+00) XE:1.43e-01 (1.23e+00 1.22e+00 | 7.61e-01 7.26e-01)	6.909128e+00 6.078691e+00 6.919713e+00 6.065618e+00 : 8.657717e-01
6062(997) (1.34e+00 1.43e+00) XE:1.43e-01 (1.21e+00 1.22e+00 | 7.37e-01 7.26e-01)	6.908542e+00 6.078673e+00 6.919546e+00 6.064936e+00 : 8.657232e-01
6101(1000) (1.57e+00 1.43e+00) XE:1.43e-01 (1.23e+00 1.22e+00 | 7.57e-01 7.26e-01)	6.908477e+00 6.078614e+00 6.918863e+00 6.064679e+00 : 8.656877e-01
6140(992) (1.55e+00 1.43e+00) XE:1.43e-01 (1.22e+00 1.22e+00 | 7.53e-01 7.26e-01)	6.908502e+00 6.078501e+00 6.919087e+00 6.064304e+00 : 8.656798e-01
6179(998) (1.33e+00 1.43e+00) XE:1.43e-01 (1.21e+00 1.22e+00 | 7.31e-01 7.26e-01)	6.908511e+00 6.078267e+00 6.919069e+00 6.064543e+00 : 8.656797e-01
6218(993) (1.44e+00 1.43e+00) XE:1.43e-01 (1.22e+00 1.22e+00 | 7.04e-01 7.26e-01)	6.908494e+00 6.078422e+00 6.919128e+00 6.063934e+00 : 8.656659e-01
6257(1000) (1.54e+00 1.43e+00) XE:1.43e-01 (1.21e+00 1.22e+00 | 6.82e-01 7.26e-01)	6.907930e+00 6.077625e+00 6.918624e+00 6.063843e+00 : 8.656008e-01
6297(1003) (1.56e+00 1.43e+00) XE:1.43e-01 (1.24e+00 1.22e+00 | 7.45e-01 7.26e-01)	6.907517e+00 6.077391e+00 6.918383e+00 6.063607e+00 : 8.655632e-01
6336(1001) (1.73e+00 1.43e+00) XE:1.43e-01 (1.21e+00 1.22e+00 | 6.72e-01 7.26e-01)	6.907214e+00 6.076705e+00 6.918202e+00 6.063539e+00 : 8.655220e-01
6375(1013) (1.16e+00 1.43e+00) XE:1.43e-01 (1.23e+00 1.22e+00 | 7.45e-01 7.26e-01)	6.906672e+00 6.076647e+00 6.918043e+00 6.063469e+00 : 8.654944e-01
6414(1001) (1.50e+00 1.43e+00) XE:1.43e-01 (1.21e+00 1.22e+00 | 7.08e-01 7.26e-01)	6.906507e+00 6.076012e+00 6.917716e+00 6.063253e+00 : 8.654496e-01
6453(999) (1.47e+00 1.43e+00) XE:1.43e-01 (1.25e+00 1.22e+00 | 7.83e-01 7.26e-01)	6.906330e+00 6.075783e+00 6.917309e+00 6.062971e+00 : 8.654131e-01
6492(1005) (1.65e+00 1.43e+00) XE:1.43e-01 (1.21e+00 1.22e+00 | 6.82e-01 7.26e-01)	6.906370e+00 6.076344e+00 6.917362e+00 6.062787e+00 : 8.654288e-01
6531(994) (1.72e+00 1.43e+00) XE:1.43e-01 (1.20e+00 1.22e+00 | 7.18e-01 7.26e-01)	6.905906e+00 6.076198e+00 6.916810e+00 6.062518e+00 : 8.653811e-01
6570(1004) (1.18e+00 1.43e+00) XE:1.43e-01 (1.22e+00 1.22e+00 | 7.41e-01 7.26e-01)	6.905443e+00 6.075467e+00 6.916899e+00 6.062298e+00 : 8.653369e-01
6609(998) (1.68e+00 1.43e+00) XE:1.43e-01 (1.24e+00 1.22e+00 | 7.35e-01 7.26e-01)	6.905058e+00 6.075146e+00 6.916460e+00 6.062127e+00 : 8.652930e-01
6648(999) (1.67e+00 1.43e+00) XE:1.43e-01 (1.22e+00 1.22e+00 | 7.25e-01 7.26e-01)	6.905016e+00 6.075148e+00 6.916212e+00 6.062141e+00 : 8.652839e-01
6687(995) (1.50e+00 1.43e+00) XE:1.43e-01 (1.21e+00 1.22e+00 | 6.78e-01 7.26e-01)	6.904965e+00 6.075095e+00 6.916290e+00 6.062059e+00 : 8.652803e-01
6727(1002) (1.16e+00 1.43e+00) XE:1.43e-01 (1.20e+00 1.22e+00 | 6.94e-01 7.26e-01)	6.904697e+00 6.075052e+00 6.916068e+00 6.062043e+00 : 8.652620e-01
6764(1003) (1.48e+00 1.43e+00) XE:1.43e-01 (1.21e+00 1.22e+00 | 8.25e-01 7.26e-01)	6.904550e+00 6.074794e+00 6.915540e+00 6.061794e+00 : 8.652226e-01
6800(982) (2.02e+00 1.43e+00) XE:1.43e-01 (1.23e+00 1.22e+00 | 7.04e-01 7.26e-01)	6.904536e+00 6.074380e+00 6.914685e+00 6.061548e+00 : 8.651716e-01
6835(1001) (1.38e+00 1.43e+00) XE:1.43e-01 (1.24e+00 1.22e+00 | 6.92e-01 7.26e-01)	6.904461e+00 6.073964e+00 6.914599e+00 6.061728e+00 : 8.651584e-01
6871(1002) (1.34e+00 1.43e+00) XE:1.43e-01 (1.23e+00 1.22e+00 | 7.14e-01 7.26e-01)	6.904391e+00 6.073779e+00 6.914266e+00 6.061455e+00 : 8.651297e-01
6906(1000) (1.34e+00 1.43e+00) XE:1.43e-01 (1.20e+00 1.22e+00 | 7.08e-01 7.26e-01)	6.904335e+00 6.073407e+00 6.913997e+00 6.061181e+00 : 8.650974e-01
6942(1001) (1.23e+00 1.43e+00) XE:1.43e-01 (1.24e+00 1.22e+00 | 7.49e-01 7.26e-01)	6.904589e+00 6.073197e+00 6.913920e+00 6.061316e+00 : 8.651007e-01
6977(1002) (1.50e+00 1.43e+00) XE:1.43e-01 (1.24e+00 1.22e+00 | 6.62e-01 7.26e-01)	6.904459e+00 6.073197e+00 6.913698e+00 6.061052e+00 : 8.650802e-01
7012(993) (1.46e+00 1.43e+00) XE:1.43e-01 (1.19e+00 1.22e+00 | 7.04e-01 7.26e-01)	6.904265e+00 6.072816e+00 6.914234e+00 6.060961e+00 : 8.650759e-01
7048(996) (1.52e+00 1.43e+00) XE:1.43e-01 (1.26e+00 1.22e+00 | 7.47e-01 7.26e-01)	6.903822e+00 6.072456e+00 6.914082e+00 6.060773e+00 : 8.650377e-01
7083(1008) (1.15e+00 1.43e+00) XE:1.43e-01 (1.20e+00 1.22e+00 | 6.80e-01 7.26e-01)	6.903863e+00 6.072711e+00 6.914146e+00 6.060469e+00 : 8.650396e-01
7119(1010) (1.34e+00 1.43e+00) XE:1.43e-01 (1.23e+00 1.22e+00 | 7.23e-01 7.26e-01)	6.904193e+00 6.072257e+00 6.913980e+00 6.060086e+00 : 8.650172e-01
7154(1004) (1.37e+00 1.43e+00) XE:1.43e-01 (1.23e+00 1.22e+00 | 7.16e-01 7.26e-01)	6.903926e+00 6.072175e+00 6.914002e+00 6.059660e+00 : 8.649921e-01
7190(993) (1.41e+00 1.43e+00) XE:1.43e-01 (1.27e+00 1.22e+00 | 7.57e-01 7.26e-01)	6.903822e+00 6.071909e+00 6.913604e+00 6.059767e+00 : 8.649701e-01
7225(998) (1.30e+00 1.43e+00) XE:1.43e-01 (1.25e+00 1.22e+00 | 7.16e-01 7.26e-01)	6.903590e+00 6.072160e+00 6.913813e+00 6.059802e+00 : 8.649789e-01
7261(1000) (1.52e+00 1.43e+00) XE:1.43e-01 (1.21e+00 1.22e+00 | 7.35e-01 7.26e-01)	6.903469e+00 6.072551e+00 6.913873e+00 6.059692e+00 : 8.649862e-01
7296(997) (1.32e+00 1.43e+00) XE:1.43e-01 (1.21e+00 1.22e+00 | 7.63e-01 7.26e-01)	6.903304e+00 6.072824e+00 6.913885e+00 6.059704e+00 : 8.649906e-01
7331(991) (2.06e+00 1.43e+00) XE:1.43e-01 (1.21e+00 1.22e+00 | 7.75e-01 7.26e-01)	6.902800e+00 6.072551e+00 6.913493e+00 6.060022e+00 : 8.649622e-01
7367(1016) (1.08e+00 1.43e+00) XE:1.43e-01 (1.18e+00 1.22e+00 | 6.94e-01 7.26e-01)	6.902676e+00 6.072450e+00 6.913533e+00 6.059858e+00 : 8.649506e-01
7402(1002) (1.14e+00 1.43e+00) XE:1.43e-01 (1.21e+00 1.22e+00 | 7.31e-01 7.26e-01)	6.902118e+00 6.072303e+00 6.913280e+00 6.059545e+00 : 8.649082e-01
7438(986) (1.47e+00 1.43e+00) XE:1.43e-01 (1.20e+00 1.22e+00 | 6.34e-01 7.26e-01)	6.901435e+00 6.071752e+00 6.913438e+00 6.059793e+00 : 8.648806e-01
7473(999) (1.27e+00 1.43e+00) XE:1.43e-01 (1.19e+00 1.22e+00 | 6.62e-01 7.26e-01)	6.901379e+00 6.071669e+00 6.913548e+00 6.060053e+00 : 8.648883e-01
7508(999) (1.32e+00 1.43e+00) XE:1.43e-01 (1.22e+00 1.22e+00 | 6.82e-01 7.26e-01)	6.901201e+00 6.071418e+00 6.913800e+00 6.060109e+00 : 8.648843e-01
7544(992) (1.22e+00 1.43e+00) XE:1.43e-01 (1.26e+00 1.22e+00 | 7.67e-01 7.26e-01)	6.900515e+00 6.071192e+00 6.913830e+00 6.059424e+00 : 8.648320e-01
7579(1000) (1.78e+00 1.43e+00) XE:1.43e-01 (1.19e+00 1.22e+00 | 6.56e-01 7.26e-01)	6.900380e+00 6.070984e+00 6.913578e+00 6.059049e+00 : 8.647997e-01
7615(996) (1.34e+00 1.43e+00) XE:1.43e-01 (1.20e+00 1.22e+00 | 6.78e-01 7.26e-01)	6.899772e+00 6.070858e+00 6.913290e+00 6.058928e+00 : 8.647616e-01
7650(1003) (1.18e+00 1.43e+00) XE:1.43e-01 (1.21e+00 1.22e+00 | 7.75e-01 7.26e-01)	6.899798e+00 6.070545e+00 6.912987e+00 6.058740e+00 : 8.647356e-01
7686(1000) (1.40e+00 1.43e+00) XE:1.43e-01 (1.25e+00 1.22e+00 | 6.96e-01 7.26e-01)	6.899946e+00 6.070695e+00 6.912183e+00 6.058435e+00 : 8.647086e-01
7721(997) (1.37e+00 1.43e+00) XE:1.43e-01 (1.23e+00 1.22e+00 | 7.18e-01 7.26e-01)	6.899212e+00 6.070836e+00 6.912019e+00 6.058368e+00 : 8.646812e-01
7757(998) (1.34e+00 1.43e+00) XE:1.43e-01 (1.21e+00 1.22e+00 | 7.16e-01 7.26e-01)	6.898646e+00 6.070767e+00 6.911985e+00 6.058114e+00 : 8.646504e-01
7792(1000) (1.29e+00 1.43e+00) XE:1.43e-01 (1.21e+00 1.22e+00 | 7.04e-01 7.26e-01)	6.898411e+00 6.070546e+00 6.911627e+00 6.057621e+00 : 8.646068e-01
7827(1000) (1.09e+00 1.43e+00) XE:1.43e-01 (1.22e+00 1.22e+00 | 6.58e-01 7.26e-01)	6.898437e+00 6.070566e+00 6.911629e+00 6.057650e+00 : 8.646094e-01
7863(999) (1.76e+00 1.43e+00) XE:1.43e-01 (1.24e+00 1.22e+00 | 7.79e-01 7.26e-01)	6.897985e+00 6.070562e+00 6.911360e+00 6.057431e+00 : 8.645779e-01
7898(1001) (1.41e+00 1.43e+00) XE:1.43e-01 (1.22e+00 1.22e+00 | 7.02e-01 7.26e-01)	6.897792e+00 6.069977e+00 6.910990e+00 6.057095e+00 : 8.645285e-01
7934(1007) (1.51e+00 1.43e+00) XE:1.43e-01 (1.21e+00 1.22e+00 | 7.35e-01 7.26e-01)	6.897373e+00 6.069431e+00 6.910255e+00 6.056719e+00 : 8.644593e-01
7969(1003) (1.50e+00 1.43e+00) XE:1.43e-01 (1.24e+00 1.22e+00 | 7.00e-01 7.26e-01)	6.897636e+00 6.069637e+00 6.910077e+00 6.056844e+00 : 8.644731e-01
8005(1004) (1.26e+00 1.43e+00) XE:1.43e-01 (1.20e+00 1.22e+00 | 6.40e-01 7.26e-01)	6.897441e+00 6.069222e+00 6.909727e+00 6.056745e+00 : 8.644378e-01
8040(995) (1.64e+00 1.43e+00) XE:1.43e-01 (1.21e+00 1.22e+00 | 7.20e-01 7.26e-01)	6.897193e+00 6.069085e+00 6.909731e+00 6.056565e+00 : 8.644191e-01
8076(999) (1.72e+00 1.43e+00) XE:1.43e-01 (1.22e+00 1.22e+00 | 6.44e-01 7.26e-01)	6.897369e+00 6.069007e+00 6.909308e+00 6.056468e+00 : 8.644051e-01
8111(995) (1.64e+00 1.43e+00) XE:1.43e-01 (1.22e+00 1.22e+00 | 7.35e-01 7.26e-01)	6.897167e+00 6.069066e+00 6.909370e+00 6.056427e+00 : 8.644010e-01
8146(1004) (1.28e+00 1.43e+00) XE:1.43e-01 (1.20e+00 1.22e+00 | 7.16e-01 7.26e-01)	6.896585e+00 6.068942e+00 6.909053e+00 6.056225e+00 : 8.643602e-01
8182(1006) (1.82e+00 1.43e+00) XE:1.43e-01 (1.23e+00 1.22e+00 | 7.25e-01 7.26e-01)	6.896561e+00 6.068852e+00 6.908466e+00 6.056020e+00 : 8.643300e-01
8217(995) (1.87e+00 1.43e+00) XE:1.43e-01 (1.19e+00 1.22e+00 | 7.85e-01 7.26e-01)	6.896448e+00 6.067956e+00 6.908257e+00 6.055826e+00 : 8.642829e-01
8253(996) (2.39e+00 1.43e+00) XE:1.43e-01 (1.21e+00 1.22e+00 | 8.15e-01 7.26e-01)	6.896325e+00 6.067683e+00 6.908224e+00 6.055503e+00 : 8.642579e-01
8288(1001) (1.76e+00 1.43e+00) XE:1.43e-01 (1.21e+00 1.22e+00 | 6.90e-01 7.26e-01)	6.896114e+00 6.067495e+00 6.908063e+00 6.055228e+00 : 8.642300e-01
8324(1013) (1.19e+00 1.43e+00) XE:1.43e-01 (1.23e+00 1.22e+00 | 7.06e-01 7.26e-01)	6.895896e+00 6.067301e+00 6.907983e+00 6.055279e+00 : 8.642153e-01
8359(997) (1.62e+00 1.43e+00) XE:1.43e-01 (1.22e+00 1.22e+00 | 7.59e-01 7.26e-01)	6.896133e+00 6.067274e+00 6.907859e+00 6.054843e+00 : 8.642036e-01
8395(993) (1.95e+00 1.43e+00) XE:1.43e-01 (1.22e+00 1.22e+00 | 7.57e-01 7.26e-01)	6.896233e+00 6.066927e+00 6.907372e+00 6.054588e+00 : 8.641707e-01
8430(998) (1.33e+00 1.43e+00) XE:1.43e-01 (1.25e+00 1.22e+00 | 7.83e-01 7.26e-01)	6.895968e+00 6.066583e+00 6.906988e+00 6.054500e+00 : 8.641346e-01
8466(1006) (1.11e+00 1.43e+00) XE:1.43e-01 (1.23e+00 1.22e+00 | 7.31e-01 7.26e-01)	6.895743e+00 6.066492e+00 6.906718e+00 6.054312e+00 : 8.641088e-01
8501(1005) (1.57e+00 1.43e+00) XE:1.43e-01 (1.21e+00 1.22e+00 | 7.43e-01 7.26e-01)	6.895856e+00 6.066290e+00 6.906813e+00 6.054259e+00 : 8.641073e-01
8536(1005) (1.02e+00 1.43e+00) XE:1.43e-01 (1.25e+00 1.22e+00 | 7.87e-01 7.26e-01)	6.895269e+00 6.066273e+00 6.906924e+00 6.054020e+00 : 8.640829e-01
8572(1002) (1.22e+00 1.43e+00) XE:1.43e-01 (1.20e+00 1.22e+00 | 7.00e-01 7.26e-01)	6.895222e+00 6.066187e+00 6.906616e+00 6.053543e+00 : 8.640522e-01
8607(1000) (1.75e+00 1.43e+00) XE:1.43e-01 (1.21e+00 1.22e+00 | 7.10e-01 7.26e-01)	6.894565e+00 6.066070e+00 6.906393e+00 6.053426e+00 : 8.640152e-01
8643(1003) (1.62e+00 1.43e+00) XE:1.43e-01 (1.20e+00 1.22e+00 | 7.39e-01 7.26e-01)	6.894626e+00 6.065790e+00 6.906150e+00 6.053652e+00 : 8.640072e-01
8678(1003) (1.27e+00 1.43e+00) XE:1.43e-01 (1.21e+00 1.22e+00 | 7.29e-01 7.26e-01)	6.894235e+00 6.065535e+00 6.905827e+00 6.053794e+00 : 8.639797e-01
8714(1004) (1.59e+00 1.43e+00) XE:1.43e-01 (1.26e+00 1.22e+00 | 7.77e-01 7.26e-01)	6.893823e+00 6.065348e+00 6.905521e+00 6.054007e+00 : 8.639566e-01
8749(1006) (1.26e+00 1.43e+00) XE:1.43e-01 (1.25e+00 1.22e+00 | 8.25e-01 7.26e-01)	6.893154e+00 6.064746e+00 6.905059e+00 6.053726e+00 : 8.638895e-01
8784(1010) (1.13e+00 1.43e+00) XE:1.43e-01 (1.21e+00 1.22e+00 | 6.58e-01 7.26e-01)	6.892949e+00 6.064801e+00 6.904982e+00 6.053411e+00 : 8.638714e-01
8820(992) (1.90e+00 1.43e+00) XE:1.43e-01 (1.22e+00 1.22e+00 | 6.60e-01 7.26e-01)	6.892522e+00 6.064290e+00 6.904829e+00 6.053034e+00 : 8.638225e-01
8855(1008) (1.63e+00 1.43e+00) XE:1.43e-01 (1.21e+00 1.22e+00 | 6.78e-01 7.26e-01)	6.892446e+00 6.064481e+00 6.904754e+00 6.053149e+00 : 8.638276e-01
8891(1006) (1.06e+00 1.43e+00) XE:1.43e-01 (1.22e+00 1.22e+00 | 6.92e-01 7.26e-01)	6.892646e+00 6.064472e+00 6.904570e+00 6.052811e+00 : 8.638167e-01
8926(984) (1.94e+00 1.43e+00) XE:1.43e-01 (1.21e+00 1.22e+00 | 7.41e-01 7.26e-01)	6.892298e+00 6.064556e+00 6.904594e+00 6.052702e+00 : 8.638050e-01
8962(993) (1.65e+00 1.43e+00) XE:1.43e-01 (1.21e+00 1.22e+00 | 7.29e-01 7.26e-01)	6.891977e+00 6.064280e+00 6.904683e+00 6.052431e+00 : 8.637790e-01
8997(1001) (1.15e+00 1.43e+00) XE:1.43e-01 (1.19e+00 1.22e+00 | 7.16e-01 7.26e-01)	6.891984e+00 6.064163e+00 6.904810e+00 6.052470e+00 : 8.637809e-01
9033(994) (1.25e+00 1.43e+00) XE:1.43e-01 (1.23e+00 1.22e+00 | 7.23e-01 7.26e-01)	6.891630e+00 6.064110e+00 6.904746e+00 6.052426e+00 : 8.637637e-01
9068(1007) (1.35e+00 1.43e+00) XE:1.43e-01 (1.22e+00 1.22e+00 | 7.83e-01 7.26e-01)	6.891276e+00 6.063858e+00 6.904467e+00 6.052202e+00 : 8.637268e-01
9103(1002) (1.25e+00 1.43e+00) XE:1.43e-01 (1.22e+00 1.22e+00 | 7.18e-01 7.26e-01)	6.891494e+00 6.064004e+00 6.904094e+00 6.052281e+00 : 8.637291e-01
9139(1002) (1.43e+00 1.43e+00) XE:1.43e-01 (1.23e+00 1.22e+00 | 7.16e-01 7.26e-01)	6.890985e+00 6.063637e+00 6.903426e+00 6.051993e+00 : 8.636680e-01
9174(1003) (1.41e+00 1.43e+00) XE:1.43e-01 (1.26e+00 1.22e+00 | 7.57e-01 7.26e-01)	6.890692e+00 6.063289e+00 6.903480e+00 6.051912e+00 : 8.636457e-01
9210(1001) (1.28e+00 1.43e+00) XE:1.43e-01 (1.23e+00 1.22e+00 | 7.53e-01 7.26e-01)	6.890382e+00 6.063158e+00 6.903007e+00 6.051865e+00 : 8.636138e-01
9245(1000) (1.40e+00 1.43e+00) XE:1.43e-01 (1.21e+00 1.22e+00 | 6.74e-01 7.26e-01)	6.890426e+00 6.062941e+00 6.902834e+00 6.051989e+00 : 8.636064e-01
9281(1009) (1.46e+00 1.43e+00) XE:1.43e-01 (1.21e+00 1.22e+00 | 7.00e-01 7.25e-01)	6.890077e+00 6.062752e+00 6.902531e+00 6.051641e+00 : 8.635667e-01
9316(1001) (1.58e+00 1.43e+00) XE:1.43e-01 (1.22e+00 1.22e+00 | 7.18e-01 7.25e-01)	6.889799e+00 6.062524e+00 6.902230e+00 6.051295e+00 : 8.635282e-01
9352(989) (1.51e+00 1.43e+00) XE:1.43e-01 (1.23e+00 1.22e+00 | 6.90e-01 7.25e-01)	6.889420e+00 6.062155e+00 6.901768e+00 6.050731e+00 : 8.634692e-01
9387(1002) (1.48e+00 1.43e+00) XE:1.43e-01 (1.23e+00 1.22e+00 | 6.58e-01 7.25e-01)	6.889209e+00 6.062308e+00 6.901608e+00 6.050657e+00 : 8.634594e-01
9422(994) (1.51e+00 1.43e+00) XE:1.43e-01 (1.23e+00 1.22e+00 | 7.93e-01 7.25e-01)	6.888844e+00 6.062307e+00 6.901448e+00 6.050568e+00 : 8.634389e-01
9458(978) (1.85e+00 1.43e+00) XE:1.43e-01 (1.19e+00 1.22e+00 | 7.27e-01 7.25e-01)	6.888770e+00 6.062061e+00 6.901439e+00 6.050775e+00 : 8.634348e-01
9493(1002) (1.61e+00 1.43e+00) XE:1.43e-01 (1.21e+00 1.22e+00 | 7.06e-01 7.25e-01)	6.888378e+00 6.061884e+00 6.901307e+00 6.050528e+00 : 8.634032e-01
9529(992) (1.53e+00 1.43e+00) XE:1.43e-01 (1.22e+00 1.22e+00 | 6.76e-01 7.25e-01)	6.888531e+00 6.061945e+00 6.901185e+00 6.050571e+00 : 8.634078e-01
9564(1005) (1.52e+00 1.43e+00) XE:1.43e-01 (1.20e+00 1.22e+00 | 6.52e-01 7.25e-01)	6.888341e+00 6.061853e+00 6.900995e+00 6.050662e+00 : 8.633950e-01
9600(995) (1.39e+00 1.43e+00) XE:1.43e-01 (1.20e+00 1.22e+00 | 6.86e-01 7.25e-01)	6.887860e+00 6.061444e+00 6.900866e+00 6.050645e+00 : 8.633605e-01
9635(994) (2.01e+00 1.43e+00) XE:1.43e-01 (1.20e+00 1.22e+00 | 6.74e-01 7.25e-01)	6.887608e+00 6.061365e+00 6.900743e+00 6.050685e+00 : 8.633467e-01
9671(992) (1.87e+00 1.43e+00) XE:1.43e-01 (1.20e+00 1.22e+00 | 7.45e-01 7.25e-01)	6.887725e+00 6.061366e+00 6.900631e+00 6.050539e+00 : 8.633420e-01
9706(992) (1.07e+00 1.43e+00) XE:1.43e-01 (1.21e+00 1.22e+00 | 6.62e-01 7.25e-01)	6.887298e+00 6.060963e+00 6.900303e+00 6.050364e+00 : 8.632976e-01
9741(1002) (1.33e+00 1.43e+00) XE:1.43e-01 (1.20e+00 1.22e+00 | 6.62e-01 7.25e-01)	6.887067e+00 6.061033e+00 6.900323e+00 6.050192e+00 : 8.632872e-01
9777(996) (1.51e+00 1.43e+00) XE:1.43e-01 (1.20e+00 1.22e+00 | 6.07e-01 7.25e-01)	6.887415e+00 6.060778e+00 6.900024e+00 6.050316e+00 : 8.632844e-01
9812(994) (1.83e+00 1.43e+00) XE:1.43e-01 (1.23e+00 1.22e+00 | 8.07e-01 7.25e-01)	6.887161e+00 6.060582e+00 6.900022e+00 6.050122e+00 : 8.632629e-01
9848(1003) (1.87e+00 1.43e+00) XE:1.43e-01 (1.20e+00 1.22e+00 | 7.85e-01 7.25e-01)	6.886904e+00 6.060399e+00 6.899967e+00 6.049578e+00 : 8.632283e-01
9883(997) (1.76e+00 1.43e+00) XE:1.43e-01 (1.22e+00 1.22e+00 | 7.87e-01 7.25e-01)	6.886740e+00 6.060477e+00 6.899323e+00 6.049499e+00 : 8.632013e-01
9918(999) (1.67e+00 1.43e+00) XE:1.43e-01 (1.19e+00 1.22e+00 | 6.94e-01 7.25e-01)	6.886583e+00 6.060168e+00 6.898955e+00 6.049420e+00 : 8.631709e-01
9954(1009) (1.27e+00 1.43e+00) XE:1.43e-01 (1.21e+00 1.22e+00 | 7.53e-01 7.25e-01)	6.886462e+00 6.060179e+00 6.899032e+00 6.049500e+00 : 8.631724e-01
9989(994) (1.69e+00 1.43e+00) XE:1.43e-01 (1.23e+00 1.22e+00 | 6.98e-01 7.25e-01)	6.885997e+00 6.059976e+00 6.898652e+00 6.049296e+00 : 8.631307e-01
10025(999) (1.33e+00 1.43e+00) XE:1.43e-01 (1.19e+00 1.22e+00 | 7.41e-01 7.25e-01)	6.885658e+00 6.059817e+00 6.898516e+00 6.049084e+00 : 8.631025e-01
10060(1005) (1.63e+00 1.43e+00) XE:1.43e-01 (1.19e+00 1.22e+00 | 7.16e-01 7.25e-01)	6.885743e+00 6.059708e+00 6.898363e+00 6.048978e+00 : 8.630931e-01
10096(997) (1.58e+00 1.43e+00) XE:1.43e-01 (1.23e+00 1.22e+00 | 6.90e-01 7.25e-01)	6.885508e+00 6.059345e+00 6.898133e+00 6.048921e+00 : 8.630635e-01
10131(1001) (1.68e+00 1.43e+00) XE:1.43e-01 (1.23e+00 1.22e+00 | 6.72e-01 7.25e-01)	6.885168e+00 6.059233e+00 6.897955e+00 6.048862e+00 : 8.630406e-01
10166(1006) (1.15e+00 1.43e+00) XE:1.43e-01 (1.26e+00 1.22e+00 | 6.62e-01 7.25e-01)	6.885023e+00 6.059248e+00 6.898095e+00 6.048895e+00 : 8.630420e-01
10202(996) (1.48e+00 1.43e+00) XE:1.43e-01 (1.23e+00 1.22e+00 | 6.98e-01 7.25e-01)	6.884846e+00 6.059093e+00 6.898181e+00 6.048985e+00 : 8.630368e-01
10237(1005) (1.29e+00 1.43e+00) XE:1.43e-01 (1.18e+00 1.22e+00 | 6.38e-01 7.25e-01)	6.884693e+00 6.058700e+00 6.897925e+00 6.049001e+00 : 8.630106e-01
10273(999) (1.07e+00 1.43e+00) XE:1.43e-01 (1.23e+00 1.22e+00 | 6.82e-01 7.25e-01)	6.884652e+00 6.058438e+00 6.897669e+00 6.048904e+00 : 8.629888e-01
10308(994) (1.64e+00 1.43e+00) XE:1.43e-01 (1.19e+00 1.22e+00 | 7.51e-01 7.25e-01)	6.884852e+00 6.058480e+00 6.897574e+00 6.048825e+00 : 8.629910e-01
10344(997) (1.54e+00 1.43e+00) XE:1.43e-01 (1.20e+00 1.22e+00 | 7.65e-01 7.25e-01)	6.884925e+00 6.058324e+00 6.897700e+00 6.048709e+00 : 8.629886e-01
10379(993) (1.90e+00 1.43e+00) XE:1.43e-01 (1.24e+00 1.22e+00 | 6.94e-01 7.25e-01)	6.884551e+00 6.058017e+00 6.897646e+00 6.048881e+00 : 8.629699e-01
10415(990) (1.57e+00 1.43e+00) XE:1.43e-01 (1.22e+00 1.22e+00 | 7.79e-01 7.25e-01)	6.884090e+00 6.057510e+00 6.897461e+00 6.048630e+00 : 8.629230e-01
10450(1007) (1.37e+00 1.43e+00) XE:1.43e-01 (1.23e+00 1.22e+00 | 7.57e-01 7.25e-01)	6.884266e+00 6.057483e+00 6.897674e+00 6.048654e+00 : 8.629359e-01
10485(995) (1.46e+00 1.43e+00) XE:1.43e-01 (1.22e+00 1.22e+00 | 6.92e-01 7.25e-01)	6.884233e+00 6.057192e+00 6.897665e+00 6.048535e+00 : 8.629208e-01
10521(1004) (1.35e+00 1.43e+00) XE:1.43e-01 (1.23e+00 1.22e+00 | 7.25e-01 7.25e-01)	6.883769e+00 6.057093e+00 6.897315e+00 6.048251e+00 : 8.628809e-01
10556(1001) (1.13e+00 1.43e+00) XE:1.43e-01 (1.23e+00 1.22e+00 | 7.29e-01 7.25e-01)	6.883715e+00 6.056925e+00 6.897255e+00 6.047861e+00 : 8.628586e-01
10592(1001) (1.53e+00 1.43e+00) XE:1.43e-01 (1.18e+00 1.22e+00 | 7.25e-01 7.25e-01)	6.883904e+00 6.056734e+00 6.897144e+00 6.047791e+00 : 8.628524e-01
10627(1007) (1.34e+00 1.43e+00) XE:1.43e-01 (1.19e+00 1.22e+00 | 7.00e-01 7.25e-01)	6.883279e+00 6.056444e+00 6.896624e+00 6.047372e+00 : 8.627906e-01
10663(1010) (9.46e-01 1.43e+00) XE:1.43e-01 (1.24e+00 1.22e+00 | 7.55e-01 7.25e-01)	6.883411e+00 6.056373e+00 6.896528e+00 6.047299e+00 : 8.627870e-01
10698(1003) (1.60e+00 1.43e+00) XE:1.43e-01 (1.21e+00 1.22e+00 | 7.37e-01 7.25e-01)	6.883547e+00 6.056537e+00 6.896654e+00 6.047222e+00 : 8.627987e-01
10734(1007) (1.41e+00 1.43e+00) XE:1.43e-01 (1.23e+00 1.22e+00 | 7.10e-01 7.25e-01)	6.883259e+00 6.056291e+00 6.896504e+00 6.046998e+00 : 8.627684e-01
10769(1002) (1.35e+00 1.43e+00) XE:1.43e-01 (1.18e+00 1.22e+00 | 7.39e-01 7.25e-01)	6.883303e+00 6.056221e+00 6.896451e+00 6.046914e+00 : 8.627630e-01
10804(1000) (1.35e+00 1.43e+00) XE:1.43e-01 (1.23e+00 1.22e+00 | 6.62e-01 7.25e-01)	6.883377e+00 6.056220e+00 6.896373e+00 6.046675e+00 : 8.627549e-01
10840(1002) (1.30e+00 1.43e+00) XE:1.43e-01 (1.20e+00 1.22e+00 | 7.00e-01 7.25e-01)	6.883388e+00 6.056187e+00 6.896245e+00 6.046491e+00 : 8.627437e-01
10875(994) (1.62e+00 1.43e+00) XE:1.43e-01 (1.20e+00 1.22e+00 | 7.20e-01 7.25e-01)	6.882944e+00 6.055966e+00 6.896188e+00 6.046328e+00 : 8.627142e-01
10911(995) (1.87e+00 1.43e+00) XE:1.43e-01 (1.22e+00 1.22e+00 | 7.00e-01 7.25e-01)	6.882847e+00 6.055909e+00 6.895995e+00 6.046002e+00 : 8.626918e-01
10946(1000) (1.40e+00 1.43e+00) XE:1.43e-01 (1.18e+00 1.22e+00 | 6.70e-01 7.25e-01)	6.882632e+00 6.055724e+00 6.895630e+00 6.045802e+00 : 8.626596e-01
10982(995) (1.13e+00 1.43e+00) XE:1.43e-01 (1.21e+00 1.22e+00 | 7.35e-01 7.25e-01)	6.882647e+00 6.055523e+00 6.895794e+00 6.045913e+00 : 8.626625e-01
11017(1003) (1.16e+00 1.43e+00) XE:1.43e-01 (1.19e+00 1.22e+00 | 6.24e-01 7.25e-01)	6.882578e+00 6.055591e+00 6.895901e+00 6.045890e+00 : 8.626653e-01
11052(992) (1.51e+00 1.43e+00) XE:1.43e-01 (1.23e+00 1.22e+00 | 7.79e-01 7.25e-01)	6.882690e+00 6.055371e+00 6.895645e+00 6.045722e+00 : 8.626476e-01
11088(1010) (1.27e+00 1.43e+00) XE:1.43e-01 (1.24e+00 1.22e+00 | 6.70e-01 7.25e-01)	6.882410e+00 6.055055e+00 6.895358e+00 6.045879e+00 : 8.626234e-01
11123(1010) (1.11e+00 1.43e+00) XE:1.43e-01 (1.19e+00 1.22e+00 | 7.18e-01 7.25e-01)	6.882140e+00 6.054886e+00 6.895165e+00 6.046094e+00 : 8.626095e-01
11159(1000) (1.66e+00 1.43e+00) XE:1.43e-01 (1.25e+00 1.22e+00 | 7.71e-01 7.25e-01)	6.882204e+00 6.054781e+00 6.895086e+00 6.045955e+00 : 8.626008e-01
11194(1000) (1.67e+00 1.43e+00) XE:1.43e-01 (1.20e+00 1.22e+00 | 6.40e-01 7.25e-01)	6.882034e+00 6.054520e+00 6.894950e+00 6.045773e+00 : 8.625759e-01
11230(997) (1.31e+00 1.43e+00) XE:1.43e-01 (1.22e+00 1.22e+00 | 7.47e-01 7.25e-01)	6.881893e+00 6.054382e+00 6.894919e+00 6.045715e+00 : 8.625636e-01
11265(1006) (1.48e+00 1.43e+00) XE:1.43e-01 (1.23e+00 1.22e+00 | 7.23e-01 7.25e-01)	6.881664e+00 6.054241e+00 6.894809e+00 6.045663e+00 : 8.625459e-01
11300(1012) (1.42e+00 1.43e+00) XE:1.43e-01 (1.21e+00 1.22e+00 | 7.04e-01 7.25e-01)	6.881532e+00 6.054137e+00 6.894747e+00 6.045502e+00 : 8.625306e-01
11336(1003) (1.64e+00 1.43e+00) XE:1.43e-01 (1.23e+00 1.22e+00 | 7.33e-01 7.25e-01)	6.881312e+00 6.054026e+00 6.894714e+00 6.045415e+00 : 8.625156e-01
11371(1003) (1.11e+00 1.43e+00) XE:1.43e-01 (1.20e+00 1.22e+00 | 7.04e-01 7.25e-01)	6.881095e+00 6.053880e+00 6.894628e+00 6.045437e+00 : 8.625013e-01
11407(996) (1.59e+00 1.43e+00) XE:1.43e-01 (1.26e+00 1.22e+00 | 7.73e-01 7.25e-01)	6.880871e+00 6.053816e+00 6.894209e+00 6.045061e+00 : 8.624652e-01
11442(997) (1.63e+00 1.43e+00) XE:1.43e-01 (1.22e+00 1.22e+00 | 7.37e-01 7.25e-01)	6.880204e+00 6.053580e+00 6.893923e+00 6.044945e+00 : 8.624217e-01
11478(996) (1.74e+00 1.43e+00) XE:1.43e-01 (1.24e+00 1.22e+00 | 7.97e-01 7.25e-01)	6.879871e+00 6.053377e+00 6.893924e+00 6.044968e+00 : 8.624047e-01
11513(1004) (1.32e+00 1.43e+00) XE:1.43e-01 (1.22e+00 1.22e+00 | 7.31e-01 7.25e-01)	6.879826e+00 6.053197e+00 6.894059e+00 6.045021e+00 : 8.624035e-01
11548(992) (1.56e+00 1.43e+00) XE:1.43e-01 (1.21e+00 1.22e+00 | 6.90e-01 7.25e-01)	6.880244e+00 6.053184e+00 6.894255e+00 6.045111e+00 : 8.624264e-01
11584(1012) (1.16e+00 1.43e+00) XE:1.43e-01 (1.22e+00 1.22e+00 | 7.85e-01 7.25e-01)	6.880164e+00 6.053254e+00 6.894114e+00 6.045262e+00 : 8.624265e-01
11619(1007) (1.19e+00 1.43e+00) XE:1.43e-01 (1.19e+00 1.22e+00 | 6.56e-01 7.25e-01)	6.880073e+00 6.053429e+00 6.894214e+00 6.045152e+00 : 8.624289e-01
11655(1004) (1.52e+00 1.43e+00) XE:1.43e-01 (1.18e+00 1.22e+00 | 6.58e-01 7.25e-01)	6.880158e+00 6.053563e+00 6.894107e+00 6.045088e+00 : 8.624305e-01
11690(991) (1.18e+00 1.43e+00) XE:1.43e-01 (1.27e+00 1.22e+00 | 8.36e-01 7.25e-01)	6.880126e+00 6.053306e+00 6.893973e+00 6.044773e+00 : 8.624059e-01
11726(994) (1.56e+00 1.43e+00) XE:1.43e-01 (1.23e+00 1.22e+00 | 6.90e-01 7.25e-01)	6.879915e+00 6.052949e+00 6.893752e+00 6.044494e+00 : 8.623704e-01
11761(994) (1.55e+00 1.43e+00) XE:1.43e-01 (1.20e+00 1.22e+00 | 6.78e-01 7.25e-01)	6.879557e+00 6.052563e+00 6.893619e+00 6.044406e+00 : 8.623381e-01
11796(1017) (1.36e+00 1.43e+00) XE:1.43e-01 (1.26e+00 1.22e+00 | 7.71e-01 7.25e-01)	6.879522e+00 6.052680e+00 6.893444e+00 6.044326e+00 : 8.623324e-01
11832(1020) (1.11e+00 1.43e+00) XE:1.43e-01 (1.21e+00 1.22e+00 | 7.33e-01 7.25e-01)	6.879227e+00 6.052429e+00 6.893338e+00 6.044208e+00 : 8.623067e-01
11867(999) (1.11e+00 1.43e+00) XE:1.43e-01 (1.22e+00 1.22e+00 | 7.69e-01 7.25e-01)	6.879003e+00 6.052164e+00 6.893229e+00 6.044047e+00 : 8.622814e-01
11903(994) (1.39e+00 1.43e+00) XE:1.43e-01 (1.23e+00 1.22e+00 | 7.35e-01 7.25e-01)	6.878733e+00 6.052071e+00 6.892923e+00 6.043758e+00 : 8.622495e-01
11938(1013) (1.09e+00 1.43e+00) XE:1.43e-01 (1.18e+00 1.22e+00 | 7.02e-01 7.25e-01)	6.878861e+00 6.051817e+00 6.892935e+00 6.043703e+00 : 8.622439e-01
11974(983) (1.80e+00 1.43e+00) XE:1.43e-01 (1.24e+00 1.22e+00 | 7.31e-01 7.25e-01)	6.878831e+00 6.051794e+00 6.893030e+00 6.043730e+00 : 8.622462e-01
12009(1005) (1.10e+00 1.43e+00) XE:1.43e-01 (1.23e+00 1.22e+00 | 6.94e-01 7.25e-01)	6.878842e+00 6.051790e+00 6.893223e+00 6.043780e+00 : 8.622545e-01
12045(993) (1.37e+00 1.43e+00) XE:1.43e-01 (1.20e+00 1.22e+00 | 7.25e-01 7.25e-01)	6.878570e+00 6.051641e+00 6.893051e+00 6.043549e+00 : 8.622270e-01
12080(1007) (1.07e+00 1.43e+00) XE:1.43e-01 (1.21e+00 1.22e+00 | 7.29e-01 7.25e-01)	6.878648e+00 6.051556e+00 6.892944e+00 6.043807e+00 : 8.622318e-01
12115(1002) (1.38e+00 1.43e+00) XE:1.43e-01 (1.20e+00 1.22e+00 | 6.86e-01 7.25e-01)	6.878833e+00 6.051644e+00 6.892737e+00 6.043837e+00 : 8.622350e-01
12151(989) (1.51e+00 1.43e+00) XE:1.43e-01 (1.23e+00 1.22e+00 | 6.54e-01 7.25e-01)	6.878643e+00 6.051423e+00 6.892525e+00 6.043624e+00 : 8.622072e-01
12186(1002) (1.32e+00 1.43e+00) XE:1.43e-01 (1.23e+00 1.22e+00 | 7.20e-01 7.25e-01)	6.878505e+00 6.051180e+00 6.892636e+00 6.043457e+00 : 8.621926e-01
12222(1001) (1.64e+00 1.43e+00) XE:1.43e-01 (1.22e+00 1.22e+00 | 7.31e-01 7.25e-01)	6.878348e+00 6.051278e+00 6.892522e+00 6.043198e+00 : 8.621782e-01
12257(995) (1.98e+00 1.43e+00) XE:1.43e-01 (1.24e+00 1.22e+00 | 7.16e-01 7.25e-01)	6.878309e+00 6.051138e+00 6.892489e+00 6.043040e+00 : 8.621659e-01
12293(1015) (1.09e+00 1.43e+00) XE:1.43e-01 (1.19e+00 1.22e+00 | 7.00e-01 7.25e-01)	6.878110e+00 6.051126e+00 6.892317e+00 6.042986e+00 : 8.621513e-01
12328(998) (1.12e+00 1.43e+00) XE:1.43e-01 (1.21e+00 1.22e+00 | 7.31e-01 7.25e-01)	6.877934e+00 6.051167e+00 6.892340e+00 6.042798e+00 : 8.621413e-01
12364(994) (1.61e+00 1.43e+00) XE:1.43e-01 (1.23e+00 1.22e+00 | 7.29e-01 7.25e-01)	6.877650e+00 6.051172e+00 6.892353e+00 6.042524e+00 : 8.621233e-01
12399(1008) (1.43e+00 1.43e+00) XE:1.43e-01 (1.23e+00 1.22e+00 | 8.46e-01 7.25e-01)	6.877611e+00 6.051221e+00 6.892411e+00 6.042284e+00 : 8.621176e-01
12434(1010) (1.26e+00 1.43e+00) XE:1.43e-01 (1.24e+00 1.22e+00 | 7.14e-01 7.25e-01)	6.877544e+00 6.051051e+00 6.892531e+00 6.042112e+00 : 8.621080e-01
12470(989) (1.48e+00 1.43e+00) XE:1.43e-01 (1.19e+00 1.22e+00 | 6.82e-01 7.25e-01)	6.877505e+00 6.051203e+00 6.892800e+00 6.042126e+00 : 8.621211e-01
12505(1004) (9.80e-01 1.43e+00) XE:1.43e-01 (1.22e+00 1.22e+00 | 7.45e-01 7.25e-01)	6.877462e+00 6.051332e+00 6.892822e+00 6.041917e+00 : 8.621178e-01
12541(1003) (1.30e+00 1.43e+00) XE:1.43e-01 (1.26e+00 1.22e+00 | 7.10e-01 7.25e-01)	6.877465e+00 6.051273e+00 6.892695e+00 6.041851e+00 : 8.621095e-01
12576(1005) (1.66e+00 1.43e+00) XE:1.43e-01 (1.21e+00 1.22e+00 | 6.92e-01 7.25e-01)	6.877315e+00 6.051092e+00 6.892493e+00 6.041715e+00 : 8.620872e-01
12612(999) (1.40e+00 1.43e+00) XE:1.43e-01 (1.21e+00 1.22e+00 | 6.86e-01 7.25e-01)	6.877185e+00 6.051052e+00 6.892431e+00 6.041544e+00 : 8.620737e-01
12647(1004) (1.50e+00 1.43e+00) XE:1.43e-01 (1.21e+00 1.22e+00 | 7.39e-01 7.25e-01)	6.877132e+00 6.051021e+00 6.892268e+00 6.041328e+00 : 8.620583e-01
12682(1013) (1.65e+00 1.43e+00) XE:1.43e-01 (1.21e+00 1.22e+00 | 6.76e-01 7.25e-01)	6.877214e+00 6.050848e+00 6.892273e+00 6.041403e+00 : 8.620580e-01
12718(1004) (1.52e+00 1.43e+00) XE:1.43e-01 (1.25e+00 1.22e+00 | 7.14e-01 7.25e-01)	6.877290e+00 6.050759e+00 6.892413e+00 6.041298e+00 : 8.620587e-01
12753(1000) (2.21e+00 1.43e+00) XE:1.43e-01 (1.19e+00 1.22e+00 | 7.27e-01 7.25e-01)	6.877147e+00 6.050396e+00 6.892109e+00 6.041090e+00 : 8.620247e-01
12789(1007) (1.29e+00 1.43e+00) XE:1.43e-01 (1.22e+00 1.22e+00 | 7.43e-01 7.25e-01)	6.877100e+00 6.050366e+00 6.892388e+00 6.041359e+00 : 8.620404e-01
12824(1006) (1.10e+00 1.43e+00) XE:1.43e-01 (1.26e+00 1.22e+00 | 7.57e-01 7.25e-01)	6.877145e+00 6.050311e+00 6.892026e+00 6.041459e+00 : 8.620314e-01
12860(1008) (1.38e+00 1.43e+00) XE:1.43e-01 (1.20e+00 1.22e+00 | 7.23e-01 7.25e-01)	6.876703e+00 6.049992e+00 6.891846e+00 6.041306e+00 : 8.619949e-01
12895(1003) (1.64e+00 1.43e+00) XE:1.43e-01 (1.20e+00 1.22e+00 | 7.20e-01 7.25e-01)	6.876506e+00 6.050102e+00 6.891714e+00 6.041309e+00 : 8.619877e-01
12930(1008) (1.24e+00 1.43e+00) XE:1.43e-01 (1.20e+00 1.22e+00 | 6.05e-01 7.25e-01)	6.876475e+00 6.050082e+00 6.891724e+00 6.041452e+00 : 8.619911e-01
12965(1002) (1.50e+00 1.43e+00) XE:1.43e-01 (1.27e+00 1.22e+00 | 6.74e-01 7.25e-01)	6.876683e+00 6.050047e+00 6.891326e+00 6.041243e+00 : 8.619766e-01
13000(1004) (1.52e+00 1.43e+00) XE:1.43e-01 (1.25e+00 1.22e+00 | 7.33e-01 7.25e-01)	6.876881e+00 6.049844e+00 6.891349e+00 6.041071e+00 : 8.619715e-01
13035(1001) (1.59e+00 1.43e+00) XE:1.43e-01 (1.21e+00 1.22e+00 | 7.14e-01 7.25e-01)	6.876980e+00 6.050004e+00 6.891160e+00 6.041125e+00 : 8.619756e-01
13070(991) (1.38e+00 1.43e+00) XE:1.43e-01 (1.25e+00 1.22e+00 | 6.66e-01 7.25e-01)	6.877033e+00 6.050003e+00 6.891347e+00 6.041206e+00 : 8.619863e-01
13104(994) (1.25e+00 1.43e+00) XE:1.43e-01 (1.20e+00 1.22e+00 | 7.06e-01 7.25e-01)	6.876820e+00 6.050083e+00 6.891325e+00 6.041182e+00 : 8.619803e-01
13139(999) (1.41e+00 1.43e+00) XE:1.43e-01 (1.22e+00 1.22e+00 | 7.63e-01 7.25e-01)	6.876783e+00 6.050110e+00 6.891228e+00 6.041011e+00 : 8.619711e-01
13174(1002) (1.11e+00 1.43e+00) XE:1.43e-01 (1.23e+00 1.22e+00 | 6.92e-01 7.25e-01)	6.876542e+00 6.050202e+00 6.890902e+00 6.040967e+00 : 8.619538e-01
13209(1012) (1.09e+00 1.43e+00) XE:1.43e-01 (1.20e+00 1.22e+00 | 7.04e-01 7.25e-01)	6.876455e+00 6.050038e+00 6.890559e+00 6.040952e+00 : 8.619334e-01
13244(1003) (1.57e+00 1.43e+00) XE:1.43e-01 (1.22e+00 1.22e+00 | 7.49e-01 7.25e-01)	6.876386e+00 6.049824e+00 6.890540e+00 6.040950e+00 : 8.619234e-01
13279(1002) (1.12e+00 1.43e+00) XE:1.43e-01 (1.21e+00 1.22e+00 | 6.82e-01 7.25e-01)	6.876652e+00 6.049882e+00 6.890585e+00 6.041125e+00 : 8.619415e-01
13313(1002) (1.89e+00 1.43e+00) XE:1.43e-01 (1.23e+00 1.22e+00 | 7.61e-01 7.25e-01)	6.876525e+00 6.049554e+00 6.890354e+00 6.040938e+00 : 8.619124e-01
13348(1002) (1.34e+00 1.43e+00) XE:1.43e-01 (1.24e+00 1.22e+00 | 7.83e-01 7.25e-01)	6.876688e+00 6.049511e+00 6.890511e+00 6.041053e+00 : 8.619254e-01
13383(1005) (1.17e+00 1.43e+00) XE:1.43e-01 (1.22e+00 1.22e+00 | 7.53e-01 7.25e-01)	6.876702e+00 6.049335e+00 6.890434e+00 6.040888e+00 : 8.619120e-01
13418(996) (1.60e+00 1.43e+00) XE:1.43e-01 (1.23e+00 1.22e+00 | 6.96e-01 7.25e-01)	6.876675e+00 6.049139e+00 6.890467e+00 6.040991e+00 : 8.619091e-01
13453(1003) (1.70e+00 1.43e+00) XE:1.43e-01 (1.20e+00 1.22e+00 | 6.48e-01 7.25e-01)	6.876590e+00 6.048810e+00 6.890336e+00 6.040950e+00 : 8.618895e-01
13488(1005) (1.76e+00 1.43e+00) XE:1.43e-01 (1.21e+00 1.22e+00 | 7.41e-01 7.25e-01)	6.876254e+00 6.048783e+00 6.889917e+00 6.040652e+00 : 8.618536e-01
13522(998) (1.51e+00 1.43e+00) XE:1.43e-01 (1.27e+00 1.22e+00 | 7.51e-01 7.25e-01)	6.876363e+00 6.048732e+00 6.889822e+00 6.040658e+00 : 8.618525e-01
13557(998) (1.65e+00 1.43e+00) XE:1.43e-01 (1.23e+00 1.22e+00 | 7.79e-01 7.25e-01)	6.876437e+00 6.048888e+00 6.889703e+00 6.040724e+00 : 8.618584e-01
13592(1005) (1.11e+00 1.43e+00) XE:1.43e-01 (1.21e+00 1.22e+00 | 6.46e-01 7.25e-01)	6.876378e+00 6.048849e+00 6.889524e+00 6.040577e+00 : 8.618443e-01
13627(1001) (1.46e+00 1.43e+00) XE:1.43e-01 (1.21e+00 1.22e+00 | 7.87e-01 7.25e-01)	6.876129e+00 6.048645e+00 6.889601e+00 6.040414e+00 : 8.618263e-01
13662(1000) (1.43e+00 1.43e+00) XE:1.43e-01 (1.21e+00 1.22e+00 | 7.55e-01 7.25e-01)	6.876174e+00 6.048617e+00 6.889582e+00 6.040504e+00 : 8.618292e-01
13697(1003) (1.48e+00 1.43e+00) XE:1.43e-01 (1.19e+00 1.22e+00 | 7.20e-01 7.25e-01)	6.876161e+00 6.048516e+00 6.889622e+00 6.040346e+00 : 8.618215e-01
13732(981) (1.73e+00 1.43e+00) XE:1.43e-01 (1.25e+00 1.22e+00 | 7.55e-01 7.25e-01)	6.876140e+00 6.048366e+00 6.889702e+00 6.040164e+00 : 8.618124e-01
13767(993) (1.77e+00 1.43e+00) XE:1.43e-01 (1.22e+00 1.22e+00 | 7.08e-01 7.25e-01)	6.875805e+00 6.047956e+00 6.889429e+00 6.040024e+00 : 8.617738e-01
13801(1008) (1.37e+00 1.43e+00) XE:1.43e-01 (1.24e+00 1.22e+00 | 7.29e-01 7.25e-01)	6.875474e+00 6.047849e+00 6.889387e+00 6.039824e+00 : 8.617511e-01
13836(1001) (1.64e+00 1.43e+00) XE:1.43e-01 (1.21e+00 1.22e+00 | 7.57e-01 7.25e-01)	6.875096e+00 6.047600e+00 6.889356e+00 6.039723e+00 : 8.617259e-01
13871(998) (1.65e+00 1.43e+00) XE:1.43e-01 (1.20e+00 1.22e+00 | 7.25e-01 7.25e-01)	6.874811e+00 6.047651e+00 6.889202e+00 6.039610e+00 : 8.617091e-01
13906(1001) (1.69e+00 1.43e+00) XE:1.43e-01 (1.26e+00 1.22e+00 | 7.91e-01 7.25e-01)	6.874937e+00 6.047591e+00 6.889149e+00 6.039603e+00 : 8.617094e-01
13941(1002) (1.49e+00 1.43e+00) XE:1.43e-01 (1.22e+00 1.22e+00 | 6.76e-01 7.25e-01)	6.874891e+00 6.047391e+00 6.889097e+00 6.039554e+00 : 8.616977e-01
13976(1005) (1.83e+00 1.43e+00) XE:1.43e-01 (1.20e+00 1.22e+00 | 6.86e-01 7.25e-01)	6.874714e+00 6.047342e+00 6.888851e+00 6.039329e+00 : 8.616745e-01
14011(1004) (1.37e+00 1.43e+00) XE:1.43e-01 (1.21e+00 1.22e+00 | 6.94e-01 7.25e-01)	6.874573e+00 6.047257e+00 6.888809e+00 6.039324e+00 : 8.616654e-01
14045(1002) (1.55e+00 1.43e+00) XE:1.43e-01 (1.24e+00 1.22e+00 | 7.55e-01 7.25e-01)	6.874483e+00 6.047274e+00 6.888792e+00 6.039399e+00 : 8.616649e-01
14080(1007) (1.47e+00 1.43e+00) XE:1.43e-01 (1.20e+00 1.22e+00 | 6.78e-01 7.25e-01)	6.874073e+00 6.047187e+00 6.888841e+00 6.039374e+00 : 8.616492e-01
14115(1006) (9.89e-01 1.43e+00) XE:1.43e-01 (1.21e+00 1.22e+00 | 6.72e-01 7.25e-01)	6.874100e+00 6.047136e+00 6.888775e+00 6.039599e+00 : 8.616536e-01
14150(1004) (1.19e+00 1.43e+00) XE:1.43e-01 (1.23e+00 1.22e+00 | 7.35e-01 7.25e-01)	6.874105e+00 6.047184e+00 6.888771e+00 6.039451e+00 : 8.616504e-01
14185(994) (1.56e+00 1.43e+00) XE:1.43e-01 (1.24e+00 1.22e+00 | 8.01e-01 7.25e-01)	6.874185e+00 6.047070e+00 6.888674e+00 6.039475e+00 : 8.616468e-01
14220(998) (1.59e+00 1.43e+00) XE:1.43e-01 (1.21e+00 1.22e+00 | 6.46e-01 7.25e-01)	6.874152e+00 6.046872e+00 6.888749e+00 6.039578e+00 : 8.616450e-01
14255(993) (1.42e+00 1.43e+00) XE:1.43e-01 (1.22e+00 1.22e+00 | 6.68e-01 7.25e-01)	6.874168e+00 6.046742e+00 6.888697e+00 6.039551e+00 : 8.616386e-01
14290(995) (1.32e+00 1.43e+00) XE:1.43e-01 (1.25e+00 1.22e+00 | 7.14e-01 7.25e-01)	6.874093e+00 6.046861e+00 6.888605e+00 6.039451e+00 : 8.616337e-01
14324(1002) (1.40e+00 1.43e+00) XE:1.43e-01 (1.23e+00 1.22e+00 | 7.37e-01 7.25e-01)	6.874109e+00 6.046630e+00 6.888541e+00 6.039428e+00 : 8.616236e-01
14359(997) (9.88e-01 1.43e+00) XE:1.43e-01 (1.22e+00 1.22e+00 | 7.33e-01 7.25e-01)	6.874130e+00 6.046499e+00 6.888524e+00 6.039313e+00 : 8.616155e-01
14394(1006) (1.49e+00 1.43e+00) XE:1.43e-01 (1.23e+00 1.22e+00 | 6.82e-01 7.25e-01)	6.874188e+00 6.046483e+00 6.888484e+00 6.039511e+00 : 8.616222e-01
14429(999) (1.28e+00 1.43e+00) XE:1.43e-01 (1.22e+00 1.22e+00 | 7.51e-01 7.25e-01)	6.873948e+00 6.046415e+00 6.888305e+00 6.039627e+00 : 8.616098e-01
14464(1001) (1.47e+00 1.43e+00) XE:1.43e-01 (1.21e+00 1.22e+00 | 7.00e-01 7.25e-01)	6.874042e+00 6.046548e+00 6.888327e+00 6.039749e+00 : 8.616222e-01
14499(992) (1.28e+00 1.43e+00) XE:1.43e-01 (1.19e+00 1.22e+00 | 7.10e-01 7.25e-01)	6.873803e+00 6.046458e+00 6.888041e+00 6.039530e+00 : 8.615944e-01
14534(996) (1.35e+00 1.43e+00) XE:1.43e-01 (1.25e+00 1.22e+00 | 7.04e-01 7.25e-01)	6.873764e+00 6.046456e+00 6.888128e+00 6.039478e+00 : 8.615942e-01
14568(998) (1.48e+00 1.43e+00) XE:1.43e-01 (1.21e+00 1.22e+00 | 7.35e-01 7.25e-01)	6.873933e+00 6.046527e+00 6.888205e+00 6.039391e+00 : 8.616019e-01
14603(998) (1.55e+00 1.43e+00) XE:1.43e-01 (1.22e+00 1.22e+00 | 6.78e-01 7.25e-01)	6.873665e+00 6.046308e+00 6.888092e+00 6.039236e+00 : 8.615767e-01
14638(993) (1.68e+00 1.43e+00) XE:1.43e-01 (1.23e+00 1.22e+00 | 7.31e-01 7.25e-01)	6.873166e+00 6.046171e+00 6.888108e+00 6.039174e+00 : 8.615539e-01
14673(998) (1.40e+00 1.43e+00) XE:1.43e-01 (1.22e+00 1.22e+00 | 7.55e-01 7.25e-01)	6.872822e+00 6.046045e+00 6.887977e+00 6.039143e+00 : 8.615329e-01
14708(1005) (1.06e+00 1.43e+00) XE:1.43e-01 (1.19e+00 1.22e+00 | 7.67e-01 7.25e-01)	6.872678e+00 6.045819e+00 6.887991e+00 6.039122e+00 : 8.615203e-01
14743(1004) (1.35e+00 1.43e+00) XE:1.43e-01 (1.23e+00 1.22e+00 | 6.98e-01 7.25e-01)	6.872645e+00 6.045734e+00 6.887927e+00 6.039090e+00 : 8.615132e-01
14778(1012) (1.35e+00 1.43e+00) XE:1.43e-01 (1.24e+00 1.22e+00 | 7.47e-01 7.25e-01)	6.872648e+00 6.045561e+00 6.887901e+00 6.039072e+00 : 8.615060e-01
14813(992) (1.34e+00 1.43e+00) XE:1.43e-01 (1.21e+00 1.22e+00 | 7.37e-01 7.25e-01)	6.872454e+00 6.045436e+00 6.887943e+00 6.039111e+00 : 8.614982e-01
14847(1006) (1.49e+00 1.43e+00) XE:1.43e-01 (1.21e+00 1.22e+00 | 7.37e-01 7.25e-01)	6.872422e+00 6.045470e+00 6.888023e+00 6.039151e+00 : 8.615022e-01
14882(1010) (1.45e+00 1.43e+00) XE:1.43e-01 (1.20e+00 1.22e+00 | 7.14e-01 7.25e-01)	6.872294e+00 6.045262e+00 6.887772e+00 6.039134e+00 : 8.614821e-01
14917(1001) (1.61e+00 1.43e+00) XE:1.43e-01 (1.24e+00 1.22e+00 | 7.04e-01 7.25e-01)	6.872086e+00 6.045095e+00 6.887574e+00 6.038839e+00 : 8.614532e-01
14952(995) (1.57e+00 1.43e+00) XE:1.43e-01 (1.23e+00 1.22e+00 | 5.85e-01 7.25e-01)	6.871962e+00 6.044981e+00 6.887569e+00 6.038621e+00 : 8.614378e-01
14987(999) (1.39e+00 1.43e+00) XE:1.43e-01 (1.27e+00 1.22e+00 | 7.61e-01 7.25e-01)	6.872118e+00 6.044980e+00 6.887519e+00 6.038546e+00 : 8.614388e-01
15022(997) (1.30e+00 1.43e+00) XE:1.43e-01 (1.19e+00 1.22e+00 | 7.91e-01 7.25e-01)	6.872088e+00 6.045119e+00 6.887657e+00 6.038504e+00 : 8.614456e-01
15057(988) (2.04e+00 1.43e+00) XE:1.43e-01 (1.22e+00 1.22e+00 | 6.92e-01 7.25e-01)	6.871936e+00 6.045084e+00 6.887376e+00 6.038635e+00 : 8.614344e-01
15092(993) (1.49e+00 1.43e+00) XE:1.43e-01 (1.19e+00 1.22e+00 | 7.57e-01 7.25e-01)	6.871804e+00 6.045105e+00 6.887201e+00 6.038518e+00 : 8.614209e-01
15126(1008) (1.42e+00 1.43e+00) XE:1.43e-01 (1.20e+00 1.22e+00 | 6.80e-01 7.25e-01)	6.871520e+00 6.045141e+00 6.887102e+00 6.038452e+00 : 8.614072e-01
15161(1009) (1.25e+00 1.43e+00) XE:1.43e-01 (1.20e+00 1.22e+00 | 7.85e-01 7.25e-01)	6.871423e+00 6.045130e+00 6.887052e+00 6.038514e+00 : 8.614040e-01
15196(1001) (1.34e+00 1.43e+00) XE:1.43e-01 (1.22e+00 1.22e+00 | 7.61e-01 7.25e-01)	6.871466e+00 6.045214e+00 6.886804e+00 6.038293e+00 : 8.613926e-01
15231(996) (1.63e+00 1.43e+00) XE:1.43e-01 (1.24e+00 1.22e+00 | 7.16e-01 7.25e-01)	6.871468e+00 6.045228e+00 6.886938e+00 6.038238e+00 : 8.613957e-01
15266(1001) (1.45e+00 1.43e+00) XE:1.43e-01 (1.23e+00 1.22e+00 | 7.39e-01 7.25e-01)	6.871546e+00 6.045237e+00 6.886969e+00 6.038132e+00 : 8.613961e-01
15301(1003) (1.23e+00 1.43e+00) XE:1.43e-01 (1.21e+00 1.22e+00 | 7.81e-01 7.25e-01)	6.871463e+00 6.045139e+00 6.886944e+00 6.038185e+00 : 8.613910e-01
15335(992) (1.34e+00 1.43e+00) XE:1.43e-01 (1.24e+00 1.22e+00 | 7.45e-01 7.25e-01)	6.871487e+00 6.045170e+00 6.886902e+00 6.038112e+00 : 8.613890e-01
15370(1000) (1.70e+00 1.43e+00) XE:1.43e-01 (1.21e+00 1.22e+00 | 7.71e-01 7.25e-01)	6.871701e+00 6.045196e+00 6.886815e+00 6.038057e+00 : 8.613923e-01
15405(1001) (1.35e+00 1.43e+00) XE:1.43e-01 (1.25e+00 1.22e+00 | 7.02e-01 7.25e-01)	6.871714e+00 6.044930e+00 6.886784e+00 6.038019e+00 : 8.613816e-01
15440(1002) (1.47e+00 1.43e+00) XE:1.43e-01 (1.21e+00 1.22e+00 | 7.85e-01 7.25e-01)	6.871461e+00 6.044849e+00 6.886563e+00 6.037928e+00 : 8.613600e-01
15475(1005) (1.23e+00 1.43e+00) XE:1.43e-01 (1.26e+00 1.22e+00 | 6.88e-01 7.25e-01)	6.871149e+00 6.044686e+00 6.886701e+00 6.038032e+00 : 8.613523e-01
15510(998) (1.24e+00 1.43e+00) XE:1.43e-01 (1.23e+00 1.22e+00 | 7.85e-01 7.25e-01)	6.871464e+00 6.044672e+00 6.886884e+00 6.038069e+00 : 8.613696e-01
15545(1001) (2.01e+00 1.43e+00) XE:1.43e-01 (1.24e+00 1.22e+00 | 6.74e-01 7.25e-01)	6.871543e+00 6.044766e+00 6.886882e+00 6.038144e+00 : 8.613778e-01
15579(1012) (1.12e+00 1.43e+00) XE:1.43e-01 (1.24e+00 1.22e+00 | 8.23e-01 7.25e-01)	6.871701e+00 6.044962e+00 6.886880e+00 6.038280e+00 : 8.613941e-01
15614(1002) (1.28e+00 1.43e+00) XE:1.43e-01 (1.25e+00 1.22e+00 | 7.95e-01 7.25e-01)	6.871649e+00 6.044912e+00 6.886779e+00 6.038065e+00 : 8.613802e-01
15649(1009) (1.61e+00 1.43e+00) XE:1.43e-01 (1.23e+00 1.22e+00 | 7.08e-01 7.25e-01)	6.871533e+00 6.044747e+00 6.887027e+00 6.037950e+00 : 8.613752e-01
15684(1016) (1.34e+00 1.43e+00) XE:1.43e-01 (1.23e+00 1.22e+00 | 8.15e-01 7.25e-01)	6.871429e+00 6.044656e+00 6.886997e+00 6.037822e+00 : 8.613635e-01
15719(996) (1.39e+00 1.43e+00) XE:1.43e-01 (1.22e+00 1.22e+00 | 7.71e-01 7.25e-01)	6.871300e+00 6.044602e+00 6.886778e+00 6.037701e+00 : 8.613460e-01
15754(988) (1.84e+00 1.43e+00) XE:1.43e-01 (1.21e+00 1.22e+00 | 7.23e-01 7.25e-01)	6.871266e+00 6.044649e+00 6.886641e+00 6.037685e+00 : 8.613414e-01
15789(996) (1.46e+00 1.43e+00) XE:1.43e-01 (1.22e+00 1.22e+00 | 7.69e-01 7.25e-01)	6.871126e+00 6.044637e+00 6.886614e+00 6.037634e+00 : 8.613337e-01
15824(996) (1.43e+00 1.43e+00) XE:1.43e-01 (1.22e+00 1.22e+00 | 7.33e-01 7.25e-01)	6.871080e+00 6.044734e+00 6.886767e+00 6.037676e+00 : 8.613419e-01
15858(997) (1.40e+00 1.43e+00) XE:1.43e-01 (1.21e+00 1.22e+00 | 7.23e-01 7.25e-01)	6.871070e+00 6.044643e+00 6.886541e+00 6.037661e+00 : 8.613305e-01
15893(1004) (1.47e+00 1.43e+00) XE:1.43e-01 (1.20e+00 1.22e+00 | 6.68e-01 7.25e-01)	6.870883e+00 6.044284e+00 6.886365e+00 6.037493e+00 : 8.613008e-01
15928(994) (1.49e+00 1.43e+00) XE:1.43e-01 (1.21e+00 1.22e+00 | 7.12e-01 7.25e-01)	6.870763e+00 6.044268e+00 6.886155e+00 6.037542e+00 : 8.612910e-01
15963(1011) (1.23e+00 1.43e+00) XE:1.43e-01 (1.19e+00 1.22e+00 | 6.74e-01 7.25e-01)	6.870620e+00 6.044329e+00 6.886330e+00 6.037465e+00 : 8.612915e-01
15998(1004) (1.15e+00 1.43e+00) XE:1.43e-01 (1.24e+00 1.22e+00 | 7.55e-01 7.25e-01)	6.870582e+00 6.044352e+00 6.886272e+00 6.037480e+00 : 8.612895e-01
16033(989) (1.51e+00 1.43e+00) XE:1.43e-01 (1.25e+00 1.22e+00 | 7.12e-01 7.25e-01)	6.870348e+00 6.044269e+00 6.886343e+00 6.037440e+00 : 8.612800e-01
16068(998) (1.32e+00 1.43e+00) XE:1.43e-01 (1.22e+00 1.22e+00 | 7.37e-01 7.25e-01)	6.870259e+00 6.044282e+00 6.886267e+00 6.037369e+00 : 8.612726e-01
16102(1007) (1.58e+00 1.43e+00) XE:1.43e-01 (1.21e+00 1.22e+00 | 7.49e-01 7.25e-01)	6.870589e+00 6.044262e+00 6.886166e+00 6.037387e+00 : 8.612801e-01
16137(1000) (1.20e+00 1.43e+00) XE:1.43e-01 (1.24e+00 1.22e+00 | 7.16e-01 7.25e-01)	6.870558e+00 6.044226e+00 6.886202e+00 6.037334e+00 : 8.612773e-01
16172(1011) (1.23e+00 1.43e+00) XE:1.43e-01 (1.23e+00 1.22e+00 | 6.94e-01 7.25e-01)	6.870527e+00 6.044065e+00 6.886131e+00 6.037223e+00 : 8.612648e-01
16207(1001) (1.41e+00 1.43e+00) XE:1.43e-01 (1.22e+00 1.22e+00 | 7.45e-01 7.25e-01)	6.870286e+00 6.043839e+00 6.885833e+00 6.036892e+00 : 8.612283e-01
16242(1014) (1.35e+00 1.43e+00) XE:1.43e-01 (1.21e+00 1.22e+00 | 7.43e-01 7.25e-01)	6.870212e+00 6.043803e+00 6.885686e+00 6.036885e+00 : 8.612195e-01
16277(995) (1.76e+00 1.43e+00) XE:1.43e-01 (1.19e+00 1.22e+00 | 6.54e-01 7.25e-01)	6.869929e+00 6.043558e+00 6.885672e+00 6.036843e+00 : 8.612001e-01
16312(1007) (1.42e+00 1.43e+00) XE:1.43e-01 (1.22e+00 1.22e+00 | 6.86e-01 7.25e-01)	6.870018e+00 6.043535e+00 6.885764e+00 6.036830e+00 : 8.612049e-01
16347(1000) (1.34e+00 1.43e+00) XE:1.43e-01 (1.21e+00 1.22e+00 | 8.09e-01 7.25e-01)	6.870118e+00 6.043404e+00 6.885722e+00 6.036970e+00 : 8.612072e-01
16381(1005) (1.22e+00 1.43e+00) XE:1.43e-01 (1.24e+00 1.22e+00 | 7.37e-01 7.25e-01)	6.870303e+00 6.043352e+00 6.885407e+00 6.036799e+00 : 8.611954e-01
16416(987) (1.55e+00 1.43e+00) XE:1.43e-01 (1.22e+00 1.22e+00 | 7.39e-01 7.25e-01)	6.870326e+00 6.043374e+00 6.885418e+00 6.036877e+00 : 8.611998e-01
16451(1000) (1.35e+00 1.43e+00) XE:1.43e-01 (1.20e+00 1.22e+00 | 7.73e-01 7.25e-01)	6.870281e+00 6.043080e+00 6.885230e+00 6.036854e+00 : 8.611815e-01
16486(1003) (1.07e+00 1.43e+00) XE:1.43e-01 (1.21e+00 1.22e+00 | 7.61e-01 7.25e-01)	6.870299e+00 6.043047e+00 6.885376e+00 6.036744e+00 : 8.611822e-01
16521(1003) (1.32e+00 1.43e+00) XE:1.43e-01 (1.24e+00 1.22e+00 | 7.35e-01 7.25e-01)	6.870073e+00 6.043061e+00 6.885203e+00 6.036598e+00 : 8.611645e-01
16556(999) (1.68e+00 1.43e+00) XE:1.43e-01 (1.21e+00 1.22e+00 | 7.06e-01 7.25e-01)	6.870124e+00 6.043255e+00 6.885276e+00 6.036656e+00 : 8.611770e-01
16591(1001) (1.17e+00 1.43e+00) XE:1.43e-01 (1.20e+00 1.22e+00 | 7.20e-01 7.25e-01)	6.869868e+00 6.043210e+00 6.885027e+00 6.036345e+00 : 8.611483e-01
16625(1007) (1.53e+00 1.43e+00) XE:1.43e-01 (1.20e+00 1.22e+00 | 7.27e-01 7.25e-01)	6.869758e+00 6.043175e+00 6.884940e+00 6.036362e+00 : 8.611411e-01
16660(999) (1.39e+00 1.43e+00) XE:1.43e-01 (1.23e+00 1.22e+00 | 7.57e-01 7.25e-01)	6.869681e+00 6.043162e+00 6.884731e+00 6.036353e+00 : 8.611309e-01
16695(992) (1.29e+00 1.43e+00) XE:1.43e-01 (1.22e+00 1.22e+00 | 7.23e-01 7.25e-01)	6.869790e+00 6.043342e+00 6.884778e+00 6.036448e+00 : 8.611453e-01
16730(1007) (1.69e+00 1.43e+00) XE:1.43e-01 (1.23e+00 1.22e+00 | 6.74e-01 7.25e-01)	6.869625e+00 6.043312e+00 6.884521e+00 6.036388e+00 : 8.611282e-01
16765(994) (1.30e+00 1.43e+00) XE:1.43e-01 (1.22e+00 1.22e+00 | 6.88e-01 7.25e-01)	6.869584e+00 6.043328e+00 6.884258e+00 6.036359e+00 : 8.611177e-01
16800(1005) (9.52e-01 1.43e+00) XE:1.43e-01 (1.22e+00 1.22e+00 | 7.04e-01 7.25e-01)	6.869562e+00 6.043482e+00 6.884125e+00 6.036410e+00 : 8.611193e-01
16835(1007) (1.10e+00 1.43e+00) XE:1.43e-01 (1.20e+00 1.22e+00 | 6.72e-01 7.25e-01)	6.869514e+00 6.043395e+00 6.883987e+00 6.036223e+00 : 8.611040e-01
16870(1002) (1.34e+00 1.43e+00) XE:1.43e-01 (1.23e+00 1.22e+00 | 6.80e-01 7.25e-01)	6.869357e+00 6.043331e+00 6.883855e+00 6.036133e+00 : 8.610892e-01
16904(999) (1.82e+00 1.43e+00) XE:1.43e-01 (1.22e+00 1.22e+00 | 6.86e-01 7.25e-01)	6.869317e+00 6.043162e+00 6.883890e+00 6.036061e+00 : 8.610810e-01
16939(997) (1.72e+00 1.43e+00) XE:1.43e-01 (1.19e+00 1.22e+00 | 7.04e-01 7.25e-01)	6.869183e+00 6.043148e+00 6.883828e+00 6.036075e+00 : 8.610745e-01
16974(1002) (1.31e+00 1.43e+00) XE:1.43e-01 (1.22e+00 1.22e+00 | 7.23e-01 7.25e-01)	6.869079e+00 6.043253e+00 6.883844e+00 6.036109e+00 : 8.610762e-01
17009(996) (1.58e+00 1.43e+00) XE:1.43e-01 (1.23e+00 1.22e+00 | 7.02e-01 7.25e-01)	6.868998e+00 6.043317e+00 6.883714e+00 6.035925e+00 : 8.610651e-01
17044(999) (1.96e+00 1.43e+00) XE:1.43e-01 (1.23e+00 1.22e+00 | 6.80e-01 7.25e-01)	6.868854e+00 6.043334e+00 6.883489e+00 6.035767e+00 : 8.610482e-01
17079(995) (1.53e+00 1.43e+00) XE:1.43e-01 (1.24e+00 1.22e+00 | 7.25e-01 7.25e-01)	6.868798e+00 6.043326e+00 6.883416e+00 6.035767e+00 : 8.610436e-01
17114(1007) (1.41e+00 1.43e+00) XE:1.43e-01 (1.23e+00 1.22e+00 | 7.63e-01 7.25e-01)	6.868623e+00 6.043242e+00 6.883401e+00 6.035739e+00 : 8.610335e-01
17149(999) (1.52e+00 1.43e+00) XE:1.43e-01 (1.21e+00 1.22e+00 | 7.31e-01 7.25e-01)	6.868703e+00 6.043244e+00 6.883269e+00 6.035623e+00 : 8.610280e-01
17183(1004) (1.23e+00 1.43e+00) XE:1.43e-01 (1.24e+00 1.22e+00 | 6.88e-01 7.25e-01)	6.868731e+00 6.043105e+00 6.883174e+00 6.035752e+00 : 8.610254e-01
17218(994) (1.75e+00 1.43e+00) XE:1.43e-01 (1.23e+00 1.22e+00 | 7.16e-01 7.25e-01)	6.868921e+00 6.043033e+00 6.883147e+00 6.035675e+00 : 8.610259e-01
17253(1006) (1.30e+00 1.43e+00) XE:1.43e-01 (1.22e+00 1.22e+00 | 6.94e-01 7.25e-01)	6.868939e+00 6.043094e+00 6.883022e+00 6.035638e+00 : 8.610231e-01
17288(994) (1.55e+00 1.43e+00) XE:1.43e-01 (1.22e+00 1.22e+00 | 7.41e-01 7.25e-01)	6.868940e+00 6.043040e+00 6.882897e+00 6.035424e+00 : 8.610101e-01
17323(997) (1.54e+00 1.43e+00) XE:1.43e-01 (1.23e+00 1.22e+00 | 7.63e-01 7.25e-01)	6.868817e+00 6.042978e+00 6.882784e+00 6.035297e+00 : 8.609959e-01
17358(1007) (1.38e+00 1.43e+00) XE:1.43e-01 (1.24e+00 1.22e+00 | 7.49e-01 7.25e-01)	6.868924e+00 6.042946e+00 6.882650e+00 6.035079e+00 : 8.609866e-01
17393(996) (1.64e+00 1.43e+00) XE:1.43e-01 (1.24e+00 1.22e+00 | 7.33e-01 7.25e-01)	6.868929e+00 6.042887e+00 6.882552e+00 6.035013e+00 : 8.609794e-01
17428(1002) (1.50e+00 1.43e+00) XE:1.43e-01 (1.18e+00 1.22e+00 | 6.64e-01 7.25e-01)	6.868770e+00 6.042794e+00 6.882625e+00 6.034949e+00 : 8.609712e-01
17462(1000) (1.77e+00 1.43e+00) XE:1.43e-01 (1.17e+00 1.22e+00 | 6.96e-01 7.25e-01)	6.868852e+00 6.042787e+00 6.882434e+00 6.034925e+00 : 8.609666e-01
17497(1000) (1.36e+00 1.43e+00) XE:1.43e-01 (1.19e+00 1.22e+00 | 7.29e-01 7.25e-01)	6.868864e+00 6.042867e+00 6.882479e+00 6.034887e+00 : 8.609699e-01
17532(995) (1.05e+00 1.43e+00) XE:1.43e-01 (1.23e+00 1.22e+00 | 6.24e-01 7.25e-01)	6.868893e+00 6.042899e+00 6.882553e+00 6.034925e+00 : 8.609757e-01
17567(1010) (1.21e+00 1.43e+00) XE:1.43e-01 (1.22e+00 1.22e+00 | 6.88e-01 7.25e-01)	6.868926e+00 6.042958e+00 6.882603e+00 6.034984e+00 : 8.609823e-01
17602(980) (1.80e+00 1.43e+00) XE:1.43e-01 (1.18e+00 1.22e+00 | 6.56e-01 7.25e-01)	6.868869e+00 6.042882e+00 6.882398e+00 6.034772e+00 : 8.609641e-01
17637(993) (1.34e+00 1.43e+00) XE:1.43e-01 (1.19e+00 1.22e+00 | 6.66e-01 7.25e-01)	6.868819e+00 6.042960e+00 6.882186e+00 6.034804e+00 : 8.609589e-01
17672(1010) (1.21e+00 1.43e+00) XE:1.43e-01 (1.25e+00 1.22e+00 | 7.06e-01 7.25e-01)	6.868828e+00 6.042835e+00 6.882074e+00 6.034816e+00 : 8.609518e-01
17706(992) (1.49e+00 1.43e+00) XE:1.43e-01 (1.23e+00 1.22e+00 | 7.53e-01 7.25e-01)	6.868800e+00 6.042729e+00 6.881918e+00 6.034716e+00 : 8.609387e-01
17741(997) (1.27e+00 1.43e+00) XE:1.43e-01 (1.23e+00 1.22e+00 | 6.76e-01 7.25e-01)	6.868597e+00 6.042573e+00 6.881794e+00 6.034605e+00 : 8.609190e-01
17776(997) (1.31e+00 1.43e+00) XE:1.43e-01 (1.24e+00 1.22e+00 | 7.43e-01 7.25e-01)	6.868652e+00 6.042439e+00 6.881750e+00 6.034503e+00 : 8.609114e-01
17811(998) (1.21e+00 1.43e+00) XE:1.43e-01 (1.22e+00 1.22e+00 | 7.06e-01 7.25e-01)	6.868755e+00 6.042268e+00 6.881782e+00 6.034621e+00 : 8.609142e-01
17846(1007) (1.76e+00 1.43e+00) XE:1.43e-01 (1.21e+00 1.22e+00 | 7.57e-01 7.25e-01)	6.868831e+00 6.042141e+00 6.881740e+00 6.034755e+00 : 8.609155e-01
17881(991) (1.73e+00 1.43e+00) XE:1.43e-01 (1.22e+00 1.22e+00 | 7.43e-01 7.25e-01)	6.868636e+00 6.042052e+00 6.881799e+00 6.034597e+00 : 8.609028e-01
17916(1005) (1.28e+00 1.43e+00) XE:1.43e-01 (1.21e+00 1.22e+00 | 7.79e-01 7.25e-01)	6.868692e+00 6.041861e+00 6.881668e+00 6.034573e+00 : 8.608931e-01
17951(1001) (1.46e+00 1.43e+00) XE:1.43e-01 (1.22e+00 1.22e+00 | 7.06e-01 7.25e-01)	6.868558e+00 6.041798e+00 6.881369e+00 6.034473e+00 : 8.608733e-01
17985(1002) (1.64e+00 1.43e+00) XE:1.43e-01 (1.23e+00 1.22e+00 | 7.06e-01 7.25e-01)	6.868617e+00 6.041758e+00 6.881479e+00 6.034538e+00 : 8.608798e-01
18020(1004) (1.67e+00 1.43e+00) XE:1.43e-01 (1.23e+00 1.22e+00 | 7.43e-01 7.25e-01)	6.868683e+00 6.041846e+00 6.881423e+00 6.034531e+00 : 8.608828e-01
18055(1002) (1.94e+00 1.43e+00) XE:1.43e-01 (1.25e+00 1.22e+00 | 7.81e-01 7.25e-01)	6.868436e+00 6.041761e+00 6.881284e+00 6.034445e+00 : 8.608642e-01
18090(1000) (1.19e+00 1.43e+00) XE:1.43e-01 (1.24e+00 1.22e+00 | 7.61e-01 7.25e-01)	6.868486e+00 6.041691e+00 6.881236e+00 6.034361e+00 : 8.608591e-01
18125(1004) (1.57e+00 1.43e+00) XE:1.43e-01 (1.23e+00 1.22e+00 | 7.20e-01 7.25e-01)	6.868363e+00 6.041580e+00 6.881082e+00 6.034150e+00 : 8.608391e-01
18160(1000) (1.72e+00 1.43e+00) XE:1.43e-01 (1.22e+00 1.22e+00 | 6.54e-01 7.25e-01)	6.868126e+00 6.041599e+00 6.880942e+00 6.034184e+00 : 8.608284e-01
18195(991) (1.74e+00 1.43e+00) XE:1.43e-01 (1.22e+00 1.22e+00 | 6.92e-01 7.25e-01)	6.867995e+00 6.041555e+00 6.880940e+00 6.034299e+00 : 8.608263e-01
18230(1006) (1.54e+00 1.43e+00) XE:1.43e-01 (1.24e+00 1.22e+00 | 7.49e-01 7.25e-01)	6.867871e+00 6.041477e+00 6.880863e+00 6.034187e+00 : 8.608133e-01
18264(996) (1.47e+00 1.43e+00) XE:1.43e-01 (1.20e+00 1.22e+00 | 7.02e-01 7.25e-01)	6.867811e+00 6.041240e+00 6.880800e+00 6.034132e+00 : 8.607994e-01
18299(1000) (1.46e+00 1.43e+00) XE:1.43e-01 (1.20e+00 1.22e+00 | 7.87e-01 7.25e-01)	6.867834e+00 6.041131e+00 6.880575e+00 6.034070e+00 : 8.607870e-01
18334(999) (1.22e+00 1.43e+00) XE:1.43e-01 (1.19e+00 1.22e+00 | 7.12e-01 7.25e-01)	6.867649e+00 6.041100e+00 6.880419e+00 6.034090e+00 : 8.607753e-01
18369(1008) (1.27e+00 1.43e+00) XE:1.43e-01 (1.22e+00 1.22e+00 | 7.10e-01 7.25e-01)	6.867796e+00 6.041183e+00 6.880448e+00 6.034105e+00 : 8.607844e-01
18404(1008) (1.73e+00 1.43e+00) XE:1.43e-01 (1.25e+00 1.22e+00 | 6.70e-01 7.25e-01)	6.867653e+00 6.041141e+00 6.880437e+00 6.034096e+00 : 8.607776e-01
18439(997) (1.39e+00 1.43e+00) XE:1.43e-01 (1.23e+00 1.22e+00 | 7.61e-01 7.25e-01)	6.867704e+00 6.041152e+00 6.880337e+00 6.034045e+00 : 8.607746e-01
18474(999) (1.47e+00 1.43e+00) XE:1.43e-01 (1.22e+00 1.22e+00 | 7.59e-01 7.25e-01)	6.867534e+00 6.041078e+00 6.880206e+00 6.034043e+00 : 8.607621e-01
18508(1010) (1.48e+00 1.43e+00) XE:1.43e-01 (1.19e+00 1.22e+00 | 7.02e-01 7.25e-01)	6.867561e+00 6.041000e+00 6.880217e+00 6.034034e+00 : 8.607604e-01
18543(999) (1.88e+00 1.43e+00) XE:1.43e-01 (1.22e+00 1.22e+00 | 7.10e-01 7.25e-01)	6.867610e+00 6.040878e+00 6.880193e+00 6.033986e+00 : 8.607556e-01
18578(1000) (1.70e+00 1.43e+00) XE:1.43e-01 (1.22e+00 1.22e+00 | 6.92e-01 7.25e-01)	6.867578e+00 6.040931e+00 6.880116e+00 6.033889e+00 : 8.607505e-01
18613(1002) (1.45e+00 1.43e+00) XE:1.43e-01 (1.22e+00 1.22e+00 | 7.51e-01 7.25e-01)	6.867595e+00 6.040866e+00 6.880126e+00 6.033947e+00 : 8.607511e-01
18648(1009) (1.27e+00 1.43e+00) XE:1.43e-01 (1.23e+00 1.22e+00 | 7.10e-01 7.25e-01)	6.867535e+00 6.040901e+00 6.880152e+00 6.034025e+00 : 8.607538e-01
18683(1001) (1.10e+00 1.43e+00) XE:1.43e-01 (1.23e+00 1.22e+00 | 6.84e-01 7.25e-01)	6.867407e+00 6.040754e+00 6.879942e+00 6.033951e+00 : 8.607351e-01
18717(999) (1.50e+00 1.43e+00) XE:1.43e-01 (1.26e+00 1.22e+00 | 6.68e-01 7.25e-01)	6.867523e+00 6.040797e+00 6.880071e+00 6.033876e+00 : 8.607422e-01
18752(999) (1.24e+00 1.43e+00) XE:1.43e-01 (1.19e+00 1.22e+00 | 7.35e-01 7.25e-01)	6.867393e+00 6.040579e+00 6.879829e+00 6.033868e+00 : 8.607223e-01
18787(996) (1.56e+00 1.43e+00) XE:1.43e-01 (1.22e+00 1.22e+00 | 7.18e-01 7.25e-01)	6.867320e+00 6.040383e+00 6.879564e+00 6.033754e+00 : 8.607007e-01
18822(1002) (1.47e+00 1.43e+00) XE:1.43e-01 (1.25e+00 1.22e+00 | 8.03e-01 7.25e-01)	6.867248e+00 6.040360e+00 6.879496e+00 6.033554e+00 : 8.606886e-01
18857(1004) (1.70e+00 1.43e+00) XE:1.43e-01 (1.21e+00 1.22e+00 | 6.64e-01 7.25e-01)	6.867154e+00 6.040048e+00 6.879187e+00 6.033548e+00 : 8.606646e-01
18892(996) (9.81e-01 1.43e+00) XE:1.43e-01 (1.24e+00 1.22e+00 | 7.61e-01 7.25e-01)	6.867017e+00 6.039941e+00 6.879014e+00 6.033389e+00 : 8.606454e-01
18927(999) (1.46e+00 1.43e+00) XE:1.43e-01 (1.20e+00 1.22e+00 | 6.92e-01 7.25e-01)	6.866895e+00 6.039799e+00 6.878885e+00 6.033258e+00 : 8.606279e-01
18961(1002) (1.49e+00 1.43e+00) XE:1.43e-01 (1.22e+00 1.22e+00 | 7.10e-01 7.25e-01)	6.866813e+00 6.039756e+00 6.878798e+00 6.033179e+00 : 8.606182e-01
18996(994) (1.55e+00 1.43e+00) XE:1.43e-01 (1.23e+00 1.22e+00 | 6.96e-01 7.25e-01)	6.866893e+00 6.039695e+00 6.878736e+00 6.033134e+00 : 8.606153e-01
19031(1000) (1.70e+00 1.43e+00) XE:1.43e-01 (1.23e+00 1.22e+00 | 7.65e-01 7.25e-01)	6.867087e+00 6.039780e+00 6.878705e+00 6.033131e+00 : 8.606235e-01
19066(996) (1.45e+00 1.43e+00) XE:1.43e-01 (1.25e+00 1.22e+00 | 8.23e-01 7.25e-01)	6.866973e+00 6.039746e+00 6.878758e+00 6.033302e+00 : 8.606260e-01
19101(1004) (1.13e+00 1.43e+00) XE:1.43e-01 (1.24e+00 1.22e+00 | 7.45e-01 7.25e-01)	6.866846e+00 6.039800e+00 6.878716e+00 6.033397e+00 : 8.606253e-01
19136(1003) (1.55e+00 1.43e+00) XE:1.43e-01 (1.23e+00 1.22e+00 | 7.35e-01 7.25e-01)	6.867011e+00 6.039903e+00 6.878762e+00 6.033445e+00 : 8.606374e-01
19171(991) (1.40e+00 1.43e+00) XE:1.43e-01 (1.20e+00 1.22e+00 | 6.74e-01 7.25e-01)	6.866912e+00 6.039969e+00 6.878786e+00 6.033461e+00 : 8.606376e-01
19205(997) (1.26e+00 1.43e+00) XE:1.43e-01 (1.22e+00 1.22e+00 | 7.16e-01 7.25e-01)	6.867000e+00 6.039768e+00 6.878690e+00 6.033360e+00 : 8.606273e-01
19240(1000) (1.10e+00 1.43e+00) XE:1.43e-01 (1.22e+00 1.22e+00 | 7.49e-01 7.25e-01)	6.866825e+00 6.039734e+00 6.878430e+00 6.033089e+00 : 8.606026e-01
19275(1003) (1.46e+00 1.43e+00) XE:1.43e-01 (1.23e+00 1.22e+00 | 7.00e-01 7.25e-01)	6.866729e+00 6.039773e+00 6.878409e+00 6.032983e+00 : 8.605965e-01
19310(996) (1.53e+00 1.43e+00) XE:1.43e-01 (1.21e+00 1.22e+00 | 7.79e-01 7.25e-01)	6.866664e+00 6.039735e+00 6.878382e+00 6.032952e+00 : 8.605911e-01
19345(1002) (1.27e+00 1.43e+00) XE:1.43e-01 (1.22e+00 1.22e+00 | 7.37e-01 7.25e-01)	6.866458e+00 6.039599e+00 6.878389e+00 6.032899e+00 : 8.605782e-01
19380(1004) (1.15e+00 1.43e+00) XE:1.43e-01 (1.28e+00 1.22e+00 | 7.37e-01 7.25e-01)	6.866588e+00 6.039542e+00 6.878134e+00 6.032882e+00 : 8.605715e-01
19415(1005) (1.85e+00 1.43e+00) XE:1.43e-01 (1.21e+00 1.22e+00 | 7.77e-01 7.25e-01)	6.866394e+00 6.039486e+00 6.877976e+00 6.032826e+00 : 8.605561e-01
19449(1000) (1.56e+00 1.43e+00) XE:1.43e-01 (1.23e+00 1.22e+00 | 7.61e-01 7.25e-01)	6.866257e+00 6.039449e+00 6.878254e+00 6.032703e+00 : 8.605554e-01
19484(1002) (1.87e+00 1.43e+00) XE:1.43e-01 (1.21e+00 1.22e+00 | 6.92e-01 7.25e-01)	6.866145e+00 6.039308e+00 6.878114e+00 6.032773e+00 : 8.605447e-01
19519(987) (1.67e+00 1.43e+00) XE:1.43e-01 (1.23e+00 1.22e+00 | 7.37e-01 7.25e-01)	6.865891e+00 6.039195e+00 6.878036e+00 6.032651e+00 : 8.605258e-01
19554(1010) (1.21e+00 1.43e+00) XE:1.43e-01 (1.20e+00 1.22e+00 | 6.18e-01 7.25e-01)	6.865852e+00 6.039118e+00 6.878042e+00 6.032706e+00 : 8.605240e-01
19589(1001) (1.26e+00 1.43e+00) XE:1.43e-01 (1.22e+00 1.22e+00 | 7.45e-01 7.25e-01)	6.865838e+00 6.039243e+00 6.878104e+00 6.032704e+00 : 8.605296e-01
19624(993) (1.12e+00 1.43e+00) XE:1.43e-01 (1.25e+00 1.22e+00 | 7.49e-01 7.25e-01)	6.865659e+00 6.039116e+00 6.877905e+00 6.032728e+00 : 8.605136e-01
19659(994) (1.64e+00 1.43e+00) XE:1.43e-01 (1.19e+00 1.22e+00 | 7.23e-01 7.25e-01)	6.865650e+00 6.039097e+00 6.877884e+00 6.032802e+00 : 8.605144e-01
19693(1002) (1.44e+00 1.43e+00) XE:1.43e-01 (1.23e+00 1.22e+00 | 7.63e-01 7.25e-01)	6.865524e+00 6.038968e+00 6.877843e+00 6.032706e+00 : 8.605014e-01
19728(994) (1.65e+00 1.43e+00) XE:1.43e-01 (1.23e+00 1.22e+00 | 6.90e-01 7.25e-01)	6.865686e+00 6.039039e+00 6.877660e+00 6.032725e+00 : 8.605036e-01
19763(1005) (1.14e+00 1.43e+00) XE:1.43e-01 (1.24e+00 1.22e+00 | 7.39e-01 7.25e-01)	6.865689e+00 6.038945e+00 6.877737e+00 6.032748e+00 : 8.605039e-01
19798(994) (1.63e+00 1.43e+00) XE:1.43e-01 (1.22e+00 1.22e+00 | 7.57e-01 7.25e-01)	6.865591e+00 6.038965e+00 6.877622e+00 6.032518e+00 : 8.604898e-01
19833(995) (1.49e+00 1.43e+00) XE:1.43e-01 (1.25e+00 1.22e+00 | 7.37e-01 7.25e-01)	6.865784e+00 6.039025e+00 6.877501e+00 6.032582e+00 : 8.604964e-01
19868(998) (1.10e+00 1.43e+00) XE:1.43e-01 (1.22e+00 1.22e+00 | 7.37e-01 7.25e-01)	6.865644e+00 6.039012e+00 6.877496e+00 6.032552e+00 : 8.604901e-01
19903(1018) (9.85e-01 1.43e+00) XE:1.43e-01 (1.18e+00 1.22e+00 | 7.23e-01 7.25e-01)	6.865538e+00 6.038975e+00 6.877381e+00 6.032491e+00 : 8.604795e-01
19938(995) (1.06e+00 1.43e+00) XE:1.43e-01 (1.26e+00 1.22e+00 | 7.51e-01 7.25e-01)	6.865383e+00 6.038932e+00 6.877340e+00 6.032465e+00 : 8.604706e-01
19972(1004) (1.43e+00 1.43e+00) XE:1.43e-01 (1.23e+00 1.22e+00 | 6.70e-01 7.25e-01)	6.865406e+00 6.038870e+00 6.877306e+00 6.032488e+00 : 8.604690e-01
20000(998) (1.63e+00 1.43e+00) XE:1.43e-01 (1.25e+00 1.22e+00 | 7.41e-01 7.25e-01)	6.865423e+00 6.038885e+00 6.877218e+00 6.032444e+00 : 8.604657e-01
RL cnt: 0,13190686,2793434,350683,34043,2632,0,0,0,0,0,0,0,0,0,0,
BL cnt: 0,0,0,0,0,0,177190,0,3239942,0,12987640,0,3237867,0,177361,0,0,0,0,0,0,
6.865423e+00 6.038885e+00 6.877218e+00 6.032444e+00 : 8.604657e-01
# InnerCodebook: deleted
# NBIDSchannel: deleted
# Gtable: deleted
# FBalg4: deleted
# StatICB: deleted
