# (Pid,Ps)=(2.500000e-02,1.000000e-02) Nseg=1000 WinSize=10 [0]
# InnerCB: ICB/marker/5_1_0.bin
# Gtable:  Gtable/1/025_010.bin
# InnerCodebook: beta=1(4) nu=6
# InnerCodebook: B(B2p)=2(4) 2(4) 2(4) 2(4) 2(4) 0(1) 
# InnerCodebook: checked CWM, EncMap, DecMap
# beta=1(4) N=1000 Dmax=30
# NBIDSchannel: N=1000 Q=4 Dmax=30 (Pid,Ps)=(2.500000e-02,1.000000e-02)
# FBalg4: Nseg=1000 Dmax=30(w=61)
# FBalg4: Gtable: Gtable/1/025_010.bin
# Gtable: beta=1 (Pid,Ps,Ptrn)=(2.500000e-02,1.000000e-02,9.500000e-01) Pth=1.000000e-10
# Gtable: beta4p=4 beta4pp=16
# Gtable::Gtable len=0 cnt=4
# Gtable::Gtable len=1 cnt=16
# Gtable::Gtable len=2 cnt=64
# FBalg4: beta=1(4) (Pid,Ps)=(2.500000e-02,1.000000e-02) Pth=1.000000e-10 N=1000
0916(996) (3.53e-01 5.42e-01) XE:2.71e-01 (1.35e+00 1.33e+00 | 2.60e+00 2.64e+00)
1878(1007) (3.90e-01 5.35e-01) XE:2.68e-01 (1.30e+00 1.33e+00 | 2.50e+00 2.64e+00)
2841(992) (5.31e-01 5.36e-01) XE:2.68e-01 (1.31e+00 1.33e+00 | 2.54e+00 2.64e+00)
3803(990) (4.15e-01 5.36e-01) XE:2.68e-01 (1.34e+00 1.33e+00 | 2.77e+00 2.64e+00)
4766(1004) (6.19e-01 5.35e-01) XE:2.68e-01 (1.34e+00 1.33e+00 | 2.37e+00 2.64e+00)
5727(1011) (4.67e-01 5.33e-01) XE:2.67e-01 (1.32e+00 1.33e+00 | 2.58e+00 2.64e+00)
6690(995) (4.79e-01 5.32e-01) XE:2.66e-01 (1.32e+00 1.33e+00 | 2.66e+00 2.64e+00)
7652(1005) (4.52e-01 5.31e-01) XE:2.66e-01 (1.33e+00 1.33e+00 | 2.68e+00 2.64e+00)
8614(1002) (3.69e-01 5.31e-01) XE:2.65e-01 (1.36e+00 1.33e+00 | 2.37e+00 2.64e+00)
9576(999) (4.53e-01 5.30e-01) XE:2.65e-01 (1.31e+00 1.33e+00 | 2.64e+00 2.64e+00)
10000(1001) (7.32e-01 5.30e-01) XE:2.65e-01 (1.31e+00 1.33e+00 | 2.28e+00 2.64e+00)
RL cnt: 0,5622370,1403233,350423,87409,23383,3622,1597,596,183,59,5,1,1,1,0,
BL cnt: 31772,0,262948,0,953860,0,1988136,0,2622461,0,2256509,0,1264260,0,440000,0,83709,0,6345,0,0,
# InnerCodebook: deleted
# NBIDSchannel: deleted
# Gtable: deleted
# FBalg4: deleted
