# (Pid,Ps)=(3.000000e-02,1.000000e-02) Nseg=1000 WinSize=10 [0]
# InnerCB: ICB/marker/5_1_0.bin
# Gtable:  Gtable/1/030_010.bin
# InnerCodebook: beta=1(4) nu=6
# InnerCodebook: B(B2p)=2(4) 2(4) 2(4) 2(4) 2(4) 0(1) 
# InnerCodebook: checked CWM, EncMap, DecMap
# beta=1(4) N=1000 Dmax=35
# NBIDSchannel: N=1000 Q=4 Dmax=35 (Pid,Ps)=(3.000000e-02,1.000000e-02)
# FBalg4: Nseg=1000 Dmax=35(w=71)
# FBalg4: Gtable: Gtable/1/030_010.bin
# Gtable: beta=1 (Pid,Ps,Ptrn)=(3.000000e-02,1.000000e-02,9.400000e-01) Pth=1.000000e-10
# Gtable: beta4p=4 beta4pp=16
# Gtable::Gtable len=0 cnt=4
# Gtable::Gtable len=1 cnt=16
# Gtable::Gtable len=2 cnt=64
# FBalg4: beta=1(4) (Pid,Ps)=(3.000000e-02,1.000000e-02) Pth=1.000000e-10 N=1000
0666(1003) (4.27e-01 6.47e-01) XE:3.24e-01 (1.31e+00 1.33e+00 | 2.35e+00 2.65e+00)
1389(1006) (5.01e-01 6.43e-01) XE:3.22e-01 (1.29e+00 1.33e+00 | 2.56e+00 2.64e+00)
2112(998) (8.25e-01 6.46e-01) XE:3.23e-01 (1.35e+00 1.33e+00 | 2.69e+00 2.64e+00)
2834(999) (5.90e-01 6.45e-01) XE:3.23e-01 (1.34e+00 1.33e+00 | 2.71e+00 2.64e+00)
3557(997) (6.72e-01 6.47e-01) XE:3.23e-01 (1.34e+00 1.33e+00 | 2.56e+00 2.64e+00)
4281(1004) (5.87e-01 6.46e-01) XE:3.23e-01 (1.31e+00 1.33e+00 | 2.32e+00 2.64e+00)
5004(998) (4.35e-01 6.47e-01) XE:3.24e-01 (1.33e+00 1.33e+00 | 2.52e+00 2.64e+00)
5727(1002) (5.39e-01 6.46e-01) XE:3.23e-01 (1.32e+00 1.33e+00 | 2.62e+00 2.64e+00)
6450(1017) (6.51e-01 6.47e-01) XE:3.23e-01 (1.31e+00 1.33e+00 | 2.57e+00 2.64e+00)
7173(1003) (8.25e-01 6.47e-01) XE:3.23e-01 (1.32e+00 1.33e+00 | 2.89e+00 2.64e+00)
7897(1005) (4.62e-01 6.47e-01) XE:3.24e-01 (1.35e+00 1.33e+00 | 3.02e+00 2.64e+00)
8620(1008) (3.59e-01 6.46e-01) XE:3.23e-01 (1.29e+00 1.33e+00 | 2.55e+00 2.64e+00)
9343(1003) (6.08e-01 6.45e-01) XE:3.23e-01 (1.34e+00 1.33e+00 | 2.64e+00 2.64e+00)
10000(1004) (6.83e-01 6.45e-01) XE:3.23e-01 (1.30e+00 1.33e+00 | 2.61e+00 2.64e+00)
RL cnt: 0,5624482,1401685,350009,88101,23217,3720,1594,548,166,62,16,5,0,0,0,
BL cnt: 31665,0,264007,0,953812,0,1987284,0,2619648,0,2259543,0,1264770,0,438523,0,84112,0,6636,0,0,
# InnerCodebook: deleted
# NBIDSchannel: deleted
# Gtable: deleted
# FBalg4: deleted
