# (Pid,Ps)=(4.000000e-02,1.000000e-03) Nseg=1000 WinSize=10 [0]
# InnerCB: ICB/marker/5_1_0.bin
# Gtable:  Gtable/1/040_001.bin
# InnerCodebook: beta=1(4) nu=6
# InnerCodebook: B(B2p)=2(4) 2(4) 2(4) 2(4) 2(4) 0(1) 
# InnerCodebook: checked CWM, EncMap, DecMap
# beta=1(4) N=1000 Dmax=45
# NBIDSchannel: N=1000 Q=4 Dmax=45 (Pid,Ps)=(4.000000e-02,1.000000e-03)
# FBalg4: Nseg=1000 Dmax=45(w=91)
# FBalg4: Gtable: Gtable/1/040_001.bin
# Gtable: beta=1 (Pid,Ps,Ptrn)=(4.000000e-02,1.000000e-03,9.200000e-01) Pth=1.000000e-10
# Gtable: beta4p=4 beta4pp=16
# Gtable::Gtable len=0 cnt=4
# Gtable::Gtable len=1 cnt=16
# Gtable::Gtable len=2 cnt=64
# FBalg4: beta=1(4) (Pid,Ps)=(4.000000e-02,1.000000e-03) Pth=1.000000e-10 N=1000
0405(1003) (6.16e-01 8.21e-01) XE:4.10e-01 (1.36e+00 1.33e+00 | 2.79e+00 2.64e+00)
0813(994) (5.87e-01 7.97e-01) XE:3.99e-01 (1.31e+00 1.33e+00 | 2.57e+00 2.64e+00)
1222(1010) (5.77e-01 8.00e-01) XE:4.00e-01 (1.32e+00 1.33e+00 | 2.56e+00 2.64e+00)
1630(1002) (5.54e-01 8.01e-01) XE:4.00e-01 (1.31e+00 1.33e+00 | 2.26e+00 2.64e+00)
2039(1003) (7.70e-01 7.99e-01) XE:3.99e-01 (1.30e+00 1.33e+00 | 2.71e+00 2.64e+00)
2447(1001) (5.04e-01 7.97e-01) XE:3.99e-01 (1.36e+00 1.33e+00 | 2.66e+00 2.64e+00)
2855(1006) (8.56e-01 7.96e-01) XE:3.98e-01 (1.32e+00 1.33e+00 | 2.68e+00 2.64e+00)
3264(1011) (5.21e-01 7.99e-01) XE:3.99e-01 (1.36e+00 1.33e+00 | 2.73e+00 2.64e+00)
3672(1011) (6.72e-01 7.98e-01) XE:3.99e-01 (1.32e+00 1.33e+00 | 2.82e+00 2.64e+00)
4080(1019) (5.65e-01 7.98e-01) XE:3.99e-01 (1.34e+00 1.33e+00 | 2.34e+00 2.64e+00)
4488(1006) (5.70e-01 7.97e-01) XE:3.98e-01 (1.36e+00 1.33e+00 | 2.59e+00 2.64e+00)
4896(993) (5.46e-01 7.94e-01) XE:3.97e-01 (1.31e+00 1.33e+00 | 2.70e+00 2.64e+00)
5303(1000) (7.39e-01 7.94e-01) XE:3.97e-01 (1.32e+00 1.33e+00 | 2.64e+00 2.64e+00)
5711(998) (5.79e-01 7.95e-01) XE:3.97e-01 (1.31e+00 1.33e+00 | 2.76e+00 2.64e+00)
6119(992) (7.22e-01 7.94e-01) XE:3.97e-01 (1.37e+00 1.33e+00 | 2.67e+00 2.64e+00)
6527(999) (6.18e-01 7.93e-01) XE:3.97e-01 (1.33e+00 1.33e+00 | 2.42e+00 2.64e+00)
6935(1007) (5.29e-01 7.93e-01) XE:3.97e-01 (1.32e+00 1.33e+00 | 2.79e+00 2.64e+00)
7344(1006) (5.20e-01 7.94e-01) XE:3.97e-01 (1.36e+00 1.33e+00 | 2.74e+00 2.64e+00)
7752(1002) (5.99e-01 7.93e-01) XE:3.96e-01 (1.35e+00 1.33e+00 | 2.71e+00 2.64e+00)
8161(998) (5.47e-01 7.93e-01) XE:3.96e-01 (1.28e+00 1.33e+00 | 2.49e+00 2.64e+00)
8569(998) (1.25e+00 7.93e-01) XE:3.96e-01 (1.35e+00 1.33e+00 | 2.50e+00 2.64e+00)
8978(987) (9.35e-01 7.92e-01) XE:3.96e-01 (1.28e+00 1.33e+00 | 2.46e+00 2.64e+00)
9386(989) (7.59e-01 7.92e-01) XE:3.96e-01 (1.31e+00 1.33e+00 | 2.54e+00 2.64e+00)
9795(987) (6.21e-01 7.92e-01) XE:3.96e-01 (1.33e+00 1.33e+00 | 2.79e+00 2.64e+00)
10000(1005) (1.16e+00 7.92e-01) XE:3.96e-01 (1.34e+00 1.33e+00 | 2.79e+00 2.64e+00)
RL cnt: 0,5621038,1403327,350648,87566,23337,3630,1606,572,180,64,21,3,0,0,0,
BL cnt: 32630,0,263907,0,952423,0,1983734,0,2616190,0,2261700,0,1269137,0,439186,0,84476,0,6617,0,0,
# InnerCodebook: deleted
# NBIDSchannel: deleted
# Gtable: deleted
# FBalg4: deleted
