# (Pid,Ps)=(4.500000e-02,1.000000e-02) Nseg=1000 WinSize=10 [0]
# InnerCB: ICB/marker/5_1_0.bin
# Gtable:  Gtable/1/045_010.bin
# InnerCodebook: beta=1(4) nu=6
# InnerCodebook: B(B2p)=2(4) 2(4) 2(4) 2(4) 2(4) 0(1) 
# InnerCodebook: checked CWM, EncMap, DecMap
# beta=1(4) N=1000 Dmax=50
# NBIDSchannel: N=1000 Q=4 Dmax=50 (Pid,Ps)=(4.500000e-02,1.000000e-02)
# FBalg4: Nseg=1000 Dmax=50(w=101)
# FBalg4: Gtable: Gtable/1/045_010.bin
# Gtable: beta=1 (Pid,Ps,Ptrn)=(4.500000e-02,1.000000e-02,9.100000e-01) Pth=1.000000e-10
# Gtable: beta4p=4 beta4pp=16
# Gtable::Gtable len=0 cnt=4
# Gtable::Gtable len=1 cnt=16
# Gtable::Gtable len=2 cnt=64
# FBalg4: beta=1(4) (Pid,Ps)=(4.500000e-02,1.000000e-02) Pth=1.000000e-10 N=1000
0325(996) (1.08e+00 9.95e-01) XE:4.98e-01 (1.32e+00 1.33e+00 | 2.57e+00 2.65e+00)
0670(991) (8.23e-01 9.76e-01) XE:4.88e-01 (1.30e+00 1.33e+00 | 2.40e+00 2.65e+00)
1015(995) (1.12e+00 9.75e-01) XE:4.87e-01 (1.28e+00 1.33e+00 | 2.27e+00 2.64e+00)
1361(999) (1.11e+00 9.76e-01) XE:4.88e-01 (1.36e+00 1.33e+00 | 2.87e+00 2.64e+00)
1705(998) (8.71e-01 9.78e-01) XE:4.89e-01 (1.33e+00 1.33e+00 | 2.79e+00 2.64e+00)
2051(1001) (1.49e+00 9.79e-01) XE:4.89e-01 (1.32e+00 1.33e+00 | 2.56e+00 2.64e+00)
2396(998) (7.58e-01 9.82e-01) XE:4.91e-01 (1.31e+00 1.33e+00 | 2.53e+00 2.64e+00)
2741(1011) (1.18e+00 9.80e-01) XE:4.90e-01 (1.31e+00 1.33e+00 | 2.71e+00 2.64e+00)
3086(998) (8.13e-01 9.79e-01) XE:4.89e-01 (1.32e+00 1.33e+00 | 2.71e+00 2.64e+00)
3432(982) (1.11e+00 9.77e-01) XE:4.88e-01 (1.35e+00 1.33e+00 | 2.69e+00 2.64e+00)
3777(993) (1.20e+00 9.79e-01) XE:4.89e-01 (1.30e+00 1.33e+00 | 2.41e+00 2.64e+00)
4122(994) (7.55e-01 9.78e-01) XE:4.89e-01 (1.31e+00 1.33e+00 | 2.65e+00 2.64e+00)
4478(972) (9.23e-01 9.79e-01) XE:4.90e-01 (1.35e+00 1.33e+00 | 2.96e+00 2.64e+00)
4830(1005) (8.95e-01 9.77e-01) XE:4.89e-01 (1.31e+00 1.33e+00 | 2.68e+00 2.64e+00)
5176(996) (7.30e-01 9.76e-01) XE:4.88e-01 (1.33e+00 1.33e+00 | 2.82e+00 2.64e+00)
5521(999) (8.95e-01 9.77e-01) XE:4.88e-01 (1.28e+00 1.33e+00 | 2.60e+00 2.64e+00)
5867(1001) (9.53e-01 9.76e-01) XE:4.88e-01 (1.33e+00 1.33e+00 | 2.62e+00 2.64e+00)
6213(992) (1.12e+00 9.76e-01) XE:4.88e-01 (1.37e+00 1.33e+00 | 2.48e+00 2.64e+00)
6559(993) (1.09e+00 9.76e-01) XE:4.88e-01 (1.31e+00 1.33e+00 | 2.88e+00 2.64e+00)
6905(1000) (1.15e+00 9.76e-01) XE:4.88e-01 (1.32e+00 1.33e+00 | 2.68e+00 2.64e+00)
7251(998) (7.78e-01 9.77e-01) XE:4.89e-01 (1.31e+00 1.33e+00 | 2.66e+00 2.64e+00)
7596(989) (1.21e+00 9.77e-01) XE:4.89e-01 (1.34e+00 1.33e+00 | 2.39e+00 2.64e+00)
7942(1007) (1.04e+00 9.77e-01) XE:4.89e-01 (1.31e+00 1.33e+00 | 2.53e+00 2.64e+00)
8288(991) (1.04e+00 9.78e-01) XE:4.89e-01 (1.34e+00 1.33e+00 | 2.46e+00 2.64e+00)
8634(1006) (2.13e+00 9.79e-01) XE:4.90e-01 (1.36e+00 1.33e+00 | 2.84e+00 2.64e+00)
8979(1003) (1.44e+00 9.79e-01) XE:4.90e-01 (1.29e+00 1.33e+00 | 2.70e+00 2.64e+00)
9325(1013) (8.20e-01 9.79e-01) XE:4.90e-01 (1.32e+00 1.33e+00 | 2.55e+00 2.64e+00)
9670(993) (1.44e+00 9.80e-01) XE:4.90e-01 (1.33e+00 1.33e+00 | 2.67e+00 2.64e+00)
10000(1003) (7.94e-01 9.80e-01) XE:4.90e-01 (1.38e+00 1.33e+00 | 2.84e+00 2.64e+00)
RL cnt: 0,5619521,1403941,350659,88062,23118,3552,1596,561,176,62,17,3,1,0,0,
BL cnt: 31512,0,263233,0,952639,0,1984307,0,2618258,0,2261959,0,1268539,0,439411,0,83780,0,6362,0,0,
# InnerCodebook: deleted
# NBIDSchannel: deleted
# Gtable: deleted
# FBalg4: deleted
