# (Pid,Ps)=(4.500000e-02,1.000000e-03) Nseg=1000 WinSize=10 [0]
# InnerCB: ICB/marker/5_1_0.bin
# Gtable:  Gtable/1/045_001.bin
# InnerCodebook: beta=1(4) nu=6
# InnerCodebook: B(B2p)=2(4) 2(4) 2(4) 2(4) 2(4) 0(1) 
# InnerCodebook: checked CWM, EncMap, DecMap
# beta=1(4) N=1000 Dmax=50
# NBIDSchannel: N=1000 Q=4 Dmax=50 (Pid,Ps)=(4.500000e-02,1.000000e-03)
# FBalg4: Nseg=1000 Dmax=50(w=101)
# FBalg4: Gtable: Gtable/1/045_001.bin
# Gtable: beta=1 (Pid,Ps,Ptrn)=(4.500000e-02,1.000000e-03,9.100000e-01) Pth=1.000000e-10
# Gtable: beta4p=4 beta4pp=16
# Gtable::Gtable len=0 cnt=4
# Gtable::Gtable len=1 cnt=16
# Gtable::Gtable len=2 cnt=64
# FBalg4: beta=1(4) (Pid,Ps)=(4.500000e-02,1.000000e-03) Pth=1.000000e-10 N=1000
0315(977) (7.79e-01 9.31e-01) XE:4.66e-01 (1.35e+00 1.33e+00 | 2.86e+00 2.66e+00)
0646(1009) (8.69e-01 9.19e-01) XE:4.60e-01 (1.35e+00 1.33e+00 | 2.70e+00 2.65e+00)
0977(1011) (5.73e-01 9.20e-01) XE:4.60e-01 (1.36e+00 1.33e+00 | 2.67e+00 2.64e+00)
1308(1007) (6.99e-01 9.16e-01) XE:4.58e-01 (1.32e+00 1.33e+00 | 2.99e+00 2.65e+00)
1639(996) (8.02e-01 9.16e-01) XE:4.58e-01 (1.31e+00 1.33e+00 | 2.68e+00 2.65e+00)
1970(998) (6.03e-01 9.14e-01) XE:4.57e-01 (1.34e+00 1.33e+00 | 2.67e+00 2.64e+00)
2302(1010) (1.34e+00 9.14e-01) XE:4.57e-01 (1.39e+00 1.33e+00 | 2.67e+00 2.64e+00)
2633(1011) (6.39e-01 9.15e-01) XE:4.58e-01 (1.31e+00 1.33e+00 | 2.52e+00 2.64e+00)
2964(1003) (1.10e+00 9.14e-01) XE:4.57e-01 (1.33e+00 1.33e+00 | 2.54e+00 2.64e+00)
3295(1005) (9.30e-01 9.11e-01) XE:4.56e-01 (1.32e+00 1.33e+00 | 2.61e+00 2.64e+00)
3626(995) (6.97e-01 9.13e-01) XE:4.56e-01 (1.35e+00 1.33e+00 | 2.66e+00 2.64e+00)
3957(991) (9.34e-01 9.13e-01) XE:4.56e-01 (1.33e+00 1.33e+00 | 2.79e+00 2.64e+00)
4289(1004) (2.17e+00 9.11e-01) XE:4.55e-01 (1.33e+00 1.33e+00 | 2.78e+00 2.64e+00)
4620(1005) (7.36e-01 9.10e-01) XE:4.55e-01 (1.34e+00 1.33e+00 | 2.77e+00 2.64e+00)
4951(1007) (6.72e-01 9.09e-01) XE:4.55e-01 (1.35e+00 1.33e+00 | 2.73e+00 2.64e+00)
5282(1009) (6.08e-01 9.08e-01) XE:4.54e-01 (1.31e+00 1.33e+00 | 2.43e+00 2.64e+00)
5613(997) (8.33e-01 9.09e-01) XE:4.54e-01 (1.38e+00 1.33e+00 | 2.61e+00 2.64e+00)
5944(1008) (7.98e-01 9.09e-01) XE:4.55e-01 (1.34e+00 1.33e+00 | 2.65e+00 2.64e+00)
6275(1006) (1.22e+00 9.08e-01) XE:4.54e-01 (1.36e+00 1.33e+00 | 2.70e+00 2.64e+00)
6606(996) (7.01e-01 9.08e-01) XE:4.54e-01 (1.35e+00 1.33e+00 | 2.49e+00 2.64e+00)
6937(1012) (6.89e-01 9.08e-01) XE:4.54e-01 (1.35e+00 1.33e+00 | 2.71e+00 2.64e+00)
7268(997) (6.84e-01 9.07e-01) XE:4.53e-01 (1.35e+00 1.33e+00 | 3.02e+00 2.64e+00)
7599(1004) (9.03e-01 9.06e-01) XE:4.53e-01 (1.37e+00 1.33e+00 | 2.78e+00 2.64e+00)
7931(1007) (7.22e-01 9.06e-01) XE:4.53e-01 (1.36e+00 1.33e+00 | 2.79e+00 2.64e+00)
8262(986) (1.21e+00 9.06e-01) XE:4.53e-01 (1.32e+00 1.33e+00 | 2.68e+00 2.64e+00)
8593(976) (1.14e+00 9.05e-01) XE:4.53e-01 (1.32e+00 1.33e+00 | 2.53e+00 2.64e+00)
8924(1001) (1.04e+00 9.04e-01) XE:4.52e-01 (1.31e+00 1.33e+00 | 2.46e+00 2.64e+00)
9255(994) (6.51e-01 9.04e-01) XE:4.52e-01 (1.39e+00 1.33e+00 | 2.58e+00 2.64e+00)
9587(1018) (1.18e+00 9.04e-01) XE:4.52e-01 (1.34e+00 1.33e+00 | 2.72e+00 2.64e+00)
9918(987) (9.64e-01 9.04e-01) XE:4.52e-01 (1.34e+00 1.33e+00 | 2.71e+00 2.64e+00)
10000(993) (1.25e+00 9.04e-01) XE:4.52e-01 (1.34e+00 1.33e+00 | 2.45e+00 2.64e+00)
RL cnt: 0,5621463,1403083,350887,87640,23063,3720,1596,564,183,70,12,6,2,1,0,
BL cnt: 31590,0,264096,0,955707,0,1986888,0,2618088,0,2257885,0,1267413,0,437922,0,84135,0,6276,0,0,
# InnerCodebook: deleted
# NBIDSchannel: deleted
# Gtable: deleted
# FBalg4: deleted
