# (Pid,Ps)=(3.000000e-02,1.000000e-02) Nseg=200 WinSize=10 lmd=1 [0]
# InnerCB: ../search03/ICB/H10.bin
# Gtable:  Gtable/5/030_010.bin
# InnerCodebook: beta=5(1024) nu=2
# InnerCodebook: B(B2p)=8(256) 7(128) 
# InnerCodebook: checked CWM, EncMap, DecMap
# beta=5(1024) nu=2 N=1000 Dmax=35 WCmax=10000
# B=8,7,
# NBIDSchannel: N=1000 Q=4 Dmax=35 (Pid,Ps)=(3.000000e-02,1.000000e-02)
# FBalg4: Nseg=200 Dmax=35(w=71)
# FBalg4: Gtable: Gtable/5/030_010.bin
# Gtable: beta=5 (Pid,Ps,Ptrn)=(3.000000e-02,1.000000e-02,9.400000e-01) Pth=1.000000e-10
# Gtable: beta4p=1024 beta4pp=1048576
# Gtable::Gtable len=0 cnt=1024
# Gtable::Gtable len=1 cnt=4096
# Gtable::Gtable len=2 cnt=16384
# Gtable::Gtable len=3 cnt=65536
# Gtable::Gtable len=4 cnt=241636
# Gtable::Gtable len=5 cnt=779284
# Gtable::Gtable len=6 cnt=1541824
# Gtable::Gtable len=7 cnt=1451416
# Gtable::Gtable len=8 cnt=1264036
# Gtable::Gtable len=9 cnt=100348
# Gtable::Gtable len=10 cnt=1024
# FBalg4: beta=5(1024) (Pid,Ps)=(3.000000e-02,1.000000e-02) Pth=1.000000e-10 N=1000
# StatICB: nu=2 beta=5 beta4p=1024 Bsum=15 lmd=1
# StatICB: B=8,7,
0022(993) (1.98e+00 2.11e+00) XE:2.11e-01 (1.24e+00 1.22e+00 | 6.64e-01 6.49e-01)	7.299144e+00 6.390152e+00 : 9.126198e-01
0044(985) (2.00e+00 2.10e+00) XE:2.10e-01 (1.23e+00 1.22e+00 | 6.68e-01 6.49e-01)	7.149687e+00 6.261819e+00 : 8.941004e-01
0067(1006) (1.78e+00 2.08e+00) XE:2.08e-01 (1.23e+00 1.22e+00 | 6.20e-01 6.46e-01)	7.047826e+00 6.137254e+00 : 8.790054e-01
0089(1008) (2.01e+00 2.07e+00) XE:2.07e-01 (1.23e+00 1.22e+00 | 6.07e-01 6.46e-01)	6.955929e+00 6.047952e+00 : 8.669254e-01
0112(994) (2.10e+00 2.06e+00) XE:2.06e-01 (1.19e+00 1.22e+00 | 6.40e-01 6.45e-01)	6.905268e+00 5.988632e+00 : 8.595933e-01
0134(1001) (2.05e+00 2.06e+00) XE:2.06e-01 (1.20e+00 1.22e+00 | 6.24e-01 6.44e-01)	6.851544e+00 5.946467e+00 : 8.532007e-01
0157(1007) (2.17e+00 2.05e+00) XE:2.05e-01 (1.25e+00 1.22e+00 | 6.01e-01 6.44e-01)	6.811378e+00 5.908603e+00 : 8.479988e-01
0179(998) (1.92e+00 2.06e+00) XE:2.06e-01 (1.23e+00 1.22e+00 | 6.54e-01 6.43e-01)	6.771928e+00 5.875362e+00 : 8.431527e-01
0202(994) (2.08e+00 2.07e+00) XE:2.07e-01 (1.20e+00 1.22e+00 | 6.58e-01 6.43e-01)	6.734555e+00 5.843282e+00 : 8.385225e-01
0224(990) (2.42e+00 2.08e+00) XE:2.08e-01 (1.24e+00 1.22e+00 | 6.72e-01 6.44e-01)	6.701688e+00 5.815991e+00 : 8.345119e-01
0247(1004) (2.58e+00 2.08e+00) XE:2.08e-01 (1.21e+00 1.22e+00 | 6.40e-01 6.44e-01)	6.671394e+00 5.794093e+00 : 8.310324e-01
0270(994) (1.87e+00 2.07e+00) XE:2.07e-01 (1.19e+00 1.22e+00 | 6.72e-01 6.43e-01)	6.647079e+00 5.785995e+00 : 8.288716e-01
0292(1002) (1.90e+00 2.08e+00) XE:2.08e-01 (1.21e+00 1.22e+00 | 6.68e-01 6.43e-01)	6.619733e+00 5.763580e+00 : 8.255542e-01
0315(1011) (2.17e+00 2.08e+00) XE:2.08e-01 (1.23e+00 1.22e+00 | 6.68e-01 6.44e-01)	6.607147e+00 5.749741e+00 : 8.237926e-01
0337(1008) (2.28e+00 2.08e+00) XE:2.08e-01 (1.22e+00 1.22e+00 | 6.70e-01 6.44e-01)	6.589247e+00 5.735119e+00 : 8.216244e-01
0360(999) (1.67e+00 2.08e+00) XE:2.08e-01 (1.19e+00 1.22e+00 | 5.71e-01 6.44e-01)	6.578588e+00 5.720631e+00 : 8.199480e-01
0382(1001) (1.57e+00 2.08e+00) XE:2.08e-01 (1.23e+00 1.22e+00 | 6.12e-01 6.43e-01)	6.566155e+00 5.708369e+00 : 8.183016e-01
0405(1011) (1.54e+00 2.08e+00) XE:2.08e-01 (1.23e+00 1.22e+00 | 6.42e-01 6.43e-01)	6.550300e+00 5.700336e+00 : 8.167090e-01
0427(999) (2.49e+00 2.08e+00) XE:2.08e-01 (1.21e+00 1.22e+00 | 5.73e-01 6.42e-01)	6.537065e+00 5.689715e+00 : 8.151186e-01
0450(988) (2.43e+00 2.08e+00) XE:2.08e-01 (1.23e+00 1.22e+00 | 6.09e-01 6.42e-01)	6.527107e+00 5.679557e+00 : 8.137775e-01
0472(1000) (1.74e+00 2.08e+00) XE:2.08e-01 (1.22e+00 1.22e+00 | 6.70e-01 6.42e-01)	6.514007e+00 5.670229e+00 : 8.122824e-01
0495(1000) (2.14e+00 2.08e+00) XE:2.08e-01 (1.20e+00 1.22e+00 | 6.03e-01 6.42e-01)	6.506801e+00 5.663213e+00 : 8.113343e-01
0517(1001) (1.59e+00 2.08e+00) XE:2.08e-01 (1.21e+00 1.22e+00 | 6.76e-01 6.43e-01)	6.500816e+00 5.656902e+00 : 8.105146e-01
0540(994) (1.95e+00 2.08e+00) XE:2.08e-01 (1.23e+00 1.22e+00 | 6.68e-01 6.43e-01)	6.493168e+00 5.655051e+00 : 8.098812e-01
0562(996) (2.03e+00 2.07e+00) XE:2.07e-01 (1.19e+00 1.22e+00 | 6.44e-01 6.43e-01)	6.489649e+00 5.653173e+00 : 8.095214e-01
0585(1017) (2.20e+00 2.07e+00) XE:2.07e-01 (1.20e+00 1.22e+00 | 6.26e-01 6.42e-01)	6.483051e+00 5.649932e+00 : 8.088656e-01
0607(1007) (1.77e+00 2.07e+00) XE:2.07e-01 (1.21e+00 1.22e+00 | 6.28e-01 6.42e-01)	6.478935e+00 5.644654e+00 : 8.082393e-01
0630(993) (2.07e+00 2.07e+00) XE:2.07e-01 (1.21e+00 1.22e+00 | 6.86e-01 6.42e-01)	6.475492e+00 5.643408e+00 : 8.079267e-01
0653(1007) (2.36e+00 2.07e+00) XE:2.07e-01 (1.20e+00 1.22e+00 | 6.82e-01 6.42e-01)	6.467666e+00 5.642591e+00 : 8.073505e-01
0675(999) (2.05e+00 2.07e+00) XE:2.07e-01 (1.22e+00 1.22e+00 | 6.38e-01 6.42e-01)	6.464119e+00 5.639079e+00 : 8.068799e-01
0698(987) (2.26e+00 2.07e+00) XE:2.07e-01 (1.20e+00 1.22e+00 | 7.10e-01 6.43e-01)	6.453529e+00 5.632097e+00 : 8.057084e-01
0720(997) (2.05e+00 2.07e+00) XE:2.07e-01 (1.23e+00 1.22e+00 | 6.09e-01 6.43e-01)	6.450965e+00 5.629868e+00 : 8.053889e-01
0743(993) (1.96e+00 2.07e+00) XE:2.07e-01 (1.21e+00 1.22e+00 | 6.50e-01 6.43e-01)	6.449241e+00 5.628120e+00 : 8.051574e-01
0765(1000) (2.30e+00 2.07e+00) XE:2.07e-01 (1.20e+00 1.22e+00 | 6.09e-01 6.43e-01)	6.441934e+00 5.622398e+00 : 8.042888e-01
0788(999) (2.11e+00 2.06e+00) XE:2.06e-01 (1.21e+00 1.22e+00 | 6.20e-01 6.43e-01)	6.439523e+00 5.623467e+00 : 8.041993e-01
0810(1000) (2.09e+00 2.06e+00) XE:2.06e-01 (1.19e+00 1.22e+00 | 6.34e-01 6.43e-01)	6.434423e+00 5.620942e+00 : 8.036910e-01
0833(1001) (1.58e+00 2.06e+00) XE:2.06e-01 (1.21e+00 1.21e+00 | 6.66e-01 6.43e-01)	6.432196e+00 5.617234e+00 : 8.032953e-01
0855(1004) (2.38e+00 2.06e+00) XE:2.06e-01 (1.24e+00 1.21e+00 | 6.98e-01 6.43e-01)	6.427570e+00 5.615040e+00 : 8.028407e-01
0878(999) (2.44e+00 2.06e+00) XE:2.06e-01 (1.18e+00 1.21e+00 | 6.12e-01 6.43e-01)	6.423020e+00 5.609094e+00 : 8.021409e-01
0900(1012) (1.64e+00 2.06e+00) XE:2.06e-01 (1.23e+00 1.21e+00 | 6.05e-01 6.43e-01)	6.419074e+00 5.606409e+00 : 8.016989e-01
0923(1004) (1.54e+00 2.06e+00) XE:2.06e-01 (1.23e+00 1.21e+00 | 6.74e-01 6.44e-01)	6.415915e+00 5.602567e+00 : 8.012321e-01
0945(1007) (2.07e+00 2.06e+00) XE:2.06e-01 (1.20e+00 1.21e+00 | 5.81e-01 6.44e-01)	6.411011e+00 5.599479e+00 : 8.006993e-01
0968(999) (2.12e+00 2.06e+00) XE:2.06e-01 (1.21e+00 1.21e+00 | 6.56e-01 6.43e-01)	6.406922e+00 5.598762e+00 : 8.003789e-01
0990(1004) (2.30e+00 2.06e+00) XE:2.06e-01 (1.19e+00 1.21e+00 | 6.58e-01 6.43e-01)	6.403380e+00 5.596079e+00 : 7.999640e-01
1013(1010) (2.31e+00 2.07e+00) XE:2.07e-01 (1.19e+00 1.21e+00 | 7.04e-01 6.43e-01)	6.397020e+00 5.592217e+00 : 7.992825e-01
1035(1001) (2.19e+00 2.06e+00) XE:2.06e-01 (1.20e+00 1.21e+00 | 6.62e-01 6.43e-01)	6.393537e+00 5.591543e+00 : 7.990053e-01
1058(1000) (2.69e+00 2.07e+00) XE:2.07e-01 (1.22e+00 1.21e+00 | 7.31e-01 6.43e-01)	6.388572e+00 5.586961e+00 : 7.983688e-01
1080(997) (2.29e+00 2.07e+00) XE:2.07e-01 (1.20e+00 1.21e+00 | 6.50e-01 6.43e-01)	6.384946e+00 5.584951e+00 : 7.979931e-01
1103(999) (1.75e+00 2.07e+00) XE:2.07e-01 (1.20e+00 1.21e+00 | 6.56e-01 6.43e-01)	6.380479e+00 5.582829e+00 : 7.975539e-01
1125(1012) (1.94e+00 2.07e+00) XE:2.07e-01 (1.21e+00 1.21e+00 | 6.32e-01 6.43e-01)	6.376674e+00 5.580182e+00 : 7.971237e-01
1148(997) (1.64e+00 2.07e+00) XE:2.07e-01 (1.21e+00 1.21e+00 | 7.00e-01 6.43e-01)	6.373734e+00 5.579292e+00 : 7.968684e-01
1171(1001) (2.25e+00 2.07e+00) XE:2.07e-01 (1.21e+00 1.22e+00 | 6.26e-01 6.43e-01)	6.370731e+00 5.575852e+00 : 7.964389e-01
1193(993) (2.03e+00 2.07e+00) XE:2.07e-01 (1.22e+00 1.21e+00 | 6.82e-01 6.43e-01)	6.367958e+00 5.572457e+00 : 7.960277e-01
1216(988) (2.46e+00 2.07e+00) XE:2.07e-01 (1.23e+00 1.21e+00 | 6.46e-01 6.43e-01)	6.366893e+00 5.571053e+00 : 7.958631e-01
1238(984) (2.50e+00 2.07e+00) XE:2.07e-01 (1.22e+00 1.21e+00 | 6.36e-01 6.43e-01)	6.362184e+00 5.568706e+00 : 7.953927e-01
1261(1002) (2.16e+00 2.07e+00) XE:2.07e-01 (1.18e+00 1.21e+00 | 6.52e-01 6.43e-01)	6.360420e+00 5.567725e+00 : 7.952097e-01
1283(1001) (2.08e+00 2.07e+00) XE:2.07e-01 (1.22e+00 1.21e+00 | 6.32e-01 6.43e-01)	6.358065e+00 5.566279e+00 : 7.949562e-01
1306(996) (2.11e+00 2.07e+00) XE:2.07e-01 (1.21e+00 1.21e+00 | 6.60e-01 6.43e-01)	6.356024e+00 5.564639e+00 : 7.947108e-01
1328(1001) (2.53e+00 2.07e+00) XE:2.07e-01 (1.22e+00 1.21e+00 | 6.58e-01 6.44e-01)	6.354018e+00 5.564913e+00 : 7.945954e-01
1351(1011) (2.13e+00 2.07e+00) XE:2.07e-01 (1.21e+00 1.21e+00 | 5.89e-01 6.43e-01)	6.351631e+00 5.562755e+00 : 7.942924e-01
1373(1003) (2.01e+00 2.07e+00) XE:2.07e-01 (1.19e+00 1.21e+00 | 6.46e-01 6.43e-01)	6.348711e+00 5.561154e+00 : 7.939910e-01
1396(1000) (2.11e+00 2.07e+00) XE:2.07e-01 (1.23e+00 1.21e+00 | 6.62e-01 6.43e-01)	6.347242e+00 5.560418e+00 : 7.938439e-01
1418(1000) (2.14e+00 2.07e+00) XE:2.07e-01 (1.20e+00 1.21e+00 | 5.91e-01 6.43e-01)	6.345978e+00 5.559049e+00 : 7.936685e-01
1441(989) (2.22e+00 2.07e+00) XE:2.07e-01 (1.24e+00 1.21e+00 | 6.18e-01 6.43e-01)	6.343745e+00 5.557041e+00 : 7.933857e-01
1463(989) (2.49e+00 2.07e+00) XE:2.07e-01 (1.22e+00 1.21e+00 | 6.50e-01 6.43e-01)	6.340855e+00 5.555456e+00 : 7.930874e-01
1486(1001) (2.16e+00 2.07e+00) XE:2.07e-01 (1.22e+00 1.21e+00 | 6.66e-01 6.43e-01)	6.339346e+00 5.554361e+00 : 7.929138e-01
1509(994) (2.14e+00 2.07e+00) XE:2.07e-01 (1.20e+00 1.21e+00 | 6.62e-01 6.43e-01)	6.337978e+00 5.553584e+00 : 7.927708e-01
1531(1006) (1.93e+00 2.07e+00) XE:2.07e-01 (1.23e+00 1.21e+00 | 6.52e-01 6.43e-01)	6.335669e+00 5.551902e+00 : 7.925048e-01
1554(1007) (1.85e+00 2.07e+00) XE:2.07e-01 (1.23e+00 1.21e+00 | 6.07e-01 6.43e-01)	6.335696e+00 5.551409e+00 : 7.924737e-01
1576(1002) (2.06e+00 2.07e+00) XE:2.07e-01 (1.22e+00 1.21e+00 | 5.93e-01 6.43e-01)	6.331640e+00 5.548922e+00 : 7.920375e-01
1599(1005) (1.89e+00 2.07e+00) XE:2.07e-01 (1.22e+00 1.21e+00 | 5.75e-01 6.43e-01)	6.329831e+00 5.548037e+00 : 7.918579e-01
1621(993) (1.83e+00 2.07e+00) XE:2.07e-01 (1.21e+00 1.22e+00 | 6.46e-01 6.43e-01)	6.328541e+00 5.547517e+00 : 7.917372e-01
1644(1006) (2.63e+00 2.07e+00) XE:2.07e-01 (1.22e+00 1.22e+00 | 6.30e-01 6.43e-01)	6.325023e+00 5.544502e+00 : 7.913017e-01
1666(1005) (1.98e+00 2.07e+00) XE:2.07e-01 (1.20e+00 1.21e+00 | 5.79e-01 6.43e-01)	6.324065e+00 5.543076e+00 : 7.911427e-01
1689(996) (1.85e+00 2.07e+00) XE:2.07e-01 (1.22e+00 1.21e+00 | 6.38e-01 6.43e-01)	6.322051e+00 5.541515e+00 : 7.909044e-01
1711(990) (2.14e+00 2.07e+00) XE:2.07e-01 (1.26e+00 1.21e+00 | 6.05e-01 6.43e-01)	6.321787e+00 5.542135e+00 : 7.909282e-01
1734(1007) (2.02e+00 2.07e+00) XE:2.07e-01 (1.23e+00 1.21e+00 | 5.73e-01 6.43e-01)	6.321965e+00 5.542341e+00 : 7.909537e-01
1756(1010) (1.43e+00 2.07e+00) XE:2.07e-01 (1.18e+00 1.21e+00 | 6.78e-01 6.43e-01)	6.320094e+00 5.541646e+00 : 7.907826e-01
1779(983) (2.21e+00 2.07e+00) XE:2.07e-01 (1.21e+00 1.21e+00 | 6.54e-01 6.43e-01)	6.317515e+00 5.540366e+00 : 7.905254e-01
1801(996) (1.66e+00 2.07e+00) XE:2.07e-01 (1.21e+00 1.21e+00 | 6.40e-01 6.43e-01)	6.315426e+00 5.539577e+00 : 7.903336e-01
1824(1010) (2.21e+00 2.07e+00) XE:2.07e-01 (1.22e+00 1.21e+00 | 6.48e-01 6.43e-01)	6.315202e+00 5.539341e+00 : 7.903029e-01
1846(1007) (1.75e+00 2.07e+00) XE:2.07e-01 (1.21e+00 1.21e+00 | 5.87e-01 6.43e-01)	6.314450e+00 5.538665e+00 : 7.902077e-01
1869(993) (2.37e+00 2.07e+00) XE:2.07e-01 (1.21e+00 1.21e+00 | 6.22e-01 6.43e-01)	6.312887e+00 5.538412e+00 : 7.900866e-01
1892(1014) (1.68e+00 2.07e+00) XE:2.07e-01 (1.19e+00 1.21e+00 | 5.75e-01 6.43e-01)	6.311644e+00 5.537175e+00 : 7.899213e-01
1914(997) (2.45e+00 2.07e+00) XE:2.07e-01 (1.21e+00 1.21e+00 | 6.42e-01 6.43e-01)	6.310718e+00 5.537068e+00 : 7.898524e-01
1937(1004) (2.56e+00 2.07e+00) XE:2.07e-01 (1.21e+00 1.21e+00 | 6.78e-01 6.43e-01)	6.310815e+00 5.537770e+00 : 7.899057e-01
1959(999) (1.78e+00 2.07e+00) XE:2.07e-01 (1.18e+00 1.21e+00 | 6.34e-01 6.43e-01)	6.309959e+00 5.537954e+00 : 7.898609e-01
1982(1001) (2.08e+00 2.07e+00) XE:2.07e-01 (1.24e+00 1.21e+00 | 6.60e-01 6.43e-01)	6.310481e+00 5.537480e+00 : 7.898641e-01
2004(996) (2.48e+00 2.07e+00) XE:2.07e-01 (1.24e+00 1.21e+00 | 6.58e-01 6.43e-01)	6.308938e+00 5.536980e+00 : 7.897278e-01
2027(995) (1.91e+00 2.07e+00) XE:2.07e-01 (1.25e+00 1.21e+00 | 6.88e-01 6.43e-01)	6.307099e+00 5.536487e+00 : 7.895724e-01
2049(1006) (2.11e+00 2.07e+00) XE:2.07e-01 (1.24e+00 1.21e+00 | 6.09e-01 6.43e-01)	6.307078e+00 5.536262e+00 : 7.895560e-01
2072(995) (2.44e+00 2.07e+00) XE:2.07e-01 (1.22e+00 1.21e+00 | 6.48e-01 6.43e-01)	6.306337e+00 5.535546e+00 : 7.894588e-01
2094(990) (1.70e+00 2.07e+00) XE:2.07e-01 (1.20e+00 1.21e+00 | 6.40e-01 6.43e-01)	6.307017e+00 5.535538e+00 : 7.895037e-01
2117(1015) (1.86e+00 2.06e+00) XE:2.06e-01 (1.26e+00 1.21e+00 | 6.36e-01 6.43e-01)	6.306832e+00 5.535813e+00 : 7.895097e-01
2139(1011) (1.55e+00 2.07e+00) XE:2.07e-01 (1.24e+00 1.21e+00 | 6.50e-01 6.43e-01)	6.305581e+00 5.534324e+00 : 7.893270e-01
2162(987) (3.28e+00 2.07e+00) XE:2.07e-01 (1.17e+00 1.21e+00 | 6.24e-01 6.43e-01)	6.302599e+00 5.533188e+00 : 7.890525e-01
2184(1006) (2.08e+00 2.07e+00) XE:2.07e-01 (1.24e+00 1.21e+00 | 6.18e-01 6.43e-01)	6.301913e+00 5.532569e+00 : 7.889655e-01
2207(1015) (2.17e+00 2.07e+00) XE:2.07e-01 (1.21e+00 1.21e+00 | 5.89e-01 6.43e-01)	6.300940e+00 5.531939e+00 : 7.888586e-01
2229(1012) (2.05e+00 2.07e+00) XE:2.07e-01 (1.27e+00 1.22e+00 | 6.42e-01 6.43e-01)	6.300431e+00 5.532351e+00 : 7.888521e-01
2252(1003) (1.56e+00 2.06e+00) XE:2.06e-01 (1.25e+00 1.21e+00 | 7.31e-01 6.43e-01)	6.300446e+00 5.531427e+00 : 7.887915e-01
2274(996) (1.59e+00 2.06e+00) XE:2.06e-01 (1.24e+00 1.21e+00 | 6.26e-01 6.43e-01)	6.300834e+00 5.531323e+00 : 7.888105e-01
2297(1004) (1.53e+00 2.06e+00) XE:2.06e-01 (1.21e+00 1.21e+00 | 6.42e-01 6.43e-01)	6.300452e+00 5.531101e+00 : 7.887702e-01
2319(994) (2.48e+00 2.06e+00) XE:2.06e-01 (1.23e+00 1.22e+00 | 5.95e-01 6.43e-01)	6.298699e+00 5.529881e+00 : 7.885720e-01
2341(1010) (2.28e+00 2.06e+00) XE:2.06e-01 (1.23e+00 1.21e+00 | 6.52e-01 6.43e-01)	6.298743e+00 5.529139e+00 : 7.885255e-01
2363(981) (2.18e+00 2.06e+00) XE:2.06e-01 (1.19e+00 1.21e+00 | 6.60e-01 6.43e-01)	6.298911e+00 5.528622e+00 : 7.885022e-01
2386(1014) (1.63e+00 2.06e+00) XE:2.06e-01 (1.23e+00 1.21e+00 | 5.99e-01 6.43e-01)	6.298165e+00 5.528688e+00 : 7.884569e-01
2408(1000) (1.91e+00 2.06e+00) XE:2.06e-01 (1.21e+00 1.21e+00 | 6.60e-01 6.43e-01)	6.297335e+00 5.528317e+00 : 7.883768e-01
2430(998) (2.05e+00 2.06e+00) XE:2.06e-01 (1.19e+00 1.21e+00 | 5.69e-01 6.43e-01)	6.297639e+00 5.528492e+00 : 7.884087e-01
2452(1000) (1.67e+00 2.06e+00) XE:2.06e-01 (1.22e+00 1.21e+00 | 6.56e-01 6.43e-01)	6.297021e+00 5.528399e+00 : 7.883613e-01
2474(995) (2.02e+00 2.06e+00) XE:2.06e-01 (1.19e+00 1.21e+00 | 7.04e-01 6.43e-01)	6.297202e+00 5.528592e+00 : 7.883863e-01
2497(1007) (1.84e+00 2.06e+00) XE:2.06e-01 (1.20e+00 1.21e+00 | 6.64e-01 6.43e-01)	6.296901e+00 5.528589e+00 : 7.883660e-01
2519(995) (2.14e+00 2.06e+00) XE:2.06e-01 (1.23e+00 1.21e+00 | 6.26e-01 6.43e-01)	6.295832e+00 5.527367e+00 : 7.882133e-01
2541(1003) (1.89e+00 2.06e+00) XE:2.06e-01 (1.20e+00 1.21e+00 | 6.58e-01 6.43e-01)	6.295195e+00 5.526832e+00 : 7.881351e-01
2563(998) (2.55e+00 2.06e+00) XE:2.06e-01 (1.20e+00 1.21e+00 | 6.32e-01 6.43e-01)	6.294213e+00 5.525790e+00 : 7.880002e-01
2586(987) (2.58e+00 2.06e+00) XE:2.06e-01 (1.20e+00 1.21e+00 | 6.98e-01 6.43e-01)	6.293588e+00 5.524850e+00 : 7.878959e-01
2608(990) (2.68e+00 2.06e+00) XE:2.06e-01 (1.23e+00 1.21e+00 | 6.48e-01 6.43e-01)	6.293005e+00 5.523779e+00 : 7.877856e-01
2630(1008) (1.42e+00 2.06e+00) XE:2.06e-01 (1.23e+00 1.21e+00 | 6.54e-01 6.43e-01)	6.292810e+00 5.524036e+00 : 7.877897e-01
2652(1007) (1.87e+00 2.06e+00) XE:2.06e-01 (1.22e+00 1.21e+00 | 6.05e-01 6.43e-01)	6.292701e+00 5.523584e+00 : 7.877524e-01
2674(986) (1.81e+00 2.06e+00) XE:2.06e-01 (1.20e+00 1.21e+00 | 5.97e-01 6.43e-01)	6.292801e+00 5.523120e+00 : 7.877281e-01
2697(1007) (1.84e+00 2.06e+00) XE:2.06e-01 (1.21e+00 1.21e+00 | 6.96e-01 6.43e-01)	6.292051e+00 5.522671e+00 : 7.876481e-01
2719(985) (1.93e+00 2.06e+00) XE:2.06e-01 (1.21e+00 1.21e+00 | 6.24e-01 6.43e-01)	6.291088e+00 5.521890e+00 : 7.875319e-01
2741(1000) (2.23e+00 2.06e+00) XE:2.06e-01 (1.21e+00 1.21e+00 | 6.56e-01 6.43e-01)	6.290128e+00 5.521442e+00 : 7.874380e-01
2763(1006) (1.94e+00 2.06e+00) XE:2.06e-01 (1.23e+00 1.21e+00 | 5.89e-01 6.42e-01)	6.289021e+00 5.520732e+00 : 7.873169e-01
2785(987) (2.49e+00 2.06e+00) XE:2.06e-01 (1.19e+00 1.21e+00 | 6.12e-01 6.43e-01)	6.289351e+00 5.521220e+00 : 7.873714e-01
2808(997) (1.86e+00 2.06e+00) XE:2.06e-01 (1.19e+00 1.21e+00 | 5.97e-01 6.43e-01)	6.288884e+00 5.520977e+00 : 7.873241e-01
2830(1001) (1.75e+00 2.06e+00) XE:2.06e-01 (1.25e+00 1.21e+00 | 6.78e-01 6.42e-01)	6.289498e+00 5.521198e+00 : 7.873797e-01
2852(997) (2.23e+00 2.06e+00) XE:2.06e-01 (1.20e+00 1.21e+00 | 6.32e-01 6.42e-01)	6.287946e+00 5.520123e+00 : 7.872046e-01
2874(999) (2.19e+00 2.06e+00) XE:2.06e-01 (1.22e+00 1.21e+00 | 6.18e-01 6.42e-01)	6.286732e+00 5.519411e+00 : 7.870762e-01
2896(1012) (1.99e+00 2.06e+00) XE:2.06e-01 (1.22e+00 1.21e+00 | 7.02e-01 6.42e-01)	6.286187e+00 5.519078e+00 : 7.870177e-01
2919(998) (1.58e+00 2.06e+00) XE:2.06e-01 (1.23e+00 1.21e+00 | 6.58e-01 6.42e-01)	6.286296e+00 5.518879e+00 : 7.870117e-01
2941(999) (2.42e+00 2.06e+00) XE:2.06e-01 (1.21e+00 1.21e+00 | 6.32e-01 6.42e-01)	6.285293e+00 5.518213e+00 : 7.869004e-01
2963(993) (2.27e+00 2.06e+00) XE:2.06e-01 (1.22e+00 1.21e+00 | 6.12e-01 6.42e-01)	6.285001e+00 5.517612e+00 : 7.868409e-01
2985(990) (2.16e+00 2.06e+00) XE:2.06e-01 (1.20e+00 1.21e+00 | 6.70e-01 6.42e-01)	6.285137e+00 5.517243e+00 : 7.868253e-01
3008(1004) (1.95e+00 2.06e+00) XE:2.06e-01 (1.23e+00 1.21e+00 | 6.18e-01 6.42e-01)	6.283924e+00 5.516190e+00 : 7.866743e-01
3030(997) (1.99e+00 2.06e+00) XE:2.06e-01 (1.19e+00 1.21e+00 | 6.70e-01 6.42e-01)	6.283206e+00 5.516019e+00 : 7.866150e-01
3052(1002) (2.14e+00 2.06e+00) XE:2.06e-01 (1.19e+00 1.21e+00 | 6.22e-01 6.42e-01)	6.282716e+00 5.515827e+00 : 7.865696e-01
3074(1017) (1.52e+00 2.06e+00) XE:2.06e-01 (1.22e+00 1.21e+00 | 6.72e-01 6.42e-01)	6.282075e+00 5.515440e+00 : 7.865010e-01
3096(1014) (2.09e+00 2.06e+00) XE:2.06e-01 (1.22e+00 1.21e+00 | 6.50e-01 6.42e-01)	6.282286e+00 5.515359e+00 : 7.865096e-01
3119(1002) (1.77e+00 2.06e+00) XE:2.06e-01 (1.22e+00 1.21e+00 | 6.40e-01 6.42e-01)	6.282237e+00 5.515005e+00 : 7.864828e-01
3141(1013) (2.04e+00 2.06e+00) XE:2.06e-01 (1.20e+00 1.21e+00 | 6.46e-01 6.42e-01)	6.280818e+00 5.513916e+00 : 7.863156e-01
3163(995) (1.92e+00 2.06e+00) XE:2.06e-01 (1.21e+00 1.21e+00 | 6.68e-01 6.42e-01)	6.280871e+00 5.513939e+00 : 7.863207e-01
3185(1009) (1.89e+00 2.06e+00) XE:2.06e-01 (1.21e+00 1.21e+00 | 7.06e-01 6.43e-01)	6.279819e+00 5.513744e+00 : 7.862375e-01
3208(1007) (2.00e+00 2.06e+00) XE:2.06e-01 (1.24e+00 1.21e+00 | 7.37e-01 6.43e-01)	6.279044e+00 5.513477e+00 : 7.861681e-01
3230(1006) (2.11e+00 2.06e+00) XE:2.06e-01 (1.24e+00 1.21e+00 | 6.22e-01 6.43e-01)	6.279902e+00 5.513790e+00 : 7.862461e-01
3252(1008) (2.11e+00 2.06e+00) XE:2.06e-01 (1.18e+00 1.21e+00 | 5.83e-01 6.43e-01)	6.278954e+00 5.512941e+00 : 7.861264e-01
3274(996) (2.09e+00 2.06e+00) XE:2.06e-01 (1.23e+00 1.21e+00 | 6.48e-01 6.43e-01)	6.279178e+00 5.512211e+00 : 7.860926e-01
3296(1000) (2.15e+00 2.06e+00) XE:2.06e-01 (1.24e+00 1.21e+00 | 6.03e-01 6.43e-01)	6.279305e+00 5.512190e+00 : 7.860996e-01
3319(989) (1.96e+00 2.06e+00) XE:2.06e-01 (1.25e+00 1.21e+00 | 6.01e-01 6.43e-01)	6.278102e+00 5.511728e+00 : 7.859887e-01
3341(986) (2.07e+00 2.06e+00) XE:2.06e-01 (1.23e+00 1.21e+00 | 6.68e-01 6.43e-01)	6.278009e+00 5.511733e+00 : 7.859828e-01
3363(1003) (2.25e+00 2.06e+00) XE:2.06e-01 (1.21e+00 1.21e+00 | 7.14e-01 6.43e-01)	6.277759e+00 5.511162e+00 : 7.859281e-01
3385(1007) (1.75e+00 2.06e+00) XE:2.06e-01 (1.19e+00 1.21e+00 | 6.30e-01 6.42e-01)	6.277061e+00 5.510739e+00 : 7.858533e-01
3408(1004) (2.47e+00 2.06e+00) XE:2.06e-01 (1.21e+00 1.21e+00 | 5.69e-01 6.42e-01)	6.276962e+00 5.510257e+00 : 7.858146e-01
3430(993) (1.93e+00 2.06e+00) XE:2.06e-01 (1.22e+00 1.21e+00 | 6.26e-01 6.42e-01)	6.275705e+00 5.509086e+00 : 7.856527e-01
3452(998) (2.11e+00 2.06e+00) XE:2.06e-01 (1.20e+00 1.21e+00 | 7.16e-01 6.43e-01)	6.274888e+00 5.508493e+00 : 7.855587e-01
3474(1000) (1.90e+00 2.06e+00) XE:2.06e-01 (1.20e+00 1.21e+00 | 5.69e-01 6.42e-01)	6.274423e+00 5.507985e+00 : 7.854938e-01
3496(1002) (1.79e+00 2.06e+00) XE:2.06e-01 (1.23e+00 1.21e+00 | 6.36e-01 6.42e-01)	6.273496e+00 5.507188e+00 : 7.853789e-01
3519(1011) (2.00e+00 2.06e+00) XE:2.06e-01 (1.18e+00 1.21e+00 | 6.46e-01 6.42e-01)	6.272798e+00 5.506905e+00 : 7.853135e-01
3541(1004) (1.99e+00 2.06e+00) XE:2.06e-01 (1.19e+00 1.21e+00 | 6.86e-01 6.42e-01)	6.272393e+00 5.506599e+00 : 7.852661e-01
3563(997) (2.18e+00 2.06e+00) XE:2.06e-01 (1.23e+00 1.21e+00 | 6.54e-01 6.43e-01)	6.272280e+00 5.506496e+00 : 7.852517e-01
3585(991) (2.32e+00 2.06e+00) XE:2.06e-01 (1.25e+00 1.21e+00 | 6.07e-01 6.43e-01)	6.271712e+00 5.506235e+00 : 7.851965e-01
3608(1007) (2.44e+00 2.06e+00) XE:2.06e-01 (1.23e+00 1.21e+00 | 6.58e-01 6.43e-01)	6.271117e+00 5.505734e+00 : 7.851234e-01
3630(1013) (2.02e+00 2.06e+00) XE:2.06e-01 (1.25e+00 1.21e+00 | 6.58e-01 6.43e-01)	6.271225e+00 5.506066e+00 : 7.851527e-01
3652(1001) (1.97e+00 2.06e+00) XE:2.06e-01 (1.25e+00 1.21e+00 | 5.79e-01 6.43e-01)	6.270636e+00 5.506268e+00 : 7.851270e-01
3674(990) (1.51e+00 2.06e+00) XE:2.06e-01 (1.23e+00 1.21e+00 | 6.60e-01 6.43e-01)	6.269922e+00 5.506224e+00 : 7.850764e-01
3696(1004) (2.03e+00 2.06e+00) XE:2.06e-01 (1.19e+00 1.21e+00 | 6.14e-01 6.43e-01)	6.269850e+00 5.506103e+00 : 7.850635e-01
3718(1016) (2.25e+00 2.06e+00) XE:2.06e-01 (1.21e+00 1.21e+00 | 6.42e-01 6.43e-01)	6.269843e+00 5.505528e+00 : 7.850247e-01
3741(989) (2.24e+00 2.06e+00) XE:2.06e-01 (1.23e+00 1.21e+00 | 6.36e-01 6.43e-01)	6.270155e+00 5.505223e+00 : 7.850252e-01
3763(998) (1.96e+00 2.06e+00) XE:2.06e-01 (1.23e+00 1.21e+00 | 6.74e-01 6.43e-01)	6.270203e+00 5.504863e+00 : 7.850044e-01
3785(1003) (2.15e+00 2.06e+00) XE:2.06e-01 (1.21e+00 1.21e+00 | 6.26e-01 6.43e-01)	6.269540e+00 5.503642e+00 : 7.848788e-01
3807(986) (2.12e+00 2.06e+00) XE:2.06e-01 (1.21e+00 1.21e+00 | 6.18e-01 6.43e-01)	6.269503e+00 5.503575e+00 : 7.848718e-01
3830(990) (2.15e+00 2.06e+00) XE:2.06e-01 (1.19e+00 1.21e+00 | 6.16e-01 6.43e-01)	6.269209e+00 5.503692e+00 : 7.848601e-01
3852(1014) (2.01e+00 2.06e+00) XE:2.06e-01 (1.21e+00 1.21e+00 | 6.38e-01 6.43e-01)	6.268625e+00 5.503306e+00 : 7.847954e-01
3874(997) (1.99e+00 2.06e+00) XE:2.06e-01 (1.21e+00 1.21e+00 | 6.94e-01 6.43e-01)	6.268387e+00 5.502982e+00 : 7.847579e-01
3896(1012) (2.05e+00 2.06e+00) XE:2.06e-01 (1.24e+00 1.21e+00 | 6.38e-01 6.43e-01)	6.268110e+00 5.502947e+00 : 7.847372e-01
3918(996) (1.98e+00 2.06e+00) XE:2.06e-01 (1.21e+00 1.21e+00 | 6.40e-01 6.43e-01)	6.268413e+00 5.503008e+00 : 7.847614e-01
3941(990) (2.49e+00 2.06e+00) XE:2.06e-01 (1.21e+00 1.21e+00 | 6.90e-01 6.43e-01)	6.267389e+00 5.502192e+00 : 7.846387e-01
3963(1004) (2.18e+00 2.06e+00) XE:2.06e-01 (1.22e+00 1.21e+00 | 6.28e-01 6.43e-01)	6.267474e+00 5.502289e+00 : 7.846509e-01
3985(994) (1.83e+00 2.06e+00) XE:2.06e-01 (1.23e+00 1.21e+00 | 6.38e-01 6.43e-01)	6.267305e+00 5.501978e+00 : 7.846189e-01
4007(1010) (1.55e+00 2.06e+00) XE:2.06e-01 (1.20e+00 1.21e+00 | 6.50e-01 6.43e-01)	6.267737e+00 5.501841e+00 : 7.846385e-01
4030(976) (2.25e+00 2.06e+00) XE:2.06e-01 (1.20e+00 1.22e+00 | 6.12e-01 6.43e-01)	6.267280e+00 5.501255e+00 : 7.845690e-01
4052(1004) (2.01e+00 2.06e+00) XE:2.06e-01 (1.22e+00 1.22e+00 | 6.66e-01 6.43e-01)	6.267397e+00 5.501097e+00 : 7.845662e-01
4074(996) (2.18e+00 2.06e+00) XE:2.06e-01 (1.21e+00 1.22e+00 | 6.76e-01 6.43e-01)	6.266958e+00 5.501537e+00 : 7.845663e-01
4096(988) (2.19e+00 2.06e+00) XE:2.06e-01 (1.22e+00 1.22e+00 | 6.68e-01 6.43e-01)	6.266293e+00 5.501309e+00 : 7.845068e-01
4119(1003) (1.88e+00 2.06e+00) XE:2.06e-01 (1.21e+00 1.22e+00 | 5.95e-01 6.43e-01)	6.265940e+00 5.500959e+00 : 7.844599e-01
4141(999) (1.91e+00 2.06e+00) XE:2.06e-01 (1.26e+00 1.22e+00 | 6.98e-01 6.43e-01)	6.265959e+00 5.501053e+00 : 7.844675e-01
4163(1006) (1.87e+00 2.06e+00) XE:2.06e-01 (1.21e+00 1.22e+00 | 6.01e-01 6.43e-01)	6.265749e+00 5.500890e+00 : 7.844426e-01
4185(995) (2.01e+00 2.06e+00) XE:2.06e-01 (1.21e+00 1.22e+00 | 6.50e-01 6.43e-01)	6.266343e+00 5.501014e+00 : 7.844904e-01
4208(997) (2.42e+00 2.06e+00) XE:2.06e-01 (1.19e+00 1.22e+00 | 6.28e-01 6.43e-01)	6.266076e+00 5.501118e+00 : 7.844796e-01
4230(1005) (2.16e+00 2.06e+00) XE:2.06e-01 (1.20e+00 1.22e+00 | 6.74e-01 6.43e-01)	6.265997e+00 5.501438e+00 : 7.844956e-01
4252(1004) (1.53e+00 2.06e+00) XE:2.06e-01 (1.25e+00 1.22e+00 | 6.18e-01 6.43e-01)	6.265768e+00 5.501154e+00 : 7.844615e-01
4274(1001) (1.91e+00 2.06e+00) XE:2.06e-01 (1.19e+00 1.22e+00 | 6.24e-01 6.43e-01)	6.265366e+00 5.501054e+00 : 7.844280e-01
4297(994) (2.21e+00 2.06e+00) XE:2.06e-01 (1.23e+00 1.22e+00 | 6.32e-01 6.43e-01)	6.265625e+00 5.501063e+00 : 7.844459e-01
4319(992) (2.36e+00 2.06e+00) XE:2.06e-01 (1.22e+00 1.22e+00 | 6.86e-01 6.43e-01)	6.265426e+00 5.500726e+00 : 7.844101e-01
4341(999) (2.23e+00 2.06e+00) XE:2.06e-01 (1.24e+00 1.22e+00 | 6.09e-01 6.43e-01)	6.265120e+00 5.500371e+00 : 7.843660e-01
4363(989) (1.98e+00 2.06e+00) XE:2.06e-01 (1.22e+00 1.22e+00 | 6.30e-01 6.43e-01)	6.264805e+00 5.500083e+00 : 7.843258e-01
4386(1003) (1.91e+00 2.06e+00) XE:2.06e-01 (1.23e+00 1.22e+00 | 6.20e-01 6.43e-01)	6.264450e+00 5.499730e+00 : 7.842787e-01
4408(997) (1.76e+00 2.06e+00) XE:2.06e-01 (1.25e+00 1.22e+00 | 6.12e-01 6.43e-01)	6.264176e+00 5.500064e+00 : 7.842827e-01
4430(1007) (2.25e+00 2.06e+00) XE:2.06e-01 (1.22e+00 1.22e+00 | 6.05e-01 6.43e-01)	6.263625e+00 5.499839e+00 : 7.842310e-01
4452(998) (1.95e+00 2.06e+00) XE:2.06e-01 (1.20e+00 1.22e+00 | 5.89e-01 6.43e-01)	6.264256e+00 5.500215e+00 : 7.842981e-01
4475(1002) (1.74e+00 2.06e+00) XE:2.06e-01 (1.19e+00 1.22e+00 | 6.80e-01 6.43e-01)	6.264269e+00 5.500631e+00 : 7.843267e-01
4497(997) (1.92e+00 2.06e+00) XE:2.06e-01 (1.22e+00 1.22e+00 | 6.46e-01 6.43e-01)	6.263957e+00 5.500102e+00 : 7.842706e-01
4519(994) (2.32e+00 2.06e+00) XE:2.06e-01 (1.20e+00 1.22e+00 | 6.80e-01 6.43e-01)	6.263105e+00 5.499445e+00 : 7.841700e-01
4541(1005) (1.94e+00 2.06e+00) XE:2.06e-01 (1.21e+00 1.22e+00 | 6.28e-01 6.43e-01)	6.262740e+00 5.499756e+00 : 7.841664e-01
4564(995) (2.38e+00 2.06e+00) XE:2.06e-01 (1.22e+00 1.22e+00 | 6.32e-01 6.43e-01)	6.262775e+00 5.499894e+00 : 7.841779e-01
4586(994) (2.24e+00 2.06e+00) XE:2.06e-01 (1.21e+00 1.22e+00 | 6.40e-01 6.43e-01)	6.262044e+00 5.499233e+00 : 7.840852e-01
4608(1000) (1.77e+00 2.06e+00) XE:2.06e-01 (1.24e+00 1.22e+00 | 6.52e-01 6.43e-01)	6.261188e+00 5.498807e+00 : 7.839997e-01
4630(1003) (2.13e+00 2.06e+00) XE:2.06e-01 (1.21e+00 1.22e+00 | 5.99e-01 6.43e-01)	6.261606e+00 5.498884e+00 : 7.840326e-01
4653(993) (2.24e+00 2.06e+00) XE:2.06e-01 (1.20e+00 1.22e+00 | 6.60e-01 6.43e-01)	6.261539e+00 5.498770e+00 : 7.840206e-01
4675(998) (1.96e+00 2.06e+00) XE:2.06e-01 (1.22e+00 1.21e+00 | 6.22e-01 6.43e-01)	6.261238e+00 5.498906e+00 : 7.840096e-01
4697(1001) (1.53e+00 2.06e+00) XE:2.06e-01 (1.23e+00 1.22e+00 | 6.52e-01 6.43e-01)	6.261148e+00 5.498614e+00 : 7.839841e-01
4719(995) (2.17e+00 2.06e+00) XE:2.06e-01 (1.21e+00 1.21e+00 | 5.97e-01 6.43e-01)	6.260555e+00 5.498164e+00 : 7.839146e-01
4742(995) (2.11e+00 2.06e+00) XE:2.06e-01 (1.21e+00 1.21e+00 | 6.34e-01 6.43e-01)	6.260030e+00 5.497754e+00 : 7.838523e-01
4764(996) (2.13e+00 2.06e+00) XE:2.06e-01 (1.23e+00 1.21e+00 | 6.80e-01 6.43e-01)	6.260129e+00 5.497739e+00 : 7.838579e-01
4786(1009) (1.83e+00 2.06e+00) XE:2.06e-01 (1.21e+00 1.21e+00 | 7.10e-01 6.43e-01)	6.259775e+00 5.497728e+00 : 7.838335e-01
4808(997) (2.41e+00 2.06e+00) XE:2.06e-01 (1.20e+00 1.21e+00 | 6.48e-01 6.43e-01)	6.259757e+00 5.497303e+00 : 7.838040e-01
4830(991) (1.98e+00 2.06e+00) XE:2.06e-01 (1.20e+00 1.21e+00 | 6.32e-01 6.43e-01)	6.259393e+00 5.497033e+00 : 7.837617e-01
4853(1000) (2.35e+00 2.06e+00) XE:2.06e-01 (1.21e+00 1.21e+00 | 5.99e-01 6.43e-01)	6.258545e+00 5.495831e+00 : 7.836251e-01
4875(1008) (1.68e+00 2.06e+00) XE:2.06e-01 (1.23e+00 1.21e+00 | 6.30e-01 6.43e-01)	6.258393e+00 5.495807e+00 : 7.836133e-01
4897(992) (1.87e+00 2.06e+00) XE:2.06e-01 (1.18e+00 1.21e+00 | 6.80e-01 6.43e-01)	6.258397e+00 5.495455e+00 : 7.835901e-01
4919(1023) (1.85e+00 2.06e+00) XE:2.06e-01 (1.19e+00 1.21e+00 | 6.84e-01 6.43e-01)	6.257911e+00 5.495059e+00 : 7.835314e-01
4942(996) (1.99e+00 2.06e+00) XE:2.06e-01 (1.21e+00 1.21e+00 | 6.28e-01 6.43e-01)	6.257304e+00 5.494367e+00 : 7.834447e-01
4964(1006) (1.60e+00 2.06e+00) XE:2.06e-01 (1.20e+00 1.21e+00 | 6.40e-01 6.43e-01)	6.257094e+00 5.494428e+00 : 7.834348e-01
4986(1007) (2.09e+00 2.06e+00) XE:2.06e-01 (1.23e+00 1.21e+00 | 6.32e-01 6.43e-01)	6.257012e+00 5.494368e+00 : 7.834253e-01
5008(993) (1.80e+00 2.06e+00) XE:2.06e-01 (1.21e+00 1.21e+00 | 6.16e-01 6.43e-01)	6.256763e+00 5.494388e+00 : 7.834101e-01
5031(999) (2.41e+00 2.06e+00) XE:2.06e-01 (1.21e+00 1.21e+00 | 6.26e-01 6.43e-01)	6.256725e+00 5.493947e+00 : 7.833781e-01
5053(1002) (2.64e+00 2.06e+00) XE:2.06e-01 (1.22e+00 1.21e+00 | 6.76e-01 6.43e-01)	6.256463e+00 5.493717e+00 : 7.833453e-01
5075(990) (2.35e+00 2.06e+00) XE:2.06e-01 (1.20e+00 1.21e+00 | 6.72e-01 6.43e-01)	6.256221e+00 5.493444e+00 : 7.833110e-01
5097(1008) (1.76e+00 2.06e+00) XE:2.06e-01 (1.23e+00 1.21e+00 | 6.84e-01 6.43e-01)	6.255624e+00 5.493081e+00 : 7.832470e-01
5120(996) (2.09e+00 2.06e+00) XE:2.06e-01 (1.21e+00 1.21e+00 | 6.90e-01 6.43e-01)	6.254948e+00 5.492920e+00 : 7.831912e-01
5142(990) (2.38e+00 2.06e+00) XE:2.06e-01 (1.20e+00 1.21e+00 | 5.89e-01 6.43e-01)	6.254581e+00 5.492439e+00 : 7.831347e-01
5164(1004) (2.40e+00 2.06e+00) XE:2.06e-01 (1.19e+00 1.21e+00 | 6.56e-01 6.43e-01)	6.254556e+00 5.492482e+00 : 7.831359e-01
5186(1006) (2.12e+00 2.06e+00) XE:2.06e-01 (1.19e+00 1.21e+00 | 6.50e-01 6.43e-01)	6.254127e+00 5.492625e+00 : 7.831169e-01
5208(994) (2.14e+00 2.06e+00) XE:2.06e-01 (1.21e+00 1.21e+00 | 5.63e-01 6.43e-01)	6.253978e+00 5.492442e+00 : 7.830947e-01
5231(1009) (1.90e+00 2.06e+00) XE:2.06e-01 (1.23e+00 1.21e+00 | 6.50e-01 6.43e-01)	6.253979e+00 5.492290e+00 : 7.830846e-01
5253(991) (2.18e+00 2.06e+00) XE:2.06e-01 (1.22e+00 1.21e+00 | 6.26e-01 6.43e-01)	6.254059e+00 5.492483e+00 : 7.831028e-01
5275(992) (2.77e+00 2.06e+00) XE:2.06e-01 (1.21e+00 1.21e+00 | 6.84e-01 6.43e-01)	6.253871e+00 5.492586e+00 : 7.830972e-01
5297(1013) (1.77e+00 2.06e+00) XE:2.06e-01 (1.22e+00 1.21e+00 | 6.20e-01 6.43e-01)	6.253192e+00 5.491998e+00 : 7.830127e-01
5320(996) (2.10e+00 2.06e+00) XE:2.06e-01 (1.23e+00 1.21e+00 | 6.20e-01 6.43e-01)	6.252978e+00 5.491918e+00 : 7.829931e-01
5342(1013) (1.83e+00 2.06e+00) XE:2.06e-01 (1.21e+00 1.21e+00 | 6.74e-01 6.43e-01)	6.252698e+00 5.491808e+00 : 7.829671e-01
5364(1003) (1.93e+00 2.06e+00) XE:2.06e-01 (1.22e+00 1.21e+00 | 6.50e-01 6.43e-01)	6.252665e+00 5.491655e+00 : 7.829547e-01
5386(1011) (1.72e+00 2.06e+00) XE:2.06e-01 (1.19e+00 1.21e+00 | 6.92e-01 6.43e-01)	6.252146e+00 5.491199e+00 : 7.828897e-01
5408(991) (2.13e+00 2.06e+00) XE:2.06e-01 (1.20e+00 1.21e+00 | 5.71e-01 6.43e-01)	6.252896e+00 5.491405e+00 : 7.829534e-01
5431(1005) (2.28e+00 2.06e+00) XE:2.06e-01 (1.24e+00 1.21e+00 | 6.68e-01 6.43e-01)	6.252962e+00 5.491189e+00 : 7.829434e-01
5453(1008) (2.30e+00 2.06e+00) XE:2.06e-01 (1.22e+00 1.21e+00 | 6.18e-01 6.43e-01)	6.252403e+00 5.491215e+00 : 7.829079e-01
5475(1010) (1.97e+00 2.06e+00) XE:2.06e-01 (1.19e+00 1.21e+00 | 6.24e-01 6.43e-01)	6.252310e+00 5.491191e+00 : 7.829001e-01
5497(1006) (1.98e+00 2.06e+00) XE:2.06e-01 (1.23e+00 1.21e+00 | 6.64e-01 6.43e-01)	6.251799e+00 5.491067e+00 : 7.828578e-01
5520(988) (2.14e+00 2.06e+00) XE:2.06e-01 (1.19e+00 1.21e+00 | 6.42e-01 6.43e-01)	6.251535e+00 5.490717e+00 : 7.828168e-01
5542(991) (1.97e+00 2.06e+00) XE:2.06e-01 (1.20e+00 1.21e+00 | 6.38e-01 6.43e-01)	6.251430e+00 5.490619e+00 : 7.828032e-01
5564(988) (2.35e+00 2.06e+00) XE:2.06e-01 (1.21e+00 1.21e+00 | 6.26e-01 6.43e-01)	6.251194e+00 5.490707e+00 : 7.827934e-01
5586(1001) (2.26e+00 2.06e+00) XE:2.06e-01 (1.19e+00 1.21e+00 | 6.46e-01 6.43e-01)	6.251040e+00 5.490507e+00 : 7.827698e-01
5608(1000) (1.82e+00 2.06e+00) XE:2.06e-01 (1.23e+00 1.21e+00 | 6.09e-01 6.43e-01)	6.251019e+00 5.490374e+00 : 7.827595e-01
5631(992) (2.51e+00 2.06e+00) XE:2.06e-01 (1.22e+00 1.21e+00 | 6.09e-01 6.43e-01)	6.250347e+00 5.490040e+00 : 7.826924e-01
5653(1005) (2.03e+00 2.06e+00) XE:2.06e-01 (1.23e+00 1.21e+00 | 6.44e-01 6.43e-01)	6.250181e+00 5.489631e+00 : 7.826541e-01
5675(1007) (2.12e+00 2.06e+00) XE:2.06e-01 (1.22e+00 1.21e+00 | 6.01e-01 6.43e-01)	6.250022e+00 5.489601e+00 : 7.826415e-01
5697(982) (2.50e+00 2.05e+00) XE:2.05e-01 (1.23e+00 1.21e+00 | 6.52e-01 6.43e-01)	6.250373e+00 5.489318e+00 : 7.826461e-01
5719(1009) (1.87e+00 2.06e+00) XE:2.06e-01 (1.21e+00 1.21e+00 | 6.07e-01 6.43e-01)	6.250131e+00 5.489109e+00 : 7.826160e-01
5742(1002) (1.94e+00 2.05e+00) XE:2.05e-01 (1.21e+00 1.21e+00 | 6.78e-01 6.43e-01)	6.250305e+00 5.489238e+00 : 7.826362e-01
5764(1007) (1.75e+00 2.05e+00) XE:2.05e-01 (1.22e+00 1.21e+00 | 6.34e-01 6.43e-01)	6.250236e+00 5.489025e+00 : 7.826174e-01
5786(992) (2.86e+00 2.05e+00) XE:2.05e-01 (1.23e+00 1.21e+00 | 6.09e-01 6.43e-01)	6.250355e+00 5.489283e+00 : 7.826425e-01
5808(1006) (2.39e+00 2.05e+00) XE:2.05e-01 (1.23e+00 1.21e+00 | 5.95e-01 6.43e-01)	6.250338e+00 5.489386e+00 : 7.826483e-01
5831(1000) (2.12e+00 2.05e+00) XE:2.05e-01 (1.20e+00 1.21e+00 | 5.97e-01 6.43e-01)	6.249958e+00 5.489264e+00 : 7.826148e-01
5853(1009) (1.93e+00 2.05e+00) XE:2.05e-01 (1.23e+00 1.21e+00 | 6.24e-01 6.43e-01)	6.249915e+00 5.489115e+00 : 7.826020e-01
5875(993) (2.46e+00 2.05e+00) XE:2.05e-01 (1.23e+00 1.21e+00 | 5.69e-01 6.43e-01)	6.249871e+00 5.488743e+00 : 7.825742e-01
5897(1006) (1.84e+00 2.05e+00) XE:2.05e-01 (1.23e+00 1.21e+00 | 6.20e-01 6.43e-01)	6.249964e+00 5.488894e+00 : 7.825906e-01
5919(1003) (2.28e+00 2.05e+00) XE:2.05e-01 (1.22e+00 1.21e+00 | 6.16e-01 6.43e-01)	6.249566e+00 5.488744e+00 : 7.825540e-01
5942(999) (1.77e+00 2.05e+00) XE:2.05e-01 (1.22e+00 1.21e+00 | 6.18e-01 6.43e-01)	6.249203e+00 5.488610e+00 : 7.825209e-01
5964(987) (1.78e+00 2.05e+00) XE:2.05e-01 (1.22e+00 1.21e+00 | 6.32e-01 6.43e-01)	6.248821e+00 5.488482e+00 : 7.824868e-01
5986(985) (2.61e+00 2.05e+00) XE:2.05e-01 (1.23e+00 1.21e+00 | 6.60e-01 6.43e-01)	6.248629e+00 5.488570e+00 : 7.824800e-01
6008(997) (2.03e+00 2.05e+00) XE:2.05e-01 (1.22e+00 1.21e+00 | 6.30e-01 6.43e-01)	6.248335e+00 5.488481e+00 : 7.824544e-01
6030(1000) (2.26e+00 2.05e+00) XE:2.05e-01 (1.22e+00 1.21e+00 | 6.28e-01 6.43e-01)	6.248257e+00 5.488230e+00 : 7.824325e-01
6053(1006) (1.53e+00 2.05e+00) XE:2.05e-01 (1.19e+00 1.21e+00 | 6.22e-01 6.43e-01)	6.248111e+00 5.487731e+00 : 7.823895e-01
6075(988) (2.15e+00 2.05e+00) XE:2.05e-01 (1.20e+00 1.21e+00 | 6.01e-01 6.43e-01)	6.248141e+00 5.487733e+00 : 7.823916e-01
6097(1001) (2.41e+00 2.05e+00) XE:2.05e-01 (1.22e+00 1.21e+00 | 6.60e-01 6.42e-01)	6.247868e+00 5.487576e+00 : 7.823629e-01
6119(1011) (1.97e+00 2.05e+00) XE:2.05e-01 (1.19e+00 1.21e+00 | 6.50e-01 6.42e-01)	6.247588e+00 5.487350e+00 : 7.823292e-01
6142(1005) (2.17e+00 2.05e+00) XE:2.05e-01 (1.22e+00 1.21e+00 | 6.12e-01 6.42e-01)	6.247891e+00 5.487585e+00 : 7.823651e-01
6164(1017) (1.94e+00 2.05e+00) XE:2.05e-01 (1.21e+00 1.21e+00 | 6.14e-01 6.43e-01)	6.247779e+00 5.487173e+00 : 7.823301e-01
6186(996) (2.18e+00 2.05e+00) XE:2.05e-01 (1.21e+00 1.21e+00 | 7.02e-01 6.43e-01)	6.246830e+00 5.486481e+00 : 7.822208e-01
6208(998) (2.03e+00 2.06e+00) XE:2.06e-01 (1.21e+00 1.21e+00 | 6.01e-01 6.43e-01)	6.246142e+00 5.485903e+00 : 7.821364e-01
6231(1009) (1.85e+00 2.06e+00) XE:2.06e-01 (1.20e+00 1.21e+00 | 6.18e-01 6.42e-01)	6.246117e+00 5.485971e+00 : 7.821392e-01
6253(999) (2.11e+00 2.06e+00) XE:2.06e-01 (1.21e+00 1.21e+00 | 6.18e-01 6.42e-01)	6.245954e+00 5.485628e+00 : 7.821054e-01
6275(1006) (1.89e+00 2.06e+00) XE:2.06e-01 (1.19e+00 1.21e+00 | 6.80e-01 6.42e-01)	6.245744e+00 5.485534e+00 : 7.820852e-01
6297(1005) (2.14e+00 2.06e+00) XE:2.06e-01 (1.21e+00 1.21e+00 | 6.38e-01 6.42e-01)	6.245690e+00 5.485659e+00 : 7.820899e-01
6319(1019) (1.57e+00 2.05e+00) XE:2.05e-01 (1.24e+00 1.21e+00 | 6.64e-01 6.42e-01)	6.245921e+00 5.485836e+00 : 7.821172e-01
6342(999) (2.05e+00 2.05e+00) XE:2.05e-01 (1.22e+00 1.21e+00 | 6.46e-01 6.42e-01)	6.245713e+00 5.486060e+00 : 7.821182e-01
6364(998) (1.92e+00 2.05e+00) XE:2.05e-01 (1.23e+00 1.21e+00 | 6.05e-01 6.42e-01)	6.245270e+00 5.485908e+00 : 7.820786e-01
6386(1009) (1.99e+00 2.05e+00) XE:2.05e-01 (1.21e+00 1.21e+00 | 6.58e-01 6.42e-01)	6.245186e+00 5.485849e+00 : 7.820690e-01
6408(1005) (1.55e+00 2.05e+00) XE:2.05e-01 (1.18e+00 1.21e+00 | 6.32e-01 6.42e-01)	6.245327e+00 5.485657e+00 : 7.820656e-01
6431(1007) (2.11e+00 2.05e+00) XE:2.05e-01 (1.20e+00 1.21e+00 | 7.02e-01 6.42e-01)	6.245167e+00 5.485495e+00 : 7.820442e-01
6453(995) (2.43e+00 2.05e+00) XE:2.05e-01 (1.21e+00 1.21e+00 | 6.05e-01 6.42e-01)	6.244857e+00 5.485488e+00 : 7.820230e-01
6475(1002) (2.20e+00 2.05e+00) XE:2.05e-01 (1.24e+00 1.21e+00 | 6.86e-01 6.42e-01)	6.244650e+00 5.485456e+00 : 7.820070e-01
6497(1010) (1.94e+00 2.05e+00) XE:2.05e-01 (1.21e+00 1.21e+00 | 6.58e-01 6.42e-01)	6.244250e+00 5.485116e+00 : 7.819577e-01
6519(988) (2.05e+00 2.05e+00) XE:2.05e-01 (1.22e+00 1.21e+00 | 6.78e-01 6.42e-01)	6.244142e+00 5.485167e+00 : 7.819539e-01
6542(1004) (1.87e+00 2.06e+00) XE:2.06e-01 (1.21e+00 1.21e+00 | 6.32e-01 6.42e-01)	6.244055e+00 5.484958e+00 : 7.819342e-01
6564(991) (1.85e+00 2.06e+00) XE:2.06e-01 (1.20e+00 1.21e+00 | 7.00e-01 6.42e-01)	6.244084e+00 5.484907e+00 : 7.819328e-01
6586(1012) (1.96e+00 2.05e+00) XE:2.05e-01 (1.22e+00 1.21e+00 | 6.56e-01 6.42e-01)	6.243954e+00 5.484811e+00 : 7.819177e-01
6608(999) (1.97e+00 2.05e+00) XE:2.05e-01 (1.20e+00 1.21e+00 | 6.30e-01 6.42e-01)	6.243940e+00 5.484376e+00 : 7.818877e-01
6631(1003) (1.38e+00 2.05e+00) XE:2.05e-01 (1.20e+00 1.21e+00 | 6.34e-01 6.42e-01)	6.243802e+00 5.484448e+00 : 7.818833e-01
6653(1005) (2.05e+00 2.05e+00) XE:2.05e-01 (1.22e+00 1.21e+00 | 5.97e-01 6.42e-01)	6.243729e+00 5.484146e+00 : 7.818584e-01
6675(999) (1.68e+00 2.05e+00) XE:2.05e-01 (1.19e+00 1.21e+00 | 6.42e-01 6.42e-01)	6.243924e+00 5.484189e+00 : 7.818742e-01
6697(1016) (1.74e+00 2.05e+00) XE:2.05e-01 (1.20e+00 1.21e+00 | 6.26e-01 6.42e-01)	6.243466e+00 5.483738e+00 : 7.818136e-01
6719(1011) (1.77e+00 2.05e+00) XE:2.05e-01 (1.23e+00 1.21e+00 | 6.16e-01 6.42e-01)	6.243468e+00 5.483654e+00 : 7.818081e-01
6742(1013) (1.97e+00 2.05e+00) XE:2.05e-01 (1.21e+00 1.21e+00 | 6.78e-01 6.42e-01)	6.243217e+00 5.483399e+00 : 7.817744e-01
6764(999) (2.04e+00 2.05e+00) XE:2.05e-01 (1.18e+00 1.21e+00 | 5.87e-01 6.42e-01)	6.243181e+00 5.483346e+00 : 7.817684e-01
6786(1006) (1.72e+00 2.05e+00) XE:2.05e-01 (1.22e+00 1.21e+00 | 6.56e-01 6.42e-01)	6.242824e+00 5.483036e+00 : 7.817240e-01
6808(1006) (2.08e+00 2.05e+00) XE:2.05e-01 (1.22e+00 1.21e+00 | 6.70e-01 6.42e-01)	6.242682e+00 5.482853e+00 : 7.817023e-01
6830(999) (2.34e+00 2.05e+00) XE:2.05e-01 (1.23e+00 1.21e+00 | 6.58e-01 6.42e-01)	6.242269e+00 5.482719e+00 : 7.816659e-01
6853(999) (1.88e+00 2.05e+00) XE:2.05e-01 (1.20e+00 1.21e+00 | 6.30e-01 6.42e-01)	6.242101e+00 5.482577e+00 : 7.816452e-01
6875(999) (1.96e+00 2.05e+00) XE:2.05e-01 (1.21e+00 1.21e+00 | 6.24e-01 6.42e-01)	6.241692e+00 5.482463e+00 : 7.816103e-01
6897(1000) (2.09e+00 2.05e+00) XE:2.05e-01 (1.23e+00 1.21e+00 | 6.14e-01 6.42e-01)	6.240989e+00 5.481854e+00 : 7.815229e-01
6919(1008) (2.42e+00 2.05e+00) XE:2.05e-01 (1.23e+00 1.21e+00 | 6.48e-01 6.42e-01)	6.241241e+00 5.481900e+00 : 7.815427e-01
6942(985) (1.87e+00 2.05e+00) XE:2.05e-01 (1.19e+00 1.21e+00 | 5.51e-01 6.42e-01)	6.241459e+00 5.482190e+00 : 7.815766e-01
6964(1006) (1.92e+00 2.05e+00) XE:2.05e-01 (1.22e+00 1.21e+00 | 6.18e-01 6.42e-01)	6.241341e+00 5.481899e+00 : 7.815494e-01
6986(989) (2.21e+00 2.05e+00) XE:2.05e-01 (1.21e+00 1.21e+00 | 6.82e-01 6.42e-01)	6.241169e+00 5.481868e+00 : 7.815358e-01
7008(1002) (1.91e+00 2.05e+00) XE:2.05e-01 (1.18e+00 1.21e+00 | 6.58e-01 6.42e-01)	6.240861e+00 5.481772e+00 : 7.815089e-01
7031(1002) (2.24e+00 2.05e+00) XE:2.05e-01 (1.23e+00 1.21e+00 | 6.32e-01 6.42e-01)	6.240781e+00 5.481748e+00 : 7.815019e-01
7053(996) (1.71e+00 2.05e+00) XE:2.05e-01 (1.19e+00 1.21e+00 | 6.72e-01 6.42e-01)	6.240506e+00 5.481726e+00 : 7.814821e-01
7075(991) (2.15e+00 2.05e+00) XE:2.05e-01 (1.20e+00 1.21e+00 | 6.84e-01 6.42e-01)	6.240282e+00 5.481489e+00 : 7.814515e-01
7097(1012) (1.71e+00 2.05e+00) XE:2.05e-01 (1.18e+00 1.21e+00 | 6.32e-01 6.42e-01)	6.240339e+00 5.481498e+00 : 7.814558e-01
7120(1013) (2.22e+00 2.05e+00) XE:2.05e-01 (1.21e+00 1.21e+00 | 6.68e-01 6.42e-01)	6.240191e+00 5.481659e+00 : 7.814567e-01
7142(997) (1.87e+00 2.05e+00) XE:2.05e-01 (1.19e+00 1.21e+00 | 6.74e-01 6.42e-01)	6.240340e+00 5.481729e+00 : 7.814712e-01
7164(1013) (1.54e+00 2.05e+00) XE:2.05e-01 (1.21e+00 1.21e+00 | 5.67e-01 6.42e-01)	6.240707e+00 5.481868e+00 : 7.815050e-01
7186(1011) (1.44e+00 2.05e+00) XE:2.05e-01 (1.24e+00 1.21e+00 | 6.30e-01 6.42e-01)	6.240746e+00 5.481679e+00 : 7.814950e-01
7208(1013) (2.19e+00 2.05e+00) XE:2.05e-01 (1.20e+00 1.21e+00 | 5.97e-01 6.42e-01)	6.240787e+00 5.481523e+00 : 7.814873e-01
7231(994) (2.18e+00 2.05e+00) XE:2.05e-01 (1.21e+00 1.21e+00 | 6.66e-01 6.42e-01)	6.241010e+00 5.481566e+00 : 7.815051e-01
7253(1001) (1.92e+00 2.05e+00) XE:2.05e-01 (1.21e+00 1.21e+00 | 6.34e-01 6.42e-01)	6.240830e+00 5.481386e+00 : 7.814811e-01
7275(1006) (1.82e+00 2.05e+00) XE:2.05e-01 (1.19e+00 1.21e+00 | 6.16e-01 6.42e-01)	6.240841e+00 5.481479e+00 : 7.814880e-01
7297(1005) (2.18e+00 2.05e+00) XE:2.05e-01 (1.21e+00 1.21e+00 | 6.07e-01 6.42e-01)	6.240306e+00 5.481147e+00 : 7.814302e-01
7319(999) (2.26e+00 2.05e+00) XE:2.05e-01 (1.20e+00 1.21e+00 | 7.00e-01 6.42e-01)	6.240197e+00 5.480998e+00 : 7.814130e-01
7342(996) (2.37e+00 2.05e+00) XE:2.05e-01 (1.20e+00 1.21e+00 | 5.87e-01 6.42e-01)	6.239782e+00 5.481095e+00 : 7.813918e-01
7364(995) (2.29e+00 2.05e+00) XE:2.05e-01 (1.22e+00 1.21e+00 | 5.85e-01 6.42e-01)	6.239440e+00 5.480905e+00 : 7.813564e-01
7386(997) (1.78e+00 2.05e+00) XE:2.05e-01 (1.23e+00 1.21e+00 | 6.40e-01 6.42e-01)	6.239359e+00 5.480677e+00 : 7.813358e-01
7408(985) (2.19e+00 2.05e+00) XE:2.05e-01 (1.22e+00 1.21e+00 | 6.18e-01 6.42e-01)	6.238919e+00 5.480536e+00 : 7.812970e-01
7430(995) (2.23e+00 2.05e+00) XE:2.05e-01 (1.21e+00 1.21e+00 | 5.63e-01 6.42e-01)	6.238750e+00 5.480113e+00 : 7.812575e-01
7453(1002) (2.10e+00 2.05e+00) XE:2.05e-01 (1.22e+00 1.21e+00 | 6.44e-01 6.42e-01)	6.238568e+00 5.479797e+00 : 7.812243e-01
7475(998) (2.21e+00 2.05e+00) XE:2.05e-01 (1.23e+00 1.21e+00 | 6.32e-01 6.42e-01)	6.238339e+00 5.479428e+00 : 7.811845e-01
7497(999) (2.07e+00 2.05e+00) XE:2.05e-01 (1.19e+00 1.21e+00 | 6.16e-01 6.42e-01)	6.238392e+00 5.479400e+00 : 7.811861e-01
7519(1007) (1.57e+00 2.05e+00) XE:2.05e-01 (1.22e+00 1.21e+00 | 6.09e-01 6.42e-01)	6.238254e+00 5.479331e+00 : 7.811723e-01
7542(1001) (2.04e+00 2.05e+00) XE:2.05e-01 (1.19e+00 1.21e+00 | 6.26e-01 6.42e-01)	6.238113e+00 5.479146e+00 : 7.811506e-01
7564(992) (1.98e+00 2.05e+00) XE:2.05e-01 (1.19e+00 1.21e+00 | 6.68e-01 6.42e-01)	6.238069e+00 5.479132e+00 : 7.811467e-01
7586(996) (1.91e+00 2.05e+00) XE:2.05e-01 (1.19e+00 1.21e+00 | 6.09e-01 6.43e-01)	6.238048e+00 5.479015e+00 : 7.811376e-01
7608(1011) (1.63e+00 2.05e+00) XE:2.05e-01 (1.22e+00 1.21e+00 | 6.50e-01 6.43e-01)	6.237953e+00 5.478997e+00 : 7.811300e-01
7630(999) (1.87e+00 2.05e+00) XE:2.05e-01 (1.23e+00 1.21e+00 | 6.18e-01 6.43e-01)	6.237884e+00 5.478998e+00 : 7.811254e-01
7653(985) (2.02e+00 2.05e+00) XE:2.05e-01 (1.20e+00 1.21e+00 | 6.52e-01 6.43e-01)	6.237716e+00 5.478881e+00 : 7.811064e-01
7675(1016) (1.85e+00 2.05e+00) XE:2.05e-01 (1.19e+00 1.21e+00 | 6.24e-01 6.43e-01)	6.237299e+00 5.478509e+00 : 7.810538e-01
7697(1012) (1.85e+00 2.05e+00) XE:2.05e-01 (1.21e+00 1.21e+00 | 6.30e-01 6.43e-01)	6.237343e+00 5.478698e+00 : 7.810694e-01
7719(1003) (2.16e+00 2.05e+00) XE:2.05e-01 (1.22e+00 1.21e+00 | 6.44e-01 6.43e-01)	6.237207e+00 5.478517e+00 : 7.810482e-01
7742(994) (2.30e+00 2.05e+00) XE:2.05e-01 (1.22e+00 1.21e+00 | 5.97e-01 6.43e-01)	6.236976e+00 5.478504e+00 : 7.810320e-01
7764(997) (2.04e+00 2.05e+00) XE:2.05e-01 (1.19e+00 1.21e+00 | 6.80e-01 6.43e-01)	6.236786e+00 5.478484e+00 : 7.810180e-01
7786(993) (2.18e+00 2.05e+00) XE:2.05e-01 (1.23e+00 1.21e+00 | 6.26e-01 6.43e-01)	6.236743e+00 5.478213e+00 : 7.809971e-01
7808(997) (2.59e+00 2.05e+00) XE:2.05e-01 (1.24e+00 1.21e+00 | 6.48e-01 6.43e-01)	6.236227e+00 5.477987e+00 : 7.809476e-01
7830(994) (1.75e+00 2.05e+00) XE:2.05e-01 (1.21e+00 1.21e+00 | 7.02e-01 6.43e-01)	6.236050e+00 5.477736e+00 : 7.809191e-01
7853(997) (2.69e+00 2.05e+00) XE:2.05e-01 (1.23e+00 1.21e+00 | 5.95e-01 6.43e-01)	6.235843e+00 5.477468e+00 : 7.808874e-01
7875(998) (1.75e+00 2.05e+00) XE:2.05e-01 (1.23e+00 1.21e+00 | 6.60e-01 6.43e-01)	6.235840e+00 5.477410e+00 : 7.808833e-01
7897(1008) (1.41e+00 2.05e+00) XE:2.05e-01 (1.20e+00 1.21e+00 | 6.24e-01 6.43e-01)	6.236089e+00 5.477597e+00 : 7.809124e-01
7919(1000) (2.04e+00 2.05e+00) XE:2.05e-01 (1.20e+00 1.21e+00 | 6.52e-01 6.43e-01)	6.235912e+00 5.477320e+00 : 7.808821e-01
7941(998) (2.06e+00 2.05e+00) XE:2.05e-01 (1.19e+00 1.21e+00 | 6.88e-01 6.43e-01)	6.235735e+00 5.477061e+00 : 7.808531e-01
7964(988) (2.80e+00 2.05e+00) XE:2.05e-01 (1.23e+00 1.21e+00 | 5.95e-01 6.43e-01)	6.235940e+00 5.477190e+00 : 7.808753e-01
7986(1001) (2.09e+00 2.05e+00) XE:2.05e-01 (1.22e+00 1.21e+00 | 6.84e-01 6.43e-01)	6.235917e+00 5.477089e+00 : 7.808671e-01
8008(1002) (2.43e+00 2.05e+00) XE:2.05e-01 (1.21e+00 1.21e+00 | 6.50e-01 6.43e-01)	6.235962e+00 5.477192e+00 : 7.808769e-01
8030(1005) (2.27e+00 2.05e+00) XE:2.05e-01 (1.22e+00 1.21e+00 | 6.86e-01 6.43e-01)	6.235795e+00 5.476998e+00 : 7.808528e-01
8052(1000) (2.26e+00 2.05e+00) XE:2.05e-01 (1.25e+00 1.21e+00 | 6.24e-01 6.43e-01)	6.235417e+00 5.476878e+00 : 7.808197e-01
8075(1002) (2.03e+00 2.05e+00) XE:2.05e-01 (1.23e+00 1.21e+00 | 6.30e-01 6.43e-01)	6.235217e+00 5.476988e+00 : 7.808137e-01
8097(1003) (2.02e+00 2.05e+00) XE:2.05e-01 (1.18e+00 1.21e+00 | 6.74e-01 6.43e-01)	6.234690e+00 5.476645e+00 : 7.807556e-01
8119(998) (2.37e+00 2.05e+00) XE:2.05e-01 (1.22e+00 1.21e+00 | 6.36e-01 6.43e-01)	6.234346e+00 5.476083e+00 : 7.806953e-01
8141(1005) (2.30e+00 2.05e+00) XE:2.05e-01 (1.20e+00 1.21e+00 | 6.28e-01 6.43e-01)	6.234180e+00 5.476255e+00 : 7.806957e-01
8163(1008) (1.81e+00 2.05e+00) XE:2.05e-01 (1.18e+00 1.21e+00 | 6.64e-01 6.43e-01)	6.233978e+00 5.476037e+00 : 7.806676e-01
8186(1000) (2.72e+00 2.05e+00) XE:2.05e-01 (1.21e+00 1.21e+00 | 6.14e-01 6.43e-01)	6.233552e+00 5.475729e+00 : 7.806187e-01
8208(1014) (1.74e+00 2.05e+00) XE:2.05e-01 (1.22e+00 1.21e+00 | 6.96e-01 6.43e-01)	6.233820e+00 5.476120e+00 : 7.806627e-01
8230(1001) (2.06e+00 2.05e+00) XE:2.05e-01 (1.22e+00 1.21e+00 | 6.46e-01 6.43e-01)	6.233796e+00 5.476063e+00 : 7.806573e-01
8252(1012) (1.53e+00 2.05e+00) XE:2.05e-01 (1.23e+00 1.21e+00 | 6.05e-01 6.43e-01)	6.233635e+00 5.476072e+00 : 7.806471e-01
8274(992) (1.81e+00 2.05e+00) XE:2.05e-01 (1.22e+00 1.21e+00 | 6.01e-01 6.43e-01)	6.233890e+00 5.476186e+00 : 7.806717e-01
8297(1006) (2.03e+00 2.05e+00) XE:2.05e-01 (1.20e+00 1.21e+00 | 6.18e-01 6.43e-01)	6.233822e+00 5.475873e+00 : 7.806463e-01
8319(992) (2.21e+00 2.05e+00) XE:2.05e-01 (1.23e+00 1.21e+00 | 6.66e-01 6.43e-01)	6.233523e+00 5.475552e+00 : 7.806050e-01
8341(1006) (2.14e+00 2.05e+00) XE:2.05e-01 (1.25e+00 1.21e+00 | 6.44e-01 6.43e-01)	6.233695e+00 5.475638e+00 : 7.806222e-01
8363(994) (1.86e+00 2.05e+00) XE:2.05e-01 (1.20e+00 1.21e+00 | 6.40e-01 6.43e-01)	6.233545e+00 5.475277e+00 : 7.805881e-01
8385(999) (1.78e+00 2.05e+00) XE:2.05e-01 (1.22e+00 1.21e+00 | 6.03e-01 6.43e-01)	6.233846e+00 5.475465e+00 : 7.806207e-01
8408(991) (2.17e+00 2.05e+00) XE:2.05e-01 (1.21e+00 1.21e+00 | 6.62e-01 6.43e-01)	6.233738e+00 5.475512e+00 : 7.806167e-01
8430(996) (2.56e+00 2.05e+00) XE:2.05e-01 (1.24e+00 1.21e+00 | 6.09e-01 6.43e-01)	6.233553e+00 5.475397e+00 : 7.805967e-01
8452(1003) (2.04e+00 2.05e+00) XE:2.05e-01 (1.22e+00 1.21e+00 | 6.50e-01 6.43e-01)	6.233395e+00 5.475438e+00 : 7.805888e-01
8474(1002) (2.20e+00 2.05e+00) XE:2.05e-01 (1.23e+00 1.21e+00 | 6.36e-01 6.43e-01)	6.233306e+00 5.475371e+00 : 7.805785e-01
8497(997) (1.95e+00 2.05e+00) XE:2.05e-01 (1.21e+00 1.21e+00 | 5.87e-01 6.43e-01)	6.233244e+00 5.475412e+00 : 7.805771e-01
8519(991) (2.48e+00 2.05e+00) XE:2.05e-01 (1.23e+00 1.21e+00 | 6.46e-01 6.43e-01)	6.233068e+00 5.475152e+00 : 7.805480e-01
8541(983) (2.08e+00 2.05e+00) XE:2.05e-01 (1.21e+00 1.21e+00 | 6.24e-01 6.43e-01)	6.232968e+00 5.475174e+00 : 7.805428e-01
8563(1011) (1.58e+00 2.05e+00) XE:2.05e-01 (1.21e+00 1.21e+00 | 6.42e-01 6.43e-01)	6.233073e+00 5.475278e+00 : 7.805567e-01
8585(996) (2.13e+00 2.05e+00) XE:2.05e-01 (1.20e+00 1.21e+00 | 5.91e-01 6.43e-01)	6.232949e+00 5.475004e+00 : 7.805302e-01
8608(1015) (1.38e+00 2.05e+00) XE:2.05e-01 (1.22e+00 1.21e+00 | 6.24e-01 6.43e-01)	6.232959e+00 5.474947e+00 : 7.805271e-01
8630(1004) (1.78e+00 2.05e+00) XE:2.05e-01 (1.21e+00 1.21e+00 | 7.10e-01 6.43e-01)	6.233044e+00 5.474965e+00 : 7.805339e-01
8652(1010) (1.78e+00 2.05e+00) XE:2.05e-01 (1.23e+00 1.21e+00 | 6.90e-01 6.43e-01)	6.232827e+00 5.474881e+00 : 7.805139e-01
8674(996) (2.06e+00 2.05e+00) XE:2.05e-01 (1.22e+00 1.21e+00 | 6.54e-01 6.43e-01)	6.232568e+00 5.474625e+00 : 7.804796e-01
8697(1018) (2.08e+00 2.05e+00) XE:2.05e-01 (1.22e+00 1.21e+00 | 6.26e-01 6.43e-01)	6.232484e+00 5.474387e+00 : 7.804581e-01
8719(1000) (2.08e+00 2.05e+00) XE:2.05e-01 (1.23e+00 1.21e+00 | 6.80e-01 6.43e-01)	6.232326e+00 5.474459e+00 : 7.804523e-01
8741(1000) (1.96e+00 2.05e+00) XE:2.05e-01 (1.23e+00 1.21e+00 | 6.09e-01 6.43e-01)	6.232220e+00 5.474562e+00 : 7.804521e-01
8763(999) (2.33e+00 2.05e+00) XE:2.05e-01 (1.25e+00 1.21e+00 | 6.68e-01 6.43e-01)	6.232484e+00 5.474788e+00 : 7.804848e-01
8785(995) (2.02e+00 2.05e+00) XE:2.05e-01 (1.24e+00 1.21e+00 | 6.82e-01 6.43e-01)	6.232611e+00 5.474867e+00 : 7.804985e-01
8808(983) (2.31e+00 2.05e+00) XE:2.05e-01 (1.22e+00 1.21e+00 | 6.72e-01 6.43e-01)	6.232066e+00 5.474545e+00 : 7.804407e-01
8830(1012) (2.15e+00 2.05e+00) XE:2.05e-01 (1.22e+00 1.21e+00 | 6.18e-01 6.43e-01)	6.232215e+00 5.474542e+00 : 7.804505e-01
8852(988) (2.26e+00 2.05e+00) XE:2.05e-01 (1.21e+00 1.21e+00 | 5.95e-01 6.43e-01)	6.232348e+00 5.474527e+00 : 7.804584e-01
8875(1005) (1.76e+00 2.05e+00) XE:2.05e-01 (1.23e+00 1.21e+00 | 6.92e-01 6.43e-01)	6.232318e+00 5.474711e+00 : 7.804686e-01
8897(1003) (2.14e+00 2.05e+00) XE:2.05e-01 (1.22e+00 1.21e+00 | 6.56e-01 6.43e-01)	6.232422e+00 5.474648e+00 : 7.804713e-01
8919(998) (2.60e+00 2.05e+00) XE:2.05e-01 (1.20e+00 1.21e+00 | 6.24e-01 6.43e-01)	6.232404e+00 5.474611e+00 : 7.804677e-01
8941(1000) (1.97e+00 2.05e+00) XE:2.05e-01 (1.23e+00 1.21e+00 | 6.56e-01 6.43e-01)	6.232390e+00 5.474525e+00 : 7.804610e-01
8963(1000) (1.82e+00 2.05e+00) XE:2.05e-01 (1.23e+00 1.21e+00 | 6.22e-01 6.43e-01)	6.231949e+00 5.474064e+00 : 7.804008e-01
8986(1002) (1.79e+00 2.05e+00) XE:2.05e-01 (1.22e+00 1.21e+00 | 6.76e-01 6.43e-01)	6.231919e+00 5.474089e+00 : 7.804005e-01
9008(1002) (2.21e+00 2.05e+00) XE:2.05e-01 (1.23e+00 1.21e+00 | 6.50e-01 6.43e-01)	6.231948e+00 5.474138e+00 : 7.804058e-01
9030(1010) (1.95e+00 2.05e+00) XE:2.05e-01 (1.24e+00 1.21e+00 | 6.78e-01 6.43e-01)	6.231818e+00 5.473953e+00 : 7.803847e-01
9052(993) (1.91e+00 2.05e+00) XE:2.05e-01 (1.23e+00 1.21e+00 | 6.66e-01 6.43e-01)	6.231939e+00 5.473899e+00 : 7.803892e-01
9074(998) (1.97e+00 2.05e+00) XE:2.05e-01 (1.22e+00 1.21e+00 | 6.07e-01 6.43e-01)	6.232012e+00 5.473960e+00 : 7.803982e-01
9097(1008) (2.55e+00 2.05e+00) XE:2.05e-01 (1.23e+00 1.21e+00 | 6.64e-01 6.43e-01)	6.231699e+00 5.473857e+00 : 7.803704e-01
9119(995) (1.98e+00 2.05e+00) XE:2.05e-01 (1.21e+00 1.21e+00 | 5.93e-01 6.43e-01)	6.231909e+00 5.473888e+00 : 7.803865e-01
9141(1001) (1.94e+00 2.05e+00) XE:2.05e-01 (1.23e+00 1.21e+00 | 6.56e-01 6.43e-01)	6.231665e+00 5.473807e+00 : 7.803648e-01
9163(1000) (2.10e+00 2.05e+00) XE:2.05e-01 (1.20e+00 1.21e+00 | 6.48e-01 6.43e-01)	6.231436e+00 5.473614e+00 : 7.803367e-01
9186(1001) (2.17e+00 2.05e+00) XE:2.05e-01 (1.22e+00 1.21e+00 | 6.66e-01 6.43e-01)	6.231119e+00 5.473241e+00 : 7.802907e-01
9208(1005) (2.26e+00 2.05e+00) XE:2.05e-01 (1.21e+00 1.21e+00 | 6.24e-01 6.43e-01)	6.230935e+00 5.473053e+00 : 7.802659e-01
9230(1003) (2.09e+00 2.05e+00) XE:2.05e-01 (1.18e+00 1.21e+00 | 6.66e-01 6.43e-01)	6.230862e+00 5.472887e+00 : 7.802500e-01
9252(1000) (1.39e+00 2.05e+00) XE:2.05e-01 (1.19e+00 1.21e+00 | 6.20e-01 6.43e-01)	6.230659e+00 5.472821e+00 : 7.802320e-01
9274(1006) (2.35e+00 2.05e+00) XE:2.05e-01 (1.22e+00 1.21e+00 | 5.51e-01 6.43e-01)	6.229687e+00 5.472035e+00 : 7.801148e-01
9296(1001) (2.45e+00 2.05e+00) XE:2.05e-01 (1.18e+00 1.21e+00 | 6.24e-01 6.43e-01)	6.229853e+00 5.472001e+00 : 7.801236e-01
9318(994) (2.14e+00 2.05e+00) XE:2.05e-01 (1.21e+00 1.21e+00 | 6.68e-01 6.43e-01)	6.229581e+00 5.471921e+00 : 7.801001e-01
9340(1004) (1.77e+00 2.05e+00) XE:2.05e-01 (1.23e+00 1.21e+00 | 6.58e-01 6.43e-01)	6.229243e+00 5.471640e+00 : 7.800589e-01
9362(996) (2.15e+00 2.05e+00) XE:2.05e-01 (1.21e+00 1.21e+00 | 6.52e-01 6.43e-01)	6.229075e+00 5.471578e+00 : 7.800435e-01
9384(1006) (1.97e+00 2.05e+00) XE:2.05e-01 (1.23e+00 1.21e+00 | 5.85e-01 6.43e-01)	6.229077e+00 5.471465e+00 : 7.800361e-01
9406(998) (2.15e+00 2.05e+00) XE:2.05e-01 (1.24e+00 1.21e+00 | 6.62e-01 6.43e-01)	6.229053e+00 5.471533e+00 : 7.800391e-01
9428(1012) (1.70e+00 2.05e+00) XE:2.05e-01 (1.21e+00 1.21e+00 | 6.54e-01 6.43e-01)	6.229113e+00 5.471519e+00 : 7.800421e-01
9451(994) (2.40e+00 2.05e+00) XE:2.05e-01 (1.21e+00 1.21e+00 | 6.70e-01 6.43e-01)	6.229137e+00 5.471444e+00 : 7.800387e-01
9473(995) (1.91e+00 2.05e+00) XE:2.05e-01 (1.23e+00 1.21e+00 | 6.70e-01 6.43e-01)	6.228849e+00 5.471210e+00 : 7.800039e-01
9495(1007) (1.54e+00 2.05e+00) XE:2.05e-01 (1.21e+00 1.21e+00 | 6.48e-01 6.43e-01)	6.229002e+00 5.471169e+00 : 7.800114e-01
9517(1004) (1.92e+00 2.05e+00) XE:2.05e-01 (1.22e+00 1.21e+00 | 6.32e-01 6.43e-01)	6.229159e+00 5.471109e+00 : 7.800179e-01
9539(993) (1.84e+00 2.05e+00) XE:2.05e-01 (1.23e+00 1.21e+00 | 5.77e-01 6.43e-01)	6.229052e+00 5.471014e+00 : 7.800044e-01
9561(1004) (2.82e+00 2.05e+00) XE:2.05e-01 (1.21e+00 1.21e+00 | 6.38e-01 6.43e-01)	6.229106e+00 5.470890e+00 : 7.799997e-01
9583(977) (2.54e+00 2.05e+00) XE:2.05e-01 (1.24e+00 1.21e+00 | 6.22e-01 6.43e-01)	6.229109e+00 5.471115e+00 : 7.800149e-01
9605(1000) (2.23e+00 2.05e+00) XE:2.05e-01 (1.22e+00 1.21e+00 | 6.62e-01 6.43e-01)	6.228840e+00 5.470935e+00 : 7.799850e-01
9627(990) (1.98e+00 2.05e+00) XE:2.05e-01 (1.24e+00 1.21e+00 | 6.74e-01 6.43e-01)	6.228483e+00 5.470901e+00 : 7.799590e-01
9649(998) (2.09e+00 2.05e+00) XE:2.05e-01 (1.19e+00 1.21e+00 | 6.34e-01 6.43e-01)	6.228485e+00 5.470984e+00 : 7.799646e-01
9671(994) (2.03e+00 2.05e+00) XE:2.05e-01 (1.20e+00 1.21e+00 | 5.93e-01 6.43e-01)	6.228416e+00 5.471137e+00 : 7.799702e-01
9694(985) (1.88e+00 2.05e+00) XE:2.05e-01 (1.24e+00 1.21e+00 | 6.18e-01 6.43e-01)	6.228004e+00 5.470886e+00 : 7.799260e-01
9716(1008) (2.08e+00 2.05e+00) XE:2.05e-01 (1.22e+00 1.21e+00 | 6.24e-01 6.43e-01)	6.227883e+00 5.470854e+00 : 7.799158e-01
9738(1004) (2.40e+00 2.05e+00) XE:2.05e-01 (1.19e+00 1.21e+00 | 6.54e-01 6.43e-01)	6.227732e+00 5.470905e+00 : 7.799091e-01
9760(1005) (2.41e+00 2.05e+00) XE:2.05e-01 (1.22e+00 1.21e+00 | 6.42e-01 6.43e-01)	6.227523e+00 5.470692e+00 : 7.798810e-01
9782(996) (1.73e+00 2.05e+00) XE:2.05e-01 (1.23e+00 1.21e+00 | 6.18e-01 6.43e-01)	6.227450e+00 5.470587e+00 : 7.798692e-01
9804(993) (1.90e+00 2.05e+00) XE:2.05e-01 (1.21e+00 1.21e+00 | 5.97e-01 6.43e-01)	6.227346e+00 5.470434e+00 : 7.798519e-01
9826(991) (2.45e+00 2.05e+00) XE:2.05e-01 (1.22e+00 1.21e+00 | 6.40e-01 6.43e-01)	6.227214e+00 5.470357e+00 : 7.798380e-01
9848(988) (2.39e+00 2.05e+00) XE:2.05e-01 (1.24e+00 1.21e+00 | 6.24e-01 6.43e-01)	6.227002e+00 5.470329e+00 : 7.798221e-01
9870(996) (1.99e+00 2.05e+00) XE:2.05e-01 (1.20e+00 1.21e+00 | 6.14e-01 6.43e-01)	6.226858e+00 5.470200e+00 : 7.798038e-01
9892(1000) (1.77e+00 2.05e+00) XE:2.05e-01 (1.20e+00 1.21e+00 | 6.50e-01 6.43e-01)	6.226995e+00 5.470418e+00 : 7.798276e-01
9914(989) (1.62e+00 2.05e+00) XE:2.05e-01 (1.20e+00 1.21e+00 | 6.44e-01 6.43e-01)	6.226763e+00 5.470560e+00 : 7.798215e-01
9936(993) (2.00e+00 2.05e+00) XE:2.05e-01 (1.21e+00 1.21e+00 | 6.84e-01 6.43e-01)	6.226765e+00 5.470613e+00 : 7.798252e-01
9959(1001) (1.74e+00 2.05e+00) XE:2.05e-01 (1.25e+00 1.21e+00 | 6.78e-01 6.43e-01)	6.226615e+00 5.470503e+00 : 7.798079e-01
9981(996) (1.51e+00 2.05e+00) XE:2.05e-01 (1.22e+00 1.21e+00 | 6.24e-01 6.43e-01)	6.226632e+00 5.470502e+00 : 7.798089e-01
10000(993) (2.14e+00 2.05e+00) XE:2.05e-01 (1.20e+00 1.21e+00 | 6.28e-01 6.43e-01)	6.226573e+00 5.470269e+00 : 7.797895e-01
RL cnt: 0,6638089,1380568,196925,0,0,0,0,0,0,0,0,0,0,0,0,
BL cnt: 0,0,0,0,0,0,0,0,1592544,0,6725142,0,1592314,0,0,0,0,0,0,0,0,
6.226573e+00 5.470269e+00 : 7.797895e-01
# InnerCodebook: deleted
# NBIDSchannel: deleted
# Gtable: deleted
# FBalg4: deleted
# StatICB: deleted
