# (Pid,Ps)=(3.000000e-02,1.000000e-03) Nseg=250 WinSize=10 [0]
# InnerCB: ICB/1/4_06_1a.bin
# Gtable:  Gtable/4/030_001.bin
# InnerCodebook: beta=4(256) nu=1
# InnerCodebook: B(B2p)=6(64) 
# InnerCodebook: checked CWM, EncMap, DecMap
# beta=4(256) N=1000 Dmax=35
# NBIDSchannel: N=1000 Q=4 Dmax=35 (Pid,Ps)=(3.000000e-02,1.000000e-03)
# FBalg4: Nseg=250 Dmax=35(w=71)
# FBalg4: Gtable: Gtable/4/030_001.bin
# Gtable: beta=4 (Pid,Ps,Ptrn)=(3.000000e-02,1.000000e-03,9.400000e-01) Pth=1.000000e-10
# Gtable: beta4p=256 beta4pp=65536
# Gtable::Gtable len=0 cnt=256
# Gtable::Gtable len=1 cnt=1024
# Gtable::Gtable len=2 cnt=4096
# Gtable::Gtable len=3 cnt=13732
# Gtable::Gtable len=4 cnt=40984
# Gtable::Gtable len=5 cnt=57292
# Gtable::Gtable len=6 cnt=65560
# Gtable::Gtable len=7 cnt=15676
# Gtable::Gtable len=8 cnt=6400
# FBalg4: beta=4(256) (Pid,Ps)=(3.000000e-02,1.000000e-03) Pth=1.000000e-10 N=1000
0092(1018) (2.65e+00 3.73e+00) XE:4.66e-01 (1.12e+00 1.14e+00 | 5.11e-01 5.00e-01)
0191(1002) (3.80e+00 3.69e+00) XE:4.61e-01 (1.15e+00 1.14e+00 | 5.03e-01 4.99e-01)
0289(1002) (4.06e+00 3.68e+00) XE:4.60e-01 (1.16e+00 1.14e+00 | 4.82e-01 4.98e-01)
0388(992) (3.93e+00 3.70e+00) XE:4.62e-01 (1.13e+00 1.14e+00 | 5.01e-01 4.99e-01)
0486(1004) (4.10e+00 3.69e+00) XE:4.61e-01 (1.15e+00 1.14e+00 | 4.66e-01 4.99e-01)
0585(997) (5.48e+00 3.68e+00) XE:4.60e-01 (1.14e+00 1.14e+00 | 5.07e-01 4.99e-01)
0683(1003) (3.30e+00 3.68e+00) XE:4.60e-01 (1.12e+00 1.14e+00 | 5.03e-01 4.99e-01)
0782(991) (3.35e+00 3.69e+00) XE:4.62e-01 (1.14e+00 1.14e+00 | 4.84e-01 4.99e-01)
0881(1005) (3.91e+00 3.70e+00) XE:4.62e-01 (1.15e+00 1.14e+00 | 4.98e-01 4.99e-01)
0979(1000) (3.92e+00 3.70e+00) XE:4.63e-01 (1.15e+00 1.14e+00 | 5.03e-01 4.99e-01)
1078(998) (3.76e+00 3.70e+00) XE:4.63e-01 (1.14e+00 1.14e+00 | 4.94e-01 4.99e-01)
1177(1000) (3.09e+00 3.70e+00) XE:4.63e-01 (1.13e+00 1.14e+00 | 4.82e-01 4.99e-01)
1275(1000) (3.36e+00 3.70e+00) XE:4.63e-01 (1.17e+00 1.14e+00 | 4.94e-01 4.99e-01)
1374(987) (3.56e+00 3.71e+00) XE:4.63e-01 (1.13e+00 1.14e+00 | 4.96e-01 4.99e-01)
1472(1012) (4.05e+00 3.70e+00) XE:4.63e-01 (1.15e+00 1.14e+00 | 4.56e-01 4.99e-01)
1571(1009) (3.42e+00 3.70e+00) XE:4.63e-01 (1.17e+00 1.14e+00 | 5.21e-01 4.99e-01)
1670(999) (3.71e+00 3.71e+00) XE:4.63e-01 (1.15e+00 1.14e+00 | 5.15e-01 4.99e-01)
1768(996) (3.11e+00 3.70e+00) XE:4.63e-01 (1.15e+00 1.14e+00 | 5.43e-01 4.99e-01)
1867(994) (4.32e+00 3.70e+00) XE:4.63e-01 (1.14e+00 1.14e+00 | 5.13e-01 4.99e-01)
1965(995) (3.92e+00 3.70e+00) XE:4.63e-01 (1.14e+00 1.14e+00 | 4.80e-01 4.99e-01)
2064(1010) (3.91e+00 3.70e+00) XE:4.63e-01 (1.14e+00 1.14e+00 | 5.01e-01 4.99e-01)
2163(1016) (3.14e+00 3.70e+00) XE:4.63e-01 (1.16e+00 1.14e+00 | 4.88e-01 4.99e-01)
2261(1016) (3.05e+00 3.70e+00) XE:4.63e-01 (1.13e+00 1.14e+00 | 5.45e-01 4.99e-01)
2360(1000) (4.19e+00 3.70e+00) XE:4.63e-01 (1.12e+00 1.14e+00 | 5.01e-01 4.99e-01)
2458(1011) (3.10e+00 3.70e+00) XE:4.63e-01 (1.13e+00 1.14e+00 | 5.05e-01 4.99e-01)
2557(990) (3.25e+00 3.70e+00) XE:4.63e-01 (1.16e+00 1.14e+00 | 5.05e-01 4.99e-01)
2655(997) (5.25e+00 3.70e+00) XE:4.63e-01 (1.13e+00 1.14e+00 | 4.80e-01 4.99e-01)
2754(1004) (4.43e+00 3.70e+00) XE:4.63e-01 (1.15e+00 1.14e+00 | 4.58e-01 5.00e-01)
2852(998) (4.55e+00 3.70e+00) XE:4.63e-01 (1.12e+00 1.14e+00 | 5.15e-01 4.99e-01)
2951(994) (3.53e+00 3.70e+00) XE:4.63e-01 (1.14e+00 1.14e+00 | 5.01e-01 4.99e-01)
3050(999) (3.57e+00 3.70e+00) XE:4.63e-01 (1.14e+00 1.14e+00 | 4.96e-01 4.99e-01)
3148(997) (3.85e+00 3.70e+00) XE:4.63e-01 (1.13e+00 1.14e+00 | 4.88e-01 4.99e-01)
3247(989) (3.68e+00 3.70e+00) XE:4.63e-01 (1.15e+00 1.14e+00 | 4.98e-01 4.99e-01)
3345(1000) (3.32e+00 3.70e+00) XE:4.63e-01 (1.14e+00 1.14e+00 | 5.01e-01 4.99e-01)
3444(997) (4.07e+00 3.71e+00) XE:4.63e-01 (1.14e+00 1.14e+00 | 5.07e-01 5.00e-01)
3543(1006) (3.32e+00 3.71e+00) XE:4.63e-01 (1.15e+00 1.14e+00 | 4.94e-01 5.00e-01)
3641(1000) (3.27e+00 3.70e+00) XE:4.63e-01 (1.14e+00 1.14e+00 | 4.88e-01 5.00e-01)
3740(1007) (3.72e+00 3.70e+00) XE:4.63e-01 (1.14e+00 1.14e+00 | 4.90e-01 5.00e-01)
3838(1014) (3.93e+00 3.70e+00) XE:4.63e-01 (1.14e+00 1.14e+00 | 5.13e-01 5.00e-01)
3937(993) (3.30e+00 3.70e+00) XE:4.63e-01 (1.15e+00 1.14e+00 | 4.90e-01 5.00e-01)
4035(996) (3.29e+00 3.70e+00) XE:4.63e-01 (1.16e+00 1.14e+00 | 4.98e-01 5.00e-01)
4134(1012) (4.42e+00 3.70e+00) XE:4.63e-01 (1.15e+00 1.14e+00 | 5.23e-01 5.00e-01)
4233(1005) (3.92e+00 3.70e+00) XE:4.63e-01 (1.15e+00 1.14e+00 | 4.96e-01 5.00e-01)
4331(1005) (4.03e+00 3.70e+00) XE:4.63e-01 (1.14e+00 1.14e+00 | 5.69e-01 5.00e-01)
4430(1000) (3.93e+00 3.71e+00) XE:4.63e-01 (1.15e+00 1.14e+00 | 4.90e-01 5.00e-01)
4528(1003) (3.22e+00 3.71e+00) XE:4.63e-01 (1.14e+00 1.14e+00 | 5.05e-01 5.00e-01)
4627(993) (3.45e+00 3.71e+00) XE:4.63e-01 (1.12e+00 1.14e+00 | 4.80e-01 5.00e-01)
4726(996) (4.21e+00 3.70e+00) XE:4.63e-01 (1.14e+00 1.14e+00 | 4.96e-01 5.00e-01)
4824(1013) (3.52e+00 3.70e+00) XE:4.63e-01 (1.14e+00 1.14e+00 | 5.25e-01 5.00e-01)
4923(990) (3.76e+00 3.70e+00) XE:4.63e-01 (1.15e+00 1.14e+00 | 4.74e-01 5.00e-01)
5021(989) (3.55e+00 3.70e+00) XE:4.63e-01 (1.13e+00 1.14e+00 | 4.94e-01 5.00e-01)
5120(983) (4.22e+00 3.70e+00) XE:4.63e-01 (1.15e+00 1.14e+00 | 5.13e-01 5.00e-01)
5218(1006) (3.62e+00 3.70e+00) XE:4.63e-01 (1.14e+00 1.14e+00 | 5.35e-01 5.00e-01)
5317(1001) (3.16e+00 3.70e+00) XE:4.63e-01 (1.11e+00 1.14e+00 | 5.27e-01 5.00e-01)
5416(993) (3.41e+00 3.70e+00) XE:4.63e-01 (1.14e+00 1.14e+00 | 5.05e-01 5.00e-01)
5514(995) (3.59e+00 3.71e+00) XE:4.63e-01 (1.14e+00 1.14e+00 | 5.03e-01 5.00e-01)
5613(990) (4.14e+00 3.71e+00) XE:4.63e-01 (1.12e+00 1.14e+00 | 5.11e-01 5.00e-01)
5711(1011) (3.09e+00 3.71e+00) XE:4.63e-01 (1.15e+00 1.14e+00 | 5.17e-01 5.00e-01)
5810(1006) (3.64e+00 3.71e+00) XE:4.63e-01 (1.16e+00 1.14e+00 | 5.09e-01 5.00e-01)
5908(995) (3.37e+00 3.71e+00) XE:4.63e-01 (1.15e+00 1.14e+00 | 4.56e-01 5.00e-01)
6007(980) (3.86e+00 3.71e+00) XE:4.64e-01 (1.12e+00 1.14e+00 | 4.94e-01 5.00e-01)
6106(1005) (4.41e+00 3.71e+00) XE:4.64e-01 (1.11e+00 1.14e+00 | 5.37e-01 5.00e-01)
6204(1005) (3.47e+00 3.71e+00) XE:4.64e-01 (1.11e+00 1.14e+00 | 5.05e-01 5.00e-01)
6303(1006) (3.66e+00 3.71e+00) XE:4.63e-01 (1.12e+00 1.14e+00 | 5.03e-01 5.00e-01)
6401(998) (3.88e+00 3.71e+00) XE:4.63e-01 (1.15e+00 1.14e+00 | 5.03e-01 5.00e-01)
6500(998) (3.27e+00 3.71e+00) XE:4.63e-01 (1.14e+00 1.14e+00 | 5.23e-01 5.00e-01)
6599(1012) (3.53e+00 3.71e+00) XE:4.63e-01 (1.14e+00 1.14e+00 | 4.94e-01 5.00e-01)
6697(990) (3.60e+00 3.71e+00) XE:4.63e-01 (1.15e+00 1.14e+00 | 4.50e-01 5.00e-01)
6796(1012) (3.64e+00 3.71e+00) XE:4.63e-01 (1.13e+00 1.14e+00 | 4.70e-01 5.00e-01)
6894(1003) (3.54e+00 3.71e+00) XE:4.63e-01 (1.15e+00 1.14e+00 | 4.96e-01 5.00e-01)
6993(1005) (3.23e+00 3.71e+00) XE:4.63e-01 (1.13e+00 1.14e+00 | 5.33e-01 5.00e-01)
7091(992) (3.48e+00 3.71e+00) XE:4.63e-01 (1.14e+00 1.14e+00 | 4.68e-01 5.00e-01)
7190(1004) (3.14e+00 3.70e+00) XE:4.63e-01 (1.13e+00 1.14e+00 | 4.84e-01 5.00e-01)
7289(998) (4.01e+00 3.71e+00) XE:4.63e-01 (1.14e+00 1.14e+00 | 5.01e-01 5.00e-01)
7387(993) (3.62e+00 3.71e+00) XE:4.63e-01 (1.17e+00 1.14e+00 | 4.86e-01 5.00e-01)
7486(990) (3.35e+00 3.71e+00) XE:4.63e-01 (1.14e+00 1.14e+00 | 4.80e-01 5.00e-01)
7584(990) (3.40e+00 3.71e+00) XE:4.63e-01 (1.13e+00 1.14e+00 | 4.78e-01 5.00e-01)
7683(993) (4.11e+00 3.70e+00) XE:4.63e-01 (1.12e+00 1.14e+00 | 5.37e-01 5.00e-01)
7781(1003) (3.47e+00 3.70e+00) XE:4.63e-01 (1.14e+00 1.14e+00 | 5.05e-01 5.00e-01)
7880(998) (5.41e+00 3.70e+00) XE:4.63e-01 (1.15e+00 1.14e+00 | 5.33e-01 5.00e-01)
7979(1009) (3.78e+00 3.70e+00) XE:4.63e-01 (1.14e+00 1.14e+00 | 4.92e-01 5.00e-01)
8077(992) (4.20e+00 3.70e+00) XE:4.63e-01 (1.13e+00 1.14e+00 | 4.36e-01 5.00e-01)
8176(999) (3.27e+00 3.70e+00) XE:4.62e-01 (1.12e+00 1.14e+00 | 4.94e-01 5.00e-01)
8274(993) (4.13e+00 3.70e+00) XE:4.62e-01 (1.14e+00 1.14e+00 | 5.05e-01 5.00e-01)
8373(1000) (3.56e+00 3.70e+00) XE:4.62e-01 (1.15e+00 1.14e+00 | 4.68e-01 5.00e-01)
8472(998) (4.65e+00 3.70e+00) XE:4.62e-01 (1.13e+00 1.14e+00 | 5.01e-01 5.00e-01)
8570(1000) (3.38e+00 3.70e+00) XE:4.62e-01 (1.14e+00 1.14e+00 | 5.07e-01 5.00e-01)
8669(990) (3.82e+00 3.70e+00) XE:4.62e-01 (1.13e+00 1.14e+00 | 4.98e-01 5.00e-01)
8767(998) (3.80e+00 3.70e+00) XE:4.62e-01 (1.18e+00 1.14e+00 | 4.98e-01 5.00e-01)
8866(1012) (3.88e+00 3.70e+00) XE:4.62e-01 (1.13e+00 1.14e+00 | 4.90e-01 5.00e-01)
8965(990) (3.56e+00 3.70e+00) XE:4.62e-01 (1.15e+00 1.14e+00 | 5.57e-01 5.00e-01)
9063(1007) (3.76e+00 3.70e+00) XE:4.62e-01 (1.15e+00 1.14e+00 | 4.74e-01 5.00e-01)
9162(994) (4.62e+00 3.70e+00) XE:4.63e-01 (1.14e+00 1.14e+00 | 4.64e-01 5.00e-01)
9260(1005) (3.36e+00 3.70e+00) XE:4.63e-01 (1.14e+00 1.14e+00 | 5.17e-01 5.00e-01)
9359(1004) (3.88e+00 3.70e+00) XE:4.63e-01 (1.15e+00 1.14e+00 | 5.03e-01 5.00e-01)
9458(1007) (3.35e+00 3.70e+00) XE:4.62e-01 (1.17e+00 1.14e+00 | 4.86e-01 5.00e-01)
9556(1002) (3.09e+00 3.70e+00) XE:4.62e-01 (1.15e+00 1.14e+00 | 4.88e-01 5.00e-01)
9655(997) (3.89e+00 3.70e+00) XE:4.62e-01 (1.15e+00 1.14e+00 | 4.98e-01 5.00e-01)
9753(1011) (4.34e+00 3.70e+00) XE:4.63e-01 (1.15e+00 1.14e+00 | 4.68e-01 5.00e-01)
9852(987) (3.30e+00 3.70e+00) XE:4.62e-01 (1.16e+00 1.14e+00 | 4.98e-01 5.00e-01)
9951(1009) (3.59e+00 3.70e+00) XE:4.62e-01 (1.13e+00 1.14e+00 | 4.78e-01 5.00e-01)
10000(1001) (3.09e+00 3.70e+00) XE:4.62e-01 (1.14e+00 1.14e+00 | 4.94e-01 5.00e-01)
RL cnt: 0,7491992,1249004,0,0,0,0,0,0,0,0,0,0,0,0,0,
BL cnt: 0,0,0,0,0,0,0,0,1237970,0,7434091,0,1237939,0,0,0,0,0,0,0,0,
# InnerCodebook: deleted
# NBIDSchannel: deleted
# Gtable: deleted
# FBalg4: deleted
