# (Pid,Ps)=(3.000000e-02,1.000000e-02) Nseg=10000 [0]
# InnerCB: ICB/marker/5_1_0.bin
# Gtable:  Gtable/1/030_010.bin
# InnerCodebook: beta=1(4) nu=6
# InnerCodebook: B(B2p)=2(4) 2(4) 2(4) 2(4) 2(4) 0(1) 
# InnerCodebook: checked CWM, EncMap, DecMap
# beta=1(4) nu=6 N=10000 Dmax=305
# B=2,2,2,2,2,0,
# NBIDSchannel: N=10000 Q=4 Dmax=305 (Pid,Ps)=(3.000000e-02,1.000000e-02)
# FBalg4: Nseg=10000 Dmax=305(w=611)
# FBalg4: Gtable: Gtable/1/030_010.bin
# Gtable: beta=1 (Pid,Ps,Ptrn)=(3.000000e-02,1.000000e-02,9.400000e-01) Pth=1.000000e-10
# Gtable: beta4p=4 beta4pp=16
# Gtable::Gtable len=0 cnt=4
# Gtable::Gtable len=1 cnt=16
# Gtable::Gtable len=2 cnt=64
# FBalg4: beta=1(4) (Pid,Ps)=(3.000000e-02,1.000000e-02) Pth=1.000000e-10 N=10000
(Y:1.817737e+00 X:1.666800e+00 XY:2.099316e+00 I:1.385221e+00)
0001(9977): (1.385221e+00 1.385221e+00) 6.926103e-01
(Y:1.816925e+00 X:1.666800e+00 XY:2.112387e+00 I:1.371339e+00)
0002(10028): (1.371339e+00 1.378280e+00) 6.891398e-01
(Y:1.815953e+00 X:1.666800e+00 XY:2.103030e+00 I:1.379724e+00)
0003(9964): (1.379724e+00 1.378761e+00) 6.893805e-01
(Y:1.825162e+00 X:1.666800e+00 XY:2.117815e+00 I:1.374147e+00)
0004(9998): (1.374147e+00 1.377607e+00) 6.888037e-01
(Y:1.813137e+00 X:1.666800e+00 XY:2.081039e+00 I:1.398897e+00)
0005(10031): (1.398897e+00 1.381865e+00) 6.909327e-01
(Y:1.811287e+00 X:1.666800e+00 XY:2.092774e+00 I:1.385312e+00)
0006(10009): (1.385312e+00 1.382440e+00) 6.912200e-01
(Y:1.821441e+00 X:1.666800e+00 XY:2.112461e+00 I:1.375780e+00)
0007(9993): (1.375780e+00 1.381489e+00) 6.907443e-01
(Y:1.811264e+00 X:1.666800e+00 XY:2.097981e+00 I:1.380082e+00)
0008(9967): (1.380082e+00 1.381313e+00) 6.906564e-01
(Y:1.812588e+00 X:1.666800e+00 XY:2.101660e+00 I:1.377728e+00)
0009(9991): (1.377728e+00 1.380914e+00) 6.904572e-01
(Y:1.815637e+00 X:1.666800e+00 XY:2.096406e+00 I:1.386031e+00)
0010(10019): (1.386031e+00 1.381426e+00) 6.907130e-01
# InnerCodebook: deleted
# NBIDSchannel: deleted
# Gtable: deleted
# FBalg4: deleted
