# (Pid,Ps)=(3.000000e-02,1.000000e-03) Nseg=10000 [0]
# InnerCB: ICB/marker/5_1_0.bin
# Gtable:  Gtable/1/030_001.bin
# InnerCodebook: beta=1(4) nu=6
# InnerCodebook: B(B2p)=2(4) 2(4) 2(4) 2(4) 2(4) 0(1) 
# InnerCodebook: checked CWM, EncMap, DecMap
# beta=1(4) nu=6 N=10000 Dmax=305
# B=2,2,2,2,2,0,
# NBIDSchannel: N=10000 Q=4 Dmax=305 (Pid,Ps)=(3.000000e-02,1.000000e-03)
# FBalg4: Nseg=10000 Dmax=305(w=611)
# FBalg4: Gtable: Gtable/1/030_001.bin
# Gtable: beta=1 (Pid,Ps,Ptrn)=(3.000000e-02,1.000000e-03,9.400000e-01) Pth=1.000000e-10
# Gtable: beta4p=4 beta4pp=16
# Gtable::Gtable len=0 cnt=4
# Gtable::Gtable len=1 cnt=16
# Gtable::Gtable len=2 cnt=64
# FBalg4: beta=1(4) (Pid,Ps)=(3.000000e-02,1.000000e-03) Pth=1.000000e-10 N=10000
(Y:1.813111e+00 X:1.666800e+00 XY:2.034821e+00 I:1.445090e+00)
0001(9977): (1.445090e+00 1.445090e+00) 7.225449e-01
(Y:1.820137e+00 X:1.666800e+00 XY:2.031647e+00 I:1.455290e+00)
0002(10032): (1.455290e+00 1.450190e+00) 7.250949e-01
(Y:1.811874e+00 X:1.666800e+00 XY:2.032019e+00 I:1.446656e+00)
0003(9963): (1.446656e+00 1.449012e+00) 7.245059e-01
(Y:1.811679e+00 X:1.666800e+00 XY:2.026272e+00 I:1.452206e+00)
0004(9994): (1.452206e+00 1.449810e+00) 7.249052e-01
(Y:1.807891e+00 X:1.666800e+00 XY:2.011349e+00 I:1.463342e+00)
0005(10029): (1.463342e+00 1.452517e+00) 7.262583e-01
(Y:1.808327e+00 X:1.666800e+00 XY:2.021301e+00 I:1.453826e+00)
0006(10002): (1.453826e+00 1.452735e+00) 7.263675e-01
(Y:1.817760e+00 X:1.666800e+00 XY:2.033730e+00 I:1.450830e+00)
0007(10007): (1.450830e+00 1.452463e+00) 7.262314e-01
(Y:1.804087e+00 X:1.666800e+00 XY:2.010452e+00 I:1.460435e+00)
0008(9975): (1.460435e+00 1.453459e+00) 7.267297e-01
(Y:1.810492e+00 X:1.666800e+00 XY:2.014316e+00 I:1.462976e+00)
0009(10005): (1.462976e+00 1.454517e+00) 7.272584e-01
(Y:1.808115e+00 X:1.666800e+00 XY:2.024033e+00 I:1.450882e+00)
0010(10011): (1.450882e+00 1.454153e+00) 7.270767e-01
# InnerCodebook: deleted
# NBIDSchannel: deleted
# Gtable: deleted
# FBalg4: deleted
