# (Pid,Ps)=(4.000000e-02,1.000000e-03) Nseg=10000 [0]
# InnerCB: ICB/marker/5_1_0.bin
# Gtable:  Gtable/1/040_001.bin
# InnerCodebook: beta=1(4) nu=6
# InnerCodebook: B(B2p)=2(4) 2(4) 2(4) 2(4) 2(4) 0(1) 
# InnerCodebook: checked CWM, EncMap, DecMap
# beta=1(4) nu=6 N=10000 Dmax=405
# B=2,2,2,2,2,0,
# NBIDSchannel: N=10000 Q=4 Dmax=405 (Pid,Ps)=(4.000000e-02,1.000000e-03)
# FBalg4: Nseg=10000 Dmax=405(w=811)
# FBalg4: Gtable: Gtable/1/040_001.bin
# Gtable: beta=1 (Pid,Ps,Ptrn)=(4.000000e-02,1.000000e-03,9.200000e-01) Pth=1.000000e-10
# Gtable: beta4p=4 beta4pp=16
# Gtable::Gtable len=0 cnt=4
# Gtable::Gtable len=1 cnt=16
# Gtable::Gtable len=2 cnt=64
# FBalg4: beta=1(4) (Pid,Ps)=(4.000000e-02,1.000000e-03) Pth=1.000000e-10 N=10000
(Y:1.820613e+00 X:1.666800e+00 XY:2.119483e+00 I:1.367930e+00)
0001(9999): (1.367930e+00 1.367930e+00) 6.839648e-01
(Y:1.817851e+00 X:1.666800e+00 XY:2.110102e+00 I:1.374549e+00)
0002(10032): (1.374549e+00 1.371239e+00) 6.856196e-01
(Y:1.806131e+00 X:1.666800e+00 XY:2.099756e+00 I:1.373175e+00)
0003(9961): (1.373175e+00 1.371885e+00) 6.859423e-01
(Y:1.822073e+00 X:1.666800e+00 XY:2.112958e+00 I:1.375916e+00)
0004(9993): (1.375916e+00 1.372892e+00) 6.864462e-01
(Y:1.811226e+00 X:1.666800e+00 XY:2.097127e+00 I:1.380900e+00)
0005(10023): (1.380900e+00 1.374494e+00) 6.872469e-01
(Y:1.816741e+00 X:1.666800e+00 XY:2.106712e+00 I:1.376828e+00)
0006(10009): (1.376828e+00 1.374883e+00) 6.874415e-01
(Y:1.824825e+00 X:1.666800e+00 XY:2.134445e+00 I:1.357181e+00)
0007(9989): (1.357181e+00 1.372354e+00) 6.861770e-01
(Y:1.813197e+00 X:1.666800e+00 XY:2.098752e+00 I:1.381246e+00)
0008(9967): (1.381246e+00 1.373465e+00) 6.867327e-01
(Y:1.812811e+00 X:1.666800e+00 XY:2.111235e+00 I:1.368376e+00)
0009(9967): (1.368376e+00 1.372900e+00) 6.864500e-01
(Y:1.812444e+00 X:1.666800e+00 XY:2.104947e+00 I:1.374297e+00)
0010(9989): (1.374297e+00 1.373040e+00) 6.865198e-01
# InnerCodebook: deleted
# NBIDSchannel: deleted
# Gtable: deleted
# FBalg4: deleted
