# (Pid,Ps)=(5.000000e-02,1.000000e-03) Nseg=10000 [0]
# InnerCB: ICB/marker/5_1_0.bin
# Gtable:  Gtable/1/050_001.bin
# InnerCodebook: beta=1(4) nu=6
# InnerCodebook: B(B2p)=2(4) 2(4) 2(4) 2(4) 2(4) 0(1) 
# InnerCodebook: checked CWM, EncMap, DecMap
# beta=1(4) nu=6 N=10000 Dmax=505
# B=2,2,2,2,2,0,
# NBIDSchannel: N=10000 Q=4 Dmax=505 (Pid,Ps)=(5.000000e-02,1.000000e-03)
# FBalg4: Nseg=10000 Dmax=505(w=1011)
# FBalg4: Gtable: Gtable/1/050_001.bin
# Gtable: beta=1 (Pid,Ps,Ptrn)=(5.000000e-02,1.000000e-03,9.000000e-01) Pth=1.000000e-10
# Gtable: beta4p=4 beta4pp=16
# Gtable::Gtable len=0 cnt=4
# Gtable::Gtable len=1 cnt=16
# Gtable::Gtable len=2 cnt=64
# FBalg4: beta=1(4) (Pid,Ps)=(5.000000e-02,1.000000e-03) Pth=1.000000e-10 N=10000
(Y:1.815546e+00 X:1.666800e+00 XY:2.197697e+00 I:1.284648e+00)
0001(10021): (1.284648e+00 1.284648e+00) 6.423242e-01
(Y:1.817620e+00 X:1.666800e+00 XY:2.181281e+00 I:1.303138e+00)
0002(10045): (1.303138e+00 1.293893e+00) 6.469467e-01
(Y:1.812142e+00 X:1.666800e+00 XY:2.173694e+00 I:1.305249e+00)
0003(9983): (1.305249e+00 1.297679e+00) 6.488393e-01
(Y:1.818654e+00 X:1.666800e+00 XY:2.181249e+00 I:1.304205e+00)
0004(10005): (1.304205e+00 1.299310e+00) 6.496551e-01
(Y:1.809301e+00 X:1.666800e+00 XY:2.173524e+00 I:1.302577e+00)
0005(10026): (1.302577e+00 1.299964e+00) 6.499818e-01
(Y:1.814226e+00 X:1.666800e+00 XY:2.183791e+00 I:1.297235e+00)
0006(10002): (1.297235e+00 1.299509e+00) 6.497545e-01
(Y:1.810791e+00 X:1.666800e+00 XY:2.182276e+00 I:1.295315e+00)
0007(9994): (1.295315e+00 1.298910e+00) 6.494549e-01
(Y:1.812832e+00 X:1.666800e+00 XY:2.177312e+00 I:1.302320e+00)
0008(9972): (1.302320e+00 1.299336e+00) 6.496680e-01
(Y:1.816066e+00 X:1.666800e+00 XY:2.182049e+00 I:1.300817e+00)
0009(9992): (1.300817e+00 1.299501e+00) 6.497503e-01
(Y:1.809405e+00 X:1.666800e+00 XY:2.160032e+00 I:1.316173e+00)
0010(9971): (1.316173e+00 1.301168e+00) 6.505839e-01
# InnerCodebook: deleted
# NBIDSchannel: deleted
# Gtable: deleted
# FBalg4: deleted
