# (Pid,Ps)=(1.000000e-02,1.000000e-03) Nseg=333 WinSize=10 [0]
# InnerCB: ICB/1/3_05_1.bin
# Gtable:  Gtable/3/010_001.bin
# InnerCodebook: beta=3(64) nu=1
# InnerCodebook: B(B2p)=5(32) 
# InnerCodebook: checked CWM, EncMap, DecMap
# beta=3(64) N=999 Dmax=15
# NBIDSchannel: N=999 Q=4 Dmax=15 (Pid,Ps)=(1.000000e-02,1.000000e-03)
# FBalg4: Nseg=333 Dmax=15(w=31)
# FBalg4: Gtable: Gtable/3/010_001.bin
# Gtable: beta=3 (Pid,Ps,Ptrn)=(1.000000e-02,1.000000e-03,9.800000e-01) Pth=1.000000e-10
# Gtable: beta4p=64 beta4pp=4096
# Gtable::Gtable len=0 cnt=64
# Gtable::Gtable len=1 cnt=256
# Gtable::Gtable len=2 cnt=1024
# Gtable::Gtable len=3 cnt=2572
# Gtable::Gtable len=4 cnt=6664
# Gtable::Gtable len=5 cnt=2140
# Gtable::Gtable len=6 cnt=1216
# FBalg4: beta=3(64) (Pid,Ps)=(1.000000e-02,1.000000e-03) Pth=1.000000e-10 N=999
0842(999) (1.04e+00 1.15e+00) XE:1.92e-01 (1.19e+00 1.17e+00 | 1.53e+00 1.46e+00)
1743(1003) (1.33e+00 1.13e+00) XE:1.89e-01 (1.15e+00 1.17e+00 | 1.39e+00 1.46e+00)
2645(1006) (7.20e-01 1.14e+00) XE:1.89e-01 (1.15e+00 1.17e+00 | 1.45e+00 1.46e+00)
3547(993) (4.93e-01 1.14e+00) XE:1.89e-01 (1.17e+00 1.17e+00 | 1.58e+00 1.46e+00)
4448(999) (9.56e-01 1.14e+00) XE:1.90e-01 (1.21e+00 1.17e+00 | 1.44e+00 1.46e+00)
5348(995) (7.82e-01 1.14e+00) XE:1.90e-01 (1.15e+00 1.17e+00 | 1.46e+00 1.46e+00)
6250(995) (4.34e-01 1.14e+00) XE:1.90e-01 (1.17e+00 1.17e+00 | 1.40e+00 1.46e+00)
7151(991) (3.99e+00 1.14e+00) XE:1.90e-01 (1.19e+00 1.17e+00 | 1.38e+00 1.46e+00)
8052(1004) (1.19e+00 1.13e+00) XE:1.89e-01 (1.18e+00 1.17e+00 | 1.45e+00 1.46e+00)
8953(1006) (1.25e+00 1.13e+00) XE:1.89e-01 (1.16e+00 1.17e+00 | 1.37e+00 1.46e+00)
9854(995) (1.06e+00 1.13e+00) XE:1.89e-01 (1.16e+00 1.17e+00 | 1.52e+00 1.46e+00)
10000(998) (2.51e+00 1.13e+00) XE:1.89e-01 (1.17e+00 1.17e+00 | 1.38e+00 1.46e+00)
RL cnt: 0,7172167,1247159,104082,0,0,0,0,0,0,0,0,0,0,0,0,
BL cnt: 0,0,0,0,0,0,567919,0,2473763,0,3812617,0,2476568,0,569133,0,0,0,0,0,0,
# InnerCodebook: deleted
# NBIDSchannel: deleted
# Gtable: deleted
# FBalg4: deleted
