# (Pid,Ps)=(2.500000e-02,1.000000e-02) Nseg=333 WinSize=10 [0]
# InnerCB: ICB/1/3_05_1.bin
# Gtable:  Gtable/3/025_010.bin
# InnerCodebook: beta=3(64) nu=1
# InnerCodebook: B(B2p)=5(32) 
# InnerCodebook: checked CWM, EncMap, DecMap
# beta=3(64) N=999 Dmax=30
# NBIDSchannel: N=999 Q=4 Dmax=30 (Pid,Ps)=(2.500000e-02,1.000000e-02)
# FBalg4: Nseg=333 Dmax=30(w=61)
# FBalg4: Gtable: Gtable/3/025_010.bin
# Gtable: beta=3 (Pid,Ps,Ptrn)=(2.500000e-02,1.000000e-02,9.500000e-01) Pth=1.000000e-10
# Gtable: beta4p=64 beta4pp=4096
# Gtable::Gtable len=0 cnt=64
# Gtable::Gtable len=1 cnt=256
# Gtable::Gtable len=2 cnt=1024
# Gtable::Gtable len=3 cnt=4096
# Gtable::Gtable len=4 cnt=13468
# Gtable::Gtable len=5 cnt=11644
# Gtable::Gtable len=6 cnt=9856
# FBalg4: beta=3(64) (Pid,Ps)=(2.500000e-02,1.000000e-02) Pth=1.000000e-10 N=999
0293(1004) (3.27e+00 2.84e+00) XE:4.73e-01 (1.17e+00 1.17e+00 | 1.42e+00 1.45e+00)
0599(1004) (3.65e+00 2.86e+00) XE:4.77e-01 (1.21e+00 1.17e+00 | 1.48e+00 1.45e+00)
0905(990) (2.99e+00 2.87e+00) XE:4.78e-01 (1.17e+00 1.17e+00 | 1.44e+00 1.46e+00)
1212(1005) (1.96e+00 2.86e+00) XE:4.77e-01 (1.18e+00 1.17e+00 | 1.47e+00 1.46e+00)
1518(1005) (2.38e+00 2.86e+00) XE:4.77e-01 (1.14e+00 1.17e+00 | 1.38e+00 1.46e+00)
1824(996) (2.37e+00 2.86e+00) XE:4.76e-01 (1.16e+00 1.17e+00 | 1.48e+00 1.46e+00)
2130(999) (2.60e+00 2.85e+00) XE:4.75e-01 (1.16e+00 1.17e+00 | 1.50e+00 1.46e+00)
2436(997) (3.25e+00 2.84e+00) XE:4.74e-01 (1.15e+00 1.17e+00 | 1.47e+00 1.46e+00)
2742(1005) (2.54e+00 2.85e+00) XE:4.74e-01 (1.18e+00 1.17e+00 | 1.65e+00 1.46e+00)
3049(984) (2.50e+00 2.84e+00) XE:4.74e-01 (1.17e+00 1.17e+00 | 1.43e+00 1.46e+00)
3355(1008) (2.80e+00 2.84e+00) XE:4.74e-01 (1.15e+00 1.17e+00 | 1.53e+00 1.46e+00)
3661(1004) (2.66e+00 2.84e+00) XE:4.74e-01 (1.16e+00 1.17e+00 | 1.40e+00 1.46e+00)
3967(998) (3.06e+00 2.84e+00) XE:4.74e-01 (1.16e+00 1.17e+00 | 1.55e+00 1.46e+00)
4273(981) (2.77e+00 2.84e+00) XE:4.73e-01 (1.18e+00 1.17e+00 | 1.45e+00 1.46e+00)
4579(983) (2.77e+00 2.84e+00) XE:4.73e-01 (1.16e+00 1.17e+00 | 1.47e+00 1.46e+00)
4888(1004) (3.15e+00 2.83e+00) XE:4.72e-01 (1.15e+00 1.17e+00 | 1.37e+00 1.46e+00)
5197(1004) (2.35e+00 2.84e+00) XE:4.73e-01 (1.18e+00 1.17e+00 | 1.39e+00 1.46e+00)
5503(1004) (2.62e+00 2.84e+00) XE:4.73e-01 (1.17e+00 1.17e+00 | 1.49e+00 1.46e+00)
5810(1001) (3.06e+00 2.84e+00) XE:4.73e-01 (1.15e+00 1.17e+00 | 1.44e+00 1.46e+00)
6117(989) (2.71e+00 2.84e+00) XE:4.73e-01 (1.20e+00 1.17e+00 | 1.60e+00 1.46e+00)
6424(996) (3.18e+00 2.83e+00) XE:4.72e-01 (1.17e+00 1.17e+00 | 1.45e+00 1.46e+00)
6731(997) (3.05e+00 2.83e+00) XE:4.72e-01 (1.17e+00 1.17e+00 | 1.39e+00 1.46e+00)
7038(996) (2.40e+00 2.83e+00) XE:4.72e-01 (1.18e+00 1.17e+00 | 1.52e+00 1.46e+00)
7345(991) (3.45e+00 2.83e+00) XE:4.72e-01 (1.17e+00 1.17e+00 | 1.38e+00 1.46e+00)
7651(993) (3.36e+00 2.83e+00) XE:4.72e-01 (1.17e+00 1.17e+00 | 1.40e+00 1.46e+00)
7958(1000) (2.01e+00 2.83e+00) XE:4.72e-01 (1.14e+00 1.17e+00 | 1.36e+00 1.46e+00)
8265(1011) (2.70e+00 2.83e+00) XE:4.72e-01 (1.17e+00 1.17e+00 | 1.53e+00 1.46e+00)
8571(995) (3.12e+00 2.83e+00) XE:4.72e-01 (1.19e+00 1.17e+00 | 1.47e+00 1.46e+00)
8878(1012) (3.08e+00 2.84e+00) XE:4.73e-01 (1.17e+00 1.17e+00 | 1.44e+00 1.46e+00)
9185(990) (3.04e+00 2.84e+00) XE:4.73e-01 (1.17e+00 1.17e+00 | 1.49e+00 1.46e+00)
9492(988) (2.68e+00 2.83e+00) XE:4.72e-01 (1.19e+00 1.17e+00 | 1.39e+00 1.46e+00)
9799(1004) (2.63e+00 2.83e+00) XE:4.72e-01 (1.15e+00 1.17e+00 | 1.34e+00 1.46e+00)
10000(1005) (2.22e+00 2.83e+00) XE:4.72e-01 (1.16e+00 1.17e+00 | 1.42e+00 1.46e+00)
RL cnt: 0,7174621,1245721,104234,0,0,0,0,0,0,0,0,0,0,0,0,
BL cnt: 0,0,0,0,0,0,563021,0,2474035,0,3814816,0,2479082,0,569046,0,0,0,0,0,0,
# InnerCodebook: deleted
# NBIDSchannel: deleted
# Gtable: deleted
# FBalg4: deleted
