# (Pid,Ps)=(4.500000e-02,1.000000e-03) Nseg=333 WinSize=10 [0]
# InnerCB: ICB/1/3_05_1.bin
# Gtable:  Gtable/3/045_001.bin
# InnerCodebook: beta=3(64) nu=1
# InnerCodebook: B(B2p)=5(32) 
# InnerCodebook: checked CWM, EncMap, DecMap
# beta=3(64) N=999 Dmax=50
# NBIDSchannel: N=999 Q=4 Dmax=50 (Pid,Ps)=(4.500000e-02,1.000000e-03)
# FBalg4: Nseg=333 Dmax=50(w=101)
# FBalg4: Gtable: Gtable/3/045_001.bin
# Gtable: beta=3 (Pid,Ps,Ptrn)=(4.500000e-02,1.000000e-03,9.100000e-01) Pth=1.000000e-10
# Gtable: beta4p=64 beta4pp=4096
# Gtable::Gtable len=0 cnt=64
# Gtable::Gtable len=1 cnt=256
# Gtable::Gtable len=2 cnt=1024
# Gtable::Gtable len=3 cnt=3508
# Gtable::Gtable len=4 cnt=6664
# Gtable::Gtable len=5 cnt=11644
# Gtable::Gtable len=6 cnt=1216
# FBalg4: beta=3(64) (Pid,Ps)=(4.500000e-02,1.000000e-03) Pth=1.000000e-10 N=999
0189(999) (4.05e+00 3.55e+00) XE:5.92e-01 (1.18e+00 1.17e+00 | 1.46e+00 1.45e+00)
0393(1003) (4.33e+00 3.58e+00) XE:5.96e-01 (1.18e+00 1.17e+00 | 1.54e+00 1.46e+00)
0598(1001) (3.72e+00 3.58e+00) XE:5.96e-01 (1.16e+00 1.17e+00 | 1.40e+00 1.46e+00)
0802(996) (3.63e+00 3.59e+00) XE:5.98e-01 (1.13e+00 1.17e+00 | 1.31e+00 1.46e+00)
1007(1011) (3.38e+00 3.60e+00) XE:5.99e-01 (1.18e+00 1.17e+00 | 1.41e+00 1.46e+00)
1211(1003) (2.99e+00 3.59e+00) XE:5.99e-01 (1.16e+00 1.17e+00 | 1.48e+00 1.46e+00)
1416(1003) (3.88e+00 3.59e+00) XE:5.99e-01 (1.16e+00 1.17e+00 | 1.55e+00 1.46e+00)
1620(986) (3.93e+00 3.59e+00) XE:5.98e-01 (1.14e+00 1.17e+00 | 1.50e+00 1.46e+00)
1825(1006) (3.63e+00 3.59e+00) XE:5.99e-01 (1.17e+00 1.17e+00 | 1.40e+00 1.46e+00)
2029(1017) (2.96e+00 3.60e+00) XE:5.99e-01 (1.16e+00 1.17e+00 | 1.46e+00 1.46e+00)
2234(989) (3.54e+00 3.60e+00) XE:5.99e-01 (1.18e+00 1.17e+00 | 1.22e+00 1.46e+00)
2438(1012) (3.50e+00 3.60e+00) XE:5.99e-01 (1.17e+00 1.17e+00 | 1.35e+00 1.46e+00)
2643(1003) (3.54e+00 3.59e+00) XE:5.99e-01 (1.16e+00 1.17e+00 | 1.54e+00 1.46e+00)
2847(1008) (3.24e+00 3.59e+00) XE:5.99e-01 (1.17e+00 1.17e+00 | 1.48e+00 1.46e+00)
3052(1000) (3.78e+00 3.60e+00) XE:5.99e-01 (1.14e+00 1.17e+00 | 1.46e+00 1.46e+00)
3256(1006) (4.59e+00 3.60e+00) XE:6.00e-01 (1.15e+00 1.17e+00 | 1.42e+00 1.46e+00)
3461(999) (3.38e+00 3.60e+00) XE:6.00e-01 (1.17e+00 1.17e+00 | 1.35e+00 1.46e+00)
3665(992) (3.30e+00 3.60e+00) XE:6.01e-01 (1.17e+00 1.17e+00 | 1.34e+00 1.46e+00)
3870(997) (3.46e+00 3.60e+00) XE:6.00e-01 (1.19e+00 1.17e+00 | 1.46e+00 1.46e+00)
4075(1009) (4.69e+00 3.60e+00) XE:6.00e-01 (1.20e+00 1.17e+00 | 1.41e+00 1.46e+00)
4279(994) (4.15e+00 3.60e+00) XE:6.00e-01 (1.18e+00 1.17e+00 | 1.45e+00 1.46e+00)
4484(997) (2.94e+00 3.60e+00) XE:6.00e-01 (1.16e+00 1.17e+00 | 1.48e+00 1.46e+00)
4688(987) (3.12e+00 3.60e+00) XE:6.00e-01 (1.17e+00 1.17e+00 | 1.50e+00 1.46e+00)
4892(1006) (4.46e+00 3.60e+00) XE:6.00e-01 (1.16e+00 1.17e+00 | 1.49e+00 1.46e+00)
5097(1000) (3.62e+00 3.60e+00) XE:5.99e-01 (1.16e+00 1.17e+00 | 1.39e+00 1.46e+00)
5301(991) (3.33e+00 3.60e+00) XE:5.99e-01 (1.18e+00 1.17e+00 | 1.46e+00 1.46e+00)
5506(994) (3.14e+00 3.60e+00) XE:5.99e-01 (1.19e+00 1.17e+00 | 1.37e+00 1.46e+00)
5711(1012) (3.48e+00 3.60e+00) XE:5.99e-01 (1.17e+00 1.17e+00 | 1.54e+00 1.46e+00)
5915(1016) (3.27e+00 3.59e+00) XE:5.99e-01 (1.17e+00 1.17e+00 | 1.44e+00 1.46e+00)
6120(996) (3.32e+00 3.59e+00) XE:5.99e-01 (1.17e+00 1.17e+00 | 1.43e+00 1.46e+00)
6325(1004) (3.88e+00 3.59e+00) XE:5.99e-01 (1.18e+00 1.17e+00 | 1.33e+00 1.46e+00)
6530(992) (3.42e+00 3.59e+00) XE:5.98e-01 (1.17e+00 1.17e+00 | 1.36e+00 1.46e+00)
6734(979) (3.85e+00 3.59e+00) XE:5.98e-01 (1.16e+00 1.17e+00 | 1.59e+00 1.46e+00)
6939(998) (3.29e+00 3.59e+00) XE:5.98e-01 (1.18e+00 1.17e+00 | 1.55e+00 1.46e+00)
7144(1015) (3.12e+00 3.59e+00) XE:5.98e-01 (1.17e+00 1.17e+00 | 1.36e+00 1.46e+00)
7348(1010) (2.80e+00 3.59e+00) XE:5.98e-01 (1.19e+00 1.17e+00 | 1.48e+00 1.46e+00)
7553(997) (3.80e+00 3.59e+00) XE:5.98e-01 (1.16e+00 1.17e+00 | 1.36e+00 1.46e+00)
7758(1011) (3.72e+00 3.59e+00) XE:5.98e-01 (1.17e+00 1.17e+00 | 1.41e+00 1.46e+00)
7962(991) (3.20e+00 3.59e+00) XE:5.98e-01 (1.19e+00 1.17e+00 | 1.53e+00 1.46e+00)
8167(990) (3.23e+00 3.59e+00) XE:5.98e-01 (1.16e+00 1.17e+00 | 1.38e+00 1.46e+00)
8372(996) (3.51e+00 3.59e+00) XE:5.98e-01 (1.15e+00 1.17e+00 | 1.35e+00 1.46e+00)
8577(1013) (3.34e+00 3.59e+00) XE:5.98e-01 (1.17e+00 1.17e+00 | 1.62e+00 1.46e+00)
8781(997) (3.90e+00 3.59e+00) XE:5.98e-01 (1.18e+00 1.17e+00 | 1.44e+00 1.46e+00)
8986(1012) (2.99e+00 3.59e+00) XE:5.98e-01 (1.16e+00 1.17e+00 | 1.33e+00 1.46e+00)
9191(1004) (3.36e+00 3.59e+00) XE:5.98e-01 (1.16e+00 1.17e+00 | 1.57e+00 1.46e+00)
9395(1014) (3.21e+00 3.59e+00) XE:5.98e-01 (1.17e+00 1.17e+00 | 1.59e+00 1.46e+00)
9600(981) (4.22e+00 3.59e+00) XE:5.98e-01 (1.16e+00 1.17e+00 | 1.52e+00 1.46e+00)
9805(994) (3.40e+00 3.59e+00) XE:5.98e-01 (1.16e+00 1.17e+00 | 1.51e+00 1.46e+00)
10000(987) (3.91e+00 3.59e+00) XE:5.98e-01 (1.18e+00 1.17e+00 | 1.44e+00 1.46e+00)
RL cnt: 0,7171905,1247571,103888,0,0,0,0,0,0,0,0,0,0,0,0,
BL cnt: 0,0,0,0,0,0,568107,0,2475166,0,3814928,0,2476390,0,565409,0,0,0,0,0,0,
# InnerCodebook: deleted
# NBIDSchannel: deleted
# Gtable: deleted
# FBalg4: deleted
