# (Pid,Ps)=(2.500000e-02,1.000000e-03) Nseg=5000 [0]
# InnerCB: ICB/marker/6_2_2.bin
# Gtable:  Gtable/2/025_001.bin
# InnerCodebook: beta=2(16) nu=4
# InnerCodebook: B(B2p)=4(16) 4(16) 4(16) 0(1) 
# InnerCodebook: checked CWM, EncMap, DecMap
# beta=2(16) nu=4 N=10000 Dmax=255
# B=4,4,4,0,
# NBIDSchannel: N=10000 Q=4 Dmax=255 (Pid,Ps)=(2.500000e-02,1.000000e-03)
# FBalg4: Nseg=5000 Dmax=255(w=511)
# FBalg4: Gtable: Gtable/2/025_001.bin
# Gtable: beta=2 (Pid,Ps,Ptrn)=(2.500000e-02,1.000000e-03,9.500000e-01) Pth=1.000000e-10
# Gtable: beta4p=16 beta4pp=256
# Gtable::Gtable len=0 cnt=16
# Gtable::Gtable len=1 cnt=64
# Gtable::Gtable len=2 cnt=256
# Gtable::Gtable len=3 cnt=700
# Gtable::Gtable len=4 cnt=208
# FBalg4: beta=2(16) (Pid,Ps)=(2.500000e-02,1.000000e-03) Pth=1.000000e-10 N=10000
(Y:3.363275e+00 X:3.000000e+00 XY:3.639915e+00 I:2.723359e+00)
0001(9959): (2.723359e+00 2.723359e+00) 6.808398e-01
(Y:3.373234e+00 X:3.000000e+00 XY:3.639547e+00 I:2.733686e+00)
0002(9993): (2.733686e+00 2.728523e+00) 6.821307e-01
(Y:3.361933e+00 X:3.000000e+00 XY:3.612735e+00 I:2.749198e+00)
0003(9982): (2.749198e+00 2.735414e+00) 6.838536e-01
(Y:3.399173e+00 X:3.000000e+00 XY:3.683669e+00 I:2.715503e+00)
0004(10001): (2.715503e+00 2.730437e+00) 6.826092e-01
(Y:3.377296e+00 X:3.000000e+00 XY:3.640195e+00 I:2.737101e+00)
0005(10002): (2.737101e+00 2.731770e+00) 6.829424e-01
(Y:3.370556e+00 X:3.000000e+00 XY:3.602245e+00 I:2.768311e+00)
0006(10033): (2.768311e+00 2.737860e+00) 6.844650e-01
(Y:3.375727e+00 X:3.000000e+00 XY:3.632753e+00 I:2.742974e+00)
0007(9990): (2.742974e+00 2.738590e+00) 6.846476e-01
(Y:3.361684e+00 X:3.000000e+00 XY:3.647300e+00 I:2.714384e+00)
0008(9978): (2.714384e+00 2.735565e+00) 6.838912e-01
(Y:3.373194e+00 X:3.000000e+00 XY:3.625254e+00 I:2.747939e+00)
0009(10017): (2.747939e+00 2.736940e+00) 6.842349e-01
(Y:3.414546e+00 X:3.000000e+00 XY:3.691177e+00 I:2.723370e+00)
0010(9999): (2.723370e+00 2.735583e+00) 6.838957e-01
# InnerCodebook: deleted
# NBIDSchannel: deleted
# Gtable: deleted
# FBalg4: deleted
