# InnerCodebook: input ICB/ex01//cb.txt
# InnerCodebook: Nu=6 Nu2p=64 numCW=18 FlgUnique=1 FlgInvertible=1 FlgBalanced=1
# InnerCodebook: Rho=3 (ell,Delta)=(10,2) L0=2
# InnerCodebook: Rst01=4 Rst10=13
# CW
# 000:001011 (2,L2,R2) WL:0 0 1 1 2 3  WR:3 3 3 2 2 1  
# 001:001101 (2,L2,R1) WL:0 0 1 2 2 3  WR:3 3 3 2 1 1  
# 002:001110 (3,L2,R1) WL:0 0 1 2 3 3  WR:3 3 3 2 1 0  
# 003:010011 (2,L1,R2) WL:0 1 1 1 2 3  WR:3 3 2 2 2 1  
# 004:010101 (1,L1,R1) WL:0 1 1 2 2 3  WR:3 3 2 2 1 1  
# 005:010110 (2,L1,R1) WL:0 1 1 2 3 3  WR:3 3 2 2 1 0  
# 006:011001 (2,L1,R1) WL:0 1 2 2 2 3  WR:3 3 2 1 1 1  
# 007:011010 (2,L1,R1) WL:0 1 2 2 3 3  WR:3 3 2 1 1 0  
# 008:011100 (3,L1,R2) WL:0 1 2 3 3 3  WR:3 3 2 1 0 0  
# 009:100011 (3,L1,R2) WL:1 1 1 1 2 3  WR:3 2 2 2 2 1  
# 010:100101 (2,L1,R1) WL:1 1 1 2 2 3  WR:3 2 2 2 1 1  
# 011:100110 (2,L1,R1) WL:1 1 1 2 3 3  WR:3 2 2 2 1 0  
# 012:101001 (2,L1,R1) WL:1 1 2 2 2 3  WR:3 2 2 1 1 1  
# 013:101010 (1,L1,R1) WL:1 1 2 2 3 3  WR:3 2 2 1 1 0  
# 014:101100 (2,L1,R2) WL:1 1 2 3 3 3  WR:3 2 2 1 0 0  
# 015:110001 (3,L2,R1) WL:1 2 2 2 2 3  WR:3 2 1 1 1 1  
# 016:110010 (2,L2,R1) WL:1 2 2 2 3 3  WR:3 2 1 1 1 0  
# 017:110100 (2,L2,R2) WL:1 2 2 3 3 3  WR:3 2 1 1 0 0  
# CWL
# 000B:1 000D:1 000E:1 0013:1 0015:1 0016:1 0019:1 001A:1 001C:1 0023:1 
# 0025:1 0026:1 0029:1 002A:1 002C:1 0031:1 0032:1 0034:1 
# CWI
# 000B:000 000D:001 000E:002 0013:003 0015:004 0016:005 0019:006 001A:007 001C:008 0023:009 
# 0025:010 0026:011 0029:012 002A:013 002C:014 0031:015 0032:016 0034:017 
# Q=18 N=50 Nu=6 Nb=300 (Pi,Pd,Ps)=(0.000000e+00,6.000000e-03,0.000000e+00) [0]
# ICB:   ICB/ex01//cb.txt
# Const: ICB/ex01//constraint.txt
# EncCM: ICB/ex01//EncCM.bin
# ChannelMatrix: ICB/ex01//EncCM.bin (18x18)
# IDSchannel: N=300 (Pi,Pd,Ps)=(0.000000e+00,6.000000e-03,0.000000e+00) (Dmin,Dmax)=(-4,0)
# SLFBAdec: Ns=50 (Nu;Nu2min,Nu2max)=(6(64);3,8) Nb=300 Q=18
# SLFBAdec: (Pi,Pd,Ps,Pt)=(0.000000e+00,6.000000e-03,0.000000e+00,9.940000e-01) (Dmin,Dmax:Drng)=(-4,0:5)
# SLFBAdec: generating GD & GX
# SLFBAdec: generating factor graph
# ChannelMatrix: M=18 N=5832
1000 4564/50000 16 9.128000e-02 : 4.046254e+00 3.483706e-01 3.697884e+00
2000 9266/100000 16 9.266000e-02 : 4.044466e+00 3.600791e-01 3.684386e+00
3000 13867/150000 16 9.244667e-02 : 4.045991e+00 3.616575e-01 3.684333e+00
4000 18491/200000 16 9.245500e-02 : 4.045684e+00 3.626356e-01 3.683049e+00
5000 23215/250000 16 9.286000e-02 : 4.046751e+00 3.652314e-01 3.681520e+00
6000 27767/300000 16 9.255667e-02 : 4.045926e+00 3.650668e-01 3.680859e+00
7000 32321/350000 16 9.234571e-02 : 4.045839e+00 3.652384e-01 3.680601e+00
8000 36901/400000 21 9.225250e-02 : 4.046033e+00 3.653847e-01 3.680648e+00
9000 41491/450000 21 9.220222e-02 : 4.045633e+00 3.657480e-01 3.679885e+00
10000 46007/500000 21 9.201400e-02 : 4.045829e+00 3.652981e-01 3.680531e+00
11000 50511/550000 21 9.183818e-02 : 4.045905e+00 3.649458e-01 3.680959e+00
12000 55110/600000 21 9.185000e-02 : 4.046421e+00 3.652087e-01 3.681212e+00
13000 59611/650000 21 9.170923e-02 : 4.046588e+00 3.651261e-01 3.681462e+00
14000 64242/700000 21 9.177429e-02 : 4.046470e+00 3.652747e-01 3.681195e+00
15000 69017/750000 21 9.202267e-02 : 4.046509e+00 3.659819e-01 3.680527e+00
16000 73789/800000 21 9.223625e-02 : 4.046284e+00 3.666759e-01 3.679608e+00
17000 78487/850000 21 9.233765e-02 : 4.046037e+00 3.671747e-01 3.678862e+00
18000 83085/900000 21 9.231667e-02 : 4.046207e+00 3.672387e-01 3.678968e+00
19000 87800/950000 21 9.242105e-02 : 4.046420e+00 3.676168e-01 3.678803e+00
20000 92354/1000000 21 9.235400e-02 : 4.046420e+00 3.675111e-01 3.678909e+00
21000 96887/1050000 21 9.227333e-02 : 4.046301e+00 3.674536e-01 3.678848e+00
22000 101489/1100000 21 9.226273e-02 : 4.046342e+00 3.676685e-01 3.678673e+00
23000 106087/1150000 21 9.224957e-02 : 4.046598e+00 3.679022e-01 3.678695e+00
24000 110620/1200000 21 9.218333e-02 : 4.046492e+00 3.676517e-01 3.678840e+00
25000 115375/1250000 21 9.230000e-02 : 4.046413e+00 3.682048e-01 3.678208e+00
26000 119929/1300000 21 9.225308e-02 : 4.046411e+00 3.682302e-01 3.678181e+00
27000 124420/1350000 21 9.216296e-02 : 4.046365e+00 3.679932e-01 3.678372e+00
28000 129032/1400000 21 9.216571e-02 : 4.046337e+00 3.680635e-01 3.678273e+00
29000 133708/1450000 21 9.221241e-02 : 4.046347e+00 3.681621e-01 3.678185e+00
30000 138295/1500000 21 9.219667e-02 : 4.046347e+00 3.682090e-01 3.678138e+00
31000 142842/1550000 21 9.215613e-02 : 4.046187e+00 3.681581e-01 3.678028e+00
32000 147406/1600000 21 9.212875e-02 : 4.046240e+00 3.680729e-01 3.678167e+00
33000 152075/1650000 21 9.216667e-02 : 4.046273e+00 3.683530e-01 3.677920e+00
34000 156807/1700000 21 9.223941e-02 : 4.046303e+00 3.686624e-01 3.677641e+00
35000 161389/1750000 21 9.222229e-02 : 4.046422e+00 3.686430e-01 3.677779e+00
36000 165917/1800000 21 9.217611e-02 : 4.046330e+00 3.686289e-01 3.677701e+00
37000 170554/1850000 21 9.219135e-02 : 4.046395e+00 3.687005e-01 3.677694e+00
38000 175058/1900000 21 9.213579e-02 : 4.046370e+00 3.686078e-01 3.677762e+00
39000 179686/1950000 21 9.214667e-02 : 4.046483e+00 3.686712e-01 3.677812e+00
40000 184348/2000000 21 9.217400e-02 : 4.046477e+00 3.687906e-01 3.677686e+00
41000 189005/2050000 21 9.219756e-02 : 4.046530e+00 3.688934e-01 3.677636e+00
42000 193681/2100000 21 9.222905e-02 : 4.046554e+00 3.690552e-01 3.677498e+00
43000 198359/2150000 21 9.226000e-02 : 4.046566e+00 3.691592e-01 3.677407e+00
44000 203079/2200000 21 9.230864e-02 : 4.046615e+00 3.693814e-01 3.677234e+00
45000 207782/2250000 21 9.234756e-02 : 4.046668e+00 3.695212e-01 3.677147e+00
46000 212541/2300000 21 9.240913e-02 : 4.046730e+00 3.697528e-01 3.676977e+00
47000 217124/2350000 21 9.239319e-02 : 4.046777e+00 3.697928e-01 3.676984e+00
48000 221813/2400000 21 9.242208e-02 : 4.046803e+00 3.698716e-01 3.676931e+00
49000 226296/2450000 21 9.236571e-02 : 4.046768e+00 3.697531e-01 3.677015e+00
50000 231047/2500000 21 9.241880e-02 : 4.046718e+00 3.699189e-01 3.676799e+00
51000 235701/2550000 21 9.243176e-02 : 4.046635e+00 3.699606e-01 3.676674e+00
52000 240224/2600000 21 9.239385e-02 : 4.046577e+00 3.698750e-01 3.676702e+00
53000 244822/2650000 21 9.238566e-02 : 4.046595e+00 3.698664e-01 3.676729e+00
54000 249451/2700000 21 9.238926e-02 : 4.046609e+00 3.699385e-01 3.676671e+00
55000 254043/2750000 21 9.237927e-02 : 4.046525e+00 3.699570e-01 3.676568e+00
56000 258550/2800000 21 9.233929e-02 : 4.046524e+00 3.698400e-01 3.676684e+00
57000 263205/2850000 21 9.235263e-02 : 4.046525e+00 3.698516e-01 3.676673e+00
58000 267786/2900000 21 9.234000e-02 : 4.046498e+00 3.697994e-01 3.676699e+00
59000 272400/2950000 21 9.233898e-02 : 4.046483e+00 3.698526e-01 3.676631e+00
60000 277099/3000000 21 9.236633e-02 : 4.046486e+00 3.699185e-01 3.676568e+00
61000 281740/3050000 21 9.237377e-02 : 4.046465e+00 3.699320e-01 3.676533e+00
62000 286324/3100000 21 9.236258e-02 : 4.046551e+00 3.699579e-01 3.676593e+00
63000 290987/3150000 21 9.237683e-02 : 4.046518e+00 3.700595e-01 3.676459e+00
64000 295588/3200000 21 9.237125e-02 : 4.046580e+00 3.700170e-01 3.676563e+00
65000 300281/3250000 21 9.239415e-02 : 4.046599e+00 3.700882e-01 3.676510e+00
66000 304899/3300000 21 9.239364e-02 : 4.046609e+00 3.701479e-01 3.676461e+00
67000 309445/3350000 21 9.237164e-02 : 4.046509e+00 3.700948e-01 3.676414e+00
68000 314050/3400000 21 9.236765e-02 : 4.046485e+00 3.701289e-01 3.676356e+00
69000 318721/3450000 21 9.238290e-02 : 4.046526e+00 3.701467e-01 3.676379e+00
70000 323342/3500000 21 9.238343e-02 : 4.046581e+00 3.701556e-01 3.676426e+00
71000 328137/3550000 21 9.243296e-02 : 4.046635e+00 3.702679e-01 3.676367e+00
72000 332712/3600000 21 9.242000e-02 : 4.046620e+00 3.702652e-01 3.676355e+00
73000 337269/3650000 21 9.240247e-02 : 4.046557e+00 3.701942e-01 3.676363e+00
74000 341942/3700000 21 9.241676e-02 : 4.046534e+00 3.702704e-01 3.676264e+00
75000 346486/3750000 21 9.239627e-02 : 4.046514e+00 3.701773e-01 3.676337e+00
76000 351227/3800000 21 9.242816e-02 : 4.046585e+00 3.702610e-01 3.676324e+00
77000 355940/3850000 21 9.245195e-02 : 4.046609e+00 3.703340e-01 3.676275e+00
78000 360449/3900000 21 9.242282e-02 : 4.046616e+00 3.702016e-01 3.676414e+00
79000 365120/3950000 21 9.243544e-02 : 4.046592e+00 3.702693e-01 3.676323e+00
80000 369702/4000000 21 9.242550e-02 : 4.046546e+00 3.702821e-01 3.676264e+00
81000 374283/4050000 21 9.241556e-02 : 4.046521e+00 3.702260e-01 3.676295e+00
82000 378916/4100000 21 9.241854e-02 : 4.046544e+00 3.702373e-01 3.676306e+00
83000 383613/4150000 21 9.243687e-02 : 4.046508e+00 3.703062e-01 3.676202e+00
84000 388233/4200000 21 9.243643e-02 : 4.046526e+00 3.702946e-01 3.676231e+00
85000 392788/4250000 21 9.242071e-02 : 4.046509e+00 3.702838e-01 3.676226e+00
86000 397254/4300000 21 9.238465e-02 : 4.046474e+00 3.701181e-01 3.676356e+00
87000 401889/4350000 21 9.238828e-02 : 4.046505e+00 3.701179e-01 3.676387e+00
88000 406645/4400000 21 9.241932e-02 : 4.046532e+00 3.702156e-01 3.676316e+00
89000 411292/4450000 21 9.242517e-02 : 4.046578e+00 3.702166e-01 3.676361e+00
90000 415929/4500000 21 9.242867e-02 : 4.046571e+00 3.702376e-01 3.676334e+00
91000 420464/4550000 21 9.240967e-02 : 4.046546e+00 3.701736e-01 3.676373e+00
92000 425006/4600000 21 9.239261e-02 : 4.046560e+00 3.701491e-01 3.676411e+00
93000 429615/4650000 21 9.239032e-02 : 4.046507e+00 3.701222e-01 3.676385e+00
94000 434178/4700000 21 9.237830e-02 : 4.046524e+00 3.700962e-01 3.676428e+00
95000 438733/4750000 21 9.236484e-02 : 4.046501e+00 3.700715e-01 3.676429e+00
96000 443281/4800000 21 9.235021e-02 : 4.046471e+00 3.700276e-01 3.676443e+00
97000 447953/4850000 21 9.236144e-02 : 4.046465e+00 3.700821e-01 3.676383e+00
98000 452551/4900000 21 9.235735e-02 : 4.046477e+00 3.700565e-01 3.676421e+00
99000 457139/4950000 21 9.235131e-02 : 4.046459e+00 3.700350e-01 3.676424e+00
100000 461710/5000000 21 9.234200e-02 : 4.046437e+00 3.700194e-01 3.676418e+00
=== 最終統計結果 ===
総シンボル数: 5000000 個
総エラー数: 461710 個
シンボルエラー率: 0.092342 (9.23%)
1ブロック内最大エラー数: 21 個
実行イテレーション数: 100000 回
1イテレーションあたりのシンボル数: 50 個
平均エラー数/イテレーション: 4.62 個
========================
# InnerCodebook: deleted
# ChannelMatrix: deleted
# IDSchannel: deleted
# SLFBAdec: deleted
# ChannelMatrix: deleted
