# InnerCodebook: input ICB/ex01//cb.txt
# InnerCodebook: Nu=6 Nu2p=64 numCW=18 FlgUnique=1 FlgInvertible=1 FlgBalanced=1
# InnerCodebook: Rho=3 (ell,Delta)=(10,2) L0=2
# InnerCodebook: Rst01=4 Rst10=13
# CW
# 000:001011 (2,L2,R2) WL:0 0 1 1 2 3  WR:3 3 3 2 2 1  
# 001:001101 (2,L2,R1) WL:0 0 1 2 2 3  WR:3 3 3 2 1 1  
# 002:001110 (3,L2,R1) WL:0 0 1 2 3 3  WR:3 3 3 2 1 0  
# 003:010011 (2,L1,R2) WL:0 1 1 1 2 3  WR:3 3 2 2 2 1  
# 004:010101 (1,L1,R1) WL:0 1 1 2 2 3  WR:3 3 2 2 1 1  
# 005:010110 (2,L1,R1) WL:0 1 1 2 3 3  WR:3 3 2 2 1 0  
# 006:011001 (2,L1,R1) WL:0 1 2 2 2 3  WR:3 3 2 1 1 1  
# 007:011010 (2,L1,R1) WL:0 1 2 2 3 3  WR:3 3 2 1 1 0  
# 008:011100 (3,L1,R2) WL:0 1 2 3 3 3  WR:3 3 2 1 0 0  
# 009:100011 (3,L1,R2) WL:1 1 1 1 2 3  WR:3 2 2 2 2 1  
# 010:100101 (2,L1,R1) WL:1 1 1 2 2 3  WR:3 2 2 2 1 1  
# 011:100110 (2,L1,R1) WL:1 1 1 2 3 3  WR:3 2 2 2 1 0  
# 012:101001 (2,L1,R1) WL:1 1 2 2 2 3  WR:3 2 2 1 1 1  
# 013:101010 (1,L1,R1) WL:1 1 2 2 3 3  WR:3 2 2 1 1 0  
# 014:101100 (2,L1,R2) WL:1 1 2 3 3 3  WR:3 2 2 1 0 0  
# 015:110001 (3,L2,R1) WL:1 2 2 2 2 3  WR:3 2 1 1 1 1  
# 016:110010 (2,L2,R1) WL:1 2 2 2 3 3  WR:3 2 1 1 1 0  
# 017:110100 (2,L2,R2) WL:1 2 2 3 3 3  WR:3 2 1 1 0 0  
# CWL
# 000B:1 000D:1 000E:1 0013:1 0015:1 0016:1 0019:1 001A:1 001C:1 0023:1 
# 0025:1 0026:1 0029:1 002A:1 002C:1 0031:1 0032:1 0034:1 
# CWI
# 000B:000 000D:001 000E:002 0013:003 0015:004 0016:005 0019:006 001A:007 001C:008 0023:009 
# 0025:010 0026:011 0029:012 002A:013 002C:014 0031:015 0032:016 0034:017 
# Q=18 N=50 Nu=6 Nb=300 (Pi,Pd,Ps)=(7.000000e-03,7.000000e-03,7.000000e-03) [0]
# ICB:   ICB/ex01//cb.txt
# Const: ICB/ex01//constraint.txt
# EncCM: ICB/ex01//EncCM.bin
# ChannelMatrix: ICB/ex01//EncCM.bin (18x18)
# IDSchannel: N=300 (Pi,Pd,Ps)=(7.000000e-03,7.000000e-03,7.000000e-03) (Dmin,Dmax)=(-5,5)
# SLFBAdec: Ns=50 (Nu;Nu2min,Nu2max)=(6(64);3,9) Nb=300 Q=18
# SLFBAdec: (Pi,Pd,Ps,Pt)=(7.000000e-03,7.000000e-03,7.000000e-03,9.860000e-01) (Dmin,Dmax:Drng)=(-5,5:11)
# SLFBAdec: generating GD & GX
# SLFBAdec: generating factor graph
# ChannelMatrix: M=18 N=5832
1000 8657/50000 32 1.731400e-01 : 4.046410e+00 7.693949e-01 3.277015e+00
2000 17235/100000 32 1.723500e-01 : 4.047922e+00 7.946351e-01 3.253287e+00
3000 26225/150000 34 1.748333e-01 : 4.046976e+00 8.189638e-01 3.228012e+00
4000 34950/200000 34 1.747500e-01 : 4.048701e+00 8.283516e-01 3.220349e+00
5000 43959/250000 34 1.758360e-01 : 4.047833e+00 8.373327e-01 3.210501e+00
6000 52876/300000 44 1.762533e-01 : 4.046706e+00 8.431611e-01 3.203545e+00
7000 61548/350000 44 1.758514e-01 : 4.046529e+00 8.447681e-01 3.201761e+00
8000 70337/400000 44 1.758425e-01 : 4.046730e+00 8.481623e-01 3.198568e+00
9000 79022/450000 44 1.756044e-01 : 4.046852e+00 8.493456e-01 3.197506e+00
10000 87774/500000 44 1.755480e-01 : 4.047061e+00 8.516690e-01 3.195392e+00
11000 96630/550000 44 1.756909e-01 : 4.047303e+00 8.541964e-01 3.193106e+00
12000 105212/600000 44 1.753533e-01 : 4.047326e+00 8.533743e-01 3.193952e+00
13000 113879/650000 44 1.751985e-01 : 4.047208e+00 8.535588e-01 3.193649e+00
14000 122594/700000 44 1.751343e-01 : 4.047199e+00 8.545497e-01 3.192649e+00
15000 131048/750000 44 1.747307e-01 : 4.047238e+00 8.540356e-01 3.193203e+00
16000 139983/800000 44 1.749787e-01 : 4.047192e+00 8.562959e-01 3.190896e+00
17000 148683/850000 44 1.749212e-01 : 4.047167e+00 8.569396e-01 3.190227e+00
18000 157495/900000 44 1.749944e-01 : 4.047555e+00 8.576696e-01 3.189885e+00
19000 166281/950000 44 1.750326e-01 : 4.047555e+00 8.585145e-01 3.189040e+00
20000 175039/1000000 44 1.750390e-01 : 4.047412e+00 8.589194e-01 3.188492e+00
21000 183833/1050000 44 1.750790e-01 : 4.047310e+00 8.598238e-01 3.187486e+00
22000 192642/1100000 44 1.751291e-01 : 4.047311e+00 8.606762e-01 3.186635e+00
23000 201355/1150000 44 1.750913e-01 : 4.047301e+00 8.610674e-01 3.186233e+00
24000 210191/1200000 44 1.751592e-01 : 4.047268e+00 8.621789e-01 3.185089e+00
25000 219069/1250000 44 1.752552e-01 : 4.047405e+00 8.631696e-01 3.184235e+00
26000 228001/1300000 44 1.753854e-01 : 4.047257e+00 8.642029e-01 3.183054e+00
27000 236648/1350000 44 1.752948e-01 : 4.047240e+00 8.642509e-01 3.182989e+00
28000 245548/1400000 44 1.753914e-01 : 4.047153e+00 8.647553e-01 3.182398e+00
29000 254339/1450000 44 1.754062e-01 : 4.047215e+00 8.649194e-01 3.182296e+00
30000 263248/1500000 44 1.754987e-01 : 4.047149e+00 8.655566e-01 3.181592e+00
31000 271810/1550000 44 1.753613e-01 : 4.047186e+00 8.652215e-01 3.181964e+00
32000 280500/1600000 44 1.753125e-01 : 4.047221e+00 8.653023e-01 3.181919e+00
33000 289202/1650000 44 1.752739e-01 : 4.047049e+00 8.652255e-01 3.181824e+00
34000 298241/1700000 44 1.754359e-01 : 4.047059e+00 8.662069e-01 3.180852e+00
35000 307023/1750000 44 1.754417e-01 : 4.047095e+00 8.663725e-01 3.180723e+00
36000 315964/1800000 44 1.755356e-01 : 4.047058e+00 8.671225e-01 3.179935e+00
37000 324983/1850000 44 1.756665e-01 : 4.047132e+00 8.679952e-01 3.179136e+00
38000 333748/1900000 44 1.756568e-01 : 4.047085e+00 8.682591e-01 3.178826e+00
39000 342574/1950000 44 1.756790e-01 : 4.047038e+00 8.685685e-01 3.178469e+00
40000 351310/2000000 44 1.756550e-01 : 4.047183e+00 8.686794e-01 3.178504e+00
41000 359967/2050000 44 1.755937e-01 : 4.047095e+00 8.687233e-01 3.178372e+00
42000 368640/2100000 44 1.755429e-01 : 4.047114e+00 8.687446e-01 3.178369e+00
43000 377517/2150000 44 1.755893e-01 : 4.047034e+00 8.690631e-01 3.177971e+00
44000 386446/2200000 44 1.756573e-01 : 4.047137e+00 8.698576e-01 3.177279e+00
45000 395302/2250000 44 1.756898e-01 : 4.047157e+00 8.700045e-01 3.177153e+00
46000 404035/2300000 44 1.756674e-01 : 4.047149e+00 8.700689e-01 3.177080e+00
47000 412804/2350000 44 1.756613e-01 : 4.047125e+00 8.703622e-01 3.176763e+00
48000 421643/2400000 44 1.756846e-01 : 4.047175e+00 8.706946e-01 3.176480e+00
49000 430380/2450000 44 1.756653e-01 : 4.047076e+00 8.708430e-01 3.176233e+00
50000 439240/2500000 44 1.756960e-01 : 4.046978e+00 8.711779e-01 3.175800e+00
51000 448350/2550000 44 1.758235e-01 : 4.046966e+00 8.719287e-01 3.175038e+00
52000 457217/2600000 44 1.758527e-01 : 4.046941e+00 8.724484e-01 3.174493e+00
53000 465626/2650000 44 1.757079e-01 : 4.046980e+00 8.719527e-01 3.175028e+00
54000 474267/2700000 44 1.756544e-01 : 4.046973e+00 8.718928e-01 3.175081e+00
55000 482955/2750000 44 1.756200e-01 : 4.046986e+00 8.718909e-01 3.175095e+00
56000 491382/2800000 44 1.754936e-01 : 4.047054e+00 8.713483e-01 3.175706e+00
57000 500263/2850000 44 1.755309e-01 : 4.047136e+00 8.718490e-01 3.175287e+00
58000 509028/2900000 44 1.755269e-01 : 4.047070e+00 8.717589e-01 3.175311e+00
59000 517642/2950000 44 1.754719e-01 : 4.046983e+00 8.715543e-01 3.175429e+00
60000 526628/3000000 44 1.755427e-01 : 4.047011e+00 8.720959e-01 3.174915e+00
61000 535475/3050000 44 1.755656e-01 : 4.046938e+00 8.723315e-01 3.174606e+00
62000 544234/3100000 44 1.755594e-01 : 4.046877e+00 8.724242e-01 3.174452e+00
63000 552884/3150000 44 1.755187e-01 : 4.046890e+00 8.723311e-01 3.174559e+00
64000 561811/3200000 44 1.755659e-01 : 4.046930e+00 8.727093e-01 3.174221e+00
65000 570517/3250000 44 1.755437e-01 : 4.046897e+00 8.727587e-01 3.174138e+00
66000 579290/3300000 44 1.755424e-01 : 4.046895e+00 8.726215e-01 3.174273e+00
67000 587833/3350000 44 1.754725e-01 : 4.046864e+00 8.724312e-01 3.174433e+00
68000 596560/3400000 44 1.754588e-01 : 4.046863e+00 8.724420e-01 3.174421e+00
69000 605470/3450000 44 1.754986e-01 : 4.046863e+00 8.728348e-01 3.174028e+00
70000 614251/3500000 44 1.755003e-01 : 4.046851e+00 8.728300e-01 3.174021e+00
71000 623168/3550000 44 1.755403e-01 : 4.046893e+00 8.729592e-01 3.173934e+00
72000 632029/3600000 44 1.755636e-01 : 4.046966e+00 8.730884e-01 3.173878e+00
73000 640608/3650000 44 1.755090e-01 : 4.046972e+00 8.729710e-01 3.174001e+00
74000 649418/3700000 44 1.755184e-01 : 4.046932e+00 8.731374e-01 3.173794e+00
75000 658083/3750000 44 1.754888e-01 : 4.046906e+00 8.732036e-01 3.173703e+00
76000 667028/3800000 44 1.755337e-01 : 4.046923e+00 8.733246e-01 3.173599e+00
77000 676169/3850000 44 1.756283e-01 : 4.046900e+00 8.738568e-01 3.173043e+00
78000 684969/3900000 44 1.756331e-01 : 4.046907e+00 8.739125e-01 3.172995e+00
79000 693794/3950000 44 1.756441e-01 : 4.046942e+00 8.741045e-01 3.172837e+00
80000 702631/4000000 44 1.756578e-01 : 4.046901e+00 8.742223e-01 3.172678e+00
81000 711594/4050000 44 1.757022e-01 : 4.046950e+00 8.745544e-01 3.172395e+00
82000 720476/4100000 44 1.757259e-01 : 4.046890e+00 8.746648e-01 3.172226e+00
83000 729407/4150000 44 1.757607e-01 : 4.046885e+00 8.749125e-01 3.171973e+00
84000 738394/4200000 44 1.758081e-01 : 4.046952e+00 8.752288e-01 3.171723e+00
85000 747292/4250000 44 1.758334e-01 : 4.046966e+00 8.754903e-01 3.171476e+00
86000 756060/4300000 44 1.758279e-01 : 4.046960e+00 8.754648e-01 3.171496e+00
87000 764792/4350000 44 1.758143e-01 : 4.046958e+00 8.754618e-01 3.171496e+00
88000 773372/4400000 44 1.757664e-01 : 4.047015e+00 8.752606e-01 3.171754e+00
89000 782082/4450000 44 1.757488e-01 : 4.046995e+00 8.752301e-01 3.171765e+00
90000 790865/4500000 44 1.757478e-01 : 4.046975e+00 8.752794e-01 3.171696e+00
91000 799497/4550000 44 1.757136e-01 : 4.046950e+00 8.751466e-01 3.171804e+00
92000 808055/4600000 44 1.756641e-01 : 4.046962e+00 8.750338e-01 3.171928e+00
93000 816581/4650000 44 1.756088e-01 : 4.047010e+00 8.748171e-01 3.172193e+00
94000 825442/4700000 44 1.756260e-01 : 4.047018e+00 8.750410e-01 3.171977e+00
95000 834315/4750000 44 1.756453e-01 : 4.047032e+00 8.752082e-01 3.171824e+00
96000 843124/4800000 44 1.756508e-01 : 4.047001e+00 8.752508e-01 3.171750e+00
97000 851962/4850000 44 1.756623e-01 : 4.047056e+00 8.753560e-01 3.171700e+00
98000 860709/4900000 44 1.756549e-01 : 4.047062e+00 8.753728e-01 3.171689e+00
99000 869351/4950000 44 1.756265e-01 : 4.047063e+00 8.753067e-01 3.171756e+00
100000 878093/5000000 44 1.756186e-01 : 4.047024e+00 8.752491e-01 3.171775e+00
=== 最終統計結果 ===
総シンボル数: 5000000 個
総エラー数: 878093 個
シンボルエラー率: 0.175619 (17.56%)
1ブロック内最大エラー数: 44 個
実行イテレーション数: 100000 回
1イテレーションあたりのシンボル数: 50 個
平均エラー数/イテレーション: 8.78 個
========================
# InnerCodebook: deleted
# ChannelMatrix: deleted
# IDSchannel: deleted
# SLFBAdec: deleted
# ChannelMatrix: deleted
