# InnerCodebook: input ICB/ex01//cb.txt
# InnerCodebook: Nu=6 Nu2p=64 numCW=18 FlgUnique=1 FlgInvertible=1 FlgBalanced=1
# InnerCodebook: Rho=3 (ell,Delta)=(10,2) L0=2
# InnerCodebook: Rst01=4 Rst10=13
# CW
# 000:001011 (2,L2,R2) WL:0 0 1 1 2 3  WR:3 3 3 2 2 1  
# 001:001101 (2,L2,R1) WL:0 0 1 2 2 3  WR:3 3 3 2 1 1  
# 002:001110 (3,L2,R1) WL:0 0 1 2 3 3  WR:3 3 3 2 1 0  
# 003:010011 (2,L1,R2) WL:0 1 1 1 2 3  WR:3 3 2 2 2 1  
# 004:010101 (1,L1,R1) WL:0 1 1 2 2 3  WR:3 3 2 2 1 1  
# 005:010110 (2,L1,R1) WL:0 1 1 2 3 3  WR:3 3 2 2 1 0  
# 006:011001 (2,L1,R1) WL:0 1 2 2 2 3  WR:3 3 2 1 1 1  
# 007:011010 (2,L1,R1) WL:0 1 2 2 3 3  WR:3 3 2 1 1 0  
# 008:011100 (3,L1,R2) WL:0 1 2 3 3 3  WR:3 3 2 1 0 0  
# 009:100011 (3,L1,R2) WL:1 1 1 1 2 3  WR:3 2 2 2 2 1  
# 010:100101 (2,L1,R1) WL:1 1 1 2 2 3  WR:3 2 2 2 1 1  
# 011:100110 (2,L1,R1) WL:1 1 1 2 3 3  WR:3 2 2 2 1 0  
# 012:101001 (2,L1,R1) WL:1 1 2 2 2 3  WR:3 2 2 1 1 1  
# 013:101010 (1,L1,R1) WL:1 1 2 2 3 3  WR:3 2 2 1 1 0  
# 014:101100 (2,L1,R2) WL:1 1 2 3 3 3  WR:3 2 2 1 0 0  
# 015:110001 (3,L2,R1) WL:1 2 2 2 2 3  WR:3 2 1 1 1 1  
# 016:110010 (2,L2,R1) WL:1 2 2 2 3 3  WR:3 2 1 1 1 0  
# 017:110100 (2,L2,R2) WL:1 2 2 3 3 3  WR:3 2 1 1 0 0  
# CWL
# 000B:1 000D:1 000E:1 0013:1 0015:1 0016:1 0019:1 001A:1 001C:1 0023:1 
# 0025:1 0026:1 0029:1 002A:1 002C:1 0031:1 0032:1 0034:1 
# CWI
# 000B:000 000D:001 000E:002 0013:003 0015:004 0016:005 0019:006 001A:007 001C:008 0023:009 
# 0025:010 0026:011 0029:012 002A:013 002C:014 0031:015 0032:016 0034:017 
# Q=18 N=50 Nu=6 Nb=300 (Pi,Pd,Ps)=(0.000000e+00,5.000000e-03,0.000000e+00) [0]
# ICB:   ICB/ex01//cb.txt
# Const: ICB/ex01//constraint.txt
# EncCM: ICB/ex01//EncCM.bin
# ChannelMatrix: ICB/ex01//EncCM.bin (18x18)
# IDSchannel: N=300 (Pi,Pd,Ps)=(0.000000e+00,5.000000e-03,0.000000e+00) (Dmin,Dmax)=(-3,0)
# SLFBAdec: Ns=50 (Nu;Nu2min,Nu2max)=(6(64);3,8) Nb=300 Q=18
# SLFBAdec: (Pi,Pd,Ps,Pt)=(0.000000e+00,5.000000e-03,0.000000e+00,9.950000e-01) (Dmin,Dmax:Drng)=(-3,0:4)
# SLFBAdec: generating GD & GX
# SLFBAdec: generating factor graph
# ChannelMatrix: M=18 N=5832
1000 4238/50000 13 8.476000e-02 : 4.045260e+00 3.265060e-01 3.718754e+00
2000 8517/100000 16 8.517000e-02 : 4.045291e+00 3.317215e-01 3.713569e+00
3000 12660/150000 16 8.440000e-02 : 4.045275e+00 3.311954e-01 3.714080e+00
4000 17083/200000 16 8.541500e-02 : 4.045917e+00 3.351898e-01 3.710727e+00
5000 21435/250000 18 8.574000e-02 : 4.045597e+00 3.373638e-01 3.708233e+00
6000 25672/300000 18 8.557333e-02 : 4.045529e+00 3.372560e-01 3.708273e+00
7000 29975/350000 18 8.564286e-02 : 4.045612e+00 3.376084e-01 3.708003e+00
8000 34212/400000 18 8.553000e-02 : 4.045938e+00 3.375232e-01 3.708415e+00
9000 38588/450000 18 8.575111e-02 : 4.046095e+00 3.386718e-01 3.707423e+00
10000 42857/500000 18 8.571400e-02 : 4.046255e+00 3.391525e-01 3.707103e+00
11000 47339/550000 18 8.607091e-02 : 4.046372e+00 3.401889e-01 3.706183e+00
12000 51597/600000 18 8.599500e-02 : 4.046472e+00 3.401152e-01 3.706357e+00
13000 55807/650000 18 8.585692e-02 : 4.046415e+00 3.396929e-01 3.706723e+00
14000 59981/700000 18 8.568714e-02 : 4.046278e+00 3.392691e-01 3.707009e+00
15000 64278/750000 18 8.570400e-02 : 4.046354e+00 3.394793e-01 3.706875e+00
16000 68601/800000 18 8.575125e-02 : 4.046494e+00 3.395202e-01 3.706974e+00
17000 72937/850000 18 8.580824e-02 : 4.046484e+00 3.399741e-01 3.706510e+00
18000 77243/900000 18 8.582556e-02 : 4.046311e+00 3.400549e-01 3.706256e+00
19000 81503/950000 18 8.579263e-02 : 4.046259e+00 3.398963e-01 3.706363e+00
20000 85774/1000000 18 8.577400e-02 : 4.046146e+00 3.399433e-01 3.706203e+00
21000 90035/1050000 18 8.574762e-02 : 4.046212e+00 3.399375e-01 3.706275e+00
22000 94236/1100000 18 8.566909e-02 : 4.046242e+00 3.396567e-01 3.706585e+00
23000 98443/1150000 18 8.560261e-02 : 4.046409e+00 3.394350e-01 3.706974e+00
24000 102585/1200000 18 8.548750e-02 : 4.046205e+00 3.391371e-01 3.707068e+00
25000 106902/1250000 18 8.552160e-02 : 4.046153e+00 3.392704e-01 3.706883e+00
26000 111131/1300000 18 8.548538e-02 : 4.046113e+00 3.392352e-01 3.706878e+00
27000 115358/1350000 18 8.545037e-02 : 4.046138e+00 3.390921e-01 3.707046e+00
28000 119616/1400000 18 8.544000e-02 : 4.045989e+00 3.393223e-01 3.706666e+00
29000 123854/1450000 18 8.541655e-02 : 4.045915e+00 3.392717e-01 3.706643e+00
30000 127991/1500000 18 8.532733e-02 : 4.045976e+00 3.391739e-01 3.706802e+00
31000 132263/1550000 18 8.533097e-02 : 4.045892e+00 3.392903e-01 3.706601e+00
32000 136464/1600000 18 8.529000e-02 : 4.045805e+00 3.391862e-01 3.706619e+00
33000 140748/1650000 18 8.530182e-02 : 4.045741e+00 3.394631e-01 3.706278e+00
34000 145128/1700000 18 8.536941e-02 : 4.045820e+00 3.396273e-01 3.706193e+00
35000 149430/1750000 18 8.538857e-02 : 4.045823e+00 3.396912e-01 3.706132e+00
36000 153741/1800000 18 8.541167e-02 : 4.045777e+00 3.397334e-01 3.706044e+00
37000 157946/1850000 18 8.537622e-02 : 4.045770e+00 3.396859e-01 3.706084e+00
38000 162176/1900000 18 8.535579e-02 : 4.045723e+00 3.396627e-01 3.706060e+00
39000 166345/1950000 18 8.530513e-02 : 4.045800e+00 3.396890e-01 3.706111e+00
40000 170662/2000000 18 8.533100e-02 : 4.045906e+00 3.397173e-01 3.706189e+00
41000 174865/2050000 18 8.530000e-02 : 4.045940e+00 3.396546e-01 3.706286e+00
42000 179184/2100000 18 8.532571e-02 : 4.045997e+00 3.397688e-01 3.706228e+00
43000 183395/2150000 18 8.530000e-02 : 4.046107e+00 3.397894e-01 3.706318e+00
44000 187707/2200000 18 8.532136e-02 : 4.046127e+00 3.398767e-01 3.706251e+00
45000 191932/2250000 18 8.530311e-02 : 4.046060e+00 3.398379e-01 3.706222e+00
46000 196148/2300000 18 8.528174e-02 : 4.046088e+00 3.398062e-01 3.706282e+00
47000 200407/2350000 18 8.527957e-02 : 4.046166e+00 3.398026e-01 3.706363e+00
48000 204577/2400000 18 8.524042e-02 : 4.046130e+00 3.396662e-01 3.706464e+00
49000 208792/2450000 18 8.522122e-02 : 4.046121e+00 3.396105e-01 3.706511e+00
50000 213068/2500000 18 8.522720e-02 : 4.046070e+00 3.395978e-01 3.706472e+00
51000 217350/2550000 18 8.523529e-02 : 4.046018e+00 3.396406e-01 3.706377e+00
52000 221584/2600000 18 8.522462e-02 : 4.046011e+00 3.396722e-01 3.706339e+00
53000 225726/2650000 18 8.517962e-02 : 4.046044e+00 3.395327e-01 3.706512e+00
54000 229991/2700000 18 8.518185e-02 : 4.046058e+00 3.396382e-01 3.706420e+00
55000 234154/2750000 18 8.514691e-02 : 4.046083e+00 3.395232e-01 3.706559e+00
56000 238363/2800000 18 8.512964e-02 : 4.046057e+00 3.394794e-01 3.706578e+00
57000 242581/2850000 18 8.511614e-02 : 4.046102e+00 3.394156e-01 3.706687e+00
58000 246823/2900000 18 8.511138e-02 : 4.046132e+00 3.393853e-01 3.706747e+00
59000 251179/2950000 18 8.514542e-02 : 4.046102e+00 3.394710e-01 3.706631e+00
60000 255445/3000000 18 8.514833e-02 : 4.045985e+00 3.394948e-01 3.706490e+00
61000 259731/3050000 18 8.515770e-02 : 4.045996e+00 3.395236e-01 3.706472e+00
62000 264018/3100000 18 8.516710e-02 : 4.046022e+00 3.395671e-01 3.706455e+00
63000 268355/3150000 18 8.519206e-02 : 4.046101e+00 3.396960e-01 3.706405e+00
64000 272644/3200000 18 8.520125e-02 : 4.046111e+00 3.397189e-01 3.706392e+00
65000 276817/3250000 18 8.517446e-02 : 4.046074e+00 3.396227e-01 3.706451e+00
66000 281085/3300000 18 8.517727e-02 : 4.046143e+00 3.396236e-01 3.706519e+00
67000 285335/3350000 18 8.517463e-02 : 4.046114e+00 3.396698e-01 3.706444e+00
68000 289630/3400000 18 8.518529e-02 : 4.046099e+00 3.396511e-01 3.706448e+00
69000 294089/3450000 18 8.524319e-02 : 4.046179e+00 3.397814e-01 3.706397e+00
70000 298265/3500000 18 8.521857e-02 : 4.046202e+00 3.396905e-01 3.706511e+00
71000 302498/3550000 18 8.521070e-02 : 4.046171e+00 3.396713e-01 3.706500e+00
72000 306792/3600000 18 8.522000e-02 : 4.046243e+00 3.397344e-01 3.706509e+00
73000 310935/3650000 18 8.518767e-02 : 4.046184e+00 3.396248e-01 3.706560e+00
74000 315231/3700000 18 8.519757e-02 : 4.046215e+00 3.396756e-01 3.706540e+00
75000 319482/3750000 18 8.519520e-02 : 4.046235e+00 3.396921e-01 3.706543e+00
76000 323770/3800000 18 8.520263e-02 : 4.046267e+00 3.397822e-01 3.706485e+00
77000 328209/3850000 18 8.524909e-02 : 4.046321e+00 3.399153e-01 3.706405e+00
78000 332468/3900000 18 8.524821e-02 : 4.046309e+00 3.399164e-01 3.706392e+00
79000 336723/3950000 18 8.524633e-02 : 4.046275e+00 3.399249e-01 3.706350e+00
80000 340996/4000000 18 8.524900e-02 : 4.046283e+00 3.399196e-01 3.706363e+00
81000 345236/4050000 18 8.524346e-02 : 4.046296e+00 3.398828e-01 3.706413e+00
82000 349443/4100000 18 8.523000e-02 : 4.046283e+00 3.398442e-01 3.706438e+00
83000 353708/4150000 18 8.523084e-02 : 4.046261e+00 3.398979e-01 3.706363e+00
84000 358032/4200000 18 8.524571e-02 : 4.046258e+00 3.399477e-01 3.706310e+00
85000 362370/4250000 18 8.526353e-02 : 4.046251e+00 3.400499e-01 3.706201e+00
86000 366637/4300000 18 8.526442e-02 : 4.046232e+00 3.400426e-01 3.706189e+00
87000 370821/4350000 18 8.524621e-02 : 4.046207e+00 3.400060e-01 3.706201e+00
88000 375073/4400000 18 8.524386e-02 : 4.046232e+00 3.400065e-01 3.706225e+00
89000 379300/4450000 18 8.523596e-02 : 4.046229e+00 3.399895e-01 3.706240e+00
90000 383630/4500000 18 8.525111e-02 : 4.046217e+00 3.400463e-01 3.706170e+00
91000 387881/4550000 18 8.524857e-02 : 4.046215e+00 3.400550e-01 3.706160e+00
92000 392123/4600000 18 8.524413e-02 : 4.046218e+00 3.400685e-01 3.706150e+00
93000 396353/4650000 18 8.523720e-02 : 4.046173e+00 3.400647e-01 3.706108e+00
94000 400647/4700000 18 8.524404e-02 : 4.046197e+00 3.400790e-01 3.706118e+00
95000 404832/4750000 18 8.522779e-02 : 4.046190e+00 3.400790e-01 3.706111e+00
96000 409177/4800000 18 8.524521e-02 : 4.046233e+00 3.401341e-01 3.706099e+00
97000 413483/4850000 18 8.525423e-02 : 4.046275e+00 3.401975e-01 3.706078e+00
98000 417675/4900000 18 8.523980e-02 : 4.046275e+00 3.401648e-01 3.706111e+00
99000 421870/4950000 18 8.522626e-02 : 4.046319e+00 3.401205e-01 3.706198e+00
100000 426125/5000000 18 8.522500e-02 : 4.046303e+00 3.401175e-01 3.706185e+00
=== 最終統計結果 ===
総シンボル数: 5000000 個
総エラー数: 426125 個
シンボルエラー率: 0.085225 (8.52%)
1ブロック内最大エラー数: 18 個
実行イテレーション数: 100000 回
1イテレーションあたりのシンボル数: 50 個
平均エラー数/イテレーション: 4.26 個
========================
# InnerCodebook: deleted
# ChannelMatrix: deleted
# IDSchannel: deleted
# SLFBAdec: deleted
# ChannelMatrix: deleted
