# InnerCodebook: input ICB/ex01//cb.txt
# InnerCodebook: Nu=6 Nu2p=64 numCW=18 FlgUnique=1 FlgInvertible=1 FlgBalanced=1
# InnerCodebook: Rho=3 (ell,Delta)=(10,2) L0=2
# InnerCodebook: Rst01=4 Rst10=13
# CW
# 000:001011 (2,L2,R2) WL:0 0 1 1 2 3  WR:3 3 3 2 2 1  
# 001:001101 (2,L2,R1) WL:0 0 1 2 2 3  WR:3 3 3 2 1 1  
# 002:001110 (3,L2,R1) WL:0 0 1 2 3 3  WR:3 3 3 2 1 0  
# 003:010011 (2,L1,R2) WL:0 1 1 1 2 3  WR:3 3 2 2 2 1  
# 004:010101 (1,L1,R1) WL:0 1 1 2 2 3  WR:3 3 2 2 1 1  
# 005:010110 (2,L1,R1) WL:0 1 1 2 3 3  WR:3 3 2 2 1 0  
# 006:011001 (2,L1,R1) WL:0 1 2 2 2 3  WR:3 3 2 1 1 1  
# 007:011010 (2,L1,R1) WL:0 1 2 2 3 3  WR:3 3 2 1 1 0  
# 008:011100 (3,L1,R2) WL:0 1 2 3 3 3  WR:3 3 2 1 0 0  
# 009:100011 (3,L1,R2) WL:1 1 1 1 2 3  WR:3 2 2 2 2 1  
# 010:100101 (2,L1,R1) WL:1 1 1 2 2 3  WR:3 2 2 2 1 1  
# 011:100110 (2,L1,R1) WL:1 1 1 2 3 3  WR:3 2 2 2 1 0  
# 012:101001 (2,L1,R1) WL:1 1 2 2 2 3  WR:3 2 2 1 1 1  
# 013:101010 (1,L1,R1) WL:1 1 2 2 3 3  WR:3 2 2 1 1 0  
# 014:101100 (2,L1,R2) WL:1 1 2 3 3 3  WR:3 2 2 1 0 0  
# 015:110001 (3,L2,R1) WL:1 2 2 2 2 3  WR:3 2 1 1 1 1  
# 016:110010 (2,L2,R1) WL:1 2 2 2 3 3  WR:3 2 1 1 1 0  
# 017:110100 (2,L2,R2) WL:1 2 2 3 3 3  WR:3 2 1 1 0 0  
# CWL
# 000B:1 000D:1 000E:1 0013:1 0015:1 0016:1 0019:1 001A:1 001C:1 0023:1 
# 0025:1 0026:1 0029:1 002A:1 002C:1 0031:1 0032:1 0034:1 
# CWI
# 000B:000 000D:001 000E:002 0013:003 0015:004 0016:005 0019:006 001A:007 001C:008 0023:009 
# 0025:010 0026:011 0029:012 002A:013 002C:014 0031:015 0032:016 0034:017 
# Q=18 N=50 Nu=6 Nb=300 (Pi,Pd,Ps)=(0.000000e+00,4.000000e-03,0.000000e+00) [0]
# ICB:   ICB/ex01//cb.txt
# Const: ICB/ex01//constraint.txt
# EncCM: ICB/ex01//EncCM.bin
# ChannelMatrix: ICB/ex01//EncCM.bin (18x18)
# IDSchannel: N=300 (Pi,Pd,Ps)=(0.000000e+00,4.000000e-03,0.000000e+00) (Dmin,Dmax)=(-3,0)
# SLFBAdec: Ns=50 (Nu;Nu2min,Nu2max)=(6(64);3,8) Nb=300 Q=18
# SLFBAdec: (Pi,Pd,Ps,Pt)=(0.000000e+00,4.000000e-03,0.000000e+00,9.960000e-01) (Dmin,Dmax:Drng)=(-3,0:4)
# SLFBAdec: generating GD & GX
# SLFBAdec: generating factor graph
# ChannelMatrix: M=18 N=5832
1000 4023/50000 12 8.046000e-02 : 4.041165e+00 3.098072e-01 3.731358e+00
2000 7992/100000 12 7.992000e-02 : 4.044529e+00 3.124687e-01 3.732061e+00
3000 11986/150000 13 7.990667e-02 : 4.045673e+00 3.142175e-01 3.731455e+00
4000 16104/200000 14 8.052000e-02 : 4.046176e+00 3.163759e-01 3.729801e+00
5000 20101/250000 15 8.040400e-02 : 4.046337e+00 3.164340e-01 3.729903e+00
6000 24070/300000 16 8.023333e-02 : 4.045944e+00 3.163656e-01 3.729578e+00
7000 28145/350000 16 8.041429e-02 : 4.046599e+00 3.167951e-01 3.729804e+00
8000 32102/400000 16 8.025500e-02 : 4.047042e+00 3.166550e-01 3.730387e+00
9000 36009/450000 16 8.002000e-02 : 4.046926e+00 3.161325e-01 3.730794e+00
10000 40013/500000 16 8.002600e-02 : 4.046890e+00 3.164766e-01 3.730414e+00
11000 44057/550000 16 8.010364e-02 : 4.047113e+00 3.166987e-01 3.730414e+00
12000 48016/600000 16 8.002667e-02 : 4.047367e+00 3.168581e-01 3.730509e+00
13000 51934/650000 16 7.989846e-02 : 4.047332e+00 3.164049e-01 3.730927e+00
14000 55872/700000 16 7.981714e-02 : 4.047502e+00 3.163587e-01 3.731143e+00
15000 59918/750000 16 7.989067e-02 : 4.047671e+00 3.168965e-01 3.730775e+00
16000 63923/800000 16 7.990375e-02 : 4.047636e+00 3.169640e-01 3.730672e+00
17000 68035/850000 16 8.004118e-02 : 4.047405e+00 3.173217e-01 3.730083e+00
18000 72148/900000 16 8.016444e-02 : 4.047370e+00 3.176805e-01 3.729690e+00
19000 76066/950000 16 8.006947e-02 : 4.047208e+00 3.175034e-01 3.729705e+00
20000 80021/1000000 16 8.002100e-02 : 4.047179e+00 3.173861e-01 3.729793e+00
21000 83843/1050000 16 7.985048e-02 : 4.047168e+00 3.169285e-01 3.730239e+00
22000 87718/1100000 16 7.974364e-02 : 4.047120e+00 3.167240e-01 3.730396e+00
23000 91763/1150000 16 7.979391e-02 : 4.047232e+00 3.168629e-01 3.730369e+00
24000 95774/1200000 16 7.981167e-02 : 4.047302e+00 3.169168e-01 3.730385e+00
25000 99640/1250000 16 7.971200e-02 : 4.047245e+00 3.166903e-01 3.730555e+00
26000 103555/1300000 17 7.965769e-02 : 4.047059e+00 3.166626e-01 3.730396e+00
27000 107542/1350000 17 7.966074e-02 : 4.046884e+00 3.167320e-01 3.730152e+00
28000 111651/1400000 17 7.975071e-02 : 4.046973e+00 3.170579e-01 3.729915e+00
29000 115636/1450000 17 7.974897e-02 : 4.047047e+00 3.170167e-01 3.730030e+00
30000 119433/1500000 17 7.962200e-02 : 4.046893e+00 3.167097e-01 3.730183e+00
31000 123334/1550000 17 7.957032e-02 : 4.046935e+00 3.166351e-01 3.730300e+00
32000 127425/1600000 17 7.964063e-02 : 4.047082e+00 3.169400e-01 3.730142e+00
33000 131344/1650000 17 7.960242e-02 : 4.047179e+00 3.168935e-01 3.730285e+00
34000 135338/1700000 18 7.961059e-02 : 4.047164e+00 3.170187e-01 3.730146e+00
35000 139272/1750000 18 7.958400e-02 : 4.047257e+00 3.169092e-01 3.730348e+00
36000 143243/1800000 18 7.957944e-02 : 4.047132e+00 3.168649e-01 3.730267e+00
37000 147297/1850000 18 7.962000e-02 : 4.047193e+00 3.169919e-01 3.730201e+00
38000 151197/1900000 18 7.957737e-02 : 4.047184e+00 3.169060e-01 3.730278e+00
39000 155144/1950000 18 7.956103e-02 : 4.047210e+00 3.170106e-01 3.730200e+00
40000 159212/2000000 18 7.960600e-02 : 4.047191e+00 3.170866e-01 3.730105e+00
41000 163328/2050000 18 7.967220e-02 : 4.047204e+00 3.173085e-01 3.729896e+00
42000 167309/2100000 18 7.967095e-02 : 4.047146e+00 3.172563e-01 3.729890e+00
43000 171367/2150000 18 7.970558e-02 : 4.047128e+00 3.173761e-01 3.729752e+00
44000 175412/2200000 18 7.973273e-02 : 4.047074e+00 3.174204e-01 3.729653e+00
45000 179503/2250000 18 7.977911e-02 : 4.047089e+00 3.175670e-01 3.729522e+00
46000 183499/2300000 18 7.978217e-02 : 4.047102e+00 3.176289e-01 3.729473e+00
47000 187428/2350000 18 7.975660e-02 : 4.047100e+00 3.176000e-01 3.729500e+00
48000 191404/2400000 18 7.975167e-02 : 4.047082e+00 3.175200e-01 3.729562e+00
49000 195381/2450000 18 7.974735e-02 : 4.047049e+00 3.175114e-01 3.729537e+00
50000 199399/2500000 18 7.975960e-02 : 4.047038e+00 3.175450e-01 3.729493e+00
51000 203309/2550000 18 7.972902e-02 : 4.047052e+00 3.174597e-01 3.729593e+00
52000 207391/2600000 18 7.976577e-02 : 4.047047e+00 3.175571e-01 3.729490e+00
53000 211517/2650000 18 7.981774e-02 : 4.047121e+00 3.177361e-01 3.729385e+00
54000 215499/2700000 18 7.981444e-02 : 4.047113e+00 3.177965e-01 3.729317e+00
55000 219553/2750000 18 7.983745e-02 : 4.047100e+00 3.178142e-01 3.729286e+00
56000 223405/2800000 18 7.978750e-02 : 4.047120e+00 3.177148e-01 3.729405e+00
57000 227337/2850000 18 7.976737e-02 : 4.047145e+00 3.176486e-01 3.729497e+00
58000 231409/2900000 18 7.979621e-02 : 4.047151e+00 3.177918e-01 3.729360e+00
59000 235487/2950000 18 7.982610e-02 : 4.047140e+00 3.178603e-01 3.729280e+00
60000 239451/3000000 18 7.981700e-02 : 4.047089e+00 3.178592e-01 3.729229e+00
61000 243496/3050000 18 7.983475e-02 : 4.047119e+00 3.179427e-01 3.729177e+00
62000 247556/3100000 18 7.985677e-02 : 4.047123e+00 3.180049e-01 3.729119e+00
63000 251492/3150000 18 7.983873e-02 : 4.047194e+00 3.179806e-01 3.729213e+00
64000 255577/3200000 18 7.986781e-02 : 4.047250e+00 3.180296e-01 3.729220e+00
65000 259572/3250000 18 7.986831e-02 : 4.047236e+00 3.180597e-01 3.729176e+00
66000 263573/3300000 18 7.987061e-02 : 4.047271e+00 3.180412e-01 3.729230e+00
67000 267488/3350000 18 7.984716e-02 : 4.047166e+00 3.179776e-01 3.729188e+00
68000 271424/3400000 18 7.983059e-02 : 4.047161e+00 3.179064e-01 3.729255e+00
69000 275419/3450000 18 7.983159e-02 : 4.047114e+00 3.179039e-01 3.729210e+00
70000 279313/3500000 18 7.980371e-02 : 4.047059e+00 3.178054e-01 3.729253e+00
71000 283227/3550000 18 7.978225e-02 : 4.047023e+00 3.177405e-01 3.729283e+00
72000 287229/3600000 18 7.978583e-02 : 4.047029e+00 3.177523e-01 3.729277e+00
73000 291187/3650000 18 7.977726e-02 : 4.046992e+00 3.176827e-01 3.729309e+00
74000 295093/3700000 18 7.975486e-02 : 4.046967e+00 3.176298e-01 3.729337e+00
75000 299164/3750000 18 7.977707e-02 : 4.046939e+00 3.176598e-01 3.729280e+00
76000 303158/3800000 18 7.977842e-02 : 4.046948e+00 3.176468e-01 3.729301e+00
77000 307155/3850000 18 7.978052e-02 : 4.046954e+00 3.176642e-01 3.729290e+00
78000 311096/3900000 18 7.976821e-02 : 4.046933e+00 3.176260e-01 3.729307e+00
79000 315127/3950000 18 7.977899e-02 : 4.046930e+00 3.177020e-01 3.729228e+00
80000 319132/4000000 18 7.978300e-02 : 4.046957e+00 3.177099e-01 3.729247e+00
81000 323094/4050000 18 7.977630e-02 : 4.046945e+00 3.176794e-01 3.729266e+00
82000 327043/4100000 18 7.976659e-02 : 4.046917e+00 3.176194e-01 3.729298e+00
83000 330985/4150000 18 7.975542e-02 : 4.046883e+00 3.175726e-01 3.729310e+00
84000 335054/4200000 18 7.977476e-02 : 4.046872e+00 3.176147e-01 3.729257e+00
85000 338995/4250000 18 7.976353e-02 : 4.046875e+00 3.175941e-01 3.729281e+00
86000 343061/4300000 18 7.978163e-02 : 4.046863e+00 3.176234e-01 3.729240e+00
87000 347081/4350000 18 7.978874e-02 : 4.046879e+00 3.176141e-01 3.729265e+00
88000 351116/4400000 18 7.979909e-02 : 4.046899e+00 3.176616e-01 3.729238e+00
89000 355030/4450000 18 7.978202e-02 : 4.046895e+00 3.176311e-01 3.729264e+00
90000 358888/4500000 18 7.975289e-02 : 4.046920e+00 3.175305e-01 3.729389e+00
91000 362825/4550000 18 7.974176e-02 : 4.046883e+00 3.174878e-01 3.729395e+00
92000 366751/4600000 18 7.972848e-02 : 4.046868e+00 3.174378e-01 3.729430e+00
93000 370746/4650000 18 7.973032e-02 : 4.046886e+00 3.174555e-01 3.729430e+00
94000 374725/4700000 18 7.972872e-02 : 4.046891e+00 3.174324e-01 3.729458e+00
95000 378778/4750000 18 7.974274e-02 : 4.046886e+00 3.175137e-01 3.729373e+00
96000 382806/4800000 18 7.975125e-02 : 4.046884e+00 3.175166e-01 3.729367e+00
97000 386852/4850000 19 7.976330e-02 : 4.046840e+00 3.175506e-01 3.729289e+00
98000 390807/4900000 19 7.975653e-02 : 4.046803e+00 3.175450e-01 3.729258e+00
99000 394677/4950000 19 7.973273e-02 : 4.046806e+00 3.175020e-01 3.729304e+00
100000 398687/5000000 19 7.973740e-02 : 4.046847e+00 3.174945e-01 3.729352e+00
=== 最終統計結果 ===
総シンボル数: 5000000 個
総エラー数: 398687 個
シンボルエラー率: 0.079737 (7.97%)
1ブロック内最大エラー数: 19 個
実行イテレーション数: 100000 回
1イテレーションあたりのシンボル数: 50 個
平均エラー数/イテレーション: 3.99 個
========================
# InnerCodebook: deleted
# ChannelMatrix: deleted
# IDSchannel: deleted
# SLFBAdec: deleted
# ChannelMatrix: deleted
