# (Pid,Ps)=(1.000000e-02,1.000000e-03) Nseg=5000 [0]
# InnerCB: ICB/marker/4_2_2.bin
# Gtable:  Gtable/2/010_001.bin
# InnerCodebook: beta=2(16) nu=3
# InnerCodebook: B(B2p)=4(16) 4(16) 0(1) 
# InnerCodebook: checked CWM, EncMap, DecMap
# beta=2(16) nu=3 N=10000 Dmax=105
# B=4,4,0,
# NBIDSchannel: N=10000 Q=4 Dmax=105 (Pid,Ps)=(1.000000e-02,1.000000e-03)
# FBalg4: Nseg=5000 Dmax=105(w=211)
# FBalg4: Gtable: Gtable/2/010_001.bin
# Gtable: beta=2 (Pid,Ps,Ptrn)=(1.000000e-02,1.000000e-03,9.800000e-01) Pth=1.000000e-10
# Gtable: beta4p=16 beta4pp=256
# Gtable::Gtable len=0 cnt=16
# Gtable::Gtable len=1 cnt=64
# Gtable::Gtable len=2 cnt=256
# Gtable::Gtable len=3 cnt=700
# Gtable::Gtable len=4 cnt=208
# FBalg4: beta=2(16) (Pid,Ps)=(1.000000e-02,1.000000e-03) Pth=1.000000e-10 N=10000
(Y:2.887158e+00 X:2.667200e+00 XY:2.980340e+00 I:2.574018e+00)
0001(9973): (2.574018e+00 2.574018e+00) 6.435045e-01
(Y:2.916851e+00 X:2.667200e+00 XY:3.007563e+00 I:2.576488e+00)
0002(9992): (2.576488e+00 2.575253e+00) 6.438132e-01
(Y:2.901580e+00 X:2.667200e+00 XY:2.987665e+00 I:2.581115e+00)
0003(9988): (2.581115e+00 2.577207e+00) 6.443017e-01
(Y:2.920880e+00 X:2.667200e+00 XY:3.022030e+00 I:2.566050e+00)
0004(9993): (2.566050e+00 2.574418e+00) 6.436044e-01
(Y:2.892372e+00 X:2.667200e+00 XY:2.969715e+00 I:2.589857e+00)
0005(9999): (2.589857e+00 2.577506e+00) 6.443764e-01
(Y:2.891540e+00 X:2.667200e+00 XY:2.970118e+00 I:2.588622e+00)
0006(9996): (2.588622e+00 2.579358e+00) 6.448396e-01
(Y:2.890823e+00 X:2.667200e+00 XY:2.978307e+00 I:2.579716e+00)
0007(9975): (2.579716e+00 2.579409e+00) 6.448524e-01
(Y:2.923471e+00 X:2.667200e+00 XY:3.005343e+00 I:2.585329e+00)
0008(10003): (2.585329e+00 2.580149e+00) 6.450373e-01
(Y:2.921612e+00 X:2.667200e+00 XY:2.994491e+00 I:2.594320e+00)
0009(10012): (2.594320e+00 2.581724e+00) 6.454310e-01
(Y:2.913531e+00 X:2.667200e+00 XY:3.006880e+00 I:2.573851e+00)
0010(9992): (2.573851e+00 2.580937e+00) 6.452342e-01
# InnerCodebook: deleted
# NBIDSchannel: deleted
# Gtable: deleted
# FBalg4: deleted
