# (Pid,Ps)=(3.000000e-02,1.000000e-02) Nseg=5000 [0]
# InnerCB: ICB/marker/4_2_2.bin
# Gtable:  Gtable/2/030_010.bin
# InnerCodebook: beta=2(16) nu=3
# InnerCodebook: B(B2p)=4(16) 4(16) 0(1) 
# InnerCodebook: checked CWM, EncMap, DecMap
# beta=2(16) nu=3 N=10000 Dmax=305
# B=4,4,0,
# NBIDSchannel: N=10000 Q=4 Dmax=305 (Pid,Ps)=(3.000000e-02,1.000000e-02)
# FBalg4: Nseg=5000 Dmax=305(w=611)
# FBalg4: Gtable: Gtable/2/030_010.bin
# Gtable: beta=2 (Pid,Ps,Ptrn)=(3.000000e-02,1.000000e-02,9.400000e-01) Pth=1.000000e-10
# Gtable: beta4p=16 beta4pp=256
# Gtable::Gtable len=0 cnt=16
# Gtable::Gtable len=1 cnt=64
# Gtable::Gtable len=2 cnt=256
# Gtable::Gtable len=3 cnt=1024
# Gtable::Gtable len=4 cnt=1072
# FBalg4: beta=2(16) (Pid,Ps)=(3.000000e-02,1.000000e-02) Pth=1.000000e-10 N=10000
(Y:3.187086e+00 X:2.667200e+00 XY:3.559312e+00 I:2.294975e+00)
0001(9961): (2.294975e+00 2.294975e+00) 5.737437e-01
(Y:3.177922e+00 X:2.667200e+00 XY:3.544973e+00 I:2.300149e+00)
0002(9998): (2.300149e+00 2.297562e+00) 5.743905e-01
(Y:3.134662e+00 X:2.667200e+00 XY:3.503612e+00 I:2.298250e+00)
0003(9979): (2.298250e+00 2.297791e+00) 5.744478e-01
(Y:3.199584e+00 X:2.667200e+00 XY:3.571538e+00 I:2.295246e+00)
0004(9989): (2.295246e+00 2.297155e+00) 5.742888e-01
(Y:3.190596e+00 X:2.667200e+00 XY:3.564228e+00 I:2.293568e+00)
0005(9999): (2.293568e+00 2.296438e+00) 5.741094e-01
(Y:3.159498e+00 X:2.667200e+00 XY:3.502814e+00 I:2.323884e+00)
0006(10031): (2.323884e+00 2.301012e+00) 5.752531e-01
(Y:3.148555e+00 X:2.667200e+00 XY:3.508694e+00 I:2.307061e+00)
0007(9972): (2.307061e+00 2.301876e+00) 5.754691e-01
(Y:3.175136e+00 X:2.667200e+00 XY:3.543989e+00 I:2.298347e+00)
0008(9996): (2.298347e+00 2.301435e+00) 5.753588e-01
(Y:3.173727e+00 X:2.667200e+00 XY:3.535194e+00 I:2.305733e+00)
0009(10007): (2.305733e+00 2.301913e+00) 5.754782e-01
(Y:3.184336e+00 X:2.667200e+00 XY:3.552836e+00 I:2.298700e+00)
0010(10001): (2.298700e+00 2.301591e+00) 5.753978e-01
# InnerCodebook: deleted
# NBIDSchannel: deleted
# Gtable: deleted
# FBalg4: deleted
