# (Pid,Ps)=(3.500000e-02,1.000000e-02) Nseg=5000 [0]
# InnerCB: ICB/marker/4_2_2.bin
# Gtable:  Gtable/2/035_010.bin
# InnerCodebook: beta=2(16) nu=3
# InnerCodebook: B(B2p)=4(16) 4(16) 0(1) 
# InnerCodebook: checked CWM, EncMap, DecMap
# beta=2(16) nu=3 N=10000 Dmax=356
# B=4,4,0,
# NBIDSchannel: N=10000 Q=4 Dmax=356 (Pid,Ps)=(3.500000e-02,1.000000e-02)
# FBalg4: Nseg=5000 Dmax=356(w=713)
# FBalg4: Gtable: Gtable/2/035_010.bin
# Gtable: beta=2 (Pid,Ps,Ptrn)=(3.500000e-02,1.000000e-02,9.300000e-01) Pth=1.000000e-10
# Gtable: beta4p=16 beta4pp=256
# Gtable::Gtable len=0 cnt=16
# Gtable::Gtable len=1 cnt=64
# Gtable::Gtable len=2 cnt=256
# Gtable::Gtable len=3 cnt=1024
# Gtable::Gtable len=4 cnt=1072
# FBalg4: beta=2(16) (Pid,Ps)=(3.500000e-02,1.000000e-02) Pth=1.000000e-10 N=10000
(Y:3.199736e+00 X:2.667200e+00 XY:3.630430e+00 I:2.236506e+00)
0001(9957): (2.236506e+00 2.236506e+00) 5.591264e-01
(Y:3.202903e+00 X:2.667200e+00 XY:3.630247e+00 I:2.239856e+00)
0002(10007): (2.239856e+00 2.238181e+00) 5.595452e-01
(Y:3.189445e+00 X:2.667200e+00 XY:3.606758e+00 I:2.249886e+00)
0003(9993): (2.249886e+00 2.242083e+00) 5.605207e-01
(Y:3.216639e+00 X:2.667200e+00 XY:3.624554e+00 I:2.259284e+00)
0004(9989): (2.259284e+00 2.246383e+00) 5.615958e-01
(Y:3.224723e+00 X:2.667200e+00 XY:3.675440e+00 I:2.216483e+00)
0005(10014): (2.216483e+00 2.240403e+00) 5.601008e-01
(Y:3.204532e+00 X:2.667200e+00 XY:3.597621e+00 I:2.274111e+00)
0006(10029): (2.274111e+00 2.246021e+00) 5.615053e-01
(Y:3.205024e+00 X:2.667200e+00 XY:3.618196e+00 I:2.254028e+00)
0007(9978): (2.254028e+00 2.247165e+00) 5.617912e-01
(Y:3.201306e+00 X:2.667200e+00 XY:3.628270e+00 I:2.240236e+00)
0008(9989): (2.240236e+00 2.246299e+00) 5.615747e-01
(Y:3.194371e+00 X:2.667200e+00 XY:3.612657e+00 I:2.248914e+00)
0009(9971): (2.248914e+00 2.246589e+00) 5.616473e-01
(Y:3.216278e+00 X:2.667200e+00 XY:3.665399e+00 I:2.218079e+00)
0010(10011): (2.218079e+00 2.243738e+00) 5.609346e-01
# InnerCodebook: deleted
# NBIDSchannel: deleted
# Gtable: deleted
# FBalg4: deleted
