# (Pid,Ps)=(3.500000e-02,1.000000e-03) Nseg=5000 [0]
# InnerCB: ICB/marker/4_2_2.bin
# Gtable:  Gtable/2/035_001.bin
# InnerCodebook: beta=2(16) nu=3
# InnerCodebook: B(B2p)=4(16) 4(16) 0(1) 
# InnerCodebook: checked CWM, EncMap, DecMap
# beta=2(16) nu=3 N=10000 Dmax=356
# B=4,4,0,
# NBIDSchannel: N=10000 Q=4 Dmax=356 (Pid,Ps)=(3.500000e-02,1.000000e-03)
# FBalg4: Nseg=5000 Dmax=356(w=713)
# FBalg4: Gtable: Gtable/2/035_001.bin
# Gtable: beta=2 (Pid,Ps,Ptrn)=(3.500000e-02,1.000000e-03,9.300000e-01) Pth=1.000000e-10
# Gtable: beta4p=16 beta4pp=256
# Gtable::Gtable len=0 cnt=16
# Gtable::Gtable len=1 cnt=64
# Gtable::Gtable len=2 cnt=256
# Gtable::Gtable len=3 cnt=700
# Gtable::Gtable len=4 cnt=1072
# FBalg4: beta=2(16) (Pid,Ps)=(3.500000e-02,1.000000e-03) Pth=1.000000e-10 N=10000
(Y:3.172224e+00 X:2.667200e+00 XY:3.483957e+00 I:2.355467e+00)
0001(9957): (2.355467e+00 2.355467e+00) 5.888668e-01
(Y:3.176851e+00 X:2.667200e+00 XY:3.489591e+00 I:2.354461e+00)
0002(10007): (2.354461e+00 2.354964e+00) 5.887410e-01
(Y:3.164162e+00 X:2.667200e+00 XY:3.450628e+00 I:2.380734e+00)
0003(9988): (2.380734e+00 2.363554e+00) 5.908884e-01
(Y:3.189744e+00 X:2.667200e+00 XY:3.513060e+00 I:2.343884e+00)
0004(9988): (2.343884e+00 2.358636e+00) 5.896591e-01
(Y:3.189552e+00 X:2.667200e+00 XY:3.495102e+00 I:2.361650e+00)
0005(10013): (2.361650e+00 2.359239e+00) 5.898098e-01
(Y:3.166892e+00 X:2.667200e+00 XY:3.458842e+00 I:2.375251e+00)
0006(10021): (2.375251e+00 2.361908e+00) 5.904769e-01
(Y:3.170368e+00 X:2.667200e+00 XY:3.473128e+00 I:2.364440e+00)
0007(9975): (2.364440e+00 2.362269e+00) 5.905674e-01
(Y:3.165474e+00 X:2.667200e+00 XY:3.491977e+00 I:2.340697e+00)
0008(9998): (2.340697e+00 2.359573e+00) 5.898932e-01
(Y:3.157024e+00 X:2.667200e+00 XY:3.461478e+00 I:2.362746e+00)
0009(9991): (2.362746e+00 2.359925e+00) 5.899814e-01
(Y:3.190471e+00 X:2.667200e+00 XY:3.521917e+00 I:2.335754e+00)
0010(10010): (2.335754e+00 2.357508e+00) 5.893771e-01
# InnerCodebook: deleted
# NBIDSchannel: deleted
# Gtable: deleted
# FBalg4: deleted
