# (Pid,Ps)=(5.000000e-02,1.000000e-03) Nseg=5000 [0]
# InnerCB: ICB/marker/4_2_2.bin
# Gtable:  Gtable/2/050_001.bin
# InnerCodebook: beta=2(16) nu=3
# InnerCodebook: B(B2p)=4(16) 4(16) 0(1) 
# InnerCodebook: checked CWM, EncMap, DecMap
# beta=2(16) nu=3 N=10000 Dmax=505
# B=4,4,0,
# NBIDSchannel: N=10000 Q=4 Dmax=505 (Pid,Ps)=(5.000000e-02,1.000000e-03)
# FBalg4: Nseg=5000 Dmax=505(w=1011)
# FBalg4: Gtable: Gtable/2/050_001.bin
# Gtable: beta=2 (Pid,Ps,Ptrn)=(5.000000e-02,1.000000e-03,9.000000e-01) Pth=1.000000e-10
# Gtable: beta4p=16 beta4pp=256
# Gtable::Gtable len=0 cnt=16
# Gtable::Gtable len=1 cnt=64
# Gtable::Gtable len=2 cnt=256
# Gtable::Gtable len=3 cnt=700
# Gtable::Gtable len=4 cnt=1072
# FBalg4: beta=2(16) (Pid,Ps)=(5.000000e-02,1.000000e-03) Pth=1.000000e-10 N=10000
(Y:3.252707e+00 X:2.667200e+00 XY:3.712335e+00 I:2.207572e+00)
0001(9981): (2.207572e+00 2.207572e+00) 5.518931e-01
(Y:3.237939e+00 X:2.667200e+00 XY:3.724145e+00 I:2.180994e+00)
0002(9996): (2.180994e+00 2.194283e+00) 5.485708e-01
(Y:3.234150e+00 X:2.667200e+00 XY:3.691528e+00 I:2.209822e+00)
0003(10003): (2.209822e+00 2.199463e+00) 5.498657e-01
(Y:3.241415e+00 X:2.667200e+00 XY:3.719911e+00 I:2.188704e+00)
0004(10027): (2.188704e+00 2.196773e+00) 5.491933e-01
(Y:3.261443e+00 X:2.667200e+00 XY:3.743706e+00 I:2.184937e+00)
0005(10011): (2.184937e+00 2.194406e+00) 5.486015e-01
(Y:3.241155e+00 X:2.667200e+00 XY:3.686391e+00 I:2.221964e+00)
0006(10011): (2.221964e+00 2.198999e+00) 5.497497e-01
(Y:3.240103e+00 X:2.667200e+00 XY:3.703825e+00 I:2.203479e+00)
0007(10002): (2.203479e+00 2.199639e+00) 5.499097e-01
(Y:3.241831e+00 X:2.667200e+00 XY:3.710455e+00 I:2.198577e+00)
0008(10001): (2.198577e+00 2.199506e+00) 5.498765e-01
(Y:3.227414e+00 X:2.667200e+00 XY:3.681352e+00 I:2.213262e+00)
0009(9970): (2.213262e+00 2.201035e+00) 5.502586e-01
(Y:3.229418e+00 X:2.667200e+00 XY:3.713061e+00 I:2.183557e+00)
0010(10032): (2.183557e+00 2.199287e+00) 5.498217e-01
# InnerCodebook: deleted
# NBIDSchannel: deleted
# Gtable: deleted
# FBalg4: deleted
