# (Pid,Ps)=(5.000000e-02,1.000000e-02) Nseg=5000 [0]
# InnerCB: ICB/marker/4_2_2.bin
# Gtable:  Gtable/2/050_010.bin
# InnerCodebook: beta=2(16) nu=3
# InnerCodebook: B(B2p)=4(16) 4(16) 0(1) 
# InnerCodebook: checked CWM, EncMap, DecMap
# beta=2(16) nu=3 N=10000 Dmax=505
# B=4,4,0,
# NBIDSchannel: N=10000 Q=4 Dmax=505 (Pid,Ps)=(5.000000e-02,1.000000e-02)
# FBalg4: Nseg=5000 Dmax=505(w=1011)
# FBalg4: Gtable: Gtable/2/050_010.bin
# Gtable: beta=2 (Pid,Ps,Ptrn)=(5.000000e-02,1.000000e-02,9.000000e-01) Pth=1.000000e-10
# Gtable: beta4p=16 beta4pp=256
# Gtable::Gtable len=0 cnt=16
# Gtable::Gtable len=1 cnt=64
# Gtable::Gtable len=2 cnt=256
# Gtable::Gtable len=3 cnt=1024
# Gtable::Gtable len=4 cnt=1072
# FBalg4: beta=2(16) (Pid,Ps)=(5.000000e-02,1.000000e-02) Pth=1.000000e-10 N=10000
(Y:3.288299e+00 X:2.667200e+00 XY:3.850142e+00 I:2.105357e+00)
0001(9981): (2.105357e+00 2.105357e+00) 5.263393e-01
(Y:3.274711e+00 X:2.667200e+00 XY:3.861164e+00 I:2.080748e+00)
0002(10001): (2.080748e+00 2.093052e+00) 5.232631e-01
(Y:3.252747e+00 X:2.667200e+00 XY:3.830757e+00 I:2.089190e+00)
0003(9995): (2.089190e+00 2.091765e+00) 5.229412e-01
(Y:3.268559e+00 X:2.667200e+00 XY:3.847501e+00 I:2.088258e+00)
0004(10023): (2.088258e+00 2.090888e+00) 5.227220e-01
(Y:3.284860e+00 X:2.667200e+00 XY:3.885143e+00 I:2.066917e+00)
0005(10020): (2.066917e+00 2.086094e+00) 5.215235e-01
(Y:3.255614e+00 X:2.667200e+00 XY:3.827301e+00 I:2.095513e+00)
0006(10009): (2.095513e+00 2.087664e+00) 5.219159e-01
(Y:3.273487e+00 X:2.667200e+00 XY:3.831578e+00 I:2.109109e+00)
0007(9993): (2.109109e+00 2.090727e+00) 5.226818e-01
(Y:3.277909e+00 X:2.667200e+00 XY:3.873802e+00 I:2.071307e+00)
0008(9989): (2.071307e+00 2.088300e+00) 5.220749e-01
(Y:3.255107e+00 X:2.667200e+00 XY:3.822347e+00 I:2.099961e+00)
0009(9972): (2.099961e+00 2.089595e+00) 5.223989e-01
(Y:3.261403e+00 X:2.667200e+00 XY:3.847555e+00 I:2.081047e+00)
0010(10048): (2.081047e+00 2.088741e+00) 5.221852e-01
# InnerCodebook: deleted
# NBIDSchannel: deleted
# Gtable: deleted
# FBalg4: deleted
