# (Pid,Ps)=(1.000000e-02,1.000000e-02) Nseg=10000 [0]
# InnerCB: ICB/marker/4_1_0.bin
# Gtable:  Gtable/1/010_010.bin
# InnerCodebook: beta=1(4) nu=5
# InnerCodebook: B(B2p)=2(4) 2(4) 2(4) 2(4) 0(1) 
# InnerCodebook: checked CWM, EncMap, DecMap
# beta=1(4) nu=5 N=10000 Dmax=105
# B=2,2,2,2,0,
# NBIDSchannel: N=10000 Q=4 Dmax=105 (Pid,Ps)=(1.000000e-02,1.000000e-02)
# FBalg4: Nseg=10000 Dmax=105(w=211)
# FBalg4: Gtable: Gtable/1/010_010.bin
# Gtable: beta=1 (Pid,Ps,Ptrn)=(1.000000e-02,1.000000e-02,9.800000e-01) Pth=1.000000e-10
# Gtable: beta4p=4 beta4pp=16
# Gtable::Gtable len=0 cnt=4
# Gtable::Gtable len=1 cnt=16
# Gtable::Gtable len=2 cnt=64
# FBalg4: beta=1(4) (Pid,Ps)=(1.000000e-02,1.000000e-02) Pth=1.000000e-10 N=10000
(Y:1.698893e+00 X:1.600000e+00 XY:1.832847e+00 I:1.466046e+00)
0001(9974): (1.466046e+00 1.466046e+00) 7.330231e-01
(Y:1.712891e+00 X:1.600000e+00 XY:1.849489e+00 I:1.463402e+00)
0002(10014): (1.463402e+00 1.464724e+00) 7.323621e-01
(Y:1.716610e+00 X:1.600000e+00 XY:1.848043e+00 I:1.468567e+00)
0003(9978): (1.468567e+00 1.466005e+00) 7.330025e-01
(Y:1.709506e+00 X:1.600000e+00 XY:1.853642e+00 I:1.455864e+00)
0004(10002): (1.455864e+00 1.463470e+00) 7.317348e-01
(Y:1.705972e+00 X:1.600000e+00 XY:1.833561e+00 I:1.472410e+00)
0005(9996): (1.472410e+00 1.465258e+00) 7.326289e-01
(Y:1.708603e+00 X:1.600000e+00 XY:1.840174e+00 I:1.468429e+00)
0006(9986): (1.468429e+00 1.465786e+00) 7.328932e-01
(Y:1.706798e+00 X:1.600000e+00 XY:1.839983e+00 I:1.466815e+00)
0007(9990): (1.466815e+00 1.465933e+00) 7.329667e-01
(Y:1.703135e+00 X:1.600000e+00 XY:1.841720e+00 I:1.461414e+00)
0008(9978): (1.461414e+00 1.465368e+00) 7.326842e-01
(Y:1.709686e+00 X:1.600000e+00 XY:1.838511e+00 I:1.471175e+00)
0009(9998): (1.471175e+00 1.466014e+00) 7.330068e-01
(Y:1.716391e+00 X:1.600000e+00 XY:1.842224e+00 I:1.474167e+00)
0010(10001): (1.474167e+00 1.466829e+00) 7.334145e-01
# InnerCodebook: deleted
# NBIDSchannel: deleted
# Gtable: deleted
# FBalg4: deleted
