# (Pid,Ps)=(2.000000e-02,1.000000e-03) Nseg=10000 [0]
# InnerCB: ICB/marker/4_1_0.bin
# Gtable:  Gtable/1/020_001.bin
# InnerCodebook: beta=1(4) nu=5
# InnerCodebook: B(B2p)=2(4) 2(4) 2(4) 2(4) 0(1) 
# InnerCodebook: checked CWM, EncMap, DecMap
# beta=1(4) nu=5 N=10000 Dmax=205
# B=2,2,2,2,0,
# NBIDSchannel: N=10000 Q=4 Dmax=205 (Pid,Ps)=(2.000000e-02,1.000000e-03)
# FBalg4: Nseg=10000 Dmax=205(w=411)
# FBalg4: Gtable: Gtable/1/020_001.bin
# Gtable: beta=1 (Pid,Ps,Ptrn)=(2.000000e-02,1.000000e-03,9.600000e-01) Pth=1.000000e-10
# Gtable: beta4p=4 beta4pp=16
# Gtable::Gtable len=0 cnt=4
# Gtable::Gtable len=1 cnt=16
# Gtable::Gtable len=2 cnt=64
# FBalg4: beta=1(4) (Pid,Ps)=(2.000000e-02,1.000000e-03) Pth=1.000000e-10 N=10000
(Y:1.730313e+00 X:1.600000e+00 XY:1.863265e+00 I:1.467049e+00)
0001(9974): (1.467049e+00 1.467049e+00) 7.335243e-01
(Y:1.743703e+00 X:1.600000e+00 XY:1.864794e+00 I:1.478909e+00)
0002(10033): (1.478909e+00 1.472979e+00) 7.364894e-01
(Y:1.739094e+00 X:1.600000e+00 XY:1.871709e+00 I:1.467385e+00)
0003(9985): (1.467385e+00 1.471114e+00) 7.355571e-01
(Y:1.744657e+00 X:1.600000e+00 XY:1.872047e+00 I:1.472609e+00)
0004(10000): (1.472609e+00 1.471488e+00) 7.357439e-01
(Y:1.735638e+00 X:1.600000e+00 XY:1.848081e+00 I:1.487557e+00)
0005(10024): (1.487557e+00 1.474702e+00) 7.373508e-01
(Y:1.741232e+00 X:1.600000e+00 XY:1.864986e+00 I:1.476247e+00)
0006(9999): (1.476247e+00 1.474959e+00) 7.374796e-01
(Y:1.740676e+00 X:1.600000e+00 XY:1.858385e+00 I:1.482291e+00)
0007(9991): (1.482291e+00 1.476006e+00) 7.380032e-01
(Y:1.730745e+00 X:1.600000e+00 XY:1.848539e+00 I:1.482206e+00)
0008(10002): (1.482206e+00 1.476781e+00) 7.383907e-01
(Y:1.738760e+00 X:1.600000e+00 XY:1.865907e+00 I:1.472853e+00)
0009(10009): (1.472853e+00 1.476345e+00) 7.381725e-01
(Y:1.740174e+00 X:1.600000e+00 XY:1.876447e+00 I:1.463727e+00)
0010(9996): (1.463727e+00 1.475083e+00) 7.375416e-01
# InnerCodebook: deleted
# NBIDSchannel: deleted
# Gtable: deleted
# FBalg4: deleted
