# (Pid,Ps)=(3.000000e-02,1.000000e-02) Nseg=10000 [0]
# InnerCB: ICB/marker/4_1_0.bin
# Gtable:  Gtable/1/030_010.bin
# InnerCodebook: beta=1(4) nu=5
# InnerCodebook: B(B2p)=2(4) 2(4) 2(4) 2(4) 0(1) 
# InnerCodebook: checked CWM, EncMap, DecMap
# beta=1(4) nu=5 N=10000 Dmax=305
# B=2,2,2,2,0,
# NBIDSchannel: N=10000 Q=4 Dmax=305 (Pid,Ps)=(3.000000e-02,1.000000e-02)
# FBalg4: Nseg=10000 Dmax=305(w=611)
# FBalg4: Gtable: Gtable/1/030_010.bin
# Gtable: beta=1 (Pid,Ps,Ptrn)=(3.000000e-02,1.000000e-02,9.400000e-01) Pth=1.000000e-10
# Gtable: beta4p=4 beta4pp=16
# Gtable::Gtable len=0 cnt=4
# Gtable::Gtable len=1 cnt=16
# Gtable::Gtable len=2 cnt=64
# FBalg4: beta=1(4) (Pid,Ps)=(3.000000e-02,1.000000e-02) Pth=1.000000e-10 N=10000
(Y:1.769924e+00 X:1.600000e+00 XY:2.033994e+00 I:1.335930e+00)
0001(9977): (1.335930e+00 1.335930e+00) 6.679650e-01
(Y:1.779176e+00 X:1.600000e+00 XY:2.043530e+00 I:1.335646e+00)
0002(10028): (1.335646e+00 1.335788e+00) 6.678940e-01
(Y:1.766910e+00 X:1.600000e+00 XY:2.039786e+00 I:1.327124e+00)
0003(9964): (1.327124e+00 1.332900e+00) 6.664500e-01
(Y:1.773072e+00 X:1.600000e+00 XY:2.045166e+00 I:1.327906e+00)
0004(9998): (1.327906e+00 1.331652e+00) 6.658258e-01
(Y:1.759864e+00 X:1.600000e+00 XY:2.011978e+00 I:1.347886e+00)
0005(10031): (1.347886e+00 1.334898e+00) 6.674492e-01
(Y:1.762835e+00 X:1.600000e+00 XY:2.021253e+00 I:1.341582e+00)
0006(10009): (1.341582e+00 1.336012e+00) 6.680062e-01
(Y:1.772288e+00 X:1.600000e+00 XY:2.045628e+00 I:1.326660e+00)
0007(9993): (1.326660e+00 1.334676e+00) 6.673382e-01
(Y:1.765662e+00 X:1.600000e+00 XY:2.032119e+00 I:1.333542e+00)
0008(9967): (1.333542e+00 1.334535e+00) 6.672673e-01
(Y:1.766224e+00 X:1.600000e+00 XY:2.031283e+00 I:1.334941e+00)
0009(9991): (1.334941e+00 1.334580e+00) 6.672898e-01
(Y:1.768923e+00 X:1.600000e+00 XY:2.032060e+00 I:1.336863e+00)
0010(10019): (1.336863e+00 1.334808e+00) 6.674040e-01
# InnerCodebook: deleted
# NBIDSchannel: deleted
# Gtable: deleted
# FBalg4: deleted
