# (Pid,Ps)=(3.500000e-02,1.000000e-03) Nseg=10000 [0]
# InnerCB: ICB/marker/4_1_0.bin
# Gtable:  Gtable/1/035_001.bin
# InnerCodebook: beta=1(4) nu=5
# InnerCodebook: B(B2p)=2(4) 2(4) 2(4) 2(4) 0(1) 
# InnerCodebook: checked CWM, EncMap, DecMap
# beta=1(4) nu=5 N=10000 Dmax=356
# B=2,2,2,2,0,
# NBIDSchannel: N=10000 Q=4 Dmax=356 (Pid,Ps)=(3.500000e-02,1.000000e-03)
# FBalg4: Nseg=10000 Dmax=356(w=713)
# FBalg4: Gtable: Gtable/1/035_001.bin
# Gtable: beta=1 (Pid,Ps,Ptrn)=(3.500000e-02,1.000000e-03,9.300000e-01) Pth=1.000000e-10
# Gtable: beta4p=4 beta4pp=16
# Gtable::Gtable len=0 cnt=4
# Gtable::Gtable len=1 cnt=16
# Gtable::Gtable len=2 cnt=64
# FBalg4: beta=1(4) (Pid,Ps)=(3.500000e-02,1.000000e-03) Pth=1.000000e-10 N=10000
(Y:1.761070e+00 X:1.600000e+00 XY:2.012794e+00 I:1.348276e+00)
0001(9978): (1.348276e+00 1.348276e+00) 6.741382e-01
(Y:1.768530e+00 X:1.600000e+00 XY:1.998994e+00 I:1.369537e+00)
0002(10035): (1.369537e+00 1.358906e+00) 6.794532e-01
(Y:1.760835e+00 X:1.600000e+00 XY:1.993678e+00 I:1.367157e+00)
0003(9958): (1.367157e+00 1.361657e+00) 6.808283e-01
(Y:1.771843e+00 X:1.600000e+00 XY:2.008662e+00 I:1.363181e+00)
0004(10000): (1.363181e+00 1.362038e+00) 6.810188e-01
(Y:1.762575e+00 X:1.600000e+00 XY:1.988103e+00 I:1.374472e+00)
0005(10012): (1.374472e+00 1.364525e+00) 6.822623e-01
(Y:1.758517e+00 X:1.600000e+00 XY:1.988900e+00 I:1.369617e+00)
0006(10005): (1.369617e+00 1.365373e+00) 6.826867e-01
(Y:1.772123e+00 X:1.600000e+00 XY:2.016128e+00 I:1.355994e+00)
0007(9977): (1.355994e+00 1.364033e+00) 6.820167e-01
(Y:1.763333e+00 X:1.600000e+00 XY:1.996180e+00 I:1.367153e+00)
0008(9972): (1.367153e+00 1.364423e+00) 6.822117e-01
(Y:1.769174e+00 X:1.600000e+00 XY:2.001835e+00 I:1.367340e+00)
0009(10004): (1.367340e+00 1.364747e+00) 6.823737e-01
(Y:1.764778e+00 X:1.600000e+00 XY:1.995042e+00 I:1.369736e+00)
0010(10002): (1.369736e+00 1.365246e+00) 6.826231e-01
# InnerCodebook: deleted
# NBIDSchannel: deleted
# Gtable: deleted
# FBalg4: deleted
