# (Pid,Ps)=(3.500000e-02,1.000000e-02) Nseg=10000 [0]
# InnerCB: ICB/marker/4_1_0.bin
# Gtable:  Gtable/1/035_010.bin
# InnerCodebook: beta=1(4) nu=5
# InnerCodebook: B(B2p)=2(4) 2(4) 2(4) 2(4) 0(1) 
# InnerCodebook: checked CWM, EncMap, DecMap
# beta=1(4) nu=5 N=10000 Dmax=356
# B=2,2,2,2,0,
# NBIDSchannel: N=10000 Q=4 Dmax=356 (Pid,Ps)=(3.500000e-02,1.000000e-02)
# FBalg4: Nseg=10000 Dmax=356(w=713)
# FBalg4: Gtable: Gtable/1/035_010.bin
# Gtable: beta=1 (Pid,Ps,Ptrn)=(3.500000e-02,1.000000e-02,9.300000e-01) Pth=1.000000e-10
# Gtable: beta4p=4 beta4pp=16
# Gtable::Gtable len=0 cnt=4
# Gtable::Gtable len=1 cnt=16
# Gtable::Gtable len=2 cnt=64
# FBalg4: beta=1(4) (Pid,Ps)=(3.500000e-02,1.000000e-02) Pth=1.000000e-10 N=10000
(Y:1.765917e+00 X:1.600000e+00 XY:2.076513e+00 I:1.289404e+00)
0001(9978): (1.289404e+00 1.289404e+00) 6.447018e-01
(Y:1.781636e+00 X:1.600000e+00 XY:2.081851e+00 I:1.299785e+00)
0002(10038): (1.299785e+00 1.294594e+00) 6.472972e-01
(Y:1.770558e+00 X:1.600000e+00 XY:2.077421e+00 I:1.293137e+00)
0003(9961): (1.293137e+00 1.294108e+00) 6.470542e-01
(Y:1.785954e+00 X:1.600000e+00 XY:2.098795e+00 I:1.287159e+00)
0004(10002): (1.287159e+00 1.292371e+00) 6.461856e-01
(Y:1.775924e+00 X:1.600000e+00 XY:2.059161e+00 I:1.316763e+00)
0005(10012): (1.316763e+00 1.297250e+00) 6.486248e-01
(Y:1.770290e+00 X:1.600000e+00 XY:2.068961e+00 I:1.301329e+00)
0006(10005): (1.301329e+00 1.297929e+00) 6.489647e-01
(Y:1.782369e+00 X:1.600000e+00 XY:2.110875e+00 I:1.271495e+00)
0007(9984): (1.271495e+00 1.294153e+00) 6.470765e-01
(Y:1.776296e+00 X:1.600000e+00 XY:2.080968e+00 I:1.295327e+00)
0008(9972): (1.295327e+00 1.294300e+00) 6.471499e-01
(Y:1.769669e+00 X:1.600000e+00 XY:2.073613e+00 I:1.296056e+00)
0009(9990): (1.296056e+00 1.294495e+00) 6.472475e-01
(Y:1.772714e+00 X:1.600000e+00 XY:2.068668e+00 I:1.304046e+00)
0010(9992): (1.304046e+00 1.295450e+00) 6.477250e-01
# InnerCodebook: deleted
# NBIDSchannel: deleted
# Gtable: deleted
# FBalg4: deleted
