# (Pid,Ps)=(4.500000e-02,1.000000e-02) Nseg=10000 [0]
# InnerCB: ICB/marker/4_1_0.bin
# Gtable:  Gtable/1/045_010.bin
# InnerCodebook: beta=1(4) nu=5
# InnerCodebook: B(B2p)=2(4) 2(4) 2(4) 2(4) 0(1) 
# InnerCodebook: checked CWM, EncMap, DecMap
# beta=1(4) nu=5 N=10000 Dmax=455
# B=2,2,2,2,0,
# NBIDSchannel: N=10000 Q=4 Dmax=455 (Pid,Ps)=(4.500000e-02,1.000000e-02)
# FBalg4: Nseg=10000 Dmax=455(w=911)
# FBalg4: Gtable: Gtable/1/045_010.bin
# Gtable: beta=1 (Pid,Ps,Ptrn)=(4.500000e-02,1.000000e-02,9.100000e-01) Pth=1.000000e-10
# Gtable: beta4p=4 beta4pp=16
# Gtable::Gtable len=0 cnt=4
# Gtable::Gtable len=1 cnt=16
# Gtable::Gtable len=2 cnt=64
# FBalg4: beta=1(4) (Pid,Ps)=(4.500000e-02,1.000000e-02) Pth=1.000000e-10 N=10000
(Y:1.779538e+00 X:1.600000e+00 XY:2.156280e+00 I:1.223258e+00)
0001(10005): (1.223258e+00 1.223258e+00) 6.116290e-01
(Y:1.779229e+00 X:1.600000e+00 XY:2.154750e+00 I:1.224479e+00)
0002(10025): (1.224479e+00 1.223868e+00) 6.119342e-01
(Y:1.779576e+00 X:1.600000e+00 XY:2.152962e+00 I:1.226615e+00)
0003(9977): (1.226615e+00 1.224784e+00) 6.123919e-01
(Y:1.784001e+00 X:1.600000e+00 XY:2.155699e+00 I:1.228302e+00)
0004(10007): (1.228302e+00 1.225663e+00) 6.128317e-01
(Y:1.774217e+00 X:1.600000e+00 XY:2.136633e+00 I:1.237584e+00)
0005(10040): (1.237584e+00 1.228048e+00) 6.140238e-01
(Y:1.775754e+00 X:1.600000e+00 XY:2.143389e+00 I:1.232365e+00)
0006(10016): (1.232365e+00 1.228767e+00) 6.143836e-01
(Y:1.784978e+00 X:1.600000e+00 XY:2.172011e+00 I:1.212967e+00)
0007(9988): (1.212967e+00 1.226510e+00) 6.132550e-01
(Y:1.773235e+00 X:1.600000e+00 XY:2.149538e+00 I:1.223697e+00)
0008(9972): (1.223697e+00 1.226158e+00) 6.130792e-01
(Y:1.785451e+00 X:1.600000e+00 XY:2.163408e+00 I:1.222043e+00)
0009(9990): (1.222043e+00 1.225701e+00) 6.128506e-01
(Y:1.780430e+00 X:1.600000e+00 XY:2.133920e+00 I:1.246510e+00)
0010(9968): (1.246510e+00 1.227782e+00) 6.138910e-01
# InnerCodebook: deleted
# NBIDSchannel: deleted
# Gtable: deleted
# FBalg4: deleted
