# InnerCodebook: input ICB/ex01//cb.txt
# InnerCodebook: Nu=6 Nu2p=64 numCW=18 FlgUnique=1 FlgInvertible=1 FlgBalanced=1
# InnerCodebook: Rho=3 (ell,Delta)=(10,2) L0=2
# InnerCodebook: Rst01=4 Rst10=13
# CW
# 000:001011 (2,L2,R2) WL:0 0 1 1 2 3  WR:3 3 3 2 2 1  
# 001:001101 (2,L2,R1) WL:0 0 1 2 2 3  WR:3 3 3 2 1 1  
# 002:001110 (3,L2,R1) WL:0 0 1 2 3 3  WR:3 3 3 2 1 0  
# 003:010011 (2,L1,R2) WL:0 1 1 1 2 3  WR:3 3 2 2 2 1  
# 004:010101 (1,L1,R1) WL:0 1 1 2 2 3  WR:3 3 2 2 1 1  
# 005:010110 (2,L1,R1) WL:0 1 1 2 3 3  WR:3 3 2 2 1 0  
# 006:011001 (2,L1,R1) WL:0 1 2 2 2 3  WR:3 3 2 1 1 1  
# 007:011010 (2,L1,R1) WL:0 1 2 2 3 3  WR:3 3 2 1 1 0  
# 008:011100 (3,L1,R2) WL:0 1 2 3 3 3  WR:3 3 2 1 0 0  
# 009:100011 (3,L1,R2) WL:1 1 1 1 2 3  WR:3 2 2 2 2 1  
# 010:100101 (2,L1,R1) WL:1 1 1 2 2 3  WR:3 2 2 2 1 1  
# 011:100110 (2,L1,R1) WL:1 1 1 2 3 3  WR:3 2 2 2 1 0  
# 012:101001 (2,L1,R1) WL:1 1 2 2 2 3  WR:3 2 2 1 1 1  
# 013:101010 (1,L1,R1) WL:1 1 2 2 3 3  WR:3 2 2 1 1 0  
# 014:101100 (2,L1,R2) WL:1 1 2 3 3 3  WR:3 2 2 1 0 0  
# 015:110001 (3,L2,R1) WL:1 2 2 2 2 3  WR:3 2 1 1 1 1  
# 016:110010 (2,L2,R1) WL:1 2 2 2 3 3  WR:3 2 1 1 1 0  
# 017:110100 (2,L2,R2) WL:1 2 2 3 3 3  WR:3 2 1 1 0 0  
# CWL
# 000B:1 000D:1 000E:1 0013:1 0015:1 0016:1 0019:1 001A:1 001C:1 0023:1 
# 0025:1 0026:1 0029:1 002A:1 002C:1 0031:1 0032:1 0034:1 
# CWI
# 000B:000 000D:001 000E:002 0013:003 0015:004 0016:005 0019:006 001A:007 001C:008 0023:009 
# 0025:010 0026:011 0029:012 002A:013 002C:014 0031:015 0032:016 0034:017 
# Q=18 N=50 Nu=6 Nb=300 (Pi,Pd,Ps)=(9.000000e-03,9.000000e-03,9.000000e-03) [0]
# ICB:   ICB/ex01//cb.txt
# Const: ICB/ex01//constraint.txt
# EncCM: ICB/ex01//EncCM.bin
# ChannelMatrix: ICB/ex01//EncCM.bin (18x18)
# IDSchannel: N=300 (Pi,Pd,Ps)=(9.000000e-03,9.000000e-03,9.000000e-03) (Dmin,Dmax)=(-6,6)
# SLFBAdec: Ns=50 (Nu;Nu2min,Nu2max)=(6(64);3,9) Nb=300 Q=18
# SLFBAdec: (Pi,Pd,Ps,Pt)=(9.000000e-03,9.000000e-03,9.000000e-03,9.820000e-01) (Dmin,Dmax:Drng)=(-6,6:13)
# SLFBAdec: generating GD & GX
# SLFBAdec: generating factor graph
# ChannelMatrix: M=18 N=5832
1000 11023/50000 36 2.204600e-01 : 4.109780e+00 9.781061e-01 3.131674e+00
2000 21829/100000 38 2.182900e-01 : 4.111792e+00 1.008131e+00 3.103661e+00
3000 32901/150000 41 2.193400e-01 : 4.111831e+00 1.031793e+00 3.080038e+00
4000 44047/200000 41 2.202350e-01 : 4.111618e+00 1.048140e+00 3.063478e+00
5000 55163/250000 41 2.206520e-01 : 4.112004e+00 1.059867e+00 3.052137e+00
6000 66077/300000 41 2.202567e-01 : 4.111959e+00 1.063649e+00 3.048310e+00
7000 77113/350000 44 2.203229e-01 : 4.112089e+00 1.067594e+00 3.044495e+00
8000 88130/400000 44 2.203250e-01 : 4.111991e+00 1.072170e+00 3.039821e+00
9000 99341/450000 44 2.207578e-01 : 4.111787e+00 1.075776e+00 3.036011e+00
10000 110007/500000 44 2.200140e-01 : 4.111937e+00 1.075348e+00 3.036589e+00
11000 121081/550000 44 2.201473e-01 : 4.112012e+00 1.078095e+00 3.033918e+00
12000 132017/600000 44 2.200283e-01 : 4.111973e+00 1.079435e+00 3.032539e+00
13000 143015/650000 44 2.200231e-01 : 4.111957e+00 1.081383e+00 3.030574e+00
14000 154128/700000 44 2.201829e-01 : 4.111985e+00 1.083747e+00 3.028238e+00
15000 165149/750000 44 2.201987e-01 : 4.112096e+00 1.085836e+00 3.026260e+00
16000 176455/800000 44 2.205688e-01 : 4.112167e+00 1.088964e+00 3.023203e+00
17000 187340/850000 44 2.204000e-01 : 4.112193e+00 1.089491e+00 3.022702e+00
18000 198400/900000 44 2.204444e-01 : 4.112223e+00 1.090536e+00 3.021687e+00
19000 209311/950000 44 2.203274e-01 : 4.112160e+00 1.090956e+00 3.021204e+00
20000 220043/1000000 44 2.200430e-01 : 4.112011e+00 1.090898e+00 3.021114e+00
21000 231143/1050000 44 2.201362e-01 : 4.112148e+00 1.091793e+00 3.020355e+00
22000 242107/1100000 44 2.200973e-01 : 4.112111e+00 1.092208e+00 3.019903e+00
23000 253006/1150000 44 2.200052e-01 : 4.112036e+00 1.092802e+00 3.019234e+00
24000 264143/1200000 44 2.201192e-01 : 4.112086e+00 1.093956e+00 3.018130e+00
25000 275168/1250000 44 2.201344e-01 : 4.112124e+00 1.094690e+00 3.017434e+00
26000 286184/1300000 44 2.201415e-01 : 4.112030e+00 1.095007e+00 3.017023e+00
27000 297238/1350000 44 2.201763e-01 : 4.112017e+00 1.095970e+00 3.016046e+00
28000 308403/1400000 44 2.202879e-01 : 4.112056e+00 1.096762e+00 3.015294e+00
29000 319285/1450000 44 2.201966e-01 : 4.111984e+00 1.096943e+00 3.015041e+00
30000 330184/1500000 44 2.201227e-01 : 4.111917e+00 1.096997e+00 3.014920e+00
31000 340991/1550000 45 2.199942e-01 : 4.111832e+00 1.096790e+00 3.015043e+00
32000 351736/1600000 45 2.198350e-01 : 4.111803e+00 1.096353e+00 3.015450e+00
33000 362753/1650000 45 2.198503e-01 : 4.111964e+00 1.096715e+00 3.015250e+00
34000 373861/1700000 45 2.199182e-01 : 4.111921e+00 1.097214e+00 3.014708e+00
35000 384752/1750000 45 2.198583e-01 : 4.111918e+00 1.097214e+00 3.014704e+00
36000 395849/1800000 45 2.199161e-01 : 4.111917e+00 1.097863e+00 3.014054e+00
37000 406849/1850000 45 2.199184e-01 : 4.111985e+00 1.097909e+00 3.014077e+00
38000 417825/1900000 45 2.199079e-01 : 4.111987e+00 1.098030e+00 3.013957e+00
39000 428627/1950000 45 2.198087e-01 : 4.111990e+00 1.097890e+00 3.014100e+00
40000 439551/2000000 45 2.197755e-01 : 4.111938e+00 1.098183e+00 3.013754e+00
41000 450591/2050000 45 2.198005e-01 : 4.111997e+00 1.098282e+00 3.013716e+00
42000 461373/2100000 45 2.197014e-01 : 4.112100e+00 1.097813e+00 3.014287e+00
43000 472647/2150000 45 2.198358e-01 : 4.111986e+00 1.098722e+00 3.013265e+00
44000 483650/2200000 45 2.198409e-01 : 4.111973e+00 1.098743e+00 3.013229e+00
45000 494453/2250000 45 2.197569e-01 : 4.112003e+00 1.098531e+00 3.013472e+00
46000 505298/2300000 45 2.196948e-01 : 4.111972e+00 1.098593e+00 3.013379e+00
47000 516566/2350000 45 2.198153e-01 : 4.112027e+00 1.099207e+00 3.012820e+00
48000 527455/2400000 45 2.197729e-01 : 4.111963e+00 1.099418e+00 3.012545e+00
49000 538468/2450000 45 2.197829e-01 : 4.111974e+00 1.099792e+00 3.012182e+00
50000 549500/2500000 45 2.198000e-01 : 4.112016e+00 1.099932e+00 3.012084e+00
51000 560703/2550000 45 2.198835e-01 : 4.112088e+00 1.100677e+00 3.011411e+00
52000 571528/2600000 45 2.198185e-01 : 4.112115e+00 1.100475e+00 3.011640e+00
53000 582179/2650000 45 2.196902e-01 : 4.112161e+00 1.099974e+00 3.012187e+00
54000 593041/2700000 45 2.196448e-01 : 4.112165e+00 1.099847e+00 3.012318e+00
55000 604164/2750000 45 2.196960e-01 : 4.112155e+00 1.100140e+00 3.012015e+00
56000 614976/2800000 45 2.196343e-01 : 4.112145e+00 1.100029e+00 3.012116e+00
57000 625864/2850000 45 2.196014e-01 : 4.112146e+00 1.099876e+00 3.012270e+00
58000 636735/2900000 45 2.195638e-01 : 4.112166e+00 1.099731e+00 3.012435e+00
59000 647678/2950000 46 2.195519e-01 : 4.112166e+00 1.099804e+00 3.012361e+00
60000 658796/3000000 46 2.195987e-01 : 4.112113e+00 1.100102e+00 3.012012e+00
61000 669688/3050000 46 2.195698e-01 : 4.112144e+00 1.100118e+00 3.012025e+00
62000 680600/3100000 46 2.195484e-01 : 4.112152e+00 1.100207e+00 3.011946e+00
63000 691583/3150000 46 2.195502e-01 : 4.112140e+00 1.100363e+00 3.011777e+00
64000 702411/3200000 46 2.195034e-01 : 4.112146e+00 1.100269e+00 3.011877e+00
65000 713459/3250000 46 2.195258e-01 : 4.112160e+00 1.100396e+00 3.011764e+00
66000 724104/3300000 46 2.194255e-01 : 4.112169e+00 1.100066e+00 3.012104e+00
67000 735047/3350000 46 2.194170e-01 : 4.112164e+00 1.100140e+00 3.012024e+00
68000 745967/3400000 46 2.194021e-01 : 4.112147e+00 1.100334e+00 3.011813e+00
69000 757012/3450000 46 2.194238e-01 : 4.112149e+00 1.100494e+00 3.011655e+00
70000 768079/3500000 46 2.194511e-01 : 4.112126e+00 1.100651e+00 3.011475e+00
71000 779319/3550000 49 2.195265e-01 : 4.112136e+00 1.101096e+00 3.011040e+00
72000 790335/3600000 49 2.195375e-01 : 4.112202e+00 1.101119e+00 3.011083e+00
73000 801112/3650000 49 2.194827e-01 : 4.112197e+00 1.100858e+00 3.011338e+00
74000 812153/3700000 49 2.195008e-01 : 4.112162e+00 1.101044e+00 3.011118e+00
75000 823055/3750000 49 2.194813e-01 : 4.112219e+00 1.101088e+00 3.011132e+00
76000 834111/3800000 49 2.195029e-01 : 4.112231e+00 1.101492e+00 3.010739e+00
77000 845377/3850000 49 2.195784e-01 : 4.112197e+00 1.101928e+00 3.010269e+00
78000 856284/3900000 49 2.195600e-01 : 4.112211e+00 1.101934e+00 3.010278e+00
79000 867120/3950000 49 2.195241e-01 : 4.112234e+00 1.101843e+00 3.010391e+00
80000 878292/4000000 49 2.195730e-01 : 4.112234e+00 1.102168e+00 3.010066e+00
81000 889429/4050000 49 2.196121e-01 : 4.112238e+00 1.102479e+00 3.009759e+00
82000 900341/4100000 49 2.195954e-01 : 4.112248e+00 1.102455e+00 3.009793e+00
83000 911133/4150000 49 2.195501e-01 : 4.112275e+00 1.102228e+00 3.010046e+00
84000 922150/4200000 49 2.195595e-01 : 4.112311e+00 1.102296e+00 3.010014e+00
85000 933229/4250000 49 2.195833e-01 : 4.112279e+00 1.102417e+00 3.009861e+00
86000 944387/4300000 49 2.196249e-01 : 4.112303e+00 1.102593e+00 3.009710e+00
87000 955345/4350000 49 2.196195e-01 : 4.112297e+00 1.102670e+00 3.009627e+00
88000 966363/4400000 49 2.196280e-01 : 4.112302e+00 1.102743e+00 3.009559e+00
89000 977425/4450000 49 2.196461e-01 : 4.112305e+00 1.102972e+00 3.009333e+00
90000 988151/4500000 49 2.195891e-01 : 4.112253e+00 1.102683e+00 3.009570e+00
91000 998898/4550000 49 2.195380e-01 : 4.112296e+00 1.102527e+00 3.009770e+00
92000 1010003/4600000 49 2.195659e-01 : 4.112332e+00 1.102669e+00 3.009664e+00
93000 1020738/4650000 49 2.195135e-01 : 4.112345e+00 1.102447e+00 3.009898e+00
94000 1031852/4700000 49 2.195430e-01 : 4.112357e+00 1.102682e+00 3.009675e+00
95000 1042963/4750000 49 2.195712e-01 : 4.112334e+00 1.102911e+00 3.009423e+00
96000 1053766/4800000 49 2.195346e-01 : 4.112310e+00 1.102792e+00 3.009518e+00
97000 1064616/4850000 49 2.195085e-01 : 4.112309e+00 1.102648e+00 3.009661e+00
98000 1075700/4900000 49 2.195306e-01 : 4.112318e+00 1.102810e+00 3.009508e+00
99000 1086272/4950000 49 2.194489e-01 : 4.112264e+00 1.102544e+00 3.009720e+00
100000 1097226/5000000 49 2.194452e-01 : 4.112267e+00 1.102485e+00 3.009781e+00
=== 最終統計結果 ===
総シンボル数: 5000000 個
総エラー数: 1097226 個
シンボルエラー率: 0.219445 (21.94%)
1ブロック内最大エラー数: 49 個
実行イテレーション数: 100000 回
1イテレーションあたりのシンボル数: 50 個
平均エラー数/イテレーション: 10.97 個
========================
# InnerCodebook: deleted
# ChannelMatrix: deleted
# IDSchannel: deleted
# SLFBAdec: deleted
# ChannelMatrix: deleted
