# (Pid,Ps)=(1.500000e-02,1.000000e-02) Nseg=250 WinSize=10 [0]
# InnerCB: ICB/1/4_07_1.bin
# Gtable:  Gtable/4/015_010.bin
# InnerCodebook: beta=4(256) nu=1
# InnerCodebook: B(B2p)=7(128) 
# InnerCodebook: checked CWM, EncMap, DecMap
# beta=4(256) nu=1 N=1000 Dmax=20
# B=7,
# NBIDSchannel: N=1000 Q=4 Dmax=20 (Pid,Ps)=(1.500000e-02,1.000000e-02)
# FBalg4: Nseg=250 Dmax=20(w=41)
# FBalg4: Gtable: Gtable/4/015_010.bin
# Gtable: beta=4 (Pid,Ps,Ptrn)=(1.500000e-02,1.000000e-02,9.700000e-01) Pth=1.000000e-10
# Gtable: beta4p=256 beta4pp=65536
# Gtable::Gtable len=0 cnt=256
# Gtable::Gtable len=1 cnt=1024
# Gtable::Gtable len=2 cnt=4096
# Gtable::Gtable len=3 cnt=16384
# Gtable::Gtable len=4 cnt=65536
# Gtable::Gtable len=5 cnt=148420
# Gtable::Gtable len=6 cnt=107608
# Gtable::Gtable len=7 cnt=28096
# Gtable::Gtable len=8 cnt=6400
# FBalg4: beta=4(256) (Pid,Ps)=(1.500000e-02,1.000000e-02) Pth=1.000000e-10 N=1000
# StatICB: nu=1 beta=4 beta4p=256 Bsum=7 HdThNum=20 HdThStep=5.00e-02
# StatICB: B=7,
# StatICB: HdThList 9.50e-01,9.00e-01,8.50e-01,8.00e-01,7.50e-01,7.00e-01,6.50e-01,6.00e-01,5.50e-01,5.00e-01,4.50e-01,4.00e-01,3.50e-01,3.00e-01,2.50e-01,2.00e-01,1.50e-01,1.00e-01,5.00e-02,1.00e-10,
0126(1006) (2.66e+00 2.05e+00) XE:2.56e-01 (1.23e+00 1.23e+00 | 1.24e+00 1.34e+00)
0261(1004) (1.17e+00 2.09e+00) XE:2.61e-01 (1.22e+00 1.23e+00 | 1.36e+00 1.34e+00)
0395(1003) (3.98e+00 2.07e+00) XE:2.59e-01 (1.22e+00 1.23e+00 | 1.34e+00 1.34e+00)
0530(991) (1.54e+00 2.03e+00) XE:2.54e-01 (1.21e+00 1.23e+00 | 1.30e+00 1.34e+00)
0664(992) (2.46e+00 2.04e+00) XE:2.55e-01 (1.24e+00 1.23e+00 | 1.36e+00 1.34e+00)
0799(999) (2.08e+00 2.05e+00) XE:2.56e-01 (1.21e+00 1.23e+00 | 1.36e+00 1.33e+00)
0933(1003) (1.54e+00 2.06e+00) XE:2.57e-01 (1.22e+00 1.23e+00 | 1.32e+00 1.33e+00)
1068(1005) (1.31e+00 2.07e+00) XE:2.59e-01 (1.26e+00 1.23e+00 | 1.27e+00 1.34e+00)
1202(1004) (1.31e+00 2.08e+00) XE:2.59e-01 (1.23e+00 1.23e+00 | 1.41e+00 1.34e+00)
1337(1006) (1.05e+00 2.07e+00) XE:2.58e-01 (1.23e+00 1.23e+00 | 1.41e+00 1.34e+00)
1471(1000) (1.89e+00 2.05e+00) XE:2.57e-01 (1.23e+00 1.23e+00 | 1.37e+00 1.34e+00)
1606(1002) (2.78e+00 2.06e+00) XE:2.57e-01 (1.23e+00 1.23e+00 | 1.28e+00 1.34e+00)
1741(1004) (1.49e+00 2.06e+00) XE:2.57e-01 (1.30e+00 1.23e+00 | 1.40e+00 1.34e+00)
1875(997) (2.02e+00 2.05e+00) XE:2.56e-01 (1.19e+00 1.23e+00 | 1.25e+00 1.34e+00)
2010(994) (1.86e+00 2.04e+00) XE:2.55e-01 (1.21e+00 1.23e+00 | 1.42e+00 1.34e+00)
2144(1005) (1.54e+00 2.04e+00) XE:2.55e-01 (1.21e+00 1.23e+00 | 1.36e+00 1.34e+00)
2279(994) (3.81e+00 2.05e+00) XE:2.56e-01 (1.23e+00 1.23e+00 | 1.31e+00 1.34e+00)
2413(1002) (2.05e+00 2.05e+00) XE:2.56e-01 (1.26e+00 1.23e+00 | 1.54e+00 1.34e+00)
2548(1003) (2.72e+00 2.04e+00) XE:2.56e-01 (1.22e+00 1.23e+00 | 1.29e+00 1.34e+00)
2682(999) (2.05e+00 2.04e+00) XE:2.55e-01 (1.23e+00 1.23e+00 | 1.32e+00 1.34e+00)
2816(1002) (2.60e+00 2.04e+00) XE:2.56e-01 (1.24e+00 1.23e+00 | 1.41e+00 1.34e+00)
2951(1002) (2.26e+00 2.05e+00) XE:2.56e-01 (1.23e+00 1.23e+00 | 1.35e+00 1.34e+00)
3085(1004) (1.19e+00 2.05e+00) XE:2.56e-01 (1.26e+00 1.23e+00 | 1.35e+00 1.34e+00)
3220(1008) (2.58e+00 2.05e+00) XE:2.56e-01 (1.24e+00 1.23e+00 | 1.33e+00 1.34e+00)
3354(1000) (2.23e+00 2.05e+00) XE:2.56e-01 (1.21e+00 1.23e+00 | 1.31e+00 1.34e+00)
3489(1001) (1.77e+00 2.05e+00) XE:2.56e-01 (1.23e+00 1.23e+00 | 1.32e+00 1.34e+00)
3623(989) (1.68e+00 2.05e+00) XE:2.56e-01 (1.24e+00 1.23e+00 | 1.52e+00 1.34e+00)
3757(1008) (1.80e+00 2.05e+00) XE:2.56e-01 (1.25e+00 1.23e+00 | 1.42e+00 1.34e+00)
3892(1009) (2.54e+00 2.05e+00) XE:2.56e-01 (1.24e+00 1.23e+00 | 1.37e+00 1.34e+00)
4026(999) (1.67e+00 2.04e+00) XE:2.55e-01 (1.21e+00 1.23e+00 | 1.34e+00 1.34e+00)
4161(998) (2.09e+00 2.04e+00) XE:2.55e-01 (1.23e+00 1.23e+00 | 1.42e+00 1.34e+00)
4295(1004) (1.75e+00 2.04e+00) XE:2.55e-01 (1.24e+00 1.23e+00 | 1.50e+00 1.34e+00)
4430(1003) (2.57e+00 2.04e+00) XE:2.55e-01 (1.24e+00 1.23e+00 | 1.43e+00 1.34e+00)
4564(1005) (3.54e+00 2.04e+00) XE:2.55e-01 (1.21e+00 1.23e+00 | 1.34e+00 1.34e+00)
4699(993) (1.30e+00 2.04e+00) XE:2.55e-01 (1.22e+00 1.23e+00 | 1.35e+00 1.34e+00)
4833(997) (1.88e+00 2.04e+00) XE:2.55e-01 (1.21e+00 1.23e+00 | 1.37e+00 1.34e+00)
4967(996) (2.09e+00 2.04e+00) XE:2.55e-01 (1.24e+00 1.23e+00 | 1.39e+00 1.34e+00)
5102(1012) (1.06e+00 2.04e+00) XE:2.55e-01 (1.22e+00 1.23e+00 | 1.43e+00 1.34e+00)
5236(997) (2.25e+00 2.04e+00) XE:2.55e-01 (1.22e+00 1.23e+00 | 1.29e+00 1.34e+00)
5371(1007) (1.87e+00 2.04e+00) XE:2.55e-01 (1.24e+00 1.23e+00 | 1.34e+00 1.34e+00)
5505(997) (1.15e+00 2.04e+00) XE:2.55e-01 (1.22e+00 1.23e+00 | 1.33e+00 1.34e+00)
5640(1003) (1.76e+00 2.04e+00) XE:2.55e-01 (1.22e+00 1.23e+00 | 1.27e+00 1.34e+00)
5774(994) (3.33e+00 2.04e+00) XE:2.55e-01 (1.22e+00 1.23e+00 | 1.32e+00 1.34e+00)
5909(993) (2.35e+00 2.04e+00) XE:2.55e-01 (1.24e+00 1.23e+00 | 1.24e+00 1.34e+00)
6043(997) (1.99e+00 2.04e+00) XE:2.55e-01 (1.23e+00 1.23e+00 | 1.41e+00 1.34e+00)
6177(1004) (1.96e+00 2.04e+00) XE:2.55e-01 (1.19e+00 1.23e+00 | 1.34e+00 1.34e+00)
6312(986) (2.34e+00 2.04e+00) XE:2.55e-01 (1.22e+00 1.23e+00 | 1.43e+00 1.34e+00)
6446(1004) (2.13e+00 2.04e+00) XE:2.54e-01 (1.22e+00 1.23e+00 | 1.33e+00 1.34e+00)
6581(1010) (8.94e-01 2.03e+00) XE:2.54e-01 (1.23e+00 1.23e+00 | 1.29e+00 1.34e+00)
6715(1005) (1.97e+00 2.03e+00) XE:2.54e-01 (1.24e+00 1.23e+00 | 1.34e+00 1.34e+00)
6850(1012) (1.76e+00 2.03e+00) XE:2.54e-01 (1.28e+00 1.23e+00 | 1.37e+00 1.34e+00)
6984(988) (2.23e+00 2.03e+00) XE:2.54e-01 (1.19e+00 1.23e+00 | 1.34e+00 1.34e+00)
7119(1006) (1.45e+00 2.03e+00) XE:2.54e-01 (1.26e+00 1.23e+00 | 1.38e+00 1.34e+00)
7253(1007) (1.62e+00 2.03e+00) XE:2.54e-01 (1.22e+00 1.23e+00 | 1.29e+00 1.34e+00)
7387(1009) (1.17e+00 2.03e+00) XE:2.54e-01 (1.21e+00 1.23e+00 | 1.48e+00 1.34e+00)
7522(993) (4.01e+00 2.03e+00) XE:2.54e-01 (1.22e+00 1.23e+00 | 1.21e+00 1.34e+00)
7656(1009) (1.40e+00 2.03e+00) XE:2.54e-01 (1.21e+00 1.23e+00 | 1.39e+00 1.34e+00)
7791(1002) (1.80e+00 2.03e+00) XE:2.54e-01 (1.24e+00 1.23e+00 | 1.40e+00 1.34e+00)
7925(998) (2.04e+00 2.03e+00) XE:2.54e-01 (1.22e+00 1.23e+00 | 1.25e+00 1.34e+00)
8060(993) (2.87e+00 2.03e+00) XE:2.54e-01 (1.23e+00 1.23e+00 | 1.20e+00 1.34e+00)
8194(1000) (2.01e+00 2.03e+00) XE:2.54e-01 (1.25e+00 1.23e+00 | 1.31e+00 1.34e+00)
8328(1011) (2.36e+00 2.03e+00) XE:2.54e-01 (1.24e+00 1.23e+00 | 1.31e+00 1.34e+00)
8463(991) (2.19e+00 2.03e+00) XE:2.54e-01 (1.22e+00 1.23e+00 | 1.32e+00 1.34e+00)
8597(996) (2.10e+00 2.03e+00) XE:2.54e-01 (1.25e+00 1.23e+00 | 1.29e+00 1.34e+00)
8732(1000) (1.67e+00 2.03e+00) XE:2.54e-01 (1.21e+00 1.23e+00 | 1.34e+00 1.34e+00)
8866(1007) (1.39e+00 2.03e+00) XE:2.54e-01 (1.22e+00 1.23e+00 | 1.24e+00 1.34e+00)
9001(990) (2.54e+00 2.03e+00) XE:2.54e-01 (1.26e+00 1.23e+00 | 1.39e+00 1.34e+00)
9135(1003) (4.03e+00 2.03e+00) XE:2.54e-01 (1.21e+00 1.23e+00 | 1.31e+00 1.34e+00)
9269(1000) (1.92e+00 2.03e+00) XE:2.54e-01 (1.23e+00 1.23e+00 | 1.37e+00 1.34e+00)
9404(1001) (1.91e+00 2.03e+00) XE:2.54e-01 (1.23e+00 1.23e+00 | 1.29e+00 1.34e+00)
9538(997) (1.52e+00 2.03e+00) XE:2.54e-01 (1.23e+00 1.23e+00 | 1.36e+00 1.34e+00)
9673(1005) (2.14e+00 2.03e+00) XE:2.54e-01 (1.23e+00 1.23e+00 | 1.20e+00 1.34e+00)
9807(1003) (2.02e+00 2.03e+00) XE:2.54e-01 (1.26e+00 1.23e+00 | 1.34e+00 1.34e+00)
9942(997) (2.40e+00 2.03e+00) XE:2.54e-01 (1.24e+00 1.23e+00 | 1.36e+00 1.34e+00)
10000(999) (2.11e+00 2.03e+00) XE:2.54e-01 (1.23e+00 1.23e+00 | 1.28e+00 1.34e+00)
RL cnt: 0,6483714,1421139,194547,19474,0,0,0,0,0,0,0,0,0,0,0,
BL cnt: 0,0,0,0,24146,0,431766,0,2372206,0,4243593,0,2378770,0,435521,0,23998,0,0,0,0,
[00] Th=9.500000e-01: 5.266610e-02 : 7.523729e-03
[01] Th=9.000000e-01: 7.670679e-01 : 1.095811e-01
[02] Th=8.500000e-01: 1.342618e+00 : 1.918026e-01
[03] Th=8.000000e-01: 1.725342e+00 : 2.464774e-01
[04] Th=7.500000e-01: 2.026582e+00 : 2.895117e-01
[05] Th=7.000000e-01: 2.286695e+00 : 3.266708e-01
[06] Th=6.500000e-01: 2.527394e+00 : 3.610563e-01
[07] Th=6.000000e-01: 2.762333e+00 : 3.946189e-01
[08] Th=5.500000e-01: 2.994089e+00 : 4.277271e-01
[09] Th=5.000000e-01: 3.214597e+00 : 4.592281e-01
[10] Th=4.500000e-01: 3.436704e+00 : 4.909577e-01
[11] Th=4.000000e-01: 3.605695e+00 : 5.150993e-01
[12] Th=3.500000e-01: 3.730848e+00 : 5.329783e-01
[13] Th=3.000000e-01: 3.820675e+00 : 5.458107e-01
[14] Th=2.500000e-01: 3.870680e+00 : 5.529542e-01
[15] Th=2.000000e-01: 3.891009e+00 : 5.558584e-01
[16] Th=1.500000e-01: 3.895265e+00 : 5.564664e-01
[17] Th=1.000000e-01: 3.895340e+00 : 5.564772e-01
[18] Th=5.000000e-02: 3.895315e+00 : 5.564735e-01
[19] Th=1.000000e-10: 3.895315e+00 : 5.564735e-01
# InnerCodebook: deleted
# NBIDSchannel: deleted
# Gtable: deleted
# FBalg4: deleted
# StatICB: deleted
