# (Pid,Ps)=(1.500000e-02,1.000000e-03) Nseg=500 WinSize=10 [0]
# InnerCB: ICB/marker/10_2_2.bin
# Gtable:  Gtable/2/015_001.bin
# InnerCodebook: beta=2(16) nu=6
# InnerCodebook: B(B2p)=4(16) 4(16) 4(16) 4(16) 4(16) 0(1) 
# InnerCodebook: checked CWM, EncMap, DecMap
# beta=2(16) nu=6 N=1000 Dmax=20
# B=4,4,4,4,4,0,
# NBIDSchannel: N=1000 Q=4 Dmax=20 (Pid,Ps)=(1.500000e-02,1.000000e-03)
# FBalg4: Nseg=500 Dmax=20(w=41)
# FBalg4: Gtable: Gtable/2/015_001.bin
# Gtable: beta=2 (Pid,Ps,Ptrn)=(1.500000e-02,1.000000e-03,9.700000e-01) Pth=1.000000e-10
# Gtable: beta4p=16 beta4pp=256
# Gtable::Gtable len=0 cnt=16
# Gtable::Gtable len=1 cnt=64
# Gtable::Gtable len=2 cnt=256
# Gtable::Gtable len=3 cnt=700
# Gtable::Gtable len=4 cnt=208
# FBalg4: beta=2(16) (Pid,Ps)=(1.500000e-02,1.000000e-03) Pth=1.000000e-10 N=1000
# StatICB: nu=6 beta=2 beta4p=16 Bsum=20 HdThNum=20 HdThStep=5.00e-02
# StatICB: B=4,4,4,4,4,0,
# StatICB: HdThList 9.50e-01,9.00e-01,8.50e-01,8.00e-01,7.50e-01,7.00e-01,6.50e-01,6.00e-01,5.50e-01,5.00e-01,4.50e-01,4.00e-01,3.50e-01,3.00e-01,2.50e-01,2.00e-01,1.50e-01,1.00e-01,5.00e-02,1.00e-10,
1416(1002) (4.59e-01 4.72e-01) XE:1.18e-01 (1.36e+00 1.30e+00 | 2.15e+00 2.26e+00)
2907(1000) (2.65e-01 4.73e-01) XE:1.18e-01 (1.31e+00 1.30e+00 | 2.29e+00 2.26e+00)
4399(1014) (5.34e-01 4.72e-01) XE:1.18e-01 (1.27e+00 1.30e+00 | 2.19e+00 2.26e+00)
5890(1005) (5.70e-01 4.71e-01) XE:1.18e-01 (1.28e+00 1.30e+00 | 2.44e+00 2.25e+00)
7382(1002) (4.66e-01 4.71e-01) XE:1.18e-01 (1.29e+00 1.30e+00 | 2.16e+00 2.25e+00)
8874(1002) (2.69e-01 4.70e-01) XE:1.18e-01 (1.27e+00 1.30e+00 | 2.29e+00 2.25e+00)
10000(1002) (3.63e-01 4.71e-01) XE:1.18e-01 (1.27e+00 1.30e+00 | 2.37e+00 2.25e+00)
RL cnt: 0,5931705,1365376,312207,70047,15890,3525,775,137,26,6,3,0,0,0,0,
BL cnt: 2351,0,52990,0,340179,0,1100823,0,2134154,0,2643993,0,2136957,0,1103115,0,339597,0,53526,0,2315,
[00] Th=9.500000e-01: 3.098809e+00 2.919199e+00 2.861168e+00 2.910344e+00 3.089583e+00 0.000000e+00 : 7.439552e-01
[01] Th=9.000000e-01: 3.126354e+00 2.946186e+00 2.888826e+00 2.936999e+00 3.117631e+00 0.000000e+00 : 7.507998e-01
[02] Th=8.500000e-01: 3.142711e+00 2.959828e+00 2.904258e+00 2.951507e+00 3.134403e+00 0.000000e+00 : 7.546354e-01
[03] Th=8.000000e-01: 3.404933e+00 2.983317e+00 2.921787e+00 2.975250e+00 3.398078e+00 0.000000e+00 : 7.841682e-01
[04] Th=7.500000e-01: 3.451484e+00 3.005438e+00 2.937145e+00 2.997627e+00 3.447094e+00 0.000000e+00 : 7.919394e-01
[05] Th=7.000000e-01: 3.480952e+00 3.038549e+00 2.969733e+00 3.031751e+00 3.477474e+00 0.000000e+00 : 7.999230e-01
[06] Th=6.500000e-01: 3.508070e+00 3.077926e+00 3.013664e+00 3.071603e+00 3.505713e+00 0.000000e+00 : 8.088488e-01
[07] Th=6.000000e-01: 3.516711e+00 3.209122e+00 3.020085e+00 3.201965e+00 3.513978e+00 0.000000e+00 : 8.230931e-01
[08] Th=5.500000e-01: 3.521503e+00 3.230695e+00 3.039139e+00 3.223387e+00 3.517696e+00 0.000000e+00 : 8.266210e-01
[09] Th=5.000000e-01: 3.526574e+00 3.235739e+00 3.041482e+00 3.227375e+00 3.521162e+00 0.000000e+00 : 8.276166e-01
[10] Th=4.500000e-01: 3.527598e+00 3.249454e+00 3.055262e+00 3.242687e+00 3.521860e+00 0.000000e+00 : 8.298431e-01
[11] Th=4.000000e-01: 3.527197e+00 3.249078e+00 3.088722e+00 3.242300e+00 3.521448e+00 0.000000e+00 : 8.314373e-01
[12] Th=3.500000e-01: 3.527038e+00 3.247332e+00 3.088228e+00 3.240003e+00 3.521260e+00 0.000000e+00 : 8.311931e-01
[13] Th=3.000000e-01: 3.526924e+00 3.246666e+00 3.087953e+00 3.239246e+00 3.521184e+00 0.000000e+00 : 8.310986e-01
[14] Th=2.500000e-01: 3.526893e+00 3.246465e+00 3.087651e+00 3.238987e+00 3.521175e+00 0.000000e+00 : 8.310586e-01
[15] Th=2.000000e-01: 3.526893e+00 3.246337e+00 3.087466e+00 3.238892e+00 3.521175e+00 0.000000e+00 : 8.310381e-01
[16] Th=1.500000e-01: 3.526874e+00 3.246329e+00 3.087436e+00 3.238891e+00 3.521175e+00 0.000000e+00 : 8.310353e-01
[17] Th=1.000000e-01: 3.526874e+00 3.246329e+00 3.087436e+00 3.238891e+00 3.521175e+00 0.000000e+00 : 8.310353e-01
[18] Th=5.000000e-02: 3.526874e+00 3.246329e+00 3.087436e+00 3.238891e+00 3.521175e+00 0.000000e+00 : 8.310353e-01
[19] Th=1.000000e-10: 3.526874e+00 3.246329e+00 3.087436e+00 3.238891e+00 3.521175e+00 0.000000e+00 : 8.310353e-01
# InnerCodebook: deleted
# NBIDSchannel: deleted
# Gtable: deleted
# FBalg4: deleted
# StatICB: deleted
