# (Pid,Ps)=(2.000000e-02,1.000000e-02) Nseg=500 WinSize=10 [0]
# InnerCB: ICB/marker/10_2_2.bin
# Gtable:  Gtable/2/020_010.bin
# InnerCodebook: beta=2(16) nu=6
# InnerCodebook: B(B2p)=4(16) 4(16) 4(16) 4(16) 4(16) 0(1) 
# InnerCodebook: checked CWM, EncMap, DecMap
# beta=2(16) nu=6 N=1000 Dmax=25
# B=4,4,4,4,4,0,
# NBIDSchannel: N=1000 Q=4 Dmax=25 (Pid,Ps)=(2.000000e-02,1.000000e-02)
# FBalg4: Nseg=500 Dmax=25(w=51)
# FBalg4: Gtable: Gtable/2/020_010.bin
# Gtable: beta=2 (Pid,Ps,Ptrn)=(2.000000e-02,1.000000e-02,9.600000e-01) Pth=1.000000e-10
# Gtable: beta4p=16 beta4pp=256
# Gtable::Gtable len=0 cnt=16
# Gtable::Gtable len=1 cnt=64
# Gtable::Gtable len=2 cnt=256
# Gtable::Gtable len=3 cnt=1024
# Gtable::Gtable len=4 cnt=1072
# FBalg4: beta=2(16) (Pid,Ps)=(2.000000e-02,1.000000e-02) Pth=1.000000e-10 N=1000
# StatICB: nu=6 beta=2 beta4p=16 Bsum=20 HdThNum=20 HdThStep=5.00e-02
# StatICB: B=4,4,4,4,4,0,
# StatICB: HdThList 9.50e-01,9.00e-01,8.50e-01,8.00e-01,7.50e-01,7.00e-01,6.50e-01,6.00e-01,5.50e-01,5.00e-01,4.50e-01,4.00e-01,3.50e-01,3.00e-01,2.50e-01,2.00e-01,1.50e-01,1.00e-01,5.00e-02,1.00e-10,
1127(994) (7.34e-01 7.71e-01) XE:1.93e-01 (1.35e+00 1.30e+00 | 2.40e+00 2.26e+00)
2264(1000) (7.20e-01 7.72e-01) XE:1.93e-01 (1.31e+00 1.30e+00 | 2.31e+00 2.26e+00)
3400(991) (9.50e-01 7.71e-01) XE:1.93e-01 (1.32e+00 1.30e+00 | 2.28e+00 2.26e+00)
4537(1007) (7.12e-01 7.70e-01) XE:1.93e-01 (1.28e+00 1.30e+00 | 2.14e+00 2.26e+00)
5673(998) (7.63e-01 7.70e-01) XE:1.92e-01 (1.30e+00 1.30e+00 | 2.49e+00 2.26e+00)
6809(1002) (7.35e-01 7.70e-01) XE:1.92e-01 (1.33e+00 1.30e+00 | 2.27e+00 2.26e+00)
7945(998) (7.89e-01 7.69e-01) XE:1.92e-01 (1.29e+00 1.30e+00 | 2.15e+00 2.26e+00)
9080(1009) (5.40e-01 7.69e-01) XE:1.92e-01 (1.28e+00 1.30e+00 | 2.30e+00 2.26e+00)
10000(1005) (6.56e-01 7.69e-01) XE:1.92e-01 (1.28e+00 1.30e+00 | 2.23e+00 2.26e+00)
RL cnt: 0,5931702,1366045,311628,70256,15781,3505,766,164,34,7,1,0,0,0,0,
BL cnt: 2444,0,53630,0,342211,0,1103989,0,2130904,0,2641495,0,2131693,0,1104957,0,342083,0,54120,0,2474,
[00] Th=9.500000e-01: 2.451530e+00 1.720111e+00 1.520133e+00 1.699058e+00 2.442757e+00 0.000000e+00 : 4.916794e-01
[01] Th=9.000000e-01: 2.682570e+00 2.449703e+00 2.365773e+00 2.439038e+00 2.677295e+00 0.000000e+00 : 6.307189e-01
[02] Th=8.500000e-01: 2.725479e+00 2.505234e+00 2.438654e+00 2.494664e+00 2.719337e+00 0.000000e+00 : 6.441684e-01
[03] Th=8.000000e-01: 2.853308e+00 2.559296e+00 2.486902e+00 2.549230e+00 2.846272e+00 0.000000e+00 : 6.647504e-01
[04] Th=7.500000e-01: 3.109634e+00 2.596517e+00 2.515281e+00 2.587486e+00 3.108671e+00 0.000000e+00 : 6.958795e-01
[05] Th=7.000000e-01: 3.161563e+00 2.642543e+00 2.559286e+00 2.635328e+00 3.161328e+00 0.000000e+00 : 7.080024e-01
[06] Th=6.500000e-01: 3.192225e+00 2.665728e+00 2.586735e+00 2.658689e+00 3.192153e+00 0.000000e+00 : 7.147765e-01
[07] Th=6.000000e-01: 3.218313e+00 2.823533e+00 2.634066e+00 2.817374e+00 3.219304e+00 0.000000e+00 : 7.356295e-01
[08] Th=5.500000e-01: 3.228960e+00 2.897172e+00 2.664015e+00 2.893210e+00 3.229757e+00 0.000000e+00 : 7.456557e-01
[09] Th=5.000000e-01: 3.235476e+00 2.908265e+00 2.671852e+00 2.905070e+00 3.235336e+00 0.000000e+00 : 7.478000e-01
[10] Th=4.500000e-01: 3.243881e+00 2.930067e+00 2.698229e+00 2.926910e+00 3.244472e+00 0.000000e+00 : 7.521780e-01
[11] Th=4.000000e-01: 3.242878e+00 2.930957e+00 2.762109e+00 2.927346e+00 3.243417e+00 0.000000e+00 : 7.553354e-01
[12] Th=3.500000e-01: 3.242188e+00 2.929828e+00 2.763550e+00 2.927353e+00 3.242565e+00 0.000000e+00 : 7.552742e-01
[13] Th=3.000000e-01: 3.242111e+00 2.928447e+00 2.762884e+00 2.926524e+00 3.242328e+00 0.000000e+00 : 7.551147e-01
[14] Th=2.500000e-01: 3.242041e+00 2.927680e+00 2.762568e+00 2.926089e+00 3.242287e+00 0.000000e+00 : 7.550333e-01
[15] Th=2.000000e-01: 3.242038e+00 2.927517e+00 2.762273e+00 2.925948e+00 3.242269e+00 0.000000e+00 : 7.550022e-01
[16] Th=1.500000e-01: 3.242010e+00 2.927501e+00 2.762241e+00 2.925941e+00 3.242269e+00 0.000000e+00 : 7.549981e-01
[17] Th=1.000000e-01: 3.242010e+00 2.927501e+00 2.762241e+00 2.925941e+00 3.242269e+00 0.000000e+00 : 7.549981e-01
[18] Th=5.000000e-02: 3.242010e+00 2.927501e+00 2.762241e+00 2.925941e+00 3.242269e+00 0.000000e+00 : 7.549981e-01
[19] Th=1.000000e-10: 3.242010e+00 2.927501e+00 2.762241e+00 2.925941e+00 3.242269e+00 0.000000e+00 : 7.549981e-01
# InnerCodebook: deleted
# NBIDSchannel: deleted
# Gtable: deleted
# FBalg4: deleted
# StatICB: deleted
