# (Pid,Ps)=(2.500000e-02,1.000000e-02) Nseg=500 WinSize=10 [0]
# InnerCB: ICB/marker/10_2_2.bin
# Gtable:  Gtable/2/025_010.bin
# InnerCodebook: beta=2(16) nu=6
# InnerCodebook: B(B2p)=4(16) 4(16) 4(16) 4(16) 4(16) 0(1) 
# InnerCodebook: checked CWM, EncMap, DecMap
# beta=2(16) nu=6 N=1000 Dmax=30
# B=4,4,4,4,4,0,
# NBIDSchannel: N=1000 Q=4 Dmax=30 (Pid,Ps)=(2.500000e-02,1.000000e-02)
# FBalg4: Nseg=500 Dmax=30(w=61)
# FBalg4: Gtable: Gtable/2/025_010.bin
# Gtable: beta=2 (Pid,Ps,Ptrn)=(2.500000e-02,1.000000e-02,9.500000e-01) Pth=1.000000e-10
# Gtable: beta4p=16 beta4pp=256
# Gtable::Gtable len=0 cnt=16
# Gtable::Gtable len=1 cnt=64
# Gtable::Gtable len=2 cnt=256
# Gtable::Gtable len=3 cnt=1024
# Gtable::Gtable len=4 cnt=1072
# FBalg4: beta=2(16) (Pid,Ps)=(2.500000e-02,1.000000e-02) Pth=1.000000e-10 N=1000
# StatICB: nu=6 beta=2 beta4p=16 Bsum=20 HdThNum=20 HdThStep=5.00e-02
# StatICB: B=4,4,4,4,4,0,
# StatICB: HdThList 9.50e-01,9.00e-01,8.50e-01,8.00e-01,7.50e-01,7.00e-01,6.50e-01,6.00e-01,5.50e-01,5.00e-01,4.50e-01,4.00e-01,3.50e-01,3.00e-01,2.50e-01,2.00e-01,1.50e-01,1.00e-01,5.00e-02,1.00e-10,
0801(1011) (9.11e-01 8.98e-01) XE:2.24e-01 (1.30e+00 1.30e+00 | 2.38e+00 2.26e+00)
1677(988) (7.63e-01 8.97e-01) XE:2.24e-01 (1.27e+00 1.30e+00 | 2.30e+00 2.26e+00)
2554(1007) (7.50e-01 8.97e-01) XE:2.24e-01 (1.29e+00 1.30e+00 | 2.22e+00 2.26e+00)
3431(997) (7.36e-01 8.97e-01) XE:2.24e-01 (1.29e+00 1.30e+00 | 2.20e+00 2.26e+00)
4308(1000) (9.78e-01 8.97e-01) XE:2.24e-01 (1.27e+00 1.30e+00 | 2.29e+00 2.26e+00)
5183(1008) (8.14e-01 8.97e-01) XE:2.24e-01 (1.31e+00 1.30e+00 | 2.35e+00 2.26e+00)
6059(995) (9.00e-01 8.97e-01) XE:2.24e-01 (1.30e+00 1.30e+00 | 2.34e+00 2.26e+00)
6935(1008) (9.15e-01 8.96e-01) XE:2.24e-01 (1.33e+00 1.30e+00 | 2.24e+00 2.26e+00)
7811(990) (1.04e+00 8.97e-01) XE:2.24e-01 (1.29e+00 1.30e+00 | 2.22e+00 2.26e+00)
8686(1002) (9.33e-01 8.97e-01) XE:2.24e-01 (1.29e+00 1.30e+00 | 1.99e+00 2.26e+00)
9563(1001) (9.94e-01 8.98e-01) XE:2.24e-01 (1.29e+00 1.30e+00 | 2.26e+00 2.26e+00)
10000(999) (8.91e-01 8.98e-01) XE:2.24e-01 (1.29e+00 1.30e+00 | 2.12e+00 2.26e+00)
RL cnt: 0,5934159,1364787,311524,70177,15799,3613,751,172,40,5,1,0,0,0,0,
BL cnt: 2460,0,53142,0,339513,0,1102282,0,2133080,0,2643896,0,2132883,0,1103162,0,343248,0,53847,0,2487,
[00] Th=9.500000e-01: 1.758801e+00 8.374167e-01 5.442396e-01 8.016407e-01 1.732618e+00 0.000000e+00 : 2.837358e-01
[01] Th=9.000000e-01: 2.458028e+00 2.146376e+00 2.016198e+00 2.130450e+00 2.444727e+00 0.000000e+00 : 5.597889e-01
[02] Th=8.500000e-01: 2.511874e+00 2.240715e+00 2.149767e+00 2.226154e+00 2.499477e+00 0.000000e+00 : 5.813993e-01
[03] Th=8.000000e-01: 2.629262e+00 2.303648e+00 2.218372e+00 2.288948e+00 2.615632e+00 0.000000e+00 : 6.027932e-01
[04] Th=7.500000e-01: 2.947623e+00 2.355230e+00 2.256738e+00 2.341017e+00 2.939717e+00 0.000000e+00 : 6.420163e-01
[05] Th=7.000000e-01: 3.012757e+00 2.411771e+00 2.309947e+00 2.398839e+00 3.005493e+00 0.000000e+00 : 6.569403e-01
[06] Th=6.500000e-01: 3.040289e+00 2.438719e+00 2.336389e+00 2.425670e+00 3.033079e+00 0.000000e+00 : 6.637073e-01
[07] Th=6.000000e-01: 3.087871e+00 2.592850e+00 2.406587e+00 2.580595e+00 3.080186e+00 0.000000e+00 : 6.874044e-01
[08] Th=5.500000e-01: 3.104138e+00 2.721271e+00 2.445546e+00 2.709363e+00 3.095328e+00 0.000000e+00 : 7.037823e-01
[09] Th=5.000000e-01: 3.114170e+00 2.738818e+00 2.458467e+00 2.727144e+00 3.104814e+00 0.000000e+00 : 7.071706e-01
[10] Th=4.500000e-01: 3.125593e+00 2.768014e+00 2.495129e+00 2.756707e+00 3.116635e+00 0.000000e+00 : 7.131038e-01
[11] Th=4.000000e-01: 3.124464e+00 2.769877e+00 2.583938e+00 2.758613e+00 3.115983e+00 0.000000e+00 : 7.176437e-01
[12] Th=3.500000e-01: 3.123457e+00 2.771055e+00 2.588885e+00 2.758755e+00 3.114630e+00 0.000000e+00 : 7.178391e-01
[13] Th=3.000000e-01: 3.122788e+00 2.769676e+00 2.588176e+00 2.757086e+00 3.114126e+00 0.000000e+00 : 7.175926e-01
[14] Th=2.500000e-01: 3.122658e+00 2.768903e+00 2.587520e+00 2.756401e+00 3.113995e+00 0.000000e+00 : 7.174738e-01
[15] Th=2.000000e-01: 3.122626e+00 2.768687e+00 2.587225e+00 2.756190e+00 3.113961e+00 0.000000e+00 : 7.174344e-01
[16] Th=1.500000e-01: 3.122614e+00 2.768669e+00 2.587199e+00 2.756172e+00 3.113961e+00 0.000000e+00 : 7.174307e-01
[17] Th=1.000000e-01: 3.122614e+00 2.768669e+00 2.587199e+00 2.756172e+00 3.113961e+00 0.000000e+00 : 7.174307e-01
[18] Th=5.000000e-02: 3.122614e+00 2.768669e+00 2.587199e+00 2.756172e+00 3.113961e+00 0.000000e+00 : 7.174307e-01
[19] Th=1.000000e-10: 3.122614e+00 2.768669e+00 2.587199e+00 2.756172e+00 3.113961e+00 0.000000e+00 : 7.174307e-01
# InnerCodebook: deleted
# NBIDSchannel: deleted
# Gtable: deleted
# FBalg4: deleted
# StatICB: deleted
