# (Pid,Ps)=(4.000000e-02,1.000000e-03) Nseg=500 WinSize=10 [0]
# InnerCB: ICB/marker/10_2_2.bin
# Gtable:  Gtable/2/040_001.bin
# InnerCodebook: beta=2(16) nu=6
# InnerCodebook: B(B2p)=4(16) 4(16) 4(16) 4(16) 4(16) 0(1) 
# InnerCodebook: checked CWM, EncMap, DecMap
# beta=2(16) nu=6 N=1000 Dmax=45
# B=4,4,4,4,4,0,
# NBIDSchannel: N=1000 Q=4 Dmax=45 (Pid,Ps)=(4.000000e-02,1.000000e-03)
# FBalg4: Nseg=500 Dmax=45(w=91)
# FBalg4: Gtable: Gtable/2/040_001.bin
# Gtable: beta=2 (Pid,Ps,Ptrn)=(4.000000e-02,1.000000e-03,9.200000e-01) Pth=1.000000e-10
# Gtable: beta4p=16 beta4pp=256
# Gtable::Gtable len=0 cnt=16
# Gtable::Gtable len=1 cnt=64
# Gtable::Gtable len=2 cnt=256
# Gtable::Gtable len=3 cnt=700
# Gtable::Gtable len=4 cnt=1072
# FBalg4: beta=2(16) (Pid,Ps)=(4.000000e-02,1.000000e-03) Pth=1.000000e-10 N=1000
# StatICB: nu=6 beta=2 beta4p=16 Bsum=20 HdThNum=20 HdThStep=5.00e-02
# StatICB: B=4,4,4,4,4,0,
# StatICB: HdThList 9.50e-01,9.00e-01,8.50e-01,8.00e-01,7.50e-01,7.00e-01,6.50e-01,6.00e-01,5.50e-01,5.00e-01,4.50e-01,4.00e-01,3.50e-01,3.00e-01,2.50e-01,2.00e-01,1.50e-01,1.00e-01,5.00e-02,1.00e-10,
0504(1012) (1.10e+00 1.11e+00) XE:2.77e-01 (1.29e+00 1.30e+00 | 2.42e+00 2.26e+00)
1009(1007) (1.00e+00 1.11e+00) XE:2.77e-01 (1.30e+00 1.30e+00 | 2.05e+00 2.26e+00)
1514(1006) (1.09e+00 1.11e+00) XE:2.78e-01 (1.28e+00 1.30e+00 | 2.28e+00 2.26e+00)
2019(993) (1.16e+00 1.11e+00) XE:2.77e-01 (1.29e+00 1.30e+00 | 2.18e+00 2.26e+00)
2524(1020) (1.04e+00 1.11e+00) XE:2.77e-01 (1.31e+00 1.30e+00 | 2.27e+00 2.26e+00)
3029(985) (1.35e+00 1.11e+00) XE:2.77e-01 (1.29e+00 1.30e+00 | 2.13e+00 2.26e+00)
3534(1003) (1.11e+00 1.11e+00) XE:2.77e-01 (1.30e+00 1.30e+00 | 2.15e+00 2.26e+00)
4039(997) (1.18e+00 1.11e+00) XE:2.77e-01 (1.29e+00 1.30e+00 | 2.19e+00 2.26e+00)
4543(991) (9.87e-01 1.11e+00) XE:2.77e-01 (1.32e+00 1.30e+00 | 2.25e+00 2.26e+00)
5048(1000) (9.75e-01 1.11e+00) XE:2.77e-01 (1.30e+00 1.30e+00 | 2.30e+00 2.26e+00)
5553(989) (1.11e+00 1.11e+00) XE:2.77e-01 (1.28e+00 1.30e+00 | 2.29e+00 2.26e+00)
6058(1000) (1.22e+00 1.11e+00) XE:2.77e-01 (1.36e+00 1.30e+00 | 2.45e+00 2.26e+00)
6563(996) (1.01e+00 1.11e+00) XE:2.77e-01 (1.27e+00 1.30e+00 | 2.32e+00 2.26e+00)
7068(990) (1.23e+00 1.11e+00) XE:2.77e-01 (1.31e+00 1.30e+00 | 2.38e+00 2.26e+00)
7573(1005) (1.43e+00 1.11e+00) XE:2.77e-01 (1.28e+00 1.30e+00 | 2.05e+00 2.26e+00)
8077(990) (1.00e+00 1.11e+00) XE:2.77e-01 (1.28e+00 1.30e+00 | 2.39e+00 2.26e+00)
8582(996) (1.14e+00 1.11e+00) XE:2.77e-01 (1.28e+00 1.30e+00 | 2.48e+00 2.26e+00)
9087(998) (1.40e+00 1.11e+00) XE:2.77e-01 (1.29e+00 1.30e+00 | 2.22e+00 2.26e+00)
9592(980) (1.28e+00 1.11e+00) XE:2.77e-01 (1.33e+00 1.30e+00 | 2.42e+00 2.26e+00)
10000(998) (9.03e-01 1.11e+00) XE:2.77e-01 (1.28e+00 1.30e+00 | 2.19e+00 2.26e+00)
RL cnt: 0,5930270,1365244,312145,70544,15817,3511,790,156,43,5,0,0,0,0,0,
BL cnt: 2329,0,53032,0,341574,0,1103338,0,2130597,0,2639528,0,2134717,0,1104653,0,343788,0,53997,0,2447,
[00] Th=9.500000e-01: 1.295075e+00 4.739043e-01 4.050346e-01 4.374621e-01 1.266110e+00 0.000000e+00 : 1.938793e-01
[01] Th=9.000000e-01: 1.859507e+00 1.048183e+00 8.201848e-01 1.018186e+00 1.839867e+00 0.000000e+00 : 3.292964e-01
[02] Th=8.500000e-01: 2.107925e+00 1.566092e+00 1.398422e+00 1.544249e+00 2.091619e+00 0.000000e+00 : 4.354154e-01
[03] Th=8.000000e-01: 2.280673e+00 1.766551e+00 1.630429e+00 1.747398e+00 2.263027e+00 0.000000e+00 : 4.844039e-01
[04] Th=7.500000e-01: 2.646589e+00 1.848403e+00 1.716002e+00 1.830703e+00 2.636426e+00 0.000000e+00 : 5.339062e-01
[05] Th=7.000000e-01: 2.739840e+00 1.934372e+00 1.793350e+00 1.917204e+00 2.731252e+00 0.000000e+00 : 5.558009e-01
[06] Th=6.500000e-01: 2.788842e+00 1.985572e+00 1.850666e+00 1.968722e+00 2.781968e+00 0.000000e+00 : 5.687885e-01
[07] Th=6.000000e-01: 2.868233e+00 2.163076e+00 1.938667e+00 2.146379e+00 2.860334e+00 0.000000e+00 : 5.988345e-01
[08] Th=5.500000e-01: 2.894437e+00 2.354608e+00 2.001000e+00 2.339907e+00 2.886610e+00 0.000000e+00 : 6.238280e-01
[09] Th=5.000000e-01: 2.928022e+00 2.406300e+00 2.029016e+00 2.391745e+00 2.919491e+00 0.000000e+00 : 6.337287e-01
[10] Th=4.500000e-01: 2.936046e+00 2.442733e+00 2.086138e+00 2.428214e+00 2.926745e+00 0.000000e+00 : 6.409938e-01
[11] Th=4.000000e-01: 2.935625e+00 2.449481e+00 2.229878e+00 2.434657e+00 2.926670e+00 0.000000e+00 : 6.488156e-01
[12] Th=3.500000e-01: 2.934794e+00 2.455928e+00 2.246431e+00 2.440586e+00 2.925915e+00 0.000000e+00 : 6.501827e-01
[13] Th=3.000000e-01: 2.933641e+00 2.455045e+00 2.247725e+00 2.440054e+00 2.924873e+00 0.000000e+00 : 6.500669e-01
[14] Th=2.500000e-01: 2.933057e+00 2.452764e+00 2.246578e+00 2.437374e+00 2.924331e+00 0.000000e+00 : 6.497052e-01
[15] Th=2.000000e-01: 2.933023e+00 2.452133e+00 2.245711e+00 2.436764e+00 2.924227e+00 0.000000e+00 : 6.495929e-01
[16] Th=1.500000e-01: 2.932943e+00 2.452047e+00 2.245630e+00 2.436682e+00 2.924227e+00 0.000000e+00 : 6.495765e-01
[17] Th=1.000000e-01: 2.932943e+00 2.452047e+00 2.245630e+00 2.436682e+00 2.924227e+00 0.000000e+00 : 6.495765e-01
[18] Th=5.000000e-02: 2.932943e+00 2.452047e+00 2.245630e+00 2.436682e+00 2.924227e+00 0.000000e+00 : 6.495765e-01
[19] Th=1.000000e-10: 2.932943e+00 2.452047e+00 2.245630e+00 2.436682e+00 2.924227e+00 0.000000e+00 : 6.495765e-01
# InnerCodebook: deleted
# NBIDSchannel: deleted
# Gtable: deleted
# FBalg4: deleted
# StatICB: deleted
