# (Pid,Ps)=(5.000000e-02,1.000000e-03) Nseg=500 WinSize=10 [0]
# InnerCB: ICB/marker/10_2_2.bin
# Gtable:  Gtable/2/050_001.bin
# InnerCodebook: beta=2(16) nu=6
# InnerCodebook: B(B2p)=4(16) 4(16) 4(16) 4(16) 4(16) 0(1) 
# InnerCodebook: checked CWM, EncMap, DecMap
# beta=2(16) nu=6 N=1000 Dmax=55
# B=4,4,4,4,4,0,
# NBIDSchannel: N=1000 Q=4 Dmax=55 (Pid,Ps)=(5.000000e-02,1.000000e-03)
# FBalg4: Nseg=500 Dmax=55(w=111)
# FBalg4: Gtable: Gtable/2/050_001.bin
# Gtable: beta=2 (Pid,Ps,Ptrn)=(5.000000e-02,1.000000e-03,9.000000e-01) Pth=1.000000e-10
# Gtable: beta4p=16 beta4pp=256
# Gtable::Gtable len=0 cnt=16
# Gtable::Gtable len=1 cnt=64
# Gtable::Gtable len=2 cnt=256
# Gtable::Gtable len=3 cnt=700
# Gtable::Gtable len=4 cnt=1072
# FBalg4: beta=2(16) (Pid,Ps)=(5.000000e-02,1.000000e-03) Pth=1.000000e-10 N=1000
# StatICB: nu=6 beta=2 beta4p=16 Bsum=20 HdThNum=20 HdThStep=5.00e-02
# StatICB: B=4,4,4,4,4,0,
# StatICB: HdThList 9.50e-01,9.00e-01,8.50e-01,8.00e-01,7.50e-01,7.00e-01,6.50e-01,6.00e-01,5.50e-01,5.00e-01,4.50e-01,4.00e-01,3.50e-01,3.00e-01,2.50e-01,2.00e-01,1.50e-01,1.00e-01,5.00e-02,1.00e-10,
0355(1001) (1.33e+00 1.31e+00) XE:3.28e-01 (1.30e+00 1.30e+00 | 2.48e+00 2.25e+00)
0727(1002) (1.13e+00 1.31e+00) XE:3.28e-01 (1.31e+00 1.30e+00 | 2.38e+00 2.25e+00)
1099(1008) (1.22e+00 1.31e+00) XE:3.28e-01 (1.30e+00 1.30e+00 | 2.44e+00 2.25e+00)
1471(996) (1.23e+00 1.31e+00) XE:3.28e-01 (1.27e+00 1.30e+00 | 2.15e+00 2.25e+00)
1843(1000) (1.48e+00 1.31e+00) XE:3.28e-01 (1.29e+00 1.30e+00 | 2.30e+00 2.25e+00)
2215(1010) (1.27e+00 1.31e+00) XE:3.28e-01 (1.31e+00 1.30e+00 | 2.25e+00 2.25e+00)
2587(1001) (1.39e+00 1.31e+00) XE:3.29e-01 (1.32e+00 1.30e+00 | 2.44e+00 2.25e+00)
2959(988) (1.46e+00 1.32e+00) XE:3.29e-01 (1.27e+00 1.30e+00 | 1.95e+00 2.26e+00)
3331(995) (1.45e+00 1.32e+00) XE:3.29e-01 (1.30e+00 1.30e+00 | 2.22e+00 2.26e+00)
3704(1003) (1.12e+00 1.32e+00) XE:3.29e-01 (1.30e+00 1.30e+00 | 2.48e+00 2.25e+00)
4076(993) (1.26e+00 1.31e+00) XE:3.29e-01 (1.33e+00 1.30e+00 | 2.32e+00 2.25e+00)
4448(998) (1.30e+00 1.31e+00) XE:3.29e-01 (1.30e+00 1.30e+00 | 2.11e+00 2.25e+00)
4820(999) (1.37e+00 1.31e+00) XE:3.29e-01 (1.27e+00 1.30e+00 | 2.21e+00 2.25e+00)
5193(1000) (1.40e+00 1.31e+00) XE:3.29e-01 (1.27e+00 1.30e+00 | 2.12e+00 2.26e+00)
5565(1013) (1.21e+00 1.31e+00) XE:3.28e-01 (1.30e+00 1.30e+00 | 2.44e+00 2.26e+00)
5939(1001) (1.20e+00 1.31e+00) XE:3.28e-01 (1.29e+00 1.30e+00 | 2.19e+00 2.25e+00)
6327(1004) (1.09e+00 1.31e+00) XE:3.28e-01 (1.29e+00 1.30e+00 | 2.39e+00 2.25e+00)
6714(991) (1.44e+00 1.31e+00) XE:3.28e-01 (1.31e+00 1.30e+00 | 2.43e+00 2.25e+00)
7101(992) (1.35e+00 1.31e+00) XE:3.28e-01 (1.30e+00 1.30e+00 | 2.44e+00 2.25e+00)
7488(1009) (1.31e+00 1.31e+00) XE:3.28e-01 (1.30e+00 1.30e+00 | 2.23e+00 2.26e+00)
7876(1009) (1.37e+00 1.31e+00) XE:3.28e-01 (1.27e+00 1.30e+00 | 2.22e+00 2.25e+00)
8263(1000) (1.37e+00 1.31e+00) XE:3.28e-01 (1.28e+00 1.30e+00 | 2.22e+00 2.25e+00)
8648(993) (1.32e+00 1.31e+00) XE:3.28e-01 (1.30e+00 1.30e+00 | 2.19e+00 2.25e+00)
9020(997) (1.36e+00 1.31e+00) XE:3.28e-01 (1.31e+00 1.30e+00 | 2.25e+00 2.26e+00)
9391(1013) (1.42e+00 1.31e+00) XE:3.28e-01 (1.31e+00 1.30e+00 | 2.34e+00 2.26e+00)
9763(1005) (1.33e+00 1.31e+00) XE:3.28e-01 (1.31e+00 1.30e+00 | 2.07e+00 2.25e+00)
10000(990) (1.52e+00 1.31e+00) XE:3.28e-01 (1.29e+00 1.30e+00 | 2.14e+00 2.25e+00)
RL cnt: 0,5930452,1364777,312346,70664,15639,3603,768,157,46,10,1,0,0,0,0,
BL cnt: 2361,0,53255,0,340439,0,1097625,0,2130460,0,2646155,0,2136875,0,1105019,0,341493,0,53801,0,2517,
[00] Th=9.500000e-01: 8.505178e-01 3.229023e-01 1.652620e-01 2.941233e-01 8.266157e-01 0.000000e+00 : 1.229711e-01
[01] Th=9.000000e-01: 1.369680e+00 6.169923e-01 4.091975e-01 5.882033e-01 1.348024e+00 0.000000e+00 : 2.166049e-01
[02] Th=8.500000e-01: 1.681264e+00 9.040082e-01 6.880445e-01 8.767648e-01 1.664156e+00 0.000000e+00 : 2.907119e-01
[03] Th=8.000000e-01: 1.883422e+00 1.236647e+00 9.982178e-01 1.213210e+00 1.866688e+00 0.000000e+00 : 3.599092e-01
[04] Th=7.500000e-01: 2.277728e+00 1.448143e+00 1.290484e+00 1.428513e+00 2.270966e+00 0.000000e+00 : 4.357917e-01
[05] Th=7.000000e-01: 2.416728e+00 1.565710e+00 1.429777e+00 1.547602e+00 2.411338e+00 0.000000e+00 : 4.685577e-01
[06] Th=6.500000e-01: 2.521142e+00 1.660162e+00 1.501825e+00 1.643153e+00 2.515210e+00 0.000000e+00 : 4.920746e-01
[07] Th=6.000000e-01: 2.620905e+00 1.810165e+00 1.620293e+00 1.791531e+00 2.616177e+00 0.000000e+00 : 5.229536e-01
[08] Th=5.500000e-01: 2.661455e+00 2.043999e+00 1.696269e+00 2.026965e+00 2.656701e+00 0.000000e+00 : 5.542695e-01
[09] Th=5.000000e-01: 2.710890e+00 2.130056e+00 1.743125e+00 2.114931e+00 2.706070e+00 0.000000e+00 : 5.702537e-01
[10] Th=4.500000e-01: 2.723716e+00 2.178207e+00 1.813659e+00 2.165698e+00 2.718589e+00 0.000000e+00 : 5.799934e-01
[11] Th=4.000000e-01: 2.726211e+00 2.192276e+00 1.963642e+00 2.178901e+00 2.721022e+00 0.000000e+00 : 5.891026e-01
[12] Th=3.500000e-01: 2.725498e+00 2.204045e+00 2.001102e+00 2.191178e+00 2.720547e+00 0.000000e+00 : 5.921184e-01
[13] Th=3.000000e-01: 2.723821e+00 2.205122e+00 2.007256e+00 2.192137e+00 2.719197e+00 0.000000e+00 : 5.923767e-01
[14] Th=2.500000e-01: 2.722860e+00 2.202875e+00 2.005894e+00 2.190209e+00 2.718347e+00 0.000000e+00 : 5.920093e-01
[15] Th=2.000000e-01: 2.722741e+00 2.201922e+00 2.004789e+00 2.188977e+00 2.718223e+00 0.000000e+00 : 5.918326e-01
[16] Th=1.500000e-01: 2.722631e+00 2.201824e+00 2.004562e+00 2.188800e+00 2.718200e+00 0.000000e+00 : 5.918009e-01
[17] Th=1.000000e-01: 2.722624e+00 2.201817e+00 2.004562e+00 2.188800e+00 2.718200e+00 0.000000e+00 : 5.918001e-01
[18] Th=5.000000e-02: 2.722624e+00 2.201817e+00 2.004562e+00 2.188800e+00 2.718200e+00 0.000000e+00 : 5.918001e-01
[19] Th=1.000000e-10: 2.722624e+00 2.201817e+00 2.004562e+00 2.188800e+00 2.718200e+00 0.000000e+00 : 5.918001e-01
# InnerCodebook: deleted
# NBIDSchannel: deleted
# Gtable: deleted
# FBalg4: deleted
# StatICB: deleted
