# (Pid,Ps)=(3.000000e-02,1.000000e-02) Nseg=200 WinSize=10 lmd=1 [0]
# InnerCB: ../search03/ICB/B11.bin
# Gtable:  Gtable/5/030_010.bin
# InnerCodebook: beta=5(1024) nu=2
# InnerCodebook: B(B2p)=8(256) 8(256) 
# InnerCodebook: checked CWM, EncMap, DecMap
# beta=5(1024) nu=2 N=1000 Dmax=35 WCmax=10000
# B=8,8,
# NBIDSchannel: N=1000 Q=4 Dmax=35 (Pid,Ps)=(3.000000e-02,1.000000e-02)
# FBalg4: Nseg=200 Dmax=35(w=71)
# FBalg4: Gtable: Gtable/5/030_010.bin
# Gtable: beta=5 (Pid,Ps,Ptrn)=(3.000000e-02,1.000000e-02,9.400000e-01) Pth=1.000000e-10
# Gtable: beta4p=1024 beta4pp=1048576
# Gtable::Gtable len=0 cnt=1024
# Gtable::Gtable len=1 cnt=4096
# Gtable::Gtable len=2 cnt=16384
# Gtable::Gtable len=3 cnt=65536
# Gtable::Gtable len=4 cnt=241636
# Gtable::Gtable len=5 cnt=779284
# Gtable::Gtable len=6 cnt=1541824
# Gtable::Gtable len=7 cnt=1451416
# Gtable::Gtable len=8 cnt=1264036
# Gtable::Gtable len=9 cnt=100348
# Gtable::Gtable len=10 cnt=1024
# FBalg4: beta=5(1024) (Pid,Ps)=(3.000000e-02,1.000000e-02) Pth=1.000000e-10 N=1000
# StatICB: nu=2 beta=5 beta4p=1024 Bsum=16 lmd=1
# StatICB: B=8,8,
0021(989) (2.61e+00 2.33e+00) XE:2.33e-01 (1.24e+00 1.25e+00 | 8.25e-01 8.34e-01)	7.250418e+00 7.220354e+00 : 9.044233e-01
0044(985) (2.65e+00 2.30e+00) XE:2.30e-01 (1.24e+00 1.25e+00 | 7.93e-01 8.31e-01)	7.043483e+00 7.028269e+00 : 8.794845e-01
0066(998) (2.17e+00 2.30e+00) XE:2.30e-01 (1.23e+00 1.25e+00 | 7.93e-01 8.33e-01)	6.904331e+00 6.881651e+00 : 8.616239e-01
0088(990) (2.25e+00 2.27e+00) XE:2.27e-01 (1.27e+00 1.25e+00 | 8.54e-01 8.32e-01)	6.813290e+00 6.793541e+00 : 8.504269e-01
0110(1002) (1.95e+00 2.27e+00) XE:2.27e-01 (1.24e+00 1.25e+00 | 8.64e-01 8.32e-01)	6.740092e+00 6.723214e+00 : 8.414567e-01
0133(1003) (1.83e+00 2.25e+00) XE:2.25e-01 (1.26e+00 1.25e+00 | 8.90e-01 8.31e-01)	6.687511e+00 6.672585e+00 : 8.350060e-01
0155(998) (2.10e+00 2.25e+00) XE:2.25e-01 (1.21e+00 1.25e+00 | 8.74e-01 8.31e-01)	6.638211e+00 6.627898e+00 : 8.291318e-01
0177(1008) (2.52e+00 2.24e+00) XE:2.24e-01 (1.27e+00 1.25e+00 | 8.58e-01 8.31e-01)	6.603515e+00 6.596004e+00 : 8.249700e-01
0200(992) (1.90e+00 2.25e+00) XE:2.25e-01 (1.26e+00 1.25e+00 | 8.34e-01 8.30e-01)	6.543584e+00 6.549697e+00 : 8.183301e-01
0222(1008) (2.18e+00 2.27e+00) XE:2.27e-01 (1.26e+00 1.25e+00 | 8.48e-01 8.31e-01)	6.495594e+00 6.502799e+00 : 8.123995e-01
0244(1008) (2.16e+00 2.26e+00) XE:2.26e-01 (1.27e+00 1.25e+00 | 8.36e-01 8.30e-01)	6.475258e+00 6.481218e+00 : 8.097797e-01
0267(1011) (2.28e+00 2.26e+00) XE:2.26e-01 (1.27e+00 1.25e+00 | 8.01e-01 8.30e-01)	6.456944e+00 6.460547e+00 : 8.073431e-01
0289(1004) (2.28e+00 2.26e+00) XE:2.26e-01 (1.24e+00 1.25e+00 | 7.83e-01 8.29e-01)	6.432521e+00 6.436744e+00 : 8.043290e-01
0311(1003) (2.39e+00 2.26e+00) XE:2.26e-01 (1.25e+00 1.25e+00 | 7.77e-01 8.29e-01)	6.415255e+00 6.415488e+00 : 8.019215e-01
0334(991) (2.54e+00 2.27e+00) XE:2.27e-01 (1.21e+00 1.25e+00 | 8.11e-01 8.28e-01)	6.395036e+00 6.389009e+00 : 7.990028e-01
0356(1009) (2.27e+00 2.26e+00) XE:2.26e-01 (1.28e+00 1.25e+00 | 8.68e-01 8.29e-01)	6.379688e+00 6.376412e+00 : 7.972562e-01
0378(1012) (2.13e+00 2.27e+00) XE:2.27e-01 (1.21e+00 1.25e+00 | 7.79e-01 8.29e-01)	6.365234e+00 6.357254e+00 : 7.951555e-01
0400(989) (2.38e+00 2.26e+00) XE:2.26e-01 (1.25e+00 1.25e+00 | 7.87e-01 8.29e-01)	6.354365e+00 6.342907e+00 : 7.935795e-01
0423(1008) (1.94e+00 2.26e+00) XE:2.26e-01 (1.26e+00 1.25e+00 | 8.27e-01 8.28e-01)	6.343393e+00 6.330191e+00 : 7.920990e-01
0445(1010) (2.49e+00 2.26e+00) XE:2.26e-01 (1.26e+00 1.25e+00 | 9.20e-01 8.28e-01)	6.333644e+00 6.318304e+00 : 7.907467e-01
0467(989) (3.40e+00 2.26e+00) XE:2.26e-01 (1.28e+00 1.25e+00 | 8.25e-01 8.28e-01)	6.315877e+00 6.301886e+00 : 7.886102e-01
0490(998) (2.48e+00 2.26e+00) XE:2.26e-01 (1.26e+00 1.25e+00 | 7.95e-01 8.27e-01)	6.305441e+00 6.286741e+00 : 7.870113e-01
0512(1003) (2.39e+00 2.26e+00) XE:2.26e-01 (1.27e+00 1.25e+00 | 8.82e-01 8.28e-01)	6.302506e+00 6.278864e+00 : 7.863356e-01
0534(991) (2.34e+00 2.26e+00) XE:2.26e-01 (1.24e+00 1.25e+00 | 8.98e-01 8.29e-01)	6.294803e+00 6.273546e+00 : 7.855219e-01
0557(1011) (1.67e+00 2.25e+00) XE:2.25e-01 (1.25e+00 1.25e+00 | 8.25e-01 8.29e-01)	6.288247e+00 6.269033e+00 : 7.848300e-01
0579(997) (2.74e+00 2.25e+00) XE:2.25e-01 (1.29e+00 1.25e+00 | 8.86e-01 8.29e-01)	6.283984e+00 6.262427e+00 : 7.841506e-01
0601(994) (2.17e+00 2.25e+00) XE:2.25e-01 (1.22e+00 1.25e+00 | 7.43e-01 8.29e-01)	6.278508e+00 6.252308e+00 : 7.831760e-01
0623(1001) (1.49e+00 2.25e+00) XE:2.25e-01 (1.27e+00 1.25e+00 | 8.58e-01 8.29e-01)	6.275815e+00 6.251028e+00 : 7.829277e-01
0646(998) (2.37e+00 2.25e+00) XE:2.25e-01 (1.27e+00 1.25e+00 | 8.96e-01 8.30e-01)	6.267802e+00 6.246551e+00 : 7.821471e-01
0668(995) (2.49e+00 2.25e+00) XE:2.25e-01 (1.25e+00 1.25e+00 | 8.40e-01 8.30e-01)	6.262507e+00 6.241873e+00 : 7.815237e-01
0690(985) (2.47e+00 2.25e+00) XE:2.25e-01 (1.25e+00 1.25e+00 | 8.25e-01 8.30e-01)	6.256472e+00 6.237724e+00 : 7.808872e-01
0713(988) (1.77e+00 2.25e+00) XE:2.25e-01 (1.24e+00 1.25e+00 | 7.79e-01 8.31e-01)	6.249156e+00 6.229984e+00 : 7.799462e-01
0735(1012) (1.85e+00 2.25e+00) XE:2.25e-01 (1.23e+00 1.25e+00 | 8.66e-01 8.30e-01)	6.246595e+00 6.226373e+00 : 7.795605e-01
0757(1000) (3.03e+00 2.25e+00) XE:2.25e-01 (1.26e+00 1.25e+00 | 8.44e-01 8.30e-01)	6.239651e+00 6.217864e+00 : 7.785947e-01
0780(1004) (1.41e+00 2.25e+00) XE:2.25e-01 (1.24e+00 1.25e+00 | 7.93e-01 8.30e-01)	6.235558e+00 6.215790e+00 : 7.782092e-01
0802(1009) (2.22e+00 2.25e+00) XE:2.25e-01 (1.26e+00 1.25e+00 | 8.38e-01 8.30e-01)	6.231425e+00 6.213180e+00 : 7.777878e-01
0824(994) (2.59e+00 2.25e+00) XE:2.25e-01 (1.26e+00 1.25e+00 | 8.11e-01 8.30e-01)	6.225718e+00 6.208009e+00 : 7.771079e-01
0846(995) (1.88e+00 2.24e+00) XE:2.24e-01 (1.23e+00 1.25e+00 | 8.27e-01 8.30e-01)	6.224328e+00 6.204567e+00 : 7.768059e-01
0869(1004) (1.95e+00 2.25e+00) XE:2.25e-01 (1.26e+00 1.25e+00 | 9.32e-01 8.31e-01)	6.215569e+00 6.193002e+00 : 7.755357e-01
0891(999) (2.06e+00 2.25e+00) XE:2.25e-01 (1.27e+00 1.25e+00 | 8.01e-01 8.31e-01)	6.211576e+00 6.188327e+00 : 7.749940e-01
0913(1003) (1.76e+00 2.25e+00) XE:2.25e-01 (1.23e+00 1.25e+00 | 8.56e-01 8.31e-01)	6.208535e+00 6.185461e+00 : 7.746247e-01
0936(1003) (2.33e+00 2.25e+00) XE:2.25e-01 (1.24e+00 1.25e+00 | 8.23e-01 8.31e-01)	6.204668e+00 6.181243e+00 : 7.741194e-01
0958(1012) (1.74e+00 2.25e+00) XE:2.25e-01 (1.27e+00 1.25e+00 | 7.77e-01 8.30e-01)	6.197821e+00 6.175165e+00 : 7.733117e-01
0980(986) (2.15e+00 2.26e+00) XE:2.26e-01 (1.21e+00 1.25e+00 | 7.87e-01 8.30e-01)	6.185010e+00 6.162077e+00 : 7.716929e-01
1003(1004) (2.37e+00 2.26e+00) XE:2.26e-01 (1.27e+00 1.25e+00 | 9.06e-01 8.30e-01)	6.182410e+00 6.159957e+00 : 7.713980e-01
1025(1008) (2.44e+00 2.26e+00) XE:2.26e-01 (1.26e+00 1.25e+00 | 8.38e-01 8.30e-01)	6.174915e+00 6.154858e+00 : 7.706108e-01
1047(999) (2.21e+00 2.26e+00) XE:2.26e-01 (1.25e+00 1.25e+00 | 8.62e-01 8.30e-01)	6.171166e+00 6.152519e+00 : 7.702303e-01
1069(1013) (2.48e+00 2.26e+00) XE:2.26e-01 (1.24e+00 1.25e+00 | 8.01e-01 8.30e-01)	6.169177e+00 6.149306e+00 : 7.699052e-01
1092(1005) (1.95e+00 2.26e+00) XE:2.26e-01 (1.24e+00 1.25e+00 | 7.85e-01 8.29e-01)	6.162455e+00 6.141003e+00 : 7.689661e-01
1114(999) (1.94e+00 2.26e+00) XE:2.26e-01 (1.22e+00 1.25e+00 | 8.78e-01 8.29e-01)	6.157833e+00 6.139639e+00 : 7.685920e-01
1136(1004) (2.06e+00 2.26e+00) XE:2.26e-01 (1.24e+00 1.25e+00 | 8.76e-01 8.29e-01)	6.155307e+00 6.137528e+00 : 7.683022e-01
1159(995) (2.33e+00 2.26e+00) XE:2.26e-01 (1.26e+00 1.25e+00 | 8.64e-01 8.30e-01)	6.150898e+00 6.134843e+00 : 7.678588e-01
1181(997) (1.96e+00 2.26e+00) XE:2.26e-01 (1.23e+00 1.25e+00 | 7.81e-01 8.30e-01)	6.149110e+00 6.132416e+00 : 7.675954e-01
1203(993) (1.90e+00 2.26e+00) XE:2.26e-01 (1.23e+00 1.25e+00 | 7.85e-01 8.30e-01)	6.147829e+00 6.130283e+00 : 7.673820e-01
1226(1001) (1.74e+00 2.26e+00) XE:2.26e-01 (1.25e+00 1.25e+00 | 8.42e-01 8.30e-01)	6.147248e+00 6.128276e+00 : 7.672202e-01
1248(1002) (2.66e+00 2.26e+00) XE:2.26e-01 (1.21e+00 1.25e+00 | 7.55e-01 8.30e-01)	6.141816e+00 6.124757e+00 : 7.666608e-01
1270(1009) (2.28e+00 2.26e+00) XE:2.26e-01 (1.27e+00 1.25e+00 | 8.70e-01 8.30e-01)	6.140250e+00 6.122383e+00 : 7.664146e-01
1293(1009) (2.22e+00 2.26e+00) XE:2.26e-01 (1.23e+00 1.25e+00 | 7.73e-01 8.30e-01)	6.136553e+00 6.118102e+00 : 7.659159e-01
1315(1007) (2.53e+00 2.26e+00) XE:2.26e-01 (1.24e+00 1.25e+00 | 8.88e-01 8.30e-01)	6.135656e+00 6.118348e+00 : 7.658752e-01
1337(1004) (2.03e+00 2.26e+00) XE:2.26e-01 (1.22e+00 1.25e+00 | 8.13e-01 8.30e-01)	6.135493e+00 6.117862e+00 : 7.658347e-01
1359(1003) (2.17e+00 2.26e+00) XE:2.26e-01 (1.28e+00 1.25e+00 | 8.29e-01 8.30e-01)	6.132768e+00 6.115626e+00 : 7.655246e-01
1382(1006) (2.49e+00 2.26e+00) XE:2.26e-01 (1.26e+00 1.25e+00 | 8.31e-01 8.30e-01)	6.130767e+00 6.114920e+00 : 7.653554e-01
1404(1001) (2.24e+00 2.25e+00) XE:2.25e-01 (1.28e+00 1.25e+00 | 8.36e-01 8.30e-01)	6.129617e+00 6.113182e+00 : 7.651749e-01
1426(988) (2.81e+00 2.25e+00) XE:2.25e-01 (1.24e+00 1.25e+00 | 8.66e-01 8.30e-01)	6.128210e+00 6.111817e+00 : 7.650017e-01
1449(1010) (1.80e+00 2.25e+00) XE:2.25e-01 (1.27e+00 1.25e+00 | 8.36e-01 8.30e-01)	6.127172e+00 6.110793e+00 : 7.648728e-01
1471(988) (2.35e+00 2.26e+00) XE:2.26e-01 (1.23e+00 1.25e+00 | 7.61e-01 8.30e-01)	6.125287e+00 6.108941e+00 : 7.646392e-01
1493(995) (2.68e+00 2.26e+00) XE:2.26e-01 (1.28e+00 1.25e+00 | 8.40e-01 8.30e-01)	6.121665e+00 6.105393e+00 : 7.641911e-01
1516(996) (2.29e+00 2.26e+00) XE:2.26e-01 (1.24e+00 1.25e+00 | 7.79e-01 8.30e-01)	6.118412e+00 6.102996e+00 : 7.638380e-01
1538(1000) (2.27e+00 2.26e+00) XE:2.26e-01 (1.25e+00 1.25e+00 | 7.81e-01 8.30e-01)	6.116265e+00 6.101330e+00 : 7.635997e-01
1560(989) (3.16e+00 2.26e+00) XE:2.26e-01 (1.26e+00 1.25e+00 | 8.70e-01 8.30e-01)	6.115679e+00 6.100479e+00 : 7.635099e-01
1582(1007) (2.04e+00 2.25e+00) XE:2.25e-01 (1.23e+00 1.25e+00 | 7.51e-01 8.30e-01)	6.115351e+00 6.100313e+00 : 7.634790e-01
1605(997) (2.68e+00 2.25e+00) XE:2.25e-01 (1.24e+00 1.25e+00 | 8.03e-01 8.30e-01)	6.113745e+00 6.098944e+00 : 7.632931e-01
1627(1008) (2.66e+00 2.26e+00) XE:2.26e-01 (1.28e+00 1.25e+00 | 8.25e-01 8.30e-01)	6.111229e+00 6.098505e+00 : 7.631083e-01
1649(1003) (2.66e+00 2.26e+00) XE:2.26e-01 (1.23e+00 1.25e+00 | 8.17e-01 8.30e-01)	6.108172e+00 6.095546e+00 : 7.627324e-01
1672(989) (2.93e+00 2.26e+00) XE:2.26e-01 (1.28e+00 1.25e+00 | 8.54e-01 8.30e-01)	6.107613e+00 6.093826e+00 : 7.625899e-01
1694(1004) (2.25e+00 2.25e+00) XE:2.25e-01 (1.25e+00 1.25e+00 | 8.36e-01 8.30e-01)	6.106751e+00 6.092447e+00 : 7.624498e-01
1716(1005) (1.78e+00 2.25e+00) XE:2.25e-01 (1.25e+00 1.25e+00 | 8.76e-01 8.30e-01)	6.106116e+00 6.092484e+00 : 7.624125e-01
1739(989) (2.09e+00 2.25e+00) XE:2.25e-01 (1.26e+00 1.25e+00 | 9.04e-01 8.30e-01)	6.105277e+00 6.090510e+00 : 7.622366e-01
1761(997) (2.57e+00 2.25e+00) XE:2.25e-01 (1.28e+00 1.25e+00 | 8.98e-01 8.30e-01)	6.104162e+00 6.089347e+00 : 7.620943e-01
1783(1011) (2.19e+00 2.25e+00) XE:2.25e-01 (1.27e+00 1.25e+00 | 8.56e-01 8.30e-01)	6.103375e+00 6.089127e+00 : 7.620314e-01
1806(1007) (2.12e+00 2.25e+00) XE:2.25e-01 (1.27e+00 1.25e+00 | 8.76e-01 8.30e-01)	6.102608e+00 6.088346e+00 : 7.619346e-01
1828(983) (2.37e+00 2.25e+00) XE:2.25e-01 (1.24e+00 1.25e+00 | 8.01e-01 8.30e-01)	6.100495e+00 6.084670e+00 : 7.615728e-01
1850(999) (1.94e+00 2.25e+00) XE:2.25e-01 (1.25e+00 1.25e+00 | 8.52e-01 8.30e-01)	6.099866e+00 6.084947e+00 : 7.615508e-01
1872(1000) (2.73e+00 2.25e+00) XE:2.25e-01 (1.24e+00 1.25e+00 | 9.02e-01 8.30e-01)	6.098752e+00 6.083959e+00 : 7.614194e-01
1895(1005) (1.76e+00 2.25e+00) XE:2.25e-01 (1.31e+00 1.25e+00 | 8.60e-01 8.30e-01)	6.097845e+00 6.082073e+00 : 7.612449e-01
1917(995) (2.01e+00 2.25e+00) XE:2.25e-01 (1.22e+00 1.25e+00 | 8.52e-01 8.30e-01)	6.096286e+00 6.080080e+00 : 7.610228e-01
1939(1012) (2.14e+00 2.25e+00) XE:2.25e-01 (1.25e+00 1.25e+00 | 8.27e-01 8.30e-01)	6.096106e+00 6.080005e+00 : 7.610069e-01
1962(1000) (1.88e+00 2.25e+00) XE:2.25e-01 (1.23e+00 1.25e+00 | 8.11e-01 8.30e-01)	6.090039e+00 6.073716e+00 : 7.602347e-01
1984(1000) (2.52e+00 2.25e+00) XE:2.25e-01 (1.26e+00 1.25e+00 | 8.38e-01 8.30e-01)	6.089593e+00 6.072797e+00 : 7.601494e-01
2006(1005) (2.05e+00 2.25e+00) XE:2.25e-01 (1.26e+00 1.25e+00 | 8.64e-01 8.30e-01)	6.087015e+00 6.070421e+00 : 7.598397e-01
2029(995) (2.26e+00 2.25e+00) XE:2.25e-01 (1.24e+00 1.25e+00 | 8.03e-01 8.30e-01)	6.085499e+00 6.069494e+00 : 7.596871e-01
2051(996) (2.06e+00 2.25e+00) XE:2.25e-01 (1.23e+00 1.25e+00 | 8.38e-01 8.30e-01)	6.085730e+00 6.069171e+00 : 7.596813e-01
2073(1003) (2.44e+00 2.25e+00) XE:2.25e-01 (1.22e+00 1.25e+00 | 8.40e-01 8.30e-01)	6.083253e+00 6.066724e+00 : 7.593736e-01
2096(1010) (2.11e+00 2.25e+00) XE:2.25e-01 (1.27e+00 1.25e+00 | 8.44e-01 8.30e-01)	6.083391e+00 6.066019e+00 : 7.593381e-01
2118(1004) (2.50e+00 2.25e+00) XE:2.25e-01 (1.22e+00 1.25e+00 | 7.57e-01 8.30e-01)	6.082780e+00 6.065388e+00 : 7.592606e-01
2140(999) (2.29e+00 2.25e+00) XE:2.25e-01 (1.29e+00 1.25e+00 | 8.01e-01 8.30e-01)	6.081022e+00 6.063752e+00 : 7.590484e-01
2162(987) (2.77e+00 2.25e+00) XE:2.25e-01 (1.23e+00 1.25e+00 | 7.89e-01 8.30e-01)	6.079477e+00 6.062949e+00 : 7.589016e-01
2185(991) (2.31e+00 2.25e+00) XE:2.25e-01 (1.24e+00 1.25e+00 | 8.44e-01 8.30e-01)	6.079028e+00 6.062139e+00 : 7.588229e-01
2207(1015) (2.47e+00 2.25e+00) XE:2.25e-01 (1.23e+00 1.25e+00 | 8.09e-01 8.30e-01)	6.077798e+00 6.061085e+00 : 7.586802e-01
2229(1012) (2.56e+00 2.25e+00) XE:2.25e-01 (1.25e+00 1.25e+00 | 8.86e-01 8.30e-01)	6.075788e+00 6.059904e+00 : 7.584807e-01
2252(1003) (1.77e+00 2.25e+00) XE:2.25e-01 (1.27e+00 1.25e+00 | 8.82e-01 8.30e-01)	6.075202e+00 6.059794e+00 : 7.584372e-01
2274(996) (1.78e+00 2.25e+00) XE:2.25e-01 (1.22e+00 1.25e+00 | 8.07e-01 8.30e-01)	6.074986e+00 6.059903e+00 : 7.584306e-01
2296(993) (2.09e+00 2.25e+00) XE:2.25e-01 (1.29e+00 1.25e+00 | 8.60e-01 8.30e-01)	6.073764e+00 6.059501e+00 : 7.583291e-01
2319(994) (2.76e+00 2.25e+00) XE:2.25e-01 (1.22e+00 1.25e+00 | 8.52e-01 8.30e-01)	6.072213e+00 6.058126e+00 : 7.581461e-01
2341(1010) (2.48e+00 2.25e+00) XE:2.25e-01 (1.27e+00 1.25e+00 | 8.23e-01 8.30e-01)	6.071845e+00 6.056587e+00 : 7.580270e-01
2363(981) (2.36e+00 2.25e+00) XE:2.25e-01 (1.26e+00 1.25e+00 | 8.88e-01 8.30e-01)	6.071635e+00 6.055409e+00 : 7.579402e-01
2386(1014) (1.95e+00 2.25e+00) XE:2.25e-01 (1.25e+00 1.25e+00 | 8.25e-01 8.30e-01)	6.069153e+00 6.053330e+00 : 7.576552e-01
2408(1000) (1.87e+00 2.25e+00) XE:2.25e-01 (1.28e+00 1.25e+00 | 8.34e-01 8.30e-01)	6.068802e+00 6.052944e+00 : 7.576091e-01
2430(998) (2.21e+00 2.25e+00) XE:2.25e-01 (1.25e+00 1.25e+00 | 8.09e-01 8.30e-01)	6.068495e+00 6.052483e+00 : 7.575611e-01
2452(1000) (2.04e+00 2.25e+00) XE:2.25e-01 (1.25e+00 1.25e+00 | 8.05e-01 8.30e-01)	6.068139e+00 6.053170e+00 : 7.575818e-01
2475(999) (2.33e+00 2.25e+00) XE:2.25e-01 (1.21e+00 1.25e+00 | 8.03e-01 8.30e-01)	6.067720e+00 6.053160e+00 : 7.575550e-01
2497(1007) (1.87e+00 2.25e+00) XE:2.25e-01 (1.21e+00 1.25e+00 | 7.95e-01 8.30e-01)	6.066438e+00 6.051989e+00 : 7.574017e-01
2519(995) (2.45e+00 2.25e+00) XE:2.25e-01 (1.26e+00 1.25e+00 | 8.50e-01 8.30e-01)	6.065932e+00 6.051149e+00 : 7.573175e-01
2542(1018) (2.29e+00 2.25e+00) XE:2.25e-01 (1.25e+00 1.25e+00 | 8.09e-01 8.30e-01)	6.064838e+00 6.050320e+00 : 7.571974e-01
2564(1001) (2.12e+00 2.25e+00) XE:2.25e-01 (1.25e+00 1.25e+00 | 8.42e-01 8.30e-01)	6.063153e+00 6.048319e+00 : 7.569670e-01
2586(987) (2.85e+00 2.25e+00) XE:2.25e-01 (1.25e+00 1.25e+00 | 8.90e-01 8.30e-01)	6.060564e+00 6.045964e+00 : 7.566580e-01
2609(1005) (1.56e+00 2.25e+00) XE:2.25e-01 (1.27e+00 1.25e+00 | 8.48e-01 8.30e-01)	6.059649e+00 6.045054e+00 : 7.565439e-01
2631(1010) (2.10e+00 2.25e+00) XE:2.25e-01 (1.23e+00 1.25e+00 | 8.15e-01 8.30e-01)	6.059236e+00 6.044919e+00 : 7.565097e-01
2653(1002) (1.86e+00 2.25e+00) XE:2.25e-01 (1.21e+00 1.25e+00 | 8.19e-01 8.30e-01)	6.059437e+00 6.044832e+00 : 7.565168e-01
2675(1002) (2.72e+00 2.25e+00) XE:2.25e-01 (1.26e+00 1.25e+00 | 8.72e-01 8.30e-01)	6.058847e+00 6.043824e+00 : 7.564169e-01
2698(1009) (2.11e+00 2.25e+00) XE:2.25e-01 (1.24e+00 1.25e+00 | 8.56e-01 8.30e-01)	6.058163e+00 6.043356e+00 : 7.563450e-01
2720(1018) (2.38e+00 2.25e+00) XE:2.25e-01 (1.24e+00 1.25e+00 | 7.97e-01 8.30e-01)	6.057063e+00 6.042148e+00 : 7.562007e-01
2742(1007) (2.17e+00 2.25e+00) XE:2.25e-01 (1.24e+00 1.25e+00 | 7.63e-01 8.30e-01)	6.056348e+00 6.041412e+00 : 7.561100e-01
2765(1008) (1.70e+00 2.25e+00) XE:2.25e-01 (1.22e+00 1.25e+00 | 8.36e-01 8.30e-01)	6.055952e+00 6.040131e+00 : 7.560052e-01
2787(996) (3.49e+00 2.25e+00) XE:2.25e-01 (1.26e+00 1.25e+00 | 8.13e-01 8.30e-01)	6.055319e+00 6.040223e+00 : 7.559714e-01
2809(999) (1.94e+00 2.25e+00) XE:2.25e-01 (1.26e+00 1.25e+00 | 8.19e-01 8.30e-01)	6.052330e+00 6.037242e+00 : 7.555982e-01
2832(996) (2.19e+00 2.25e+00) XE:2.25e-01 (1.25e+00 1.25e+00 | 7.91e-01 8.31e-01)	6.052236e+00 6.037366e+00 : 7.556001e-01
2854(1005) (2.51e+00 2.25e+00) XE:2.25e-01 (1.31e+00 1.25e+00 | 8.48e-01 8.30e-01)	6.049489e+00 6.034554e+00 : 7.552527e-01
2876(1003) (2.32e+00 2.25e+00) XE:2.25e-01 (1.27e+00 1.25e+00 | 8.38e-01 8.30e-01)	6.049153e+00 6.034136e+00 : 7.552056e-01
2899(997) (2.03e+00 2.25e+00) XE:2.25e-01 (1.27e+00 1.25e+00 | 8.82e-01 8.30e-01)	6.048243e+00 6.033465e+00 : 7.551068e-01
2921(1012) (1.96e+00 2.25e+00) XE:2.25e-01 (1.23e+00 1.25e+00 | 9.06e-01 8.30e-01)	6.047865e+00 6.032829e+00 : 7.550433e-01
2943(1000) (1.81e+00 2.25e+00) XE:2.25e-01 (1.24e+00 1.25e+00 | 8.17e-01 8.30e-01)	6.047157e+00 6.031129e+00 : 7.548929e-01
2966(988) (2.66e+00 2.25e+00) XE:2.25e-01 (1.24e+00 1.25e+00 | 8.88e-01 8.30e-01)	6.046357e+00 6.029303e+00 : 7.547288e-01
2988(991) (2.28e+00 2.25e+00) XE:2.25e-01 (1.25e+00 1.25e+00 | 7.87e-01 8.30e-01)	6.046684e+00 6.029707e+00 : 7.547745e-01
3010(1000) (2.23e+00 2.25e+00) XE:2.25e-01 (1.25e+00 1.25e+00 | 8.38e-01 8.30e-01)	6.044888e+00 6.028660e+00 : 7.545967e-01
3033(1000) (1.58e+00 2.25e+00) XE:2.25e-01 (1.23e+00 1.25e+00 | 8.36e-01 8.30e-01)	6.044902e+00 6.028761e+00 : 7.546040e-01
3055(993) (2.69e+00 2.25e+00) XE:2.25e-01 (1.26e+00 1.25e+00 | 8.50e-01 8.30e-01)	6.044989e+00 6.028433e+00 : 7.545889e-01
3077(1016) (2.13e+00 2.25e+00) XE:2.25e-01 (1.25e+00 1.25e+00 | 8.21e-01 8.30e-01)	6.044474e+00 6.027776e+00 : 7.545156e-01
3099(1010) (1.94e+00 2.25e+00) XE:2.25e-01 (1.26e+00 1.25e+00 | 8.25e-01 8.30e-01)	6.044775e+00 6.028033e+00 : 7.545505e-01
3122(1002) (2.27e+00 2.25e+00) XE:2.25e-01 (1.20e+00 1.25e+00 | 7.83e-01 8.30e-01)	6.044127e+00 6.026842e+00 : 7.544355e-01
3144(1001) (2.04e+00 2.25e+00) XE:2.25e-01 (1.26e+00 1.25e+00 | 8.05e-01 8.30e-01)	6.040795e+00 6.023828e+00 : 7.540390e-01
3166(998) (2.06e+00 2.25e+00) XE:2.25e-01 (1.23e+00 1.25e+00 | 8.09e-01 8.30e-01)	6.040629e+00 6.023285e+00 : 7.539946e-01
3189(999) (2.08e+00 2.25e+00) XE:2.25e-01 (1.24e+00 1.25e+00 | 7.83e-01 8.30e-01)	6.040706e+00 6.023221e+00 : 7.539954e-01
3211(985) (2.13e+00 2.25e+00) XE:2.25e-01 (1.24e+00 1.25e+00 | 8.48e-01 8.30e-01)	6.040048e+00 6.023126e+00 : 7.539483e-01
3233(1013) (1.83e+00 2.25e+00) XE:2.25e-01 (1.24e+00 1.25e+00 | 8.76e-01 8.30e-01)	6.040761e+00 6.023516e+00 : 7.540173e-01
3256(1002) (2.12e+00 2.25e+00) XE:2.25e-01 (1.24e+00 1.25e+00 | 8.54e-01 8.30e-01)	6.039650e+00 6.022888e+00 : 7.539087e-01
3278(1004) (2.08e+00 2.25e+00) XE:2.25e-01 (1.22e+00 1.25e+00 | 8.48e-01 8.30e-01)	6.039049e+00 6.021795e+00 : 7.538028e-01
3300(1002) (2.18e+00 2.25e+00) XE:2.25e-01 (1.23e+00 1.25e+00 | 7.99e-01 8.30e-01)	6.038669e+00 6.020990e+00 : 7.537286e-01
3323(1017) (2.46e+00 2.25e+00) XE:2.25e-01 (1.24e+00 1.25e+00 | 8.46e-01 8.30e-01)	6.036495e+00 6.019422e+00 : 7.534948e-01
3345(993) (2.48e+00 2.25e+00) XE:2.25e-01 (1.25e+00 1.25e+00 | 9.00e-01 8.30e-01)	6.035940e+00 6.018918e+00 : 7.534286e-01
3367(996) (2.19e+00 2.25e+00) XE:2.25e-01 (1.24e+00 1.25e+00 | 7.89e-01 8.30e-01)	6.035288e+00 6.018283e+00 : 7.533482e-01
3389(982) (2.46e+00 2.25e+00) XE:2.25e-01 (1.23e+00 1.25e+00 | 7.71e-01 8.30e-01)	6.034844e+00 6.017911e+00 : 7.532972e-01
3412(1003) (2.37e+00 2.25e+00) XE:2.25e-01 (1.28e+00 1.25e+00 | 9.42e-01 8.30e-01)	6.034204e+00 6.017155e+00 : 7.532099e-01
3434(1005) (1.74e+00 2.25e+00) XE:2.25e-01 (1.27e+00 1.25e+00 | 7.95e-01 8.30e-01)	6.033322e+00 6.015751e+00 : 7.530671e-01
3456(1009) (2.45e+00 2.25e+00) XE:2.25e-01 (1.26e+00 1.25e+00 | 8.07e-01 8.30e-01)	6.032305e+00 6.014680e+00 : 7.529366e-01
3479(1004) (2.34e+00 2.25e+00) XE:2.25e-01 (1.24e+00 1.25e+00 | 8.17e-01 8.30e-01)	6.030850e+00 6.013540e+00 : 7.527743e-01
3501(998) (2.46e+00 2.25e+00) XE:2.25e-01 (1.23e+00 1.25e+00 | 7.87e-01 8.30e-01)	6.028965e+00 6.011654e+00 : 7.525387e-01
3523(1001) (1.87e+00 2.25e+00) XE:2.25e-01 (1.28e+00 1.25e+00 | 8.46e-01 8.30e-01)	6.028742e+00 6.011363e+00 : 7.525066e-01
3546(997) (1.91e+00 2.25e+00) XE:2.25e-01 (1.26e+00 1.25e+00 | 8.70e-01 8.30e-01)	6.028298e+00 6.011029e+00 : 7.524579e-01
3568(989) (2.64e+00 2.25e+00) XE:2.25e-01 (1.28e+00 1.25e+00 | 8.52e-01 8.30e-01)	6.027948e+00 6.010865e+00 : 7.524258e-01
3590(997) (2.30e+00 2.25e+00) XE:2.25e-01 (1.22e+00 1.25e+00 | 8.56e-01 8.30e-01)	6.027032e+00 6.009912e+00 : 7.523090e-01
3613(994) (2.33e+00 2.25e+00) XE:2.25e-01 (1.24e+00 1.25e+00 | 8.13e-01 8.30e-01)	6.026928e+00 6.010059e+00 : 7.523116e-01
3635(986) (2.33e+00 2.25e+00) XE:2.25e-01 (1.27e+00 1.25e+00 | 9.22e-01 8.30e-01)	6.026873e+00 6.010035e+00 : 7.523068e-01
3657(996) (2.74e+00 2.25e+00) XE:2.25e-01 (1.22e+00 1.25e+00 | 7.93e-01 8.30e-01)	6.026719e+00 6.010020e+00 : 7.522962e-01
3679(993) (2.14e+00 2.25e+00) XE:2.25e-01 (1.24e+00 1.25e+00 | 8.19e-01 8.31e-01)	6.026600e+00 6.009664e+00 : 7.522665e-01
3702(985) (2.65e+00 2.25e+00) XE:2.25e-01 (1.24e+00 1.25e+00 | 7.87e-01 8.30e-01)	6.025668e+00 6.008225e+00 : 7.521183e-01
3724(1004) (1.88e+00 2.25e+00) XE:2.25e-01 (1.26e+00 1.25e+00 | 8.94e-01 8.31e-01)	6.025298e+00 6.007670e+00 : 7.520605e-01
3746(1001) (2.31e+00 2.25e+00) XE:2.25e-01 (1.23e+00 1.25e+00 | 8.44e-01 8.31e-01)	6.025635e+00 6.007689e+00 : 7.520827e-01
3769(1004) (2.04e+00 2.25e+00) XE:2.25e-01 (1.23e+00 1.25e+00 | 8.17e-01 8.31e-01)	6.025713e+00 6.007103e+00 : 7.520510e-01
3791(994) (2.01e+00 2.25e+00) XE:2.25e-01 (1.25e+00 1.25e+00 | 8.70e-01 8.31e-01)	6.024365e+00 6.005455e+00 : 7.518638e-01
3813(1007) (1.90e+00 2.25e+00) XE:2.25e-01 (1.23e+00 1.25e+00 | 8.70e-01 8.31e-01)	6.024224e+00 6.005481e+00 : 7.518566e-01
3836(998) (1.99e+00 2.25e+00) XE:2.25e-01 (1.23e+00 1.25e+00 | 8.21e-01 8.31e-01)	6.023674e+00 6.004971e+00 : 7.517903e-01
3858(1003) (1.93e+00 2.25e+00) XE:2.25e-01 (1.23e+00 1.25e+00 | 7.69e-01 8.31e-01)	6.021916e+00 6.003395e+00 : 7.515819e-01
3880(1000) (2.52e+00 2.25e+00) XE:2.25e-01 (1.24e+00 1.25e+00 | 8.01e-01 8.31e-01)	6.019124e+00 6.000423e+00 : 7.512217e-01
3903(998) (1.84e+00 2.25e+00) XE:2.25e-01 (1.23e+00 1.25e+00 | 8.19e-01 8.31e-01)	6.019259e+00 6.000627e+00 : 7.512429e-01
3925(999) (2.45e+00 2.25e+00) XE:2.25e-01 (1.27e+00 1.25e+00 | 8.42e-01 8.31e-01)	6.019243e+00 6.000389e+00 : 7.512270e-01
3947(997) (2.13e+00 2.25e+00) XE:2.25e-01 (1.27e+00 1.25e+00 | 9.00e-01 8.31e-01)	6.019210e+00 5.999874e+00 : 7.511928e-01
3969(990) (2.16e+00 2.25e+00) XE:2.25e-01 (1.26e+00 1.25e+00 | 8.07e-01 8.31e-01)	6.017558e+00 5.998352e+00 : 7.509944e-01
3992(1001) (2.21e+00 2.25e+00) XE:2.25e-01 (1.23e+00 1.25e+00 | 7.91e-01 8.31e-01)	6.017625e+00 5.998146e+00 : 7.509857e-01
4014(993) (2.48e+00 2.25e+00) XE:2.25e-01 (1.25e+00 1.25e+00 | 8.05e-01 8.31e-01)	6.018333e+00 5.997948e+00 : 7.510175e-01
4036(1000) (2.61e+00 2.25e+00) XE:2.25e-01 (1.28e+00 1.25e+00 | 8.09e-01 8.31e-01)	6.017718e+00 5.997335e+00 : 7.509408e-01
4059(1004) (2.22e+00 2.25e+00) XE:2.25e-01 (1.24e+00 1.25e+00 | 8.98e-01 8.31e-01)	6.018037e+00 5.997476e+00 : 7.509696e-01
4081(1007) (2.51e+00 2.25e+00) XE:2.25e-01 (1.21e+00 1.25e+00 | 7.97e-01 8.31e-01)	6.017995e+00 5.997633e+00 : 7.509768e-01
4103(1008) (2.23e+00 2.25e+00) XE:2.25e-01 (1.24e+00 1.25e+00 | 8.13e-01 8.31e-01)	6.017390e+00 5.997156e+00 : 7.509091e-01
4126(993) (2.17e+00 2.25e+00) XE:2.25e-01 (1.28e+00 1.25e+00 | 8.74e-01 8.31e-01)	6.016043e+00 5.995607e+00 : 7.507281e-01
4148(1003) (1.82e+00 2.25e+00) XE:2.25e-01 (1.26e+00 1.25e+00 | 8.15e-01 8.31e-01)	6.015441e+00 5.994938e+00 : 7.506486e-01
4170(1003) (2.50e+00 2.25e+00) XE:2.25e-01 (1.25e+00 1.25e+00 | 8.48e-01 8.31e-01)	6.015668e+00 5.995242e+00 : 7.506818e-01
4193(994) (2.29e+00 2.25e+00) XE:2.25e-01 (1.24e+00 1.25e+00 | 8.48e-01 8.31e-01)	6.015139e+00 5.994186e+00 : 7.505828e-01
4215(991) (2.12e+00 2.25e+00) XE:2.25e-01 (1.28e+00 1.25e+00 | 8.90e-01 8.31e-01)	6.015033e+00 5.994285e+00 : 7.505823e-01
4237(1009) (2.37e+00 2.25e+00) XE:2.25e-01 (1.26e+00 1.25e+00 | 8.56e-01 8.31e-01)	6.014314e+00 5.994286e+00 : 7.505375e-01
4260(1015) (2.53e+00 2.25e+00) XE:2.25e-01 (1.25e+00 1.25e+00 | 7.87e-01 8.31e-01)	6.014094e+00 5.993764e+00 : 7.504911e-01
4282(1000) (2.33e+00 2.25e+00) XE:2.25e-01 (1.24e+00 1.25e+00 | 7.29e-01 8.31e-01)	6.013986e+00 5.993508e+00 : 7.504684e-01
4304(1000) (2.03e+00 2.25e+00) XE:2.25e-01 (1.26e+00 1.25e+00 | 8.38e-01 8.31e-01)	6.014477e+00 5.993899e+00 : 7.505235e-01
4326(998) (2.37e+00 2.25e+00) XE:2.25e-01 (1.21e+00 1.25e+00 | 8.07e-01 8.31e-01)	6.014514e+00 5.993362e+00 : 7.504923e-01
4349(993) (2.47e+00 2.25e+00) XE:2.25e-01 (1.25e+00 1.25e+00 | 7.65e-01 8.31e-01)	6.013325e+00 5.991769e+00 : 7.503184e-01
4371(995) (2.40e+00 2.25e+00) XE:2.25e-01 (1.24e+00 1.25e+00 | 7.85e-01 8.31e-01)	6.013770e+00 5.992079e+00 : 7.503656e-01
4393(986) (2.69e+00 2.25e+00) XE:2.25e-01 (1.28e+00 1.25e+00 | 8.88e-01 8.31e-01)	6.013478e+00 5.991781e+00 : 7.503287e-01
4416(995) (2.37e+00 2.25e+00) XE:2.25e-01 (1.26e+00 1.25e+00 | 8.15e-01 8.31e-01)	6.013605e+00 5.992055e+00 : 7.503538e-01
4438(1003) (1.99e+00 2.25e+00) XE:2.25e-01 (1.24e+00 1.25e+00 | 8.52e-01 8.31e-01)	6.013797e+00 5.992050e+00 : 7.503655e-01
4460(998) (2.06e+00 2.25e+00) XE:2.25e-01 (1.24e+00 1.25e+00 | 8.19e-01 8.31e-01)	6.014455e+00 5.991969e+00 : 7.504015e-01
4483(998) (2.52e+00 2.25e+00) XE:2.25e-01 (1.23e+00 1.25e+00 | 8.01e-01 8.31e-01)	6.013640e+00 5.991605e+00 : 7.503278e-01
4505(996) (1.80e+00 2.25e+00) XE:2.25e-01 (1.24e+00 1.25e+00 | 8.50e-01 8.31e-01)	6.013341e+00 5.991441e+00 : 7.502989e-01
4527(1004) (1.72e+00 2.25e+00) XE:2.25e-01 (1.22e+00 1.25e+00 | 8.50e-01 8.31e-01)	6.013255e+00 5.991236e+00 : 7.502807e-01
4550(1021) (1.78e+00 2.25e+00) XE:2.25e-01 (1.27e+00 1.25e+00 | 8.09e-01 8.31e-01)	6.013347e+00 5.991557e+00 : 7.503065e-01
4572(999) (2.05e+00 2.25e+00) XE:2.25e-01 (1.21e+00 1.25e+00 | 7.20e-01 8.31e-01)	6.013351e+00 5.991695e+00 : 7.503153e-01
4594(1001) (2.65e+00 2.25e+00) XE:2.25e-01 (1.25e+00 1.25e+00 | 8.42e-01 8.31e-01)	6.012186e+00 5.990992e+00 : 7.501986e-01
4617(1006) (1.99e+00 2.25e+00) XE:2.25e-01 (1.21e+00 1.25e+00 | 8.27e-01 8.31e-01)	6.011792e+00 5.990774e+00 : 7.501604e-01
4639(1008) (2.30e+00 2.25e+00) XE:2.25e-01 (1.25e+00 1.25e+00 | 8.52e-01 8.31e-01)	6.011799e+00 5.991071e+00 : 7.501794e-01
4661(997) (3.40e+00 2.25e+00) XE:2.25e-01 (1.22e+00 1.25e+00 | 9.30e-01 8.31e-01)	6.011785e+00 5.991167e+00 : 7.501845e-01
4683(997) (2.30e+00 2.25e+00) XE:2.25e-01 (1.25e+00 1.25e+00 | 7.47e-01 8.31e-01)	6.011803e+00 5.991248e+00 : 7.501907e-01
4706(999) (2.24e+00 2.25e+00) XE:2.25e-01 (1.28e+00 1.25e+00 | 8.29e-01 8.31e-01)	6.011745e+00 5.990828e+00 : 7.501608e-01
4728(985) (1.87e+00 2.25e+00) XE:2.25e-01 (1.24e+00 1.25e+00 | 8.96e-01 8.31e-01)	6.011187e+00 5.990210e+00 : 7.500873e-01
4750(1005) (2.57e+00 2.25e+00) XE:2.25e-01 (1.24e+00 1.25e+00 | 7.85e-01 8.31e-01)	6.010569e+00 5.988783e+00 : 7.499595e-01
4773(1007) (1.74e+00 2.25e+00) XE:2.25e-01 (1.26e+00 1.25e+00 | 8.84e-01 8.31e-01)	6.010484e+00 5.988703e+00 : 7.499492e-01
4795(1001) (2.04e+00 2.25e+00) XE:2.25e-01 (1.24e+00 1.25e+00 | 8.07e-01 8.31e-01)	6.010603e+00 5.989041e+00 : 7.499777e-01
4817(992) (1.73e+00 2.25e+00) XE:2.25e-01 (1.25e+00 1.25e+00 | 7.33e-01 8.31e-01)	6.009715e+00 5.987456e+00 : 7.498232e-01
4839(1002) (1.85e+00 2.25e+00) XE:2.25e-01 (1.26e+00 1.25e+00 | 8.78e-01 8.31e-01)	6.009454e+00 5.987220e+00 : 7.497921e-01
4862(1006) (1.95e+00 2.25e+00) XE:2.25e-01 (1.21e+00 1.25e+00 | 8.72e-01 8.31e-01)	6.008791e+00 5.986518e+00 : 7.497068e-01
4884(996) (2.04e+00 2.25e+00) XE:2.25e-01 (1.27e+00 1.25e+00 | 8.80e-01 8.31e-01)	6.008551e+00 5.986042e+00 : 7.496620e-01
4906(1009) (1.45e+00 2.25e+00) XE:2.25e-01 (1.21e+00 1.25e+00 | 8.19e-01 8.31e-01)	6.008687e+00 5.985811e+00 : 7.496561e-01
4929(995) (2.43e+00 2.25e+00) XE:2.25e-01 (1.24e+00 1.25e+00 | 8.38e-01 8.31e-01)	6.007749e+00 5.985359e+00 : 7.495693e-01
4951(988) (2.47e+00 2.25e+00) XE:2.25e-01 (1.27e+00 1.25e+00 | 7.87e-01 8.31e-01)	6.007751e+00 5.985430e+00 : 7.495738e-01
4973(1000) (2.57e+00 2.25e+00) XE:2.25e-01 (1.27e+00 1.25e+00 | 7.63e-01 8.31e-01)	6.008174e+00 5.985753e+00 : 7.496204e-01
4996(998) (1.92e+00 2.25e+00) XE:2.25e-01 (1.28e+00 1.25e+00 | 8.90e-01 8.31e-01)	6.007800e+00 5.985960e+00 : 7.496100e-01
5018(1003) (2.39e+00 2.25e+00) XE:2.25e-01 (1.25e+00 1.25e+00 | 8.90e-01 8.31e-01)	6.007621e+00 5.985480e+00 : 7.495688e-01
5040(1014) (1.71e+00 2.25e+00) XE:2.25e-01 (1.29e+00 1.25e+00 | 8.25e-01 8.31e-01)	6.006917e+00 5.985528e+00 : 7.495278e-01
5062(1004) (1.98e+00 2.25e+00) XE:2.25e-01 (1.26e+00 1.25e+00 | 7.93e-01 8.31e-01)	6.007124e+00 5.985078e+00 : 7.495126e-01
5085(995) (2.38e+00 2.25e+00) XE:2.25e-01 (1.24e+00 1.25e+00 | 8.66e-01 8.31e-01)	6.007096e+00 5.985074e+00 : 7.495106e-01
5107(1000) (1.84e+00 2.25e+00) XE:2.25e-01 (1.24e+00 1.25e+00 | 8.72e-01 8.31e-01)	6.007239e+00 5.985365e+00 : 7.495378e-01
5129(990) (1.86e+00 2.25e+00) XE:2.25e-01 (1.25e+00 1.25e+00 | 8.68e-01 8.31e-01)	6.006524e+00 5.984788e+00 : 7.494570e-01
5152(985) (2.35e+00 2.25e+00) XE:2.25e-01 (1.26e+00 1.25e+00 | 8.52e-01 8.31e-01)	6.006225e+00 5.984600e+00 : 7.494265e-01
5174(985) (2.38e+00 2.25e+00) XE:2.25e-01 (1.28e+00 1.25e+00 | 8.86e-01 8.31e-01)	6.006107e+00 5.984461e+00 : 7.494105e-01
5196(998) (2.42e+00 2.25e+00) XE:2.25e-01 (1.23e+00 1.25e+00 | 8.90e-01 8.31e-01)	6.005456e+00 5.983788e+00 : 7.493278e-01
5219(997) (2.04e+00 2.25e+00) XE:2.25e-01 (1.26e+00 1.25e+00 | 7.99e-01 8.31e-01)	6.003854e+00 5.982283e+00 : 7.491336e-01
5241(995) (2.51e+00 2.25e+00) XE:2.25e-01 (1.23e+00 1.25e+00 | 8.31e-01 8.31e-01)	6.003608e+00 5.981745e+00 : 7.490846e-01
5263(1003) (1.89e+00 2.25e+00) XE:2.25e-01 (1.25e+00 1.25e+00 | 8.38e-01 8.31e-01)	6.003603e+00 5.982124e+00 : 7.491079e-01
5286(997) (2.16e+00 2.25e+00) XE:2.25e-01 (1.25e+00 1.25e+00 | 8.21e-01 8.31e-01)	6.002893e+00 5.981713e+00 : 7.490379e-01
5308(1012) (2.43e+00 2.25e+00) XE:2.25e-01 (1.26e+00 1.25e+00 | 7.91e-01 8.31e-01)	6.002600e+00 5.981893e+00 : 7.490308e-01
5330(996) (2.60e+00 2.25e+00) XE:2.25e-01 (1.27e+00 1.25e+00 | 8.11e-01 8.31e-01)	6.002508e+00 5.981578e+00 : 7.490054e-01
5353(995) (2.13e+00 2.25e+00) XE:2.25e-01 (1.26e+00 1.25e+00 | 8.38e-01 8.31e-01)	6.002464e+00 5.981345e+00 : 7.489881e-01
5375(989) (2.34e+00 2.25e+00) XE:2.25e-01 (1.26e+00 1.25e+00 | 8.07e-01 8.31e-01)	6.001883e+00 5.980555e+00 : 7.489023e-01
5397(1014) (2.35e+00 2.25e+00) XE:2.25e-01 (1.24e+00 1.25e+00 | 7.93e-01 8.31e-01)	6.002000e+00 5.980419e+00 : 7.489012e-01
5419(1020) (2.18e+00 2.25e+00) XE:2.25e-01 (1.27e+00 1.25e+00 | 8.82e-01 8.31e-01)	6.002314e+00 5.980580e+00 : 7.489308e-01
5442(995) (1.70e+00 2.25e+00) XE:2.25e-01 (1.22e+00 1.25e+00 | 8.13e-01 8.31e-01)	6.001750e+00 5.979890e+00 : 7.488526e-01
5464(989) (2.67e+00 2.25e+00) XE:2.25e-01 (1.21e+00 1.25e+00 | 8.15e-01 8.31e-01)	6.001577e+00 5.979896e+00 : 7.488421e-01
5486(1010) (1.85e+00 2.25e+00) XE:2.25e-01 (1.26e+00 1.25e+00 | 8.09e-01 8.31e-01)	6.000944e+00 5.979426e+00 : 7.487731e-01
5509(1006) (2.52e+00 2.25e+00) XE:2.25e-01 (1.24e+00 1.25e+00 | 7.93e-01 8.31e-01)	6.000987e+00 5.979392e+00 : 7.487737e-01
5531(1006) (2.42e+00 2.25e+00) XE:2.25e-01 (1.26e+00 1.25e+00 | 8.44e-01 8.31e-01)	6.000441e+00 5.979376e+00 : 7.487386e-01
5553(1002) (1.82e+00 2.24e+00) XE:2.24e-01 (1.19e+00 1.25e+00 | 7.83e-01 8.31e-01)	6.000358e+00 5.979595e+00 : 7.487471e-01
5576(1002) (2.17e+00 2.24e+00) XE:2.24e-01 (1.28e+00 1.25e+00 | 9.08e-01 8.31e-01)	6.000727e+00 5.979774e+00 : 7.487813e-01
5598(1011) (1.58e+00 2.24e+00) XE:2.24e-01 (1.26e+00 1.25e+00 | 7.47e-01 8.31e-01)	6.001042e+00 5.979723e+00 : 7.487978e-01
5620(1001) (1.97e+00 2.24e+00) XE:2.24e-01 (1.26e+00 1.25e+00 | 8.01e-01 8.31e-01)	6.000312e+00 5.979395e+00 : 7.487317e-01
5642(1002) (1.77e+00 2.24e+00) XE:2.24e-01 (1.23e+00 1.25e+00 | 8.56e-01 8.31e-01)	6.000058e+00 5.979298e+00 : 7.487097e-01
5665(999) (2.34e+00 2.24e+00) XE:2.24e-01 (1.27e+00 1.25e+00 | 8.72e-01 8.31e-01)	5.999737e+00 5.978985e+00 : 7.486701e-01
5687(1004) (1.83e+00 2.24e+00) XE:2.24e-01 (1.24e+00 1.25e+00 | 7.87e-01 8.31e-01)	5.999898e+00 5.979115e+00 : 7.486883e-01
5709(1007) (2.08e+00 2.24e+00) XE:2.24e-01 (1.25e+00 1.25e+00 | 8.34e-01 8.31e-01)	5.999702e+00 5.978928e+00 : 7.486644e-01
5732(1006) (2.22e+00 2.24e+00) XE:2.24e-01 (1.27e+00 1.25e+00 | 8.44e-01 8.31e-01)	6.000302e+00 5.979434e+00 : 7.487335e-01
5754(999) (1.95e+00 2.24e+00) XE:2.24e-01 (1.28e+00 1.25e+00 | 7.87e-01 8.31e-01)	5.999066e+00 5.978069e+00 : 7.485710e-01
5776(992) (2.08e+00 2.24e+00) XE:2.24e-01 (1.27e+00 1.25e+00 | 9.20e-01 8.31e-01)	5.998358e+00 5.977508e+00 : 7.484916e-01
5799(1011) (2.09e+00 2.24e+00) XE:2.24e-01 (1.27e+00 1.25e+00 | 8.34e-01 8.31e-01)	5.998571e+00 5.977736e+00 : 7.485192e-01
5821(1003) (2.57e+00 2.24e+00) XE:2.24e-01 (1.24e+00 1.25e+00 | 7.77e-01 8.31e-01)	5.998533e+00 5.977826e+00 : 7.485224e-01
5843(986) (2.21e+00 2.24e+00) XE:2.24e-01 (1.22e+00 1.25e+00 | 8.68e-01 8.31e-01)	5.998791e+00 5.978171e+00 : 7.485601e-01
5866(993) (2.07e+00 2.24e+00) XE:2.24e-01 (1.29e+00 1.25e+00 | 8.50e-01 8.31e-01)	5.998447e+00 5.978052e+00 : 7.485312e-01
5888(1002) (2.15e+00 2.24e+00) XE:2.24e-01 (1.26e+00 1.25e+00 | 7.71e-01 8.31e-01)	5.998465e+00 5.978006e+00 : 7.485294e-01
5910(1015) (2.17e+00 2.24e+00) XE:2.24e-01 (1.26e+00 1.25e+00 | 8.54e-01 8.31e-01)	5.997915e+00 5.977487e+00 : 7.484626e-01
5933(998) (2.38e+00 2.24e+00) XE:2.24e-01 (1.26e+00 1.25e+00 | 7.83e-01 8.31e-01)	5.997506e+00 5.977122e+00 : 7.484143e-01
5955(1015) (1.78e+00 2.24e+00) XE:2.24e-01 (1.26e+00 1.25e+00 | 7.97e-01 8.31e-01)	5.996356e+00 5.976069e+00 : 7.482766e-01
5977(988) (2.31e+00 2.24e+00) XE:2.24e-01 (1.22e+00 1.25e+00 | 8.40e-01 8.31e-01)	5.996309e+00 5.976152e+00 : 7.482788e-01
5999(1006) (2.84e+00 2.24e+00) XE:2.24e-01 (1.21e+00 1.25e+00 | 7.33e-01 8.31e-01)	5.995724e+00 5.975649e+00 : 7.482108e-01
6022(988) (1.93e+00 2.24e+00) XE:2.24e-01 (1.23e+00 1.25e+00 | 8.03e-01 8.31e-01)	5.995455e+00 5.975761e+00 : 7.482011e-01
6044(1004) (2.33e+00 2.24e+00) XE:2.24e-01 (1.22e+00 1.25e+00 | 7.57e-01 8.31e-01)	5.995720e+00 5.975633e+00 : 7.482096e-01
6066(1004) (1.62e+00 2.24e+00) XE:2.24e-01 (1.24e+00 1.25e+00 | 8.42e-01 8.31e-01)	5.995906e+00 5.975770e+00 : 7.482298e-01
6089(999) (2.48e+00 2.24e+00) XE:2.24e-01 (1.26e+00 1.25e+00 | 8.23e-01 8.31e-01)	5.995454e+00 5.975398e+00 : 7.481783e-01
6111(991) (2.76e+00 2.24e+00) XE:2.24e-01 (1.23e+00 1.25e+00 | 8.64e-01 8.31e-01)	5.995489e+00 5.975270e+00 : 7.481725e-01
6133(1019) (1.84e+00 2.24e+00) XE:2.24e-01 (1.23e+00 1.25e+00 | 7.33e-01 8.31e-01)	5.995772e+00 5.975619e+00 : 7.482119e-01
6156(1000) (2.32e+00 2.24e+00) XE:2.24e-01 (1.29e+00 1.25e+00 | 8.88e-01 8.31e-01)	5.995508e+00 5.975171e+00 : 7.481674e-01
6178(1002) (2.72e+00 2.24e+00) XE:2.24e-01 (1.25e+00 1.25e+00 | 8.31e-01 8.31e-01)	5.995170e+00 5.974946e+00 : 7.481323e-01
6200(1015) (2.48e+00 2.24e+00) XE:2.24e-01 (1.23e+00 1.25e+00 | 7.97e-01 8.31e-01)	5.994751e+00 5.974651e+00 : 7.480877e-01
6223(1001) (1.93e+00 2.24e+00) XE:2.24e-01 (1.26e+00 1.25e+00 | 8.88e-01 8.31e-01)	5.993725e+00 5.973658e+00 : 7.479614e-01
6245(1004) (1.85e+00 2.24e+00) XE:2.24e-01 (1.26e+00 1.25e+00 | 8.13e-01 8.31e-01)	5.993596e+00 5.973046e+00 : 7.479151e-01
6267(997) (1.94e+00 2.24e+00) XE:2.24e-01 (1.24e+00 1.25e+00 | 8.68e-01 8.31e-01)	5.993842e+00 5.973410e+00 : 7.479533e-01
6289(1000) (2.50e+00 2.24e+00) XE:2.24e-01 (1.26e+00 1.25e+00 | 8.92e-01 8.31e-01)	5.993844e+00 5.973464e+00 : 7.479568e-01
6312(1018) (1.92e+00 2.24e+00) XE:2.24e-01 (1.22e+00 1.25e+00 | 7.67e-01 8.31e-01)	5.994139e+00 5.973678e+00 : 7.479886e-01
6334(1011) (1.78e+00 2.24e+00) XE:2.24e-01 (1.25e+00 1.25e+00 | 8.11e-01 8.31e-01)	5.994133e+00 5.973602e+00 : 7.479835e-01
6356(1000) (2.29e+00 2.24e+00) XE:2.24e-01 (1.25e+00 1.25e+00 | 8.23e-01 8.31e-01)	5.993731e+00 5.973365e+00 : 7.479435e-01
6379(999) (2.13e+00 2.24e+00) XE:2.24e-01 (1.27e+00 1.25e+00 | 8.56e-01 8.31e-01)	5.993518e+00 5.972853e+00 : 7.478982e-01
6401(996) (2.15e+00 2.24e+00) XE:2.24e-01 (1.24e+00 1.25e+00 | 7.79e-01 8.31e-01)	5.993618e+00 5.973067e+00 : 7.479178e-01
6423(999) (2.41e+00 2.24e+00) XE:2.24e-01 (1.29e+00 1.25e+00 | 8.05e-01 8.31e-01)	5.993669e+00 5.973242e+00 : 7.479319e-01
6445(1005) (2.51e+00 2.24e+00) XE:2.24e-01 (1.25e+00 1.25e+00 | 8.48e-01 8.31e-01)	5.993300e+00 5.973209e+00 : 7.479068e-01
6468(1001) (1.91e+00 2.24e+00) XE:2.24e-01 (1.23e+00 1.25e+00 | 8.36e-01 8.31e-01)	5.993429e+00 5.973373e+00 : 7.479251e-01
6490(985) (2.50e+00 2.24e+00) XE:2.24e-01 (1.23e+00 1.25e+00 | 8.34e-01 8.31e-01)	5.993247e+00 5.973160e+00 : 7.479004e-01
6512(996) (2.84e+00 2.24e+00) XE:2.24e-01 (1.23e+00 1.25e+00 | 7.75e-01 8.31e-01)	5.993073e+00 5.972822e+00 : 7.478684e-01
6535(997) (2.32e+00 2.24e+00) XE:2.24e-01 (1.24e+00 1.25e+00 | 8.34e-01 8.31e-01)	5.992818e+00 5.972595e+00 : 7.478383e-01
6557(1002) (2.74e+00 2.24e+00) XE:2.24e-01 (1.28e+00 1.25e+00 | 8.96e-01 8.31e-01)	5.992990e+00 5.972474e+00 : 7.478415e-01
6579(998) (2.43e+00 2.24e+00) XE:2.24e-01 (1.23e+00 1.25e+00 | 8.03e-01 8.31e-01)	5.992761e+00 5.972526e+00 : 7.478305e-01
6602(1010) (2.08e+00 2.24e+00) XE:2.24e-01 (1.26e+00 1.25e+00 | 9.22e-01 8.31e-01)	5.992295e+00 5.971893e+00 : 7.477618e-01
6624(1013) (2.80e+00 2.24e+00) XE:2.24e-01 (1.28e+00 1.25e+00 | 8.46e-01 8.31e-01)	5.992690e+00 5.972053e+00 : 7.477964e-01
6646(989) (2.05e+00 2.24e+00) XE:2.24e-01 (1.26e+00 1.25e+00 | 8.56e-01 8.31e-01)	5.992574e+00 5.971986e+00 : 7.477850e-01
6669(1002) (1.70e+00 2.24e+00) XE:2.24e-01 (1.22e+00 1.25e+00 | 8.15e-01 8.31e-01)	5.992899e+00 5.972338e+00 : 7.478273e-01
6691(999) (2.81e+00 2.24e+00) XE:2.24e-01 (1.24e+00 1.25e+00 | 7.69e-01 8.31e-01)	5.991848e+00 5.970922e+00 : 7.476732e-01
6713(1013) (1.96e+00 2.24e+00) XE:2.24e-01 (1.30e+00 1.25e+00 | 8.84e-01 8.31e-01)	5.992065e+00 5.970886e+00 : 7.476844e-01
6735(1006) (2.19e+00 2.24e+00) XE:2.24e-01 (1.25e+00 1.25e+00 | 8.01e-01 8.31e-01)	5.991940e+00 5.970854e+00 : 7.476746e-01
6758(995) (2.68e+00 2.24e+00) XE:2.24e-01 (1.23e+00 1.25e+00 | 7.83e-01 8.31e-01)	5.991924e+00 5.970942e+00 : 7.476791e-01
6780(992) (2.68e+00 2.24e+00) XE:2.24e-01 (1.25e+00 1.25e+00 | 8.31e-01 8.31e-01)	5.989712e+00 5.968947e+00 : 7.474162e-01
6802(996) (2.01e+00 2.24e+00) XE:2.24e-01 (1.26e+00 1.25e+00 | 8.09e-01 8.31e-01)	5.989524e+00 5.968718e+00 : 7.473901e-01
6825(997) (2.20e+00 2.24e+00) XE:2.24e-01 (1.24e+00 1.25e+00 | 8.42e-01 8.31e-01)	5.989650e+00 5.968936e+00 : 7.474116e-01
6847(1004) (2.21e+00 2.24e+00) XE:2.24e-01 (1.27e+00 1.25e+00 | 8.15e-01 8.31e-01)	5.989433e+00 5.968837e+00 : 7.473919e-01
6869(1006) (2.13e+00 2.24e+00) XE:2.24e-01 (1.24e+00 1.25e+00 | 8.50e-01 8.31e-01)	5.988879e+00 5.968598e+00 : 7.473423e-01
6892(1005) (2.44e+00 2.24e+00) XE:2.24e-01 (1.24e+00 1.25e+00 | 7.99e-01 8.31e-01)	5.988677e+00 5.968693e+00 : 7.473356e-01
6914(1010) (1.76e+00 2.24e+00) XE:2.24e-01 (1.27e+00 1.25e+00 | 7.71e-01 8.31e-01)	5.989211e+00 5.968840e+00 : 7.473782e-01
6936(1006) (2.15e+00 2.24e+00) XE:2.24e-01 (1.26e+00 1.25e+00 | 8.94e-01 8.31e-01)	5.989308e+00 5.968971e+00 : 7.473924e-01
6959(1001) (2.40e+00 2.24e+00) XE:2.24e-01 (1.24e+00 1.25e+00 | 8.07e-01 8.31e-01)	5.989178e+00 5.968945e+00 : 7.473827e-01
6981(1010) (2.03e+00 2.24e+00) XE:2.24e-01 (1.25e+00 1.25e+00 | 9.53e-01 8.31e-01)	5.989312e+00 5.969136e+00 : 7.474030e-01
7003(994) (3.26e+00 2.24e+00) XE:2.24e-01 (1.25e+00 1.25e+00 | 8.27e-01 8.31e-01)	5.988816e+00 5.968696e+00 : 7.473444e-01
7026(1002) (1.87e+00 2.24e+00) XE:2.24e-01 (1.28e+00 1.25e+00 | 8.15e-01 8.31e-01)	5.988344e+00 5.968290e+00 : 7.472896e-01
7048(1005) (2.03e+00 2.24e+00) XE:2.24e-01 (1.25e+00 1.25e+00 | 8.09e-01 8.31e-01)	5.988178e+00 5.968147e+00 : 7.472703e-01
7070(1006) (2.06e+00 2.24e+00) XE:2.24e-01 (1.26e+00 1.25e+00 | 8.09e-01 8.31e-01)	5.988241e+00 5.968105e+00 : 7.472716e-01
7092(982) (2.40e+00 2.24e+00) XE:2.24e-01 (1.24e+00 1.25e+00 | 8.40e-01 8.31e-01)	5.988228e+00 5.968160e+00 : 7.472743e-01
7115(1008) (1.87e+00 2.24e+00) XE:2.24e-01 (1.26e+00 1.25e+00 | 7.89e-01 8.31e-01)	5.988025e+00 5.968154e+00 : 7.472612e-01
7137(1009) (2.24e+00 2.24e+00) XE:2.24e-01 (1.22e+00 1.25e+00 | 7.99e-01 8.31e-01)	5.988183e+00 5.968121e+00 : 7.472690e-01
7159(1007) (2.10e+00 2.24e+00) XE:2.24e-01 (1.27e+00 1.25e+00 | 8.19e-01 8.31e-01)	5.988577e+00 5.968671e+00 : 7.473280e-01
7181(992) (2.17e+00 2.24e+00) XE:2.24e-01 (1.23e+00 1.25e+00 | 8.48e-01 8.31e-01)	5.988683e+00 5.968833e+00 : 7.473447e-01
7204(1015) (2.49e+00 2.24e+00) XE:2.24e-01 (1.23e+00 1.25e+00 | 8.17e-01 8.31e-01)	5.988681e+00 5.968969e+00 : 7.473531e-01
7226(998) (1.72e+00 2.24e+00) XE:2.24e-01 (1.25e+00 1.25e+00 | 9.06e-01 8.31e-01)	5.988903e+00 5.969089e+00 : 7.473745e-01
7248(1010) (2.36e+00 2.24e+00) XE:2.24e-01 (1.20e+00 1.25e+00 | 7.20e-01 8.31e-01)	5.987958e+00 5.968397e+00 : 7.472722e-01
7271(1010) (1.67e+00 2.24e+00) XE:2.24e-01 (1.24e+00 1.25e+00 | 8.29e-01 8.31e-01)	5.987675e+00 5.968212e+00 : 7.472429e-01
7293(1002) (2.36e+00 2.24e+00) XE:2.24e-01 (1.24e+00 1.25e+00 | 7.29e-01 8.31e-01)	5.987197e+00 5.967992e+00 : 7.471993e-01
7315(994) (1.89e+00 2.24e+00) XE:2.24e-01 (1.24e+00 1.25e+00 | 8.36e-01 8.31e-01)	5.987211e+00 5.967945e+00 : 7.471973e-01
7337(991) (2.32e+00 2.24e+00) XE:2.24e-01 (1.24e+00 1.25e+00 | 9.42e-01 8.31e-01)	5.987195e+00 5.968072e+00 : 7.472042e-01
7360(991) (2.37e+00 2.24e+00) XE:2.24e-01 (1.24e+00 1.25e+00 | 8.48e-01 8.31e-01)	5.987080e+00 5.967891e+00 : 7.471857e-01
7382(1010) (2.39e+00 2.24e+00) XE:2.24e-01 (1.28e+00 1.25e+00 | 8.92e-01 8.31e-01)	5.986919e+00 5.967608e+00 : 7.471580e-01
7404(1004) (2.20e+00 2.24e+00) XE:2.24e-01 (1.26e+00 1.25e+00 | 8.60e-01 8.31e-01)	5.986788e+00 5.967391e+00 : 7.471362e-01
7426(994) (2.12e+00 2.24e+00) XE:2.24e-01 (1.26e+00 1.25e+00 | 8.13e-01 8.31e-01)	5.986747e+00 5.967278e+00 : 7.471266e-01
7449(1002) (2.36e+00 2.24e+00) XE:2.24e-01 (1.25e+00 1.25e+00 | 9.49e-01 8.31e-01)	5.986400e+00 5.966844e+00 : 7.470778e-01
7471(991) (2.62e+00 2.24e+00) XE:2.24e-01 (1.27e+00 1.25e+00 | 8.70e-01 8.31e-01)	5.986282e+00 5.966510e+00 : 7.470495e-01
7493(1013) (1.76e+00 2.24e+00) XE:2.24e-01 (1.26e+00 1.25e+00 | 7.99e-01 8.31e-01)	5.986485e+00 5.966284e+00 : 7.470481e-01
7516(989) (2.68e+00 2.24e+00) XE:2.24e-01 (1.26e+00 1.25e+00 | 8.50e-01 8.31e-01)	5.986166e+00 5.965922e+00 : 7.470055e-01
7538(1008) (2.25e+00 2.24e+00) XE:2.24e-01 (1.24e+00 1.25e+00 | 8.80e-01 8.31e-01)	5.985878e+00 5.965643e+00 : 7.469701e-01
7560(996) (1.90e+00 2.24e+00) XE:2.24e-01 (1.25e+00 1.25e+00 | 8.13e-01 8.31e-01)	5.985923e+00 5.965612e+00 : 7.469710e-01
7583(1001) (2.44e+00 2.24e+00) XE:2.24e-01 (1.28e+00 1.25e+00 | 8.68e-01 8.31e-01)	5.986225e+00 5.965787e+00 : 7.470007e-01
7605(994) (2.41e+00 2.24e+00) XE:2.24e-01 (1.23e+00 1.25e+00 | 7.87e-01 8.31e-01)	5.986324e+00 5.965949e+00 : 7.470171e-01
7627(993) (1.89e+00 2.24e+00) XE:2.24e-01 (1.23e+00 1.25e+00 | 7.67e-01 8.31e-01)	5.985759e+00 5.965374e+00 : 7.469458e-01
7650(995) (2.43e+00 2.24e+00) XE:2.24e-01 (1.26e+00 1.25e+00 | 7.06e-01 8.31e-01)	5.984945e+00 5.964768e+00 : 7.468570e-01
7672(1005) (2.17e+00 2.24e+00) XE:2.24e-01 (1.24e+00 1.25e+00 | 8.42e-01 8.31e-01)	5.984683e+00 5.964486e+00 : 7.468231e-01
7694(999) (2.21e+00 2.24e+00) XE:2.24e-01 (1.25e+00 1.25e+00 | 8.50e-01 8.31e-01)	5.984810e+00 5.964893e+00 : 7.468564e-01
7717(999) (2.46e+00 2.24e+00) XE:2.24e-01 (1.25e+00 1.25e+00 | 8.36e-01 8.31e-01)	5.984432e+00 5.964495e+00 : 7.468079e-01
7739(1004) (1.89e+00 2.24e+00) XE:2.24e-01 (1.24e+00 1.25e+00 | 8.36e-01 8.31e-01)	5.984500e+00 5.964908e+00 : 7.468380e-01
7761(1000) (3.07e+00 2.24e+00) XE:2.24e-01 (1.23e+00 1.25e+00 | 8.42e-01 8.31e-01)	5.983750e+00 5.964268e+00 : 7.467511e-01
7784(996) (2.28e+00 2.24e+00) XE:2.24e-01 (1.28e+00 1.25e+00 | 8.36e-01 8.31e-01)	5.983955e+00 5.964303e+00 : 7.467661e-01
7806(990) (2.46e+00 2.24e+00) XE:2.24e-01 (1.24e+00 1.25e+00 | 8.60e-01 8.31e-01)	5.983637e+00 5.964042e+00 : 7.467300e-01
7828(1003) (2.28e+00 2.24e+00) XE:2.24e-01 (1.28e+00 1.25e+00 | 8.29e-01 8.31e-01)	5.983462e+00 5.963834e+00 : 7.467060e-01
7850(1000) (2.07e+00 2.24e+00) XE:2.24e-01 (1.26e+00 1.25e+00 | 8.27e-01 8.31e-01)	5.983465e+00 5.963634e+00 : 7.466937e-01
7873(1002) (1.72e+00 2.24e+00) XE:2.24e-01 (1.24e+00 1.25e+00 | 7.95e-01 8.31e-01)	5.983528e+00 5.963639e+00 : 7.466980e-01
7895(1010) (2.29e+00 2.24e+00) XE:2.24e-01 (1.23e+00 1.25e+00 | 7.77e-01 8.31e-01)	5.983985e+00 5.963845e+00 : 7.467393e-01
7917(1002) (1.70e+00 2.24e+00) XE:2.24e-01 (1.27e+00 1.25e+00 | 8.88e-01 8.31e-01)	5.984041e+00 5.963777e+00 : 7.467386e-01
7940(1010) (2.15e+00 2.24e+00) XE:2.24e-01 (1.25e+00 1.25e+00 | 8.80e-01 8.31e-01)	5.983575e+00 5.963594e+00 : 7.466980e-01
7962(1009) (2.17e+00 2.24e+00) XE:2.24e-01 (1.22e+00 1.25e+00 | 8.88e-01 8.31e-01)	5.983897e+00 5.963782e+00 : 7.467299e-01
7984(1003) (1.66e+00 2.24e+00) XE:2.24e-01 (1.28e+00 1.25e+00 | 8.46e-01 8.31e-01)	5.983599e+00 5.963610e+00 : 7.467006e-01
8007(996) (2.19e+00 2.24e+00) XE:2.24e-01 (1.27e+00 1.25e+00 | 7.83e-01 8.31e-01)	5.983697e+00 5.963690e+00 : 7.467117e-01
8029(1015) (1.91e+00 2.24e+00) XE:2.24e-01 (1.24e+00 1.25e+00 | 7.57e-01 8.31e-01)	5.982726e+00 5.962915e+00 : 7.466025e-01
8051(1002) (2.00e+00 2.24e+00) XE:2.24e-01 (1.23e+00 1.25e+00 | 7.47e-01 8.31e-01)	5.982177e+00 5.962496e+00 : 7.465421e-01
8073(1004) (1.69e+00 2.24e+00) XE:2.24e-01 (1.25e+00 1.25e+00 | 8.36e-01 8.31e-01)	5.982414e+00 5.962493e+00 : 7.465567e-01
8096(1009) (2.90e+00 2.24e+00) XE:2.24e-01 (1.24e+00 1.25e+00 | 8.46e-01 8.31e-01)	5.982160e+00 5.962074e+00 : 7.465146e-01
8118(987) (2.08e+00 2.24e+00) XE:2.24e-01 (1.24e+00 1.25e+00 | 7.93e-01 8.31e-01)	5.981440e+00 5.961252e+00 : 7.464183e-01
8140(991) (2.41e+00 2.24e+00) XE:2.24e-01 (1.24e+00 1.25e+00 | 8.05e-01 8.31e-01)	5.981236e+00 5.961250e+00 : 7.464054e-01
8163(1008) (2.04e+00 2.24e+00) XE:2.24e-01 (1.23e+00 1.25e+00 | 8.44e-01 8.31e-01)	5.980577e+00 5.960918e+00 : 7.463434e-01
8185(995) (2.61e+00 2.24e+00) XE:2.24e-01 (1.26e+00 1.25e+00 | 9.00e-01 8.31e-01)	5.980001e+00 5.960559e+00 : 7.462850e-01
8207(1020) (1.57e+00 2.24e+00) XE:2.24e-01 (1.23e+00 1.25e+00 | 8.11e-01 8.31e-01)	5.980120e+00 5.960566e+00 : 7.462929e-01
8229(1000) (2.67e+00 2.24e+00) XE:2.24e-01 (1.28e+00 1.25e+00 | 8.82e-01 8.31e-01)	5.980184e+00 5.960751e+00 : 7.463084e-01
8252(1012) (1.75e+00 2.24e+00) XE:2.24e-01 (1.22e+00 1.25e+00 | 8.05e-01 8.31e-01)	5.980274e+00 5.960586e+00 : 7.463038e-01
8274(992) (2.18e+00 2.24e+00) XE:2.24e-01 (1.22e+00 1.25e+00 | 7.81e-01 8.31e-01)	5.980808e+00 5.960831e+00 : 7.463524e-01
8296(987) (3.02e+00 2.24e+00) XE:2.24e-01 (1.24e+00 1.25e+00 | 8.56e-01 8.31e-01)	5.981089e+00 5.960844e+00 : 7.463708e-01
8319(992) (2.35e+00 2.24e+00) XE:2.24e-01 (1.28e+00 1.25e+00 | 8.44e-01 8.31e-01)	5.981017e+00 5.960738e+00 : 7.463597e-01
8341(1006) (2.44e+00 2.24e+00) XE:2.24e-01 (1.26e+00 1.25e+00 | 8.34e-01 8.31e-01)	5.981363e+00 5.960822e+00 : 7.463866e-01
8363(994) (2.17e+00 2.24e+00) XE:2.24e-01 (1.24e+00 1.25e+00 | 8.96e-01 8.31e-01)	5.981348e+00 5.960622e+00 : 7.463731e-01
8386(1010) (2.10e+00 2.24e+00) XE:2.24e-01 (1.25e+00 1.25e+00 | 8.38e-01 8.31e-01)	5.981438e+00 5.960398e+00 : 7.463648e-01
8408(991) (2.09e+00 2.24e+00) XE:2.24e-01 (1.25e+00 1.25e+00 | 8.48e-01 8.31e-01)	5.981303e+00 5.960091e+00 : 7.463371e-01
8430(996) (2.48e+00 2.24e+00) XE:2.24e-01 (1.22e+00 1.25e+00 | 8.19e-01 8.31e-01)	5.981209e+00 5.960114e+00 : 7.463327e-01
8452(1003) (2.15e+00 2.24e+00) XE:2.24e-01 (1.28e+00 1.25e+00 | 9.12e-01 8.31e-01)	5.981029e+00 5.960044e+00 : 7.463171e-01
8475(994) (2.10e+00 2.24e+00) XE:2.24e-01 (1.28e+00 1.25e+00 | 7.85e-01 8.31e-01)	5.981023e+00 5.960047e+00 : 7.463168e-01
8497(997) (2.00e+00 2.24e+00) XE:2.24e-01 (1.23e+00 1.25e+00 | 8.11e-01 8.31e-01)	5.980741e+00 5.959577e+00 : 7.462699e-01
8519(991) (2.71e+00 2.24e+00) XE:2.24e-01 (1.21e+00 1.25e+00 | 8.60e-01 8.31e-01)	5.980725e+00 5.959508e+00 : 7.462645e-01
8542(998) (2.74e+00 2.24e+00) XE:2.24e-01 (1.25e+00 1.25e+00 | 7.99e-01 8.31e-01)	5.980761e+00 5.959534e+00 : 7.462685e-01
8564(990) (2.53e+00 2.24e+00) XE:2.24e-01 (1.24e+00 1.25e+00 | 8.90e-01 8.31e-01)	5.980687e+00 5.959547e+00 : 7.462646e-01
8586(1002) (2.27e+00 2.24e+00) XE:2.24e-01 (1.23e+00 1.25e+00 | 7.83e-01 8.31e-01)	5.980474e+00 5.959305e+00 : 7.462362e-01
8608(1015) (1.64e+00 2.24e+00) XE:2.24e-01 (1.24e+00 1.25e+00 | 7.93e-01 8.31e-01)	5.979764e+00 5.958680e+00 : 7.461527e-01
8631(985) (2.24e+00 2.24e+00) XE:2.24e-01 (1.24e+00 1.25e+00 | 8.90e-01 8.31e-01)	5.979635e+00 5.958348e+00 : 7.461240e-01
8653(994) (1.95e+00 2.24e+00) XE:2.24e-01 (1.26e+00 1.25e+00 | 8.23e-01 8.31e-01)	5.979524e+00 5.958235e+00 : 7.461099e-01
8676(1019) (2.36e+00 2.24e+00) XE:2.24e-01 (1.25e+00 1.25e+00 | 8.36e-01 8.31e-01)	5.979240e+00 5.958075e+00 : 7.460822e-01
8698(988) (2.20e+00 2.24e+00) XE:2.24e-01 (1.23e+00 1.25e+00 | 7.61e-01 8.31e-01)	5.979176e+00 5.957919e+00 : 7.460685e-01
8720(989) (2.39e+00 2.24e+00) XE:2.24e-01 (1.27e+00 1.25e+00 | 7.73e-01 8.31e-01)	5.979064e+00 5.958047e+00 : 7.460694e-01
8742(997) (1.97e+00 2.24e+00) XE:2.24e-01 (1.23e+00 1.25e+00 | 7.65e-01 8.31e-01)	5.978969e+00 5.957986e+00 : 7.460597e-01
8765(1002) (2.26e+00 2.24e+00) XE:2.24e-01 (1.24e+00 1.25e+00 | 8.60e-01 8.31e-01)	5.979294e+00 5.958024e+00 : 7.460824e-01
8787(1004) (2.33e+00 2.24e+00) XE:2.24e-01 (1.24e+00 1.25e+00 | 7.85e-01 8.31e-01)	5.979516e+00 5.958091e+00 : 7.461005e-01
8809(987) (2.58e+00 2.24e+00) XE:2.24e-01 (1.23e+00 1.25e+00 | 8.31e-01 8.31e-01)	5.979064e+00 5.957607e+00 : 7.460419e-01
8832(997) (1.86e+00 2.24e+00) XE:2.24e-01 (1.26e+00 1.25e+00 | 8.07e-01 8.31e-01)	5.979291e+00 5.957686e+00 : 7.460610e-01
8854(1002) (1.92e+00 2.24e+00) XE:2.24e-01 (1.22e+00 1.25e+00 | 7.91e-01 8.31e-01)	5.978929e+00 5.957187e+00 : 7.460073e-01
8876(994) (2.70e+00 2.24e+00) XE:2.24e-01 (1.23e+00 1.25e+00 | 7.27e-01 8.31e-01)	5.978914e+00 5.957280e+00 : 7.460122e-01
8899(988) (2.08e+00 2.24e+00) XE:2.24e-01 (1.22e+00 1.25e+00 | 8.09e-01 8.31e-01)	5.978409e+00 5.956544e+00 : 7.459345e-01
8921(994) (2.27e+00 2.24e+00) XE:2.24e-01 (1.24e+00 1.25e+00 | 8.07e-01 8.31e-01)	5.978304e+00 5.956443e+00 : 7.459217e-01
8943(997) (2.49e+00 2.24e+00) XE:2.24e-01 (1.26e+00 1.25e+00 | 8.52e-01 8.31e-01)	5.978437e+00 5.956412e+00 : 7.459281e-01
8965(990) (2.54e+00 2.24e+00) XE:2.24e-01 (1.26e+00 1.25e+00 | 8.44e-01 8.31e-01)	5.977033e+00 5.955318e+00 : 7.457720e-01
8988(989) (1.81e+00 2.24e+00) XE:2.24e-01 (1.24e+00 1.25e+00 | 8.03e-01 8.31e-01)	5.977075e+00 5.955473e+00 : 7.457843e-01
9010(1012) (1.81e+00 2.24e+00) XE:2.24e-01 (1.26e+00 1.25e+00 | 7.67e-01 8.31e-01)	5.977009e+00 5.955261e+00 : 7.457669e-01
9032(1005) (2.39e+00 2.24e+00) XE:2.24e-01 (1.23e+00 1.25e+00 | 8.19e-01 8.31e-01)	5.976831e+00 5.954889e+00 : 7.457325e-01
9055(1004) (1.47e+00 2.24e+00) XE:2.24e-01 (1.25e+00 1.25e+00 | 8.31e-01 8.31e-01)	5.977018e+00 5.954813e+00 : 7.457394e-01
9077(1014) (2.47e+00 2.24e+00) XE:2.24e-01 (1.25e+00 1.25e+00 | 8.31e-01 8.31e-01)	5.976792e+00 5.954626e+00 : 7.457136e-01
9099(1000) (2.20e+00 2.24e+00) XE:2.24e-01 (1.24e+00 1.25e+00 | 7.85e-01 8.31e-01)	5.976935e+00 5.954695e+00 : 7.457269e-01
9122(988) (3.09e+00 2.24e+00) XE:2.24e-01 (1.22e+00 1.25e+00 | 8.09e-01 8.31e-01)	5.976796e+00 5.954439e+00 : 7.457022e-01
9144(1004) (2.45e+00 2.24e+00) XE:2.24e-01 (1.28e+00 1.25e+00 | 8.56e-01 8.31e-01)	5.976555e+00 5.954211e+00 : 7.456729e-01
9166(1010) (2.26e+00 2.24e+00) XE:2.24e-01 (1.24e+00 1.25e+00 | 8.17e-01 8.31e-01)	5.976572e+00 5.954314e+00 : 7.456804e-01
9189(991) (2.43e+00 2.24e+00) XE:2.24e-01 (1.26e+00 1.25e+00 | 8.44e-01 8.31e-01)	5.976447e+00 5.953975e+00 : 7.456514e-01
9211(998) (2.14e+00 2.24e+00) XE:2.24e-01 (1.25e+00 1.25e+00 | 8.90e-01 8.31e-01)	5.975492e+00 5.953205e+00 : 7.455435e-01
9233(1006) (1.96e+00 2.24e+00) XE:2.24e-01 (1.24e+00 1.25e+00 | 7.87e-01 8.31e-01)	5.975499e+00 5.952914e+00 : 7.455258e-01
9256(1006) (2.37e+00 2.24e+00) XE:2.24e-01 (1.24e+00 1.25e+00 | 7.45e-01 8.31e-01)	5.975303e+00 5.952830e+00 : 7.455084e-01
9278(1001) (2.38e+00 2.24e+00) XE:2.24e-01 (1.25e+00 1.25e+00 | 7.73e-01 8.31e-01)	5.975041e+00 5.952799e+00 : 7.454900e-01
9300(982) (3.58e+00 2.24e+00) XE:2.24e-01 (1.24e+00 1.25e+00 | 8.05e-01 8.31e-01)	5.974986e+00 5.952519e+00 : 7.454691e-01
9322(1006) (2.36e+00 2.24e+00) XE:2.24e-01 (1.24e+00 1.25e+00 | 8.52e-01 8.31e-01)	5.974900e+00 5.952294e+00 : 7.454496e-01
9345(1014) (1.70e+00 2.24e+00) XE:2.24e-01 (1.25e+00 1.25e+00 | 9.20e-01 8.31e-01)	5.974816e+00 5.952506e+00 : 7.454576e-01
9367(992) (2.23e+00 2.24e+00) XE:2.24e-01 (1.26e+00 1.25e+00 | 9.08e-01 8.31e-01)	5.974754e+00 5.952252e+00 : 7.454378e-01
9389(999) (2.30e+00 2.24e+00) XE:2.24e-01 (1.25e+00 1.25e+00 | 8.54e-01 8.31e-01)	5.974550e+00 5.952275e+00 : 7.454265e-01
9412(992) (2.92e+00 2.24e+00) XE:2.24e-01 (1.22e+00 1.25e+00 | 7.89e-01 8.31e-01)	5.974239e+00 5.952292e+00 : 7.454081e-01
9434(1005) (1.70e+00 2.24e+00) XE:2.24e-01 (1.25e+00 1.25e+00 | 9.02e-01 8.31e-01)	5.974277e+00 5.952272e+00 : 7.454093e-01
9456(1003) (2.28e+00 2.24e+00) XE:2.24e-01 (1.25e+00 1.25e+00 | 9.26e-01 8.31e-01)	5.974083e+00 5.951990e+00 : 7.453796e-01
9479(996) (2.08e+00 2.24e+00) XE:2.24e-01 (1.22e+00 1.25e+00 | 8.11e-01 8.31e-01)	5.973853e+00 5.952074e+00 : 7.453704e-01
9501(996) (2.24e+00 2.24e+00) XE:2.24e-01 (1.23e+00 1.25e+00 | 7.51e-01 8.31e-01)	5.973752e+00 5.951869e+00 : 7.453513e-01
9523(1004) (2.56e+00 2.24e+00) XE:2.24e-01 (1.25e+00 1.25e+00 | 7.97e-01 8.31e-01)	5.973719e+00 5.951717e+00 : 7.453397e-01
9546(1003) (2.01e+00 2.24e+00) XE:2.24e-01 (1.24e+00 1.25e+00 | 8.72e-01 8.31e-01)	5.973745e+00 5.951638e+00 : 7.453364e-01
9568(999) (2.24e+00 2.24e+00) XE:2.24e-01 (1.25e+00 1.25e+00 | 7.14e-01 8.31e-01)	5.973911e+00 5.951654e+00 : 7.453478e-01
9590(1003) (2.15e+00 2.24e+00) XE:2.24e-01 (1.24e+00 1.25e+00 | 8.13e-01 8.31e-01)	5.973949e+00 5.951841e+00 : 7.453619e-01
9612(1002) (2.09e+00 2.24e+00) XE:2.24e-01 (1.28e+00 1.25e+00 | 8.42e-01 8.31e-01)	5.973650e+00 5.951690e+00 : 7.453337e-01
9635(995) (2.10e+00 2.24e+00) XE:2.24e-01 (1.26e+00 1.25e+00 | 8.56e-01 8.31e-01)	5.973403e+00 5.951677e+00 : 7.453175e-01
9657(999) (2.19e+00 2.24e+00) XE:2.24e-01 (1.22e+00 1.25e+00 | 8.64e-01 8.31e-01)	5.973398e+00 5.951814e+00 : 7.453257e-01
9679(1002) (2.06e+00 2.24e+00) XE:2.24e-01 (1.26e+00 1.25e+00 | 8.64e-01 8.31e-01)	5.972707e+00 5.951302e+00 : 7.452506e-01
9702(999) (2.33e+00 2.24e+00) XE:2.24e-01 (1.29e+00 1.25e+00 | 8.60e-01 8.31e-01)	5.972562e+00 5.951410e+00 : 7.452482e-01
9724(991) (2.07e+00 2.24e+00) XE:2.24e-01 (1.22e+00 1.25e+00 | 7.57e-01 8.31e-01)	5.972498e+00 5.951429e+00 : 7.452455e-01
9746(1007) (2.25e+00 2.24e+00) XE:2.24e-01 (1.25e+00 1.25e+00 | 8.60e-01 8.31e-01)	5.971520e+00 5.950533e+00 : 7.451283e-01
9768(1004) (2.32e+00 2.24e+00) XE:2.24e-01 (1.24e+00 1.25e+00 | 8.76e-01 8.31e-01)	5.971184e+00 5.950387e+00 : 7.450982e-01
9791(997) (2.38e+00 2.24e+00) XE:2.24e-01 (1.25e+00 1.25e+00 | 8.56e-01 8.31e-01)	5.971105e+00 5.950246e+00 : 7.450844e-01
9813(1002) (2.08e+00 2.24e+00) XE:2.24e-01 (1.23e+00 1.25e+00 | 8.15e-01 8.31e-01)	5.970462e+00 5.949634e+00 : 7.450060e-01
9835(991) (2.34e+00 2.24e+00) XE:2.24e-01 (1.30e+00 1.25e+00 | 8.82e-01 8.31e-01)	5.970203e+00 5.949629e+00 : 7.449895e-01
9858(997) (2.17e+00 2.24e+00) XE:2.24e-01 (1.24e+00 1.25e+00 | 7.89e-01 8.31e-01)	5.969897e+00 5.949262e+00 : 7.449474e-01
9880(994) (2.25e+00 2.24e+00) XE:2.24e-01 (1.24e+00 1.25e+00 | 8.46e-01 8.31e-01)	5.969957e+00 5.949183e+00 : 7.449463e-01
9902(999) (1.85e+00 2.24e+00) XE:2.24e-01 (1.25e+00 1.25e+00 | 8.36e-01 8.31e-01)	5.969226e+00 5.948693e+00 : 7.448699e-01
9925(1006) (1.98e+00 2.24e+00) XE:2.24e-01 (1.20e+00 1.25e+00 | 7.12e-01 8.31e-01)	5.969380e+00 5.948989e+00 : 7.448981e-01
9947(1009) (2.23e+00 2.24e+00) XE:2.24e-01 (1.22e+00 1.25e+00 | 8.15e-01 8.31e-01)	5.968660e+00 5.948499e+00 : 7.448224e-01
9969(1012) (1.80e+00 2.24e+00) XE:2.24e-01 (1.26e+00 1.25e+00 | 8.52e-01 8.31e-01)	5.968589e+00 5.948600e+00 : 7.448243e-01
9992(1003) (2.33e+00 2.24e+00) XE:2.24e-01 (1.28e+00 1.25e+00 | 8.54e-01 8.31e-01)	5.968475e+00 5.948302e+00 : 7.447986e-01
10000(993) (2.28e+00 2.24e+00) XE:2.24e-01 (1.25e+00 1.25e+00 | 7.85e-01 8.31e-01)	5.968487e+00 5.948188e+00 : 7.447922e-01
RL cnt: 0,6304836,1433343,234660,25354,2128,0,0,0,0,0,0,0,0,0,0,
BL cnt: 0,0,0,0,0,0,110552,0,1838750,0,6011998,0,1837792,0,110908,0,0,0,0,0,0,
5.968487e+00 5.948188e+00 : 7.447922e-01
# InnerCodebook: deleted
# NBIDSchannel: deleted
# Gtable: deleted
# FBalg4: deleted
# StatICB: deleted
