# InnerCodebook: input ICB/ex01//cb.txt
# InnerCodebook: Nu=6 Nu2p=64 numCW=18 FlgUnique=1 FlgInvertible=1 FlgBalanced=1
# InnerCodebook: Rho=3 (ell,Delta)=(10,2) L0=2
# InnerCodebook: Rst01=4 Rst10=13
# CW
# 000:001011 (2,L2,R2) WL:0 0 1 1 2 3  WR:3 3 3 2 2 1  
# 001:001101 (2,L2,R1) WL:0 0 1 2 2 3  WR:3 3 3 2 1 1  
# 002:001110 (3,L2,R1) WL:0 0 1 2 3 3  WR:3 3 3 2 1 0  
# 003:010011 (2,L1,R2) WL:0 1 1 1 2 3  WR:3 3 2 2 2 1  
# 004:010101 (1,L1,R1) WL:0 1 1 2 2 3  WR:3 3 2 2 1 1  
# 005:010110 (2,L1,R1) WL:0 1 1 2 3 3  WR:3 3 2 2 1 0  
# 006:011001 (2,L1,R1) WL:0 1 2 2 2 3  WR:3 3 2 1 1 1  
# 007:011010 (2,L1,R1) WL:0 1 2 2 3 3  WR:3 3 2 1 1 0  
# 008:011100 (3,L1,R2) WL:0 1 2 3 3 3  WR:3 3 2 1 0 0  
# 009:100011 (3,L1,R2) WL:1 1 1 1 2 3  WR:3 2 2 2 2 1  
# 010:100101 (2,L1,R1) WL:1 1 1 2 2 3  WR:3 2 2 2 1 1  
# 011:100110 (2,L1,R1) WL:1 1 1 2 3 3  WR:3 2 2 2 1 0  
# 012:101001 (2,L1,R1) WL:1 1 2 2 2 3  WR:3 2 2 1 1 1  
# 013:101010 (1,L1,R1) WL:1 1 2 2 3 3  WR:3 2 2 1 1 0  
# 014:101100 (2,L1,R2) WL:1 1 2 3 3 3  WR:3 2 2 1 0 0  
# 015:110001 (3,L2,R1) WL:1 2 2 2 2 3  WR:3 2 1 1 1 1  
# 016:110010 (2,L2,R1) WL:1 2 2 2 3 3  WR:3 2 1 1 1 0  
# 017:110100 (2,L2,R2) WL:1 2 2 3 3 3  WR:3 2 1 1 0 0  
# CWL
# 000B:1 000D:1 000E:1 0013:1 0015:1 0016:1 0019:1 001A:1 001C:1 0023:1 
# 0025:1 0026:1 0029:1 002A:1 002C:1 0031:1 0032:1 0034:1 
# CWI
# 000B:000 000D:001 000E:002 0013:003 0015:004 0016:005 0019:006 001A:007 001C:008 0023:009 
# 0025:010 0026:011 0029:012 002A:013 002C:014 0031:015 0032:016 0034:017 
# QA=18 Ns=50 Nu=6 Nb=300 (Pi,Pd,Ps)=(0.000000e+00,0.000000e+00,0.000000e+00) Nseq=70 Ndi=5 OutListSize=10 [0]
# ICB:   ICB/ex01//cb.txt
# Const: ICB/ex01//constraint.txt
# EncCM: ICB/ex01//EncCM.bin
# ChannelMatrix: ICB/ex01//EncCM.bin (18x18)
# CSFBAdec: Ns=50 (Nu;Nu2min,Nu2max)=(6(64);4,8) Nb=300 Q=18 Nseq=70
# CSFBAdec: (Pi,Pd,Ps,Pt)=(0.000000e+00,0.000000e+00,0.000000e+00,1.000000e+00) (Dmin,Dmax:Drng)=(0,0:1)
# CSFBAdec: generating GD & GX
# CSFBAdec: generating factor graph
# CPScodec: Ns=50 Nu=6 Nb=300 Nseq=70
# CPScodec: (Pi,Pd,Ps,Pt)=(0.000000e+00,0.000000e+00,0.000000e+00,1.000000e+00) (Dmin,Dmax:Drng)=(0,0:1)
# CPScodec::SetCSL Kc=7 QB=16 QB2=8
# CPScodec: Kc=7 QB=16 QB2=8
# CPScodec::CSL
#  [0] 00,07,00,00  01,06,00,00  02,05,00,00  03,04,00,00  04,03,00,00  05,02,00,00  06,01,00,00  07,00,00,00  
#  [1] 00,00,00,07  00,00,01,06  00,00,02,05  00,00,03,04  00,00,04,03  00,00,05,02  00,00,06,01  00,00,07,00  
# Kc=7 QB=16 QB2=8
# CIDSchannel: N=300 (Pi,Pd,Ps)=(0.000000e+00,0.000000e+00,0.000000e+00) (Dmin,Dmax)=(0,0)
# CIDSchannel: Kc=7 Nseq=70
# ChannelMatrix: M=18 N=180
# ChannelMatrix: M=8 N=80
# ConcatAB: (Nb,Nu,Ns)=(300,6,50) Nseq=70 (Qa,Qb)=(18,16) (Dmin,Dmax,Drng)=(0,0,1)
0339 : 1594/16950=9.404130e-02 13 : 11712/101700=1.151622e-01 51 : 4.169194e+00 3.348676e-01 3.834326e+00 : 2.999928e+00 4.493423e-01 2.550585e+00
0697 : 3342/34850=9.589670e-02 13 : 24080/209100=1.151602e-01 53 : 4.169426e+00 3.412576e-01 3.828168e+00 : 2.999984e+00 4.505385e-01 2.549446e+00
1055 : 5045/52750=9.563981e-02 15 : 36361/316500=1.148847e-01 53 : 4.169557e+00 3.399120e-01 3.829645e+00 : 2.999987e+00 4.504953e-01 2.549491e+00
1414 : 6716/70700=9.499293e-02 15 : 48774/424200=1.149788e-01 53 : 4.169673e+00 3.382527e-01 3.831420e+00 : 2.999995e+00 4.509417e-01 2.549053e+00
1769 : 8420/88450=9.519503e-02 15 : 61095/530700=1.151215e-01 53 : 4.169795e+00 3.391114e-01 3.830684e+00 : 2.999995e+00 4.514663e-01 2.548529e+00
2117 : 10069/105850=9.512518e-02 15 : 73090/635100=1.150842e-01 53 : 4.169812e+00 3.392888e-01 3.830523e+00 : 2.999995e+00 4.517859e-01 2.548209e+00
2465 : 11732/123250=9.518864e-02 15 : 85294/739500=1.153401e-01 53 : 4.169805e+00 3.401151e-01 3.829690e+00 : 2.999998e+00 4.524507e-01 2.547547e+00
2812 : 13460/140600=9.573257e-02 15 : 97284/843600=1.153201e-01 53 : 4.169826e+00 3.408284e-01 3.828997e+00 : 2.999998e+00 4.526651e-01 2.547333e+00
3160 : 15154/158000=9.591139e-02 15 : 109160/948000=1.151477e-01 53 : 4.169843e+00 3.414020e-01 3.828441e+00 : 2.999999e+00 4.521748e-01 2.547824e+00
3509 : 16805/175450=9.578227e-02 15 : 121451/1052700=1.153710e-01 53 : 4.169847e+00 3.414240e-01 3.828423e+00 : 2.999998e+00 4.528608e-01 2.547138e+00
3856 : 18504/192800=9.597510e-02 15 : 133450/1156800=1.153613e-01 56 : 4.169845e+00 3.417103e-01 3.828135e+00 : 2.999998e+00 4.529456e-01 2.547052e+00
4204 : 20181/210200=9.600856e-02 15 : 145478/1261200=1.153489e-01 56 : 4.169862e+00 3.417040e-01 3.828158e+00 : 2.999998e+00 4.530843e-01 2.546914e+00
4551 : 21825/227550=9.591299e-02 15 : 157440/1365300=1.153153e-01 56 : 4.169875e+00 3.414054e-01 3.828470e+00 : 2.999998e+00 4.530234e-01 2.546975e+00
4899 : 23491/244950=9.590120e-02 15 : 169539/1469700=1.153562e-01 56 : 4.169867e+00 3.415727e-01 3.828294e+00 : 2.999999e+00 4.531640e-01 2.546835e+00
5246 : 25169/262300=9.595501e-02 15 : 181426/1573800=1.152789e-01 56 : 4.169868e+00 3.418724e-01 3.827996e+00 : 2.999999e+00 4.530950e-01 2.546904e+00
5594 : 26829/279700=9.592063e-02 15 : 193457/1678200=1.152765e-01 57 : 4.169871e+00 3.417662e-01 3.828105e+00 : 2.999999e+00 4.531309e-01 2.546868e+00
5941 : 28498/297050=9.593671e-02 15 : 205501/1782300=1.153010e-01 57 : 4.169875e+00 3.419269e-01 3.827948e+00 : 2.999999e+00 4.531924e-01 2.546806e+00
6289 : 30187/314450=9.599936e-02 15 : 217445/1886700=1.152515e-01 57 : 4.169874e+00 3.422069e-01 3.827667e+00 : 2.999999e+00 4.530505e-01 2.546948e+00
6636 : 31827/331800=9.592224e-02 15 : 229453/1990800=1.152567e-01 57 : 4.169877e+00 3.418048e-01 3.828072e+00 : 2.999999e+00 4.531891e-01 2.546810e+00
6983 : 33481/349150=9.589288e-02 15 : 241226/2094900=1.151492e-01 57 : 4.169876e+00 3.415242e-01 3.828351e+00 : 2.999999e+00 4.532245e-01 2.546774e+00
7331 : 35135/366550=9.585323e-02 15 : 253284/2199300=1.151657e-01 57 : 4.169879e+00 3.414448e-01 3.828434e+00 : 2.999999e+00 4.531532e-01 2.546846e+00
7679 : 36808/383950=9.586665e-02 15 : 265305/2303700=1.151647e-01 57 : 4.169881e+00 3.413843e-01 3.828497e+00 : 2.999999e+00 4.531457e-01 2.546853e+00
8027 : 38486/401350=9.589137e-02 15 : 277292/2408100=1.151497e-01 57 : 4.169881e+00 3.416146e-01 3.828266e+00 : 2.999999e+00 4.530124e-01 2.546987e+00
8374 : 40179/418700=9.596131e-02 15 : 289289/2512200=1.151537e-01 57 : 4.169881e+00 3.417800e-01 3.828101e+00 : 2.999999e+00 4.530048e-01 2.546994e+00
8721 : 41898/436050=9.608531e-02 15 : 301021/2616300=1.150560e-01 57 : 4.169879e+00 3.421921e-01 3.827687e+00 : 2.999999e+00 4.527175e-01 2.547281e+00
9069 : 43598/453450=9.614732e-02 15 : 312928/2720700=1.150175e-01 57 : 4.169887e+00 3.422975e-01 3.827590e+00 : 2.999999e+00 4.525962e-01 2.547402e+00
9416 : 45290/470800=9.619796e-02 15 : 324789/2824800=1.149777e-01 57 : 4.169884e+00 3.424458e-01 3.827438e+00 : 2.999998e+00 4.523907e-01 2.547608e+00
9764 : 46942/488200=9.615322e-02 15 : 337079/2929200=1.150754e-01 57 : 4.169885e+00 3.422148e-01 3.827670e+00 : 2.999999e+00 4.526634e-01 2.547335e+00
10000 : 48071/500000=9.614200e-02 15 : 345230/3000000=1.150767e-01 57 : 4.169885e+00 3.421870e-01 3.827698e+00 : 2.999999e+00 4.526784e-01 2.547320e+00
# InnerCodebook: deleted
# ChannelMatrix: deleted
# CIDSchannel: deleted
# CSFBAdec: deleted
# CPScodec; deleted
# ChannelMatrix: deleted
# ChannelMatrix: deleted
# ConcatAB: deleted
