# (Pid,Ps)=(2.000000e-02,1.000000e-02) Nseg=2000 [0]
# InnerCB: ../bsearch/ICB/cmb/00/00000086.txt.bin
# Gtable:  Gtable/5/020_010.bin
# InnerCodebook: beta=5(1024) nu=2
# InnerCodebook: B(B2p)=7(128) 7(128) 
# InnerCodebook: checked CWM, EncMap, DecMap
# beta=5(1024) nu=2 N=10000 Dmax=205
# B=7,7,
# NBIDSchannel: N=10000 Q=4 Dmax=205 (Pid,Ps)=(2.000000e-02,1.000000e-02)
# FBalg4: Nseg=2000 Dmax=205(w=411)
# FBalg4: Gtable: Gtable/5/020_010.bin
# Gtable: beta=5 (Pid,Ps,Ptrn)=(2.000000e-02,1.000000e-02,9.600000e-01) Pth=1.000000e-10
# Gtable: beta4p=1024 beta4pp=1048576
# Gtable::Gtable len=0 cnt=1024
# Gtable::Gtable len=1 cnt=4096
# Gtable::Gtable len=2 cnt=16384
# Gtable::Gtable len=3 cnt=65536
# Gtable::Gtable len=4 cnt=240052
# Gtable::Gtable len=5 cnt=825736
# Gtable::Gtable len=6 cnt=1472656
# Gtable::Gtable len=7 cnt=939544
# Gtable::Gtable len=8 cnt=696352
# Gtable::Gtable len=9 cnt=100348
# Gtable::Gtable len=10 cnt=1024
# FBalg4: beta=5(1024) (Pid,Ps)=(2.000000e-02,1.000000e-02) Pth=1.000000e-10 N=10000
(Y:8.183339e+00 X:7.000000e+00 XY:8.743494e+00 I:6.439846e+00)
0001(9966): (6.439846e+00 6.439846e+00) 6.439846e-01
(Y:8.194375e+00 X:7.000000e+00 XY:8.708907e+00 I:6.485467e+00)
0002(9987): (6.485467e+00 6.462657e+00) 6.462657e-01
(Y:8.248812e+00 X:7.000000e+00 XY:8.700210e+00 I:6.548602e+00)
0003(10058): (6.548602e+00 6.491305e+00) 6.491305e-01
(Y:8.237187e+00 X:7.000000e+00 XY:8.812150e+00 I:6.425038e+00)
0004(10000): (6.425038e+00 6.474738e+00) 6.474738e-01
(Y:8.186489e+00 X:7.000000e+00 XY:8.734656e+00 I:6.451834e+00)
0005(9960): (6.451834e+00 6.470157e+00) 6.470157e-01
(Y:8.253723e+00 X:7.000000e+00 XY:8.786288e+00 I:6.467435e+00)
0006(10005): (6.467435e+00 6.469704e+00) 6.469704e-01
(Y:8.147786e+00 X:7.000000e+00 XY:8.679484e+00 I:6.468301e+00)
0007(9992): (6.468301e+00 6.469503e+00) 6.469503e-01
(Y:8.215666e+00 X:7.000000e+00 XY:8.729199e+00 I:6.486467e+00)
0008(9980): (6.486467e+00 6.471624e+00) 6.471624e-01
(Y:8.244812e+00 X:7.000000e+00 XY:8.788032e+00 I:6.456780e+00)
0009(9981): (6.456780e+00 6.469975e+00) 6.469975e-01
(Y:8.249888e+00 X:7.000000e+00 XY:8.717174e+00 I:6.532714e+00)
0010(10020): (6.532714e+00 6.476248e+00) 6.476248e-01
# InnerCodebook: deleted
# NBIDSchannel: deleted
# Gtable: deleted
# FBalg4: deleted
