# (Pid,Ps)=(4.000000e-02,1.000000e-02) Nseg=2000 [0]
# InnerCB: ../bsearch/ICB/cmb/00/00000086.txt.bin
# Gtable:  Gtable/5/040_010.bin
# InnerCodebook: beta=5(1024) nu=2
# InnerCodebook: B(B2p)=7(128) 7(128) 
# InnerCodebook: checked CWM, EncMap, DecMap
# beta=5(1024) nu=2 N=10000 Dmax=405
# B=7,7,
# NBIDSchannel: N=10000 Q=4 Dmax=405 (Pid,Ps)=(4.000000e-02,1.000000e-02)
# FBalg4: Nseg=2000 Dmax=405(w=811)
# FBalg4: Gtable: Gtable/5/040_010.bin
# Gtable: beta=5 (Pid,Ps,Ptrn)=(4.000000e-02,1.000000e-02,9.200000e-01) Pth=1.000000e-10
# Gtable: beta4p=1024 beta4pp=1048576
# Gtable::Gtable len=0 cnt=1024
# Gtable::Gtable len=1 cnt=4096
# Gtable::Gtable len=2 cnt=16384
# Gtable::Gtable len=3 cnt=65536
# Gtable::Gtable len=4 cnt=241636
# Gtable::Gtable len=5 cnt=810652
# Gtable::Gtable len=6 cnt=1541824
# Gtable::Gtable len=7 cnt=2116924
# Gtable::Gtable len=8 cnt=1264036
# Gtable::Gtable len=9 cnt=104812
# Gtable::Gtable len=10 cnt=31744
# FBalg4: beta=5(1024) (Pid,Ps)=(4.000000e-02,1.000000e-02) Pth=1.000000e-10 N=10000
(Y:8.623206e+00 X:7.000000e+00 XY:9.567714e+00 I:6.055492e+00)
0001(10000): (6.055492e+00 6.055492e+00) 6.055492e-01
(Y:8.614506e+00 X:7.000000e+00 XY:9.599002e+00 I:6.015504e+00)
0002(9981): (6.015504e+00 6.035498e+00) 6.035498e-01
(Y:8.599941e+00 X:7.000000e+00 XY:9.570045e+00 I:6.029896e+00)
0003(10031): (6.029896e+00 6.033631e+00) 6.033631e-01
(Y:8.627403e+00 X:7.000000e+00 XY:9.627909e+00 I:5.999494e+00)
0004(9952): (5.999494e+00 6.025096e+00) 6.025096e-01
(Y:8.622530e+00 X:7.000000e+00 XY:9.619255e+00 I:6.003275e+00)
0005(9904): (6.003275e+00 6.020732e+00) 6.020732e-01
(Y:8.691212e+00 X:7.000000e+00 XY:9.670153e+00 I:6.021059e+00)
0006(10010): (6.021059e+00 6.020787e+00) 6.020787e-01
(Y:8.639658e+00 X:7.000000e+00 XY:9.609238e+00 I:6.030420e+00)
0007(10006): (6.030420e+00 6.022163e+00) 6.022163e-01
(Y:8.645511e+00 X:7.000000e+00 XY:9.574546e+00 I:6.070965e+00)
0008(9991): (6.070965e+00 6.028263e+00) 6.028263e-01
(Y:8.665964e+00 X:7.000000e+00 XY:9.640515e+00 I:6.025449e+00)
0009(9992): (6.025449e+00 6.027951e+00) 6.027951e-01
(Y:8.618662e+00 X:7.000000e+00 XY:9.602417e+00 I:6.016245e+00)
0010(9995): (6.016245e+00 6.026780e+00) 6.026780e-01
# InnerCodebook: deleted
# NBIDSchannel: deleted
# Gtable: deleted
# FBalg4: deleted
