# (Pid,Ps)=(3.000000e-02,1.000000e-03) Nseg=1000 WinSize=10 [0]
# InnerCB: ICB/marker/7_1_0.bin
# Gtable:  Gtable/1/030_001.bin
# InnerCodebook: beta=1(4) nu=8
# InnerCodebook: B(B2p)=2(4) 2(4) 2(4) 2(4) 2(4) 2(4) 2(4) 0(1) 
# InnerCodebook: checked CWM, EncMap, DecMap
# beta=1(4) nu=8 N=1000 Dmax=35
# B=2,2,2,2,2,2,2,0,
# NBIDSchannel: N=1000 Q=4 Dmax=35 (Pid,Ps)=(3.000000e-02,1.000000e-03)
# FBalg4: Nseg=1000 Dmax=35(w=71)
# FBalg4: Gtable: Gtable/1/030_001.bin
# Gtable: beta=1 (Pid,Ps,Ptrn)=(3.000000e-02,1.000000e-03,9.400000e-01) Pth=1.000000e-10
# Gtable: beta4p=4 beta4pp=16
# Gtable::Gtable len=0 cnt=4
# Gtable::Gtable len=1 cnt=16
# Gtable::Gtable len=2 cnt=64
# FBalg4: beta=1(4) (Pid,Ps)=(3.000000e-02,1.000000e-03) Pth=1.000000e-10 N=1000
# StatICB: nu=8 beta=1 beta4p=4 Bsum=14 HdThNum=20 HdThStep=5.00e-02
# StatICB: B=2,2,2,2,2,2,2,0,
# StatICB: HdThList 9.50e-01,9.00e-01,8.50e-01,8.00e-01,7.50e-01,7.00e-01,6.50e-01,6.00e-01,5.50e-01,5.00e-01,4.50e-01,4.00e-01,3.50e-01,3.00e-01,2.50e-01,2.00e-01,1.50e-01,1.00e-01,5.00e-02,1.00e-10,
0605(1005) (4.65e-01 5.95e-01) XE:2.98e-01 (1.32e+00 1.33e+00 | 2.37e+00 2.53e+00)
1261(1008) (6.56e-01 5.90e-01) XE:2.95e-01 (1.39e+00 1.33e+00 | 2.69e+00 2.53e+00)
1917(1003) (6.05e-01 5.90e-01) XE:2.95e-01 (1.31e+00 1.33e+00 | 2.34e+00 2.53e+00)
2572(996) (5.09e-01 5.92e-01) XE:2.96e-01 (1.30e+00 1.33e+00 | 2.51e+00 2.53e+00)
3228(996) (5.14e-01 5.92e-01) XE:2.96e-01 (1.33e+00 1.33e+00 | 2.67e+00 2.53e+00)
3883(997) (5.57e-01 5.89e-01) XE:2.94e-01 (1.35e+00 1.33e+00 | 2.55e+00 2.53e+00)
4540(998) (4.98e-01 5.89e-01) XE:2.95e-01 (1.34e+00 1.33e+00 | 2.68e+00 2.53e+00)
5197(1001) (4.64e-01 5.89e-01) XE:2.94e-01 (1.28e+00 1.33e+00 | 2.18e+00 2.53e+00)
5852(1002) (4.15e-01 5.88e-01) XE:2.94e-01 (1.34e+00 1.33e+00 | 2.50e+00 2.53e+00)
6508(1009) (4.09e-01 5.88e-01) XE:2.94e-01 (1.38e+00 1.33e+00 | 2.51e+00 2.53e+00)
7164(991) (4.89e-01 5.89e-01) XE:2.94e-01 (1.34e+00 1.33e+00 | 2.49e+00 2.53e+00)
7820(997) (6.53e-01 5.90e-01) XE:2.95e-01 (1.34e+00 1.33e+00 | 2.47e+00 2.53e+00)
8476(1007) (7.09e-01 5.89e-01) XE:2.95e-01 (1.32e+00 1.33e+00 | 2.31e+00 2.53e+00)
9132(1008) (4.98e-01 5.89e-01) XE:2.95e-01 (1.35e+00 1.33e+00 | 2.57e+00 2.53e+00)
9787(999) (4.44e-01 5.89e-01) XE:2.94e-01 (1.33e+00 1.33e+00 | 2.58e+00 2.53e+00)
10000(993) (4.77e-01 5.89e-01) XE:2.94e-01 (1.31e+00 1.33e+00 | 2.62e+00 2.53e+00)
RL cnt: 0,5620357,1402494,352144,87190,22038,5465,1413,255,91,21,14,2,1,0,0,
BL cnt: 24017,0,207994,0,792097,0,1759027,0,2509475,0,2372049,0,1490615,0,599958,0,140115,0,14653,0,0,
[00] Th=9.500000e-01: 9.175097e-01 7.966945e-01 7.180900e-01 6.952804e-01 7.173834e-01 7.958373e-01 9.156768e-01 0.000000e+00 : 3.968909e-01
[01] Th=9.000000e-01: 1.132367e+00 1.009174e+00 9.603252e-01 9.466749e-01 9.594817e-01 1.007984e+00 1.130986e+00 0.000000e+00 : 5.104995e-01
[02] Th=8.500000e-01: 1.266312e+00 1.114586e+00 1.056527e+00 1.043446e+00 1.055936e+00 1.114129e+00 1.265732e+00 0.000000e+00 : 5.654765e-01
[03] Th=8.000000e-01: 1.315304e+00 1.165821e+00 1.103979e+00 1.088622e+00 1.102932e+00 1.164849e+00 1.314817e+00 0.000000e+00 : 5.897375e-01
[04] Th=7.500000e-01: 1.335684e+00 1.191061e+00 1.138614e+00 1.118577e+00 1.137590e+00 1.189116e+00 1.335271e+00 0.000000e+00 : 6.032795e-01
[05] Th=7.000000e-01: 1.346827e+00 1.221275e+00 1.156223e+00 1.143132e+00 1.155063e+00 1.219346e+00 1.346633e+00 0.000000e+00 : 6.134643e-01
[06] Th=6.500000e-01: 1.352757e+00 1.231417e+00 1.164604e+00 1.153982e+00 1.164291e+00 1.229811e+00 1.352173e+00 0.000000e+00 : 6.177882e-01
[07] Th=6.000000e-01: 1.352145e+00 1.233782e+00 1.167764e+00 1.156666e+00 1.167382e+00 1.232341e+00 1.351502e+00 0.000000e+00 : 6.186844e-01
[08] Th=5.500000e-01: 1.346247e+00 1.227205e+00 1.162719e+00 1.153111e+00 1.163407e+00 1.226836e+00 1.346502e+00 0.000000e+00 : 6.161448e-01
[09] Th=5.000000e-01: 1.331269e+00 1.217121e+00 1.153069e+00 1.142292e+00 1.152642e+00 1.216548e+00 1.332549e+00 0.000000e+00 : 6.103921e-01
[10] Th=4.500000e-01: 1.325867e+00 1.211081e+00 1.147082e+00 1.115606e+00 1.146955e+00 1.210924e+00 1.326988e+00 0.000000e+00 : 6.060361e-01
[11] Th=4.000000e-01: 1.324281e+00 1.208298e+00 1.143404e+00 1.110197e+00 1.143497e+00 1.208006e+00 1.325314e+00 0.000000e+00 : 6.044997e-01
[12] Th=3.500000e-01: 1.323187e+00 1.206841e+00 1.141159e+00 1.107066e+00 1.141190e+00 1.206471e+00 1.324420e+00 0.000000e+00 : 6.035952e-01
[13] Th=3.000000e-01: 1.322970e+00 1.206474e+00 1.140584e+00 1.106260e+00 1.140682e+00 1.206211e+00 1.324165e+00 0.000000e+00 : 6.033819e-01
[14] Th=2.500000e-01: 1.322966e+00 1.206440e+00 1.140553e+00 1.106185e+00 1.140626e+00 1.206187e+00 1.324154e+00 0.000000e+00 : 6.033652e-01
[15] Th=2.000000e-01: 1.322966e+00 1.206440e+00 1.140553e+00 1.106185e+00 1.140626e+00 1.206187e+00 1.324154e+00 0.000000e+00 : 6.033652e-01
[16] Th=1.500000e-01: 1.322966e+00 1.206440e+00 1.140553e+00 1.106185e+00 1.140626e+00 1.206187e+00 1.324154e+00 0.000000e+00 : 6.033652e-01
[17] Th=1.000000e-01: 1.322966e+00 1.206440e+00 1.140553e+00 1.106185e+00 1.140626e+00 1.206187e+00 1.324154e+00 0.000000e+00 : 6.033652e-01
[18] Th=5.000000e-02: 1.322966e+00 1.206440e+00 1.140553e+00 1.106185e+00 1.140626e+00 1.206187e+00 1.324154e+00 0.000000e+00 : 6.033652e-01
[19] Th=1.000000e-10: 1.322966e+00 1.206440e+00 1.140553e+00 1.106185e+00 1.140626e+00 1.206187e+00 1.324154e+00 0.000000e+00 : 6.033652e-01
# InnerCodebook: deleted
# NBIDSchannel: deleted
# Gtable: deleted
# FBalg4: deleted
# StatICB: deleted
