# (Pid,Ps)=(1.000000e-02,1.000000e-02) Nseg=1000 WinSize=10 [0]
# InnerCB: ICB/marker/8_1_0.bin
# Gtable:  Gtable/1/010_010.bin
# InnerCodebook: beta=1(4) nu=9
# InnerCodebook: B(B2p)=2(4) 2(4) 2(4) 2(4) 2(4) 2(4) 2(4) 2(4) 0(1) 
# InnerCodebook: checked CWM, EncMap, DecMap
# beta=1(4) nu=9 N=1000 Dmax=15
# B=2,2,2,2,2,2,2,2,0,
# NBIDSchannel: N=1000 Q=4 Dmax=15 (Pid,Ps)=(1.000000e-02,1.000000e-02)
# FBalg4: Nseg=1000 Dmax=15(w=31)
# FBalg4: Gtable: Gtable/1/010_010.bin
# Gtable: beta=1 (Pid,Ps,Ptrn)=(1.000000e-02,1.000000e-02,9.800000e-01) Pth=1.000000e-10
# Gtable: beta4p=4 beta4pp=16
# Gtable::Gtable len=0 cnt=4
# Gtable::Gtable len=1 cnt=16
# Gtable::Gtable len=2 cnt=64
# FBalg4: beta=1(4) (Pid,Ps)=(1.000000e-02,1.000000e-02) Pth=1.000000e-10 N=1000
# StatICB: nu=9 beta=1 beta4p=4 Bsum=16 HdThNum=20 HdThStep=5.00e-02
# StatICB: B=2,2,2,2,2,2,2,2,0,
# StatICB: HdThList 9.50e-01,9.00e-01,8.50e-01,8.00e-01,7.50e-01,7.00e-01,6.50e-01,6.00e-01,5.50e-01,5.00e-01,4.50e-01,4.00e-01,3.50e-01,3.00e-01,2.50e-01,2.00e-01,1.50e-01,1.00e-01,5.00e-02,1.00e-10,
2768(1001) (3.73e-01 3.12e-01) XE:1.56e-01 (1.36e+00 1.33e+00 | 2.61e+00 2.49e+00)
5628(1005) (3.39e-01 3.11e-01) XE:1.55e-01 (1.33e+00 1.33e+00 | 2.33e+00 2.49e+00)
8489(995) (2.35e-01 3.11e-01) XE:1.55e-01 (1.32e+00 1.33e+00 | 2.16e+00 2.49e+00)
10000(995) (2.85e-01 3.11e-01) XE:1.56e-01 (1.32e+00 1.33e+00 | 2.58e+00 2.49e+00)
RL cnt: 0,5616991,1404490,351246,87758,21927,5509,1372,333,65,22,6,3,0,0,0,
BL cnt: 21333,0,190042,0,741573,0,1685530,0,2466670,0,2408773,0,1566298,0,653685,0,158716,0,17380,0,0,
[00] Th=9.500000e-01: 1.527953e+00 1.475288e+00 1.455472e+00 1.443269e+00 1.442570e+00 1.453421e+00 1.473532e+00 1.522301e+00 0.000000e+00 : 7.371129e-01
[01] Th=9.000000e-01: 1.599811e+00 1.544340e+00 1.520683e+00 1.511308e+00 1.511065e+00 1.518712e+00 1.542545e+00 1.594941e+00 0.000000e+00 : 7.714628e-01
[02] Th=8.500000e-01: 1.648795e+00 1.574359e+00 1.543773e+00 1.531412e+00 1.530821e+00 1.541529e+00 1.572803e+00 1.644132e+00 0.000000e+00 : 7.867266e-01
[03] Th=8.000000e-01: 1.657251e+00 1.584723e+00 1.560264e+00 1.545136e+00 1.544668e+00 1.558621e+00 1.583266e+00 1.653110e+00 0.000000e+00 : 7.929400e-01
[04] Th=7.500000e-01: 1.661670e+00 1.597247e+00 1.566423e+00 1.553909e+00 1.554170e+00 1.565164e+00 1.595101e+00 1.658013e+00 0.000000e+00 : 7.969811e-01
[05] Th=7.000000e-01: 1.663554e+00 1.601475e+00 1.569719e+00 1.557941e+00 1.558675e+00 1.568219e+00 1.598734e+00 1.659808e+00 0.000000e+00 : 7.986328e-01
[06] Th=6.500000e-01: 1.660862e+00 1.599896e+00 1.567820e+00 1.556470e+00 1.556057e+00 1.565589e+00 1.597799e+00 1.656936e+00 0.000000e+00 : 7.975893e-01
[07] Th=6.000000e-01: 1.656870e+00 1.596838e+00 1.558485e+00 1.552784e+00 1.552405e+00 1.555550e+00 1.595194e+00 1.653221e+00 0.000000e+00 : 7.950842e-01
[08] Th=5.500000e-01: 1.650312e+00 1.584363e+00 1.552052e+00 1.545784e+00 1.545414e+00 1.549558e+00 1.582588e+00 1.646186e+00 0.000000e+00 : 7.910160e-01
[09] Th=5.000000e-01: 1.635065e+00 1.574842e+00 1.540597e+00 1.518960e+00 1.519677e+00 1.539005e+00 1.573394e+00 1.630853e+00 0.000000e+00 : 7.832744e-01
[10] Th=4.500000e-01: 1.631540e+00 1.571303e+00 1.535988e+00 1.511806e+00 1.512110e+00 1.534734e+00 1.569801e+00 1.627632e+00 0.000000e+00 : 7.809322e-01
[11] Th=4.000000e-01: 1.631028e+00 1.570566e+00 1.534949e+00 1.510551e+00 1.510685e+00 1.533648e+00 1.569125e+00 1.627105e+00 0.000000e+00 : 7.804786e-01
[12] Th=3.500000e-01: 1.630837e+00 1.570282e+00 1.534517e+00 1.509947e+00 1.510094e+00 1.533185e+00 1.568802e+00 1.626939e+00 0.000000e+00 : 7.802877e-01
[13] Th=3.000000e-01: 1.630807e+00 1.570227e+00 1.534412e+00 1.509859e+00 1.509942e+00 1.533073e+00 1.568757e+00 1.626882e+00 0.000000e+00 : 7.802474e-01
[14] Th=2.500000e-01: 1.630807e+00 1.570227e+00 1.534407e+00 1.509851e+00 1.509942e+00 1.533068e+00 1.568757e+00 1.626882e+00 0.000000e+00 : 7.802463e-01
[15] Th=2.000000e-01: 1.630807e+00 1.570227e+00 1.534407e+00 1.509851e+00 1.509942e+00 1.533068e+00 1.568757e+00 1.626882e+00 0.000000e+00 : 7.802463e-01
[16] Th=1.500000e-01: 1.630807e+00 1.570227e+00 1.534407e+00 1.509851e+00 1.509942e+00 1.533068e+00 1.568757e+00 1.626882e+00 0.000000e+00 : 7.802463e-01
[17] Th=1.000000e-01: 1.630807e+00 1.570227e+00 1.534407e+00 1.509851e+00 1.509942e+00 1.533068e+00 1.568757e+00 1.626882e+00 0.000000e+00 : 7.802463e-01
[18] Th=5.000000e-02: 1.630807e+00 1.570227e+00 1.534407e+00 1.509851e+00 1.509942e+00 1.533068e+00 1.568757e+00 1.626882e+00 0.000000e+00 : 7.802463e-01
[19] Th=1.000000e-10: 1.630807e+00 1.570227e+00 1.534407e+00 1.509851e+00 1.509942e+00 1.533068e+00 1.568757e+00 1.626882e+00 0.000000e+00 : 7.802463e-01
# InnerCodebook: deleted
# NBIDSchannel: deleted
# Gtable: deleted
# FBalg4: deleted
# StatICB: deleted
