# (Pid,Ps)=(1.500000e-02,1.000000e-03) Nseg=1000 WinSize=10 [0]
# InnerCB: ICB/marker/8_1_0.bin
# Gtable:  Gtable/1/015_001.bin
# InnerCodebook: beta=1(4) nu=9
# InnerCodebook: B(B2p)=2(4) 2(4) 2(4) 2(4) 2(4) 2(4) 2(4) 2(4) 0(1) 
# InnerCodebook: checked CWM, EncMap, DecMap
# beta=1(4) nu=9 N=1000 Dmax=20
# B=2,2,2,2,2,2,2,2,0,
# NBIDSchannel: N=1000 Q=4 Dmax=20 (Pid,Ps)=(1.500000e-02,1.000000e-03)
# FBalg4: Nseg=1000 Dmax=20(w=41)
# FBalg4: Gtable: Gtable/1/015_001.bin
# Gtable: beta=1 (Pid,Ps,Ptrn)=(1.500000e-02,1.000000e-03,9.700000e-01) Pth=1.000000e-10
# Gtable: beta4p=4 beta4pp=16
# Gtable::Gtable len=0 cnt=4
# Gtable::Gtable len=1 cnt=16
# Gtable::Gtable len=2 cnt=64
# FBalg4: beta=1(4) (Pid,Ps)=(1.500000e-02,1.000000e-03) Pth=1.000000e-10 N=1000
# StatICB: nu=9 beta=1 beta4p=4 Bsum=16 HdThNum=20 HdThStep=5.00e-02
# StatICB: B=2,2,2,2,2,2,2,2,0,
# StatICB: HdThList 9.50e-01,9.00e-01,8.50e-01,8.00e-01,7.50e-01,7.00e-01,6.50e-01,6.00e-01,5.50e-01,5.00e-01,4.50e-01,4.00e-01,3.50e-01,3.00e-01,2.50e-01,2.00e-01,1.50e-01,1.00e-01,5.00e-02,1.00e-10,
1716(995) (3.83e-01 3.38e-01) XE:1.69e-01 (1.32e+00 1.33e+00 | 2.36e+00 2.49e+00)
3533(994) (4.50e-01 3.36e-01) XE:1.68e-01 (1.31e+00 1.33e+00 | 2.51e+00 2.49e+00)
5353(1007) (3.44e-01 3.36e-01) XE:1.68e-01 (1.31e+00 1.33e+00 | 2.45e+00 2.49e+00)
7175(994) (2.25e-01 3.35e-01) XE:1.68e-01 (1.35e+00 1.33e+00 | 2.44e+00 2.49e+00)
8995(1002) (2.41e-01 3.36e-01) XE:1.68e-01 (1.32e+00 1.33e+00 | 2.46e+00 2.49e+00)
10000(1005) (3.35e-01 3.36e-01) XE:1.68e-01 (1.35e+00 1.33e+00 | 2.38e+00 2.49e+00)
RL cnt: 0,5619290,1403717,350936,87693,22071,5465,1366,348,65,15,8,2,1,0,0,
BL cnt: 21500,0,189453,0,740360,0,1684690,0,2466274,0,2407976,0,1567165,0,655409,0,160004,0,17169,0,0,
[00] Th=9.500000e-01: 1.441791e+00 1.356375e+00 1.325116e+00 1.313130e+00 1.312942e+00 1.324876e+00 1.354930e+00 1.435640e+00 0.000000e+00 : 6.790499e-01
[01] Th=9.000000e-01: 1.550963e+00 1.463466e+00 1.425807e+00 1.410105e+00 1.409101e+00 1.426000e+00 1.461988e+00 1.545183e+00 0.000000e+00 : 7.307883e-01
[02] Th=8.500000e-01: 1.617082e+00 1.505570e+00 1.458671e+00 1.438349e+00 1.437695e+00 1.458419e+00 1.504214e+00 1.612679e+00 0.000000e+00 : 7.520424e-01
[03] Th=8.000000e-01: 1.627575e+00 1.517555e+00 1.480413e+00 1.455191e+00 1.454550e+00 1.480264e+00 1.515652e+00 1.622824e+00 0.000000e+00 : 7.596265e-01
[04] Th=7.500000e-01: 1.632790e+00 1.535954e+00 1.489233e+00 1.468453e+00 1.468374e+00 1.489458e+00 1.534662e+00 1.628530e+00 0.000000e+00 : 7.654659e-01
[05] Th=7.000000e-01: 1.635211e+00 1.542612e+00 1.493981e+00 1.473943e+00 1.473825e+00 1.493948e+00 1.540233e+00 1.631115e+00 0.000000e+00 : 7.678042e-01
[06] Th=6.500000e-01: 1.631717e+00 1.541530e+00 1.491448e+00 1.473855e+00 1.473769e+00 1.491657e+00 1.540183e+00 1.628529e+00 0.000000e+00 : 7.670430e-01
[07] Th=6.000000e-01: 1.627000e+00 1.538069e+00 1.482846e+00 1.470814e+00 1.470800e+00 1.483272e+00 1.536842e+00 1.623318e+00 0.000000e+00 : 7.645600e-01
[08] Th=5.500000e-01: 1.620461e+00 1.524486e+00 1.476622e+00 1.463842e+00 1.463113e+00 1.476577e+00 1.522762e+00 1.615924e+00 0.000000e+00 : 7.602367e-01
[09] Th=5.000000e-01: 1.600493e+00 1.513161e+00 1.464765e+00 1.430624e+00 1.429273e+00 1.464185e+00 1.511428e+00 1.596735e+00 0.000000e+00 : 7.506665e-01
[10] Th=4.500000e-01: 1.597748e+00 1.509579e+00 1.460465e+00 1.423848e+00 1.422803e+00 1.459991e+00 1.507682e+00 1.594362e+00 0.000000e+00 : 7.485299e-01
[11] Th=4.000000e-01: 1.597440e+00 1.508774e+00 1.458683e+00 1.421744e+00 1.420746e+00 1.458160e+00 1.506820e+00 1.593975e+00 0.000000e+00 : 7.478963e-01
[12] Th=3.500000e-01: 1.597199e+00 1.508289e+00 1.458081e+00 1.420516e+00 1.419588e+00 1.457440e+00 1.506433e+00 1.593822e+00 0.000000e+00 : 7.475856e-01
[13] Th=3.000000e-01: 1.597176e+00 1.508222e+00 1.457992e+00 1.420275e+00 1.419353e+00 1.457310e+00 1.506378e+00 1.593778e+00 0.000000e+00 : 7.475302e-01
[14] Th=2.500000e-01: 1.597171e+00 1.508222e+00 1.457982e+00 1.420263e+00 1.419338e+00 1.457294e+00 1.506375e+00 1.593778e+00 0.000000e+00 : 7.475265e-01
[15] Th=2.000000e-01: 1.597171e+00 1.508222e+00 1.457982e+00 1.420263e+00 1.419338e+00 1.457294e+00 1.506375e+00 1.593778e+00 0.000000e+00 : 7.475265e-01
[16] Th=1.500000e-01: 1.597171e+00 1.508222e+00 1.457982e+00 1.420263e+00 1.419338e+00 1.457294e+00 1.506375e+00 1.593778e+00 0.000000e+00 : 7.475265e-01
[17] Th=1.000000e-01: 1.597171e+00 1.508222e+00 1.457982e+00 1.420263e+00 1.419338e+00 1.457294e+00 1.506375e+00 1.593778e+00 0.000000e+00 : 7.475265e-01
[18] Th=5.000000e-02: 1.597171e+00 1.508222e+00 1.457982e+00 1.420263e+00 1.419338e+00 1.457294e+00 1.506375e+00 1.593778e+00 0.000000e+00 : 7.475265e-01
[19] Th=1.000000e-10: 1.597171e+00 1.508222e+00 1.457982e+00 1.420263e+00 1.419338e+00 1.457294e+00 1.506375e+00 1.593778e+00 0.000000e+00 : 7.475265e-01
# InnerCodebook: deleted
# NBIDSchannel: deleted
# Gtable: deleted
# FBalg4: deleted
# StatICB: deleted
