# (Pid,Ps)=(2.000000e-02,1.000000e-03) Nseg=1000 WinSize=10 [0]
# InnerCB: ICB/marker/8_1_0.bin
# Gtable:  Gtable/1/020_001.bin
# InnerCodebook: beta=1(4) nu=9
# InnerCodebook: B(B2p)=2(4) 2(4) 2(4) 2(4) 2(4) 2(4) 2(4) 2(4) 0(1) 
# InnerCodebook: checked CWM, EncMap, DecMap
# beta=1(4) nu=9 N=1000 Dmax=25
# B=2,2,2,2,2,2,2,2,0,
# NBIDSchannel: N=1000 Q=4 Dmax=25 (Pid,Ps)=(2.000000e-02,1.000000e-03)
# FBalg4: Nseg=1000 Dmax=25(w=51)
# FBalg4: Gtable: Gtable/1/020_001.bin
# Gtable: beta=1 (Pid,Ps,Ptrn)=(2.000000e-02,1.000000e-03,9.600000e-01) Pth=1.000000e-10
# Gtable: beta4p=4 beta4pp=16
# Gtable::Gtable len=0 cnt=4
# Gtable::Gtable len=1 cnt=16
# Gtable::Gtable len=2 cnt=64
# FBalg4: beta=1(4) (Pid,Ps)=(2.000000e-02,1.000000e-03) Pth=1.000000e-10 N=1000
# StatICB: nu=9 beta=1 beta4p=4 Bsum=16 HdThNum=20 HdThStep=5.00e-02
# StatICB: B=2,2,2,2,2,2,2,2,0,
# StatICB: HdThList 9.50e-01,9.00e-01,8.50e-01,8.00e-01,7.50e-01,7.00e-01,6.50e-01,6.00e-01,5.50e-01,5.00e-01,4.50e-01,4.00e-01,3.50e-01,3.00e-01,2.50e-01,2.00e-01,1.50e-01,1.00e-01,5.00e-02,1.00e-10,
1235(1001) (3.50e-01 4.40e-01) XE:2.20e-01 (1.35e+00 1.33e+00 | 2.57e+00 2.48e+00)
2482(992) (3.85e-01 4.39e-01) XE:2.19e-01 (1.37e+00 1.33e+00 | 2.63e+00 2.49e+00)
3728(1002) (4.56e-01 4.37e-01) XE:2.18e-01 (1.32e+00 1.33e+00 | 2.16e+00 2.49e+00)
4974(993) (2.86e-01 4.35e-01) XE:2.18e-01 (1.34e+00 1.33e+00 | 2.45e+00 2.49e+00)
6219(1001) (4.10e-01 4.35e-01) XE:2.18e-01 (1.37e+00 1.33e+00 | 2.68e+00 2.49e+00)
7465(986) (4.76e-01 4.35e-01) XE:2.18e-01 (1.31e+00 1.33e+00 | 2.32e+00 2.49e+00)
8712(995) (5.40e-01 4.35e-01) XE:2.18e-01 (1.35e+00 1.33e+00 | 2.94e+00 2.49e+00)
9961(997) (4.79e-01 4.35e-01) XE:2.18e-01 (1.32e+00 1.33e+00 | 2.65e+00 2.49e+00)
10000(1006) (4.42e-01 4.35e-01) XE:2.18e-01 (1.33e+00 1.33e+00 | 2.50e+00 2.49e+00)
RL cnt: 0,5620363,1403664,351300,87432,21734,5620,1327,358,56,22,10,1,1,0,0,
BL cnt: 21367,0,186834,0,738278,0,1684355,0,2470491,0,2410410,0,1568608,0,653395,0,158862,0,17400,0,0,
[00] Th=9.500000e-01: 1.225548e+00 1.123760e+00 1.078376e+00 1.055419e+00 1.054778e+00 1.076257e+00 1.123976e+00 1.217618e+00 0.000000e+00 : 5.597333e-01
[01] Th=9.000000e-01: 1.400952e+00 1.288600e+00 1.244296e+00 1.224647e+00 1.223990e+00 1.241475e+00 1.289476e+00 1.395404e+00 0.000000e+00 : 6.443025e-01
[02] Th=8.500000e-01: 1.496830e+00 1.357852e+00 1.300593e+00 1.274827e+00 1.274873e+00 1.298705e+00 1.358861e+00 1.492988e+00 0.000000e+00 : 6.784706e-01
[03] Th=8.000000e-01: 1.516286e+00 1.381427e+00 1.333596e+00 1.303512e+00 1.302693e+00 1.332320e+00 1.381641e+00 1.513124e+00 0.000000e+00 : 6.915374e-01
[04] Th=7.500000e-01: 1.525174e+00 1.408745e+00 1.349143e+00 1.322488e+00 1.322468e+00 1.347853e+00 1.408935e+00 1.522492e+00 0.000000e+00 : 7.004561e-01
[05] Th=7.000000e-01: 1.529764e+00 1.420369e+00 1.358993e+00 1.334520e+00 1.334809e+00 1.357665e+00 1.420868e+00 1.527573e+00 0.000000e+00 : 7.052850e-01
[06] Th=6.500000e-01: 1.529052e+00 1.422943e+00 1.360495e+00 1.339336e+00 1.338676e+00 1.359222e+00 1.423167e+00 1.526856e+00 0.000000e+00 : 7.062343e-01
[07] Th=6.000000e-01: 1.525333e+00 1.421205e+00 1.357897e+00 1.338387e+00 1.337120e+00 1.357190e+00 1.421313e+00 1.523693e+00 0.000000e+00 : 7.051336e-01
[08] Th=5.500000e-01: 1.518545e+00 1.409914e+00 1.351924e+00 1.331818e+00 1.330730e+00 1.351613e+00 1.409950e+00 1.516615e+00 0.000000e+00 : 7.013193e-01
[09] Th=5.000000e-01: 1.500293e+00 1.398280e+00 1.340121e+00 1.303109e+00 1.301198e+00 1.339621e+00 1.398248e+00 1.498316e+00 0.000000e+00 : 6.924492e-01
[10] Th=4.500000e-01: 1.496984e+00 1.393999e+00 1.335695e+00 1.295174e+00 1.293856e+00 1.335018e+00 1.393972e+00 1.495073e+00 0.000000e+00 : 6.899857e-01
[11] Th=4.000000e-01: 1.496304e+00 1.392597e+00 1.333166e+00 1.292057e+00 1.290799e+00 1.332389e+00 1.392668e+00 1.494569e+00 0.000000e+00 : 6.890344e-01
[12] Th=3.500000e-01: 1.495946e+00 1.391800e+00 1.332163e+00 1.290377e+00 1.289177e+00 1.331478e+00 1.392007e+00 1.494244e+00 0.000000e+00 : 6.885744e-01
[13] Th=3.000000e-01: 1.495877e+00 1.391720e+00 1.332035e+00 1.290041e+00 1.288814e+00 1.331285e+00 1.391900e+00 1.494164e+00 0.000000e+00 : 6.884897e-01
[14] Th=2.500000e-01: 1.495868e+00 1.391706e+00 1.332019e+00 1.290027e+00 1.288779e+00 1.331268e+00 1.391893e+00 1.494160e+00 0.000000e+00 : 6.884825e-01
[15] Th=2.000000e-01: 1.495868e+00 1.391706e+00 1.332019e+00 1.290027e+00 1.288779e+00 1.331268e+00 1.391893e+00 1.494160e+00 0.000000e+00 : 6.884825e-01
[16] Th=1.500000e-01: 1.495868e+00 1.391706e+00 1.332019e+00 1.290027e+00 1.288779e+00 1.331268e+00 1.391893e+00 1.494160e+00 0.000000e+00 : 6.884825e-01
[17] Th=1.000000e-01: 1.495868e+00 1.391706e+00 1.332019e+00 1.290027e+00 1.288779e+00 1.331268e+00 1.391893e+00 1.494160e+00 0.000000e+00 : 6.884825e-01
[18] Th=5.000000e-02: 1.495868e+00 1.391706e+00 1.332019e+00 1.290027e+00 1.288779e+00 1.331268e+00 1.391893e+00 1.494160e+00 0.000000e+00 : 6.884825e-01
[19] Th=1.000000e-10: 1.495868e+00 1.391706e+00 1.332019e+00 1.290027e+00 1.288779e+00 1.331268e+00 1.391893e+00 1.494160e+00 0.000000e+00 : 6.884825e-01
# InnerCodebook: deleted
# NBIDSchannel: deleted
# Gtable: deleted
# FBalg4: deleted
# StatICB: deleted
