# (Pid,Ps)=(2.500000e-02,1.000000e-02) Nseg=1000 WinSize=10 [0]
# InnerCB: ICB/marker/8_1_0.bin
# Gtable:  Gtable/1/025_010.bin
# InnerCodebook: beta=1(4) nu=9
# InnerCodebook: B(B2p)=2(4) 2(4) 2(4) 2(4) 2(4) 2(4) 2(4) 2(4) 0(1) 
# InnerCodebook: checked CWM, EncMap, DecMap
# beta=1(4) nu=9 N=1000 Dmax=30
# B=2,2,2,2,2,2,2,2,0,
# NBIDSchannel: N=1000 Q=4 Dmax=30 (Pid,Ps)=(2.500000e-02,1.000000e-02)
# FBalg4: Nseg=1000 Dmax=30(w=61)
# FBalg4: Gtable: Gtable/1/025_010.bin
# Gtable: beta=1 (Pid,Ps,Ptrn)=(2.500000e-02,1.000000e-02,9.500000e-01) Pth=1.000000e-10
# Gtable: beta4p=4 beta4pp=16
# Gtable::Gtable len=0 cnt=4
# Gtable::Gtable len=1 cnt=16
# Gtable::Gtable len=2 cnt=64
# FBalg4: beta=1(4) (Pid,Ps)=(2.500000e-02,1.000000e-02) Pth=1.000000e-10 N=1000
# StatICB: nu=9 beta=1 beta4p=4 Bsum=16 HdThNum=20 HdThStep=5.00e-02
# StatICB: B=2,2,2,2,2,2,2,2,0,
# StatICB: HdThList 9.50e-01,9.00e-01,8.50e-01,8.00e-01,7.50e-01,7.00e-01,6.50e-01,6.00e-01,5.50e-01,5.00e-01,4.50e-01,4.00e-01,3.50e-01,3.00e-01,2.50e-01,2.00e-01,1.50e-01,1.00e-01,5.00e-02,1.00e-10,
0838(988) (7.75e-01 6.05e-01) XE:3.02e-01 (1.33e+00 1.33e+00 | 2.36e+00 2.49e+00)
1712(996) (5.93e-01 6.02e-01) XE:3.01e-01 (1.28e+00 1.33e+00 | 2.32e+00 2.49e+00)
2588(991) (7.17e-01 6.04e-01) XE:3.02e-01 (1.32e+00 1.33e+00 | 2.51e+00 2.49e+00)
3464(999) (5.64e-01 6.02e-01) XE:3.01e-01 (1.37e+00 1.33e+00 | 2.43e+00 2.49e+00)
4339(998) (6.34e-01 6.03e-01) XE:3.01e-01 (1.38e+00 1.33e+00 | 2.53e+00 2.49e+00)
5214(993) (6.64e-01 6.03e-01) XE:3.02e-01 (1.33e+00 1.33e+00 | 2.58e+00 2.49e+00)
6088(995) (6.53e-01 6.03e-01) XE:3.01e-01 (1.38e+00 1.33e+00 | 2.61e+00 2.49e+00)
6964(992) (7.99e-01 6.04e-01) XE:3.02e-01 (1.36e+00 1.33e+00 | 2.34e+00 2.49e+00)
7838(995) (6.26e-01 6.04e-01) XE:3.02e-01 (1.31e+00 1.33e+00 | 2.36e+00 2.49e+00)
8714(1004) (7.11e-01 6.04e-01) XE:3.02e-01 (1.32e+00 1.33e+00 | 2.64e+00 2.49e+00)
9591(1012) (6.95e-01 6.03e-01) XE:3.02e-01 (1.34e+00 1.33e+00 | 2.56e+00 2.49e+00)
10000(1001) (6.38e-01 6.03e-01) XE:3.02e-01 (1.32e+00 1.33e+00 | 2.31e+00 2.49e+00)
RL cnt: 0,5620673,1403528,351217,87643,21787,5390,1373,369,48,31,6,2,2,0,0,
BL cnt: 21350,0,188444,0,738267,0,1687501,0,2470853,0,2408284,0,1564185,0,654582,0,159479,0,17055,0,0,
[00] Th=9.500000e-01: 8.888470e-01 7.755506e-01 6.925277e-01 6.462359e-01 6.437782e-01 6.917047e-01 7.723614e-01 8.800348e-01 0.000000e+00 : 3.744400e-01
[01] Th=9.000000e-01: 1.136644e+00 1.016268e+00 9.676832e-01 9.455895e-01 9.436893e-01 9.676817e-01 1.014304e+00 1.129828e+00 0.000000e+00 : 5.076055e-01
[02] Th=8.500000e-01: 1.273589e+00 1.129527e+00 1.067765e+00 1.044454e+00 1.042691e+00 1.068870e+00 1.127773e+00 1.267936e+00 0.000000e+00 : 5.639128e-01
[03] Th=8.000000e-01: 1.321419e+00 1.178675e+00 1.118310e+00 1.091562e+00 1.089250e+00 1.120240e+00 1.177073e+00 1.316810e+00 0.000000e+00 : 5.883338e-01
[04] Th=7.500000e-01: 1.341042e+00 1.214108e+00 1.149484e+00 1.120432e+00 1.118277e+00 1.151450e+00 1.213309e+00 1.337664e+00 0.000000e+00 : 6.028604e-01
[05] Th=7.000000e-01: 1.351379e+00 1.238155e+00 1.165773e+00 1.142653e+00 1.140258e+00 1.168402e+00 1.236323e+00 1.348746e+00 0.000000e+00 : 6.119806e-01
[06] Th=6.500000e-01: 1.356018e+00 1.247041e+00 1.174373e+00 1.154967e+00 1.153007e+00 1.177024e+00 1.245409e+00 1.353240e+00 0.000000e+00 : 6.163174e-01
[07] Th=6.000000e-01: 1.355302e+00 1.248579e+00 1.182467e+00 1.157677e+00 1.155910e+00 1.184075e+00 1.246390e+00 1.352630e+00 0.000000e+00 : 6.176894e-01
[08] Th=5.500000e-01: 1.349942e+00 1.242205e+00 1.179437e+00 1.153910e+00 1.152460e+00 1.181380e+00 1.241465e+00 1.347967e+00 0.000000e+00 : 6.155479e-01
[09] Th=5.000000e-01: 1.336603e+00 1.232607e+00 1.170353e+00 1.136784e+00 1.133837e+00 1.173154e+00 1.232821e+00 1.335225e+00 0.000000e+00 : 6.094615e-01
[10] Th=4.500000e-01: 1.330885e+00 1.226916e+00 1.164272e+00 1.127235e+00 1.124257e+00 1.167098e+00 1.227154e+00 1.329737e+00 0.000000e+00 : 6.060970e-01
[11] Th=4.000000e-01: 1.329509e+00 1.224786e+00 1.160772e+00 1.123679e+00 1.120135e+00 1.163747e+00 1.224865e+00 1.328532e+00 0.000000e+00 : 6.047515e-01
[12] Th=3.500000e-01: 1.328786e+00 1.223412e+00 1.159292e+00 1.121090e+00 1.117718e+00 1.162031e+00 1.223693e+00 1.327701e+00 0.000000e+00 : 6.039828e-01
[13] Th=3.000000e-01: 1.328612e+00 1.223141e+00 1.158908e+00 1.120466e+00 1.117038e+00 1.161606e+00 1.223464e+00 1.327595e+00 0.000000e+00 : 6.038019e-01
[14] Th=2.500000e-01: 1.328602e+00 1.223122e+00 1.158882e+00 1.120431e+00 1.117006e+00 1.161574e+00 1.223455e+00 1.327588e+00 0.000000e+00 : 6.037913e-01
[15] Th=2.000000e-01: 1.328602e+00 1.223122e+00 1.158882e+00 1.120431e+00 1.117006e+00 1.161574e+00 1.223455e+00 1.327588e+00 0.000000e+00 : 6.037913e-01
[16] Th=1.500000e-01: 1.328602e+00 1.223122e+00 1.158882e+00 1.120431e+00 1.117006e+00 1.161574e+00 1.223455e+00 1.327588e+00 0.000000e+00 : 6.037913e-01
[17] Th=1.000000e-01: 1.328602e+00 1.223122e+00 1.158882e+00 1.120431e+00 1.117006e+00 1.161574e+00 1.223455e+00 1.327588e+00 0.000000e+00 : 6.037913e-01
[18] Th=5.000000e-02: 1.328602e+00 1.223122e+00 1.158882e+00 1.120431e+00 1.117006e+00 1.161574e+00 1.223455e+00 1.327588e+00 0.000000e+00 : 6.037913e-01
[19] Th=1.000000e-10: 1.328602e+00 1.223122e+00 1.158882e+00 1.120431e+00 1.117006e+00 1.161574e+00 1.223455e+00 1.327588e+00 0.000000e+00 : 6.037913e-01
# InnerCodebook: deleted
# NBIDSchannel: deleted
# Gtable: deleted
# FBalg4: deleted
# StatICB: deleted
