# (Pid,Ps)=(2.500000e-02,1.000000e-03) Nseg=1000 WinSize=10 [0]
# InnerCB: ICB/marker/8_1_0.bin
# Gtable:  Gtable/1/025_001.bin
# InnerCodebook: beta=1(4) nu=9
# InnerCodebook: B(B2p)=2(4) 2(4) 2(4) 2(4) 2(4) 2(4) 2(4) 2(4) 0(1) 
# InnerCodebook: checked CWM, EncMap, DecMap
# beta=1(4) nu=9 N=1000 Dmax=30
# B=2,2,2,2,2,2,2,2,0,
# NBIDSchannel: N=1000 Q=4 Dmax=30 (Pid,Ps)=(2.500000e-02,1.000000e-03)
# FBalg4: Nseg=1000 Dmax=30(w=61)
# FBalg4: Gtable: Gtable/1/025_001.bin
# Gtable: beta=1 (Pid,Ps,Ptrn)=(2.500000e-02,1.000000e-03,9.500000e-01) Pth=1.000000e-10
# Gtable: beta4p=4 beta4pp=16
# Gtable::Gtable len=0 cnt=4
# Gtable::Gtable len=1 cnt=16
# Gtable::Gtable len=2 cnt=64
# FBalg4: beta=1(4) (Pid,Ps)=(2.500000e-02,1.000000e-03) Pth=1.000000e-10 N=1000
# StatICB: nu=9 beta=1 beta4p=4 Bsum=16 HdThNum=20 HdThStep=5.00e-02
# StatICB: B=2,2,2,2,2,2,2,2,0,
# StatICB: HdThList 9.50e-01,9.00e-01,8.50e-01,8.00e-01,7.50e-01,7.00e-01,6.50e-01,6.00e-01,5.50e-01,5.00e-01,4.50e-01,4.00e-01,3.50e-01,3.00e-01,2.50e-01,2.00e-01,1.50e-01,1.00e-01,5.00e-02,1.00e-10,
0846(997) (5.36e-01 5.24e-01) XE:2.62e-01 (1.34e+00 1.33e+00 | 2.57e+00 2.49e+00)
1723(1000) (4.45e-01 5.26e-01) XE:2.63e-01 (1.31e+00 1.33e+00 | 2.58e+00 2.49e+00)
2599(1001) (3.69e-01 5.29e-01) XE:2.64e-01 (1.34e+00 1.33e+00 | 2.51e+00 2.49e+00)
3476(1015) (5.44e-01 5.29e-01) XE:2.64e-01 (1.35e+00 1.33e+00 | 2.54e+00 2.49e+00)
4351(1004) (5.73e-01 5.30e-01) XE:2.65e-01 (1.38e+00 1.33e+00 | 2.73e+00 2.49e+00)
5224(996) (5.92e-01 5.31e-01) XE:2.66e-01 (1.34e+00 1.33e+00 | 2.56e+00 2.49e+00)
6100(994) (4.88e-01 5.31e-01) XE:2.66e-01 (1.32e+00 1.33e+00 | 2.44e+00 2.49e+00)
6975(1005) (6.32e-01 5.31e-01) XE:2.66e-01 (1.30e+00 1.33e+00 | 2.28e+00 2.49e+00)
7851(1001) (5.07e-01 5.31e-01) XE:2.66e-01 (1.35e+00 1.33e+00 | 2.58e+00 2.49e+00)
8727(995) (5.08e-01 5.32e-01) XE:2.66e-01 (1.34e+00 1.33e+00 | 2.31e+00 2.49e+00)
9603(1004) (3.63e-01 5.31e-01) XE:2.66e-01 (1.35e+00 1.33e+00 | 2.45e+00 2.49e+00)
10000(988) (5.58e-01 5.31e-01) XE:2.66e-01 (1.34e+00 1.33e+00 | 2.51e+00 2.49e+00)
RL cnt: 0,5622521,1405051,349267,87672,21806,5618,1350,325,62,16,7,3,0,1,0,
BL cnt: 21423,0,188107,0,740848,0,1684524,0,2469516,0,2409007,0,1566460,0,653231,0,159476,0,17408,0,0,
[00] Th=9.500000e-01: 1.042394e+00 9.148499e-01 8.395579e-01 7.957150e-01 7.951975e-01 8.388559e-01 9.138821e-01 1.033315e+00 0.000000e+00 : 4.483605e-01
[01] Th=9.000000e-01: 1.242331e+00 1.115804e+00 1.060688e+00 1.040973e+00 1.040675e+00 1.061748e+00 1.114681e+00 1.234566e+00 0.000000e+00 : 5.569666e-01
[02] Th=8.500000e-01: 1.372626e+00 1.211947e+00 1.143760e+00 1.117984e+00 1.117863e+00 1.144322e+00 1.211118e+00 1.366465e+00 0.000000e+00 : 6.053803e-01
[03] Th=8.000000e-01: 1.405233e+00 1.250002e+00 1.189171e+00 1.158537e+00 1.158128e+00 1.190224e+00 1.248864e+00 1.399293e+00 0.000000e+00 : 6.249658e-01
[04] Th=7.500000e-01: 1.419438e+00 1.286465e+00 1.213427e+00 1.184411e+00 1.183826e+00 1.214765e+00 1.285771e+00 1.414773e+00 0.000000e+00 : 6.376797e-01
[05] Th=7.000000e-01: 1.427563e+00 1.303687e+00 1.226986e+00 1.201713e+00 1.201686e+00 1.228902e+00 1.303589e+00 1.423795e+00 0.000000e+00 : 6.448701e-01
[06] Th=6.500000e-01: 1.430037e+00 1.309550e+00 1.232763e+00 1.212513e+00 1.211813e+00 1.234796e+00 1.310245e+00 1.425939e+00 0.000000e+00 : 6.479786e-01
[07] Th=6.000000e-01: 1.427661e+00 1.309069e+00 1.237558e+00 1.213179e+00 1.213112e+00 1.239710e+00 1.309905e+00 1.424176e+00 0.000000e+00 : 6.483981e-01
[08] Th=5.500000e-01: 1.421354e+00 1.300473e+00 1.233657e+00 1.208935e+00 1.208262e+00 1.236469e+00 1.302490e+00 1.418296e+00 0.000000e+00 : 6.456210e-01
[09] Th=5.000000e-01: 1.405680e+00 1.289838e+00 1.222896e+00 1.186156e+00 1.185531e+00 1.225926e+00 1.291131e+00 1.401564e+00 0.000000e+00 : 6.380451e-01
[10] Th=4.500000e-01: 1.400832e+00 1.285034e+00 1.217691e+00 1.178118e+00 1.177359e+00 1.220545e+00 1.286151e+00 1.397498e+00 0.000000e+00 : 6.352017e-01
[11] Th=4.000000e-01: 1.399883e+00 1.283214e+00 1.214703e+00 1.174243e+00 1.173711e+00 1.217237e+00 1.284142e+00 1.396386e+00 0.000000e+00 : 6.339700e-01
[12] Th=3.500000e-01: 1.399339e+00 1.282238e+00 1.213153e+00 1.172042e+00 1.171444e+00 1.215842e+00 1.283083e+00 1.395705e+00 0.000000e+00 : 6.333029e-01
[13] Th=3.000000e-01: 1.399255e+00 1.282034e+00 1.212856e+00 1.171509e+00 1.170902e+00 1.215498e+00 1.282846e+00 1.395596e+00 0.000000e+00 : 6.331561e-01
[14] Th=2.500000e-01: 1.399240e+00 1.282026e+00 1.212838e+00 1.171471e+00 1.170863e+00 1.215461e+00 1.282840e+00 1.395583e+00 0.000000e+00 : 6.331451e-01
[15] Th=2.000000e-01: 1.399240e+00 1.282026e+00 1.212838e+00 1.171471e+00 1.170863e+00 1.215461e+00 1.282840e+00 1.395583e+00 0.000000e+00 : 6.331451e-01
[16] Th=1.500000e-01: 1.399240e+00 1.282026e+00 1.212838e+00 1.171471e+00 1.170863e+00 1.215461e+00 1.282840e+00 1.395583e+00 0.000000e+00 : 6.331451e-01
[17] Th=1.000000e-01: 1.399240e+00 1.282026e+00 1.212838e+00 1.171471e+00 1.170863e+00 1.215461e+00 1.282840e+00 1.395583e+00 0.000000e+00 : 6.331451e-01
[18] Th=5.000000e-02: 1.399240e+00 1.282026e+00 1.212838e+00 1.171471e+00 1.170863e+00 1.215461e+00 1.282840e+00 1.395583e+00 0.000000e+00 : 6.331451e-01
[19] Th=1.000000e-10: 1.399240e+00 1.282026e+00 1.212838e+00 1.171471e+00 1.170863e+00 1.215461e+00 1.282840e+00 1.395583e+00 0.000000e+00 : 6.331451e-01
# InnerCodebook: deleted
# NBIDSchannel: deleted
# Gtable: deleted
# FBalg4: deleted
# StatICB: deleted
