# (Pid,Ps)=(4.000000e-02,1.000000e-02) Nseg=1000 WinSize=10 [0]
# InnerCB: ICB/marker/8_1_0.bin
# Gtable:  Gtable/1/040_010.bin
# InnerCodebook: beta=1(4) nu=9
# InnerCodebook: B(B2p)=2(4) 2(4) 2(4) 2(4) 2(4) 2(4) 2(4) 2(4) 0(1) 
# InnerCodebook: checked CWM, EncMap, DecMap
# beta=1(4) nu=9 N=1000 Dmax=45
# B=2,2,2,2,2,2,2,2,0,
# NBIDSchannel: N=1000 Q=4 Dmax=45 (Pid,Ps)=(4.000000e-02,1.000000e-02)
# FBalg4: Nseg=1000 Dmax=45(w=91)
# FBalg4: Gtable: Gtable/1/040_010.bin
# Gtable: beta=1 (Pid,Ps,Ptrn)=(4.000000e-02,1.000000e-02,9.200000e-01) Pth=1.000000e-10
# Gtable: beta4p=4 beta4pp=16
# Gtable::Gtable len=0 cnt=4
# Gtable::Gtable len=1 cnt=16
# Gtable::Gtable len=2 cnt=64
# FBalg4: beta=1(4) (Pid,Ps)=(4.000000e-02,1.000000e-02) Pth=1.000000e-10 N=1000
# StatICB: nu=9 beta=1 beta4p=4 Bsum=16 HdThNum=20 HdThStep=5.00e-02
# StatICB: B=2,2,2,2,2,2,2,2,0,
# StatICB: HdThList 9.50e-01,9.00e-01,8.50e-01,8.00e-01,7.50e-01,7.00e-01,6.50e-01,6.00e-01,5.50e-01,5.00e-01,4.50e-01,4.00e-01,3.50e-01,3.00e-01,2.50e-01,2.00e-01,1.50e-01,1.00e-01,5.00e-02,1.00e-10,
0370(1003) (8.56e-01 8.78e-01) XE:4.39e-01 (1.34e+00 1.33e+00 | 2.24e+00 2.50e+00)
0767(1001) (7.27e-01 8.79e-01) XE:4.39e-01 (1.32e+00 1.33e+00 | 2.52e+00 2.49e+00)
1165(1013) (7.72e-01 8.79e-01) XE:4.39e-01 (1.30e+00 1.33e+00 | 2.48e+00 2.49e+00)
1564(1001) (9.13e-01 8.79e-01) XE:4.40e-01 (1.31e+00 1.33e+00 | 2.34e+00 2.49e+00)
1962(996) (8.42e-01 8.75e-01) XE:4.38e-01 (1.32e+00 1.33e+00 | 2.51e+00 2.49e+00)
2360(982) (8.29e-01 8.75e-01) XE:4.37e-01 (1.36e+00 1.33e+00 | 2.72e+00 2.49e+00)
2758(1007) (8.41e-01 8.75e-01) XE:4.37e-01 (1.34e+00 1.33e+00 | 2.50e+00 2.49e+00)
3156(1003) (7.18e-01 8.73e-01) XE:4.37e-01 (1.33e+00 1.33e+00 | 2.47e+00 2.49e+00)
3555(999) (7.90e-01 8.73e-01) XE:4.37e-01 (1.31e+00 1.33e+00 | 2.46e+00 2.49e+00)
3953(1007) (7.69e-01 8.72e-01) XE:4.36e-01 (1.32e+00 1.33e+00 | 2.54e+00 2.49e+00)
4351(1009) (8.66e-01 8.72e-01) XE:4.36e-01 (1.28e+00 1.33e+00 | 2.42e+00 2.49e+00)
4748(1002) (8.98e-01 8.72e-01) XE:4.36e-01 (1.36e+00 1.33e+00 | 2.53e+00 2.49e+00)
5146(1000) (8.25e-01 8.72e-01) XE:4.36e-01 (1.28e+00 1.33e+00 | 2.51e+00 2.49e+00)
5544(1005) (9.12e-01 8.71e-01) XE:4.36e-01 (1.34e+00 1.33e+00 | 2.49e+00 2.49e+00)
5942(996) (8.06e-01 8.71e-01) XE:4.36e-01 (1.35e+00 1.33e+00 | 2.86e+00 2.49e+00)
6340(1000) (8.96e-01 8.71e-01) XE:4.36e-01 (1.35e+00 1.33e+00 | 2.48e+00 2.49e+00)
6739(990) (1.22e+00 8.71e-01) XE:4.36e-01 (1.30e+00 1.33e+00 | 2.71e+00 2.49e+00)
7136(998) (7.34e-01 8.71e-01) XE:4.35e-01 (1.31e+00 1.33e+00 | 2.57e+00 2.49e+00)
7534(992) (9.34e-01 8.70e-01) XE:4.35e-01 (1.37e+00 1.33e+00 | 2.58e+00 2.49e+00)
7932(1004) (8.53e-01 8.71e-01) XE:4.35e-01 (1.28e+00 1.33e+00 | 2.47e+00 2.49e+00)
8331(1004) (8.53e-01 8.70e-01) XE:4.35e-01 (1.31e+00 1.33e+00 | 2.59e+00 2.49e+00)
8729(1002) (7.96e-01 8.69e-01) XE:4.35e-01 (1.34e+00 1.33e+00 | 2.43e+00 2.49e+00)
9128(982) (1.01e+00 8.70e-01) XE:4.35e-01 (1.34e+00 1.33e+00 | 2.36e+00 2.49e+00)
9527(998) (8.62e-01 8.70e-01) XE:4.35e-01 (1.33e+00 1.33e+00 | 2.62e+00 2.49e+00)
9926(979) (8.79e-01 8.69e-01) XE:4.35e-01 (1.35e+00 1.33e+00 | 2.46e+00 2.49e+00)
10000(1001) (7.25e-01 8.69e-01) XE:4.35e-01 (1.31e+00 1.33e+00 | 2.30e+00 2.49e+00)
RL cnt: 0,5621189,1403601,350488,87589,22075,5469,1333,371,58,27,5,3,2,0,0,
BL cnt: 21402,0,189109,0,740404,0,1686885,0,2467956,0,2410537,0,1565406,0,652148,0,158948,0,17205,0,0,
[00] Th=9.500000e-01: 4.768106e-01 2.848338e-01 1.945716e-01 1.778122e-01 1.778716e-01 1.925585e-01 2.815591e-01 4.620538e-01 0.000000e+00 : 1.405044e-01
[01] Th=9.000000e-01: 7.104665e-01 5.678642e-01 4.801071e-01 4.380503e-01 4.359672e-01 4.792976e-01 5.635746e-01 6.984693e-01 0.000000e+00 : 2.733623e-01
[02] Th=8.500000e-01: 8.714822e-01 7.094689e-01 6.318969e-01 5.987155e-01 5.967754e-01 6.315903e-01 7.056514e-01 8.617919e-01 0.000000e+00 : 3.504608e-01
[03] Th=8.000000e-01: 9.688726e-01 7.996959e-01 7.209660e-01 6.891917e-01 6.872847e-01 7.201027e-01 7.949716e-01 9.592747e-01 0.000000e+00 : 3.962725e-01
[04] Th=7.500000e-01: 1.020219e+00 8.604837e-01 7.819159e-01 7.461431e-01 7.437043e-01 7.808223e-01 8.553193e-01 1.010428e+00 0.000000e+00 : 4.249397e-01
[05] Th=7.000000e-01: 1.049546e+00 9.094039e-01 8.205597e-01 7.881815e-01 7.856271e-01 8.188889e-01 9.053938e-01 1.040980e+00 0.000000e+00 : 4.449113e-01
[06] Th=6.500000e-01: 1.065057e+00 9.337057e-01 8.456681e-01 8.164242e-01 8.132152e-01 8.428559e-01 9.293150e-01 1.057321e+00 0.000000e+00 : 4.564727e-01
[07] Th=6.000000e-01: 1.072229e+00 9.456163e-01 8.686028e-01 8.321364e-01 8.294786e-01 8.658660e-01 9.421395e-01 1.065617e+00 0.000000e+00 : 4.638554e-01
[08] Th=5.500000e-01: 1.072443e+00 9.491551e-01 8.759815e-01 8.375036e-01 8.355988e-01 8.731105e-01 9.455425e-01 1.066647e+00 0.000000e+00 : 4.659988e-01
[09] Th=5.000000e-01: 1.066061e+00 9.445816e-01 8.744373e-01 8.342860e-01 8.321655e-01 8.720542e-01 9.409452e-01 1.059789e+00 0.000000e+00 : 4.640200e-01
[10] Th=4.500000e-01: 1.059031e+00 9.383617e-01 8.687933e-01 8.267954e-01 8.257475e-01 8.663234e-01 9.345033e-01 1.052316e+00 0.000000e+00 : 4.607419e-01
[11] Th=4.000000e-01: 1.055605e+00 9.339058e-01 8.636075e-01 8.209696e-01 8.199232e-01 8.612056e-01 9.298974e-01 1.048751e+00 0.000000e+00 : 4.583666e-01
[12] Th=3.500000e-01: 1.053233e+00 9.309444e-01 8.599472e-01 8.162274e-01 8.155646e-01 8.574826e-01 9.267681e-01 1.046407e+00 0.000000e+00 : 4.566609e-01
[13] Th=3.000000e-01: 1.052652e+00 9.300525e-01 8.585187e-01 8.147157e-01 8.140365e-01 8.562319e-01 9.260435e-01 1.045830e+00 0.000000e+00 : 4.561301e-01
[14] Th=2.500000e-01: 1.052615e+00 9.299530e-01 8.583798e-01 8.145508e-01 8.138860e-01 8.561182e-01 9.259601e-01 1.045796e+00 0.000000e+00 : 4.560787e-01
[15] Th=2.000000e-01: 1.052615e+00 9.299530e-01 8.583798e-01 8.145508e-01 8.138860e-01 8.561182e-01 9.259601e-01 1.045796e+00 0.000000e+00 : 4.560787e-01
[16] Th=1.500000e-01: 1.052615e+00 9.299530e-01 8.583798e-01 8.145508e-01 8.138860e-01 8.561182e-01 9.259601e-01 1.045796e+00 0.000000e+00 : 4.560787e-01
[17] Th=1.000000e-01: 1.052615e+00 9.299530e-01 8.583798e-01 8.145508e-01 8.138860e-01 8.561182e-01 9.259601e-01 1.045796e+00 0.000000e+00 : 4.560787e-01
[18] Th=5.000000e-02: 1.052615e+00 9.299530e-01 8.583798e-01 8.145508e-01 8.138860e-01 8.561182e-01 9.259601e-01 1.045796e+00 0.000000e+00 : 4.560787e-01
[19] Th=1.000000e-10: 1.052615e+00 9.299530e-01 8.583798e-01 8.145508e-01 8.138860e-01 8.561182e-01 9.259601e-01 1.045796e+00 0.000000e+00 : 4.560787e-01
# InnerCodebook: deleted
# NBIDSchannel: deleted
# Gtable: deleted
# FBalg4: deleted
# StatICB: deleted
