# (Pid,Ps)=(4.500000e-02,1.000000e-02) Nseg=500 WinSize=10 [0]
# InnerCB: ICB/marker/4_2_2.bin
# Gtable:  Gtable/2/045_010.bin
# InnerCodebook: beta=2(16) nu=3
# InnerCodebook: B(B2p)=4(16) 4(16) 0(1) 
# InnerCodebook: checked CWM, EncMap, DecMap
# beta=2(16) N=1000 Dmax=50
# NBIDSchannel: N=1000 Q=4 Dmax=50 (Pid,Ps)=(4.500000e-02,1.000000e-02)
# FBalg4: Nseg=500 Dmax=50(w=101)
# FBalg4: Gtable: Gtable/2/045_010.bin
# Gtable: beta=2 (Pid,Ps,Ptrn)=(4.500000e-02,1.000000e-02,9.100000e-01) Pth=1.000000e-10
# Gtable: beta4p=16 beta4pp=256
# Gtable::Gtable len=0 cnt=16
# Gtable::Gtable len=1 cnt=64
# Gtable::Gtable len=2 cnt=256
# Gtable::Gtable len=3 cnt=1024
# Gtable::Gtable len=4 cnt=1072
# FBalg4: beta=2(16) (Pid,Ps)=(4.500000e-02,1.000000e-02) Pth=1.000000e-10 N=1000
0400(995) (1.34e+00 1.13e+00) XE:2.82e-01 (1.26e+00 1.26e+00 | 2.05e+00 2.04e+00)
0816(1001) (1.07e+00 1.14e+00) XE:2.84e-01 (1.24e+00 1.26e+00 | 2.08e+00 2.03e+00)
1233(995) (1.18e+00 1.14e+00) XE:2.84e-01 (1.26e+00 1.26e+00 | 1.83e+00 2.03e+00)
1649(1014) (9.88e-01 1.14e+00) XE:2.86e-01 (1.29e+00 1.26e+00 | 2.06e+00 2.03e+00)
2065(1009) (7.46e-01 1.14e+00) XE:2.85e-01 (1.30e+00 1.26e+00 | 2.25e+00 2.03e+00)
2482(994) (1.12e+00 1.14e+00) XE:2.84e-01 (1.28e+00 1.26e+00 | 2.11e+00 2.03e+00)
2898(1011) (8.79e-01 1.14e+00) XE:2.84e-01 (1.24e+00 1.26e+00 | 2.10e+00 2.03e+00)
3314(997) (9.54e-01 1.13e+00) XE:2.84e-01 (1.27e+00 1.26e+00 | 1.94e+00 2.03e+00)
3731(1000) (1.02e+00 1.13e+00) XE:2.83e-01 (1.27e+00 1.26e+00 | 2.01e+00 2.03e+00)
4147(990) (1.78e+00 1.13e+00) XE:2.83e-01 (1.24e+00 1.26e+00 | 1.93e+00 2.03e+00)
4563(1001) (9.71e-01 1.13e+00) XE:2.83e-01 (1.23e+00 1.26e+00 | 2.21e+00 2.03e+00)
4979(992) (1.13e+00 1.14e+00) XE:2.84e-01 (1.27e+00 1.26e+00 | 2.09e+00 2.03e+00)
5395(994) (1.35e+00 1.13e+00) XE:2.83e-01 (1.27e+00 1.26e+00 | 1.77e+00 2.03e+00)
5812(991) (1.08e+00 1.13e+00) XE:2.83e-01 (1.25e+00 1.26e+00 | 2.08e+00 2.03e+00)
6228(999) (8.88e-01 1.13e+00) XE:2.83e-01 (1.24e+00 1.26e+00 | 1.97e+00 2.03e+00)
6644(1010) (9.17e-01 1.13e+00) XE:2.82e-01 (1.26e+00 1.26e+00 | 2.04e+00 2.03e+00)
7060(993) (1.41e+00 1.13e+00) XE:2.82e-01 (1.23e+00 1.26e+00 | 2.17e+00 2.03e+00)
7476(1008) (8.93e-01 1.13e+00) XE:2.82e-01 (1.27e+00 1.26e+00 | 1.89e+00 2.03e+00)
7892(987) (1.05e+00 1.13e+00) XE:2.82e-01 (1.26e+00 1.26e+00 | 2.25e+00 2.03e+00)
8308(998) (1.14e+00 1.13e+00) XE:2.82e-01 (1.29e+00 1.26e+00 | 2.09e+00 2.03e+00)
8724(1014) (1.14e+00 1.13e+00) XE:2.83e-01 (1.22e+00 1.26e+00 | 1.82e+00 2.03e+00)
9140(1009) (8.27e-01 1.13e+00) XE:2.83e-01 (1.23e+00 1.26e+00 | 2.00e+00 2.03e+00)
9556(1004) (6.98e-01 1.13e+00) XE:2.83e-01 (1.24e+00 1.26e+00 | 2.07e+00 2.03e+00)
9972(1014) (8.44e-01 1.13e+00) XE:2.83e-01 (1.22e+00 1.26e+00 | 1.83e+00 2.03e+00)
10000(1003) (1.06e+00 1.13e+00) XE:2.83e-01 (1.25e+00 1.26e+00 | 2.08e+00 2.03e+00)
RL cnt: 0,6244309,1326547,272165,52107,12876,0,0,0,0,0,0,0,0,0,0,
BL cnt: 0,0,19336,0,233027,0,1010033,0,2246021,0,2901572,0,2243423,0,1005965,0,231276,0,19347,0,0,
# InnerCodebook: deleted
# NBIDSchannel: deleted
# Gtable: deleted
# FBalg4: deleted
