# (Pid,Ps)=(5.000000e-02,1.000000e-02) Nseg=500 WinSize=10 [0]
# InnerCB: ICB/marker/4_2_2.bin
# Gtable:  Gtable/2/050_010.bin
# InnerCodebook: beta=2(16) nu=3
# InnerCodebook: B(B2p)=4(16) 4(16) 0(1) 
# InnerCodebook: checked CWM, EncMap, DecMap
# beta=2(16) N=1000 Dmax=55
# NBIDSchannel: N=1000 Q=4 Dmax=55 (Pid,Ps)=(5.000000e-02,1.000000e-02)
# FBalg4: Nseg=500 Dmax=55(w=111)
# FBalg4: Gtable: Gtable/2/050_010.bin
# Gtable: beta=2 (Pid,Ps,Ptrn)=(5.000000e-02,1.000000e-02,9.000000e-01) Pth=1.000000e-10
# Gtable: beta4p=16 beta4pp=256
# Gtable::Gtable len=0 cnt=16
# Gtable::Gtable len=1 cnt=64
# Gtable::Gtable len=2 cnt=256
# Gtable::Gtable len=3 cnt=1024
# Gtable::Gtable len=4 cnt=1072
# FBalg4: beta=2(16) (Pid,Ps)=(5.000000e-02,1.000000e-02) Pth=1.000000e-10 N=1000
0334(1002) (9.94e-01 1.24e+00) XE:3.10e-01 (1.29e+00 1.26e+00 | 2.36e+00 2.03e+00)
0693(1008) (1.32e+00 1.24e+00) XE:3.11e-01 (1.25e+00 1.26e+00 | 2.13e+00 2.03e+00)
1051(999) (1.26e+00 1.25e+00) XE:3.11e-01 (1.26e+00 1.26e+00 | 2.01e+00 2.03e+00)
1424(1011) (1.53e+00 1.25e+00) XE:3.11e-01 (1.28e+00 1.26e+00 | 2.10e+00 2.03e+00)
1798(1020) (1.07e+00 1.24e+00) XE:3.11e-01 (1.26e+00 1.26e+00 | 2.00e+00 2.03e+00)
2171(983) (9.10e-01 1.25e+00) XE:3.11e-01 (1.27e+00 1.26e+00 | 2.21e+00 2.03e+00)
2545(992) (1.31e+00 1.25e+00) XE:3.12e-01 (1.26e+00 1.26e+00 | 1.97e+00 2.03e+00)
2919(995) (1.04e+00 1.25e+00) XE:3.12e-01 (1.27e+00 1.26e+00 | 2.08e+00 2.03e+00)
3293(999) (1.06e+00 1.25e+00) XE:3.12e-01 (1.28e+00 1.26e+00 | 1.97e+00 2.03e+00)
3667(1008) (1.01e+00 1.25e+00) XE:3.13e-01 (1.29e+00 1.26e+00 | 1.91e+00 2.03e+00)
4040(1015) (1.42e+00 1.25e+00) XE:3.13e-01 (1.22e+00 1.26e+00 | 1.95e+00 2.03e+00)
4414(997) (1.25e+00 1.25e+00) XE:3.13e-01 (1.26e+00 1.26e+00 | 1.84e+00 2.03e+00)
4788(995) (1.14e+00 1.25e+00) XE:3.13e-01 (1.27e+00 1.26e+00 | 1.79e+00 2.03e+00)
5162(985) (1.03e+00 1.25e+00) XE:3.13e-01 (1.26e+00 1.26e+00 | 2.08e+00 2.03e+00)
5536(997) (1.21e+00 1.25e+00) XE:3.13e-01 (1.30e+00 1.26e+00 | 2.15e+00 2.03e+00)
5909(1006) (9.13e-01 1.25e+00) XE:3.12e-01 (1.27e+00 1.26e+00 | 2.10e+00 2.03e+00)
6283(1021) (7.77e-01 1.25e+00) XE:3.12e-01 (1.27e+00 1.26e+00 | 2.09e+00 2.03e+00)
6657(989) (1.45e+00 1.25e+00) XE:3.12e-01 (1.29e+00 1.26e+00 | 2.16e+00 2.03e+00)
7031(1020) (1.05e+00 1.25e+00) XE:3.12e-01 (1.26e+00 1.26e+00 | 1.99e+00 2.03e+00)
7405(1018) (1.07e+00 1.25e+00) XE:3.12e-01 (1.28e+00 1.26e+00 | 2.09e+00 2.03e+00)
7778(1001) (1.43e+00 1.25e+00) XE:3.12e-01 (1.28e+00 1.26e+00 | 2.05e+00 2.03e+00)
8150(994) (1.81e+00 1.25e+00) XE:3.12e-01 (1.20e+00 1.26e+00 | 1.89e+00 2.03e+00)
8509(982) (1.01e+00 1.25e+00) XE:3.12e-01 (1.28e+00 1.26e+00 | 2.15e+00 2.03e+00)
8867(988) (1.22e+00 1.25e+00) XE:3.13e-01 (1.24e+00 1.26e+00 | 1.92e+00 2.03e+00)
9225(993) (1.13e+00 1.25e+00) XE:3.13e-01 (1.28e+00 1.26e+00 | 2.09e+00 2.03e+00)
9583(1010) (1.48e+00 1.25e+00) XE:3.13e-01 (1.24e+00 1.26e+00 | 2.13e+00 2.03e+00)
9941(1032) (9.46e-01 1.25e+00) XE:3.13e-01 (1.28e+00 1.26e+00 | 2.05e+00 2.03e+00)
10000(1008) (9.73e-01 1.25e+00) XE:3.13e-01 (1.28e+00 1.26e+00 | 2.24e+00 2.03e+00)
RL cnt: 0,6244365,1326754,272553,51749,12871,0,0,0,0,0,0,0,0,0,0,
BL cnt: 0,0,19172,0,231677,0,1006064,0,2243722,0,2903291,0,2248542,0,1006236,0,231745,0,19551,0,0,
# InnerCodebook: deleted
# NBIDSchannel: deleted
# Gtable: deleted
# FBalg4: deleted
