# InnerCodebook: input ICB/ex04//cb.txt
# InnerCodebook: Nu=8 Nu2p=256 numCW=52 FlgUnique=1 FlgInvertible=1 FlgBalanced=1
# InnerCodebook: Rho=3 (ell,Delta)=(10,2) L0=2
# InnerCodebook: Rst01=12 Rst10=39
# CW
# 000:00101011 (2,L2,R2) WL:0 0 1 1 2 2 3 4  WR:4 4 4 3 3 2 2 1  
# 001:00101101 (2,L2,R1) WL:0 0 1 1 2 3 3 4  WR:4 4 4 3 3 2 1 1  
# 002:00101110 (3,L2,R1) WL:0 0 1 1 2 3 4 4  WR:4 4 4 3 3 2 1 0  
# 003:00110011 (2,L2,R2) WL:0 0 1 2 2 2 3 4  WR:4 4 4 3 2 2 2 1  
# 004:00110101 (2,L2,R1) WL:0 0 1 2 2 3 3 4  WR:4 4 4 3 2 2 1 1  
# 005:00110110 (2,L2,R1) WL:0 0 1 2 2 3 4 4  WR:4 4 4 3 2 2 1 0  
# 006:00111001 (3,L2,R1) WL:0 0 1 2 3 3 3 4  WR:4 4 4 3 2 1 1 1  
# 007:00111010 (3,L2,R1) WL:0 0 1 2 3 3 4 4  WR:4 4 4 3 2 1 1 0  
# 008:01001011 (2,L1,R2) WL:0 1 1 1 2 2 3 4  WR:4 4 3 3 3 2 2 1  
# 009:01001101 (2,L1,R1) WL:0 1 1 1 2 3 3 4  WR:4 4 3 3 3 2 1 1  
# 010:01001110 (3,L1,R1) WL:0 1 1 1 2 3 4 4  WR:4 4 3 3 3 2 1 0  
# 011:01010011 (2,L1,R2) WL:0 1 1 2 2 2 3 4  WR:4 4 3 3 2 2 2 1  
# 012:01010101 (1,L1,R1) WL:0 1 1 2 2 3 3 4  WR:4 4 3 3 2 2 1 1  
# 013:01010110 (2,L1,R1) WL:0 1 1 2 2 3 4 4  WR:4 4 3 3 2 2 1 0  
# 014:01011001 (2,L1,R1) WL:0 1 1 2 3 3 3 4  WR:4 4 3 3 2 1 1 1  
# 015:01011010 (2,L1,R1) WL:0 1 1 2 3 3 4 4  WR:4 4 3 3 2 1 1 0  
# 016:01011100 (3,L1,R2) WL:0 1 1 2 3 4 4 4  WR:4 4 3 3 2 1 0 0  
# 017:01100011 (3,L1,R2) WL:0 1 2 2 2 2 3 4  WR:4 4 3 2 2 2 2 1  
# 018:01100101 (2,L1,R1) WL:0 1 2 2 2 3 3 4  WR:4 4 3 2 2 2 1 1  
# 019:01100110 (2,L1,R1) WL:0 1 2 2 2 3 4 4  WR:4 4 3 2 2 2 1 0  
# 020:01101001 (2,L1,R1) WL:0 1 2 2 3 3 3 4  WR:4 4 3 2 2 1 1 1  
# 021:01101010 (2,L1,R1) WL:0 1 2 2 3 3 4 4  WR:4 4 3 2 2 1 1 0  
# 022:01101100 (2,L1,R2) WL:0 1 2 2 3 4 4 4  WR:4 4 3 2 2 1 0 0  
# 023:01110001 (3,L1,R1) WL:0 1 2 3 3 3 3 4  WR:4 4 3 2 1 1 1 1  
# 024:01110010 (3,L1,R1) WL:0 1 2 3 3 3 4 4  WR:4 4 3 2 1 1 1 0  
# 025:01110100 (3,L1,R2) WL:0 1 2 3 3 4 4 4  WR:4 4 3 2 1 1 0 0  
# 026:10001011 (3,L1,R2) WL:1 1 1 1 2 2 3 4  WR:4 3 3 3 3 2 2 1  
# 027:10001101 (3,L1,R1) WL:1 1 1 1 2 3 3 4  WR:4 3 3 3 3 2 1 1  
# 028:10001110 (3,L1,R1) WL:1 1 1 1 2 3 4 4  WR:4 3 3 3 3 2 1 0  
# 029:10010011 (2,L1,R2) WL:1 1 1 2 2 2 3 4  WR:4 3 3 3 2 2 2 1  
# 030:10010101 (2,L1,R1) WL:1 1 1 2 2 3 3 4  WR:4 3 3 3 2 2 1 1  
# 031:10010110 (2,L1,R1) WL:1 1 1 2 2 3 4 4  WR:4 3 3 3 2 2 1 0  
# 032:10011001 (2,L1,R1) WL:1 1 1 2 3 3 3 4  WR:4 3 3 3 2 1 1 1  
# 033:10011010 (2,L1,R1) WL:1 1 1 2 3 3 4 4  WR:4 3 3 3 2 1 1 0  
# 034:10011100 (3,L1,R2) WL:1 1 1 2 3 4 4 4  WR:4 3 3 3 2 1 0 0  
# 035:10100011 (3,L1,R2) WL:1 1 2 2 2 2 3 4  WR:4 3 3 2 2 2 2 1  
# 036:10100101 (2,L1,R1) WL:1 1 2 2 2 3 3 4  WR:4 3 3 2 2 2 1 1  
# 037:10100110 (2,L1,R1) WL:1 1 2 2 2 3 4 4  WR:4 3 3 2 2 2 1 0  
# 038:10101001 (2,L1,R1) WL:1 1 2 2 3 3 3 4  WR:4 3 3 2 2 1 1 1  
# 039:10101010 (1,L1,R1) WL:1 1 2 2 3 3 4 4  WR:4 3 3 2 2 1 1 0  
# 040:10101100 (2,L1,R2) WL:1 1 2 2 3 4 4 4  WR:4 3 3 2 2 1 0 0  
# 041:10110001 (3,L1,R1) WL:1 1 2 3 3 3 3 4  WR:4 3 3 2 1 1 1 1  
# 042:10110010 (2,L1,R1) WL:1 1 2 3 3 3 4 4  WR:4 3 3 2 1 1 1 0  
# 043:10110100 (2,L1,R2) WL:1 1 2 3 3 4 4 4  WR:4 3 3 2 1 1 0 0  
# 044:11000101 (3,L2,R1) WL:1 2 2 2 2 3 3 4  WR:4 3 2 2 2 2 1 1  
# 045:11000110 (3,L2,R1) WL:1 2 2 2 2 3 4 4  WR:4 3 2 2 2 2 1 0  
# 046:11001001 (2,L2,R1) WL:1 2 2 2 3 3 3 4  WR:4 3 2 2 2 1 1 1  
# 047:11001010 (2,L2,R1) WL:1 2 2 2 3 3 4 4  WR:4 3 2 2 2 1 1 0  
# 048:11001100 (2,L2,R2) WL:1 2 2 2 3 4 4 4  WR:4 3 2 2 2 1 0 0  
# 049:11010001 (3,L2,R1) WL:1 2 2 3 3 3 3 4  WR:4 3 2 2 1 1 1 1  
# 050:11010010 (2,L2,R1) WL:1 2 2 3 3 3 4 4  WR:4 3 2 2 1 1 1 0  
# 051:11010100 (2,L2,R2) WL:1 2 2 3 3 4 4 4  WR:4 3 2 2 1 1 0 0  
# CWL
# 002B:1 002D:1 002E:1 0033:1 0035:1 0036:1 0039:1 003A:1 004B:1 004D:1 
# 004E:1 0053:1 0055:1 0056:1 0059:1 005A:1 005C:1 0063:1 0065:1 0066:1 
# 0069:1 006A:1 006C:1 0071:1 0072:1 0074:1 008B:1 008D:1 008E:1 0093:1 
# 0095:1 0096:1 0099:1 009A:1 009C:1 00A3:1 00A5:1 00A6:1 00A9:1 00AA:1 
# 00AC:1 00B1:1 00B2:1 00B4:1 00C5:1 00C6:1 00C9:1 00CA:1 00CC:1 00D1:1 
# 00D2:1 00D4:1 
# CWI
# 002B:000 002D:001 002E:002 0033:003 0035:004 0036:005 0039:006 003A:007 004B:008 004D:009 
# 004E:010 0053:011 0055:012 0056:013 0059:014 005A:015 005C:016 0063:017 0065:018 0066:019 
# 0069:020 006A:021 006C:022 0071:023 0072:024 0074:025 008B:026 008D:027 008E:028 0093:029 
# 0095:030 0096:031 0099:032 009A:033 009C:034 00A3:035 00A5:036 00A6:037 00A9:038 00AA:039 
# 00AC:040 00B1:041 00B2:042 00B4:043 00C5:044 00C6:045 00C9:046 00CA:047 00CC:048 00D1:049 
# 00D2:050 00D4:051 
# QA=52 Ns=38 Nu=8 Nb=304 (Pi,Pd,Ps)=(2.000000e-02,2.000000e-02,0.000000e+00) Nseq=30 Ndi=1 OutListSize=10 [0]
# ICB:   ICB/ex04//cb.txt
# Const: ICB/ex04//constraint.txt
# EncCM: ICB/ex04//EncCM.bin
# ChannelMatrix: ICB/ex04//EncCM.bin (52x52)
# CSFBAdec: Ns=38 (Nu;Nu2min,Nu2max)=(8(256);5,11) Nb=304 Q=52 Nseq=30
# CSFBAdec: (Pi,Pd,Ps,Pt)=(2.000000e-02,2.000000e-02,0.000000e+00,9.600000e-01) (Dmin,Dmax:Drng)=(-13,13:27)
# CSFBAdec: generating GD & GX
# CSFBAdec: generating factor graph
# CPScodec: Ns=38 Nu=8 Nb=304 Nseq=30
# CPScodec: (Pi,Pd,Ps,Pt)=(2.000000e-02,2.000000e-02,0.000000e+00,9.600000e-01) (Dmin,Dmax:Drng)=(-13,13:27)
# CPScodec::SetCSL Kc=7 QB=16 QB2=8
# CPScodec: Kc=7 QB=16 QB2=8
# CPScodec::CSL
#  [0] 00,07,00,00  01,06,00,00  02,05,00,00  03,04,00,00  04,03,00,00  05,02,00,00  06,01,00,00  07,00,00,00  
#  [1] 00,00,00,07  00,00,01,06  00,00,02,05  00,00,03,04  00,00,04,03  00,00,05,02  00,00,06,01  00,00,07,00  
# Kc=7 QB=16 QB2=8
# CIDSchannel: N=304 (Pi,Pd,Ps)=(2.000000e-02,2.000000e-02,0.000000e+00) (Dmin,Dmax)=(-13,13)
# CIDSchannel: Kc=7 Nseq=30
# ChannelMatrix: M=52 N=520
# ChannelMatrix: M=8 N=80
# ConcatAB: (Nb,Nu,Ns)=(304,8,38) Nseq=30 (Qa,Qb)=(52,16) (Dmin,Dmax,Drng)=(-13,13,27)
0001 : 9/38=2.368421e-01 9 : 93/304=3.059211e-01 93 : 4.649115e+00 1.251286e-01 4.523986e+00 : 2.957807e+00 8.292366e-01 2.128571e+00
0017 : 110/646=1.702786e-01 12 : 1327/5168=2.567724e-01 93 : 5.630190e+00 4.858192e-01 5.144370e+00 : 2.999040e+00 9.019826e-01 2.097058e+00
0034 : 197/1292=1.524768e-01 12 : 2638/10336=2.552245e-01 97 : 5.668480e+00 4.977646e-01 5.170715e+00 : 2.999724e+00 9.016721e-01 2.098051e+00
0052 : 277/1976=1.401822e-01 12 : 4005/15808=2.533527e-01 97 : 5.677699e+00 4.783093e-01 5.199390e+00 : 2.999852e+00 8.997083e-01 2.100143e+00
0069 : 360/2622=1.372998e-01 12 : 5328/20976=2.540046e-01 97 : 5.679905e+00 4.751800e-01 5.204725e+00 : 2.999819e+00 9.013139e-01 2.098506e+00
0086 : 458/3268=1.401469e-01 12 : 6628/26144=2.535190e-01 97 : 5.684396e+00 4.818044e-01 5.202591e+00 : 2.999843e+00 8.991991e-01 2.100644e+00
0103 : 568/3914=1.451201e-01 12 : 7904/31312=2.524272e-01 97 : 5.685822e+00 4.962017e-01 5.189620e+00 : 2.999802e+00 8.980844e-01 2.101717e+00
0120 : 653/4560=1.432018e-01 12 : 9224/36480=2.528509e-01 97 : 5.688763e+00 4.959108e-01 5.192852e+00 : 2.999883e+00 8.992715e-01 2.100612e+00
0138 : 745/5244=1.420671e-01 12 : 10605/41952=2.527889e-01 97 : 5.691076e+00 4.946801e-01 5.196396e+00 : 2.999892e+00 8.985935e-01 2.101298e+00
0155 : 829/5890=1.407470e-01 12 : 11884/47120=2.522071e-01 97 : 5.691984e+00 4.913306e-01 5.200654e+00 : 2.999889e+00 8.956681e-01 2.104221e+00
0172 : 915/6536=1.399939e-01 12 : 13196/52288=2.523715e-01 97 : 5.693293e+00 4.901114e-01 5.203182e+00 : 2.999894e+00 8.953494e-01 2.104544e+00
0189 : 1012/7182=1.409078e-01 12 : 14490/57456=2.521930e-01 97 : 5.695149e+00 4.927824e-01 5.202367e+00 : 2.999881e+00 8.936866e-01 2.106194e+00
0206 : 1097/7828=1.401380e-01 12 : 15754/62624=2.515649e-01 97 : 5.695005e+00 4.917840e-01 5.203221e+00 : 2.999903e+00 8.940541e-01 2.105849e+00
0224 : 1201/8512=1.410949e-01 12 : 17180/68096=2.522909e-01 99 : 5.695915e+00 4.937316e-01 5.202184e+00 : 2.999926e+00 8.960169e-01 2.103909e+00
0241 : 1290/9158=1.408604e-01 12 : 18469/73264=2.520883e-01 99 : 5.696430e+00 4.932684e-01 5.203161e+00 : 2.999951e+00 8.969069e-01 2.103044e+00
0258 : 1363/9804=1.390249e-01 12 : 19738/78432=2.516575e-01 99 : 5.697005e+00 4.893850e-01 5.207620e+00 : 2.999941e+00 8.959229e-01 2.104018e+00
0275 : 1468/10450=1.404785e-01 12 : 20976/83600=2.509091e-01 99 : 5.697018e+00 4.918180e-01 5.205200e+00 : 2.999946e+00 8.946949e-01 2.105251e+00
0292 : 1547/11096=1.394196e-01 12 : 22277/88768=2.509576e-01 99 : 5.697098e+00 4.892463e-01 5.207852e+00 : 2.999946e+00 8.953672e-01 2.104579e+00
0309 : 1620/11742=1.379663e-01 12 : 23574/93936=2.509581e-01 99 : 5.696805e+00 4.867586e-01 5.210046e+00 : 2.999958e+00 8.951028e-01 2.104856e+00
0327 : 1707/12426=1.373732e-01 12 : 24958/99408=2.510663e-01 99 : 5.697559e+00 4.864949e-01 5.211064e+00 : 2.999962e+00 8.956667e-01 2.104296e+00
0344 : 1797/13072=1.374694e-01 12 : 26228/104576=2.508032e-01 99 : 5.697557e+00 4.869711e-01 5.210586e+00 : 2.999961e+00 8.949383e-01 2.105023e+00
0361 : 1870/13718=1.363172e-01 12 : 27524/109744=2.508019e-01 99 : 5.697603e+00 4.854226e-01 5.212180e+00 : 2.999959e+00 8.952520e-01 2.104707e+00
0378 : 1959/14364=1.363826e-01 12 : 28786/114912=2.505047e-01 99 : 5.697408e+00 4.865537e-01 5.210854e+00 : 2.999960e+00 8.939928e-01 2.105967e+00
0395 : 2042/15010=1.360426e-01 12 : 30074/120080=2.504497e-01 99 : 5.697551e+00 4.856781e-01 5.211873e+00 : 2.999959e+00 8.938201e-01 2.106139e+00
0412 : 2146/15656=1.370720e-01 12 : 31417/125248=2.508383e-01 99 : 5.697790e+00 4.877033e-01 5.210087e+00 : 2.999968e+00 8.943919e-01 2.105576e+00
0430 : 2258/16340=1.381885e-01 13 : 32765/130720=2.506502e-01 99 : 5.698030e+00 4.899258e-01 5.208104e+00 : 2.999960e+00 8.932121e-01 2.106748e+00
0447 : 2347/16986=1.381726e-01 13 : 34075/135888=2.507580e-01 99 : 5.698147e+00 4.897412e-01 5.208406e+00 : 2.999964e+00 8.934717e-01 2.106493e+00
0464 : 2443/17632=1.385549e-01 13 : 35401/141056=2.509712e-01 99 : 5.698106e+00 4.903855e-01 5.207721e+00 : 2.999968e+00 8.934025e-01 2.106566e+00
0481 : 2525/18278=1.381442e-01 13 : 36675/146224=2.508138e-01 99 : 5.698063e+00 4.897189e-01 5.208345e+00 : 2.999974e+00 8.933719e-01 2.106602e+00
0498 : 2626/18924=1.387656e-01 13 : 37971/151392=2.508125e-01 99 : 5.697898e+00 4.903254e-01 5.207573e+00 : 2.999973e+00 8.929471e-01 2.107025e+00
0516 : 2711/19608=1.382599e-01 13 : 39313/156864=2.506184e-01 99 : 5.697837e+00 4.893357e-01 5.208501e+00 : 2.999972e+00 8.927634e-01 2.107208e+00
0533 : 2789/20254=1.377012e-01 13 : 40591/162032=2.505122e-01 99 : 5.698028e+00 4.880263e-01 5.210002e+00 : 2.999966e+00 8.925879e-01 2.107378e+00
0550 : 2875/20900=1.375598e-01 13 : 41873/167200=2.504366e-01 99 : 5.698191e+00 4.877846e-01 5.210407e+00 : 2.999961e+00 8.925220e-01 2.107439e+00
0567 : 2941/21546=1.364987e-01 13 : 43131/172368=2.502263e-01 99 : 5.698049e+00 4.854083e-01 5.212641e+00 : 2.999968e+00 8.921874e-01 2.107781e+00
0584 : 3022/22192=1.361752e-01 13 : 44414/177536=2.501690e-01 99 : 5.698088e+00 4.843828e-01 5.213705e+00 : 2.999964e+00 8.920860e-01 2.107878e+00
0602 : 3103/22876=1.356443e-01 13 : 45705/183008=2.497432e-01 99 : 5.698052e+00 4.833946e-01 5.214657e+00 : 2.999960e+00 8.913896e-01 2.108571e+00
0619 : 3181/23522=1.352351e-01 13 : 47023/188176=2.498884e-01 99 : 5.698057e+00 4.820991e-01 5.215958e+00 : 2.999960e+00 8.916686e-01 2.108292e+00
0636 : 3268/24168=1.352201e-01 13 : 48336/193344=2.500000e-01 99 : 5.698199e+00 4.823679e-01 5.215831e+00 : 2.999963e+00 8.920789e-01 2.107884e+00
0653 : 3333/24814=1.343193e-01 13 : 49634/198512=2.500302e-01 99 : 5.698392e+00 4.804589e-01 5.217933e+00 : 2.999961e+00 8.918948e-01 2.108066e+00
0670 : 3423/25460=1.344462e-01 13 : 50891/203680=2.498576e-01 99 : 5.698421e+00 4.808493e-01 5.217572e+00 : 2.999965e+00 8.917528e-01 2.108212e+00
0688 : 3525/26144=1.348302e-01 13 : 52220/209152=2.496749e-01 99 : 5.698569e+00 4.813928e-01 5.217176e+00 : 2.999966e+00 8.916250e-01 2.108341e+00
0705 : 3617/26790=1.350131e-01 13 : 53477/214320=2.495194e-01 99 : 5.698643e+00 4.820249e-01 5.216618e+00 : 2.999970e+00 8.914764e-01 2.108494e+00
0722 : 3712/27436=1.352967e-01 13 : 54797/219488=2.496583e-01 99 : 5.698670e+00 4.825950e-01 5.216075e+00 : 2.999966e+00 8.912312e-01 2.108735e+00
0739 : 3796/28082=1.351756e-01 13 : 56067/224656=2.495682e-01 99 : 5.698756e+00 4.823782e-01 5.216378e+00 : 2.999970e+00 8.910725e-01 2.108897e+00
0756 : 3884/28728=1.351991e-01 13 : 57390/229824=2.497128e-01 99 : 5.698839e+00 4.822278e-01 5.216611e+00 : 2.999972e+00 8.914951e-01 2.108477e+00
0774 : 3957/29412=1.345369e-01 13 : 58754/235296=2.497025e-01 99 : 5.698838e+00 4.810808e-01 5.217757e+00 : 2.999968e+00 8.913540e-01 2.108614e+00
0791 : 4038/30058=1.343403e-01 13 : 59989/240464=2.494719e-01 99 : 5.698879e+00 4.804744e-01 5.218404e+00 : 2.999964e+00 8.911564e-01 2.108808e+00
0808 : 4128/30704=1.344450e-01 13 : 61315/245632=2.496214e-01 99 : 5.698957e+00 4.805027e-01 5.218455e+00 : 2.999970e+00 8.914823e-01 2.108488e+00
0825 : 4222/31350=1.346730e-01 13 : 62593/250800=2.495734e-01 99 : 5.699049e+00 4.809222e-01 5.218127e+00 : 2.999973e+00 8.913717e-01 2.108601e+00
0842 : 4294/31996=1.342043e-01 13 : 63925/255968=2.497382e-01 99 : 5.699121e+00 4.800229e-01 5.219098e+00 : 2.999974e+00 8.916852e-01 2.108289e+00
0860 : 4377/32680=1.339351e-01 13 : 65304/261440=2.497858e-01 99 : 5.699186e+00 4.793259e-01 5.219860e+00 : 2.999974e+00 8.919830e-01 2.107991e+00
0877 : 4459/33326=1.337994e-01 13 : 66580/266608=2.497299e-01 99 : 5.699195e+00 4.790650e-01 5.220130e+00 : 2.999974e+00 8.917769e-01 2.108197e+00
0894 : 4558/33972=1.341693e-01 13 : 67846/271776=2.496394e-01 99 : 5.699161e+00 4.799531e-01 5.219208e+00 : 2.999975e+00 8.915159e-01 2.108459e+00
0911 : 4657/34618=1.345254e-01 13 : 69101/276944=2.495125e-01 99 : 5.699237e+00 4.809928e-01 5.218244e+00 : 2.999971e+00 8.912924e-01 2.108678e+00
0928 : 4741/35264=1.344431e-01 13 : 70362/282112=2.494116e-01 99 : 5.699230e+00 4.808910e-01 5.218339e+00 : 2.999973e+00 8.912083e-01 2.108764e+00
0945 : 4821/35910=1.342523e-01 13 : 71626/287280=2.493247e-01 99 : 5.699235e+00 4.804237e-01 5.218811e+00 : 2.999976e+00 8.911287e-01 2.108847e+00
0963 : 4918/36594=1.343936e-01 13 : 73002/292752=2.493646e-01 99 : 5.699268e+00 4.807190e-01 5.218549e+00 : 2.999980e+00 8.912815e-01 2.108699e+00
0980 : 5005/37240=1.343985e-01 13 : 74368/297920=2.496241e-01 99 : 5.699291e+00 4.805968e-01 5.218694e+00 : 2.999983e+00 8.920270e-01 2.107956e+00
0997 : 5086/37886=1.342448e-01 13 : 75639/303088=2.495612e-01 99 : 5.699261e+00 4.801997e-01 5.219061e+00 : 2.999981e+00 8.916832e-01 2.108298e+00
1014 : 5155/38532=1.337849e-01 13 : 76887/308256=2.494258e-01 99 : 5.699239e+00 4.793585e-01 5.219881e+00 : 2.999981e+00 8.912962e-01 2.108685e+00
1031 : 5257/39178=1.341824e-01 13 : 78136/313424=2.492981e-01 99 : 5.699244e+00 4.799786e-01 5.219265e+00 : 2.999982e+00 8.909094e-01 2.109073e+00
1049 : 5342/39862=1.340123e-01 13 : 79509/318896=2.493258e-01 99 : 5.699370e+00 4.797365e-01 5.219634e+00 : 2.999983e+00 8.908795e-01 2.109103e+00
1066 : 5424/40508=1.338995e-01 13 : 80814/324064=2.493767e-01 99 : 5.699387e+00 4.797410e-01 5.219646e+00 : 2.999983e+00 8.907435e-01 2.109239e+00
1083 : 5505/41154=1.337659e-01 13 : 82130/329232=2.494593e-01 99 : 5.699417e+00 4.793659e-01 5.220052e+00 : 2.999983e+00 8.909595e-01 2.109023e+00
1100 : 5591/41800=1.337560e-01 13 : 83396/334400=2.493900e-01 99 : 5.699421e+00 4.795290e-01 5.219892e+00 : 2.999983e+00 8.909593e-01 2.109024e+00
1117 : 5688/42446=1.340056e-01 16 : 84664/339568=2.493286e-01 99 : 5.699367e+00 4.798626e-01 5.219505e+00 : 2.999983e+00 8.907327e-01 2.109250e+00
1134 : 5773/43092=1.339692e-01 16 : 85913/344736=2.492139e-01 99 : 5.699411e+00 4.798065e-01 5.219605e+00 : 2.999980e+00 8.905313e-01 2.109448e+00
1152 : 5863/43776=1.339318e-01 16 : 87231/350208=2.490834e-01 99 : 5.699429e+00 4.798324e-01 5.219597e+00 : 2.999978e+00 8.901797e-01 2.109799e+00
1169 : 5958/44422=1.341227e-01 16 : 88582/355376=2.492628e-01 99 : 5.699447e+00 4.804197e-01 5.219028e+00 : 2.999978e+00 8.904866e-01 2.109492e+00
1186 : 6033/45068=1.338644e-01 16 : 89859/360544=2.492317e-01 99 : 5.699434e+00 4.798886e-01 5.219545e+00 : 2.999978e+00 8.906669e-01 2.109311e+00
1203 : 6114/45714=1.337446e-01 16 : 91172/365712=2.493000e-01 99 : 5.699484e+00 4.796824e-01 5.219802e+00 : 2.999977e+00 8.909128e-01 2.109064e+00
1220 : 6192/46360=1.335634e-01 16 : 92450/370880=2.492720e-01 99 : 5.699490e+00 4.794200e-01 5.220070e+00 : 2.999977e+00 8.909089e-01 2.109068e+00
1237 : 6276/47006=1.335149e-01 16 : 93717/376048=2.492155e-01 99 : 5.699505e+00 4.793249e-01 5.220180e+00 : 2.999976e+00 8.907593e-01 2.109216e+00
1254 : 6357/47652=1.334047e-01 16 : 94958/381216=2.490924e-01 99 : 5.699543e+00 4.791716e-01 5.220372e+00 : 2.999977e+00 8.905951e-01 2.109382e+00
1272 : 6443/48336=1.332961e-01 16 : 96300/386688=2.490380e-01 99 : 5.699576e+00 4.791097e-01 5.220466e+00 : 2.999976e+00 8.904286e-01 2.109548e+00
1289 : 6517/48982=1.330489e-01 16 : 97591/391856=2.490481e-01 99 : 5.699578e+00 4.786179e-01 5.220960e+00 : 2.999978e+00 8.906513e-01 2.109327e+00
1306 : 6613/49628=1.332514e-01 16 : 98901/397024=2.491058e-01 99 : 5.699574e+00 4.791133e-01 5.220461e+00 : 2.999979e+00 8.908424e-01 2.109137e+00
1323 : 6710/50274=1.334686e-01 16 : 100256/402192=2.492740e-01 99 : 5.699573e+00 4.796377e-01 5.219935e+00 : 2.999980e+00 8.912180e-01 2.108762e+00
1340 : 6805/50920=1.336410e-01 16 : 101559/407360=2.493102e-01 99 : 5.699564e+00 4.798906e-01 5.219673e+00 : 2.999980e+00 8.913031e-01 2.108677e+00
1357 : 6889/51566=1.335958e-01 16 : 102830/412528=2.492679e-01 99 : 5.699583e+00 4.799240e-01 5.219659e+00 : 2.999981e+00 8.913207e-01 2.108660e+00
1375 : 6972/52250=1.334354e-01 16 : 104207/418000=2.492990e-01 99 : 5.699585e+00 4.795349e-01 5.220050e+00 : 2.999982e+00 8.913606e-01 2.108622e+00
1392 : 7064/52896=1.335451e-01 16 : 105434/423168=2.491540e-01 99 : 5.699579e+00 4.799384e-01 5.219640e+00 : 2.999982e+00 8.910892e-01 2.108893e+00
1409 : 7159/53542=1.337081e-01 16 : 106693/428336=2.490872e-01 99 : 5.699591e+00 4.800894e-01 5.219502e+00 : 2.999981e+00 8.909678e-01 2.109014e+00
1426 : 7245/54188=1.337012e-01 16 : 108035/433504=2.492134e-01 99 : 5.699638e+00 4.802131e-01 5.219424e+00 : 2.999979e+00 8.912531e-01 2.108726e+00
1443 : 7334/54834=1.337491e-01 16 : 109396/438672=2.493799e-01 99 : 5.699646e+00 4.803350e-01 5.219311e+00 : 2.999982e+00 8.915234e-01 2.108458e+00
1460 : 7432/55480=1.339582e-01 16 : 110661/443840=2.493263e-01 99 : 5.699671e+00 4.808896e-01 5.218781e+00 : 2.999982e+00 8.913242e-01 2.108658e+00
1478 : 7520/56164=1.338936e-01 16 : 112017/449312=2.493078e-01 99 : 5.699702e+00 4.807471e-01 5.218955e+00 : 2.999983e+00 8.912990e-01 2.108684e+00
1495 : 7611/56810=1.339729e-01 16 : 113341/454480=2.493861e-01 99 : 5.699749e+00 4.809407e-01 5.218808e+00 : 2.999984e+00 8.915344e-01 2.108449e+00
1512 : 7703/57456=1.340678e-01 16 : 114639/459648=2.494061e-01 99 : 5.699724e+00 4.810489e-01 5.218675e+00 : 2.999986e+00 8.915724e-01 2.108413e+00
1529 : 7788/58102=1.340401e-01 16 : 115949/464816=2.494514e-01 101 : 5.699716e+00 4.809403e-01 5.218776e+00 : 2.999986e+00 8.917694e-01 2.108216e+00
1546 : 7883/58748=1.341833e-01 16 : 117203/469984=2.493766e-01 101 : 5.699723e+00 4.812057e-01 5.218517e+00 : 2.999985e+00 8.916049e-01 2.108380e+00
1563 : 7980/59394=1.343570e-01 16 : 118574/475152=2.495496e-01 101 : 5.699713e+00 4.815251e-01 5.218188e+00 : 2.999986e+00 8.919818e-01 2.108004e+00
1581 : 8064/60078=1.342255e-01 16 : 119875/480624=2.494153e-01 101 : 5.699700e+00 4.810192e-01 5.218681e+00 : 2.999985e+00 8.916830e-01 2.108302e+00
1598 : 8145/60724=1.341315e-01 16 : 121140/485792=2.493660e-01 101 : 5.699683e+00 4.807300e-01 5.218953e+00 : 2.999985e+00 8.915154e-01 2.108470e+00
1615 : 8245/61370=1.343490e-01 16 : 122391/490960=2.492891e-01 101 : 5.699723e+00 4.813038e-01 5.218419e+00 : 2.999984e+00 8.911596e-01 2.108825e+00
1632 : 8340/62016=1.344814e-01 16 : 123702/496128=2.493348e-01 101 : 5.699714e+00 4.815564e-01 5.218158e+00 : 2.999985e+00 8.911175e-01 2.108867e+00
1649 : 8429/62662=1.345153e-01 16 : 124935/501296=2.492240e-01 101 : 5.699711e+00 4.815747e-01 5.218136e+00 : 2.999983e+00 8.908857e-01 2.109098e+00
1666 : 8514/63308=1.344854e-01 16 : 126223/506464=2.492240e-01 101 : 5.699703e+00 4.816306e-01 5.218072e+00 : 2.999985e+00 8.909643e-01 2.109021e+00
1684 : 8625/63992=1.347825e-01 16 : 127533/511936=2.491190e-01 101 : 5.699710e+00 4.822608e-01 5.217449e+00 : 2.999983e+00 8.906174e-01 2.109366e+00
1701 : 8724/64638=1.349670e-01 16 : 128800/517104=2.490795e-01 101 : 5.699721e+00 4.825551e-01 5.217166e+00 : 2.999984e+00 8.906591e-01 2.109325e+00
1718 : 8812/65284=1.349795e-01 16 : 130076/522272=2.490580e-01 101 : 5.699707e+00 4.827283e-01 5.216979e+00 : 2.999985e+00 8.907020e-01 2.109283e+00
1735 : 8900/65930=1.349917e-01 16 : 131430/527440=2.491847e-01 101 : 5.699716e+00 4.826987e-01 5.217017e+00 : 2.999987e+00 8.909708e-01 2.109016e+00
1752 : 8977/66576=1.348384e-01 16 : 132704/532608=2.491589e-01 101 : 5.699752e+00 4.823843e-01 5.217368e+00 : 2.999987e+00 8.909068e-01 2.109080e+00
1770 : 9068/67260=1.348201e-01 16 : 134088/538080=2.491971e-01 101 : 5.699761e+00 4.822787e-01 5.217482e+00 : 2.999988e+00 8.910624e-01 2.108925e+00
1787 : 9153/67906=1.347893e-01 16 : 135400/543248=2.492416e-01 101 : 5.699751e+00 4.822299e-01 5.217521e+00 : 2.999988e+00 8.911556e-01 2.108832e+00
1804 : 9241/68552=1.348028e-01 16 : 136679/548416=2.492250e-01 101 : 5.699750e+00 4.823603e-01 5.217390e+00 : 2.999989e+00 8.910900e-01 2.108899e+00
1821 : 9339/69198=1.349605e-01 16 : 137979/553584=2.492467e-01 101 : 5.699740e+00 4.827493e-01 5.216991e+00 : 2.999988e+00 8.911321e-01 2.108856e+00
1838 : 9441/69844=1.351727e-01 16 : 139293/558752=2.492931e-01 101 : 5.699748e+00 4.832983e-01 5.216450e+00 : 2.999988e+00 8.910888e-01 2.108899e+00
1856 : 9538/70528=1.352371e-01 16 : 140642/564224=2.492662e-01 101 : 5.699753e+00 4.834286e-01 5.216324e+00 : 2.999987e+00 8.911274e-01 2.108859e+00
1873 : 9633/71174=1.353444e-01 16 : 141957/569392=2.493133e-01 101 : 5.699756e+00 4.835971e-01 5.216159e+00 : 2.999987e+00 8.912224e-01 2.108765e+00
1890 : 9715/71820=1.352687e-01 16 : 143250/574560=2.493212e-01 101 : 5.699791e+00 4.834960e-01 5.216295e+00 : 2.999987e+00 8.911931e-01 2.108794e+00
1907 : 9799/72466=1.352220e-01 16 : 144571/579728=2.493773e-01 101 : 5.699818e+00 4.834634e-01 5.216355e+00 : 2.999985e+00 8.912650e-01 2.108720e+00
1924 : 9876/73112=1.350804e-01 16 : 145904/584896=2.494529e-01 101 : 5.699844e+00 4.831408e-01 5.216703e+00 : 2.999986e+00 8.913562e-01 2.108630e+00
1942 : 9976/73796=1.351835e-01 16 : 147255/590368=2.494292e-01 101 : 5.699842e+00 4.833863e-01 5.216455e+00 : 2.999988e+00 8.914240e-01 2.108564e+00
1959 : 10051/74442=1.350179e-01 16 : 148550/595536=2.494392e-01 101 : 5.699849e+00 4.831057e-01 5.216743e+00 : 2.999987e+00 8.913368e-01 2.108650e+00
1976 : 10127/75088=1.348684e-01 16 : 149863/600704=2.494789e-01 101 : 5.699847e+00 4.828086e-01 5.217039e+00 : 2.999988e+00 8.914055e-01 2.108582e+00
1993 : 10215/75734=1.348800e-01 16 : 151209/605872=2.495725e-01 101 : 5.699864e+00 4.829424e-01 5.216922e+00 : 2.999988e+00 8.915668e-01 2.108421e+00
2010 : 10302/76380=1.348782e-01 16 : 152484/611040=2.495483e-01 101 : 5.699885e+00 4.829653e-01 5.216920e+00 : 2.999988e+00 8.915361e-01 2.108452e+00
2028 : 10413/77064=1.351215e-01 16 : 153785/616512=2.494436e-01 101 : 5.699905e+00 4.834682e-01 5.216436e+00 : 2.999990e+00 8.913968e-01 2.108593e+00
2045 : 10488/77710=1.349633e-01 16 : 155060/621680=2.494209e-01 101 : 5.699911e+00 4.829930e-01 5.216918e+00 : 2.999990e+00 8.913494e-01 2.108641e+00
2062 : 10574/78356=1.349482e-01 16 : 156338/626848=2.494034e-01 101 : 5.699910e+00 4.830123e-01 5.216898e+00 : 2.999991e+00 8.914488e-01 2.108542e+00
2079 : 10660/79002=1.349333e-01 16 : 157639/632016=2.494225e-01 101 : 5.699900e+00 4.830446e-01 5.216855e+00 : 2.999990e+00 8.914553e-01 2.108535e+00
2096 : 10750/79648=1.349689e-01 16 : 158937/637184=2.494366e-01 101 : 5.699919e+00 4.832331e-01 5.216686e+00 : 2.999991e+00 8.916247e-01 2.108366e+00
2114 : 10846/80332=1.350147e-01 16 : 160299/642656=2.494320e-01 101 : 5.699931e+00 4.832775e-01 5.216654e+00 : 2.999991e+00 8.915392e-01 2.108451e+00
2131 : 10932/80978=1.349996e-01 16 : 161620/647824=2.494813e-01 101 : 5.699925e+00 4.832297e-01 5.216696e+00 : 2.999992e+00 8.917231e-01 2.108268e+00
2148 : 11018/81624=1.349848e-01 16 : 162902/652992=2.494701e-01 101 : 5.699933e+00 4.831249e-01 5.216808e+00 : 2.999992e+00 8.916681e-01 2.108324e+00
2165 : 11114/82270=1.350918e-01 16 : 164198/658160=2.494804e-01 101 : 5.699940e+00 4.833668e-01 5.216573e+00 : 2.999992e+00 8.916409e-01 2.108351e+00
2182 : 11212/82916=1.352212e-01 16 : 165475/663328=2.494618e-01 101 : 5.699937e+00 4.835854e-01 5.216352e+00 : 2.999993e+00 8.915520e-01 2.108441e+00
2200 : 11321/83600=1.354187e-01 16 : 166840/668800=2.494617e-01 101 : 5.699948e+00 4.840095e-01 5.215939e+00 : 2.999992e+00 8.914520e-01 2.108540e+00
2217 : 11415/84246=1.354960e-01 16 : 168103/673968=2.494228e-01 101 : 5.699949e+00 4.843162e-01 5.215633e+00 : 2.999991e+00 8.912765e-01 2.108714e+00
2234 : 11492/84892=1.353720e-01 16 : 169373/679136=2.493948e-01 101 : 5.699975e+00 4.841714e-01 5.215804e+00 : 2.999991e+00 8.911410e-01 2.108850e+00
2251 : 11580/85538=1.353784e-01 16 : 170652/684304=2.493804e-01 101 : 5.699985e+00 4.842686e-01 5.215716e+00 : 2.999990e+00 8.911553e-01 2.108835e+00
2268 : 11674/86184=1.354544e-01 16 : 171928/689472=2.493618e-01 101 : 5.700005e+00 4.844839e-01 5.215521e+00 : 2.999990e+00 8.911391e-01 2.108851e+00
2286 : 11747/86868=1.352282e-01 16 : 173296/694944=2.493669e-01 101 : 5.700002e+00 4.839604e-01 5.216042e+00 : 2.999990e+00 8.912265e-01 2.108764e+00
2303 : 11823/87514=1.350984e-01 16 : 174533/700112=2.492930e-01 101 : 5.700003e+00 4.835937e-01 5.216410e+00 : 2.999990e+00 8.910336e-01 2.108956e+00
2320 : 11911/88160=1.351066e-01 16 : 175819/705280=2.492896e-01 101 : 5.700009e+00 4.836252e-01 5.216384e+00 : 2.999990e+00 8.910364e-01 2.108954e+00
2337 : 12005/88806=1.351823e-01 16 : 177132/710448=2.493244e-01 101 : 5.700018e+00 4.838097e-01 5.216209e+00 : 2.999991e+00 8.911677e-01 2.108823e+00
2354 : 12100/89452=1.352681e-01 16 : 178366/715616=2.492482e-01 101 : 5.700021e+00 4.840822e-01 5.215939e+00 : 2.999991e+00 8.909809e-01 2.109010e+00
2372 : 12176/90136=1.350848e-01 16 : 179721/721088=2.492359e-01 101 : 5.700008e+00 4.837325e-01 5.216275e+00 : 2.999990e+00 8.908857e-01 2.109105e+00
2389 : 12255/90782=1.349937e-01 16 : 180992/726256=2.492124e-01 101 : 5.700011e+00 4.835564e-01 5.216455e+00 : 2.999990e+00 8.909166e-01 2.109074e+00
2406 : 12346/91428=1.350352e-01 16 : 182276/731424=2.492070e-01 101 : 5.700017e+00 4.836598e-01 5.216357e+00 : 2.999991e+00 8.908205e-01 2.109170e+00
2423 : 12450/92074=1.352173e-01 16 : 183571/736592=2.492167e-01 101 : 5.700021e+00 4.840235e-01 5.215998e+00 : 2.999990e+00 8.908337e-01 2.109156e+00
2440 : 12528/92720=1.351165e-01 16 : 184891/741760=2.492599e-01 101 : 5.700026e+00 4.837558e-01 5.216270e+00 : 2.999990e+00 8.909266e-01 2.109064e+00
2458 : 12628/93404=1.351976e-01 16 : 186266/747232=2.492747e-01 101 : 5.700018e+00 4.840444e-01 5.215973e+00 : 2.999991e+00 8.909157e-01 2.109075e+00
2475 : 12715/94050=1.351940e-01 16 : 187529/752400=2.492411e-01 101 : 5.700022e+00 4.840539e-01 5.215968e+00 : 2.999990e+00 8.908575e-01 2.109133e+00
2492 : 12820/94696=1.353806e-01 16 : 188817/757568=2.492410e-01 101 : 5.700012e+00 4.844700e-01 5.215542e+00 : 2.999990e+00 8.908225e-01 2.109168e+00
2509 : 12911/95342=1.354178e-01 16 : 190140/762736=2.492868e-01 101 : 5.700018e+00 4.844913e-01 5.215527e+00 : 2.999991e+00 8.909352e-01 2.109056e+00
2526 : 12984/95988=1.352669e-01 16 : 191397/767904=2.492460e-01 101 : 5.700020e+00 4.840882e-01 5.215932e+00 : 2.999992e+00 8.910079e-01 2.108984e+00
2544 : 13069/96672=1.351891e-01 16 : 192763/773376=2.492487e-01 101 : 5.700017e+00 4.838189e-01 5.216198e+00 : 2.999992e+00 8.910525e-01 2.108939e+00
2561 : 13140/97318=1.350213e-01 16 : 194041/778544=2.492358e-01 101 : 5.700013e+00 4.833724e-01 5.216641e+00 : 2.999991e+00 8.911268e-01 2.108865e+00
2578 : 13232/97964=1.350700e-01 16 : 195354/783712=2.492676e-01 101 : 5.700020e+00 4.834625e-01 5.216557e+00 : 2.999992e+00 8.912031e-01 2.108789e+00
2595 : 13327/98610=1.351486e-01 16 : 196689/788880=2.493269e-01 101 : 5.700007e+00 4.836557e-01 5.216351e+00 : 2.999992e+00 8.912031e-01 2.108788e+00
2612 : 13415/99256=1.351556e-01 16 : 197950/794048=2.492922e-01 101 : 5.700014e+00 4.836202e-01 5.216394e+00 : 2.999991e+00 8.911224e-01 2.108869e+00
2630 : 13504/99940=1.351211e-01 16 : 199372/799520=2.493646e-01 107 : 5.700017e+00 4.835861e-01 5.216431e+00 : 2.999991e+00 8.913498e-01 2.108642e+00
2647 : 13590/100586=1.351083e-01 16 : 200714/804688=2.494308e-01 107 : 5.700007e+00 4.834882e-01 5.216518e+00 : 2.999991e+00 8.914461e-01 2.108545e+00
2664 : 13671/101232=1.350462e-01 16 : 202003/809856=2.494308e-01 107 : 5.700010e+00 4.833747e-01 5.216635e+00 : 2.999991e+00 8.914056e-01 2.108586e+00
2681 : 13767/101878=1.351322e-01 16 : 203385/815024=2.495448e-01 107 : 5.700014e+00 4.835195e-01 5.216494e+00 : 2.999992e+00 8.917127e-01 2.108279e+00
2698 : 13850/102524=1.350903e-01 16 : 204660/820192=2.495269e-01 107 : 5.700013e+00 4.834851e-01 5.216528e+00 : 2.999992e+00 8.916431e-01 2.108349e+00
2716 : 13945/103208=1.351155e-01 16 : 206028/825664=2.495301e-01 107 : 5.700009e+00 4.834405e-01 5.216568e+00 : 2.999992e+00 8.917118e-01 2.108281e+00
2733 : 14018/103854=1.349779e-01 16 : 207344/830832=2.495619e-01 107 : 5.700002e+00 4.831451e-01 5.216857e+00 : 2.999993e+00 8.917747e-01 2.108218e+00
2750 : 14102/104500=1.349474e-01 16 : 208626/836000=2.495526e-01 107 : 5.700007e+00 4.830661e-01 5.216941e+00 : 2.999993e+00 8.917714e-01 2.108222e+00
2767 : 14177/105146=1.348316e-01 16 : 209915/841168=2.495518e-01 107 : 5.699993e+00 4.827944e-01 5.217199e+00 : 2.999993e+00 8.917951e-01 2.108198e+00
2784 : 14265/105792=1.348401e-01 16 : 211173/846336=2.495144e-01 107 : 5.700009e+00 4.827901e-01 5.217219e+00 : 2.999993e+00 8.916919e-01 2.108301e+00
2802 : 14365/106476=1.349130e-01 16 : 212545/851808=2.495222e-01 107 : 5.700000e+00 4.828597e-01 5.217140e+00 : 2.999993e+00 8.917915e-01 2.108202e+00
2819 : 14461/107122=1.349956e-01 16 : 213804/856976=2.494866e-01 107 : 5.700006e+00 4.830025e-01 5.217003e+00 : 2.999993e+00 8.917472e-01 2.108246e+00
2836 : 14534/107768=1.348638e-01 16 : 215143/862144=2.495442e-01 107 : 5.700007e+00 4.827172e-01 5.217290e+00 : 2.999993e+00 8.918278e-01 2.108165e+00
2853 : 14626/108414=1.349088e-01 16 : 216457/867312=2.495722e-01 107 : 5.700011e+00 4.827958e-01 5.217215e+00 : 2.999993e+00 8.919164e-01 2.108077e+00
2870 : 14708/109060=1.348615e-01 16 : 217729/872480=2.495519e-01 107 : 5.700020e+00 4.826393e-01 5.217380e+00 : 2.999993e+00 8.919164e-01 2.108077e+00
2887 : 14798/109706=1.348878e-01 16 : 219036/877648=2.495716e-01 107 : 5.700025e+00 4.826576e-01 5.217368e+00 : 2.999993e+00 8.920295e-01 2.107964e+00
2905 : 14890/110390=1.348854e-01 16 : 220439/883120=2.496139e-01 107 : 5.700036e+00 4.826335e-01 5.217403e+00 : 2.999994e+00 8.921953e-01 2.107798e+00
2922 : 14989/111036=1.349923e-01 16 : 221747/888288=2.496341e-01 107 : 5.700021e+00 4.828358e-01 5.217185e+00 : 2.999994e+00 8.922144e-01 2.107779e+00
2939 : 15062/111682=1.348651e-01 16 : 222980/893456=2.495702e-01 107 : 5.700017e+00 4.825378e-01 5.217479e+00 : 2.999994e+00 8.920339e-01 2.107960e+00
2956 : 15158/112328=1.349441e-01 16 : 224277/898624=2.495782e-01 107 : 5.700034e+00 4.827385e-01 5.217295e+00 : 2.999994e+00 8.920095e-01 2.107984e+00
2974 : 15255/113012=1.349857e-01 16 : 225648/904096=2.495841e-01 107 : 5.700033e+00 4.828477e-01 5.217185e+00 : 2.999993e+00 8.919613e-01 2.108032e+00
2991 : 15364/113658=1.351775e-01 16 : 226889/909264=2.495304e-01 107 : 5.700025e+00 4.833031e-01 5.216722e+00 : 2.999993e+00 8.918535e-01 2.108140e+00
3008 : 15460/114304=1.352534e-01 16 : 228165/914432=2.495155e-01 107 : 5.700035e+00 4.834241e-01 5.216610e+00 : 2.999993e+00 8.917937e-01 2.108199e+00
3025 : 15540/114950=1.351892e-01 16 : 229398/919600=2.494541e-01 107 : 5.700035e+00 4.832649e-01 5.216770e+00 : 2.999992e+00 8.916227e-01 2.108369e+00
3042 : 15621/115596=1.351344e-01 16 : 230673/924768=2.494388e-01 107 : 5.700044e+00 4.831214e-01 5.216923e+00 : 2.999991e+00 8.915365e-01 2.108455e+00
3059 : 15716/116242=1.352007e-01 16 : 232029/929936=2.495107e-01 107 : 5.700045e+00 4.832565e-01 5.216788e+00 : 2.999991e+00 8.917196e-01 2.108271e+00
3077 : 15819/116926=1.352907e-01 16 : 233380/935408=2.494954e-01 107 : 5.700048e+00 4.833969e-01 5.216651e+00 : 2.999991e+00 8.916947e-01 2.108297e+00
3094 : 15913/117572=1.353469e-01 16 : 234691/940576=2.495184e-01 107 : 5.700064e+00 4.835344e-01 5.216529e+00 : 2.999991e+00 8.916459e-01 2.108345e+00
3111 : 15993/118218=1.352840e-01 16 : 236024/945744=2.495644e-01 107 : 5.700071e+00 4.834031e-01 5.216668e+00 : 2.999992e+00 8.917136e-01 2.108278e+00
3128 : 16079/118864=1.352722e-01 16 : 237315/950912=2.495657e-01 107 : 5.700066e+00 4.833633e-01 5.216703e+00 : 2.999992e+00 8.917972e-01 2.108195e+00
3145 : 16155/119510=1.351770e-01 16 : 238641/956080=2.496036e-01 107 : 5.700077e+00 4.832146e-01 5.216863e+00 : 2.999993e+00 8.918326e-01 2.108160e+00
3163 : 16249/120194=1.351898e-01 16 : 239994/961552=2.495902e-01 107 : 5.700076e+00 4.832154e-01 5.216861e+00 : 2.999993e+00 8.918436e-01 2.108149e+00
3180 : 16336/120840=1.351870e-01 16 : 241318/966720=2.496255e-01 107 : 5.700080e+00 4.831868e-01 5.216893e+00 : 2.999993e+00 8.920736e-01 2.107919e+00
3197 : 16403/121486=1.350197e-01 16 : 242554/971888=2.495699e-01 107 : 5.700087e+00 4.828670e-01 5.217220e+00 : 2.999993e+00 8.919891e-01 2.108003e+00
3214 : 16492/122132=1.350342e-01 16 : 243848/977056=2.495742e-01 107 : 5.700088e+00 4.829312e-01 5.217157e+00 : 2.999992e+00 8.920546e-01 2.107938e+00
3231 : 16581/122778=1.350486e-01 16 : 245129/982224=2.495653e-01 107 : 5.700093e+00 4.829559e-01 5.217137e+00 : 2.999992e+00 8.920237e-01 2.107969e+00
3249 : 16693/123462=1.352076e-01 16 : 246412/987696=2.494816e-01 107 : 5.700102e+00 4.832875e-01 5.216815e+00 : 2.999991e+00 8.918457e-01 2.108146e+00
3266 : 16769/124108=1.351162e-01 16 : 247716/992864=2.494964e-01 107 : 5.700106e+00 4.831087e-01 5.216998e+00 : 2.999991e+00 8.918587e-01 2.108132e+00
3283 : 16837/124754=1.349616e-01 16 : 248956/998032=2.494469e-01 107 : 5.700102e+00 4.828050e-01 5.217297e+00 : 2.999990e+00 8.916698e-01 2.108321e+00
3300 : 16923/125400=1.349522e-01 16 : 250310/1003200=2.495116e-01 107 : 5.700115e+00 4.827957e-01 5.217319e+00 : 2.999991e+00 8.918038e-01 2.108187e+00
3317 : 17017/126046=1.350063e-01 16 : 251643/1008368=2.495547e-01 107 : 5.700106e+00 4.829056e-01 5.217201e+00 : 2.999991e+00 8.918948e-01 2.108097e+00
3335 : 17102/126730=1.349483e-01 16 : 253078/1013840=2.496232e-01 107 : 5.700111e+00 4.828130e-01 5.217298e+00 : 2.999992e+00 8.920197e-01 2.107973e+00
3352 : 17204/127376=1.350647e-01 16 : 254382/1019008=2.496369e-01 107 : 5.700111e+00 4.830625e-01 5.217048e+00 : 2.999992e+00 8.920316e-01 2.107961e+00
3369 : 17295/128022=1.350940e-01 16 : 255730/1024176=2.496934e-01 107 : 5.700125e+00 4.830897e-01 5.217036e+00 : 2.999992e+00 8.921468e-01 2.107846e+00
3386 : 17388/128668=1.351385e-01 16 : 257019/1029344=2.496920e-01 107 : 5.700123e+00 4.831621e-01 5.216961e+00 : 2.999993e+00 8.921804e-01 2.107812e+00
3403 : 17477/129314=1.351516e-01 16 : 258313/1034512=2.496955e-01 107 : 5.700131e+00 4.831105e-01 5.217021e+00 : 2.999993e+00 8.922241e-01 2.107769e+00
3421 : 17570/129998=1.351559e-01 16 : 259726/1039984=2.497404e-01 107 : 5.700122e+00 4.831509e-01 5.216971e+00 : 2.999993e+00 8.923246e-01 2.107668e+00
3438 : 17666/130644=1.352224e-01 16 : 261031/1045152=2.497541e-01 107 : 5.700133e+00 4.833001e-01 5.216833e+00 : 2.999993e+00 8.923865e-01 2.107606e+00
3455 : 17754/131290=1.352274e-01 16 : 262272/1050320=2.497068e-01 107 : 5.700143e+00 4.833001e-01 5.216843e+00 : 2.999993e+00 8.923940e-01 2.107599e+00
3472 : 17822/131936=1.350806e-01 16 : 263569/1055488=2.497129e-01 107 : 5.700149e+00 4.830354e-01 5.217113e+00 : 2.999992e+00 8.924365e-01 2.107556e+00
3489 : 17891/132582=1.349429e-01 16 : 264864/1060656=2.497172e-01 107 : 5.700142e+00 4.827321e-01 5.217410e+00 : 2.999992e+00 8.924890e-01 2.107503e+00
3507 : 17991/133266=1.350007e-01 16 : 266181/1066128=2.496708e-01 107 : 5.700143e+00 4.829360e-01 5.217207e+00 : 2.999992e+00 8.924136e-01 2.107578e+00
3524 : 18082/133912=1.350290e-01 16 : 267517/1071296=2.497134e-01 107 : 5.700138e+00 4.829781e-01 5.217160e+00 : 2.999992e+00 8.925313e-01 2.107461e+00
3541 : 18178/134558=1.350942e-01 16 : 268857/1076464=2.497594e-01 107 : 5.700146e+00 4.830988e-01 5.217047e+00 : 2.999992e+00 8.925963e-01 2.107396e+00
3558 : 18259/135204=1.350478e-01 16 : 270122/1081632=2.497356e-01 107 : 5.700149e+00 4.830041e-01 5.217145e+00 : 2.999992e+00 8.924869e-01 2.107505e+00
3575 : 18360/135850=1.351491e-01 16 : 271417/1086800=2.497396e-01 107 : 5.700152e+00 4.831540e-01 5.216998e+00 : 2.999992e+00 8.925043e-01 2.107488e+00
3593 : 18452/136534=1.351458e-01 16 : 272771/1092272=2.497281e-01 107 : 5.700155e+00 4.831843e-01 5.216971e+00 : 2.999992e+00 8.924736e-01 2.107519e+00
3610 : 18546/137180=1.351946e-01 16 : 274092/1097440=2.497558e-01 107 : 5.700157e+00 4.833164e-01 5.216840e+00 : 2.999992e+00 8.925390e-01 2.107453e+00
3627 : 18642/137826=1.352575e-01 16 : 275330/1102608=2.497080e-01 107 : 5.700156e+00 4.834941e-01 5.216662e+00 : 2.999992e+00 8.924825e-01 2.107509e+00
3644 : 18715/138472=1.351537e-01 16 : 276652/1107776=2.497364e-01 107 : 5.700162e+00 4.832447e-01 5.216917e+00 : 2.999992e+00 8.925817e-01 2.107410e+00
3661 : 18800/139118=1.351371e-01 16 : 277952/1112944=2.497448e-01 107 : 5.700170e+00 4.832290e-01 5.216941e+00 : 2.999992e+00 8.925633e-01 2.107429e+00
3679 : 18900/139802=1.351912e-01 16 : 279353/1118416=2.497756e-01 107 : 5.700166e+00 4.833607e-01 5.216806e+00 : 2.999993e+00 8.926755e-01 2.107317e+00
3696 : 18975/140448=1.351034e-01 16 : 280634/1123584=2.497668e-01 107 : 5.700165e+00 4.831515e-01 5.217013e+00 : 2.999993e+00 8.926033e-01 2.107389e+00
3713 : 19055/141094=1.350518e-01 16 : 281872/1128752=2.497200e-01 107 : 5.700164e+00 4.830397e-01 5.217125e+00 : 2.999993e+00 8.925349e-01 2.107458e+00
3730 : 19143/141740=1.350571e-01 16 : 283204/1133920=2.497566e-01 107 : 5.700159e+00 4.830132e-01 5.217146e+00 : 2.999993e+00 8.926175e-01 2.107376e+00
3747 : 19230/142386=1.350554e-01 16 : 284455/1139088=2.497217e-01 107 : 5.700156e+00 4.829761e-01 5.217179e+00 : 2.999993e+00 8.925000e-01 2.107493e+00
3765 : 19328/143070=1.350947e-01 16 : 285803/1144560=2.497056e-01 107 : 5.700152e+00 4.830160e-01 5.217136e+00 : 2.999993e+00 8.924820e-01 2.107511e+00
3782 : 19404/143716=1.350163e-01 16 : 287101/1149728=2.497121e-01 107 : 5.700145e+00 4.827829e-01 5.217362e+00 : 2.999994e+00 8.925047e-01 2.107489e+00
3799 : 19486/144362=1.349801e-01 16 : 288417/1154896=2.497342e-01 107 : 5.700143e+00 4.827497e-01 5.217394e+00 : 2.999994e+00 8.925193e-01 2.107474e+00
3816 : 19579/145008=1.350201e-01 16 : 289733/1160064=2.497560e-01 107 : 5.700143e+00 4.828495e-01 5.217293e+00 : 2.999994e+00 8.925492e-01 2.107445e+00
3833 : 19676/145654=1.350873e-01 16 : 290983/1165232=2.497211e-01 107 : 5.700146e+00 4.829777e-01 5.217169e+00 : 2.999993e+00 8.924665e-01 2.107527e+00
3851 : 19766/146338=1.350709e-01 16 : 292330/1170704=2.497045e-01 107 : 5.700131e+00 4.829780e-01 5.217153e+00 : 2.999993e+00 8.924017e-01 2.107591e+00
3868 : 19860/146984=1.351167e-01 16 : 293628/1175872=2.497109e-01 107 : 5.700136e+00 4.830608e-01 5.217075e+00 : 2.999993e+00 8.923740e-01 2.107619e+00
3885 : 19947/147630=1.351148e-01 16 : 294862/1181040=2.496630e-01 107 : 5.700136e+00 4.830959e-01 5.217040e+00 : 2.999993e+00 8.923256e-01 2.107668e+00
3902 : 20017/148276=1.349982e-01 16 : 296147/1186208=2.496586e-01 107 : 5.700133e+00 4.828277e-01 5.217306e+00 : 2.999993e+00 8.923253e-01 2.107668e+00
3919 : 20097/148922=1.349498e-01 16 : 297442/1191376=2.496626e-01 107 : 5.700134e+00 4.827150e-01 5.217419e+00 : 2.999993e+00 8.923149e-01 2.107678e+00
3937 : 20166/149606=1.347941e-01 16 : 298828/1196848=2.496792e-01 107 : 5.700135e+00 4.823562e-01 5.217778e+00 : 2.999994e+00 8.923605e-01 2.107633e+00
3954 : 20245/150252=1.347403e-01 16 : 300084/1202016=2.496506e-01 107 : 5.700135e+00 4.822322e-01 5.217903e+00 : 2.999994e+00 8.924190e-01 2.107575e+00
3971 : 20336/150898=1.347665e-01 16 : 301392/1207184=2.496653e-01 107 : 5.700138e+00 4.822995e-01 5.217838e+00 : 2.999994e+00 8.924713e-01 2.107523e+00
3988 : 20429/151544=1.348057e-01 16 : 302719/1212352=2.496956e-01 107 : 5.700143e+00 4.823624e-01 5.217781e+00 : 2.999994e+00 8.925425e-01 2.107452e+00
4005 : 20531/152190=1.349037e-01 16 : 304018/1217520=2.497027e-01 107 : 5.700153e+00 4.825819e-01 5.217571e+00 : 2.999994e+00 8.926099e-01 2.107384e+00
4023 : 20626/152874=1.349216e-01 16 : 305368/1222992=2.496893e-01 107 : 5.700151e+00 4.826290e-01 5.217522e+00 : 2.999994e+00 8.926016e-01 2.107393e+00
4040 : 20714/153520=1.349270e-01 16 : 306654/1228160=2.496857e-01 107 : 5.700157e+00 4.826674e-01 5.217489e+00 : 2.999994e+00 8.925992e-01 2.107394e+00
4057 : 20800/154166=1.349195e-01 16 : 307972/1233328=2.497081e-01 107 : 5.700160e+00 4.826205e-01 5.217539e+00 : 2.999994e+00 8.926680e-01 2.107326e+00
4074 : 20888/154812=1.349249e-01 16 : 309275/1238496=2.497182e-01 107 : 5.700162e+00 4.826485e-01 5.217514e+00 : 2.999994e+00 8.927322e-01 2.107262e+00
4091 : 20964/155458=1.348531e-01 16 : 310562/1243664=2.497154e-01 107 : 5.700159e+00 4.824934e-01 5.217665e+00 : 2.999994e+00 8.926655e-01 2.107329e+00
4109 : 21044/156142=1.347748e-01 16 : 311946/1249136=2.497294e-01 107 : 5.700152e+00 4.822700e-01 5.217882e+00 : 2.999994e+00 8.927528e-01 2.107241e+00
4126 : 21130/156788=1.347680e-01 16 : 313229/1254304=2.497234e-01 107 : 5.700149e+00 4.822932e-01 5.217856e+00 : 2.999994e+00 8.927302e-01 2.107263e+00
4143 : 21210/157434=1.347231e-01 16 : 314505/1259472=2.497118e-01 107 : 5.700150e+00 4.821826e-01 5.217967e+00 : 2.999994e+00 8.926699e-01 2.107324e+00
4160 : 21307/158080=1.347862e-01 16 : 315812/1264640=2.497248e-01 107 : 5.700149e+00 4.823428e-01 5.217806e+00 : 2.999994e+00 8.927208e-01 2.107273e+00
4177 : 21398/158726=1.348109e-01 16 : 317058/1269808=2.496897e-01 107 : 5.700151e+00 4.824578e-01 5.217693e+00 : 2.999994e+00 8.926312e-01 2.107363e+00
4194 : 21489/159372=1.348355e-01 16 : 318331/1274976=2.496761e-01 107 : 5.700151e+00 4.825645e-01 5.217586e+00 : 2.999994e+00 8.925639e-01 2.107430e+00
4212 : 21572/160056=1.347778e-01 16 : 319630/1280448=2.496236e-01 107 : 5.700150e+00 4.825109e-01 5.217639e+00 : 2.999993e+00 8.924076e-01 2.107586e+00
4229 : 21655/160702=1.347525e-01 16 : 320941/1285616=2.496399e-01 107 : 5.700142e+00 4.824939e-01 5.217649e+00 : 2.999994e+00 8.924974e-01 2.107496e+00
4246 : 21740/161348=1.347398e-01 16 : 322198/1290784=2.496142e-01 107 : 5.700147e+00 4.824662e-01 5.217680e+00 : 2.999994e+00 8.924271e-01 2.107567e+00
4263 : 21808/161994=1.346223e-01 16 : 323475/1295952=2.496042e-01 107 : 5.700148e+00 4.821612e-01 5.217987e+00 : 2.999994e+00 8.923979e-01 2.107596e+00
4280 : 21883/162640=1.345487e-01 16 : 324791/1301120=2.496242e-01 107 : 5.700155e+00 4.819768e-01 5.218178e+00 : 2.999994e+00 8.924488e-01 2.107545e+00
4298 : 21962/163324=1.344689e-01 16 : 326213/1306592=2.496671e-01 107 : 5.700158e+00 4.818312e-01 5.218327e+00 : 2.999994e+00 8.925738e-01 2.107420e+00
4315 : 22040/163970=1.344148e-01 16 : 327496/1311760=2.496615e-01 107 : 5.700162e+00 4.817360e-01 5.218426e+00 : 2.999994e+00 8.925067e-01 2.107487e+00
4332 : 22118/164616=1.343612e-01 16 : 328748/1316928=2.496325e-01 107 : 5.700164e+00 4.816023e-01 5.218562e+00 : 2.999994e+00 8.924634e-01 2.107530e+00
4349 : 22197/165262=1.343140e-01 16 : 330071/1322096=2.496574e-01 107 : 5.700171e+00 4.814976e-01 5.218674e+00 : 2.999994e+00 8.925117e-01 2.107482e+00
4366 : 22289/165908=1.343455e-01 16 : 331382/1327264=2.496730e-01 107 : 5.700174e+00 4.815743e-01 5.218600e+00 : 2.999994e+00 8.925612e-01 2.107433e+00
4384 : 22385/166592=1.343702e-01 16 : 332754/1332736=2.496774e-01 107 : 5.700167e+00 4.816211e-01 5.218546e+00 : 2.999994e+00 8.925530e-01 2.107441e+00
4401 : 22476/167238=1.343953e-01 16 : 334102/1337904=2.497205e-01 107 : 5.700169e+00 4.816554e-01 5.218514e+00 : 2.999994e+00 8.926292e-01 2.107365e+00
4418 : 22583/167884=1.345155e-01 16 : 335434/1343072=2.497513e-01 107 : 5.700172e+00 4.819074e-01 5.218265e+00 : 2.999994e+00 8.927041e-01 2.107290e+00
4435 : 22686/168530=1.346110e-01 16 : 336687/1348240=2.497233e-01 107 : 5.700172e+00 4.821048e-01 5.218067e+00 : 2.999994e+00 8.926539e-01 2.107340e+00
4452 : 22770/169176=1.345936e-01 16 : 337979/1353408=2.497244e-01 107 : 5.700172e+00 4.820326e-01 5.218139e+00 : 2.999994e+00 8.927301e-01 2.107264e+00
4469 : 22855/169822=1.345821e-01 16 : 339254/1358576=2.497129e-01 107 : 5.700172e+00 4.819899e-01 5.218183e+00 : 2.999994e+00 8.926776e-01 2.107317e+00
4487 : 22946/170506=1.345759e-01 16 : 340661/1364048=2.497427e-01 107 : 5.700175e+00 4.819175e-01 5.218258e+00 : 2.999994e+00 8.927565e-01 2.107238e+00
4504 : 23033/171152=1.345763e-01 16 : 341970/1369216=2.497561e-01 107 : 5.700176e+00 4.819585e-01 5.218217e+00 : 2.999994e+00 8.928001e-01 2.107194e+00
4521 : 23114/171798=1.345417e-01 16 : 343238/1374384=2.497395e-01 107 : 5.700174e+00 4.819004e-01 5.218273e+00 : 2.999994e+00 8.927716e-01 2.107223e+00
4538 : 23221/172444=1.346582e-01 16 : 344544/1379552=2.497506e-01 107 : 5.700179e+00 4.821089e-01 5.218070e+00 : 2.999994e+00 8.928422e-01 2.107152e+00
4555 : 23319/173090=1.347218e-01 16 : 345845/1384720=2.497581e-01 107 : 5.700177e+00 4.822736e-01 5.217903e+00 : 2.999995e+00 8.928874e-01 2.107107e+00
4573 : 23419/173774=1.347670e-01 16 : 347259/1390192=2.497921e-01 107 : 5.700181e+00 4.823861e-01 5.217795e+00 : 2.999995e+00 8.929622e-01 2.107033e+00
4590 : 23501/174420=1.347380e-01 16 : 348547/1395360=2.497900e-01 107 : 5.700182e+00 4.823480e-01 5.217834e+00 : 2.999995e+00 8.929637e-01 2.107031e+00
4607 : 23612/175066=1.348748e-01 16 : 349887/1400528=2.498251e-01 107 : 5.700182e+00 4.826759e-01 5.217506e+00 : 2.999995e+00 8.930458e-01 2.106949e+00
4624 : 23695/175712=1.348513e-01 16 : 351222/1405696=2.498563e-01 107 : 5.700184e+00 4.826234e-01 5.217561e+00 : 2.999995e+00 8.931621e-01 2.106833e+00
4641 : 23773/176358=1.347997e-01 16 : 352469/1410864=2.498249e-01 107 : 5.700193e+00 4.824964e-01 5.217697e+00 : 2.999995e+00 8.930978e-01 2.106897e+00
4659 : 23874/177042=1.348494e-01 16 : 353882/1416336=2.498574e-01 107 : 5.700191e+00 4.825614e-01 5.217630e+00 : 2.999996e+00 8.931385e-01 2.106857e+00
4676 : 23952/177688=1.347981e-01 16 : 355147/1421504=2.498389e-01 107 : 5.700188e+00 4.824191e-01 5.217769e+00 : 2.999996e+00 8.931014e-01 2.106894e+00
4693 : 24043/178334=1.348201e-01 16 : 356469/1426672=2.498605e-01 107 : 5.700188e+00 4.824560e-01 5.217732e+00 : 2.999996e+00 8.931287e-01 2.106867e+00
4710 : 24119/178980=1.347581e-01 16 : 357764/1431840=2.498631e-01 107 : 5.700192e+00 4.823695e-01 5.217823e+00 : 2.999996e+00 8.931955e-01 2.106801e+00
4727 : 24205/179626=1.347522e-01 16 : 359077/1437008=2.498782e-01 107 : 5.700192e+00 4.823563e-01 5.217835e+00 : 2.999996e+00 8.932320e-01 2.106764e+00
4745 : 24289/180310=1.347069e-01 16 : 360437/1442480=2.498731e-01 107 : 5.700191e+00 4.822337e-01 5.217958e+00 : 2.999996e+00 8.932041e-01 2.106792e+00
4762 : 24368/180956=1.346626e-01 16 : 361785/1447648=2.499123e-01 107 : 5.700194e+00 4.821423e-01 5.218052e+00 : 2.999996e+00 8.932724e-01 2.106723e+00
4779 : 24456/181602=1.346681e-01 16 : 363090/1452816=2.499215e-01 107 : 5.700198e+00 4.822019e-01 5.217996e+00 : 2.999996e+00 8.933245e-01 2.106671e+00
4796 : 24542/182248=1.346627e-01 16 : 364395/1457984=2.499307e-01 107 : 5.700199e+00 4.822127e-01 5.217986e+00 : 2.999996e+00 8.933778e-01 2.106618e+00
4813 : 24632/182894=1.346791e-01 16 : 365695/1463152=2.499364e-01 107 : 5.700196e+00 4.822517e-01 5.217944e+00 : 2.999996e+00 8.933601e-01 2.106636e+00
4831 : 24716/183578=1.346349e-01 16 : 367030/1468624=2.499142e-01 107 : 5.700198e+00 4.821315e-01 5.218066e+00 : 2.999996e+00 8.933447e-01 2.106651e+00
4848 : 24799/184224=1.346133e-01 16 : 368343/1473792=2.499288e-01 107 : 5.700193e+00 4.820746e-01 5.218118e+00 : 2.999996e+00 8.934469e-01 2.106549e+00
4865 : 24892/184870=1.346460e-01 16 : 369641/1478960=2.499331e-01 107 : 5.700194e+00 4.821728e-01 5.218021e+00 : 2.999996e+00 8.934607e-01 2.106535e+00
4882 : 24981/185516=1.346568e-01 16 : 370889/1484128=2.499036e-01 107 : 5.700201e+00 4.821806e-01 5.218021e+00 : 2.999996e+00 8.933749e-01 2.106621e+00
4899 : 25060/186162=1.346139e-01 16 : 372181/1489296=2.499040e-01 107 : 5.700196e+00 4.820676e-01 5.218129e+00 : 2.999996e+00 8.933606e-01 2.106635e+00
4917 : 25162/186846=1.346671e-01 16 : 373547/1494768=2.499030e-01 107 : 5.700195e+00 4.821224e-01 5.218073e+00 : 2.999996e+00 8.933741e-01 2.106622e+00
4934 : 25265/187492=1.347524e-01 16 : 374849/1499936=2.499100e-01 107 : 5.700202e+00 4.823321e-01 5.217869e+00 : 2.999996e+00 8.934309e-01 2.106565e+00
4951 : 25359/188138=1.347894e-01 16 : 376173/1505104=2.499316e-01 107 : 5.700203e+00 4.823949e-01 5.217808e+00 : 2.999996e+00 8.934596e-01 2.106536e+00
4968 : 25446/188784=1.347890e-01 16 : 377465/1510272=2.499318e-01 107 : 5.700203e+00 4.824027e-01 5.217801e+00 : 2.999996e+00 8.934942e-01 2.106502e+00
4985 : 25537/189430=1.348097e-01 16 : 378793/1515440=2.499558e-01 107 : 5.700199e+00 4.824383e-01 5.217760e+00 : 2.999996e+00 8.935810e-01 2.106415e+00
5003 : 25624/190114=1.347823e-01 16 : 380196/1520912=2.499790e-01 107 : 5.700204e+00 4.824058e-01 5.217799e+00 : 2.999997e+00 8.936681e-01 2.106329e+00
5020 : 25719/190760=1.348239e-01 16 : 381518/1526080=2.499987e-01 107 : 5.700209e+00 4.824608e-01 5.217748e+00 : 2.999997e+00 8.936967e-01 2.106300e+00
5037 : 25808/191406=1.348338e-01 16 : 382841/1531248=2.500189e-01 107 : 5.700212e+00 4.824524e-01 5.217759e+00 : 2.999997e+00 8.937450e-01 2.106252e+00
5054 : 25904/192052=1.348801e-01 16 : 384172/1536416=2.500443e-01 107 : 5.700214e+00 4.825588e-01 5.217655e+00 : 2.999997e+00 8.938078e-01 2.106189e+00
5071 : 25991/192698=1.348794e-01 16 : 385492/1541584=2.500623e-01 107 : 5.700209e+00 4.824808e-01 5.217728e+00 : 2.999997e+00 8.938119e-01 2.106185e+00
5089 : 26099/193382=1.349609e-01 16 : 386801/1547056=2.500239e-01 107 : 5.700207e+00 4.826991e-01 5.217508e+00 : 2.999997e+00 8.937384e-01 2.106258e+00
5106 : 26181/194028=1.349341e-01 16 : 388136/1552224=2.500515e-01 107 : 5.700214e+00 4.826541e-01 5.217560e+00 : 2.999997e+00 8.938257e-01 2.106171e+00
5123 : 26269/194674=1.349384e-01 16 : 389478/1557392=2.500835e-01 107 : 5.700220e+00 4.826584e-01 5.217562e+00 : 2.999997e+00 8.938704e-01 2.106127e+00
5140 : 26354/195320=1.349273e-01 16 : 390780/1562560=2.500896e-01 107 : 5.700219e+00 4.826224e-01 5.217597e+00 : 2.999997e+00 8.938636e-01 2.106133e+00
5157 : 26433/195966=1.348856e-01 16 : 392120/1567728=2.501199e-01 107 : 5.700219e+00 4.825222e-01 5.217697e+00 : 2.999997e+00 8.938777e-01 2.106119e+00
5175 : 26525/196650=1.348843e-01 16 : 393476/1573200=2.501119e-01 107 : 5.700226e+00 4.825507e-01 5.217675e+00 : 2.999997e+00 8.938625e-01 2.106134e+00
5192 : 26621/197296=1.349292e-01 16 : 394742/1578368=2.500950e-01 107 : 5.700224e+00 4.826391e-01 5.217585e+00 : 2.999997e+00 8.938317e-01 2.106165e+00
5209 : 26714/197942=1.349587e-01 16 : 396004/1583536=2.500758e-01 107 : 5.700222e+00 4.826721e-01 5.217550e+00 : 2.999997e+00 8.937950e-01 2.106202e+00
5226 : 26798/198588=1.349427e-01 16 : 397296/1588704=2.500755e-01 107 : 5.700230e+00 4.826578e-01 5.217572e+00 : 2.999997e+00 8.937657e-01 2.106231e+00
5243 : 26887/199234=1.349519e-01 16 : 398617/1593872=2.500935e-01 107 : 5.700234e+00 4.827005e-01 5.217534e+00 : 2.999997e+00 8.938193e-01 2.106178e+00
5261 : 26985/199918=1.349803e-01 16 : 399954/1599344=2.500738e-01 107 : 5.700236e+00 4.827573e-01 5.217478e+00 : 2.999997e+00 8.937755e-01 2.106222e+00
5278 : 27056/200564=1.348996e-01 16 : 401264/1604512=2.500848e-01 107 : 5.700234e+00 4.825894e-01 5.217645e+00 : 2.999997e+00 8.938360e-01 2.106161e+00
5295 : 27159/201210=1.349784e-01 16 : 402545/1609680=2.500777e-01 107 : 5.700242e+00 4.827861e-01 5.217455e+00 : 2.999997e+00 8.938283e-01 2.106169e+00
5312 : 27257/201856=1.350319e-01 16 : 403884/1614848=2.501065e-01 107 : 5.700243e+00 4.829161e-01 5.217326e+00 : 2.999997e+00 8.939001e-01 2.106097e+00
5329 : 27341/202502=1.350160e-01 16 : 405193/1620016=2.501167e-01 107 : 5.700245e+00 4.828958e-01 5.217349e+00 : 2.999997e+00 8.939114e-01 2.106086e+00
5347 : 27438/203186=1.350388e-01 16 : 406561/1625488=2.501163e-01 107 : 5.700249e+00 4.829934e-01 5.217255e+00 : 2.999997e+00 8.939257e-01 2.106072e+00
5364 : 27536/203832=1.350916e-01 16 : 407851/1630656=2.501147e-01 107 : 5.700252e+00 4.831017e-01 5.217150e+00 : 2.999998e+00 8.939709e-01 2.106027e+00
5381 : 27622/204478=1.350854e-01 16 : 409148/1635824=2.501174e-01 107 : 5.700251e+00 4.831409e-01 5.217110e+00 : 2.999997e+00 8.939777e-01 2.106020e+00
5398 : 27705/205124=1.350646e-01 16 : 410436/1640992=2.501146e-01 107 : 5.700253e+00 4.830731e-01 5.217180e+00 : 2.999997e+00 8.940053e-01 2.105992e+00
5415 : 27783/205770=1.350197e-01 16 : 411715/1646160=2.501063e-01 107 : 5.700258e+00 4.829764e-01 5.217282e+00 : 2.999997e+00 8.939948e-01 2.106002e+00
5433 : 27879/206454=1.350373e-01 16 : 413093/1651632=2.501120e-01 107 : 5.700255e+00 4.830048e-01 5.217250e+00 : 2.999997e+00 8.940065e-01 2.105991e+00
5450 : 27963/207100=1.350217e-01 16 : 414393/1656800=2.501165e-01 107 : 5.700256e+00 4.829499e-01 5.217306e+00 : 2.999997e+00 8.940105e-01 2.105987e+00
5467 : 28076/207746=1.351458e-01 16 : 415674/1661968=2.501095e-01 107 : 5.700256e+00 4.832067e-01 5.217049e+00 : 2.999997e+00 8.939446e-01 2.106053e+00
5484 : 28172/208392=1.351875e-01 16 : 416944/1667136=2.500960e-01 107 : 5.700257e+00 4.832854e-01 5.216972e+00 : 2.999997e+00 8.939018e-01 2.106096e+00
5501 : 28261/209038=1.351955e-01 16 : 418256/1672304=2.501076e-01 107 : 5.700252e+00 4.833152e-01 5.216937e+00 : 2.999997e+00 8.939636e-01 2.106034e+00
5518 : 28355/209684=1.352273e-01 16 : 419565/1677472=2.501174e-01 107 : 5.700252e+00 4.833896e-01 5.216862e+00 : 2.999997e+00 8.940144e-01 2.105983e+00
5536 : 28451/210368=1.352440e-01 16 : 420980/1682944=2.501450e-01 107 : 5.700254e+00 4.834145e-01 5.216839e+00 : 2.999997e+00 8.940834e-01 2.105914e+00
5553 : 28546/211014=1.352801e-01 16 : 422313/1688112=2.501688e-01 107 : 5.700257e+00 4.834840e-01 5.216773e+00 : 2.999998e+00 8.941302e-01 2.105867e+00
5570 : 28636/211660=1.352925e-01 16 : 423619/1693280=2.501766e-01 107 : 5.700255e+00 4.835079e-01 5.216748e+00 : 2.999998e+00 8.941284e-01 2.105869e+00
5587 : 28739/212306=1.353659e-01 16 : 424909/1698448=2.501749e-01 107 : 5.700255e+00 4.836595e-01 5.216595e+00 : 2.999998e+00 8.941535e-01 2.105844e+00
5604 : 28819/212952=1.353310e-01 16 : 426204/1703616=2.501761e-01 107 : 5.700258e+00 4.835515e-01 5.216707e+00 : 2.999998e+00 8.941753e-01 2.105823e+00
5622 : 28913/213636=1.353377e-01 16 : 427625/1709088=2.502065e-01 107 : 5.700256e+00 4.835912e-01 5.216665e+00 : 2.999998e+00 8.941931e-01 2.105805e+00
5639 : 29014/214282=1.354010e-01 16 : 428983/1714256=2.502444e-01 107 : 5.700257e+00 4.837918e-01 5.216465e+00 : 2.999998e+00 8.942657e-01 2.105732e+00
5656 : 29111/214928=1.354454e-01 16 : 430320/1719424=2.502699e-01 107 : 5.700259e+00 4.839161e-01 5.216343e+00 : 2.999998e+00 8.943141e-01 2.105684e+00
5673 : 29206/215574=1.354802e-01 16 : 431650/1724592=2.502911e-01 107 : 5.700259e+00 4.839941e-01 5.216265e+00 : 2.999998e+00 8.943140e-01 2.105684e+00
5690 : 29291/216220=1.354685e-01 16 : 433037/1729760=2.503451e-01 107 : 5.700261e+00 4.839905e-01 5.216271e+00 : 2.999998e+00 8.944197e-01 2.105578e+00
5708 : 29380/216904=1.354516e-01 16 : 434428/1735232=2.503573e-01 107 : 5.700263e+00 4.839646e-01 5.216298e+00 : 2.999998e+00 8.943985e-01 2.105600e+00
5725 : 29473/217550=1.354769e-01 16 : 435679/1740400=2.503327e-01 107 : 5.700267e+00 4.839705e-01 5.216296e+00 : 2.999998e+00 8.943827e-01 2.105615e+00
5742 : 29553/218196=1.354424e-01 16 : 436972/1745568=2.503323e-01 107 : 5.700267e+00 4.838913e-01 5.216376e+00 : 2.999998e+00 8.943702e-01 2.105628e+00
5759 : 29632/218842=1.354036e-01 16 : 438260/1750736=2.503290e-01 107 : 5.700266e+00 4.838226e-01 5.216443e+00 : 2.999998e+00 8.943651e-01 2.105633e+00
5776 : 29724/219488=1.354243e-01 16 : 439537/1755904=2.503195e-01 107 : 5.700264e+00 4.838594e-01 5.216404e+00 : 2.999998e+00 8.943363e-01 2.105662e+00
5794 : 29805/220172=1.353714e-01 16 : 440936/1761376=2.503361e-01 107 : 5.700268e+00 4.837011e-01 5.216567e+00 : 2.999998e+00 8.943267e-01 2.105672e+00
5811 : 29898/220818=1.353966e-01 16 : 442218/1766544=2.503295e-01 107 : 5.700266e+00 4.837378e-01 5.216529e+00 : 2.999998e+00 8.942828e-01 2.105716e+00
5828 : 29986/221464=1.353990e-01 16 : 443484/1771712=2.503138e-01 107 : 5.700266e+00 4.837802e-01 5.216486e+00 : 2.999998e+00 8.942704e-01 2.105728e+00
5845 : 30064/222110=1.353564e-01 16 : 444796/1776880=2.503242e-01 107 : 5.700268e+00 4.836942e-01 5.216574e+00 : 2.999998e+00 8.943133e-01 2.105685e+00
5862 : 30144/222756=1.353230e-01 16 : 446075/1782048=2.503159e-01 107 : 5.700271e+00 4.835991e-01 5.216672e+00 : 2.999998e+00 8.943195e-01 2.105679e+00
5880 : 30236/223440=1.353204e-01 16 : 447434/1787520=2.503099e-01 107 : 5.700272e+00 4.835548e-01 5.216717e+00 : 2.999998e+00 8.943150e-01 2.105683e+00
5897 : 30319/224086=1.353007e-01 16 : 448739/1792688=2.503163e-01 107 : 5.700272e+00 4.835313e-01 5.216741e+00 : 2.999998e+00 8.943210e-01 2.105677e+00
5914 : 30413/224732=1.353301e-01 16 : 450063/1797856=2.503332e-01 107 : 5.700270e+00 4.836110e-01 5.216659e+00 : 2.999999e+00 8.943922e-01 2.105606e+00
5931 : 30506/225378=1.353548e-01 16 : 451338/1803024=2.503228e-01 107 : 5.700268e+00 4.836153e-01 5.216653e+00 : 2.999999e+00 8.943768e-01 2.105622e+00
5948 : 30586/226024=1.353219e-01 16 : 452591/1808192=2.503003e-01 107 : 5.700273e+00 4.835713e-01 5.216702e+00 : 2.999999e+00 8.943094e-01 2.105689e+00
5966 : 30680/226708=1.353283e-01 16 : 453998/1813664=2.503209e-01 107 : 5.700273e+00 4.835723e-01 5.216700e+00 : 2.999999e+00 8.943699e-01 2.105629e+00
5983 : 30760/227354=1.352956e-01 16 : 455313/1818832=2.503326e-01 107 : 5.700271e+00 4.835178e-01 5.216753e+00 : 2.999999e+00 8.944199e-01 2.105579e+00
6000 : 30847/228000=1.352939e-01 16 : 456640/1824000=2.503509e-01 107 : 5.700267e+00 4.835160e-01 5.216751e+00 : 2.999999e+00 8.944567e-01 2.105542e+00
6017 : 30929/228646=1.352702e-01 16 : 457959/1829168=2.503646e-01 107 : 5.700268e+00 4.834965e-01 5.216771e+00 : 2.999999e+00 8.945029e-01 2.105496e+00
6034 : 31023/229292=1.352991e-01 16 : 459227/1834336=2.503505e-01 107 : 5.700270e+00 4.835233e-01 5.216747e+00 : 2.999999e+00 8.944852e-01 2.105514e+00
6052 : 31114/229976=1.352924e-01 16 : 460576/1839808=2.503392e-01 107 : 5.700274e+00 4.834991e-01 5.216775e+00 : 2.999999e+00 8.944497e-01 2.105549e+00
6069 : 31211/230622=1.353340e-01 16 : 461868/1844976=2.503382e-01 107 : 5.700276e+00 4.835553e-01 5.216720e+00 : 2.999999e+00 8.944672e-01 2.105531e+00
6086 : 31302/231268=1.353495e-01 16 : 463147/1850144=2.503302e-01 107 : 5.700277e+00 4.835887e-01 5.216688e+00 : 2.999999e+00 8.944395e-01 2.105559e+00
6103 : 31379/231914=1.353045e-01 16 : 464462/1855312=2.503417e-01 107 : 5.700277e+00 4.834850e-01 5.216792e+00 : 2.999999e+00 8.943978e-01 2.105601e+00
6120 : 31471/232560=1.353242e-01 16 : 465786/1860480=2.503580e-01 107 : 5.700282e+00 4.835596e-01 5.216722e+00 : 2.999998e+00 8.944235e-01 2.105575e+00
6138 : 31581/233244=1.353990e-01 16 : 467169/1865952=2.503650e-01 107 : 5.700280e+00 4.837181e-01 5.216562e+00 : 2.999998e+00 8.944245e-01 2.105574e+00
6155 : 31667/233890=1.353927e-01 16 : 468471/1871120=2.503693e-01 107 : 5.700277e+00 4.837295e-01 5.216547e+00 : 2.999998e+00 8.944584e-01 2.105540e+00
6172 : 31742/234536=1.353396e-01 16 : 469738/1876288=2.503550e-01 107 : 5.700278e+00 4.836049e-01 5.216673e+00 : 2.999998e+00 8.944566e-01 2.105542e+00
6189 : 31835/235182=1.353633e-01 16 : 471030/1881456=2.503540e-01 107 : 5.700276e+00 4.836853e-01 5.216591e+00 : 2.999998e+00 8.944901e-01 2.105508e+00
6206 : 31919/235828=1.353486e-01 16 : 472298/1886624=2.503403e-01 107 : 5.700277e+00 4.836825e-01 5.216594e+00 : 2.999998e+00 8.944209e-01 2.105577e+00
6224 : 32003/236512=1.353124e-01 16 : 473700/1892096=2.503573e-01 107 : 5.700280e+00 4.836009e-01 5.216679e+00 : 2.999998e+00 8.944572e-01 2.105541e+00
6241 : 32092/237158=1.353191e-01 16 : 474997/1897264=2.503589e-01 107 : 5.700279e+00 4.835976e-01 5.216682e+00 : 2.999998e+00 8.944737e-01 2.105525e+00
6258 : 32174/237804=1.352963e-01 16 : 476338/1902432=2.503837e-01 107 : 5.700280e+00 4.835233e-01 5.216757e+00 : 2.999999e+00 8.945449e-01 2.105454e+00
6275 : 32258/238450=1.352820e-01 16 : 477630/1907600=2.503827e-01 107 : 5.700281e+00 4.834981e-01 5.216783e+00 : 2.999999e+00 8.945500e-01 2.105449e+00
6292 : 32355/239096=1.353222e-01 16 : 478937/1912768=2.503895e-01 107 : 5.700279e+00 4.835684e-01 5.216711e+00 : 2.999999e+00 8.946047e-01 2.105394e+00
6309 : 32435/239742=1.352913e-01 16 : 480262/1917936=2.504056e-01 107 : 5.700279e+00 4.835108e-01 5.216768e+00 : 2.999999e+00 8.946553e-01 2.105343e+00
6327 : 32519/240426=1.352558e-01 16 : 481613/1923408=2.503957e-01 107 : 5.700284e+00 4.834210e-01 5.216863e+00 : 2.999999e+00 8.945921e-01 2.105407e+00
6344 : 32603/241072=1.352418e-01 16 : 482885/1928576=2.503842e-01 107 : 5.700283e+00 4.833799e-01 5.216903e+00 : 2.999999e+00 8.945342e-01 2.105464e+00
6361 : 32692/241718=1.352485e-01 16 : 484172/1933744=2.503806e-01 107 : 5.700287e+00 4.834316e-01 5.216855e+00 : 2.999999e+00 8.945430e-01 2.105456e+00
6378 : 32769/242364=1.352057e-01 16 : 485492/1938912=2.503940e-01 107 : 5.700286e+00 4.833215e-01 5.216964e+00 : 2.999999e+00 8.945511e-01 2.105448e+00
6395 : 32854/243010=1.351961e-01 16 : 486817/1944080=2.504100e-01 107 : 5.700290e+00 4.832896e-01 5.217000e+00 : 2.999999e+00 8.945998e-01 2.105399e+00
6413 : 32954/243694=1.352270e-01 16 : 488260/1949552=2.504473e-01 107 : 5.700292e+00 4.833676e-01 5.216924e+00 : 2.999999e+00 8.946873e-01 2.105311e+00
6430 : 33043/244340=1.352337e-01 16 : 489607/1954720=2.504742e-01 107 : 5.700293e+00 4.833822e-01 5.216911e+00 : 2.999999e+00 8.947540e-01 2.105245e+00
6447 : 33131/244986=1.352363e-01 16 : 490919/1959888=2.504832e-01 107 : 5.700295e+00 4.833698e-01 5.216926e+00 : 2.999999e+00 8.947322e-01 2.105267e+00
6464 : 33243/245632=1.353366e-01 16 : 492249/1965056=2.505013e-01 107 : 5.700293e+00 4.835726e-01 5.216720e+00 : 2.999999e+00 8.947560e-01 2.105243e+00
6481 : 33332/246278=1.353430e-01 16 : 493532/1970224=2.504954e-01 107 : 5.700294e+00 4.835834e-01 5.216710e+00 : 2.999999e+00 8.947559e-01 2.105243e+00
6499 : 33424/246962=1.353407e-01 16 : 494923/1975696=2.505056e-01 107 : 5.700290e+00 4.835589e-01 5.216731e+00 : 2.999998e+00 8.947789e-01 2.105220e+00
6516 : 33507/247608=1.353228e-01 16 : 496273/1980864=2.505336e-01 107 : 5.700294e+00 4.835124e-01 5.216782e+00 : 2.999998e+00 8.948432e-01 2.105155e+00
6533 : 33599/248254=1.353412e-01 16 : 497578/1986032=2.505388e-01 107 : 5.700291e+00 4.835548e-01 5.216736e+00 : 2.999998e+00 8.948580e-01 2.105140e+00
6550 : 33686/248900=1.353395e-01 16 : 498873/1991200=2.505389e-01 107 : 5.700292e+00 4.835665e-01 5.216726e+00 : 2.999998e+00 8.948961e-01 2.105102e+00
6567 : 33781/249546=1.353698e-01 16 : 500148/1996368=2.505290e-01 107 : 5.700292e+00 4.836137e-01 5.216678e+00 : 2.999998e+00 8.948509e-01 2.105147e+00
6585 : 33864/250230=1.353315e-01 16 : 501511/2001840=2.505250e-01 107 : 5.700291e+00 4.835297e-01 5.216761e+00 : 2.999998e+00 8.948551e-01 2.105143e+00
6602 : 33954/250876=1.353418e-01 16 : 502764/2007008=2.505042e-01 107 : 5.700289e+00 4.835150e-01 5.216774e+00 : 2.999998e+00 8.947975e-01 2.105201e+00
6619 : 34069/251522=1.354514e-01 16 : 504051/2012176=2.505005e-01 107 : 5.700285e+00 4.837408e-01 5.216544e+00 : 2.999998e+00 8.947984e-01 2.105200e+00
6636 : 34144/252168=1.354018e-01 16 : 505433/2017344=2.505438e-01 107 : 5.700287e+00 4.836580e-01 5.216629e+00 : 2.999999e+00 8.949110e-01 2.105087e+00
6653 : 34219/252814=1.353525e-01 16 : 506690/2022512=2.505251e-01 107 : 5.700287e+00 4.835720e-01 5.216715e+00 : 2.999998e+00 8.948331e-01 2.105165e+00
6671 : 34307/253498=1.353344e-01 16 : 508029/2027984=2.505094e-01 107 : 5.700291e+00 4.835209e-01 5.216770e+00 : 2.999998e+00 8.948173e-01 2.105181e+00
6688 : 34392/254144=1.353249e-01 16 : 509279/2033152=2.504874e-01 107 : 5.700293e+00 4.834706e-01 5.216822e+00 : 2.999999e+00 8.948015e-01 2.105197e+00
6705 : 34466/254790=1.352722e-01 16 : 510565/2038320=2.504832e-01 107 : 5.700297e+00 4.833535e-01 5.216943e+00 : 2.999998e+00 8.948090e-01 2.105189e+00
6722 : 34564/255436=1.353137e-01 16 : 511848/2043488=2.504776e-01 107 : 5.700300e+00 4.834176e-01 5.216882e+00 : 2.999998e+00 8.947850e-01 2.105213e+00
6739 : 34657/256082=1.353356e-01 16 : 513140/2048656=2.504764e-01 107 : 5.700299e+00 4.834455e-01 5.216854e+00 : 2.999998e+00 8.947858e-01 2.105213e+00
6757 : 34748/256766=1.353294e-01 16 : 514503/2054128=2.504727e-01 107 : 5.700300e+00 4.834276e-01 5.216873e+00 : 2.999999e+00 8.947867e-01 2.105212e+00
6774 : 34840/257412=1.353472e-01 16 : 515793/2059296=2.504705e-01 107 : 5.700299e+00 4.834483e-01 5.216851e+00 : 2.999999e+00 8.947594e-01 2.105239e+00
6791 : 34927/258058=1.353455e-01 16 : 517110/2064464=2.504815e-01 107 : 5.700304e+00 4.833991e-01 5.216905e+00 : 2.999999e+00 8.948447e-01 2.105154e+00
6808 : 35017/258704=1.353555e-01 16 : 518418/2069632=2.504880e-01 107 : 5.700307e+00 4.834543e-01 5.216853e+00 : 2.999999e+00 8.948730e-01 2.105126e+00
6825 : 35091/259350=1.353036e-01 16 : 519777/2074800=2.505191e-01 107 : 5.700308e+00 4.833907e-01 5.216917e+00 : 2.999999e+00 8.949407e-01 2.105058e+00
6843 : 35175/260034=1.352708e-01 16 : 521182/2080272=2.505355e-01 107 : 5.700307e+00 4.832786e-01 5.217029e+00 : 2.999999e+00 8.949534e-01 2.105045e+00
6860 : 35259/260680=1.352578e-01 16 : 522450/2085440=2.505227e-01 107 : 5.700308e+00 4.832553e-01 5.217053e+00 : 2.999999e+00 8.949087e-01 2.105090e+00
6877 : 35345/261326=1.352525e-01 16 : 523731/2090608=2.505161e-01 107 : 5.700310e+00 4.831878e-01 5.217122e+00 : 2.999999e+00 8.949200e-01 2.105079e+00
6894 : 35425/261972=1.352244e-01 16 : 525017/2095776=2.505120e-01 107 : 5.700310e+00 4.831108e-01 5.217199e+00 : 2.999999e+00 8.949348e-01 2.105064e+00
6911 : 35513/262618=1.352268e-01 16 : 526332/2100944=2.505217e-01 107 : 5.700307e+00 4.831332e-01 5.217174e+00 : 2.999999e+00 8.949925e-01 2.105006e+00
6929 : 35620/263302=1.352819e-01 16 : 527709/2106416=2.505246e-01 107 : 5.700309e+00 4.832229e-01 5.217086e+00 : 2.999999e+00 8.950124e-01 2.104986e+00
6946 : 35696/263948=1.352388e-01 16 : 528987/2111584=2.505167e-01 107 : 5.700312e+00 4.831448e-01 5.217167e+00 : 2.999999e+00 8.949821e-01 2.105017e+00
6963 : 35771/264594=1.351920e-01 16 : 530271/2116752=2.505116e-01 107 : 5.700313e+00 4.830518e-01 5.217261e+00 : 2.999999e+00 8.949772e-01 2.105022e+00
6980 : 35848/265240=1.351531e-01 16 : 531588/2121920=2.505222e-01 107 : 5.700314e+00 4.829634e-01 5.217350e+00 : 2.999999e+00 8.950027e-01 2.104996e+00
6997 : 35935/265886=1.351519e-01 16 : 532896/2127088=2.505284e-01 107 : 5.700315e+00 4.829390e-01 5.217376e+00 : 2.999999e+00 8.950502e-01 2.104949e+00
7014 : 36017/266532=1.351320e-01 16 : 534111/2132256=2.504910e-01 107 : 5.700317e+00 4.828618e-01 5.217455e+00 : 2.999999e+00 8.949982e-01 2.105001e+00
7032 : 36107/267216=1.351229e-01 16 : 535435/2137728=2.504692e-01 107 : 5.700316e+00 4.828912e-01 5.217425e+00 : 2.999999e+00 8.949950e-01 2.105004e+00
7049 : 36190/267862=1.351069e-01 16 : 536717/2142896=2.504634e-01 107 : 5.700316e+00 4.828541e-01 5.217462e+00 : 2.999999e+00 8.949684e-01 2.105030e+00
7066 : 36265/268508=1.350612e-01 16 : 538037/2148064=2.504753e-01 107 : 5.700314e+00 4.827401e-01 5.217574e+00 : 2.999999e+00 8.949780e-01 2.105021e+00
7083 : 36357/269154=1.350788e-01 16 : 539328/2153232=2.504737e-01 107 : 5.700314e+00 4.827375e-01 5.217577e+00 : 2.999999e+00 8.949548e-01 2.105044e+00
7100 : 36441/269800=1.350667e-01 16 : 540650/2158400=2.504865e-01 107 : 5.700313e+00 4.827192e-01 5.217594e+00 : 2.999999e+00 8.949856e-01 2.105013e+00
7118 : 36530/270484=1.350542e-01 16 : 541945/2163872=2.504515e-01 107 : 5.700317e+00 4.826702e-01 5.217646e+00 : 2.999999e+00 8.949216e-01 2.105077e+00
7135 : 36626/271130=1.350865e-01 16 : 543278/2169040=2.504693e-01 107 : 5.700320e+00 4.827315e-01 5.217588e+00 : 2.999999e+00 8.949870e-01 2.105012e+00
7152 : 36730/271776=1.351481e-01 16 : 544585/2174208=2.504751e-01 107 : 5.700322e+00 4.828801e-01 5.217442e+00 : 2.999999e+00 8.950177e-01 2.104981e+00
7169 : 36816/272422=1.351433e-01 16 : 545864/2179376=2.504680e-01 107 : 5.700320e+00 4.828577e-01 5.217462e+00 : 2.999999e+00 8.950329e-01 2.104966e+00
7186 : 36913/273068=1.351788e-01 16 : 547189/2184544=2.504820e-01 107 : 5.700319e+00 4.829223e-01 5.217397e+00 : 2.999999e+00 8.951055e-01 2.104894e+00
7204 : 37010/273752=1.351954e-01 16 : 548580/2190016=2.504913e-01 107 : 5.700320e+00 4.829469e-01 5.217373e+00 : 2.999999e+00 8.951095e-01 2.104890e+00
7221 : 37087/274398=1.351577e-01 16 : 549842/2195184=2.504765e-01 107 : 5.700318e+00 4.828593e-01 5.217459e+00 : 2.999999e+00 8.950577e-01 2.104941e+00
7238 : 37177/275044=1.351675e-01 16 : 551150/2200352=2.504827e-01 107 : 5.700320e+00 4.829094e-01 5.217411e+00 : 2.999999e+00 8.950001e-01 2.104999e+00
7255 : 37272/275690=1.351953e-01 16 : 552497/2205520=2.505065e-01 107 : 5.700321e+00 4.829974e-01 5.217324e+00 : 2.999999e+00 8.949768e-01 2.105022e+00
7272 : 37350/276336=1.351615e-01 16 : 553724/2210688=2.504759e-01 107 : 5.700318e+00 4.828910e-01 5.217427e+00 : 2.999999e+00 8.949502e-01 2.105049e+00
7290 : 37440/277020=1.351527e-01 16 : 555069/2216160=2.504643e-01 107 : 5.700320e+00 4.828901e-01 5.217430e+00 : 2.999999e+00 8.949421e-01 2.105057e+00
7307 : 37512/277666=1.350976e-01 16 : 556351/2221328=2.504587e-01 107 : 5.700320e+00 4.827911e-01 5.217529e+00 : 2.999999e+00 8.949087e-01 2.105090e+00
7324 : 37580/278312=1.350283e-01 16 : 557632/2226496=2.504527e-01 107 : 5.700318e+00 4.826461e-01 5.217671e+00 : 2.999999e+00 8.949179e-01 2.105081e+00
7341 : 37678/278958=1.350669e-01 16 : 558916/2231664=2.504481e-01 107 : 5.700319e+00 4.827280e-01 5.217591e+00 : 2.999999e+00 8.949150e-01 2.105084e+00
7358 : 37772/279604=1.350911e-01 16 : 560216/2236832=2.504506e-01 107 : 5.700317e+00 4.827597e-01 5.217558e+00 : 2.999999e+00 8.949106e-01 2.105088e+00
7376 : 37890/280288=1.351824e-01 16 : 561589/2242304=2.504518e-01 107 : 5.700317e+00 4.829570e-01 5.217360e+00 : 2.999999e+00 8.948984e-01 2.105101e+00
7393 : 38008/280934=1.352916e-01 16 : 562905/2247472=2.504614e-01 107 : 5.700319e+00 4.831864e-01 5.217132e+00 : 2.999999e+00 8.949121e-01 2.105087e+00
7410 : 38106/281580=1.353292e-01 16 : 564241/2252640=2.504799e-01 107 : 5.700319e+00 4.832504e-01 5.217069e+00 : 2.999999e+00 8.949480e-01 2.105051e+00
7427 : 38193/282226=1.353277e-01 16 : 565528/2257808=2.504766e-01 107 : 5.700316e+00 4.832365e-01 5.217080e+00 : 2.999999e+00 8.949588e-01 2.105040e+00
7444 : 38283/282872=1.353368e-01 16 : 566797/2262976=2.504653e-01 107 : 5.700318e+00 4.832683e-01 5.217050e+00 : 2.999999e+00 8.949308e-01 2.105068e+00
7462 : 38359/283556=1.352784e-01 16 : 568198/2268448=2.504787e-01 107 : 5.700320e+00 4.831646e-01 5.217156e+00 : 2.999999e+00 8.949721e-01 2.105027e+00
7479 : 38441/284202=1.352594e-01 16 : 569485/2273616=2.504755e-01 107 : 5.700318e+00 4.831039e-01 5.217214e+00 : 2.999999e+00 8.950107e-01 2.104988e+00
7496 : 38521/284848=1.352335e-01 16 : 570767/2278784=2.504700e-01 107 : 5.700321e+00 4.830615e-01 5.217259e+00 : 2.999999e+00 8.950384e-01 2.104961e+00
7513 : 38622/285494=1.352813e-01 16 : 572010/2283952=2.504475e-01 107 : 5.700319e+00 4.831709e-01 5.217148e+00 : 2.999999e+00 8.950166e-01 2.104983e+00
7530 : 38718/286140=1.353114e-01 16 : 573343/2289120=2.504644e-01 107 : 5.700317e+00 4.832206e-01 5.217097e+00 : 2.999999e+00 8.950358e-01 2.104963e+00
7547 : 38810/286786=1.353274e-01 16 : 574587/2294288=2.504424e-01 107 : 5.700316e+00 4.832985e-01 5.217018e+00 : 2.999999e+00 8.949628e-01 2.105036e+00
7565 : 38914/287470=1.353672e-01 16 : 575932/2299760=2.504313e-01 107 : 5.700319e+00 4.833486e-01 5.216970e+00 : 2.999999e+00 8.949560e-01 2.105043e+00
7582 : 38994/288116=1.353413e-01 16 : 577255/2304928=2.504438e-01 107 : 5.700317e+00 4.833142e-01 5.217002e+00 : 2.999999e+00 8.950084e-01 2.104991e+00
7599 : 39096/288762=1.353918e-01 16 : 578538/2310096=2.504389e-01 107 : 5.700317e+00 4.833883e-01 5.216928e+00 : 2.999999e+00 8.950022e-01 2.104997e+00
7616 : 39190/289408=1.354144e-01 16 : 579853/2315264=2.504479e-01 107 : 5.700319e+00 4.834328e-01 5.216886e+00 : 2.999999e+00 8.950420e-01 2.104957e+00
7633 : 39277/290054=1.354127e-01 16 : 581107/2320432=2.504305e-01 107 : 5.700320e+00 4.834394e-01 5.216881e+00 : 2.999999e+00 8.950066e-01 2.104992e+00
7651 : 39367/290738=1.354037e-01 16 : 582486/2325904=2.504342e-01 107 : 5.700319e+00 4.834034e-01 5.216915e+00 : 2.999999e+00 8.950028e-01 2.104996e+00
7668 : 39463/291384=1.354330e-01 16 : 583785/2331072=2.504363e-01 107 : 5.700320e+00 4.835045e-01 5.216816e+00 : 2.999999e+00 8.950391e-01 2.104960e+00
7685 : 39555/292030=1.354484e-01 16 : 585079/2336240=2.504362e-01 107 : 5.700322e+00 4.835080e-01 5.216814e+00 : 2.999999e+00 8.950585e-01 2.104941e+00
7702 : 39644/292676=1.354535e-01 16 : 586372/2341408=2.504356e-01 107 : 5.700323e+00 4.835151e-01 5.216807e+00 : 2.999999e+00 8.950700e-01 2.104929e+00
7719 : 39731/293322=1.354518e-01 16 : 587641/2346576=2.504249e-01 107 : 5.700324e+00 4.834931e-01 5.216830e+00 : 2.999999e+00 8.950536e-01 2.104945e+00
7737 : 39828/294006=1.354666e-01 16 : 588950/2352048=2.503988e-01 107 : 5.700324e+00 4.835470e-01 5.216777e+00 : 2.999999e+00 8.950032e-01 2.104996e+00
7754 : 39916/294652=1.354683e-01 16 : 590287/2357216=2.504170e-01 107 : 5.700326e+00 4.835548e-01 5.216771e+00 : 2.999999e+00 8.950190e-01 2.104980e+00
7771 : 39994/295298=1.354361e-01 16 : 591572/2362384=2.504131e-01 107 : 5.700327e+00 4.834827e-01 5.216844e+00 : 2.999999e+00 8.950125e-01 2.104986e+00
7788 : 40084/295944=1.354445e-01 16 : 592929/2367552=2.504397e-01 107 : 5.700326e+00 4.834669e-01 5.216859e+00 : 2.999999e+00 8.950568e-01 2.104942e+00
7805 : 40180/296590=1.354732e-01 16 : 594259/2372720=2.504548e-01 107 : 5.700328e+00 4.835648e-01 5.216764e+00 : 2.999999e+00 8.950767e-01 2.104922e+00
7823 : 40259/297274=1.354272e-01 16 : 595635/2378192=2.504571e-01 107 : 5.700329e+00 4.834416e-01 5.216887e+00 : 2.999999e+00 8.950562e-01 2.104943e+00
7840 : 40354/297920=1.354525e-01 16 : 596943/2383360=2.504628e-01 107 : 5.700329e+00 4.835039e-01 5.216825e+00 : 2.999999e+00 8.950529e-01 2.104946e+00
7857 : 40431/298566=1.354173e-01 16 : 598186/2388528=2.504413e-01 107 : 5.700327e+00 4.834364e-01 5.216891e+00 : 2.999999e+00 8.950201e-01 2.104979e+00
7874 : 40519/299212=1.354190e-01 16 : 599440/2393696=2.504244e-01 107 : 5.700327e+00 4.834377e-01 5.216889e+00 : 2.999999e+00 8.949449e-01 2.105054e+00
7891 : 40626/299858=1.354841e-01 16 : 600725/2398864=2.504206e-01 107 : 5.700328e+00 4.835675e-01 5.216761e+00 : 2.999999e+00 8.948898e-01 2.105109e+00
7909 : 40727/300542=1.355118e-01 16 : 602036/2404336=2.503960e-01 107 : 5.700325e+00 4.836160e-01 5.216709e+00 : 2.999999e+00 8.948241e-01 2.105175e+00
7926 : 40815/301188=1.355134e-01 16 : 603309/2409504=2.503872e-01 107 : 5.700326e+00 4.836240e-01 5.216702e+00 : 2.999999e+00 8.948048e-01 2.105194e+00
7943 : 40890/301834=1.354718e-01 16 : 604646/2414672=2.504050e-01 107 : 5.700325e+00 4.835327e-01 5.216793e+00 : 2.999999e+00 8.948376e-01 2.105161e+00
7960 : 40978/302480=1.354734e-01 16 : 605946/2419840=2.504075e-01 107 : 5.700325e+00 4.835577e-01 5.216767e+00 : 2.999999e+00 8.948463e-01 2.105153e+00
7977 : 41069/303126=1.354849e-01 16 : 607211/2425008=2.503955e-01 107 : 5.700325e+00 4.835812e-01 5.216743e+00 : 2.999999e+00 8.948228e-01 2.105176e+00
7994 : 41162/303772=1.355029e-01 16 : 608504/2430176=2.503950e-01 107 : 5.700322e+00 4.836174e-01 5.216705e+00 : 2.999999e+00 8.948331e-01 2.105166e+00
8012 : 41257/304456=1.355105e-01 16 : 609845/2435648=2.503831e-01 107 : 5.700323e+00 4.836180e-01 5.216705e+00 : 2.999999e+00 8.948191e-01 2.105180e+00
8029 : 41342/305102=1.355022e-01 16 : 611145/2440816=2.503855e-01 107 : 5.700325e+00 4.835873e-01 5.216738e+00 : 2.999999e+00 8.948378e-01 2.105161e+00
8046 : 41425/305748=1.354874e-01 16 : 612431/2445984=2.503823e-01 107 : 5.700325e+00 4.835765e-01 5.216748e+00 : 2.999999e+00 8.948807e-01 2.105118e+00
8063 : 41519/306394=1.355085e-01 16 : 613756/2451152=2.503949e-01 107 : 5.700323e+00 4.836498e-01 5.216673e+00 : 2.999999e+00 8.948979e-01 2.105101e+00
8080 : 41627/307040=1.355752e-01 16 : 615060/2456320=2.503990e-01 107 : 5.700322e+00 4.837862e-01 5.216536e+00 : 2.999999e+00 8.949216e-01 2.105077e+00
8097 : 41708/307686=1.355538e-01 16 : 616338/2461488=2.503924e-01 107 : 5.700322e+00 4.837339e-01 5.216588e+00 : 2.999999e+00 8.949018e-01 2.105097e+00
8115 : 41812/308370=1.355904e-01 16 : 617738/2466960=2.504045e-01 107 : 5.700323e+00 4.838347e-01 5.216488e+00 : 2.999999e+00 8.949444e-01 2.105055e+00
8132 : 41899/309016=1.355884e-01 16 : 619047/2472128=2.504106e-01 107 : 5.700323e+00 4.838176e-01 5.216505e+00 : 2.999999e+00 8.949830e-01 2.105016e+00
8149 : 41989/309662=1.355962e-01 16 : 620300/2477296=2.503940e-01 107 : 5.700324e+00 4.838291e-01 5.216495e+00 : 2.999999e+00 8.949631e-01 2.105036e+00
8166 : 42078/310308=1.356008e-01 16 : 621570/2482464=2.503843e-01 107 : 5.700325e+00 4.838427e-01 5.216483e+00 : 2.999999e+00 8.949450e-01 2.105054e+00
8183 : 42156/310954=1.355699e-01 16 : 622865/2487632=2.503847e-01 107 : 5.700325e+00 4.837654e-01 5.216560e+00 : 2.999999e+00 8.949500e-01 2.105049e+00
8200 : 42254/311600=1.356033e-01 16 : 624130/2492800=2.503731e-01 107 : 5.700326e+00 4.838373e-01 5.216489e+00 : 2.999999e+00 8.949211e-01 2.105078e+00
8218 : 42341/312284=1.355849e-01 16 : 625530/2498272=2.503851e-01 107 : 5.700328e+00 4.837988e-01 5.216529e+00 : 2.999999e+00 8.949764e-01 2.105023e+00
8235 : 42421/312930=1.355607e-01 16 : 626790/2503440=2.503715e-01 107 : 5.700329e+00 4.837667e-01 5.216563e+00 : 2.999999e+00 8.949697e-01 2.105029e+00
8252 : 42504/313576=1.355461e-01 16 : 628044/2508608=2.503556e-01 107 : 5.700329e+00 4.837472e-01 5.216581e+00 : 2.999999e+00 8.949005e-01 2.105099e+00
8269 : 42587/314222=1.355316e-01 16 : 629309/2513776=2.503441e-01 107 : 5.700328e+00 4.837223e-01 5.216606e+00 : 2.999999e+00 8.948659e-01 2.105133e+00
8286 : 42669/314868=1.355139e-01 16 : 630533/2518944=2.503164e-01 107 : 5.700327e+00 4.836376e-01 5.216690e+00 : 2.999999e+00 8.948089e-01 2.105190e+00
8303 : 42759/315514=1.355217e-01 16 : 631852/2524112=2.503265e-01 107 : 5.700328e+00 4.836568e-01 5.216671e+00 : 2.999999e+00 8.948568e-01 2.105142e+00
8321 : 42860/316198=1.355480e-01 16 : 633241/2529584=2.503340e-01 107 : 5.700330e+00 4.837130e-01 5.216617e+00 : 2.999999e+00 8.948707e-01 2.105129e+00
8338 : 42932/316844=1.354989e-01 16 : 634502/2534752=2.503211e-01 107 : 5.700330e+00 4.836078e-01 5.216722e+00 : 2.999999e+00 8.948570e-01 2.105142e+00
8355 : 43013/317490=1.354783e-01 16 : 635823/2539920=2.503319e-01 107 : 5.700329e+00 4.835811e-01 5.216748e+00 : 2.999999e+00 8.949122e-01 2.105087e+00
8372 : 43097/318136=1.354672e-01 16 : 637082/2545088=2.503183e-01 107 : 5.700330e+00 4.835583e-01 5.216772e+00 : 2.999999e+00 8.948944e-01 2.105105e+00
8389 : 43188/318782=1.354782e-01 16 : 638317/2550256=2.502953e-01 107 : 5.700329e+00 4.835508e-01 5.216778e+00 : 2.999999e+00 8.948199e-01 2.105179e+00
8407 : 43271/319466=1.354479e-01 16 : 639693/2555728=2.502978e-01 107 : 5.700326e+00 4.834820e-01 5.216844e+00 : 2.999999e+00 8.948211e-01 2.105178e+00
8424 : 43362/320112=1.354588e-01 16 : 640998/2560896=2.503022e-01 107 : 5.700326e+00 4.835165e-01 5.216809e+00 : 2.999999e+00 8.948485e-01 2.105151e+00
8441 : 43457/320758=1.354822e-01 16 : 642334/2566064=2.503188e-01 107 : 5.700326e+00 4.835807e-01 5.216745e+00 : 2.999999e+00 8.948287e-01 2.105171e+00
8458 : 43537/321404=1.354588e-01 16 : 643588/2571232=2.503034e-01 107 : 5.700324e+00 4.835416e-01 5.216783e+00 : 2.999999e+00 8.947777e-01 2.105221e+00
8475 : 43621/322050=1.354479e-01 16 : 644874/2576400=2.503004e-01 107 : 5.700325e+00 4.835006e-01 5.216824e+00 : 2.999999e+00 8.947812e-01 2.105218e+00
8493 : 43710/322734=1.354366e-01 16 : 646196/2581872=2.502820e-01 107 : 5.700324e+00 4.834932e-01 5.216830e+00 : 2.999999e+00 8.947564e-01 2.105243e+00
8510 : 43814/323380=1.354877e-01 16 : 647475/2587040=2.502764e-01 107 : 5.700324e+00 4.836165e-01 5.216708e+00 : 2.999999e+00 8.947470e-01 2.105252e+00
8527 : 43898/324026=1.354768e-01 16 : 648741/2592208=2.502658e-01 107 : 5.700322e+00 4.835990e-01 5.216723e+00 : 2.999999e+00 8.947027e-01 2.105296e+00
8544 : 43982/324672=1.354659e-01 16 : 650041/2597376=2.502683e-01 107 : 5.700323e+00 4.835886e-01 5.216734e+00 : 2.999999e+00 8.947041e-01 2.105295e+00
8561 : 44078/325318=1.354920e-01 16 : 651316/2602544=2.502613e-01 107 : 5.700321e+00 4.836568e-01 5.216664e+00 : 2.999999e+00 8.946956e-01 2.105303e+00
8579 : 44169/326002=1.354869e-01 16 : 652673/2608016=2.502565e-01 107 : 5.700321e+00 4.836530e-01 5.216668e+00 : 2.999999e+00 8.947031e-01 2.105296e+00
8596 : 44268/326648=1.355220e-01 16 : 653912/2613184=2.502357e-01 107 : 5.700323e+00 4.836951e-01 5.216628e+00 : 2.999999e+00 8.946632e-01 2.105336e+00
8613 : 44345/327294=1.354898e-01 16 : 655221/2618352=2.502418e-01 107 : 5.700324e+00 4.836349e-01 5.216689e+00 : 2.999999e+00 8.946657e-01 2.105333e+00
8630 : 44436/327940=1.355004e-01 16 : 656601/2623520=2.502748e-01 107 : 5.700323e+00 4.836532e-01 5.216670e+00 : 2.999999e+00 8.947475e-01 2.105252e+00
8647 : 44509/328586=1.354562e-01 16 : 657860/2628688=2.502617e-01 107 : 5.700323e+00 4.835714e-01 5.216752e+00 : 2.999999e+00 8.947072e-01 2.105292e+00
8665 : 44603/329270=1.354603e-01 16 : 659221/2634160=2.502585e-01 107 : 5.700321e+00 4.835920e-01 5.216729e+00 : 2.999999e+00 8.946840e-01 2.105315e+00
8682 : 44688/329916=1.354527e-01 16 : 660520/2639328=2.502607e-01 107 : 5.700322e+00 4.836150e-01 5.216707e+00 : 2.999999e+00 8.947017e-01 2.105297e+00
8699 : 44774/330562=1.354481e-01 16 : 661793/2644496=2.502530e-01 107 : 5.700321e+00 4.835682e-01 5.216753e+00 : 2.999999e+00 8.946733e-01 2.105326e+00
8716 : 44857/331208=1.354345e-01 16 : 663130/2649664=2.502695e-01 107 : 5.700321e+00 4.835605e-01 5.216761e+00 : 2.999999e+00 8.947244e-01 2.105275e+00
8733 : 44967/331854=1.355024e-01 16 : 664454/2654832=2.502810e-01 107 : 5.700324e+00 4.836954e-01 5.216628e+00 : 2.999999e+00 8.947622e-01 2.105237e+00
8751 : 45063/332538=1.355123e-01 16 : 665810/2660304=2.502759e-01 107 : 5.700323e+00 4.837155e-01 5.216608e+00 : 2.999999e+00 8.947575e-01 2.105241e+00
8768 : 45159/333184=1.355377e-01 16 : 667127/2665472=2.502848e-01 107 : 5.700322e+00 4.837612e-01 5.216561e+00 : 2.999999e+00 8.947462e-01 2.105253e+00
8785 : 45271/333830=1.356109e-01 16 : 668438/2670640=2.502913e-01 107 : 5.700324e+00 4.839354e-01 5.216388e+00 : 2.999999e+00 8.947716e-01 2.105227e+00
8802 : 45358/334476=1.356091e-01 16 : 669742/2675808=2.502952e-01 107 : 5.700321e+00 4.839212e-01 5.216400e+00 : 2.999999e+00 8.947837e-01 2.105215e+00
8819 : 45467/335122=1.356730e-01 16 : 671007/2680976=2.502846e-01 107 : 5.700321e+00 4.840364e-01 5.216285e+00 : 2.999999e+00 8.947596e-01 2.105239e+00
8837 : 45571/335806=1.357063e-01 16 : 672379/2686448=2.502855e-01 107 : 5.700322e+00 4.840796e-01 5.216242e+00 : 2.999999e+00 8.947492e-01 2.105250e+00
8854 : 45643/336452=1.356598e-01 16 : 673696/2691616=2.502942e-01 107 : 5.700321e+00 4.839846e-01 5.216336e+00 : 2.999999e+00 8.947659e-01 2.105233e+00
8871 : 45723/337098=1.356371e-01 16 : 674967/2696784=2.502859e-01 107 : 5.700323e+00 4.839497e-01 5.216373e+00 : 2.999999e+00 8.947887e-01 2.105210e+00
8888 : 45818/337744=1.356590e-01 16 : 676252/2701952=2.502828e-01 107 : 5.700321e+00 4.839947e-01 5.216326e+00 : 2.999999e+00 8.947918e-01 2.105207e+00
8905 : 45899/338390=1.356394e-01 16 : 677578/2707120=2.502948e-01 107 : 5.700322e+00 4.839835e-01 5.216338e+00 : 2.999999e+00 8.948281e-01 2.105171e+00
8922 : 45975/339036=1.356051e-01 16 : 678912/2712288=2.503097e-01 107 : 5.700322e+00 4.839137e-01 5.216408e+00 : 2.999999e+00 8.948680e-01 2.105131e+00
8940 : 46071/339720=1.356146e-01 16 : 680247/2717760=2.502969e-01 107 : 5.700321e+00 4.839402e-01 5.216381e+00 : 2.999999e+00 8.948485e-01 2.105150e+00
8957 : 46165/340366=1.356334e-01 16 : 681577/2722928=2.503103e-01 107 : 5.700323e+00 4.839509e-01 5.216372e+00 : 2.999999e+00 8.948780e-01 2.105121e+00
8974 : 46253/341012=1.356345e-01 16 : 682842/2728096=2.502998e-01 107 : 5.700323e+00 4.839511e-01 5.216372e+00 : 2.999999e+00 8.948685e-01 2.105131e+00
8991 : 46338/341658=1.356269e-01 16 : 684130/2733264=2.502978e-01 107 : 5.700323e+00 4.839345e-01 5.216389e+00 : 2.999999e+00 8.948873e-01 2.105112e+00
9008 : 46429/342304=1.356367e-01 16 : 685379/2738432=2.502815e-01 107 : 5.700324e+00 4.839350e-01 5.216389e+00 : 2.999999e+00 8.948671e-01 2.105132e+00
9026 : 46521/342988=1.356345e-01 16 : 686735/2743904=2.502766e-01 107 : 5.700325e+00 4.839407e-01 5.216384e+00 : 2.999999e+00 8.948643e-01 2.105135e+00
9043 : 46612/343634=1.356443e-01 16 : 688049/2749072=2.502841e-01 107 : 5.700325e+00 4.839870e-01 5.216338e+00 : 2.999999e+00 8.949194e-01 2.105080e+00
9060 : 46701/344280=1.356483e-01 16 : 689375/2754240=2.502959e-01 107 : 5.700324e+00 4.839791e-01 5.216345e+00 : 2.999999e+00 8.949583e-01 2.105041e+00
9077 : 46788/344926=1.356465e-01 16 : 690662/2759408=2.502935e-01 107 : 5.700322e+00 4.839962e-01 5.216326e+00 : 2.999999e+00 8.949440e-01 2.105055e+00
9094 : 46860/345572=1.356013e-01 16 : 691893/2764576=2.502709e-01 107 : 5.700325e+00 4.838797e-01 5.216446e+00 : 2.999999e+00 8.948574e-01 2.105142e+00
9111 : 46945/346218=1.355938e-01 16 : 693192/2769744=2.502729e-01 107 : 5.700325e+00 4.838805e-01 5.216445e+00 : 2.999999e+00 8.948600e-01 2.105139e+00
9129 : 47034/346902=1.355830e-01 16 : 694570/2775216=2.502760e-01 107 : 5.700329e+00 4.838733e-01 5.216456e+00 : 2.999999e+00 8.948655e-01 2.105134e+00
9146 : 47111/347548=1.355525e-01 16 : 695898/2780384=2.502884e-01 107 : 5.700329e+00 4.837955e-01 5.216533e+00 : 2.999999e+00 8.949054e-01 2.105094e+00
9163 : 47194/348194=1.355394e-01 16 : 697204/2785552=2.502929e-01 107 : 5.700328e+00 4.837753e-01 5.216553e+00 : 2.999999e+00 8.949128e-01 2.105086e+00
9180 : 47294/348840=1.355750e-01 16 : 698521/2790720=2.503014e-01 107 : 5.700328e+00 4.838643e-01 5.216464e+00 : 2.999999e+00 8.949458e-01 2.105053e+00
9197 : 47390/349486=1.355991e-01 16 : 699823/2795888=2.503044e-01 107 : 5.700329e+00 4.839278e-01 5.216402e+00 : 2.999999e+00 8.949323e-01 2.105067e+00
9214 : 47496/350132=1.356517e-01 16 : 701124/2801056=2.503070e-01 107 : 5.700327e+00 4.840717e-01 5.216256e+00 : 2.999999e+00 8.949432e-01 2.105056e+00
9232 : 47576/350816=1.356153e-01 16 : 702509/2806528=2.503125e-01 107 : 5.700324e+00 4.839901e-01 5.216334e+00 : 2.999999e+00 8.949608e-01 2.105038e+00
9249 : 47662/351462=1.356107e-01 16 : 703786/2811696=2.503066e-01 107 : 5.700325e+00 4.839770e-01 5.216348e+00 : 2.999999e+00 8.949432e-01 2.105056e+00
9266 : 47737/352108=1.355749e-01 16 : 705092/2816864=2.503110e-01 107 : 5.700326e+00 4.838548e-01 5.216471e+00 : 2.999999e+00 8.949278e-01 2.105071e+00
9283 : 47819/352754=1.355591e-01 16 : 706383/2822032=2.503101e-01 107 : 5.700324e+00 4.838004e-01 5.216524e+00 : 2.999999e+00 8.949268e-01 2.105072e+00
9300 : 47927/353400=1.356169e-01 16 : 707627/2827200=2.502925e-01 107 : 5.700323e+00 4.839302e-01 5.216393e+00 : 2.999999e+00 8.949066e-01 2.105093e+00
9318 : 48038/354084=1.356684e-01 16 : 708986/2832672=2.502888e-01 107 : 5.700324e+00 4.840244e-01 5.216300e+00 : 2.999999e+00 8.949088e-01 2.105090e+00
9335 : 48151/354730=1.357399e-01 16 : 710271/2837840=2.502858e-01 107 : 5.700325e+00 4.842126e-01 5.216113e+00 : 2.999999e+00 8.948995e-01 2.105100e+00
9352 : 48231/355376=1.357182e-01 16 : 711575/2843008=2.502895e-01 107 : 5.700326e+00 4.841688e-01 5.216157e+00 : 2.999999e+00 8.949107e-01 2.105088e+00
9369 : 48319/356022=1.357191e-01 16 : 712928/2848176=2.503104e-01 107 : 5.700326e+00 4.841851e-01 5.216141e+00 : 2.999999e+00 8.949627e-01 2.105036e+00
9386 : 48406/356668=1.357172e-01 16 : 714213/2853344=2.503074e-01 107 : 5.700326e+00 4.841708e-01 5.216155e+00 : 2.999999e+00 8.949493e-01 2.105050e+00
9404 : 48518/357352=1.357709e-01 16 : 715590/2858816=2.503099e-01 107 : 5.700327e+00 4.843108e-01 5.216016e+00 : 2.999999e+00 8.949415e-01 2.105057e+00
9421 : 48597/357998=1.357466e-01 16 : 716866/2863984=2.503038e-01 107 : 5.700325e+00 4.842645e-01 5.216061e+00 : 2.999999e+00 8.949313e-01 2.105068e+00
9438 : 48687/358644=1.357530e-01 16 : 718167/2869152=2.503064e-01 107 : 5.700324e+00 4.842766e-01 5.216047e+00 : 2.999999e+00 8.949402e-01 2.105059e+00
9455 : 48781/359290=1.357705e-01 16 : 719437/2874320=2.502982e-01 107 : 5.700323e+00 4.843095e-01 5.216014e+00 : 2.999999e+00 8.949223e-01 2.105077e+00
9472 : 48851/359936=1.357214e-01 16 : 720698/2879488=2.502869e-01 107 : 5.700324e+00 4.842023e-01 5.216121e+00 : 2.999999e+00 8.948949e-01 2.105104e+00
9489 : 48946/360582=1.357417e-01 16 : 721950/2884656=2.502725e-01 107 : 5.700325e+00 4.842539e-01 5.216071e+00 : 2.999999e+00 8.948763e-01 2.105123e+00
9507 : 49052/361266=1.357781e-01 16 : 723357/2890128=2.502855e-01 107 : 5.700323e+00 4.843264e-01 5.215996e+00 : 2.999999e+00 8.949145e-01 2.105084e+00
9524 : 49126/361912=1.357402e-01 16 : 724643/2895296=2.502829e-01 107 : 5.700324e+00 4.842393e-01 5.216085e+00 : 2.999999e+00 8.949178e-01 2.105081e+00
9541 : 49221/362558=1.357603e-01 16 : 725952/2900464=2.502882e-01 107 : 5.700325e+00 4.843064e-01 5.216019e+00 : 2.999999e+00 8.949216e-01 2.105077e+00
9558 : 49303/363204=1.357447e-01 16 : 727217/2905632=2.502784e-01 107 : 5.700325e+00 4.842669e-01 5.216058e+00 : 2.999999e+00 8.948994e-01 2.105099e+00
9575 : 49386/363850=1.357318e-01 16 : 728483/2910800=2.502690e-01 107 : 5.700326e+00 4.842524e-01 5.216074e+00 : 2.999999e+00 8.948630e-01 2.105136e+00
9593 : 49484/364534=1.357459e-01 16 : 729869/2916272=2.502747e-01 107 : 5.700327e+00 4.842765e-01 5.216051e+00 : 2.999999e+00 8.948711e-01 2.105128e+00
9610 : 49597/365180=1.358152e-01 16 : 731172/2921440=2.502779e-01 107 : 5.700327e+00 4.844222e-01 5.215905e+00 : 2.999999e+00 8.949028e-01 2.105096e+00
9627 : 49688/365826=1.358241e-01 16 : 732544/2926608=2.503048e-01 107 : 5.700327e+00 4.844545e-01 5.215872e+00 : 2.999999e+00 8.949597e-01 2.105039e+00
9644 : 49778/366472=1.358303e-01 16 : 733828/2931776=2.503015e-01 107 : 5.700325e+00 4.844799e-01 5.215845e+00 : 2.999999e+00 8.949894e-01 2.105009e+00
9661 : 49861/367118=1.358174e-01 16 : 735156/2936944=2.503133e-01 107 : 5.700325e+00 4.844455e-01 5.215879e+00 : 2.999999e+00 8.950065e-01 2.104992e+00
9679 : 49963/367802=1.358421e-01 16 : 736529/2942416=2.503144e-01 107 : 5.700326e+00 4.845039e-01 5.215822e+00 : 2.999999e+00 8.950098e-01 2.104989e+00
9696 : 50063/368448=1.358753e-01 16 : 737839/2947584=2.503199e-01 107 : 5.700325e+00 4.845563e-01 5.215769e+00 : 2.999999e+00 8.949953e-01 2.105003e+00
9713 : 50145/369094=1.358597e-01 16 : 739132/2952752=2.503197e-01 107 : 5.700327e+00 4.845246e-01 5.215802e+00 : 2.999999e+00 8.949880e-01 2.105011e+00
9730 : 50225/369740=1.358387e-01 16 : 740421/2957920=2.503181e-01 107 : 5.700326e+00 4.844930e-01 5.215833e+00 : 2.999999e+00 8.950071e-01 2.104992e+00
9747 : 50313/370386=1.358394e-01 16 : 741692/2963088=2.503105e-01 107 : 5.700327e+00 4.844959e-01 5.215831e+00 : 2.999999e+00 8.950077e-01 2.104991e+00
9765 : 50403/371070=1.358315e-01 16 : 743032/2968560=2.503005e-01 107 : 5.700325e+00 4.844696e-01 5.215855e+00 : 2.999999e+00 8.949892e-01 2.105010e+00
9782 : 50498/371716=1.358510e-01 16 : 744397/2973728=2.503245e-01 107 : 5.700324e+00 4.845149e-01 5.215809e+00 : 2.999999e+00 8.950098e-01 2.104989e+00
9799 : 50589/372362=1.358597e-01 16 : 745695/2978896=2.503260e-01 107 : 5.700326e+00 4.845480e-01 5.215778e+00 : 2.999999e+00 8.950006e-01 2.104998e+00
9816 : 50702/373008=1.359274e-01 16 : 746969/2984064=2.503194e-01 107 : 5.700326e+00 4.846882e-01 5.215638e+00 : 2.999999e+00 8.949859e-01 2.105013e+00
9833 : 50790/373654=1.359279e-01 16 : 748288/2989232=2.503278e-01 107 : 5.700328e+00 4.846628e-01 5.215665e+00 : 2.999999e+00 8.950277e-01 2.104971e+00
9851 : 50887/374338=1.359386e-01 16 : 749703/2994704=2.503429e-01 107 : 5.700328e+00 4.846999e-01 5.215628e+00 : 2.999999e+00 8.950444e-01 2.104954e+00
9868 : 50980/374984=1.359525e-01 16 : 751047/2999872=2.503597e-01 107 : 5.700328e+00 4.847021e-01 5.215626e+00 : 2.999999e+00 8.950946e-01 2.104904e+00
9885 : 51070/375630=1.359583e-01 16 : 752282/3005040=2.503401e-01 107 : 5.700328e+00 4.847008e-01 5.215628e+00 : 2.999999e+00 8.950674e-01 2.104932e+00
9902 : 51146/376276=1.359268e-01 16 : 753554/3010208=2.503329e-01 107 : 5.700328e+00 4.846513e-01 5.215677e+00 : 2.999999e+00 8.950679e-01 2.104931e+00
9919 : 51241/376922=1.359459e-01 16 : 754914/3015376=2.503548e-01 107 : 5.700329e+00 4.847198e-01 5.215609e+00 : 2.999999e+00 8.951015e-01 2.104898e+00
9937 : 51326/377606=1.359247e-01 16 : 756295/3020848=2.503585e-01 107 : 5.700328e+00 4.846797e-01 5.215649e+00 : 2.999999e+00 8.951029e-01 2.104896e+00
9954 : 51417/378252=1.359332e-01 16 : 757515/3026016=2.503341e-01 107 : 5.700329e+00 4.847103e-01 5.215618e+00 : 2.999999e+00 8.950480e-01 2.104951e+00
9971 : 51510/378898=1.359469e-01 16 : 758789/3031184=2.503276e-01 107 : 5.700329e+00 4.847557e-01 5.215573e+00 : 2.999999e+00 8.950378e-01 2.104961e+00
9988 : 51596/379544=1.359421e-01 16 : 760088/3036352=2.503293e-01 107 : 5.700330e+00 4.847552e-01 5.215575e+00 : 2.999999e+00 8.950314e-01 2.104968e+00
10000 : 51660/380000=1.359474e-01 16 : 761015/3040000=2.503339e-01 107 : 5.700330e+00 4.847537e-01 5.215576e+00 : 2.999999e+00 8.950436e-01 2.104955e+00
# InnerCodebook: deleted
# ChannelMatrix: deleted
# CIDSchannel: deleted
# CSFBAdec: deleted
# CPScodec; deleted
# ChannelMatrix: deleted
# ChannelMatrix: deleted
# ConcatAB: deleted
