# InnerCodebook: input ICB/ex04//cb.txt
# InnerCodebook: Nu=8 Nu2p=256 numCW=52 FlgUnique=1 FlgInvertible=1 FlgBalanced=1
# InnerCodebook: Rho=3 (ell,Delta)=(10,2) L0=2
# InnerCodebook: Rst01=12 Rst10=39
# CW
# 000:00101011 (2,L2,R2) WL:0 0 1 1 2 2 3 4  WR:4 4 4 3 3 2 2 1  
# 001:00101101 (2,L2,R1) WL:0 0 1 1 2 3 3 4  WR:4 4 4 3 3 2 1 1  
# 002:00101110 (3,L2,R1) WL:0 0 1 1 2 3 4 4  WR:4 4 4 3 3 2 1 0  
# 003:00110011 (2,L2,R2) WL:0 0 1 2 2 2 3 4  WR:4 4 4 3 2 2 2 1  
# 004:00110101 (2,L2,R1) WL:0 0 1 2 2 3 3 4  WR:4 4 4 3 2 2 1 1  
# 005:00110110 (2,L2,R1) WL:0 0 1 2 2 3 4 4  WR:4 4 4 3 2 2 1 0  
# 006:00111001 (3,L2,R1) WL:0 0 1 2 3 3 3 4  WR:4 4 4 3 2 1 1 1  
# 007:00111010 (3,L2,R1) WL:0 0 1 2 3 3 4 4  WR:4 4 4 3 2 1 1 0  
# 008:01001011 (2,L1,R2) WL:0 1 1 1 2 2 3 4  WR:4 4 3 3 3 2 2 1  
# 009:01001101 (2,L1,R1) WL:0 1 1 1 2 3 3 4  WR:4 4 3 3 3 2 1 1  
# 010:01001110 (3,L1,R1) WL:0 1 1 1 2 3 4 4  WR:4 4 3 3 3 2 1 0  
# 011:01010011 (2,L1,R2) WL:0 1 1 2 2 2 3 4  WR:4 4 3 3 2 2 2 1  
# 012:01010101 (1,L1,R1) WL:0 1 1 2 2 3 3 4  WR:4 4 3 3 2 2 1 1  
# 013:01010110 (2,L1,R1) WL:0 1 1 2 2 3 4 4  WR:4 4 3 3 2 2 1 0  
# 014:01011001 (2,L1,R1) WL:0 1 1 2 3 3 3 4  WR:4 4 3 3 2 1 1 1  
# 015:01011010 (2,L1,R1) WL:0 1 1 2 3 3 4 4  WR:4 4 3 3 2 1 1 0  
# 016:01011100 (3,L1,R2) WL:0 1 1 2 3 4 4 4  WR:4 4 3 3 2 1 0 0  
# 017:01100011 (3,L1,R2) WL:0 1 2 2 2 2 3 4  WR:4 4 3 2 2 2 2 1  
# 018:01100101 (2,L1,R1) WL:0 1 2 2 2 3 3 4  WR:4 4 3 2 2 2 1 1  
# 019:01100110 (2,L1,R1) WL:0 1 2 2 2 3 4 4  WR:4 4 3 2 2 2 1 0  
# 020:01101001 (2,L1,R1) WL:0 1 2 2 3 3 3 4  WR:4 4 3 2 2 1 1 1  
# 021:01101010 (2,L1,R1) WL:0 1 2 2 3 3 4 4  WR:4 4 3 2 2 1 1 0  
# 022:01101100 (2,L1,R2) WL:0 1 2 2 3 4 4 4  WR:4 4 3 2 2 1 0 0  
# 023:01110001 (3,L1,R1) WL:0 1 2 3 3 3 3 4  WR:4 4 3 2 1 1 1 1  
# 024:01110010 (3,L1,R1) WL:0 1 2 3 3 3 4 4  WR:4 4 3 2 1 1 1 0  
# 025:01110100 (3,L1,R2) WL:0 1 2 3 3 4 4 4  WR:4 4 3 2 1 1 0 0  
# 026:10001011 (3,L1,R2) WL:1 1 1 1 2 2 3 4  WR:4 3 3 3 3 2 2 1  
# 027:10001101 (3,L1,R1) WL:1 1 1 1 2 3 3 4  WR:4 3 3 3 3 2 1 1  
# 028:10001110 (3,L1,R1) WL:1 1 1 1 2 3 4 4  WR:4 3 3 3 3 2 1 0  
# 029:10010011 (2,L1,R2) WL:1 1 1 2 2 2 3 4  WR:4 3 3 3 2 2 2 1  
# 030:10010101 (2,L1,R1) WL:1 1 1 2 2 3 3 4  WR:4 3 3 3 2 2 1 1  
# 031:10010110 (2,L1,R1) WL:1 1 1 2 2 3 4 4  WR:4 3 3 3 2 2 1 0  
# 032:10011001 (2,L1,R1) WL:1 1 1 2 3 3 3 4  WR:4 3 3 3 2 1 1 1  
# 033:10011010 (2,L1,R1) WL:1 1 1 2 3 3 4 4  WR:4 3 3 3 2 1 1 0  
# 034:10011100 (3,L1,R2) WL:1 1 1 2 3 4 4 4  WR:4 3 3 3 2 1 0 0  
# 035:10100011 (3,L1,R2) WL:1 1 2 2 2 2 3 4  WR:4 3 3 2 2 2 2 1  
# 036:10100101 (2,L1,R1) WL:1 1 2 2 2 3 3 4  WR:4 3 3 2 2 2 1 1  
# 037:10100110 (2,L1,R1) WL:1 1 2 2 2 3 4 4  WR:4 3 3 2 2 2 1 0  
# 038:10101001 (2,L1,R1) WL:1 1 2 2 3 3 3 4  WR:4 3 3 2 2 1 1 1  
# 039:10101010 (1,L1,R1) WL:1 1 2 2 3 3 4 4  WR:4 3 3 2 2 1 1 0  
# 040:10101100 (2,L1,R2) WL:1 1 2 2 3 4 4 4  WR:4 3 3 2 2 1 0 0  
# 041:10110001 (3,L1,R1) WL:1 1 2 3 3 3 3 4  WR:4 3 3 2 1 1 1 1  
# 042:10110010 (2,L1,R1) WL:1 1 2 3 3 3 4 4  WR:4 3 3 2 1 1 1 0  
# 043:10110100 (2,L1,R2) WL:1 1 2 3 3 4 4 4  WR:4 3 3 2 1 1 0 0  
# 044:11000101 (3,L2,R1) WL:1 2 2 2 2 3 3 4  WR:4 3 2 2 2 2 1 1  
# 045:11000110 (3,L2,R1) WL:1 2 2 2 2 3 4 4  WR:4 3 2 2 2 2 1 0  
# 046:11001001 (2,L2,R1) WL:1 2 2 2 3 3 3 4  WR:4 3 2 2 2 1 1 1  
# 047:11001010 (2,L2,R1) WL:1 2 2 2 3 3 4 4  WR:4 3 2 2 2 1 1 0  
# 048:11001100 (2,L2,R2) WL:1 2 2 2 3 4 4 4  WR:4 3 2 2 2 1 0 0  
# 049:11010001 (3,L2,R1) WL:1 2 2 3 3 3 3 4  WR:4 3 2 2 1 1 1 1  
# 050:11010010 (2,L2,R1) WL:1 2 2 3 3 3 4 4  WR:4 3 2 2 1 1 1 0  
# 051:11010100 (2,L2,R2) WL:1 2 2 3 3 4 4 4  WR:4 3 2 2 1 1 0 0  
# CWL
# 002B:1 002D:1 002E:1 0033:1 0035:1 0036:1 0039:1 003A:1 004B:1 004D:1 
# 004E:1 0053:1 0055:1 0056:1 0059:1 005A:1 005C:1 0063:1 0065:1 0066:1 
# 0069:1 006A:1 006C:1 0071:1 0072:1 0074:1 008B:1 008D:1 008E:1 0093:1 
# 0095:1 0096:1 0099:1 009A:1 009C:1 00A3:1 00A5:1 00A6:1 00A9:1 00AA:1 
# 00AC:1 00B1:1 00B2:1 00B4:1 00C5:1 00C6:1 00C9:1 00CA:1 00CC:1 00D1:1 
# 00D2:1 00D4:1 
# CWI
# 002B:000 002D:001 002E:002 0033:003 0035:004 0036:005 0039:006 003A:007 004B:008 004D:009 
# 004E:010 0053:011 0055:012 0056:013 0059:014 005A:015 005C:016 0063:017 0065:018 0066:019 
# 0069:020 006A:021 006C:022 0071:023 0072:024 0074:025 008B:026 008D:027 008E:028 0093:029 
# 0095:030 0096:031 0099:032 009A:033 009C:034 00A3:035 00A5:036 00A6:037 00A9:038 00AA:039 
# 00AC:040 00B1:041 00B2:042 00B4:043 00C5:044 00C6:045 00C9:046 00CA:047 00CC:048 00D1:049 
# 00D2:050 00D4:051 
# QA=52 Ns=38 Nu=8 Nb=304 (Pi,Pd,Ps)=(1.000000e-02,1.000000e-02,0.000000e+00) Nseq=70 Ndi=1 OutListSize=10 [0]
# ICB:   ICB/ex04//cb.txt
# Const: ICB/ex04//constraint.txt
# EncCM: ICB/ex04//EncCM.bin
# ChannelMatrix: ICB/ex04//EncCM.bin (52x52)
# CSFBAdec: Ns=38 (Nu;Nu2min,Nu2max)=(8(256);5,11) Nb=304 Q=52 Nseq=70
# CSFBAdec: (Pi,Pd,Ps,Pt)=(1.000000e-02,1.000000e-02,0.000000e+00,9.800000e-01) (Dmin,Dmax:Drng)=(-7,7:15)
# CSFBAdec: generating GD & GX
# CSFBAdec: generating factor graph
# CPScodec: Ns=38 Nu=8 Nb=304 Nseq=70
# CPScodec: (Pi,Pd,Ps,Pt)=(1.000000e-02,1.000000e-02,0.000000e+00,9.800000e-01) (Dmin,Dmax:Drng)=(-7,7:15)
# CPScodec::SetCSL Kc=7 QB=16 QB2=8
# CPScodec: Kc=7 QB=16 QB2=8
# CPScodec::CSL
#  [0] 00,07,00,00  01,06,00,00  02,05,00,00  03,04,00,00  04,03,00,00  05,02,00,00  06,01,00,00  07,00,00,00  
#  [1] 00,00,00,07  00,00,01,06  00,00,02,05  00,00,03,04  00,00,04,03  00,00,05,02  00,00,06,01  00,00,07,00  
# Kc=7 QB=16 QB2=8
# CIDSchannel: N=304 (Pi,Pd,Ps)=(1.000000e-02,1.000000e-02,0.000000e+00) (Dmin,Dmax)=(-7,7)
# CIDSchannel: Kc=7 Nseq=70
# ChannelMatrix: M=52 N=520
# ChannelMatrix: M=8 N=80
# ConcatAB: (Nb,Nu,Ns)=(304,8,38) Nseq=70 (Qa,Qb)=(52,16) (Dmin,Dmax,Drng)=(-7,7,15)
0001 : 9/38=2.368421e-01 9 : 31/304=1.019737e-01 31 : 4.649115e+00 1.251286e-01 4.523986e+00 : 2.957807e+00 3.521931e-01 2.605614e+00
0017 : 98/646=1.517028e-01 11 : 614/5168=1.188080e-01 45 : 5.636681e+00 4.695630e-01 5.167118e+00 : 2.999354e+00 4.953323e-01 2.504022e+00
0033 : 181/1254=1.443381e-01 11 : 1154/10032=1.150319e-01 45 : 5.670452e+00 4.797024e-01 5.190750e+00 : 2.999674e+00 4.830996e-01 2.516574e+00
0049 : 273/1862=1.466165e-01 14 : 1785/14896=1.198308e-01 48 : 5.676390e+00 4.945092e-01 5.181880e+00 : 2.999602e+00 4.963455e-01 2.503257e+00
0065 : 356/2470=1.441296e-01 14 : 2366/19760=1.197368e-01 48 : 5.685958e+00 4.943487e-01 5.191609e+00 : 2.999666e+00 4.950866e-01 2.504580e+00
0081 : 448/3078=1.455491e-01 14 : 2931/24624=1.190302e-01 48 : 5.690160e+00 5.012952e-01 5.188865e+00 : 2.999749e+00 4.940851e-01 2.505664e+00
0097 : 521/3686=1.413456e-01 14 : 3533/29488=1.198114e-01 50 : 5.693769e+00 4.949758e-01 5.198793e+00 : 2.999877e+00 4.976454e-01 2.502232e+00
0113 : 595/4294=1.385654e-01 14 : 4082/34352=1.188286e-01 52 : 5.695777e+00 4.917357e-01 5.204041e+00 : 2.999888e+00 4.946448e-01 2.505244e+00
0130 : 681/4940=1.378543e-01 14 : 4666/39520=1.180668e-01 52 : 5.696847e+00 4.901072e-01 5.206740e+00 : 2.999909e+00 4.920231e-01 2.507886e+00
0146 : 772/5548=1.391492e-01 14 : 5196/44384=1.170692e-01 52 : 5.696888e+00 4.931080e-01 5.203780e+00 : 2.999890e+00 4.890208e-01 2.510869e+00
0162 : 851/6156=1.382391e-01 14 : 5758/49248=1.169185e-01 52 : 5.696240e+00 4.909581e-01 5.205282e+00 : 2.999901e+00 4.881285e-01 2.511772e+00
0178 : 923/6764=1.364577e-01 14 : 6332/54112=1.170166e-01 52 : 5.696315e+00 4.865846e-01 5.209731e+00 : 2.999945e+00 4.884513e-01 2.511494e+00
0194 : 1021/7372=1.384970e-01 14 : 6934/58976=1.175733e-01 52 : 5.696474e+00 4.901435e-01 5.206331e+00 : 2.999933e+00 4.911079e-01 2.508825e+00
0210 : 1094/7980=1.370927e-01 14 : 7512/63840=1.176692e-01 52 : 5.696957e+00 4.878473e-01 5.209109e+00 : 2.999932e+00 4.913275e-01 2.508604e+00
0227 : 1179/8626=1.366798e-01 14 : 8105/69008=1.174502e-01 52 : 5.696943e+00 4.865555e-01 5.210388e+00 : 2.999932e+00 4.911046e-01 2.508827e+00
0243 : 1255/9234=1.359108e-01 14 : 8694/73872=1.176901e-01 52 : 5.697483e+00 4.862822e-01 5.211200e+00 : 2.999947e+00 4.921086e-01 2.507839e+00
0259 : 1335/9842=1.356432e-01 14 : 9277/78736=1.178241e-01 52 : 5.697407e+00 4.849716e-01 5.212436e+00 : 2.999941e+00 4.927695e-01 2.507171e+00
0275 : 1417/10450=1.355981e-01 14 : 9842/83600=1.177273e-01 52 : 5.697617e+00 4.846027e-01 5.213014e+00 : 2.999939e+00 4.921841e-01 2.507755e+00
0291 : 1497/11058=1.353771e-01 14 : 10469/88464=1.183419e-01 52 : 5.697916e+00 4.842857e-01 5.213631e+00 : 2.999948e+00 4.934726e-01 2.506475e+00
0307 : 1580/11666=1.354363e-01 14 : 11072/93328=1.186354e-01 52 : 5.698045e+00 4.844513e-01 5.213594e+00 : 2.999962e+00 4.939889e-01 2.505973e+00
0324 : 1659/12312=1.347466e-01 14 : 11645/98496=1.182282e-01 52 : 5.698254e+00 4.822925e-01 5.215962e+00 : 2.999975e+00 4.931474e-01 2.506828e+00
0340 : 1747/12920=1.352167e-01 14 : 12222/103360=1.182469e-01 52 : 5.698436e+00 4.827910e-01 5.215645e+00 : 2.999976e+00 4.936543e-01 2.506321e+00
0356 : 1822/13528=1.346836e-01 14 : 12774/108224=1.180330e-01 52 : 5.698464e+00 4.817953e-01 5.216669e+00 : 2.999971e+00 4.929631e-01 2.507008e+00
0372 : 1900/14136=1.344086e-01 14 : 13386/113088=1.183680e-01 52 : 5.698541e+00 4.808990e-01 5.217642e+00 : 2.999974e+00 4.945061e-01 2.505468e+00
0388 : 1971/14744=1.336815e-01 14 : 13925/117952=1.180565e-01 52 : 5.698803e+00 4.796416e-01 5.219161e+00 : 2.999976e+00 4.935012e-01 2.506475e+00
0404 : 2066/15352=1.345753e-01 14 : 14452/122816=1.176720e-01 52 : 5.698676e+00 4.819176e-01 5.216759e+00 : 2.999978e+00 4.924634e-01 2.507514e+00
0421 : 2153/15998=1.345793e-01 14 : 15045/127984=1.175538e-01 52 : 5.698735e+00 4.819471e-01 5.216788e+00 : 2.999976e+00 4.923670e-01 2.507609e+00
0437 : 2232/16606=1.344092e-01 14 : 15594/132848=1.173823e-01 52 : 5.698651e+00 4.811903e-01 5.217460e+00 : 2.999969e+00 4.920840e-01 2.507885e+00
0453 : 2317/17214=1.345997e-01 14 : 16147/137712=1.172519e-01 52 : 5.698683e+00 4.820155e-01 5.216667e+00 : 2.999970e+00 4.919616e-01 2.508008e+00
0469 : 2389/17822=1.340478e-01 14 : 16715/142576=1.172357e-01 52 : 5.698673e+00 4.804407e-01 5.218232e+00 : 2.999968e+00 4.918993e-01 2.508069e+00
0485 : 2467/18430=1.338578e-01 14 : 17299/147440=1.173291e-01 52 : 5.698677e+00 4.798207e-01 5.218857e+00 : 2.999966e+00 4.922283e-01 2.507738e+00
0501 : 2542/19038=1.335224e-01 14 : 17878/152304=1.173837e-01 52 : 5.698801e+00 4.791610e-01 5.219640e+00 : 2.999960e+00 4.920327e-01 2.507927e+00
0518 : 2638/19684=1.340175e-01 14 : 18440/157472=1.171002e-01 52 : 5.698819e+00 4.802422e-01 5.218577e+00 : 2.999962e+00 4.912720e-01 2.508690e+00
0534 : 2729/20292=1.344865e-01 14 : 19037/162336=1.172691e-01 52 : 5.698834e+00 4.808619e-01 5.217972e+00 : 2.999963e+00 4.919074e-01 2.508056e+00
0550 : 2826/20900=1.352153e-01 14 : 19588/167200=1.171531e-01 52 : 5.699036e+00 4.821748e-01 5.216861e+00 : 2.999966e+00 4.917975e-01 2.508168e+00
0566 : 2907/21508=1.351590e-01 14 : 20105/172064=1.168461e-01 52 : 5.699074e+00 4.819290e-01 5.217145e+00 : 2.999963e+00 4.909073e-01 2.509056e+00
0582 : 3012/22116=1.361910e-01 14 : 20693/176928=1.169572e-01 52 : 5.699170e+00 4.843230e-01 5.214847e+00 : 2.999964e+00 4.911501e-01 2.508814e+00
0598 : 3091/22724=1.360236e-01 14 : 21289/181792=1.171064e-01 52 : 5.699140e+00 4.839471e-01 5.215192e+00 : 2.999968e+00 4.913735e-01 2.508594e+00
0615 : 3180/23370=1.360719e-01 14 : 21895/186960=1.171106e-01 52 : 5.699005e+00 4.843951e-01 5.214610e+00 : 2.999969e+00 4.916571e-01 2.508312e+00
0631 : 3252/23978=1.356243e-01 14 : 22476/191824=1.171699e-01 52 : 5.699144e+00 4.835928e-01 5.215552e+00 : 2.999970e+00 4.918443e-01 2.508126e+00
0647 : 3327/24586=1.353209e-01 14 : 23043/196688=1.171551e-01 52 : 5.699139e+00 4.829285e-01 5.216211e+00 : 2.999974e+00 4.918402e-01 2.508134e+00
0663 : 3389/25194=1.345162e-01 14 : 23583/201552=1.170070e-01 52 : 5.699127e+00 4.812524e-01 5.217874e+00 : 2.999975e+00 4.914701e-01 2.508504e+00
0679 : 3468/25802=1.344082e-01 14 : 24164/206416=1.170646e-01 52 : 5.699081e+00 4.813368e-01 5.217744e+00 : 2.999977e+00 4.916278e-01 2.508350e+00
0695 : 3544/26410=1.341916e-01 14 : 24726/211280=1.170295e-01 52 : 5.699140e+00 4.809737e-01 5.218166e+00 : 2.999978e+00 4.916201e-01 2.508358e+00
0712 : 3641/27056=1.345727e-01 14 : 25371/216448=1.172152e-01 52 : 5.699169e+00 4.818868e-01 5.217282e+00 : 2.999977e+00 4.920506e-01 2.507926e+00
0728 : 3728/27664=1.347600e-01 14 : 25966/221312=1.173276e-01 52 : 5.699178e+00 4.823283e-01 5.216849e+00 : 2.999976e+00 4.924837e-01 2.507492e+00
0744 : 3798/28272=1.343379e-01 14 : 26551/226176=1.173909e-01 52 : 5.699230e+00 4.813801e-01 5.217850e+00 : 2.999977e+00 4.928126e-01 2.507165e+00
0760 : 3884/28880=1.344875e-01 14 : 27118/231040=1.173736e-01 52 : 5.699287e+00 4.815146e-01 5.217772e+00 : 2.999979e+00 4.928174e-01 2.507162e+00
0776 : 3948/29488=1.338850e-01 14 : 27686/235904=1.173613e-01 52 : 5.699365e+00 4.801893e-01 5.219175e+00 : 2.999978e+00 4.927815e-01 2.507196e+00
0792 : 4025/30096=1.337387e-01 14 : 28289/240768=1.174948e-01 52 : 5.699390e+00 4.799137e-01 5.219477e+00 : 2.999982e+00 4.932658e-01 2.506716e+00
0809 : 4129/30742=1.343114e-01 14 : 28899/245936=1.175062e-01 52 : 5.699457e+00 4.809770e-01 5.218480e+00 : 2.999985e+00 4.932691e-01 2.506716e+00
0825 : 4218/31350=1.345455e-01 15 : 29451/250800=1.174282e-01 52 : 5.699468e+00 4.814316e-01 5.218036e+00 : 2.999985e+00 4.931050e-01 2.506880e+00
0841 : 4285/31958=1.340822e-01 15 : 30030/255664=1.174589e-01 52 : 5.699442e+00 4.802544e-01 5.219188e+00 : 2.999988e+00 4.932790e-01 2.506709e+00
0857 : 4367/32566=1.340969e-01 15 : 30581/260528=1.173809e-01 52 : 5.699441e+00 4.802969e-01 5.219144e+00 : 2.999986e+00 4.932157e-01 2.506771e+00
0873 : 4439/33174=1.338096e-01 15 : 31149/265392=1.173698e-01 52 : 5.699496e+00 4.795727e-01 5.219923e+00 : 2.999984e+00 4.932044e-01 2.506780e+00
0889 : 4511/33782=1.335327e-01 15 : 31749/270256=1.174775e-01 52 : 5.699449e+00 4.790243e-01 5.220424e+00 : 2.999983e+00 4.938478e-01 2.506136e+00
0905 : 4589/34390=1.334400e-01 15 : 32362/275120=1.176287e-01 52 : 5.699479e+00 4.789248e-01 5.220554e+00 : 2.999985e+00 4.940884e-01 2.505897e+00
0922 : 4671/35036=1.333200e-01 15 : 32956/280288=1.175791e-01 52 : 5.699521e+00 4.786669e-01 5.220854e+00 : 2.999987e+00 4.937345e-01 2.506253e+00
0938 : 4749/35644=1.332342e-01 15 : 33492/285152=1.174531e-01 52 : 5.699501e+00 4.784232e-01 5.221077e+00 : 2.999986e+00 4.932796e-01 2.506706e+00
0954 : 4835/36252=1.333720e-01 15 : 34107/290016=1.176039e-01 52 : 5.699518e+00 4.788565e-01 5.220661e+00 : 2.999985e+00 4.938180e-01 2.506167e+00
0970 : 4905/36860=1.330711e-01 15 : 34655/294880=1.175224e-01 52 : 5.699519e+00 4.783998e-01 5.221119e+00 : 2.999986e+00 4.935867e-01 2.506399e+00
0986 : 4997/37468=1.333671e-01 15 : 35205/299744=1.174502e-01 53 : 5.699595e+00 4.788907e-01 5.220704e+00 : 2.999987e+00 4.934253e-01 2.506562e+00
1002 : 5089/38076=1.336537e-01 15 : 35790/304608=1.174953e-01 53 : 5.699591e+00 4.794446e-01 5.220146e+00 : 2.999987e+00 4.936171e-01 2.506370e+00
1018 : 5172/38684=1.336987e-01 15 : 36411/309472=1.176552e-01 53 : 5.699585e+00 4.797332e-01 5.219851e+00 : 2.999989e+00 4.940286e-01 2.505960e+00
1035 : 5260/39330=1.337401e-01 15 : 37028/314640=1.176837e-01 53 : 5.699555e+00 4.797535e-01 5.219802e+00 : 2.999990e+00 4.942495e-01 2.505740e+00
1051 : 5338/39938=1.336572e-01 15 : 37618/319504=1.177387e-01 53 : 5.699563e+00 4.796298e-01 5.219934e+00 : 2.999988e+00 4.944622e-01 2.505526e+00
1067 : 5405/40546=1.333054e-01 15 : 38157/324368=1.176349e-01 53 : 5.699554e+00 4.787996e-01 5.220754e+00 : 2.999988e+00 4.941981e-01 2.505789e+00
1083 : 5490/41154=1.334014e-01 15 : 38735/329232=1.176526e-01 53 : 5.699624e+00 4.790587e-01 5.220566e+00 : 2.999987e+00 4.943692e-01 2.505618e+00
1099 : 5577/41762=1.335425e-01 15 : 39305/334096=1.176458e-01 53 : 5.699649e+00 4.794512e-01 5.220198e+00 : 2.999986e+00 4.943673e-01 2.505618e+00
1115 : 5657/42370=1.335143e-01 15 : 39899/338960=1.177101e-01 53 : 5.699638e+00 4.791909e-01 5.220447e+00 : 2.999987e+00 4.947226e-01 2.505264e+00
1131 : 5735/42978=1.334404e-01 15 : 40496/343824=1.177812e-01 53 : 5.699617e+00 4.791016e-01 5.220515e+00 : 2.999986e+00 4.949905e-01 2.504995e+00
1148 : 5834/43624=1.337337e-01 15 : 41101/348992=1.177706e-01 53 : 5.699605e+00 4.796627e-01 5.219942e+00 : 2.999985e+00 4.949562e-01 2.505029e+00
1164 : 5901/44232=1.334102e-01 15 : 41672/353856=1.177654e-01 53 : 5.699623e+00 4.790711e-01 5.220551e+00 : 2.999986e+00 4.949808e-01 2.505005e+00
1180 : 5996/44840=1.337199e-01 15 : 42283/358720=1.178719e-01 53 : 5.699648e+00 4.798341e-01 5.219813e+00 : 2.999987e+00 4.952307e-01 2.504756e+00
1196 : 6093/45448=1.340653e-01 15 : 42843/363584=1.178352e-01 53 : 5.699640e+00 4.805519e-01 5.219088e+00 : 2.999987e+00 4.950063e-01 2.504981e+00
1212 : 6175/46056=1.340759e-01 15 : 43424/368448=1.178565e-01 53 : 5.699623e+00 4.806719e-01 5.218951e+00 : 2.999987e+00 4.950822e-01 2.504905e+00
1228 : 6255/46664=1.340434e-01 15 : 43959/373312=1.177541e-01 53 : 5.699622e+00 4.805962e-01 5.219025e+00 : 2.999987e+00 4.946711e-01 2.505316e+00
1244 : 6331/47272=1.339271e-01 15 : 44540/378176=1.177759e-01 53 : 5.699681e+00 4.804351e-01 5.219246e+00 : 2.999985e+00 4.947495e-01 2.505236e+00
1261 : 6434/47918=1.342710e-01 15 : 45162/383344=1.178106e-01 53 : 5.699723e+00 4.811996e-01 5.218523e+00 : 2.999985e+00 4.948272e-01 2.505158e+00
1277 : 6519/48526=1.343404e-01 15 : 45756/388208=1.178646e-01 53 : 5.699770e+00 4.814138e-01 5.218356e+00 : 2.999984e+00 4.948995e-01 2.505084e+00
1293 : 6603/49134=1.343876e-01 15 : 46352/393072=1.179224e-01 53 : 5.699815e+00 4.814929e-01 5.218322e+00 : 2.999983e+00 4.950249e-01 2.504958e+00
1309 : 6685/49742=1.343935e-01 15 : 46916/397936=1.178984e-01 53 : 5.699832e+00 4.813870e-01 5.218445e+00 : 2.999984e+00 4.951582e-01 2.504826e+00
1325 : 6781/50350=1.346773e-01 15 : 47462/402800=1.178302e-01 53 : 5.699842e+00 4.819550e-01 5.217887e+00 : 2.999984e+00 4.949680e-01 2.505016e+00
1341 : 6866/50958=1.347384e-01 15 : 48047/407664=1.178593e-01 53 : 5.699864e+00 4.820504e-01 5.217814e+00 : 2.999985e+00 4.951733e-01 2.504812e+00
1358 : 6956/51604=1.347958e-01 15 : 48654/412832=1.178542e-01 53 : 5.699891e+00 4.824555e-01 5.217436e+00 : 2.999984e+00 4.951211e-01 2.504863e+00
1374 : 7046/52212=1.349498e-01 15 : 49244/417696=1.178944e-01 53 : 5.699883e+00 4.827862e-01 5.217097e+00 : 2.999985e+00 4.952510e-01 2.504734e+00
1390 : 7142/52820=1.352139e-01 15 : 49823/422560=1.179075e-01 53 : 5.699875e+00 4.832070e-01 5.216668e+00 : 2.999986e+00 4.952846e-01 2.504702e+00
1406 : 7225/53428=1.352287e-01 15 : 50385/427424=1.178806e-01 53 : 5.699874e+00 4.833212e-01 5.216553e+00 : 2.999986e+00 4.951008e-01 2.504885e+00
1422 : 7300/54036=1.350951e-01 15 : 50965/432288=1.178959e-01 53 : 5.699856e+00 4.831781e-01 5.216678e+00 : 2.999987e+00 4.951194e-01 2.504868e+00
1438 : 7379/54644=1.350377e-01 15 : 51574/437152=1.179773e-01 53 : 5.699882e+00 4.830063e-01 5.216876e+00 : 2.999987e+00 4.952866e-01 2.504701e+00
1455 : 7472/55290=1.351420e-01 15 : 52195/442320=1.180028e-01 53 : 5.699862e+00 4.832778e-01 5.216584e+00 : 2.999988e+00 4.954110e-01 2.504577e+00
1471 : 7562/55898=1.352821e-01 15 : 52757/447184=1.179760e-01 53 : 5.699861e+00 4.836232e-01 5.216237e+00 : 2.999987e+00 4.953295e-01 2.504657e+00
1487 : 7641/56506=1.352246e-01 15 : 53340/452048=1.179963e-01 53 : 5.699858e+00 4.833969e-01 5.216461e+00 : 2.999988e+00 4.954249e-01 2.504563e+00
1503 : 7752/57114=1.357285e-01 15 : 53897/456912=1.179593e-01 53 : 5.699857e+00 4.845444e-01 5.215312e+00 : 2.999988e+00 4.951828e-01 2.504805e+00
1519 : 7836/57722=1.357541e-01 15 : 54481/461776=1.179814e-01 53 : 5.699870e+00 4.845548e-01 5.215315e+00 : 2.999988e+00 4.952734e-01 2.504715e+00
1535 : 7930/58330=1.359506e-01 15 : 55081/466640=1.180375e-01 53 : 5.699902e+00 4.849182e-01 5.214984e+00 : 2.999988e+00 4.954914e-01 2.504497e+00
1552 : 8017/58976=1.359367e-01 15 : 55717/471808=1.180925e-01 53 : 5.699893e+00 4.850030e-01 5.214890e+00 : 2.999990e+00 4.956423e-01 2.504347e+00
1568 : 8106/59584=1.360432e-01 15 : 56335/476672=1.181840e-01 53 : 5.699909e+00 4.850968e-01 5.214812e+00 : 2.999989e+00 4.959743e-01 2.504015e+00
1584 : 8198/60192=1.361975e-01 15 : 56917/481536=1.181988e-01 53 : 5.699904e+00 4.853982e-01 5.214506e+00 : 2.999988e+00 4.960136e-01 2.503975e+00
1600 : 8286/60800=1.362829e-01 15 : 57478/486400=1.181702e-01 53 : 5.699922e+00 4.857020e-01 5.214220e+00 : 2.999988e+00 4.959320e-01 2.504056e+00
1616 : 8384/61408=1.365294e-01 15 : 58071/491264=1.182073e-01 53 : 5.699939e+00 4.862426e-01 5.213696e+00 : 2.999989e+00 4.960083e-01 2.503981e+00
1632 : 8459/62016=1.364003e-01 15 : 58627/496128=1.181691e-01 53 : 5.699948e+00 4.859187e-01 5.214029e+00 : 2.999991e+00 4.959221e-01 2.504069e+00
1649 : 8543/62662=1.363346e-01 15 : 59223/501296=1.181398e-01 53 : 5.699952e+00 4.857851e-01 5.214167e+00 : 2.999990e+00 4.959501e-01 2.504040e+00
1665 : 8622/63270=1.362731e-01 15 : 59794/506160=1.181326e-01 53 : 5.699943e+00 4.856686e-01 5.214274e+00 : 2.999990e+00 4.958704e-01 2.504120e+00
1681 : 8697/63878=1.361502e-01 15 : 60360/511024=1.181158e-01 53 : 5.699955e+00 4.852954e-01 5.214660e+00 : 2.999991e+00 4.957450e-01 2.504246e+00
1697 : 8789/64486=1.362931e-01 15 : 60944/515888=1.181342e-01 53 : 5.699965e+00 4.856211e-01 5.214344e+00 : 2.999991e+00 4.957848e-01 2.504206e+00
1713 : 8871/65094=1.362798e-01 15 : 61538/520752=1.181714e-01 53 : 5.699969e+00 4.855579e-01 5.214411e+00 : 2.999992e+00 4.959064e-01 2.504085e+00
1729 : 8942/65702=1.360994e-01 15 : 62121/525616=1.181870e-01 59 : 5.699959e+00 4.851794e-01 5.214779e+00 : 2.999991e+00 4.959488e-01 2.504042e+00
1746 : 9018/66348=1.359197e-01 15 : 62696/530784=1.181196e-01 59 : 5.699936e+00 4.847436e-01 5.215192e+00 : 2.999991e+00 4.956966e-01 2.504295e+00
1762 : 9122/66956=1.362387e-01 15 : 63262/535648=1.181037e-01 59 : 5.699956e+00 4.853981e-01 5.214558e+00 : 2.999992e+00 4.955686e-01 2.504423e+00
1778 : 9205/67564=1.362412e-01 15 : 63861/540512=1.181491e-01 59 : 5.699955e+00 4.854003e-01 5.214554e+00 : 2.999993e+00 4.956408e-01 2.504353e+00
1794 : 9272/68172=1.360089e-01 15 : 64466/545376=1.182047e-01 59 : 5.699937e+00 4.849432e-01 5.214994e+00 : 2.999993e+00 4.956643e-01 2.504329e+00
1810 : 9355/68780=1.360134e-01 15 : 65040/550240=1.182030e-01 59 : 5.699929e+00 4.848535e-01 5.215075e+00 : 2.999993e+00 4.955326e-01 2.504460e+00
1826 : 9434/69388=1.359601e-01 15 : 65620/555104=1.182121e-01 59 : 5.699934e+00 4.848424e-01 5.215092e+00 : 2.999992e+00 4.954367e-01 2.504556e+00
1842 : 9526/69996=1.360935e-01 15 : 66217/559968=1.182514e-01 59 : 5.699938e+00 4.850465e-01 5.214892e+00 : 2.999993e+00 4.955120e-01 2.504481e+00
1859 : 9618/70642=1.361513e-01 15 : 66806/565136=1.182123e-01 59 : 5.699968e+00 4.852150e-01 5.214753e+00 : 2.999992e+00 4.954965e-01 2.504495e+00
1875 : 9687/71250=1.359579e-01 15 : 67407/570000=1.182579e-01 59 : 5.699979e+00 4.847514e-01 5.215227e+00 : 2.999992e+00 4.955684e-01 2.504424e+00
1891 : 9774/71858=1.360183e-01 15 : 67968/574864=1.182332e-01 59 : 5.699996e+00 4.847867e-01 5.215209e+00 : 2.999992e+00 4.955178e-01 2.504475e+00
1907 : 9865/72466=1.361328e-01 15 : 68550/579728=1.182451e-01 59 : 5.700004e+00 4.851235e-01 5.214880e+00 : 2.999992e+00 4.955402e-01 2.504452e+00
1923 : 9960/73074=1.363002e-01 15 : 69100/584592=1.182021e-01 59 : 5.700025e+00 4.854396e-01 5.214585e+00 : 2.999992e+00 4.954223e-01 2.504569e+00
1940 : 10040/73720=1.361910e-01 15 : 69719/589760=1.182159e-01 59 : 5.700026e+00 4.851731e-01 5.214852e+00 : 2.999992e+00 4.955149e-01 2.504477e+00
1956 : 10135/74328=1.363551e-01 15 : 70313/594624=1.182478e-01 59 : 5.700024e+00 4.854397e-01 5.214584e+00 : 2.999992e+00 4.955332e-01 2.504459e+00
1972 : 10214/74936=1.363030e-01 15 : 70898/599488=1.182643e-01 59 : 5.700010e+00 4.854211e-01 5.214589e+00 : 2.999992e+00 4.955158e-01 2.504476e+00
1988 : 10287/75544=1.361723e-01 15 : 71481/604352=1.182771e-01 59 : 5.700016e+00 4.851922e-01 5.214824e+00 : 2.999992e+00 4.954589e-01 2.504533e+00
2004 : 10379/76152=1.362932e-01 15 : 72063/609216=1.182881e-01 59 : 5.700018e+00 4.855148e-01 5.214503e+00 : 2.999993e+00 4.954491e-01 2.504544e+00
2020 : 10468/76760=1.363731e-01 15 : 72673/614080=1.183445e-01 59 : 5.700009e+00 4.857593e-01 5.214250e+00 : 2.999994e+00 4.956756e-01 2.504318e+00
2036 : 10541/77368=1.362450e-01 15 : 73241/618944=1.183322e-01 59 : 5.700017e+00 4.854269e-01 5.214591e+00 : 2.999994e+00 4.956897e-01 2.504304e+00
2053 : 10641/78014=1.363986e-01 15 : 73915/624112=1.184323e-01 59 : 5.700018e+00 4.857882e-01 5.214230e+00 : 2.999995e+00 4.959759e-01 2.504019e+00
2069 : 10734/78622=1.365267e-01 15 : 74474/628976=1.184052e-01 59 : 5.700013e+00 4.861026e-01 5.213911e+00 : 2.999995e+00 4.959061e-01 2.504089e+00
2085 : 10818/79230=1.365392e-01 15 : 75051/633840=1.184069e-01 59 : 5.699983e+00 4.862479e-01 5.213735e+00 : 2.999995e+00 4.958716e-01 2.504124e+00
2101 : 10916/79838=1.367269e-01 15 : 75588/638704=1.183459e-01 59 : 5.699966e+00 4.866626e-01 5.213303e+00 : 2.999995e+00 4.956315e-01 2.504364e+00
2117 : 11005/80446=1.367998e-01 15 : 76165/643568=1.183480e-01 59 : 5.699988e+00 4.868807e-01 5.213107e+00 : 2.999995e+00 4.956150e-01 2.504380e+00
2133 : 11064/81054=1.365016e-01 15 : 76751/648432=1.183640e-01 59 : 5.699987e+00 4.862263e-01 5.213761e+00 : 2.999996e+00 4.956865e-01 2.504309e+00
2150 : 11145/81700=1.364137e-01 15 : 77360/653600=1.183599e-01 59 : 5.699986e+00 4.860443e-01 5.213941e+00 : 2.999996e+00 4.957293e-01 2.504267e+00
2166 : 11227/82308=1.364023e-01 15 : 77878/658464=1.182722e-01 59 : 5.699988e+00 4.859436e-01 5.214045e+00 : 2.999996e+00 4.955202e-01 2.504475e+00
2182 : 11309/82916=1.363910e-01 15 : 78424/663328=1.182281e-01 59 : 5.699968e+00 4.859770e-01 5.213991e+00 : 2.999995e+00 4.953749e-01 2.504620e+00
2198 : 11383/83524=1.362842e-01 15 : 78968/668192=1.181816e-01 59 : 5.699986e+00 4.856872e-01 5.214299e+00 : 2.999996e+00 4.952712e-01 2.504724e+00
2214 : 11471/84132=1.363453e-01 15 : 79538/673056=1.181744e-01 59 : 5.699991e+00 4.858577e-01 5.214133e+00 : 2.999995e+00 4.952624e-01 2.504733e+00
2230 : 11554/84740=1.363465e-01 15 : 80109/677920=1.181688e-01 59 : 5.699997e+00 4.859489e-01 5.214048e+00 : 2.999996e+00 4.953061e-01 2.504690e+00
2247 : 11646/85386=1.363924e-01 15 : 80739/683088=1.181971e-01 59 : 5.700014e+00 4.860209e-01 5.213993e+00 : 2.999996e+00 4.953940e-01 2.504602e+00
2263 : 11722/85994=1.363118e-01 15 : 81329/687952=1.182190e-01 59 : 5.700022e+00 4.857869e-01 5.214235e+00 : 2.999996e+00 4.954521e-01 2.504544e+00
2279 : 11815/86602=1.364287e-01 15 : 81933/692816=1.182608e-01 59 : 5.700020e+00 4.860962e-01 5.213924e+00 : 2.999996e+00 4.955916e-01 2.504405e+00
2295 : 11898/87210=1.364293e-01 15 : 82498/697680=1.182462e-01 59 : 5.700037e+00 4.861225e-01 5.213914e+00 : 2.999996e+00 4.955093e-01 2.504487e+00
2311 : 11968/87818=1.362819e-01 15 : 83054/702544=1.182189e-01 59 : 5.700036e+00 4.857869e-01 5.214249e+00 : 2.999996e+00 4.954138e-01 2.504582e+00
2328 : 12059/88464=1.363153e-01 15 : 83651/707712=1.181992e-01 59 : 5.700033e+00 4.858183e-01 5.214215e+00 : 2.999995e+00 4.953340e-01 2.504661e+00
2344 : 12134/89072=1.362269e-01 15 : 84214/712576=1.181825e-01 59 : 5.700017e+00 4.856182e-01 5.214399e+00 : 2.999995e+00 4.952463e-01 2.504748e+00
2360 : 12209/89680=1.361396e-01 15 : 84782/717440=1.181729e-01 59 : 5.700025e+00 4.855005e-01 5.214525e+00 : 2.999995e+00 4.952176e-01 2.504778e+00
2376 : 12286/90288=1.360757e-01 15 : 85391/722304=1.182203e-01 59 : 5.700045e+00 4.852743e-01 5.214770e+00 : 2.999995e+00 4.953878e-01 2.504607e+00
2392 : 12358/90896=1.359576e-01 15 : 85992/727168=1.182560e-01 59 : 5.700051e+00 4.850444e-01 5.215007e+00 : 2.999996e+00 4.954690e-01 2.504527e+00
2408 : 12436/91504=1.359066e-01 15 : 86612/732032=1.183172e-01 59 : 5.700039e+00 4.850275e-01 5.215012e+00 : 2.999996e+00 4.956883e-01 2.504307e+00
2425 : 12528/92150=1.359523e-01 15 : 87238/737200=1.183370e-01 59 : 5.700039e+00 4.850537e-01 5.214986e+00 : 2.999995e+00 4.957421e-01 2.504253e+00
2441 : 12608/92758=1.359236e-01 15 : 87843/742064=1.183766e-01 59 : 5.700032e+00 4.849475e-01 5.215084e+00 : 2.999995e+00 4.957307e-01 2.504264e+00
2457 : 12676/93366=1.357668e-01 15 : 88410/746928=1.183648e-01 59 : 5.700036e+00 4.846702e-01 5.215366e+00 : 2.999995e+00 4.956672e-01 2.504328e+00
2473 : 12745/93974=1.356226e-01 15 : 88967/751792=1.183399e-01 59 : 5.700031e+00 4.842920e-01 5.215739e+00 : 2.999995e+00 4.955624e-01 2.504433e+00
2489 : 12836/94582=1.357129e-01 15 : 89528/756656=1.183206e-01 59 : 5.700043e+00 4.843416e-01 5.215701e+00 : 2.999995e+00 4.955121e-01 2.504483e+00
2505 : 12916/95190=1.356865e-01 15 : 90075/761520=1.182832e-01 59 : 5.700060e+00 4.843039e-01 5.215756e+00 : 2.999995e+00 4.954059e-01 2.504589e+00
2522 : 12997/95836=1.356171e-01 15 : 90707/766688=1.183102e-01 59 : 5.700058e+00 4.840669e-01 5.215991e+00 : 2.999995e+00 4.954720e-01 2.504523e+00
2538 : 13084/96444=1.356642e-01 15 : 91268/771552=1.182914e-01 59 : 5.700066e+00 4.841849e-01 5.215881e+00 : 2.999995e+00 4.954177e-01 2.504577e+00
2554 : 13155/97052=1.355459e-01 15 : 91856/776416=1.183077e-01 59 : 5.700072e+00 4.840237e-01 5.216048e+00 : 2.999995e+00 4.954385e-01 2.504556e+00
2570 : 13241/97660=1.355826e-01 15 : 92417/781280=1.182892e-01 59 : 5.700078e+00 4.840502e-01 5.216027e+00 : 2.999995e+00 4.953366e-01 2.504658e+00
2586 : 13318/98268=1.355273e-01 15 : 92987/786144=1.182824e-01 59 : 5.700070e+00 4.838404e-01 5.216230e+00 : 2.999995e+00 4.954054e-01 2.504590e+00
2602 : 13402/98876=1.355435e-01 15 : 93549/791008=1.182656e-01 59 : 5.700061e+00 4.838093e-01 5.216252e+00 : 2.999995e+00 4.953679e-01 2.504628e+00
2619 : 13483/99522=1.354776e-01 15 : 94193/796176=1.183068e-01 59 : 5.700051e+00 4.835922e-01 5.216459e+00 : 2.999995e+00 4.954420e-01 2.504553e+00
2635 : 13568/100130=1.355038e-01 15 : 94783/801040=1.183249e-01 59 : 5.700040e+00 4.836623e-01 5.216378e+00 : 2.999996e+00 4.954983e-01 2.504498e+00
2651 : 13656/100738=1.355596e-01 15 : 95347/805904=1.183106e-01 59 : 5.700049e+00 4.837927e-01 5.216257e+00 : 2.999996e+00 4.954241e-01 2.504572e+00
2667 : 13736/101346=1.355357e-01 15 : 95970/810768=1.183692e-01 59 : 5.700056e+00 4.838367e-01 5.216219e+00 : 2.999996e+00 4.955078e-01 2.504488e+00
2683 : 13825/101954=1.356004e-01 15 : 96518/815632=1.183352e-01 59 : 5.700061e+00 4.839438e-01 5.216118e+00 : 2.999995e+00 4.954433e-01 2.504552e+00
2699 : 13907/102562=1.355960e-01 15 : 97069/820496=1.183053e-01 59 : 5.700065e+00 4.838508e-01 5.216214e+00 : 2.999996e+00 4.953382e-01 2.504658e+00
2716 : 13993/103208=1.355806e-01 15 : 97678/825664=1.183024e-01 59 : 5.700051e+00 4.838878e-01 5.216163e+00 : 2.999995e+00 4.952655e-01 2.504730e+00
2732 : 14084/103816=1.356631e-01 15 : 98262/830528=1.183127e-01 59 : 5.700062e+00 4.840047e-01 5.216057e+00 : 2.999995e+00 4.954048e-01 2.504591e+00
2748 : 14161/104424=1.356106e-01 15 : 98860/835392=1.183397e-01 59 : 5.700077e+00 4.838670e-01 5.216210e+00 : 2.999995e+00 4.954954e-01 2.504500e+00
2764 : 14241/105032=1.355872e-01 15 : 99435/840256=1.183389e-01 59 : 5.700068e+00 4.837817e-01 5.216286e+00 : 2.999995e+00 4.954538e-01 2.504541e+00
2780 : 14311/105640=1.354695e-01 15 : 99977/845120=1.182992e-01 59 : 5.700071e+00 4.835396e-01 5.216532e+00 : 2.999994e+00 4.953083e-01 2.504686e+00
2796 : 14391/106248=1.354473e-01 15 : 100556/849984=1.183034e-01 59 : 5.700072e+00 4.835168e-01 5.216555e+00 : 2.999994e+00 4.952919e-01 2.504702e+00
2813 : 14494/106894=1.355923e-01 15 : 101175/855152=1.183123e-01 59 : 5.700062e+00 4.838399e-01 5.216222e+00 : 2.999993e+00 4.952611e-01 2.504732e+00
2829 : 14575/107502=1.355789e-01 15 : 101721/860016=1.182780e-01 59 : 5.700069e+00 4.838425e-01 5.216226e+00 : 2.999993e+00 4.951783e-01 2.504815e+00
2845 : 14662/108110=1.356211e-01 15 : 102294/864880=1.182754e-01 59 : 5.700067e+00 4.839416e-01 5.216125e+00 : 2.999993e+00 4.951849e-01 2.504808e+00
2861 : 14765/108718=1.358101e-01 15 : 102854/869744=1.182578e-01 59 : 5.700072e+00 4.843978e-01 5.215674e+00 : 2.999993e+00 4.951194e-01 2.504874e+00
2877 : 14842/109326=1.357591e-01 15 : 103437/874608=1.182667e-01 59 : 5.700061e+00 4.843557e-01 5.215706e+00 : 2.999993e+00 4.951231e-01 2.504870e+00
2893 : 14935/109934=1.358542e-01 15 : 104007/879472=1.182607e-01 59 : 5.700055e+00 4.845139e-01 5.215541e+00 : 2.999994e+00 4.951471e-01 2.504846e+00
2909 : 15018/110542=1.358579e-01 15 : 104568/884336=1.182446e-01 59 : 5.700056e+00 4.844398e-01 5.215616e+00 : 2.999993e+00 4.950602e-01 2.504933e+00
2926 : 15113/111188=1.359229e-01 15 : 105177/889504=1.182423e-01 59 : 5.700061e+00 4.846149e-01 5.215446e+00 : 2.999994e+00 4.950230e-01 2.504971e+00
2942 : 15198/111796=1.359440e-01 15 : 105746/894368=1.182354e-01 59 : 5.700059e+00 4.846427e-01 5.215417e+00 : 2.999994e+00 4.950326e-01 2.504962e+00
2958 : 15284/112404=1.359738e-01 15 : 106330/899232=1.182453e-01 59 : 5.700055e+00 4.846517e-01 5.215403e+00 : 2.999994e+00 4.951133e-01 2.504881e+00
2974 : 15362/113012=1.359325e-01 15 : 106889/904096=1.182275e-01 59 : 5.700053e+00 4.846182e-01 5.215435e+00 : 2.999995e+00 4.950315e-01 2.504963e+00
2990 : 15424/113620=1.357507e-01 15 : 107507/908960=1.182747e-01 59 : 5.700054e+00 4.842810e-01 5.215773e+00 : 2.999995e+00 4.951645e-01 2.504830e+00
3006 : 15504/114228=1.357285e-01 15 : 108067/913824=1.182580e-01 59 : 5.700053e+00 4.841971e-01 5.215856e+00 : 2.999995e+00 4.951029e-01 2.504892e+00
3023 : 15580/114874=1.356269e-01 15 : 108680/918992=1.182600e-01 59 : 5.700055e+00 4.840607e-01 5.215994e+00 : 2.999995e+00 4.950815e-01 2.504913e+00
3039 : 15652/115482=1.355363e-01 15 : 109283/923856=1.182901e-01 59 : 5.700067e+00 4.838079e-01 5.216260e+00 : 2.999995e+00 4.951718e-01 2.504823e+00
3055 : 15740/116090=1.355845e-01 15 : 109848/928720=1.182789e-01 59 : 5.700051e+00 4.838535e-01 5.216197e+00 : 2.999995e+00 4.951162e-01 2.504879e+00
3071 : 15810/116698=1.354779e-01 15 : 110440/933584=1.182968e-01 59 : 5.700061e+00 4.835835e-01 5.216478e+00 : 2.999995e+00 4.951658e-01 2.504829e+00
3087 : 15892/117306=1.354747e-01 15 : 111049/938448=1.183326e-01 59 : 5.700067e+00 4.835382e-01 5.216529e+00 : 2.999995e+00 4.952665e-01 2.504729e+00
3103 : 15975/117914=1.354801e-01 15 : 111652/943312=1.183617e-01 59 : 5.700057e+00 4.834736e-01 5.216584e+00 : 2.999995e+00 4.953475e-01 2.504648e+00
3120 : 16044/118560=1.353239e-01 15 : 112278/948480=1.183768e-01 59 : 5.700065e+00 4.830650e-01 5.217000e+00 : 2.999995e+00 4.953501e-01 2.504645e+00
3136 : 16132/119168=1.353719e-01 15 : 112844/953344=1.183665e-01 59 : 5.700076e+00 4.831619e-01 5.216914e+00 : 2.999995e+00 4.953345e-01 2.504661e+00
3152 : 16209/119776=1.353276e-01 15 : 113380/958208=1.183250e-01 59 : 5.700065e+00 4.830428e-01 5.217022e+00 : 2.999995e+00 4.952704e-01 2.504725e+00
3168 : 16284/120384=1.352671e-01 15 : 113959/963072=1.183286e-01 59 : 5.700052e+00 4.828497e-01 5.217202e+00 : 2.999995e+00 4.952840e-01 2.504711e+00
3184 : 16379/120992=1.353726e-01 15 : 114536/967936=1.183301e-01 59 : 5.700050e+00 4.831407e-01 5.216910e+00 : 2.999995e+00 4.953128e-01 2.504682e+00
3200 : 16452/121600=1.352961e-01 15 : 115078/972800=1.182956e-01 59 : 5.700055e+00 4.829470e-01 5.217108e+00 : 2.999995e+00 4.951838e-01 2.504811e+00
3217 : 16544/122246=1.353337e-01 15 : 115674/977968=1.182799e-01 59 : 5.700052e+00 4.831055e-01 5.216946e+00 : 2.999995e+00 4.951158e-01 2.504879e+00
3233 : 16616/122854=1.352500e-01 15 : 116231/982832=1.182613e-01 59 : 5.700055e+00 4.829484e-01 5.217107e+00 : 2.999995e+00 4.950786e-01 2.504916e+00
3249 : 16695/123462=1.352238e-01 15 : 116817/987696=1.182722e-01 59 : 5.700063e+00 4.829077e-01 5.217156e+00 : 2.999995e+00 4.951270e-01 2.504868e+00
3265 : 16785/124070=1.352865e-01 15 : 117374/992560=1.182538e-01 59 : 5.700055e+00 4.830313e-01 5.217023e+00 : 2.999994e+00 4.950707e-01 2.504924e+00
3281 : 16879/124678=1.353807e-01 15 : 117991/997424=1.182957e-01 59 : 5.700051e+00 4.832833e-01 5.216768e+00 : 2.999995e+00 4.952523e-01 2.504743e+00
3297 : 16973/125286=1.354740e-01 15 : 118564/1002288=1.182933e-01 59 : 5.700055e+00 4.835518e-01 5.216503e+00 : 2.999995e+00 4.952362e-01 2.504759e+00
3314 : 17063/125932=1.354938e-01 15 : 119204/1007456=1.183218e-01 59 : 5.700055e+00 4.835774e-01 5.216478e+00 : 2.999995e+00 4.953228e-01 2.504672e+00
3330 : 17130/126540=1.353722e-01 15 : 119763/1012320=1.183055e-01 59 : 5.700053e+00 4.832367e-01 5.216816e+00 : 2.999995e+00 4.952532e-01 2.504741e+00
3346 : 17201/127148=1.352833e-01 15 : 120357/1017184=1.183237e-01 59 : 5.700047e+00 4.830783e-01 5.216968e+00 : 2.999995e+00 4.953101e-01 2.504685e+00
3362 : 17285/127756=1.352970e-01 15 : 120922/1022048=1.183134e-01 59 : 5.700056e+00 4.832024e-01 5.216854e+00 : 2.999994e+00 4.952417e-01 2.504752e+00
3378 : 17350/128364=1.351625e-01 15 : 121508/1026912=1.183237e-01 59 : 5.700070e+00 4.829160e-01 5.217155e+00 : 2.999994e+00 4.952957e-01 2.504699e+00
3394 : 17427/128972=1.351224e-01 15 : 122108/1031776=1.183474e-01 59 : 5.700065e+00 4.828491e-01 5.217216e+00 : 2.999995e+00 4.953844e-01 2.504610e+00
3411 : 17510/129618=1.350893e-01 15 : 122731/1036944=1.183584e-01 59 : 5.700061e+00 4.826892e-01 5.217372e+00 : 2.999995e+00 4.954412e-01 2.504554e+00
3427 : 17587/130226=1.350498e-01 15 : 123308/1041808=1.183596e-01 59 : 5.700054e+00 4.825637e-01 5.217490e+00 : 2.999995e+00 4.954639e-01 2.504531e+00
3443 : 17654/130834=1.349343e-01 15 : 123892/1046672=1.183675e-01 59 : 5.700062e+00 4.823216e-01 5.217740e+00 : 2.999995e+00 4.955481e-01 2.504447e+00
3459 : 17745/131442=1.350025e-01 15 : 124446/1051536=1.183469e-01 59 : 5.700059e+00 4.824754e-01 5.217583e+00 : 2.999995e+00 4.955067e-01 2.504489e+00
3475 : 17821/132050=1.349565e-01 15 : 125022/1056400=1.183472e-01 59 : 5.700056e+00 4.823553e-01 5.217701e+00 : 2.999995e+00 4.955100e-01 2.504485e+00
3491 : 17904/132658=1.349636e-01 15 : 125627/1061264=1.183749e-01 59 : 5.700053e+00 4.823722e-01 5.217681e+00 : 2.999995e+00 4.956005e-01 2.504395e+00
3508 : 17972/133304=1.348197e-01 15 : 126240/1066432=1.183760e-01 59 : 5.700041e+00 4.820030e-01 5.218038e+00 : 2.999996e+00 4.955726e-01 2.504423e+00
3524 : 18053/133912=1.348124e-01 15 : 126842/1071296=1.184005e-01 59 : 5.700048e+00 4.819901e-01 5.218058e+00 : 2.999996e+00 4.955841e-01 2.504412e+00
3540 : 18143/134520=1.348721e-01 15 : 127393/1076160=1.183774e-01 59 : 5.700057e+00 4.821257e-01 5.217932e+00 : 2.999996e+00 4.955394e-01 2.504456e+00
3556 : 18218/135128=1.348203e-01 15 : 127992/1081024=1.183989e-01 59 : 5.700044e+00 4.820149e-01 5.218029e+00 : 2.999996e+00 4.955948e-01 2.504401e+00
3572 : 18307/135736=1.348721e-01 15 : 128553/1085888=1.183851e-01 59 : 5.700046e+00 4.821505e-01 5.217896e+00 : 2.999996e+00 4.955628e-01 2.504433e+00
3588 : 18390/136344=1.348794e-01 15 : 129142/1090752=1.183972e-01 59 : 5.700049e+00 4.821668e-01 5.217882e+00 : 2.999995e+00 4.956168e-01 2.504379e+00
3605 : 18472/136990=1.348420e-01 15 : 129757/1095920=1.184001e-01 59 : 5.700044e+00 4.820442e-01 5.218000e+00 : 2.999995e+00 4.955788e-01 2.504417e+00
3621 : 18550/137598=1.348130e-01 15 : 130339/1100784=1.184056e-01 59 : 5.700051e+00 4.819628e-01 5.218088e+00 : 2.999995e+00 4.955541e-01 2.504441e+00
3637 : 18631/138206=1.348060e-01 15 : 130929/1105648=1.184183e-01 59 : 5.700045e+00 4.819776e-01 5.218068e+00 : 2.999995e+00 4.956076e-01 2.504388e+00
3653 : 18713/138814=1.348063e-01 15 : 131496/1110512=1.184102e-01 59 : 5.700050e+00 4.820394e-01 5.218011e+00 : 2.999995e+00 4.955809e-01 2.504414e+00
3669 : 18783/139422=1.347205e-01 15 : 132119/1115376=1.184524e-01 59 : 5.700043e+00 4.819047e-01 5.218139e+00 : 2.999995e+00 4.956885e-01 2.504306e+00
3685 : 18874/140030=1.347854e-01 15 : 132718/1120240=1.184728e-01 59 : 5.700046e+00 4.820810e-01 5.217965e+00 : 2.999995e+00 4.957509e-01 2.504244e+00
3702 : 18971/140676=1.348560e-01 15 : 133365/1125408=1.185037e-01 59 : 5.700046e+00 4.821712e-01 5.217875e+00 : 2.999995e+00 4.958474e-01 2.504147e+00
3718 : 19066/141284=1.349480e-01 15 : 133955/1130272=1.185157e-01 59 : 5.700056e+00 4.823563e-01 5.217700e+00 : 2.999995e+00 4.959325e-01 2.504062e+00
3734 : 19141/141892=1.348984e-01 15 : 134532/1135136=1.185162e-01 59 : 5.700062e+00 4.822874e-01 5.217775e+00 : 2.999994e+00 4.959360e-01 2.504058e+00
3750 : 19220/142500=1.348772e-01 15 : 135116/1140000=1.185228e-01 59 : 5.700071e+00 4.822932e-01 5.217778e+00 : 2.999994e+00 4.959826e-01 2.504012e+00
3766 : 19297/143108=1.348422e-01 15 : 135697/1144864=1.185267e-01 59 : 5.700074e+00 4.821585e-01 5.217916e+00 : 2.999995e+00 4.959742e-01 2.504020e+00
3782 : 19372/143716=1.347936e-01 15 : 136278/1149728=1.185306e-01 59 : 5.700080e+00 4.820491e-01 5.218030e+00 : 2.999995e+00 4.959591e-01 2.504036e+00
3798 : 19461/144324=1.348424e-01 15 : 136796/1154592=1.184799e-01 59 : 5.700077e+00 4.821393e-01 5.217938e+00 : 2.999995e+00 4.957906e-01 2.504204e+00
3815 : 19553/144970=1.348762e-01 15 : 137403/1159760=1.184754e-01 59 : 5.700082e+00 4.821880e-01 5.217894e+00 : 2.999995e+00 4.957753e-01 2.504219e+00
3831 : 19635/145578=1.348761e-01 15 : 137973/1164624=1.184700e-01 59 : 5.700079e+00 4.822377e-01 5.217842e+00 : 2.999995e+00 4.957236e-01 2.504271e+00
3847 : 19705/146186=1.347940e-01 15 : 138568/1169488=1.184860e-01 59 : 5.700080e+00 4.820185e-01 5.218061e+00 : 2.999995e+00 4.957914e-01 2.504204e+00
3863 : 19797/146794=1.348625e-01 15 : 139168/1174352=1.185062e-01 59 : 5.700089e+00 4.821478e-01 5.217942e+00 : 2.999995e+00 4.958924e-01 2.504103e+00
3879 : 19881/147402=1.348761e-01 15 : 139731/1179216=1.184948e-01 59 : 5.700092e+00 4.822343e-01 5.217858e+00 : 2.999995e+00 4.958414e-01 2.504153e+00
3895 : 19957/148010=1.348355e-01 15 : 140294/1184080=1.184835e-01 59 : 5.700101e+00 4.821669e-01 5.217934e+00 : 2.999995e+00 4.958000e-01 2.504195e+00
3912 : 20040/148656=1.348079e-01 15 : 140955/1189248=1.185245e-01 59 : 5.700112e+00 4.821378e-01 5.217974e+00 : 2.999995e+00 4.959201e-01 2.504074e+00
3928 : 20127/149264=1.348416e-01 15 : 141556/1194112=1.185450e-01 59 : 5.700112e+00 4.822043e-01 5.217908e+00 : 2.999995e+00 4.959715e-01 2.504023e+00
3944 : 20205/149872=1.348150e-01 15 : 142123/1198976=1.185370e-01 59 : 5.700117e+00 4.821117e-01 5.218005e+00 : 2.999995e+00 4.959478e-01 2.504047e+00
3960 : 20285/150480=1.348020e-01 15 : 142656/1203840=1.185008e-01 59 : 5.700126e+00 4.821394e-01 5.217987e+00 : 2.999995e+00 4.958540e-01 2.504141e+00
3976 : 20376/151088=1.348618e-01 15 : 143247/1208704=1.185129e-01 59 : 5.700129e+00 4.822707e-01 5.217859e+00 : 2.999995e+00 4.958779e-01 2.504117e+00
3992 : 20458/151696=1.348618e-01 15 : 143802/1213568=1.184952e-01 59 : 5.700130e+00 4.822480e-01 5.217882e+00 : 2.999995e+00 4.957777e-01 2.504217e+00
4009 : 20550/152342=1.348939e-01 15 : 144441/1218736=1.185171e-01 59 : 5.700121e+00 4.823108e-01 5.217810e+00 : 2.999995e+00 4.958456e-01 2.504149e+00
4025 : 20640/152950=1.349461e-01 15 : 145042/1223600=1.185371e-01 59 : 5.700120e+00 4.824597e-01 5.217660e+00 : 2.999995e+00 4.958591e-01 2.504136e+00
4041 : 20727/153558=1.349783e-01 15 : 145648/1228464=1.185611e-01 59 : 5.700124e+00 4.825695e-01 5.217555e+00 : 2.999995e+00 4.959395e-01 2.504056e+00
4057 : 20813/154166=1.350038e-01 15 : 146250/1233328=1.185816e-01 59 : 5.700128e+00 4.826619e-01 5.217466e+00 : 2.999996e+00 4.960383e-01 2.503957e+00
4073 : 20909/154774=1.350937e-01 15 : 146810/1238192=1.185680e-01 59 : 5.700134e+00 4.828480e-01 5.217286e+00 : 2.999995e+00 4.960365e-01 2.503959e+00
4090 : 20990/155420=1.350534e-01 15 : 147423/1243360=1.185682e-01 59 : 5.700130e+00 4.827128e-01 5.217417e+00 : 2.999995e+00 4.959965e-01 2.503999e+00
4106 : 21068/156028=1.350270e-01 15 : 148007/1248224=1.185741e-01 59 : 5.700130e+00 4.826818e-01 5.217448e+00 : 2.999995e+00 4.960165e-01 2.503979e+00
4122 : 21146/156636=1.350009e-01 15 : 148552/1253088=1.185487e-01 59 : 5.700136e+00 4.826134e-01 5.217523e+00 : 2.999995e+00 4.958864e-01 2.504109e+00
4138 : 21236/157244=1.350513e-01 15 : 149110/1257952=1.185339e-01 59 : 5.700138e+00 4.827779e-01 5.217360e+00 : 2.999995e+00 4.958207e-01 2.504174e+00
4154 : 21321/157852=1.350696e-01 15 : 149677/1262816=1.185264e-01 59 : 5.700139e+00 4.828142e-01 5.217325e+00 : 2.999995e+00 4.958086e-01 2.504186e+00
4170 : 21404/158460=1.350751e-01 15 : 150216/1267680=1.184968e-01 59 : 5.700132e+00 4.827992e-01 5.217333e+00 : 2.999995e+00 4.957748e-01 2.504220e+00
4187 : 21493/159106=1.350860e-01 15 : 150878/1272848=1.185358e-01 59 : 5.700138e+00 4.828493e-01 5.217288e+00 : 2.999995e+00 4.958752e-01 2.504120e+00
4203 : 21562/159714=1.350038e-01 15 : 151451/1277712=1.185330e-01 59 : 5.700131e+00 4.826151e-01 5.217516e+00 : 2.999995e+00 4.958526e-01 2.504142e+00
4219 : 21656/160322=1.350782e-01 15 : 152023/1282576=1.185294e-01 59 : 5.700130e+00 4.827739e-01 5.217356e+00 : 2.999995e+00 4.958275e-01 2.504167e+00
4235 : 21733/160930=1.350463e-01 15 : 152628/1287440=1.185515e-01 59 : 5.700134e+00 4.827080e-01 5.217426e+00 : 2.999995e+00 4.958516e-01 2.504144e+00
4251 : 21804/161538=1.349775e-01 15 : 153170/1292304=1.185247e-01 59 : 5.700132e+00 4.825662e-01 5.217566e+00 : 2.999995e+00 4.958417e-01 2.504153e+00
4268 : 21888/162184=1.349578e-01 15 : 153769/1297472=1.185143e-01 59 : 5.700130e+00 4.824975e-01 5.217632e+00 : 2.999995e+00 4.958223e-01 2.504173e+00
4284 : 21990/162792=1.350803e-01 15 : 154367/1302336=1.185309e-01 59 : 5.700130e+00 4.827046e-01 5.217425e+00 : 2.999995e+00 4.958892e-01 2.504106e+00
4300 : 22071/163400=1.350734e-01 15 : 154944/1307200=1.185312e-01 59 : 5.700129e+00 4.827110e-01 5.217418e+00 : 2.999996e+00 4.958693e-01 2.504126e+00
4316 : 22160/164008=1.351154e-01 15 : 155487/1312064=1.185057e-01 59 : 5.700135e+00 4.828316e-01 5.217303e+00 : 2.999996e+00 4.958172e-01 2.504179e+00
4332 : 22245/164616=1.351327e-01 15 : 156046/1316928=1.184924e-01 59 : 5.700135e+00 4.828544e-01 5.217280e+00 : 2.999996e+00 4.957751e-01 2.504221e+00
4348 : 22321/165224=1.350954e-01 15 : 156616/1321792=1.184876e-01 59 : 5.700133e+00 4.827757e-01 5.217357e+00 : 2.999996e+00 4.957700e-01 2.504226e+00
4365 : 22389/165870=1.349792e-01 15 : 157251/1326960=1.185047e-01 59 : 5.700129e+00 4.825267e-01 5.217603e+00 : 2.999996e+00 4.957894e-01 2.504206e+00
4381 : 22476/166478=1.350088e-01 15 : 157860/1331824=1.185292e-01 59 : 5.700125e+00 4.825323e-01 5.217593e+00 : 2.999996e+00 4.958480e-01 2.504148e+00
4397 : 22562/167086=1.350323e-01 15 : 158441/1336688=1.185325e-01 59 : 5.700129e+00 4.825620e-01 5.217567e+00 : 2.999996e+00 4.958299e-01 2.504166e+00
4413 : 22646/167694=1.350436e-01 15 : 159049/1341552=1.185560e-01 59 : 5.700136e+00 4.825773e-01 5.217559e+00 : 2.999996e+00 4.959067e-01 2.504089e+00
4429 : 22720/168302=1.349954e-01 15 : 159620/1346416=1.185518e-01 59 : 5.700127e+00 4.824496e-01 5.217677e+00 : 2.999996e+00 4.958713e-01 2.504125e+00
4445 : 22803/168910=1.350009e-01 15 : 160175/1351280=1.185358e-01 59 : 5.700127e+00 4.824697e-01 5.217657e+00 : 2.999996e+00 4.958359e-01 2.504160e+00
4462 : 22903/169556=1.350763e-01 15 : 160803/1356448=1.185471e-01 59 : 5.700130e+00 4.826211e-01 5.217509e+00 : 2.999996e+00 4.958733e-01 2.504123e+00
4478 : 22989/170164=1.350991e-01 15 : 161407/1361312=1.185672e-01 59 : 5.700139e+00 4.827117e-01 5.217427e+00 : 2.999996e+00 4.959596e-01 2.504037e+00
4494 : 23087/170772=1.351920e-01 15 : 161983/1366176=1.185667e-01 59 : 5.700140e+00 4.828996e-01 5.217241e+00 : 2.999996e+00 4.959255e-01 2.504071e+00
4510 : 23169/171380=1.351908e-01 15 : 162599/1371040=1.185954e-01 59 : 5.700147e+00 4.828849e-01 5.217262e+00 : 2.999996e+00 4.959997e-01 2.503996e+00
4526 : 23261/171988=1.352478e-01 15 : 163117/1375904=1.185526e-01 59 : 5.700149e+00 4.830652e-01 5.217084e+00 : 2.999996e+00 4.958494e-01 2.504147e+00
4542 : 23332/172596=1.351827e-01 15 : 163703/1380768=1.185594e-01 59 : 5.700151e+00 4.829407e-01 5.217210e+00 : 2.999996e+00 4.958378e-01 2.504158e+00
4559 : 23409/173242=1.351231e-01 15 : 164327/1385936=1.185675e-01 59 : 5.700156e+00 4.828489e-01 5.217307e+00 : 2.999996e+00 4.958747e-01 2.504121e+00
4575 : 23487/173850=1.350992e-01 15 : 164914/1390800=1.185749e-01 59 : 5.700158e+00 4.828347e-01 5.217323e+00 : 2.999996e+00 4.958879e-01 2.504108e+00
4591 : 23572/174458=1.351156e-01 15 : 165505/1395664=1.185851e-01 59 : 5.700163e+00 4.827833e-01 5.217380e+00 : 2.999996e+00 4.959607e-01 2.504035e+00
4607 : 23652/175066=1.351033e-01 15 : 166080/1400528=1.185838e-01 59 : 5.700163e+00 4.827153e-01 5.217448e+00 : 2.999996e+00 4.959597e-01 2.504036e+00
4623 : 23729/175674=1.350741e-01 15 : 166673/1405392=1.185954e-01 59 : 5.700167e+00 4.826300e-01 5.217537e+00 : 2.999996e+00 4.959825e-01 2.504013e+00
4639 : 23820/176282=1.351244e-01 15 : 167240/1410256=1.185884e-01 59 : 5.700165e+00 4.827505e-01 5.217414e+00 : 2.999996e+00 4.959815e-01 2.504015e+00
4656 : 23900/176928=1.350832e-01 15 : 167879/1415424=1.186069e-01 59 : 5.700160e+00 4.826482e-01 5.217512e+00 : 2.999996e+00 4.960381e-01 2.503958e+00
4672 : 23992/177536=1.351388e-01 15 : 168454/1420288=1.186055e-01 59 : 5.700162e+00 4.827660e-01 5.217396e+00 : 2.999996e+00 4.960189e-01 2.503977e+00
4688 : 24078/178144=1.351603e-01 15 : 169037/1425152=1.186098e-01 59 : 5.700169e+00 4.828667e-01 5.217303e+00 : 2.999996e+00 4.960653e-01 2.503931e+00
4704 : 24166/178752=1.351929e-01 15 : 169592/1430016=1.185945e-01 59 : 5.700173e+00 4.829314e-01 5.217242e+00 : 2.999996e+00 4.960385e-01 2.503958e+00
4720 : 24247/179360=1.351862e-01 15 : 170121/1434880=1.185611e-01 59 : 5.700171e+00 4.829111e-01 5.217260e+00 : 2.999996e+00 4.958943e-01 2.504102e+00
4737 : 24333/180006=1.351788e-01 15 : 170728/1440048=1.185572e-01 59 : 5.700173e+00 4.828743e-01 5.217299e+00 : 2.999997e+00 4.958814e-01 2.504115e+00
4753 : 24428/180614=1.352498e-01 15 : 171311/1444912=1.185615e-01 59 : 5.700177e+00 4.830454e-01 5.217132e+00 : 2.999996e+00 4.958934e-01 2.504103e+00
4769 : 24510/181222=1.352485e-01 15 : 171861/1449776=1.185431e-01 59 : 5.700177e+00 4.830531e-01 5.217124e+00 : 2.999996e+00 4.958509e-01 2.504145e+00
4785 : 24594/181830=1.352582e-01 15 : 172445/1454640=1.185482e-01 59 : 5.700176e+00 4.830851e-01 5.217091e+00 : 2.999997e+00 4.959220e-01 2.504075e+00
4801 : 24661/182438=1.351747e-01 15 : 173032/1459504=1.185553e-01 59 : 5.700188e+00 4.828617e-01 5.217326e+00 : 2.999997e+00 4.959369e-01 2.504060e+00
4817 : 24724/183046=1.350699e-01 15 : 173619/1464368=1.185624e-01 59 : 5.700186e+00 4.826384e-01 5.217547e+00 : 2.999997e+00 4.959287e-01 2.504068e+00
4834 : 24812/183692=1.350739e-01 15 : 174237/1469536=1.185660e-01 59 : 5.700187e+00 4.825782e-01 5.217609e+00 : 2.999997e+00 4.959104e-01 2.504087e+00
4850 : 24895/184300=1.350787e-01 15 : 174812/1474400=1.185648e-01 59 : 5.700190e+00 4.826406e-01 5.217549e+00 : 2.999997e+00 4.958537e-01 2.504143e+00
4866 : 24960/184908=1.349860e-01 15 : 175388/1479264=1.185644e-01 59 : 5.700191e+00 4.824442e-01 5.217747e+00 : 2.999997e+00 4.958600e-01 2.504137e+00
4882 : 25034/185516=1.349425e-01 15 : 176025/1484128=1.186050e-01 59 : 5.700191e+00 4.823746e-01 5.217816e+00 : 2.999997e+00 4.959635e-01 2.504033e+00
4898 : 25114/186124=1.349316e-01 15 : 176607/1488992=1.186084e-01 59 : 5.700191e+00 4.823605e-01 5.217830e+00 : 2.999997e+00 4.959679e-01 2.504029e+00
4914 : 25189/186732=1.348939e-01 15 : 177185/1493856=1.186092e-01 59 : 5.700194e+00 4.822999e-01 5.217895e+00 : 2.999997e+00 4.959826e-01 2.504015e+00
4931 : 25276/187378=1.348931e-01 15 : 177776/1499024=1.185945e-01 59 : 5.700188e+00 4.823161e-01 5.217872e+00 : 2.999997e+00 4.959814e-01 2.504016e+00
4947 : 25373/187986=1.349728e-01 15 : 178378/1503888=1.186112e-01 59 : 5.700191e+00 4.825200e-01 5.217671e+00 : 2.999997e+00 4.960483e-01 2.503949e+00
4963 : 25448/188594=1.349354e-01 15 : 178961/1508752=1.186153e-01 59 : 5.700187e+00 4.824034e-01 5.217784e+00 : 2.999997e+00 4.960700e-01 2.503927e+00
4979 : 25523/189202=1.348982e-01 15 : 179548/1513616=1.186219e-01 59 : 5.700189e+00 4.823204e-01 5.217869e+00 : 2.999997e+00 4.960931e-01 2.503904e+00
4995 : 25602/189810=1.348823e-01 15 : 180106/1518480=1.186094e-01 59 : 5.700188e+00 4.823600e-01 5.217828e+00 : 2.999997e+00 4.960662e-01 2.503931e+00
5011 : 25677/190418=1.348454e-01 15 : 180708/1523344=1.186259e-01 59 : 5.700187e+00 4.822788e-01 5.217908e+00 : 2.999997e+00 4.961117e-01 2.503885e+00
5028 : 25747/191064=1.347559e-01 15 : 181292/1528512=1.186069e-01 59 : 5.700182e+00 4.821606e-01 5.218021e+00 : 2.999997e+00 4.960502e-01 2.503947e+00
5044 : 25835/191672=1.347876e-01 15 : 181857/1533376=1.185991e-01 59 : 5.700184e+00 4.822679e-01 5.217916e+00 : 2.999997e+00 4.960220e-01 2.503975e+00
5060 : 25925/192280=1.348294e-01 15 : 182428/1538240=1.185953e-01 59 : 5.700180e+00 4.823388e-01 5.217841e+00 : 2.999997e+00 4.960241e-01 2.503973e+00
5076 : 25994/192888=1.347621e-01 15 : 182975/1543104=1.185759e-01 59 : 5.700182e+00 4.821721e-01 5.218010e+00 : 2.999997e+00 4.959872e-01 2.504010e+00
5092 : 26071/193496=1.347366e-01 15 : 183623/1547968=1.186220e-01 59 : 5.700182e+00 4.820946e-01 5.218087e+00 : 2.999997e+00 4.961589e-01 2.503838e+00
5109 : 26168/194142=1.347879e-01 15 : 184238/1553136=1.186232e-01 59 : 5.700185e+00 4.822098e-01 5.217975e+00 : 2.999997e+00 4.962075e-01 2.503790e+00
5125 : 26245/194750=1.347625e-01 15 : 184838/1558000=1.186380e-01 59 : 5.700182e+00 4.821445e-01 5.218037e+00 : 2.999998e+00 4.962321e-01 2.503765e+00
5141 : 26338/195358=1.348192e-01 15 : 185370/1562864=1.186092e-01 59 : 5.700179e+00 4.822784e-01 5.217901e+00 : 2.999998e+00 4.961503e-01 2.503847e+00
5157 : 26427/195966=1.348550e-01 15 : 185934/1567728=1.186009e-01 59 : 5.700185e+00 4.823282e-01 5.217857e+00 : 2.999998e+00 4.961183e-01 2.503879e+00
5173 : 26511/196574=1.348652e-01 15 : 186504/1572592=1.185966e-01 59 : 5.700183e+00 4.823553e-01 5.217828e+00 : 2.999998e+00 4.961085e-01 2.503889e+00
5189 : 26586/197182=1.348298e-01 15 : 187103/1577456=1.186106e-01 59 : 5.700183e+00 4.822626e-01 5.217920e+00 : 2.999998e+00 4.961665e-01 2.503831e+00
5206 : 26665/197828=1.347888e-01 15 : 187725/1582624=1.186163e-01 59 : 5.700181e+00 4.821786e-01 5.218002e+00 : 2.999998e+00 4.961909e-01 2.503807e+00
5222 : 26750/198436=1.348042e-01 15 : 188263/1587488=1.185918e-01 59 : 5.700186e+00 4.822234e-01 5.217963e+00 : 2.999998e+00 4.960833e-01 2.503915e+00
5238 : 26841/199044=1.348496e-01 15 : 188823/1592352=1.185812e-01 59 : 5.700188e+00 4.822877e-01 5.217900e+00 : 2.999998e+00 4.960535e-01 2.503944e+00
5254 : 26918/199652=1.348246e-01 15 : 189430/1597216=1.186001e-01 59 : 5.700188e+00 4.821637e-01 5.218024e+00 : 2.999998e+00 4.960828e-01 2.503915e+00
5270 : 27011/200260=1.348797e-01 15 : 189989/1602080=1.185890e-01 59 : 5.700186e+00 4.822702e-01 5.217916e+00 : 2.999998e+00 4.960789e-01 2.503919e+00
5287 : 27109/200906=1.349338e-01 15 : 190601/1607248=1.185884e-01 59 : 5.700192e+00 4.823736e-01 5.217818e+00 : 2.999998e+00 4.960815e-01 2.503917e+00
5303 : 27183/201514=1.348939e-01 15 : 191152/1612112=1.185724e-01 59 : 5.700194e+00 4.822884e-01 5.217905e+00 : 2.999998e+00 4.960382e-01 2.503960e+00
5319 : 27272/202122=1.349284e-01 15 : 191757/1616976=1.185899e-01 59 : 5.700189e+00 4.823893e-01 5.217799e+00 : 2.999998e+00 4.960929e-01 2.503905e+00
5335 : 27353/202730=1.349233e-01 15 : 192340/1621840=1.185937e-01 59 : 5.700191e+00 4.823763e-01 5.217814e+00 : 2.999998e+00 4.961034e-01 2.503895e+00
5351 : 27426/203338=1.348789e-01 15 : 192936/1626704=1.186055e-01 59 : 5.700187e+00 4.822873e-01 5.217899e+00 : 2.999998e+00 4.961264e-01 2.503872e+00
5367 : 27512/203946=1.348985e-01 15 : 193505/1631568=1.186006e-01 59 : 5.700182e+00 4.823225e-01 5.217860e+00 : 2.999998e+00 4.961181e-01 2.503880e+00
5384 : 27599/204592=1.348977e-01 15 : 194119/1636736=1.186013e-01 59 : 5.700183e+00 4.823153e-01 5.217868e+00 : 2.999998e+00 4.961091e-01 2.503889e+00
5400 : 27658/205200=1.347856e-01 15 : 194699/1641600=1.186032e-01 59 : 5.700183e+00 4.820549e-01 5.218129e+00 : 2.999998e+00 4.961327e-01 2.503865e+00
5416 : 27744/205808=1.348053e-01 15 : 195269/1646464=1.185990e-01 59 : 5.700182e+00 4.821075e-01 5.218074e+00 : 2.999998e+00 4.961006e-01 2.503897e+00
5432 : 27830/206416=1.348248e-01 15 : 195849/1651328=1.186009e-01 59 : 5.700185e+00 4.821824e-01 5.218003e+00 : 2.999998e+00 4.961209e-01 2.503877e+00
5448 : 27915/207024=1.348394e-01 15 : 196402/1656192=1.185865e-01 59 : 5.700177e+00 4.821987e-01 5.217978e+00 : 2.999997e+00 4.960722e-01 2.503925e+00
5464 : 28001/207632=1.348588e-01 15 : 196971/1661056=1.185818e-01 59 : 5.700178e+00 4.822099e-01 5.217968e+00 : 2.999997e+00 4.960220e-01 2.503975e+00
5481 : 28085/208278=1.348438e-01 15 : 197576/1666224=1.185771e-01 59 : 5.700179e+00 4.821537e-01 5.218025e+00 : 2.999998e+00 4.960147e-01 2.503983e+00
5497 : 28180/208886=1.349061e-01 15 : 198160/1671088=1.185814e-01 59 : 5.700177e+00 4.822855e-01 5.217892e+00 : 2.999998e+00 4.960064e-01 2.503991e+00
5513 : 28247/209494=1.348344e-01 15 : 198690/1675952=1.185535e-01 59 : 5.700180e+00 4.821774e-01 5.218003e+00 : 2.999998e+00 4.959034e-01 2.504094e+00
5529 : 28321/210102=1.347964e-01 15 : 199300/1680816=1.185734e-01 59 : 5.700178e+00 4.820896e-01 5.218088e+00 : 2.999998e+00 4.959481e-01 2.504049e+00
5545 : 28405/210710=1.348061e-01 15 : 199830/1685680=1.185456e-01 59 : 5.700178e+00 4.821025e-01 5.218076e+00 : 2.999998e+00 4.958653e-01 2.504132e+00
5561 : 28491/211318=1.348252e-01 15 : 200410/1690544=1.185476e-01 59 : 5.700177e+00 4.821687e-01 5.218009e+00 : 2.999998e+00 4.958570e-01 2.504141e+00
5578 : 28579/211964=1.348295e-01 15 : 201000/1695712=1.185343e-01 59 : 5.700175e+00 4.821866e-01 5.217988e+00 : 2.999998e+00 4.957987e-01 2.504199e+00
5594 : 28659/212572=1.348202e-01 15 : 201634/1700576=1.185681e-01 59 : 5.700176e+00 4.821861e-01 5.217990e+00 : 2.999998e+00 4.959177e-01 2.504080e+00
5610 : 28744/213180=1.348344e-01 15 : 202222/1705440=1.185747e-01 59 : 5.700174e+00 4.822272e-01 5.217946e+00 : 2.999998e+00 4.959234e-01 2.504074e+00
5626 : 28810/213788=1.347597e-01 15 : 202760/1710304=1.185520e-01 59 : 5.700172e+00 4.820581e-01 5.218114e+00 : 2.999998e+00 4.958698e-01 2.504128e+00
5642 : 28896/214396=1.347786e-01 15 : 203353/1715168=1.185616e-01 59 : 5.700179e+00 4.820946e-01 5.218085e+00 : 2.999998e+00 4.958864e-01 2.504111e+00
5658 : 29002/215004=1.348905e-01 15 : 203928/1720032=1.185606e-01 59 : 5.700178e+00 4.823424e-01 5.217836e+00 : 2.999998e+00 4.958713e-01 2.504126e+00
5674 : 29080/215612=1.348719e-01 15 : 204501/1724896=1.185585e-01 59 : 5.700182e+00 4.822670e-01 5.217915e+00 : 2.999998e+00 4.958800e-01 2.504118e+00
5691 : 29175/216258=1.349083e-01 15 : 205089/1730064=1.185442e-01 59 : 5.700184e+00 4.823610e-01 5.217823e+00 : 2.999998e+00 4.958450e-01 2.504153e+00
5707 : 29252/216866=1.348851e-01 15 : 205662/1734928=1.185421e-01 59 : 5.700184e+00 4.822868e-01 5.217897e+00 : 2.999998e+00 4.958536e-01 2.504144e+00
5723 : 29334/217474=1.348851e-01 15 : 206204/1739792=1.185222e-01 59 : 5.700186e+00 4.822810e-01 5.217905e+00 : 2.999997e+00 4.957508e-01 2.504247e+00
5739 : 29425/218082=1.349263e-01 15 : 206760/1744656=1.185105e-01 59 : 5.700186e+00 4.823687e-01 5.217817e+00 : 2.999998e+00 4.957002e-01 2.504297e+00
5755 : 29500/218690=1.348941e-01 15 : 207362/1749520=1.185251e-01 59 : 5.700184e+00 4.822560e-01 5.217928e+00 : 2.999998e+00 4.957791e-01 2.504218e+00
5771 : 29583/219298=1.348986e-01 15 : 207936/1754384=1.185237e-01 59 : 5.700182e+00 4.822672e-01 5.217915e+00 : 2.999998e+00 4.957459e-01 2.504252e+00
5788 : 29655/219944=1.348298e-01 15 : 208572/1759552=1.185370e-01 59 : 5.700182e+00 4.821171e-01 5.218065e+00 : 2.999998e+00 4.957786e-01 2.504219e+00
5804 : 29748/220552=1.348798e-01 15 : 209136/1764416=1.185299e-01 59 : 5.700188e+00 4.822354e-01 5.217952e+00 : 2.999998e+00 4.957575e-01 2.504240e+00
5820 : 29840/221160=1.349249e-01 15 : 209710/1769280=1.185284e-01 59 : 5.700193e+00 4.823229e-01 5.217870e+00 : 2.999998e+00 4.957418e-01 2.504256e+00
5836 : 29922/221768=1.349248e-01 15 : 210338/1774144=1.185575e-01 59 : 5.700192e+00 4.823011e-01 5.217891e+00 : 2.999998e+00 4.958277e-01 2.504170e+00
5852 : 30004/222376=1.349246e-01 15 : 210893/1779008=1.185453e-01 59 : 5.700190e+00 4.822756e-01 5.217915e+00 : 2.999998e+00 4.958464e-01 2.504151e+00
5868 : 30092/222984=1.349514e-01 15 : 211460/1783872=1.185399e-01 59 : 5.700192e+00 4.823538e-01 5.217838e+00 : 2.999998e+00 4.958035e-01 2.504194e+00
5884 : 30183/223592=1.349914e-01 15 : 212022/1788736=1.185317e-01 59 : 5.700187e+00 4.824548e-01 5.217732e+00 : 2.999998e+00 4.957530e-01 2.504245e+00
5901 : 30264/224238=1.349637e-01 15 : 212648/1793904=1.185392e-01 59 : 5.700190e+00 4.824349e-01 5.217755e+00 : 2.999998e+00 4.957726e-01 2.504225e+00
5917 : 30338/224846=1.349279e-01 15 : 213188/1798768=1.185189e-01 59 : 5.700193e+00 4.823260e-01 5.217867e+00 : 2.999998e+00 4.957234e-01 2.504274e+00
5933 : 30415/225454=1.349056e-01 15 : 213740/1803632=1.185053e-01 59 : 5.700194e+00 4.822552e-01 5.217939e+00 : 2.999998e+00 4.956824e-01 2.504315e+00
5949 : 30503/226062=1.349320e-01 15 : 214333/1808496=1.185145e-01 59 : 5.700195e+00 4.823173e-01 5.217878e+00 : 2.999998e+00 4.956859e-01 2.504312e+00
5965 : 30556/226670=1.348039e-01 15 : 214923/1813360=1.185220e-01 59 : 5.700195e+00 4.820453e-01 5.218150e+00 : 2.999998e+00 4.957058e-01 2.504292e+00
5981 : 30627/227278=1.347557e-01 15 : 215528/1818224=1.185376e-01 59 : 5.700192e+00 4.819764e-01 5.218216e+00 : 2.999998e+00 4.957340e-01 2.504264e+00
5997 : 30714/227886=1.347779e-01 15 : 216091/1823088=1.185302e-01 59 : 5.700194e+00 4.820079e-01 5.218186e+00 : 2.999997e+00 4.956876e-01 2.504310e+00
6014 : 30808/228532=1.348083e-01 15 : 216687/1828256=1.185211e-01 59 : 5.700195e+00 4.820839e-01 5.218112e+00 : 2.999997e+00 4.956646e-01 2.504333e+00
6030 : 30884/229140=1.347822e-01 15 : 217270/1833120=1.185247e-01 59 : 5.700201e+00 4.820068e-01 5.218194e+00 : 2.999997e+00 4.956693e-01 2.504328e+00
6046 : 30968/229748=1.347912e-01 15 : 217810/1837984=1.185048e-01 59 : 5.700199e+00 4.820419e-01 5.218157e+00 : 2.999997e+00 4.956211e-01 2.504376e+00
6062 : 31050/230356=1.347914e-01 15 : 218376/1842848=1.184992e-01 59 : 5.700203e+00 4.820458e-01 5.218157e+00 : 2.999997e+00 4.956024e-01 2.504395e+00
6078 : 31130/230964=1.347829e-01 15 : 218950/1847712=1.184979e-01 59 : 5.700207e+00 4.820421e-01 5.218165e+00 : 2.999998e+00 4.956049e-01 2.504393e+00
6095 : 31205/231610=1.347308e-01 15 : 219591/1852880=1.185133e-01 59 : 5.700200e+00 4.819218e-01 5.218279e+00 : 2.999998e+00 4.956393e-01 2.504358e+00
6111 : 31292/232218=1.347527e-01 15 : 220167/1857744=1.185131e-01 59 : 5.700203e+00 4.819780e-01 5.218225e+00 : 2.999997e+00 4.956546e-01 2.504343e+00
6127 : 31353/232826=1.346628e-01 15 : 220736/1862608=1.185091e-01 59 : 5.700197e+00 4.817773e-01 5.218419e+00 : 2.999997e+00 4.956291e-01 2.504368e+00
6143 : 31438/233434=1.346762e-01 15 : 221329/1867472=1.185180e-01 59 : 5.700199e+00 4.818158e-01 5.218384e+00 : 2.999997e+00 4.956870e-01 2.504310e+00
6159 : 31512/234042=1.346425e-01 15 : 221872/1872336=1.185001e-01 59 : 5.700199e+00 4.817386e-01 5.218460e+00 : 2.999997e+00 4.956568e-01 2.504341e+00
6175 : 31601/234650=1.346729e-01 15 : 222444/1877200=1.184978e-01 59 : 5.700195e+00 4.818136e-01 5.218381e+00 : 2.999997e+00 4.956576e-01 2.504340e+00
6192 : 31667/235296=1.345837e-01 15 : 223043/1882368=1.184906e-01 59 : 5.700189e+00 4.816401e-01 5.218549e+00 : 2.999997e+00 4.956314e-01 2.504366e+00
6208 : 31761/235904=1.346353e-01 15 : 223602/1887232=1.184815e-01 59 : 5.700189e+00 4.817553e-01 5.218434e+00 : 2.999997e+00 4.955955e-01 2.504402e+00
6224 : 31845/236512=1.346443e-01 15 : 224195/1892096=1.184903e-01 59 : 5.700191e+00 4.817537e-01 5.218437e+00 : 2.999997e+00 4.956427e-01 2.504354e+00
6240 : 31922/237120=1.346238e-01 15 : 224790/1896960=1.185001e-01 59 : 5.700194e+00 4.816921e-01 5.218502e+00 : 2.999997e+00 4.956513e-01 2.504346e+00
6256 : 32003/237728=1.346202e-01 15 : 225392/1901824=1.185136e-01 59 : 5.700190e+00 4.817213e-01 5.218468e+00 : 2.999997e+00 4.957002e-01 2.504297e+00
6272 : 32083/238336=1.346125e-01 15 : 225961/1906688=1.185097e-01 59 : 5.700187e+00 4.816748e-01 5.218512e+00 : 2.999997e+00 4.956985e-01 2.504299e+00
6288 : 32152/238944=1.345587e-01 15 : 226531/1911552=1.185063e-01 59 : 5.700190e+00 4.815116e-01 5.218679e+00 : 2.999997e+00 4.957285e-01 2.504269e+00
6305 : 32227/239590=1.345090e-01 15 : 227163/1916720=1.185165e-01 59 : 5.700196e+00 4.814048e-01 5.218791e+00 : 2.999997e+00 4.957578e-01 2.504239e+00
6321 : 32298/240198=1.344641e-01 15 : 227733/1921584=1.185132e-01 59 : 5.700196e+00 4.813339e-01 5.218862e+00 : 2.999997e+00 4.957580e-01 2.504239e+00
6337 : 32369/240806=1.344194e-01 15 : 228261/1926448=1.184880e-01 59 : 5.700200e+00 4.812658e-01 5.218935e+00 : 2.999997e+00 4.956714e-01 2.504326e+00
6353 : 32464/241414=1.344744e-01 15 : 228836/1931312=1.184873e-01 59 : 5.700199e+00 4.814115e-01 5.218788e+00 : 2.999997e+00 4.956581e-01 2.504339e+00
6369 : 32540/242022=1.344506e-01 15 : 229408/1936176=1.184851e-01 59 : 5.700197e+00 4.813764e-01 5.218820e+00 : 2.999997e+00 4.956708e-01 2.504326e+00
6385 : 32633/242630=1.344970e-01 15 : 229978/1941040=1.184818e-01 59 : 5.700193e+00 4.815077e-01 5.218686e+00 : 2.999997e+00 4.956538e-01 2.504343e+00
6401 : 32707/243238=1.344650e-01 15 : 230562/1945904=1.184858e-01 59 : 5.700199e+00 4.814645e-01 5.218735e+00 : 2.999997e+00 4.956695e-01 2.504327e+00
6418 : 32781/243884=1.344123e-01 15 : 231158/1951072=1.184774e-01 59 : 5.700199e+00 4.813628e-01 5.218836e+00 : 2.999997e+00 4.956404e-01 2.504356e+00
6434 : 32861/244492=1.344052e-01 15 : 231727/1955936=1.184737e-01 59 : 5.700200e+00 4.813442e-01 5.218855e+00 : 2.999997e+00 4.956032e-01 2.504393e+00
6450 : 32958/245100=1.344676e-01 15 : 232300/1960800=1.184721e-01 59 : 5.700204e+00 4.815146e-01 5.218689e+00 : 2.999997e+00 4.956051e-01 2.504392e+00
6466 : 33042/245708=1.344767e-01 15 : 232864/1965664=1.184658e-01 59 : 5.700205e+00 4.815270e-01 5.218679e+00 : 2.999997e+00 4.956142e-01 2.504383e+00
6482 : 33127/246316=1.344898e-01 15 : 233424/1970528=1.184576e-01 59 : 5.700207e+00 4.815457e-01 5.218662e+00 : 2.999997e+00 4.955925e-01 2.504404e+00
6498 : 33199/246924=1.344503e-01 15 : 234016/1975392=1.184656e-01 59 : 5.700205e+00 4.814483e-01 5.218757e+00 : 2.999997e+00 4.955871e-01 2.504410e+00
6515 : 33264/247570=1.343620e-01 15 : 234626/1980560=1.184645e-01 59 : 5.700206e+00 4.812411e-01 5.218965e+00 : 2.999997e+00 4.955941e-01 2.504403e+00
6531 : 33346/248178=1.343632e-01 15 : 235196/1985424=1.184613e-01 59 : 5.700202e+00 4.812212e-01 5.218981e+00 : 2.999997e+00 4.955870e-01 2.504410e+00
6547 : 33422/248786=1.343404e-01 15 : 235774/1990288=1.184623e-01 59 : 5.700203e+00 4.811537e-01 5.219049e+00 : 2.999997e+00 4.955632e-01 2.504434e+00
6563 : 33501/249394=1.343296e-01 15 : 236347/1995152=1.184606e-01 59 : 5.700206e+00 4.811346e-01 5.219071e+00 : 2.999997e+00 4.955443e-01 2.504453e+00
6579 : 33569/250002=1.342749e-01 15 : 236886/2000016=1.184421e-01 59 : 5.700208e+00 4.810172e-01 5.219191e+00 : 2.999997e+00 4.954905e-01 2.504507e+00
6595 : 33652/250610=1.342804e-01 15 : 237448/2004880=1.184350e-01 59 : 5.700211e+00 4.810376e-01 5.219173e+00 : 2.999998e+00 4.954597e-01 2.504538e+00
6612 : 33730/251256=1.342456e-01 15 : 238043/2010048=1.184265e-01 59 : 5.700213e+00 4.809568e-01 5.219256e+00 : 2.999998e+00 4.954592e-01 2.504538e+00
6628 : 33824/251864=1.342947e-01 15 : 238592/2014912=1.184131e-01 59 : 5.700210e+00 4.810586e-01 5.219152e+00 : 2.999997e+00 4.953990e-01 2.504598e+00
6644 : 33915/252472=1.343317e-01 15 : 239125/2019776=1.183918e-01 59 : 5.700207e+00 4.811374e-01 5.219069e+00 : 2.999998e+00 4.953437e-01 2.504654e+00
6660 : 33994/253080=1.343212e-01 15 : 239727/2024640=1.184048e-01 59 : 5.700206e+00 4.811421e-01 5.219064e+00 : 2.999998e+00 4.953804e-01 2.504617e+00
6676 : 34076/253688=1.343225e-01 15 : 240271/2029504=1.183890e-01 59 : 5.700204e+00 4.811618e-01 5.219043e+00 : 2.999998e+00 4.953227e-01 2.504675e+00
6692 : 34150/254296=1.342923e-01 15 : 240831/2034368=1.183812e-01 59 : 5.700202e+00 4.810937e-01 5.219108e+00 : 2.999998e+00 4.952861e-01 2.504712e+00
6709 : 34230/254942=1.342658e-01 15 : 241451/2039536=1.183853e-01 59 : 5.700205e+00 4.810279e-01 5.219177e+00 : 2.999997e+00 4.952783e-01 2.504719e+00
6725 : 34340/255550=1.343768e-01 15 : 242021/2044400=1.183824e-01 59 : 5.700208e+00 4.812557e-01 5.218952e+00 : 2.999998e+00 4.952773e-01 2.504720e+00
6741 : 34419/256158=1.343663e-01 15 : 242625/2049264=1.183962e-01 59 : 5.700209e+00 4.812390e-01 5.218970e+00 : 2.999998e+00 4.953110e-01 2.504687e+00
6757 : 34498/256766=1.343558e-01 15 : 243203/2054128=1.183972e-01 59 : 5.700213e+00 4.812593e-01 5.218954e+00 : 2.999998e+00 4.953139e-01 2.504684e+00
6773 : 34579/257374=1.343531e-01 15 : 243760/2058992=1.183880e-01 59 : 5.700215e+00 4.812458e-01 5.218969e+00 : 2.999998e+00 4.952862e-01 2.504711e+00
6790 : 34644/258020=1.342687e-01 15 : 244368/2064160=1.183862e-01 59 : 5.700210e+00 4.810398e-01 5.219171e+00 : 2.999997e+00 4.952913e-01 2.504706e+00
6806 : 34717/258628=1.342353e-01 15 : 244951/2069024=1.183896e-01 59 : 5.700210e+00 4.809557e-01 5.219254e+00 : 2.999998e+00 4.953000e-01 2.504698e+00
6822 : 34812/259236=1.342869e-01 15 : 245523/2073888=1.183878e-01 59 : 5.700208e+00 4.810712e-01 5.219137e+00 : 2.999998e+00 4.952957e-01 2.504702e+00
6838 : 34902/259844=1.343191e-01 15 : 246128/2078752=1.184018e-01 59 : 5.700210e+00 4.811522e-01 5.219058e+00 : 2.999997e+00 4.953299e-01 2.504668e+00
6854 : 34985/260452=1.343242e-01 15 : 246766/2083616=1.184316e-01 59 : 5.700217e+00 4.811955e-01 5.219022e+00 : 2.999997e+00 4.954179e-01 2.504580e+00
6870 : 35046/261060=1.342450e-01 15 : 247340/2088480=1.184306e-01 59 : 5.700220e+00 4.810297e-01 5.219190e+00 : 2.999997e+00 4.954202e-01 2.504577e+00
6887 : 35139/261706=1.342690e-01 15 : 247928/2093648=1.184191e-01 59 : 5.700218e+00 4.811001e-01 5.219118e+00 : 2.999997e+00 4.953681e-01 2.504629e+00
6903 : 35228/262314=1.342971e-01 15 : 248477/2098512=1.184063e-01 59 : 5.700220e+00 4.811463e-01 5.219074e+00 : 2.999997e+00 4.953569e-01 2.504641e+00
6919 : 35300/262922=1.342604e-01 15 : 249040/2103376=1.184001e-01 59 : 5.700221e+00 4.810807e-01 5.219140e+00 : 2.999997e+00 4.953650e-01 2.504632e+00
6935 : 35376/263530=1.342390e-01 15 : 249616/2108240=1.184002e-01 59 : 5.700222e+00 4.810362e-01 5.219185e+00 : 2.999998e+00 4.953481e-01 2.504649e+00
6951 : 35458/264138=1.342404e-01 15 : 250202/2113104=1.184050e-01 59 : 5.700220e+00 4.810728e-01 5.219148e+00 : 2.999998e+00 4.953592e-01 2.504638e+00
6967 : 35528/264746=1.341966e-01 15 : 250771/2117968=1.184017e-01 59 : 5.700223e+00 4.809812e-01 5.219241e+00 : 2.999997e+00 4.953401e-01 2.504657e+00
6984 : 35620/265392=1.342166e-01 15 : 251383/2123136=1.184017e-01 59 : 5.700222e+00 4.810126e-01 5.219209e+00 : 2.999997e+00 4.953667e-01 2.504631e+00
7000 : 35709/266000=1.342444e-01 15 : 251959/2128000=1.184018e-01 59 : 5.700224e+00 4.810820e-01 5.219142e+00 : 2.999998e+00 4.953485e-01 2.504649e+00
7016 : 35791/266608=1.342458e-01 15 : 252584/2132864=1.184248e-01 59 : 5.700228e+00 4.811107e-01 5.219117e+00 : 2.999998e+00 4.954154e-01 2.504582e+00
7032 : 35870/267216=1.342360e-01 15 : 253169/2137728=1.184290e-01 59 : 5.700227e+00 4.810812e-01 5.219146e+00 : 2.999997e+00 4.954310e-01 2.504566e+00
7048 : 35953/267824=1.342411e-01 15 : 253738/2142592=1.184257e-01 59 : 5.700225e+00 4.810615e-01 5.219163e+00 : 2.999997e+00 4.954313e-01 2.504566e+00
7064 : 36037/268432=1.342500e-01 15 : 254329/2147456=1.184327e-01 59 : 5.700223e+00 4.810539e-01 5.219169e+00 : 2.999997e+00 4.954168e-01 2.504581e+00
7081 : 36133/269078=1.342845e-01 15 : 254904/2152624=1.184155e-01 59 : 5.700224e+00 4.811219e-01 5.219102e+00 : 2.999998e+00 4.953891e-01 2.504608e+00
7097 : 36223/269686=1.343155e-01 15 : 255466/2157488=1.184090e-01 59 : 5.700224e+00 4.812100e-01 5.219014e+00 : 2.999997e+00 4.953748e-01 2.504623e+00
7113 : 36310/270294=1.343352e-01 15 : 256053/2162352=1.184141e-01 59 : 5.700226e+00 4.812521e-01 5.218974e+00 : 2.999998e+00 4.953951e-01 2.504602e+00
7129 : 36392/270902=1.343364e-01 15 : 256604/2167216=1.184026e-01 59 : 5.700227e+00 4.812451e-01 5.218982e+00 : 2.999998e+00 4.953568e-01 2.504641e+00
7145 : 36475/271510=1.343413e-01 15 : 257152/2172080=1.183897e-01 59 : 5.700229e+00 4.812631e-01 5.218965e+00 : 2.999997e+00 4.953047e-01 2.504693e+00
7162 : 36547/272156=1.342870e-01 15 : 257735/2177248=1.183765e-01 59 : 5.700229e+00 4.811367e-01 5.219093e+00 : 2.999998e+00 4.952692e-01 2.504728e+00
7178 : 36608/272764=1.342113e-01 15 : 258320/2182112=1.183807e-01 59 : 5.700227e+00 4.809515e-01 5.219275e+00 : 2.999998e+00 4.952991e-01 2.504699e+00
7194 : 36695/273372=1.342310e-01 15 : 258884/2186976=1.183753e-01 59 : 5.700225e+00 4.810036e-01 5.219221e+00 : 2.999998e+00 4.952655e-01 2.504732e+00
7210 : 36782/273980=1.342507e-01 15 : 259470/2191840=1.183800e-01 59 : 5.700226e+00 4.810409e-01 5.219185e+00 : 2.999998e+00 4.952668e-01 2.504731e+00
7226 : 36870/274588=1.342739e-01 15 : 260023/2196704=1.183696e-01 59 : 5.700225e+00 4.810775e-01 5.219147e+00 : 2.999998e+00 4.952346e-01 2.504763e+00
7242 : 36949/275196=1.342643e-01 15 : 260595/2201568=1.183679e-01 59 : 5.700226e+00 4.810589e-01 5.219167e+00 : 2.999998e+00 4.952232e-01 2.504774e+00
7259 : 37021/275842=1.342109e-01 15 : 261231/2206736=1.183789e-01 59 : 5.700226e+00 4.809478e-01 5.219279e+00 : 2.999998e+00 4.952408e-01 2.504757e+00
7275 : 37102/276450=1.342087e-01 15 : 261778/2211600=1.183659e-01 59 : 5.700230e+00 4.809497e-01 5.219281e+00 : 2.999997e+00 4.951833e-01 2.504814e+00
7291 : 37185/277058=1.342138e-01 15 : 262355/2216464=1.183665e-01 59 : 5.700235e+00 4.809684e-01 5.219267e+00 : 2.999997e+00 4.951696e-01 2.504828e+00
7307 : 37269/277666=1.342224e-01 15 : 262908/2221328=1.183562e-01 59 : 5.700235e+00 4.810057e-01 5.219230e+00 : 2.999997e+00 4.951116e-01 2.504886e+00
7323 : 37359/278274=1.342526e-01 15 : 263483/2226192=1.183559e-01 59 : 5.700233e+00 4.810860e-01 5.219147e+00 : 2.999997e+00 4.951002e-01 2.504897e+00
7339 : 37442/278882=1.342575e-01 15 : 264069/2231056=1.183605e-01 59 : 5.700233e+00 4.810919e-01 5.219141e+00 : 2.999997e+00 4.951260e-01 2.504871e+00
7355 : 37506/279490=1.341944e-01 15 : 264650/2235920=1.183629e-01 59 : 5.700232e+00 4.809576e-01 5.219275e+00 : 2.999997e+00 4.951359e-01 2.504861e+00
7372 : 37592/280136=1.341920e-01 15 : 265273/2241088=1.183680e-01 59 : 5.700234e+00 4.809391e-01 5.219295e+00 : 2.999997e+00 4.951231e-01 2.504874e+00
7388 : 37661/280744=1.341471e-01 15 : 265836/2245952=1.183623e-01 59 : 5.700234e+00 4.808176e-01 5.219416e+00 : 2.999997e+00 4.950824e-01 2.504915e+00
7404 : 37750/281352=1.341736e-01 15 : 266411/2250816=1.183620e-01 59 : 5.700238e+00 4.808903e-01 5.219347e+00 : 2.999997e+00 4.950657e-01 2.504932e+00
7420 : 37832/281960=1.341751e-01 15 : 266977/2255680=1.183577e-01 59 : 5.700238e+00 4.808743e-01 5.219364e+00 : 2.999997e+00 4.950746e-01 2.504923e+00
7436 : 37906/282568=1.341482e-01 15 : 267559/2260544=1.183604e-01 59 : 5.700239e+00 4.808187e-01 5.219420e+00 : 2.999997e+00 4.950757e-01 2.504922e+00
7453 : 37987/283214=1.341283e-01 15 : 268161/2265712=1.183562e-01 59 : 5.700242e+00 4.807814e-01 5.219461e+00 : 2.999997e+00 4.950533e-01 2.504944e+00
7469 : 38068/283822=1.341263e-01 15 : 268739/2270576=1.183572e-01 59 : 5.700241e+00 4.807715e-01 5.219469e+00 : 2.999997e+00 4.950615e-01 2.504936e+00
7485 : 38165/284430=1.341806e-01 15 : 269331/2275440=1.183644e-01 59 : 5.700239e+00 4.808733e-01 5.219366e+00 : 2.999998e+00 4.950944e-01 2.504903e+00
7501 : 38271/285038=1.342663e-01 15 : 269932/2280304=1.183754e-01 59 : 5.700240e+00 4.810584e-01 5.219182e+00 : 2.999997e+00 4.951219e-01 2.504876e+00
7517 : 38358/285646=1.342851e-01 15 : 270504/2285168=1.183738e-01 59 : 5.700244e+00 4.811180e-01 5.219126e+00 : 2.999998e+00 4.951270e-01 2.504871e+00
7533 : 38444/286254=1.343003e-01 15 : 271090/2290032=1.183783e-01 59 : 5.700246e+00 4.811430e-01 5.219103e+00 : 2.999998e+00 4.951302e-01 2.504867e+00
7550 : 38540/286900=1.343325e-01 15 : 271721/2295200=1.183866e-01 59 : 5.700243e+00 4.811911e-01 5.219052e+00 : 2.999998e+00 4.951731e-01 2.504824e+00
7566 : 38635/287508=1.343789e-01 15 : 272319/2300064=1.183963e-01 59 : 5.700245e+00 4.812804e-01 5.218964e+00 : 2.999998e+00 4.952102e-01 2.504787e+00
7582 : 38724/288116=1.344042e-01 15 : 272893/2304928=1.183955e-01 59 : 5.700246e+00 4.813533e-01 5.218893e+00 : 2.999998e+00 4.951807e-01 2.504817e+00
7598 : 38810/288724=1.344190e-01 15 : 273494/2309792=1.184063e-01 59 : 5.700248e+00 4.813891e-01 5.218859e+00 : 2.999998e+00 4.952293e-01 2.504768e+00
7614 : 38886/289332=1.343992e-01 15 : 274055/2314656=1.183999e-01 59 : 5.700250e+00 4.813818e-01 5.218868e+00 : 2.999998e+00 4.951986e-01 2.504799e+00
7630 : 38976/289940=1.344278e-01 15 : 274653/2319520=1.184094e-01 59 : 5.700248e+00 4.814392e-01 5.218809e+00 : 2.999998e+00 4.952351e-01 2.504763e+00
7646 : 39061/290548=1.344391e-01 15 : 275239/2324384=1.184137e-01 59 : 5.700249e+00 4.814915e-01 5.218757e+00 : 2.999998e+00 4.952418e-01 2.504756e+00
7663 : 39156/291194=1.344671e-01 15 : 275875/2329552=1.184241e-01 59 : 5.700248e+00 4.815420e-01 5.218706e+00 : 2.999998e+00 4.952710e-01 2.504727e+00
7679 : 39245/291802=1.344919e-01 15 : 276466/2334416=1.184305e-01 59 : 5.700250e+00 4.815842e-01 5.218666e+00 : 2.999998e+00 4.952714e-01 2.504726e+00
7695 : 39341/292410=1.345405e-01 15 : 277044/2339280=1.184313e-01 59 : 5.700251e+00 4.816901e-01 5.218561e+00 : 2.999998e+00 4.952649e-01 2.504733e+00
7711 : 39414/293018=1.345105e-01 15 : 277559/2344144=1.184053e-01 59 : 5.700252e+00 4.816619e-01 5.218590e+00 : 2.999998e+00 4.951930e-01 2.504805e+00
7727 : 39484/293626=1.344704e-01 15 : 278135/2349008=1.184053e-01 59 : 5.700252e+00 4.815777e-01 5.218674e+00 : 2.999998e+00 4.951883e-01 2.504810e+00
7743 : 39588/294234=1.345460e-01 15 : 278700/2353872=1.184007e-01 59 : 5.700253e+00 4.817376e-01 5.218516e+00 : 2.999998e+00 4.951822e-01 2.504816e+00
7760 : 39671/294880=1.345327e-01 15 : 279300/2359040=1.183956e-01 59 : 5.700253e+00 4.817281e-01 5.218525e+00 : 2.999998e+00 4.951645e-01 2.504833e+00
7776 : 39744/295488=1.345029e-01 15 : 279903/2363904=1.184071e-01 59 : 5.700252e+00 4.816630e-01 5.218589e+00 : 2.999998e+00 4.952047e-01 2.504793e+00
7792 : 39831/296096=1.345206e-01 15 : 280498/2368768=1.184151e-01 59 : 5.700256e+00 4.816965e-01 5.218560e+00 : 2.999998e+00 4.952232e-01 2.504775e+00
7808 : 39905/296704=1.344943e-01 15 : 281088/2373632=1.184211e-01 59 : 5.700254e+00 4.816259e-01 5.218628e+00 : 2.999998e+00 4.952741e-01 2.504724e+00
7824 : 39996/297312=1.345253e-01 15 : 281668/2378496=1.184227e-01 59 : 5.700257e+00 4.817139e-01 5.218543e+00 : 2.999998e+00 4.952833e-01 2.504715e+00
7840 : 40075/297920=1.345160e-01 15 : 282226/2383360=1.184152e-01 59 : 5.700260e+00 4.816679e-01 5.218592e+00 : 2.999998e+00 4.952520e-01 2.504746e+00
7857 : 40165/298566=1.345264e-01 15 : 282834/2388528=1.184135e-01 59 : 5.700257e+00 4.816981e-01 5.218559e+00 : 2.999998e+00 4.952259e-01 2.504772e+00
7873 : 40237/299174=1.344936e-01 15 : 283416/2393392=1.184160e-01 59 : 5.700260e+00 4.816255e-01 5.218635e+00 : 2.999998e+00 4.952329e-01 2.504765e+00
7889 : 40324/299782=1.345111e-01 15 : 283997/2398256=1.184181e-01 59 : 5.700262e+00 4.816801e-01 5.218581e+00 : 2.999998e+00 4.952326e-01 2.504766e+00
7905 : 40408/300390=1.345185e-01 15 : 284589/2403120=1.184248e-01 59 : 5.700259e+00 4.817382e-01 5.218521e+00 : 2.999998e+00 4.952339e-01 2.504764e+00
7921 : 40496/300998=1.345391e-01 15 : 285154/2407984=1.184202e-01 59 : 5.700263e+00 4.817796e-01 5.218483e+00 : 2.999998e+00 4.952157e-01 2.504783e+00
7937 : 40587/301606=1.345696e-01 15 : 285698/2412848=1.184070e-01 59 : 5.700264e+00 4.818509e-01 5.218413e+00 : 2.999998e+00 4.951826e-01 2.504816e+00
7954 : 40668/302252=1.345500e-01 15 : 286320/2418016=1.184111e-01 59 : 5.700265e+00 4.818438e-01 5.218421e+00 : 2.999998e+00 4.952160e-01 2.504782e+00
7970 : 40751/302860=1.345539e-01 15 : 286883/2422880=1.184058e-01 59 : 5.700266e+00 4.818321e-01 5.218434e+00 : 2.999998e+00 4.952072e-01 2.504791e+00
7986 : 40835/303468=1.345611e-01 15 : 287460/2427744=1.184062e-01 59 : 5.700262e+00 4.818413e-01 5.218421e+00 : 2.999998e+00 4.952283e-01 2.504770e+00
8002 : 40922/304076=1.345782e-01 15 : 288036/2432608=1.184063e-01 59 : 5.700261e+00 4.818766e-01 5.218385e+00 : 2.999998e+00 4.952404e-01 2.504758e+00
8018 : 41008/304684=1.345919e-01 15 : 288617/2437472=1.184083e-01 59 : 5.700262e+00 4.819081e-01 5.218354e+00 : 2.999998e+00 4.952431e-01 2.504755e+00
8034 : 41085/305292=1.345761e-01 15 : 289183/2442336=1.184043e-01 59 : 5.700261e+00 4.818853e-01 5.218376e+00 : 2.999998e+00 4.952285e-01 2.504770e+00
8051 : 41162/305938=1.345436e-01 15 : 289809/2447504=1.184100e-01 59 : 5.700263e+00 4.818365e-01 5.218426e+00 : 2.999998e+00 4.952602e-01 2.504738e+00
8067 : 41243/306546=1.345410e-01 15 : 290380/2452368=1.184080e-01 59 : 5.700264e+00 4.818733e-01 5.218391e+00 : 2.999998e+00 4.952575e-01 2.504741e+00
8083 : 41329/307154=1.345547e-01 15 : 290949/2457232=1.184052e-01 59 : 5.700264e+00 4.818786e-01 5.218385e+00 : 2.999998e+00 4.952408e-01 2.504757e+00
8099 : 41407/307762=1.345423e-01 15 : 291497/2462096=1.183938e-01 59 : 5.700265e+00 4.818774e-01 5.218388e+00 : 2.999998e+00 4.951995e-01 2.504799e+00
8115 : 41486/308370=1.345332e-01 15 : 292086/2466960=1.183992e-01 59 : 5.700267e+00 4.818327e-01 5.218434e+00 : 2.999998e+00 4.952162e-01 2.504782e+00
8132 : 41575/309016=1.345400e-01 15 : 292766/2472128=1.184267e-01 59 : 5.700268e+00 4.818370e-01 5.218431e+00 : 2.999998e+00 4.952769e-01 2.504721e+00
8148 : 41677/309624=1.346052e-01 15 : 293294/2476992=1.184073e-01 59 : 5.700266e+00 4.819585e-01 5.218308e+00 : 2.999998e+00 4.952147e-01 2.504783e+00
8164 : 41740/310232=1.345445e-01 15 : 293933/2481856=1.184327e-01 59 : 5.700266e+00 4.818408e-01 5.218425e+00 : 2.999998e+00 4.952828e-01 2.504715e+00
8180 : 41817/310840=1.345290e-01 15 : 294491/2486720=1.184255e-01 59 : 5.700266e+00 4.818024e-01 5.218464e+00 : 2.999998e+00 4.952517e-01 2.504747e+00
8196 : 41891/311448=1.345040e-01 15 : 295051/2491584=1.184190e-01 59 : 5.700268e+00 4.817498e-01 5.218518e+00 : 2.999998e+00 4.952192e-01 2.504779e+00
8212 : 41982/312056=1.345335e-01 15 : 295616/2496448=1.184146e-01 59 : 5.700269e+00 4.818128e-01 5.218456e+00 : 2.999998e+00 4.951921e-01 2.504806e+00
8228 : 42044/312664=1.344702e-01 15 : 296190/2501312=1.184139e-01 59 : 5.700267e+00 4.816608e-01 5.218607e+00 : 2.999998e+00 4.951861e-01 2.504812e+00
8245 : 42124/313310=1.344483e-01 15 : 296835/2506480=1.184270e-01 59 : 5.700269e+00 4.815978e-01 5.218672e+00 : 2.999998e+00 4.952180e-01 2.504780e+00
8261 : 42207/313918=1.344523e-01 15 : 297404/2511344=1.184242e-01 59 : 5.700271e+00 4.816255e-01 5.218646e+00 : 2.999998e+00 4.952356e-01 2.504763e+00
8277 : 42286/314526=1.344436e-01 15 : 297979/2516208=1.184238e-01 59 : 5.700273e+00 4.816095e-01 5.218663e+00 : 2.999998e+00 4.952240e-01 2.504774e+00
8293 : 42380/315134=1.344825e-01 15 : 298552/2521072=1.184226e-01 59 : 5.700273e+00 4.817041e-01 5.218569e+00 : 2.999998e+00 4.952244e-01 2.504774e+00
8309 : 42459/315742=1.344737e-01 15 : 299154/2525936=1.184329e-01 59 : 5.700273e+00 4.817167e-01 5.218556e+00 : 2.999998e+00 4.952516e-01 2.504747e+00
8325 : 42538/316350=1.344650e-01 15 : 299752/2530800=1.184416e-01 59 : 5.700278e+00 4.817225e-01 5.218555e+00 : 2.999999e+00 4.952769e-01 2.504722e+00
8342 : 42650/316996=1.345443e-01 15 : 300382/2535968=1.184487e-01 59 : 5.700278e+00 4.818987e-01 5.218379e+00 : 2.999999e+00 4.952999e-01 2.504699e+00
8358 : 42731/317604=1.345418e-01 15 : 300966/2540832=1.184518e-01 59 : 5.700280e+00 4.818971e-01 5.218382e+00 : 2.999999e+00 4.953159e-01 2.504683e+00
8374 : 42806/318212=1.345204e-01 15 : 301559/2545696=1.184584e-01 59 : 5.700284e+00 4.818330e-01 5.218451e+00 : 2.999998e+00 4.953113e-01 2.504687e+00
8390 : 42891/318820=1.345305e-01 15 : 302122/2550560=1.184532e-01 59 : 5.700284e+00 4.818703e-01 5.218414e+00 : 2.999999e+00 4.952979e-01 2.504701e+00
8406 : 42981/319428=1.345561e-01 15 : 302671/2555424=1.184426e-01 59 : 5.700281e+00 4.819071e-01 5.218374e+00 : 2.999999e+00 4.952628e-01 2.504736e+00
8422 : 43059/320036=1.345442e-01 15 : 303276/2560288=1.184539e-01 59 : 5.700285e+00 4.818874e-01 5.218397e+00 : 2.999999e+00 4.953176e-01 2.504681e+00
8439 : 43153/320682=1.345663e-01 15 : 303871/2565456=1.184472e-01 59 : 5.700285e+00 4.819377e-01 5.218347e+00 : 2.999999e+00 4.952984e-01 2.504700e+00
8455 : 43240/321290=1.345825e-01 15 : 304444/2570320=1.184460e-01 59 : 5.700286e+00 4.819731e-01 5.218313e+00 : 2.999999e+00 4.952851e-01 2.504713e+00
8471 : 43313/321898=1.345550e-01 15 : 305004/2575184=1.184397e-01 59 : 5.700286e+00 4.819239e-01 5.218362e+00 : 2.999998e+00 4.952920e-01 2.504707e+00
8487 : 43386/322506=1.345277e-01 15 : 305604/2580048=1.184490e-01 59 : 5.700288e+00 4.818491e-01 5.218439e+00 : 2.999999e+00 4.953313e-01 2.504667e+00
8503 : 43470/323114=1.345346e-01 15 : 306124/2584912=1.184272e-01 59 : 5.700289e+00 4.818480e-01 5.218441e+00 : 2.999998e+00 4.952711e-01 2.504727e+00
8519 : 43550/323722=1.345290e-01 15 : 306716/2589776=1.184334e-01 59 : 5.700290e+00 4.818180e-01 5.218472e+00 : 2.999999e+00 4.952773e-01 2.504721e+00
8536 : 43635/324368=1.345231e-01 15 : 307375/2594944=1.184515e-01 59 : 5.700291e+00 4.818090e-01 5.218482e+00 : 2.999999e+00 4.953240e-01 2.504675e+00
8552 : 43722/324976=1.345392e-01 15 : 307954/2599808=1.184526e-01 59 : 5.700292e+00 4.818552e-01 5.218437e+00 : 2.999998e+00 4.953374e-01 2.504661e+00
8568 : 43807/325584=1.345490e-01 15 : 308554/2604672=1.184617e-01 59 : 5.700294e+00 4.818789e-01 5.218415e+00 : 2.999998e+00 4.953723e-01 2.504626e+00
8584 : 43884/326192=1.345343e-01 15 : 309120/2609536=1.184578e-01 59 : 5.700294e+00 4.818413e-01 5.218453e+00 : 2.999998e+00 4.953923e-01 2.504606e+00
8600 : 43970/326800=1.345471e-01 15 : 309727/2614400=1.184696e-01 59 : 5.700296e+00 4.818448e-01 5.218451e+00 : 2.999998e+00 4.954513e-01 2.504547e+00
8616 : 44053/327408=1.345508e-01 15 : 310326/2619264=1.184783e-01 59 : 5.700296e+00 4.818396e-01 5.218457e+00 : 2.999998e+00 4.954737e-01 2.504525e+00
8632 : 44133/328016=1.345453e-01 15 : 310858/2624128=1.184614e-01 59 : 5.700297e+00 4.818169e-01 5.218480e+00 : 2.999998e+00 4.954235e-01 2.504575e+00
8649 : 44214/328662=1.345273e-01 15 : 311436/2629296=1.184484e-01 59 : 5.700301e+00 4.817753e-01 5.218525e+00 : 2.999998e+00 4.953690e-01 2.504629e+00
8665 : 44288/329270=1.345036e-01 15 : 311987/2634160=1.184389e-01 59 : 5.700302e+00 4.817103e-01 5.218592e+00 : 2.999998e+00 4.953214e-01 2.504677e+00
8681 : 44373/329878=1.345134e-01 15 : 312564/2639024=1.184392e-01 59 : 5.700302e+00 4.817319e-01 5.218571e+00 : 2.999998e+00 4.953339e-01 2.504665e+00
8697 : 44457/330486=1.345201e-01 15 : 313091/2643888=1.184207e-01 59 : 5.700304e+00 4.817484e-01 5.218555e+00 : 2.999998e+00 4.952904e-01 2.504708e+00
8713 : 44531/331094=1.344965e-01 15 : 313668/2648752=1.184211e-01 59 : 5.700302e+00 4.816883e-01 5.218614e+00 : 2.999998e+00 4.952969e-01 2.504701e+00
8730 : 44622/331740=1.345090e-01 15 : 314251/2653920=1.184101e-01 59 : 5.700303e+00 4.817228e-01 5.218580e+00 : 2.999998e+00 4.952683e-01 2.504730e+00
8746 : 44714/332348=1.345397e-01 15 : 314857/2658784=1.184214e-01 59 : 5.700302e+00 4.818009e-01 5.218501e+00 : 2.999998e+00 4.952913e-01 2.504707e+00
8762 : 44803/332956=1.345613e-01 15 : 315431/2663648=1.184207e-01 59 : 5.700302e+00 4.818559e-01 5.218446e+00 : 2.999998e+00 4.952814e-01 2.504717e+00
8778 : 44899/333564=1.346039e-01 15 : 315977/2668512=1.184094e-01 59 : 5.700300e+00 4.819747e-01 5.218325e+00 : 2.999998e+00 4.952587e-01 2.504740e+00
8794 : 44980/334172=1.346013e-01 15 : 316548/2673376=1.184076e-01 59 : 5.700301e+00 4.819735e-01 5.218328e+00 : 2.999998e+00 4.952430e-01 2.504755e+00
8810 : 45048/334780=1.345600e-01 15 : 317166/2678240=1.184233e-01 59 : 5.700300e+00 4.818553e-01 5.218445e+00 : 2.999999e+00 4.952735e-01 2.504725e+00
8827 : 45132/335426=1.345513e-01 15 : 317774/2683408=1.184218e-01 59 : 5.700302e+00 4.818436e-01 5.218458e+00 : 2.999999e+00 4.952652e-01 2.504733e+00
8843 : 45220/336034=1.345697e-01 15 : 318359/2688272=1.184251e-01 59 : 5.700300e+00 4.818940e-01 5.218406e+00 : 2.999999e+00 4.952772e-01 2.504721e+00
8859 : 45301/336642=1.345673e-01 15 : 318949/2693136=1.184303e-01 59 : 5.700299e+00 4.819186e-01 5.218380e+00 : 2.999999e+00 4.952948e-01 2.504704e+00
8875 : 45388/337250=1.345827e-01 15 : 319521/2698000=1.184288e-01 59 : 5.700297e+00 4.819492e-01 5.218348e+00 : 2.999999e+00 4.952986e-01 2.504700e+00
8891 : 45469/337858=1.345802e-01 15 : 320084/2702864=1.184240e-01 59 : 5.700298e+00 4.819382e-01 5.218360e+00 : 2.999998e+00 4.952596e-01 2.504739e+00
8907 : 45563/338466=1.346162e-01 15 : 320647/2707728=1.184192e-01 59 : 5.700299e+00 4.820067e-01 5.218293e+00 : 2.999998e+00 4.952505e-01 2.504748e+00
8924 : 45634/339112=1.345691e-01 15 : 321251/2712896=1.184163e-01 59 : 5.700302e+00 4.818782e-01 5.218424e+00 : 2.999999e+00 4.952402e-01 2.504758e+00
8940 : 45722/339720=1.345873e-01 15 : 321814/2717760=1.184115e-01 59 : 5.700300e+00 4.819161e-01 5.218384e+00 : 2.999998e+00 4.952276e-01 2.504771e+00
8956 : 45812/340328=1.346113e-01 15 : 322382/2722624=1.184086e-01 59 : 5.700301e+00 4.819660e-01 5.218335e+00 : 2.999998e+00 4.952090e-01 2.504789e+00
8972 : 45890/340936=1.346000e-01 15 : 322942/2727488=1.184027e-01 59 : 5.700303e+00 4.819220e-01 5.218381e+00 : 2.999998e+00 4.951791e-01 2.504819e+00
8988 : 45978/341544=1.346181e-01 15 : 323526/2732352=1.184057e-01 59 : 5.700301e+00 4.819545e-01 5.218347e+00 : 2.999999e+00 4.951891e-01 2.504809e+00
9004 : 46069/342152=1.346448e-01 15 : 324096/2737216=1.184035e-01 59 : 5.700300e+00 4.819889e-01 5.218311e+00 : 2.999998e+00 4.951872e-01 2.504811e+00
9020 : 46175/342760=1.347153e-01 15 : 324665/2742080=1.184010e-01 59 : 5.700303e+00 4.821418e-01 5.218162e+00 : 2.999998e+00 4.951762e-01 2.504822e+00
9037 : 46248/343406=1.346744e-01 15 : 325253/2747248=1.183923e-01 59 : 5.700303e+00 4.821034e-01 5.218200e+00 : 2.999998e+00 4.951397e-01 2.504859e+00
9053 : 46337/344014=1.346951e-01 15 : 325821/2752112=1.183894e-01 59 : 5.700304e+00 4.821529e-01 5.218151e+00 : 2.999999e+00 4.951472e-01 2.504851e+00
9069 : 46422/344622=1.347041e-01 15 : 326394/2756976=1.183884e-01 59 : 5.700304e+00 4.821957e-01 5.218109e+00 : 2.999999e+00 4.951092e-01 2.504889e+00
9085 : 46498/345230=1.346870e-01 15 : 326976/2761840=1.183906e-01 59 : 5.700306e+00 4.821315e-01 5.218175e+00 : 2.999999e+00 4.951135e-01 2.504885e+00
9101 : 46574/345838=1.346700e-01 15 : 327530/2766704=1.183827e-01 59 : 5.700308e+00 4.820992e-01 5.218208e+00 : 2.999999e+00 4.950963e-01 2.504902e+00
9117 : 46659/346446=1.346790e-01 15 : 328096/2771568=1.183792e-01 59 : 5.700309e+00 4.821182e-01 5.218191e+00 : 2.999998e+00 4.950715e-01 2.504927e+00
9134 : 46753/347092=1.346992e-01 15 : 328707/2776736=1.183789e-01 59 : 5.700309e+00 4.821635e-01 5.218146e+00 : 2.999999e+00 4.950687e-01 2.504930e+00
9150 : 46839/347700=1.347110e-01 15 : 329261/2781600=1.183711e-01 59 : 5.700312e+00 4.822081e-01 5.218104e+00 : 2.999998e+00 4.950449e-01 2.504954e+00
9166 : 46933/348308=1.347457e-01 15 : 329830/2786464=1.183687e-01 59 : 5.700313e+00 4.822770e-01 5.218036e+00 : 2.999998e+00 4.950269e-01 2.504972e+00
9182 : 47017/348916=1.347516e-01 15 : 330361/2791328=1.183526e-01 59 : 5.700314e+00 4.823097e-01 5.218004e+00 : 2.999998e+00 4.949833e-01 2.505015e+00
9198 : 47091/349524=1.347289e-01 15 : 330943/2796192=1.183549e-01 59 : 5.700314e+00 4.822632e-01 5.218050e+00 : 2.999998e+00 4.950039e-01 2.504995e+00
9214 : 47159/350132=1.346892e-01 15 : 331518/2801056=1.183546e-01 59 : 5.700314e+00 4.821670e-01 5.218147e+00 : 2.999998e+00 4.950127e-01 2.504986e+00
9231 : 47252/350778=1.347063e-01 15 : 332112/2806224=1.183484e-01 59 : 5.700312e+00 4.821819e-01 5.218130e+00 : 2.999998e+00 4.950044e-01 2.504994e+00
9247 : 47325/351386=1.346809e-01 15 : 332735/2811088=1.183652e-01 59 : 5.700312e+00 4.821158e-01 5.218197e+00 : 2.999998e+00 4.950539e-01 2.504945e+00
9263 : 47405/351994=1.346756e-01 15 : 333338/2815952=1.183749e-01 59 : 5.700313e+00 4.821185e-01 5.218194e+00 : 2.999999e+00 4.950900e-01 2.504909e+00
9279 : 47483/352602=1.346646e-01 15 : 333884/2820816=1.183643e-01 59 : 5.700313e+00 4.821199e-01 5.218193e+00 : 2.999999e+00 4.950606e-01 2.504938e+00
9295 : 47571/353210=1.346819e-01 15 : 334470/2825680=1.183680e-01 59 : 5.700313e+00 4.821503e-01 5.218163e+00 : 2.999999e+00 4.950876e-01 2.504911e+00
9312 : 47656/353856=1.346763e-01 15 : 335050/2830848=1.183568e-01 59 : 5.700314e+00 4.821433e-01 5.218171e+00 : 2.999999e+00 4.950521e-01 2.504946e+00
9328 : 47740/354464=1.346822e-01 15 : 335640/2835712=1.183618e-01 59 : 5.700315e+00 4.821698e-01 5.218145e+00 : 2.999999e+00 4.950699e-01 2.504929e+00
9344 : 47846/355072=1.347501e-01 15 : 336256/2840576=1.183760e-01 59 : 5.700316e+00 4.822975e-01 5.218018e+00 : 2.999999e+00 4.951281e-01 2.504870e+00
9360 : 47928/355680=1.347503e-01 15 : 336818/2845440=1.183711e-01 59 : 5.700316e+00 4.822842e-01 5.218032e+00 : 2.999998e+00 4.951152e-01 2.504883e+00
9376 : 48016/356288=1.347674e-01 15 : 337412/2850304=1.183775e-01 59 : 5.700317e+00 4.822978e-01 5.218019e+00 : 2.999999e+00 4.951456e-01 2.504853e+00
9392 : 48101/356896=1.347760e-01 15 : 337976/2855168=1.183734e-01 59 : 5.700317e+00 4.823179e-01 5.217999e+00 : 2.999999e+00 4.951326e-01 2.504866e+00
9409 : 48200/357542=1.348093e-01 15 : 338602/2860336=1.183784e-01 59 : 5.700316e+00 4.824003e-01 5.217915e+00 : 2.999999e+00 4.951502e-01 2.504848e+00
9425 : 48283/358150=1.348122e-01 15 : 339186/2865200=1.183813e-01 59 : 5.700316e+00 4.824364e-01 5.217880e+00 : 2.999999e+00 4.951537e-01 2.504845e+00
9441 : 48376/358758=1.348430e-01 15 : 339765/2870064=1.183824e-01 59 : 5.700318e+00 4.825047e-01 5.217813e+00 : 2.999998e+00 4.951366e-01 2.504862e+00
9457 : 48456/359366=1.348375e-01 15 : 340346/2874928=1.183842e-01 59 : 5.700318e+00 4.824834e-01 5.217834e+00 : 2.999998e+00 4.951549e-01 2.504844e+00
9473 : 48538/359974=1.348375e-01 15 : 340898/2879792=1.183759e-01 59 : 5.700321e+00 4.824649e-01 5.217856e+00 : 2.999998e+00 4.951284e-01 2.504870e+00
9489 : 48618/360582=1.348320e-01 15 : 341479/2884656=1.183777e-01 59 : 5.700319e+00 4.824300e-01 5.217889e+00 : 2.999998e+00 4.951255e-01 2.504873e+00
9505 : 48698/361190=1.348265e-01 15 : 342098/2889520=1.183927e-01 59 : 5.700318e+00 4.824359e-01 5.217882e+00 : 2.999998e+00 4.951699e-01 2.504829e+00
9521 : 48772/361798=1.348045e-01 15 : 342663/2894384=1.183889e-01 59 : 5.700317e+00 4.823707e-01 5.217946e+00 : 2.999998e+00 4.951540e-01 2.504844e+00
9538 : 48866/362444=1.348236e-01 15 : 343247/2899552=1.183793e-01 59 : 5.700317e+00 4.824020e-01 5.217916e+00 : 2.999999e+00 4.951205e-01 2.504878e+00
9554 : 48958/363052=1.348512e-01 15 : 343821/2904416=1.183787e-01 59 : 5.700318e+00 4.824564e-01 5.217861e+00 : 2.999999e+00 4.951273e-01 2.504871e+00
9570 : 49044/363660=1.348622e-01 15 : 344404/2909280=1.183812e-01 59 : 5.700316e+00 4.824742e-01 5.217841e+00 : 2.999998e+00 4.951312e-01 2.504867e+00
9586 : 49139/364268=1.348979e-01 15 : 344983/2914144=1.183823e-01 59 : 5.700316e+00 4.825687e-01 5.217747e+00 : 2.999999e+00 4.951485e-01 2.504850e+00
9602 : 49216/364876=1.348842e-01 15 : 345558/2919008=1.183820e-01 59 : 5.700315e+00 4.825418e-01 5.217773e+00 : 2.999999e+00 4.951480e-01 2.504851e+00
9618 : 49313/365484=1.349252e-01 15 : 346128/2923872=1.183800e-01 59 : 5.700316e+00 4.826283e-01 5.217687e+00 : 2.999999e+00 4.951452e-01 2.504853e+00
9634 : 49403/366092=1.349470e-01 15 : 346744/2928736=1.183937e-01 59 : 5.700316e+00 4.826805e-01 5.217636e+00 : 2.999999e+00 4.951639e-01 2.504835e+00
9650 : 49463/366700=1.348868e-01 15 : 347295/2933600=1.183853e-01 59 : 5.700316e+00 4.825353e-01 5.217781e+00 : 2.999999e+00 4.951569e-01 2.504842e+00
9666 : 49540/367308=1.348732e-01 15 : 347830/2938464=1.183714e-01 59 : 5.700318e+00 4.825106e-01 5.217807e+00 : 2.999999e+00 4.951052e-01 2.504893e+00
9683 : 49624/367954=1.348647e-01 15 : 348449/2943632=1.183738e-01 59 : 5.700318e+00 4.825090e-01 5.217809e+00 : 2.999999e+00 4.951225e-01 2.504876e+00
9699 : 49708/368562=1.348701e-01 15 : 349052/2948496=1.183831e-01 59 : 5.700320e+00 4.825032e-01 5.217817e+00 : 2.999999e+00 4.951671e-01 2.504831e+00
9715 : 49786/369170=1.348593e-01 15 : 349659/2953360=1.183936e-01 59 : 5.700320e+00 4.824821e-01 5.217838e+00 : 2.999999e+00 4.951941e-01 2.504804e+00
9731 : 49866/369778=1.348539e-01 15 : 350227/2958224=1.183910e-01 59 : 5.700321e+00 4.824654e-01 5.217856e+00 : 2.999999e+00 4.951878e-01 2.504811e+00
9747 : 49951/370386=1.348620e-01 15 : 350807/2963088=1.183924e-01 59 : 5.700320e+00 4.824872e-01 5.217833e+00 : 2.999999e+00 4.951947e-01 2.504804e+00
9763 : 50028/370994=1.348485e-01 15 : 351377/2967952=1.183904e-01 59 : 5.700317e+00 4.824368e-01 5.217880e+00 : 2.999999e+00 4.951883e-01 2.504810e+00
9779 : 50115/371602=1.348620e-01 15 : 351958/2972816=1.183921e-01 59 : 5.700317e+00 4.824223e-01 5.217895e+00 : 2.999998e+00 4.952145e-01 2.504784e+00
9795 : 50193/372210=1.348513e-01 15 : 352562/2977680=1.184016e-01 59 : 5.700316e+00 4.823985e-01 5.217917e+00 : 2.999999e+00 4.952228e-01 2.504776e+00
9812 : 50288/372856=1.348724e-01 15 : 353190/2982848=1.184070e-01 59 : 5.700317e+00 4.824556e-01 5.217861e+00 : 2.999998e+00 4.952480e-01 2.504751e+00
9828 : 50364/373464=1.348564e-01 15 : 353784/2987712=1.184130e-01 59 : 5.700316e+00 4.824234e-01 5.217893e+00 : 2.999999e+00 4.952592e-01 2.504739e+00
9844 : 50457/374072=1.348858e-01 15 : 354321/2992576=1.184000e-01 59 : 5.700314e+00 4.824796e-01 5.217835e+00 : 2.999998e+00 4.952200e-01 2.504778e+00
9860 : 50542/374680=1.348938e-01 15 : 354879/2997440=1.183940e-01 59 : 5.700313e+00 4.824758e-01 5.217837e+00 : 2.999999e+00 4.951941e-01 2.504804e+00
9876 : 50615/375288=1.348698e-01 15 : 355429/3002304=1.183854e-01 59 : 5.700314e+00 4.824318e-01 5.217882e+00 : 2.999999e+00 4.951792e-01 2.504819e+00
9892 : 50707/375896=1.348964e-01 15 : 356023/3007168=1.183915e-01 59 : 5.700315e+00 4.824682e-01 5.217847e+00 : 2.999999e+00 4.952085e-01 2.504790e+00
9909 : 50784/376542=1.348694e-01 15 : 356635/3012336=1.183915e-01 59 : 5.700314e+00 4.824129e-01 5.217901e+00 : 2.999999e+00 4.952089e-01 2.504790e+00
9925 : 50862/377150=1.348588e-01 15 : 357176/3017200=1.183800e-01 59 : 5.700313e+00 4.824091e-01 5.217904e+00 : 2.999999e+00 4.951851e-01 2.504814e+00
9941 : 50953/377758=1.348826e-01 15 : 357733/3022064=1.183737e-01 59 : 5.700313e+00 4.824598e-01 5.217853e+00 : 2.999999e+00 4.951578e-01 2.504841e+00
9957 : 51034/378366=1.348800e-01 15 : 358307/3026928=1.183731e-01 59 : 5.700314e+00 4.824755e-01 5.217838e+00 : 2.999999e+00 4.951484e-01 2.504850e+00
9973 : 51113/378974=1.348720e-01 15 : 358917/3031792=1.183844e-01 59 : 5.700315e+00 4.824633e-01 5.217851e+00 : 2.999999e+00 4.951862e-01 2.504813e+00
9989 : 51189/379582=1.348562e-01 15 : 359499/3036656=1.183865e-01 59 : 5.700315e+00 4.824269e-01 5.217888e+00 : 2.999999e+00 4.951855e-01 2.504813e+00
10000 : 51256/380000=1.348842e-01 15 : 359881/3040000=1.183819e-01 59 : 5.700316e+00 4.824876e-01 5.217828e+00 : 2.999999e+00 4.951708e-01 2.504828e+00
# InnerCodebook: deleted
# ChannelMatrix: deleted
# CIDSchannel: deleted
# CSFBAdec: deleted
# CPScodec; deleted
# ChannelMatrix: deleted
# ChannelMatrix: deleted
# ConcatAB: deleted
