# (Pid,Ps)=(5.000000e-02,1.000000e-02) Nseg=200 WinSize=10 lmd=1 [0]
# InnerCB: ../search03/ICB/A13.bin
# Gtable:  Gtable/5/050_010.bin
# InnerCodebook: beta=5(1024) nu=2
# InnerCodebook: B(B2p)=7(128) 7(128) 
# InnerCodebook: checked CWM, EncMap, DecMap
# beta=5(1024) nu=2 N=1000 Dmax=55
# B=7,7,
# NBIDSchannel: N=1000 Q=4 Dmax=55 (Pid,Ps)=(5.000000e-02,1.000000e-02)
# FBalg4: Nseg=200 Dmax=55(w=111)
# FBalg4: Gtable: Gtable/5/050_010.bin
# Gtable: beta=5 (Pid,Ps,Ptrn)=(5.000000e-02,1.000000e-02,9.000000e-01) Pth=1.000000e-10
# Gtable: beta4p=1024 beta4pp=1048576
# Gtable::Gtable len=0 cnt=1024
# Gtable::Gtable len=1 cnt=4096
# Gtable::Gtable len=2 cnt=16384
# Gtable::Gtable len=3 cnt=65536
# Gtable::Gtable len=4 cnt=241636
# Gtable::Gtable len=5 cnt=828232
# Gtable::Gtable len=6 cnt=1541824
# Gtable::Gtable len=7 cnt=2773420
# Gtable::Gtable len=8 cnt=1264036
# Gtable::Gtable len=9 cnt=446308
# Gtable::Gtable len=10 cnt=31744
# FBalg4: beta=5(1024) (Pid,Ps)=(5.000000e-02,1.000000e-02) Pth=1.000000e-10 N=1000
# StatICB: nu=2 beta=5 beta4p=1024 Bsum=14 lmd=1
# StatICB: B=7,7,
0013(1002) (2.34e+00 2.65e+00) XE:2.65e-01 (1.24e+00 1.21e+00 | 6.84e-01 6.77e-01)	6.460432e+00 6.409242e+00 : 9.192624e-01
0026(1024) (2.68e+00 2.69e+00) XE:2.69e-01 (1.18e+00 1.21e+00 | 6.28e-01 6.74e-01)	6.329264e+00 6.281970e+00 : 9.008024e-01
0039(1018) (2.98e+00 2.66e+00) XE:2.66e-01 (1.22e+00 1.21e+00 | 7.10e-01 6.75e-01)	6.245061e+00 6.173444e+00 : 8.870361e-01
0052(993) (3.10e+00 2.68e+00) XE:2.68e-01 (1.20e+00 1.21e+00 | 6.74e-01 6.77e-01)	6.169022e+00 6.080095e+00 : 8.749369e-01
0065(986) (3.15e+00 2.70e+00) XE:2.70e-01 (1.20e+00 1.21e+00 | 6.48e-01 6.76e-01)	6.088452e+00 5.999360e+00 : 8.634152e-01
0077(1003) (2.14e+00 2.70e+00) XE:2.70e-01 (1.22e+00 1.21e+00 | 6.96e-01 6.77e-01)	5.997584e+00 5.916188e+00 : 8.509837e-01
0090(997) (2.50e+00 2.73e+00) XE:2.73e-01 (1.19e+00 1.21e+00 | 6.50e-01 6.78e-01)	5.928413e+00 5.852788e+00 : 8.415143e-01
0103(1002) (2.57e+00 2.72e+00) XE:2.72e-01 (1.19e+00 1.21e+00 | 6.88e-01 6.78e-01)	5.895262e+00 5.821531e+00 : 8.369138e-01
0116(995) (2.91e+00 2.70e+00) XE:2.70e-01 (1.22e+00 1.21e+00 | 6.09e-01 6.78e-01)	5.869650e+00 5.794517e+00 : 8.331547e-01
0129(1002) (2.31e+00 2.69e+00) XE:2.69e-01 (1.20e+00 1.21e+00 | 6.62e-01 6.77e-01)	5.836463e+00 5.773916e+00 : 8.293128e-01
0142(1016) (2.39e+00 2.71e+00) XE:2.71e-01 (1.20e+00 1.21e+00 | 6.84e-01 6.78e-01)	5.790722e+00 5.728701e+00 : 8.228159e-01
0154(1015) (2.12e+00 2.70e+00) XE:2.70e-01 (1.22e+00 1.21e+00 | 6.72e-01 6.79e-01)	5.771173e+00 5.703032e+00 : 8.195861e-01
0167(994) (2.63e+00 2.71e+00) XE:2.71e-01 (1.20e+00 1.21e+00 | 7.37e-01 6.79e-01)	5.752336e+00 5.680680e+00 : 8.166439e-01
0180(988) (3.39e+00 2.72e+00) XE:2.72e-01 (1.18e+00 1.21e+00 | 6.18e-01 6.77e-01)	5.727736e+00 5.664249e+00 : 8.137132e-01
0193(998) (2.98e+00 2.75e+00) XE:2.75e-01 (1.22e+00 1.21e+00 | 7.00e-01 6.78e-01)	5.681129e+00 5.617208e+00 : 8.070240e-01
0206(996) (3.03e+00 2.75e+00) XE:2.75e-01 (1.21e+00 1.21e+00 | 6.46e-01 6.77e-01)	5.659567e+00 5.601436e+00 : 8.043574e-01
0218(1012) (2.54e+00 2.75e+00) XE:2.75e-01 (1.22e+00 1.21e+00 | 7.02e-01 6.76e-01)	5.636731e+00 5.591760e+00 : 8.020350e-01
0231(986) (2.91e+00 2.75e+00) XE:2.75e-01 (1.22e+00 1.21e+00 | 6.72e-01 6.75e-01)	5.625980e+00 5.573138e+00 : 7.999370e-01
0244(1017) (2.44e+00 2.75e+00) XE:2.75e-01 (1.18e+00 1.21e+00 | 6.18e-01 6.75e-01)	5.612973e+00 5.560577e+00 : 7.981107e-01
0257(1000) (2.30e+00 2.74e+00) XE:2.74e-01 (1.24e+00 1.21e+00 | 7.35e-01 6.74e-01)	5.602728e+00 5.553788e+00 : 7.968939e-01
0270(1002) (2.47e+00 2.73e+00) XE:2.73e-01 (1.20e+00 1.21e+00 | 7.45e-01 6.73e-01)	5.592590e+00 5.549774e+00 : 7.958832e-01
0282(999) (2.84e+00 2.74e+00) XE:2.74e-01 (1.23e+00 1.21e+00 | 6.30e-01 6.73e-01)	5.583344e+00 5.533702e+00 : 7.940747e-01
0295(999) (2.90e+00 2.74e+00) XE:2.74e-01 (1.19e+00 1.21e+00 | 6.98e-01 6.74e-01)	5.572610e+00 5.520870e+00 : 7.923915e-01
0308(1009) (2.74e+00 2.73e+00) XE:2.73e-01 (1.22e+00 1.21e+00 | 6.68e-01 6.74e-01)	5.568270e+00 5.513917e+00 : 7.915848e-01
0321(999) (3.24e+00 2.73e+00) XE:2.73e-01 (1.23e+00 1.21e+00 | 7.18e-01 6.75e-01)	5.554876e+00 5.505372e+00 : 7.900177e-01
0334(997) (2.76e+00 2.74e+00) XE:2.74e-01 (1.24e+00 1.21e+00 | 6.38e-01 6.74e-01)	5.545988e+00 5.500080e+00 : 7.890049e-01
0347(1008) (2.70e+00 2.74e+00) XE:2.74e-01 (1.23e+00 1.21e+00 | 6.80e-01 6.74e-01)	5.537277e+00 5.489080e+00 : 7.875969e-01
0359(1002) (2.92e+00 2.74e+00) XE:2.74e-01 (1.20e+00 1.21e+00 | 7.45e-01 6.75e-01)	5.529998e+00 5.480494e+00 : 7.864637e-01
0372(980) (2.94e+00 2.73e+00) XE:2.73e-01 (1.20e+00 1.21e+00 | 6.26e-01 6.75e-01)	5.525319e+00 5.475220e+00 : 7.857528e-01
0385(983) (2.80e+00 2.73e+00) XE:2.73e-01 (1.22e+00 1.21e+00 | 6.01e-01 6.75e-01)	5.518168e+00 5.466364e+00 : 7.846094e-01
0398(998) (2.79e+00 2.74e+00) XE:2.74e-01 (1.20e+00 1.21e+00 | 6.58e-01 6.75e-01)	5.510132e+00 5.458821e+00 : 7.834967e-01
0411(999) (2.66e+00 2.73e+00) XE:2.73e-01 (1.22e+00 1.21e+00 | 6.48e-01 6.76e-01)	5.508743e+00 5.457898e+00 : 7.833315e-01
0423(1013) (2.64e+00 2.73e+00) XE:2.73e-01 (1.20e+00 1.21e+00 | 6.86e-01 6.76e-01)	5.506518e+00 5.456818e+00 : 7.830954e-01
0436(1000) (3.41e+00 2.73e+00) XE:2.73e-01 (1.23e+00 1.21e+00 | 7.04e-01 6.76e-01)	5.499752e+00 5.449216e+00 : 7.820691e-01
0449(1014) (2.35e+00 2.72e+00) XE:2.72e-01 (1.21e+00 1.21e+00 | 6.82e-01 6.76e-01)	5.497204e+00 5.443193e+00 : 7.814569e-01
0462(994) (2.24e+00 2.72e+00) XE:2.72e-01 (1.24e+00 1.21e+00 | 7.35e-01 6.76e-01)	5.497160e+00 5.439042e+00 : 7.811573e-01
0475(1003) (2.76e+00 2.72e+00) XE:2.72e-01 (1.24e+00 1.21e+00 | 6.68e-01 6.76e-01)	5.494716e+00 5.434340e+00 : 7.806469e-01
0488(998) (2.58e+00 2.72e+00) XE:2.72e-01 (1.22e+00 1.21e+00 | 7.06e-01 6.75e-01)	5.490092e+00 5.430691e+00 : 7.800559e-01
0500(1008) (2.38e+00 2.71e+00) XE:2.71e-01 (1.20e+00 1.21e+00 | 6.94e-01 6.76e-01)	5.487250e+00 5.426035e+00 : 7.795203e-01
0513(1023) (2.35e+00 2.71e+00) XE:2.71e-01 (1.19e+00 1.21e+00 | 6.78e-01 6.75e-01)	5.482003e+00 5.420487e+00 : 7.787492e-01
0526(990) (2.79e+00 2.71e+00) XE:2.71e-01 (1.20e+00 1.21e+00 | 6.92e-01 6.75e-01)	5.482809e+00 5.421118e+00 : 7.788519e-01
0539(1001) (2.45e+00 2.71e+00) XE:2.71e-01 (1.23e+00 1.21e+00 | 7.41e-01 6.75e-01)	5.479558e+00 5.413785e+00 : 7.780959e-01
0552(990) (2.95e+00 2.70e+00) XE:2.70e-01 (1.19e+00 1.21e+00 | 6.24e-01 6.75e-01)	5.476861e+00 5.413189e+00 : 7.778607e-01
0564(983) (3.00e+00 2.70e+00) XE:2.70e-01 (1.23e+00 1.21e+00 | 6.44e-01 6.75e-01)	5.471136e+00 5.410453e+00 : 7.772564e-01
0577(972) (3.33e+00 2.70e+00) XE:2.70e-01 (1.21e+00 1.21e+00 | 6.18e-01 6.75e-01)	5.468638e+00 5.406501e+00 : 7.767956e-01
0590(992) (3.01e+00 2.71e+00) XE:2.71e-01 (1.21e+00 1.21e+00 | 7.27e-01 6.75e-01)	5.460875e+00 5.401441e+00 : 7.758797e-01
0603(1011) (2.77e+00 2.71e+00) XE:2.71e-01 (1.19e+00 1.21e+00 | 6.40e-01 6.75e-01)	5.457208e+00 5.398362e+00 : 7.753978e-01
0616(1002) (2.34e+00 2.71e+00) XE:2.71e-01 (1.21e+00 1.21e+00 | 6.76e-01 6.75e-01)	5.453405e+00 5.397491e+00 : 7.750640e-01
0629(1019) (2.71e+00 2.72e+00) XE:2.72e-01 (1.21e+00 1.21e+00 | 6.88e-01 6.75e-01)	5.437728e+00 5.383343e+00 : 7.729336e-01
0641(1004) (2.37e+00 2.72e+00) XE:2.72e-01 (1.23e+00 1.21e+00 | 6.42e-01 6.75e-01)	5.430893e+00 5.375275e+00 : 7.718691e-01
0654(989) (2.86e+00 2.72e+00) XE:2.72e-01 (1.18e+00 1.21e+00 | 6.60e-01 6.75e-01)	5.422626e+00 5.364505e+00 : 7.705094e-01
0667(992) (3.11e+00 2.72e+00) XE:2.72e-01 (1.19e+00 1.21e+00 | 6.82e-01 6.74e-01)	5.419158e+00 5.362745e+00 : 7.701359e-01
0680(995) (2.50e+00 2.72e+00) XE:2.72e-01 (1.19e+00 1.21e+00 | 6.36e-01 6.74e-01)	5.417140e+00 5.360297e+00 : 7.698169e-01
0693(996) (2.68e+00 2.72e+00) XE:2.72e-01 (1.20e+00 1.21e+00 | 6.54e-01 6.74e-01)	5.414588e+00 5.356522e+00 : 7.693650e-01
0705(1004) (2.30e+00 2.72e+00) XE:2.72e-01 (1.22e+00 1.21e+00 | 6.52e-01 6.74e-01)	5.411738e+00 5.355027e+00 : 7.690546e-01
0718(1002) (2.34e+00 2.72e+00) XE:2.72e-01 (1.21e+00 1.21e+00 | 6.38e-01 6.74e-01)	5.410766e+00 5.352539e+00 : 7.688075e-01
0731(1010) (2.60e+00 2.72e+00) XE:2.72e-01 (1.18e+00 1.21e+00 | 6.44e-01 6.74e-01)	5.407673e+00 5.351729e+00 : 7.685287e-01
0744(1000) (2.93e+00 2.72e+00) XE:2.72e-01 (1.22e+00 1.21e+00 | 7.41e-01 6.74e-01)	5.402920e+00 5.346482e+00 : 7.678145e-01
0757(1012) (2.86e+00 2.72e+00) XE:2.72e-01 (1.21e+00 1.21e+00 | 6.94e-01 6.74e-01)	5.402098e+00 5.344417e+00 : 7.676082e-01
0769(1009) (2.52e+00 2.72e+00) XE:2.72e-01 (1.19e+00 1.21e+00 | 7.00e-01 6.74e-01)	5.400805e+00 5.341986e+00 : 7.673422e-01
0782(998) (2.37e+00 2.72e+00) XE:2.72e-01 (1.20e+00 1.21e+00 | 6.58e-01 6.75e-01)	5.398130e+00 5.340118e+00 : 7.670177e-01
0795(1010) (2.43e+00 2.72e+00) XE:2.72e-01 (1.21e+00 1.21e+00 | 6.34e-01 6.75e-01)	5.396832e+00 5.337814e+00 : 7.667604e-01
0808(1000) (2.77e+00 2.72e+00) XE:2.72e-01 (1.22e+00 1.21e+00 | 6.40e-01 6.75e-01)	5.394992e+00 5.336321e+00 : 7.665223e-01
0821(999) (3.15e+00 2.72e+00) XE:2.72e-01 (1.23e+00 1.21e+00 | 6.58e-01 6.75e-01)	5.392098e+00 5.333164e+00 : 7.660902e-01
0834(995) (2.90e+00 2.72e+00) XE:2.72e-01 (1.22e+00 1.21e+00 | 6.80e-01 6.74e-01)	5.386484e+00 5.328349e+00 : 7.653453e-01
0846(1006) (3.13e+00 2.72e+00) XE:2.72e-01 (1.20e+00 1.21e+00 | 6.16e-01 6.74e-01)	5.385662e+00 5.327100e+00 : 7.651973e-01
0859(1012) (2.78e+00 2.72e+00) XE:2.72e-01 (1.22e+00 1.21e+00 | 6.34e-01 6.74e-01)	5.382671e+00 5.323492e+00 : 7.647259e-01
0872(999) (2.07e+00 2.72e+00) XE:2.72e-01 (1.20e+00 1.21e+00 | 6.50e-01 6.74e-01)	5.379907e+00 5.320644e+00 : 7.643251e-01
0885(998) (2.75e+00 2.72e+00) XE:2.72e-01 (1.23e+00 1.21e+00 | 7.73e-01 6.74e-01)	5.377221e+00 5.318665e+00 : 7.639918e-01
0898(984) (2.43e+00 2.72e+00) XE:2.72e-01 (1.19e+00 1.21e+00 | 6.44e-01 6.74e-01)	5.376784e+00 5.318817e+00 : 7.639715e-01
0911(1013) (2.31e+00 2.72e+00) XE:2.72e-01 (1.23e+00 1.21e+00 | 6.05e-01 6.74e-01)	5.377428e+00 5.318341e+00 : 7.639835e-01
0923(1023) (2.30e+00 2.72e+00) XE:2.72e-01 (1.21e+00 1.21e+00 | 7.43e-01 6.74e-01)	5.375666e+00 5.316899e+00 : 7.637547e-01
0936(1003) (2.87e+00 2.72e+00) XE:2.72e-01 (1.18e+00 1.21e+00 | 6.26e-01 6.74e-01)	5.374319e+00 5.315978e+00 : 7.635926e-01
0949(1010) (2.20e+00 2.71e+00) XE:2.71e-01 (1.19e+00 1.21e+00 | 7.25e-01 6.74e-01)	5.374818e+00 5.316182e+00 : 7.636428e-01
0962(989) (3.22e+00 2.71e+00) XE:2.71e-01 (1.19e+00 1.21e+00 | 6.46e-01 6.74e-01)	5.372182e+00 5.315295e+00 : 7.633912e-01
0975(990) (2.33e+00 2.71e+00) XE:2.71e-01 (1.22e+00 1.21e+00 | 6.30e-01 6.74e-01)	5.372271e+00 5.315087e+00 : 7.633827e-01
0987(1015) (2.02e+00 2.71e+00) XE:2.71e-01 (1.22e+00 1.21e+00 | 7.10e-01 6.74e-01)	5.371595e+00 5.315404e+00 : 7.633571e-01
1000(1002) (2.74e+00 2.71e+00) XE:2.71e-01 (1.20e+00 1.21e+00 | 6.38e-01 6.74e-01)	5.368197e+00 5.311592e+00 : 7.628421e-01
1013(993) (2.79e+00 2.71e+00) XE:2.71e-01 (1.21e+00 1.21e+00 | 6.62e-01 6.74e-01)	5.367023e+00 5.309651e+00 : 7.626196e-01
1026(995) (2.70e+00 2.71e+00) XE:2.71e-01 (1.21e+00 1.21e+00 | 6.82e-01 6.74e-01)	5.365739e+00 5.308704e+00 : 7.624603e-01
1039(988) (3.57e+00 2.72e+00) XE:2.72e-01 (1.21e+00 1.21e+00 | 6.96e-01 6.74e-01)	5.363375e+00 5.305853e+00 : 7.620877e-01
1051(981) (2.83e+00 2.72e+00) XE:2.72e-01 (1.20e+00 1.21e+00 | 6.82e-01 6.74e-01)	5.361822e+00 5.304831e+00 : 7.619038e-01
1064(997) (2.39e+00 2.72e+00) XE:2.72e-01 (1.22e+00 1.21e+00 | 6.46e-01 6.74e-01)	5.360576e+00 5.304085e+00 : 7.617615e-01
1077(1009) (2.27e+00 2.72e+00) XE:2.72e-01 (1.22e+00 1.21e+00 | 7.08e-01 6.74e-01)	5.359845e+00 5.303276e+00 : 7.616515e-01
1090(1006) (2.49e+00 2.71e+00) XE:2.71e-01 (1.19e+00 1.21e+00 | 6.86e-01 6.74e-01)	5.359083e+00 5.303043e+00 : 7.615805e-01
1103(1004) (2.26e+00 2.71e+00) XE:2.71e-01 (1.24e+00 1.21e+00 | 7.63e-01 6.75e-01)	5.357886e+00 5.304095e+00 : 7.615700e-01
1115(1005) (2.55e+00 2.71e+00) XE:2.71e-01 (1.22e+00 1.21e+00 | 6.70e-01 6.75e-01)	5.357611e+00 5.302255e+00 : 7.614190e-01
1128(1005) (2.24e+00 2.71e+00) XE:2.71e-01 (1.20e+00 1.21e+00 | 6.90e-01 6.75e-01)	5.357285e+00 5.303428e+00 : 7.614795e-01
1141(1010) (2.21e+00 2.71e+00) XE:2.71e-01 (1.21e+00 1.21e+00 | 6.96e-01 6.75e-01)	5.357098e+00 5.302503e+00 : 7.614001e-01
1154(1002) (2.42e+00 2.71e+00) XE:2.71e-01 (1.19e+00 1.21e+00 | 6.90e-01 6.75e-01)	5.357366e+00 5.303652e+00 : 7.615013e-01
1167(992) (3.12e+00 2.71e+00) XE:2.71e-01 (1.19e+00 1.21e+00 | 5.79e-01 6.74e-01)	5.353788e+00 5.299881e+00 : 7.609764e-01
1180(1007) (2.27e+00 2.71e+00) XE:2.71e-01 (1.20e+00 1.21e+00 | 6.58e-01 6.74e-01)	5.352863e+00 5.298302e+00 : 7.607974e-01
1192(993) (2.32e+00 2.71e+00) XE:2.71e-01 (1.22e+00 1.21e+00 | 7.39e-01 6.74e-01)	5.352763e+00 5.297597e+00 : 7.607401e-01
1205(997) (2.63e+00 2.71e+00) XE:2.71e-01 (1.24e+00 1.21e+00 | 7.27e-01 6.75e-01)	5.348134e+00 5.294002e+00 : 7.601525e-01
1218(997) (2.94e+00 2.71e+00) XE:2.71e-01 (1.20e+00 1.21e+00 | 6.26e-01 6.75e-01)	5.345789e+00 5.292511e+00 : 7.598786e-01
1231(1002) (2.30e+00 2.71e+00) XE:2.71e-01 (1.25e+00 1.21e+00 | 7.47e-01 6.75e-01)	5.344828e+00 5.291753e+00 : 7.597558e-01
1244(1007) (2.19e+00 2.71e+00) XE:2.71e-01 (1.22e+00 1.21e+00 | 7.04e-01 6.75e-01)	5.340707e+00 5.288283e+00 : 7.592135e-01
1256(991) (3.02e+00 2.71e+00) XE:2.71e-01 (1.22e+00 1.21e+00 | 6.72e-01 6.75e-01)	5.340586e+00 5.287525e+00 : 7.591508e-01
1269(1011) (2.66e+00 2.71e+00) XE:2.71e-01 (1.21e+00 1.21e+00 | 6.52e-01 6.75e-01)	5.339106e+00 5.285836e+00 : 7.589244e-01
1282(994) (2.77e+00 2.71e+00) XE:2.71e-01 (1.18e+00 1.21e+00 | 6.54e-01 6.74e-01)	5.339514e+00 5.285801e+00 : 7.589511e-01
1295(999) (2.70e+00 2.71e+00) XE:2.71e-01 (1.24e+00 1.21e+00 | 7.27e-01 6.74e-01)	5.335970e+00 5.282233e+00 : 7.584431e-01
1308(1010) (2.85e+00 2.71e+00) XE:2.71e-01 (1.20e+00 1.21e+00 | 7.02e-01 6.74e-01)	5.334000e+00 5.280063e+00 : 7.581474e-01
1321(1009) (2.89e+00 2.71e+00) XE:2.71e-01 (1.22e+00 1.21e+00 | 6.56e-01 6.74e-01)	5.332630e+00 5.279743e+00 : 7.580266e-01
1333(1002) (2.60e+00 2.71e+00) XE:2.71e-01 (1.21e+00 1.21e+00 | 7.16e-01 6.74e-01)	5.331600e+00 5.279162e+00 : 7.579116e-01
1346(988) (2.38e+00 2.71e+00) XE:2.71e-01 (1.22e+00 1.21e+00 | 7.06e-01 6.74e-01)	5.329016e+00 5.275828e+00 : 7.574889e-01
1359(1010) (2.13e+00 2.71e+00) XE:2.71e-01 (1.20e+00 1.21e+00 | 7.06e-01 6.74e-01)	5.328995e+00 5.276185e+00 : 7.575128e-01
1372(1012) (2.33e+00 2.71e+00) XE:2.71e-01 (1.23e+00 1.21e+00 | 7.16e-01 6.74e-01)	5.330029e+00 5.275432e+00 : 7.575329e-01
1385(989) (2.55e+00 2.71e+00) XE:2.71e-01 (1.20e+00 1.21e+00 | 7.33e-01 6.74e-01)	5.329044e+00 5.275266e+00 : 7.574507e-01
1397(1010) (2.61e+00 2.71e+00) XE:2.71e-01 (1.23e+00 1.21e+00 | 7.33e-01 6.74e-01)	5.328302e+00 5.274649e+00 : 7.573536e-01
1410(984) (2.89e+00 2.71e+00) XE:2.71e-01 (1.21e+00 1.21e+00 | 6.34e-01 6.74e-01)	5.328173e+00 5.275177e+00 : 7.573822e-01
1423(1008) (2.94e+00 2.71e+00) XE:2.71e-01 (1.19e+00 1.21e+00 | 6.58e-01 6.74e-01)	5.327969e+00 5.274156e+00 : 7.572946e-01
1436(982) (3.29e+00 2.71e+00) XE:2.71e-01 (1.22e+00 1.21e+00 | 6.34e-01 6.74e-01)	5.324899e+00 5.270475e+00 : 7.568124e-01
1449(1011) (2.12e+00 2.71e+00) XE:2.71e-01 (1.20e+00 1.21e+00 | 6.82e-01 6.74e-01)	5.324810e+00 5.270728e+00 : 7.568241e-01
1461(988) (2.50e+00 2.71e+00) XE:2.71e-01 (1.20e+00 1.21e+00 | 6.92e-01 6.74e-01)	5.323798e+00 5.270204e+00 : 7.567144e-01
1474(990) (3.03e+00 2.71e+00) XE:2.71e-01 (1.16e+00 1.21e+00 | 6.96e-01 6.75e-01)	5.323111e+00 5.270352e+00 : 7.566759e-01
1487(1004) (3.28e+00 2.71e+00) XE:2.71e-01 (1.20e+00 1.21e+00 | 6.62e-01 6.74e-01)	5.321813e+00 5.269295e+00 : 7.565077e-01
1500(979) (3.49e+00 2.71e+00) XE:2.71e-01 (1.19e+00 1.21e+00 | 6.46e-01 6.74e-01)	5.320261e+00 5.267878e+00 : 7.562957e-01
1513(1013) (1.79e+00 2.71e+00) XE:2.71e-01 (1.20e+00 1.21e+00 | 7.18e-01 6.74e-01)	5.319737e+00 5.267094e+00 : 7.562022e-01
1526(976) (3.45e+00 2.71e+00) XE:2.71e-01 (1.21e+00 1.21e+00 | 6.54e-01 6.74e-01)	5.317825e+00 5.264059e+00 : 7.558489e-01
1538(992) (2.73e+00 2.71e+00) XE:2.71e-01 (1.23e+00 1.21e+00 | 6.80e-01 6.74e-01)	5.317570e+00 5.264107e+00 : 7.558341e-01
1551(1021) (2.25e+00 2.71e+00) XE:2.71e-01 (1.21e+00 1.21e+00 | 6.46e-01 6.74e-01)	5.317957e+00 5.263844e+00 : 7.558430e-01
1564(1016) (2.77e+00 2.71e+00) XE:2.71e-01 (1.18e+00 1.21e+00 | 6.09e-01 6.74e-01)	5.317629e+00 5.263771e+00 : 7.558143e-01
1577(1006) (2.23e+00 2.71e+00) XE:2.71e-01 (1.19e+00 1.21e+00 | 6.56e-01 6.74e-01)	5.317504e+00 5.264394e+00 : 7.558499e-01
1590(995) (2.34e+00 2.71e+00) XE:2.71e-01 (1.21e+00 1.21e+00 | 6.40e-01 6.74e-01)	5.317093e+00 5.264166e+00 : 7.558042e-01
1602(983) (2.79e+00 2.71e+00) XE:2.71e-01 (1.21e+00 1.21e+00 | 6.58e-01 6.74e-01)	5.313567e+00 5.260939e+00 : 7.553219e-01
1615(1004) (2.56e+00 2.71e+00) XE:2.71e-01 (1.22e+00 1.21e+00 | 6.38e-01 6.74e-01)	5.312704e+00 5.259010e+00 : 7.551224e-01
1628(1021) (2.40e+00 2.71e+00) XE:2.71e-01 (1.22e+00 1.21e+00 | 6.76e-01 6.74e-01)	5.308740e+00 5.255141e+00 : 7.545629e-01
1641(1008) (2.30e+00 2.71e+00) XE:2.71e-01 (1.19e+00 1.21e+00 | 7.10e-01 6.74e-01)	5.307722e+00 5.253734e+00 : 7.543897e-01
1654(1019) (2.32e+00 2.71e+00) XE:2.71e-01 (1.19e+00 1.21e+00 | 6.36e-01 6.74e-01)	5.306368e+00 5.251827e+00 : 7.541568e-01
1666(1009) (2.89e+00 2.71e+00) XE:2.71e-01 (1.19e+00 1.21e+00 | 6.60e-01 6.75e-01)	5.306672e+00 5.251479e+00 : 7.541536e-01
1679(997) (2.42e+00 2.71e+00) XE:2.71e-01 (1.21e+00 1.21e+00 | 6.72e-01 6.75e-01)	5.306529e+00 5.251342e+00 : 7.541337e-01
1692(1001) (2.61e+00 2.71e+00) XE:2.71e-01 (1.23e+00 1.21e+00 | 6.94e-01 6.75e-01)	5.303312e+00 5.247663e+00 : 7.536411e-01
1705(1000) (2.48e+00 2.71e+00) XE:2.71e-01 (1.22e+00 1.21e+00 | 6.46e-01 6.75e-01)	5.303810e+00 5.248348e+00 : 7.537256e-01
1717(995) (2.57e+00 2.71e+00) XE:2.71e-01 (1.24e+00 1.21e+00 | 7.14e-01 6.75e-01)	5.304261e+00 5.248689e+00 : 7.537821e-01
1730(998) (2.43e+00 2.71e+00) XE:2.71e-01 (1.19e+00 1.21e+00 | 6.40e-01 6.75e-01)	5.302409e+00 5.248210e+00 : 7.536156e-01
1743(1001) (2.61e+00 2.71e+00) XE:2.71e-01 (1.23e+00 1.21e+00 | 6.96e-01 6.75e-01)	5.301617e+00 5.248217e+00 : 7.535596e-01
1756(974) (2.72e+00 2.71e+00) XE:2.71e-01 (1.22e+00 1.21e+00 | 6.70e-01 6.75e-01)	5.300901e+00 5.248220e+00 : 7.535087e-01
1769(990) (2.59e+00 2.71e+00) XE:2.71e-01 (1.24e+00 1.21e+00 | 7.10e-01 6.75e-01)	5.300823e+00 5.247286e+00 : 7.534364e-01
1781(1001) (3.30e+00 2.71e+00) XE:2.71e-01 (1.21e+00 1.21e+00 | 6.18e-01 6.75e-01)	5.300820e+00 5.247690e+00 : 7.534650e-01
1794(1005) (2.22e+00 2.71e+00) XE:2.71e-01 (1.22e+00 1.21e+00 | 6.46e-01 6.75e-01)	5.297708e+00 5.244189e+00 : 7.529926e-01
1807(1007) (3.00e+00 2.71e+00) XE:2.71e-01 (1.19e+00 1.21e+00 | 6.94e-01 6.75e-01)	5.294168e+00 5.241866e+00 : 7.525739e-01
1820(998) (3.04e+00 2.71e+00) XE:2.71e-01 (1.16e+00 1.21e+00 | 6.46e-01 6.75e-01)	5.294559e+00 5.241115e+00 : 7.525482e-01
1833(1013) (3.24e+00 2.71e+00) XE:2.71e-01 (1.20e+00 1.21e+00 | 6.96e-01 6.75e-01)	5.290956e+00 5.238613e+00 : 7.521121e-01
1845(1014) (2.88e+00 2.71e+00) XE:2.71e-01 (1.22e+00 1.21e+00 | 7.27e-01 6.75e-01)	5.290182e+00 5.238446e+00 : 7.520449e-01
1858(987) (3.68e+00 2.71e+00) XE:2.71e-01 (1.20e+00 1.21e+00 | 6.90e-01 6.75e-01)	5.287742e+00 5.236495e+00 : 7.517312e-01
1871(1014) (2.33e+00 2.71e+00) XE:2.71e-01 (1.19e+00 1.21e+00 | 6.60e-01 6.75e-01)	5.288441e+00 5.237043e+00 : 7.518203e-01
1884(1010) (2.27e+00 2.71e+00) XE:2.71e-01 (1.19e+00 1.21e+00 | 7.31e-01 6.75e-01)	5.286400e+00 5.235395e+00 : 7.515568e-01
1897(994) (2.50e+00 2.71e+00) XE:2.71e-01 (1.25e+00 1.21e+00 | 6.74e-01 6.75e-01)	5.286086e+00 5.235376e+00 : 7.515330e-01
1909(989) (2.40e+00 2.71e+00) XE:2.71e-01 (1.20e+00 1.21e+00 | 6.26e-01 6.75e-01)	5.285363e+00 5.235143e+00 : 7.514647e-01
1922(1004) (3.06e+00 2.71e+00) XE:2.71e-01 (1.21e+00 1.21e+00 | 6.84e-01 6.75e-01)	5.285631e+00 5.234308e+00 : 7.514242e-01
1935(1000) (3.12e+00 2.71e+00) XE:2.71e-01 (1.22e+00 1.21e+00 | 6.68e-01 6.75e-01)	5.284530e+00 5.234300e+00 : 7.513450e-01
1948(998) (2.62e+00 2.71e+00) XE:2.71e-01 (1.20e+00 1.21e+00 | 6.50e-01 6.75e-01)	5.282721e+00 5.231733e+00 : 7.510324e-01
1961(1000) (2.46e+00 2.71e+00) XE:2.71e-01 (1.23e+00 1.21e+00 | 6.84e-01 6.75e-01)	5.283191e+00 5.231534e+00 : 7.510518e-01
1974(1027) (2.54e+00 2.71e+00) XE:2.71e-01 (1.21e+00 1.21e+00 | 7.14e-01 6.75e-01)	5.281850e+00 5.230337e+00 : 7.508705e-01
1986(1008) (3.01e+00 2.71e+00) XE:2.71e-01 (1.19e+00 1.21e+00 | 6.36e-01 6.75e-01)	5.280698e+00 5.229534e+00 : 7.507309e-01
1999(1000) (2.94e+00 2.71e+00) XE:2.71e-01 (1.20e+00 1.21e+00 | 6.66e-01 6.75e-01)	5.279483e+00 5.228443e+00 : 7.505661e-01
2012(1012) (2.59e+00 2.71e+00) XE:2.71e-01 (1.19e+00 1.21e+00 | 7.51e-01 6.75e-01)	5.278882e+00 5.227659e+00 : 7.504672e-01
2025(992) (2.45e+00 2.71e+00) XE:2.71e-01 (1.20e+00 1.21e+00 | 6.32e-01 6.75e-01)	5.278987e+00 5.227367e+00 : 7.504539e-01
2038(1003) (2.29e+00 2.71e+00) XE:2.71e-01 (1.21e+00 1.21e+00 | 6.48e-01 6.75e-01)	5.277818e+00 5.226505e+00 : 7.503088e-01
2050(1004) (3.10e+00 2.71e+00) XE:2.71e-01 (1.20e+00 1.21e+00 | 7.00e-01 6.75e-01)	5.277773e+00 5.226001e+00 : 7.502696e-01
2063(1005) (2.62e+00 2.71e+00) XE:2.71e-01 (1.22e+00 1.21e+00 | 6.82e-01 6.75e-01)	5.277734e+00 5.226143e+00 : 7.502770e-01
2076(996) (2.43e+00 2.71e+00) XE:2.71e-01 (1.19e+00 1.21e+00 | 6.64e-01 6.75e-01)	5.277114e+00 5.226834e+00 : 7.502820e-01
2089(985) (2.38e+00 2.71e+00) XE:2.71e-01 (1.22e+00 1.21e+00 | 6.58e-01 6.75e-01)	5.276602e+00 5.226169e+00 : 7.501979e-01
2102(999) (2.57e+00 2.71e+00) XE:2.71e-01 (1.21e+00 1.21e+00 | 6.74e-01 6.74e-01)	5.276879e+00 5.226331e+00 : 7.502293e-01
2115(996) (3.09e+00 2.71e+00) XE:2.71e-01 (1.20e+00 1.21e+00 | 7.08e-01 6.75e-01)	5.277050e+00 5.225834e+00 : 7.502060e-01
2127(993) (2.73e+00 2.71e+00) XE:2.71e-01 (1.21e+00 1.21e+00 | 6.90e-01 6.74e-01)	5.275842e+00 5.224556e+00 : 7.500284e-01
2140(1014) (2.22e+00 2.71e+00) XE:2.71e-01 (1.21e+00 1.21e+00 | 6.36e-01 6.74e-01)	5.276335e+00 5.224769e+00 : 7.500789e-01
2153(989) (2.73e+00 2.71e+00) XE:2.71e-01 (1.23e+00 1.21e+00 | 6.58e-01 6.74e-01)	5.275447e+00 5.225182e+00 : 7.500449e-01
2166(979) (3.03e+00 2.71e+00) XE:2.71e-01 (1.22e+00 1.21e+00 | 6.46e-01 6.74e-01)	5.273151e+00 5.222328e+00 : 7.496771e-01
2179(1010) (2.36e+00 2.71e+00) XE:2.71e-01 (1.21e+00 1.21e+00 | 6.66e-01 6.74e-01)	5.273593e+00 5.222726e+00 : 7.497371e-01
2192(1003) (2.50e+00 2.71e+00) XE:2.71e-01 (1.20e+00 1.21e+00 | 6.60e-01 6.74e-01)	5.273800e+00 5.222444e+00 : 7.497317e-01
2204(1001) (2.53e+00 2.71e+00) XE:2.71e-01 (1.21e+00 1.21e+00 | 6.92e-01 6.74e-01)	5.273401e+00 5.221986e+00 : 7.496705e-01
2217(1003) (2.57e+00 2.70e+00) XE:2.70e-01 (1.23e+00 1.21e+00 | 6.88e-01 6.74e-01)	5.273917e+00 5.222621e+00 : 7.497527e-01
2230(1014) (2.17e+00 2.70e+00) XE:2.70e-01 (1.19e+00 1.21e+00 | 6.56e-01 6.74e-01)	5.274803e+00 5.223541e+00 : 7.498817e-01
2243(991) (2.81e+00 2.70e+00) XE:2.70e-01 (1.21e+00 1.21e+00 | 6.64e-01 6.74e-01)	5.274777e+00 5.223266e+00 : 7.498603e-01
2256(1009) (2.36e+00 2.70e+00) XE:2.70e-01 (1.20e+00 1.21e+00 | 6.44e-01 6.74e-01)	5.274196e+00 5.222319e+00 : 7.497511e-01
2269(993) (2.92e+00 2.70e+00) XE:2.70e-01 (1.22e+00 1.21e+00 | 6.92e-01 6.74e-01)	5.271519e+00 5.219483e+00 : 7.493573e-01
2281(1015) (2.64e+00 2.70e+00) XE:2.70e-01 (1.22e+00 1.21e+00 | 6.22e-01 6.74e-01)	5.271704e+00 5.220276e+00 : 7.494271e-01
2294(1012) (2.67e+00 2.70e+00) XE:2.70e-01 (1.21e+00 1.21e+00 | 6.70e-01 6.74e-01)	5.271652e+00 5.220478e+00 : 7.494378e-01
2307(1000) (3.08e+00 2.70e+00) XE:2.70e-01 (1.23e+00 1.21e+00 | 7.25e-01 6.74e-01)	5.271147e+00 5.220312e+00 : 7.493899e-01
2320(997) (2.40e+00 2.70e+00) XE:2.70e-01 (1.18e+00 1.21e+00 | 6.70e-01 6.74e-01)	5.270345e+00 5.219797e+00 : 7.492958e-01
2333(997) (2.80e+00 2.70e+00) XE:2.70e-01 (1.24e+00 1.21e+00 | 6.80e-01 6.74e-01)	5.270372e+00 5.219238e+00 : 7.492579e-01
2345(1008) (2.79e+00 2.70e+00) XE:2.70e-01 (1.17e+00 1.21e+00 | 6.28e-01 6.74e-01)	5.270065e+00 5.219413e+00 : 7.492484e-01
2358(1001) (2.52e+00 2.70e+00) XE:2.70e-01 (1.23e+00 1.21e+00 | 7.14e-01 6.74e-01)	5.268586e+00 5.218183e+00 : 7.490549e-01
2371(992) (2.58e+00 2.70e+00) XE:2.70e-01 (1.20e+00 1.21e+00 | 6.74e-01 6.74e-01)	5.268919e+00 5.218285e+00 : 7.490860e-01
2384(999) (2.10e+00 2.70e+00) XE:2.70e-01 (1.21e+00 1.21e+00 | 6.20e-01 6.74e-01)	5.269214e+00 5.218933e+00 : 7.491534e-01
2397(998) (2.29e+00 2.70e+00) XE:2.70e-01 (1.22e+00 1.21e+00 | 6.92e-01 6.74e-01)	5.268626e+00 5.218552e+00 : 7.490841e-01
2410(1025) (2.85e+00 2.70e+00) XE:2.70e-01 (1.22e+00 1.21e+00 | 6.34e-01 6.74e-01)	5.268325e+00 5.218476e+00 : 7.490572e-01
2422(1009) (2.95e+00 2.70e+00) XE:2.70e-01 (1.25e+00 1.21e+00 | 7.08e-01 6.74e-01)	5.265994e+00 5.216266e+00 : 7.487329e-01
2435(1014) (2.56e+00 2.70e+00) XE:2.70e-01 (1.23e+00 1.21e+00 | 6.64e-01 6.74e-01)	5.265745e+00 5.215903e+00 : 7.486892e-01
2448(1007) (2.09e+00 2.70e+00) XE:2.70e-01 (1.22e+00 1.21e+00 | 7.41e-01 6.74e-01)	5.264647e+00 5.214817e+00 : 7.485331e-01
2461(996) (3.04e+00 2.70e+00) XE:2.70e-01 (1.22e+00 1.21e+00 | 7.79e-01 6.74e-01)	5.264864e+00 5.215686e+00 : 7.486108e-01
2474(1000) (2.87e+00 2.70e+00) XE:2.70e-01 (1.22e+00 1.21e+00 | 7.00e-01 6.74e-01)	5.265366e+00 5.215969e+00 : 7.486668e-01
2486(1013) (2.28e+00 2.70e+00) XE:2.70e-01 (1.21e+00 1.21e+00 | 6.62e-01 6.74e-01)	5.265138e+00 5.215466e+00 : 7.486146e-01
2499(994) (2.77e+00 2.70e+00) XE:2.70e-01 (1.23e+00 1.21e+00 | 6.60e-01 6.74e-01)	5.265636e+00 5.215864e+00 : 7.486786e-01
2512(996) (2.40e+00 2.70e+00) XE:2.70e-01 (1.18e+00 1.21e+00 | 6.62e-01 6.74e-01)	5.265186e+00 5.215483e+00 : 7.486192e-01
2525(994) (3.11e+00 2.70e+00) XE:2.70e-01 (1.21e+00 1.21e+00 | 5.93e-01 6.74e-01)	5.264491e+00 5.215178e+00 : 7.485478e-01
2538(998) (3.12e+00 2.70e+00) XE:2.70e-01 (1.20e+00 1.21e+00 | 6.78e-01 6.74e-01)	5.263917e+00 5.214643e+00 : 7.484685e-01
2551(1003) (2.82e+00 2.70e+00) XE:2.70e-01 (1.18e+00 1.21e+00 | 6.40e-01 6.74e-01)	5.263852e+00 5.214545e+00 : 7.484569e-01
2563(992) (2.52e+00 2.70e+00) XE:2.70e-01 (1.19e+00 1.21e+00 | 6.66e-01 6.74e-01)	5.262945e+00 5.213419e+00 : 7.483118e-01
2576(993) (2.54e+00 2.70e+00) XE:2.70e-01 (1.21e+00 1.21e+00 | 6.30e-01 6.74e-01)	5.262371e+00 5.213488e+00 : 7.482757e-01
2589(1005) (2.53e+00 2.70e+00) XE:2.70e-01 (1.19e+00 1.21e+00 | 6.42e-01 6.74e-01)	5.261838e+00 5.213186e+00 : 7.482160e-01
2602(1001) (3.12e+00 2.70e+00) XE:2.70e-01 (1.20e+00 1.21e+00 | 6.80e-01 6.74e-01)	5.262128e+00 5.213875e+00 : 7.482860e-01
2615(1011) (2.89e+00 2.70e+00) XE:2.70e-01 (1.20e+00 1.21e+00 | 6.84e-01 6.74e-01)	5.261943e+00 5.213179e+00 : 7.482230e-01
2628(1001) (2.82e+00 2.70e+00) XE:2.70e-01 (1.20e+00 1.21e+00 | 6.72e-01 6.74e-01)	5.262453e+00 5.213333e+00 : 7.482704e-01
2640(986) (2.95e+00 2.70e+00) XE:2.70e-01 (1.22e+00 1.21e+00 | 6.90e-01 6.74e-01)	5.262054e+00 5.213644e+00 : 7.482641e-01
2653(1004) (2.47e+00 2.70e+00) XE:2.70e-01 (1.23e+00 1.21e+00 | 6.94e-01 6.74e-01)	5.261361e+00 5.212749e+00 : 7.481507e-01
2666(993) (2.74e+00 2.70e+00) XE:2.70e-01 (1.19e+00 1.21e+00 | 6.46e-01 6.74e-01)	5.260847e+00 5.211804e+00 : 7.480465e-01
2679(996) (2.60e+00 2.70e+00) XE:2.70e-01 (1.19e+00 1.21e+00 | 6.24e-01 6.74e-01)	5.260577e+00 5.211482e+00 : 7.480042e-01
2692(1001) (2.65e+00 2.70e+00) XE:2.70e-01 (1.17e+00 1.21e+00 | 7.06e-01 6.74e-01)	5.259931e+00 5.210895e+00 : 7.479161e-01
2704(1003) (2.58e+00 2.70e+00) XE:2.70e-01 (1.20e+00 1.21e+00 | 6.34e-01 6.74e-01)	5.259617e+00 5.210378e+00 : 7.478568e-01
2717(998) (2.62e+00 2.70e+00) XE:2.70e-01 (1.18e+00 1.21e+00 | 6.64e-01 6.74e-01)	5.259629e+00 5.209952e+00 : 7.478272e-01
2730(996) (2.45e+00 2.70e+00) XE:2.70e-01 (1.19e+00 1.21e+00 | 7.16e-01 6.74e-01)	5.259703e+00 5.210410e+00 : 7.478652e-01
2743(994) (2.88e+00 2.70e+00) XE:2.70e-01 (1.22e+00 1.21e+00 | 6.70e-01 6.74e-01)	5.260043e+00 5.210169e+00 : 7.478723e-01
2756(998) (2.67e+00 2.70e+00) XE:2.70e-01 (1.22e+00 1.21e+00 | 7.31e-01 6.74e-01)	5.259563e+00 5.209883e+00 : 7.478176e-01
2769(991) (2.53e+00 2.70e+00) XE:2.70e-01 (1.21e+00 1.21e+00 | 6.78e-01 6.74e-01)	5.259356e+00 5.209516e+00 : 7.477766e-01
2782(1012) (2.69e+00 2.70e+00) XE:2.70e-01 (1.21e+00 1.21e+00 | 6.88e-01 6.74e-01)	5.258454e+00 5.208367e+00 : 7.476301e-01
2794(980) (3.87e+00 2.70e+00) XE:2.70e-01 (1.23e+00 1.21e+00 | 6.74e-01 6.74e-01)	5.257042e+00 5.206713e+00 : 7.474111e-01
2807(990) (2.93e+00 2.70e+00) XE:2.70e-01 (1.21e+00 1.21e+00 | 6.32e-01 6.74e-01)	5.256156e+00 5.206058e+00 : 7.473010e-01
2820(1004) (2.63e+00 2.70e+00) XE:2.70e-01 (1.21e+00 1.21e+00 | 6.38e-01 6.74e-01)	5.255619e+00 5.205065e+00 : 7.471917e-01
2833(994) (2.42e+00 2.70e+00) XE:2.70e-01 (1.20e+00 1.21e+00 | 6.48e-01 6.74e-01)	5.255399e+00 5.204924e+00 : 7.471659e-01
2846(1028) (2.40e+00 2.70e+00) XE:2.70e-01 (1.18e+00 1.21e+00 | 5.93e-01 6.74e-01)	5.255469e+00 5.205231e+00 : 7.471929e-01
2858(1017) (2.28e+00 2.70e+00) XE:2.70e-01 (1.24e+00 1.21e+00 | 7.23e-01 6.74e-01)	5.255286e+00 5.205182e+00 : 7.471763e-01
2871(976) (3.10e+00 2.70e+00) XE:2.70e-01 (1.20e+00 1.21e+00 | 7.37e-01 6.74e-01)	5.253074e+00 5.203305e+00 : 7.468842e-01
2884(983) (2.45e+00 2.70e+00) XE:2.70e-01 (1.25e+00 1.21e+00 | 6.50e-01 6.74e-01)	5.251782e+00 5.201470e+00 : 7.466609e-01
2897(996) (2.80e+00 2.70e+00) XE:2.70e-01 (1.21e+00 1.21e+00 | 6.80e-01 6.74e-01)	5.252164e+00 5.201530e+00 : 7.466924e-01
2910(1008) (2.44e+00 2.70e+00) XE:2.70e-01 (1.19e+00 1.21e+00 | 6.64e-01 6.74e-01)	5.252155e+00 5.201512e+00 : 7.466905e-01
2923(1000) (2.79e+00 2.70e+00) XE:2.70e-01 (1.23e+00 1.21e+00 | 7.08e-01 6.74e-01)	5.252137e+00 5.201626e+00 : 7.466974e-01
2935(993) (2.40e+00 2.70e+00) XE:2.70e-01 (1.19e+00 1.21e+00 | 6.58e-01 6.74e-01)	5.251991e+00 5.201117e+00 : 7.466505e-01
2948(994) (3.20e+00 2.70e+00) XE:2.70e-01 (1.20e+00 1.21e+00 | 6.18e-01 6.74e-01)	5.251747e+00 5.200886e+00 : 7.466166e-01
2961(1002) (2.17e+00 2.70e+00) XE:2.70e-01 (1.23e+00 1.21e+00 | 7.16e-01 6.74e-01)	5.251648e+00 5.200418e+00 : 7.465761e-01
2974(1003) (2.39e+00 2.70e+00) XE:2.70e-01 (1.19e+00 1.21e+00 | 6.68e-01 6.74e-01)	5.248722e+00 5.197881e+00 : 7.461860e-01
2987(977) (2.65e+00 2.70e+00) XE:2.70e-01 (1.20e+00 1.21e+00 | 6.90e-01 6.74e-01)	5.249019e+00 5.198480e+00 : 7.462499e-01
2999(1008) (2.44e+00 2.70e+00) XE:2.70e-01 (1.20e+00 1.21e+00 | 6.12e-01 6.74e-01)	5.249557e+00 5.198218e+00 : 7.462696e-01
3012(1011) (2.97e+00 2.70e+00) XE:2.70e-01 (1.22e+00 1.21e+00 | 7.83e-01 6.74e-01)	5.249366e+00 5.198581e+00 : 7.462819e-01
3025(989) (2.50e+00 2.70e+00) XE:2.70e-01 (1.21e+00 1.21e+00 | 6.24e-01 6.74e-01)	5.249172e+00 5.198759e+00 : 7.462808e-01
3038(1009) (2.80e+00 2.70e+00) XE:2.70e-01 (1.22e+00 1.21e+00 | 6.70e-01 6.74e-01)	5.248960e+00 5.198479e+00 : 7.462457e-01
3051(989) (2.40e+00 2.70e+00) XE:2.70e-01 (1.22e+00 1.21e+00 | 7.47e-01 6.74e-01)	5.247870e+00 5.197093e+00 : 7.460688e-01
3063(1004) (2.43e+00 2.70e+00) XE:2.70e-01 (1.20e+00 1.21e+00 | 6.84e-01 6.74e-01)	5.247358e+00 5.196322e+00 : 7.459771e-01
3076(1011) (2.24e+00 2.70e+00) XE:2.70e-01 (1.22e+00 1.21e+00 | 6.88e-01 6.74e-01)	5.247428e+00 5.196077e+00 : 7.459646e-01
3089(999) (2.81e+00 2.70e+00) XE:2.70e-01 (1.20e+00 1.21e+00 | 6.30e-01 6.74e-01)	5.245173e+00 5.193988e+00 : 7.456543e-01
3102(978) (2.90e+00 2.70e+00) XE:2.70e-01 (1.21e+00 1.21e+00 | 7.35e-01 6.74e-01)	5.245685e+00 5.194608e+00 : 7.457352e-01
3115(1016) (2.66e+00 2.70e+00) XE:2.70e-01 (1.21e+00 1.21e+00 | 6.44e-01 6.74e-01)	5.245271e+00 5.194384e+00 : 7.456896e-01
3128(983) (2.84e+00 2.70e+00) XE:2.70e-01 (1.21e+00 1.21e+00 | 7.10e-01 6.74e-01)	5.245390e+00 5.194213e+00 : 7.456860e-01
3140(986) (2.46e+00 2.70e+00) XE:2.70e-01 (1.18e+00 1.21e+00 | 7.16e-01 6.74e-01)	5.244877e+00 5.193944e+00 : 7.456301e-01
3153(1001) (2.17e+00 2.70e+00) XE:2.70e-01 (1.22e+00 1.21e+00 | 6.40e-01 6.74e-01)	5.244505e+00 5.193693e+00 : 7.455856e-01
3166(995) (2.51e+00 2.70e+00) XE:2.70e-01 (1.23e+00 1.21e+00 | 7.57e-01 6.74e-01)	5.244561e+00 5.194133e+00 : 7.456210e-01
3179(993) (2.69e+00 2.70e+00) XE:2.70e-01 (1.22e+00 1.21e+00 | 7.16e-01 6.74e-01)	5.244903e+00 5.193953e+00 : 7.456326e-01
3192(1017) (2.50e+00 2.70e+00) XE:2.70e-01 (1.21e+00 1.21e+00 | 6.56e-01 6.74e-01)	5.244497e+00 5.194008e+00 : 7.456075e-01
3204(1011) (2.01e+00 2.70e+00) XE:2.70e-01 (1.23e+00 1.21e+00 | 7.12e-01 6.74e-01)	5.244489e+00 5.193965e+00 : 7.456039e-01
3217(1000) (2.54e+00 2.70e+00) XE:2.70e-01 (1.18e+00 1.21e+00 | 6.44e-01 6.74e-01)	5.244705e+00 5.194091e+00 : 7.456283e-01
3230(1003) (2.42e+00 2.70e+00) XE:2.70e-01 (1.19e+00 1.21e+00 | 6.05e-01 6.74e-01)	5.243768e+00 5.192452e+00 : 7.454443e-01
3243(992) (2.48e+00 2.70e+00) XE:2.70e-01 (1.21e+00 1.21e+00 | 7.00e-01 6.74e-01)	5.242833e+00 5.191877e+00 : 7.453365e-01
3256(992) (2.43e+00 2.70e+00) XE:2.70e-01 (1.23e+00 1.21e+00 | 7.29e-01 6.75e-01)	5.243289e+00 5.191565e+00 : 7.453467e-01
3269(1012) (2.60e+00 2.70e+00) XE:2.70e-01 (1.23e+00 1.21e+00 | 6.86e-01 6.75e-01)	5.242543e+00 5.191302e+00 : 7.452747e-01
3281(1025) (1.81e+00 2.70e+00) XE:2.70e-01 (1.23e+00 1.21e+00 | 6.70e-01 6.75e-01)	5.243051e+00 5.191474e+00 : 7.453232e-01
3294(1014) (2.20e+00 2.70e+00) XE:2.70e-01 (1.21e+00 1.21e+00 | 6.80e-01 6.75e-01)	5.242953e+00 5.191299e+00 : 7.453037e-01
3307(1004) (3.00e+00 2.70e+00) XE:2.70e-01 (1.21e+00 1.21e+00 | 6.58e-01 6.75e-01)	5.242434e+00 5.190836e+00 : 7.452336e-01
3320(997) (3.11e+00 2.70e+00) XE:2.70e-01 (1.20e+00 1.21e+00 | 7.16e-01 6.75e-01)	5.242464e+00 5.190319e+00 : 7.451988e-01
3333(1006) (2.58e+00 2.70e+00) XE:2.70e-01 (1.21e+00 1.21e+00 | 7.23e-01 6.75e-01)	5.241615e+00 5.189186e+00 : 7.450572e-01
3345(1004) (3.27e+00 2.70e+00) XE:2.70e-01 (1.21e+00 1.21e+00 | 6.58e-01 6.75e-01)	5.241171e+00 5.188173e+00 : 7.449532e-01
3358(1004) (3.16e+00 2.70e+00) XE:2.70e-01 (1.19e+00 1.21e+00 | 7.31e-01 6.75e-01)	5.238902e+00 5.186174e+00 : 7.446483e-01
3371(997) (3.10e+00 2.70e+00) XE:2.70e-01 (1.22e+00 1.21e+00 | 6.28e-01 6.75e-01)	5.238788e+00 5.185792e+00 : 7.446129e-01
3384(993) (2.27e+00 2.70e+00) XE:2.70e-01 (1.19e+00 1.21e+00 | 6.18e-01 6.75e-01)	5.238125e+00 5.185728e+00 : 7.445609e-01
3397(1015) (2.52e+00 2.70e+00) XE:2.70e-01 (1.23e+00 1.21e+00 | 6.32e-01 6.75e-01)	5.238400e+00 5.185903e+00 : 7.445931e-01
3409(1005) (2.24e+00 2.70e+00) XE:2.70e-01 (1.20e+00 1.21e+00 | 6.36e-01 6.75e-01)	5.238583e+00 5.186167e+00 : 7.446250e-01
3422(1007) (3.67e+00 2.70e+00) XE:2.70e-01 (1.20e+00 1.21e+00 | 6.48e-01 6.75e-01)	5.236439e+00 5.183926e+00 : 7.443118e-01
3435(1012) (2.22e+00 2.70e+00) XE:2.70e-01 (1.22e+00 1.21e+00 | 6.58e-01 6.75e-01)	5.236068e+00 5.183793e+00 : 7.442758e-01
3448(1006) (2.70e+00 2.70e+00) XE:2.70e-01 (1.22e+00 1.21e+00 | 6.84e-01 6.75e-01)	5.236055e+00 5.183645e+00 : 7.442643e-01
3461(990) (2.72e+00 2.70e+00) XE:2.70e-01 (1.21e+00 1.21e+00 | 6.84e-01 6.75e-01)	5.236006e+00 5.183281e+00 : 7.442348e-01
3473(996) (3.08e+00 2.70e+00) XE:2.70e-01 (1.22e+00 1.21e+00 | 6.22e-01 6.75e-01)	5.235859e+00 5.183215e+00 : 7.442196e-01
3486(1007) (3.97e+00 2.70e+00) XE:2.70e-01 (1.25e+00 1.21e+00 | 6.28e-01 6.75e-01)	5.234989e+00 5.182275e+00 : 7.440903e-01
3499(979) (2.14e+00 2.70e+00) XE:2.70e-01 (1.21e+00 1.21e+00 | 6.48e-01 6.75e-01)	5.235233e+00 5.182121e+00 : 7.440967e-01
3512(1004) (3.32e+00 2.70e+00) XE:2.70e-01 (1.20e+00 1.21e+00 | 6.72e-01 6.75e-01)	5.235287e+00 5.182036e+00 : 7.440945e-01
3525(984) (2.83e+00 2.70e+00) XE:2.70e-01 (1.22e+00 1.21e+00 | 7.27e-01 6.75e-01)	5.235474e+00 5.182426e+00 : 7.441358e-01
3537(997) (2.24e+00 2.70e+00) XE:2.70e-01 (1.19e+00 1.21e+00 | 6.60e-01 6.75e-01)	5.235093e+00 5.182382e+00 : 7.441054e-01
3550(991) (2.89e+00 2.70e+00) XE:2.70e-01 (1.24e+00 1.21e+00 | 7.20e-01 6.75e-01)	5.235050e+00 5.182351e+00 : 7.441001e-01
3563(987) (2.55e+00 2.70e+00) XE:2.70e-01 (1.19e+00 1.21e+00 | 6.68e-01 6.75e-01)	5.235434e+00 5.182498e+00 : 7.441380e-01
3576(1003) (2.74e+00 2.70e+00) XE:2.70e-01 (1.22e+00 1.21e+00 | 6.82e-01 6.75e-01)	5.235093e+00 5.182301e+00 : 7.440996e-01
3589(991) (2.93e+00 2.70e+00) XE:2.70e-01 (1.20e+00 1.21e+00 | 7.25e-01 6.75e-01)	5.234672e+00 5.182092e+00 : 7.440546e-01
3601(1013) (2.13e+00 2.70e+00) XE:2.70e-01 (1.21e+00 1.21e+00 | 6.56e-01 6.75e-01)	5.235187e+00 5.182102e+00 : 7.440920e-01
3614(988) (2.80e+00 2.70e+00) XE:2.70e-01 (1.21e+00 1.21e+00 | 6.84e-01 6.75e-01)	5.234665e+00 5.181930e+00 : 7.440425e-01
3627(991) (2.93e+00 2.70e+00) XE:2.70e-01 (1.19e+00 1.21e+00 | 6.34e-01 6.75e-01)	5.234915e+00 5.181912e+00 : 7.440591e-01
3640(1010) (1.92e+00 2.70e+00) XE:2.70e-01 (1.22e+00 1.21e+00 | 6.68e-01 6.75e-01)	5.234764e+00 5.182097e+00 : 7.440615e-01
3653(1014) (2.42e+00 2.70e+00) XE:2.70e-01 (1.21e+00 1.21e+00 | 6.32e-01 6.75e-01)	5.234075e+00 5.181492e+00 : 7.439691e-01
3666(994) (3.05e+00 2.70e+00) XE:2.70e-01 (1.23e+00 1.21e+00 | 6.84e-01 6.75e-01)	5.233776e+00 5.181707e+00 : 7.439631e-01
3678(1006) (2.60e+00 2.70e+00) XE:2.70e-01 (1.19e+00 1.21e+00 | 6.96e-01 6.75e-01)	5.233192e+00 5.181306e+00 : 7.438928e-01
3691(996) (2.58e+00 2.70e+00) XE:2.70e-01 (1.24e+00 1.21e+00 | 7.02e-01 6.75e-01)	5.232143e+00 5.179841e+00 : 7.437131e-01
3704(998) (2.79e+00 2.70e+00) XE:2.70e-01 (1.23e+00 1.21e+00 | 7.89e-01 6.75e-01)	5.232533e+00 5.180029e+00 : 7.437544e-01
3717(1008) (2.57e+00 2.70e+00) XE:2.70e-01 (1.22e+00 1.21e+00 | 6.76e-01 6.75e-01)	5.232806e+00 5.180044e+00 : 7.437749e-01
3730(1002) (2.60e+00 2.70e+00) XE:2.70e-01 (1.26e+00 1.21e+00 | 7.49e-01 6.75e-01)	5.232638e+00 5.179806e+00 : 7.437460e-01
3742(1008) (2.66e+00 2.70e+00) XE:2.70e-01 (1.18e+00 1.21e+00 | 6.64e-01 6.75e-01)	5.231995e+00 5.178856e+00 : 7.436322e-01
3755(1010) (2.61e+00 2.70e+00) XE:2.70e-01 (1.20e+00 1.21e+00 | 6.50e-01 6.75e-01)	5.231921e+00 5.178671e+00 : 7.436138e-01
3768(990) (2.28e+00 2.70e+00) XE:2.70e-01 (1.20e+00 1.21e+00 | 6.48e-01 6.75e-01)	5.231829e+00 5.178597e+00 : 7.436018e-01
3781(979) (2.87e+00 2.70e+00) XE:2.70e-01 (1.22e+00 1.21e+00 | 6.68e-01 6.75e-01)	5.230695e+00 5.177616e+00 : 7.434508e-01
3793(1006) (2.60e+00 2.70e+00) XE:2.70e-01 (1.17e+00 1.21e+00 | 6.72e-01 6.75e-01)	5.230553e+00 5.177431e+00 : 7.434274e-01
3806(1008) (2.67e+00 2.70e+00) XE:2.70e-01 (1.21e+00 1.21e+00 | 7.31e-01 6.75e-01)	5.230168e+00 5.177007e+00 : 7.433697e-01
3819(991) (2.82e+00 2.70e+00) XE:2.70e-01 (1.20e+00 1.21e+00 | 7.00e-01 6.75e-01)	5.230122e+00 5.177142e+00 : 7.433760e-01
3832(999) (2.73e+00 2.70e+00) XE:2.70e-01 (1.20e+00 1.21e+00 | 6.62e-01 6.75e-01)	5.230409e+00 5.176476e+00 : 7.433489e-01
3845(1010) (2.57e+00 2.70e+00) XE:2.70e-01 (1.19e+00 1.21e+00 | 6.48e-01 6.75e-01)	5.230648e+00 5.176868e+00 : 7.433940e-01
3858(1001) (2.41e+00 2.70e+00) XE:2.70e-01 (1.20e+00 1.21e+00 | 7.20e-01 6.75e-01)	5.230503e+00 5.177055e+00 : 7.433970e-01
3870(1008) (2.69e+00 2.70e+00) XE:2.70e-01 (1.20e+00 1.21e+00 | 6.34e-01 6.75e-01)	5.230510e+00 5.177246e+00 : 7.434112e-01
3883(1012) (2.55e+00 2.70e+00) XE:2.70e-01 (1.24e+00 1.21e+00 | 6.40e-01 6.75e-01)	5.229505e+00 5.176192e+00 : 7.432641e-01
3896(1002) (2.20e+00 2.70e+00) XE:2.70e-01 (1.21e+00 1.21e+00 | 6.46e-01 6.75e-01)	5.229607e+00 5.175921e+00 : 7.432520e-01
3909(997) (3.17e+00 2.70e+00) XE:2.70e-01 (1.24e+00 1.21e+00 | 6.70e-01 6.75e-01)	5.228969e+00 5.175483e+00 : 7.431751e-01
3922(1014) (2.67e+00 2.70e+00) XE:2.70e-01 (1.18e+00 1.21e+00 | 6.40e-01 6.75e-01)	5.228463e+00 5.174869e+00 : 7.430951e-01
3934(1005) (2.82e+00 2.70e+00) XE:2.70e-01 (1.20e+00 1.21e+00 | 6.74e-01 6.75e-01)	5.228525e+00 5.174910e+00 : 7.431025e-01
3947(1013) (2.92e+00 2.70e+00) XE:2.70e-01 (1.23e+00 1.21e+00 | 7.12e-01 6.75e-01)	5.228757e+00 5.174908e+00 : 7.431189e-01
3960(1016) (2.18e+00 2.70e+00) XE:2.70e-01 (1.19e+00 1.21e+00 | 6.30e-01 6.75e-01)	5.228718e+00 5.174587e+00 : 7.430932e-01
3973(993) (2.48e+00 2.70e+00) XE:2.70e-01 (1.22e+00 1.21e+00 | 6.46e-01 6.75e-01)	5.228347e+00 5.174259e+00 : 7.430433e-01
3986(997) (2.53e+00 2.70e+00) XE:2.70e-01 (1.20e+00 1.21e+00 | 6.86e-01 6.75e-01)	5.228519e+00 5.174482e+00 : 7.430715e-01
3999(987) (2.48e+00 2.70e+00) XE:2.70e-01 (1.18e+00 1.21e+00 | 6.52e-01 6.75e-01)	5.228792e+00 5.174684e+00 : 7.431054e-01
4011(1000) (3.04e+00 2.70e+00) XE:2.70e-01 (1.21e+00 1.21e+00 | 6.70e-01 6.75e-01)	5.228007e+00 5.173819e+00 : 7.429875e-01
4024(1010) (2.77e+00 2.70e+00) XE:2.70e-01 (1.22e+00 1.21e+00 | 6.30e-01 6.75e-01)	5.228260e+00 5.173867e+00 : 7.430090e-01
4037(1008) (2.49e+00 2.70e+00) XE:2.70e-01 (1.20e+00 1.21e+00 | 6.70e-01 6.75e-01)	5.228751e+00 5.174042e+00 : 7.430567e-01
4050(1010) (2.95e+00 2.70e+00) XE:2.70e-01 (1.23e+00 1.21e+00 | 7.20e-01 6.75e-01)	5.228015e+00 5.173766e+00 : 7.429843e-01
4063(1008) (2.36e+00 2.70e+00) XE:2.70e-01 (1.22e+00 1.21e+00 | 6.58e-01 6.75e-01)	5.226916e+00 5.172665e+00 : 7.428272e-01
4075(1006) (2.20e+00 2.70e+00) XE:2.70e-01 (1.22e+00 1.21e+00 | 7.16e-01 6.75e-01)	5.226038e+00 5.171435e+00 : 7.426766e-01
4088(990) (2.72e+00 2.70e+00) XE:2.70e-01 (1.21e+00 1.21e+00 | 6.28e-01 6.75e-01)	5.225179e+00 5.170751e+00 : 7.425664e-01
4101(1006) (2.35e+00 2.70e+00) XE:2.70e-01 (1.22e+00 1.21e+00 | 6.82e-01 6.75e-01)	5.225783e+00 5.171040e+00 : 7.426302e-01
4114(990) (2.62e+00 2.70e+00) XE:2.70e-01 (1.21e+00 1.21e+00 | 6.74e-01 6.75e-01)	5.224975e+00 5.170080e+00 : 7.425039e-01
4127(1006) (2.37e+00 2.70e+00) XE:2.70e-01 (1.18e+00 1.21e+00 | 6.62e-01 6.75e-01)	5.225429e+00 5.170504e+00 : 7.425666e-01
4139(997) (2.33e+00 2.70e+00) XE:2.70e-01 (1.23e+00 1.21e+00 | 6.30e-01 6.75e-01)	5.225390e+00 5.170727e+00 : 7.425798e-01
4152(996) (2.92e+00 2.70e+00) XE:2.70e-01 (1.23e+00 1.21e+00 | 6.44e-01 6.75e-01)	5.225891e+00 5.170929e+00 : 7.426300e-01
4165(995) (2.51e+00 2.70e+00) XE:2.70e-01 (1.24e+00 1.21e+00 | 6.74e-01 6.75e-01)	5.226257e+00 5.170959e+00 : 7.426583e-01
4178(1003) (2.58e+00 2.70e+00) XE:2.70e-01 (1.21e+00 1.21e+00 | 6.72e-01 6.75e-01)	5.225287e+00 5.169838e+00 : 7.425089e-01
4191(1006) (3.05e+00 2.70e+00) XE:2.70e-01 (1.23e+00 1.21e+00 | 7.16e-01 6.75e-01)	5.225491e+00 5.170107e+00 : 7.425427e-01
4203(995) (2.53e+00 2.70e+00) XE:2.70e-01 (1.21e+00 1.21e+00 | 7.18e-01 6.75e-01)	5.225620e+00 5.170463e+00 : 7.425774e-01
4216(1006) (2.17e+00 2.70e+00) XE:2.70e-01 (1.18e+00 1.21e+00 | 6.36e-01 6.75e-01)	5.225971e+00 5.170424e+00 : 7.425996e-01
4229(981) (2.87e+00 2.70e+00) XE:2.70e-01 (1.22e+00 1.21e+00 | 7.18e-01 6.75e-01)	5.226208e+00 5.170328e+00 : 7.426097e-01
4242(981) (2.95e+00 2.70e+00) XE:2.70e-01 (1.21e+00 1.21e+00 | 7.53e-01 6.75e-01)	5.225372e+00 5.169463e+00 : 7.424882e-01
4255(991) (2.86e+00 2.70e+00) XE:2.70e-01 (1.22e+00 1.21e+00 | 6.66e-01 6.75e-01)	5.224886e+00 5.168933e+00 : 7.424156e-01
4267(1008) (2.88e+00 2.70e+00) XE:2.70e-01 (1.23e+00 1.21e+00 | 6.48e-01 6.75e-01)	5.224610e+00 5.169090e+00 : 7.424071e-01
4280(1005) (2.07e+00 2.70e+00) XE:2.70e-01 (1.24e+00 1.21e+00 | 6.58e-01 6.75e-01)	5.225275e+00 5.169747e+00 : 7.425016e-01
4293(998) (2.43e+00 2.70e+00) XE:2.70e-01 (1.21e+00 1.21e+00 | 7.04e-01 6.75e-01)	5.225380e+00 5.169701e+00 : 7.425057e-01
4306(996) (3.23e+00 2.70e+00) XE:2.70e-01 (1.21e+00 1.21e+00 | 6.68e-01 6.75e-01)	5.225499e+00 5.169942e+00 : 7.425316e-01
4319(1003) (2.90e+00 2.70e+00) XE:2.70e-01 (1.22e+00 1.21e+00 | 6.68e-01 6.75e-01)	5.225511e+00 5.170171e+00 : 7.425487e-01
4331(1009) (3.71e+00 2.70e+00) XE:2.70e-01 (1.20e+00 1.21e+00 | 6.70e-01 6.75e-01)	5.225444e+00 5.170106e+00 : 7.425393e-01
4344(1009) (2.00e+00 2.70e+00) XE:2.70e-01 (1.22e+00 1.21e+00 | 7.23e-01 6.75e-01)	5.225614e+00 5.170295e+00 : 7.425649e-01
4357(1002) (2.64e+00 2.70e+00) XE:2.70e-01 (1.20e+00 1.21e+00 | 6.66e-01 6.75e-01)	5.225597e+00 5.170293e+00 : 7.425636e-01
4370(988) (2.62e+00 2.70e+00) XE:2.70e-01 (1.22e+00 1.21e+00 | 6.54e-01 6.75e-01)	5.225839e+00 5.170910e+00 : 7.426250e-01
4383(1004) (2.80e+00 2.70e+00) XE:2.70e-01 (1.20e+00 1.21e+00 | 6.20e-01 6.75e-01)	5.226066e+00 5.171038e+00 : 7.426503e-01
4396(993) (2.69e+00 2.70e+00) XE:2.70e-01 (1.19e+00 1.21e+00 | 6.44e-01 6.75e-01)	5.225655e+00 5.170787e+00 : 7.426030e-01
4408(986) (2.88e+00 2.70e+00) XE:2.70e-01 (1.21e+00 1.21e+00 | 6.60e-01 6.75e-01)	5.225628e+00 5.170464e+00 : 7.425780e-01
4421(1000) (2.63e+00 2.70e+00) XE:2.70e-01 (1.21e+00 1.21e+00 | 7.14e-01 6.75e-01)	5.225596e+00 5.170352e+00 : 7.425677e-01
4434(1011) (2.64e+00 2.70e+00) XE:2.70e-01 (1.17e+00 1.21e+00 | 6.56e-01 6.75e-01)	5.225575e+00 5.170175e+00 : 7.425536e-01
4447(988) (3.07e+00 2.70e+00) XE:2.70e-01 (1.17e+00 1.21e+00 | 7.02e-01 6.75e-01)	5.225402e+00 5.169961e+00 : 7.425259e-01
4460(1006) (2.70e+00 2.70e+00) XE:2.70e-01 (1.22e+00 1.21e+00 | 6.82e-01 6.75e-01)	5.225647e+00 5.169791e+00 : 7.425313e-01
4472(994) (2.81e+00 2.70e+00) XE:2.70e-01 (1.21e+00 1.21e+00 | 5.87e-01 6.75e-01)	5.224352e+00 5.169127e+00 : 7.423913e-01
4485(1016) (2.57e+00 2.70e+00) XE:2.70e-01 (1.22e+00 1.21e+00 | 6.72e-01 6.75e-01)	5.223036e+00 5.168108e+00 : 7.422246e-01
4498(995) (2.93e+00 2.70e+00) XE:2.70e-01 (1.19e+00 1.21e+00 | 6.30e-01 6.75e-01)	5.222186e+00 5.167093e+00 : 7.420913e-01
4511(1010) (2.55e+00 2.70e+00) XE:2.70e-01 (1.20e+00 1.21e+00 | 6.70e-01 6.75e-01)	5.222345e+00 5.167488e+00 : 7.421309e-01
4524(999) (2.46e+00 2.70e+00) XE:2.70e-01 (1.21e+00 1.21e+00 | 6.94e-01 6.75e-01)	5.222182e+00 5.167477e+00 : 7.421185e-01
4536(1003) (2.59e+00 2.70e+00) XE:2.70e-01 (1.18e+00 1.21e+00 | 6.40e-01 6.75e-01)	5.222247e+00 5.167559e+00 : 7.421290e-01
4549(1000) (2.53e+00 2.70e+00) XE:2.70e-01 (1.22e+00 1.21e+00 | 7.41e-01 6.75e-01)	5.222883e+00 5.168048e+00 : 7.422094e-01
4562(1001) (2.64e+00 2.70e+00) XE:2.70e-01 (1.19e+00 1.21e+00 | 6.86e-01 6.75e-01)	5.222635e+00 5.167880e+00 : 7.421796e-01
4575(1000) (2.13e+00 2.70e+00) XE:2.70e-01 (1.21e+00 1.21e+00 | 5.79e-01 6.75e-01)	5.222564e+00 5.167982e+00 : 7.421818e-01
4588(980) (2.80e+00 2.70e+00) XE:2.70e-01 (1.22e+00 1.21e+00 | 6.92e-01 6.75e-01)	5.220992e+00 5.166476e+00 : 7.419620e-01
4601(1003) (2.45e+00 2.70e+00) XE:2.70e-01 (1.18e+00 1.21e+00 | 6.78e-01 6.75e-01)	5.221180e+00 5.166669e+00 : 7.419892e-01
4613(985) (2.65e+00 2.70e+00) XE:2.70e-01 (1.18e+00 1.21e+00 | 6.32e-01 6.75e-01)	5.220853e+00 5.166646e+00 : 7.419642e-01
4626(986) (2.98e+00 2.70e+00) XE:2.70e-01 (1.22e+00 1.21e+00 | 6.28e-01 6.75e-01)	5.220673e+00 5.166408e+00 : 7.419343e-01
4639(1006) (2.62e+00 2.70e+00) XE:2.70e-01 (1.22e+00 1.21e+00 | 6.76e-01 6.75e-01)	5.219762e+00 5.165500e+00 : 7.418044e-01
4652(999) (3.41e+00 2.70e+00) XE:2.70e-01 (1.21e+00 1.21e+00 | 7.08e-01 6.75e-01)	5.219111e+00 5.164715e+00 : 7.417019e-01
4665(1009) (2.23e+00 2.70e+00) XE:2.70e-01 (1.23e+00 1.21e+00 | 7.10e-01 6.75e-01)	5.218466e+00 5.164156e+00 : 7.416158e-01
4678(1004) (2.43e+00 2.70e+00) XE:2.70e-01 (1.20e+00 1.21e+00 | 7.10e-01 6.75e-01)	5.218540e+00 5.164360e+00 : 7.416357e-01
4690(1009) (2.18e+00 2.70e+00) XE:2.70e-01 (1.21e+00 1.21e+00 | 6.52e-01 6.75e-01)	5.218698e+00 5.164516e+00 : 7.416582e-01
4703(1005) (2.63e+00 2.70e+00) XE:2.70e-01 (1.17e+00 1.21e+00 | 7.00e-01 6.75e-01)	5.219054e+00 5.164853e+00 : 7.417077e-01
4716(985) (3.41e+00 2.70e+00) XE:2.70e-01 (1.21e+00 1.21e+00 | 7.14e-01 6.75e-01)	5.218736e+00 5.164723e+00 : 7.416756e-01
4729(1006) (2.55e+00 2.70e+00) XE:2.70e-01 (1.23e+00 1.21e+00 | 7.23e-01 6.75e-01)	5.218687e+00 5.164885e+00 : 7.416837e-01
4742(1012) (2.48e+00 2.70e+00) XE:2.70e-01 (1.22e+00 1.21e+00 | 7.55e-01 6.75e-01)	5.218984e+00 5.164925e+00 : 7.417078e-01
4754(1020) (2.25e+00 2.70e+00) XE:2.70e-01 (1.17e+00 1.21e+00 | 6.64e-01 6.75e-01)	5.219252e+00 5.165077e+00 : 7.417378e-01
4767(1006) (2.44e+00 2.70e+00) XE:2.70e-01 (1.22e+00 1.21e+00 | 7.00e-01 6.75e-01)	5.219485e+00 5.165153e+00 : 7.417598e-01
4780(994) (2.55e+00 2.69e+00) XE:2.69e-01 (1.21e+00 1.21e+00 | 6.76e-01 6.75e-01)	5.219607e+00 5.165477e+00 : 7.417918e-01
4793(1024) (1.64e+00 2.69e+00) XE:2.69e-01 (1.18e+00 1.21e+00 | 6.40e-01 6.75e-01)	5.219599e+00 5.165541e+00 : 7.417957e-01
4806(1009) (2.68e+00 2.69e+00) XE:2.69e-01 (1.22e+00 1.21e+00 | 7.08e-01 6.75e-01)	5.219605e+00 5.165380e+00 : 7.417846e-01
4819(1023) (2.14e+00 2.69e+00) XE:2.69e-01 (1.19e+00 1.21e+00 | 6.32e-01 6.75e-01)	5.219870e+00 5.165780e+00 : 7.418321e-01
4831(980) (3.39e+00 2.69e+00) XE:2.69e-01 (1.22e+00 1.21e+00 | 6.94e-01 6.75e-01)	5.219714e+00 5.165915e+00 : 7.418306e-01
4844(1000) (2.28e+00 2.69e+00) XE:2.69e-01 (1.20e+00 1.21e+00 | 6.50e-01 6.75e-01)	5.218039e+00 5.164397e+00 : 7.416026e-01
4857(984) (2.84e+00 2.69e+00) XE:2.69e-01 (1.21e+00 1.21e+00 | 6.88e-01 6.75e-01)	5.218112e+00 5.164560e+00 : 7.416194e-01
4870(1003) (2.67e+00 2.69e+00) XE:2.69e-01 (1.21e+00 1.21e+00 | 6.70e-01 6.75e-01)	5.218224e+00 5.164579e+00 : 7.416288e-01
4883(995) (2.75e+00 2.69e+00) XE:2.69e-01 (1.22e+00 1.21e+00 | 6.64e-01 6.75e-01)	5.218199e+00 5.164722e+00 : 7.416372e-01
4895(998) (2.13e+00 2.69e+00) XE:2.69e-01 (1.21e+00 1.21e+00 | 6.56e-01 6.75e-01)	5.218541e+00 5.164954e+00 : 7.416782e-01
4908(999) (2.33e+00 2.69e+00) XE:2.69e-01 (1.23e+00 1.21e+00 | 6.48e-01 6.75e-01)	5.218475e+00 5.164762e+00 : 7.416598e-01
4921(1016) (2.32e+00 2.69e+00) XE:2.69e-01 (1.20e+00 1.21e+00 | 6.60e-01 6.75e-01)	5.218489e+00 5.165058e+00 : 7.416820e-01
4934(983) (2.84e+00 2.69e+00) XE:2.69e-01 (1.22e+00 1.21e+00 | 6.80e-01 6.75e-01)	5.218707e+00 5.164988e+00 : 7.416925e-01
4947(1003) (2.02e+00 2.69e+00) XE:2.69e-01 (1.23e+00 1.21e+00 | 6.34e-01 6.75e-01)	5.218377e+00 5.164608e+00 : 7.416418e-01
4960(1014) (2.67e+00 2.69e+00) XE:2.69e-01 (1.18e+00 1.21e+00 | 7.06e-01 6.75e-01)	5.218441e+00 5.164446e+00 : 7.416348e-01
4972(1007) (2.49e+00 2.69e+00) XE:2.69e-01 (1.23e+00 1.21e+00 | 7.29e-01 6.75e-01)	5.218549e+00 5.164904e+00 : 7.416752e-01
4985(992) (3.17e+00 2.69e+00) XE:2.69e-01 (1.20e+00 1.21e+00 | 7.12e-01 6.75e-01)	5.218493e+00 5.164810e+00 : 7.416645e-01
4998(996) (2.74e+00 2.69e+00) XE:2.69e-01 (1.24e+00 1.21e+00 | 8.09e-01 6.75e-01)	5.218359e+00 5.164769e+00 : 7.416520e-01
5011(1003) (2.28e+00 2.69e+00) XE:2.69e-01 (1.19e+00 1.21e+00 | 6.01e-01 6.75e-01)	5.218442e+00 5.164977e+00 : 7.416728e-01
5024(1003) (2.46e+00 2.69e+00) XE:2.69e-01 (1.22e+00 1.21e+00 | 7.25e-01 6.75e-01)	5.218279e+00 5.164656e+00 : 7.416382e-01
5036(1000) (2.79e+00 2.69e+00) XE:2.69e-01 (1.22e+00 1.21e+00 | 7.33e-01 6.75e-01)	5.217057e+00 5.163209e+00 : 7.414476e-01
5049(1002) (2.23e+00 2.69e+00) XE:2.69e-01 (1.21e+00 1.21e+00 | 6.92e-01 6.75e-01)	5.217089e+00 5.163226e+00 : 7.414510e-01
5062(974) (2.98e+00 2.69e+00) XE:2.69e-01 (1.16e+00 1.21e+00 | 6.68e-01 6.75e-01)	5.217098e+00 5.163444e+00 : 7.414672e-01
5075(1000) (2.95e+00 2.69e+00) XE:2.69e-01 (1.19e+00 1.21e+00 | 7.23e-01 6.75e-01)	5.216728e+00 5.163183e+00 : 7.414222e-01
5088(998) (2.84e+00 2.69e+00) XE:2.69e-01 (1.19e+00 1.21e+00 | 7.06e-01 6.75e-01)	5.216669e+00 5.163437e+00 : 7.414361e-01
5100(1007) (2.60e+00 2.69e+00) XE:2.69e-01 (1.24e+00 1.21e+00 | 6.88e-01 6.75e-01)	5.216821e+00 5.163399e+00 : 7.414442e-01
5113(996) (2.67e+00 2.69e+00) XE:2.69e-01 (1.23e+00 1.21e+00 | 6.86e-01 6.75e-01)	5.216932e+00 5.163421e+00 : 7.414538e-01
5126(1004) (2.71e+00 2.69e+00) XE:2.69e-01 (1.23e+00 1.21e+00 | 6.48e-01 6.75e-01)	5.217329e+00 5.163923e+00 : 7.415180e-01
5139(1005) (2.56e+00 2.69e+00) XE:2.69e-01 (1.21e+00 1.21e+00 | 6.01e-01 6.75e-01)	5.217239e+00 5.163787e+00 : 7.415019e-01
5152(1009) (2.69e+00 2.69e+00) XE:2.69e-01 (1.22e+00 1.21e+00 | 7.00e-01 6.75e-01)	5.217765e+00 5.163818e+00 : 7.415416e-01
5164(1004) (2.68e+00 2.69e+00) XE:2.69e-01 (1.23e+00 1.21e+00 | 6.84e-01 6.75e-01)	5.217880e+00 5.163988e+00 : 7.415620e-01
5177(1001) (2.84e+00 2.69e+00) XE:2.69e-01 (1.20e+00 1.21e+00 | 7.10e-01 6.75e-01)	5.217989e+00 5.164106e+00 : 7.415782e-01
5190(987) (3.12e+00 2.69e+00) XE:2.69e-01 (1.21e+00 1.21e+00 | 6.62e-01 6.75e-01)	5.217905e+00 5.163966e+00 : 7.415622e-01
5203(1010) (2.64e+00 2.69e+00) XE:2.69e-01 (1.19e+00 1.21e+00 | 6.60e-01 6.75e-01)	5.218158e+00 5.164250e+00 : 7.416006e-01
5216(1002) (2.35e+00 2.69e+00) XE:2.69e-01 (1.21e+00 1.21e+00 | 6.78e-01 6.75e-01)	5.217862e+00 5.163784e+00 : 7.415461e-01
5229(1001) (2.54e+00 2.69e+00) XE:2.69e-01 (1.24e+00 1.21e+00 | 7.23e-01 6.75e-01)	5.218067e+00 5.163810e+00 : 7.415627e-01
5241(995) (2.51e+00 2.69e+00) XE:2.69e-01 (1.22e+00 1.21e+00 | 6.74e-01 6.75e-01)	5.217940e+00 5.163641e+00 : 7.415415e-01
5254(1007) (2.46e+00 2.69e+00) XE:2.69e-01 (1.19e+00 1.21e+00 | 6.82e-01 6.75e-01)	5.217703e+00 5.163433e+00 : 7.415097e-01
5267(1011) (2.23e+00 2.69e+00) XE:2.69e-01 (1.20e+00 1.21e+00 | 6.66e-01 6.75e-01)	5.217599e+00 5.163096e+00 : 7.414782e-01
5280(975) (3.26e+00 2.69e+00) XE:2.69e-01 (1.19e+00 1.21e+00 | 7.00e-01 6.75e-01)	5.216291e+00 5.161875e+00 : 7.412975e-01
5293(991) (2.43e+00 2.69e+00) XE:2.69e-01 (1.19e+00 1.21e+00 | 7.02e-01 6.75e-01)	5.216265e+00 5.161973e+00 : 7.413027e-01
5305(1031) (2.55e+00 2.69e+00) XE:2.69e-01 (1.19e+00 1.21e+00 | 6.44e-01 6.75e-01)	5.215903e+00 5.161534e+00 : 7.412455e-01
5318(1024) (2.30e+00 2.69e+00) XE:2.69e-01 (1.18e+00 1.21e+00 | 6.44e-01 6.75e-01)	5.215893e+00 5.161604e+00 : 7.412498e-01
5331(1011) (2.76e+00 2.69e+00) XE:2.69e-01 (1.21e+00 1.21e+00 | 6.88e-01 6.75e-01)	5.215830e+00 5.161187e+00 : 7.412155e-01
5344(992) (2.99e+00 2.69e+00) XE:2.69e-01 (1.24e+00 1.21e+00 | 7.59e-01 6.75e-01)	5.215910e+00 5.161168e+00 : 7.412199e-01
5357(1007) (2.40e+00 2.69e+00) XE:2.69e-01 (1.24e+00 1.21e+00 | 7.14e-01 6.75e-01)	5.215883e+00 5.161233e+00 : 7.412226e-01
5369(1021) (2.39e+00 2.69e+00) XE:2.69e-01 (1.21e+00 1.21e+00 | 6.96e-01 6.75e-01)	5.216035e+00 5.161281e+00 : 7.412368e-01
5382(988) (3.10e+00 2.69e+00) XE:2.69e-01 (1.22e+00 1.21e+00 | 6.76e-01 6.75e-01)	5.216164e+00 5.161171e+00 : 7.412382e-01
5395(1001) (2.48e+00 2.69e+00) XE:2.69e-01 (1.21e+00 1.21e+00 | 6.76e-01 6.75e-01)	5.216218e+00 5.161085e+00 : 7.412359e-01
5408(996) (2.45e+00 2.69e+00) XE:2.69e-01 (1.19e+00 1.21e+00 | 6.88e-01 6.75e-01)	5.216414e+00 5.161304e+00 : 7.412656e-01
5421(1008) (2.38e+00 2.69e+00) XE:2.69e-01 (1.22e+00 1.21e+00 | 7.23e-01 6.75e-01)	5.216658e+00 5.161344e+00 : 7.412858e-01
5433(982) (3.12e+00 2.69e+00) XE:2.69e-01 (1.18e+00 1.21e+00 | 5.89e-01 6.75e-01)	5.216149e+00 5.161044e+00 : 7.412280e-01
5446(1002) (2.42e+00 2.69e+00) XE:2.69e-01 (1.19e+00 1.21e+00 | 6.94e-01 6.75e-01)	5.216367e+00 5.161128e+00 : 7.412497e-01
5459(984) (2.77e+00 2.69e+00) XE:2.69e-01 (1.20e+00 1.21e+00 | 7.10e-01 6.75e-01)	5.216310e+00 5.161438e+00 : 7.412677e-01
5472(998) (2.54e+00 2.69e+00) XE:2.69e-01 (1.21e+00 1.21e+00 | 6.48e-01 6.75e-01)	5.215339e+00 5.160499e+00 : 7.411313e-01
5485(995) (3.03e+00 2.69e+00) XE:2.69e-01 (1.20e+00 1.21e+00 | 6.54e-01 6.75e-01)	5.215554e+00 5.160622e+00 : 7.411554e-01
5498(1002) (2.25e+00 2.69e+00) XE:2.69e-01 (1.22e+00 1.21e+00 | 7.27e-01 6.75e-01)	5.215589e+00 5.160841e+00 : 7.411736e-01
5510(996) (2.48e+00 2.69e+00) XE:2.69e-01 (1.18e+00 1.21e+00 | 6.50e-01 6.75e-01)	5.215443e+00 5.161138e+00 : 7.411843e-01
5523(1018) (2.67e+00 2.69e+00) XE:2.69e-01 (1.20e+00 1.21e+00 | 6.70e-01 6.75e-01)	5.215459e+00 5.161453e+00 : 7.412080e-01
5536(1004) (2.78e+00 2.69e+00) XE:2.69e-01 (1.19e+00 1.21e+00 | 6.86e-01 6.75e-01)	5.215888e+00 5.161887e+00 : 7.412696e-01
5549(1004) (2.50e+00 2.69e+00) XE:2.69e-01 (1.20e+00 1.21e+00 | 6.82e-01 6.75e-01)	5.215162e+00 5.161042e+00 : 7.411574e-01
5562(1003) (2.41e+00 2.69e+00) XE:2.69e-01 (1.22e+00 1.21e+00 | 6.22e-01 6.75e-01)	5.215728e+00 5.161397e+00 : 7.412232e-01
5574(1009) (2.42e+00 2.69e+00) XE:2.69e-01 (1.20e+00 1.21e+00 | 7.14e-01 6.75e-01)	5.215617e+00 5.161335e+00 : 7.412109e-01
5587(994) (2.81e+00 2.69e+00) XE:2.69e-01 (1.19e+00 1.21e+00 | 6.20e-01 6.75e-01)	5.215509e+00 5.161268e+00 : 7.411983e-01
5600(1017) (2.24e+00 2.69e+00) XE:2.69e-01 (1.22e+00 1.21e+00 | 6.40e-01 6.75e-01)	5.215474e+00 5.161307e+00 : 7.411986e-01
5613(1008) (2.63e+00 2.69e+00) XE:2.69e-01 (1.20e+00 1.21e+00 | 6.96e-01 6.75e-01)	5.215350e+00 5.161127e+00 : 7.411769e-01
5626(1005) (2.48e+00 2.69e+00) XE:2.69e-01 (1.21e+00 1.21e+00 | 6.80e-01 6.75e-01)	5.215363e+00 5.161139e+00 : 7.411787e-01
5638(1001) (2.96e+00 2.69e+00) XE:2.69e-01 (1.19e+00 1.21e+00 | 6.32e-01 6.75e-01)	5.215416e+00 5.161104e+00 : 7.411800e-01
5651(997) (2.33e+00 2.69e+00) XE:2.69e-01 (1.18e+00 1.21e+00 | 6.16e-01 6.75e-01)	5.215827e+00 5.161341e+00 : 7.412263e-01
5664(1019) (2.11e+00 2.69e+00) XE:2.69e-01 (1.19e+00 1.21e+00 | 6.82e-01 6.75e-01)	5.215799e+00 5.161219e+00 : 7.412156e-01
5677(1011) (2.76e+00 2.69e+00) XE:2.69e-01 (1.18e+00 1.21e+00 | 7.55e-01 6.75e-01)	5.215843e+00 5.161405e+00 : 7.412320e-01
5690(991) (3.78e+00 2.69e+00) XE:2.69e-01 (1.19e+00 1.21e+00 | 5.99e-01 6.75e-01)	5.215896e+00 5.161073e+00 : 7.412121e-01
5703(990) (2.19e+00 2.69e+00) XE:2.69e-01 (1.16e+00 1.21e+00 | 6.48e-01 6.75e-01)	5.215551e+00 5.160926e+00 : 7.411769e-01
5715(992) (2.71e+00 2.69e+00) XE:2.69e-01 (1.21e+00 1.21e+00 | 7.04e-01 6.75e-01)	5.214989e+00 5.160342e+00 : 7.410950e-01
5728(996) (2.80e+00 2.69e+00) XE:2.69e-01 (1.22e+00 1.21e+00 | 6.36e-01 6.75e-01)	5.214607e+00 5.160180e+00 : 7.410562e-01
5741(979) (3.50e+00 2.69e+00) XE:2.69e-01 (1.21e+00 1.21e+00 | 6.72e-01 6.75e-01)	5.214111e+00 5.160118e+00 : 7.410163e-01
5754(1008) (2.66e+00 2.69e+00) XE:2.69e-01 (1.20e+00 1.21e+00 | 6.70e-01 6.75e-01)	5.214053e+00 5.160306e+00 : 7.410257e-01
5767(993) (2.57e+00 2.69e+00) XE:2.69e-01 (1.20e+00 1.21e+00 | 6.98e-01 6.75e-01)	5.213759e+00 5.159787e+00 : 7.409676e-01
5780(988) (2.40e+00 2.69e+00) XE:2.69e-01 (1.20e+00 1.21e+00 | 7.45e-01 6.75e-01)	5.214073e+00 5.160105e+00 : 7.410126e-01
5792(1009) (5.54e+00 2.69e+00) XE:2.69e-01 (1.20e+00 1.21e+00 | 6.70e-01 6.75e-01)	5.212853e+00 5.159146e+00 : 7.408571e-01
5805(992) (2.90e+00 2.69e+00) XE:2.69e-01 (1.23e+00 1.21e+00 | 7.04e-01 6.75e-01)	5.213002e+00 5.159448e+00 : 7.408893e-01
5818(989) (2.67e+00 2.69e+00) XE:2.69e-01 (1.19e+00 1.21e+00 | 6.32e-01 6.75e-01)	5.213016e+00 5.159433e+00 : 7.408892e-01
5831(1020) (2.77e+00 2.69e+00) XE:2.69e-01 (1.22e+00 1.21e+00 | 6.88e-01 6.75e-01)	5.212961e+00 5.159409e+00 : 7.408836e-01
5844(1013) (2.50e+00 2.69e+00) XE:2.69e-01 (1.20e+00 1.21e+00 | 6.54e-01 6.75e-01)	5.212918e+00 5.159453e+00 : 7.408837e-01
5856(988) (2.84e+00 2.69e+00) XE:2.69e-01 (1.20e+00 1.21e+00 | 6.50e-01 6.75e-01)	5.212933e+00 5.159322e+00 : 7.408753e-01
5869(1019) (2.17e+00 2.69e+00) XE:2.69e-01 (1.22e+00 1.21e+00 | 7.49e-01 6.75e-01)	5.212803e+00 5.158939e+00 : 7.408387e-01
5882(1008) (2.68e+00 2.69e+00) XE:2.69e-01 (1.20e+00 1.21e+00 | 7.27e-01 6.75e-01)	5.212654e+00 5.158673e+00 : 7.408090e-01
5895(992) (2.86e+00 2.69e+00) XE:2.69e-01 (1.22e+00 1.21e+00 | 7.10e-01 6.76e-01)	5.212691e+00 5.158888e+00 : 7.408271e-01
5908(1020) (2.90e+00 2.69e+00) XE:2.69e-01 (1.22e+00 1.21e+00 | 6.94e-01 6.76e-01)	5.212394e+00 5.158403e+00 : 7.407712e-01
5921(980) (2.79e+00 2.69e+00) XE:2.69e-01 (1.22e+00 1.21e+00 | 6.36e-01 6.75e-01)	5.212566e+00 5.158869e+00 : 7.408168e-01
5933(996) (2.25e+00 2.69e+00) XE:2.69e-01 (1.19e+00 1.21e+00 | 6.80e-01 6.76e-01)	5.212531e+00 5.158891e+00 : 7.408158e-01
5946(1004) (2.54e+00 2.69e+00) XE:2.69e-01 (1.21e+00 1.21e+00 | 6.54e-01 6.75e-01)	5.212381e+00 5.158777e+00 : 7.407970e-01
5959(1006) (2.33e+00 2.69e+00) XE:2.69e-01 (1.22e+00 1.21e+00 | 6.88e-01 6.75e-01)	5.211771e+00 5.158187e+00 : 7.407113e-01
5972(994) (3.29e+00 2.69e+00) XE:2.69e-01 (1.22e+00 1.21e+00 | 6.48e-01 6.75e-01)	5.211570e+00 5.158223e+00 : 7.406995e-01
5985(1009) (2.29e+00 2.69e+00) XE:2.69e-01 (1.21e+00 1.21e+00 | 6.82e-01 6.75e-01)	5.211964e+00 5.158697e+00 : 7.407615e-01
5997(996) (2.38e+00 2.69e+00) XE:2.69e-01 (1.21e+00 1.21e+00 | 6.94e-01 6.75e-01)	5.212096e+00 5.158713e+00 : 7.407720e-01
6010(1007) (2.16e+00 2.69e+00) XE:2.69e-01 (1.20e+00 1.21e+00 | 6.48e-01 6.75e-01)	5.211965e+00 5.158678e+00 : 7.407602e-01
6023(1010) (2.81e+00 2.69e+00) XE:2.69e-01 (1.21e+00 1.21e+00 | 6.18e-01 6.75e-01)	5.211748e+00 5.158483e+00 : 7.407308e-01
6036(996) (2.47e+00 2.69e+00) XE:2.69e-01 (1.18e+00 1.21e+00 | 6.78e-01 6.75e-01)	5.211537e+00 5.158563e+00 : 7.407214e-01
6049(1009) (2.32e+00 2.69e+00) XE:2.69e-01 (1.18e+00 1.21e+00 | 6.32e-01 6.75e-01)	5.211743e+00 5.158583e+00 : 7.407376e-01
6062(998) (3.40e+00 2.69e+00) XE:2.69e-01 (1.23e+00 1.21e+00 | 7.10e-01 6.75e-01)	5.211293e+00 5.158202e+00 : 7.406783e-01
6074(1015) (2.38e+00 2.69e+00) XE:2.69e-01 (1.22e+00 1.21e+00 | 7.39e-01 6.75e-01)	5.211353e+00 5.158025e+00 : 7.406699e-01
6087(996) (1.93e+00 2.69e+00) XE:2.69e-01 (1.24e+00 1.21e+00 | 7.61e-01 6.75e-01)	5.211200e+00 5.157934e+00 : 7.406524e-01
6100(991) (2.79e+00 2.69e+00) XE:2.69e-01 (1.20e+00 1.21e+00 | 5.81e-01 6.75e-01)	5.211049e+00 5.157572e+00 : 7.406158e-01
6113(1003) (2.21e+00 2.69e+00) XE:2.69e-01 (1.22e+00 1.21e+00 | 6.36e-01 6.75e-01)	5.211100e+00 5.157585e+00 : 7.406204e-01
6126(997) (2.62e+00 2.69e+00) XE:2.69e-01 (1.24e+00 1.21e+00 | 7.55e-01 6.75e-01)	5.211266e+00 5.157659e+00 : 7.406375e-01
6139(998) (2.71e+00 2.69e+00) XE:2.69e-01 (1.21e+00 1.21e+00 | 6.72e-01 6.75e-01)	5.210932e+00 5.157232e+00 : 7.405832e-01
6151(1001) (2.80e+00 2.69e+00) XE:2.69e-01 (1.22e+00 1.21e+00 | 7.12e-01 6.75e-01)	5.210143e+00 5.156322e+00 : 7.404618e-01
6164(1003) (2.42e+00 2.69e+00) XE:2.69e-01 (1.20e+00 1.21e+00 | 7.39e-01 6.75e-01)	5.210384e+00 5.156629e+00 : 7.405009e-01
6177(1006) (2.57e+00 2.69e+00) XE:2.69e-01 (1.19e+00 1.21e+00 | 6.38e-01 6.75e-01)	5.210247e+00 5.156352e+00 : 7.404713e-01
6190(997) (2.31e+00 2.69e+00) XE:2.69e-01 (1.19e+00 1.21e+00 | 6.18e-01 6.75e-01)	5.210486e+00 5.156401e+00 : 7.404920e-01
6203(997) (2.12e+00 2.69e+00) XE:2.69e-01 (1.19e+00 1.21e+00 | 7.57e-01 6.75e-01)	5.210482e+00 5.156632e+00 : 7.405082e-01
6215(1001) (2.72e+00 2.69e+00) XE:2.69e-01 (1.19e+00 1.21e+00 | 6.72e-01 6.75e-01)	5.209965e+00 5.155827e+00 : 7.404137e-01
6228(1001) (2.73e+00 2.69e+00) XE:2.69e-01 (1.18e+00 1.21e+00 | 6.80e-01 6.75e-01)	5.209320e+00 5.155164e+00 : 7.403202e-01
6241(1006) (2.84e+00 2.69e+00) XE:2.69e-01 (1.20e+00 1.21e+00 | 6.84e-01 6.75e-01)	5.209107e+00 5.155121e+00 : 7.403020e-01
6254(995) (2.64e+00 2.69e+00) XE:2.69e-01 (1.22e+00 1.21e+00 | 6.50e-01 6.75e-01)	5.208918e+00 5.154876e+00 : 7.402710e-01
6267(1009) (2.70e+00 2.69e+00) XE:2.69e-01 (1.17e+00 1.21e+00 | 6.86e-01 6.75e-01)	5.208601e+00 5.154737e+00 : 7.402384e-01
6279(989) (3.18e+00 2.69e+00) XE:2.69e-01 (1.22e+00 1.21e+00 | 6.78e-01 6.75e-01)	5.208261e+00 5.154362e+00 : 7.401874e-01
6292(988) (2.47e+00 2.69e+00) XE:2.69e-01 (1.21e+00 1.21e+00 | 6.86e-01 6.75e-01)	5.208232e+00 5.154268e+00 : 7.401786e-01
6305(1020) (2.79e+00 2.69e+00) XE:2.69e-01 (1.21e+00 1.21e+00 | 7.02e-01 6.75e-01)	5.208240e+00 5.154371e+00 : 7.401865e-01
6318(996) (2.87e+00 2.69e+00) XE:2.69e-01 (1.24e+00 1.21e+00 | 6.66e-01 6.75e-01)	5.208322e+00 5.154591e+00 : 7.402080e-01
6331(1006) (2.55e+00 2.69e+00) XE:2.69e-01 (1.18e+00 1.21e+00 | 6.50e-01 6.75e-01)	5.208138e+00 5.154197e+00 : 7.401668e-01
6344(992) (2.36e+00 2.69e+00) XE:2.69e-01 (1.23e+00 1.21e+00 | 7.31e-01 6.75e-01)	5.208313e+00 5.154549e+00 : 7.402044e-01
6356(989) (3.03e+00 2.69e+00) XE:2.69e-01 (1.24e+00 1.21e+00 | 7.20e-01 6.75e-01)	5.208243e+00 5.154510e+00 : 7.401966e-01
6369(1009) (2.68e+00 2.69e+00) XE:2.69e-01 (1.17e+00 1.21e+00 | 6.52e-01 6.75e-01)	5.208131e+00 5.154389e+00 : 7.401800e-01
6382(995) (2.77e+00 2.69e+00) XE:2.69e-01 (1.20e+00 1.21e+00 | 6.70e-01 6.75e-01)	5.208116e+00 5.154408e+00 : 7.401803e-01
6395(987) (2.28e+00 2.69e+00) XE:2.69e-01 (1.23e+00 1.21e+00 | 6.46e-01 6.75e-01)	5.208507e+00 5.154701e+00 : 7.402291e-01
6408(981) (2.95e+00 2.69e+00) XE:2.69e-01 (1.20e+00 1.21e+00 | 6.84e-01 6.75e-01)	5.208367e+00 5.154643e+00 : 7.402150e-01
6420(1000) (3.24e+00 2.69e+00) XE:2.69e-01 (1.21e+00 1.21e+00 | 6.58e-01 6.75e-01)	5.208619e+00 5.154532e+00 : 7.402251e-01
6433(994) (2.94e+00 2.69e+00) XE:2.69e-01 (1.19e+00 1.21e+00 | 7.43e-01 6.75e-01)	5.208696e+00 5.154574e+00 : 7.402336e-01
6446(990) (2.78e+00 2.69e+00) XE:2.69e-01 (1.18e+00 1.21e+00 | 6.18e-01 6.75e-01)	5.208801e+00 5.154761e+00 : 7.402544e-01
6459(1016) (2.61e+00 2.69e+00) XE:2.69e-01 (1.19e+00 1.21e+00 | 7.18e-01 6.75e-01)	5.208784e+00 5.154609e+00 : 7.402423e-01
6472(993) (2.78e+00 2.69e+00) XE:2.69e-01 (1.20e+00 1.21e+00 | 6.86e-01 6.75e-01)	5.208909e+00 5.154723e+00 : 7.402594e-01
6484(982) (3.40e+00 2.69e+00) XE:2.69e-01 (1.22e+00 1.21e+00 | 6.76e-01 6.75e-01)	5.207984e+00 5.153714e+00 : 7.401213e-01
6497(1019) (2.43e+00 2.69e+00) XE:2.69e-01 (1.19e+00 1.21e+00 | 6.26e-01 6.75e-01)	5.208210e+00 5.153881e+00 : 7.401494e-01
6510(998) (3.36e+00 2.69e+00) XE:2.69e-01 (1.21e+00 1.21e+00 | 6.80e-01 6.75e-01)	5.207989e+00 5.153863e+00 : 7.401323e-01
6523(1003) (2.18e+00 2.69e+00) XE:2.69e-01 (1.19e+00 1.21e+00 | 6.64e-01 6.75e-01)	5.207863e+00 5.153997e+00 : 7.401328e-01
6536(1004) (2.56e+00 2.69e+00) XE:2.69e-01 (1.20e+00 1.21e+00 | 7.27e-01 6.75e-01)	5.207779e+00 5.154109e+00 : 7.401348e-01
6549(1015) (1.96e+00 2.69e+00) XE:2.69e-01 (1.19e+00 1.21e+00 | 6.68e-01 6.75e-01)	5.207935e+00 5.154267e+00 : 7.401573e-01
6562(1003) (2.67e+00 2.69e+00) XE:2.69e-01 (1.21e+00 1.21e+00 | 6.54e-01 6.75e-01)	5.207998e+00 5.154057e+00 : 7.401468e-01
6574(994) (3.99e+00 2.69e+00) XE:2.69e-01 (1.21e+00 1.21e+00 | 6.42e-01 6.75e-01)	5.207798e+00 5.153738e+00 : 7.401097e-01
6587(1011) (2.49e+00 2.69e+00) XE:2.69e-01 (1.22e+00 1.21e+00 | 6.80e-01 6.75e-01)	5.207777e+00 5.153755e+00 : 7.401094e-01
6600(996) (2.87e+00 2.69e+00) XE:2.69e-01 (1.22e+00 1.21e+00 | 7.29e-01 6.75e-01)	5.207611e+00 5.153599e+00 : 7.400864e-01
6613(1002) (2.04e+00 2.69e+00) XE:2.69e-01 (1.20e+00 1.21e+00 | 7.31e-01 6.75e-01)	5.207700e+00 5.153518e+00 : 7.400870e-01
6626(1013) (2.31e+00 2.69e+00) XE:2.69e-01 (1.20e+00 1.21e+00 | 7.02e-01 6.75e-01)	5.208020e+00 5.153655e+00 : 7.401196e-01
6638(1003) (2.53e+00 2.69e+00) XE:2.69e-01 (1.21e+00 1.21e+00 | 7.04e-01 6.75e-01)	5.208203e+00 5.153843e+00 : 7.401461e-01
6651(991) (2.53e+00 2.69e+00) XE:2.69e-01 (1.20e+00 1.21e+00 | 7.31e-01 6.75e-01)	5.208211e+00 5.154029e+00 : 7.401600e-01
6664(1005) (2.94e+00 2.69e+00) XE:2.69e-01 (1.24e+00 1.21e+00 | 6.58e-01 6.75e-01)	5.207795e+00 5.153634e+00 : 7.401021e-01
6677(997) (2.84e+00 2.69e+00) XE:2.69e-01 (1.22e+00 1.21e+00 | 7.00e-01 6.75e-01)	5.208059e+00 5.153970e+00 : 7.401449e-01
6690(1011) (2.93e+00 2.69e+00) XE:2.69e-01 (1.24e+00 1.21e+00 | 7.14e-01 6.75e-01)	5.207742e+00 5.153723e+00 : 7.401047e-01
6702(991) (2.52e+00 2.69e+00) XE:2.69e-01 (1.24e+00 1.21e+00 | 7.43e-01 6.75e-01)	5.207170e+00 5.153266e+00 : 7.400311e-01
6715(1018) (2.46e+00 2.69e+00) XE:2.69e-01 (1.23e+00 1.21e+00 | 7.10e-01 6.75e-01)	5.207238e+00 5.153367e+00 : 7.400433e-01
6728(1001) (2.53e+00 2.69e+00) XE:2.69e-01 (1.24e+00 1.21e+00 | 6.96e-01 6.75e-01)	5.207086e+00 5.153462e+00 : 7.400392e-01
6741(990) (2.71e+00 2.69e+00) XE:2.69e-01 (1.22e+00 1.21e+00 | 6.64e-01 6.75e-01)	5.207145e+00 5.153647e+00 : 7.400566e-01
6754(998) (2.53e+00 2.69e+00) XE:2.69e-01 (1.20e+00 1.21e+00 | 6.54e-01 6.75e-01)	5.206684e+00 5.153091e+00 : 7.399840e-01
6766(1003) (2.80e+00 2.69e+00) XE:2.69e-01 (1.19e+00 1.21e+00 | 6.26e-01 6.75e-01)	5.206777e+00 5.153047e+00 : 7.399874e-01
6779(1000) (2.68e+00 2.69e+00) XE:2.69e-01 (1.20e+00 1.21e+00 | 6.70e-01 6.75e-01)	5.206615e+00 5.152923e+00 : 7.399670e-01
6792(997) (2.17e+00 2.69e+00) XE:2.69e-01 (1.24e+00 1.21e+00 | 6.64e-01 6.75e-01)	5.206669e+00 5.153129e+00 : 7.399856e-01
6805(1004) (2.17e+00 2.68e+00) XE:2.68e-01 (1.22e+00 1.21e+00 | 6.70e-01 6.75e-01)	5.206907e+00 5.153425e+00 : 7.400237e-01
6818(1022) (2.24e+00 2.68e+00) XE:2.68e-01 (1.20e+00 1.21e+00 | 5.81e-01 6.75e-01)	5.206502e+00 5.153181e+00 : 7.399774e-01
6831(999) (2.63e+00 2.68e+00) XE:2.68e-01 (1.21e+00 1.21e+00 | 6.80e-01 6.75e-01)	5.206544e+00 5.153544e+00 : 7.400063e-01
6843(1009) (2.92e+00 2.69e+00) XE:2.69e-01 (1.19e+00 1.21e+00 | 6.68e-01 6.75e-01)	5.204654e+00 5.151460e+00 : 7.397225e-01
6856(1003) (2.31e+00 2.69e+00) XE:2.69e-01 (1.22e+00 1.21e+00 | 6.86e-01 6.75e-01)	5.204727e+00 5.151376e+00 : 7.397217e-01
6869(1008) (2.92e+00 2.69e+00) XE:2.69e-01 (1.21e+00 1.21e+00 | 6.20e-01 6.75e-01)	5.204724e+00 5.151361e+00 : 7.397203e-01
6882(991) (2.77e+00 2.69e+00) XE:2.69e-01 (1.19e+00 1.21e+00 | 6.94e-01 6.75e-01)	5.204446e+00 5.151391e+00 : 7.397026e-01
6895(996) (2.64e+00 2.69e+00) XE:2.69e-01 (1.20e+00 1.21e+00 | 7.10e-01 6.75e-01)	5.204660e+00 5.151443e+00 : 7.397216e-01
6908(999) (2.71e+00 2.69e+00) XE:2.69e-01 (1.19e+00 1.21e+00 | 6.48e-01 6.75e-01)	5.204668e+00 5.151531e+00 : 7.397285e-01
6920(1005) (2.61e+00 2.69e+00) XE:2.69e-01 (1.21e+00 1.21e+00 | 6.62e-01 6.75e-01)	5.204550e+00 5.151591e+00 : 7.397244e-01
6933(995) (2.75e+00 2.68e+00) XE:2.68e-01 (1.21e+00 1.21e+00 | 6.64e-01 6.75e-01)	5.204610e+00 5.151555e+00 : 7.397261e-01
6946(1006) (2.34e+00 2.69e+00) XE:2.69e-01 (1.20e+00 1.21e+00 | 6.74e-01 6.75e-01)	5.204052e+00 5.150942e+00 : 7.396424e-01
6959(998) (2.92e+00 2.68e+00) XE:2.68e-01 (1.21e+00 1.21e+00 | 6.28e-01 6.75e-01)	5.204189e+00 5.151126e+00 : 7.396654e-01
6972(1006) (2.28e+00 2.68e+00) XE:2.68e-01 (1.21e+00 1.21e+00 | 7.53e-01 6.75e-01)	5.204119e+00 5.151063e+00 : 7.396558e-01
6984(1004) (2.85e+00 2.69e+00) XE:2.69e-01 (1.22e+00 1.21e+00 | 6.56e-01 6.75e-01)	5.204073e+00 5.151008e+00 : 7.396486e-01
6997(999) (2.68e+00 2.68e+00) XE:2.68e-01 (1.22e+00 1.21e+00 | 7.20e-01 6.75e-01)	5.204092e+00 5.151019e+00 : 7.396508e-01
7010(1003) (2.42e+00 2.68e+00) XE:2.68e-01 (1.22e+00 1.21e+00 | 7.08e-01 6.75e-01)	5.204098e+00 5.150971e+00 : 7.396478e-01
7023(1002) (2.35e+00 2.68e+00) XE:2.68e-01 (1.21e+00 1.21e+00 | 7.39e-01 6.75e-01)	5.204382e+00 5.151223e+00 : 7.396861e-01
7036(990) (2.44e+00 2.68e+00) XE:2.68e-01 (1.21e+00 1.21e+00 | 6.78e-01 6.75e-01)	5.204238e+00 5.151217e+00 : 7.396753e-01
7048(993) (2.62e+00 2.68e+00) XE:2.68e-01 (1.19e+00 1.21e+00 | 6.40e-01 6.75e-01)	5.204264e+00 5.151193e+00 : 7.396755e-01
7061(1021) (2.35e+00 2.68e+00) XE:2.68e-01 (1.21e+00 1.21e+00 | 6.30e-01 6.75e-01)	5.204307e+00 5.151088e+00 : 7.396711e-01
7074(1001) (2.06e+00 2.68e+00) XE:2.68e-01 (1.21e+00 1.21e+00 | 6.78e-01 6.75e-01)	5.204411e+00 5.151371e+00 : 7.396987e-01
7087(993) (2.73e+00 2.68e+00) XE:2.68e-01 (1.21e+00 1.21e+00 | 7.16e-01 6.75e-01)	5.204678e+00 5.151758e+00 : 7.397455e-01
7100(1004) (2.31e+00 2.68e+00) XE:2.68e-01 (1.19e+00 1.21e+00 | 6.86e-01 6.75e-01)	5.204891e+00 5.151959e+00 : 7.397749e-01
7112(981) (2.78e+00 2.68e+00) XE:2.68e-01 (1.23e+00 1.21e+00 | 6.76e-01 6.75e-01)	5.204861e+00 5.151671e+00 : 7.397523e-01
7125(1003) (3.24e+00 2.68e+00) XE:2.68e-01 (1.22e+00 1.21e+00 | 6.72e-01 6.75e-01)	5.204899e+00 5.151550e+00 : 7.397464e-01
7138(990) (2.57e+00 2.68e+00) XE:2.68e-01 (1.22e+00 1.21e+00 | 7.65e-01 6.75e-01)	5.204920e+00 5.151748e+00 : 7.397620e-01
7151(1007) (2.28e+00 2.68e+00) XE:2.68e-01 (1.22e+00 1.21e+00 | 7.08e-01 6.75e-01)	5.205104e+00 5.152004e+00 : 7.397935e-01
7164(994) (2.67e+00 2.68e+00) XE:2.68e-01 (1.19e+00 1.21e+00 | 6.46e-01 6.75e-01)	5.204864e+00 5.152050e+00 : 7.397796e-01
7176(1006) (2.54e+00 2.68e+00) XE:2.68e-01 (1.21e+00 1.21e+00 | 7.06e-01 6.75e-01)	5.204813e+00 5.151867e+00 : 7.397629e-01
7189(993) (3.25e+00 2.68e+00) XE:2.68e-01 (1.21e+00 1.21e+00 | 6.22e-01 6.75e-01)	5.204382e+00 5.151605e+00 : 7.397134e-01
7202(986) (2.60e+00 2.68e+00) XE:2.68e-01 (1.21e+00 1.21e+00 | 6.90e-01 6.75e-01)	5.204300e+00 5.151427e+00 : 7.396948e-01
7215(1011) (2.75e+00 2.68e+00) XE:2.68e-01 (1.24e+00 1.21e+00 | 7.43e-01 6.75e-01)	5.204116e+00 5.151353e+00 : 7.396763e-01
7228(989) (3.16e+00 2.68e+00) XE:2.68e-01 (1.19e+00 1.21e+00 | 7.00e-01 6.75e-01)	5.203654e+00 5.151072e+00 : 7.396233e-01
7241(1001) (2.62e+00 2.68e+00) XE:2.68e-01 (1.20e+00 1.21e+00 | 6.86e-01 6.75e-01)	5.203160e+00 5.150251e+00 : 7.395294e-01
7253(993) (2.83e+00 2.68e+00) XE:2.68e-01 (1.21e+00 1.21e+00 | 6.98e-01 6.75e-01)	5.203544e+00 5.150505e+00 : 7.395749e-01
7266(986) (2.83e+00 2.68e+00) XE:2.68e-01 (1.23e+00 1.21e+00 | 7.41e-01 6.75e-01)	5.203579e+00 5.150551e+00 : 7.395807e-01
7279(987) (2.84e+00 2.68e+00) XE:2.68e-01 (1.22e+00 1.21e+00 | 7.10e-01 6.75e-01)	5.203190e+00 5.150418e+00 : 7.395434e-01
7292(1004) (2.98e+00 2.68e+00) XE:2.68e-01 (1.21e+00 1.21e+00 | 7.04e-01 6.75e-01)	5.203280e+00 5.150309e+00 : 7.395421e-01
7305(994) (2.66e+00 2.68e+00) XE:2.68e-01 (1.24e+00 1.21e+00 | 7.35e-01 6.75e-01)	5.203326e+00 5.150388e+00 : 7.395509e-01
7317(1021) (2.25e+00 2.68e+00) XE:2.68e-01 (1.21e+00 1.21e+00 | 6.46e-01 6.75e-01)	5.203294e+00 5.150381e+00 : 7.395482e-01
7330(997) (2.58e+00 2.68e+00) XE:2.68e-01 (1.19e+00 1.21e+00 | 6.52e-01 6.75e-01)	5.203328e+00 5.150366e+00 : 7.395495e-01
7343(994) (3.20e+00 2.68e+00) XE:2.68e-01 (1.23e+00 1.21e+00 | 6.88e-01 6.75e-01)	5.203412e+00 5.150469e+00 : 7.395629e-01
7356(1007) (2.52e+00 2.68e+00) XE:2.68e-01 (1.20e+00 1.21e+00 | 6.88e-01 6.75e-01)	5.203535e+00 5.150494e+00 : 7.395735e-01
7369(1024) (2.19e+00 2.68e+00) XE:2.68e-01 (1.23e+00 1.21e+00 | 6.82e-01 6.75e-01)	5.203570e+00 5.150643e+00 : 7.395866e-01
7381(990) (2.58e+00 2.68e+00) XE:2.68e-01 (1.20e+00 1.21e+00 | 6.20e-01 6.75e-01)	5.203681e+00 5.150812e+00 : 7.396066e-01
7394(1000) (2.75e+00 2.68e+00) XE:2.68e-01 (1.21e+00 1.21e+00 | 6.90e-01 6.75e-01)	5.203677e+00 5.150965e+00 : 7.396173e-01
7407(1008) (3.38e+00 2.68e+00) XE:2.68e-01 (1.21e+00 1.21e+00 | 6.22e-01 6.75e-01)	5.203806e+00 5.150929e+00 : 7.396239e-01
7420(1003) (2.33e+00 2.68e+00) XE:2.68e-01 (1.19e+00 1.21e+00 | 6.42e-01 6.75e-01)	5.203353e+00 5.150388e+00 : 7.395529e-01
7433(1011) (2.60e+00 2.68e+00) XE:2.68e-01 (1.23e+00 1.21e+00 | 6.94e-01 6.75e-01)	5.202610e+00 5.149882e+00 : 7.394637e-01
7445(1000) (2.28e+00 2.68e+00) XE:2.68e-01 (1.22e+00 1.21e+00 | 6.56e-01 6.75e-01)	5.202695e+00 5.149914e+00 : 7.394721e-01
7458(1010) (2.52e+00 2.68e+00) XE:2.68e-01 (1.21e+00 1.21e+00 | 6.32e-01 6.75e-01)	5.202586e+00 5.149816e+00 : 7.394573e-01
7471(985) (2.76e+00 2.68e+00) XE:2.68e-01 (1.18e+00 1.21e+00 | 5.85e-01 6.75e-01)	5.202298e+00 5.149570e+00 : 7.394191e-01
7484(984) (3.09e+00 2.68e+00) XE:2.68e-01 (1.21e+00 1.21e+00 | 7.20e-01 6.75e-01)	5.201765e+00 5.148948e+00 : 7.393367e-01
7497(999) (2.44e+00 2.68e+00) XE:2.68e-01 (1.22e+00 1.21e+00 | 6.14e-01 6.75e-01)	5.201974e+00 5.149094e+00 : 7.393620e-01
7510(996) (2.65e+00 2.68e+00) XE:2.68e-01 (1.21e+00 1.21e+00 | 6.12e-01 6.75e-01)	5.201953e+00 5.148988e+00 : 7.393529e-01
7522(984) (3.29e+00 2.68e+00) XE:2.68e-01 (1.19e+00 1.21e+00 | 6.60e-01 6.75e-01)	5.201631e+00 5.148725e+00 : 7.393112e-01
7535(1016) (4.20e+00 2.68e+00) XE:2.68e-01 (1.21e+00 1.21e+00 | 6.58e-01 6.75e-01)	5.201127e+00 5.148412e+00 : 7.392528e-01
7548(997) (2.65e+00 2.68e+00) XE:2.68e-01 (1.21e+00 1.21e+00 | 6.66e-01 6.75e-01)	5.201389e+00 5.148545e+00 : 7.392809e-01
7561(991) (3.27e+00 2.68e+00) XE:2.68e-01 (1.24e+00 1.21e+00 | 6.98e-01 6.75e-01)	5.201278e+00 5.148705e+00 : 7.392845e-01
7574(1003) (2.30e+00 2.68e+00) XE:2.68e-01 (1.20e+00 1.21e+00 | 7.16e-01 6.75e-01)	5.201314e+00 5.148749e+00 : 7.392903e-01
7586(1007) (2.37e+00 2.68e+00) XE:2.68e-01 (1.24e+00 1.21e+00 | 7.25e-01 6.75e-01)	5.201283e+00 5.148697e+00 : 7.392842e-01
7599(1007) (3.24e+00 2.68e+00) XE:2.68e-01 (1.21e+00 1.21e+00 | 5.59e-01 6.75e-01)	5.201064e+00 5.148361e+00 : 7.392447e-01
7612(1014) (2.39e+00 2.68e+00) XE:2.68e-01 (1.20e+00 1.21e+00 | 7.37e-01 6.75e-01)	5.200562e+00 5.147968e+00 : 7.391807e-01
7625(996) (2.94e+00 2.68e+00) XE:2.68e-01 (1.21e+00 1.21e+00 | 6.84e-01 6.75e-01)	5.200516e+00 5.148025e+00 : 7.391816e-01
7638(993) (2.83e+00 2.68e+00) XE:2.68e-01 (1.21e+00 1.21e+00 | 6.44e-01 6.75e-01)	5.200465e+00 5.148107e+00 : 7.391837e-01
7651(1009) (2.57e+00 2.68e+00) XE:2.68e-01 (1.21e+00 1.21e+00 | 6.88e-01 6.75e-01)	5.200678e+00 5.148073e+00 : 7.391965e-01
7663(994) (2.58e+00 2.68e+00) XE:2.68e-01 (1.24e+00 1.21e+00 | 7.06e-01 6.75e-01)	5.200676e+00 5.148094e+00 : 7.391979e-01
7676(1011) (2.58e+00 2.68e+00) XE:2.68e-01 (1.21e+00 1.21e+00 | 6.44e-01 6.75e-01)	5.200616e+00 5.148246e+00 : 7.392045e-01
7689(991) (2.86e+00 2.68e+00) XE:2.68e-01 (1.22e+00 1.21e+00 | 6.44e-01 6.75e-01)	5.200422e+00 5.148206e+00 : 7.391878e-01
7702(1011) (2.60e+00 2.68e+00) XE:2.68e-01 (1.20e+00 1.21e+00 | 6.34e-01 6.75e-01)	5.200801e+00 5.148506e+00 : 7.392362e-01
7715(986) (2.35e+00 2.68e+00) XE:2.68e-01 (1.23e+00 1.21e+00 | 7.20e-01 6.75e-01)	5.200800e+00 5.148358e+00 : 7.392255e-01
7727(1008) (2.62e+00 2.68e+00) XE:2.68e-01 (1.24e+00 1.21e+00 | 7.10e-01 6.75e-01)	5.200700e+00 5.148353e+00 : 7.392181e-01
7740(984) (3.45e+00 2.68e+00) XE:2.68e-01 (1.20e+00 1.21e+00 | 7.16e-01 6.75e-01)	5.200474e+00 5.148161e+00 : 7.391882e-01
7753(1002) (2.79e+00 2.68e+00) XE:2.68e-01 (1.21e+00 1.21e+00 | 6.88e-01 6.75e-01)	5.200797e+00 5.148391e+00 : 7.392277e-01
7766(1007) (2.73e+00 2.68e+00) XE:2.68e-01 (1.21e+00 1.21e+00 | 7.16e-01 6.75e-01)	5.201107e+00 5.148641e+00 : 7.392678e-01
7779(1007) (2.11e+00 2.68e+00) XE:2.68e-01 (1.22e+00 1.21e+00 | 6.82e-01 6.75e-01)	5.200951e+00 5.148794e+00 : 7.392676e-01
7791(994) (3.09e+00 2.68e+00) XE:2.68e-01 (1.25e+00 1.21e+00 | 6.82e-01 6.75e-01)	5.200936e+00 5.148922e+00 : 7.392756e-01
7804(990) (2.73e+00 2.68e+00) XE:2.68e-01 (1.24e+00 1.21e+00 | 6.70e-01 6.75e-01)	5.200977e+00 5.149102e+00 : 7.392914e-01
7817(998) (2.09e+00 2.68e+00) XE:2.68e-01 (1.20e+00 1.21e+00 | 5.99e-01 6.75e-01)	5.200889e+00 5.149119e+00 : 7.392863e-01
7830(995) (3.01e+00 2.68e+00) XE:2.68e-01 (1.20e+00 1.21e+00 | 7.04e-01 6.75e-01)	5.200854e+00 5.149076e+00 : 7.392807e-01
7843(983) (2.85e+00 2.68e+00) XE:2.68e-01 (1.25e+00 1.21e+00 | 7.53e-01 6.75e-01)	5.200766e+00 5.149212e+00 : 7.392841e-01
7855(1005) (2.49e+00 2.68e+00) XE:2.68e-01 (1.22e+00 1.21e+00 | 6.72e-01 6.75e-01)	5.200974e+00 5.149353e+00 : 7.393091e-01
7868(989) (2.86e+00 2.68e+00) XE:2.68e-01 (1.21e+00 1.21e+00 | 6.88e-01 6.75e-01)	5.201111e+00 5.149442e+00 : 7.393252e-01
7881(1006) (2.29e+00 2.68e+00) XE:2.68e-01 (1.22e+00 1.21e+00 | 6.90e-01 6.75e-01)	5.200997e+00 5.149632e+00 : 7.393307e-01
7894(1026) (2.36e+00 2.68e+00) XE:2.68e-01 (1.20e+00 1.21e+00 | 6.94e-01 6.75e-01)	5.200504e+00 5.148748e+00 : 7.392323e-01
7907(988) (2.31e+00 2.68e+00) XE:2.68e-01 (1.22e+00 1.21e+00 | 7.08e-01 6.75e-01)	5.200299e+00 5.148599e+00 : 7.392070e-01
7919(1014) (2.55e+00 2.68e+00) XE:2.68e-01 (1.23e+00 1.21e+00 | 6.48e-01 6.75e-01)	5.200292e+00 5.148387e+00 : 7.391913e-01
7932(1008) (1.93e+00 2.68e+00) XE:2.68e-01 (1.22e+00 1.21e+00 | 7.08e-01 6.75e-01)	5.200471e+00 5.148328e+00 : 7.391999e-01
7945(1013) (2.38e+00 2.68e+00) XE:2.68e-01 (1.20e+00 1.21e+00 | 6.18e-01 6.75e-01)	5.200776e+00 5.148269e+00 : 7.392175e-01
7958(1006) (2.62e+00 2.68e+00) XE:2.68e-01 (1.17e+00 1.21e+00 | 6.70e-01 6.75e-01)	5.200810e+00 5.148355e+00 : 7.392261e-01
7971(997) (2.88e+00 2.68e+00) XE:2.68e-01 (1.18e+00 1.21e+00 | 6.74e-01 6.75e-01)	5.200743e+00 5.148220e+00 : 7.392117e-01
7983(1004) (3.06e+00 2.68e+00) XE:2.68e-01 (1.22e+00 1.21e+00 | 7.27e-01 6.75e-01)	5.200867e+00 5.148204e+00 : 7.392193e-01
7996(996) (2.31e+00 2.68e+00) XE:2.68e-01 (1.22e+00 1.21e+00 | 7.06e-01 6.75e-01)	5.201123e+00 5.148411e+00 : 7.392525e-01
8009(1005) (3.18e+00 2.68e+00) XE:2.68e-01 (1.21e+00 1.21e+00 | 7.00e-01 6.75e-01)	5.201018e+00 5.148254e+00 : 7.392337e-01
8022(1006) (2.40e+00 2.68e+00) XE:2.68e-01 (1.21e+00 1.21e+00 | 7.02e-01 6.75e-01)	5.201167e+00 5.148355e+00 : 7.392516e-01
8035(1007) (2.17e+00 2.68e+00) XE:2.68e-01 (1.20e+00 1.21e+00 | 6.66e-01 6.75e-01)	5.201269e+00 5.148391e+00 : 7.392615e-01
8048(1010) (3.02e+00 2.68e+00) XE:2.68e-01 (1.19e+00 1.21e+00 | 6.74e-01 6.75e-01)	5.200854e+00 5.147878e+00 : 7.391951e-01
8060(997) (2.63e+00 2.68e+00) XE:2.68e-01 (1.21e+00 1.21e+00 | 6.58e-01 6.75e-01)	5.200456e+00 5.147549e+00 : 7.391432e-01
8073(982) (2.66e+00 2.68e+00) XE:2.68e-01 (1.21e+00 1.21e+00 | 6.80e-01 6.75e-01)	5.200663e+00 5.147446e+00 : 7.391507e-01
8086(986) (3.17e+00 2.68e+00) XE:2.68e-01 (1.22e+00 1.21e+00 | 6.82e-01 6.75e-01)	5.200534e+00 5.147395e+00 : 7.391377e-01
8099(1005) (2.20e+00 2.68e+00) XE:2.68e-01 (1.23e+00 1.21e+00 | 7.16e-01 6.75e-01)	5.200543e+00 5.147547e+00 : 7.391493e-01
8112(1007) (2.04e+00 2.68e+00) XE:2.68e-01 (1.22e+00 1.21e+00 | 6.32e-01 6.75e-01)	5.200454e+00 5.147275e+00 : 7.391235e-01
8124(995) (2.77e+00 2.68e+00) XE:2.68e-01 (1.21e+00 1.21e+00 | 7.16e-01 6.75e-01)	5.200485e+00 5.147237e+00 : 7.391230e-01
8137(982) (2.57e+00 2.68e+00) XE:2.68e-01 (1.22e+00 1.21e+00 | 6.76e-01 6.75e-01)	5.200653e+00 5.147422e+00 : 7.391482e-01
8150(1021) (2.25e+00 2.68e+00) XE:2.68e-01 (1.23e+00 1.21e+00 | 7.29e-01 6.75e-01)	5.200690e+00 5.147532e+00 : 7.391587e-01
8163(988) (3.33e+00 2.68e+00) XE:2.68e-01 (1.18e+00 1.21e+00 | 6.26e-01 6.75e-01)	5.200289e+00 5.147370e+00 : 7.391185e-01
8176(1003) (3.06e+00 2.68e+00) XE:2.68e-01 (1.24e+00 1.21e+00 | 6.94e-01 6.75e-01)	5.199986e+00 5.146902e+00 : 7.390634e-01
8189(1005) (2.03e+00 2.68e+00) XE:2.68e-01 (1.20e+00 1.21e+00 | 7.43e-01 6.75e-01)	5.199958e+00 5.147056e+00 : 7.390724e-01
8201(1006) (2.70e+00 2.68e+00) XE:2.68e-01 (1.21e+00 1.21e+00 | 6.28e-01 6.75e-01)	5.200023e+00 5.146977e+00 : 7.390714e-01
8214(993) (2.61e+00 2.68e+00) XE:2.68e-01 (1.21e+00 1.21e+00 | 6.74e-01 6.75e-01)	5.199997e+00 5.146935e+00 : 7.390666e-01
8227(1010) (2.67e+00 2.68e+00) XE:2.68e-01 (1.22e+00 1.21e+00 | 6.64e-01 6.75e-01)	5.200257e+00 5.146820e+00 : 7.390769e-01
8240(993) (2.58e+00 2.68e+00) XE:2.68e-01 (1.20e+00 1.21e+00 | 6.50e-01 6.75e-01)	5.200464e+00 5.146890e+00 : 7.390967e-01
8253(1002) (2.14e+00 2.68e+00) XE:2.68e-01 (1.25e+00 1.21e+00 | 7.14e-01 6.75e-01)	5.200578e+00 5.146803e+00 : 7.390986e-01
8265(1005) (2.65e+00 2.68e+00) XE:2.68e-01 (1.20e+00 1.21e+00 | 6.18e-01 6.75e-01)	5.200191e+00 5.146359e+00 : 7.390393e-01
8278(1004) (2.93e+00 2.68e+00) XE:2.68e-01 (1.22e+00 1.21e+00 | 7.29e-01 6.75e-01)	5.200160e+00 5.146172e+00 : 7.390238e-01
8291(989) (2.85e+00 2.68e+00) XE:2.68e-01 (1.22e+00 1.21e+00 | 6.16e-01 6.75e-01)	5.199968e+00 5.146193e+00 : 7.390115e-01
8304(990) (2.79e+00 2.68e+00) XE:2.68e-01 (1.19e+00 1.21e+00 | 7.10e-01 6.75e-01)	5.199825e+00 5.146084e+00 : 7.389935e-01
8317(1000) (2.49e+00 2.68e+00) XE:2.68e-01 (1.20e+00 1.21e+00 | 6.48e-01 6.75e-01)	5.199447e+00 5.145584e+00 : 7.389307e-01
8330(1000) (2.68e+00 2.68e+00) XE:2.68e-01 (1.22e+00 1.21e+00 | 6.56e-01 6.75e-01)	5.199679e+00 5.145831e+00 : 7.389650e-01
8342(1009) (2.58e+00 2.68e+00) XE:2.68e-01 (1.18e+00 1.21e+00 | 6.74e-01 6.75e-01)	5.199642e+00 5.145749e+00 : 7.389565e-01
8355(1008) (2.07e+00 2.68e+00) XE:2.68e-01 (1.22e+00 1.21e+00 | 7.00e-01 6.75e-01)	5.199746e+00 5.145944e+00 : 7.389779e-01
8368(984) (4.55e+00 2.68e+00) XE:2.68e-01 (1.20e+00 1.21e+00 | 6.84e-01 6.75e-01)	5.199196e+00 5.145212e+00 : 7.388862e-01
8381(1006) (2.83e+00 2.68e+00) XE:2.68e-01 (1.21e+00 1.21e+00 | 7.27e-01 6.75e-01)	5.199249e+00 5.145296e+00 : 7.388961e-01
8394(1011) (2.35e+00 2.68e+00) XE:2.68e-01 (1.18e+00 1.21e+00 | 6.60e-01 6.75e-01)	5.198587e+00 5.144847e+00 : 7.388167e-01
8406(1008) (2.48e+00 2.68e+00) XE:2.68e-01 (1.19e+00 1.21e+00 | 6.50e-01 6.75e-01)	5.198714e+00 5.144943e+00 : 7.388326e-01
8419(982) (3.03e+00 2.68e+00) XE:2.68e-01 (1.21e+00 1.21e+00 | 6.96e-01 6.75e-01)	5.198523e+00 5.145096e+00 : 7.388299e-01
8432(999) (2.49e+00 2.68e+00) XE:2.68e-01 (1.21e+00 1.21e+00 | 7.51e-01 6.75e-01)	5.198238e+00 5.144880e+00 : 7.387942e-01
8445(997) (2.57e+00 2.68e+00) XE:2.68e-01 (1.22e+00 1.21e+00 | 7.10e-01 6.75e-01)	5.198205e+00 5.144881e+00 : 7.387919e-01
8458(1014) (2.10e+00 2.68e+00) XE:2.68e-01 (1.19e+00 1.21e+00 | 6.46e-01 6.75e-01)	5.198209e+00 5.144996e+00 : 7.388004e-01
8471(1009) (2.47e+00 2.68e+00) XE:2.68e-01 (1.20e+00 1.21e+00 | 6.76e-01 6.75e-01)	5.198359e+00 5.145107e+00 : 7.388190e-01
8483(1001) (2.46e+00 2.68e+00) XE:2.68e-01 (1.22e+00 1.21e+00 | 6.86e-01 6.75e-01)	5.198395e+00 5.145149e+00 : 7.388246e-01
8496(1023) (2.41e+00 2.68e+00) XE:2.68e-01 (1.20e+00 1.21e+00 | 6.38e-01 6.75e-01)	5.198449e+00 5.145486e+00 : 7.388525e-01
8509(1001) (2.36e+00 2.68e+00) XE:2.68e-01 (1.22e+00 1.21e+00 | 7.27e-01 6.75e-01)	5.198402e+00 5.145608e+00 : 7.388578e-01
8522(1018) (2.75e+00 2.68e+00) XE:2.68e-01 (1.19e+00 1.21e+00 | 6.96e-01 6.75e-01)	5.198361e+00 5.145671e+00 : 7.388594e-01
8535(1012) (2.47e+00 2.68e+00) XE:2.68e-01 (1.19e+00 1.21e+00 | 6.66e-01 6.75e-01)	5.198209e+00 5.145452e+00 : 7.388329e-01
8547(992) (2.48e+00 2.68e+00) XE:2.68e-01 (1.20e+00 1.21e+00 | 6.56e-01 6.75e-01)	5.198193e+00 5.145319e+00 : 7.388223e-01
8560(991) (3.86e+00 2.68e+00) XE:2.68e-01 (1.23e+00 1.21e+00 | 6.62e-01 6.75e-01)	5.197761e+00 5.144796e+00 : 7.387541e-01
8573(1006) (2.82e+00 2.68e+00) XE:2.68e-01 (1.19e+00 1.21e+00 | 6.92e-01 6.75e-01)	5.197895e+00 5.144902e+00 : 7.387712e-01
8586(1008) (2.53e+00 2.68e+00) XE:2.68e-01 (1.19e+00 1.21e+00 | 6.62e-01 6.75e-01)	5.197754e+00 5.144812e+00 : 7.387547e-01
8599(1007) (3.45e+00 2.68e+00) XE:2.68e-01 (1.20e+00 1.21e+00 | 6.56e-01 6.75e-01)	5.197809e+00 5.144832e+00 : 7.387600e-01
8611(1012) (2.42e+00 2.68e+00) XE:2.68e-01 (1.22e+00 1.21e+00 | 7.49e-01 6.75e-01)	5.197888e+00 5.144838e+00 : 7.387662e-01
8624(987) (2.50e+00 2.68e+00) XE:2.68e-01 (1.19e+00 1.21e+00 | 5.97e-01 6.75e-01)	5.197826e+00 5.144940e+00 : 7.387690e-01
8637(983) (3.11e+00 2.68e+00) XE:2.68e-01 (1.21e+00 1.21e+00 | 7.37e-01 6.75e-01)	5.197842e+00 5.144881e+00 : 7.387659e-01
8650(991) (3.44e+00 2.68e+00) XE:2.68e-01 (1.20e+00 1.21e+00 | 7.14e-01 6.75e-01)	5.197829e+00 5.144994e+00 : 7.387730e-01
8663(997) (2.15e+00 2.68e+00) XE:2.68e-01 (1.21e+00 1.21e+00 | 7.43e-01 6.75e-01)	5.197360e+00 5.144564e+00 : 7.387089e-01
8676(987) (3.07e+00 2.68e+00) XE:2.68e-01 (1.22e+00 1.21e+00 | 7.00e-01 6.75e-01)	5.197399e+00 5.144633e+00 : 7.387165e-01
8688(1006) (2.95e+00 2.68e+00) XE:2.68e-01 (1.22e+00 1.21e+00 | 6.38e-01 6.75e-01)	5.197404e+00 5.144381e+00 : 7.386989e-01
8701(1021) (2.02e+00 2.68e+00) XE:2.68e-01 (1.20e+00 1.21e+00 | 6.48e-01 6.75e-01)	5.197729e+00 5.144703e+00 : 7.387451e-01
8714(988) (3.02e+00 2.68e+00) XE:2.68e-01 (1.18e+00 1.21e+00 | 6.66e-01 6.75e-01)	5.197909e+00 5.144818e+00 : 7.387662e-01
8727(998) (2.68e+00 2.68e+00) XE:2.68e-01 (1.21e+00 1.21e+00 | 6.70e-01 6.75e-01)	5.197890e+00 5.144970e+00 : 7.387758e-01
8740(1005) (2.12e+00 2.68e+00) XE:2.68e-01 (1.20e+00 1.21e+00 | 6.84e-01 6.75e-01)	5.197631e+00 5.144707e+00 : 7.387385e-01
8752(990) (3.23e+00 2.68e+00) XE:2.68e-01 (1.23e+00 1.21e+00 | 6.82e-01 6.75e-01)	5.197484e+00 5.144708e+00 : 7.387280e-01
8765(990) (2.80e+00 2.68e+00) XE:2.68e-01 (1.23e+00 1.21e+00 | 7.47e-01 6.75e-01)	5.197365e+00 5.144719e+00 : 7.387203e-01
8778(998) (2.69e+00 2.68e+00) XE:2.68e-01 (1.20e+00 1.21e+00 | 6.78e-01 6.75e-01)	5.196320e+00 5.143578e+00 : 7.385641e-01
8791(1003) (2.61e+00 2.68e+00) XE:2.68e-01 (1.21e+00 1.21e+00 | 6.64e-01 6.75e-01)	5.196406e+00 5.143713e+00 : 7.385799e-01
8804(996) (2.47e+00 2.68e+00) XE:2.68e-01 (1.19e+00 1.21e+00 | 6.05e-01 6.75e-01)	5.195913e+00 5.143291e+00 : 7.385146e-01
8816(997) (2.66e+00 2.68e+00) XE:2.68e-01 (1.19e+00 1.21e+00 | 6.46e-01 6.75e-01)	5.195840e+00 5.143376e+00 : 7.385154e-01
8829(1004) (2.91e+00 2.68e+00) XE:2.68e-01 (1.23e+00 1.21e+00 | 7.49e-01 6.75e-01)	5.195556e+00 5.143350e+00 : 7.384933e-01
8842(1005) (2.48e+00 2.68e+00) XE:2.68e-01 (1.22e+00 1.21e+00 | 6.86e-01 6.75e-01)	5.195330e+00 5.143149e+00 : 7.384628e-01
8855(993) (2.69e+00 2.68e+00) XE:2.68e-01 (1.25e+00 1.21e+00 | 6.82e-01 6.75e-01)	5.195213e+00 5.142948e+00 : 7.384401e-01
8868(1007) (2.42e+00 2.68e+00) XE:2.68e-01 (1.20e+00 1.21e+00 | 6.32e-01 6.75e-01)	5.195377e+00 5.143112e+00 : 7.384635e-01
8881(981) (3.02e+00 2.68e+00) XE:2.68e-01 (1.19e+00 1.21e+00 | 6.58e-01 6.75e-01)	5.195332e+00 5.142890e+00 : 7.384445e-01
8893(997) (3.18e+00 2.68e+00) XE:2.68e-01 (1.21e+00 1.21e+00 | 6.40e-01 6.75e-01)	5.195247e+00 5.142797e+00 : 7.384317e-01
8906(990) (2.45e+00 2.68e+00) XE:2.68e-01 (1.25e+00 1.21e+00 | 7.00e-01 6.75e-01)	5.195141e+00 5.142857e+00 : 7.384284e-01
8919(992) (2.62e+00 2.68e+00) XE:2.68e-01 (1.22e+00 1.21e+00 | 7.02e-01 6.75e-01)	5.195076e+00 5.142823e+00 : 7.384214e-01
8932(999) (3.35e+00 2.68e+00) XE:2.68e-01 (1.21e+00 1.21e+00 | 6.70e-01 6.75e-01)	5.194719e+00 5.142512e+00 : 7.383737e-01
8945(1005) (2.45e+00 2.68e+00) XE:2.68e-01 (1.20e+00 1.21e+00 | 6.56e-01 6.75e-01)	5.194614e+00 5.142496e+00 : 7.383650e-01
8958(1001) (2.75e+00 2.68e+00) XE:2.68e-01 (1.23e+00 1.21e+00 | 7.12e-01 6.75e-01)	5.194507e+00 5.142545e+00 : 7.383608e-01
8970(975) (3.08e+00 2.68e+00) XE:2.68e-01 (1.23e+00 1.21e+00 | 6.34e-01 6.75e-01)	5.194478e+00 5.142383e+00 : 7.383472e-01
8983(1005) (2.47e+00 2.68e+00) XE:2.68e-01 (1.19e+00 1.21e+00 | 6.80e-01 6.75e-01)	5.194007e+00 5.141861e+00 : 7.382763e-01
8996(986) (2.89e+00 2.68e+00) XE:2.68e-01 (1.19e+00 1.21e+00 | 6.78e-01 6.75e-01)	5.194241e+00 5.142043e+00 : 7.383060e-01
9009(1015) (2.53e+00 2.68e+00) XE:2.68e-01 (1.21e+00 1.21e+00 | 6.94e-01 6.75e-01)	5.194218e+00 5.142034e+00 : 7.383037e-01
9022(988) (3.25e+00 2.68e+00) XE:2.68e-01 (1.24e+00 1.21e+00 | 6.28e-01 6.75e-01)	5.194104e+00 5.141899e+00 : 7.382859e-01
9035(1013) (1.87e+00 2.68e+00) XE:2.68e-01 (1.22e+00 1.21e+00 | 6.86e-01 6.75e-01)	5.194173e+00 5.141921e+00 : 7.382924e-01
9047(1004) (2.58e+00 2.68e+00) XE:2.68e-01 (1.23e+00 1.21e+00 | 7.18e-01 6.75e-01)	5.194347e+00 5.142073e+00 : 7.383157e-01
9060(1002) (2.96e+00 2.68e+00) XE:2.68e-01 (1.19e+00 1.21e+00 | 6.12e-01 6.75e-01)	5.194346e+00 5.142016e+00 : 7.383116e-01
9073(999) (3.00e+00 2.68e+00) XE:2.68e-01 (1.23e+00 1.21e+00 | 6.62e-01 6.75e-01)	5.194366e+00 5.141952e+00 : 7.383085e-01
9086(1010) (2.47e+00 2.68e+00) XE:2.68e-01 (1.22e+00 1.21e+00 | 6.74e-01 6.75e-01)	5.193977e+00 5.141347e+00 : 7.382374e-01
9099(1008) (2.53e+00 2.68e+00) XE:2.68e-01 (1.22e+00 1.21e+00 | 6.44e-01 6.75e-01)	5.194059e+00 5.141274e+00 : 7.382381e-01
9111(996) (2.57e+00 2.68e+00) XE:2.68e-01 (1.23e+00 1.21e+00 | 6.76e-01 6.75e-01)	5.194068e+00 5.141295e+00 : 7.382402e-01
9124(1010) (2.38e+00 2.68e+00) XE:2.68e-01 (1.21e+00 1.21e+00 | 6.62e-01 6.75e-01)	5.194007e+00 5.141080e+00 : 7.382205e-01
9137(1009) (2.71e+00 2.68e+00) XE:2.68e-01 (1.22e+00 1.21e+00 | 7.23e-01 6.75e-01)	5.194350e+00 5.141293e+00 : 7.382602e-01
9150(1001) (2.49e+00 2.68e+00) XE:2.68e-01 (1.18e+00 1.21e+00 | 6.22e-01 6.75e-01)	5.194656e+00 5.141490e+00 : 7.382961e-01
9163(999) (2.16e+00 2.68e+00) XE:2.68e-01 (1.19e+00 1.21e+00 | 6.90e-01 6.75e-01)	5.194605e+00 5.141492e+00 : 7.382926e-01
9175(993) (2.67e+00 2.68e+00) XE:2.68e-01 (1.23e+00 1.21e+00 | 7.33e-01 6.75e-01)	5.194610e+00 5.141506e+00 : 7.382940e-01
9189(1014) (2.51e+00 2.68e+00) XE:2.68e-01 (1.21e+00 1.21e+00 | 6.52e-01 6.75e-01)	5.194867e+00 5.141500e+00 : 7.383119e-01
9204(983) (2.62e+00 2.68e+00) XE:2.68e-01 (1.24e+00 1.21e+00 | 7.27e-01 6.75e-01)	5.194728e+00 5.141603e+00 : 7.383093e-01
9220(994) (2.78e+00 2.68e+00) XE:2.68e-01 (1.21e+00 1.21e+00 | 6.54e-01 6.75e-01)	5.194827e+00 5.141586e+00 : 7.383152e-01
9235(1007) (2.48e+00 2.68e+00) XE:2.68e-01 (1.21e+00 1.21e+00 | 7.20e-01 6.75e-01)	5.194792e+00 5.141470e+00 : 7.383044e-01
9250(1016) (2.40e+00 2.68e+00) XE:2.68e-01 (1.21e+00 1.21e+00 | 6.22e-01 6.75e-01)	5.193815e+00 5.140578e+00 : 7.381710e-01
9266(1006) (2.87e+00 2.68e+00) XE:2.68e-01 (1.22e+00 1.21e+00 | 7.61e-01 6.75e-01)	5.192734e+00 5.139631e+00 : 7.380261e-01
9281(985) (2.88e+00 2.68e+00) XE:2.68e-01 (1.22e+00 1.21e+00 | 7.18e-01 6.75e-01)	5.192061e+00 5.138904e+00 : 7.379261e-01
9296(996) (2.59e+00 2.68e+00) XE:2.68e-01 (1.23e+00 1.21e+00 | 6.90e-01 6.75e-01)	5.192087e+00 5.139031e+00 : 7.379370e-01
9312(1011) (2.12e+00 2.68e+00) XE:2.68e-01 (1.19e+00 1.21e+00 | 6.26e-01 6.75e-01)	5.192281e+00 5.139165e+00 : 7.379604e-01
9327(999) (2.17e+00 2.68e+00) XE:2.68e-01 (1.21e+00 1.21e+00 | 7.20e-01 6.75e-01)	5.191935e+00 5.138733e+00 : 7.379048e-01
9343(999) (2.54e+00 2.68e+00) XE:2.68e-01 (1.21e+00 1.21e+00 | 6.96e-01 6.75e-01)	5.192076e+00 5.138934e+00 : 7.379293e-01
9358(1004) (2.44e+00 2.68e+00) XE:2.68e-01 (1.19e+00 1.21e+00 | 6.84e-01 6.75e-01)	5.192066e+00 5.138963e+00 : 7.379307e-01
9373(1006) (2.62e+00 2.68e+00) XE:2.68e-01 (1.21e+00 1.21e+00 | 7.67e-01 6.75e-01)	5.192184e+00 5.138953e+00 : 7.379383e-01
9389(997) (2.79e+00 2.68e+00) XE:2.68e-01 (1.19e+00 1.21e+00 | 6.48e-01 6.75e-01)	5.192238e+00 5.138779e+00 : 7.379298e-01
9404(1025) (2.42e+00 2.68e+00) XE:2.68e-01 (1.20e+00 1.21e+00 | 6.80e-01 6.75e-01)	5.192492e+00 5.139087e+00 : 7.379699e-01
9419(1008) (2.38e+00 2.68e+00) XE:2.68e-01 (1.22e+00 1.21e+00 | 7.31e-01 6.75e-01)	5.192443e+00 5.139095e+00 : 7.379670e-01
9435(981) (2.94e+00 2.68e+00) XE:2.68e-01 (1.22e+00 1.21e+00 | 6.96e-01 6.76e-01)	5.192350e+00 5.138993e+00 : 7.379530e-01
9450(1004) (2.67e+00 2.68e+00) XE:2.68e-01 (1.22e+00 1.21e+00 | 6.88e-01 6.76e-01)	5.192113e+00 5.138920e+00 : 7.379310e-01
9466(985) (3.40e+00 2.68e+00) XE:2.68e-01 (1.22e+00 1.21e+00 | 7.06e-01 6.76e-01)	5.191824e+00 5.138678e+00 : 7.378930e-01
9481(991) (2.40e+00 2.68e+00) XE:2.68e-01 (1.19e+00 1.21e+00 | 6.28e-01 6.76e-01)	5.191999e+00 5.138657e+00 : 7.379040e-01
9496(999) (2.78e+00 2.68e+00) XE:2.68e-01 (1.22e+00 1.21e+00 | 6.80e-01 6.76e-01)	5.192000e+00 5.138562e+00 : 7.378973e-01
9512(995) (3.16e+00 2.68e+00) XE:2.68e-01 (1.20e+00 1.21e+00 | 6.20e-01 6.75e-01)	5.191995e+00 5.138520e+00 : 7.378940e-01
9527(1015) (2.52e+00 2.68e+00) XE:2.68e-01 (1.23e+00 1.21e+00 | 6.86e-01 6.75e-01)	5.192076e+00 5.138421e+00 : 7.378927e-01
9542(1024) (2.25e+00 2.68e+00) XE:2.68e-01 (1.22e+00 1.21e+00 | 6.98e-01 6.75e-01)	5.191990e+00 5.138365e+00 : 7.378825e-01
9558(998) (2.85e+00 2.68e+00) XE:2.68e-01 (1.20e+00 1.21e+00 | 7.14e-01 6.76e-01)	5.191942e+00 5.138291e+00 : 7.378738e-01
9573(990) (2.54e+00 2.68e+00) XE:2.68e-01 (1.21e+00 1.21e+00 | 6.76e-01 6.75e-01)	5.191463e+00 5.137796e+00 : 7.378042e-01
9589(1005) (2.37e+00 2.68e+00) XE:2.68e-01 (1.20e+00 1.21e+00 | 7.41e-01 6.76e-01)	5.190701e+00 5.136934e+00 : 7.376882e-01
9604(1011) (2.77e+00 2.68e+00) XE:2.68e-01 (1.21e+00 1.21e+00 | 7.27e-01 6.76e-01)	5.190905e+00 5.136879e+00 : 7.376988e-01
9619(997) (3.07e+00 2.68e+00) XE:2.68e-01 (1.25e+00 1.21e+00 | 6.58e-01 6.76e-01)	5.190918e+00 5.136937e+00 : 7.377039e-01
9635(1001) (2.66e+00 2.68e+00) XE:2.68e-01 (1.21e+00 1.21e+00 | 7.14e-01 6.76e-01)	5.190644e+00 5.136671e+00 : 7.376654e-01
9650(1008) (2.48e+00 2.68e+00) XE:2.68e-01 (1.21e+00 1.21e+00 | 6.54e-01 6.76e-01)	5.190519e+00 5.136659e+00 : 7.376555e-01
9666(990) (2.97e+00 2.68e+00) XE:2.68e-01 (1.21e+00 1.21e+00 | 6.36e-01 6.76e-01)	5.190502e+00 5.136512e+00 : 7.376438e-01
9681(1008) (2.85e+00 2.68e+00) XE:2.68e-01 (1.22e+00 1.21e+00 | 6.16e-01 6.76e-01)	5.190412e+00 5.136336e+00 : 7.376249e-01
9696(993) (2.36e+00 2.68e+00) XE:2.68e-01 (1.22e+00 1.21e+00 | 6.88e-01 6.76e-01)	5.190591e+00 5.136447e+00 : 7.376456e-01
9712(999) (2.55e+00 2.68e+00) XE:2.68e-01 (1.23e+00 1.21e+00 | 6.68e-01 6.76e-01)	5.190756e+00 5.136288e+00 : 7.376460e-01
9727(1005) (2.33e+00 2.68e+00) XE:2.68e-01 (1.20e+00 1.21e+00 | 6.40e-01 6.76e-01)	5.190763e+00 5.136347e+00 : 7.376507e-01
9743(1006) (2.87e+00 2.68e+00) XE:2.68e-01 (1.21e+00 1.21e+00 | 6.46e-01 6.76e-01)	5.190989e+00 5.136444e+00 : 7.376738e-01
9758(1002) (2.64e+00 2.68e+00) XE:2.68e-01 (1.23e+00 1.21e+00 | 6.66e-01 6.76e-01)	5.190974e+00 5.136476e+00 : 7.376750e-01
9773(1009) (2.17e+00 2.68e+00) XE:2.68e-01 (1.25e+00 1.21e+00 | 7.49e-01 6.76e-01)	5.190545e+00 5.136107e+00 : 7.376180e-01
9789(1016) (2.20e+00 2.68e+00) XE:2.68e-01 (1.20e+00 1.21e+00 | 6.42e-01 6.76e-01)	5.190570e+00 5.136255e+00 : 7.376304e-01
9804(1000) (2.90e+00 2.68e+00) XE:2.68e-01 (1.20e+00 1.21e+00 | 6.30e-01 6.75e-01)	5.190157e+00 5.135915e+00 : 7.375766e-01
9819(1007) (2.91e+00 2.68e+00) XE:2.68e-01 (1.24e+00 1.21e+00 | 6.54e-01 6.75e-01)	5.190089e+00 5.135746e+00 : 7.375597e-01
9835(1000) (2.40e+00 2.68e+00) XE:2.68e-01 (1.19e+00 1.21e+00 | 6.40e-01 6.75e-01)	5.189821e+00 5.135296e+00 : 7.375084e-01
9850(1021) (2.53e+00 2.68e+00) XE:2.68e-01 (1.21e+00 1.21e+00 | 6.80e-01 6.75e-01)	5.189788e+00 5.135234e+00 : 7.375016e-01
9866(997) (2.98e+00 2.68e+00) XE:2.68e-01 (1.21e+00 1.21e+00 | 6.36e-01 6.75e-01)	5.189775e+00 5.135185e+00 : 7.374971e-01
9881(1011) (2.59e+00 2.68e+00) XE:2.68e-01 (1.20e+00 1.21e+00 | 7.16e-01 6.76e-01)	5.189920e+00 5.135278e+00 : 7.375141e-01
9896(1023) (2.68e+00 2.68e+00) XE:2.68e-01 (1.20e+00 1.21e+00 | 6.72e-01 6.76e-01)	5.189661e+00 5.135313e+00 : 7.374981e-01
9912(990) (2.73e+00 2.68e+00) XE:2.68e-01 (1.23e+00 1.21e+00 | 6.94e-01 6.76e-01)	5.189472e+00 5.135093e+00 : 7.374689e-01
9927(985) (2.93e+00 2.68e+00) XE:2.68e-01 (1.20e+00 1.21e+00 | 7.04e-01 6.76e-01)	5.189422e+00 5.135124e+00 : 7.374676e-01
9943(980) (3.47e+00 2.68e+00) XE:2.68e-01 (1.23e+00 1.21e+00 | 6.48e-01 6.75e-01)	5.189308e+00 5.135132e+00 : 7.374600e-01
9958(995) (3.23e+00 2.68e+00) XE:2.68e-01 (1.22e+00 1.21e+00 | 6.03e-01 6.75e-01)	5.189156e+00 5.135045e+00 : 7.374429e-01
9973(1009) (2.54e+00 2.68e+00) XE:2.68e-01 (1.22e+00 1.21e+00 | 6.78e-01 6.75e-01)	5.189089e+00 5.134891e+00 : 7.374271e-01
9989(993) (2.27e+00 2.68e+00) XE:2.68e-01 (1.21e+00 1.21e+00 | 7.00e-01 6.75e-01)	5.189123e+00 5.134828e+00 : 7.374250e-01
10000(997) (2.65e+00 2.68e+00) XE:2.68e-01 (1.21e+00 1.21e+00 | 6.84e-01 6.75e-01)	5.189028e+00 5.134847e+00 : 7.374197e-01
RL cnt: 0,6703591,1379697,155432,13457,1163,0,0,0,0,0,0,0,0,0,0,
BL cnt: 0,0,0,0,0,0,73409,0,1526616,0,6709765,0,1526881,0,73329,0,0,0,0,0,0,
5.189028e+00 5.134847e+00 : 7.374197e-01
# InnerCodebook: deleted
# NBIDSchannel: deleted
# Gtable: deleted
# FBalg4: deleted
# StatICB: deleted
