# (Pid,Ps)=(1.000000e-02,1.000000e-02) Nseg=1000 WinSize=10 [0]
# InnerCB: ICB/marker/4_1_0.bin
# Gtable:  Gtable/1/010_010.bin
# InnerCodebook: beta=1(4) nu=5
# InnerCodebook: B(B2p)=2(4) 2(4) 2(4) 2(4) 0(1) 
# InnerCodebook: checked CWM, EncMap, DecMap
# beta=1(4) N=1000 Dmax=15
# NBIDSchannel: N=1000 Q=4 Dmax=15 (Pid,Ps)=(1.000000e-02,1.000000e-02)
# FBalg4: Nseg=1000 Dmax=15(w=31)
# FBalg4: Gtable: Gtable/1/010_010.bin
# Gtable: beta=1 (Pid,Ps,Ptrn)=(1.000000e-02,1.000000e-02,9.800000e-01) Pth=1.000000e-10
# Gtable: beta4p=4 beta4pp=16
# Gtable::Gtable len=0 cnt=4
# Gtable::Gtable len=1 cnt=16
# Gtable::Gtable len=2 cnt=64
# FBalg4: beta=1(4) (Pid,Ps)=(1.000000e-02,1.000000e-02) Pth=1.000000e-10 N=1000
3038(1000) (2.09e-01 2.33e-01) XE:1.16e-01 (1.28e+00 1.33e+00 | 2.96e+00 2.73e+00)
6111(1002) (1.36e-01 2.32e-01) XE:1.16e-01 (1.38e+00 1.33e+00 | 2.93e+00 2.73e+00)
9181(990) (3.29e-01 2.34e-01) XE:1.17e-01 (1.31e+00 1.33e+00 | 2.72e+00 2.74e+00)
10000(995) (1.81e-01 2.34e-01) XE:1.17e-01 (1.36e+00 1.33e+00 | 2.79e+00 2.74e+00)
RL cnt: 0,5620634,1402808,351149,93662,13126,6591,2480,824,251,45,26,6,3,2,0,
BL cnt: 38682,0,309198,0,1084527,0,2167890,0,2711291,0,2165033,0,1084359,0,310261,0,38759,0,0,0,0,
# InnerCodebook: deleted
# NBIDSchannel: deleted
# Gtable: deleted
# FBalg4: deleted
