# (Pid,Ps)=(2.000000e-02,1.000000e-02) Nseg=1000 WinSize=10 [0]
# InnerCB: ICB/marker/4_1_0.bin
# Gtable:  Gtable/1/020_010.bin
# InnerCodebook: beta=1(4) nu=5
# InnerCodebook: B(B2p)=2(4) 2(4) 2(4) 2(4) 0(1) 
# InnerCodebook: checked CWM, EncMap, DecMap
# beta=1(4) N=1000 Dmax=25
# NBIDSchannel: N=1000 Q=4 Dmax=25 (Pid,Ps)=(2.000000e-02,1.000000e-02)
# FBalg4: Nseg=1000 Dmax=25(w=51)
# FBalg4: Gtable: Gtable/1/020_010.bin
# Gtable: beta=1 (Pid,Ps,Ptrn)=(2.000000e-02,1.000000e-02,9.600000e-01) Pth=1.000000e-10
# Gtable: beta4p=4 beta4pp=16
# Gtable::Gtable len=0 cnt=4
# Gtable::Gtable len=1 cnt=16
# Gtable::Gtable len=2 cnt=64
# FBalg4: beta=1(4) (Pid,Ps)=(2.000000e-02,1.000000e-02) Pth=1.000000e-10 N=1000
1257(997) (3.89e-01 4.37e-01) XE:2.19e-01 (1.32e+00 1.33e+00 | 2.75e+00 2.74e+00)
2595(1004) (2.92e-01 4.39e-01) XE:2.19e-01 (1.33e+00 1.33e+00 | 2.98e+00 2.73e+00)
3933(999) (5.19e-01 4.36e-01) XE:2.18e-01 (1.34e+00 1.33e+00 | 2.47e+00 2.73e+00)
5271(996) (4.61e-01 4.37e-01) XE:2.18e-01 (1.35e+00 1.33e+00 | 2.94e+00 2.73e+00)
6609(998) (3.04e-01 4.38e-01) XE:2.19e-01 (1.30e+00 1.33e+00 | 2.88e+00 2.73e+00)
7947(1006) (2.58e-01 4.37e-01) XE:2.18e-01 (1.28e+00 1.33e+00 | 2.74e+00 2.74e+00)
9286(996) (4.76e-01 4.36e-01) XE:2.18e-01 (1.27e+00 1.33e+00 | 2.74e+00 2.74e+00)
10000(993) (3.63e-01 4.37e-01) XE:2.18e-01 (1.34e+00 1.33e+00 | 2.94e+00 2.74e+00)
RL cnt: 0,5618311,1404733,350284,93664,13217,6569,2543,804,283,56,32,8,2,0,1,
BL cnt: 39093,0,310586,0,1085363,0,2167396,0,2706953,0,2168316,0,1082712,0,310551,0,39030,0,0,0,0,
# InnerCodebook: deleted
# NBIDSchannel: deleted
# Gtable: deleted
# FBalg4: deleted
