# (Pid,Ps)=(3.500000e-02,1.000000e-02) Nseg=1000 WinSize=10 [0]
# InnerCB: ICB/marker/4_1_0.bin
# Gtable:  Gtable/1/035_010.bin
# InnerCodebook: beta=1(4) nu=5
# InnerCodebook: B(B2p)=2(4) 2(4) 2(4) 2(4) 0(1) 
# InnerCodebook: checked CWM, EncMap, DecMap
# beta=1(4) N=1000 Dmax=40
# NBIDSchannel: N=1000 Q=4 Dmax=40 (Pid,Ps)=(3.500000e-02,1.000000e-02)
# FBalg4: Nseg=1000 Dmax=40(w=81)
# FBalg4: Gtable: Gtable/1/035_010.bin
# Gtable: beta=1 (Pid,Ps,Ptrn)=(3.500000e-02,1.000000e-02,9.300000e-01) Pth=1.000000e-10
# Gtable: beta4p=4 beta4pp=16
# Gtable::Gtable len=0 cnt=4
# Gtable::Gtable len=1 cnt=16
# Gtable::Gtable len=2 cnt=64
# FBalg4: beta=1(4) (Pid,Ps)=(3.500000e-02,1.000000e-02) Pth=1.000000e-10 N=1000
0582(993) (8.78e-01 8.63e-01) XE:4.32e-01 (1.32e+00 1.33e+00 | 2.80e+00 2.74e+00)
1173(1000) (6.93e-01 8.40e-01) XE:4.20e-01 (1.32e+00 1.33e+00 | 2.72e+00 2.73e+00)
1764(988) (7.74e-01 8.32e-01) XE:4.16e-01 (1.31e+00 1.33e+00 | 2.59e+00 2.73e+00)
2355(981) (1.52e+00 8.33e-01) XE:4.17e-01 (1.32e+00 1.33e+00 | 2.82e+00 2.74e+00)
2947(982) (9.69e-01 8.29e-01) XE:4.15e-01 (1.34e+00 1.33e+00 | 2.69e+00 2.73e+00)
3539(999) (1.06e+00 8.30e-01) XE:4.15e-01 (1.37e+00 1.33e+00 | 3.16e+00 2.73e+00)
4130(1003) (1.05e+00 8.29e-01) XE:4.15e-01 (1.36e+00 1.33e+00 | 2.93e+00 2.73e+00)
4721(1012) (1.25e+00 8.29e-01) XE:4.15e-01 (1.31e+00 1.33e+00 | 2.61e+00 2.73e+00)
5312(1001) (5.58e-01 8.26e-01) XE:4.13e-01 (1.37e+00 1.33e+00 | 2.81e+00 2.73e+00)
5903(1004) (5.35e-01 8.24e-01) XE:4.12e-01 (1.37e+00 1.33e+00 | 3.01e+00 2.73e+00)
6474(994) (6.30e-01 8.24e-01) XE:4.12e-01 (1.35e+00 1.33e+00 | 2.38e+00 2.73e+00)
7041(997) (8.51e-01 8.24e-01) XE:4.12e-01 (1.33e+00 1.33e+00 | 2.59e+00 2.73e+00)
7608(994) (8.45e-01 8.25e-01) XE:4.12e-01 (1.35e+00 1.33e+00 | 2.75e+00 2.73e+00)
8176(992) (8.98e-01 8.26e-01) XE:4.13e-01 (1.28e+00 1.33e+00 | 2.65e+00 2.73e+00)
8743(987) (8.19e-01 8.26e-01) XE:4.13e-01 (1.31e+00 1.33e+00 | 2.62e+00 2.74e+00)
9311(997) (6.40e-01 8.25e-01) XE:4.12e-01 (1.35e+00 1.33e+00 | 2.51e+00 2.74e+00)
9879(999) (8.02e-01 8.24e-01) XE:4.12e-01 (1.34e+00 1.33e+00 | 3.05e+00 2.73e+00)
10000(995) (6.75e-01 8.24e-01) XE:4.12e-01 (1.35e+00 1.33e+00 | 2.41e+00 2.73e+00)
RL cnt: 0,5622103,1402984,350785,93245,13089,6815,2452,799,262,54,18,8,4,3,0,
BL cnt: 38560,0,308678,0,1084633,0,2168908,0,2709277,0,2167371,0,1082386,0,310903,0,39284,0,0,0,0,
# InnerCodebook: deleted
# NBIDSchannel: deleted
# Gtable: deleted
# FBalg4: deleted
