# (Pid,Ps)=(4.000000e-02,1.000000e-02) Nseg=1000 WinSize=10 [0]
# InnerCB: ICB/marker/4_1_0.bin
# Gtable:  Gtable/1/040_010.bin
# InnerCodebook: beta=1(4) nu=5
# InnerCodebook: B(B2p)=2(4) 2(4) 2(4) 2(4) 0(1) 
# InnerCodebook: checked CWM, EncMap, DecMap
# beta=1(4) N=1000 Dmax=45
# NBIDSchannel: N=1000 Q=4 Dmax=45 (Pid,Ps)=(4.000000e-02,1.000000e-02)
# FBalg4: Nseg=1000 Dmax=45(w=91)
# FBalg4: Gtable: Gtable/1/040_010.bin
# Gtable: beta=1 (Pid,Ps,Ptrn)=(4.000000e-02,1.000000e-02,9.200000e-01) Pth=1.000000e-10
# Gtable: beta4p=4 beta4pp=16
# Gtable::Gtable len=0 cnt=4
# Gtable::Gtable len=1 cnt=16
# Gtable::Gtable len=2 cnt=64
# FBalg4: beta=1(4) (Pid,Ps)=(4.000000e-02,1.000000e-02) Pth=1.000000e-10 N=1000
0413(986) (1.33e+00 9.26e-01) XE:4.63e-01 (1.28e+00 1.33e+00 | 2.59e+00 2.75e+00)
0841(999) (1.06e+00 9.39e-01) XE:4.69e-01 (1.38e+00 1.33e+00 | 3.00e+00 2.74e+00)
1268(1000) (1.42e+00 9.35e-01) XE:4.67e-01 (1.35e+00 1.33e+00 | 2.45e+00 2.73e+00)
1696(1005) (8.03e-01 9.42e-01) XE:4.71e-01 (1.28e+00 1.33e+00 | 2.73e+00 2.73e+00)
2124(1004) (1.00e+00 9.42e-01) XE:4.71e-01 (1.29e+00 1.33e+00 | 2.59e+00 2.73e+00)
2552(994) (1.07e+00 9.48e-01) XE:4.74e-01 (1.35e+00 1.33e+00 | 3.00e+00 2.73e+00)
2979(1002) (1.57e+00 9.47e-01) XE:4.74e-01 (1.35e+00 1.33e+00 | 3.28e+00 2.73e+00)
3407(1010) (6.24e-01 9.45e-01) XE:4.73e-01 (1.36e+00 1.33e+00 | 2.68e+00 2.73e+00)
3834(1001) (1.05e+00 9.43e-01) XE:4.72e-01 (1.34e+00 1.33e+00 | 2.55e+00 2.73e+00)
4262(998) (6.37e-01 9.43e-01) XE:4.71e-01 (1.36e+00 1.33e+00 | 2.72e+00 2.73e+00)
4689(1004) (7.47e-01 9.44e-01) XE:4.72e-01 (1.36e+00 1.33e+00 | 2.49e+00 2.73e+00)
5117(1000) (6.87e-01 9.43e-01) XE:4.71e-01 (1.29e+00 1.33e+00 | 3.13e+00 2.73e+00)
5544(1005) (7.30e-01 9.43e-01) XE:4.72e-01 (1.36e+00 1.33e+00 | 2.75e+00 2.73e+00)
5971(992) (6.24e-01 9.43e-01) XE:4.71e-01 (1.34e+00 1.33e+00 | 2.50e+00 2.74e+00)
6399(1007) (7.40e-01 9.43e-01) XE:4.71e-01 (1.33e+00 1.33e+00 | 2.57e+00 2.73e+00)
6827(1000) (8.67e-01 9.44e-01) XE:4.72e-01 (1.35e+00 1.33e+00 | 2.48e+00 2.73e+00)
7254(1003) (1.38e+00 9.44e-01) XE:4.72e-01 (1.35e+00 1.33e+00 | 3.11e+00 2.74e+00)
7682(999) (6.02e-01 9.44e-01) XE:4.72e-01 (1.34e+00 1.33e+00 | 2.65e+00 2.74e+00)
8109(1008) (5.53e-01 9.43e-01) XE:4.72e-01 (1.35e+00 1.33e+00 | 2.77e+00 2.73e+00)
8536(998) (9.69e-01 9.43e-01) XE:4.72e-01 (1.34e+00 1.33e+00 | 2.65e+00 2.73e+00)
8964(1007) (9.14e-01 9.42e-01) XE:4.71e-01 (1.32e+00 1.33e+00 | 2.52e+00 2.73e+00)
9391(1008) (4.99e-01 9.43e-01) XE:4.71e-01 (1.34e+00 1.33e+00 | 2.76e+00 2.74e+00)
9819(984) (7.07e-01 9.43e-01) XE:4.71e-01 (1.33e+00 1.33e+00 | 2.84e+00 2.73e+00)
10000(1001) (5.16e-01 9.43e-01) XE:4.71e-01 (1.32e+00 1.33e+00 | 2.46e+00 2.73e+00)
RL cnt: 0,5622285,1402223,351084,93431,13187,6628,2443,828,273,50,36,9,1,2,0,
BL cnt: 38769,0,310411,0,1083779,0,2168713,0,2712163,0,2167416,0,1082329,0,308025,0,38395,0,0,0,0,
# InnerCodebook: deleted
# NBIDSchannel: deleted
# Gtable: deleted
# FBalg4: deleted
