# (Pid,Ps)=(4.500000e-02,1.000000e-02) Nseg=1000 WinSize=10 [0]
# InnerCB: ICB/marker/4_1_0.bin
# Gtable:  Gtable/1/045_010.bin
# InnerCodebook: beta=1(4) nu=5
# InnerCodebook: B(B2p)=2(4) 2(4) 2(4) 2(4) 0(1) 
# InnerCodebook: checked CWM, EncMap, DecMap
# beta=1(4) N=1000 Dmax=50
# NBIDSchannel: N=1000 Q=4 Dmax=50 (Pid,Ps)=(4.500000e-02,1.000000e-02)
# FBalg4: Nseg=1000 Dmax=50(w=101)
# FBalg4: Gtable: Gtable/1/045_010.bin
# Gtable: beta=1 (Pid,Ps,Ptrn)=(4.500000e-02,1.000000e-02,9.100000e-01) Pth=1.000000e-10
# Gtable: beta4p=4 beta4pp=16
# Gtable::Gtable len=0 cnt=4
# Gtable::Gtable len=1 cnt=16
# Gtable::Gtable len=2 cnt=64
# FBalg4: beta=1(4) (Pid,Ps)=(4.500000e-02,1.000000e-02) Pth=1.000000e-10 N=1000
0324(997) (1.25e+00 1.03e+00) XE:5.13e-01 (1.30e+00 1.33e+00 | 2.91e+00 2.73e+00)
0670(991) (1.36e+00 1.04e+00) XE:5.18e-01 (1.34e+00 1.33e+00 | 2.30e+00 2.74e+00)
1016(1008) (6.96e-01 1.04e+00) XE:5.22e-01 (1.32e+00 1.33e+00 | 2.62e+00 2.73e+00)
1361(999) (1.61e+00 1.05e+00) XE:5.23e-01 (1.34e+00 1.33e+00 | 2.89e+00 2.73e+00)
1707(996) (1.01e+00 1.05e+00) XE:5.23e-01 (1.39e+00 1.33e+00 | 2.86e+00 2.73e+00)
2053(1007) (1.01e+00 1.05e+00) XE:5.24e-01 (1.34e+00 1.33e+00 | 2.49e+00 2.73e+00)
2398(1007) (1.01e+00 1.05e+00) XE:5.23e-01 (1.29e+00 1.33e+00 | 2.73e+00 2.73e+00)
2744(1005) (1.18e+00 1.05e+00) XE:5.23e-01 (1.34e+00 1.33e+00 | 2.77e+00 2.73e+00)
3089(1017) (1.01e+00 1.05e+00) XE:5.25e-01 (1.33e+00 1.33e+00 | 2.60e+00 2.73e+00)
3435(1009) (1.29e+00 1.05e+00) XE:5.24e-01 (1.28e+00 1.33e+00 | 2.38e+00 2.73e+00)
3781(994) (1.15e+00 1.05e+00) XE:5.24e-01 (1.32e+00 1.33e+00 | 2.68e+00 2.73e+00)
4126(987) (7.84e-01 1.05e+00) XE:5.25e-01 (1.32e+00 1.33e+00 | 2.77e+00 2.73e+00)
4472(1008) (9.34e-01 1.05e+00) XE:5.24e-01 (1.34e+00 1.33e+00 | 2.63e+00 2.73e+00)
4817(1005) (8.25e-01 1.05e+00) XE:5.24e-01 (1.32e+00 1.33e+00 | 2.72e+00 2.73e+00)
5163(986) (1.06e+00 1.05e+00) XE:5.23e-01 (1.33e+00 1.33e+00 | 2.98e+00 2.73e+00)
5508(1007) (1.19e+00 1.05e+00) XE:5.23e-01 (1.36e+00 1.33e+00 | 2.73e+00 2.73e+00)
5854(999) (8.84e-01 1.05e+00) XE:5.23e-01 (1.35e+00 1.33e+00 | 2.66e+00 2.73e+00)
6199(988) (1.02e+00 1.05e+00) XE:5.23e-01 (1.33e+00 1.33e+00 | 2.73e+00 2.73e+00)
6545(1017) (8.20e-01 1.05e+00) XE:5.23e-01 (1.32e+00 1.33e+00 | 2.69e+00 2.73e+00)
6891(1015) (9.16e-01 1.05e+00) XE:5.23e-01 (1.35e+00 1.33e+00 | 2.64e+00 2.73e+00)
7236(1009) (8.24e-01 1.05e+00) XE:5.24e-01 (1.34e+00 1.33e+00 | 2.55e+00 2.73e+00)
7582(997) (8.65e-01 1.05e+00) XE:5.24e-01 (1.34e+00 1.33e+00 | 2.57e+00 2.73e+00)
7928(1001) (1.30e+00 1.05e+00) XE:5.24e-01 (1.35e+00 1.33e+00 | 2.78e+00 2.73e+00)
8273(996) (1.14e+00 1.05e+00) XE:5.24e-01 (1.33e+00 1.33e+00 | 3.03e+00 2.73e+00)
8619(984) (1.30e+00 1.05e+00) XE:5.25e-01 (1.38e+00 1.33e+00 | 2.80e+00 2.73e+00)
8964(995) (8.36e-01 1.05e+00) XE:5.25e-01 (1.35e+00 1.33e+00 | 2.58e+00 2.73e+00)
9309(993) (9.91e-01 1.05e+00) XE:5.25e-01 (1.33e+00 1.33e+00 | 2.52e+00 2.73e+00)
9655(1004) (1.04e+00 1.05e+00) XE:5.25e-01 (1.34e+00 1.33e+00 | 2.99e+00 2.73e+00)
10000(1003) (8.59e-01 1.05e+00) XE:5.25e-01 (1.32e+00 1.33e+00 | 2.67e+00 2.73e+00)
RL cnt: 0,5618216,1404748,351041,93272,13234,6608,2469,795,252,67,21,6,4,0,0,
BL cnt: 37829,0,307623,0,1082226,0,2163533,0,2710991,0,2174374,0,1084234,0,310240,0,38950,0,0,0,0,
# InnerCodebook: deleted
# NBIDSchannel: deleted
# Gtable: deleted
# FBalg4: deleted
