# (Pid,Ps)=(1.000000e-02,1.000000e-03) Nseg=200 WinSize=10 [0]
# InnerCB: ICB/2/5_0a_2.bin
# Gtable:  Gtable/5/010_001.bin
# InnerCodebook: beta=5(1024) nu=2
# InnerCodebook: B(B2p)=8(256) 7(128) 
# InnerCodebook: checked CWM, EncMap, DecMap
# beta=5(1024) nu=2 N=1000 Dmax=15
# B=8,7,
# NBIDSchannel: N=1000 Q=4 Dmax=15 (Pid,Ps)=(1.000000e-02,1.000000e-03)
# FBalg4: Nseg=200 Dmax=15(w=31)
# FBalg4: Gtable: Gtable/5/010_001.bin
# Gtable: beta=5 (Pid,Ps,Ptrn)=(1.000000e-02,1.000000e-03,9.800000e-01) Pth=1.000000e-10
# Gtable: beta4p=1024 beta4pp=1048576
# Gtable::Gtable len=0 cnt=1024
# Gtable::Gtable len=1 cnt=3124
# Gtable::Gtable len=2 cnt=14548
# Gtable::Gtable len=3 cnt=35392
# Gtable::Gtable len=4 cnt=146476
# Gtable::Gtable len=5 cnt=180256
# Gtable::Gtable len=6 cnt=449452
# Gtable::Gtable len=7 cnt=127432
# Gtable::Gtable len=8 cnt=146464
# Gtable::Gtable len=9 cnt=4096
# Gtable::Gtable len=10 cnt=0
# FBalg4: beta=5(1024) (Pid,Ps)=(1.000000e-02,1.000000e-03) Pth=1.000000e-10 N=1000
# StatICB: nu=2 beta=5 beta4p=1024 Bsum=15 HdThNum=20 HdThStep=5.00e-02
# StatICB: B=8,7,
# StatICB: HdThList 9.50e-01,9.00e-01,8.50e-01,8.00e-01,7.50e-01,7.00e-01,6.50e-01,6.00e-01,5.50e-01,5.00e-01,4.50e-01,4.00e-01,3.50e-01,3.00e-01,2.50e-01,2.00e-01,1.50e-01,1.00e-01,5.00e-02,1.00e-10,
0089(992) (4.85e-01 5.01e-01) XE:5.01e-02 (1.22e+00 1.23e+00 | 7.31e-01 7.10e-01)
0179(997) (2.02e-01 5.07e-01) XE:5.07e-02 (1.23e+00 1.23e+00 | 7.23e-01 7.11e-01)
0270(999) (5.97e-01 5.04e-01) XE:5.04e-02 (1.25e+00 1.23e+00 | 7.37e-01 7.11e-01)
0360(1002) (3.88e-01 5.06e-01) XE:5.06e-02 (1.25e+00 1.23e+00 | 7.08e-01 7.12e-01)
0450(1003) (2.64e-01 5.09e-01) XE:5.09e-02 (1.26e+00 1.23e+00 | 6.80e-01 7.12e-01)
0541(1000) (6.92e-01 5.05e-01) XE:5.05e-02 (1.24e+00 1.23e+00 | 6.92e-01 7.11e-01)
0631(1000) (4.86e-01 5.06e-01) XE:5.06e-02 (1.25e+00 1.23e+00 | 7.49e-01 7.12e-01)
0721(1001) (5.95e-01 5.09e-01) XE:5.09e-02 (1.26e+00 1.23e+00 | 6.40e-01 7.13e-01)
0812(999) (4.45e-01 5.08e-01) XE:5.08e-02 (1.21e+00 1.23e+00 | 6.86e-01 7.12e-01)
0902(1000) (3.36e-01 5.06e-01) XE:5.06e-02 (1.22e+00 1.23e+00 | 6.82e-01 7.13e-01)
0992(997) (4.01e-01 5.06e-01) XE:5.06e-02 (1.23e+00 1.23e+00 | 7.43e-01 7.13e-01)
1082(991) (9.85e-01 5.06e-01) XE:5.06e-02 (1.20e+00 1.23e+00 | 7.16e-01 7.13e-01)
1173(1006) (2.22e-01 5.04e-01) XE:5.04e-02 (1.22e+00 1.23e+00 | 7.43e-01 7.13e-01)
1263(994) (3.88e-01 5.02e-01) XE:5.02e-02 (1.23e+00 1.23e+00 | 6.90e-01 7.13e-01)
1353(998) (3.88e-01 5.01e-01) XE:5.01e-02 (1.22e+00 1.23e+00 | 7.77e-01 7.13e-01)
1444(1001) (3.91e-01 5.02e-01) XE:5.02e-02 (1.18e+00 1.23e+00 | 7.04e-01 7.13e-01)
1534(995) (7.54e-01 5.02e-01) XE:5.02e-02 (1.19e+00 1.23e+00 | 7.08e-01 7.13e-01)
1624(1000) (3.68e-01 5.03e-01) XE:5.03e-02 (1.22e+00 1.23e+00 | 7.02e-01 7.14e-01)
1714(998) (5.71e-01 5.04e-01) XE:5.04e-02 (1.22e+00 1.23e+00 | 6.76e-01 7.13e-01)
1805(993) (5.59e-01 5.03e-01) XE:5.03e-02 (1.25e+00 1.23e+00 | 7.08e-01 7.13e-01)
1895(995) (6.40e-01 5.03e-01) XE:5.03e-02 (1.25e+00 1.23e+00 | 7.41e-01 7.13e-01)
1985(999) (6.36e-01 5.03e-01) XE:5.03e-02 (1.21e+00 1.23e+00 | 7.06e-01 7.13e-01)
2076(999) (5.06e-01 5.03e-01) XE:5.03e-02 (1.24e+00 1.23e+00 | 6.88e-01 7.13e-01)
2166(993) (6.04e-01 5.04e-01) XE:5.04e-02 (1.22e+00 1.23e+00 | 6.52e-01 7.13e-01)
2256(1004) (2.99e-01 5.04e-01) XE:5.04e-02 (1.20e+00 1.23e+00 | 7.14e-01 7.13e-01)
2347(1000) (4.14e-01 5.03e-01) XE:5.03e-02 (1.21e+00 1.23e+00 | 7.39e-01 7.13e-01)
2437(993) (6.06e-01 5.03e-01) XE:5.03e-02 (1.24e+00 1.23e+00 | 7.00e-01 7.13e-01)
2527(1006) (5.41e-01 5.03e-01) XE:5.03e-02 (1.25e+00 1.23e+00 | 7.23e-01 7.13e-01)
2617(999) (4.86e-01 5.03e-01) XE:5.03e-02 (1.27e+00 1.23e+00 | 7.55e-01 7.13e-01)
2708(1005) (6.29e-01 5.02e-01) XE:5.02e-02 (1.21e+00 1.23e+00 | 7.53e-01 7.13e-01)
2798(1003) (4.62e-01 5.02e-01) XE:5.02e-02 (1.22e+00 1.23e+00 | 7.31e-01 7.13e-01)
2888(1007) (6.84e-01 5.02e-01) XE:5.02e-02 (1.24e+00 1.23e+00 | 7.14e-01 7.13e-01)
2978(996) (3.22e-01 5.02e-01) XE:5.02e-02 (1.26e+00 1.23e+00 | 6.82e-01 7.13e-01)
3069(1001) (4.42e-01 5.02e-01) XE:5.02e-02 (1.21e+00 1.23e+00 | 6.72e-01 7.13e-01)
3159(997) (4.13e-01 5.02e-01) XE:5.02e-02 (1.24e+00 1.23e+00 | 7.10e-01 7.13e-01)
3249(1000) (5.57e-01 5.02e-01) XE:5.02e-02 (1.23e+00 1.23e+00 | 7.08e-01 7.13e-01)
3340(995) (5.17e-01 5.02e-01) XE:5.02e-02 (1.23e+00 1.23e+00 | 7.04e-01 7.13e-01)
3430(1001) (4.94e-01 5.03e-01) XE:5.03e-02 (1.23e+00 1.23e+00 | 6.64e-01 7.13e-01)
3520(996) (7.77e-01 5.02e-01) XE:5.02e-02 (1.24e+00 1.23e+00 | 7.35e-01 7.13e-01)
3610(995) (4.94e-01 5.02e-01) XE:5.02e-02 (1.21e+00 1.23e+00 | 6.94e-01 7.13e-01)
3701(1004) (4.39e-01 5.02e-01) XE:5.02e-02 (1.22e+00 1.23e+00 | 6.94e-01 7.13e-01)
3791(998) (7.71e-01 5.02e-01) XE:5.02e-02 (1.21e+00 1.23e+00 | 7.61e-01 7.13e-01)
3881(1001) (4.58e-01 5.02e-01) XE:5.02e-02 (1.24e+00 1.23e+00 | 7.00e-01 7.12e-01)
3971(992) (4.83e-01 5.01e-01) XE:5.01e-02 (1.23e+00 1.23e+00 | 7.55e-01 7.12e-01)
4062(996) (6.28e-01 5.02e-01) XE:5.02e-02 (1.22e+00 1.23e+00 | 7.29e-01 7.12e-01)
4152(996) (3.45e-01 5.02e-01) XE:5.02e-02 (1.22e+00 1.23e+00 | 7.18e-01 7.12e-01)
4242(1005) (2.87e-01 5.03e-01) XE:5.03e-02 (1.21e+00 1.23e+00 | 7.65e-01 7.12e-01)
4333(1000) (3.76e-01 5.02e-01) XE:5.02e-02 (1.23e+00 1.23e+00 | 6.38e-01 7.12e-01)
4423(1000) (5.14e-01 5.03e-01) XE:5.03e-02 (1.24e+00 1.23e+00 | 6.78e-01 7.12e-01)
4513(1004) (5.15e-01 5.02e-01) XE:5.02e-02 (1.24e+00 1.23e+00 | 7.45e-01 7.12e-01)
4604(999) (7.14e-01 5.03e-01) XE:5.03e-02 (1.22e+00 1.23e+00 | 6.64e-01 7.12e-01)
4694(998) (7.77e-01 5.03e-01) XE:5.03e-02 (1.22e+00 1.23e+00 | 7.99e-01 7.12e-01)
4784(995) (4.23e-01 5.03e-01) XE:5.03e-02 (1.23e+00 1.23e+00 | 7.81e-01 7.12e-01)
4874(997) (4.23e-01 5.03e-01) XE:5.03e-02 (1.23e+00 1.23e+00 | 7.37e-01 7.12e-01)
4965(998) (5.28e-01 5.03e-01) XE:5.03e-02 (1.23e+00 1.23e+00 | 7.43e-01 7.12e-01)
5055(1003) (3.68e-01 5.03e-01) XE:5.03e-02 (1.19e+00 1.23e+00 | 6.34e-01 7.12e-01)
5145(1001) (3.12e-01 5.03e-01) XE:5.03e-02 (1.25e+00 1.23e+00 | 7.20e-01 7.12e-01)
5236(999) (6.21e-01 5.02e-01) XE:5.02e-02 (1.25e+00 1.23e+00 | 6.96e-01 7.12e-01)
5326(1006) (2.63e-01 5.02e-01) XE:5.02e-02 (1.23e+00 1.23e+00 | 6.54e-01 7.12e-01)
5416(998) (3.41e-01 5.02e-01) XE:5.02e-02 (1.25e+00 1.23e+00 | 7.53e-01 7.12e-01)
5506(995) (4.03e-01 5.02e-01) XE:5.02e-02 (1.22e+00 1.23e+00 | 6.36e-01 7.12e-01)
5597(999) (4.40e-01 5.02e-01) XE:5.02e-02 (1.23e+00 1.23e+00 | 7.08e-01 7.12e-01)
5687(996) (8.12e-01 5.02e-01) XE:5.02e-02 (1.22e+00 1.23e+00 | 6.94e-01 7.12e-01)
5777(1000) (3.82e-01 5.01e-01) XE:5.01e-02 (1.24e+00 1.23e+00 | 6.72e-01 7.12e-01)
5867(997) (5.54e-01 5.01e-01) XE:5.01e-02 (1.24e+00 1.23e+00 | 7.47e-01 7.12e-01)
5958(1005) (1.51e-01 5.01e-01) XE:5.01e-02 (1.24e+00 1.23e+00 | 6.84e-01 7.12e-01)
6048(1001) (5.78e-01 5.01e-01) XE:5.01e-02 (1.22e+00 1.23e+00 | 6.62e-01 7.12e-01)
6138(1001) (4.45e-01 5.01e-01) XE:5.01e-02 (1.21e+00 1.23e+00 | 7.20e-01 7.12e-01)
6229(1000) (4.09e-01 5.01e-01) XE:5.01e-02 (1.23e+00 1.23e+00 | 7.18e-01 7.12e-01)
6319(995) (4.78e-01 5.02e-01) XE:5.02e-02 (1.23e+00 1.23e+00 | 7.29e-01 7.12e-01)
6409(998) (4.83e-01 5.02e-01) XE:5.02e-02 (1.24e+00 1.23e+00 | 7.20e-01 7.12e-01)
6499(996) (4.09e-01 5.01e-01) XE:5.01e-02 (1.23e+00 1.23e+00 | 6.84e-01 7.12e-01)
6590(1003) (5.34e-01 5.01e-01) XE:5.01e-02 (1.24e+00 1.23e+00 | 7.12e-01 7.12e-01)
6680(1004) (2.60e-01 5.02e-01) XE:5.02e-02 (1.21e+00 1.23e+00 | 7.49e-01 7.12e-01)
6770(1005) (3.61e-01 5.01e-01) XE:5.01e-02 (1.25e+00 1.23e+00 | 6.62e-01 7.12e-01)
6861(1000) (4.38e-01 5.01e-01) XE:5.01e-02 (1.23e+00 1.23e+00 | 7.06e-01 7.12e-01)
6951(1001) (6.78e-01 5.01e-01) XE:5.01e-02 (1.24e+00 1.23e+00 | 6.96e-01 7.12e-01)
7041(995) (5.84e-01 5.01e-01) XE:5.01e-02 (1.23e+00 1.23e+00 | 6.90e-01 7.12e-01)
7131(1005) (4.60e-01 5.01e-01) XE:5.01e-02 (1.22e+00 1.23e+00 | 7.23e-01 7.12e-01)
7222(993) (5.92e-01 5.01e-01) XE:5.01e-02 (1.21e+00 1.23e+00 | 6.82e-01 7.12e-01)
7312(1001) (5.00e-01 5.01e-01) XE:5.01e-02 (1.23e+00 1.23e+00 | 7.35e-01 7.12e-01)
7402(997) (4.88e-01 5.01e-01) XE:5.01e-02 (1.24e+00 1.23e+00 | 6.56e-01 7.12e-01)
7492(1003) (5.43e-01 5.01e-01) XE:5.01e-02 (1.23e+00 1.23e+00 | 6.76e-01 7.12e-01)
7583(1006) (1.85e-01 5.00e-01) XE:5.00e-02 (1.22e+00 1.23e+00 | 7.20e-01 7.12e-01)
7673(1006) (3.69e-01 5.00e-01) XE:5.00e-02 (1.19e+00 1.23e+00 | 6.82e-01 7.12e-01)
7763(1001) (4.25e-01 5.00e-01) XE:5.00e-02 (1.22e+00 1.23e+00 | 7.51e-01 7.12e-01)
7854(1000) (5.25e-01 5.00e-01) XE:5.00e-02 (1.20e+00 1.23e+00 | 7.97e-01 7.12e-01)
7944(993) (6.78e-01 5.00e-01) XE:5.00e-02 (1.22e+00 1.23e+00 | 6.64e-01 7.12e-01)
8034(1001) (7.45e-01 5.00e-01) XE:5.00e-02 (1.25e+00 1.23e+00 | 7.53e-01 7.12e-01)
8124(994) (7.02e-01 5.00e-01) XE:5.00e-02 (1.26e+00 1.23e+00 | 7.27e-01 7.12e-01)
8215(999) (4.82e-01 5.01e-01) XE:5.01e-02 (1.23e+00 1.23e+00 | 7.08e-01 7.12e-01)
8305(1002) (6.41e-01 5.01e-01) XE:5.01e-02 (1.21e+00 1.23e+00 | 6.74e-01 7.12e-01)
8395(1001) (7.01e-01 5.01e-01) XE:5.01e-02 (1.24e+00 1.23e+00 | 7.06e-01 7.12e-01)
8485(1001) (8.01e-01 5.01e-01) XE:5.01e-02 (1.26e+00 1.23e+00 | 7.14e-01 7.12e-01)
8576(1003) (4.59e-01 5.01e-01) XE:5.01e-02 (1.25e+00 1.23e+00 | 6.94e-01 7.12e-01)
8666(992) (5.13e-01 5.01e-01) XE:5.01e-02 (1.24e+00 1.23e+00 | 7.12e-01 7.12e-01)
8756(1002) (4.36e-01 5.01e-01) XE:5.01e-02 (1.19e+00 1.23e+00 | 7.95e-01 7.12e-01)
8846(997) (5.13e-01 5.01e-01) XE:5.01e-02 (1.26e+00 1.23e+00 | 6.76e-01 7.12e-01)
8937(1004) (4.00e-01 5.01e-01) XE:5.01e-02 (1.25e+00 1.23e+00 | 6.86e-01 7.12e-01)
9027(1001) (5.89e-01 5.01e-01) XE:5.01e-02 (1.24e+00 1.23e+00 | 7.04e-01 7.12e-01)
9117(999) (4.34e-01 5.01e-01) XE:5.01e-02 (1.22e+00 1.23e+00 | 7.29e-01 7.12e-01)
9208(991) (8.11e-01 5.01e-01) XE:5.01e-02 (1.22e+00 1.23e+00 | 7.61e-01 7.12e-01)
9298(999) (5.45e-01 5.01e-01) XE:5.01e-02 (1.24e+00 1.23e+00 | 7.35e-01 7.12e-01)
9388(1000) (4.29e-01 5.01e-01) XE:5.01e-02 (1.22e+00 1.23e+00 | 7.53e-01 7.12e-01)
9479(1004) (1.01e+00 5.01e-01) XE:5.01e-02 (1.21e+00 1.23e+00 | 7.27e-01 7.12e-01)
9569(1003) (2.79e-01 5.01e-01) XE:5.01e-02 (1.23e+00 1.23e+00 | 7.49e-01 7.12e-01)
9659(998) (6.78e-01 5.01e-01) XE:5.01e-02 (1.26e+00 1.23e+00 | 6.20e-01 7.12e-01)
9749(995) (5.65e-01 5.01e-01) XE:5.01e-02 (1.24e+00 1.23e+00 | 6.90e-01 7.12e-01)
9840(1000) (5.10e-01 5.01e-01) XE:5.01e-02 (1.23e+00 1.23e+00 | 6.66e-01 7.12e-01)
9930(1004) (5.63e-01 5.01e-01) XE:5.01e-02 (1.24e+00 1.23e+00 | 6.62e-01 7.12e-01)
10000(998) (5.59e-01 5.01e-01) XE:5.01e-02 (1.23e+00 1.23e+00 | 7.25e-01 7.12e-01)
RL cnt: 0,6470681,1419017,226265,0,0,0,0,0,0,0,0,0,0,0,0,
BL cnt: 0,0,0,0,0,0,0,0,1763577,0,6383293,0,1763130,0,0,0,0,0,0,0,0,
[00] Th=9.500000e-01: 6.917486e+00 5.662870e+00 : 8.386904e-01
[01] Th=9.000000e-01: 6.942161e+00 5.707611e+00 : 8.433182e-01
[02] Th=8.500000e-01: 6.953362e+00 5.719951e+00 : 8.448875e-01
[03] Th=8.000000e-01: 6.965744e+00 5.732744e+00 : 8.465658e-01
[04] Th=7.500000e-01: 6.977052e+00 5.748191e+00 : 8.483495e-01
[05] Th=7.000000e-01: 7.002827e+00 5.790111e+00 : 8.528625e-01
[06] Th=6.500000e-01: 7.082028e+00 5.901526e+00 : 8.655703e-01
[07] Th=6.000000e-01: 7.092763e+00 5.916551e+00 : 8.672876e-01
[08] Th=5.500000e-01: 7.110388e+00 5.954903e+00 : 8.710194e-01
[09] Th=5.000000e-01: 7.120919e+00 5.972676e+00 : 8.729063e-01
[10] Th=4.500000e-01: 7.239873e+00 6.143910e+00 : 8.922521e-01
[11] Th=4.000000e-01: 7.249407e+00 6.185678e+00 : 8.956723e-01
[12] Th=3.500000e-01: 7.264257e+00 6.318482e+00 : 9.055159e-01
[13] Th=3.000000e-01: 7.300311e+00 6.539106e+00 : 9.226278e-01
[14] Th=2.500000e-01: 7.327702e+00 6.603400e+00 : 9.287401e-01
[15] Th=2.000000e-01: 7.423081e+00 6.623445e+00 : 9.364351e-01
[16] Th=1.500000e-01: 7.495791e+00 6.630360e+00 : 9.417434e-01
[17] Th=1.000000e-01: 7.496406e+00 6.630764e+00 : 9.418113e-01
[18] Th=5.000000e-02: 7.496513e+00 6.630746e+00 : 9.418172e-01
[19] Th=1.000000e-10: 7.496513e+00 6.630746e+00 : 9.418172e-01
# InnerCodebook: deleted
# NBIDSchannel: deleted
# Gtable: deleted
# FBalg4: deleted
# StatICB: deleted
