# (Pid,Ps)=(2.000000e-02,1.000000e-02) Nseg=200 WinSize=10 [0]
# InnerCB: ICB/2/5_0a_2.bin
# Gtable:  Gtable/5/020_010.bin
# InnerCodebook: beta=5(1024) nu=2
# InnerCodebook: B(B2p)=8(256) 7(128) 
# InnerCodebook: checked CWM, EncMap, DecMap
# beta=5(1024) nu=2 N=1000 Dmax=25
# B=8,7,
# NBIDSchannel: N=1000 Q=4 Dmax=25 (Pid,Ps)=(2.000000e-02,1.000000e-02)
# FBalg4: Nseg=200 Dmax=25(w=51)
# FBalg4: Gtable: Gtable/5/020_010.bin
# Gtable: beta=5 (Pid,Ps,Ptrn)=(2.000000e-02,1.000000e-02,9.600000e-01) Pth=1.000000e-10
# Gtable: beta4p=1024 beta4pp=1048576
# Gtable::Gtable len=0 cnt=1024
# Gtable::Gtable len=1 cnt=4096
# Gtable::Gtable len=2 cnt=16384
# Gtable::Gtable len=3 cnt=65536
# Gtable::Gtable len=4 cnt=240052
# Gtable::Gtable len=5 cnt=825736
# Gtable::Gtable len=6 cnt=1472656
# Gtable::Gtable len=7 cnt=939544
# Gtable::Gtable len=8 cnt=696352
# Gtable::Gtable len=9 cnt=100348
# Gtable::Gtable len=10 cnt=1024
# FBalg4: beta=5(1024) (Pid,Ps)=(2.000000e-02,1.000000e-02) Pth=1.000000e-10 N=1000
# StatICB: nu=2 beta=5 beta4p=1024 Bsum=15 HdThNum=20 HdThStep=5.00e-02
# StatICB: B=8,7,
# StatICB: HdThList 9.50e-01,9.00e-01,8.50e-01,8.00e-01,7.50e-01,7.00e-01,6.50e-01,6.00e-01,5.50e-01,5.00e-01,4.50e-01,4.00e-01,3.50e-01,3.00e-01,2.50e-01,2.00e-01,1.50e-01,1.00e-01,5.00e-02,1.00e-10,
0034(999) (1.25e+00 1.44e+00) XE:1.44e-01 (1.22e+00 1.23e+00 | 7.20e-01 7.23e-01)
0070(998) (1.23e+00 1.43e+00) XE:1.43e-01 (1.24e+00 1.23e+00 | 6.50e-01 7.16e-01)
0105(996) (1.32e+00 1.43e+00) XE:1.43e-01 (1.22e+00 1.23e+00 | 7.59e-01 7.17e-01)
0141(1007) (1.36e+00 1.44e+00) XE:1.44e-01 (1.21e+00 1.23e+00 | 6.46e-01 7.17e-01)
0177(997) (1.76e+00 1.45e+00) XE:1.45e-01 (1.26e+00 1.23e+00 | 6.74e-01 7.17e-01)
0212(1007) (1.18e+00 1.47e+00) XE:1.47e-01 (1.20e+00 1.23e+00 | 6.80e-01 7.17e-01)
0248(1002) (2.02e+00 1.47e+00) XE:1.47e-01 (1.22e+00 1.23e+00 | 6.68e-01 7.16e-01)
0283(996) (1.60e+00 1.46e+00) XE:1.46e-01 (1.24e+00 1.23e+00 | 7.12e-01 7.13e-01)
0319(1004) (1.59e+00 1.46e+00) XE:1.46e-01 (1.22e+00 1.23e+00 | 7.08e-01 7.13e-01)
0354(1000) (1.05e+00 1.46e+00) XE:1.46e-01 (1.22e+00 1.23e+00 | 7.25e-01 7.13e-01)
0390(1003) (1.25e+00 1.47e+00) XE:1.47e-01 (1.25e+00 1.23e+00 | 7.20e-01 7.12e-01)
0425(988) (1.75e+00 1.47e+00) XE:1.47e-01 (1.24e+00 1.23e+00 | 7.06e-01 7.12e-01)
0461(1004) (1.46e+00 1.46e+00) XE:1.46e-01 (1.25e+00 1.23e+00 | 6.90e-01 7.12e-01)
0496(1001) (1.46e+00 1.46e+00) XE:1.46e-01 (1.22e+00 1.23e+00 | 6.58e-01 7.12e-01)
0532(1012) (1.49e+00 1.46e+00) XE:1.46e-01 (1.21e+00 1.23e+00 | 7.06e-01 7.12e-01)
0567(1000) (1.45e+00 1.46e+00) XE:1.46e-01 (1.25e+00 1.23e+00 | 7.49e-01 7.12e-01)
0603(998) (1.60e+00 1.47e+00) XE:1.47e-01 (1.22e+00 1.23e+00 | 7.08e-01 7.12e-01)
0639(993) (1.51e+00 1.47e+00) XE:1.47e-01 (1.22e+00 1.23e+00 | 6.94e-01 7.12e-01)
0674(1007) (1.31e+00 1.47e+00) XE:1.47e-01 (1.21e+00 1.23e+00 | 6.86e-01 7.12e-01)
0710(1006) (1.53e+00 1.47e+00) XE:1.47e-01 (1.24e+00 1.23e+00 | 7.14e-01 7.12e-01)
0745(995) (1.57e+00 1.47e+00) XE:1.47e-01 (1.21e+00 1.23e+00 | 7.31e-01 7.12e-01)
0781(1001) (1.55e+00 1.47e+00) XE:1.47e-01 (1.24e+00 1.23e+00 | 7.16e-01 7.12e-01)
0816(1003) (1.49e+00 1.47e+00) XE:1.47e-01 (1.22e+00 1.23e+00 | 7.06e-01 7.12e-01)
0852(1008) (1.60e+00 1.47e+00) XE:1.47e-01 (1.24e+00 1.23e+00 | 7.47e-01 7.12e-01)
0887(1002) (1.30e+00 1.47e+00) XE:1.47e-01 (1.22e+00 1.23e+00 | 6.76e-01 7.12e-01)
0923(994) (1.64e+00 1.47e+00) XE:1.47e-01 (1.24e+00 1.23e+00 | 7.65e-01 7.12e-01)
0959(990) (1.57e+00 1.47e+00) XE:1.47e-01 (1.22e+00 1.23e+00 | 7.20e-01 7.12e-01)
0994(1001) (1.49e+00 1.47e+00) XE:1.47e-01 (1.24e+00 1.23e+00 | 7.45e-01 7.12e-01)
1030(1005) (1.73e+00 1.47e+00) XE:1.47e-01 (1.22e+00 1.23e+00 | 6.38e-01 7.11e-01)
1065(1003) (9.84e-01 1.47e+00) XE:1.47e-01 (1.21e+00 1.23e+00 | 7.31e-01 7.11e-01)
1101(1001) (1.41e+00 1.47e+00) XE:1.47e-01 (1.26e+00 1.23e+00 | 7.43e-01 7.12e-01)
1137(1004) (1.34e+00 1.47e+00) XE:1.47e-01 (1.20e+00 1.23e+00 | 6.40e-01 7.11e-01)
1172(994) (1.39e+00 1.47e+00) XE:1.47e-01 (1.23e+00 1.23e+00 | 7.73e-01 7.11e-01)
1208(997) (1.83e+00 1.47e+00) XE:1.47e-01 (1.24e+00 1.23e+00 | 6.54e-01 7.11e-01)
1243(1008) (1.79e+00 1.47e+00) XE:1.47e-01 (1.22e+00 1.23e+00 | 6.64e-01 7.11e-01)
1279(999) (1.47e+00 1.47e+00) XE:1.47e-01 (1.22e+00 1.23e+00 | 7.25e-01 7.11e-01)
1312(1000) (1.54e+00 1.47e+00) XE:1.47e-01 (1.28e+00 1.23e+00 | 7.02e-01 7.11e-01)
1348(992) (1.24e+00 1.47e+00) XE:1.47e-01 (1.23e+00 1.23e+00 | 7.39e-01 7.12e-01)
1383(998) (1.24e+00 1.47e+00) XE:1.47e-01 (1.23e+00 1.23e+00 | 7.00e-01 7.12e-01)
1419(995) (1.62e+00 1.47e+00) XE:1.47e-01 (1.25e+00 1.23e+00 | 6.58e-01 7.12e-01)
1455(1019) (1.36e+00 1.47e+00) XE:1.47e-01 (1.25e+00 1.23e+00 | 7.08e-01 7.12e-01)
1490(1004) (1.11e+00 1.47e+00) XE:1.47e-01 (1.20e+00 1.23e+00 | 7.63e-01 7.12e-01)
1526(992) (1.42e+00 1.47e+00) XE:1.47e-01 (1.21e+00 1.23e+00 | 7.35e-01 7.12e-01)
1561(1002) (1.15e+00 1.47e+00) XE:1.47e-01 (1.24e+00 1.23e+00 | 7.39e-01 7.11e-01)
1597(997) (2.39e+00 1.47e+00) XE:1.47e-01 (1.22e+00 1.23e+00 | 6.66e-01 7.12e-01)
1632(994) (1.47e+00 1.47e+00) XE:1.47e-01 (1.24e+00 1.23e+00 | 7.27e-01 7.12e-01)
1668(1003) (1.36e+00 1.47e+00) XE:1.47e-01 (1.24e+00 1.23e+00 | 6.80e-01 7.12e-01)
1703(996) (1.52e+00 1.47e+00) XE:1.47e-01 (1.22e+00 1.23e+00 | 6.78e-01 7.12e-01)
1739(999) (1.35e+00 1.47e+00) XE:1.47e-01 (1.23e+00 1.23e+00 | 7.79e-01 7.12e-01)
1774(1000) (1.56e+00 1.47e+00) XE:1.47e-01 (1.22e+00 1.23e+00 | 7.04e-01 7.12e-01)
1810(1000) (8.86e-01 1.47e+00) XE:1.47e-01 (1.24e+00 1.23e+00 | 6.82e-01 7.12e-01)
1845(1000) (1.37e+00 1.47e+00) XE:1.47e-01 (1.23e+00 1.23e+00 | 6.42e-01 7.12e-01)
1881(1003) (1.02e+00 1.47e+00) XE:1.47e-01 (1.22e+00 1.23e+00 | 7.85e-01 7.12e-01)
1917(1003) (1.53e+00 1.47e+00) XE:1.47e-01 (1.20e+00 1.23e+00 | 6.68e-01 7.12e-01)
1952(1006) (1.26e+00 1.47e+00) XE:1.47e-01 (1.20e+00 1.23e+00 | 6.50e-01 7.12e-01)
1988(1000) (1.24e+00 1.47e+00) XE:1.47e-01 (1.21e+00 1.23e+00 | 6.01e-01 7.12e-01)
2023(994) (2.15e+00 1.47e+00) XE:1.47e-01 (1.25e+00 1.23e+00 | 6.56e-01 7.11e-01)
2059(999) (1.33e+00 1.47e+00) XE:1.47e-01 (1.25e+00 1.23e+00 | 7.04e-01 7.12e-01)
2094(995) (1.75e+00 1.47e+00) XE:1.47e-01 (1.23e+00 1.23e+00 | 7.18e-01 7.11e-01)
2130(1006) (1.40e+00 1.47e+00) XE:1.47e-01 (1.26e+00 1.23e+00 | 7.37e-01 7.11e-01)
2165(1011) (1.55e+00 1.47e+00) XE:1.47e-01 (1.23e+00 1.23e+00 | 7.00e-01 7.11e-01)
2201(1001) (1.51e+00 1.47e+00) XE:1.47e-01 (1.22e+00 1.23e+00 | 7.51e-01 7.11e-01)
2236(1017) (1.65e+00 1.47e+00) XE:1.47e-01 (1.23e+00 1.23e+00 | 7.29e-01 7.11e-01)
2272(1002) (1.45e+00 1.47e+00) XE:1.47e-01 (1.22e+00 1.23e+00 | 6.74e-01 7.11e-01)
2307(997) (2.03e+00 1.47e+00) XE:1.47e-01 (1.25e+00 1.23e+00 | 7.06e-01 7.11e-01)
2343(992) (1.64e+00 1.47e+00) XE:1.47e-01 (1.23e+00 1.23e+00 | 6.66e-01 7.11e-01)
2379(1001) (1.27e+00 1.47e+00) XE:1.47e-01 (1.23e+00 1.23e+00 | 7.23e-01 7.11e-01)
2414(995) (1.34e+00 1.47e+00) XE:1.47e-01 (1.23e+00 1.23e+00 | 7.59e-01 7.11e-01)
2450(996) (1.50e+00 1.47e+00) XE:1.47e-01 (1.24e+00 1.23e+00 | 7.29e-01 7.11e-01)
2485(1003) (1.05e+00 1.47e+00) XE:1.47e-01 (1.20e+00 1.23e+00 | 7.29e-01 7.11e-01)
2521(1002) (1.67e+00 1.47e+00) XE:1.47e-01 (1.22e+00 1.23e+00 | 6.98e-01 7.11e-01)
2556(1001) (1.55e+00 1.47e+00) XE:1.47e-01 (1.22e+00 1.23e+00 | 7.41e-01 7.11e-01)
2592(994) (1.18e+00 1.47e+00) XE:1.47e-01 (1.24e+00 1.23e+00 | 7.20e-01 7.11e-01)
2627(1004) (1.30e+00 1.47e+00) XE:1.47e-01 (1.23e+00 1.23e+00 | 6.68e-01 7.11e-01)
2663(1017) (1.07e+00 1.47e+00) XE:1.47e-01 (1.22e+00 1.23e+00 | 6.78e-01 7.11e-01)
2698(992) (1.21e+00 1.47e+00) XE:1.47e-01 (1.22e+00 1.23e+00 | 7.06e-01 7.11e-01)
2734(992) (1.81e+00 1.47e+00) XE:1.47e-01 (1.23e+00 1.23e+00 | 7.18e-01 7.11e-01)
2769(996) (1.22e+00 1.47e+00) XE:1.47e-01 (1.22e+00 1.23e+00 | 6.98e-01 7.11e-01)
2805(1005) (1.51e+00 1.47e+00) XE:1.47e-01 (1.22e+00 1.23e+00 | 7.63e-01 7.11e-01)
2841(1006) (1.49e+00 1.47e+00) XE:1.47e-01 (1.23e+00 1.23e+00 | 7.43e-01 7.11e-01)
2876(1002) (1.75e+00 1.47e+00) XE:1.47e-01 (1.23e+00 1.23e+00 | 8.07e-01 7.11e-01)
2912(996) (1.54e+00 1.47e+00) XE:1.47e-01 (1.22e+00 1.23e+00 | 6.54e-01 7.11e-01)
2947(1010) (9.80e-01 1.47e+00) XE:1.47e-01 (1.23e+00 1.23e+00 | 7.37e-01 7.11e-01)
2983(1000) (1.79e+00 1.47e+00) XE:1.47e-01 (1.24e+00 1.23e+00 | 7.33e-01 7.11e-01)
3018(1009) (1.10e+00 1.47e+00) XE:1.47e-01 (1.21e+00 1.23e+00 | 6.44e-01 7.11e-01)
3054(1005) (1.48e+00 1.47e+00) XE:1.47e-01 (1.26e+00 1.23e+00 | 7.63e-01 7.11e-01)
3089(1004) (1.45e+00 1.47e+00) XE:1.47e-01 (1.23e+00 1.23e+00 | 6.34e-01 7.11e-01)
3125(1001) (1.40e+00 1.47e+00) XE:1.47e-01 (1.23e+00 1.23e+00 | 7.43e-01 7.11e-01)
3161(993) (2.52e+00 1.47e+00) XE:1.47e-01 (1.23e+00 1.23e+00 | 6.88e-01 7.11e-01)
3196(1001) (1.29e+00 1.47e+00) XE:1.47e-01 (1.23e+00 1.23e+00 | 6.22e-01 7.11e-01)
3232(996) (1.50e+00 1.47e+00) XE:1.47e-01 (1.22e+00 1.23e+00 | 6.72e-01 7.11e-01)
3267(994) (1.59e+00 1.47e+00) XE:1.47e-01 (1.23e+00 1.23e+00 | 7.23e-01 7.11e-01)
3303(1005) (1.50e+00 1.47e+00) XE:1.47e-01 (1.23e+00 1.23e+00 | 7.41e-01 7.11e-01)
3338(987) (1.71e+00 1.47e+00) XE:1.47e-01 (1.25e+00 1.23e+00 | 6.38e-01 7.11e-01)
3374(1001) (1.40e+00 1.47e+00) XE:1.47e-01 (1.25e+00 1.23e+00 | 7.12e-01 7.11e-01)
3410(998) (1.75e+00 1.47e+00) XE:1.47e-01 (1.26e+00 1.23e+00 | 7.14e-01 7.11e-01)
3445(1008) (1.51e+00 1.47e+00) XE:1.47e-01 (1.24e+00 1.23e+00 | 7.08e-01 7.11e-01)
3481(996) (1.58e+00 1.47e+00) XE:1.47e-01 (1.22e+00 1.23e+00 | 6.38e-01 7.11e-01)
3516(993) (1.51e+00 1.47e+00) XE:1.47e-01 (1.26e+00 1.23e+00 | 7.61e-01 7.11e-01)
3552(1005) (1.30e+00 1.47e+00) XE:1.47e-01 (1.23e+00 1.23e+00 | 6.72e-01 7.11e-01)
3587(983) (1.56e+00 1.47e+00) XE:1.47e-01 (1.22e+00 1.23e+00 | 7.31e-01 7.11e-01)
3623(1005) (1.44e+00 1.47e+00) XE:1.47e-01 (1.21e+00 1.23e+00 | 7.61e-01 7.11e-01)
3658(995) (1.69e+00 1.47e+00) XE:1.47e-01 (1.26e+00 1.23e+00 | 6.78e-01 7.11e-01)
3694(1003) (1.29e+00 1.47e+00) XE:1.47e-01 (1.26e+00 1.23e+00 | 7.02e-01 7.11e-01)
3730(999) (1.68e+00 1.47e+00) XE:1.47e-01 (1.26e+00 1.23e+00 | 7.31e-01 7.11e-01)
3765(994) (1.78e+00 1.47e+00) XE:1.47e-01 (1.25e+00 1.23e+00 | 6.92e-01 7.11e-01)
3801(998) (1.49e+00 1.47e+00) XE:1.47e-01 (1.22e+00 1.23e+00 | 7.20e-01 7.11e-01)
3836(999) (1.77e+00 1.47e+00) XE:1.47e-01 (1.25e+00 1.23e+00 | 7.14e-01 7.11e-01)
3872(1007) (1.47e+00 1.47e+00) XE:1.47e-01 (1.21e+00 1.23e+00 | 7.33e-01 7.11e-01)
3907(989) (1.34e+00 1.47e+00) XE:1.47e-01 (1.23e+00 1.23e+00 | 7.31e-01 7.11e-01)
3943(997) (1.77e+00 1.47e+00) XE:1.47e-01 (1.22e+00 1.23e+00 | 7.00e-01 7.11e-01)
3978(1007) (1.34e+00 1.47e+00) XE:1.47e-01 (1.24e+00 1.23e+00 | 7.41e-01 7.11e-01)
4014(1005) (1.47e+00 1.47e+00) XE:1.47e-01 (1.22e+00 1.23e+00 | 7.25e-01 7.11e-01)
4049(990) (1.30e+00 1.47e+00) XE:1.47e-01 (1.24e+00 1.23e+00 | 6.88e-01 7.11e-01)
4085(1004) (1.42e+00 1.47e+00) XE:1.47e-01 (1.23e+00 1.23e+00 | 7.81e-01 7.12e-01)
4120(1006) (1.52e+00 1.47e+00) XE:1.47e-01 (1.24e+00 1.23e+00 | 7.41e-01 7.11e-01)
4156(995) (1.44e+00 1.47e+00) XE:1.47e-01 (1.26e+00 1.23e+00 | 7.14e-01 7.11e-01)
4191(998) (1.41e+00 1.47e+00) XE:1.47e-01 (1.24e+00 1.23e+00 | 6.90e-01 7.11e-01)
4227(1011) (1.54e+00 1.47e+00) XE:1.47e-01 (1.22e+00 1.23e+00 | 7.20e-01 7.12e-01)
4263(999) (1.32e+00 1.47e+00) XE:1.47e-01 (1.23e+00 1.23e+00 | 6.66e-01 7.11e-01)
4298(1006) (1.16e+00 1.47e+00) XE:1.47e-01 (1.22e+00 1.23e+00 | 6.60e-01 7.11e-01)
4334(996) (1.62e+00 1.47e+00) XE:1.47e-01 (1.23e+00 1.23e+00 | 6.76e-01 7.11e-01)
4369(1000) (1.26e+00 1.47e+00) XE:1.47e-01 (1.23e+00 1.23e+00 | 7.16e-01 7.11e-01)
4405(1001) (1.22e+00 1.47e+00) XE:1.47e-01 (1.23e+00 1.23e+00 | 7.18e-01 7.11e-01)
4440(1017) (7.50e-01 1.47e+00) XE:1.47e-01 (1.21e+00 1.23e+00 | 6.90e-01 7.11e-01)
4476(1001) (1.21e+00 1.47e+00) XE:1.47e-01 (1.20e+00 1.23e+00 | 7.79e-01 7.11e-01)
4511(1000) (1.31e+00 1.47e+00) XE:1.47e-01 (1.22e+00 1.23e+00 | 7.27e-01 7.11e-01)
4547(1011) (1.35e+00 1.47e+00) XE:1.47e-01 (1.27e+00 1.23e+00 | 6.50e-01 7.11e-01)
4582(1001) (1.10e+00 1.47e+00) XE:1.47e-01 (1.20e+00 1.23e+00 | 6.52e-01 7.11e-01)
4618(1001) (1.35e+00 1.47e+00) XE:1.47e-01 (1.23e+00 1.23e+00 | 7.27e-01 7.11e-01)
4653(1000) (1.06e+00 1.47e+00) XE:1.47e-01 (1.19e+00 1.23e+00 | 7.65e-01 7.11e-01)
4689(1014) (1.54e+00 1.47e+00) XE:1.47e-01 (1.24e+00 1.23e+00 | 7.04e-01 7.11e-01)
4725(992) (1.56e+00 1.47e+00) XE:1.47e-01 (1.25e+00 1.23e+00 | 6.84e-01 7.11e-01)
4760(989) (1.65e+00 1.47e+00) XE:1.47e-01 (1.23e+00 1.23e+00 | 7.25e-01 7.12e-01)
4796(995) (1.20e+00 1.47e+00) XE:1.47e-01 (1.22e+00 1.23e+00 | 7.29e-01 7.11e-01)
4831(1002) (1.18e+00 1.47e+00) XE:1.47e-01 (1.22e+00 1.23e+00 | 7.43e-01 7.11e-01)
4867(998) (1.99e+00 1.47e+00) XE:1.47e-01 (1.24e+00 1.23e+00 | 7.23e-01 7.11e-01)
4902(984) (1.44e+00 1.47e+00) XE:1.47e-01 (1.22e+00 1.23e+00 | 6.88e-01 7.11e-01)
4938(1000) (1.98e+00 1.47e+00) XE:1.47e-01 (1.25e+00 1.23e+00 | 7.97e-01 7.11e-01)
4973(996) (1.53e+00 1.47e+00) XE:1.47e-01 (1.23e+00 1.23e+00 | 6.84e-01 7.11e-01)
5009(1000) (1.62e+00 1.47e+00) XE:1.47e-01 (1.26e+00 1.23e+00 | 6.66e-01 7.11e-01)
5045(1002) (1.19e+00 1.47e+00) XE:1.47e-01 (1.22e+00 1.23e+00 | 7.08e-01 7.11e-01)
5080(1002) (1.40e+00 1.47e+00) XE:1.47e-01 (1.21e+00 1.23e+00 | 6.84e-01 7.11e-01)
5116(994) (1.67e+00 1.47e+00) XE:1.47e-01 (1.25e+00 1.23e+00 | 7.37e-01 7.11e-01)
5151(1008) (1.36e+00 1.47e+00) XE:1.47e-01 (1.21e+00 1.23e+00 | 7.55e-01 7.11e-01)
5187(1003) (1.34e+00 1.47e+00) XE:1.47e-01 (1.21e+00 1.23e+00 | 7.14e-01 7.11e-01)
5222(999) (1.34e+00 1.47e+00) XE:1.47e-01 (1.23e+00 1.23e+00 | 7.81e-01 7.11e-01)
5258(1005) (1.20e+00 1.47e+00) XE:1.47e-01 (1.23e+00 1.23e+00 | 7.49e-01 7.11e-01)
5293(1005) (1.53e+00 1.47e+00) XE:1.47e-01 (1.25e+00 1.23e+00 | 7.89e-01 7.11e-01)
5329(994) (1.79e+00 1.47e+00) XE:1.47e-01 (1.23e+00 1.23e+00 | 7.27e-01 7.11e-01)
5364(1001) (1.34e+00 1.47e+00) XE:1.47e-01 (1.25e+00 1.23e+00 | 6.80e-01 7.11e-01)
5400(1001) (1.69e+00 1.47e+00) XE:1.47e-01 (1.24e+00 1.23e+00 | 7.41e-01 7.11e-01)
5436(1008) (1.19e+00 1.47e+00) XE:1.47e-01 (1.24e+00 1.23e+00 | 7.18e-01 7.11e-01)
5471(997) (1.66e+00 1.47e+00) XE:1.47e-01 (1.21e+00 1.23e+00 | 7.02e-01 7.11e-01)
5507(1006) (1.29e+00 1.47e+00) XE:1.47e-01 (1.25e+00 1.23e+00 | 6.66e-01 7.11e-01)
5542(1005) (1.24e+00 1.47e+00) XE:1.47e-01 (1.22e+00 1.23e+00 | 7.25e-01 7.11e-01)
5578(1000) (1.22e+00 1.47e+00) XE:1.47e-01 (1.21e+00 1.23e+00 | 7.53e-01 7.11e-01)
5613(1005) (1.17e+00 1.47e+00) XE:1.47e-01 (1.22e+00 1.23e+00 | 6.98e-01 7.11e-01)
5649(1003) (1.62e+00 1.47e+00) XE:1.47e-01 (1.27e+00 1.23e+00 | 7.20e-01 7.11e-01)
5684(999) (1.55e+00 1.47e+00) XE:1.47e-01 (1.22e+00 1.23e+00 | 7.23e-01 7.11e-01)
5720(1014) (1.37e+00 1.47e+00) XE:1.47e-01 (1.25e+00 1.23e+00 | 6.62e-01 7.11e-01)
5755(996) (1.41e+00 1.47e+00) XE:1.47e-01 (1.26e+00 1.23e+00 | 7.29e-01 7.11e-01)
5791(997) (1.46e+00 1.47e+00) XE:1.47e-01 (1.24e+00 1.23e+00 | 7.41e-01 7.11e-01)
5826(1005) (1.50e+00 1.47e+00) XE:1.47e-01 (1.23e+00 1.23e+00 | 6.78e-01 7.11e-01)
5862(997) (1.89e+00 1.47e+00) XE:1.47e-01 (1.26e+00 1.23e+00 | 6.96e-01 7.11e-01)
5898(1010) (1.30e+00 1.47e+00) XE:1.47e-01 (1.22e+00 1.23e+00 | 6.94e-01 7.11e-01)
5933(995) (1.33e+00 1.47e+00) XE:1.47e-01 (1.22e+00 1.23e+00 | 6.86e-01 7.11e-01)
5969(1003) (1.17e+00 1.47e+00) XE:1.47e-01 (1.23e+00 1.23e+00 | 7.08e-01 7.11e-01)
6004(993) (1.39e+00 1.47e+00) XE:1.47e-01 (1.24e+00 1.23e+00 | 6.92e-01 7.11e-01)
6040(995) (1.96e+00 1.47e+00) XE:1.47e-01 (1.25e+00 1.23e+00 | 6.98e-01 7.11e-01)
6076(1004) (1.06e+00 1.47e+00) XE:1.47e-01 (1.25e+00 1.23e+00 | 6.48e-01 7.11e-01)
6111(1006) (2.01e+00 1.47e+00) XE:1.47e-01 (1.23e+00 1.23e+00 | 7.49e-01 7.11e-01)
6147(999) (1.26e+00 1.47e+00) XE:1.47e-01 (1.22e+00 1.23e+00 | 7.14e-01 7.11e-01)
6182(996) (1.52e+00 1.47e+00) XE:1.47e-01 (1.22e+00 1.23e+00 | 6.46e-01 7.11e-01)
6218(993) (1.53e+00 1.47e+00) XE:1.47e-01 (1.23e+00 1.23e+00 | 7.12e-01 7.11e-01)
6253(998) (2.05e+00 1.47e+00) XE:1.47e-01 (1.24e+00 1.23e+00 | 7.51e-01 7.11e-01)
6289(1005) (1.47e+00 1.47e+00) XE:1.47e-01 (1.22e+00 1.23e+00 | 6.50e-01 7.11e-01)
6324(1005) (1.72e+00 1.47e+00) XE:1.47e-01 (1.24e+00 1.23e+00 | 7.47e-01 7.11e-01)
6360(999) (1.24e+00 1.47e+00) XE:1.47e-01 (1.25e+00 1.23e+00 | 6.74e-01 7.11e-01)
6395(997) (1.45e+00 1.47e+00) XE:1.47e-01 (1.20e+00 1.23e+00 | 7.77e-01 7.11e-01)
6431(1007) (1.75e+00 1.47e+00) XE:1.47e-01 (1.20e+00 1.23e+00 | 7.18e-01 7.11e-01)
6466(1011) (1.09e+00 1.47e+00) XE:1.47e-01 (1.24e+00 1.23e+00 | 6.78e-01 7.11e-01)
6502(1004) (1.77e+00 1.47e+00) XE:1.47e-01 (1.23e+00 1.23e+00 | 6.82e-01 7.11e-01)
6537(1003) (1.05e+00 1.47e+00) XE:1.47e-01 (1.24e+00 1.23e+00 | 7.16e-01 7.11e-01)
6573(1006) (1.41e+00 1.47e+00) XE:1.47e-01 (1.26e+00 1.23e+00 | 6.18e-01 7.11e-01)
6609(998) (1.77e+00 1.47e+00) XE:1.47e-01 (1.24e+00 1.23e+00 | 7.27e-01 7.11e-01)
6644(996) (1.33e+00 1.47e+00) XE:1.47e-01 (1.25e+00 1.23e+00 | 6.80e-01 7.11e-01)
6680(1007) (1.23e+00 1.47e+00) XE:1.47e-01 (1.21e+00 1.23e+00 | 7.57e-01 7.11e-01)
6715(999) (1.45e+00 1.47e+00) XE:1.47e-01 (1.19e+00 1.23e+00 | 7.08e-01 7.11e-01)
6751(1000) (1.21e+00 1.47e+00) XE:1.47e-01 (1.23e+00 1.23e+00 | 7.41e-01 7.11e-01)
6786(1001) (1.19e+00 1.47e+00) XE:1.47e-01 (1.19e+00 1.23e+00 | 7.29e-01 7.11e-01)
6822(999) (1.46e+00 1.47e+00) XE:1.47e-01 (1.25e+00 1.23e+00 | 6.74e-01 7.11e-01)
6857(1000) (1.57e+00 1.47e+00) XE:1.47e-01 (1.21e+00 1.23e+00 | 7.83e-01 7.11e-01)
6893(996) (1.15e+00 1.47e+00) XE:1.47e-01 (1.22e+00 1.23e+00 | 7.55e-01 7.11e-01)
6928(986) (1.93e+00 1.47e+00) XE:1.47e-01 (1.23e+00 1.23e+00 | 7.27e-01 7.11e-01)
6964(1002) (1.21e+00 1.47e+00) XE:1.47e-01 (1.21e+00 1.23e+00 | 6.84e-01 7.11e-01)
7000(1004) (1.29e+00 1.47e+00) XE:1.47e-01 (1.22e+00 1.23e+00 | 7.45e-01 7.11e-01)
7035(994) (1.36e+00 1.47e+00) XE:1.47e-01 (1.26e+00 1.23e+00 | 6.92e-01 7.11e-01)
7071(997) (1.32e+00 1.47e+00) XE:1.47e-01 (1.21e+00 1.23e+00 | 7.25e-01 7.11e-01)
7106(991) (1.72e+00 1.47e+00) XE:1.47e-01 (1.21e+00 1.23e+00 | 6.70e-01 7.11e-01)
7142(1002) (1.48e+00 1.47e+00) XE:1.47e-01 (1.23e+00 1.23e+00 | 7.27e-01 7.11e-01)
7177(1002) (1.52e+00 1.47e+00) XE:1.47e-01 (1.22e+00 1.23e+00 | 7.23e-01 7.11e-01)
7213(1000) (1.48e+00 1.47e+00) XE:1.47e-01 (1.22e+00 1.23e+00 | 7.57e-01 7.11e-01)
7248(1001) (1.61e+00 1.46e+00) XE:1.46e-01 (1.25e+00 1.23e+00 | 6.50e-01 7.11e-01)
7284(998) (1.26e+00 1.46e+00) XE:1.46e-01 (1.23e+00 1.23e+00 | 7.61e-01 7.12e-01)
7319(996) (1.71e+00 1.46e+00) XE:1.46e-01 (1.20e+00 1.23e+00 | 7.27e-01 7.11e-01)
7355(996) (1.83e+00 1.46e+00) XE:1.46e-01 (1.23e+00 1.23e+00 | 6.82e-01 7.12e-01)
7390(1008) (1.42e+00 1.46e+00) XE:1.46e-01 (1.25e+00 1.23e+00 | 6.70e-01 7.11e-01)
7426(1002) (1.16e+00 1.46e+00) XE:1.46e-01 (1.24e+00 1.23e+00 | 6.94e-01 7.11e-01)
7461(1005) (1.65e+00 1.46e+00) XE:1.46e-01 (1.21e+00 1.23e+00 | 7.02e-01 7.11e-01)
7497(998) (1.34e+00 1.46e+00) XE:1.46e-01 (1.23e+00 1.23e+00 | 6.46e-01 7.11e-01)
7533(1001) (1.67e+00 1.47e+00) XE:1.47e-01 (1.23e+00 1.23e+00 | 6.56e-01 7.11e-01)
7568(1001) (1.93e+00 1.47e+00) XE:1.47e-01 (1.23e+00 1.23e+00 | 6.88e-01 7.11e-01)
7604(1002) (1.55e+00 1.47e+00) XE:1.47e-01 (1.22e+00 1.23e+00 | 7.08e-01 7.11e-01)
7639(995) (1.86e+00 1.47e+00) XE:1.47e-01 (1.24e+00 1.23e+00 | 7.71e-01 7.11e-01)
7675(1010) (8.32e-01 1.47e+00) XE:1.47e-01 (1.21e+00 1.23e+00 | 7.31e-01 7.11e-01)
7710(992) (1.45e+00 1.47e+00) XE:1.47e-01 (1.21e+00 1.23e+00 | 7.71e-01 7.12e-01)
7746(1000) (1.42e+00 1.47e+00) XE:1.47e-01 (1.21e+00 1.23e+00 | 6.64e-01 7.12e-01)
7781(1007) (9.40e-01 1.47e+00) XE:1.47e-01 (1.21e+00 1.23e+00 | 7.27e-01 7.11e-01)
7817(995) (1.41e+00 1.47e+00) XE:1.47e-01 (1.23e+00 1.23e+00 | 6.96e-01 7.11e-01)
7853(993) (1.64e+00 1.46e+00) XE:1.46e-01 (1.22e+00 1.23e+00 | 7.06e-01 7.11e-01)
7888(997) (1.42e+00 1.47e+00) XE:1.47e-01 (1.25e+00 1.23e+00 | 7.39e-01 7.11e-01)
7924(993) (1.91e+00 1.47e+00) XE:1.47e-01 (1.21e+00 1.23e+00 | 6.90e-01 7.11e-01)
7959(994) (1.37e+00 1.47e+00) XE:1.47e-01 (1.20e+00 1.23e+00 | 7.08e-01 7.12e-01)
7995(1002) (1.48e+00 1.47e+00) XE:1.47e-01 (1.23e+00 1.23e+00 | 7.27e-01 7.12e-01)
8030(1009) (1.04e+00 1.47e+00) XE:1.47e-01 (1.22e+00 1.23e+00 | 7.31e-01 7.12e-01)
8066(1008) (1.40e+00 1.47e+00) XE:1.47e-01 (1.23e+00 1.23e+00 | 6.40e-01 7.12e-01)
8101(1003) (1.31e+00 1.47e+00) XE:1.47e-01 (1.25e+00 1.23e+00 | 7.33e-01 7.12e-01)
8137(991) (1.69e+00 1.47e+00) XE:1.47e-01 (1.22e+00 1.23e+00 | 7.10e-01 7.12e-01)
8172(1004) (1.59e+00 1.47e+00) XE:1.47e-01 (1.21e+00 1.23e+00 | 6.98e-01 7.12e-01)
8208(998) (1.47e+00 1.47e+00) XE:1.47e-01 (1.19e+00 1.23e+00 | 6.58e-01 7.12e-01)
8244(998) (1.39e+00 1.47e+00) XE:1.47e-01 (1.23e+00 1.23e+00 | 6.86e-01 7.12e-01)
8279(999) (1.55e+00 1.47e+00) XE:1.47e-01 (1.19e+00 1.23e+00 | 7.37e-01 7.12e-01)
8315(1005) (1.35e+00 1.47e+00) XE:1.47e-01 (1.25e+00 1.23e+00 | 7.65e-01 7.12e-01)
8350(1002) (1.16e+00 1.46e+00) XE:1.46e-01 (1.22e+00 1.23e+00 | 7.29e-01 7.12e-01)
8386(1005) (1.38e+00 1.47e+00) XE:1.47e-01 (1.23e+00 1.23e+00 | 7.20e-01 7.12e-01)
8421(1002) (1.31e+00 1.47e+00) XE:1.47e-01 (1.25e+00 1.23e+00 | 6.96e-01 7.12e-01)
8457(999) (1.41e+00 1.47e+00) XE:1.47e-01 (1.21e+00 1.23e+00 | 7.02e-01 7.12e-01)
8492(990) (1.53e+00 1.47e+00) XE:1.47e-01 (1.26e+00 1.23e+00 | 7.35e-01 7.12e-01)
8528(1002) (1.44e+00 1.47e+00) XE:1.47e-01 (1.25e+00 1.23e+00 | 7.55e-01 7.12e-01)
8563(1002) (1.61e+00 1.47e+00) XE:1.47e-01 (1.21e+00 1.23e+00 | 7.55e-01 7.12e-01)
8599(1008) (1.11e+00 1.47e+00) XE:1.47e-01 (1.25e+00 1.23e+00 | 6.60e-01 7.12e-01)
8634(1001) (1.63e+00 1.47e+00) XE:1.47e-01 (1.23e+00 1.23e+00 | 6.88e-01 7.12e-01)
8670(1002) (1.68e+00 1.47e+00) XE:1.47e-01 (1.26e+00 1.23e+00 | 6.58e-01 7.12e-01)
8705(993) (1.91e+00 1.47e+00) XE:1.47e-01 (1.23e+00 1.23e+00 | 7.27e-01 7.12e-01)
8741(1000) (1.67e+00 1.47e+00) XE:1.47e-01 (1.23e+00 1.23e+00 | 6.86e-01 7.12e-01)
8777(1005) (1.51e+00 1.47e+00) XE:1.47e-01 (1.21e+00 1.23e+00 | 7.87e-01 7.12e-01)
8812(996) (1.32e+00 1.47e+00) XE:1.47e-01 (1.23e+00 1.23e+00 | 6.52e-01 7.12e-01)
8848(1000) (1.71e+00 1.47e+00) XE:1.47e-01 (1.23e+00 1.23e+00 | 7.59e-01 7.12e-01)
8883(1001) (1.80e+00 1.47e+00) XE:1.47e-01 (1.22e+00 1.23e+00 | 6.66e-01 7.12e-01)
8919(1003) (1.38e+00 1.47e+00) XE:1.47e-01 (1.21e+00 1.23e+00 | 6.80e-01 7.12e-01)
8954(996) (1.78e+00 1.47e+00) XE:1.47e-01 (1.23e+00 1.23e+00 | 7.27e-01 7.12e-01)
8990(1001) (1.10e+00 1.47e+00) XE:1.47e-01 (1.20e+00 1.23e+00 | 7.67e-01 7.12e-01)
9025(1012) (1.26e+00 1.47e+00) XE:1.47e-01 (1.22e+00 1.23e+00 | 6.54e-01 7.11e-01)
9061(989) (1.70e+00 1.47e+00) XE:1.47e-01 (1.23e+00 1.23e+00 | 6.78e-01 7.12e-01)
9096(998) (1.18e+00 1.47e+00) XE:1.47e-01 (1.24e+00 1.23e+00 | 6.76e-01 7.12e-01)
9132(997) (1.42e+00 1.47e+00) XE:1.47e-01 (1.27e+00 1.23e+00 | 6.52e-01 7.12e-01)
9167(1006) (1.51e+00 1.47e+00) XE:1.47e-01 (1.23e+00 1.23e+00 | 7.04e-01 7.12e-01)
9203(1005) (1.22e+00 1.47e+00) XE:1.47e-01 (1.23e+00 1.23e+00 | 7.12e-01 7.12e-01)
9238(998) (1.50e+00 1.47e+00) XE:1.47e-01 (1.23e+00 1.23e+00 | 7.18e-01 7.12e-01)
9274(1002) (1.46e+00 1.47e+00) XE:1.47e-01 (1.23e+00 1.23e+00 | 7.53e-01 7.11e-01)
9309(1011) (1.42e+00 1.47e+00) XE:1.47e-01 (1.24e+00 1.23e+00 | 7.27e-01 7.11e-01)
9345(1007) (1.33e+00 1.47e+00) XE:1.47e-01 (1.24e+00 1.23e+00 | 7.43e-01 7.11e-01)
9381(1009) (1.21e+00 1.47e+00) XE:1.47e-01 (1.22e+00 1.23e+00 | 6.88e-01 7.11e-01)
9416(1002) (1.37e+00 1.47e+00) XE:1.47e-01 (1.22e+00 1.23e+00 | 7.63e-01 7.11e-01)
9452(1003) (1.26e+00 1.47e+00) XE:1.47e-01 (1.23e+00 1.23e+00 | 7.23e-01 7.12e-01)
9487(1001) (1.17e+00 1.47e+00) XE:1.47e-01 (1.25e+00 1.23e+00 | 6.98e-01 7.12e-01)
9523(1004) (1.82e+00 1.47e+00) XE:1.47e-01 (1.20e+00 1.23e+00 | 6.84e-01 7.12e-01)
9558(1006) (1.67e+00 1.47e+00) XE:1.47e-01 (1.24e+00 1.23e+00 | 7.39e-01 7.12e-01)
9594(995) (1.48e+00 1.47e+00) XE:1.47e-01 (1.21e+00 1.23e+00 | 7.18e-01 7.12e-01)
9629(1005) (1.64e+00 1.47e+00) XE:1.47e-01 (1.23e+00 1.23e+00 | 6.70e-01 7.12e-01)
9665(1002) (1.24e+00 1.47e+00) XE:1.47e-01 (1.24e+00 1.23e+00 | 7.51e-01 7.12e-01)
9700(991) (1.63e+00 1.47e+00) XE:1.47e-01 (1.26e+00 1.23e+00 | 6.96e-01 7.12e-01)
9736(991) (1.82e+00 1.47e+00) XE:1.47e-01 (1.26e+00 1.23e+00 | 7.35e-01 7.12e-01)
9772(1008) (1.73e+00 1.47e+00) XE:1.47e-01 (1.23e+00 1.23e+00 | 6.84e-01 7.12e-01)
9807(997) (1.72e+00 1.47e+00) XE:1.47e-01 (1.25e+00 1.23e+00 | 6.42e-01 7.12e-01)
9843(995) (2.19e+00 1.47e+00) XE:1.47e-01 (1.21e+00 1.23e+00 | 6.94e-01 7.12e-01)
9878(988) (1.52e+00 1.47e+00) XE:1.47e-01 (1.24e+00 1.23e+00 | 7.06e-01 7.12e-01)
9914(1000) (1.70e+00 1.47e+00) XE:1.47e-01 (1.22e+00 1.23e+00 | 6.84e-01 7.12e-01)
9949(999) (1.31e+00 1.47e+00) XE:1.47e-01 (1.22e+00 1.23e+00 | 6.62e-01 7.12e-01)
9985(990) (1.29e+00 1.47e+00) XE:1.47e-01 (1.21e+00 1.23e+00 | 7.02e-01 7.12e-01)
10000(997) (1.53e+00 1.47e+00) XE:1.47e-01 (1.21e+00 1.23e+00 | 6.74e-01 7.12e-01)
RL cnt: 0,6473644,1418845,225382,0,0,0,0,0,0,0,0,0,0,0,0,
BL cnt: 0,0,0,0,0,0,0,0,1763010,0,6384094,0,1762896,0,0,0,0,0,0,0,0,
[00] Th=9.500000e-01: 6.159282e-01 2.373817e-02 : 4.264443e-02
[01] Th=9.000000e-01: 4.895173e+00 3.010086e+00 : 5.270173e-01
[02] Th=8.500000e-01: 5.334982e+00 3.908557e+00 : 6.162359e-01
[03] Th=8.000000e-01: 5.544522e+00 4.179003e+00 : 6.482350e-01
[04] Th=7.500000e-01: 5.641450e+00 4.330602e+00 : 6.648034e-01
[05] Th=7.000000e-01: 5.726870e+00 4.442157e+00 : 6.779351e-01
[06] Th=6.500000e-01: 5.791611e+00 4.546740e+00 : 6.892234e-01
[07] Th=6.000000e-01: 5.933827e+00 4.734266e+00 : 7.112062e-01
[08] Th=5.500000e-01: 5.996115e+00 4.842169e+00 : 7.225523e-01
[09] Th=5.000000e-01: 6.048323e+00 4.933156e+00 : 7.320985e-01
[10] Th=4.500000e-01: 6.240338e+00 5.196405e+00 : 7.624496e-01
[11] Th=4.000000e-01: 6.294182e+00 5.300813e+00 : 7.729996e-01
[12] Th=3.500000e-01: 6.345032e+00 5.470658e+00 : 7.877126e-01
[13] Th=3.000000e-01: 6.419301e+00 5.766787e+00 : 8.124059e-01
[14] Th=2.500000e-01: 6.476700e+00 5.936567e+00 : 8.275512e-01
[15] Th=2.000000e-01: 6.626635e+00 5.984007e+00 : 8.407095e-01
[16] Th=1.500000e-01: 6.750091e+00 6.002365e+00 : 8.501637e-01
[17] Th=1.000000e-01: 6.752934e+00 6.004204e+00 : 8.504758e-01
[18] Th=5.000000e-02: 6.753128e+00 6.004182e+00 : 8.504874e-01
[19] Th=1.000000e-10: 6.753128e+00 6.004182e+00 : 8.504874e-01
# InnerCodebook: deleted
# NBIDSchannel: deleted
# Gtable: deleted
# FBalg4: deleted
# StatICB: deleted
