# (Pid,Ps)=(4.000000e-02,1.000000e-03) Nseg=200 WinSize=10 [0]
# InnerCB: ICB/2/5_0a_2.bin
# Gtable:  Gtable/5/040_001.bin
# InnerCodebook: beta=5(1024) nu=2
# InnerCodebook: B(B2p)=8(256) 7(128) 
# InnerCodebook: checked CWM, EncMap, DecMap
# beta=5(1024) nu=2 N=1000 Dmax=45
# B=8,7,
# NBIDSchannel: N=1000 Q=4 Dmax=45 (Pid,Ps)=(4.000000e-02,1.000000e-03)
# FBalg4: Nseg=200 Dmax=45(w=91)
# FBalg4: Gtable: Gtable/5/040_001.bin
# Gtable: beta=5 (Pid,Ps,Ptrn)=(4.000000e-02,1.000000e-03,9.200000e-01) Pth=1.000000e-10
# Gtable: beta4p=1024 beta4pp=1048576
# Gtable::Gtable len=0 cnt=1024
# Gtable::Gtable len=1 cnt=4096
# Gtable::Gtable len=2 cnt=14644
# Gtable::Gtable len=3 cnt=60508
# Gtable::Gtable len=4 cnt=147340
# Gtable::Gtable len=5 cnt=451540
# Gtable::Gtable len=6 cnt=450892
# Gtable::Gtable len=7 cnt=905716
# Gtable::Gtable len=8 cnt=146464
# Gtable::Gtable len=9 cnt=100348
# Gtable::Gtable len=10 cnt=1024
# FBalg4: beta=5(1024) (Pid,Ps)=(4.000000e-02,1.000000e-03) Pth=1.000000e-10 N=1000
# StatICB: nu=2 beta=5 beta4p=1024 Bsum=15 HdThNum=20 HdThStep=5.00e-02
# StatICB: B=8,7,
# StatICB: HdThList 9.50e-01,9.00e-01,8.50e-01,8.00e-01,7.50e-01,7.00e-01,6.50e-01,6.00e-01,5.50e-01,5.00e-01,4.50e-01,4.00e-01,3.50e-01,3.00e-01,2.50e-01,2.00e-01,1.50e-01,1.00e-01,5.00e-02,1.00e-10,
0021(990) (2.30e+00 2.25e+00) XE:2.25e-01 (1.22e+00 1.23e+00 | 7.02e-01 7.13e-01)
0043(990) (1.90e+00 2.15e+00) XE:2.15e-01 (1.23e+00 1.23e+00 | 6.94e-01 7.07e-01)
0065(993) (2.44e+00 2.15e+00) XE:2.15e-01 (1.23e+00 1.23e+00 | 7.29e-01 7.08e-01)
0086(1002) (1.45e+00 2.13e+00) XE:2.13e-01 (1.23e+00 1.23e+00 | 6.86e-01 7.08e-01)
0108(998) (2.34e+00 2.13e+00) XE:2.13e-01 (1.23e+00 1.23e+00 | 7.67e-01 7.10e-01)
0130(980) (1.89e+00 2.11e+00) XE:2.11e-01 (1.22e+00 1.23e+00 | 6.82e-01 7.09e-01)
0152(1000) (2.28e+00 2.11e+00) XE:2.11e-01 (1.25e+00 1.23e+00 | 8.01e-01 7.09e-01)
0173(1008) (1.75e+00 2.10e+00) XE:2.10e-01 (1.23e+00 1.23e+00 | 7.43e-01 7.10e-01)
0195(998) (1.88e+00 2.11e+00) XE:2.11e-01 (1.21e+00 1.23e+00 | 7.47e-01 7.09e-01)
0217(995) (2.58e+00 2.11e+00) XE:2.11e-01 (1.22e+00 1.23e+00 | 7.14e-01 7.09e-01)
0239(1012) (1.69e+00 2.11e+00) XE:2.11e-01 (1.23e+00 1.23e+00 | 6.92e-01 7.08e-01)
0261(990) (2.49e+00 2.11e+00) XE:2.11e-01 (1.21e+00 1.23e+00 | 6.80e-01 7.08e-01)
0282(999) (2.27e+00 2.11e+00) XE:2.11e-01 (1.24e+00 1.23e+00 | 7.00e-01 7.07e-01)
0304(1008) (1.52e+00 2.10e+00) XE:2.10e-01 (1.23e+00 1.23e+00 | 7.00e-01 7.08e-01)
0326(992) (2.20e+00 2.11e+00) XE:2.11e-01 (1.25e+00 1.23e+00 | 7.79e-01 7.08e-01)
0348(997) (2.39e+00 2.11e+00) XE:2.11e-01 (1.22e+00 1.23e+00 | 7.06e-01 7.10e-01)
0370(999) (1.55e+00 2.11e+00) XE:2.11e-01 (1.24e+00 1.23e+00 | 7.31e-01 7.10e-01)
0391(991) (2.50e+00 2.10e+00) XE:2.10e-01 (1.20e+00 1.23e+00 | 6.28e-01 7.09e-01)
0413(1007) (1.83e+00 2.10e+00) XE:2.10e-01 (1.23e+00 1.23e+00 | 7.25e-01 7.09e-01)
0435(991) (1.91e+00 2.10e+00) XE:2.10e-01 (1.23e+00 1.23e+00 | 7.18e-01 7.10e-01)
0457(983) (2.16e+00 2.10e+00) XE:2.10e-01 (1.23e+00 1.23e+00 | 7.39e-01 7.10e-01)
0479(992) (2.05e+00 2.10e+00) XE:2.10e-01 (1.23e+00 1.23e+00 | 7.35e-01 7.10e-01)
0500(1010) (1.71e+00 2.10e+00) XE:2.10e-01 (1.26e+00 1.23e+00 | 7.25e-01 7.10e-01)
0522(1001) (1.90e+00 2.09e+00) XE:2.09e-01 (1.22e+00 1.23e+00 | 7.55e-01 7.10e-01)
0544(998) (1.85e+00 2.10e+00) XE:2.10e-01 (1.21e+00 1.23e+00 | 6.80e-01 7.10e-01)
0566(984) (2.75e+00 2.09e+00) XE:2.09e-01 (1.22e+00 1.23e+00 | 6.72e-01 7.11e-01)
0587(983) (1.89e+00 2.10e+00) XE:2.10e-01 (1.24e+00 1.23e+00 | 7.41e-01 7.11e-01)
0609(1004) (2.50e+00 2.10e+00) XE:2.10e-01 (1.25e+00 1.23e+00 | 7.04e-01 7.11e-01)
0631(1013) (2.35e+00 2.10e+00) XE:2.10e-01 (1.23e+00 1.23e+00 | 7.37e-01 7.11e-01)
0653(1012) (1.58e+00 2.10e+00) XE:2.10e-01 (1.22e+00 1.23e+00 | 6.86e-01 7.11e-01)
0675(1000) (2.26e+00 2.10e+00) XE:2.10e-01 (1.21e+00 1.23e+00 | 7.04e-01 7.10e-01)
0696(994) (2.24e+00 2.10e+00) XE:2.10e-01 (1.23e+00 1.23e+00 | 7.14e-01 7.10e-01)
0718(997) (1.87e+00 2.10e+00) XE:2.10e-01 (1.21e+00 1.23e+00 | 7.04e-01 7.10e-01)
0740(1013) (1.66e+00 2.10e+00) XE:2.10e-01 (1.25e+00 1.23e+00 | 7.31e-01 7.10e-01)
0762(983) (2.39e+00 2.10e+00) XE:2.10e-01 (1.22e+00 1.23e+00 | 6.96e-01 7.10e-01)
0783(999) (2.11e+00 2.10e+00) XE:2.10e-01 (1.23e+00 1.23e+00 | 7.25e-01 7.10e-01)
0805(1006) (1.99e+00 2.10e+00) XE:2.10e-01 (1.23e+00 1.23e+00 | 6.70e-01 7.10e-01)
0827(1003) (1.67e+00 2.10e+00) XE:2.10e-01 (1.24e+00 1.23e+00 | 6.88e-01 7.10e-01)
0849(993) (1.88e+00 2.09e+00) XE:2.09e-01 (1.21e+00 1.23e+00 | 6.82e-01 7.11e-01)
0871(987) (2.18e+00 2.10e+00) XE:2.10e-01 (1.23e+00 1.23e+00 | 8.25e-01 7.11e-01)
0892(989) (2.23e+00 2.10e+00) XE:2.10e-01 (1.24e+00 1.23e+00 | 6.86e-01 7.11e-01)
0914(988) (1.74e+00 2.09e+00) XE:2.09e-01 (1.23e+00 1.23e+00 | 6.92e-01 7.11e-01)
0936(1003) (1.79e+00 2.09e+00) XE:2.09e-01 (1.21e+00 1.23e+00 | 7.27e-01 7.11e-01)
0958(1005) (1.99e+00 2.09e+00) XE:2.09e-01 (1.23e+00 1.23e+00 | 8.01e-01 7.11e-01)
0980(971) (2.40e+00 2.10e+00) XE:2.10e-01 (1.24e+00 1.23e+00 | 6.92e-01 7.12e-01)
1001(992) (2.20e+00 2.09e+00) XE:2.09e-01 (1.25e+00 1.23e+00 | 6.96e-01 7.11e-01)
1023(988) (2.80e+00 2.09e+00) XE:2.09e-01 (1.21e+00 1.23e+00 | 6.96e-01 7.11e-01)
1045(992) (2.48e+00 2.09e+00) XE:2.09e-01 (1.22e+00 1.23e+00 | 7.08e-01 7.11e-01)
1067(1008) (2.08e+00 2.10e+00) XE:2.10e-01 (1.23e+00 1.23e+00 | 6.98e-01 7.11e-01)
1089(982) (2.75e+00 2.10e+00) XE:2.10e-01 (1.22e+00 1.23e+00 | 6.28e-01 7.11e-01)
1110(1000) (2.14e+00 2.10e+00) XE:2.10e-01 (1.21e+00 1.23e+00 | 7.16e-01 7.11e-01)
1132(997) (1.95e+00 2.10e+00) XE:2.10e-01 (1.19e+00 1.23e+00 | 7.51e-01 7.12e-01)
1154(1003) (2.11e+00 2.10e+00) XE:2.10e-01 (1.21e+00 1.23e+00 | 7.49e-01 7.12e-01)
1176(984) (3.60e+00 2.10e+00) XE:2.10e-01 (1.24e+00 1.23e+00 | 7.35e-01 7.11e-01)
1197(1006) (2.28e+00 2.10e+00) XE:2.10e-01 (1.23e+00 1.23e+00 | 7.12e-01 7.11e-01)
1219(1009) (2.21e+00 2.10e+00) XE:2.10e-01 (1.25e+00 1.23e+00 | 6.96e-01 7.11e-01)
1241(995) (1.80e+00 2.10e+00) XE:2.10e-01 (1.23e+00 1.23e+00 | 7.47e-01 7.11e-01)
1263(1000) (2.22e+00 2.10e+00) XE:2.10e-01 (1.22e+00 1.23e+00 | 6.56e-01 7.11e-01)
1285(1004) (2.27e+00 2.10e+00) XE:2.10e-01 (1.20e+00 1.23e+00 | 6.70e-01 7.12e-01)
1306(994) (1.82e+00 2.10e+00) XE:2.10e-01 (1.22e+00 1.23e+00 | 7.49e-01 7.12e-01)
1328(1016) (2.02e+00 2.10e+00) XE:2.10e-01 (1.23e+00 1.23e+00 | 6.76e-01 7.11e-01)
1350(996) (2.67e+00 2.10e+00) XE:2.10e-01 (1.25e+00 1.23e+00 | 7.06e-01 7.12e-01)
1372(1002) (2.21e+00 2.10e+00) XE:2.10e-01 (1.22e+00 1.23e+00 | 6.78e-01 7.12e-01)
1393(998) (2.16e+00 2.10e+00) XE:2.10e-01 (1.26e+00 1.23e+00 | 7.00e-01 7.11e-01)
1415(1013) (1.95e+00 2.10e+00) XE:2.10e-01 (1.22e+00 1.23e+00 | 6.88e-01 7.11e-01)
1437(1011) (2.25e+00 2.10e+00) XE:2.10e-01 (1.21e+00 1.23e+00 | 6.58e-01 7.11e-01)
1459(995) (2.21e+00 2.10e+00) XE:2.10e-01 (1.25e+00 1.23e+00 | 7.53e-01 7.11e-01)
1481(1000) (1.86e+00 2.10e+00) XE:2.10e-01 (1.22e+00 1.23e+00 | 7.14e-01 7.11e-01)
1502(996) (2.29e+00 2.10e+00) XE:2.10e-01 (1.22e+00 1.23e+00 | 7.31e-01 7.11e-01)
1524(1014) (2.06e+00 2.10e+00) XE:2.10e-01 (1.21e+00 1.23e+00 | 6.80e-01 7.11e-01)
1546(982) (2.39e+00 2.10e+00) XE:2.10e-01 (1.23e+00 1.23e+00 | 7.25e-01 7.11e-01)
1568(1003) (2.86e+00 2.10e+00) XE:2.10e-01 (1.21e+00 1.23e+00 | 7.39e-01 7.11e-01)
1590(1001) (2.33e+00 2.10e+00) XE:2.10e-01 (1.26e+00 1.23e+00 | 7.23e-01 7.11e-01)
1611(1004) (2.09e+00 2.10e+00) XE:2.10e-01 (1.23e+00 1.23e+00 | 7.02e-01 7.11e-01)
1633(1006) (2.11e+00 2.10e+00) XE:2.10e-01 (1.24e+00 1.23e+00 | 7.35e-01 7.11e-01)
1655(989) (1.97e+00 2.10e+00) XE:2.10e-01 (1.23e+00 1.23e+00 | 7.55e-01 7.11e-01)
1677(992) (2.24e+00 2.10e+00) XE:2.10e-01 (1.24e+00 1.23e+00 | 6.94e-01 7.11e-01)
1698(1014) (1.55e+00 2.10e+00) XE:2.10e-01 (1.25e+00 1.23e+00 | 7.59e-01 7.11e-01)
1720(1000) (2.51e+00 2.10e+00) XE:2.10e-01 (1.21e+00 1.23e+00 | 7.25e-01 7.12e-01)
1742(991) (2.19e+00 2.10e+00) XE:2.10e-01 (1.26e+00 1.23e+00 | 6.70e-01 7.12e-01)
1764(994) (2.35e+00 2.10e+00) XE:2.10e-01 (1.23e+00 1.23e+00 | 6.76e-01 7.12e-01)
1785(1018) (1.98e+00 2.10e+00) XE:2.10e-01 (1.22e+00 1.23e+00 | 7.47e-01 7.12e-01)
1807(998) (2.37e+00 2.10e+00) XE:2.10e-01 (1.21e+00 1.23e+00 | 7.10e-01 7.12e-01)
1829(1002) (1.79e+00 2.10e+00) XE:2.10e-01 (1.24e+00 1.23e+00 | 7.06e-01 7.12e-01)
1851(991) (2.33e+00 2.10e+00) XE:2.10e-01 (1.25e+00 1.23e+00 | 7.43e-01 7.12e-01)
1873(1004) (2.27e+00 2.10e+00) XE:2.10e-01 (1.22e+00 1.23e+00 | 7.57e-01 7.12e-01)
1894(991) (2.03e+00 2.10e+00) XE:2.10e-01 (1.25e+00 1.23e+00 | 7.41e-01 7.12e-01)
1916(997) (1.95e+00 2.10e+00) XE:2.10e-01 (1.23e+00 1.23e+00 | 7.35e-01 7.12e-01)
1938(1010) (1.88e+00 2.10e+00) XE:2.10e-01 (1.24e+00 1.23e+00 | 6.70e-01 7.12e-01)
1960(992) (2.41e+00 2.10e+00) XE:2.10e-01 (1.22e+00 1.23e+00 | 7.57e-01 7.12e-01)
1982(992) (1.58e+00 2.10e+00) XE:2.10e-01 (1.21e+00 1.23e+00 | 7.00e-01 7.12e-01)
2003(1008) (1.81e+00 2.10e+00) XE:2.10e-01 (1.21e+00 1.23e+00 | 7.85e-01 7.12e-01)
2025(997) (2.13e+00 2.10e+00) XE:2.10e-01 (1.24e+00 1.23e+00 | 7.02e-01 7.12e-01)
2047(995) (2.74e+00 2.10e+00) XE:2.10e-01 (1.23e+00 1.23e+00 | 6.78e-01 7.12e-01)
2069(985) (2.27e+00 2.10e+00) XE:2.10e-01 (1.23e+00 1.23e+00 | 6.66e-01 7.12e-01)
2090(986) (2.61e+00 2.10e+00) XE:2.10e-01 (1.23e+00 1.23e+00 | 7.20e-01 7.12e-01)
2112(1007) (2.52e+00 2.10e+00) XE:2.10e-01 (1.25e+00 1.23e+00 | 7.63e-01 7.12e-01)
2134(1012) (2.01e+00 2.10e+00) XE:2.10e-01 (1.23e+00 1.23e+00 | 6.82e-01 7.12e-01)
2156(1006) (1.87e+00 2.10e+00) XE:2.10e-01 (1.24e+00 1.23e+00 | 7.04e-01 7.12e-01)
2177(1002) (1.17e+00 2.10e+00) XE:2.10e-01 (1.21e+00 1.23e+00 | 7.75e-01 7.12e-01)
2199(989) (1.72e+00 2.10e+00) XE:2.10e-01 (1.23e+00 1.23e+00 | 7.27e-01 7.12e-01)
2221(1010) (1.99e+00 2.10e+00) XE:2.10e-01 (1.23e+00 1.23e+00 | 7.37e-01 7.12e-01)
2243(993) (1.82e+00 2.10e+00) XE:2.10e-01 (1.26e+00 1.23e+00 | 7.37e-01 7.12e-01)
2265(995) (1.90e+00 2.10e+00) XE:2.10e-01 (1.25e+00 1.23e+00 | 7.16e-01 7.12e-01)
2286(1008) (1.76e+00 2.10e+00) XE:2.10e-01 (1.21e+00 1.23e+00 | 6.88e-01 7.12e-01)
2308(1003) (2.35e+00 2.10e+00) XE:2.10e-01 (1.26e+00 1.23e+00 | 7.69e-01 7.12e-01)
2330(1007) (2.21e+00 2.10e+00) XE:2.10e-01 (1.25e+00 1.23e+00 | 7.41e-01 7.12e-01)
2352(1009) (1.64e+00 2.10e+00) XE:2.10e-01 (1.20e+00 1.23e+00 | 7.49e-01 7.12e-01)
2373(1009) (1.50e+00 2.10e+00) XE:2.10e-01 (1.23e+00 1.23e+00 | 7.18e-01 7.12e-01)
2395(1012) (1.63e+00 2.10e+00) XE:2.10e-01 (1.22e+00 1.23e+00 | 7.31e-01 7.12e-01)
2417(987) (2.13e+00 2.10e+00) XE:2.10e-01 (1.22e+00 1.23e+00 | 7.14e-01 7.12e-01)
2439(1010) (2.05e+00 2.10e+00) XE:2.10e-01 (1.23e+00 1.23e+00 | 7.04e-01 7.12e-01)
2460(994) (2.27e+00 2.10e+00) XE:2.10e-01 (1.23e+00 1.23e+00 | 7.04e-01 7.12e-01)
2482(1000) (2.55e+00 2.10e+00) XE:2.10e-01 (1.22e+00 1.23e+00 | 7.47e-01 7.12e-01)
2504(997) (2.08e+00 2.10e+00) XE:2.10e-01 (1.26e+00 1.23e+00 | 6.98e-01 7.12e-01)
2526(998) (2.34e+00 2.10e+00) XE:2.10e-01 (1.24e+00 1.23e+00 | 6.92e-01 7.12e-01)
2548(1001) (2.29e+00 2.10e+00) XE:2.10e-01 (1.24e+00 1.23e+00 | 7.29e-01 7.12e-01)
2569(1009) (1.77e+00 2.10e+00) XE:2.10e-01 (1.23e+00 1.23e+00 | 6.90e-01 7.12e-01)
2591(1008) (1.83e+00 2.10e+00) XE:2.10e-01 (1.22e+00 1.23e+00 | 7.37e-01 7.12e-01)
2613(989) (2.05e+00 2.10e+00) XE:2.10e-01 (1.22e+00 1.23e+00 | 7.29e-01 7.12e-01)
2635(1003) (1.76e+00 2.10e+00) XE:2.10e-01 (1.20e+00 1.23e+00 | 7.47e-01 7.12e-01)
2657(1007) (2.18e+00 2.10e+00) XE:2.10e-01 (1.23e+00 1.23e+00 | 6.90e-01 7.12e-01)
2678(1016) (1.81e+00 2.10e+00) XE:2.10e-01 (1.20e+00 1.23e+00 | 7.23e-01 7.12e-01)
2700(1000) (2.36e+00 2.10e+00) XE:2.10e-01 (1.23e+00 1.23e+00 | 7.27e-01 7.12e-01)
2722(1010) (2.01e+00 2.10e+00) XE:2.10e-01 (1.24e+00 1.23e+00 | 7.06e-01 7.12e-01)
2744(1000) (1.97e+00 2.10e+00) XE:2.10e-01 (1.22e+00 1.23e+00 | 7.77e-01 7.12e-01)
2765(987) (2.46e+00 2.10e+00) XE:2.10e-01 (1.22e+00 1.23e+00 | 6.74e-01 7.12e-01)
2787(1005) (1.95e+00 2.10e+00) XE:2.10e-01 (1.23e+00 1.23e+00 | 7.49e-01 7.12e-01)
2809(1013) (1.75e+00 2.10e+00) XE:2.10e-01 (1.22e+00 1.23e+00 | 6.82e-01 7.12e-01)
2831(986) (2.62e+00 2.10e+00) XE:2.10e-01 (1.25e+00 1.23e+00 | 7.79e-01 7.12e-01)
2852(1000) (2.38e+00 2.10e+00) XE:2.10e-01 (1.23e+00 1.23e+00 | 6.92e-01 7.11e-01)
2874(1009) (1.77e+00 2.10e+00) XE:2.10e-01 (1.23e+00 1.23e+00 | 7.20e-01 7.12e-01)
2896(1013) (1.90e+00 2.10e+00) XE:2.10e-01 (1.24e+00 1.23e+00 | 7.49e-01 7.12e-01)
2918(1000) (1.71e+00 2.10e+00) XE:2.10e-01 (1.24e+00 1.23e+00 | 7.00e-01 7.12e-01)
2940(1012) (1.82e+00 2.10e+00) XE:2.10e-01 (1.23e+00 1.23e+00 | 6.98e-01 7.11e-01)
2961(1003) (2.02e+00 2.10e+00) XE:2.10e-01 (1.25e+00 1.23e+00 | 6.70e-01 7.11e-01)
2983(997) (1.85e+00 2.10e+00) XE:2.10e-01 (1.23e+00 1.23e+00 | 6.96e-01 7.12e-01)
3005(999) (1.86e+00 2.10e+00) XE:2.10e-01 (1.23e+00 1.23e+00 | 6.88e-01 7.11e-01)
3027(996) (1.66e+00 2.10e+00) XE:2.10e-01 (1.25e+00 1.23e+00 | 7.37e-01 7.12e-01)
3048(997) (1.80e+00 2.10e+00) XE:2.10e-01 (1.22e+00 1.23e+00 | 7.25e-01 7.11e-01)
3070(1004) (1.90e+00 2.10e+00) XE:2.10e-01 (1.21e+00 1.23e+00 | 6.72e-01 7.11e-01)
3092(996) (1.78e+00 2.10e+00) XE:2.10e-01 (1.21e+00 1.23e+00 | 7.43e-01 7.11e-01)
3114(1004) (2.25e+00 2.10e+00) XE:2.10e-01 (1.22e+00 1.23e+00 | 7.59e-01 7.11e-01)
3135(1006) (2.12e+00 2.10e+00) XE:2.10e-01 (1.20e+00 1.23e+00 | 6.80e-01 7.11e-01)
3157(1007) (2.23e+00 2.10e+00) XE:2.10e-01 (1.25e+00 1.23e+00 | 7.99e-01 7.11e-01)
3179(1005) (2.14e+00 2.10e+00) XE:2.10e-01 (1.22e+00 1.23e+00 | 7.00e-01 7.11e-01)
3201(992) (2.35e+00 2.10e+00) XE:2.10e-01 (1.23e+00 1.23e+00 | 7.14e-01 7.11e-01)
3223(991) (2.42e+00 2.10e+00) XE:2.10e-01 (1.23e+00 1.23e+00 | 6.92e-01 7.11e-01)
3244(996) (2.04e+00 2.10e+00) XE:2.10e-01 (1.21e+00 1.23e+00 | 7.20e-01 7.11e-01)
3266(1000) (1.99e+00 2.10e+00) XE:2.10e-01 (1.24e+00 1.23e+00 | 6.96e-01 7.11e-01)
3288(994) (2.70e+00 2.10e+00) XE:2.10e-01 (1.22e+00 1.23e+00 | 7.02e-01 7.11e-01)
3310(1003) (2.16e+00 2.10e+00) XE:2.10e-01 (1.23e+00 1.23e+00 | 7.33e-01 7.11e-01)
3332(1023) (1.77e+00 2.10e+00) XE:2.10e-01 (1.24e+00 1.23e+00 | 7.12e-01 7.11e-01)
3353(1017) (1.72e+00 2.10e+00) XE:2.10e-01 (1.24e+00 1.23e+00 | 7.53e-01 7.11e-01)
3375(1005) (2.08e+00 2.10e+00) XE:2.10e-01 (1.23e+00 1.23e+00 | 7.33e-01 7.11e-01)
3397(1002) (2.21e+00 2.10e+00) XE:2.10e-01 (1.26e+00 1.23e+00 | 7.04e-01 7.11e-01)
3419(1004) (2.42e+00 2.10e+00) XE:2.10e-01 (1.22e+00 1.23e+00 | 7.45e-01 7.11e-01)
3440(1018) (1.59e+00 2.10e+00) XE:2.10e-01 (1.22e+00 1.23e+00 | 7.41e-01 7.11e-01)
3462(1002) (2.37e+00 2.10e+00) XE:2.10e-01 (1.21e+00 1.23e+00 | 7.41e-01 7.11e-01)
3484(1007) (2.26e+00 2.10e+00) XE:2.10e-01 (1.25e+00 1.23e+00 | 7.04e-01 7.11e-01)
3506(997) (2.47e+00 2.10e+00) XE:2.10e-01 (1.21e+00 1.23e+00 | 7.31e-01 7.12e-01)
3528(1009) (2.05e+00 2.10e+00) XE:2.10e-01 (1.23e+00 1.23e+00 | 7.75e-01 7.12e-01)
3549(1012) (1.56e+00 2.10e+00) XE:2.10e-01 (1.21e+00 1.23e+00 | 7.00e-01 7.12e-01)
3571(989) (1.92e+00 2.10e+00) XE:2.10e-01 (1.25e+00 1.23e+00 | 7.06e-01 7.12e-01)
3593(1005) (1.82e+00 2.10e+00) XE:2.10e-01 (1.22e+00 1.23e+00 | 7.14e-01 7.12e-01)
3615(977) (2.88e+00 2.10e+00) XE:2.10e-01 (1.22e+00 1.23e+00 | 7.37e-01 7.12e-01)
3637(982) (1.84e+00 2.10e+00) XE:2.10e-01 (1.25e+00 1.23e+00 | 7.12e-01 7.12e-01)
3658(992) (1.85e+00 2.10e+00) XE:2.10e-01 (1.22e+00 1.23e+00 | 7.51e-01 7.12e-01)
3680(1008) (2.23e+00 2.10e+00) XE:2.10e-01 (1.22e+00 1.23e+00 | 7.04e-01 7.12e-01)
3702(992) (2.35e+00 2.10e+00) XE:2.10e-01 (1.22e+00 1.23e+00 | 7.63e-01 7.12e-01)
3724(1016) (1.82e+00 2.10e+00) XE:2.10e-01 (1.23e+00 1.23e+00 | 7.23e-01 7.12e-01)
3746(989) (2.53e+00 2.10e+00) XE:2.10e-01 (1.21e+00 1.23e+00 | 6.52e-01 7.12e-01)
3767(1004) (2.63e+00 2.10e+00) XE:2.10e-01 (1.21e+00 1.23e+00 | 6.62e-01 7.12e-01)
3789(1007) (2.12e+00 2.10e+00) XE:2.10e-01 (1.21e+00 1.23e+00 | 7.10e-01 7.12e-01)
3811(999) (2.12e+00 2.10e+00) XE:2.10e-01 (1.24e+00 1.23e+00 | 6.98e-01 7.12e-01)
3833(997) (1.96e+00 2.10e+00) XE:2.10e-01 (1.25e+00 1.23e+00 | 7.02e-01 7.12e-01)
3855(997) (2.33e+00 2.10e+00) XE:2.10e-01 (1.26e+00 1.23e+00 | 7.00e-01 7.12e-01)
3876(1002) (1.72e+00 2.10e+00) XE:2.10e-01 (1.19e+00 1.23e+00 | 7.08e-01 7.12e-01)
3898(1014) (2.09e+00 2.10e+00) XE:2.10e-01 (1.23e+00 1.23e+00 | 7.12e-01 7.12e-01)
3920(1005) (1.96e+00 2.10e+00) XE:2.10e-01 (1.22e+00 1.23e+00 | 7.31e-01 7.12e-01)
3942(1008) (1.67e+00 2.10e+00) XE:2.10e-01 (1.24e+00 1.23e+00 | 7.12e-01 7.12e-01)
3964(992) (2.12e+00 2.10e+00) XE:2.10e-01 (1.24e+00 1.23e+00 | 6.82e-01 7.12e-01)
3985(991) (2.65e+00 2.10e+00) XE:2.10e-01 (1.22e+00 1.23e+00 | 6.72e-01 7.12e-01)
4007(974) (2.31e+00 2.10e+00) XE:2.10e-01 (1.24e+00 1.23e+00 | 7.16e-01 7.12e-01)
4029(1004) (1.90e+00 2.10e+00) XE:2.10e-01 (1.25e+00 1.23e+00 | 7.49e-01 7.12e-01)
4051(998) (2.19e+00 2.10e+00) XE:2.10e-01 (1.24e+00 1.23e+00 | 7.08e-01 7.12e-01)
4072(997) (2.01e+00 2.10e+00) XE:2.10e-01 (1.22e+00 1.23e+00 | 7.23e-01 7.12e-01)
4094(991) (2.67e+00 2.10e+00) XE:2.10e-01 (1.25e+00 1.23e+00 | 7.31e-01 7.12e-01)
4116(998) (1.88e+00 2.10e+00) XE:2.10e-01 (1.23e+00 1.23e+00 | 6.84e-01 7.12e-01)
4138(998) (2.15e+00 2.10e+00) XE:2.10e-01 (1.23e+00 1.23e+00 | 7.33e-01 7.12e-01)
4160(998) (2.43e+00 2.10e+00) XE:2.10e-01 (1.21e+00 1.23e+00 | 6.84e-01 7.12e-01)
4181(991) (2.57e+00 2.10e+00) XE:2.10e-01 (1.22e+00 1.23e+00 | 7.45e-01 7.12e-01)
4203(998) (2.48e+00 2.10e+00) XE:2.10e-01 (1.25e+00 1.23e+00 | 7.00e-01 7.12e-01)
4225(1000) (2.36e+00 2.10e+00) XE:2.10e-01 (1.24e+00 1.23e+00 | 7.63e-01 7.12e-01)
4247(1007) (1.53e+00 2.10e+00) XE:2.10e-01 (1.23e+00 1.23e+00 | 7.43e-01 7.12e-01)
4268(992) (2.39e+00 2.10e+00) XE:2.10e-01 (1.23e+00 1.23e+00 | 6.82e-01 7.12e-01)
4290(1009) (1.74e+00 2.10e+00) XE:2.10e-01 (1.22e+00 1.23e+00 | 7.14e-01 7.12e-01)
4312(997) (2.29e+00 2.10e+00) XE:2.10e-01 (1.22e+00 1.23e+00 | 7.35e-01 7.12e-01)
4334(1012) (2.02e+00 2.10e+00) XE:2.10e-01 (1.23e+00 1.23e+00 | 7.10e-01 7.12e-01)
4355(989) (2.29e+00 2.10e+00) XE:2.10e-01 (1.20e+00 1.23e+00 | 7.10e-01 7.12e-01)
4377(991) (1.93e+00 2.10e+00) XE:2.10e-01 (1.24e+00 1.23e+00 | 7.02e-01 7.12e-01)
4399(1001) (2.32e+00 2.10e+00) XE:2.10e-01 (1.22e+00 1.23e+00 | 6.98e-01 7.12e-01)
4421(1007) (1.89e+00 2.10e+00) XE:2.10e-01 (1.22e+00 1.23e+00 | 7.14e-01 7.12e-01)
4442(998) (2.46e+00 2.10e+00) XE:2.10e-01 (1.22e+00 1.23e+00 | 7.14e-01 7.12e-01)
4464(1002) (2.00e+00 2.10e+00) XE:2.10e-01 (1.22e+00 1.23e+00 | 7.43e-01 7.12e-01)
4486(997) (2.11e+00 2.10e+00) XE:2.10e-01 (1.22e+00 1.23e+00 | 6.76e-01 7.12e-01)
4508(996) (1.80e+00 2.10e+00) XE:2.10e-01 (1.21e+00 1.23e+00 | 7.77e-01 7.12e-01)
4530(999) (2.14e+00 2.10e+00) XE:2.10e-01 (1.22e+00 1.23e+00 | 6.76e-01 7.12e-01)
4551(1011) (2.83e+00 2.10e+00) XE:2.10e-01 (1.21e+00 1.23e+00 | 6.78e-01 7.12e-01)
4573(991) (2.32e+00 2.10e+00) XE:2.10e-01 (1.23e+00 1.23e+00 | 6.96e-01 7.12e-01)
4595(1016) (1.40e+00 2.10e+00) XE:2.10e-01 (1.23e+00 1.23e+00 | 7.49e-01 7.12e-01)
4617(1003) (2.06e+00 2.10e+00) XE:2.10e-01 (1.24e+00 1.23e+00 | 6.68e-01 7.12e-01)
4638(1016) (1.81e+00 2.10e+00) XE:2.10e-01 (1.23e+00 1.23e+00 | 6.76e-01 7.12e-01)
4660(991) (2.49e+00 2.09e+00) XE:2.09e-01 (1.26e+00 1.23e+00 | 7.55e-01 7.12e-01)
4682(1003) (2.07e+00 2.09e+00) XE:2.09e-01 (1.21e+00 1.23e+00 | 6.60e-01 7.12e-01)
4704(988) (2.39e+00 2.10e+00) XE:2.10e-01 (1.25e+00 1.23e+00 | 7.47e-01 7.12e-01)
4726(1005) (1.83e+00 2.10e+00) XE:2.10e-01 (1.23e+00 1.23e+00 | 6.66e-01 7.12e-01)
4747(1009) (1.59e+00 2.10e+00) XE:2.10e-01 (1.22e+00 1.23e+00 | 7.02e-01 7.12e-01)
4769(987) (1.97e+00 2.09e+00) XE:2.09e-01 (1.22e+00 1.23e+00 | 6.94e-01 7.12e-01)
4791(1000) (1.98e+00 2.10e+00) XE:2.10e-01 (1.21e+00 1.23e+00 | 6.80e-01 7.12e-01)
4813(1004) (2.23e+00 2.10e+00) XE:2.10e-01 (1.22e+00 1.23e+00 | 7.43e-01 7.12e-01)
4834(1002) (1.90e+00 2.10e+00) XE:2.10e-01 (1.24e+00 1.23e+00 | 7.20e-01 7.12e-01)
4856(982) (2.59e+00 2.10e+00) XE:2.10e-01 (1.25e+00 1.23e+00 | 7.51e-01 7.12e-01)
4878(998) (2.36e+00 2.10e+00) XE:2.10e-01 (1.25e+00 1.23e+00 | 6.84e-01 7.12e-01)
4900(995) (1.86e+00 2.10e+00) XE:2.10e-01 (1.21e+00 1.23e+00 | 7.10e-01 7.12e-01)
4921(991) (2.16e+00 2.10e+00) XE:2.10e-01 (1.22e+00 1.23e+00 | 7.61e-01 7.11e-01)
4943(990) (1.97e+00 2.10e+00) XE:2.10e-01 (1.21e+00 1.23e+00 | 7.23e-01 7.12e-01)
4965(1014) (1.62e+00 2.10e+00) XE:2.10e-01 (1.23e+00 1.23e+00 | 6.84e-01 7.12e-01)
4987(1008) (1.80e+00 2.10e+00) XE:2.10e-01 (1.25e+00 1.23e+00 | 7.47e-01 7.12e-01)
5009(994) (2.64e+00 2.10e+00) XE:2.10e-01 (1.22e+00 1.23e+00 | 6.98e-01 7.12e-01)
5030(1002) (2.00e+00 2.10e+00) XE:2.10e-01 (1.20e+00 1.23e+00 | 6.88e-01 7.12e-01)
5052(1003) (1.90e+00 2.10e+00) XE:2.10e-01 (1.24e+00 1.23e+00 | 6.76e-01 7.12e-01)
5074(993) (2.25e+00 2.10e+00) XE:2.10e-01 (1.24e+00 1.23e+00 | 7.04e-01 7.11e-01)
5096(997) (1.88e+00 2.10e+00) XE:2.10e-01 (1.24e+00 1.23e+00 | 7.37e-01 7.12e-01)
5117(988) (2.07e+00 2.10e+00) XE:2.10e-01 (1.23e+00 1.23e+00 | 7.41e-01 7.12e-01)
5139(997) (2.28e+00 2.10e+00) XE:2.10e-01 (1.22e+00 1.23e+00 | 6.88e-01 7.12e-01)
5161(1009) (2.36e+00 2.10e+00) XE:2.10e-01 (1.19e+00 1.23e+00 | 7.14e-01 7.12e-01)
5183(1000) (2.21e+00 2.10e+00) XE:2.10e-01 (1.24e+00 1.23e+00 | 7.08e-01 7.12e-01)
5204(993) (2.35e+00 2.10e+00) XE:2.10e-01 (1.22e+00 1.23e+00 | 6.96e-01 7.12e-01)
5226(1011) (1.84e+00 2.10e+00) XE:2.10e-01 (1.26e+00 1.23e+00 | 7.43e-01 7.12e-01)
5248(983) (2.40e+00 2.10e+00) XE:2.10e-01 (1.22e+00 1.23e+00 | 6.84e-01 7.12e-01)
5270(1013) (1.66e+00 2.10e+00) XE:2.10e-01 (1.25e+00 1.23e+00 | 7.04e-01 7.12e-01)
5292(1002) (2.03e+00 2.10e+00) XE:2.10e-01 (1.22e+00 1.23e+00 | 6.52e-01 7.12e-01)
5313(1006) (2.20e+00 2.10e+00) XE:2.10e-01 (1.25e+00 1.23e+00 | 7.83e-01 7.12e-01)
5335(1018) (2.16e+00 2.10e+00) XE:2.10e-01 (1.22e+00 1.23e+00 | 6.64e-01 7.11e-01)
5357(1009) (2.45e+00 2.10e+00) XE:2.10e-01 (1.24e+00 1.23e+00 | 7.27e-01 7.11e-01)
5379(1009) (2.52e+00 2.10e+00) XE:2.10e-01 (1.22e+00 1.23e+00 | 6.42e-01 7.11e-01)
5400(1007) (2.13e+00 2.10e+00) XE:2.10e-01 (1.25e+00 1.23e+00 | 6.68e-01 7.11e-01)
5422(985) (2.02e+00 2.10e+00) XE:2.10e-01 (1.25e+00 1.23e+00 | 6.82e-01 7.11e-01)
5444(1001) (1.94e+00 2.10e+00) XE:2.10e-01 (1.19e+00 1.23e+00 | 6.76e-01 7.11e-01)
5466(998) (2.13e+00 2.10e+00) XE:2.10e-01 (1.22e+00 1.23e+00 | 7.39e-01 7.11e-01)
5487(1001) (1.60e+00 2.10e+00) XE:2.10e-01 (1.21e+00 1.23e+00 | 7.45e-01 7.11e-01)
5509(993) (2.58e+00 2.10e+00) XE:2.10e-01 (1.22e+00 1.23e+00 | 7.04e-01 7.11e-01)
5531(993) (1.87e+00 2.10e+00) XE:2.10e-01 (1.20e+00 1.23e+00 | 7.18e-01 7.11e-01)
5553(992) (2.70e+00 2.10e+00) XE:2.10e-01 (1.23e+00 1.23e+00 | 7.20e-01 7.11e-01)
5574(1001) (2.01e+00 2.10e+00) XE:2.10e-01 (1.22e+00 1.23e+00 | 7.16e-01 7.11e-01)
5596(1015) (1.43e+00 2.10e+00) XE:2.10e-01 (1.23e+00 1.23e+00 | 7.08e-01 7.11e-01)
5618(1004) (2.46e+00 2.10e+00) XE:2.10e-01 (1.24e+00 1.23e+00 | 6.36e-01 7.11e-01)
5640(1010) (1.85e+00 2.10e+00) XE:2.10e-01 (1.23e+00 1.23e+00 | 6.90e-01 7.12e-01)
5661(1001) (2.47e+00 2.10e+00) XE:2.10e-01 (1.23e+00 1.23e+00 | 7.53e-01 7.12e-01)
5683(1006) (2.05e+00 2.10e+00) XE:2.10e-01 (1.23e+00 1.23e+00 | 7.39e-01 7.12e-01)
5705(984) (2.14e+00 2.10e+00) XE:2.10e-01 (1.24e+00 1.23e+00 | 6.92e-01 7.12e-01)
5727(983) (2.72e+00 2.10e+00) XE:2.10e-01 (1.23e+00 1.23e+00 | 7.29e-01 7.12e-01)
5749(1017) (1.44e+00 2.10e+00) XE:2.10e-01 (1.25e+00 1.23e+00 | 7.14e-01 7.12e-01)
5770(1007) (2.08e+00 2.10e+00) XE:2.10e-01 (1.23e+00 1.23e+00 | 7.12e-01 7.12e-01)
5792(1000) (2.45e+00 2.10e+00) XE:2.10e-01 (1.22e+00 1.23e+00 | 6.54e-01 7.12e-01)
5814(1004) (2.18e+00 2.10e+00) XE:2.10e-01 (1.24e+00 1.23e+00 | 7.45e-01 7.12e-01)
5836(1002) (2.29e+00 2.10e+00) XE:2.10e-01 (1.21e+00 1.23e+00 | 7.63e-01 7.12e-01)
5857(994) (1.97e+00 2.10e+00) XE:2.10e-01 (1.22e+00 1.23e+00 | 6.70e-01 7.12e-01)
5879(1011) (1.55e+00 2.10e+00) XE:2.10e-01 (1.21e+00 1.23e+00 | 7.10e-01 7.12e-01)
5901(1003) (2.29e+00 2.10e+00) XE:2.10e-01 (1.24e+00 1.23e+00 | 6.90e-01 7.12e-01)
5923(996) (2.18e+00 2.10e+00) XE:2.10e-01 (1.22e+00 1.23e+00 | 6.88e-01 7.12e-01)
5944(998) (1.88e+00 2.10e+00) XE:2.10e-01 (1.23e+00 1.23e+00 | 6.96e-01 7.12e-01)
5966(1003) (2.10e+00 2.10e+00) XE:2.10e-01 (1.20e+00 1.23e+00 | 6.84e-01 7.12e-01)
5988(1013) (2.26e+00 2.10e+00) XE:2.10e-01 (1.24e+00 1.23e+00 | 7.25e-01 7.12e-01)
6010(984) (2.27e+00 2.10e+00) XE:2.10e-01 (1.25e+00 1.23e+00 | 7.65e-01 7.12e-01)
6032(1006) (1.78e+00 2.10e+00) XE:2.10e-01 (1.25e+00 1.23e+00 | 6.80e-01 7.12e-01)
6053(1008) (2.34e+00 2.10e+00) XE:2.10e-01 (1.24e+00 1.23e+00 | 7.00e-01 7.12e-01)
6075(1000) (2.24e+00 2.10e+00) XE:2.10e-01 (1.20e+00 1.23e+00 | 7.25e-01 7.12e-01)
6097(985) (2.60e+00 2.10e+00) XE:2.10e-01 (1.23e+00 1.23e+00 | 6.90e-01 7.12e-01)
6119(997) (1.97e+00 2.10e+00) XE:2.10e-01 (1.20e+00 1.23e+00 | 6.74e-01 7.12e-01)
6140(1009) (1.74e+00 2.10e+00) XE:2.10e-01 (1.22e+00 1.23e+00 | 7.33e-01 7.12e-01)
6162(995) (1.96e+00 2.10e+00) XE:2.10e-01 (1.23e+00 1.23e+00 | 7.08e-01 7.12e-01)
6184(1003) (2.11e+00 2.10e+00) XE:2.10e-01 (1.26e+00 1.23e+00 | 6.56e-01 7.12e-01)
6205(1013) (2.07e+00 2.10e+00) XE:2.10e-01 (1.24e+00 1.23e+00 | 6.94e-01 7.11e-01)
6227(990) (2.28e+00 2.10e+00) XE:2.10e-01 (1.24e+00 1.23e+00 | 7.27e-01 7.11e-01)
6249(1001) (1.79e+00 2.10e+00) XE:2.10e-01 (1.24e+00 1.23e+00 | 7.81e-01 7.11e-01)
6271(998) (1.84e+00 2.10e+00) XE:2.10e-01 (1.22e+00 1.23e+00 | 7.06e-01 7.11e-01)
6292(987) (2.30e+00 2.10e+00) XE:2.10e-01 (1.24e+00 1.23e+00 | 7.23e-01 7.11e-01)
6314(999) (2.13e+00 2.10e+00) XE:2.10e-01 (1.22e+00 1.23e+00 | 6.90e-01 7.11e-01)
6336(994) (1.94e+00 2.10e+00) XE:2.10e-01 (1.23e+00 1.23e+00 | 6.92e-01 7.11e-01)
6358(998) (2.15e+00 2.10e+00) XE:2.10e-01 (1.23e+00 1.23e+00 | 7.53e-01 7.11e-01)
6379(992) (2.08e+00 2.10e+00) XE:2.10e-01 (1.23e+00 1.23e+00 | 6.78e-01 7.11e-01)
6401(1002) (1.27e+00 2.10e+00) XE:2.10e-01 (1.21e+00 1.23e+00 | 7.35e-01 7.11e-01)
6423(1000) (2.13e+00 2.09e+00) XE:2.09e-01 (1.23e+00 1.23e+00 | 6.94e-01 7.11e-01)
6445(996) (2.62e+00 2.10e+00) XE:2.10e-01 (1.21e+00 1.23e+00 | 7.16e-01 7.11e-01)
6467(1010) (2.24e+00 2.09e+00) XE:2.09e-01 (1.23e+00 1.23e+00 | 7.25e-01 7.11e-01)
6488(1027) (1.95e+00 2.09e+00) XE:2.09e-01 (1.21e+00 1.23e+00 | 7.47e-01 7.11e-01)
6510(1004) (2.31e+00 2.09e+00) XE:2.09e-01 (1.24e+00 1.23e+00 | 7.57e-01 7.11e-01)
6532(980) (2.29e+00 2.09e+00) XE:2.09e-01 (1.23e+00 1.23e+00 | 6.80e-01 7.11e-01)
6554(999) (2.03e+00 2.09e+00) XE:2.09e-01 (1.22e+00 1.23e+00 | 6.72e-01 7.11e-01)
6575(1002) (1.67e+00 2.09e+00) XE:2.09e-01 (1.22e+00 1.23e+00 | 6.96e-01 7.11e-01)
6597(1000) (1.93e+00 2.09e+00) XE:2.09e-01 (1.25e+00 1.23e+00 | 7.10e-01 7.11e-01)
6619(1006) (2.32e+00 2.09e+00) XE:2.09e-01 (1.22e+00 1.23e+00 | 6.64e-01 7.11e-01)
6641(1004) (2.25e+00 2.09e+00) XE:2.09e-01 (1.21e+00 1.23e+00 | 6.84e-01 7.11e-01)
6663(999) (2.01e+00 2.09e+00) XE:2.09e-01 (1.23e+00 1.23e+00 | 7.77e-01 7.11e-01)
6684(999) (2.35e+00 2.09e+00) XE:2.09e-01 (1.20e+00 1.23e+00 | 6.92e-01 7.11e-01)
6706(997) (2.06e+00 2.09e+00) XE:2.09e-01 (1.23e+00 1.23e+00 | 6.94e-01 7.11e-01)
6728(999) (1.88e+00 2.09e+00) XE:2.09e-01 (1.22e+00 1.23e+00 | 7.02e-01 7.11e-01)
6749(989) (2.57e+00 2.09e+00) XE:2.09e-01 (1.22e+00 1.23e+00 | 7.89e-01 7.11e-01)
6771(1003) (1.97e+00 2.09e+00) XE:2.09e-01 (1.21e+00 1.23e+00 | 7.20e-01 7.11e-01)
6793(1007) (1.86e+00 2.09e+00) XE:2.09e-01 (1.24e+00 1.23e+00 | 7.25e-01 7.11e-01)
6815(992) (2.19e+00 2.09e+00) XE:2.09e-01 (1.23e+00 1.23e+00 | 7.35e-01 7.11e-01)
6837(989) (2.23e+00 2.09e+00) XE:2.09e-01 (1.27e+00 1.23e+00 | 7.37e-01 7.11e-01)
6858(1003) (1.94e+00 2.09e+00) XE:2.09e-01 (1.23e+00 1.23e+00 | 7.08e-01 7.11e-01)
6880(1008) (1.81e+00 2.09e+00) XE:2.09e-01 (1.20e+00 1.23e+00 | 7.49e-01 7.11e-01)
6902(997) (2.16e+00 2.09e+00) XE:2.09e-01 (1.25e+00 1.23e+00 | 6.98e-01 7.11e-01)
6924(996) (1.99e+00 2.09e+00) XE:2.09e-01 (1.21e+00 1.23e+00 | 7.51e-01 7.11e-01)
6945(997) (2.36e+00 2.09e+00) XE:2.09e-01 (1.24e+00 1.23e+00 | 7.57e-01 7.11e-01)
6967(1012) (1.92e+00 2.09e+00) XE:2.09e-01 (1.24e+00 1.23e+00 | 7.23e-01 7.11e-01)
6989(989) (1.99e+00 2.09e+00) XE:2.09e-01 (1.22e+00 1.23e+00 | 8.15e-01 7.12e-01)
7011(996) (2.13e+00 2.09e+00) XE:2.09e-01 (1.22e+00 1.23e+00 | 7.23e-01 7.12e-01)
7032(999) (2.08e+00 2.09e+00) XE:2.09e-01 (1.22e+00 1.23e+00 | 7.16e-01 7.12e-01)
7054(989) (2.07e+00 2.09e+00) XE:2.09e-01 (1.24e+00 1.23e+00 | 6.64e-01 7.12e-01)
7076(1000) (2.20e+00 2.09e+00) XE:2.09e-01 (1.24e+00 1.23e+00 | 6.14e-01 7.12e-01)
7098(996) (2.24e+00 2.09e+00) XE:2.09e-01 (1.26e+00 1.23e+00 | 7.33e-01 7.12e-01)
7120(1021) (1.42e+00 2.09e+00) XE:2.09e-01 (1.22e+00 1.23e+00 | 7.71e-01 7.12e-01)
7141(985) (2.56e+00 2.09e+00) XE:2.09e-01 (1.20e+00 1.23e+00 | 7.00e-01 7.12e-01)
7163(1007) (1.70e+00 2.09e+00) XE:2.09e-01 (1.20e+00 1.23e+00 | 7.41e-01 7.12e-01)
7185(999) (1.69e+00 2.09e+00) XE:2.09e-01 (1.22e+00 1.23e+00 | 7.16e-01 7.12e-01)
7207(1009) (2.08e+00 2.09e+00) XE:2.09e-01 (1.23e+00 1.23e+00 | 7.02e-01 7.12e-01)
7228(997) (2.32e+00 2.09e+00) XE:2.09e-01 (1.23e+00 1.23e+00 | 6.92e-01 7.12e-01)
7250(990) (2.33e+00 2.09e+00) XE:2.09e-01 (1.21e+00 1.23e+00 | 7.33e-01 7.12e-01)
7272(1002) (2.05e+00 2.09e+00) XE:2.09e-01 (1.23e+00 1.23e+00 | 6.86e-01 7.12e-01)
7294(999) (2.33e+00 2.09e+00) XE:2.09e-01 (1.23e+00 1.23e+00 | 7.02e-01 7.12e-01)
7315(1011) (1.64e+00 2.09e+00) XE:2.09e-01 (1.22e+00 1.23e+00 | 7.18e-01 7.12e-01)
7337(1014) (1.65e+00 2.09e+00) XE:2.09e-01 (1.24e+00 1.23e+00 | 6.78e-01 7.12e-01)
7359(993) (1.96e+00 2.09e+00) XE:2.09e-01 (1.23e+00 1.23e+00 | 7.39e-01 7.12e-01)
7381(989) (2.14e+00 2.09e+00) XE:2.09e-01 (1.24e+00 1.23e+00 | 6.86e-01 7.12e-01)
7402(997) (2.21e+00 2.09e+00) XE:2.09e-01 (1.24e+00 1.23e+00 | 7.27e-01 7.12e-01)
7424(1000) (2.56e+00 2.09e+00) XE:2.09e-01 (1.21e+00 1.23e+00 | 6.98e-01 7.12e-01)
7446(1006) (2.14e+00 2.09e+00) XE:2.09e-01 (1.21e+00 1.23e+00 | 7.25e-01 7.12e-01)
7468(1003) (2.37e+00 2.09e+00) XE:2.09e-01 (1.22e+00 1.23e+00 | 7.02e-01 7.12e-01)
7490(1009) (1.84e+00 2.09e+00) XE:2.09e-01 (1.23e+00 1.23e+00 | 7.08e-01 7.12e-01)
7511(992) (1.73e+00 2.09e+00) XE:2.09e-01 (1.24e+00 1.23e+00 | 6.98e-01 7.12e-01)
7533(990) (2.10e+00 2.09e+00) XE:2.09e-01 (1.20e+00 1.23e+00 | 6.38e-01 7.12e-01)
7555(1003) (1.44e+00 2.09e+00) XE:2.09e-01 (1.24e+00 1.23e+00 | 7.57e-01 7.12e-01)
7577(992) (1.95e+00 2.09e+00) XE:2.09e-01 (1.21e+00 1.23e+00 | 7.25e-01 7.12e-01)
7598(999) (2.21e+00 2.09e+00) XE:2.09e-01 (1.22e+00 1.23e+00 | 7.14e-01 7.12e-01)
7620(998) (1.95e+00 2.09e+00) XE:2.09e-01 (1.24e+00 1.23e+00 | 7.63e-01 7.12e-01)
7642(1003) (1.92e+00 2.09e+00) XE:2.09e-01 (1.23e+00 1.23e+00 | 7.06e-01 7.12e-01)
7664(999) (1.69e+00 2.09e+00) XE:2.09e-01 (1.22e+00 1.23e+00 | 7.04e-01 7.12e-01)
7685(1002) (2.02e+00 2.09e+00) XE:2.09e-01 (1.22e+00 1.23e+00 | 7.04e-01 7.12e-01)
7707(997) (1.89e+00 2.09e+00) XE:2.09e-01 (1.21e+00 1.23e+00 | 7.29e-01 7.12e-01)
7729(982) (2.29e+00 2.09e+00) XE:2.09e-01 (1.23e+00 1.23e+00 | 7.61e-01 7.12e-01)
7751(1010) (1.95e+00 2.09e+00) XE:2.09e-01 (1.24e+00 1.23e+00 | 7.14e-01 7.12e-01)
7772(994) (1.95e+00 2.09e+00) XE:2.09e-01 (1.23e+00 1.23e+00 | 6.96e-01 7.12e-01)
7794(1002) (1.57e+00 2.09e+00) XE:2.09e-01 (1.24e+00 1.23e+00 | 7.14e-01 7.12e-01)
7816(1015) (1.61e+00 2.09e+00) XE:2.09e-01 (1.22e+00 1.23e+00 | 6.80e-01 7.12e-01)
7838(1006) (1.90e+00 2.09e+00) XE:2.09e-01 (1.21e+00 1.23e+00 | 7.25e-01 7.12e-01)
7859(1004) (1.71e+00 2.09e+00) XE:2.09e-01 (1.26e+00 1.23e+00 | 7.02e-01 7.12e-01)
7881(996) (2.21e+00 2.09e+00) XE:2.09e-01 (1.23e+00 1.23e+00 | 7.18e-01 7.12e-01)
7903(1001) (1.86e+00 2.09e+00) XE:2.09e-01 (1.26e+00 1.23e+00 | 6.30e-01 7.12e-01)
7925(986) (2.07e+00 2.09e+00) XE:2.09e-01 (1.22e+00 1.23e+00 | 6.52e-01 7.12e-01)
7947(997) (1.75e+00 2.09e+00) XE:2.09e-01 (1.22e+00 1.23e+00 | 7.79e-01 7.12e-01)
7968(987) (2.39e+00 2.09e+00) XE:2.09e-01 (1.21e+00 1.23e+00 | 7.71e-01 7.12e-01)
7990(1016) (1.55e+00 2.09e+00) XE:2.09e-01 (1.22e+00 1.23e+00 | 7.31e-01 7.12e-01)
8012(990) (2.25e+00 2.09e+00) XE:2.09e-01 (1.23e+00 1.23e+00 | 7.51e-01 7.12e-01)
8034(1000) (1.66e+00 2.09e+00) XE:2.09e-01 (1.22e+00 1.23e+00 | 6.92e-01 7.12e-01)
8055(1001) (2.03e+00 2.09e+00) XE:2.09e-01 (1.21e+00 1.23e+00 | 7.14e-01 7.12e-01)
8077(998) (2.18e+00 2.09e+00) XE:2.09e-01 (1.24e+00 1.23e+00 | 7.00e-01 7.12e-01)
8099(1002) (2.42e+00 2.09e+00) XE:2.09e-01 (1.24e+00 1.23e+00 | 7.25e-01 7.12e-01)
8121(999) (2.42e+00 2.09e+00) XE:2.09e-01 (1.24e+00 1.23e+00 | 7.29e-01 7.12e-01)
8143(1000) (2.34e+00 2.09e+00) XE:2.09e-01 (1.24e+00 1.23e+00 | 6.30e-01 7.12e-01)
8164(977) (2.41e+00 2.09e+00) XE:2.09e-01 (1.22e+00 1.23e+00 | 7.18e-01 7.12e-01)
8186(981) (2.37e+00 2.09e+00) XE:2.09e-01 (1.24e+00 1.23e+00 | 6.64e-01 7.12e-01)
8208(996) (2.22e+00 2.09e+00) XE:2.09e-01 (1.22e+00 1.23e+00 | 7.75e-01 7.12e-01)
8229(1016) (1.70e+00 2.09e+00) XE:2.09e-01 (1.22e+00 1.23e+00 | 7.51e-01 7.12e-01)
8251(1011) (1.90e+00 2.09e+00) XE:2.09e-01 (1.22e+00 1.23e+00 | 7.00e-01 7.12e-01)
8273(1013) (1.56e+00 2.09e+00) XE:2.09e-01 (1.24e+00 1.23e+00 | 7.02e-01 7.12e-01)
8295(1016) (2.13e+00 2.09e+00) XE:2.09e-01 (1.22e+00 1.23e+00 | 7.71e-01 7.12e-01)
8317(1000) (2.46e+00 2.09e+00) XE:2.09e-01 (1.23e+00 1.23e+00 | 6.84e-01 7.12e-01)
8338(990) (2.25e+00 2.09e+00) XE:2.09e-01 (1.24e+00 1.23e+00 | 7.27e-01 7.12e-01)
8360(1010) (1.90e+00 2.09e+00) XE:2.09e-01 (1.24e+00 1.23e+00 | 6.74e-01 7.12e-01)
8382(1011) (2.13e+00 2.09e+00) XE:2.09e-01 (1.22e+00 1.23e+00 | 7.00e-01 7.12e-01)
8404(997) (2.83e+00 2.09e+00) XE:2.09e-01 (1.23e+00 1.23e+00 | 6.98e-01 7.12e-01)
8426(1002) (2.17e+00 2.09e+00) XE:2.09e-01 (1.23e+00 1.23e+00 | 7.93e-01 7.12e-01)
8447(1004) (2.78e+00 2.09e+00) XE:2.09e-01 (1.24e+00 1.23e+00 | 7.49e-01 7.12e-01)
8469(987) (1.86e+00 2.09e+00) XE:2.09e-01 (1.23e+00 1.23e+00 | 7.37e-01 7.12e-01)
8491(989) (1.91e+00 2.09e+00) XE:2.09e-01 (1.23e+00 1.23e+00 | 7.53e-01 7.12e-01)
8513(990) (2.42e+00 2.09e+00) XE:2.09e-01 (1.21e+00 1.23e+00 | 7.39e-01 7.12e-01)
8534(1003) (2.25e+00 2.09e+00) XE:2.09e-01 (1.24e+00 1.23e+00 | 7.10e-01 7.12e-01)
8556(1011) (1.51e+00 2.09e+00) XE:2.09e-01 (1.25e+00 1.23e+00 | 6.82e-01 7.12e-01)
8578(1012) (2.01e+00 2.09e+00) XE:2.09e-01 (1.22e+00 1.23e+00 | 7.10e-01 7.12e-01)
8600(1002) (1.96e+00 2.09e+00) XE:2.09e-01 (1.25e+00 1.23e+00 | 7.35e-01 7.12e-01)
8621(1008) (2.21e+00 2.09e+00) XE:2.09e-01 (1.24e+00 1.23e+00 | 7.31e-01 7.12e-01)
8643(1001) (2.13e+00 2.09e+00) XE:2.09e-01 (1.22e+00 1.23e+00 | 6.62e-01 7.12e-01)
8665(1014) (1.78e+00 2.09e+00) XE:2.09e-01 (1.21e+00 1.23e+00 | 6.70e-01 7.12e-01)
8687(1005) (1.70e+00 2.09e+00) XE:2.09e-01 (1.23e+00 1.23e+00 | 6.94e-01 7.12e-01)
8709(1020) (1.63e+00 2.09e+00) XE:2.09e-01 (1.26e+00 1.23e+00 | 7.29e-01 7.12e-01)
8730(1001) (2.23e+00 2.09e+00) XE:2.09e-01 (1.24e+00 1.23e+00 | 7.00e-01 7.12e-01)
8752(1009) (2.15e+00 2.09e+00) XE:2.09e-01 (1.23e+00 1.23e+00 | 7.59e-01 7.12e-01)
8774(1010) (1.79e+00 2.09e+00) XE:2.09e-01 (1.22e+00 1.23e+00 | 6.94e-01 7.12e-01)
8796(1018) (1.99e+00 2.09e+00) XE:2.09e-01 (1.23e+00 1.23e+00 | 7.37e-01 7.12e-01)
8817(1013) (1.90e+00 2.09e+00) XE:2.09e-01 (1.22e+00 1.23e+00 | 7.02e-01 7.12e-01)
8839(1009) (2.09e+00 2.09e+00) XE:2.09e-01 (1.25e+00 1.23e+00 | 7.25e-01 7.12e-01)
8861(976) (2.40e+00 2.09e+00) XE:2.09e-01 (1.23e+00 1.23e+00 | 7.63e-01 7.12e-01)
8883(1001) (1.47e+00 2.09e+00) XE:2.09e-01 (1.22e+00 1.23e+00 | 6.62e-01 7.12e-01)
8904(992) (2.63e+00 2.09e+00) XE:2.09e-01 (1.24e+00 1.23e+00 | 7.29e-01 7.12e-01)
8926(989) (1.94e+00 2.09e+00) XE:2.09e-01 (1.21e+00 1.23e+00 | 6.96e-01 7.12e-01)
8948(1008) (2.01e+00 2.09e+00) XE:2.09e-01 (1.22e+00 1.23e+00 | 7.51e-01 7.12e-01)
8970(1006) (1.88e+00 2.09e+00) XE:2.09e-01 (1.24e+00 1.23e+00 | 6.52e-01 7.12e-01)
8992(993) (2.28e+00 2.09e+00) XE:2.09e-01 (1.23e+00 1.23e+00 | 7.67e-01 7.12e-01)
9013(997) (1.88e+00 2.09e+00) XE:2.09e-01 (1.23e+00 1.23e+00 | 7.31e-01 7.12e-01)
9035(1002) (2.27e+00 2.09e+00) XE:2.09e-01 (1.22e+00 1.23e+00 | 7.29e-01 7.12e-01)
9057(993) (2.43e+00 2.09e+00) XE:2.09e-01 (1.22e+00 1.23e+00 | 7.57e-01 7.12e-01)
9079(992) (2.06e+00 2.09e+00) XE:2.09e-01 (1.23e+00 1.23e+00 | 6.07e-01 7.12e-01)
9101(1004) (2.22e+00 2.09e+00) XE:2.09e-01 (1.24e+00 1.23e+00 | 6.32e-01 7.12e-01)
9122(1012) (1.55e+00 2.09e+00) XE:2.09e-01 (1.26e+00 1.23e+00 | 6.76e-01 7.12e-01)
9144(993) (2.35e+00 2.09e+00) XE:2.09e-01 (1.23e+00 1.23e+00 | 6.82e-01 7.12e-01)
9166(1007) (2.06e+00 2.09e+00) XE:2.09e-01 (1.24e+00 1.23e+00 | 6.66e-01 7.12e-01)
9188(982) (2.44e+00 2.09e+00) XE:2.09e-01 (1.26e+00 1.23e+00 | 7.71e-01 7.12e-01)
9209(983) (2.23e+00 2.09e+00) XE:2.09e-01 (1.25e+00 1.23e+00 | 6.82e-01 7.12e-01)
9231(1004) (1.97e+00 2.09e+00) XE:2.09e-01 (1.24e+00 1.23e+00 | 6.52e-01 7.12e-01)
9253(1007) (1.77e+00 2.09e+00) XE:2.09e-01 (1.22e+00 1.23e+00 | 7.51e-01 7.12e-01)
9275(1004) (2.22e+00 2.09e+00) XE:2.09e-01 (1.22e+00 1.23e+00 | 7.35e-01 7.12e-01)
9297(993) (2.21e+00 2.09e+00) XE:2.09e-01 (1.22e+00 1.23e+00 | 7.23e-01 7.12e-01)
9318(1008) (1.61e+00 2.09e+00) XE:2.09e-01 (1.23e+00 1.23e+00 | 6.86e-01 7.12e-01)
9340(1003) (2.24e+00 2.09e+00) XE:2.09e-01 (1.24e+00 1.23e+00 | 6.88e-01 7.12e-01)
9362(1000) (2.08e+00 2.09e+00) XE:2.09e-01 (1.21e+00 1.23e+00 | 6.54e-01 7.12e-01)
9384(1002) (1.47e+00 2.09e+00) XE:2.09e-01 (1.21e+00 1.23e+00 | 7.39e-01 7.12e-01)
9405(986) (2.15e+00 2.09e+00) XE:2.09e-01 (1.23e+00 1.23e+00 | 7.02e-01 7.12e-01)
9427(986) (2.09e+00 2.09e+00) XE:2.09e-01 (1.22e+00 1.23e+00 | 7.39e-01 7.12e-01)
9449(1009) (1.81e+00 2.09e+00) XE:2.09e-01 (1.20e+00 1.23e+00 | 7.23e-01 7.12e-01)
9471(1004) (2.33e+00 2.09e+00) XE:2.09e-01 (1.23e+00 1.23e+00 | 7.61e-01 7.12e-01)
9493(1002) (1.96e+00 2.09e+00) XE:2.09e-01 (1.24e+00 1.23e+00 | 7.02e-01 7.12e-01)
9514(1000) (2.58e+00 2.09e+00) XE:2.09e-01 (1.23e+00 1.23e+00 | 7.97e-01 7.12e-01)
9536(998) (1.75e+00 2.09e+00) XE:2.09e-01 (1.26e+00 1.23e+00 | 6.70e-01 7.12e-01)
9558(1018) (1.09e+00 2.09e+00) XE:2.09e-01 (1.22e+00 1.23e+00 | 7.06e-01 7.12e-01)
9580(988) (2.53e+00 2.09e+00) XE:2.09e-01 (1.22e+00 1.23e+00 | 6.72e-01 7.12e-01)
9601(1010) (1.97e+00 2.09e+00) XE:2.09e-01 (1.21e+00 1.23e+00 | 7.06e-01 7.12e-01)
9623(998) (2.10e+00 2.09e+00) XE:2.09e-01 (1.22e+00 1.23e+00 | 7.18e-01 7.12e-01)
9645(982) (2.19e+00 2.09e+00) XE:2.09e-01 (1.26e+00 1.23e+00 | 7.45e-01 7.12e-01)
9667(987) (2.20e+00 2.09e+00) XE:2.09e-01 (1.24e+00 1.23e+00 | 7.18e-01 7.12e-01)
9689(1008) (1.82e+00 2.09e+00) XE:2.09e-01 (1.22e+00 1.23e+00 | 6.76e-01 7.12e-01)
9710(1002) (1.79e+00 2.09e+00) XE:2.09e-01 (1.21e+00 1.23e+00 | 7.14e-01 7.12e-01)
9732(1001) (2.27e+00 2.09e+00) XE:2.09e-01 (1.23e+00 1.23e+00 | 7.41e-01 7.12e-01)
9754(985) (2.32e+00 2.09e+00) XE:2.09e-01 (1.23e+00 1.23e+00 | 6.72e-01 7.12e-01)
9776(994) (2.28e+00 2.09e+00) XE:2.09e-01 (1.23e+00 1.23e+00 | 7.35e-01 7.12e-01)
9797(984) (2.36e+00 2.09e+00) XE:2.09e-01 (1.24e+00 1.23e+00 | 7.69e-01 7.12e-01)
9819(990) (2.14e+00 2.09e+00) XE:2.09e-01 (1.23e+00 1.23e+00 | 6.74e-01 7.12e-01)
9841(1009) (2.25e+00 2.09e+00) XE:2.09e-01 (1.24e+00 1.23e+00 | 7.06e-01 7.12e-01)
9863(1008) (2.10e+00 2.09e+00) XE:2.09e-01 (1.25e+00 1.23e+00 | 7.04e-01 7.12e-01)
9885(984) (3.33e+00 2.09e+00) XE:2.09e-01 (1.23e+00 1.23e+00 | 6.50e-01 7.12e-01)
9907(1009) (1.41e+00 2.09e+00) XE:2.09e-01 (1.24e+00 1.23e+00 | 6.84e-01 7.12e-01)
9928(1013) (1.84e+00 2.09e+00) XE:2.09e-01 (1.23e+00 1.23e+00 | 6.74e-01 7.12e-01)
9950(990) (2.04e+00 2.09e+00) XE:2.09e-01 (1.24e+00 1.23e+00 | 7.00e-01 7.12e-01)
9972(998) (2.00e+00 2.09e+00) XE:2.09e-01 (1.21e+00 1.23e+00 | 7.55e-01 7.12e-01)
9994(1003) (1.94e+00 2.09e+00) XE:2.09e-01 (1.21e+00 1.23e+00 | 7.18e-01 7.12e-01)
10000(1008) (1.67e+00 2.09e+00) XE:2.09e-01 (1.24e+00 1.23e+00 | 7.41e-01 7.12e-01)
RL cnt: 0,6472535,1418179,226204,0,0,0,0,0,0,0,0,0,0,0,0,
BL cnt: 0,0,0,0,0,0,0,0,1763734,0,6382745,0,1763521,0,0,0,0,0,0,0,0,
[00] Th=9.500000e-01: 1.199743e+00 3.033915e-01 : 1.002090e-01
[01] Th=9.000000e-01: 2.581014e+00 9.184558e-01 : 2.332980e-01
[02] Th=8.500000e-01: 3.371123e+00 1.672412e+00 : 3.362356e-01
[03] Th=8.000000e-01: 3.771153e+00 2.290662e+00 : 4.041210e-01
[04] Th=7.500000e-01: 3.995036e+00 2.667871e+00 : 4.441938e-01
[05] Th=7.000000e-01: 4.171607e+00 2.923265e+00 : 4.729915e-01
[06] Th=6.500000e-01: 4.310413e+00 3.128857e+00 : 4.959513e-01
[07] Th=6.000000e-01: 4.536253e+00 3.400575e+00 : 5.291219e-01
[08] Th=5.500000e-01: 4.662459e+00 3.569675e+00 : 5.488089e-01
[09] Th=5.000000e-01: 4.777518e+00 3.730599e+00 : 5.672078e-01
[10] Th=4.500000e-01: 5.060615e+00 4.031979e+00 : 6.061730e-01
[11] Th=4.000000e-01: 5.167771e+00 4.207582e+00 : 6.250235e-01
[12] Th=3.500000e-01: 5.271014e+00 4.439646e+00 : 6.473773e-01
[13] Th=3.000000e-01: 5.407158e+00 4.836654e+00 : 6.829208e-01
[14] Th=2.500000e-01: 5.521439e+00 5.154256e+00 : 7.117130e-01
[15] Th=2.000000e-01: 5.767490e+00 5.318205e+00 : 7.390463e-01
[16] Th=1.500000e-01: 6.012774e+00 5.391898e+00 : 7.603115e-01
[17] Th=1.000000e-01: 6.031661e+00 5.402936e+00 : 7.623065e-01
[18] Th=5.000000e-02: 6.032949e+00 5.403118e+00 : 7.624045e-01
[19] Th=1.000000e-10: 6.032943e+00 5.403118e+00 : 7.624041e-01
# InnerCodebook: deleted
# NBIDSchannel: deleted
# Gtable: deleted
# FBalg4: deleted
# StatICB: deleted
