# (Pid,Ps)=(4.500000e-02,1.000000e-02) Nseg=200 WinSize=10 [0]
# InnerCB: ICB/2/5_0a_2.bin
# Gtable:  Gtable/5/045_010.bin
# InnerCodebook: beta=5(1024) nu=2
# InnerCodebook: B(B2p)=8(256) 7(128) 
# InnerCodebook: checked CWM, EncMap, DecMap
# beta=5(1024) nu=2 N=1000 Dmax=50
# B=8,7,
# NBIDSchannel: N=1000 Q=4 Dmax=50 (Pid,Ps)=(4.500000e-02,1.000000e-02)
# FBalg4: Nseg=200 Dmax=50(w=101)
# FBalg4: Gtable: Gtable/5/045_010.bin
# Gtable: beta=5 (Pid,Ps,Ptrn)=(4.500000e-02,1.000000e-02,9.100000e-01) Pth=1.000000e-10
# Gtable: beta4p=1024 beta4pp=1048576
# Gtable::Gtable len=0 cnt=1024
# Gtable::Gtable len=1 cnt=4096
# Gtable::Gtable len=2 cnt=16384
# Gtable::Gtable len=3 cnt=65536
# Gtable::Gtable len=4 cnt=241636
# Gtable::Gtable len=5 cnt=826768
# Gtable::Gtable len=6 cnt=1541824
# Gtable::Gtable len=7 cnt=2651728
# Gtable::Gtable len=8 cnt=1264036
# Gtable::Gtable len=9 cnt=204496
# Gtable::Gtable len=10 cnt=31744
# FBalg4: beta=5(1024) (Pid,Ps)=(4.500000e-02,1.000000e-02) Pth=1.000000e-10 N=1000
# StatICB: nu=2 beta=5 beta4p=1024 Bsum=15 HdThNum=20 HdThStep=5.00e-02
# StatICB: B=8,7,
# StatICB: HdThList 9.50e-01,9.00e-01,8.50e-01,8.00e-01,7.50e-01,7.00e-01,6.50e-01,6.00e-01,5.50e-01,5.00e-01,4.50e-01,4.00e-01,3.50e-01,3.00e-01,2.50e-01,2.00e-01,1.50e-01,1.00e-01,5.00e-02,1.00e-10,
0016(1000) (3.22e+00 2.88e+00) XE:2.88e-01 (1.20e+00 1.22e+00 | 6.64e-01 7.04e-01)
0031(1011) (2.61e+00 2.82e+00) XE:2.82e-01 (1.22e+00 1.22e+00 | 7.02e-01 7.05e-01)
0047(1005) (2.60e+00 2.83e+00) XE:2.83e-01 (1.19e+00 1.22e+00 | 7.57e-01 7.09e-01)
0062(1004) (2.58e+00 2.81e+00) XE:2.81e-01 (1.23e+00 1.22e+00 | 6.54e-01 7.09e-01)
0078(995) (2.77e+00 2.78e+00) XE:2.78e-01 (1.23e+00 1.22e+00 | 7.23e-01 7.09e-01)
0094(1001) (2.99e+00 2.81e+00) XE:2.81e-01 (1.25e+00 1.22e+00 | 7.27e-01 7.08e-01)
0109(1000) (2.27e+00 2.80e+00) XE:2.80e-01 (1.25e+00 1.23e+00 | 7.16e-01 7.10e-01)
0125(986) (2.34e+00 2.77e+00) XE:2.77e-01 (1.20e+00 1.23e+00 | 7.10e-01 7.09e-01)
0140(1005) (2.88e+00 2.77e+00) XE:2.77e-01 (1.24e+00 1.23e+00 | 7.33e-01 7.10e-01)
0156(1002) (2.82e+00 2.79e+00) XE:2.79e-01 (1.22e+00 1.23e+00 | 6.88e-01 7.10e-01)
0171(1031) (2.66e+00 2.80e+00) XE:2.80e-01 (1.25e+00 1.23e+00 | 7.14e-01 7.10e-01)
0187(1011) (2.22e+00 2.82e+00) XE:2.82e-01 (1.21e+00 1.23e+00 | 6.84e-01 7.11e-01)
0203(998) (3.12e+00 2.82e+00) XE:2.82e-01 (1.24e+00 1.23e+00 | 7.06e-01 7.11e-01)
0218(1006) (2.48e+00 2.82e+00) XE:2.82e-01 (1.26e+00 1.23e+00 | 7.25e-01 7.11e-01)
0234(1004) (2.50e+00 2.82e+00) XE:2.82e-01 (1.23e+00 1.23e+00 | 6.46e-01 7.10e-01)
0249(994) (2.71e+00 2.82e+00) XE:2.82e-01 (1.26e+00 1.23e+00 | 7.67e-01 7.09e-01)
0265(993) (2.41e+00 2.82e+00) XE:2.82e-01 (1.22e+00 1.23e+00 | 7.12e-01 7.09e-01)
0281(1023) (2.66e+00 2.82e+00) XE:2.82e-01 (1.23e+00 1.23e+00 | 7.33e-01 7.09e-01)
0296(1017) (2.38e+00 2.82e+00) XE:2.82e-01 (1.24e+00 1.23e+00 | 6.56e-01 7.09e-01)
0312(1018) (2.76e+00 2.82e+00) XE:2.82e-01 (1.25e+00 1.23e+00 | 7.41e-01 7.09e-01)
0327(982) (2.98e+00 2.82e+00) XE:2.82e-01 (1.23e+00 1.23e+00 | 7.51e-01 7.09e-01)
0343(990) (3.23e+00 2.83e+00) XE:2.83e-01 (1.22e+00 1.23e+00 | 6.78e-01 7.09e-01)
0359(1017) (2.38e+00 2.83e+00) XE:2.83e-01 (1.24e+00 1.23e+00 | 6.74e-01 7.09e-01)
0374(993) (3.08e+00 2.84e+00) XE:2.84e-01 (1.24e+00 1.23e+00 | 7.25e-01 7.09e-01)
0390(990) (2.52e+00 2.84e+00) XE:2.84e-01 (1.25e+00 1.23e+00 | 7.31e-01 7.09e-01)
0405(1002) (2.32e+00 2.84e+00) XE:2.84e-01 (1.24e+00 1.23e+00 | 6.14e-01 7.09e-01)
0421(1000) (2.50e+00 2.83e+00) XE:2.83e-01 (1.23e+00 1.23e+00 | 6.58e-01 7.09e-01)
0437(991) (2.92e+00 2.83e+00) XE:2.83e-01 (1.21e+00 1.23e+00 | 6.58e-01 7.08e-01)
0452(998) (3.05e+00 2.83e+00) XE:2.83e-01 (1.27e+00 1.23e+00 | 6.76e-01 7.09e-01)
0468(986) (2.73e+00 2.83e+00) XE:2.83e-01 (1.21e+00 1.23e+00 | 7.51e-01 7.09e-01)
0483(995) (2.54e+00 2.82e+00) XE:2.82e-01 (1.24e+00 1.23e+00 | 6.78e-01 7.09e-01)
0499(997) (2.80e+00 2.83e+00) XE:2.83e-01 (1.25e+00 1.23e+00 | 7.23e-01 7.09e-01)
0515(1018) (3.10e+00 2.83e+00) XE:2.83e-01 (1.21e+00 1.23e+00 | 6.96e-01 7.10e-01)
0530(1001) (2.77e+00 2.83e+00) XE:2.83e-01 (1.22e+00 1.23e+00 | 6.98e-01 7.10e-01)
0546(1011) (2.50e+00 2.83e+00) XE:2.83e-01 (1.27e+00 1.23e+00 | 7.35e-01 7.10e-01)
0561(998) (2.80e+00 2.83e+00) XE:2.83e-01 (1.20e+00 1.23e+00 | 7.10e-01 7.10e-01)
0577(1001) (4.01e+00 2.83e+00) XE:2.83e-01 (1.25e+00 1.23e+00 | 6.82e-01 7.09e-01)
0593(1005) (2.95e+00 2.83e+00) XE:2.83e-01 (1.28e+00 1.23e+00 | 7.71e-01 7.09e-01)
0608(1006) (2.65e+00 2.83e+00) XE:2.83e-01 (1.23e+00 1.23e+00 | 7.35e-01 7.10e-01)
0624(1005) (2.70e+00 2.83e+00) XE:2.83e-01 (1.21e+00 1.23e+00 | 7.51e-01 7.10e-01)
0639(994) (2.18e+00 2.82e+00) XE:2.82e-01 (1.21e+00 1.23e+00 | 7.20e-01 7.10e-01)
0655(993) (3.14e+00 2.83e+00) XE:2.83e-01 (1.24e+00 1.23e+00 | 7.20e-01 7.10e-01)
0670(997) (3.63e+00 2.83e+00) XE:2.83e-01 (1.21e+00 1.23e+00 | 7.08e-01 7.10e-01)
0686(997) (2.76e+00 2.83e+00) XE:2.83e-01 (1.24e+00 1.23e+00 | 6.90e-01 7.10e-01)
0702(1002) (2.41e+00 2.83e+00) XE:2.83e-01 (1.24e+00 1.23e+00 | 7.25e-01 7.10e-01)
0717(996) (3.44e+00 2.83e+00) XE:2.83e-01 (1.24e+00 1.23e+00 | 7.08e-01 7.10e-01)
0733(1000) (2.51e+00 2.84e+00) XE:2.84e-01 (1.20e+00 1.23e+00 | 7.16e-01 7.10e-01)
0748(999) (2.24e+00 2.84e+00) XE:2.84e-01 (1.22e+00 1.23e+00 | 6.78e-01 7.10e-01)
0764(995) (2.63e+00 2.83e+00) XE:2.83e-01 (1.25e+00 1.23e+00 | 7.25e-01 7.09e-01)
0779(999) (2.52e+00 2.83e+00) XE:2.83e-01 (1.24e+00 1.23e+00 | 7.04e-01 7.09e-01)
0795(997) (5.53e+00 2.84e+00) XE:2.84e-01 (1.25e+00 1.23e+00 | 6.80e-01 7.10e-01)
0810(995) (2.27e+00 2.84e+00) XE:2.84e-01 (1.21e+00 1.23e+00 | 6.80e-01 7.10e-01)
0826(1006) (3.19e+00 2.84e+00) XE:2.84e-01 (1.26e+00 1.23e+00 | 7.53e-01 7.10e-01)
0841(1004) (2.76e+00 2.84e+00) XE:2.84e-01 (1.20e+00 1.23e+00 | 7.61e-01 7.10e-01)
0857(1019) (2.42e+00 2.84e+00) XE:2.84e-01 (1.21e+00 1.23e+00 | 6.58e-01 7.10e-01)
0872(1007) (2.69e+00 2.84e+00) XE:2.84e-01 (1.24e+00 1.23e+00 | 6.58e-01 7.10e-01)
0888(1005) (2.41e+00 2.84e+00) XE:2.84e-01 (1.24e+00 1.23e+00 | 7.43e-01 7.10e-01)
0904(1002) (2.78e+00 2.84e+00) XE:2.84e-01 (1.22e+00 1.23e+00 | 6.80e-01 7.10e-01)
0919(1000) (3.14e+00 2.84e+00) XE:2.84e-01 (1.23e+00 1.23e+00 | 6.84e-01 7.10e-01)
0935(1019) (2.71e+00 2.84e+00) XE:2.84e-01 (1.22e+00 1.23e+00 | 7.00e-01 7.10e-01)
0950(1003) (2.80e+00 2.84e+00) XE:2.84e-01 (1.24e+00 1.23e+00 | 7.06e-01 7.10e-01)
0966(997) (2.80e+00 2.85e+00) XE:2.85e-01 (1.22e+00 1.23e+00 | 7.27e-01 7.11e-01)
0981(994) (2.67e+00 2.85e+00) XE:2.85e-01 (1.23e+00 1.23e+00 | 7.35e-01 7.11e-01)
0997(1001) (2.81e+00 2.85e+00) XE:2.85e-01 (1.23e+00 1.23e+00 | 7.41e-01 7.11e-01)
1013(1005) (2.59e+00 2.85e+00) XE:2.85e-01 (1.26e+00 1.23e+00 | 7.06e-01 7.11e-01)
1028(990) (2.90e+00 2.85e+00) XE:2.85e-01 (1.26e+00 1.23e+00 | 7.45e-01 7.11e-01)
1044(987) (3.76e+00 2.85e+00) XE:2.85e-01 (1.21e+00 1.23e+00 | 6.96e-01 7.11e-01)
1059(1001) (3.21e+00 2.85e+00) XE:2.85e-01 (1.20e+00 1.23e+00 | 7.16e-01 7.11e-01)
1074(1012) (2.54e+00 2.85e+00) XE:2.85e-01 (1.20e+00 1.23e+00 | 7.39e-01 7.11e-01)
1090(1006) (2.73e+00 2.85e+00) XE:2.85e-01 (1.24e+00 1.23e+00 | 6.86e-01 7.11e-01)
1106(994) (2.84e+00 2.85e+00) XE:2.85e-01 (1.25e+00 1.23e+00 | 6.96e-01 7.11e-01)
1121(995) (3.10e+00 2.85e+00) XE:2.85e-01 (1.23e+00 1.23e+00 | 6.80e-01 7.11e-01)
1137(982) (3.25e+00 2.84e+00) XE:2.84e-01 (1.23e+00 1.23e+00 | 6.36e-01 7.11e-01)
1153(994) (2.17e+00 2.84e+00) XE:2.84e-01 (1.23e+00 1.23e+00 | 7.12e-01 7.11e-01)
1168(991) (3.26e+00 2.84e+00) XE:2.84e-01 (1.24e+00 1.23e+00 | 7.43e-01 7.11e-01)
1184(1003) (2.94e+00 2.84e+00) XE:2.84e-01 (1.22e+00 1.23e+00 | 7.06e-01 7.12e-01)
1199(997) (2.64e+00 2.84e+00) XE:2.84e-01 (1.22e+00 1.23e+00 | 7.43e-01 7.12e-01)
1215(1003) (2.43e+00 2.84e+00) XE:2.84e-01 (1.25e+00 1.23e+00 | 7.20e-01 7.11e-01)
1231(1000) (2.49e+00 2.84e+00) XE:2.84e-01 (1.24e+00 1.23e+00 | 7.49e-01 7.11e-01)
1246(1006) (2.65e+00 2.84e+00) XE:2.84e-01 (1.25e+00 1.23e+00 | 7.25e-01 7.12e-01)
1262(989) (2.74e+00 2.84e+00) XE:2.84e-01 (1.21e+00 1.23e+00 | 7.47e-01 7.12e-01)
1278(1010) (2.89e+00 2.84e+00) XE:2.84e-01 (1.23e+00 1.23e+00 | 6.82e-01 7.12e-01)
1293(1007) (2.92e+00 2.84e+00) XE:2.84e-01 (1.24e+00 1.23e+00 | 6.98e-01 7.12e-01)
1309(1000) (2.75e+00 2.84e+00) XE:2.84e-01 (1.23e+00 1.23e+00 | 7.25e-01 7.12e-01)
1324(991) (2.39e+00 2.84e+00) XE:2.84e-01 (1.21e+00 1.23e+00 | 7.43e-01 7.12e-01)
1340(1016) (2.53e+00 2.84e+00) XE:2.84e-01 (1.24e+00 1.23e+00 | 7.08e-01 7.11e-01)
1356(985) (2.79e+00 2.84e+00) XE:2.84e-01 (1.24e+00 1.23e+00 | 7.25e-01 7.11e-01)
1371(995) (3.31e+00 2.84e+00) XE:2.84e-01 (1.23e+00 1.23e+00 | 6.42e-01 7.11e-01)
1387(1002) (3.26e+00 2.84e+00) XE:2.84e-01 (1.22e+00 1.23e+00 | 7.04e-01 7.11e-01)
1402(996) (3.17e+00 2.84e+00) XE:2.84e-01 (1.21e+00 1.23e+00 | 6.82e-01 7.11e-01)
1418(1001) (3.02e+00 2.84e+00) XE:2.84e-01 (1.23e+00 1.23e+00 | 6.96e-01 7.11e-01)
1434(990) (2.77e+00 2.84e+00) XE:2.84e-01 (1.24e+00 1.23e+00 | 6.76e-01 7.12e-01)
1449(988) (6.04e+00 2.84e+00) XE:2.84e-01 (1.24e+00 1.23e+00 | 6.98e-01 7.12e-01)
1465(999) (3.31e+00 2.84e+00) XE:2.84e-01 (1.26e+00 1.23e+00 | 7.00e-01 7.11e-01)
1481(1007) (2.90e+00 2.84e+00) XE:2.84e-01 (1.22e+00 1.23e+00 | 7.29e-01 7.11e-01)
1496(994) (2.67e+00 2.84e+00) XE:2.84e-01 (1.24e+00 1.23e+00 | 7.29e-01 7.11e-01)
1512(989) (3.47e+00 2.84e+00) XE:2.84e-01 (1.23e+00 1.23e+00 | 7.59e-01 7.12e-01)
1527(997) (2.33e+00 2.84e+00) XE:2.84e-01 (1.23e+00 1.23e+00 | 6.01e-01 7.11e-01)
1543(1006) (2.25e+00 2.84e+00) XE:2.84e-01 (1.22e+00 1.23e+00 | 6.72e-01 7.11e-01)
1559(992) (2.69e+00 2.84e+00) XE:2.84e-01 (1.23e+00 1.23e+00 | 7.53e-01 7.11e-01)
1574(995) (3.35e+00 2.84e+00) XE:2.84e-01 (1.21e+00 1.23e+00 | 7.43e-01 7.11e-01)
1590(987) (3.33e+00 2.84e+00) XE:2.84e-01 (1.23e+00 1.23e+00 | 7.18e-01 7.11e-01)
1606(1014) (3.05e+00 2.84e+00) XE:2.84e-01 (1.25e+00 1.23e+00 | 7.59e-01 7.11e-01)
1621(999) (2.66e+00 2.84e+00) XE:2.84e-01 (1.24e+00 1.23e+00 | 6.48e-01 7.11e-01)
1637(1005) (2.17e+00 2.84e+00) XE:2.84e-01 (1.21e+00 1.23e+00 | 7.77e-01 7.11e-01)
1652(1008) (3.12e+00 2.84e+00) XE:2.84e-01 (1.22e+00 1.23e+00 | 8.03e-01 7.12e-01)
1668(992) (2.81e+00 2.84e+00) XE:2.84e-01 (1.24e+00 1.23e+00 | 7.02e-01 7.11e-01)
1684(1001) (2.59e+00 2.84e+00) XE:2.84e-01 (1.24e+00 1.23e+00 | 6.92e-01 7.11e-01)
1699(1006) (2.80e+00 2.84e+00) XE:2.84e-01 (1.24e+00 1.23e+00 | 7.12e-01 7.11e-01)
1715(992) (2.93e+00 2.84e+00) XE:2.84e-01 (1.21e+00 1.23e+00 | 7.51e-01 7.11e-01)
1731(990) (2.90e+00 2.84e+00) XE:2.84e-01 (1.26e+00 1.23e+00 | 7.06e-01 7.12e-01)
1746(1016) (2.88e+00 2.84e+00) XE:2.84e-01 (1.22e+00 1.23e+00 | 7.00e-01 7.12e-01)
1762(993) (2.71e+00 2.84e+00) XE:2.84e-01 (1.21e+00 1.23e+00 | 7.00e-01 7.12e-01)
1778(990) (2.24e+00 2.84e+00) XE:2.84e-01 (1.23e+00 1.23e+00 | 7.61e-01 7.12e-01)
1793(997) (2.93e+00 2.85e+00) XE:2.85e-01 (1.23e+00 1.23e+00 | 7.37e-01 7.12e-01)
1809(993) (2.83e+00 2.85e+00) XE:2.85e-01 (1.22e+00 1.23e+00 | 7.20e-01 7.12e-01)
1824(1010) (2.31e+00 2.85e+00) XE:2.85e-01 (1.22e+00 1.23e+00 | 7.04e-01 7.12e-01)
1840(998) (2.76e+00 2.85e+00) XE:2.85e-01 (1.22e+00 1.23e+00 | 7.16e-01 7.12e-01)
1856(982) (2.55e+00 2.85e+00) XE:2.85e-01 (1.21e+00 1.23e+00 | 8.25e-01 7.12e-01)
1871(1025) (3.10e+00 2.85e+00) XE:2.85e-01 (1.24e+00 1.23e+00 | 6.82e-01 7.12e-01)
1887(1011) (2.94e+00 2.85e+00) XE:2.85e-01 (1.24e+00 1.23e+00 | 7.91e-01 7.12e-01)
1902(1014) (2.19e+00 2.85e+00) XE:2.85e-01 (1.22e+00 1.23e+00 | 7.23e-01 7.12e-01)
1918(992) (2.76e+00 2.85e+00) XE:2.85e-01 (1.26e+00 1.23e+00 | 7.08e-01 7.12e-01)
1934(994) (3.12e+00 2.85e+00) XE:2.85e-01 (1.24e+00 1.23e+00 | 7.06e-01 7.12e-01)
1949(1007) (2.35e+00 2.85e+00) XE:2.85e-01 (1.21e+00 1.23e+00 | 7.41e-01 7.12e-01)
1965(1004) (4.11e+00 2.85e+00) XE:2.85e-01 (1.24e+00 1.23e+00 | 6.94e-01 7.12e-01)
1980(999) (3.02e+00 2.85e+00) XE:2.85e-01 (1.23e+00 1.23e+00 | 6.86e-01 7.12e-01)
1996(1001) (2.64e+00 2.85e+00) XE:2.85e-01 (1.23e+00 1.23e+00 | 7.81e-01 7.12e-01)
2012(1000) (1.96e+00 2.85e+00) XE:2.85e-01 (1.24e+00 1.23e+00 | 7.14e-01 7.12e-01)
2027(1006) (1.98e+00 2.85e+00) XE:2.85e-01 (1.23e+00 1.23e+00 | 6.90e-01 7.12e-01)
2043(980) (4.00e+00 2.85e+00) XE:2.85e-01 (1.25e+00 1.23e+00 | 7.06e-01 7.12e-01)
2058(1000) (2.46e+00 2.85e+00) XE:2.85e-01 (1.23e+00 1.23e+00 | 7.47e-01 7.12e-01)
2074(1011) (2.88e+00 2.85e+00) XE:2.85e-01 (1.24e+00 1.23e+00 | 7.61e-01 7.12e-01)
2090(1013) (3.09e+00 2.85e+00) XE:2.85e-01 (1.24e+00 1.23e+00 | 7.04e-01 7.12e-01)
2105(1000) (2.55e+00 2.85e+00) XE:2.85e-01 (1.20e+00 1.23e+00 | 7.63e-01 7.12e-01)
2121(992) (2.95e+00 2.85e+00) XE:2.85e-01 (1.21e+00 1.23e+00 | 7.16e-01 7.12e-01)
2137(1018) (2.13e+00 2.85e+00) XE:2.85e-01 (1.21e+00 1.23e+00 | 7.41e-01 7.12e-01)
2152(1006) (3.03e+00 2.85e+00) XE:2.85e-01 (1.23e+00 1.23e+00 | 7.04e-01 7.12e-01)
2168(1000) (2.54e+00 2.85e+00) XE:2.85e-01 (1.21e+00 1.23e+00 | 6.88e-01 7.12e-01)
2183(997) (2.79e+00 2.85e+00) XE:2.85e-01 (1.24e+00 1.23e+00 | 7.18e-01 7.12e-01)
2199(998) (2.68e+00 2.85e+00) XE:2.85e-01 (1.21e+00 1.23e+00 | 6.68e-01 7.12e-01)
2215(1010) (2.33e+00 2.85e+00) XE:2.85e-01 (1.21e+00 1.23e+00 | 7.61e-01 7.12e-01)
2230(992) (3.04e+00 2.85e+00) XE:2.85e-01 (1.24e+00 1.23e+00 | 7.18e-01 7.12e-01)
2246(998) (2.38e+00 2.85e+00) XE:2.85e-01 (1.22e+00 1.23e+00 | 7.12e-01 7.12e-01)
2262(1005) (2.84e+00 2.85e+00) XE:2.85e-01 (1.24e+00 1.23e+00 | 6.94e-01 7.12e-01)
2277(1000) (2.74e+00 2.85e+00) XE:2.85e-01 (1.20e+00 1.23e+00 | 6.88e-01 7.12e-01)
2293(1004) (2.88e+00 2.85e+00) XE:2.85e-01 (1.23e+00 1.23e+00 | 7.20e-01 7.12e-01)
2308(1001) (3.00e+00 2.85e+00) XE:2.85e-01 (1.23e+00 1.23e+00 | 6.96e-01 7.12e-01)
2324(991) (3.24e+00 2.85e+00) XE:2.85e-01 (1.20e+00 1.23e+00 | 6.96e-01 7.12e-01)
2340(997) (2.74e+00 2.85e+00) XE:2.85e-01 (1.24e+00 1.23e+00 | 6.94e-01 7.12e-01)
2355(1017) (2.05e+00 2.85e+00) XE:2.85e-01 (1.23e+00 1.23e+00 | 7.04e-01 7.12e-01)
2371(993) (3.06e+00 2.85e+00) XE:2.85e-01 (1.26e+00 1.23e+00 | 7.61e-01 7.12e-01)
2386(997) (2.67e+00 2.85e+00) XE:2.85e-01 (1.24e+00 1.23e+00 | 7.04e-01 7.12e-01)
2402(982) (2.83e+00 2.85e+00) XE:2.85e-01 (1.22e+00 1.23e+00 | 6.52e-01 7.12e-01)
2418(993) (2.92e+00 2.84e+00) XE:2.84e-01 (1.23e+00 1.23e+00 | 6.60e-01 7.12e-01)
2433(1018) (2.94e+00 2.84e+00) XE:2.84e-01 (1.23e+00 1.23e+00 | 7.29e-01 7.12e-01)
2449(1000) (2.97e+00 2.84e+00) XE:2.84e-01 (1.25e+00 1.23e+00 | 7.18e-01 7.12e-01)
2465(1004) (2.34e+00 2.84e+00) XE:2.84e-01 (1.25e+00 1.23e+00 | 7.57e-01 7.12e-01)
2480(993) (2.61e+00 2.84e+00) XE:2.84e-01 (1.21e+00 1.23e+00 | 7.23e-01 7.12e-01)
2496(999) (4.11e+00 2.84e+00) XE:2.84e-01 (1.22e+00 1.23e+00 | 7.04e-01 7.12e-01)
2511(1001) (2.15e+00 2.84e+00) XE:2.84e-01 (1.23e+00 1.23e+00 | 7.73e-01 7.12e-01)
2527(1003) (3.52e+00 2.84e+00) XE:2.84e-01 (1.21e+00 1.23e+00 | 6.60e-01 7.12e-01)
2543(1011) (2.75e+00 2.84e+00) XE:2.84e-01 (1.25e+00 1.23e+00 | 7.31e-01 7.12e-01)
2558(1011) (2.58e+00 2.84e+00) XE:2.84e-01 (1.23e+00 1.23e+00 | 7.49e-01 7.12e-01)
2574(994) (3.45e+00 2.84e+00) XE:2.84e-01 (1.23e+00 1.23e+00 | 6.60e-01 7.12e-01)
2589(999) (3.01e+00 2.84e+00) XE:2.84e-01 (1.25e+00 1.23e+00 | 6.56e-01 7.12e-01)
2605(1016) (2.92e+00 2.84e+00) XE:2.84e-01 (1.23e+00 1.23e+00 | 7.39e-01 7.12e-01)
2620(1002) (2.72e+00 2.84e+00) XE:2.84e-01 (1.25e+00 1.23e+00 | 7.55e-01 7.12e-01)
2636(979) (3.17e+00 2.84e+00) XE:2.84e-01 (1.21e+00 1.23e+00 | 7.37e-01 7.12e-01)
2652(993) (2.91e+00 2.84e+00) XE:2.84e-01 (1.22e+00 1.23e+00 | 7.14e-01 7.12e-01)
2667(990) (3.04e+00 2.84e+00) XE:2.84e-01 (1.22e+00 1.23e+00 | 7.63e-01 7.12e-01)
2683(984) (2.75e+00 2.84e+00) XE:2.84e-01 (1.22e+00 1.23e+00 | 7.04e-01 7.12e-01)
2699(998) (3.48e+00 2.84e+00) XE:2.84e-01 (1.22e+00 1.23e+00 | 7.10e-01 7.12e-01)
2714(1014) (2.70e+00 2.84e+00) XE:2.84e-01 (1.21e+00 1.23e+00 | 7.51e-01 7.12e-01)
2730(992) (2.42e+00 2.84e+00) XE:2.84e-01 (1.24e+00 1.23e+00 | 7.20e-01 7.12e-01)
2746(995) (2.78e+00 2.84e+00) XE:2.84e-01 (1.23e+00 1.23e+00 | 7.16e-01 7.12e-01)
2761(982) (3.51e+00 2.84e+00) XE:2.84e-01 (1.23e+00 1.23e+00 | 7.57e-01 7.12e-01)
2777(991) (2.26e+00 2.84e+00) XE:2.84e-01 (1.24e+00 1.23e+00 | 6.92e-01 7.12e-01)
2792(1000) (2.67e+00 2.84e+00) XE:2.84e-01 (1.21e+00 1.23e+00 | 7.20e-01 7.12e-01)
2808(989) (2.92e+00 2.84e+00) XE:2.84e-01 (1.24e+00 1.23e+00 | 6.88e-01 7.12e-01)
2824(998) (2.68e+00 2.84e+00) XE:2.84e-01 (1.19e+00 1.23e+00 | 7.00e-01 7.12e-01)
2839(996) (3.22e+00 2.84e+00) XE:2.84e-01 (1.23e+00 1.23e+00 | 7.41e-01 7.12e-01)
2855(1008) (2.55e+00 2.84e+00) XE:2.84e-01 (1.23e+00 1.23e+00 | 7.06e-01 7.12e-01)
2871(1015) (2.72e+00 2.84e+00) XE:2.84e-01 (1.23e+00 1.23e+00 | 7.71e-01 7.12e-01)
2886(1000) (2.94e+00 2.84e+00) XE:2.84e-01 (1.24e+00 1.23e+00 | 6.72e-01 7.12e-01)
2902(1020) (2.35e+00 2.84e+00) XE:2.84e-01 (1.25e+00 1.23e+00 | 7.31e-01 7.12e-01)
2917(994) (3.05e+00 2.84e+00) XE:2.84e-01 (1.25e+00 1.23e+00 | 6.92e-01 7.12e-01)
2933(996) (2.67e+00 2.84e+00) XE:2.84e-01 (1.23e+00 1.23e+00 | 7.14e-01 7.12e-01)
2949(1006) (2.82e+00 2.84e+00) XE:2.84e-01 (1.24e+00 1.23e+00 | 7.23e-01 7.12e-01)
2964(991) (3.16e+00 2.84e+00) XE:2.84e-01 (1.23e+00 1.23e+00 | 7.39e-01 7.12e-01)
2980(996) (2.89e+00 2.84e+00) XE:2.84e-01 (1.23e+00 1.23e+00 | 7.53e-01 7.12e-01)
2995(997) (2.92e+00 2.84e+00) XE:2.84e-01 (1.23e+00 1.23e+00 | 7.41e-01 7.12e-01)
3011(992) (3.07e+00 2.84e+00) XE:2.84e-01 (1.25e+00 1.23e+00 | 7.43e-01 7.12e-01)
3027(994) (3.57e+00 2.84e+00) XE:2.84e-01 (1.21e+00 1.23e+00 | 6.68e-01 7.12e-01)
3042(1006) (2.62e+00 2.84e+00) XE:2.84e-01 (1.24e+00 1.23e+00 | 7.35e-01 7.12e-01)
3058(991) (2.82e+00 2.84e+00) XE:2.84e-01 (1.24e+00 1.23e+00 | 6.94e-01 7.12e-01)
3073(988) (3.19e+00 2.84e+00) XE:2.84e-01 (1.19e+00 1.23e+00 | 7.79e-01 7.12e-01)
3089(997) (2.42e+00 2.84e+00) XE:2.84e-01 (1.23e+00 1.23e+00 | 7.20e-01 7.12e-01)
3105(1010) (2.49e+00 2.84e+00) XE:2.84e-01 (1.24e+00 1.23e+00 | 7.29e-01 7.12e-01)
3120(988) (2.68e+00 2.84e+00) XE:2.84e-01 (1.21e+00 1.23e+00 | 6.76e-01 7.12e-01)
3136(993) (3.86e+00 2.84e+00) XE:2.84e-01 (1.21e+00 1.23e+00 | 6.74e-01 7.12e-01)
3152(1021) (2.34e+00 2.84e+00) XE:2.84e-01 (1.22e+00 1.23e+00 | 7.33e-01 7.12e-01)
3167(996) (2.66e+00 2.84e+00) XE:2.84e-01 (1.27e+00 1.23e+00 | 7.00e-01 7.12e-01)
3183(987) (2.95e+00 2.84e+00) XE:2.84e-01 (1.23e+00 1.23e+00 | 7.43e-01 7.12e-01)
3198(992) (2.91e+00 2.84e+00) XE:2.84e-01 (1.23e+00 1.23e+00 | 7.10e-01 7.12e-01)
3214(1004) (2.91e+00 2.84e+00) XE:2.84e-01 (1.27e+00 1.23e+00 | 7.16e-01 7.12e-01)
3230(1019) (2.48e+00 2.84e+00) XE:2.84e-01 (1.22e+00 1.23e+00 | 7.20e-01 7.12e-01)
3245(1002) (2.47e+00 2.84e+00) XE:2.84e-01 (1.26e+00 1.23e+00 | 7.37e-01 7.12e-01)
3261(991) (3.35e+00 2.84e+00) XE:2.84e-01 (1.22e+00 1.23e+00 | 7.79e-01 7.12e-01)
3277(1000) (2.64e+00 2.84e+00) XE:2.84e-01 (1.21e+00 1.23e+00 | 7.06e-01 7.12e-01)
3292(996) (2.47e+00 2.84e+00) XE:2.84e-01 (1.22e+00 1.23e+00 | 6.74e-01 7.12e-01)
3308(1000) (2.69e+00 2.84e+00) XE:2.84e-01 (1.26e+00 1.23e+00 | 6.72e-01 7.12e-01)
3323(1005) (2.74e+00 2.84e+00) XE:2.84e-01 (1.23e+00 1.23e+00 | 6.96e-01 7.12e-01)
3339(981) (4.04e+00 2.84e+00) XE:2.84e-01 (1.23e+00 1.23e+00 | 7.29e-01 7.12e-01)
3355(1009) (2.74e+00 2.84e+00) XE:2.84e-01 (1.23e+00 1.23e+00 | 7.04e-01 7.12e-01)
3370(1002) (2.79e+00 2.84e+00) XE:2.84e-01 (1.24e+00 1.23e+00 | 7.57e-01 7.12e-01)
3386(998) (3.35e+00 2.85e+00) XE:2.85e-01 (1.22e+00 1.23e+00 | 7.10e-01 7.12e-01)
3402(999) (2.63e+00 2.85e+00) XE:2.85e-01 (1.24e+00 1.23e+00 | 7.31e-01 7.12e-01)
3417(997) (2.30e+00 2.85e+00) XE:2.85e-01 (1.23e+00 1.23e+00 | 7.37e-01 7.12e-01)
3433(977) (3.06e+00 2.85e+00) XE:2.85e-01 (1.22e+00 1.23e+00 | 7.16e-01 7.12e-01)
3448(1005) (2.67e+00 2.84e+00) XE:2.84e-01 (1.23e+00 1.23e+00 | 7.29e-01 7.12e-01)
3464(998) (2.69e+00 2.85e+00) XE:2.85e-01 (1.22e+00 1.23e+00 | 6.94e-01 7.12e-01)
3480(1025) (2.34e+00 2.85e+00) XE:2.85e-01 (1.22e+00 1.23e+00 | 7.45e-01 7.12e-01)
3495(995) (3.41e+00 2.85e+00) XE:2.85e-01 (1.23e+00 1.23e+00 | 6.70e-01 7.12e-01)
3511(1002) (2.94e+00 2.85e+00) XE:2.85e-01 (1.21e+00 1.23e+00 | 7.16e-01 7.12e-01)
3526(1011) (4.18e+00 2.85e+00) XE:2.85e-01 (1.23e+00 1.23e+00 | 7.49e-01 7.12e-01)
3542(1011) (2.77e+00 2.85e+00) XE:2.85e-01 (1.22e+00 1.23e+00 | 7.37e-01 7.12e-01)
3558(993) (2.91e+00 2.85e+00) XE:2.85e-01 (1.26e+00 1.23e+00 | 7.18e-01 7.12e-01)
3573(998) (3.37e+00 2.85e+00) XE:2.85e-01 (1.22e+00 1.23e+00 | 6.88e-01 7.12e-01)
3589(994) (3.67e+00 2.85e+00) XE:2.85e-01 (1.20e+00 1.23e+00 | 7.08e-01 7.12e-01)
3605(991) (3.25e+00 2.85e+00) XE:2.85e-01 (1.23e+00 1.23e+00 | 7.16e-01 7.12e-01)
3620(981) (3.30e+00 2.85e+00) XE:2.85e-01 (1.22e+00 1.23e+00 | 7.31e-01 7.12e-01)
3636(1005) (2.48e+00 2.85e+00) XE:2.85e-01 (1.21e+00 1.23e+00 | 7.83e-01 7.12e-01)
3651(1011) (3.04e+00 2.85e+00) XE:2.85e-01 (1.22e+00 1.23e+00 | 7.33e-01 7.12e-01)
3667(1005) (2.43e+00 2.85e+00) XE:2.85e-01 (1.23e+00 1.23e+00 | 7.04e-01 7.12e-01)
3683(997) (2.85e+00 2.85e+00) XE:2.85e-01 (1.23e+00 1.23e+00 | 6.66e-01 7.12e-01)
3698(1002) (3.00e+00 2.84e+00) XE:2.84e-01 (1.21e+00 1.23e+00 | 7.23e-01 7.12e-01)
3714(999) (2.91e+00 2.84e+00) XE:2.84e-01 (1.26e+00 1.23e+00 | 7.61e-01 7.12e-01)
3730(1009) (3.06e+00 2.84e+00) XE:2.84e-01 (1.22e+00 1.23e+00 | 7.69e-01 7.12e-01)
3745(1003) (3.66e+00 2.85e+00) XE:2.85e-01 (1.24e+00 1.23e+00 | 7.51e-01 7.12e-01)
3761(996) (2.96e+00 2.85e+00) XE:2.85e-01 (1.25e+00 1.23e+00 | 7.29e-01 7.12e-01)
3776(1006) (2.22e+00 2.85e+00) XE:2.85e-01 (1.23e+00 1.23e+00 | 6.68e-01 7.12e-01)
3792(992) (2.68e+00 2.85e+00) XE:2.85e-01 (1.21e+00 1.23e+00 | 7.59e-01 7.12e-01)
3808(995) (3.11e+00 2.85e+00) XE:2.85e-01 (1.26e+00 1.23e+00 | 6.98e-01 7.12e-01)
3823(1004) (2.97e+00 2.85e+00) XE:2.85e-01 (1.23e+00 1.23e+00 | 7.25e-01 7.12e-01)
3839(1010) (2.91e+00 2.85e+00) XE:2.85e-01 (1.26e+00 1.23e+00 | 7.49e-01 7.12e-01)
3855(993) (3.43e+00 2.85e+00) XE:2.85e-01 (1.22e+00 1.23e+00 | 7.51e-01 7.12e-01)
3870(1009) (2.73e+00 2.85e+00) XE:2.85e-01 (1.25e+00 1.23e+00 | 6.98e-01 7.12e-01)
3886(991) (2.39e+00 2.85e+00) XE:2.85e-01 (1.24e+00 1.23e+00 | 6.90e-01 7.12e-01)
3902(1001) (2.43e+00 2.85e+00) XE:2.85e-01 (1.24e+00 1.23e+00 | 6.98e-01 7.12e-01)
3917(983) (3.09e+00 2.85e+00) XE:2.85e-01 (1.24e+00 1.23e+00 | 7.08e-01 7.12e-01)
3933(1001) (2.64e+00 2.85e+00) XE:2.85e-01 (1.22e+00 1.23e+00 | 7.20e-01 7.12e-01)
3948(1021) (3.44e+00 2.85e+00) XE:2.85e-01 (1.26e+00 1.23e+00 | 7.18e-01 7.12e-01)
3964(981) (3.68e+00 2.85e+00) XE:2.85e-01 (1.26e+00 1.23e+00 | 7.14e-01 7.12e-01)
3980(991) (3.10e+00 2.85e+00) XE:2.85e-01 (1.22e+00 1.23e+00 | 7.39e-01 7.12e-01)
3995(1002) (2.60e+00 2.85e+00) XE:2.85e-01 (1.21e+00 1.23e+00 | 7.55e-01 7.12e-01)
4011(1004) (2.13e+00 2.85e+00) XE:2.85e-01 (1.22e+00 1.23e+00 | 6.88e-01 7.12e-01)
4026(996) (2.63e+00 2.85e+00) XE:2.85e-01 (1.18e+00 1.23e+00 | 7.02e-01 7.12e-01)
4042(1005) (2.68e+00 2.85e+00) XE:2.85e-01 (1.23e+00 1.23e+00 | 7.45e-01 7.12e-01)
4058(992) (3.15e+00 2.84e+00) XE:2.84e-01 (1.23e+00 1.23e+00 | 7.49e-01 7.12e-01)
4073(998) (2.70e+00 2.84e+00) XE:2.84e-01 (1.22e+00 1.23e+00 | 6.64e-01 7.12e-01)
4089(1000) (2.82e+00 2.85e+00) XE:2.85e-01 (1.24e+00 1.23e+00 | 7.77e-01 7.12e-01)
4105(989) (4.41e+00 2.85e+00) XE:2.85e-01 (1.24e+00 1.23e+00 | 6.66e-01 7.12e-01)
4120(1001) (2.74e+00 2.84e+00) XE:2.84e-01 (1.26e+00 1.23e+00 | 7.33e-01 7.12e-01)
4136(999) (2.63e+00 2.85e+00) XE:2.85e-01 (1.21e+00 1.23e+00 | 7.14e-01 7.12e-01)
4151(1005) (2.78e+00 2.84e+00) XE:2.84e-01 (1.23e+00 1.23e+00 | 7.53e-01 7.12e-01)
4167(995) (1.95e+00 2.84e+00) XE:2.84e-01 (1.22e+00 1.23e+00 | 7.63e-01 7.12e-01)
4183(991) (2.98e+00 2.84e+00) XE:2.84e-01 (1.23e+00 1.23e+00 | 6.86e-01 7.12e-01)
4198(975) (2.91e+00 2.84e+00) XE:2.84e-01 (1.26e+00 1.23e+00 | 6.68e-01 7.12e-01)
4214(1016) (2.17e+00 2.85e+00) XE:2.85e-01 (1.25e+00 1.23e+00 | 6.38e-01 7.12e-01)
4230(1000) (2.66e+00 2.85e+00) XE:2.85e-01 (1.23e+00 1.23e+00 | 7.83e-01 7.12e-01)
4245(995) (2.45e+00 2.84e+00) XE:2.84e-01 (1.21e+00 1.23e+00 | 7.45e-01 7.12e-01)
4261(976) (2.95e+00 2.84e+00) XE:2.84e-01 (1.22e+00 1.23e+00 | 7.41e-01 7.12e-01)
4277(1008) (3.22e+00 2.84e+00) XE:2.84e-01 (1.22e+00 1.23e+00 | 6.70e-01 7.12e-01)
4292(1007) (3.47e+00 2.84e+00) XE:2.84e-01 (1.24e+00 1.23e+00 | 6.52e-01 7.12e-01)
4308(990) (2.87e+00 2.84e+00) XE:2.84e-01 (1.26e+00 1.23e+00 | 6.98e-01 7.12e-01)
4323(992) (2.13e+00 2.84e+00) XE:2.84e-01 (1.23e+00 1.23e+00 | 7.83e-01 7.12e-01)
4339(988) (4.58e+00 2.84e+00) XE:2.84e-01 (1.22e+00 1.23e+00 | 6.74e-01 7.12e-01)
4355(997) (2.73e+00 2.84e+00) XE:2.84e-01 (1.22e+00 1.23e+00 | 6.96e-01 7.12e-01)
4370(994) (2.38e+00 2.84e+00) XE:2.84e-01 (1.24e+00 1.23e+00 | 7.45e-01 7.12e-01)
4386(999) (2.63e+00 2.84e+00) XE:2.84e-01 (1.23e+00 1.23e+00 | 6.84e-01 7.12e-01)
4402(1008) (2.42e+00 2.84e+00) XE:2.84e-01 (1.24e+00 1.23e+00 | 7.14e-01 7.12e-01)
4417(990) (2.99e+00 2.84e+00) XE:2.84e-01 (1.21e+00 1.23e+00 | 6.84e-01 7.12e-01)
4433(1006) (2.68e+00 2.84e+00) XE:2.84e-01 (1.22e+00 1.23e+00 | 7.31e-01 7.12e-01)
4448(1000) (2.83e+00 2.84e+00) XE:2.84e-01 (1.23e+00 1.23e+00 | 7.77e-01 7.12e-01)
4464(1004) (2.80e+00 2.84e+00) XE:2.84e-01 (1.22e+00 1.23e+00 | 6.96e-01 7.12e-01)
4480(1001) (2.68e+00 2.84e+00) XE:2.84e-01 (1.22e+00 1.23e+00 | 6.82e-01 7.12e-01)
4495(998) (3.24e+00 2.84e+00) XE:2.84e-01 (1.23e+00 1.23e+00 | 6.90e-01 7.12e-01)
4511(1010) (2.45e+00 2.84e+00) XE:2.84e-01 (1.23e+00 1.23e+00 | 6.82e-01 7.12e-01)
4526(1000) (2.93e+00 2.84e+00) XE:2.84e-01 (1.22e+00 1.23e+00 | 6.82e-01 7.12e-01)
4542(1011) (2.41e+00 2.84e+00) XE:2.84e-01 (1.22e+00 1.23e+00 | 6.86e-01 7.12e-01)
4558(1016) (2.28e+00 2.84e+00) XE:2.84e-01 (1.23e+00 1.23e+00 | 6.98e-01 7.12e-01)
4573(1001) (2.33e+00 2.84e+00) XE:2.84e-01 (1.21e+00 1.23e+00 | 7.16e-01 7.12e-01)
4589(1008) (2.52e+00 2.84e+00) XE:2.84e-01 (1.22e+00 1.23e+00 | 6.98e-01 7.12e-01)
4605(1013) (2.63e+00 2.84e+00) XE:2.84e-01 (1.24e+00 1.23e+00 | 7.81e-01 7.12e-01)
4620(1020) (2.07e+00 2.84e+00) XE:2.84e-01 (1.21e+00 1.23e+00 | 6.60e-01 7.12e-01)
4636(990) (3.12e+00 2.84e+00) XE:2.84e-01 (1.23e+00 1.23e+00 | 7.49e-01 7.12e-01)
4651(992) (2.76e+00 2.84e+00) XE:2.84e-01 (1.22e+00 1.23e+00 | 7.08e-01 7.12e-01)
4667(999) (2.78e+00 2.84e+00) XE:2.84e-01 (1.22e+00 1.23e+00 | 7.27e-01 7.12e-01)
4683(993) (3.29e+00 2.84e+00) XE:2.84e-01 (1.21e+00 1.23e+00 | 7.35e-01 7.12e-01)
4698(1004) (2.98e+00 2.84e+00) XE:2.84e-01 (1.21e+00 1.23e+00 | 6.80e-01 7.12e-01)
4714(1008) (2.80e+00 2.84e+00) XE:2.84e-01 (1.23e+00 1.23e+00 | 7.23e-01 7.12e-01)
4730(1011) (2.47e+00 2.84e+00) XE:2.84e-01 (1.21e+00 1.23e+00 | 7.29e-01 7.12e-01)
4745(997) (2.43e+00 2.84e+00) XE:2.84e-01 (1.22e+00 1.23e+00 | 6.56e-01 7.12e-01)
4761(988) (2.93e+00 2.84e+00) XE:2.84e-01 (1.23e+00 1.23e+00 | 6.82e-01 7.12e-01)
4776(995) (2.19e+00 2.84e+00) XE:2.84e-01 (1.20e+00 1.23e+00 | 6.46e-01 7.11e-01)
4792(1001) (3.03e+00 2.84e+00) XE:2.84e-01 (1.24e+00 1.23e+00 | 7.85e-01 7.12e-01)
4808(1007) (2.63e+00 2.84e+00) XE:2.84e-01 (1.23e+00 1.23e+00 | 6.68e-01 7.11e-01)
4823(1004) (2.83e+00 2.84e+00) XE:2.84e-01 (1.22e+00 1.23e+00 | 7.25e-01 7.12e-01)
4839(1023) (3.12e+00 2.84e+00) XE:2.84e-01 (1.21e+00 1.23e+00 | 6.58e-01 7.12e-01)
4855(977) (3.52e+00 2.84e+00) XE:2.84e-01 (1.23e+00 1.23e+00 | 7.18e-01 7.12e-01)
4870(1000) (2.67e+00 2.84e+00) XE:2.84e-01 (1.22e+00 1.23e+00 | 7.20e-01 7.12e-01)
4886(1001) (2.46e+00 2.84e+00) XE:2.84e-01 (1.21e+00 1.23e+00 | 7.33e-01 7.12e-01)
4901(987) (2.80e+00 2.84e+00) XE:2.84e-01 (1.21e+00 1.23e+00 | 7.06e-01 7.12e-01)
4917(1010) (2.56e+00 2.84e+00) XE:2.84e-01 (1.22e+00 1.23e+00 | 6.80e-01 7.12e-01)
4933(997) (2.65e+00 2.84e+00) XE:2.84e-01 (1.19e+00 1.23e+00 | 6.94e-01 7.11e-01)
4948(993) (2.46e+00 2.84e+00) XE:2.84e-01 (1.22e+00 1.23e+00 | 7.51e-01 7.11e-01)
4964(997) (3.44e+00 2.84e+00) XE:2.84e-01 (1.27e+00 1.23e+00 | 7.18e-01 7.11e-01)
4980(994) (3.19e+00 2.84e+00) XE:2.84e-01 (1.26e+00 1.23e+00 | 7.51e-01 7.11e-01)
4995(1008) (2.23e+00 2.84e+00) XE:2.84e-01 (1.22e+00 1.23e+00 | 6.88e-01 7.11e-01)
5011(996) (2.53e+00 2.84e+00) XE:2.84e-01 (1.21e+00 1.23e+00 | 6.96e-01 7.11e-01)
5026(1001) (2.86e+00 2.84e+00) XE:2.84e-01 (1.25e+00 1.23e+00 | 6.78e-01 7.11e-01)
5042(992) (2.42e+00 2.84e+00) XE:2.84e-01 (1.21e+00 1.23e+00 | 6.30e-01 7.11e-01)
5058(1006) (2.56e+00 2.84e+00) XE:2.84e-01 (1.24e+00 1.23e+00 | 6.58e-01 7.11e-01)
5073(1002) (3.33e+00 2.84e+00) XE:2.84e-01 (1.22e+00 1.23e+00 | 6.88e-01 7.11e-01)
5089(995) (3.13e+00 2.84e+00) XE:2.84e-01 (1.22e+00 1.23e+00 | 6.26e-01 7.11e-01)
5105(980) (3.58e+00 2.84e+00) XE:2.84e-01 (1.22e+00 1.23e+00 | 7.35e-01 7.11e-01)
5120(988) (2.89e+00 2.84e+00) XE:2.84e-01 (1.21e+00 1.23e+00 | 7.41e-01 7.11e-01)
5136(1002) (2.70e+00 2.84e+00) XE:2.84e-01 (1.23e+00 1.23e+00 | 7.49e-01 7.11e-01)
5151(1008) (2.32e+00 2.84e+00) XE:2.84e-01 (1.24e+00 1.23e+00 | 7.57e-01 7.11e-01)
5167(992) (3.74e+00 2.84e+00) XE:2.84e-01 (1.22e+00 1.23e+00 | 6.88e-01 7.11e-01)
5183(1002) (2.89e+00 2.84e+00) XE:2.84e-01 (1.23e+00 1.23e+00 | 6.94e-01 7.11e-01)
5198(983) (3.20e+00 2.84e+00) XE:2.84e-01 (1.22e+00 1.23e+00 | 6.94e-01 7.11e-01)
5214(1007) (2.54e+00 2.84e+00) XE:2.84e-01 (1.25e+00 1.23e+00 | 6.90e-01 7.11e-01)
5230(999) (2.85e+00 2.84e+00) XE:2.84e-01 (1.24e+00 1.23e+00 | 6.98e-01 7.11e-01)
5245(999) (3.68e+00 2.84e+00) XE:2.84e-01 (1.22e+00 1.23e+00 | 7.14e-01 7.11e-01)
5261(1014) (2.95e+00 2.84e+00) XE:2.84e-01 (1.23e+00 1.23e+00 | 6.92e-01 7.11e-01)
5276(983) (3.01e+00 2.84e+00) XE:2.84e-01 (1.22e+00 1.23e+00 | 6.26e-01 7.11e-01)
5292(1013) (2.44e+00 2.84e+00) XE:2.84e-01 (1.20e+00 1.23e+00 | 7.10e-01 7.11e-01)
5308(996) (2.79e+00 2.84e+00) XE:2.84e-01 (1.24e+00 1.23e+00 | 6.66e-01 7.11e-01)
5324(1007) (2.46e+00 2.84e+00) XE:2.84e-01 (1.25e+00 1.23e+00 | 6.90e-01 7.11e-01)
5342(1007) (2.53e+00 2.84e+00) XE:2.84e-01 (1.23e+00 1.23e+00 | 7.20e-01 7.11e-01)
5360(995) (2.97e+00 2.84e+00) XE:2.84e-01 (1.23e+00 1.23e+00 | 6.90e-01 7.11e-01)
5378(997) (2.89e+00 2.84e+00) XE:2.84e-01 (1.22e+00 1.23e+00 | 6.88e-01 7.11e-01)
5395(1003) (2.63e+00 2.84e+00) XE:2.84e-01 (1.21e+00 1.23e+00 | 7.45e-01 7.11e-01)
5413(982) (3.20e+00 2.84e+00) XE:2.84e-01 (1.22e+00 1.23e+00 | 7.18e-01 7.11e-01)
5431(1000) (2.81e+00 2.84e+00) XE:2.84e-01 (1.24e+00 1.23e+00 | 6.44e-01 7.11e-01)
5449(1002) (3.05e+00 2.84e+00) XE:2.84e-01 (1.23e+00 1.23e+00 | 7.33e-01 7.11e-01)
5467(993) (2.43e+00 2.84e+00) XE:2.84e-01 (1.23e+00 1.23e+00 | 6.62e-01 7.11e-01)
5484(1005) (2.68e+00 2.84e+00) XE:2.84e-01 (1.22e+00 1.23e+00 | 6.74e-01 7.11e-01)
5502(1006) (3.00e+00 2.84e+00) XE:2.84e-01 (1.24e+00 1.23e+00 | 7.10e-01 7.11e-01)
5520(1010) (2.49e+00 2.84e+00) XE:2.84e-01 (1.22e+00 1.23e+00 | 7.00e-01 7.11e-01)
5538(1004) (2.68e+00 2.84e+00) XE:2.84e-01 (1.24e+00 1.23e+00 | 6.96e-01 7.11e-01)
5556(990) (3.12e+00 2.84e+00) XE:2.84e-01 (1.24e+00 1.23e+00 | 7.12e-01 7.11e-01)
5574(1007) (2.73e+00 2.84e+00) XE:2.84e-01 (1.21e+00 1.23e+00 | 6.62e-01 7.11e-01)
5591(992) (2.71e+00 2.84e+00) XE:2.84e-01 (1.18e+00 1.23e+00 | 6.52e-01 7.11e-01)
5609(1015) (2.59e+00 2.84e+00) XE:2.84e-01 (1.22e+00 1.23e+00 | 6.96e-01 7.11e-01)
5627(1006) (2.87e+00 2.84e+00) XE:2.84e-01 (1.25e+00 1.23e+00 | 7.31e-01 7.11e-01)
5645(1003) (2.10e+00 2.84e+00) XE:2.84e-01 (1.25e+00 1.23e+00 | 6.60e-01 7.11e-01)
5663(996) (3.24e+00 2.84e+00) XE:2.84e-01 (1.25e+00 1.23e+00 | 6.84e-01 7.11e-01)
5680(994) (3.17e+00 2.84e+00) XE:2.84e-01 (1.20e+00 1.23e+00 | 6.84e-01 7.11e-01)
5698(1008) (3.01e+00 2.84e+00) XE:2.84e-01 (1.26e+00 1.23e+00 | 6.88e-01 7.11e-01)
5716(994) (3.30e+00 2.84e+00) XE:2.84e-01 (1.19e+00 1.23e+00 | 7.27e-01 7.11e-01)
5734(1001) (2.87e+00 2.84e+00) XE:2.84e-01 (1.25e+00 1.23e+00 | 7.25e-01 7.11e-01)
5752(1009) (2.44e+00 2.84e+00) XE:2.84e-01 (1.23e+00 1.23e+00 | 6.32e-01 7.11e-01)
5770(992) (2.46e+00 2.84e+00) XE:2.84e-01 (1.21e+00 1.23e+00 | 6.94e-01 7.11e-01)
5787(1000) (3.16e+00 2.84e+00) XE:2.84e-01 (1.21e+00 1.23e+00 | 7.49e-01 7.11e-01)
5805(990) (2.59e+00 2.84e+00) XE:2.84e-01 (1.23e+00 1.23e+00 | 7.10e-01 7.11e-01)
5823(992) (2.62e+00 2.84e+00) XE:2.84e-01 (1.20e+00 1.23e+00 | 7.10e-01 7.11e-01)
5841(1023) (2.95e+00 2.84e+00) XE:2.84e-01 (1.22e+00 1.23e+00 | 6.98e-01 7.11e-01)
5859(1004) (2.97e+00 2.84e+00) XE:2.84e-01 (1.25e+00 1.23e+00 | 6.34e-01 7.11e-01)
5877(1006) (2.81e+00 2.84e+00) XE:2.84e-01 (1.25e+00 1.23e+00 | 6.76e-01 7.11e-01)
5894(1000) (2.65e+00 2.84e+00) XE:2.84e-01 (1.24e+00 1.23e+00 | 6.84e-01 7.11e-01)
5912(1002) (2.29e+00 2.84e+00) XE:2.84e-01 (1.24e+00 1.23e+00 | 7.12e-01 7.11e-01)
5930(1017) (2.83e+00 2.84e+00) XE:2.84e-01 (1.25e+00 1.23e+00 | 6.74e-01 7.11e-01)
5948(988) (2.97e+00 2.84e+00) XE:2.84e-01 (1.22e+00 1.23e+00 | 6.98e-01 7.11e-01)
5966(1014) (2.72e+00 2.84e+00) XE:2.84e-01 (1.24e+00 1.23e+00 | 7.35e-01 7.11e-01)
5983(985) (3.13e+00 2.84e+00) XE:2.84e-01 (1.22e+00 1.23e+00 | 7.31e-01 7.11e-01)
6001(990) (2.53e+00 2.84e+00) XE:2.84e-01 (1.23e+00 1.23e+00 | 7.06e-01 7.11e-01)
6019(998) (2.89e+00 2.84e+00) XE:2.84e-01 (1.23e+00 1.23e+00 | 7.25e-01 7.11e-01)
6037(996) (2.49e+00 2.84e+00) XE:2.84e-01 (1.21e+00 1.23e+00 | 7.18e-01 7.11e-01)
6055(1003) (2.73e+00 2.84e+00) XE:2.84e-01 (1.23e+00 1.23e+00 | 7.16e-01 7.11e-01)
6073(994) (2.14e+00 2.84e+00) XE:2.84e-01 (1.22e+00 1.23e+00 | 6.80e-01 7.11e-01)
6090(1014) (2.82e+00 2.84e+00) XE:2.84e-01 (1.23e+00 1.23e+00 | 7.41e-01 7.11e-01)
6108(994) (2.79e+00 2.84e+00) XE:2.84e-01 (1.20e+00 1.23e+00 | 7.33e-01 7.11e-01)
6126(987) (3.55e+00 2.84e+00) XE:2.84e-01 (1.25e+00 1.23e+00 | 6.16e-01 7.11e-01)
6144(1007) (2.61e+00 2.84e+00) XE:2.84e-01 (1.24e+00 1.23e+00 | 6.82e-01 7.11e-01)
6162(994) (3.29e+00 2.84e+00) XE:2.84e-01 (1.21e+00 1.23e+00 | 7.25e-01 7.11e-01)
6180(1000) (2.36e+00 2.84e+00) XE:2.84e-01 (1.22e+00 1.23e+00 | 6.80e-01 7.11e-01)
6197(993) (3.02e+00 2.84e+00) XE:2.84e-01 (1.21e+00 1.23e+00 | 6.88e-01 7.11e-01)
6215(1007) (2.37e+00 2.84e+00) XE:2.84e-01 (1.23e+00 1.23e+00 | 6.98e-01 7.11e-01)
6233(1008) (2.61e+00 2.84e+00) XE:2.84e-01 (1.25e+00 1.23e+00 | 7.23e-01 7.11e-01)
6251(1015) (2.25e+00 2.84e+00) XE:2.84e-01 (1.22e+00 1.23e+00 | 7.00e-01 7.11e-01)
6269(991) (2.68e+00 2.84e+00) XE:2.84e-01 (1.25e+00 1.23e+00 | 7.71e-01 7.11e-01)
6286(999) (3.15e+00 2.84e+00) XE:2.84e-01 (1.23e+00 1.23e+00 | 7.43e-01 7.11e-01)
6304(989) (3.53e+00 2.84e+00) XE:2.84e-01 (1.20e+00 1.23e+00 | 6.90e-01 7.11e-01)
6322(1016) (2.72e+00 2.84e+00) XE:2.84e-01 (1.23e+00 1.23e+00 | 7.39e-01 7.11e-01)
6340(1000) (2.91e+00 2.84e+00) XE:2.84e-01 (1.23e+00 1.23e+00 | 7.39e-01 7.11e-01)
6358(992) (2.11e+00 2.84e+00) XE:2.84e-01 (1.20e+00 1.23e+00 | 7.18e-01 7.11e-01)
6376(998) (2.69e+00 2.84e+00) XE:2.84e-01 (1.24e+00 1.23e+00 | 6.44e-01 7.11e-01)
6393(1017) (2.52e+00 2.84e+00) XE:2.84e-01 (1.23e+00 1.23e+00 | 7.31e-01 7.11e-01)
6411(998) (3.29e+00 2.84e+00) XE:2.84e-01 (1.23e+00 1.23e+00 | 7.16e-01 7.11e-01)
6429(997) (4.04e+00 2.84e+00) XE:2.84e-01 (1.23e+00 1.23e+00 | 6.88e-01 7.11e-01)
6447(995) (2.99e+00 2.84e+00) XE:2.84e-01 (1.18e+00 1.23e+00 | 6.94e-01 7.11e-01)
6465(998) (2.80e+00 2.84e+00) XE:2.84e-01 (1.26e+00 1.23e+00 | 7.33e-01 7.11e-01)
6483(1007) (2.39e+00 2.84e+00) XE:2.84e-01 (1.21e+00 1.23e+00 | 6.80e-01 7.11e-01)
6500(1007) (2.91e+00 2.84e+00) XE:2.84e-01 (1.24e+00 1.23e+00 | 6.60e-01 7.11e-01)
6518(995) (2.61e+00 2.84e+00) XE:2.84e-01 (1.23e+00 1.23e+00 | 7.16e-01 7.11e-01)
6536(1004) (2.72e+00 2.84e+00) XE:2.84e-01 (1.24e+00 1.23e+00 | 7.49e-01 7.11e-01)
6554(980) (3.96e+00 2.84e+00) XE:2.84e-01 (1.23e+00 1.23e+00 | 7.08e-01 7.11e-01)
6572(1012) (2.22e+00 2.84e+00) XE:2.84e-01 (1.21e+00 1.23e+00 | 6.94e-01 7.11e-01)
6590(1007) (3.11e+00 2.84e+00) XE:2.84e-01 (1.23e+00 1.23e+00 | 6.90e-01 7.11e-01)
6607(988) (2.57e+00 2.84e+00) XE:2.84e-01 (1.21e+00 1.23e+00 | 7.29e-01 7.11e-01)
6625(1002) (2.39e+00 2.84e+00) XE:2.84e-01 (1.22e+00 1.23e+00 | 7.41e-01 7.11e-01)
6643(1003) (3.15e+00 2.84e+00) XE:2.84e-01 (1.26e+00 1.23e+00 | 6.58e-01 7.11e-01)
6661(1000) (2.44e+00 2.84e+00) XE:2.84e-01 (1.26e+00 1.23e+00 | 7.37e-01 7.11e-01)
6679(1015) (2.75e+00 2.84e+00) XE:2.84e-01 (1.23e+00 1.23e+00 | 7.04e-01 7.11e-01)
6696(989) (2.98e+00 2.84e+00) XE:2.84e-01 (1.24e+00 1.23e+00 | 7.25e-01 7.11e-01)
6714(999) (2.76e+00 2.84e+00) XE:2.84e-01 (1.23e+00 1.23e+00 | 6.54e-01 7.11e-01)
6732(996) (2.60e+00 2.84e+00) XE:2.84e-01 (1.24e+00 1.23e+00 | 6.90e-01 7.11e-01)
6750(1004) (2.31e+00 2.84e+00) XE:2.84e-01 (1.25e+00 1.23e+00 | 7.18e-01 7.11e-01)
6768(990) (3.05e+00 2.84e+00) XE:2.84e-01 (1.21e+00 1.23e+00 | 7.57e-01 7.11e-01)
6786(995) (3.12e+00 2.84e+00) XE:2.84e-01 (1.21e+00 1.23e+00 | 6.72e-01 7.11e-01)
6803(991) (2.75e+00 2.84e+00) XE:2.84e-01 (1.22e+00 1.23e+00 | 7.10e-01 7.11e-01)
6821(1013) (2.62e+00 2.84e+00) XE:2.84e-01 (1.22e+00 1.23e+00 | 6.94e-01 7.11e-01)
6839(997) (2.86e+00 2.84e+00) XE:2.84e-01 (1.22e+00 1.23e+00 | 7.18e-01 7.11e-01)
6857(1005) (2.62e+00 2.84e+00) XE:2.84e-01 (1.27e+00 1.23e+00 | 6.42e-01 7.11e-01)
6875(986) (3.07e+00 2.84e+00) XE:2.84e-01 (1.23e+00 1.23e+00 | 6.70e-01 7.11e-01)
6892(998) (2.75e+00 2.84e+00) XE:2.84e-01 (1.22e+00 1.23e+00 | 6.58e-01 7.11e-01)
6910(993) (2.63e+00 2.84e+00) XE:2.84e-01 (1.22e+00 1.23e+00 | 7.06e-01 7.11e-01)
6928(989) (2.81e+00 2.84e+00) XE:2.84e-01 (1.21e+00 1.23e+00 | 6.38e-01 7.11e-01)
6946(1004) (2.61e+00 2.84e+00) XE:2.84e-01 (1.22e+00 1.23e+00 | 7.59e-01 7.11e-01)
6964(1009) (2.88e+00 2.84e+00) XE:2.84e-01 (1.24e+00 1.23e+00 | 7.06e-01 7.11e-01)
6981(1014) (2.22e+00 2.84e+00) XE:2.84e-01 (1.24e+00 1.23e+00 | 7.18e-01 7.11e-01)
6999(1014) (2.24e+00 2.84e+00) XE:2.84e-01 (1.24e+00 1.23e+00 | 7.93e-01 7.11e-01)
7017(1014) (2.90e+00 2.84e+00) XE:2.84e-01 (1.24e+00 1.23e+00 | 6.80e-01 7.11e-01)
7035(1010) (3.03e+00 2.84e+00) XE:2.84e-01 (1.26e+00 1.23e+00 | 7.02e-01 7.11e-01)
7053(1001) (2.58e+00 2.84e+00) XE:2.84e-01 (1.21e+00 1.23e+00 | 6.96e-01 7.11e-01)
7071(1007) (2.89e+00 2.84e+00) XE:2.84e-01 (1.24e+00 1.23e+00 | 6.50e-01 7.11e-01)
7088(1025) (2.38e+00 2.84e+00) XE:2.84e-01 (1.23e+00 1.23e+00 | 7.93e-01 7.11e-01)
7106(1011) (2.30e+00 2.84e+00) XE:2.84e-01 (1.22e+00 1.23e+00 | 7.43e-01 7.11e-01)
7124(1001) (3.08e+00 2.84e+00) XE:2.84e-01 (1.22e+00 1.23e+00 | 7.55e-01 7.11e-01)
7142(1009) (2.19e+00 2.84e+00) XE:2.84e-01 (1.24e+00 1.23e+00 | 7.10e-01 7.11e-01)
7160(1015) (2.19e+00 2.84e+00) XE:2.84e-01 (1.23e+00 1.23e+00 | 6.90e-01 7.11e-01)
7177(987) (2.54e+00 2.84e+00) XE:2.84e-01 (1.23e+00 1.23e+00 | 7.71e-01 7.11e-01)
7195(984) (2.76e+00 2.84e+00) XE:2.84e-01 (1.22e+00 1.23e+00 | 7.41e-01 7.11e-01)
7213(997) (2.79e+00 2.83e+00) XE:2.83e-01 (1.22e+00 1.23e+00 | 7.16e-01 7.11e-01)
7231(982) (3.12e+00 2.83e+00) XE:2.83e-01 (1.23e+00 1.23e+00 | 6.98e-01 7.11e-01)
7249(999) (2.57e+00 2.84e+00) XE:2.84e-01 (1.26e+00 1.23e+00 | 7.47e-01 7.11e-01)
7266(1011) (2.81e+00 2.84e+00) XE:2.84e-01 (1.23e+00 1.23e+00 | 6.58e-01 7.11e-01)
7284(1005) (2.54e+00 2.83e+00) XE:2.83e-01 (1.24e+00 1.23e+00 | 6.92e-01 7.11e-01)
7302(1011) (2.67e+00 2.84e+00) XE:2.84e-01 (1.24e+00 1.23e+00 | 7.16e-01 7.11e-01)
7320(974) (2.66e+00 2.83e+00) XE:2.83e-01 (1.22e+00 1.23e+00 | 7.51e-01 7.11e-01)
7338(1002) (3.04e+00 2.83e+00) XE:2.83e-01 (1.23e+00 1.23e+00 | 7.37e-01 7.11e-01)
7355(998) (2.87e+00 2.83e+00) XE:2.83e-01 (1.21e+00 1.23e+00 | 7.43e-01 7.11e-01)
7373(995) (2.81e+00 2.83e+00) XE:2.83e-01 (1.24e+00 1.23e+00 | 6.90e-01 7.11e-01)
7391(1006) (2.55e+00 2.83e+00) XE:2.83e-01 (1.24e+00 1.23e+00 | 7.12e-01 7.11e-01)
7409(997) (2.75e+00 2.83e+00) XE:2.83e-01 (1.22e+00 1.23e+00 | 6.54e-01 7.11e-01)
7427(992) (3.52e+00 2.83e+00) XE:2.83e-01 (1.22e+00 1.23e+00 | 6.74e-01 7.11e-01)
7444(986) (3.29e+00 2.83e+00) XE:2.83e-01 (1.23e+00 1.23e+00 | 6.72e-01 7.11e-01)
7462(1005) (2.50e+00 2.83e+00) XE:2.83e-01 (1.26e+00 1.23e+00 | 7.06e-01 7.11e-01)
7480(1005) (2.67e+00 2.83e+00) XE:2.83e-01 (1.22e+00 1.23e+00 | 7.10e-01 7.11e-01)
7498(1009) (3.12e+00 2.83e+00) XE:2.83e-01 (1.25e+00 1.23e+00 | 6.60e-01 7.11e-01)
7516(975) (3.34e+00 2.83e+00) XE:2.83e-01 (1.22e+00 1.23e+00 | 7.23e-01 7.11e-01)
7534(990) (2.92e+00 2.83e+00) XE:2.83e-01 (1.23e+00 1.23e+00 | 6.90e-01 7.11e-01)
7552(994) (2.55e+00 2.83e+00) XE:2.83e-01 (1.25e+00 1.23e+00 | 6.80e-01 7.11e-01)
7569(1005) (3.43e+00 2.83e+00) XE:2.83e-01 (1.24e+00 1.23e+00 | 7.10e-01 7.11e-01)
7587(992) (2.89e+00 2.83e+00) XE:2.83e-01 (1.22e+00 1.23e+00 | 7.37e-01 7.11e-01)
7605(1006) (2.64e+00 2.83e+00) XE:2.83e-01 (1.26e+00 1.23e+00 | 6.92e-01 7.11e-01)
7623(980) (3.37e+00 2.83e+00) XE:2.83e-01 (1.22e+00 1.23e+00 | 6.94e-01 7.11e-01)
7641(984) (4.79e+00 2.83e+00) XE:2.83e-01 (1.22e+00 1.23e+00 | 7.12e-01 7.11e-01)
7658(1014) (2.72e+00 2.83e+00) XE:2.83e-01 (1.22e+00 1.23e+00 | 7.43e-01 7.11e-01)
7676(1018) (2.60e+00 2.83e+00) XE:2.83e-01 (1.22e+00 1.23e+00 | 7.23e-01 7.11e-01)
7694(1011) (3.25e+00 2.83e+00) XE:2.83e-01 (1.20e+00 1.23e+00 | 6.86e-01 7.11e-01)
7712(999) (2.79e+00 2.83e+00) XE:2.83e-01 (1.23e+00 1.23e+00 | 7.33e-01 7.11e-01)
7730(1005) (2.24e+00 2.83e+00) XE:2.83e-01 (1.21e+00 1.23e+00 | 6.86e-01 7.11e-01)
7747(997) (3.75e+00 2.83e+00) XE:2.83e-01 (1.25e+00 1.23e+00 | 7.27e-01 7.11e-01)
7765(980) (2.95e+00 2.83e+00) XE:2.83e-01 (1.23e+00 1.23e+00 | 6.26e-01 7.11e-01)
7783(998) (2.49e+00 2.83e+00) XE:2.83e-01 (1.26e+00 1.23e+00 | 6.94e-01 7.11e-01)
7801(1011) (2.55e+00 2.83e+00) XE:2.83e-01 (1.23e+00 1.23e+00 | 7.39e-01 7.11e-01)
7819(996) (4.56e+00 2.83e+00) XE:2.83e-01 (1.22e+00 1.23e+00 | 6.88e-01 7.11e-01)
7836(1009) (2.69e+00 2.83e+00) XE:2.83e-01 (1.20e+00 1.23e+00 | 6.30e-01 7.11e-01)
7854(1020) (1.76e+00 2.83e+00) XE:2.83e-01 (1.23e+00 1.23e+00 | 7.00e-01 7.11e-01)
7872(1000) (2.82e+00 2.83e+00) XE:2.83e-01 (1.23e+00 1.23e+00 | 7.08e-01 7.11e-01)
7890(998) (2.80e+00 2.83e+00) XE:2.83e-01 (1.23e+00 1.23e+00 | 6.40e-01 7.11e-01)
7908(1003) (2.58e+00 2.83e+00) XE:2.83e-01 (1.22e+00 1.23e+00 | 7.12e-01 7.11e-01)
7926(1006) (2.44e+00 2.83e+00) XE:2.83e-01 (1.24e+00 1.23e+00 | 6.74e-01 7.11e-01)
7943(986) (2.71e+00 2.83e+00) XE:2.83e-01 (1.25e+00 1.23e+00 | 7.25e-01 7.11e-01)
7961(993) (2.61e+00 2.83e+00) XE:2.83e-01 (1.25e+00 1.23e+00 | 7.18e-01 7.11e-01)
7979(1018) (3.05e+00 2.83e+00) XE:2.83e-01 (1.23e+00 1.23e+00 | 6.68e-01 7.11e-01)
7997(1003) (2.72e+00 2.83e+00) XE:2.83e-01 (1.28e+00 1.23e+00 | 6.62e-01 7.11e-01)
8015(981) (3.30e+00 2.83e+00) XE:2.83e-01 (1.23e+00 1.23e+00 | 7.02e-01 7.11e-01)
8033(1000) (2.49e+00 2.83e+00) XE:2.83e-01 (1.24e+00 1.23e+00 | 7.37e-01 7.11e-01)
8050(1008) (2.72e+00 2.83e+00) XE:2.83e-01 (1.23e+00 1.23e+00 | 7.10e-01 7.11e-01)
8068(1012) (2.68e+00 2.83e+00) XE:2.83e-01 (1.24e+00 1.23e+00 | 7.04e-01 7.11e-01)
8086(1004) (2.51e+00 2.83e+00) XE:2.83e-01 (1.20e+00 1.23e+00 | 7.47e-01 7.11e-01)
8104(1014) (2.36e+00 2.83e+00) XE:2.83e-01 (1.23e+00 1.23e+00 | 7.04e-01 7.11e-01)
8122(1011) (3.33e+00 2.83e+00) XE:2.83e-01 (1.22e+00 1.23e+00 | 7.16e-01 7.11e-01)
8139(991) (2.62e+00 2.83e+00) XE:2.83e-01 (1.20e+00 1.23e+00 | 6.98e-01 7.11e-01)
8157(1018) (2.42e+00 2.83e+00) XE:2.83e-01 (1.25e+00 1.23e+00 | 6.76e-01 7.11e-01)
8175(998) (3.26e+00 2.83e+00) XE:2.83e-01 (1.22e+00 1.23e+00 | 7.43e-01 7.11e-01)
8193(1000) (2.66e+00 2.83e+00) XE:2.83e-01 (1.23e+00 1.23e+00 | 7.02e-01 7.11e-01)
8211(993) (2.83e+00 2.83e+00) XE:2.83e-01 (1.26e+00 1.23e+00 | 7.43e-01 7.11e-01)
8228(1003) (2.93e+00 2.83e+00) XE:2.83e-01 (1.27e+00 1.23e+00 | 7.37e-01 7.11e-01)
8246(1007) (2.59e+00 2.83e+00) XE:2.83e-01 (1.21e+00 1.23e+00 | 6.76e-01 7.11e-01)
8264(997) (2.31e+00 2.83e+00) XE:2.83e-01 (1.26e+00 1.23e+00 | 7.35e-01 7.11e-01)
8282(995) (2.44e+00 2.83e+00) XE:2.83e-01 (1.26e+00 1.23e+00 | 7.18e-01 7.11e-01)
8300(1008) (2.87e+00 2.83e+00) XE:2.83e-01 (1.21e+00 1.23e+00 | 6.66e-01 7.11e-01)
8318(1006) (3.13e+00 2.83e+00) XE:2.83e-01 (1.22e+00 1.23e+00 | 7.08e-01 7.11e-01)
8335(1006) (2.67e+00 2.83e+00) XE:2.83e-01 (1.22e+00 1.23e+00 | 6.56e-01 7.11e-01)
8353(1002) (3.82e+00 2.83e+00) XE:2.83e-01 (1.24e+00 1.23e+00 | 6.98e-01 7.11e-01)
8371(990) (3.13e+00 2.83e+00) XE:2.83e-01 (1.21e+00 1.23e+00 | 7.37e-01 7.11e-01)
8389(1008) (2.60e+00 2.83e+00) XE:2.83e-01 (1.24e+00 1.23e+00 | 7.06e-01 7.11e-01)
8407(983) (3.11e+00 2.83e+00) XE:2.83e-01 (1.25e+00 1.23e+00 | 7.41e-01 7.11e-01)
8425(993) (3.05e+00 2.83e+00) XE:2.83e-01 (1.25e+00 1.23e+00 | 7.04e-01 7.11e-01)
8442(996) (2.33e+00 2.83e+00) XE:2.83e-01 (1.24e+00 1.23e+00 | 7.73e-01 7.11e-01)
8460(990) (2.99e+00 2.83e+00) XE:2.83e-01 (1.21e+00 1.23e+00 | 6.74e-01 7.11e-01)
8478(997) (2.72e+00 2.83e+00) XE:2.83e-01 (1.21e+00 1.23e+00 | 7.12e-01 7.11e-01)
8496(1010) (2.16e+00 2.83e+00) XE:2.83e-01 (1.22e+00 1.23e+00 | 6.68e-01 7.11e-01)
8514(1000) (3.04e+00 2.83e+00) XE:2.83e-01 (1.25e+00 1.23e+00 | 6.88e-01 7.11e-01)
8532(999) (2.83e+00 2.83e+00) XE:2.83e-01 (1.24e+00 1.23e+00 | 7.14e-01 7.11e-01)
8549(995) (2.96e+00 2.83e+00) XE:2.83e-01 (1.24e+00 1.23e+00 | 7.08e-01 7.11e-01)
8567(989) (2.63e+00 2.83e+00) XE:2.83e-01 (1.21e+00 1.23e+00 | 6.66e-01 7.11e-01)
8585(1022) (2.50e+00 2.83e+00) XE:2.83e-01 (1.21e+00 1.23e+00 | 7.55e-01 7.11e-01)
8603(983) (3.21e+00 2.83e+00) XE:2.83e-01 (1.23e+00 1.23e+00 | 6.72e-01 7.11e-01)
8621(1016) (2.38e+00 2.83e+00) XE:2.83e-01 (1.23e+00 1.23e+00 | 7.79e-01 7.11e-01)
8639(977) (3.10e+00 2.83e+00) XE:2.83e-01 (1.24e+00 1.23e+00 | 7.57e-01 7.11e-01)
8656(1012) (3.48e+00 2.83e+00) XE:2.83e-01 (1.29e+00 1.23e+00 | 7.47e-01 7.11e-01)
8674(995) (2.61e+00 2.83e+00) XE:2.83e-01 (1.20e+00 1.23e+00 | 7.31e-01 7.11e-01)
8692(994) (2.70e+00 2.83e+00) XE:2.83e-01 (1.26e+00 1.23e+00 | 6.48e-01 7.11e-01)
8710(991) (3.18e+00 2.83e+00) XE:2.83e-01 (1.22e+00 1.23e+00 | 7.49e-01 7.11e-01)
8728(1008) (2.56e+00 2.83e+00) XE:2.83e-01 (1.23e+00 1.23e+00 | 6.94e-01 7.11e-01)
8745(995) (2.65e+00 2.83e+00) XE:2.83e-01 (1.24e+00 1.23e+00 | 7.49e-01 7.11e-01)
8763(990) (2.76e+00 2.83e+00) XE:2.83e-01 (1.27e+00 1.23e+00 | 7.29e-01 7.11e-01)
8781(1003) (2.18e+00 2.83e+00) XE:2.83e-01 (1.23e+00 1.23e+00 | 7.12e-01 7.11e-01)
8799(1003) (2.94e+00 2.83e+00) XE:2.83e-01 (1.24e+00 1.23e+00 | 6.94e-01 7.11e-01)
8817(1003) (2.38e+00 2.83e+00) XE:2.83e-01 (1.22e+00 1.23e+00 | 7.81e-01 7.11e-01)
8835(1002) (3.41e+00 2.83e+00) XE:2.83e-01 (1.23e+00 1.23e+00 | 6.84e-01 7.11e-01)
8852(991) (3.11e+00 2.83e+00) XE:2.83e-01 (1.21e+00 1.23e+00 | 7.04e-01 7.11e-01)
8870(1014) (2.21e+00 2.83e+00) XE:2.83e-01 (1.23e+00 1.23e+00 | 7.20e-01 7.11e-01)
8888(1000) (2.42e+00 2.83e+00) XE:2.83e-01 (1.22e+00 1.23e+00 | 7.27e-01 7.11e-01)
8906(1003) (2.47e+00 2.83e+00) XE:2.83e-01 (1.21e+00 1.23e+00 | 6.98e-01 7.11e-01)
8924(991) (3.70e+00 2.83e+00) XE:2.83e-01 (1.22e+00 1.23e+00 | 6.50e-01 7.11e-01)
8942(992) (2.37e+00 2.83e+00) XE:2.83e-01 (1.22e+00 1.23e+00 | 6.90e-01 7.11e-01)
8959(994) (3.47e+00 2.83e+00) XE:2.83e-01 (1.20e+00 1.23e+00 | 6.80e-01 7.11e-01)
8977(1003) (2.42e+00 2.83e+00) XE:2.83e-01 (1.24e+00 1.23e+00 | 6.96e-01 7.11e-01)
8995(1004) (2.86e+00 2.83e+00) XE:2.83e-01 (1.23e+00 1.23e+00 | 7.87e-01 7.11e-01)
9013(996) (2.61e+00 2.83e+00) XE:2.83e-01 (1.21e+00 1.23e+00 | 6.72e-01 7.11e-01)
9031(1002) (2.95e+00 2.83e+00) XE:2.83e-01 (1.23e+00 1.23e+00 | 7.10e-01 7.11e-01)
9049(997) (2.59e+00 2.83e+00) XE:2.83e-01 (1.22e+00 1.23e+00 | 7.16e-01 7.11e-01)
9066(1005) (2.84e+00 2.83e+00) XE:2.83e-01 (1.22e+00 1.23e+00 | 6.38e-01 7.11e-01)
9084(991) (3.00e+00 2.83e+00) XE:2.83e-01 (1.22e+00 1.23e+00 | 6.72e-01 7.11e-01)
9102(998) (2.55e+00 2.83e+00) XE:2.83e-01 (1.19e+00 1.23e+00 | 7.29e-01 7.11e-01)
9120(1001) (3.10e+00 2.83e+00) XE:2.83e-01 (1.26e+00 1.23e+00 | 7.45e-01 7.11e-01)
9138(999) (2.87e+00 2.83e+00) XE:2.83e-01 (1.25e+00 1.23e+00 | 7.14e-01 7.11e-01)
9156(1004) (2.77e+00 2.83e+00) XE:2.83e-01 (1.22e+00 1.23e+00 | 7.57e-01 7.11e-01)
9173(993) (2.88e+00 2.83e+00) XE:2.83e-01 (1.23e+00 1.23e+00 | 7.02e-01 7.11e-01)
9191(995) (2.68e+00 2.83e+00) XE:2.83e-01 (1.22e+00 1.23e+00 | 6.86e-01 7.11e-01)
9209(997) (3.51e+00 2.83e+00) XE:2.83e-01 (1.23e+00 1.23e+00 | 6.58e-01 7.11e-01)
9227(1000) (2.95e+00 2.83e+00) XE:2.83e-01 (1.22e+00 1.23e+00 | 7.10e-01 7.11e-01)
9245(994) (2.63e+00 2.83e+00) XE:2.83e-01 (1.24e+00 1.23e+00 | 7.49e-01 7.11e-01)
9263(996) (2.83e+00 2.83e+00) XE:2.83e-01 (1.21e+00 1.23e+00 | 7.18e-01 7.11e-01)
9280(1008) (2.87e+00 2.83e+00) XE:2.83e-01 (1.23e+00 1.23e+00 | 7.29e-01 7.11e-01)
9298(1020) (2.86e+00 2.83e+00) XE:2.83e-01 (1.23e+00 1.23e+00 | 6.94e-01 7.11e-01)
9316(990) (3.20e+00 2.83e+00) XE:2.83e-01 (1.23e+00 1.23e+00 | 7.43e-01 7.11e-01)
9334(1006) (2.95e+00 2.83e+00) XE:2.83e-01 (1.22e+00 1.23e+00 | 7.31e-01 7.11e-01)
9352(998) (3.79e+00 2.83e+00) XE:2.83e-01 (1.23e+00 1.23e+00 | 7.41e-01 7.11e-01)
9370(1002) (2.43e+00 2.83e+00) XE:2.83e-01 (1.26e+00 1.23e+00 | 7.65e-01 7.11e-01)
9387(1015) (3.13e+00 2.83e+00) XE:2.83e-01 (1.22e+00 1.23e+00 | 6.54e-01 7.11e-01)
9405(981) (2.72e+00 2.83e+00) XE:2.83e-01 (1.22e+00 1.23e+00 | 7.04e-01 7.11e-01)
9423(984) (4.00e+00 2.83e+00) XE:2.83e-01 (1.25e+00 1.23e+00 | 7.59e-01 7.11e-01)
9441(997) (2.73e+00 2.83e+00) XE:2.83e-01 (1.22e+00 1.23e+00 | 7.33e-01 7.11e-01)
9459(996) (2.94e+00 2.83e+00) XE:2.83e-01 (1.23e+00 1.23e+00 | 7.67e-01 7.11e-01)
9476(1014) (2.30e+00 2.83e+00) XE:2.83e-01 (1.22e+00 1.23e+00 | 7.04e-01 7.11e-01)
9494(994) (2.75e+00 2.83e+00) XE:2.83e-01 (1.22e+00 1.23e+00 | 7.53e-01 7.11e-01)
9512(989) (2.85e+00 2.83e+00) XE:2.83e-01 (1.25e+00 1.23e+00 | 7.49e-01 7.11e-01)
9530(998) (2.78e+00 2.83e+00) XE:2.83e-01 (1.25e+00 1.23e+00 | 6.66e-01 7.11e-01)
9548(989) (2.66e+00 2.83e+00) XE:2.83e-01 (1.22e+00 1.23e+00 | 7.33e-01 7.11e-01)
9566(1012) (2.67e+00 2.83e+00) XE:2.83e-01 (1.25e+00 1.23e+00 | 7.02e-01 7.11e-01)
9583(992) (3.22e+00 2.83e+00) XE:2.83e-01 (1.23e+00 1.23e+00 | 7.37e-01 7.11e-01)
9601(1010) (2.77e+00 2.83e+00) XE:2.83e-01 (1.22e+00 1.23e+00 | 7.00e-01 7.11e-01)
9619(1013) (2.72e+00 2.83e+00) XE:2.83e-01 (1.24e+00 1.23e+00 | 7.18e-01 7.11e-01)
9637(998) (3.20e+00 2.83e+00) XE:2.83e-01 (1.25e+00 1.23e+00 | 7.39e-01 7.11e-01)
9655(1017) (2.61e+00 2.83e+00) XE:2.83e-01 (1.24e+00 1.23e+00 | 6.56e-01 7.11e-01)
9673(997) (3.11e+00 2.83e+00) XE:2.83e-01 (1.24e+00 1.23e+00 | 6.56e-01 7.11e-01)
9690(997) (3.23e+00 2.83e+00) XE:2.83e-01 (1.23e+00 1.23e+00 | 6.86e-01 7.11e-01)
9708(996) (2.98e+00 2.83e+00) XE:2.83e-01 (1.21e+00 1.23e+00 | 7.55e-01 7.11e-01)
9726(1012) (2.76e+00 2.83e+00) XE:2.83e-01 (1.24e+00 1.23e+00 | 6.78e-01 7.11e-01)
9744(985) (2.31e+00 2.83e+00) XE:2.83e-01 (1.22e+00 1.23e+00 | 6.60e-01 7.11e-01)
9762(999) (3.16e+00 2.84e+00) XE:2.84e-01 (1.26e+00 1.23e+00 | 7.25e-01 7.11e-01)
9780(996) (2.76e+00 2.84e+00) XE:2.84e-01 (1.21e+00 1.23e+00 | 7.35e-01 7.11e-01)
9797(1014) (2.81e+00 2.84e+00) XE:2.84e-01 (1.23e+00 1.23e+00 | 6.76e-01 7.11e-01)
9815(1008) (3.54e+00 2.84e+00) XE:2.84e-01 (1.25e+00 1.23e+00 | 6.96e-01 7.11e-01)
9833(1004) (2.53e+00 2.84e+00) XE:2.84e-01 (1.20e+00 1.23e+00 | 6.94e-01 7.11e-01)
9851(1009) (3.19e+00 2.84e+00) XE:2.84e-01 (1.23e+00 1.23e+00 | 7.16e-01 7.11e-01)
9869(998) (2.55e+00 2.84e+00) XE:2.84e-01 (1.22e+00 1.23e+00 | 7.29e-01 7.11e-01)
9886(1007) (2.58e+00 2.84e+00) XE:2.84e-01 (1.23e+00 1.23e+00 | 7.10e-01 7.11e-01)
9904(1002) (2.65e+00 2.84e+00) XE:2.84e-01 (1.24e+00 1.23e+00 | 6.84e-01 7.11e-01)
9922(998) (2.62e+00 2.84e+00) XE:2.84e-01 (1.25e+00 1.23e+00 | 6.96e-01 7.11e-01)
9940(994) (3.25e+00 2.84e+00) XE:2.84e-01 (1.24e+00 1.23e+00 | 7.59e-01 7.11e-01)
9958(995) (3.98e+00 2.84e+00) XE:2.84e-01 (1.21e+00 1.23e+00 | 6.46e-01 7.11e-01)
9976(1014) (2.57e+00 2.84e+00) XE:2.84e-01 (1.23e+00 1.23e+00 | 6.94e-01 7.11e-01)
9993(1007) (2.68e+00 2.83e+00) XE:2.83e-01 (1.23e+00 1.23e+00 | 6.88e-01 7.11e-01)
10000(1011) (2.70e+00 2.84e+00) XE:2.84e-01 (1.21e+00 1.23e+00 | 6.92e-01 7.11e-01)
RL cnt: 0,6474792,1417879,225679,0,0,0,0,0,0,0,0,0,0,0,0,
BL cnt: 0,0,0,0,0,0,0,0,1761716,0,6386219,0,1762065,0,0,0,0,0,0,0,0,
[00] Th=9.500000e-01: 1.359762e-04 1.330513e-04 : 1.793516e-05
[01] Th=9.000000e-01: 5.582651e-01 1.285329e-01 : 4.578653e-02
[02] Th=8.500000e-01: 1.512899e+00 4.482203e-01 : 1.307413e-01
[03] Th=8.000000e-01: 2.289164e+00 8.785998e-01 : 2.111843e-01
[04] Th=7.500000e-01: 2.777471e+00 1.378814e+00 : 2.770857e-01
[05] Th=7.000000e-01: 3.089008e+00 1.804694e+00 : 3.262468e-01
[06] Th=6.500000e-01: 3.326986e+00 2.140112e+00 : 3.644732e-01
[07] Th=6.000000e-01: 3.557061e+00 2.420856e+00 : 3.985278e-01
[08] Th=5.500000e-01: 3.771824e+00 2.705725e+00 : 4.318366e-01
[09] Th=5.000000e-01: 3.947921e+00 2.937209e+00 : 4.590087e-01
[10] Th=4.500000e-01: 4.192886e+00 3.193636e+00 : 4.924348e-01
[11] Th=4.000000e-01: 4.412410e+00 3.477582e+00 : 5.259995e-01
[12] Th=3.500000e-01: 4.563700e+00 3.723972e+00 : 5.525115e-01
[13] Th=3.000000e-01: 4.719661e+00 4.076847e+00 : 5.864339e-01
[14] Th=2.500000e-01: 4.874637e+00 4.475606e+00 : 6.233495e-01
[15] Th=2.000000e-01: 5.118517e+00 4.712139e+00 : 6.553771e-01
[16] Th=1.500000e-01: 5.374807e+00 4.816767e+00 : 6.794382e-01
[17] Th=1.000000e-01: 5.405215e+00 4.835789e+00 : 6.827336e-01
[18] Th=5.000000e-02: 5.406697e+00 4.836225e+00 : 6.828615e-01
[19] Th=1.000000e-10: 5.406687e+00 4.836225e+00 : 6.828609e-01
# InnerCodebook: deleted
# NBIDSchannel: deleted
# Gtable: deleted
# FBalg4: deleted
# StatICB: deleted
