# (Pid,Ps)=(5.000000e-02,1.000000e-03) Nseg=200 WinSize=10 [0]
# InnerCB: ICB/2/5_0a_2.bin
# Gtable:  Gtable/5/050_001.bin
# InnerCodebook: beta=5(1024) nu=2
# InnerCodebook: B(B2p)=8(256) 7(128) 
# InnerCodebook: checked CWM, EncMap, DecMap
# beta=5(1024) nu=2 N=1000 Dmax=55
# B=8,7,
# NBIDSchannel: N=1000 Q=4 Dmax=55 (Pid,Ps)=(5.000000e-02,1.000000e-03)
# FBalg4: Nseg=200 Dmax=55(w=111)
# FBalg4: Gtable: Gtable/5/050_001.bin
# Gtable: beta=5 (Pid,Ps,Ptrn)=(5.000000e-02,1.000000e-03,9.000000e-01) Pth=1.000000e-10
# Gtable: beta4p=1024 beta4pp=1048576
# Gtable::Gtable len=0 cnt=1024
# Gtable::Gtable len=1 cnt=4096
# Gtable::Gtable len=2 cnt=16384
# Gtable::Gtable len=3 cnt=60508
# Gtable::Gtable len=4 cnt=156904
# Gtable::Gtable len=5 cnt=451540
# Gtable::Gtable len=6 cnt=491392
# Gtable::Gtable len=7 cnt=905716
# Gtable::Gtable len=8 cnt=207040
# Gtable::Gtable len=9 cnt=100348
# Gtable::Gtable len=10 cnt=31744
# FBalg4: beta=5(1024) (Pid,Ps)=(5.000000e-02,1.000000e-03) Pth=1.000000e-10 N=1000
# StatICB: nu=2 beta=5 beta4p=1024 Bsum=15 HdThNum=20 HdThStep=5.00e-02
# StatICB: B=8,7,
# StatICB: HdThList 9.50e-01,9.00e-01,8.50e-01,8.00e-01,7.50e-01,7.00e-01,6.50e-01,6.00e-01,5.50e-01,5.00e-01,4.50e-01,4.00e-01,3.50e-01,3.00e-01,2.50e-01,2.00e-01,1.50e-01,1.00e-01,5.00e-02,1.00e-10,
0016(995) (3.50e+00 2.55e+00) XE:2.55e-01 (1.20e+00 1.22e+00 | 6.48e-01 7.02e-01)
0033(986) (2.98e+00 2.61e+00) XE:2.61e-01 (1.22e+00 1.22e+00 | 7.45e-01 7.05e-01)
0050(1005) (3.17e+00 2.61e+00) XE:2.61e-01 (1.24e+00 1.22e+00 | 6.86e-01 7.08e-01)
0067(995) (4.20e+00 2.65e+00) XE:2.65e-01 (1.20e+00 1.22e+00 | 7.12e-01 7.09e-01)
0084(1003) (2.93e+00 2.63e+00) XE:2.63e-01 (1.23e+00 1.22e+00 | 7.49e-01 7.10e-01)
0100(1004) (2.10e+00 2.65e+00) XE:2.65e-01 (1.25e+00 1.23e+00 | 7.39e-01 7.11e-01)
0117(1000) (2.77e+00 2.65e+00) XE:2.65e-01 (1.24e+00 1.23e+00 | 7.25e-01 7.12e-01)
0134(989) (2.67e+00 2.65e+00) XE:2.65e-01 (1.21e+00 1.23e+00 | 7.06e-01 7.14e-01)
0151(989) (2.52e+00 2.63e+00) XE:2.63e-01 (1.23e+00 1.23e+00 | 7.02e-01 7.13e-01)
0168(989) (2.87e+00 2.64e+00) XE:2.64e-01 (1.23e+00 1.23e+00 | 6.90e-01 7.12e-01)
0184(995) (2.78e+00 2.65e+00) XE:2.65e-01 (1.24e+00 1.23e+00 | 6.38e-01 7.12e-01)
0201(998) (2.74e+00 2.66e+00) XE:2.66e-01 (1.25e+00 1.23e+00 | 6.88e-01 7.13e-01)
0218(1016) (2.82e+00 2.66e+00) XE:2.66e-01 (1.25e+00 1.23e+00 | 6.76e-01 7.14e-01)
0235(1005) (2.01e+00 2.66e+00) XE:2.66e-01 (1.23e+00 1.23e+00 | 7.65e-01 7.13e-01)
0252(994) (2.72e+00 2.66e+00) XE:2.66e-01 (1.23e+00 1.23e+00 | 7.83e-01 7.13e-01)
0268(1004) (2.30e+00 2.65e+00) XE:2.65e-01 (1.19e+00 1.23e+00 | 7.33e-01 7.14e-01)
0285(1000) (2.44e+00 2.66e+00) XE:2.66e-01 (1.24e+00 1.23e+00 | 7.31e-01 7.14e-01)
0302(1025) (2.08e+00 2.66e+00) XE:2.66e-01 (1.21e+00 1.23e+00 | 7.75e-01 7.15e-01)
0319(995) (3.43e+00 2.66e+00) XE:2.66e-01 (1.23e+00 1.23e+00 | 6.90e-01 7.14e-01)
0336(1001) (2.87e+00 2.66e+00) XE:2.66e-01 (1.20e+00 1.23e+00 | 8.29e-01 7.15e-01)
0352(1022) (2.97e+00 2.67e+00) XE:2.67e-01 (1.23e+00 1.23e+00 | 7.02e-01 7.15e-01)
0369(1012) (2.24e+00 2.68e+00) XE:2.68e-01 (1.25e+00 1.23e+00 | 6.62e-01 7.15e-01)
0386(1001) (2.89e+00 2.67e+00) XE:2.67e-01 (1.26e+00 1.23e+00 | 7.59e-01 7.15e-01)
0403(1008) (2.65e+00 2.68e+00) XE:2.68e-01 (1.24e+00 1.23e+00 | 7.43e-01 7.14e-01)
0419(1001) (3.02e+00 2.67e+00) XE:2.67e-01 (1.23e+00 1.23e+00 | 7.08e-01 7.14e-01)
0436(1002) (2.63e+00 2.67e+00) XE:2.67e-01 (1.24e+00 1.23e+00 | 7.53e-01 7.14e-01)
0453(984) (2.77e+00 2.68e+00) XE:2.68e-01 (1.23e+00 1.23e+00 | 7.04e-01 7.14e-01)
0470(990) (2.50e+00 2.67e+00) XE:2.67e-01 (1.22e+00 1.23e+00 | 6.76e-01 7.14e-01)
0487(1015) (2.25e+00 2.67e+00) XE:2.67e-01 (1.23e+00 1.23e+00 | 7.53e-01 7.14e-01)
0503(999) (2.15e+00 2.67e+00) XE:2.67e-01 (1.23e+00 1.23e+00 | 7.12e-01 7.14e-01)
0520(1005) (2.64e+00 2.66e+00) XE:2.66e-01 (1.20e+00 1.23e+00 | 7.35e-01 7.14e-01)
0537(990) (2.96e+00 2.66e+00) XE:2.66e-01 (1.23e+00 1.23e+00 | 7.14e-01 7.14e-01)
0554(991) (2.69e+00 2.66e+00) XE:2.66e-01 (1.21e+00 1.23e+00 | 7.69e-01 7.14e-01)
0570(1018) (2.40e+00 2.65e+00) XE:2.65e-01 (1.21e+00 1.23e+00 | 7.71e-01 7.14e-01)
0587(979) (2.78e+00 2.66e+00) XE:2.66e-01 (1.22e+00 1.23e+00 | 7.51e-01 7.14e-01)
0604(983) (3.50e+00 2.65e+00) XE:2.65e-01 (1.25e+00 1.23e+00 | 6.82e-01 7.14e-01)
0621(998) (2.96e+00 2.66e+00) XE:2.66e-01 (1.22e+00 1.23e+00 | 7.33e-01 7.13e-01)
0638(1011) (2.28e+00 2.66e+00) XE:2.66e-01 (1.21e+00 1.23e+00 | 7.49e-01 7.13e-01)
0654(1003) (2.75e+00 2.65e+00) XE:2.65e-01 (1.25e+00 1.23e+00 | 7.18e-01 7.13e-01)
0671(1009) (2.90e+00 2.67e+00) XE:2.67e-01 (1.22e+00 1.23e+00 | 7.49e-01 7.13e-01)
0688(1011) (2.40e+00 2.66e+00) XE:2.66e-01 (1.21e+00 1.23e+00 | 7.14e-01 7.13e-01)
0705(1002) (1.90e+00 2.66e+00) XE:2.66e-01 (1.20e+00 1.23e+00 | 7.10e-01 7.13e-01)
0722(999) (2.56e+00 2.66e+00) XE:2.66e-01 (1.25e+00 1.23e+00 | 7.29e-01 7.12e-01)
0738(995) (2.53e+00 2.66e+00) XE:2.66e-01 (1.26e+00 1.23e+00 | 6.82e-01 7.12e-01)
0755(972) (3.10e+00 2.66e+00) XE:2.66e-01 (1.28e+00 1.23e+00 | 6.48e-01 7.12e-01)
0772(1004) (2.66e+00 2.66e+00) XE:2.66e-01 (1.23e+00 1.23e+00 | 7.37e-01 7.12e-01)
0789(1001) (2.72e+00 2.66e+00) XE:2.66e-01 (1.22e+00 1.23e+00 | 7.57e-01 7.12e-01)
0805(998) (2.68e+00 2.66e+00) XE:2.66e-01 (1.24e+00 1.23e+00 | 7.31e-01 7.12e-01)
0822(994) (2.40e+00 2.66e+00) XE:2.66e-01 (1.21e+00 1.23e+00 | 7.35e-01 7.12e-01)
0839(1003) (2.78e+00 2.66e+00) XE:2.66e-01 (1.25e+00 1.23e+00 | 6.62e-01 7.12e-01)
0856(980) (6.54e+00 2.67e+00) XE:2.67e-01 (1.23e+00 1.23e+00 | 7.59e-01 7.12e-01)
0873(998) (2.96e+00 2.66e+00) XE:2.66e-01 (1.22e+00 1.23e+00 | 6.84e-01 7.12e-01)
0890(1004) (2.35e+00 2.66e+00) XE:2.66e-01 (1.22e+00 1.23e+00 | 7.33e-01 7.12e-01)
0906(1000) (2.48e+00 2.66e+00) XE:2.66e-01 (1.22e+00 1.23e+00 | 6.44e-01 7.13e-01)
0923(999) (2.37e+00 2.66e+00) XE:2.66e-01 (1.24e+00 1.23e+00 | 7.83e-01 7.13e-01)
0940(996) (2.81e+00 2.66e+00) XE:2.66e-01 (1.22e+00 1.23e+00 | 6.68e-01 7.13e-01)
0957(994) (2.50e+00 2.66e+00) XE:2.66e-01 (1.25e+00 1.23e+00 | 6.66e-01 7.13e-01)
0973(1021) (2.51e+00 2.66e+00) XE:2.66e-01 (1.25e+00 1.23e+00 | 7.41e-01 7.13e-01)
0990(980) (6.64e+00 2.67e+00) XE:2.67e-01 (1.21e+00 1.23e+00 | 6.80e-01 7.12e-01)
1007(1006) (2.69e+00 2.67e+00) XE:2.67e-01 (1.25e+00 1.23e+00 | 7.49e-01 7.12e-01)
1024(984) (2.92e+00 2.67e+00) XE:2.67e-01 (1.23e+00 1.23e+00 | 7.29e-01 7.12e-01)
1041(1000) (2.56e+00 2.66e+00) XE:2.66e-01 (1.24e+00 1.23e+00 | 6.64e-01 7.12e-01)
1057(1005) (2.30e+00 2.67e+00) XE:2.67e-01 (1.23e+00 1.23e+00 | 7.33e-01 7.12e-01)
1074(1016) (2.11e+00 2.67e+00) XE:2.67e-01 (1.23e+00 1.23e+00 | 6.76e-01 7.12e-01)
1091(990) (2.66e+00 2.67e+00) XE:2.67e-01 (1.25e+00 1.23e+00 | 6.84e-01 7.12e-01)
1108(994) (2.82e+00 2.67e+00) XE:2.67e-01 (1.21e+00 1.23e+00 | 7.47e-01 7.12e-01)
1125(1010) (2.21e+00 2.67e+00) XE:2.67e-01 (1.21e+00 1.23e+00 | 7.49e-01 7.12e-01)
1141(1001) (2.46e+00 2.67e+00) XE:2.67e-01 (1.23e+00 1.23e+00 | 7.02e-01 7.12e-01)
1158(997) (2.39e+00 2.67e+00) XE:2.67e-01 (1.21e+00 1.23e+00 | 7.37e-01 7.12e-01)
1175(1007) (2.56e+00 2.67e+00) XE:2.67e-01 (1.20e+00 1.23e+00 | 7.59e-01 7.12e-01)
1192(997) (2.98e+00 2.66e+00) XE:2.66e-01 (1.23e+00 1.23e+00 | 7.37e-01 7.12e-01)
1209(989) (2.47e+00 2.67e+00) XE:2.67e-01 (1.23e+00 1.23e+00 | 6.90e-01 7.12e-01)
1225(1011) (3.54e+00 2.67e+00) XE:2.67e-01 (1.24e+00 1.23e+00 | 6.98e-01 7.12e-01)
1242(1013) (2.53e+00 2.66e+00) XE:2.66e-01 (1.22e+00 1.23e+00 | 7.29e-01 7.12e-01)
1259(1003) (2.42e+00 2.66e+00) XE:2.66e-01 (1.18e+00 1.23e+00 | 7.51e-01 7.12e-01)
1276(985) (2.23e+00 2.66e+00) XE:2.66e-01 (1.23e+00 1.23e+00 | 6.86e-01 7.11e-01)
1292(1004) (3.44e+00 2.66e+00) XE:2.66e-01 (1.23e+00 1.23e+00 | 7.35e-01 7.11e-01)
1309(998) (2.49e+00 2.66e+00) XE:2.66e-01 (1.22e+00 1.23e+00 | 7.12e-01 7.12e-01)
1326(1012) (2.39e+00 2.67e+00) XE:2.67e-01 (1.23e+00 1.23e+00 | 7.00e-01 7.12e-01)
1343(976) (2.69e+00 2.66e+00) XE:2.66e-01 (1.22e+00 1.23e+00 | 6.90e-01 7.12e-01)
1360(1008) (2.36e+00 2.66e+00) XE:2.66e-01 (1.22e+00 1.23e+00 | 7.08e-01 7.12e-01)
1376(999) (3.18e+00 2.66e+00) XE:2.66e-01 (1.24e+00 1.23e+00 | 6.62e-01 7.12e-01)
1393(999) (2.53e+00 2.66e+00) XE:2.66e-01 (1.24e+00 1.23e+00 | 6.96e-01 7.12e-01)
1410(1005) (2.20e+00 2.66e+00) XE:2.66e-01 (1.22e+00 1.23e+00 | 6.96e-01 7.12e-01)
1427(1004) (2.98e+00 2.66e+00) XE:2.66e-01 (1.22e+00 1.23e+00 | 6.42e-01 7.12e-01)
1443(991) (2.66e+00 2.66e+00) XE:2.66e-01 (1.25e+00 1.23e+00 | 7.12e-01 7.12e-01)
1460(1001) (2.17e+00 2.66e+00) XE:2.66e-01 (1.20e+00 1.23e+00 | 6.36e-01 7.12e-01)
1477(997) (2.41e+00 2.66e+00) XE:2.66e-01 (1.21e+00 1.23e+00 | 6.82e-01 7.12e-01)
1494(1006) (2.47e+00 2.66e+00) XE:2.66e-01 (1.25e+00 1.23e+00 | 6.82e-01 7.12e-01)
1511(997) (2.82e+00 2.66e+00) XE:2.66e-01 (1.23e+00 1.23e+00 | 7.69e-01 7.12e-01)
1527(992) (2.86e+00 2.66e+00) XE:2.66e-01 (1.23e+00 1.23e+00 | 6.94e-01 7.12e-01)
1544(991) (2.90e+00 2.66e+00) XE:2.66e-01 (1.24e+00 1.23e+00 | 7.47e-01 7.12e-01)
1561(1002) (2.53e+00 2.66e+00) XE:2.66e-01 (1.23e+00 1.23e+00 | 7.37e-01 7.12e-01)
1578(979) (2.40e+00 2.66e+00) XE:2.66e-01 (1.21e+00 1.23e+00 | 7.02e-01 7.12e-01)
1594(975) (2.92e+00 2.66e+00) XE:2.66e-01 (1.22e+00 1.23e+00 | 6.92e-01 7.12e-01)
1611(987) (2.98e+00 2.66e+00) XE:2.66e-01 (1.25e+00 1.23e+00 | 6.48e-01 7.12e-01)
1628(990) (2.34e+00 2.66e+00) XE:2.66e-01 (1.24e+00 1.23e+00 | 7.31e-01 7.12e-01)
1645(1003) (2.50e+00 2.66e+00) XE:2.66e-01 (1.23e+00 1.23e+00 | 6.96e-01 7.12e-01)
1662(999) (2.32e+00 2.66e+00) XE:2.66e-01 (1.23e+00 1.23e+00 | 6.62e-01 7.12e-01)
1678(1010) (2.27e+00 2.66e+00) XE:2.66e-01 (1.22e+00 1.23e+00 | 7.06e-01 7.12e-01)
1695(1009) (2.66e+00 2.66e+00) XE:2.66e-01 (1.20e+00 1.23e+00 | 7.00e-01 7.12e-01)
1712(994) (2.16e+00 2.66e+00) XE:2.66e-01 (1.25e+00 1.23e+00 | 7.97e-01 7.12e-01)
1729(997) (3.04e+00 2.66e+00) XE:2.66e-01 (1.24e+00 1.23e+00 | 6.64e-01 7.12e-01)
1746(993) (2.76e+00 2.66e+00) XE:2.66e-01 (1.22e+00 1.23e+00 | 6.72e-01 7.12e-01)
1762(1012) (2.10e+00 2.66e+00) XE:2.66e-01 (1.25e+00 1.23e+00 | 7.18e-01 7.12e-01)
1779(993) (2.24e+00 2.66e+00) XE:2.66e-01 (1.26e+00 1.23e+00 | 7.33e-01 7.12e-01)
1796(1004) (2.17e+00 2.66e+00) XE:2.66e-01 (1.23e+00 1.23e+00 | 7.12e-01 7.12e-01)
1813(1002) (2.74e+00 2.66e+00) XE:2.66e-01 (1.22e+00 1.23e+00 | 6.92e-01 7.12e-01)
1830(984) (3.16e+00 2.66e+00) XE:2.66e-01 (1.23e+00 1.23e+00 | 7.16e-01 7.12e-01)
1846(998) (3.24e+00 2.66e+00) XE:2.66e-01 (1.21e+00 1.23e+00 | 7.55e-01 7.12e-01)
1863(1000) (2.86e+00 2.66e+00) XE:2.66e-01 (1.24e+00 1.23e+00 | 7.00e-01 7.12e-01)
1880(997) (2.46e+00 2.66e+00) XE:2.66e-01 (1.24e+00 1.23e+00 | 7.51e-01 7.12e-01)
1897(999) (2.68e+00 2.66e+00) XE:2.66e-01 (1.22e+00 1.23e+00 | 7.12e-01 7.12e-01)
1913(1000) (2.86e+00 2.66e+00) XE:2.66e-01 (1.23e+00 1.23e+00 | 6.98e-01 7.12e-01)
1930(992) (2.53e+00 2.66e+00) XE:2.66e-01 (1.24e+00 1.23e+00 | 6.84e-01 7.12e-01)
1947(997) (2.42e+00 2.66e+00) XE:2.66e-01 (1.25e+00 1.23e+00 | 7.08e-01 7.12e-01)
1964(1001) (2.38e+00 2.66e+00) XE:2.66e-01 (1.23e+00 1.23e+00 | 6.86e-01 7.12e-01)
1981(993) (2.81e+00 2.66e+00) XE:2.66e-01 (1.20e+00 1.23e+00 | 7.18e-01 7.12e-01)
1997(992) (2.78e+00 2.66e+00) XE:2.66e-01 (1.25e+00 1.23e+00 | 7.37e-01 7.12e-01)
2014(990) (2.63e+00 2.66e+00) XE:2.66e-01 (1.24e+00 1.23e+00 | 7.23e-01 7.12e-01)
2031(995) (2.26e+00 2.66e+00) XE:2.66e-01 (1.22e+00 1.23e+00 | 8.21e-01 7.12e-01)
2048(1000) (2.44e+00 2.66e+00) XE:2.66e-01 (1.23e+00 1.23e+00 | 6.80e-01 7.12e-01)
2065(1003) (2.63e+00 2.66e+00) XE:2.66e-01 (1.21e+00 1.23e+00 | 7.33e-01 7.12e-01)
2081(995) (2.43e+00 2.66e+00) XE:2.66e-01 (1.21e+00 1.23e+00 | 7.20e-01 7.12e-01)
2098(998) (2.95e+00 2.66e+00) XE:2.66e-01 (1.22e+00 1.23e+00 | 7.99e-01 7.12e-01)
2115(1008) (2.11e+00 2.66e+00) XE:2.66e-01 (1.22e+00 1.23e+00 | 7.00e-01 7.12e-01)
2132(988) (3.28e+00 2.66e+00) XE:2.66e-01 (1.20e+00 1.23e+00 | 7.27e-01 7.12e-01)
2149(1014) (3.50e+00 2.66e+00) XE:2.66e-01 (1.25e+00 1.23e+00 | 7.02e-01 7.12e-01)
2165(983) (2.59e+00 2.66e+00) XE:2.66e-01 (1.19e+00 1.23e+00 | 6.84e-01 7.12e-01)
2182(1001) (2.53e+00 2.66e+00) XE:2.66e-01 (1.23e+00 1.23e+00 | 7.04e-01 7.12e-01)
2199(1009) (3.30e+00 2.66e+00) XE:2.66e-01 (1.24e+00 1.23e+00 | 6.86e-01 7.12e-01)
2216(991) (3.06e+00 2.66e+00) XE:2.66e-01 (1.24e+00 1.23e+00 | 6.92e-01 7.12e-01)
2233(995) (2.29e+00 2.66e+00) XE:2.66e-01 (1.27e+00 1.23e+00 | 7.69e-01 7.12e-01)
2249(1030) (2.64e+00 2.66e+00) XE:2.66e-01 (1.22e+00 1.23e+00 | 7.02e-01 7.12e-01)
2266(1004) (2.77e+00 2.66e+00) XE:2.66e-01 (1.20e+00 1.23e+00 | 6.84e-01 7.12e-01)
2283(1005) (2.50e+00 2.66e+00) XE:2.66e-01 (1.23e+00 1.23e+00 | 7.59e-01 7.12e-01)
2300(1005) (2.58e+00 2.66e+00) XE:2.66e-01 (1.21e+00 1.23e+00 | 7.73e-01 7.12e-01)
2317(982) (2.84e+00 2.66e+00) XE:2.66e-01 (1.24e+00 1.23e+00 | 7.79e-01 7.12e-01)
2333(1001) (2.46e+00 2.66e+00) XE:2.66e-01 (1.24e+00 1.23e+00 | 7.25e-01 7.12e-01)
2350(1026) (2.23e+00 2.66e+00) XE:2.66e-01 (1.22e+00 1.23e+00 | 6.56e-01 7.12e-01)
2367(1005) (2.75e+00 2.66e+00) XE:2.66e-01 (1.22e+00 1.23e+00 | 6.94e-01 7.12e-01)
2384(1004) (2.13e+00 2.66e+00) XE:2.66e-01 (1.26e+00 1.23e+00 | 7.77e-01 7.12e-01)
2401(1002) (3.16e+00 2.66e+00) XE:2.66e-01 (1.21e+00 1.23e+00 | 6.86e-01 7.12e-01)
2418(999) (2.70e+00 2.66e+00) XE:2.66e-01 (1.21e+00 1.23e+00 | 7.39e-01 7.12e-01)
2434(997) (2.16e+00 2.66e+00) XE:2.66e-01 (1.24e+00 1.23e+00 | 6.46e-01 7.12e-01)
2451(1004) (2.62e+00 2.66e+00) XE:2.66e-01 (1.22e+00 1.23e+00 | 7.04e-01 7.12e-01)
2468(1011) (2.35e+00 2.66e+00) XE:2.66e-01 (1.23e+00 1.23e+00 | 7.33e-01 7.12e-01)
2485(1005) (2.87e+00 2.66e+00) XE:2.66e-01 (1.23e+00 1.23e+00 | 7.41e-01 7.12e-01)
2502(1004) (2.78e+00 2.66e+00) XE:2.66e-01 (1.20e+00 1.23e+00 | 7.25e-01 7.12e-01)
2518(1023) (2.02e+00 2.66e+00) XE:2.66e-01 (1.22e+00 1.23e+00 | 7.29e-01 7.12e-01)
2535(993) (3.39e+00 2.66e+00) XE:2.66e-01 (1.22e+00 1.23e+00 | 6.86e-01 7.12e-01)
2552(1002) (2.55e+00 2.66e+00) XE:2.66e-01 (1.24e+00 1.23e+00 | 7.06e-01 7.12e-01)
2569(1006) (2.79e+00 2.66e+00) XE:2.66e-01 (1.23e+00 1.23e+00 | 7.41e-01 7.12e-01)
2586(993) (2.69e+00 2.66e+00) XE:2.66e-01 (1.23e+00 1.23e+00 | 6.46e-01 7.12e-01)
2602(998) (2.40e+00 2.66e+00) XE:2.66e-01 (1.22e+00 1.23e+00 | 6.68e-01 7.12e-01)
2619(993) (3.78e+00 2.66e+00) XE:2.66e-01 (1.24e+00 1.23e+00 | 7.29e-01 7.12e-01)
2636(1007) (1.89e+00 2.66e+00) XE:2.66e-01 (1.22e+00 1.23e+00 | 7.41e-01 7.12e-01)
2653(1003) (2.86e+00 2.66e+00) XE:2.66e-01 (1.27e+00 1.23e+00 | 7.04e-01 7.12e-01)
2670(993) (2.68e+00 2.66e+00) XE:2.66e-01 (1.23e+00 1.23e+00 | 7.67e-01 7.12e-01)
2686(982) (3.09e+00 2.66e+00) XE:2.66e-01 (1.20e+00 1.23e+00 | 7.47e-01 7.12e-01)
2703(993) (2.48e+00 2.66e+00) XE:2.66e-01 (1.23e+00 1.23e+00 | 6.52e-01 7.12e-01)
2720(991) (2.55e+00 2.66e+00) XE:2.66e-01 (1.25e+00 1.23e+00 | 7.43e-01 7.12e-01)
2737(989) (2.91e+00 2.66e+00) XE:2.66e-01 (1.21e+00 1.23e+00 | 7.00e-01 7.12e-01)
2754(986) (3.26e+00 2.66e+00) XE:2.66e-01 (1.23e+00 1.23e+00 | 6.68e-01 7.12e-01)
2771(1003) (3.02e+00 2.66e+00) XE:2.66e-01 (1.21e+00 1.23e+00 | 7.16e-01 7.12e-01)
2787(987) (3.23e+00 2.66e+00) XE:2.66e-01 (1.22e+00 1.23e+00 | 7.25e-01 7.12e-01)
2804(994) (2.55e+00 2.66e+00) XE:2.66e-01 (1.20e+00 1.23e+00 | 7.67e-01 7.12e-01)
2821(1007) (2.46e+00 2.66e+00) XE:2.66e-01 (1.21e+00 1.23e+00 | 7.10e-01 7.12e-01)
2838(996) (2.58e+00 2.66e+00) XE:2.66e-01 (1.25e+00 1.23e+00 | 7.08e-01 7.12e-01)
2855(993) (2.49e+00 2.66e+00) XE:2.66e-01 (1.26e+00 1.23e+00 | 7.29e-01 7.12e-01)
2871(1014) (2.02e+00 2.66e+00) XE:2.66e-01 (1.23e+00 1.23e+00 | 7.51e-01 7.12e-01)
2888(1003) (2.84e+00 2.66e+00) XE:2.66e-01 (1.20e+00 1.23e+00 | 6.62e-01 7.12e-01)
2905(989) (2.35e+00 2.66e+00) XE:2.66e-01 (1.24e+00 1.23e+00 | 7.33e-01 7.12e-01)
2922(998) (2.52e+00 2.66e+00) XE:2.66e-01 (1.25e+00 1.23e+00 | 7.83e-01 7.12e-01)
2939(1005) (2.86e+00 2.66e+00) XE:2.66e-01 (1.22e+00 1.23e+00 | 6.48e-01 7.12e-01)
2955(1006) (2.50e+00 2.66e+00) XE:2.66e-01 (1.22e+00 1.23e+00 | 7.41e-01 7.12e-01)
2972(1004) (2.44e+00 2.66e+00) XE:2.66e-01 (1.23e+00 1.23e+00 | 6.96e-01 7.12e-01)
2989(998) (2.46e+00 2.66e+00) XE:2.66e-01 (1.23e+00 1.23e+00 | 7.04e-01 7.12e-01)
3006(1009) (2.31e+00 2.66e+00) XE:2.66e-01 (1.21e+00 1.23e+00 | 7.49e-01 7.12e-01)
3023(992) (2.36e+00 2.66e+00) XE:2.66e-01 (1.22e+00 1.23e+00 | 6.98e-01 7.12e-01)
3039(1019) (2.42e+00 2.66e+00) XE:2.66e-01 (1.23e+00 1.23e+00 | 7.08e-01 7.12e-01)
3056(987) (2.46e+00 2.66e+00) XE:2.66e-01 (1.22e+00 1.23e+00 | 6.76e-01 7.12e-01)
3073(999) (2.38e+00 2.66e+00) XE:2.66e-01 (1.22e+00 1.23e+00 | 7.31e-01 7.12e-01)
3090(978) (3.21e+00 2.66e+00) XE:2.66e-01 (1.23e+00 1.23e+00 | 7.37e-01 7.12e-01)
3107(999) (2.57e+00 2.66e+00) XE:2.66e-01 (1.21e+00 1.23e+00 | 6.46e-01 7.12e-01)
3124(1002) (2.64e+00 2.66e+00) XE:2.66e-01 (1.21e+00 1.23e+00 | 6.98e-01 7.12e-01)
3140(985) (2.59e+00 2.66e+00) XE:2.66e-01 (1.20e+00 1.23e+00 | 6.58e-01 7.12e-01)
3157(998) (3.03e+00 2.66e+00) XE:2.66e-01 (1.24e+00 1.23e+00 | 7.29e-01 7.12e-01)
3174(1009) (2.73e+00 2.66e+00) XE:2.66e-01 (1.24e+00 1.23e+00 | 7.51e-01 7.12e-01)
3191(990) (3.15e+00 2.66e+00) XE:2.66e-01 (1.23e+00 1.23e+00 | 7.47e-01 7.12e-01)
3208(1013) (2.19e+00 2.66e+00) XE:2.66e-01 (1.23e+00 1.23e+00 | 6.90e-01 7.12e-01)
3225(979) (2.61e+00 2.66e+00) XE:2.66e-01 (1.25e+00 1.23e+00 | 7.29e-01 7.12e-01)
3241(980) (2.81e+00 2.66e+00) XE:2.66e-01 (1.22e+00 1.23e+00 | 6.36e-01 7.12e-01)
3258(1004) (2.08e+00 2.66e+00) XE:2.66e-01 (1.23e+00 1.23e+00 | 6.74e-01 7.12e-01)
3275(999) (2.14e+00 2.66e+00) XE:2.66e-01 (1.24e+00 1.23e+00 | 6.82e-01 7.12e-01)
3292(1000) (2.69e+00 2.66e+00) XE:2.66e-01 (1.23e+00 1.23e+00 | 6.68e-01 7.12e-01)
3309(1007) (2.73e+00 2.66e+00) XE:2.66e-01 (1.27e+00 1.23e+00 | 7.61e-01 7.12e-01)
3325(1004) (2.48e+00 2.66e+00) XE:2.66e-01 (1.23e+00 1.23e+00 | 6.26e-01 7.12e-01)
3342(989) (2.72e+00 2.66e+00) XE:2.66e-01 (1.25e+00 1.23e+00 | 7.25e-01 7.12e-01)
3359(986) (3.07e+00 2.66e+00) XE:2.66e-01 (1.22e+00 1.23e+00 | 7.89e-01 7.12e-01)
3376(985) (3.88e+00 2.66e+00) XE:2.66e-01 (1.24e+00 1.23e+00 | 6.44e-01 7.12e-01)
3393(1005) (2.51e+00 2.66e+00) XE:2.66e-01 (1.22e+00 1.23e+00 | 7.00e-01 7.12e-01)
3409(1005) (2.46e+00 2.66e+00) XE:2.66e-01 (1.18e+00 1.23e+00 | 6.86e-01 7.12e-01)
3426(992) (2.34e+00 2.66e+00) XE:2.66e-01 (1.25e+00 1.23e+00 | 7.39e-01 7.12e-01)
3443(1025) (2.42e+00 2.66e+00) XE:2.66e-01 (1.24e+00 1.23e+00 | 7.23e-01 7.12e-01)
3460(967) (3.09e+00 2.66e+00) XE:2.66e-01 (1.22e+00 1.23e+00 | 7.61e-01 7.12e-01)
3477(1013) (2.23e+00 2.66e+00) XE:2.66e-01 (1.23e+00 1.23e+00 | 7.16e-01 7.12e-01)
3493(989) (3.29e+00 2.67e+00) XE:2.67e-01 (1.22e+00 1.23e+00 | 7.20e-01 7.12e-01)
3510(998) (3.05e+00 2.67e+00) XE:2.67e-01 (1.23e+00 1.23e+00 | 7.31e-01 7.12e-01)
3527(1004) (2.94e+00 2.67e+00) XE:2.67e-01 (1.21e+00 1.23e+00 | 6.80e-01 7.12e-01)
3544(1019) (2.63e+00 2.67e+00) XE:2.67e-01 (1.23e+00 1.23e+00 | 7.37e-01 7.12e-01)
3561(1010) (2.27e+00 2.67e+00) XE:2.67e-01 (1.22e+00 1.23e+00 | 7.33e-01 7.12e-01)
3577(996) (2.87e+00 2.67e+00) XE:2.67e-01 (1.24e+00 1.23e+00 | 6.54e-01 7.12e-01)
3594(998) (2.66e+00 2.67e+00) XE:2.67e-01 (1.23e+00 1.23e+00 | 7.29e-01 7.12e-01)
3611(999) (2.15e+00 2.67e+00) XE:2.67e-01 (1.25e+00 1.23e+00 | 7.29e-01 7.12e-01)
3628(987) (3.04e+00 2.67e+00) XE:2.67e-01 (1.19e+00 1.23e+00 | 7.23e-01 7.12e-01)
3645(985) (2.77e+00 2.67e+00) XE:2.67e-01 (1.24e+00 1.23e+00 | 7.06e-01 7.12e-01)
3661(980) (3.25e+00 2.67e+00) XE:2.67e-01 (1.22e+00 1.23e+00 | 6.98e-01 7.12e-01)
3678(1006) (2.85e+00 2.67e+00) XE:2.67e-01 (1.23e+00 1.23e+00 | 6.80e-01 7.12e-01)
3695(998) (2.70e+00 2.67e+00) XE:2.67e-01 (1.22e+00 1.23e+00 | 6.60e-01 7.12e-01)
3712(1005) (2.92e+00 2.67e+00) XE:2.67e-01 (1.24e+00 1.23e+00 | 7.12e-01 7.12e-01)
3729(1022) (2.55e+00 2.67e+00) XE:2.67e-01 (1.22e+00 1.23e+00 | 7.69e-01 7.12e-01)
3746(1006) (2.58e+00 2.67e+00) XE:2.67e-01 (1.23e+00 1.23e+00 | 6.88e-01 7.12e-01)
3762(1001) (2.89e+00 2.67e+00) XE:2.67e-01 (1.24e+00 1.23e+00 | 6.56e-01 7.12e-01)
3779(1008) (2.33e+00 2.67e+00) XE:2.67e-01 (1.25e+00 1.23e+00 | 7.87e-01 7.12e-01)
3796(984) (2.32e+00 2.67e+00) XE:2.67e-01 (1.23e+00 1.23e+00 | 7.37e-01 7.12e-01)
3813(1014) (2.21e+00 2.67e+00) XE:2.67e-01 (1.24e+00 1.23e+00 | 7.55e-01 7.12e-01)
3830(1001) (2.86e+00 2.67e+00) XE:2.67e-01 (1.25e+00 1.23e+00 | 7.10e-01 7.12e-01)
3846(1001) (2.24e+00 2.67e+00) XE:2.67e-01 (1.24e+00 1.23e+00 | 6.56e-01 7.12e-01)
3863(993) (2.57e+00 2.67e+00) XE:2.67e-01 (1.23e+00 1.23e+00 | 6.96e-01 7.12e-01)
3880(1001) (2.34e+00 2.67e+00) XE:2.67e-01 (1.24e+00 1.23e+00 | 6.74e-01 7.12e-01)
3897(1000) (2.10e+00 2.67e+00) XE:2.67e-01 (1.23e+00 1.23e+00 | 7.59e-01 7.12e-01)
3914(1001) (2.47e+00 2.67e+00) XE:2.67e-01 (1.24e+00 1.23e+00 | 7.06e-01 7.12e-01)
3930(1011) (2.70e+00 2.67e+00) XE:2.67e-01 (1.22e+00 1.23e+00 | 7.20e-01 7.12e-01)
3947(987) (2.34e+00 2.67e+00) XE:2.67e-01 (1.23e+00 1.23e+00 | 7.63e-01 7.12e-01)
3964(984) (3.38e+00 2.67e+00) XE:2.67e-01 (1.21e+00 1.23e+00 | 7.43e-01 7.12e-01)
3981(1008) (3.25e+00 2.67e+00) XE:2.67e-01 (1.21e+00 1.23e+00 | 6.80e-01 7.12e-01)
3998(1006) (3.08e+00 2.67e+00) XE:2.67e-01 (1.25e+00 1.23e+00 | 7.16e-01 7.12e-01)
4014(1004) (3.36e+00 2.67e+00) XE:2.67e-01 (1.23e+00 1.23e+00 | 7.04e-01 7.12e-01)
4031(1014) (2.09e+00 2.67e+00) XE:2.67e-01 (1.21e+00 1.23e+00 | 6.76e-01 7.12e-01)
4048(1002) (2.33e+00 2.67e+00) XE:2.67e-01 (1.23e+00 1.23e+00 | 7.06e-01 7.12e-01)
4065(987) (2.45e+00 2.67e+00) XE:2.67e-01 (1.24e+00 1.23e+00 | 6.82e-01 7.12e-01)
4082(983) (2.32e+00 2.67e+00) XE:2.67e-01 (1.24e+00 1.23e+00 | 7.14e-01 7.12e-01)
4098(999) (2.78e+00 2.67e+00) XE:2.67e-01 (1.20e+00 1.23e+00 | 6.56e-01 7.12e-01)
4115(1005) (2.13e+00 2.67e+00) XE:2.67e-01 (1.24e+00 1.23e+00 | 7.18e-01 7.12e-01)
4132(1015) (2.90e+00 2.67e+00) XE:2.67e-01 (1.23e+00 1.23e+00 | 7.23e-01 7.12e-01)
4149(1003) (2.57e+00 2.67e+00) XE:2.67e-01 (1.22e+00 1.23e+00 | 7.37e-01 7.12e-01)
4166(990) (3.38e+00 2.66e+00) XE:2.66e-01 (1.26e+00 1.23e+00 | 7.25e-01 7.12e-01)
4182(1002) (2.67e+00 2.67e+00) XE:2.67e-01 (1.22e+00 1.23e+00 | 6.98e-01 7.12e-01)
4199(1024) (2.70e+00 2.66e+00) XE:2.66e-01 (1.20e+00 1.23e+00 | 6.90e-01 7.12e-01)
4216(994) (2.72e+00 2.67e+00) XE:2.67e-01 (1.22e+00 1.23e+00 | 7.04e-01 7.12e-01)
4233(997) (2.31e+00 2.66e+00) XE:2.66e-01 (1.23e+00 1.23e+00 | 6.90e-01 7.12e-01)
4250(1005) (2.32e+00 2.66e+00) XE:2.66e-01 (1.26e+00 1.23e+00 | 6.90e-01 7.12e-01)
4266(1009) (2.71e+00 2.66e+00) XE:2.66e-01 (1.22e+00 1.23e+00 | 7.14e-01 7.12e-01)
4283(996) (2.47e+00 2.66e+00) XE:2.66e-01 (1.24e+00 1.23e+00 | 7.57e-01 7.12e-01)
4300(992) (2.47e+00 2.66e+00) XE:2.66e-01 (1.21e+00 1.23e+00 | 6.86e-01 7.12e-01)
4317(1009) (2.61e+00 2.66e+00) XE:2.66e-01 (1.25e+00 1.23e+00 | 7.65e-01 7.12e-01)
4334(987) (3.25e+00 2.66e+00) XE:2.66e-01 (1.21e+00 1.23e+00 | 7.35e-01 7.12e-01)
4350(999) (2.51e+00 2.66e+00) XE:2.66e-01 (1.21e+00 1.23e+00 | 7.65e-01 7.12e-01)
4367(995) (2.83e+00 2.66e+00) XE:2.66e-01 (1.21e+00 1.23e+00 | 6.74e-01 7.12e-01)
4383(1011) (2.43e+00 2.66e+00) XE:2.66e-01 (1.20e+00 1.23e+00 | 6.88e-01 7.12e-01)
4400(1002) (2.45e+00 2.66e+00) XE:2.66e-01 (1.26e+00 1.23e+00 | 7.04e-01 7.12e-01)
4417(1008) (2.57e+00 2.66e+00) XE:2.66e-01 (1.20e+00 1.23e+00 | 7.10e-01 7.12e-01)
4433(1004) (2.67e+00 2.66e+00) XE:2.66e-01 (1.21e+00 1.23e+00 | 6.70e-01 7.12e-01)
4450(1002) (2.73e+00 2.66e+00) XE:2.66e-01 (1.21e+00 1.23e+00 | 6.58e-01 7.12e-01)
4466(982) (3.21e+00 2.66e+00) XE:2.66e-01 (1.23e+00 1.23e+00 | 7.87e-01 7.12e-01)
4483(1021) (2.20e+00 2.66e+00) XE:2.66e-01 (1.23e+00 1.23e+00 | 7.67e-01 7.12e-01)
4499(1007) (2.28e+00 2.66e+00) XE:2.66e-01 (1.21e+00 1.23e+00 | 7.47e-01 7.12e-01)
4516(999) (2.37e+00 2.66e+00) XE:2.66e-01 (1.25e+00 1.23e+00 | 7.18e-01 7.12e-01)
4532(1001) (3.20e+00 2.66e+00) XE:2.66e-01 (1.22e+00 1.23e+00 | 7.39e-01 7.12e-01)
4549(996) (2.16e+00 2.66e+00) XE:2.66e-01 (1.21e+00 1.23e+00 | 7.04e-01 7.12e-01)
4565(1006) (2.43e+00 2.66e+00) XE:2.66e-01 (1.23e+00 1.23e+00 | 6.96e-01 7.12e-01)
4582(1016) (2.24e+00 2.66e+00) XE:2.66e-01 (1.24e+00 1.23e+00 | 6.38e-01 7.12e-01)
4599(995) (2.38e+00 2.66e+00) XE:2.66e-01 (1.21e+00 1.23e+00 | 6.88e-01 7.12e-01)
4615(997) (2.79e+00 2.66e+00) XE:2.66e-01 (1.21e+00 1.23e+00 | 6.62e-01 7.12e-01)
4632(1000) (3.27e+00 2.66e+00) XE:2.66e-01 (1.24e+00 1.23e+00 | 7.35e-01 7.12e-01)
4648(1001) (2.70e+00 2.66e+00) XE:2.66e-01 (1.24e+00 1.23e+00 | 7.45e-01 7.12e-01)
4665(986) (3.04e+00 2.66e+00) XE:2.66e-01 (1.22e+00 1.23e+00 | 7.08e-01 7.12e-01)
4681(992) (2.99e+00 2.66e+00) XE:2.66e-01 (1.24e+00 1.23e+00 | 7.27e-01 7.12e-01)
4698(982) (3.01e+00 2.66e+00) XE:2.66e-01 (1.23e+00 1.23e+00 | 7.31e-01 7.12e-01)
4714(1010) (2.20e+00 2.66e+00) XE:2.66e-01 (1.26e+00 1.23e+00 | 7.18e-01 7.12e-01)
4731(998) (2.67e+00 2.66e+00) XE:2.66e-01 (1.25e+00 1.23e+00 | 7.57e-01 7.12e-01)
4748(1000) (2.32e+00 2.66e+00) XE:2.66e-01 (1.25e+00 1.23e+00 | 6.84e-01 7.12e-01)
4764(994) (2.59e+00 2.66e+00) XE:2.66e-01 (1.26e+00 1.23e+00 | 6.94e-01 7.12e-01)
4781(998) (2.35e+00 2.66e+00) XE:2.66e-01 (1.21e+00 1.23e+00 | 8.19e-01 7.12e-01)
4797(1005) (2.47e+00 2.66e+00) XE:2.66e-01 (1.23e+00 1.23e+00 | 6.90e-01 7.12e-01)
4814(1012) (2.82e+00 2.66e+00) XE:2.66e-01 (1.22e+00 1.23e+00 | 7.39e-01 7.12e-01)
4830(1001) (2.29e+00 2.66e+00) XE:2.66e-01 (1.27e+00 1.23e+00 | 6.90e-01 7.12e-01)
4847(988) (2.73e+00 2.66e+00) XE:2.66e-01 (1.22e+00 1.23e+00 | 7.29e-01 7.12e-01)
4864(1003) (2.87e+00 2.66e+00) XE:2.66e-01 (1.21e+00 1.23e+00 | 6.62e-01 7.12e-01)
4880(991) (3.32e+00 2.66e+00) XE:2.66e-01 (1.25e+00 1.23e+00 | 6.32e-01 7.12e-01)
4897(1016) (2.26e+00 2.66e+00) XE:2.66e-01 (1.25e+00 1.23e+00 | 6.58e-01 7.12e-01)
4913(999) (3.28e+00 2.66e+00) XE:2.66e-01 (1.22e+00 1.23e+00 | 6.78e-01 7.12e-01)
4930(985) (2.79e+00 2.66e+00) XE:2.66e-01 (1.23e+00 1.23e+00 | 6.96e-01 7.12e-01)
4947(1001) (2.33e+00 2.66e+00) XE:2.66e-01 (1.21e+00 1.23e+00 | 7.45e-01 7.12e-01)
4963(1005) (2.62e+00 2.66e+00) XE:2.66e-01 (1.22e+00 1.23e+00 | 6.80e-01 7.12e-01)
4980(1015) (2.49e+00 2.66e+00) XE:2.66e-01 (1.22e+00 1.23e+00 | 7.27e-01 7.12e-01)
4996(1002) (2.29e+00 2.66e+00) XE:2.66e-01 (1.21e+00 1.23e+00 | 7.29e-01 7.12e-01)
5013(1000) (2.91e+00 2.66e+00) XE:2.66e-01 (1.25e+00 1.23e+00 | 7.14e-01 7.12e-01)
5029(992) (2.42e+00 2.66e+00) XE:2.66e-01 (1.24e+00 1.23e+00 | 6.66e-01 7.12e-01)
5046(998) (3.10e+00 2.66e+00) XE:2.66e-01 (1.21e+00 1.23e+00 | 7.00e-01 7.12e-01)
5062(1002) (2.39e+00 2.66e+00) XE:2.66e-01 (1.22e+00 1.23e+00 | 7.35e-01 7.12e-01)
5079(1000) (2.33e+00 2.66e+00) XE:2.66e-01 (1.23e+00 1.23e+00 | 7.37e-01 7.12e-01)
5096(988) (2.05e+00 2.66e+00) XE:2.66e-01 (1.23e+00 1.23e+00 | 7.43e-01 7.12e-01)
5112(1002) (2.57e+00 2.66e+00) XE:2.66e-01 (1.25e+00 1.23e+00 | 7.55e-01 7.12e-01)
5129(1004) (3.38e+00 2.66e+00) XE:2.66e-01 (1.23e+00 1.23e+00 | 6.44e-01 7.12e-01)
5145(986) (2.42e+00 2.66e+00) XE:2.66e-01 (1.26e+00 1.23e+00 | 6.90e-01 7.12e-01)
5162(985) (2.41e+00 2.66e+00) XE:2.66e-01 (1.22e+00 1.23e+00 | 6.98e-01 7.12e-01)
5178(1019) (2.69e+00 2.66e+00) XE:2.66e-01 (1.24e+00 1.23e+00 | 6.68e-01 7.12e-01)
5194(1008) (2.86e+00 2.66e+00) XE:2.66e-01 (1.23e+00 1.23e+00 | 7.59e-01 7.12e-01)
5211(1000) (2.54e+00 2.66e+00) XE:2.66e-01 (1.22e+00 1.23e+00 | 7.14e-01 7.12e-01)
5227(1004) (2.32e+00 2.66e+00) XE:2.66e-01 (1.25e+00 1.23e+00 | 7.14e-01 7.12e-01)
5244(998) (2.51e+00 2.66e+00) XE:2.66e-01 (1.21e+00 1.23e+00 | 7.00e-01 7.12e-01)
5260(1003) (2.71e+00 2.66e+00) XE:2.66e-01 (1.22e+00 1.23e+00 | 6.66e-01 7.12e-01)
5277(1018) (2.75e+00 2.66e+00) XE:2.66e-01 (1.25e+00 1.23e+00 | 6.62e-01 7.12e-01)
5294(998) (2.89e+00 2.66e+00) XE:2.66e-01 (1.23e+00 1.23e+00 | 6.94e-01 7.12e-01)
5310(1002) (3.10e+00 2.66e+00) XE:2.66e-01 (1.22e+00 1.23e+00 | 7.41e-01 7.12e-01)
5327(997) (2.24e+00 2.66e+00) XE:2.66e-01 (1.23e+00 1.23e+00 | 6.82e-01 7.12e-01)
5343(987) (2.39e+00 2.66e+00) XE:2.66e-01 (1.23e+00 1.23e+00 | 7.55e-01 7.12e-01)
5360(985) (2.60e+00 2.66e+00) XE:2.66e-01 (1.24e+00 1.23e+00 | 7.08e-01 7.12e-01)
5376(1003) (2.80e+00 2.66e+00) XE:2.66e-01 (1.22e+00 1.23e+00 | 7.53e-01 7.12e-01)
5393(1009) (2.35e+00 2.66e+00) XE:2.66e-01 (1.27e+00 1.23e+00 | 6.72e-01 7.12e-01)
5410(985) (2.73e+00 2.66e+00) XE:2.66e-01 (1.22e+00 1.23e+00 | 6.92e-01 7.12e-01)
5426(1015) (2.13e+00 2.66e+00) XE:2.66e-01 (1.24e+00 1.23e+00 | 7.10e-01 7.12e-01)
5443(1004) (2.60e+00 2.66e+00) XE:2.66e-01 (1.22e+00 1.23e+00 | 7.16e-01 7.12e-01)
5459(1008) (2.82e+00 2.66e+00) XE:2.66e-01 (1.25e+00 1.23e+00 | 7.51e-01 7.12e-01)
5476(1008) (2.27e+00 2.66e+00) XE:2.66e-01 (1.25e+00 1.23e+00 | 7.06e-01 7.12e-01)
5492(1006) (3.48e+00 2.66e+00) XE:2.66e-01 (1.26e+00 1.23e+00 | 7.33e-01 7.12e-01)
5508(978) (3.12e+00 2.66e+00) XE:2.66e-01 (1.24e+00 1.23e+00 | 6.76e-01 7.12e-01)
5525(987) (2.58e+00 2.66e+00) XE:2.66e-01 (1.25e+00 1.23e+00 | 7.20e-01 7.12e-01)
5541(997) (2.64e+00 2.66e+00) XE:2.66e-01 (1.25e+00 1.23e+00 | 7.75e-01 7.12e-01)
5558(1010) (2.81e+00 2.66e+00) XE:2.66e-01 (1.22e+00 1.23e+00 | 7.18e-01 7.12e-01)
5575(1006) (2.72e+00 2.66e+00) XE:2.66e-01 (1.25e+00 1.23e+00 | 7.04e-01 7.12e-01)
5591(1006) (2.30e+00 2.66e+00) XE:2.66e-01 (1.25e+00 1.23e+00 | 7.29e-01 7.12e-01)
5608(1006) (2.10e+00 2.66e+00) XE:2.66e-01 (1.21e+00 1.23e+00 | 6.54e-01 7.12e-01)
5624(975) (3.34e+00 2.66e+00) XE:2.66e-01 (1.23e+00 1.23e+00 | 7.45e-01 7.12e-01)
5641(992) (2.81e+00 2.66e+00) XE:2.66e-01 (1.21e+00 1.23e+00 | 7.25e-01 7.12e-01)
5657(987) (3.63e+00 2.66e+00) XE:2.66e-01 (1.21e+00 1.23e+00 | 7.37e-01 7.12e-01)
5674(1012) (2.33e+00 2.66e+00) XE:2.66e-01 (1.26e+00 1.23e+00 | 6.92e-01 7.12e-01)
5691(1011) (2.05e+00 2.66e+00) XE:2.66e-01 (1.23e+00 1.23e+00 | 7.25e-01 7.12e-01)
5707(990) (3.26e+00 2.66e+00) XE:2.66e-01 (1.22e+00 1.23e+00 | 6.24e-01 7.12e-01)
5724(995) (2.51e+00 2.66e+00) XE:2.66e-01 (1.22e+00 1.23e+00 | 6.86e-01 7.12e-01)
5740(1000) (2.28e+00 2.66e+00) XE:2.66e-01 (1.24e+00 1.23e+00 | 7.06e-01 7.12e-01)
5757(977) (3.05e+00 2.66e+00) XE:2.66e-01 (1.23e+00 1.23e+00 | 6.58e-01 7.12e-01)
5774(1007) (3.13e+00 2.66e+00) XE:2.66e-01 (1.22e+00 1.23e+00 | 7.14e-01 7.12e-01)
5790(996) (2.35e+00 2.66e+00) XE:2.66e-01 (1.23e+00 1.23e+00 | 7.31e-01 7.12e-01)
5807(1017) (2.38e+00 2.66e+00) XE:2.66e-01 (1.24e+00 1.23e+00 | 6.76e-01 7.12e-01)
5823(1007) (2.60e+00 2.66e+00) XE:2.66e-01 (1.20e+00 1.23e+00 | 7.02e-01 7.12e-01)
5840(991) (3.05e+00 2.66e+00) XE:2.66e-01 (1.23e+00 1.23e+00 | 7.33e-01 7.12e-01)
5856(993) (2.36e+00 2.66e+00) XE:2.66e-01 (1.25e+00 1.23e+00 | 7.41e-01 7.12e-01)
5873(1021) (2.65e+00 2.66e+00) XE:2.66e-01 (1.23e+00 1.23e+00 | 6.62e-01 7.12e-01)
5890(998) (3.03e+00 2.66e+00) XE:2.66e-01 (1.26e+00 1.23e+00 | 7.41e-01 7.12e-01)
5906(1013) (2.24e+00 2.66e+00) XE:2.66e-01 (1.24e+00 1.23e+00 | 6.56e-01 7.12e-01)
5923(987) (2.51e+00 2.66e+00) XE:2.66e-01 (1.22e+00 1.23e+00 | 6.94e-01 7.12e-01)
5939(994) (2.31e+00 2.66e+00) XE:2.66e-01 (1.21e+00 1.23e+00 | 7.65e-01 7.12e-01)
5956(1001) (2.73e+00 2.66e+00) XE:2.66e-01 (1.19e+00 1.23e+00 | 6.24e-01 7.12e-01)
5972(1009) (2.13e+00 2.66e+00) XE:2.66e-01 (1.19e+00 1.23e+00 | 7.00e-01 7.12e-01)
5989(1001) (3.18e+00 2.66e+00) XE:2.66e-01 (1.26e+00 1.23e+00 | 7.27e-01 7.12e-01)
6006(996) (3.07e+00 2.66e+00) XE:2.66e-01 (1.26e+00 1.23e+00 | 6.50e-01 7.12e-01)
6022(1000) (2.57e+00 2.66e+00) XE:2.66e-01 (1.25e+00 1.23e+00 | 6.98e-01 7.12e-01)
6039(1000) (2.21e+00 2.66e+00) XE:2.66e-01 (1.23e+00 1.23e+00 | 7.20e-01 7.12e-01)
6055(1005) (2.49e+00 2.66e+00) XE:2.66e-01 (1.21e+00 1.23e+00 | 6.62e-01 7.12e-01)
6072(976) (3.14e+00 2.66e+00) XE:2.66e-01 (1.23e+00 1.23e+00 | 7.12e-01 7.12e-01)
6089(983) (3.30e+00 2.66e+00) XE:2.66e-01 (1.23e+00 1.23e+00 | 6.96e-01 7.12e-01)
6105(972) (4.40e+00 2.66e+00) XE:2.66e-01 (1.23e+00 1.23e+00 | 6.64e-01 7.12e-01)
6122(1012) (2.50e+00 2.66e+00) XE:2.66e-01 (1.18e+00 1.23e+00 | 6.82e-01 7.12e-01)
6138(1000) (2.58e+00 2.66e+00) XE:2.66e-01 (1.24e+00 1.23e+00 | 6.78e-01 7.12e-01)
6155(1005) (2.89e+00 2.66e+00) XE:2.66e-01 (1.23e+00 1.23e+00 | 7.14e-01 7.12e-01)
6171(1005) (2.48e+00 2.66e+00) XE:2.66e-01 (1.22e+00 1.23e+00 | 7.16e-01 7.11e-01)
6188(1009) (2.54e+00 2.66e+00) XE:2.66e-01 (1.22e+00 1.23e+00 | 7.00e-01 7.11e-01)
6205(1007) (2.66e+00 2.66e+00) XE:2.66e-01 (1.21e+00 1.23e+00 | 6.82e-01 7.11e-01)
6221(983) (3.46e+00 2.66e+00) XE:2.66e-01 (1.24e+00 1.23e+00 | 7.00e-01 7.11e-01)
6238(992) (2.94e+00 2.66e+00) XE:2.66e-01 (1.22e+00 1.23e+00 | 7.41e-01 7.11e-01)
6254(1000) (2.56e+00 2.66e+00) XE:2.66e-01 (1.25e+00 1.23e+00 | 6.88e-01 7.11e-01)
6271(999) (2.34e+00 2.66e+00) XE:2.66e-01 (1.23e+00 1.23e+00 | 7.33e-01 7.12e-01)
6288(1013) (2.61e+00 2.66e+00) XE:2.66e-01 (1.21e+00 1.23e+00 | 6.46e-01 7.11e-01)
6304(986) (2.82e+00 2.66e+00) XE:2.66e-01 (1.24e+00 1.23e+00 | 6.78e-01 7.11e-01)
6321(1005) (2.09e+00 2.66e+00) XE:2.66e-01 (1.23e+00 1.23e+00 | 7.37e-01 7.11e-01)
6337(1001) (2.73e+00 2.66e+00) XE:2.66e-01 (1.24e+00 1.23e+00 | 7.16e-01 7.11e-01)
6354(995) (2.76e+00 2.66e+00) XE:2.66e-01 (1.22e+00 1.23e+00 | 7.00e-01 7.11e-01)
6370(1008) (2.17e+00 2.66e+00) XE:2.66e-01 (1.22e+00 1.23e+00 | 6.24e-01 7.11e-01)
6387(1009) (2.72e+00 2.66e+00) XE:2.66e-01 (1.23e+00 1.23e+00 | 7.02e-01 7.11e-01)
6403(1003) (2.67e+00 2.66e+00) XE:2.66e-01 (1.23e+00 1.23e+00 | 7.02e-01 7.11e-01)
6420(1001) (2.65e+00 2.66e+00) XE:2.66e-01 (1.25e+00 1.23e+00 | 6.74e-01 7.11e-01)
6437(997) (2.43e+00 2.66e+00) XE:2.66e-01 (1.23e+00 1.23e+00 | 7.29e-01 7.11e-01)
6453(1001) (2.53e+00 2.66e+00) XE:2.66e-01 (1.23e+00 1.23e+00 | 7.23e-01 7.11e-01)
6470(989) (3.08e+00 2.66e+00) XE:2.66e-01 (1.22e+00 1.23e+00 | 7.71e-01 7.11e-01)
6486(997) (2.50e+00 2.66e+00) XE:2.66e-01 (1.24e+00 1.23e+00 | 6.92e-01 7.11e-01)
6503(989) (2.94e+00 2.66e+00) XE:2.66e-01 (1.22e+00 1.23e+00 | 7.35e-01 7.11e-01)
6519(984) (2.77e+00 2.66e+00) XE:2.66e-01 (1.25e+00 1.23e+00 | 6.70e-01 7.11e-01)
6536(999) (4.10e+00 2.66e+00) XE:2.66e-01 (1.23e+00 1.23e+00 | 7.02e-01 7.11e-01)
6553(1012) (2.24e+00 2.66e+00) XE:2.66e-01 (1.23e+00 1.23e+00 | 7.37e-01 7.11e-01)
6569(1010) (1.85e+00 2.66e+00) XE:2.66e-01 (1.22e+00 1.23e+00 | 6.78e-01 7.11e-01)
6586(1010) (2.58e+00 2.66e+00) XE:2.66e-01 (1.21e+00 1.23e+00 | 6.64e-01 7.11e-01)
6602(1022) (1.92e+00 2.66e+00) XE:2.66e-01 (1.21e+00 1.23e+00 | 7.12e-01 7.11e-01)
6619(997) (2.83e+00 2.66e+00) XE:2.66e-01 (1.23e+00 1.23e+00 | 7.00e-01 7.11e-01)
6636(1007) (2.39e+00 2.66e+00) XE:2.66e-01 (1.23e+00 1.23e+00 | 7.47e-01 7.11e-01)
6652(1009) (3.74e+00 2.66e+00) XE:2.66e-01 (1.20e+00 1.23e+00 | 7.71e-01 7.11e-01)
6669(1005) (2.84e+00 2.66e+00) XE:2.66e-01 (1.25e+00 1.23e+00 | 6.68e-01 7.11e-01)
6685(997) (3.50e+00 2.66e+00) XE:2.66e-01 (1.22e+00 1.23e+00 | 6.80e-01 7.11e-01)
6702(997) (2.84e+00 2.66e+00) XE:2.66e-01 (1.22e+00 1.23e+00 | 6.86e-01 7.11e-01)
6718(1001) (2.58e+00 2.66e+00) XE:2.66e-01 (1.22e+00 1.23e+00 | 7.53e-01 7.11e-01)
6735(984) (2.92e+00 2.66e+00) XE:2.66e-01 (1.24e+00 1.23e+00 | 7.69e-01 7.11e-01)
6752(996) (2.15e+00 2.66e+00) XE:2.66e-01 (1.22e+00 1.23e+00 | 6.64e-01 7.11e-01)
6768(999) (2.45e+00 2.66e+00) XE:2.66e-01 (1.23e+00 1.23e+00 | 7.33e-01 7.11e-01)
6785(998) (6.33e+00 2.66e+00) XE:2.66e-01 (1.20e+00 1.23e+00 | 7.02e-01 7.11e-01)
6801(995) (2.36e+00 2.66e+00) XE:2.66e-01 (1.23e+00 1.23e+00 | 7.12e-01 7.11e-01)
6818(1016) (1.83e+00 2.66e+00) XE:2.66e-01 (1.21e+00 1.23e+00 | 7.08e-01 7.11e-01)
6835(984) (3.04e+00 2.66e+00) XE:2.66e-01 (1.22e+00 1.23e+00 | 6.94e-01 7.11e-01)
6851(999) (2.49e+00 2.66e+00) XE:2.66e-01 (1.22e+00 1.23e+00 | 6.86e-01 7.11e-01)
6868(1002) (2.43e+00 2.66e+00) XE:2.66e-01 (1.24e+00 1.23e+00 | 6.84e-01 7.11e-01)
6884(1012) (3.10e+00 2.66e+00) XE:2.66e-01 (1.23e+00 1.23e+00 | 6.84e-01 7.11e-01)
6901(982) (2.94e+00 2.66e+00) XE:2.66e-01 (1.23e+00 1.23e+00 | 6.44e-01 7.11e-01)
6917(997) (3.00e+00 2.66e+00) XE:2.66e-01 (1.22e+00 1.23e+00 | 6.86e-01 7.11e-01)
6934(1000) (2.11e+00 2.66e+00) XE:2.66e-01 (1.25e+00 1.23e+00 | 6.98e-01 7.11e-01)
6951(987) (3.87e+00 2.66e+00) XE:2.66e-01 (1.22e+00 1.23e+00 | 8.07e-01 7.11e-01)
6967(1008) (2.63e+00 2.66e+00) XE:2.66e-01 (1.21e+00 1.23e+00 | 7.08e-01 7.11e-01)
6984(1008) (2.45e+00 2.66e+00) XE:2.66e-01 (1.25e+00 1.23e+00 | 7.39e-01 7.11e-01)
7000(984) (2.53e+00 2.66e+00) XE:2.66e-01 (1.25e+00 1.23e+00 | 7.55e-01 7.11e-01)
7017(1002) (2.85e+00 2.66e+00) XE:2.66e-01 (1.23e+00 1.23e+00 | 7.12e-01 7.11e-01)
7034(997) (3.21e+00 2.66e+00) XE:2.66e-01 (1.23e+00 1.23e+00 | 6.62e-01 7.11e-01)
7050(994) (2.59e+00 2.66e+00) XE:2.66e-01 (1.22e+00 1.23e+00 | 7.59e-01 7.11e-01)
7067(1004) (2.71e+00 2.66e+00) XE:2.66e-01 (1.21e+00 1.23e+00 | 6.96e-01 7.11e-01)
7083(991) (2.44e+00 2.66e+00) XE:2.66e-01 (1.22e+00 1.23e+00 | 7.57e-01 7.11e-01)
7100(1001) (2.48e+00 2.66e+00) XE:2.66e-01 (1.24e+00 1.23e+00 | 7.18e-01 7.11e-01)
7116(987) (2.84e+00 2.66e+00) XE:2.66e-01 (1.26e+00 1.23e+00 | 7.57e-01 7.11e-01)
7133(994) (2.77e+00 2.66e+00) XE:2.66e-01 (1.21e+00 1.23e+00 | 7.65e-01 7.11e-01)
7150(1013) (2.27e+00 2.66e+00) XE:2.66e-01 (1.22e+00 1.23e+00 | 5.73e-01 7.11e-01)
7166(1002) (2.53e+00 2.66e+00) XE:2.66e-01 (1.24e+00 1.23e+00 | 7.00e-01 7.11e-01)
7183(1010) (2.93e+00 2.66e+00) XE:2.66e-01 (1.23e+00 1.23e+00 | 7.16e-01 7.11e-01)
7199(992) (3.67e+00 2.66e+00) XE:2.66e-01 (1.22e+00 1.23e+00 | 7.10e-01 7.11e-01)
7216(994) (2.67e+00 2.66e+00) XE:2.66e-01 (1.26e+00 1.23e+00 | 7.00e-01 7.11e-01)
7232(1004) (2.18e+00 2.66e+00) XE:2.66e-01 (1.22e+00 1.23e+00 | 7.55e-01 7.11e-01)
7249(1014) (2.45e+00 2.66e+00) XE:2.66e-01 (1.23e+00 1.23e+00 | 6.82e-01 7.11e-01)
7266(999) (2.86e+00 2.66e+00) XE:2.66e-01 (1.23e+00 1.23e+00 | 7.12e-01 7.11e-01)
7282(1005) (1.92e+00 2.66e+00) XE:2.66e-01 (1.21e+00 1.23e+00 | 6.96e-01 7.11e-01)
7299(1017) (2.67e+00 2.66e+00) XE:2.66e-01 (1.26e+00 1.23e+00 | 7.10e-01 7.11e-01)
7315(1001) (2.92e+00 2.66e+00) XE:2.66e-01 (1.22e+00 1.23e+00 | 7.10e-01 7.11e-01)
7332(993) (2.50e+00 2.66e+00) XE:2.66e-01 (1.22e+00 1.23e+00 | 6.38e-01 7.11e-01)
7348(991) (2.72e+00 2.66e+00) XE:2.66e-01 (1.23e+00 1.23e+00 | 7.41e-01 7.11e-01)
7365(998) (2.48e+00 2.66e+00) XE:2.66e-01 (1.23e+00 1.23e+00 | 7.85e-01 7.11e-01)
7382(1023) (2.22e+00 2.66e+00) XE:2.66e-01 (1.24e+00 1.23e+00 | 7.14e-01 7.11e-01)
7398(1024) (1.62e+00 2.66e+00) XE:2.66e-01 (1.23e+00 1.23e+00 | 6.98e-01 7.11e-01)
7415(1007) (3.42e+00 2.66e+00) XE:2.66e-01 (1.25e+00 1.23e+00 | 6.86e-01 7.11e-01)
7431(992) (2.59e+00 2.66e+00) XE:2.66e-01 (1.23e+00 1.23e+00 | 7.73e-01 7.11e-01)
7448(996) (2.87e+00 2.66e+00) XE:2.66e-01 (1.24e+00 1.23e+00 | 7.23e-01 7.11e-01)
7464(1013) (2.26e+00 2.66e+00) XE:2.66e-01 (1.21e+00 1.23e+00 | 7.12e-01 7.11e-01)
7481(1000) (2.70e+00 2.66e+00) XE:2.66e-01 (1.21e+00 1.23e+00 | 6.80e-01 7.11e-01)
7498(993) (2.37e+00 2.66e+00) XE:2.66e-01 (1.25e+00 1.23e+00 | 7.29e-01 7.11e-01)
7514(980) (2.79e+00 2.66e+00) XE:2.66e-01 (1.25e+00 1.23e+00 | 6.82e-01 7.11e-01)
7531(1006) (2.94e+00 2.66e+00) XE:2.66e-01 (1.24e+00 1.23e+00 | 7.73e-01 7.11e-01)
7547(1010) (2.33e+00 2.66e+00) XE:2.66e-01 (1.24e+00 1.23e+00 | 7.73e-01 7.11e-01)
7564(1010) (3.06e+00 2.66e+00) XE:2.66e-01 (1.26e+00 1.23e+00 | 7.65e-01 7.11e-01)
7580(993) (2.11e+00 2.66e+00) XE:2.66e-01 (1.24e+00 1.23e+00 | 7.20e-01 7.11e-01)
7597(997) (2.13e+00 2.66e+00) XE:2.66e-01 (1.25e+00 1.23e+00 | 7.61e-01 7.11e-01)
7614(1008) (2.01e+00 2.66e+00) XE:2.66e-01 (1.25e+00 1.23e+00 | 7.33e-01 7.11e-01)
7630(993) (2.60e+00 2.66e+00) XE:2.66e-01 (1.23e+00 1.23e+00 | 7.18e-01 7.11e-01)
7647(1002) (2.64e+00 2.66e+00) XE:2.66e-01 (1.22e+00 1.23e+00 | 6.90e-01 7.11e-01)
7663(994) (2.80e+00 2.65e+00) XE:2.65e-01 (1.21e+00 1.23e+00 | 7.18e-01 7.11e-01)
7680(1005) (2.87e+00 2.65e+00) XE:2.65e-01 (1.23e+00 1.23e+00 | 7.16e-01 7.11e-01)
7697(1006) (2.53e+00 2.65e+00) XE:2.65e-01 (1.23e+00 1.23e+00 | 7.69e-01 7.11e-01)
7713(1003) (2.75e+00 2.65e+00) XE:2.65e-01 (1.25e+00 1.23e+00 | 6.96e-01 7.11e-01)
7730(988) (4.18e+00 2.66e+00) XE:2.66e-01 (1.27e+00 1.23e+00 | 6.58e-01 7.11e-01)
7746(1017) (4.08e+00 2.66e+00) XE:2.66e-01 (1.24e+00 1.23e+00 | 7.47e-01 7.11e-01)
7763(995) (2.64e+00 2.66e+00) XE:2.66e-01 (1.22e+00 1.23e+00 | 7.57e-01 7.11e-01)
7779(1011) (2.27e+00 2.66e+00) XE:2.66e-01 (1.22e+00 1.23e+00 | 7.59e-01 7.11e-01)
7796(994) (2.79e+00 2.66e+00) XE:2.66e-01 (1.22e+00 1.23e+00 | 7.00e-01 7.11e-01)
7813(1001) (3.69e+00 2.66e+00) XE:2.66e-01 (1.24e+00 1.23e+00 | 7.67e-01 7.11e-01)
7829(1009) (2.17e+00 2.66e+00) XE:2.66e-01 (1.24e+00 1.23e+00 | 6.68e-01 7.11e-01)
7846(1005) (2.73e+00 2.66e+00) XE:2.66e-01 (1.22e+00 1.23e+00 | 7.16e-01 7.11e-01)
7862(992) (3.75e+00 2.66e+00) XE:2.66e-01 (1.22e+00 1.23e+00 | 6.98e-01 7.11e-01)
7879(999) (2.29e+00 2.66e+00) XE:2.66e-01 (1.25e+00 1.23e+00 | 6.68e-01 7.11e-01)
7895(997) (2.89e+00 2.66e+00) XE:2.66e-01 (1.24e+00 1.23e+00 | 7.14e-01 7.11e-01)
7912(1002) (2.36e+00 2.66e+00) XE:2.66e-01 (1.25e+00 1.23e+00 | 7.45e-01 7.11e-01)
7929(995) (2.59e+00 2.66e+00) XE:2.66e-01 (1.24e+00 1.23e+00 | 7.33e-01 7.12e-01)
7945(996) (2.65e+00 2.65e+00) XE:2.65e-01 (1.25e+00 1.23e+00 | 7.02e-01 7.11e-01)
7962(1007) (2.02e+00 2.65e+00) XE:2.65e-01 (1.24e+00 1.23e+00 | 7.53e-01 7.11e-01)
7978(1003) (3.39e+00 2.65e+00) XE:2.65e-01 (1.20e+00 1.23e+00 | 7.59e-01 7.11e-01)
7995(981) (3.05e+00 2.66e+00) XE:2.66e-01 (1.24e+00 1.23e+00 | 7.04e-01 7.12e-01)
8011(996) (2.91e+00 2.66e+00) XE:2.66e-01 (1.23e+00 1.23e+00 | 6.80e-01 7.11e-01)
8028(1003) (3.11e+00 2.66e+00) XE:2.66e-01 (1.23e+00 1.23e+00 | 7.41e-01 7.12e-01)
8044(1000) (2.39e+00 2.66e+00) XE:2.66e-01 (1.23e+00 1.23e+00 | 6.88e-01 7.11e-01)
8061(1017) (2.41e+00 2.66e+00) XE:2.66e-01 (1.26e+00 1.23e+00 | 7.10e-01 7.12e-01)
8078(1006) (2.04e+00 2.65e+00) XE:2.65e-01 (1.23e+00 1.23e+00 | 7.20e-01 7.12e-01)
8094(1002) (2.98e+00 2.65e+00) XE:2.65e-01 (1.20e+00 1.23e+00 | 7.89e-01 7.12e-01)
8111(1003) (2.42e+00 2.65e+00) XE:2.65e-01 (1.24e+00 1.23e+00 | 7.31e-01 7.12e-01)
8127(996) (2.56e+00 2.65e+00) XE:2.65e-01 (1.26e+00 1.23e+00 | 7.95e-01 7.12e-01)
8144(991) (2.64e+00 2.65e+00) XE:2.65e-01 (1.23e+00 1.23e+00 | 7.77e-01 7.12e-01)
8160(995) (2.90e+00 2.65e+00) XE:2.65e-01 (1.22e+00 1.23e+00 | 6.60e-01 7.12e-01)
8177(1007) (2.28e+00 2.65e+00) XE:2.65e-01 (1.25e+00 1.23e+00 | 6.44e-01 7.12e-01)
8194(999) (2.42e+00 2.66e+00) XE:2.66e-01 (1.26e+00 1.23e+00 | 6.94e-01 7.12e-01)
8210(1014) (2.80e+00 2.66e+00) XE:2.66e-01 (1.24e+00 1.23e+00 | 7.08e-01 7.12e-01)
8227(1004) (2.47e+00 2.66e+00) XE:2.66e-01 (1.26e+00 1.23e+00 | 7.23e-01 7.12e-01)
8243(1007) (2.59e+00 2.66e+00) XE:2.66e-01 (1.23e+00 1.23e+00 | 7.67e-01 7.12e-01)
8260(998) (2.52e+00 2.65e+00) XE:2.65e-01 (1.24e+00 1.23e+00 | 6.76e-01 7.12e-01)
8276(1007) (2.18e+00 2.65e+00) XE:2.65e-01 (1.23e+00 1.23e+00 | 8.11e-01 7.12e-01)
8293(1011) (2.42e+00 2.65e+00) XE:2.65e-01 (1.22e+00 1.23e+00 | 6.28e-01 7.12e-01)
8309(1004) (2.78e+00 2.65e+00) XE:2.65e-01 (1.26e+00 1.23e+00 | 6.58e-01 7.12e-01)
8326(1014) (3.06e+00 2.66e+00) XE:2.66e-01 (1.24e+00 1.23e+00 | 7.23e-01 7.12e-01)
8343(987) (2.34e+00 2.66e+00) XE:2.66e-01 (1.22e+00 1.23e+00 | 7.61e-01 7.12e-01)
8359(1014) (2.45e+00 2.65e+00) XE:2.65e-01 (1.23e+00 1.23e+00 | 7.20e-01 7.12e-01)
8376(988) (2.80e+00 2.65e+00) XE:2.65e-01 (1.25e+00 1.23e+00 | 7.25e-01 7.12e-01)
8392(982) (3.17e+00 2.65e+00) XE:2.65e-01 (1.22e+00 1.23e+00 | 6.90e-01 7.12e-01)
8409(1008) (2.88e+00 2.65e+00) XE:2.65e-01 (1.23e+00 1.23e+00 | 6.58e-01 7.12e-01)
8426(1014) (2.27e+00 2.66e+00) XE:2.66e-01 (1.25e+00 1.23e+00 | 6.86e-01 7.12e-01)
8442(1018) (2.17e+00 2.65e+00) XE:2.65e-01 (1.24e+00 1.23e+00 | 7.31e-01 7.12e-01)
8459(984) (3.21e+00 2.65e+00) XE:2.65e-01 (1.25e+00 1.23e+00 | 6.86e-01 7.12e-01)
8475(993) (2.73e+00 2.65e+00) XE:2.65e-01 (1.25e+00 1.23e+00 | 7.29e-01 7.12e-01)
8492(1015) (1.97e+00 2.65e+00) XE:2.65e-01 (1.23e+00 1.23e+00 | 7.37e-01 7.12e-01)
8508(997) (3.28e+00 2.65e+00) XE:2.65e-01 (1.25e+00 1.23e+00 | 6.66e-01 7.12e-01)
8525(991) (2.99e+00 2.65e+00) XE:2.65e-01 (1.21e+00 1.23e+00 | 6.40e-01 7.12e-01)
8541(1008) (2.40e+00 2.65e+00) XE:2.65e-01 (1.23e+00 1.23e+00 | 7.41e-01 7.12e-01)
8558(999) (2.43e+00 2.65e+00) XE:2.65e-01 (1.22e+00 1.23e+00 | 6.88e-01 7.12e-01)
8575(1005) (3.52e+00 2.66e+00) XE:2.66e-01 (1.22e+00 1.23e+00 | 6.48e-01 7.12e-01)
8591(1004) (2.24e+00 2.65e+00) XE:2.65e-01 (1.25e+00 1.23e+00 | 7.16e-01 7.12e-01)
8608(1007) (2.29e+00 2.65e+00) XE:2.65e-01 (1.23e+00 1.23e+00 | 7.65e-01 7.12e-01)
8624(991) (2.54e+00 2.65e+00) XE:2.65e-01 (1.24e+00 1.23e+00 | 6.96e-01 7.12e-01)
8641(1002) (2.52e+00 2.65e+00) XE:2.65e-01 (1.24e+00 1.23e+00 | 7.61e-01 7.12e-01)
8658(989) (3.14e+00 2.66e+00) XE:2.66e-01 (1.23e+00 1.23e+00 | 6.62e-01 7.12e-01)
8674(1017) (2.35e+00 2.66e+00) XE:2.66e-01 (1.25e+00 1.23e+00 | 7.14e-01 7.12e-01)
8691(990) (2.44e+00 2.66e+00) XE:2.66e-01 (1.22e+00 1.23e+00 | 6.70e-01 7.12e-01)
8707(1014) (2.23e+00 2.66e+00) XE:2.66e-01 (1.25e+00 1.23e+00 | 7.43e-01 7.12e-01)
8724(1006) (2.59e+00 2.66e+00) XE:2.66e-01 (1.25e+00 1.23e+00 | 6.70e-01 7.12e-01)
8740(1019) (2.64e+00 2.66e+00) XE:2.66e-01 (1.24e+00 1.23e+00 | 7.41e-01 7.12e-01)
8757(1006) (2.77e+00 2.66e+00) XE:2.66e-01 (1.24e+00 1.23e+00 | 7.02e-01 7.12e-01)
8774(1013) (1.51e+00 2.66e+00) XE:2.66e-01 (1.23e+00 1.23e+00 | 6.76e-01 7.12e-01)
8790(997) (2.46e+00 2.66e+00) XE:2.66e-01 (1.23e+00 1.23e+00 | 6.48e-01 7.12e-01)
8807(1025) (3.13e+00 2.66e+00) XE:2.66e-01 (1.25e+00 1.23e+00 | 7.63e-01 7.12e-01)
8823(1012) (2.48e+00 2.66e+00) XE:2.66e-01 (1.27e+00 1.23e+00 | 6.58e-01 7.12e-01)
8840(993) (3.01e+00 2.66e+00) XE:2.66e-01 (1.22e+00 1.23e+00 | 7.73e-01 7.12e-01)
8856(997) (2.51e+00 2.66e+00) XE:2.66e-01 (1.23e+00 1.23e+00 | 7.27e-01 7.12e-01)
8873(1008) (2.11e+00 2.66e+00) XE:2.66e-01 (1.24e+00 1.23e+00 | 6.52e-01 7.12e-01)
8890(991) (3.41e+00 2.66e+00) XE:2.66e-01 (1.26e+00 1.23e+00 | 6.72e-01 7.12e-01)
8906(981) (3.18e+00 2.66e+00) XE:2.66e-01 (1.24e+00 1.23e+00 | 7.27e-01 7.12e-01)
8923(995) (2.86e+00 2.66e+00) XE:2.66e-01 (1.22e+00 1.23e+00 | 7.10e-01 7.12e-01)
8939(1000) (2.78e+00 2.66e+00) XE:2.66e-01 (1.23e+00 1.23e+00 | 7.18e-01 7.12e-01)
8956(1003) (2.83e+00 2.66e+00) XE:2.66e-01 (1.24e+00 1.23e+00 | 7.33e-01 7.12e-01)
8972(988) (3.06e+00 2.66e+00) XE:2.66e-01 (1.25e+00 1.23e+00 | 7.61e-01 7.12e-01)
8989(1008) (2.12e+00 2.66e+00) XE:2.66e-01 (1.20e+00 1.23e+00 | 7.25e-01 7.12e-01)
9006(996) (2.27e+00 2.66e+00) XE:2.66e-01 (1.26e+00 1.23e+00 | 7.12e-01 7.12e-01)
9022(1006) (1.83e+00 2.66e+00) XE:2.66e-01 (1.25e+00 1.23e+00 | 7.14e-01 7.12e-01)
9039(992) (2.81e+00 2.66e+00) XE:2.66e-01 (1.22e+00 1.23e+00 | 7.67e-01 7.12e-01)
9055(1004) (2.96e+00 2.66e+00) XE:2.66e-01 (1.23e+00 1.23e+00 | 7.02e-01 7.12e-01)
9072(1002) (2.49e+00 2.66e+00) XE:2.66e-01 (1.21e+00 1.23e+00 | 6.44e-01 7.12e-01)
9089(1004) (2.52e+00 2.66e+00) XE:2.66e-01 (1.26e+00 1.23e+00 | 6.68e-01 7.12e-01)
9105(1012) (2.18e+00 2.66e+00) XE:2.66e-01 (1.23e+00 1.23e+00 | 7.61e-01 7.12e-01)
9122(981) (2.50e+00 2.66e+00) XE:2.66e-01 (1.22e+00 1.23e+00 | 7.29e-01 7.12e-01)
9138(1017) (2.21e+00 2.66e+00) XE:2.66e-01 (1.24e+00 1.23e+00 | 6.80e-01 7.12e-01)
9155(988) (2.77e+00 2.66e+00) XE:2.66e-01 (1.23e+00 1.23e+00 | 6.90e-01 7.12e-01)
9172(1000) (2.90e+00 2.66e+00) XE:2.66e-01 (1.23e+00 1.23e+00 | 7.63e-01 7.12e-01)
9188(1002) (2.65e+00 2.66e+00) XE:2.66e-01 (1.22e+00 1.23e+00 | 7.37e-01 7.12e-01)
9205(1000) (3.33e+00 2.66e+00) XE:2.66e-01 (1.24e+00 1.23e+00 | 7.39e-01 7.12e-01)
9221(995) (2.52e+00 2.66e+00) XE:2.66e-01 (1.26e+00 1.23e+00 | 7.41e-01 7.12e-01)
9238(987) (2.77e+00 2.66e+00) XE:2.66e-01 (1.21e+00 1.23e+00 | 7.59e-01 7.12e-01)
9254(997) (2.39e+00 2.66e+00) XE:2.66e-01 (1.20e+00 1.23e+00 | 7.65e-01 7.12e-01)
9271(995) (2.48e+00 2.66e+00) XE:2.66e-01 (1.24e+00 1.23e+00 | 7.37e-01 7.12e-01)
9288(995) (3.03e+00 2.66e+00) XE:2.66e-01 (1.23e+00 1.23e+00 | 6.84e-01 7.12e-01)
9304(1007) (2.09e+00 2.66e+00) XE:2.66e-01 (1.22e+00 1.23e+00 | 6.94e-01 7.12e-01)
9321(996) (2.52e+00 2.66e+00) XE:2.66e-01 (1.22e+00 1.23e+00 | 7.59e-01 7.12e-01)
9337(996) (2.68e+00 2.66e+00) XE:2.66e-01 (1.23e+00 1.23e+00 | 6.98e-01 7.12e-01)
9354(1007) (2.62e+00 2.66e+00) XE:2.66e-01 (1.21e+00 1.23e+00 | 6.60e-01 7.12e-01)
9370(1013) (2.45e+00 2.66e+00) XE:2.66e-01 (1.21e+00 1.23e+00 | 7.57e-01 7.12e-01)
9387(1015) (2.89e+00 2.66e+00) XE:2.66e-01 (1.26e+00 1.23e+00 | 7.23e-01 7.12e-01)
9404(1014) (2.32e+00 2.66e+00) XE:2.66e-01 (1.23e+00 1.23e+00 | 6.48e-01 7.12e-01)
9420(1011) (2.32e+00 2.66e+00) XE:2.66e-01 (1.22e+00 1.23e+00 | 6.90e-01 7.12e-01)
9437(990) (2.92e+00 2.66e+00) XE:2.66e-01 (1.22e+00 1.23e+00 | 6.96e-01 7.12e-01)
9453(988) (2.87e+00 2.66e+00) XE:2.66e-01 (1.23e+00 1.23e+00 | 7.04e-01 7.12e-01)
9470(1007) (2.60e+00 2.66e+00) XE:2.66e-01 (1.22e+00 1.23e+00 | 7.59e-01 7.12e-01)
9486(999) (2.61e+00 2.66e+00) XE:2.66e-01 (1.21e+00 1.23e+00 | 5.85e-01 7.12e-01)
9503(986) (2.83e+00 2.66e+00) XE:2.66e-01 (1.25e+00 1.23e+00 | 7.49e-01 7.12e-01)
9520(999) (2.72e+00 2.66e+00) XE:2.66e-01 (1.22e+00 1.23e+00 | 7.57e-01 7.12e-01)
9536(1017) (2.00e+00 2.66e+00) XE:2.66e-01 (1.21e+00 1.23e+00 | 7.06e-01 7.12e-01)
9553(1015) (2.11e+00 2.66e+00) XE:2.66e-01 (1.24e+00 1.23e+00 | 7.39e-01 7.12e-01)
9569(1006) (2.40e+00 2.66e+00) XE:2.66e-01 (1.25e+00 1.23e+00 | 7.23e-01 7.12e-01)
9586(997) (3.36e+00 2.66e+00) XE:2.66e-01 (1.23e+00 1.23e+00 | 7.31e-01 7.12e-01)
9602(1007) (2.48e+00 2.66e+00) XE:2.66e-01 (1.22e+00 1.23e+00 | 7.14e-01 7.12e-01)
9619(995) (2.78e+00 2.66e+00) XE:2.66e-01 (1.25e+00 1.23e+00 | 6.92e-01 7.12e-01)
9636(1007) (3.57e+00 2.66e+00) XE:2.66e-01 (1.21e+00 1.23e+00 | 6.78e-01 7.12e-01)
9652(1019) (2.35e+00 2.66e+00) XE:2.66e-01 (1.23e+00 1.23e+00 | 6.78e-01 7.12e-01)
9669(1001) (2.38e+00 2.66e+00) XE:2.66e-01 (1.24e+00 1.23e+00 | 7.47e-01 7.12e-01)
9685(992) (2.66e+00 2.66e+00) XE:2.66e-01 (1.24e+00 1.23e+00 | 7.65e-01 7.12e-01)
9702(996) (3.12e+00 2.66e+00) XE:2.66e-01 (1.24e+00 1.23e+00 | 6.84e-01 7.12e-01)
9718(992) (2.99e+00 2.66e+00) XE:2.66e-01 (1.24e+00 1.23e+00 | 7.14e-01 7.12e-01)
9735(1006) (2.74e+00 2.66e+00) XE:2.66e-01 (1.24e+00 1.23e+00 | 7.61e-01 7.12e-01)
9752(994) (2.94e+00 2.66e+00) XE:2.66e-01 (1.23e+00 1.23e+00 | 7.18e-01 7.12e-01)
9768(1007) (2.44e+00 2.66e+00) XE:2.66e-01 (1.22e+00 1.23e+00 | 6.56e-01 7.12e-01)
9785(993) (2.74e+00 2.66e+00) XE:2.66e-01 (1.26e+00 1.23e+00 | 7.33e-01 7.12e-01)
9802(1017) (2.29e+00 2.66e+00) XE:2.66e-01 (1.23e+00 1.23e+00 | 7.63e-01 7.12e-01)
9818(995) (2.54e+00 2.66e+00) XE:2.66e-01 (1.23e+00 1.23e+00 | 7.49e-01 7.12e-01)
9835(997) (4.17e+00 2.66e+00) XE:2.66e-01 (1.22e+00 1.23e+00 | 7.77e-01 7.12e-01)
9851(997) (2.83e+00 2.66e+00) XE:2.66e-01 (1.21e+00 1.23e+00 | 7.00e-01 7.12e-01)
9868(997) (3.00e+00 2.66e+00) XE:2.66e-01 (1.20e+00 1.23e+00 | 7.49e-01 7.12e-01)
9884(1002) (2.48e+00 2.66e+00) XE:2.66e-01 (1.25e+00 1.23e+00 | 6.90e-01 7.12e-01)
9901(1006) (2.57e+00 2.66e+00) XE:2.66e-01 (1.22e+00 1.23e+00 | 7.55e-01 7.12e-01)
9917(1002) (2.82e+00 2.66e+00) XE:2.66e-01 (1.23e+00 1.23e+00 | 7.49e-01 7.12e-01)
9934(1013) (2.13e+00 2.66e+00) XE:2.66e-01 (1.23e+00 1.23e+00 | 7.04e-01 7.12e-01)
9951(1004) (2.57e+00 2.66e+00) XE:2.66e-01 (1.24e+00 1.23e+00 | 7.27e-01 7.12e-01)
9967(1012) (2.10e+00 2.66e+00) XE:2.66e-01 (1.24e+00 1.23e+00 | 7.06e-01 7.12e-01)
9984(1013) (1.71e+00 2.66e+00) XE:2.66e-01 (1.21e+00 1.23e+00 | 6.82e-01 7.12e-01)
10000(1015) (2.48e+00 2.66e+00) XE:2.66e-01 (1.22e+00 1.23e+00 | 6.98e-01 7.12e-01)
RL cnt: 0,6473480,1417836,226115,0,0,0,0,0,0,0,0,0,0,0,0,
BL cnt: 0,0,0,0,0,0,0,0,1763559,0,6383369,0,1763072,0,0,0,0,0,0,0,0,
[00] Th=9.500000e-01: 5.642550e-01 1.663476e-01 : 4.870684e-02
[01] Th=9.000000e-01: 1.296357e+00 3.777364e-01 : 1.116062e-01
[02] Th=8.500000e-01: 1.915111e+00 6.786762e-01 : 1.729191e-01
[03] Th=8.000000e-01: 2.455086e+00 1.067296e+00 : 2.348254e-01
[04] Th=7.500000e-01: 2.851952e+00 1.482210e+00 : 2.889441e-01
[05] Th=7.000000e-01: 3.124207e+00 1.853991e+00 : 3.318798e-01
[06] Th=6.500000e-01: 3.344945e+00 2.171590e+00 : 3.677690e-01
[07] Th=6.000000e-01: 3.608796e+00 2.486269e+00 : 4.063377e-01
[08] Th=5.500000e-01: 3.791816e+00 2.744125e+00 : 4.357294e-01
[09] Th=5.000000e-01: 3.962198e+00 2.964407e+00 : 4.617737e-01
[10] Th=4.500000e-01: 4.253062e+00 3.256096e+00 : 5.006105e-01
[11] Th=4.000000e-01: 4.435245e+00 3.519148e+00 : 5.302928e-01
[12] Th=3.500000e-01: 4.584478e+00 3.771927e+00 : 5.570937e-01
[13] Th=3.000000e-01: 4.754015e+00 4.149277e+00 : 5.935528e-01
[14] Th=2.500000e-01: 4.901508e+00 4.523956e+00 : 6.283643e-01
[15] Th=2.000000e-01: 5.148900e+00 4.765957e+00 : 6.609904e-01
[16] Th=1.500000e-01: 5.429120e+00 4.880849e+00 : 6.873313e-01
[17] Th=1.000000e-01: 5.466291e+00 4.902444e+00 : 6.912491e-01
[18] Th=5.000000e-02: 5.468212e+00 4.903002e+00 : 6.914143e-01
[19] Th=1.000000e-10: 5.468204e+00 4.903001e+00 : 6.914137e-01
# InnerCodebook: deleted
# NBIDSchannel: deleted
# Gtable: deleted
# FBalg4: deleted
# StatICB: deleted
