# (Pid,Ps)=(1.000000e-02,1.000000e-03) Nseg=5000 [0]
# InnerCB: ICB/marker/8_2_2.bin
# Gtable:  Gtable/2/010_001.bin
# InnerCodebook: beta=2(16) nu=5
# InnerCodebook: B(B2p)=4(16) 4(16) 4(16) 4(16) 0(1) 
# InnerCodebook: checked CWM, EncMap, DecMap
# beta=2(16) nu=5 N=10000 Dmax=105
# B=4,4,4,4,0,
# NBIDSchannel: N=10000 Q=4 Dmax=105 (Pid,Ps)=(1.000000e-02,1.000000e-03)
# FBalg4: Nseg=5000 Dmax=105(w=211)
# FBalg4: Gtable: Gtable/2/010_001.bin
# Gtable: beta=2 (Pid,Ps,Ptrn)=(1.000000e-02,1.000000e-03,9.800000e-01) Pth=1.000000e-10
# Gtable: beta4p=16 beta4pp=256
# Gtable::Gtable len=0 cnt=16
# Gtable::Gtable len=1 cnt=64
# Gtable::Gtable len=2 cnt=256
# Gtable::Gtable len=3 cnt=700
# Gtable::Gtable len=4 cnt=208
# FBalg4: beta=2(16) (Pid,Ps)=(1.000000e-02,1.000000e-03) Pth=1.000000e-10 N=10000
(Y:3.377862e+00 X:3.200000e+00 XY:3.508461e+00 I:3.069401e+00)
0001(9973): (3.069401e+00 3.069401e+00) 7.673503e-01
(Y:3.398488e+00 X:3.200000e+00 XY:3.537179e+00 I:3.061309e+00)
0002(9992): (3.061309e+00 3.065355e+00) 7.663388e-01
(Y:3.383464e+00 X:3.200000e+00 XY:3.517806e+00 I:3.065659e+00)
0003(9988): (3.065659e+00 3.065456e+00) 7.663641e-01
(Y:3.413068e+00 X:3.200000e+00 XY:3.549161e+00 I:3.063907e+00)
0004(9993): (3.063907e+00 3.065069e+00) 7.662673e-01
(Y:3.392064e+00 X:3.200000e+00 XY:3.505206e+00 I:3.086857e+00)
0005(9999): (3.086857e+00 3.069427e+00) 7.673567e-01
(Y:3.392073e+00 X:3.200000e+00 XY:3.500737e+00 I:3.091336e+00)
0006(9996): (3.091336e+00 3.073078e+00) 7.682695e-01
(Y:3.376720e+00 X:3.200000e+00 XY:3.510952e+00 I:3.065768e+00)
0007(9975): (3.065768e+00 3.072034e+00) 7.680085e-01
(Y:3.410721e+00 X:3.200000e+00 XY:3.536865e+00 I:3.073856e+00)
0008(10003): (3.073856e+00 3.072262e+00) 7.680654e-01
(Y:3.407058e+00 X:3.200000e+00 XY:3.524555e+00 I:3.082503e+00)
0009(10012): (3.082503e+00 3.073400e+00) 7.683499e-01
(Y:3.399350e+00 X:3.200000e+00 XY:3.535336e+00 I:3.064014e+00)
0010(9992): (3.064014e+00 3.072461e+00) 7.681153e-01
# InnerCodebook: deleted
# NBIDSchannel: deleted
# Gtable: deleted
# FBalg4: deleted
