# (Pid,Ps)=(3.000000e-02,1.000000e-03) Nseg=5000 [0]
# InnerCB: ICB/marker/8_2_2.bin
# Gtable:  Gtable/2/030_001.bin
# InnerCodebook: beta=2(16) nu=5
# InnerCodebook: B(B2p)=4(16) 4(16) 4(16) 4(16) 0(1) 
# InnerCodebook: checked CWM, EncMap, DecMap
# beta=2(16) nu=5 N=10000 Dmax=305
# B=4,4,4,4,0,
# NBIDSchannel: N=10000 Q=4 Dmax=305 (Pid,Ps)=(3.000000e-02,1.000000e-03)
# FBalg4: Nseg=5000 Dmax=305(w=611)
# FBalg4: Gtable: Gtable/2/030_001.bin
# Gtable: beta=2 (Pid,Ps,Ptrn)=(3.000000e-02,1.000000e-03,9.400000e-01) Pth=1.000000e-10
# Gtable: beta4p=16 beta4pp=256
# Gtable::Gtable len=0 cnt=16
# Gtable::Gtable len=1 cnt=64
# Gtable::Gtable len=2 cnt=256
# Gtable::Gtable len=3 cnt=700
# Gtable::Gtable len=4 cnt=208
# FBalg4: beta=2(16) (Pid,Ps)=(3.000000e-02,1.000000e-03) Pth=1.000000e-10 N=10000
(Y:3.547218e+00 X:3.200000e+00 XY:3.936205e+00 I:2.811013e+00)
0001(9961): (2.811013e+00 2.811013e+00) 7.027532e-01
(Y:3.550069e+00 X:3.200000e+00 XY:3.924416e+00 I:2.825653e+00)
0002(9992): (2.825653e+00 2.818333e+00) 7.045832e-01
(Y:3.531787e+00 X:3.200000e+00 XY:3.880070e+00 I:2.851717e+00)
0003(9981): (2.851717e+00 2.829461e+00) 7.073652e-01
(Y:3.575886e+00 X:3.200000e+00 XY:3.971606e+00 I:2.804280e+00)
0004(9992): (2.804280e+00 2.823166e+00) 7.057914e-01
(Y:3.549931e+00 X:3.200000e+00 XY:3.920711e+00 I:2.829221e+00)
0005(10005): (2.829221e+00 2.824377e+00) 7.060942e-01
(Y:3.546450e+00 X:3.200000e+00 XY:3.890660e+00 I:2.855790e+00)
0006(10038): (2.855790e+00 2.829612e+00) 7.074031e-01
(Y:3.536007e+00 X:3.200000e+00 XY:3.904015e+00 I:2.831992e+00)
0007(9965): (2.831992e+00 2.829952e+00) 7.074881e-01
(Y:3.545910e+00 X:3.200000e+00 XY:3.909097e+00 I:2.836814e+00)
0008(9979): (2.836814e+00 2.830810e+00) 7.077025e-01
(Y:3.537672e+00 X:3.200000e+00 XY:3.909905e+00 I:2.827767e+00)
0009(10008): (2.827767e+00 2.830472e+00) 7.076180e-01
(Y:3.573250e+00 X:3.200000e+00 XY:3.977990e+00 I:2.795259e+00)
0010(10007): (2.795259e+00 2.826951e+00) 7.067376e-01
# InnerCodebook: deleted
# NBIDSchannel: deleted
# Gtable: deleted
# FBalg4: deleted
