# (Pid,Ps)=(1.000000e-02,1.000000e-02) Nseg=200 WinSize=10 lmd=1 [0]
# InnerCB: ICB/A0/5_2_2/009.bin
# Gtable:  Gtable/5/010_010.bin
# InnerCodebook: beta=5(1024) nu=1
# InnerCodebook: B(B2p)=7(128) 
# InnerCodebook: checked CWM, EncMap, DecMap
# beta=5(1024) nu=1 N=1000 Dmax=15
# B=7,
# NBIDSchannel: N=1000 Q=4 Dmax=15 (Pid,Ps)=(1.000000e-02,1.000000e-02)
# FBalg4: Nseg=200 Dmax=15(w=31)
# FBalg4: Gtable: Gtable/5/010_010.bin
# Gtable: beta=5 (Pid,Ps,Ptrn)=(1.000000e-02,1.000000e-02,9.800000e-01) Pth=1.000000e-10
# Gtable: beta4p=1024 beta4pp=1048576
# Gtable::Gtable len=0 cnt=1024
# Gtable::Gtable len=1 cnt=4096
# Gtable::Gtable len=2 cnt=16384
# Gtable::Gtable len=3 cnt=60244
# Gtable::Gtable len=4 cnt=236452
# Gtable::Gtable len=5 cnt=823900
# Gtable::Gtable len=6 cnt=1412476
# Gtable::Gtable len=7 cnt=890332
# Gtable::Gtable len=8 cnt=148720
# Gtable::Gtable len=9 cnt=5416
# Gtable::Gtable len=10 cnt=0
# FBalg4: beta=5(1024) (Pid,Ps)=(1.000000e-02,1.000000e-02) Pth=1.000000e-10 N=1000
# StatICB: nu=1 beta=5 beta4p=1024 Bsum=7 lmd=1
# StatICB: B=7,
0061(1000) (7.71e-01 8.85e-01) XE:8.85e-02 (1.21e+00 1.25e+00 | 2.04e+00 2.05e+00)	6.652742e+00 : 9.503917e-01
0123(997) (1.22e+00 8.59e-01) XE:8.59e-02 (1.28e+00 1.25e+00 | 2.05e+00 2.05e+00)	6.625829e+00 : 9.465469e-01
0185(997) (7.60e-01 8.56e-01) XE:8.56e-02 (1.26e+00 1.25e+00 | 2.05e+00 2.05e+00)	6.595475e+00 : 9.422108e-01
0247(993) (8.00e-01 8.58e-01) XE:8.58e-02 (1.24e+00 1.25e+00 | 2.06e+00 2.05e+00)	6.580088e+00 : 9.400125e-01
0309(1005) (8.12e-01 8.56e-01) XE:8.56e-02 (1.27e+00 1.25e+00 | 2.06e+00 2.05e+00)	6.572596e+00 : 9.389423e-01
0371(1002) (1.03e+00 8.57e-01) XE:8.57e-02 (1.28e+00 1.25e+00 | 2.07e+00 2.05e+00)	6.563770e+00 : 9.376814e-01
0433(999) (8.22e-01 8.51e-01) XE:8.51e-02 (1.27e+00 1.25e+00 | 2.05e+00 2.05e+00)	6.559056e+00 : 9.370080e-01
0495(994) (8.39e-01 8.53e-01) XE:8.53e-02 (1.23e+00 1.25e+00 | 2.03e+00 2.05e+00)	6.544307e+00 : 9.349010e-01
0558(996) (9.75e-01 8.54e-01) XE:8.54e-02 (1.27e+00 1.25e+00 | 2.05e+00 2.05e+00)	6.529200e+00 : 9.327428e-01
0620(996) (1.04e+00 8.55e-01) XE:8.55e-02 (1.23e+00 1.25e+00 | 2.06e+00 2.05e+00)	6.521035e+00 : 9.315764e-01
0682(995) (1.11e+00 8.57e-01) XE:8.57e-02 (1.23e+00 1.25e+00 | 2.06e+00 2.05e+00)	6.508602e+00 : 9.298002e-01
0744(996) (8.95e-01 8.59e-01) XE:8.59e-02 (1.22e+00 1.25e+00 | 2.04e+00 2.05e+00)	6.507198e+00 : 9.295997e-01
0806(1000) (7.23e-01 8.57e-01) XE:8.57e-02 (1.24e+00 1.25e+00 | 2.06e+00 2.05e+00)	6.506365e+00 : 9.294807e-01
0868(997) (5.97e-01 8.58e-01) XE:8.58e-02 (1.21e+00 1.25e+00 | 2.07e+00 2.05e+00)	6.505389e+00 : 9.293413e-01
0930(999) (7.21e-01 8.62e-01) XE:8.62e-02 (1.24e+00 1.25e+00 | 2.07e+00 2.05e+00)	6.499010e+00 : 9.284300e-01
0992(1003) (8.97e-01 8.62e-01) XE:8.62e-02 (1.26e+00 1.25e+00 | 2.06e+00 2.05e+00)	6.495642e+00 : 9.279489e-01
1054(1000) (6.16e-01 8.61e-01) XE:8.61e-02 (1.26e+00 1.25e+00 | 2.05e+00 2.05e+00)	6.496770e+00 : 9.281100e-01
1116(989) (1.12e+00 8.64e-01) XE:8.64e-02 (1.28e+00 1.25e+00 | 2.08e+00 2.05e+00)	6.489942e+00 : 9.271346e-01
1179(995) (9.81e-01 8.61e-01) XE:8.61e-02 (1.23e+00 1.25e+00 | 2.05e+00 2.05e+00)	6.491953e+00 : 9.274218e-01
1241(998) (7.36e-01 8.60e-01) XE:8.60e-02 (1.25e+00 1.25e+00 | 2.05e+00 2.05e+00)	6.493157e+00 : 9.275939e-01
1303(997) (9.39e-01 8.59e-01) XE:8.59e-02 (1.25e+00 1.25e+00 | 2.05e+00 2.05e+00)	6.493792e+00 : 9.276846e-01
1365(1000) (7.54e-01 8.58e-01) XE:8.58e-02 (1.22e+00 1.25e+00 | 2.06e+00 2.05e+00)	6.492271e+00 : 9.274674e-01
1427(998) (7.93e-01 8.57e-01) XE:8.57e-02 (1.24e+00 1.25e+00 | 2.05e+00 2.05e+00)	6.492152e+00 : 9.274502e-01
1489(997) (1.17e+00 8.57e-01) XE:8.57e-02 (1.26e+00 1.25e+00 | 2.04e+00 2.05e+00)	6.491664e+00 : 9.273805e-01
1551(997) (7.66e-01 8.57e-01) XE:8.57e-02 (1.24e+00 1.25e+00 | 2.05e+00 2.05e+00)	6.490369e+00 : 9.271956e-01
1613(1000) (5.54e-01 8.57e-01) XE:8.57e-02 (1.23e+00 1.25e+00 | 2.06e+00 2.05e+00)	6.491034e+00 : 9.272906e-01
1675(999) (1.19e+00 8.57e-01) XE:8.57e-02 (1.20e+00 1.25e+00 | 2.04e+00 2.05e+00)	6.490058e+00 : 9.271512e-01
1737(1003) (7.66e-01 8.56e-01) XE:8.56e-02 (1.22e+00 1.25e+00 | 2.05e+00 2.05e+00)	6.490901e+00 : 9.272716e-01
1799(1001) (1.06e+00 8.55e-01) XE:8.55e-02 (1.21e+00 1.25e+00 | 2.04e+00 2.05e+00)	6.490548e+00 : 9.272211e-01
1861(985) (6.03e-01 8.55e-01) XE:8.55e-02 (1.24e+00 1.25e+00 | 2.04e+00 2.05e+00)	6.489534e+00 : 9.270764e-01
1923(1003) (8.05e-01 8.55e-01) XE:8.55e-02 (1.30e+00 1.25e+00 | 2.07e+00 2.05e+00)	6.489431e+00 : 9.270616e-01
1985(999) (1.17e+00 8.54e-01) XE:8.54e-02 (1.26e+00 1.25e+00 | 2.06e+00 2.05e+00)	6.490217e+00 : 9.271738e-01
2047(999) (9.86e-01 8.54e-01) XE:8.54e-02 (1.27e+00 1.25e+00 | 2.06e+00 2.05e+00)	6.491276e+00 : 9.273252e-01
2109(995) (9.84e-01 8.54e-01) XE:8.54e-02 (1.26e+00 1.25e+00 | 2.06e+00 2.05e+00)	6.491632e+00 : 9.273759e-01
2171(994) (8.92e-01 8.54e-01) XE:8.54e-02 (1.26e+00 1.25e+00 | 2.06e+00 2.05e+00)	6.487410e+00 : 9.267728e-01
2234(1003) (7.41e-01 8.54e-01) XE:8.54e-02 (1.22e+00 1.25e+00 | 2.05e+00 2.05e+00)	6.487708e+00 : 9.268154e-01
2296(999) (7.12e-01 8.53e-01) XE:8.53e-02 (1.26e+00 1.25e+00 | 2.04e+00 2.05e+00)	6.488510e+00 : 9.269301e-01
2358(1006) (8.34e-01 8.52e-01) XE:8.52e-02 (1.26e+00 1.25e+00 | 2.04e+00 2.05e+00)	6.489320e+00 : 9.270457e-01
2420(999) (4.92e-01 8.52e-01) XE:8.52e-02 (1.27e+00 1.25e+00 | 2.05e+00 2.05e+00)	6.489031e+00 : 9.270045e-01
2482(1009) (7.18e-01 8.52e-01) XE:8.52e-02 (1.24e+00 1.25e+00 | 2.04e+00 2.05e+00)	6.489574e+00 : 9.270820e-01
2543(997) (9.39e-01 8.51e-01) XE:8.51e-02 (1.24e+00 1.25e+00 | 2.05e+00 2.05e+00)	6.490627e+00 : 9.272325e-01
2606(995) (6.56e-01 8.51e-01) XE:8.51e-02 (1.27e+00 1.25e+00 | 2.07e+00 2.05e+00)	6.490746e+00 : 9.272495e-01
2668(992) (1.20e+00 8.51e-01) XE:8.51e-02 (1.24e+00 1.25e+00 | 2.04e+00 2.05e+00)	6.490169e+00 : 9.271669e-01
2730(1003) (9.43e-01 8.51e-01) XE:8.51e-02 (1.23e+00 1.25e+00 | 2.02e+00 2.05e+00)	6.490855e+00 : 9.272650e-01
2792(1005) (7.59e-01 8.51e-01) XE:8.51e-02 (1.23e+00 1.25e+00 | 2.06e+00 2.05e+00)	6.491305e+00 : 9.273292e-01
2854(1000) (1.30e+00 8.51e-01) XE:8.51e-02 (1.24e+00 1.25e+00 | 2.05e+00 2.05e+00)	6.491787e+00 : 9.273982e-01
2916(1000) (1.02e+00 8.50e-01) XE:8.50e-02 (1.22e+00 1.25e+00 | 2.06e+00 2.05e+00)	6.492043e+00 : 9.274347e-01
2978(1002) (1.05e+00 8.50e-01) XE:8.50e-02 (1.26e+00 1.25e+00 | 2.05e+00 2.05e+00)	6.492641e+00 : 9.275201e-01
3040(1002) (1.03e+00 8.50e-01) XE:8.50e-02 (1.26e+00 1.25e+00 | 2.05e+00 2.05e+00)	6.492870e+00 : 9.275528e-01
3102(997) (8.24e-01 8.50e-01) XE:8.50e-02 (1.24e+00 1.25e+00 | 2.05e+00 2.05e+00)	6.491086e+00 : 9.272980e-01
3164(995) (9.34e-01 8.50e-01) XE:8.50e-02 (1.22e+00 1.25e+00 | 2.03e+00 2.05e+00)	6.488159e+00 : 9.268799e-01
3226(994) (1.20e+00 8.51e-01) XE:8.51e-02 (1.28e+00 1.25e+00 | 2.07e+00 2.05e+00)	6.487924e+00 : 9.268462e-01
3288(1001) (8.45e-01 8.50e-01) XE:8.50e-02 (1.23e+00 1.25e+00 | 2.07e+00 2.05e+00)	6.489026e+00 : 9.270037e-01
3351(994) (8.89e-01 8.50e-01) XE:8.50e-02 (1.23e+00 1.25e+00 | 2.05e+00 2.05e+00)	6.488329e+00 : 9.269042e-01
3413(998) (5.76e-01 8.51e-01) XE:8.51e-02 (1.25e+00 1.25e+00 | 2.02e+00 2.05e+00)	6.487954e+00 : 9.268506e-01
3475(1000) (5.10e-01 8.51e-01) XE:8.51e-02 (1.25e+00 1.25e+00 | 2.05e+00 2.05e+00)	6.488290e+00 : 9.268985e-01
3537(1005) (6.74e-01 8.50e-01) XE:8.50e-02 (1.25e+00 1.25e+00 | 2.07e+00 2.05e+00)	6.486823e+00 : 9.266890e-01
3599(1003) (7.19e-01 8.50e-01) XE:8.50e-02 (1.23e+00 1.25e+00 | 2.05e+00 2.05e+00)	6.487266e+00 : 9.267523e-01
3661(998) (7.45e-01 8.50e-01) XE:8.50e-02 (1.25e+00 1.25e+00 | 2.04e+00 2.05e+00)	6.487231e+00 : 9.267472e-01
3723(992) (1.03e+00 8.50e-01) XE:8.50e-02 (1.28e+00 1.25e+00 | 2.07e+00 2.05e+00)	6.487159e+00 : 9.267370e-01
3785(1000) (8.13e-01 8.50e-01) XE:8.50e-02 (1.22e+00 1.25e+00 | 2.04e+00 2.05e+00)	6.487497e+00 : 9.267854e-01
3847(1001) (7.01e-01 8.50e-01) XE:8.50e-02 (1.22e+00 1.25e+00 | 2.04e+00 2.05e+00)	6.487731e+00 : 9.268186e-01
3909(1005) (9.36e-01 8.50e-01) XE:8.50e-02 (1.23e+00 1.25e+00 | 2.03e+00 2.05e+00)	6.488103e+00 : 9.268719e-01
3971(1002) (7.33e-01 8.50e-01) XE:8.50e-02 (1.25e+00 1.25e+00 | 2.07e+00 2.05e+00)	6.488562e+00 : 9.269374e-01
4033(1006) (8.22e-01 8.49e-01) XE:8.49e-02 (1.25e+00 1.25e+00 | 2.05e+00 2.05e+00)	6.488727e+00 : 9.269610e-01
4095(1006) (5.69e-01 8.50e-01) XE:8.50e-02 (1.23e+00 1.25e+00 | 2.04e+00 2.05e+00)	6.487900e+00 : 9.268429e-01
4158(1006) (7.32e-01 8.49e-01) XE:8.49e-02 (1.24e+00 1.25e+00 | 2.04e+00 2.05e+00)	6.488311e+00 : 9.269016e-01
4220(1001) (1.29e+00 8.50e-01) XE:8.50e-02 (1.23e+00 1.25e+00 | 2.03e+00 2.05e+00)	6.488148e+00 : 9.268782e-01
4282(1011) (8.33e-01 8.49e-01) XE:8.49e-02 (1.25e+00 1.25e+00 | 2.05e+00 2.05e+00)	6.488871e+00 : 9.269816e-01
4344(1002) (6.46e-01 8.49e-01) XE:8.49e-02 (1.31e+00 1.25e+00 | 2.08e+00 2.05e+00)	6.489118e+00 : 9.270169e-01
4406(995) (1.17e+00 8.50e-01) XE:8.50e-02 (1.23e+00 1.25e+00 | 2.06e+00 2.05e+00)	6.487616e+00 : 9.268023e-01
4468(1004) (1.12e+00 8.50e-01) XE:8.50e-02 (1.27e+00 1.25e+00 | 2.05e+00 2.05e+00)	6.487476e+00 : 9.267822e-01
4530(999) (8.84e-01 8.49e-01) XE:8.49e-02 (1.23e+00 1.25e+00 | 2.04e+00 2.05e+00)	6.487788e+00 : 9.268268e-01
4592(1000) (7.42e-01 8.50e-01) XE:8.50e-02 (1.25e+00 1.25e+00 | 2.06e+00 2.05e+00)	6.486839e+00 : 9.266914e-01
4654(1000) (8.37e-01 8.50e-01) XE:8.50e-02 (1.26e+00 1.25e+00 | 2.03e+00 2.05e+00)	6.486760e+00 : 9.266800e-01
4716(1004) (6.22e-01 8.50e-01) XE:8.50e-02 (1.24e+00 1.25e+00 | 2.04e+00 2.05e+00)	6.486877e+00 : 9.266968e-01
4778(1006) (6.66e-01 8.49e-01) XE:8.49e-02 (1.26e+00 1.25e+00 | 2.08e+00 2.05e+00)	6.487398e+00 : 9.267712e-01
4840(1008) (8.30e-01 8.50e-01) XE:8.50e-02 (1.21e+00 1.25e+00 | 2.02e+00 2.05e+00)	6.486328e+00 : 9.266183e-01
4902(999) (8.33e-01 8.50e-01) XE:8.50e-02 (1.23e+00 1.25e+00 | 2.02e+00 2.05e+00)	6.486635e+00 : 9.266621e-01
4965(1008) (6.98e-01 8.50e-01) XE:8.50e-02 (1.23e+00 1.25e+00 | 2.05e+00 2.05e+00)	6.486006e+00 : 9.265722e-01
5027(1005) (7.50e-01 8.50e-01) XE:8.50e-02 (1.27e+00 1.25e+00 | 2.06e+00 2.05e+00)	6.486186e+00 : 9.265980e-01
5089(1001) (1.06e+00 8.50e-01) XE:8.50e-02 (1.29e+00 1.25e+00 | 2.07e+00 2.05e+00)	6.486507e+00 : 9.266439e-01
5151(1006) (7.66e-01 8.50e-01) XE:8.50e-02 (1.24e+00 1.25e+00 | 2.02e+00 2.05e+00)	6.486559e+00 : 9.266512e-01
5213(1003) (7.19e-01 8.49e-01) XE:8.49e-02 (1.23e+00 1.25e+00 | 2.04e+00 2.05e+00)	6.486905e+00 : 9.267007e-01
5275(999) (8.07e-01 8.49e-01) XE:8.49e-02 (1.24e+00 1.25e+00 | 2.05e+00 2.05e+00)	6.487052e+00 : 9.267217e-01
5337(1001) (1.03e+00 8.49e-01) XE:8.49e-02 (1.24e+00 1.25e+00 | 2.03e+00 2.05e+00)	6.487201e+00 : 9.267429e-01
5399(1006) (9.83e-01 8.49e-01) XE:8.49e-02 (1.23e+00 1.25e+00 | 2.03e+00 2.05e+00)	6.487243e+00 : 9.267490e-01
5461(1003) (8.91e-01 8.50e-01) XE:8.50e-02 (1.26e+00 1.25e+00 | 2.06e+00 2.05e+00)	6.486088e+00 : 9.265839e-01
5523(1004) (1.12e+00 8.50e-01) XE:8.50e-02 (1.27e+00 1.25e+00 | 2.06e+00 2.05e+00)	6.486403e+00 : 9.266290e-01
5586(1000) (9.44e-01 8.50e-01) XE:8.50e-02 (1.25e+00 1.25e+00 | 2.06e+00 2.05e+00)	6.483726e+00 : 9.262465e-01
5648(1004) (6.86e-01 8.50e-01) XE:8.50e-02 (1.26e+00 1.25e+00 | 2.06e+00 2.05e+00)	6.483912e+00 : 9.262731e-01
5710(998) (9.14e-01 8.49e-01) XE:8.49e-02 (1.26e+00 1.25e+00 | 2.06e+00 2.05e+00)	6.484336e+00 : 9.263337e-01
5772(993) (8.58e-01 8.49e-01) XE:8.49e-02 (1.25e+00 1.25e+00 | 2.08e+00 2.05e+00)	6.484578e+00 : 9.263683e-01
5834(1004) (1.08e+00 8.49e-01) XE:8.49e-02 (1.26e+00 1.25e+00 | 2.06e+00 2.05e+00)	6.484769e+00 : 9.263956e-01
5896(997) (1.02e+00 8.49e-01) XE:8.49e-02 (1.25e+00 1.25e+00 | 2.07e+00 2.05e+00)	6.485033e+00 : 9.264332e-01
5958(1009) (8.51e-01 8.48e-01) XE:8.48e-02 (1.23e+00 1.25e+00 | 2.04e+00 2.05e+00)	6.485324e+00 : 9.264749e-01
6020(1003) (8.69e-01 8.48e-01) XE:8.48e-02 (1.26e+00 1.25e+00 | 2.04e+00 2.05e+00)	6.485789e+00 : 9.265413e-01
6082(1003) (7.12e-01 8.48e-01) XE:8.48e-02 (1.24e+00 1.25e+00 | 2.05e+00 2.05e+00)	6.485686e+00 : 9.265265e-01
6144(997) (9.12e-01 8.48e-01) XE:8.48e-02 (1.28e+00 1.25e+00 | 2.08e+00 2.05e+00)	6.486112e+00 : 9.265874e-01
6206(1004) (9.57e-01 8.48e-01) XE:8.48e-02 (1.25e+00 1.25e+00 | 2.04e+00 2.05e+00)	6.486051e+00 : 9.265787e-01
6269(1006) (7.77e-01 8.48e-01) XE:8.48e-02 (1.26e+00 1.25e+00 | 2.06e+00 2.05e+00)	6.485740e+00 : 9.265343e-01
6331(1001) (6.71e-01 8.48e-01) XE:8.48e-02 (1.25e+00 1.25e+00 | 2.03e+00 2.05e+00)	6.485758e+00 : 9.265369e-01
6393(998) (8.38e-01 8.48e-01) XE:8.48e-02 (1.22e+00 1.25e+00 | 2.04e+00 2.05e+00)	6.485842e+00 : 9.265489e-01
6455(998) (7.86e-01 8.48e-01) XE:8.48e-02 (1.23e+00 1.25e+00 | 2.01e+00 2.05e+00)	6.485862e+00 : 9.265518e-01
6517(1001) (8.46e-01 8.48e-01) XE:8.48e-02 (1.22e+00 1.25e+00 | 2.04e+00 2.05e+00)	6.486204e+00 : 9.266006e-01
6579(999) (3.76e-01 8.48e-01) XE:8.48e-02 (1.23e+00 1.25e+00 | 2.05e+00 2.05e+00)	6.486563e+00 : 9.266518e-01
6641(1001) (9.48e-01 8.48e-01) XE:8.48e-02 (1.25e+00 1.25e+00 | 2.05e+00 2.05e+00)	6.486529e+00 : 9.266470e-01
6703(1003) (8.08e-01 8.48e-01) XE:8.48e-02 (1.32e+00 1.25e+00 | 2.06e+00 2.05e+00)	6.486825e+00 : 9.266892e-01
6765(1001) (7.22e-01 8.48e-01) XE:8.48e-02 (1.25e+00 1.25e+00 | 2.04e+00 2.05e+00)	6.487068e+00 : 9.267240e-01
6827(1001) (7.52e-01 8.47e-01) XE:8.47e-02 (1.24e+00 1.25e+00 | 2.02e+00 2.05e+00)	6.487377e+00 : 9.267682e-01
6889(998) (7.96e-01 8.47e-01) XE:8.47e-02 (1.24e+00 1.25e+00 | 2.04e+00 2.05e+00)	6.487658e+00 : 9.268082e-01
6951(1001) (6.92e-01 8.47e-01) XE:8.47e-02 (1.27e+00 1.25e+00 | 2.08e+00 2.05e+00)	6.487660e+00 : 9.268086e-01
7013(993) (6.12e-01 8.47e-01) XE:8.47e-02 (1.25e+00 1.25e+00 | 2.05e+00 2.05e+00)	6.487981e+00 : 9.268545e-01
7075(997) (1.01e+00 8.46e-01) XE:8.46e-02 (1.26e+00 1.25e+00 | 2.03e+00 2.05e+00)	6.488423e+00 : 9.269176e-01
7137(992) (8.64e-01 8.46e-01) XE:8.46e-02 (1.25e+00 1.25e+00 | 2.04e+00 2.05e+00)	6.488685e+00 : 9.269550e-01
7200(997) (7.09e-01 8.46e-01) XE:8.46e-02 (1.26e+00 1.25e+00 | 2.09e+00 2.05e+00)	6.488727e+00 : 9.269610e-01
7262(996) (6.47e-01 8.46e-01) XE:8.46e-02 (1.24e+00 1.25e+00 | 2.05e+00 2.05e+00)	6.488863e+00 : 9.269804e-01
7324(1000) (6.95e-01 8.46e-01) XE:8.46e-02 (1.26e+00 1.25e+00 | 2.06e+00 2.05e+00)	6.487500e+00 : 9.267858e-01
7386(1006) (5.03e-01 8.46e-01) XE:8.46e-02 (1.26e+00 1.25e+00 | 2.06e+00 2.05e+00)	6.487743e+00 : 9.268204e-01
7448(999) (1.09e+00 8.46e-01) XE:8.46e-02 (1.26e+00 1.25e+00 | 2.08e+00 2.05e+00)	6.487909e+00 : 9.268442e-01
7510(996) (1.37e+00 8.46e-01) XE:8.46e-02 (1.26e+00 1.25e+00 | 2.07e+00 2.05e+00)	6.487693e+00 : 9.268132e-01
7572(1002) (7.27e-01 8.46e-01) XE:8.46e-02 (1.25e+00 1.25e+00 | 2.06e+00 2.05e+00)	6.487865e+00 : 9.268378e-01
7634(1009) (6.31e-01 8.46e-01) XE:8.46e-02 (1.21e+00 1.25e+00 | 2.06e+00 2.05e+00)	6.487914e+00 : 9.268449e-01
7696(998) (7.44e-01 8.46e-01) XE:8.46e-02 (1.22e+00 1.25e+00 | 2.05e+00 2.05e+00)	6.487912e+00 : 9.268446e-01
7758(996) (7.13e-01 8.46e-01) XE:8.46e-02 (1.30e+00 1.25e+00 | 2.07e+00 2.05e+00)	6.487354e+00 : 9.267649e-01
7820(992) (9.87e-01 8.46e-01) XE:8.46e-02 (1.26e+00 1.25e+00 | 2.05e+00 2.05e+00)	6.485749e+00 : 9.265356e-01
7882(998) (7.97e-01 8.46e-01) XE:8.46e-02 (1.23e+00 1.25e+00 | 2.05e+00 2.05e+00)	6.485918e+00 : 9.265597e-01
7944(999) (1.05e+00 8.46e-01) XE:8.46e-02 (1.25e+00 1.25e+00 | 2.05e+00 2.05e+00)	6.486108e+00 : 9.265869e-01
8006(994) (1.00e+00 8.46e-01) XE:8.46e-02 (1.22e+00 1.25e+00 | 2.05e+00 2.05e+00)	6.486284e+00 : 9.266119e-01
8068(997) (9.44e-01 8.46e-01) XE:8.46e-02 (1.26e+00 1.25e+00 | 2.04e+00 2.05e+00)	6.486260e+00 : 9.266086e-01
8130(1007) (8.51e-01 8.46e-01) XE:8.46e-02 (1.23e+00 1.25e+00 | 2.03e+00 2.05e+00)	6.486488e+00 : 9.266411e-01
8192(994) (9.54e-01 8.46e-01) XE:8.46e-02 (1.28e+00 1.25e+00 | 2.05e+00 2.05e+00)	6.486660e+00 : 9.266657e-01
8254(999) (6.64e-01 8.46e-01) XE:8.46e-02 (1.24e+00 1.25e+00 | 2.03e+00 2.05e+00)	6.486581e+00 : 9.266544e-01
8316(996) (6.54e-01 8.46e-01) XE:8.46e-02 (1.27e+00 1.25e+00 | 2.06e+00 2.05e+00)	6.486220e+00 : 9.266028e-01
8378(999) (7.87e-01 8.46e-01) XE:8.46e-02 (1.25e+00 1.25e+00 | 2.04e+00 2.05e+00)	6.486455e+00 : 9.266364e-01
8440(1004) (7.53e-01 8.45e-01) XE:8.45e-02 (1.27e+00 1.25e+00 | 2.04e+00 2.05e+00)	6.486697e+00 : 9.266710e-01
8503(1002) (9.82e-01 8.45e-01) XE:8.45e-02 (1.22e+00 1.25e+00 | 2.02e+00 2.05e+00)	6.486677e+00 : 9.266681e-01
8565(998) (6.98e-01 8.45e-01) XE:8.45e-02 (1.29e+00 1.25e+00 | 2.07e+00 2.05e+00)	6.486882e+00 : 9.266974e-01
8627(997) (9.21e-01 8.45e-01) XE:8.45e-02 (1.28e+00 1.25e+00 | 2.07e+00 2.05e+00)	6.486723e+00 : 9.266747e-01
8689(997) (7.96e-01 8.45e-01) XE:8.45e-02 (1.22e+00 1.25e+00 | 2.04e+00 2.05e+00)	6.486879e+00 : 9.266970e-01
8751(1004) (5.65e-01 8.45e-01) XE:8.45e-02 (1.23e+00 1.25e+00 | 2.04e+00 2.05e+00)	6.486969e+00 : 9.267099e-01
8813(1003) (8.37e-01 8.46e-01) XE:8.46e-02 (1.24e+00 1.25e+00 | 2.07e+00 2.05e+00)	6.485068e+00 : 9.264383e-01
8875(1002) (8.10e-01 8.46e-01) XE:8.46e-02 (1.28e+00 1.25e+00 | 2.07e+00 2.05e+00)	6.483813e+00 : 9.262590e-01
8937(1002) (8.54e-01 8.46e-01) XE:8.46e-02 (1.25e+00 1.25e+00 | 2.03e+00 2.05e+00)	6.482894e+00 : 9.261277e-01
8999(1006) (5.50e-01 8.46e-01) XE:8.46e-02 (1.26e+00 1.25e+00 | 2.06e+00 2.05e+00)	6.482521e+00 : 9.260744e-01
9061(998) (1.14e+00 8.46e-01) XE:8.46e-02 (1.23e+00 1.25e+00 | 2.04e+00 2.05e+00)	6.482798e+00 : 9.261140e-01
9123(997) (7.16e-01 8.46e-01) XE:8.46e-02 (1.24e+00 1.25e+00 | 2.06e+00 2.05e+00)	6.482852e+00 : 9.261217e-01
9185(1000) (7.88e-01 8.46e-01) XE:8.46e-02 (1.24e+00 1.25e+00 | 2.04e+00 2.05e+00)	6.482784e+00 : 9.261120e-01
9247(1002) (5.76e-01 8.47e-01) XE:8.47e-02 (1.26e+00 1.25e+00 | 2.05e+00 2.05e+00)	6.482836e+00 : 9.261195e-01
9309(999) (9.26e-01 8.47e-01) XE:8.47e-02 (1.26e+00 1.25e+00 | 2.05e+00 2.05e+00)	6.482922e+00 : 9.261318e-01
9371(1008) (9.55e-01 8.47e-01) XE:8.47e-02 (1.24e+00 1.25e+00 | 2.03e+00 2.05e+00)	6.481820e+00 : 9.259743e-01
9433(997) (8.69e-01 8.47e-01) XE:8.47e-02 (1.23e+00 1.25e+00 | 2.05e+00 2.05e+00)	6.481984e+00 : 9.259978e-01
9495(1001) (6.53e-01 8.47e-01) XE:8.47e-02 (1.23e+00 1.25e+00 | 2.04e+00 2.05e+00)	6.481964e+00 : 9.259948e-01
9558(999) (7.63e-01 8.47e-01) XE:8.47e-02 (1.26e+00 1.25e+00 | 2.05e+00 2.05e+00)	6.482101e+00 : 9.260144e-01
9620(995) (8.78e-01 8.47e-01) XE:8.47e-02 (1.23e+00 1.25e+00 | 2.07e+00 2.05e+00)	6.482153e+00 : 9.260218e-01
9682(997) (1.04e+00 8.47e-01) XE:8.47e-02 (1.23e+00 1.25e+00 | 2.03e+00 2.05e+00)	6.482075e+00 : 9.260106e-01
9744(1002) (9.19e-01 8.47e-01) XE:8.47e-02 (1.27e+00 1.25e+00 | 2.05e+00 2.05e+00)	6.482313e+00 : 9.260447e-01
9806(995) (8.89e-01 8.47e-01) XE:8.47e-02 (1.28e+00 1.25e+00 | 2.08e+00 2.05e+00)	6.481726e+00 : 9.259609e-01
9868(1000) (6.69e-01 8.47e-01) XE:8.47e-02 (1.27e+00 1.25e+00 | 2.05e+00 2.05e+00)	6.481992e+00 : 9.259989e-01
9930(999) (7.08e-01 8.47e-01) XE:8.47e-02 (1.26e+00 1.25e+00 | 2.06e+00 2.05e+00)	6.482072e+00 : 9.260103e-01
9992(1010) (5.60e-01 8.47e-01) XE:8.47e-02 (1.25e+00 1.25e+00 | 2.04e+00 2.05e+00)	6.482077e+00 : 9.260110e-01
10000(1000) (8.03e-01 8.47e-01) XE:8.47e-02 (1.25e+00 1.25e+00 | 2.05e+00 2.05e+00)	6.482099e+00 : 9.260142e-01
RL cnt: 0,6302843,1420573,226678,31095,7814,0,0,0,0,0,0,0,0,0,0,
BL cnt: 0,0,0,0,123798,0,1360502,0,6941243,0,1360532,0,123925,0,0,0,0,0,0,0,0,
6.482099e+00 : 9.260142e-01
# InnerCodebook: deleted
# NBIDSchannel: deleted
# Gtable: deleted
# FBalg4: deleted
# StatICB: deleted
