# (Pid,Ps)=(1.000000e-02,1.000000e-02) Nseg=2000 [0]
# InnerCB: ICB/A0/5_2_2/002.bin
# Gtable:  Gtable/5/010_010.bin
# InnerCodebook: beta=5(1024) nu=1
# InnerCodebook: B(B2p)=7(128) 
# InnerCodebook: checked CWM, EncMap, DecMap
# beta=5(1024) nu=1 N=10000 Dmax=105
# B=7,
# NBIDSchannel: N=10000 Q=4 Dmax=105 (Pid,Ps)=(1.000000e-02,1.000000e-02)
# FBalg4: Nseg=2000 Dmax=105(w=211)
# FBalg4: Gtable: Gtable/5/010_010.bin
# Gtable: beta=5 (Pid,Ps,Ptrn)=(1.000000e-02,1.000000e-02,9.800000e-01) Pth=1.000000e-10
# Gtable: beta4p=1024 beta4pp=1048576
# Gtable::Gtable len=0 cnt=1024
# Gtable::Gtable len=1 cnt=4096
# Gtable::Gtable len=2 cnt=16384
# Gtable::Gtable len=3 cnt=60244
# Gtable::Gtable len=4 cnt=236452
# Gtable::Gtable len=5 cnt=823900
# Gtable::Gtable len=6 cnt=1412476
# Gtable::Gtable len=7 cnt=890332
# Gtable::Gtable len=8 cnt=148720
# Gtable::Gtable len=9 cnt=5416
# Gtable::Gtable len=10 cnt=0
# FBalg4: beta=5(1024) (Pid,Ps)=(1.000000e-02,1.000000e-02) Pth=1.000000e-10 N=10000
(Y:7.784316e+00 X:7.000000e+00 XY:8.182288e+00 I:6.602027e+00)
0001(9980): (6.602027e+00 6.602027e+00) 6.602027e-01
(Y:7.785513e+00 X:7.000000e+00 XY:8.204058e+00 I:6.581455e+00)
0002(9991): (6.581455e+00 6.591741e+00) 6.591741e-01
(Y:7.834437e+00 X:7.000000e+00 XY:8.220962e+00 I:6.613474e+00)
0003(10026): (6.613474e+00 6.598985e+00) 6.598985e-01
(Y:7.820541e+00 X:7.000000e+00 XY:8.234301e+00 I:6.586239e+00)
0004(10006): (6.586239e+00 6.595799e+00) 6.595799e-01
(Y:7.777795e+00 X:7.000000e+00 XY:8.194466e+00 I:6.583329e+00)
0005(9994): (6.583329e+00 6.593305e+00) 6.593305e-01
(Y:7.883540e+00 X:7.000000e+00 XY:8.277245e+00 I:6.606295e+00)
0006(9999): (6.606295e+00 6.595470e+00) 6.595470e-01
(Y:7.759504e+00 X:7.000000e+00 XY:8.112473e+00 I:6.647031e+00)
0007(9987): (6.647031e+00 6.602836e+00) 6.602836e-01
(Y:7.805363e+00 X:7.000000e+00 XY:8.178267e+00 I:6.627096e+00)
0008(9978): (6.627096e+00 6.605868e+00) 6.605868e-01
(Y:7.855246e+00 X:7.000000e+00 XY:8.240977e+00 I:6.614269e+00)
0009(9999): (6.614269e+00 6.606802e+00) 6.606802e-01
(Y:7.889342e+00 X:7.000000e+00 XY:8.296844e+00 I:6.592498e+00)
0010(10021): (6.592498e+00 6.605371e+00) 6.605371e-01
# InnerCodebook: deleted
# NBIDSchannel: deleted
# Gtable: deleted
# FBalg4: deleted
