# (Pid,Ps)=(5.000000e-02,1.000000e-02) Nseg=500 WinSize=10 [0]
# InnerCB: ICB/marker/4_2_2.bin
# Gtable:  Gtable/2/050_010.bin
# InnerCodebook: beta=2(16) nu=3
# InnerCodebook: B(B2p)=4(16) 4(16) 0(1) 
# InnerCodebook: checked CWM, EncMap, DecMap
# beta=2(16) nu=3 N=1000 Dmax=55
# B=4,4,0,
# NBIDSchannel: N=1000 Q=4 Dmax=55 (Pid,Ps)=(5.000000e-02,1.000000e-02)
# FBalg4: Nseg=500 Dmax=55(w=111)
# FBalg4: Gtable: Gtable/2/050_010.bin
# Gtable: beta=2 (Pid,Ps,Ptrn)=(5.000000e-02,1.000000e-02,9.000000e-01) Pth=1.000000e-10
# Gtable: beta4p=16 beta4pp=256
# Gtable::Gtable len=0 cnt=16
# Gtable::Gtable len=1 cnt=64
# Gtable::Gtable len=2 cnt=256
# Gtable::Gtable len=3 cnt=1024
# Gtable::Gtable len=4 cnt=1072
# FBalg4: beta=2(16) (Pid,Ps)=(5.000000e-02,1.000000e-02) Pth=1.000000e-10 N=1000
# StatICB: nu=3 beta=2 beta4p=16 Bsum=8 HdThNum=20 HdThStep=5.00e-02
# StatICB: B=4,4,0,
# StatICB: HdThList 9.50e-01,9.00e-01,8.50e-01,8.00e-01,7.50e-01,7.00e-01,6.50e-01,6.00e-01,5.50e-01,5.00e-01,4.50e-01,4.00e-01,3.50e-01,3.00e-01,2.50e-01,2.00e-01,1.50e-01,1.00e-01,5.00e-02,1.00e-10,
0342(995) (2.60e+00 1.24e+00) XE:3.11e-01 (1.26e+00 1.26e+00 | 1.89e+00 2.03e+00)
0696(1004) (1.20e+00 1.24e+00) XE:3.11e-01 (1.29e+00 1.26e+00 | 2.18e+00 2.03e+00)
1051(999) (1.26e+00 1.25e+00) XE:3.11e-01 (1.26e+00 1.26e+00 | 2.01e+00 2.03e+00)
1405(1000) (1.43e+00 1.24e+00) XE:3.11e-01 (1.27e+00 1.26e+00 | 1.81e+00 2.03e+00)
1758(1010) (1.53e+00 1.25e+00) XE:3.11e-01 (1.25e+00 1.26e+00 | 2.08e+00 2.03e+00)
2112(991) (2.46e+00 1.25e+00) XE:3.12e-01 (1.24e+00 1.26e+00 | 2.14e+00 2.03e+00)
2466(1015) (9.33e-01 1.25e+00) XE:3.12e-01 (1.26e+00 1.26e+00 | 1.91e+00 2.03e+00)
2819(1003) (1.39e+00 1.25e+00) XE:3.12e-01 (1.24e+00 1.26e+00 | 1.99e+00 2.03e+00)
3173(974) (1.44e+00 1.25e+00) XE:3.12e-01 (1.28e+00 1.26e+00 | 1.95e+00 2.03e+00)
3526(1002) (1.49e+00 1.25e+00) XE:3.13e-01 (1.27e+00 1.26e+00 | 2.00e+00 2.03e+00)
3880(991) (1.03e+00 1.25e+00) XE:3.13e-01 (1.27e+00 1.26e+00 | 2.17e+00 2.03e+00)
4233(1003) (1.20e+00 1.25e+00) XE:3.13e-01 (1.24e+00 1.26e+00 | 1.97e+00 2.03e+00)
4587(996) (1.23e+00 1.25e+00) XE:3.12e-01 (1.26e+00 1.26e+00 | 2.03e+00 2.03e+00)
4941(999) (1.18e+00 1.25e+00) XE:3.12e-01 (1.23e+00 1.26e+00 | 1.96e+00 2.03e+00)
5294(984) (1.17e+00 1.25e+00) XE:3.12e-01 (1.26e+00 1.26e+00 | 1.83e+00 2.03e+00)
5648(990) (1.14e+00 1.25e+00) XE:3.12e-01 (1.23e+00 1.26e+00 | 2.04e+00 2.03e+00)
6002(990) (1.05e+00 1.25e+00) XE:3.12e-01 (1.22e+00 1.26e+00 | 1.78e+00 2.03e+00)
6354(1005) (9.67e-01 1.25e+00) XE:3.12e-01 (1.24e+00 1.26e+00 | 1.98e+00 2.03e+00)
6708(997) (1.11e+00 1.25e+00) XE:3.12e-01 (1.26e+00 1.26e+00 | 1.93e+00 2.03e+00)
7061(1008) (1.02e+00 1.25e+00) XE:3.12e-01 (1.27e+00 1.26e+00 | 2.14e+00 2.03e+00)
7414(1020) (9.79e-01 1.25e+00) XE:3.12e-01 (1.27e+00 1.26e+00 | 2.22e+00 2.03e+00)
7767(1022) (3.60e+00 1.25e+00) XE:3.12e-01 (1.24e+00 1.26e+00 | 2.07e+00 2.03e+00)
8120(991) (1.30e+00 1.25e+00) XE:3.12e-01 (1.25e+00 1.26e+00 | 2.11e+00 2.03e+00)
8473(991) (9.66e-01 1.25e+00) XE:3.12e-01 (1.25e+00 1.26e+00 | 2.00e+00 2.03e+00)
8826(992) (1.09e+00 1.25e+00) XE:3.13e-01 (1.27e+00 1.26e+00 | 1.73e+00 2.03e+00)
9179(1002) (1.31e+00 1.25e+00) XE:3.13e-01 (1.28e+00 1.26e+00 | 2.18e+00 2.03e+00)
9533(995) (1.27e+00 1.25e+00) XE:3.13e-01 (1.26e+00 1.26e+00 | 1.78e+00 2.03e+00)
9888(976) (1.22e+00 1.25e+00) XE:3.13e-01 (1.27e+00 1.26e+00 | 1.95e+00 2.03e+00)
10000(1008) (9.73e-01 1.25e+00) XE:3.13e-01 (1.28e+00 1.26e+00 | 2.24e+00 2.03e+00)
RL cnt: 0,6244365,1326754,272553,51749,12871,0,0,0,0,0,0,0,0,0,0,
BL cnt: 0,0,19172,0,231677,0,1006064,0,2243722,0,2903291,0,2248542,0,1006236,0,231745,0,19551,0,0,
[00] Th=9.500000e-01: 7.912056e-01 7.930324e-01 0.000000e+00 : 1.980298e-01
[01] Th=9.000000e-01: 1.616579e+00 1.615686e+00 0.000000e+00 : 4.040332e-01
[02] Th=8.500000e-01: 1.928345e+00 1.927344e+00 0.000000e+00 : 4.819611e-01
[03] Th=8.000000e-01: 2.046623e+00 2.046218e+00 0.000000e+00 : 5.116051e-01
[04] Th=7.500000e-01: 2.117896e+00 2.117038e+00 0.000000e+00 : 5.293667e-01
[05] Th=7.000000e-01: 2.178719e+00 2.178149e+00 0.000000e+00 : 5.446085e-01
[06] Th=6.500000e-01: 2.226105e+00 2.225680e+00 0.000000e+00 : 5.564731e-01
[07] Th=6.000000e-01: 2.294637e+00 2.294974e+00 0.000000e+00 : 5.737013e-01
[08] Th=5.500000e-01: 2.352322e+00 2.352753e+00 0.000000e+00 : 5.881344e-01
[09] Th=5.000000e-01: 2.447818e+00 2.446872e+00 0.000000e+00 : 6.118364e-01
[10] Th=4.500000e-01: 2.497084e+00 2.496188e+00 0.000000e+00 : 6.241591e-01
[11] Th=4.000000e-01: 2.505073e+00 2.504113e+00 0.000000e+00 : 6.261484e-01
[12] Th=3.500000e-01: 2.506232e+00 2.505156e+00 0.000000e+00 : 6.264234e-01
[13] Th=3.000000e-01: 2.505209e+00 2.503872e+00 0.000000e+00 : 6.261351e-01
[14] Th=2.500000e-01: 2.503198e+00 2.501902e+00 0.000000e+00 : 6.256376e-01
[15] Th=2.000000e-01: 2.501665e+00 2.500345e+00 0.000000e+00 : 6.252514e-01
[16] Th=1.500000e-01: 2.501422e+00 2.500147e+00 0.000000e+00 : 6.251962e-01
[17] Th=1.000000e-01: 2.501407e+00 2.500135e+00 0.000000e+00 : 6.251927e-01
[18] Th=5.000000e-02: 2.501407e+00 2.500135e+00 0.000000e+00 : 6.251927e-01
[19] Th=1.000000e-10: 2.501407e+00 2.500135e+00 0.000000e+00 : 6.251927e-01
# InnerCodebook: deleted
# NBIDSchannel: deleted
# Gtable: deleted
# FBalg4: deleted
# StatICB: deleted
