# InnerCodebook: input ICB/ex01//cb.txt
# InnerCodebook: Nu=6 Nu2p=64 numCW=18 FlgUnique=1 FlgInvertible=1 FlgBalanced=1
# InnerCodebook: Rho=3 (ell,Delta)=(10,2) L0=2
# InnerCodebook: Rst01=4 Rst10=13
# CW
# 000:001011 (2,L2,R2) WL:0 0 1 1 2 3  WR:3 3 3 2 2 1  
# 001:001101 (2,L2,R1) WL:0 0 1 2 2 3  WR:3 3 3 2 1 1  
# 002:001110 (3,L2,R1) WL:0 0 1 2 3 3  WR:3 3 3 2 1 0  
# 003:010011 (2,L1,R2) WL:0 1 1 1 2 3  WR:3 3 2 2 2 1  
# 004:010101 (1,L1,R1) WL:0 1 1 2 2 3  WR:3 3 2 2 1 1  
# 005:010110 (2,L1,R1) WL:0 1 1 2 3 3  WR:3 3 2 2 1 0  
# 006:011001 (2,L1,R1) WL:0 1 2 2 2 3  WR:3 3 2 1 1 1  
# 007:011010 (2,L1,R1) WL:0 1 2 2 3 3  WR:3 3 2 1 1 0  
# 008:011100 (3,L1,R2) WL:0 1 2 3 3 3  WR:3 3 2 1 0 0  
# 009:100011 (3,L1,R2) WL:1 1 1 1 2 3  WR:3 2 2 2 2 1  
# 010:100101 (2,L1,R1) WL:1 1 1 2 2 3  WR:3 2 2 2 1 1  
# 011:100110 (2,L1,R1) WL:1 1 1 2 3 3  WR:3 2 2 2 1 0  
# 012:101001 (2,L1,R1) WL:1 1 2 2 2 3  WR:3 2 2 1 1 1  
# 013:101010 (1,L1,R1) WL:1 1 2 2 3 3  WR:3 2 2 1 1 0  
# 014:101100 (2,L1,R2) WL:1 1 2 3 3 3  WR:3 2 2 1 0 0  
# 015:110001 (3,L2,R1) WL:1 2 2 2 2 3  WR:3 2 1 1 1 1  
# 016:110010 (2,L2,R1) WL:1 2 2 2 3 3  WR:3 2 1 1 1 0  
# 017:110100 (2,L2,R2) WL:1 2 2 3 3 3  WR:3 2 1 1 0 0  
# CWL
# 000B:1 000D:1 000E:1 0013:1 0015:1 0016:1 0019:1 001A:1 001C:1 0023:1 
# 0025:1 0026:1 0029:1 002A:1 002C:1 0031:1 0032:1 0034:1 
# CWI
# 000B:000 000D:001 000E:002 0013:003 0015:004 0016:005 0019:006 001A:007 001C:008 0023:009 
# 0025:010 0026:011 0029:012 002A:013 002C:014 0031:015 0032:016 0034:017 
# Q=18 N=50 Nu=6 Nb=300 (Pi,Pd,Ps)=(5.000000e-03,5.000000e-03,5.000000e-03) [0]
# ICB:   ICB/ex01//cb.txt
# Const: ICB/ex01//constraint.txt
# EncCM: ICB/ex01//EncCM.bin
# ChannelMatrix: ICB/ex01//EncCM.bin (18x18)
# IDSchannel: N=300 (Pi,Pd,Ps)=(5.000000e-03,5.000000e-03,5.000000e-03) (Dmin,Dmax)=(-3,3)
# SLFBAdec: Ns=50 (Nu;Nu2min,Nu2max)=(6(64);3,9) Nb=300 Q=18
# SLFBAdec: (Pi,Pd,Ps,Pt)=(5.000000e-03,5.000000e-03,5.000000e-03,9.900000e-01) (Dmin,Dmax:Drng)=(-3,3:7)
# SLFBAdec: generating GD & GX
# SLFBAdec: generating factor graph
# ChannelMatrix: M=18 N=5832
1000 8380/50000 26 1.676000e-01 : 4.169527e+00 6.930116e-01 3.476515e+00
2000 16675/100000 26 1.667500e-01 : 4.169801e+00 7.090561e-01 3.460745e+00
3000 25176/150000 26 1.678400e-01 : 4.169814e+00 7.265747e-01 3.443239e+00
4000 33614/200000 30 1.680700e-01 : 4.169876e+00 7.344905e-01 3.435385e+00
5000 42202/250000 30 1.688080e-01 : 4.169885e+00 7.420297e-01 3.427855e+00
6000 50766/300000 30 1.692200e-01 : 4.169888e+00 7.467453e-01 3.423143e+00
7000 59223/350000 30 1.692086e-01 : 4.169898e+00 7.477869e-01 3.422111e+00
8000 67635/400000 30 1.690875e-01 : 4.169900e+00 7.484382e-01 3.421461e+00
9000 75934/450000 30 1.687422e-01 : 4.169896e+00 7.488310e-01 3.421065e+00
10000 84372/500000 30 1.687440e-01 : 4.169898e+00 7.492563e-01 3.420641e+00
11000 92785/550000 30 1.687000e-01 : 4.169902e+00 7.497071e-01 3.420195e+00
12000 101069/600000 30 1.684483e-01 : 4.169906e+00 7.490780e-01 3.420828e+00
13000 109524/650000 30 1.684985e-01 : 4.169911e+00 7.504545e-01 3.419457e+00
14000 117836/700000 30 1.683371e-01 : 4.169913e+00 7.505658e-01 3.419348e+00
15000 126378/750000 30 1.685040e-01 : 4.169913e+00 7.516367e-01 3.418276e+00
16000 134892/800000 30 1.686150e-01 : 4.169911e+00 7.530235e-01 3.416887e+00
17000 143178/850000 30 1.684447e-01 : 4.169912e+00 7.529074e-01 3.417004e+00
18000 151647/900000 30 1.684967e-01 : 4.169913e+00 7.532229e-01 3.416690e+00
19000 160162/950000 30 1.685916e-01 : 4.169912e+00 7.540604e-01 3.415852e+00
20000 168585/1000000 30 1.685850e-01 : 4.169913e+00 7.539389e-01 3.415974e+00
21000 177185/1050000 30 1.687476e-01 : 4.169914e+00 7.547997e-01 3.415114e+00
22000 185788/1100000 30 1.688982e-01 : 4.169913e+00 7.553508e-01 3.414562e+00
23000 194263/1150000 30 1.689243e-01 : 4.169915e+00 7.555951e-01 3.414320e+00
24000 202517/1200000 30 1.687642e-01 : 4.169916e+00 7.551269e-01 3.414789e+00
25000 210934/1250000 30 1.687472e-01 : 4.169917e+00 7.550407e-01 3.414876e+00
26000 219541/1300000 31 1.688777e-01 : 4.169917e+00 7.558922e-01 3.414025e+00
27000 227842/1350000 31 1.687719e-01 : 4.169918e+00 7.558466e-01 3.414071e+00
28000 236290/1400000 31 1.687786e-01 : 4.169917e+00 7.558744e-01 3.414043e+00
29000 244786/1450000 31 1.688179e-01 : 4.169918e+00 7.561577e-01 3.413760e+00
30000 253203/1500000 31 1.688020e-01 : 4.169918e+00 7.562304e-01 3.413687e+00
31000 261443/1550000 31 1.686729e-01 : 4.169917e+00 7.559926e-01 3.413924e+00
32000 269996/1600000 31 1.687475e-01 : 4.169917e+00 7.564946e-01 3.413422e+00
33000 278475/1650000 31 1.687727e-01 : 4.169917e+00 7.566951e-01 3.413222e+00
34000 286903/1700000 31 1.687665e-01 : 4.169917e+00 7.568068e-01 3.413110e+00
35000 295174/1750000 31 1.686709e-01 : 4.169917e+00 7.564478e-01 3.413469e+00
36000 303646/1800000 31 1.686922e-01 : 4.169918e+00 7.569984e-01 3.412919e+00
37000 312144/1850000 31 1.687265e-01 : 4.169918e+00 7.573513e-01 3.412567e+00
38000 320537/1900000 31 1.687037e-01 : 4.169918e+00 7.576833e-01 3.412235e+00
39000 328745/1950000 31 1.685872e-01 : 4.169919e+00 7.574112e-01 3.412507e+00
40000 337108/2000000 31 1.685540e-01 : 4.169919e+00 7.574660e-01 3.412453e+00
41000 345550/2050000 31 1.685610e-01 : 4.169920e+00 7.578048e-01 3.412115e+00
42000 353857/2100000 31 1.685033e-01 : 4.169920e+00 7.580780e-01 3.411842e+00
43000 362292/2150000 31 1.685079e-01 : 4.169921e+00 7.585027e-01 3.411418e+00
44000 370764/2200000 31 1.685291e-01 : 4.169920e+00 7.584731e-01 3.411447e+00
45000 379236/2250000 33 1.685493e-01 : 4.169920e+00 7.586595e-01 3.411261e+00
46000 387625/2300000 33 1.685326e-01 : 4.169921e+00 7.587227e-01 3.411198e+00
47000 395897/2350000 33 1.684668e-01 : 4.169921e+00 7.585020e-01 3.411419e+00
48000 404290/2400000 33 1.684542e-01 : 4.169920e+00 7.585707e-01 3.411350e+00
49000 412551/2450000 33 1.683882e-01 : 4.169920e+00 7.586151e-01 3.411305e+00
50000 421229/2500000 33 1.684916e-01 : 4.169920e+00 7.591500e-01 3.410770e+00
51000 429679/2550000 33 1.685016e-01 : 4.169920e+00 7.593398e-01 3.410580e+00
52000 438129/2600000 33 1.685112e-01 : 4.169919e+00 7.593099e-01 3.410609e+00
53000 446489/2650000 33 1.684864e-01 : 4.169920e+00 7.592117e-01 3.410708e+00
54000 455011/2700000 33 1.685226e-01 : 4.169920e+00 7.592992e-01 3.410620e+00
55000 463364/2750000 33 1.684960e-01 : 4.169920e+00 7.592893e-01 3.410631e+00
56000 471602/2800000 33 1.684293e-01 : 4.169920e+00 7.589410e-01 3.410979e+00
57000 480029/2850000 33 1.684312e-01 : 4.169920e+00 7.589214e-01 3.410999e+00
58000 488549/2900000 33 1.684652e-01 : 4.169921e+00 7.591869e-01 3.410734e+00
59000 497081/2950000 33 1.685020e-01 : 4.169920e+00 7.593725e-01 3.410548e+00
60000 505611/3000000 33 1.685370e-01 : 4.169921e+00 7.595746e-01 3.410346e+00
61000 513934/3050000 33 1.685030e-01 : 4.169921e+00 7.595270e-01 3.410394e+00
62000 522335/3100000 33 1.684952e-01 : 4.169921e+00 7.594653e-01 3.410455e+00
63000 530752/3150000 33 1.684927e-01 : 4.169920e+00 7.595206e-01 3.410400e+00
64000 539276/3200000 33 1.685237e-01 : 4.169920e+00 7.597728e-01 3.410148e+00
65000 547513/3250000 33 1.684655e-01 : 4.169920e+00 7.595375e-01 3.410383e+00
66000 555702/3300000 33 1.683945e-01 : 4.169920e+00 7.592485e-01 3.410672e+00
67000 563906/3350000 33 1.683301e-01 : 4.169920e+00 7.591304e-01 3.410790e+00
68000 572422/3400000 33 1.683594e-01 : 4.169921e+00 7.592822e-01 3.410638e+00
69000 580897/3450000 33 1.683759e-01 : 4.169921e+00 7.594698e-01 3.410451e+00
70000 589391/3500000 33 1.683974e-01 : 4.169921e+00 7.595098e-01 3.410411e+00
71000 597722/3550000 33 1.683724e-01 : 4.169921e+00 7.593716e-01 3.410550e+00
72000 605975/3600000 33 1.683264e-01 : 4.169922e+00 7.591952e-01 3.410726e+00
73000 614340/3650000 33 1.683123e-01 : 4.169922e+00 7.591879e-01 3.410734e+00
74000 622899/3700000 33 1.683511e-01 : 4.169922e+00 7.594821e-01 3.410440e+00
75000 631311/3750000 33 1.683496e-01 : 4.169922e+00 7.595114e-01 3.410410e+00
76000 639794/3800000 33 1.683668e-01 : 4.169922e+00 7.596865e-01 3.410235e+00
77000 648310/3850000 33 1.683922e-01 : 4.169922e+00 7.598555e-01 3.410066e+00
78000 656707/3900000 33 1.683864e-01 : 4.169922e+00 7.599224e-01 3.410000e+00
79000 664977/3950000 33 1.683486e-01 : 4.169922e+00 7.598969e-01 3.410025e+00
80000 673526/4000000 33 1.683815e-01 : 4.169922e+00 7.600942e-01 3.409828e+00
81000 681788/4050000 33 1.683427e-01 : 4.169922e+00 7.599364e-01 3.409986e+00
82000 690157/4100000 33 1.683310e-01 : 4.169922e+00 7.600421e-01 3.409880e+00
83000 698747/4150000 33 1.683728e-01 : 4.169922e+00 7.602455e-01 3.409676e+00
84000 707188/4200000 33 1.683781e-01 : 4.169922e+00 7.602253e-01 3.409697e+00
85000 715768/4250000 33 1.684160e-01 : 4.169922e+00 7.603898e-01 3.409532e+00
86000 723960/4300000 33 1.683628e-01 : 4.169922e+00 7.601455e-01 3.409777e+00
87000 732394/4350000 33 1.683664e-01 : 4.169922e+00 7.601051e-01 3.409817e+00
88000 740674/4400000 33 1.683350e-01 : 4.169922e+00 7.600581e-01 3.409864e+00
89000 749007/4450000 33 1.683162e-01 : 4.169922e+00 7.600115e-01 3.409910e+00
90000 757279/4500000 33 1.682842e-01 : 4.169922e+00 7.599159e-01 3.410006e+00
91000 765820/4550000 33 1.683121e-01 : 4.169922e+00 7.600515e-01 3.409870e+00
92000 774237/4600000 33 1.683124e-01 : 4.169922e+00 7.601143e-01 3.409807e+00
93000 782716/4650000 33 1.683260e-01 : 4.169922e+00 7.601585e-01 3.409763e+00
94000 791078/4700000 33 1.683145e-01 : 4.169922e+00 7.601696e-01 3.409752e+00
95000 799519/4750000 33 1.683198e-01 : 4.169922e+00 7.601970e-01 3.409725e+00
96000 807751/4800000 33 1.682815e-01 : 4.169922e+00 7.601031e-01 3.409819e+00
97000 816192/4850000 33 1.682870e-01 : 4.169922e+00 7.601438e-01 3.409778e+00
98000 824617/4900000 33 1.682892e-01 : 4.169922e+00 7.602217e-01 3.409700e+00
99000 832903/4950000 33 1.682632e-01 : 4.169922e+00 7.600765e-01 3.409846e+00
100000 841320/5000000 33 1.682640e-01 : 4.169922e+00 7.601631e-01 3.409759e+00
# InnerCodebook: deleted
# ChannelMatrix: deleted
# IDSchannel: deleted
# SLFBAdec: deleted
# ChannelMatrix: deleted
