# InnerCodebook: input ICB/ex02//cb.txt
# InnerCodebook: Nu=6 Nu2p=64 numCW=16 FlgUnique=1 FlgInvertible=1 FlgBalanced=1
# InnerCodebook: Rho=3 (ell,Delta)=(10,2) L0=2
# InnerCodebook: Rst01=3 Rst10=12
# CW
# 000:001011 (2,L2,R2) WL:0 0 1 1 2 3  WR:3 3 3 2 2 1  
# 001:001101 (2,L2,R1) WL:0 0 1 2 2 3  WR:3 3 3 2 1 1  
# 002:010011 (2,L1,R2) WL:0 1 1 1 2 3  WR:3 3 2 2 2 1  
# 003:010101 (1,L1,R1) WL:0 1 1 2 2 3  WR:3 3 2 2 1 1  
# 004:010110 (2,L1,R1) WL:0 1 1 2 3 3  WR:3 3 2 2 1 0  
# 005:011001 (2,L1,R1) WL:0 1 2 2 2 3  WR:3 3 2 1 1 1  
# 006:011010 (2,L1,R1) WL:0 1 2 2 3 3  WR:3 3 2 1 1 0  
# 007:011100 (3,L1,R2) WL:0 1 2 3 3 3  WR:3 3 2 1 0 0  
# 008:100011 (3,L1,R2) WL:1 1 1 1 2 3  WR:3 2 2 2 2 1  
# 009:100101 (2,L1,R1) WL:1 1 1 2 2 3  WR:3 2 2 2 1 1  
# 010:100110 (2,L1,R1) WL:1 1 1 2 3 3  WR:3 2 2 2 1 0  
# 011:101001 (2,L1,R1) WL:1 1 2 2 2 3  WR:3 2 2 1 1 1  
# 012:101010 (1,L1,R1) WL:1 1 2 2 3 3  WR:3 2 2 1 1 0  
# 013:101100 (2,L1,R2) WL:1 1 2 3 3 3  WR:3 2 2 1 0 0  
# 014:110010 (2,L2,R1) WL:1 2 2 2 3 3  WR:3 2 1 1 1 0  
# 015:110100 (2,L2,R2) WL:1 2 2 3 3 3  WR:3 2 1 1 0 0  
# CWL
# 000B:1 000D:1 0013:1 0015:1 0016:1 0019:1 001A:1 001C:1 0023:1 0025:1 
# 0026:1 0029:1 002A:1 002C:1 0032:1 0034:1 
# CWI
# 000B:000 000D:001 0013:002 0015:003 0016:004 0019:005 001A:006 001C:007 0023:008 0025:009 
# 0026:010 0029:011 002A:012 002C:013 0032:014 0034:015 
# Q=16 N=50 Nu=6 Nb=300 (Pi,Pd,Ps)=(2.000000e-03,2.000000e-03,0.000000e+00) [0]
# ICB:   ICB/ex02//cb.txt
# Const: ICB/ex02//constraint.txt
# EncCM: ICB/ex02//EncCM.bin
# ChannelMatrix: ICB/ex02//EncCM.bin (16x16)
# IDSchannel: N=300 (Pi,Pd,Ps)=(2.000000e-03,2.000000e-03,0.000000e+00) (Dmin,Dmax)=(-2,2)
# SLFBAdec: Ns=50 (Nu;Nu2min,Nu2max)=(6(64);3,9) Nb=300 Q=16
# SLFBAdec: (Pi,Pd,Ps,Pt)=(2.000000e-03,2.000000e-03,0.000000e+00,9.960000e-01) (Dmin,Dmax:Drng)=(-2,2:5)
# SLFBAdec: generating GD & GX
# SLFBAdec: generating factor graph
# ChannelMatrix: M=16 N=4096
1000 4864/50000 14 9.728000e-02 : 3.999720e+00 3.705376e-01 3.629182e+00
2000 9777/100000 15 9.777000e-02 : 3.999839e+00 3.794634e-01 3.620376e+00
3000 14658/150000 15 9.772000e-02 : 3.999907e+00 3.811384e-01 3.618769e+00
4000 19584/200000 15 9.792000e-02 : 3.999931e+00 3.829941e-01 3.616936e+00
5000 24369/250000 21 9.747600e-02 : 3.999923e+00 3.828947e-01 3.617028e+00
6000 29247/300000 21 9.749000e-02 : 3.999930e+00 3.839817e-01 3.615949e+00
7000 34057/350000 21 9.730571e-02 : 3.999940e+00 3.838158e-01 3.616125e+00
8000 38846/400000 21 9.711500e-02 : 3.999963e+00 3.829970e-01 3.616966e+00
9000 43763/450000 21 9.725111e-02 : 3.999962e+00 3.833849e-01 3.616577e+00
10000 48615/500000 21 9.723000e-02 : 3.999963e+00 3.840010e-01 3.615962e+00
11000 53430/550000 21 9.714545e-02 : 3.999974e+00 3.834387e-01 3.616535e+00
12000 58292/600000 21 9.715333e-02 : 3.999974e+00 3.836080e-01 3.616366e+00
13000 63027/650000 21 9.696462e-02 : 3.999981e+00 3.830456e-01 3.616935e+00
14000 67785/700000 21 9.683571e-02 : 3.999979e+00 3.826539e-01 3.617326e+00
15000 72586/750000 21 9.678133e-02 : 3.999981e+00 3.825701e-01 3.617411e+00
16000 77355/800000 21 9.669375e-02 : 3.999981e+00 3.824449e-01 3.617536e+00
17000 82222/850000 21 9.673176e-02 : 3.999983e+00 3.824463e-01 3.617537e+00
18000 87028/900000 21 9.669778e-02 : 3.999984e+00 3.821693e-01 3.617815e+00
19000 91827/950000 21 9.666000e-02 : 3.999986e+00 3.819568e-01 3.618029e+00
20000 96640/1000000 21 9.664000e-02 : 3.999986e+00 3.819429e-01 3.618043e+00
21000 101549/1050000 21 9.671333e-02 : 3.999985e+00 3.822024e-01 3.617782e+00
22000 106327/1100000 21 9.666091e-02 : 3.999986e+00 3.819465e-01 3.618039e+00
23000 111141/1150000 21 9.664435e-02 : 3.999987e+00 3.819800e-01 3.618007e+00
24000 116008/1200000 21 9.667333e-02 : 3.999988e+00 3.821192e-01 3.617868e+00
25000 120785/1250000 21 9.662800e-02 : 3.999988e+00 3.821763e-01 3.617812e+00
26000 125692/1300000 21 9.668615e-02 : 3.999988e+00 3.823958e-01 3.617593e+00
27000 130633/1350000 21 9.676519e-02 : 3.999987e+00 3.825268e-01 3.617460e+00
28000 135388/1400000 21 9.670571e-02 : 3.999988e+00 3.822632e-01 3.617724e+00
29000 140078/1450000 21 9.660552e-02 : 3.999989e+00 3.818419e-01 3.618147e+00
30000 144800/1500000 21 9.653333e-02 : 3.999989e+00 3.815374e-01 3.618452e+00
31000 149703/1550000 21 9.658258e-02 : 3.999988e+00 3.817780e-01 3.618210e+00
32000 154531/1600000 21 9.658187e-02 : 3.999990e+00 3.819151e-01 3.618075e+00
33000 159306/1650000 21 9.654909e-02 : 3.999990e+00 3.819774e-01 3.618013e+00
34000 164198/1700000 21 9.658706e-02 : 3.999991e+00 3.821781e-01 3.617813e+00
35000 169017/1750000 21 9.658114e-02 : 3.999991e+00 3.822829e-01 3.617708e+00
36000 173792/1800000 21 9.655111e-02 : 3.999990e+00 3.821562e-01 3.617834e+00
37000 178643/1850000 21 9.656378e-02 : 3.999990e+00 3.822020e-01 3.617788e+00
38000 183485/1900000 21 9.657105e-02 : 3.999991e+00 3.822119e-01 3.617779e+00
39000 188327/1950000 21 9.657795e-02 : 3.999991e+00 3.822181e-01 3.617773e+00
40000 193167/2000000 21 9.658350e-02 : 3.999991e+00 3.822337e-01 3.617757e+00
41000 197907/2050000 21 9.654000e-02 : 3.999991e+00 3.821546e-01 3.617836e+00
42000 202731/2100000 21 9.653857e-02 : 3.999990e+00 3.820628e-01 3.617927e+00
43000 207613/2150000 21 9.656419e-02 : 3.999990e+00 3.823402e-01 3.617650e+00
44000 212509/2200000 21 9.659500e-02 : 3.999991e+00 3.824282e-01 3.617562e+00
45000 217331/2250000 21 9.659156e-02 : 3.999992e+00 3.824780e-01 3.617514e+00
46000 222170/2300000 21 9.659565e-02 : 3.999992e+00 3.824623e-01 3.617530e+00
47000 227061/2350000 21 9.662170e-02 : 3.999992e+00 3.824981e-01 3.617494e+00
48000 231845/2400000 21 9.660208e-02 : 3.999991e+00 3.825082e-01 3.617483e+00
49000 236671/2450000 21 9.660041e-02 : 3.999991e+00 3.824520e-01 3.617539e+00
50000 241523/2500000 21 9.660920e-02 : 3.999992e+00 3.824611e-01 3.617531e+00
51000 246418/2550000 21 9.663451e-02 : 3.999992e+00 3.825930e-01 3.617399e+00
52000 251262/2600000 21 9.663923e-02 : 3.999991e+00 3.826187e-01 3.617372e+00
53000 256193/2650000 21 9.667660e-02 : 3.999991e+00 3.827554e-01 3.617235e+00
54000 260998/2700000 21 9.666593e-02 : 3.999991e+00 3.826859e-01 3.617305e+00
55000 265819/2750000 21 9.666145e-02 : 3.999991e+00 3.826027e-01 3.617389e+00
56000 270520/2800000 21 9.661429e-02 : 3.999992e+00 3.824129e-01 3.617579e+00
57000 275329/2850000 21 9.660667e-02 : 3.999992e+00 3.823884e-01 3.617604e+00
58000 280230/2900000 21 9.663103e-02 : 3.999992e+00 3.824376e-01 3.617554e+00
59000 285144/2950000 21 9.665898e-02 : 3.999992e+00 3.825117e-01 3.617480e+00
60000 289893/3000000 21 9.663100e-02 : 3.999991e+00 3.824436e-01 3.617548e+00
61000 294666/3050000 21 9.661180e-02 : 3.999991e+00 3.824500e-01 3.617541e+00
62000 299458/3100000 21 9.659935e-02 : 3.999992e+00 3.823861e-01 3.617605e+00
63000 304344/3150000 21 9.661714e-02 : 3.999991e+00 3.824644e-01 3.617527e+00
64000 309161/3200000 21 9.661281e-02 : 3.999991e+00 3.824135e-01 3.617578e+00
65000 314049/3250000 22 9.663046e-02 : 3.999991e+00 3.824522e-01 3.617539e+00
66000 318828/3300000 22 9.661455e-02 : 3.999991e+00 3.824378e-01 3.617554e+00
67000 323706/3350000 22 9.662866e-02 : 3.999991e+00 3.824998e-01 3.617492e+00
68000 328573/3400000 22 9.663912e-02 : 3.999991e+00 3.825200e-01 3.617471e+00
69000 333422/3450000 22 9.664406e-02 : 3.999992e+00 3.824465e-01 3.617545e+00
70000 338324/3500000 22 9.666400e-02 : 3.999992e+00 3.825148e-01 3.617477e+00
71000 343064/3550000 22 9.663775e-02 : 3.999992e+00 3.825392e-01 3.617453e+00
72000 347945/3600000 22 9.665139e-02 : 3.999992e+00 3.826969e-01 3.617295e+00
73000 352708/3650000 22 9.663233e-02 : 3.999992e+00 3.826226e-01 3.617370e+00
74000 357541/3700000 22 9.663270e-02 : 3.999993e+00 3.825960e-01 3.617397e+00
75000 362415/3750000 22 9.664400e-02 : 3.999993e+00 3.825365e-01 3.617456e+00
76000 367266/3800000 22 9.664895e-02 : 3.999993e+00 3.825467e-01 3.617447e+00
77000 372112/3850000 22 9.665247e-02 : 3.999994e+00 3.825754e-01 3.617418e+00
78000 376939/3900000 22 9.665103e-02 : 3.999994e+00 3.825480e-01 3.617446e+00
79000 381743/3950000 22 9.664380e-02 : 3.999994e+00 3.826030e-01 3.617391e+00
80000 386601/4000000 22 9.665025e-02 : 3.999994e+00 3.826875e-01 3.617306e+00
81000 391412/4050000 22 9.664494e-02 : 3.999994e+00 3.826254e-01 3.617369e+00
82000 396229/4100000 22 9.664122e-02 : 3.999994e+00 3.825676e-01 3.617426e+00
83000 401152/4150000 22 9.666313e-02 : 3.999994e+00 3.826572e-01 3.617337e+00
84000 406038/4200000 22 9.667571e-02 : 3.999994e+00 3.827312e-01 3.617262e+00
85000 411040/4250000 22 9.671529e-02 : 3.999994e+00 3.828036e-01 3.617191e+00
86000 415867/4300000 22 9.671326e-02 : 3.999994e+00 3.827430e-01 3.617251e+00
87000 420704/4350000 22 9.671356e-02 : 3.999994e+00 3.827357e-01 3.617259e+00
88000 425560/4400000 22 9.671818e-02 : 3.999994e+00 3.827239e-01 3.617271e+00
89000 430405/4450000 22 9.672022e-02 : 3.999994e+00 3.826852e-01 3.617309e+00
90000 435210/4500000 22 9.671333e-02 : 3.999994e+00 3.826493e-01 3.617345e+00
91000 440105/4550000 22 9.672637e-02 : 3.999994e+00 3.827239e-01 3.617271e+00
92000 444798/4600000 22 9.669522e-02 : 3.999994e+00 3.826844e-01 3.617310e+00
93000 449593/4650000 22 9.668667e-02 : 3.999995e+00 3.826460e-01 3.617349e+00
94000 454510/4700000 22 9.670426e-02 : 3.999995e+00 3.826509e-01 3.617344e+00
95000 459413/4750000 22 9.671853e-02 : 3.999995e+00 3.826751e-01 3.617320e+00
96000 464196/4800000 22 9.670750e-02 : 3.999995e+00 3.825881e-01 3.617407e+00
97000 469064/4850000 22 9.671423e-02 : 3.999995e+00 3.825919e-01 3.617403e+00
98000 473800/4900000 22 9.669388e-02 : 3.999995e+00 3.824857e-01 3.617510e+00
99000 478621/4950000 22 9.669111e-02 : 3.999996e+00 3.824333e-01 3.617562e+00
100000 483409/5000000 22 9.668180e-02 : 3.999996e+00 3.824353e-01 3.617560e+00
# InnerCodebook: deleted
# ChannelMatrix: deleted
# IDSchannel: deleted
# SLFBAdec: deleted
# ChannelMatrix: deleted
