# InnerCodebook: input ICB/ex03//cb.txt
# InnerCodebook: Nu=6 Nu2p=64 numCW=14 FlgUnique=1 FlgInvertible=1 FlgBalanced=1
# InnerCodebook: Rho=3 (ell,Delta)=(10,2) L0=2
# InnerCodebook: Rst01=3 Rst10=10
# CW
# 000:001011 (2,L2,R2) WL:0 0 1 1 2 3  WR:3 3 3 2 2 1  
# 001:001101 (2,L2,R1) WL:0 0 1 2 2 3  WR:3 3 3 2 1 1  
# 002:010011 (2,L1,R2) WL:0 1 1 1 2 3  WR:3 3 2 2 2 1  
# 003:010101 (1,L1,R1) WL:0 1 1 2 2 3  WR:3 3 2 2 1 1  
# 004:010110 (2,L1,R1) WL:0 1 1 2 3 3  WR:3 3 2 2 1 0  
# 005:011001 (2,L1,R1) WL:0 1 2 2 2 3  WR:3 3 2 1 1 1  
# 006:011010 (2,L1,R1) WL:0 1 2 2 3 3  WR:3 3 2 1 1 0  
# 007:100101 (2,L1,R1) WL:1 1 1 2 2 3  WR:3 2 2 2 1 1  
# 008:100110 (2,L1,R1) WL:1 1 1 2 3 3  WR:3 2 2 2 1 0  
# 009:101001 (2,L1,R1) WL:1 1 2 2 2 3  WR:3 2 2 1 1 1  
# 010:101010 (1,L1,R1) WL:1 1 2 2 3 3  WR:3 2 2 1 1 0  
# 011:101100 (2,L1,R2) WL:1 1 2 3 3 3  WR:3 2 2 1 0 0  
# 012:110010 (2,L2,R1) WL:1 2 2 2 3 3  WR:3 2 1 1 1 0  
# 013:110100 (2,L2,R2) WL:1 2 2 3 3 3  WR:3 2 1 1 0 0  
# CWL
# 000B:1 000D:1 0013:1 0015:1 0016:1 0019:1 001A:1 0025:1 0026:1 0029:1 
# 002A:1 002C:1 0032:1 0034:1 
# CWI
# 000B:000 000D:001 0013:002 0015:003 0016:004 0019:005 001A:006 0025:007 0026:008 0029:009 
# 002A:010 002C:011 0032:012 0034:013 
# Q=14 N=50 Nu=6 Nb=300 (Pi,Pd,Ps)=(9.000000e-03,9.000000e-03,9.000000e-03) [0]
# ICB:   ICB/ex03//cb.txt
# Const: ICB/ex03//constraint.txt
# EncCM: ICB/ex03//EncCM.bin
# ChannelMatrix: ICB/ex03//EncCM.bin (14x14)
# IDSchannel: N=300 (Pi,Pd,Ps)=(9.000000e-03,9.000000e-03,9.000000e-03) (Dmin,Dmax)=(-6,6)
# SLFBAdec: Ns=50 (Nu;Nu2min,Nu2max)=(6(64);3,9) Nb=300 Q=14
# SLFBAdec: (Pi,Pd,Ps,Pt)=(9.000000e-03,9.000000e-03,9.000000e-03,9.820000e-01) (Dmin,Dmax:Drng)=(-6,6:13)
# SLFBAdec: generating GD & GX
# SLFBAdec: generating factor graph
# ChannelMatrix: M=14 N=2744
1000 10309/50000 32 2.061800e-01 : 3.807141e+00 9.109894e-01 2.896152e+00
2000 20571/100000 34 2.057100e-01 : 3.807242e+00 9.406481e-01 2.866594e+00
3000 30559/150000 36 2.037267e-01 : 3.807249e+00 9.503642e-01 2.856885e+00
4000 40957/200000 38 2.047850e-01 : 3.807281e+00 9.624680e-01 2.844813e+00
5000 51215/250000 38 2.048600e-01 : 3.807308e+00 9.677423e-01 2.839565e+00
6000 61424/300000 41 2.047467e-01 : 3.807310e+00 9.704603e-01 2.836850e+00
7000 71517/350000 41 2.043343e-01 : 3.807317e+00 9.729071e-01 2.834410e+00
8000 81646/400000 41 2.041150e-01 : 3.807325e+00 9.750112e-01 2.832313e+00
9000 91958/450000 41 2.043511e-01 : 3.807320e+00 9.770467e-01 2.830273e+00
10000 102154/500000 41 2.043080e-01 : 3.807325e+00 9.784054e-01 2.828920e+00
11000 112193/550000 41 2.039873e-01 : 3.807331e+00 9.788463e-01 2.828485e+00
12000 122353/600000 43 2.039217e-01 : 3.807340e+00 9.792200e-01 2.828120e+00
13000 132631/650000 43 2.040477e-01 : 3.807341e+00 9.808605e-01 2.826480e+00
14000 142708/700000 43 2.038686e-01 : 3.807337e+00 9.812305e-01 2.826107e+00
15000 152982/750000 43 2.039760e-01 : 3.807338e+00 9.824967e-01 2.824841e+00
16000 163409/800000 43 2.042613e-01 : 3.807337e+00 9.844199e-01 2.822918e+00
17000 173631/850000 43 2.042718e-01 : 3.807339e+00 9.852117e-01 2.822127e+00
18000 183738/900000 43 2.041533e-01 : 3.807341e+00 9.852902e-01 2.822051e+00
19000 194050/950000 43 2.042632e-01 : 3.807343e+00 9.860062e-01 2.821336e+00
20000 204088/1000000 43 2.040880e-01 : 3.807347e+00 9.855714e-01 2.821775e+00
21000 214425/1050000 43 2.042143e-01 : 3.807348e+00 9.865394e-01 2.820808e+00
22000 224643/1100000 43 2.042209e-01 : 3.807347e+00 9.866891e-01 2.820658e+00
23000 234836/1150000 43 2.042052e-01 : 3.807348e+00 9.874237e-01 2.819924e+00
24000 245164/1200000 43 2.043033e-01 : 3.807349e+00 9.883790e-01 2.818970e+00
25000 255535/1250000 44 2.044280e-01 : 3.807349e+00 9.891170e-01 2.818232e+00
26000 265693/1300000 44 2.043792e-01 : 3.807349e+00 9.888920e-01 2.818457e+00
27000 275914/1350000 44 2.043807e-01 : 3.807348e+00 9.894080e-01 2.817940e+00
28000 286130/1400000 44 2.043786e-01 : 3.807348e+00 9.897190e-01 2.817629e+00
29000 296297/1450000 44 2.043428e-01 : 3.807349e+00 9.896623e-01 2.817686e+00
30000 306659/1500000 44 2.044393e-01 : 3.807348e+00 9.900882e-01 2.817260e+00
31000 316675/1550000 44 2.043065e-01 : 3.807348e+00 9.898239e-01 2.817524e+00
32000 326946/1600000 44 2.043413e-01 : 3.807348e+00 9.899355e-01 2.817412e+00
33000 337390/1650000 44 2.044788e-01 : 3.807348e+00 9.904647e-01 2.816883e+00
34000 347778/1700000 44 2.045753e-01 : 3.807349e+00 9.910631e-01 2.816285e+00
35000 357926/1750000 44 2.045291e-01 : 3.807348e+00 9.909061e-01 2.816442e+00
36000 368195/1800000 44 2.045528e-01 : 3.807349e+00 9.912300e-01 2.816119e+00
37000 378373/1850000 44 2.045259e-01 : 3.807349e+00 9.915201e-01 2.815829e+00
38000 388453/1900000 44 2.044489e-01 : 3.807349e+00 9.911061e-01 2.816243e+00
39000 398867/1950000 44 2.045472e-01 : 3.807349e+00 9.917222e-01 2.815627e+00
40000 408961/2000000 44 2.044805e-01 : 3.807350e+00 9.917964e-01 2.815553e+00
41000 419220/2050000 44 2.044976e-01 : 3.807349e+00 9.919858e-01 2.815364e+00
42000 429283/2100000 44 2.044205e-01 : 3.807349e+00 9.917698e-01 2.815579e+00
43000 439532/2150000 44 2.044335e-01 : 3.807350e+00 9.920646e-01 2.815285e+00
44000 449855/2200000 44 2.044795e-01 : 3.807349e+00 9.922707e-01 2.815078e+00
45000 460004/2250000 44 2.044462e-01 : 3.807349e+00 9.921590e-01 2.815190e+00
46000 470084/2300000 44 2.043843e-01 : 3.807349e+00 9.920750e-01 2.815274e+00
47000 480370/2350000 44 2.044128e-01 : 3.807349e+00 9.922819e-01 2.815067e+00
48000 490578/2400000 44 2.044075e-01 : 3.807349e+00 9.923874e-01 2.814962e+00
49000 500839/2450000 44 2.044241e-01 : 3.807349e+00 9.926270e-01 2.814722e+00
50000 511273/2500000 44 2.045092e-01 : 3.807349e+00 9.929437e-01 2.814406e+00
51000 521699/2550000 46 2.045878e-01 : 3.807349e+00 9.935073e-01 2.813842e+00
52000 531900/2600000 46 2.045769e-01 : 3.807349e+00 9.934444e-01 2.813904e+00
53000 541761/2650000 46 2.044381e-01 : 3.807349e+00 9.930315e-01 2.814318e+00
54000 551850/2700000 46 2.043889e-01 : 3.807349e+00 9.927577e-01 2.814592e+00
55000 562221/2750000 46 2.044440e-01 : 3.807350e+00 9.930110e-01 2.814339e+00
56000 572152/2800000 46 2.043400e-01 : 3.807350e+00 9.924645e-01 2.814885e+00
57000 582489/2850000 46 2.043821e-01 : 3.807350e+00 9.926623e-01 2.814688e+00
58000 592539/2900000 46 2.043238e-01 : 3.807351e+00 9.925359e-01 2.814815e+00
59000 602644/2950000 46 2.042861e-01 : 3.807351e+00 9.924000e-01 2.814951e+00
60000 612609/3000000 46 2.042030e-01 : 3.807351e+00 9.921389e-01 2.815213e+00
61000 622858/3050000 46 2.042157e-01 : 3.807352e+00 9.921319e-01 2.815220e+00
62000 632965/3100000 46 2.041823e-01 : 3.807352e+00 9.921706e-01 2.815181e+00
63000 643039/3150000 46 2.041394e-01 : 3.807352e+00 9.919914e-01 2.815360e+00
64000 653389/3200000 46 2.041841e-01 : 3.807352e+00 9.922614e-01 2.815090e+00
65000 663470/3250000 46 2.041446e-01 : 3.807352e+00 9.919437e-01 2.815408e+00
66000 673600/3300000 46 2.041212e-01 : 3.807352e+00 9.917666e-01 2.815586e+00
67000 683649/3350000 46 2.040743e-01 : 3.807353e+00 9.916233e-01 2.815730e+00
68000 694012/3400000 46 2.041212e-01 : 3.807353e+00 9.918570e-01 2.815496e+00
69000 704351/3450000 46 2.041597e-01 : 3.807353e+00 9.920411e-01 2.815312e+00
70000 714586/3500000 46 2.041674e-01 : 3.807353e+00 9.920816e-01 2.815271e+00
71000 724864/3550000 46 2.041870e-01 : 3.807353e+00 9.922319e-01 2.815121e+00
72000 735091/3600000 46 2.041919e-01 : 3.807353e+00 9.924536e-01 2.814899e+00
73000 744860/3650000 46 2.040712e-01 : 3.807353e+00 9.921673e-01 2.815185e+00
74000 755141/3700000 46 2.040922e-01 : 3.807353e+00 9.925542e-01 2.814799e+00
75000 765368/3750000 46 2.040981e-01 : 3.807353e+00 9.926155e-01 2.814737e+00
76000 775922/3800000 46 2.041900e-01 : 3.807353e+00 9.931293e-01 2.814224e+00
77000 786374/3850000 46 2.042530e-01 : 3.807353e+00 9.934593e-01 2.813894e+00
78000 796579/3900000 46 2.042510e-01 : 3.807353e+00 9.935406e-01 2.813812e+00
79000 807029/3950000 46 2.043111e-01 : 3.807353e+00 9.938638e-01 2.813489e+00
80000 817255/4000000 46 2.043137e-01 : 3.807353e+00 9.939897e-01 2.813363e+00
81000 827541/4050000 46 2.043311e-01 : 3.807353e+00 9.941874e-01 2.813166e+00
82000 837605/4100000 46 2.042939e-01 : 3.807353e+00 9.939513e-01 2.813402e+00
83000 847675/4150000 46 2.042590e-01 : 3.807353e+00 9.937691e-01 2.813584e+00
84000 858033/4200000 46 2.042936e-01 : 3.807354e+00 9.938738e-01 2.813480e+00
85000 868083/4250000 46 2.042548e-01 : 3.807353e+00 9.936809e-01 2.813672e+00
86000 878455/4300000 46 2.042919e-01 : 3.807353e+00 9.938774e-01 2.813476e+00
87000 888665/4350000 46 2.042908e-01 : 3.807354e+00 9.939367e-01 2.813417e+00
88000 898899/4400000 46 2.042952e-01 : 3.807353e+00 9.939852e-01 2.813368e+00
89000 909177/4450000 46 2.043094e-01 : 3.807353e+00 9.940736e-01 2.813280e+00
90000 919433/4500000 46 2.043184e-01 : 3.807353e+00 9.940768e-01 2.813277e+00
91000 929601/4550000 46 2.043079e-01 : 3.807353e+00 9.940245e-01 2.813329e+00
92000 939798/4600000 46 2.043039e-01 : 3.807353e+00 9.940278e-01 2.813325e+00
93000 949948/4650000 46 2.042899e-01 : 3.807353e+00 9.939610e-01 2.813392e+00
94000 960335/4700000 46 2.043266e-01 : 3.807353e+00 9.940730e-01 2.813280e+00
95000 970617/4750000 46 2.043404e-01 : 3.807353e+00 9.942161e-01 2.813137e+00
96000 980676/4800000 46 2.043075e-01 : 3.807353e+00 9.941154e-01 2.813237e+00
97000 990916/4850000 46 2.043126e-01 : 3.807352e+00 9.940907e-01 2.813262e+00
98000 1001176/4900000 46 2.043216e-01 : 3.807353e+00 9.942260e-01 2.813127e+00
99000 1011248/4950000 46 2.042925e-01 : 3.807353e+00 9.940220e-01 2.813331e+00
100000 1021303/5000000 46 2.042606e-01 : 3.807353e+00 9.939437e-01 2.813409e+00
# InnerCodebook: deleted
# ChannelMatrix: deleted
# IDSchannel: deleted
# SLFBAdec: deleted
# ChannelMatrix: deleted
