# InnerCodebook: input ICB/ex03//cb.txt
# InnerCodebook: Nu=6 Nu2p=64 numCW=14 FlgUnique=1 FlgInvertible=1 FlgBalanced=1
# InnerCodebook: Rho=3 (ell,Delta)=(10,2) L0=2
# InnerCodebook: Rst01=3 Rst10=10
# CW
# 000:001011 (2,L2,R2) WL:0 0 1 1 2 3  WR:3 3 3 2 2 1  
# 001:001101 (2,L2,R1) WL:0 0 1 2 2 3  WR:3 3 3 2 1 1  
# 002:010011 (2,L1,R2) WL:0 1 1 1 2 3  WR:3 3 2 2 2 1  
# 003:010101 (1,L1,R1) WL:0 1 1 2 2 3  WR:3 3 2 2 1 1  
# 004:010110 (2,L1,R1) WL:0 1 1 2 3 3  WR:3 3 2 2 1 0  
# 005:011001 (2,L1,R1) WL:0 1 2 2 2 3  WR:3 3 2 1 1 1  
# 006:011010 (2,L1,R1) WL:0 1 2 2 3 3  WR:3 3 2 1 1 0  
# 007:100101 (2,L1,R1) WL:1 1 1 2 2 3  WR:3 2 2 2 1 1  
# 008:100110 (2,L1,R1) WL:1 1 1 2 3 3  WR:3 2 2 2 1 0  
# 009:101001 (2,L1,R1) WL:1 1 2 2 2 3  WR:3 2 2 1 1 1  
# 010:101010 (1,L1,R1) WL:1 1 2 2 3 3  WR:3 2 2 1 1 0  
# 011:101100 (2,L1,R2) WL:1 1 2 3 3 3  WR:3 2 2 1 0 0  
# 012:110010 (2,L2,R1) WL:1 2 2 2 3 3  WR:3 2 1 1 1 0  
# 013:110100 (2,L2,R2) WL:1 2 2 3 3 3  WR:3 2 1 1 0 0  
# CWL
# 000B:1 000D:1 0013:1 0015:1 0016:1 0019:1 001A:1 0025:1 0026:1 0029:1 
# 002A:1 002C:1 0032:1 0034:1 
# CWI
# 000B:000 000D:001 0013:002 0015:003 0016:004 0019:005 001A:006 0025:007 0026:008 0029:009 
# 002A:010 002C:011 0032:012 0034:013 
# Q=14 N=50 Nu=6 Nb=300 (Pi,Pd,Ps)=(3.000000e-03,3.000000e-03,3.000000e-03) [0]
# ICB:   ICB/ex03//cb.txt
# Const: ICB/ex03//constraint.txt
# EncCM: ICB/ex03//EncCM.bin
# ChannelMatrix: ICB/ex03//EncCM.bin (14x14)
# IDSchannel: N=300 (Pi,Pd,Ps)=(3.000000e-03,3.000000e-03,3.000000e-03) (Dmin,Dmax)=(-2,2)
# SLFBAdec: Ns=50 (Nu;Nu2min,Nu2max)=(6(64);3,9) Nb=300 Q=14
# SLFBAdec: (Pi,Pd,Ps,Pt)=(3.000000e-03,3.000000e-03,3.000000e-03,9.940000e-01) (Dmin,Dmax:Drng)=(-2,2:5)
# SLFBAdec: generating GD & GX
# SLFBAdec: generating factor graph
# ChannelMatrix: M=14 N=2744
1000 5615/50000 21 1.123000e-01 : 3.807042e+00 4.619894e-01 3.345053e+00
2000 11098/100000 21 1.109800e-01 : 3.807237e+00 4.718764e-01 3.335360e+00
3000 16691/150000 21 1.112733e-01 : 3.807285e+00 4.769059e-01 3.330379e+00
4000 22303/200000 21 1.115150e-01 : 3.807311e+00 4.807501e-01 3.326561e+00
5000 27912/250000 21 1.116480e-01 : 3.807322e+00 4.828534e-01 3.324469e+00
6000 33453/300000 21 1.115100e-01 : 3.807325e+00 4.834356e-01 3.323889e+00
7000 38900/350000 21 1.111429e-01 : 3.807329e+00 4.823793e-01 3.324949e+00
8000 44392/400000 21 1.109800e-01 : 3.807326e+00 4.823405e-01 3.324986e+00
9000 49970/450000 21 1.110444e-01 : 3.807324e+00 4.825492e-01 3.324775e+00
10000 55432/500000 21 1.108640e-01 : 3.807326e+00 4.819795e-01 3.325347e+00
11000 60855/550000 21 1.106455e-01 : 3.807331e+00 4.814439e-01 3.325887e+00
12000 66486/600000 21 1.108100e-01 : 3.807329e+00 4.813239e-01 3.326005e+00
13000 71903/650000 22 1.106200e-01 : 3.807333e+00 4.811889e-01 3.326144e+00
14000 77401/700000 22 1.105729e-01 : 3.807336e+00 4.812887e-01 3.326048e+00
15000 82960/750000 22 1.106133e-01 : 3.807340e+00 4.815626e-01 3.325777e+00
16000 88503/800000 22 1.106287e-01 : 3.807342e+00 4.821069e-01 3.325235e+00
17000 93917/850000 22 1.104906e-01 : 3.807340e+00 4.815347e-01 3.325805e+00
18000 99428/900000 22 1.104756e-01 : 3.807341e+00 4.818857e-01 3.325455e+00
19000 104857/950000 22 1.103758e-01 : 3.807343e+00 4.817597e-01 3.325583e+00
20000 110331/1000000 31 1.103310e-01 : 3.807342e+00 4.820225e-01 3.325320e+00
21000 115795/1050000 31 1.102810e-01 : 3.807344e+00 4.816385e-01 3.325706e+00
22000 121412/1100000 31 1.103745e-01 : 3.807346e+00 4.820046e-01 3.325341e+00
23000 126907/1150000 31 1.103539e-01 : 3.807346e+00 4.820070e-01 3.325339e+00
24000 132478/1200000 31 1.103983e-01 : 3.807347e+00 4.821757e-01 3.325172e+00
25000 138059/1250000 31 1.104472e-01 : 3.807348e+00 4.825613e-01 3.324787e+00
26000 143767/1300000 31 1.105900e-01 : 3.807349e+00 4.831106e-01 3.324239e+00
27000 149451/1350000 31 1.107044e-01 : 3.807350e+00 4.834287e-01 3.323922e+00
28000 154983/1400000 31 1.107021e-01 : 3.807350e+00 4.835512e-01 3.323799e+00
29000 160563/1450000 31 1.107331e-01 : 3.807349e+00 4.836906e-01 3.323659e+00
30000 166099/1500000 31 1.107327e-01 : 3.807351e+00 4.838212e-01 3.323529e+00
31000 171626/1550000 31 1.107265e-01 : 3.807351e+00 4.837641e-01 3.323587e+00
32000 177197/1600000 31 1.107481e-01 : 3.807351e+00 4.838247e-01 3.323526e+00
33000 182757/1650000 31 1.107618e-01 : 3.807351e+00 4.838764e-01 3.323474e+00
34000 188241/1700000 31 1.107300e-01 : 3.807350e+00 4.839759e-01 3.323375e+00
35000 193755/1750000 31 1.107171e-01 : 3.807351e+00 4.838964e-01 3.323454e+00
36000 199242/1800000 31 1.106900e-01 : 3.807351e+00 4.837824e-01 3.323569e+00
37000 204916/1850000 31 1.107654e-01 : 3.807352e+00 4.840729e-01 3.323279e+00
38000 210463/1900000 31 1.107700e-01 : 3.807352e+00 4.841968e-01 3.323155e+00
39000 215880/1950000 31 1.107077e-01 : 3.807352e+00 4.840433e-01 3.323309e+00
40000 221341/2000000 31 1.106705e-01 : 3.807353e+00 4.839287e-01 3.323424e+00
41000 226855/2050000 31 1.106610e-01 : 3.807353e+00 4.839015e-01 3.323452e+00
42000 232494/2100000 31 1.107114e-01 : 3.807353e+00 4.841146e-01 3.323238e+00
43000 238140/2150000 31 1.107628e-01 : 3.807353e+00 4.844316e-01 3.322921e+00
44000 243734/2200000 31 1.107882e-01 : 3.807353e+00 4.846138e-01 3.322739e+00
45000 249281/2250000 31 1.107916e-01 : 3.807353e+00 4.845599e-01 3.322793e+00
46000 254803/2300000 31 1.107839e-01 : 3.807353e+00 4.844693e-01 3.322883e+00
47000 260390/2350000 31 1.108043e-01 : 3.807352e+00 4.844943e-01 3.322858e+00
48000 265888/2400000 31 1.107867e-01 : 3.807352e+00 4.846312e-01 3.322721e+00
49000 271241/2450000 31 1.107106e-01 : 3.807352e+00 4.844369e-01 3.322916e+00
50000 276653/2500000 31 1.106612e-01 : 3.807352e+00 4.843322e-01 3.323020e+00
51000 282254/2550000 31 1.106878e-01 : 3.807353e+00 4.844203e-01 3.322932e+00
52000 287706/2600000 31 1.106562e-01 : 3.807353e+00 4.842386e-01 3.323114e+00
53000 293085/2650000 31 1.105981e-01 : 3.807353e+00 4.840675e-01 3.323285e+00
54000 298685/2700000 31 1.106241e-01 : 3.807353e+00 4.842110e-01 3.323142e+00
55000 304186/2750000 31 1.106131e-01 : 3.807353e+00 4.841924e-01 3.323160e+00
56000 309740/2800000 31 1.106214e-01 : 3.807353e+00 4.841297e-01 3.323223e+00
57000 315292/2850000 31 1.106288e-01 : 3.807352e+00 4.841864e-01 3.323166e+00
58000 320888/2900000 31 1.106510e-01 : 3.807352e+00 4.843326e-01 3.323020e+00
59000 326411/2950000 31 1.106478e-01 : 3.807353e+00 4.844522e-01 3.322900e+00
60000 331923/3000000 31 1.106410e-01 : 3.807352e+00 4.843963e-01 3.322956e+00
61000 337386/3050000 31 1.106184e-01 : 3.807353e+00 4.844159e-01 3.322937e+00
62000 342941/3100000 31 1.106261e-01 : 3.807353e+00 4.845791e-01 3.322774e+00
63000 348526/3150000 31 1.106432e-01 : 3.807353e+00 4.846070e-01 3.322746e+00
64000 354026/3200000 31 1.106331e-01 : 3.807353e+00 4.846127e-01 3.322740e+00
65000 359502/3250000 31 1.106160e-01 : 3.807353e+00 4.845131e-01 3.322840e+00
66000 364951/3300000 31 1.105912e-01 : 3.807353e+00 4.843512e-01 3.323001e+00
67000 370458/3350000 31 1.105845e-01 : 3.807353e+00 4.843516e-01 3.323001e+00
68000 375967/3400000 31 1.105785e-01 : 3.807353e+00 4.843529e-01 3.323000e+00
69000 381435/3450000 31 1.105609e-01 : 3.807353e+00 4.842522e-01 3.323101e+00
70000 386919/3500000 31 1.105483e-01 : 3.807353e+00 4.843149e-01 3.323038e+00
71000 392555/3550000 31 1.105789e-01 : 3.807353e+00 4.845029e-01 3.322850e+00
72000 397944/3600000 31 1.105400e-01 : 3.807353e+00 4.844382e-01 3.322915e+00
73000 403509/3650000 31 1.105504e-01 : 3.807353e+00 4.844430e-01 3.322910e+00
74000 409023/3700000 31 1.105468e-01 : 3.807352e+00 4.844785e-01 3.322874e+00
75000 414575/3750000 31 1.105533e-01 : 3.807353e+00 4.844869e-01 3.322866e+00
76000 420200/3800000 31 1.105789e-01 : 3.807353e+00 4.845870e-01 3.322765e+00
77000 425821/3850000 31 1.106029e-01 : 3.807353e+00 4.846371e-01 3.322715e+00
78000 431472/3900000 31 1.106338e-01 : 3.807353e+00 4.847175e-01 3.322635e+00
79000 437129/3950000 31 1.106656e-01 : 3.807353e+00 4.848589e-01 3.322494e+00
80000 442699/4000000 31 1.106748e-01 : 3.807353e+00 4.849380e-01 3.322415e+00
81000 448262/4050000 31 1.106820e-01 : 3.807353e+00 4.849117e-01 3.322441e+00
82000 453762/4100000 31 1.106737e-01 : 3.807353e+00 4.848404e-01 3.322513e+00
83000 459368/4150000 31 1.106911e-01 : 3.807353e+00 4.848950e-01 3.322458e+00
84000 465013/4200000 31 1.107174e-01 : 3.807353e+00 4.849500e-01 3.322403e+00
85000 470606/4250000 31 1.107308e-01 : 3.807353e+00 4.850268e-01 3.322326e+00
86000 476103/4300000 31 1.107216e-01 : 3.807353e+00 4.850428e-01 3.322310e+00
87000 481615/4350000 31 1.107161e-01 : 3.807353e+00 4.850217e-01 3.322332e+00
88000 487005/4400000 31 1.106830e-01 : 3.807353e+00 4.848918e-01 3.322462e+00
89000 492547/4450000 31 1.106847e-01 : 3.807354e+00 4.849281e-01 3.322426e+00
90000 497966/4500000 31 1.106591e-01 : 3.807354e+00 4.847876e-01 3.322566e+00
91000 503322/4550000 31 1.106202e-01 : 3.807354e+00 4.847581e-01 3.322596e+00
92000 508920/4600000 31 1.106348e-01 : 3.807354e+00 4.848023e-01 3.322551e+00
93000 514408/4650000 31 1.106254e-01 : 3.807354e+00 4.847830e-01 3.322571e+00
94000 520036/4700000 31 1.106460e-01 : 3.807354e+00 4.848718e-01 3.322482e+00
95000 525527/4750000 31 1.106373e-01 : 3.807354e+00 4.848659e-01 3.322488e+00
96000 531075/4800000 31 1.106406e-01 : 3.807354e+00 4.848867e-01 3.322467e+00
97000 536619/4850000 31 1.106431e-01 : 3.807354e+00 4.848706e-01 3.322483e+00
98000 542056/4900000 31 1.106237e-01 : 3.807354e+00 4.847927e-01 3.322561e+00
99000 547621/4950000 31 1.106305e-01 : 3.807354e+00 4.848262e-01 3.322528e+00
100000 553205/5000000 31 1.106410e-01 : 3.807354e+00 4.848653e-01 3.322489e+00
# InnerCodebook: deleted
# ChannelMatrix: deleted
# IDSchannel: deleted
# SLFBAdec: deleted
# ChannelMatrix: deleted
