# InnerCodebook: input ICB/ex01//cb.txt
# InnerCodebook: Nu=6 Nu2p=64 numCW=18 FlgUnique=1 FlgInvertible=1 FlgBalanced=1
# InnerCodebook: Rho=3 (ell,Delta)=(10,2) L0=2
# InnerCodebook: Rst01=4 Rst10=13
# CW
# 000:001011 (2,L2,R2) WL:0 0 1 1 2 3  WR:3 3 3 2 2 1  
# 001:001101 (2,L2,R1) WL:0 0 1 2 2 3  WR:3 3 3 2 1 1  
# 002:001110 (3,L2,R1) WL:0 0 1 2 3 3  WR:3 3 3 2 1 0  
# 003:010011 (2,L1,R2) WL:0 1 1 1 2 3  WR:3 3 2 2 2 1  
# 004:010101 (1,L1,R1) WL:0 1 1 2 2 3  WR:3 3 2 2 1 1  
# 005:010110 (2,L1,R1) WL:0 1 1 2 3 3  WR:3 3 2 2 1 0  
# 006:011001 (2,L1,R1) WL:0 1 2 2 2 3  WR:3 3 2 1 1 1  
# 007:011010 (2,L1,R1) WL:0 1 2 2 3 3  WR:3 3 2 1 1 0  
# 008:011100 (3,L1,R2) WL:0 1 2 3 3 3  WR:3 3 2 1 0 0  
# 009:100011 (3,L1,R2) WL:1 1 1 1 2 3  WR:3 2 2 2 2 1  
# 010:100101 (2,L1,R1) WL:1 1 1 2 2 3  WR:3 2 2 2 1 1  
# 011:100110 (2,L1,R1) WL:1 1 1 2 3 3  WR:3 2 2 2 1 0  
# 012:101001 (2,L1,R1) WL:1 1 2 2 2 3  WR:3 2 2 1 1 1  
# 013:101010 (1,L1,R1) WL:1 1 2 2 3 3  WR:3 2 2 1 1 0  
# 014:101100 (2,L1,R2) WL:1 1 2 3 3 3  WR:3 2 2 1 0 0  
# 015:110001 (3,L2,R1) WL:1 2 2 2 2 3  WR:3 2 1 1 1 1  
# 016:110010 (2,L2,R1) WL:1 2 2 2 3 3  WR:3 2 1 1 1 0  
# 017:110100 (2,L2,R2) WL:1 2 2 3 3 3  WR:3 2 1 1 0 0  
# CWL
# 000B:1 000D:1 000E:1 0013:1 0015:1 0016:1 0019:1 001A:1 001C:1 0023:1 
# 0025:1 0026:1 0029:1 002A:1 002C:1 0031:1 0032:1 0034:1 
# CWI
# 000B:000 000D:001 000E:002 0013:003 0015:004 0016:005 0019:006 001A:007 001C:008 0023:009 
# 0025:010 0026:011 0029:012 002A:013 002C:014 0031:015 0032:016 0034:017 
# Q=18 N=50 Nu=6 Nb=300 (Pi,Pd,Ps)=(3.000000e-03,3.000000e-03,0.000000e+00) [0]
# ICB:   ICB/ex01//cb.txt
# Const: ICB/ex01//constraint.txt
# EncCM: ICB/ex01//EncCM.bin
# ChannelMatrix: ICB/ex01//EncCM.bin (18x18)
# IDSchannel: N=300 (Pi,Pd,Ps)=(3.000000e-03,3.000000e-03,0.000000e+00) (Dmin,Dmax)=(-2,2)
# SLFBAdec: Ns=50 (Nu;Nu2min,Nu2max)=(6(64);3,9) Nb=300 Q=18
# SLFBAdec: (Pi,Pd,Ps,Pt)=(3.000000e-03,3.000000e-03,0.000000e+00,9.940000e-01) (Dmin,Dmax:Drng)=(-2,2:5)
# SLFBAdec: generating GD & GX
# SLFBAdec: generating factor graph
# ChannelMatrix: M=18 N=5832
1000 4446/50000 18 8.892000e-02 : 4.045998e+00 3.803790e-01 3.665619e+00
2000 8769/100000 21 8.769000e-02 : 4.047033e+00 3.873068e-01 3.659727e+00
3000 13159/150000 21 8.772667e-02 : 4.046502e+00 3.901656e-01 3.656337e+00
4000 17487/200000 23 8.743500e-02 : 4.046354e+00 3.923541e-01 3.654000e+00
5000 21828/250000 23 8.731200e-02 : 4.046128e+00 3.940352e-01 3.652092e+00
6000 26047/300000 23 8.682333e-02 : 4.046459e+00 3.938269e-01 3.652632e+00
7000 30206/350000 23 8.630286e-02 : 4.046608e+00 3.926540e-01 3.653954e+00
8000 34559/400000 23 8.639750e-02 : 4.046502e+00 3.932156e-01 3.653286e+00
9000 38947/450000 23 8.654889e-02 : 4.046416e+00 3.936435e-01 3.652773e+00
10000 43309/500000 23 8.661800e-02 : 4.046530e+00 3.939333e-01 3.652596e+00
11000 47560/550000 23 8.647273e-02 : 4.046673e+00 3.938043e-01 3.652868e+00
12000 51757/600000 23 8.626167e-02 : 4.046497e+00 3.928034e-01 3.653694e+00
13000 56116/650000 23 8.633231e-02 : 4.046583e+00 3.930936e-01 3.653489e+00
14000 60390/700000 23 8.627143e-02 : 4.046343e+00 3.928583e-01 3.653485e+00
15000 64785/750000 23 8.638000e-02 : 4.046291e+00 3.934642e-01 3.652827e+00
16000 69222/800000 23 8.652750e-02 : 4.046286e+00 3.944685e-01 3.651818e+00
17000 73515/850000 23 8.648824e-02 : 4.046136e+00 3.942987e-01 3.651837e+00
18000 77859/900000 23 8.651000e-02 : 4.046159e+00 3.946831e-01 3.651476e+00
19000 82061/950000 24 8.638000e-02 : 4.046170e+00 3.941247e-01 3.652045e+00
20000 86324/1000000 24 8.632400e-02 : 4.046224e+00 3.939420e-01 3.652282e+00
21000 90657/1050000 24 8.634000e-02 : 4.046262e+00 3.942161e-01 3.652046e+00
22000 94905/1100000 24 8.627727e-02 : 4.046222e+00 3.941841e-01 3.652038e+00
23000 99278/1150000 24 8.632870e-02 : 4.046335e+00 3.945171e-01 3.651818e+00
24000 103637/1200000 24 8.636417e-02 : 4.046328e+00 3.946593e-01 3.651669e+00
25000 108096/1250000 24 8.647680e-02 : 4.046338e+00 3.953231e-01 3.651015e+00
26000 112478/1300000 24 8.652154e-02 : 4.046150e+00 3.957512e-01 3.650399e+00
27000 116826/1350000 24 8.653778e-02 : 4.046018e+00 3.959446e-01 3.650074e+00
28000 121098/1400000 24 8.649857e-02 : 4.045986e+00 3.958189e-01 3.650167e+00
29000 125477/1450000 25 8.653586e-02 : 4.045843e+00 3.960081e-01 3.649835e+00
30000 129688/1500000 25 8.645867e-02 : 4.045787e+00 3.958636e-01 3.649923e+00
31000 133954/1550000 25 8.642194e-02 : 4.045850e+00 3.958013e-01 3.650049e+00
32000 138312/1600000 25 8.644500e-02 : 4.045925e+00 3.959723e-01 3.649953e+00
33000 142599/1650000 25 8.642364e-02 : 4.045866e+00 3.959790e-01 3.649887e+00
34000 146917/1700000 25 8.642176e-02 : 4.045910e+00 3.961236e-01 3.649786e+00
35000 151177/1750000 25 8.638686e-02 : 4.045882e+00 3.957770e-01 3.650105e+00
36000 155520/1800000 25 8.640000e-02 : 4.045862e+00 3.958648e-01 3.649997e+00
37000 159784/1850000 25 8.636973e-02 : 4.045840e+00 3.959534e-01 3.649887e+00
38000 164118/1900000 25 8.637789e-02 : 4.045845e+00 3.961854e-01 3.649660e+00
39000 168434/1950000 25 8.637641e-02 : 4.045832e+00 3.962092e-01 3.649623e+00
40000 172881/2000000 25 8.644050e-02 : 4.045822e+00 3.964263e-01 3.649395e+00
41000 177166/2050000 25 8.642244e-02 : 4.045791e+00 3.964599e-01 3.649331e+00
42000 181554/2100000 25 8.645429e-02 : 4.045779e+00 3.967343e-01 3.649045e+00
43000 185863/2150000 25 8.644791e-02 : 4.045745e+00 3.968172e-01 3.648928e+00
44000 190294/2200000 25 8.649727e-02 : 4.045845e+00 3.970553e-01 3.648790e+00
45000 194696/2250000 25 8.653156e-02 : 4.045878e+00 3.972991e-01 3.648579e+00
46000 199034/2300000 25 8.653652e-02 : 4.045873e+00 3.973195e-01 3.648553e+00
47000 203289/2350000 25 8.650596e-02 : 4.045913e+00 3.972232e-01 3.648689e+00
48000 207654/2400000 25 8.652250e-02 : 4.045953e+00 3.973616e-01 3.648591e+00
49000 212042/2450000 25 8.654776e-02 : 4.046046e+00 3.975164e-01 3.648530e+00
50000 216274/2500000 25 8.650960e-02 : 4.045972e+00 3.975696e-01 3.648402e+00
51000 220539/2550000 25 8.648588e-02 : 4.046026e+00 3.975328e-01 3.648494e+00
52000 224868/2600000 25 8.648769e-02 : 4.045984e+00 3.975455e-01 3.648438e+00
53000 229271/2650000 25 8.651736e-02 : 4.046039e+00 3.975434e-01 3.648496e+00
54000 233586/2700000 25 8.651333e-02 : 4.046072e+00 3.976366e-01 3.648436e+00
55000 237877/2750000 25 8.650073e-02 : 4.046062e+00 3.976718e-01 3.648390e+00
56000 242080/2800000 25 8.645714e-02 : 4.046097e+00 3.974254e-01 3.648672e+00
57000 246393/2850000 25 8.645368e-02 : 4.046084e+00 3.973829e-01 3.648701e+00
58000 250707/2900000 25 8.645069e-02 : 4.046038e+00 3.974287e-01 3.648609e+00
59000 254971/2950000 25 8.643085e-02 : 4.045977e+00 3.974987e-01 3.648479e+00
60000 259331/3000000 25 8.644367e-02 : 4.045999e+00 3.975560e-01 3.648443e+00
61000 263776/3050000 25 8.648393e-02 : 4.045962e+00 3.977450e-01 3.648217e+00
62000 268195/3100000 25 8.651452e-02 : 4.045944e+00 3.978324e-01 3.648112e+00
63000 272365/3150000 25 8.646508e-02 : 4.045915e+00 3.977131e-01 3.648201e+00
64000 276682/3200000 25 8.646313e-02 : 4.045910e+00 3.976886e-01 3.648221e+00
65000 281006/3250000 25 8.646338e-02 : 4.045918e+00 3.976499e-01 3.648268e+00
66000 285290/3300000 25 8.645152e-02 : 4.045904e+00 3.976313e-01 3.648273e+00
67000 289531/3350000 25 8.642716e-02 : 4.045856e+00 3.975754e-01 3.648280e+00
68000 293870/3400000 25 8.643235e-02 : 4.045835e+00 3.975717e-01 3.648263e+00
69000 298135/3450000 25 8.641594e-02 : 4.045791e+00 3.974849e-01 3.648306e+00
70000 302538/3500000 25 8.643943e-02 : 4.045802e+00 3.975570e-01 3.648245e+00
71000 307012/3550000 25 8.648225e-02 : 4.045805e+00 3.978548e-01 3.647950e+00
72000 311287/3600000 25 8.646861e-02 : 4.045811e+00 3.978470e-01 3.647964e+00
73000 315577/3650000 30 8.645945e-02 : 4.045778e+00 3.977846e-01 3.647993e+00
74000 319898/3700000 30 8.645892e-02 : 4.045756e+00 3.977116e-01 3.648045e+00
75000 324258/3750000 30 8.646880e-02 : 4.045720e+00 3.977713e-01 3.647949e+00
76000 328583/3800000 30 8.646921e-02 : 4.045756e+00 3.978791e-01 3.647877e+00
77000 332935/3850000 30 8.647662e-02 : 4.045776e+00 3.978677e-01 3.647909e+00
78000 337148/3900000 30 8.644821e-02 : 4.045737e+00 3.976961e-01 3.648041e+00
79000 341417/3950000 30 8.643468e-02 : 4.045735e+00 3.977215e-01 3.648014e+00
80000 345877/4000000 30 8.646925e-02 : 4.045806e+00 3.979254e-01 3.647880e+00
81000 350190/4050000 30 8.646667e-02 : 4.045825e+00 3.979825e-01 3.647843e+00
82000 354387/4100000 30 8.643585e-02 : 4.045854e+00 3.979308e-01 3.647923e+00
83000 358706/4150000 30 8.643518e-02 : 4.045821e+00 3.980029e-01 3.647819e+00
84000 363050/4200000 30 8.644048e-02 : 4.045765e+00 3.979697e-01 3.647795e+00
85000 367391/4250000 30 8.644494e-02 : 4.045764e+00 3.980100e-01 3.647754e+00
86000 371737/4300000 30 8.645047e-02 : 4.045772e+00 3.980471e-01 3.647725e+00
87000 375946/4350000 30 8.642437e-02 : 4.045728e+00 3.979759e-01 3.647752e+00
88000 380285/4400000 30 8.642841e-02 : 4.045763e+00 3.979978e-01 3.647765e+00
89000 384746/4450000 30 8.645978e-02 : 4.045781e+00 3.980777e-01 3.647703e+00
90000 388978/4500000 30 8.643956e-02 : 4.045780e+00 3.980086e-01 3.647771e+00
91000 393240/4550000 30 8.642637e-02 : 4.045755e+00 3.979774e-01 3.647778e+00
92000 397558/4600000 30 8.642565e-02 : 4.045727e+00 3.980072e-01 3.647719e+00
93000 401717/4650000 30 8.639075e-02 : 4.045740e+00 3.979001e-01 3.647840e+00
94000 405954/4700000 30 8.637319e-02 : 4.045738e+00 3.978580e-01 3.647880e+00
95000 410333/4750000 30 8.638589e-02 : 4.045786e+00 3.979105e-01 3.647876e+00
96000 414601/4800000 30 8.637521e-02 : 4.045833e+00 3.978510e-01 3.647982e+00
97000 418977/4850000 30 8.638701e-02 : 4.045847e+00 3.978690e-01 3.647978e+00
98000 423325/4900000 30 8.639286e-02 : 4.045849e+00 3.979081e-01 3.647941e+00
99000 427631/4950000 30 8.639010e-02 : 4.045853e+00 3.978685e-01 3.647985e+00
100000 431970/5000000 30 8.639400e-02 : 4.045883e+00 3.979137e-01 3.647970e+00
=== 最終統計結果 ===
総シンボル数: 5000000 個
総エラー数: 431970 個
シンボルエラー率: 0.086394 (8.64%)
1ブロック内最大エラー数: 30 個
実行イテレーション数: 100000 回
1イテレーションあたりのシンボル数: 50 個
平均エラー数/イテレーション: 4.32 個
========================
# InnerCodebook: deleted
# ChannelMatrix: deleted
# IDSchannel: deleted
# SLFBAdec: deleted
# ChannelMatrix: deleted
