# InnerCodebook: input ICB/ex01//cb.txt
# InnerCodebook: Nu=6 Nu2p=64 numCW=18 FlgUnique=1 FlgInvertible=1 FlgBalanced=1
# InnerCodebook: Rho=3 (ell,Delta)=(10,2) L0=2
# InnerCodebook: Rst01=4 Rst10=13
# CW
# 000:001011 (2,L2,R2) WL:0 0 1 1 2 3  WR:3 3 3 2 2 1  
# 001:001101 (2,L2,R1) WL:0 0 1 2 2 3  WR:3 3 3 2 1 1  
# 002:001110 (3,L2,R1) WL:0 0 1 2 3 3  WR:3 3 3 2 1 0  
# 003:010011 (2,L1,R2) WL:0 1 1 1 2 3  WR:3 3 2 2 2 1  
# 004:010101 (1,L1,R1) WL:0 1 1 2 2 3  WR:3 3 2 2 1 1  
# 005:010110 (2,L1,R1) WL:0 1 1 2 3 3  WR:3 3 2 2 1 0  
# 006:011001 (2,L1,R1) WL:0 1 2 2 2 3  WR:3 3 2 1 1 1  
# 007:011010 (2,L1,R1) WL:0 1 2 2 3 3  WR:3 3 2 1 1 0  
# 008:011100 (3,L1,R2) WL:0 1 2 3 3 3  WR:3 3 2 1 0 0  
# 009:100011 (3,L1,R2) WL:1 1 1 1 2 3  WR:3 2 2 2 2 1  
# 010:100101 (2,L1,R1) WL:1 1 1 2 2 3  WR:3 2 2 2 1 1  
# 011:100110 (2,L1,R1) WL:1 1 1 2 3 3  WR:3 2 2 2 1 0  
# 012:101001 (2,L1,R1) WL:1 1 2 2 2 3  WR:3 2 2 1 1 1  
# 013:101010 (1,L1,R1) WL:1 1 2 2 3 3  WR:3 2 2 1 1 0  
# 014:101100 (2,L1,R2) WL:1 1 2 3 3 3  WR:3 2 2 1 0 0  
# 015:110001 (3,L2,R1) WL:1 2 2 2 2 3  WR:3 2 1 1 1 1  
# 016:110010 (2,L2,R1) WL:1 2 2 2 3 3  WR:3 2 1 1 1 0  
# 017:110100 (2,L2,R2) WL:1 2 2 3 3 3  WR:3 2 1 1 0 0  
# CWL
# 000B:1 000D:1 000E:1 0013:1 0015:1 0016:1 0019:1 001A:1 001C:1 0023:1 
# 0025:1 0026:1 0029:1 002A:1 002C:1 0031:1 0032:1 0034:1 
# CWI
# 000B:000 000D:001 000E:002 0013:003 0015:004 0016:005 0019:006 001A:007 001C:008 0023:009 
# 0025:010 0026:011 0029:012 002A:013 002C:014 0031:015 0032:016 0034:017 
# Q=18 N=50 Nu=6 Nb=300 (Pi,Pd,Ps)=(8.000000e-03,8.000000e-03,8.000000e-03) [0]
# ICB:   ICB/ex01//cb.txt
# Const: ICB/ex01//constraint.txt
# EncCM: ICB/ex01//EncCM.bin
# ChannelMatrix: ICB/ex01//EncCM.bin (18x18)
# IDSchannel: N=300 (Pi,Pd,Ps)=(8.000000e-03,8.000000e-03,8.000000e-03) (Dmin,Dmax)=(-5,5)
# SLFBAdec: Ns=50 (Nu;Nu2min,Nu2max)=(6(64);3,9) Nb=300 Q=18
# SLFBAdec: (Pi,Pd,Ps,Pt)=(8.000000e-03,8.000000e-03,8.000000e-03,9.840000e-01) (Dmin,Dmax:Drng)=(-5,5:11)
# SLFBAdec: generating GD & GX
# SLFBAdec: generating factor graph
# ChannelMatrix: M=18 N=5832
1000 9897/50000 46 1.979400e-01 : 4.047116e+00 8.722646e-01 3.174851e+00
2000 19632/100000 46 1.963200e-01 : 4.047950e+00 9.144497e-01 3.133501e+00
3000 29393/150000 46 1.959533e-01 : 4.047877e+00 9.276920e-01 3.120185e+00
4000 39139/200000 46 1.956950e-01 : 4.047020e+00 9.364558e-01 3.110564e+00
5000 49056/250000 46 1.962240e-01 : 4.046692e+00 9.451112e-01 3.101581e+00
6000 58677/300000 46 1.955900e-01 : 4.045917e+00 9.476129e-01 3.098304e+00
7000 68290/350000 46 1.951143e-01 : 4.046128e+00 9.480192e-01 3.098109e+00
8000 78193/400000 46 1.954825e-01 : 4.046390e+00 9.532329e-01 3.093157e+00
9000 88030/450000 46 1.956222e-01 : 4.046841e+00 9.556775e-01 3.091163e+00
10000 97614/500000 46 1.952280e-01 : 4.047337e+00 9.556000e-01 3.091737e+00
11000 107404/550000 46 1.952800e-01 : 4.047474e+00 9.578148e-01 3.089659e+00
12000 117004/600000 46 1.950067e-01 : 4.047633e+00 9.573314e-01 3.090302e+00
13000 126735/650000 46 1.949769e-01 : 4.047575e+00 9.589220e-01 3.088653e+00
14000 136476/700000 46 1.949657e-01 : 4.047695e+00 9.592506e-01 3.088445e+00
15000 146082/750000 46 1.947760e-01 : 4.047629e+00 9.598485e-01 3.087781e+00
16000 155878/800000 46 1.948475e-01 : 4.047271e+00 9.612554e-01 3.086016e+00
17000 165765/850000 46 1.950176e-01 : 4.046791e+00 9.623866e-01 3.084404e+00
18000 175389/900000 46 1.948767e-01 : 4.046659e+00 9.627603e-01 3.083899e+00
19000 185163/950000 46 1.949084e-01 : 4.046592e+00 9.635863e-01 3.083006e+00
20000 194936/1000000 46 1.949360e-01 : 4.046390e+00 9.645988e-01 3.081791e+00
21000 204861/1050000 46 1.951057e-01 : 4.046480e+00 9.660706e-01 3.080410e+00
22000 214545/1100000 46 1.950409e-01 : 4.046521e+00 9.664187e-01 3.080102e+00
23000 224591/1150000 46 1.952965e-01 : 4.046438e+00 9.682393e-01 3.078199e+00
24000 234285/1200000 46 1.952375e-01 : 4.046411e+00 9.688624e-01 3.077549e+00
25000 243923/1250000 46 1.951384e-01 : 4.046530e+00 9.691604e-01 3.077370e+00
26000 253565/1300000 46 1.950500e-01 : 4.046466e+00 9.693663e-01 3.077099e+00
27000 263401/1350000 46 1.951119e-01 : 4.046467e+00 9.700945e-01 3.076372e+00
28000 273057/1400000 46 1.950407e-01 : 4.046496e+00 9.702139e-01 3.076282e+00
29000 282702/1450000 46 1.949669e-01 : 4.046308e+00 9.705104e-01 3.075797e+00
30000 292615/1500000 46 1.950767e-01 : 4.046310e+00 9.713799e-01 3.074931e+00
31000 302275/1550000 46 1.950161e-01 : 4.046418e+00 9.715139e-01 3.074904e+00
32000 312019/1600000 46 1.950119e-01 : 4.046396e+00 9.718277e-01 3.074569e+00
33000 321572/1650000 46 1.948921e-01 : 4.046308e+00 9.717038e-01 3.074605e+00
34000 331377/1700000 46 1.949276e-01 : 4.046369e+00 9.723915e-01 3.073978e+00
35000 340983/1750000 46 1.948474e-01 : 4.046489e+00 9.721368e-01 3.074352e+00
36000 350826/1800000 46 1.949033e-01 : 4.046512e+00 9.728059e-01 3.073706e+00
37000 360640/1850000 46 1.949405e-01 : 4.046477e+00 9.732502e-01 3.073227e+00
38000 370377/1900000 46 1.949353e-01 : 4.046482e+00 9.734887e-01 3.072993e+00
39000 379950/1950000 46 1.948462e-01 : 4.046494e+00 9.735783e-01 3.072916e+00
40000 389833/2000000 46 1.949165e-01 : 4.046535e+00 9.740426e-01 3.072493e+00
41000 399794/2050000 46 1.950215e-01 : 4.046421e+00 9.745118e-01 3.071909e+00
42000 409488/2100000 46 1.949943e-01 : 4.046441e+00 9.743985e-01 3.072043e+00
43000 419301/2150000 46 1.950237e-01 : 4.046451e+00 9.748107e-01 3.071641e+00
44000 429383/2200000 46 1.951741e-01 : 4.046498e+00 9.758005e-01 3.070697e+00
45000 439093/2250000 46 1.951524e-01 : 4.046462e+00 9.759329e-01 3.070529e+00
46000 448653/2300000 46 1.950665e-01 : 4.046376e+00 9.756641e-01 3.070712e+00
47000 458364/2350000 46 1.950485e-01 : 4.046417e+00 9.757485e-01 3.070669e+00
48000 468136/2400000 46 1.950567e-01 : 4.046456e+00 9.760912e-01 3.070365e+00
49000 477823/2450000 46 1.950298e-01 : 4.046372e+00 9.761028e-01 3.070270e+00
50000 487745/2500000 46 1.950980e-01 : 4.046339e+00 9.766128e-01 3.069726e+00
51000 497841/2550000 46 1.952318e-01 : 4.046310e+00 9.772550e-01 3.069055e+00
52000 507403/2600000 46 1.951550e-01 : 4.046293e+00 9.773025e-01 3.068991e+00
53000 516985/2650000 46 1.950887e-01 : 4.046379e+00 9.770837e-01 3.069295e+00
54000 526565/2700000 46 1.950241e-01 : 4.046401e+00 9.771923e-01 3.069209e+00
55000 536201/2750000 46 1.949822e-01 : 4.046367e+00 9.770552e-01 3.069312e+00
56000 545630/2800000 46 1.948679e-01 : 4.046424e+00 9.765613e-01 3.069863e+00
57000 555515/2850000 46 1.949175e-01 : 4.046459e+00 9.766686e-01 3.069790e+00
58000 565286/2900000 46 1.949262e-01 : 4.046460e+00 9.768069e-01 3.069654e+00
59000 574881/2950000 46 1.948749e-01 : 4.046395e+00 9.766104e-01 3.069785e+00
60000 584649/3000000 46 1.948830e-01 : 4.046406e+00 9.768244e-01 3.069582e+00
61000 594430/3050000 46 1.948951e-01 : 4.046395e+00 9.770449e-01 3.069350e+00
62000 604203/3100000 46 1.949042e-01 : 4.046428e+00 9.772317e-01 3.069197e+00
63000 613766/3150000 46 1.948463e-01 : 4.046393e+00 9.772322e-01 3.069160e+00
64000 623576/3200000 46 1.948675e-01 : 4.046490e+00 9.774384e-01 3.069051e+00
65000 632972/3250000 46 1.947606e-01 : 4.046496e+00 9.769442e-01 3.069552e+00
66000 642541/3300000 46 1.947094e-01 : 4.046526e+00 9.766137e-01 3.069912e+00
67000 651985/3350000 46 1.946224e-01 : 4.046505e+00 9.763859e-01 3.070119e+00
68000 661749/3400000 46 1.946321e-01 : 4.046483e+00 9.764293e-01 3.070054e+00
69000 671461/3450000 46 1.946264e-01 : 4.046429e+00 9.765477e-01 3.069881e+00
70000 681398/3500000 46 1.946851e-01 : 4.046459e+00 9.768199e-01 3.069639e+00
71000 690928/3550000 46 1.946276e-01 : 4.046423e+00 9.766337e-01 3.069790e+00
72000 700684/3600000 46 1.946344e-01 : 4.046457e+00 9.767040e-01 3.069753e+00
73000 710303/3650000 46 1.946036e-01 : 4.046488e+00 9.766883e-01 3.069800e+00
74000 720281/3700000 46 1.946705e-01 : 4.046493e+00 9.770206e-01 3.069472e+00
75000 730183/3750000 46 1.947155e-01 : 4.046507e+00 9.772576e-01 3.069249e+00
76000 740028/3800000 46 1.947442e-01 : 4.046502e+00 9.774649e-01 3.069037e+00
77000 750107/3850000 46 1.948330e-01 : 4.046446e+00 9.780294e-01 3.068416e+00
78000 759732/3900000 46 1.948031e-01 : 4.046459e+00 9.778940e-01 3.068565e+00
79000 769573/3950000 46 1.948286e-01 : 4.046477e+00 9.781474e-01 3.068330e+00
80000 779316/4000000 46 1.948290e-01 : 4.046472e+00 9.782194e-01 3.068252e+00
81000 789139/4050000 46 1.948491e-01 : 4.046482e+00 9.783874e-01 3.068094e+00
82000 798803/4100000 46 1.948300e-01 : 4.046499e+00 9.784573e-01 3.068041e+00
83000 808490/4150000 46 1.948169e-01 : 4.046495e+00 9.784706e-01 3.068025e+00
84000 818289/4200000 46 1.948307e-01 : 4.046469e+00 9.786316e-01 3.067838e+00
85000 828165/4250000 46 1.948624e-01 : 4.046437e+00 9.788917e-01 3.067545e+00
86000 838002/4300000 46 1.948842e-01 : 4.046440e+00 9.790010e-01 3.067439e+00
87000 847771/4350000 46 1.948899e-01 : 4.046445e+00 9.790595e-01 3.067386e+00
88000 857545/4400000 46 1.948966e-01 : 4.046525e+00 9.792703e-01 3.067254e+00
89000 867053/4450000 46 1.948434e-01 : 4.046528e+00 9.790755e-01 3.067452e+00
90000 876548/4500000 46 1.947884e-01 : 4.046536e+00 9.789157e-01 3.067620e+00
91000 886342/4550000 46 1.948004e-01 : 4.046537e+00 9.789358e-01 3.067601e+00
92000 896093/4600000 46 1.948028e-01 : 4.046544e+00 9.789362e-01 3.067607e+00
93000 905637/4650000 46 1.947606e-01 : 4.046556e+00 9.788392e-01 3.067717e+00
94000 915535/4700000 46 1.947947e-01 : 4.046597e+00 9.790189e-01 3.067578e+00
95000 925221/4750000 46 1.947834e-01 : 4.046610e+00 9.790385e-01 3.067571e+00
96000 935164/4800000 46 1.948258e-01 : 4.046601e+00 9.793074e-01 3.067294e+00
97000 944943/4850000 46 1.948336e-01 : 4.046621e+00 9.793695e-01 3.067252e+00
98000 954479/4900000 46 1.947916e-01 : 4.046613e+00 9.791470e-01 3.067465e+00
99000 964181/4950000 46 1.947840e-01 : 4.046597e+00 9.791340e-01 3.067463e+00
100000 973853/5000000 46 1.947706e-01 : 4.046569e+00 9.790768e-01 3.067492e+00
=== 最終統計結果 ===
総シンボル数: 5000000 個
総エラー数: 973853 個
シンボルエラー率: 0.194771 (19.48%)
1ブロック内最大エラー数: 46 個
実行イテレーション数: 100000 回
1イテレーションあたりのシンボル数: 50 個
平均エラー数/イテレーション: 9.74 個
========================
# InnerCodebook: deleted
# ChannelMatrix: deleted
# IDSchannel: deleted
# SLFBAdec: deleted
# ChannelMatrix: deleted
