# (Pid,Ps)=(1.000000e-02,1.000000e-03) Nseg=10000 [0]
# InnerCB: ICB/marker/7_1_0.bin
# Gtable:  Gtable/1/010_001.bin
# InnerCodebook: beta=1(4) nu=8
# InnerCodebook: B(B2p)=2(4) 2(4) 2(4) 2(4) 2(4) 2(4) 2(4) 0(1) 
# InnerCodebook: checked CWM, EncMap, DecMap
# beta=1(4) nu=8 N=10000 Dmax=105
# B=2,2,2,2,2,2,2,0,
# NBIDSchannel: N=10000 Q=4 Dmax=105 (Pid,Ps)=(1.000000e-02,1.000000e-03)
# FBalg4: Nseg=10000 Dmax=105(w=211)
# FBalg4: Gtable: Gtable/1/010_001.bin
# Gtable: beta=1 (Pid,Ps,Ptrn)=(1.000000e-02,1.000000e-03,9.800000e-01) Pth=1.000000e-10
# Gtable: beta4p=4 beta4pp=16
# Gtable::Gtable len=0 cnt=4
# Gtable::Gtable len=1 cnt=16
# Gtable::Gtable len=2 cnt=64
# FBalg4: beta=1(4) (Pid,Ps)=(1.000000e-02,1.000000e-03) Pth=1.000000e-10 N=10000
(Y:1.827549e+00 X:1.750000e+00 XY:1.913696e+00 I:1.663853e+00)
0001(9974): (1.663853e+00 1.663853e+00) 8.319266e-01
(Y:1.835164e+00 X:1.750000e+00 XY:1.908949e+00 I:1.676215e+00)
0002(10013): (1.676215e+00 1.670034e+00) 8.350171e-01
(Y:1.825151e+00 X:1.750000e+00 XY:1.904152e+00 I:1.670999e+00)
0003(9979): (1.670999e+00 1.670356e+00) 8.351780e-01
(Y:1.834840e+00 X:1.750000e+00 XY:1.909894e+00 I:1.674945e+00)
0004(10005): (1.674945e+00 1.671503e+00) 8.357517e-01
(Y:1.830935e+00 X:1.750000e+00 XY:1.899908e+00 I:1.681027e+00)
0005(9997): (1.681027e+00 1.673408e+00) 8.367041e-01
(Y:1.833468e+00 X:1.750000e+00 XY:1.910502e+00 I:1.672966e+00)
0006(9981): (1.672966e+00 1.673334e+00) 8.366672e-01
(Y:1.824782e+00 X:1.750000e+00 XY:1.896511e+00 I:1.678271e+00)
0007(9993): (1.678271e+00 1.674040e+00) 8.370198e-01
(Y:1.826084e+00 X:1.750000e+00 XY:1.909965e+00 I:1.666120e+00)
0008(9968): (1.666120e+00 1.673050e+00) 8.365248e-01
(Y:1.832423e+00 X:1.750000e+00 XY:1.905896e+00 I:1.676527e+00)
0009(9993): (1.676527e+00 1.673436e+00) 8.367180e-01
(Y:1.837245e+00 X:1.750000e+00 XY:1.917466e+00 I:1.669778e+00)
0010(10002): (1.669778e+00 1.673070e+00) 8.365351e-01
# InnerCodebook: deleted
# NBIDSchannel: deleted
# Gtable: deleted
# FBalg4: deleted
