# (Pid,Ps)=(1.500000e-02,1.000000e-02) Nseg=10000 [0]
# InnerCB: ICB/marker/7_1_0.bin
# Gtable:  Gtable/1/015_010.bin
# InnerCodebook: beta=1(4) nu=8
# InnerCodebook: B(B2p)=2(4) 2(4) 2(4) 2(4) 2(4) 2(4) 2(4) 0(1) 
# InnerCodebook: checked CWM, EncMap, DecMap
# beta=1(4) nu=8 N=10000 Dmax=155
# B=2,2,2,2,2,2,2,0,
# NBIDSchannel: N=10000 Q=4 Dmax=155 (Pid,Ps)=(1.500000e-02,1.000000e-02)
# FBalg4: Nseg=10000 Dmax=155(w=311)
# FBalg4: Gtable: Gtable/1/015_010.bin
# Gtable: beta=1 (Pid,Ps,Ptrn)=(1.500000e-02,1.000000e-02,9.700000e-01) Pth=1.000000e-10
# Gtable: beta4p=4 beta4pp=16
# Gtable::Gtable len=0 cnt=4
# Gtable::Gtable len=1 cnt=16
# Gtable::Gtable len=2 cnt=64
# FBalg4: beta=1(4) (Pid,Ps)=(1.500000e-02,1.000000e-02) Pth=1.000000e-10 N=10000
(Y:1.845072e+00 X:1.750000e+00 XY:2.030331e+00 I:1.564741e+00)
0001(9974): (1.564741e+00 1.564741e+00) 7.823703e-01
(Y:1.854578e+00 X:1.750000e+00 XY:2.049472e+00 I:1.555106e+00)
0002(10017): (1.555106e+00 1.559923e+00) 7.799617e-01
(Y:1.854799e+00 X:1.750000e+00 XY:2.051677e+00 I:1.553123e+00)
0003(9978): (1.553123e+00 1.557657e+00) 7.788283e-01
(Y:1.862910e+00 X:1.750000e+00 XY:2.064773e+00 I:1.548136e+00)
0004(9997): (1.548136e+00 1.555276e+00) 7.776382e-01
(Y:1.851891e+00 X:1.750000e+00 XY:2.038357e+00 I:1.563534e+00)
0005(10003): (1.563534e+00 1.556928e+00) 7.784640e-01
(Y:1.859671e+00 X:1.750000e+00 XY:2.045591e+00 I:1.564080e+00)
0006(10007): (1.564080e+00 1.558120e+00) 7.790600e-01
(Y:1.854399e+00 X:1.750000e+00 XY:2.037704e+00 I:1.566695e+00)
0007(9997): (1.566695e+00 1.559345e+00) 7.796725e-01
(Y:1.849267e+00 X:1.750000e+00 XY:2.039216e+00 I:1.560051e+00)
0008(9992): (1.560051e+00 1.559433e+00) 7.797166e-01
(Y:1.855802e+00 X:1.750000e+00 XY:2.045373e+00 I:1.560429e+00)
0009(9999): (1.560429e+00 1.559544e+00) 7.797719e-01
(Y:1.855723e+00 X:1.750000e+00 XY:2.055445e+00 I:1.550279e+00)
0010(9987): (1.550279e+00 1.558617e+00) 7.793087e-01
# InnerCodebook: deleted
# NBIDSchannel: deleted
# Gtable: deleted
# FBalg4: deleted
