# (Pid,Ps)=(3.000000e-02,1.000000e-02) Nseg=10000 [0]
# InnerCB: ICB/marker/7_1_0.bin
# Gtable:  Gtable/1/030_010.bin
# InnerCodebook: beta=1(4) nu=8
# InnerCodebook: B(B2p)=2(4) 2(4) 2(4) 2(4) 2(4) 2(4) 2(4) 0(1) 
# InnerCodebook: checked CWM, EncMap, DecMap
# beta=1(4) nu=8 N=10000 Dmax=305
# B=2,2,2,2,2,2,2,0,
# NBIDSchannel: N=10000 Q=4 Dmax=305 (Pid,Ps)=(3.000000e-02,1.000000e-02)
# FBalg4: Nseg=10000 Dmax=305(w=611)
# FBalg4: Gtable: Gtable/1/030_010.bin
# Gtable: beta=1 (Pid,Ps,Ptrn)=(3.000000e-02,1.000000e-02,9.400000e-01) Pth=1.000000e-10
# Gtable: beta4p=4 beta4pp=16
# Gtable::Gtable len=0 cnt=4
# Gtable::Gtable len=1 cnt=16
# Gtable::Gtable len=2 cnt=64
# FBalg4: beta=1(4) (Pid,Ps)=(3.000000e-02,1.000000e-02) Pth=1.000000e-10 N=10000
(Y:1.864472e+00 X:1.750000e+00 XY:2.186985e+00 I:1.427487e+00)
0001(9977): (1.427487e+00 1.427487e+00) 7.137437e-01
(Y:1.878661e+00 X:1.750000e+00 XY:2.195424e+00 I:1.433237e+00)
0002(10028): (1.433237e+00 1.430362e+00) 7.151811e-01
(Y:1.866417e+00 X:1.750000e+00 XY:2.190923e+00 I:1.425494e+00)
0003(9964): (1.425494e+00 1.428740e+00) 7.143698e-01
(Y:1.876047e+00 X:1.750000e+00 XY:2.202179e+00 I:1.423868e+00)
0004(9998): (1.423868e+00 1.427522e+00) 7.137609e-01
(Y:1.868358e+00 X:1.750000e+00 XY:2.162055e+00 I:1.456303e+00)
0005(10031): (1.456303e+00 1.433278e+00) 7.166390e-01
(Y:1.866287e+00 X:1.750000e+00 XY:2.171033e+00 I:1.445255e+00)
0006(10009): (1.445255e+00 1.435274e+00) 7.176371e-01
(Y:1.871120e+00 X:1.750000e+00 XY:2.192796e+00 I:1.428324e+00)
0007(9993): (1.428324e+00 1.434281e+00) 7.171406e-01
(Y:1.864848e+00 X:1.750000e+00 XY:2.181215e+00 I:1.433634e+00)
0008(9967): (1.433634e+00 1.434200e+00) 7.171001e-01
(Y:1.867622e+00 X:1.750000e+00 XY:2.180960e+00 I:1.436662e+00)
0009(9991): (1.436662e+00 1.434474e+00) 7.172369e-01
(Y:1.869796e+00 X:1.750000e+00 XY:2.180686e+00 I:1.439110e+00)
0010(10019): (1.439110e+00 1.434937e+00) 7.174687e-01
# InnerCodebook: deleted
# NBIDSchannel: deleted
# Gtable: deleted
# FBalg4: deleted
