# (Pid,Ps)=(3.500000e-02,1.000000e-02) Nseg=10000 [0]
# InnerCB: ICB/marker/7_1_0.bin
# Gtable:  Gtable/1/035_010.bin
# InnerCodebook: beta=1(4) nu=8
# InnerCodebook: B(B2p)=2(4) 2(4) 2(4) 2(4) 2(4) 2(4) 2(4) 0(1) 
# InnerCodebook: checked CWM, EncMap, DecMap
# beta=1(4) nu=8 N=10000 Dmax=356
# B=2,2,2,2,2,2,2,0,
# NBIDSchannel: N=10000 Q=4 Dmax=356 (Pid,Ps)=(3.500000e-02,1.000000e-02)
# FBalg4: Nseg=10000 Dmax=356(w=713)
# FBalg4: Gtable: Gtable/1/035_010.bin
# Gtable: beta=1 (Pid,Ps,Ptrn)=(3.500000e-02,1.000000e-02,9.300000e-01) Pth=1.000000e-10
# Gtable: beta4p=4 beta4pp=16
# Gtable::Gtable len=0 cnt=4
# Gtable::Gtable len=1 cnt=16
# Gtable::Gtable len=2 cnt=64
# FBalg4: beta=1(4) (Pid,Ps)=(3.500000e-02,1.000000e-02) Pth=1.000000e-10 N=10000
(Y:1.867853e+00 X:1.750000e+00 XY:2.226678e+00 I:1.391176e+00)
0001(9978): (1.391176e+00 1.391176e+00) 6.955878e-01
(Y:1.876055e+00 X:1.750000e+00 XY:2.233557e+00 I:1.392499e+00)
0002(10038): (1.392499e+00 1.391837e+00) 6.959186e-01
(Y:1.864046e+00 X:1.750000e+00 XY:2.225155e+00 I:1.388891e+00)
0003(9961): (1.388891e+00 1.390855e+00) 6.954275e-01
(Y:1.877375e+00 X:1.750000e+00 XY:2.247592e+00 I:1.379783e+00)
0004(10002): (1.379783e+00 1.388087e+00) 6.940435e-01
(Y:1.872229e+00 X:1.750000e+00 XY:2.210156e+00 I:1.412073e+00)
0005(10012): (1.412073e+00 1.392884e+00) 6.964421e-01
(Y:1.870829e+00 X:1.750000e+00 XY:2.219876e+00 I:1.400953e+00)
0006(10005): (1.400953e+00 1.394229e+00) 6.971145e-01
(Y:1.871386e+00 X:1.750000e+00 XY:2.260656e+00 I:1.360730e+00)
0007(9984): (1.360730e+00 1.389443e+00) 6.947217e-01
(Y:1.870019e+00 X:1.750000e+00 XY:2.231673e+00 I:1.388346e+00)
0008(9972): (1.388346e+00 1.389306e+00) 6.946531e-01
(Y:1.869536e+00 X:1.750000e+00 XY:2.221354e+00 I:1.398182e+00)
0009(9990): (1.398182e+00 1.390292e+00) 6.951462e-01
(Y:1.867915e+00 X:1.750000e+00 XY:2.219385e+00 I:1.398531e+00)
0010(9992): (1.398531e+00 1.391116e+00) 6.955582e-01
# InnerCodebook: deleted
# NBIDSchannel: deleted
# Gtable: deleted
# FBalg4: deleted
