# (Pid,Ps)=(1.000000e-02,1.000000e-03) Nseg=500 WinSize=10 [0]
# InnerCB: ICB/marker/6_2_2.bin
# Gtable:  Gtable/2/010_001.bin
# InnerCodebook: beta=2(16) nu=4
# InnerCodebook: B(B2p)=4(16) 4(16) 4(16) 0(1) 
# InnerCodebook: checked CWM, EncMap, DecMap
# beta=2(16) N=1000 Dmax=15
# NBIDSchannel: N=1000 Q=4 Dmax=15 (Pid,Ps)=(1.000000e-02,1.000000e-03)
# FBalg4: Nseg=500 Dmax=15(w=31)
# FBalg4: Gtable: Gtable/2/010_001.bin
# Gtable: beta=2 (Pid,Ps,Ptrn)=(1.000000e-02,1.000000e-03,9.800000e-01) Pth=1.000000e-10
# Gtable: beta4p=16 beta4pp=256
# Gtable::Gtable len=0 cnt=16
# Gtable::Gtable len=1 cnt=64
# Gtable::Gtable len=2 cnt=256
# Gtable::Gtable len=3 cnt=700
# Gtable::Gtable len=4 cnt=208
# FBalg4: beta=2(16) (Pid,Ps)=(1.000000e-02,1.000000e-03) Pth=1.000000e-10 N=1000
2140(1000) (2.41e-01 2.47e-01) XE:6.18e-02 (1.28e+00 1.28e+00 | 2.02e+00 2.15e+00)
4314(1001) (2.16e-01 2.48e-01) XE:6.21e-02 (1.27e+00 1.28e+00 | 2.12e+00 2.15e+00)
6489(1007) (2.10e-01 2.48e-01) XE:6.19e-02 (1.28e+00 1.28e+00 | 2.10e+00 2.15e+00)
8586(1006) (2.24e-01 2.48e-01) XE:6.20e-02 (1.25e+00 1.28e+00 | 1.88e+00 2.15e+00)
10000(993) (2.27e-01 2.48e-01) XE:6.21e-02 (1.26e+00 1.28e+00 | 2.11e+00 2.15e+00)
RL cnt: 0,6087232,1345796,293196,62485,12571,2403,625,0,0,0,0,0,0,0,0,
BL cnt: 0,0,33415,0,288581,0,1064317,0,2186021,0,2756125,0,2187635,0,1067433,0,292154,0,34319,0,0,
# InnerCodebook: deleted
# NBIDSchannel: deleted
# Gtable: deleted
# FBalg4: deleted
