# (Pid,Ps)=(4.000000e-02,1.000000e-03) Nseg=500 WinSize=10 [0]
# InnerCB: ICB/marker/6_2_2.bin
# Gtable:  Gtable/2/040_001.bin
# InnerCodebook: beta=2(16) nu=4
# InnerCodebook: B(B2p)=4(16) 4(16) 4(16) 0(1) 
# InnerCodebook: checked CWM, EncMap, DecMap
# beta=2(16) N=1000 Dmax=45
# NBIDSchannel: N=1000 Q=4 Dmax=45 (Pid,Ps)=(4.000000e-02,1.000000e-03)
# FBalg4: Nseg=500 Dmax=45(w=91)
# FBalg4: Gtable: Gtable/2/040_001.bin
# Gtable: beta=2 (Pid,Ps,Ptrn)=(4.000000e-02,1.000000e-03,9.200000e-01) Pth=1.000000e-10
# Gtable: beta4p=16 beta4pp=256
# Gtable::Gtable len=0 cnt=16
# Gtable::Gtable len=1 cnt=64
# Gtable::Gtable len=2 cnt=256
# Gtable::Gtable len=3 cnt=700
# Gtable::Gtable len=4 cnt=1072
# FBalg4: beta=2(16) (Pid,Ps)=(4.000000e-02,1.000000e-03) Pth=1.000000e-10 N=1000
0487(1010) (9.91e-01 9.06e-01) XE:2.26e-01 (1.29e+00 1.28e+00 | 2.28e+00 2.15e+00)
0977(1002) (8.35e-01 9.06e-01) XE:2.26e-01 (1.29e+00 1.28e+00 | 2.26e+00 2.15e+00)
1467(998) (1.02e+00 9.06e-01) XE:2.27e-01 (1.26e+00 1.28e+00 | 2.08e+00 2.15e+00)
1956(1006) (8.05e-01 9.06e-01) XE:2.26e-01 (1.26e+00 1.28e+00 | 2.14e+00 2.15e+00)
2445(1010) (8.37e-01 9.08e-01) XE:2.27e-01 (1.24e+00 1.28e+00 | 1.98e+00 2.15e+00)
2934(995) (9.53e-01 9.08e-01) XE:2.27e-01 (1.26e+00 1.28e+00 | 2.14e+00 2.15e+00)
3423(1009) (1.03e+00 9.07e-01) XE:2.27e-01 (1.26e+00 1.28e+00 | 2.26e+00 2.15e+00)
3912(987) (9.91e-01 9.08e-01) XE:2.27e-01 (1.31e+00 1.28e+00 | 2.37e+00 2.15e+00)
4402(996) (8.47e-01 9.08e-01) XE:2.27e-01 (1.31e+00 1.28e+00 | 2.22e+00 2.15e+00)
4891(1006) (8.61e-01 9.08e-01) XE:2.27e-01 (1.31e+00 1.28e+00 | 2.26e+00 2.15e+00)
5380(999) (1.06e+00 9.08e-01) XE:2.27e-01 (1.27e+00 1.28e+00 | 2.29e+00 2.15e+00)
5869(1003) (1.04e+00 9.08e-01) XE:2.27e-01 (1.28e+00 1.28e+00 | 2.10e+00 2.15e+00)
6359(1010) (9.42e-01 9.08e-01) XE:2.27e-01 (1.28e+00 1.28e+00 | 2.20e+00 2.15e+00)
6848(1000) (8.78e-01 9.08e-01) XE:2.27e-01 (1.29e+00 1.28e+00 | 2.18e+00 2.15e+00)
7337(1001) (9.18e-01 9.07e-01) XE:2.27e-01 (1.29e+00 1.28e+00 | 2.24e+00 2.15e+00)
7826(1004) (7.20e-01 9.07e-01) XE:2.27e-01 (1.26e+00 1.28e+00 | 1.95e+00 2.15e+00)
8315(994) (8.32e-01 9.08e-01) XE:2.27e-01 (1.31e+00 1.28e+00 | 1.97e+00 2.15e+00)
8804(1004) (9.38e-01 9.08e-01) XE:2.27e-01 (1.28e+00 1.28e+00 | 2.19e+00 2.15e+00)
9293(999) (9.26e-01 9.08e-01) XE:2.27e-01 (1.26e+00 1.28e+00 | 2.00e+00 2.15e+00)
9782(995) (9.17e-01 9.08e-01) XE:2.27e-01 (1.27e+00 1.28e+00 | 1.95e+00 2.15e+00)
10000(998) (6.73e-01 9.08e-01) XE:2.27e-01 (1.26e+00 1.28e+00 | 2.03e+00 2.15e+00)
RL cnt: 0,6088206,1345677,292415,62492,12825,2444,634,0,0,0,0,0,0,0,0,
BL cnt: 0,0,33858,0,290405,0,1062118,0,2185085,0,2755154,0,2190181,0,1067521,0,291579,0,34099,0,0,
# InnerCodebook: deleted
# NBIDSchannel: deleted
# Gtable: deleted
# FBalg4: deleted
