# (Pid,Ps)=(3.000000e-02,1.000000e-02) Nseg=200 WinSize=10 lmd=1 [0]
# InnerCB: ../search03/ICB/A10.bin
# Gtable:  Gtable/5/030_010.bin
# InnerCodebook: beta=5(1024) nu=2
# InnerCodebook: B(B2p)=7(128) 7(128) 
# InnerCodebook: checked CWM, EncMap, DecMap
# beta=5(1024) nu=2 N=1000 Dmax=35
# B=7,7,
# NBIDSchannel: N=1000 Q=4 Dmax=35 (Pid,Ps)=(3.000000e-02,1.000000e-02)
# FBalg4: Nseg=200 Dmax=35(w=71)
# FBalg4: Gtable: Gtable/5/030_010.bin
# Gtable: beta=5 (Pid,Ps,Ptrn)=(3.000000e-02,1.000000e-02,9.400000e-01) Pth=1.000000e-10
# Gtable: beta4p=1024 beta4pp=1048576
# Gtable::Gtable len=0 cnt=1024
# Gtable::Gtable len=1 cnt=4096
# Gtable::Gtable len=2 cnt=16384
# Gtable::Gtable len=3 cnt=65536
# Gtable::Gtable len=4 cnt=241636
# Gtable::Gtable len=5 cnt=779284
# Gtable::Gtable len=6 cnt=1541824
# Gtable::Gtable len=7 cnt=1451416
# Gtable::Gtable len=8 cnt=1264036
# Gtable::Gtable len=9 cnt=100348
# Gtable::Gtable len=10 cnt=1024
# FBalg4: beta=5(1024) (Pid,Ps)=(3.000000e-02,1.000000e-02) Pth=1.000000e-10 N=1000
# StatICB: nu=2 beta=5 beta4p=1024 Bsum=14 lmd=1
# StatICB: B=7,7,
0022(993) (1.68e+00 1.84e+00) XE:1.84e-01 (1.20e+00 1.21e+00 | 6.58e-01 6.57e-01)	6.603809e+00 6.590135e+00 : 9.424246e-01
0045(992) (1.67e+00 1.82e+00) XE:1.82e-01 (1.18e+00 1.21e+00 | 6.48e-01 6.58e-01)	6.463573e+00 6.454790e+00 : 9.227402e-01
0069(1010) (1.59e+00 1.79e+00) XE:1.79e-01 (1.22e+00 1.21e+00 | 6.56e-01 6.56e-01)	6.383660e+00 6.391619e+00 : 9.125199e-01
0092(1006) (1.85e+00 1.78e+00) XE:1.78e-01 (1.21e+00 1.21e+00 | 6.36e-01 6.55e-01)	6.320705e+00 6.340767e+00 : 9.043909e-01
0115(999) (1.51e+00 1.77e+00) XE:1.77e-01 (1.17e+00 1.21e+00 | 6.14e-01 6.55e-01)	6.287198e+00 6.298083e+00 : 8.989486e-01
0139(1010) (1.29e+00 1.76e+00) XE:1.76e-01 (1.22e+00 1.21e+00 | 7.06e-01 6.55e-01)	6.247438e+00 6.279799e+00 : 8.948026e-01
0162(997) (1.87e+00 1.75e+00) XE:1.75e-01 (1.22e+00 1.21e+00 | 6.70e-01 6.56e-01)	6.212267e+00 6.258145e+00 : 8.907437e-01
0185(1010) (1.99e+00 1.76e+00) XE:1.76e-01 (1.20e+00 1.21e+00 | 6.26e-01 6.56e-01)	6.185597e+00 6.235125e+00 : 8.871944e-01
0209(1001) (1.64e+00 1.77e+00) XE:1.77e-01 (1.23e+00 1.21e+00 | 6.88e-01 6.57e-01)	6.157859e+00 6.211083e+00 : 8.834959e-01
0232(993) (1.93e+00 1.78e+00) XE:1.78e-01 (1.19e+00 1.21e+00 | 5.65e-01 6.57e-01)	6.135794e+00 6.188857e+00 : 8.803322e-01
0255(1011) (1.61e+00 1.78e+00) XE:1.78e-01 (1.19e+00 1.21e+00 | 6.46e-01 6.57e-01)	6.120623e+00 6.174177e+00 : 8.782000e-01
0279(993) (2.11e+00 1.78e+00) XE:1.78e-01 (1.18e+00 1.21e+00 | 6.76e-01 6.56e-01)	6.104967e+00 6.163945e+00 : 8.763509e-01
0302(1003) (1.56e+00 1.78e+00) XE:1.78e-01 (1.19e+00 1.21e+00 | 6.46e-01 6.56e-01)	6.089149e+00 6.146097e+00 : 8.739462e-01
0325(995) (1.87e+00 1.78e+00) XE:1.78e-01 (1.20e+00 1.21e+00 | 6.88e-01 6.56e-01)	6.074419e+00 6.126683e+00 : 8.715073e-01
0349(1015) (1.40e+00 1.79e+00) XE:1.79e-01 (1.24e+00 1.21e+00 | 6.78e-01 6.56e-01)	6.060259e+00 6.109057e+00 : 8.692368e-01
0372(995) (1.86e+00 1.79e+00) XE:1.79e-01 (1.20e+00 1.21e+00 | 6.60e-01 6.57e-01)	6.048983e+00 6.100161e+00 : 8.677960e-01
0395(992) (2.02e+00 1.79e+00) XE:1.79e-01 (1.21e+00 1.21e+00 | 6.74e-01 6.56e-01)	6.041202e+00 6.090837e+00 : 8.665742e-01
0419(998) (1.76e+00 1.79e+00) XE:1.79e-01 (1.19e+00 1.21e+00 | 6.14e-01 6.57e-01)	6.033263e+00 6.083310e+00 : 8.654695e-01
0442(997) (1.63e+00 1.79e+00) XE:1.79e-01 (1.20e+00 1.21e+00 | 6.84e-01 6.57e-01)	6.029666e+00 6.074765e+00 : 8.646022e-01
0465(997) (2.09e+00 1.79e+00) XE:1.79e-01 (1.19e+00 1.21e+00 | 6.50e-01 6.56e-01)	6.025261e+00 6.067925e+00 : 8.637989e-01
0489(1001) (1.78e+00 1.78e+00) XE:1.78e-01 (1.22e+00 1.21e+00 | 6.74e-01 6.56e-01)	6.018276e+00 6.060155e+00 : 8.627451e-01
0512(1003) (2.08e+00 1.78e+00) XE:1.78e-01 (1.20e+00 1.21e+00 | 6.82e-01 6.56e-01)	6.013097e+00 6.054375e+00 : 8.619623e-01
0535(991) (1.65e+00 1.78e+00) XE:1.78e-01 (1.23e+00 1.21e+00 | 6.66e-01 6.56e-01)	6.009857e+00 6.052173e+00 : 8.615736e-01
0559(999) (1.33e+00 1.78e+00) XE:1.78e-01 (1.18e+00 1.21e+00 | 6.30e-01 6.57e-01)	6.008683e+00 6.052414e+00 : 8.615069e-01
0582(997) (2.36e+00 1.78e+00) XE:1.78e-01 (1.23e+00 1.21e+00 | 6.92e-01 6.57e-01)	6.006281e+00 6.047082e+00 : 8.609545e-01
0605(989) (1.95e+00 1.78e+00) XE:1.78e-01 (1.23e+00 1.21e+00 | 6.84e-01 6.57e-01)	6.004272e+00 6.041107e+00 : 8.603842e-01
0629(1000) (1.88e+00 1.78e+00) XE:1.78e-01 (1.20e+00 1.21e+00 | 6.34e-01 6.56e-01)	6.000985e+00 6.038435e+00 : 8.599586e-01
0652(1011) (1.89e+00 1.78e+00) XE:1.78e-01 (1.22e+00 1.21e+00 | 6.46e-01 6.57e-01)	5.997666e+00 6.035506e+00 : 8.595122e-01
0676(990) (1.76e+00 1.78e+00) XE:1.78e-01 (1.19e+00 1.21e+00 | 6.46e-01 6.56e-01)	5.988400e+00 6.025827e+00 : 8.581590e-01
0699(998) (1.81e+00 1.78e+00) XE:1.78e-01 (1.21e+00 1.21e+00 | 7.27e-01 6.57e-01)	5.983384e+00 6.021766e+00 : 8.575108e-01
0722(985) (1.94e+00 1.78e+00) XE:1.78e-01 (1.22e+00 1.21e+00 | 6.78e-01 6.56e-01)	5.981240e+00 6.019000e+00 : 8.571600e-01
0745(1003) (2.20e+00 1.78e+00) XE:1.78e-01 (1.20e+00 1.21e+00 | 6.52e-01 6.56e-01)	5.976321e+00 6.014377e+00 : 8.564784e-01
0769(1008) (1.73e+00 1.78e+00) XE:1.78e-01 (1.20e+00 1.21e+00 | 6.58e-01 6.56e-01)	5.973058e+00 6.011300e+00 : 8.560256e-01
0792(1002) (1.96e+00 1.78e+00) XE:1.78e-01 (1.21e+00 1.21e+00 | 6.84e-01 6.56e-01)	5.969972e+00 6.011804e+00 : 8.558411e-01
0816(1002) (1.44e+00 1.78e+00) XE:1.78e-01 (1.21e+00 1.21e+00 | 6.70e-01 6.56e-01)	5.967829e+00 6.010074e+00 : 8.555645e-01
0839(1010) (1.73e+00 1.78e+00) XE:1.78e-01 (1.18e+00 1.21e+00 | 6.34e-01 6.57e-01)	5.966713e+00 6.009496e+00 : 8.554435e-01
0862(999) (1.70e+00 1.78e+00) XE:1.78e-01 (1.23e+00 1.21e+00 | 6.94e-01 6.57e-01)	5.962476e+00 6.005959e+00 : 8.548882e-01
0885(999) (1.87e+00 1.78e+00) XE:1.78e-01 (1.23e+00 1.21e+00 | 6.90e-01 6.57e-01)	5.960491e+00 6.002963e+00 : 8.545324e-01
0909(1007) (1.69e+00 1.78e+00) XE:1.78e-01 (1.23e+00 1.21e+00 | 6.36e-01 6.57e-01)	5.959887e+00 6.001506e+00 : 8.543852e-01
0932(1002) (1.57e+00 1.78e+00) XE:1.78e-01 (1.22e+00 1.21e+00 | 6.48e-01 6.57e-01)	5.959190e+00 5.999041e+00 : 8.541594e-01
0955(1000) (1.84e+00 1.77e+00) XE:1.77e-01 (1.21e+00 1.21e+00 | 6.50e-01 6.57e-01)	5.957779e+00 5.998766e+00 : 8.540390e-01
0979(996) (2.17e+00 1.78e+00) XE:1.78e-01 (1.19e+00 1.21e+00 | 5.69e-01 6.56e-01)	5.953198e+00 5.995794e+00 : 8.534994e-01
1002(996) (1.76e+00 1.78e+00) XE:1.78e-01 (1.20e+00 1.21e+00 | 6.72e-01 6.56e-01)	5.952493e+00 5.993515e+00 : 8.532863e-01
1025(1008) (1.58e+00 1.78e+00) XE:1.78e-01 (1.21e+00 1.21e+00 | 6.64e-01 6.56e-01)	5.949894e+00 5.992402e+00 : 8.530212e-01
1049(1010) (1.51e+00 1.78e+00) XE:1.78e-01 (1.21e+00 1.21e+00 | 6.05e-01 6.56e-01)	5.945833e+00 5.988855e+00 : 8.524777e-01
1072(1008) (1.47e+00 1.78e+00) XE:1.78e-01 (1.19e+00 1.21e+00 | 5.97e-01 6.56e-01)	5.944885e+00 5.987865e+00 : 8.523393e-01
1095(992) (2.05e+00 1.78e+00) XE:1.78e-01 (1.23e+00 1.21e+00 | 6.84e-01 6.56e-01)	5.940351e+00 5.984803e+00 : 8.517967e-01
1119(1008) (1.69e+00 1.78e+00) XE:1.78e-01 (1.24e+00 1.21e+00 | 6.96e-01 6.56e-01)	5.935637e+00 5.980958e+00 : 8.511853e-01
1142(1000) (1.91e+00 1.78e+00) XE:1.78e-01 (1.22e+00 1.21e+00 | 6.84e-01 6.56e-01)	5.933225e+00 5.980220e+00 : 8.509603e-01
1165(998) (1.78e+00 1.78e+00) XE:1.78e-01 (1.23e+00 1.21e+00 | 7.12e-01 6.56e-01)	5.931278e+00 5.979262e+00 : 8.507528e-01
1189(1012) (1.55e+00 1.78e+00) XE:1.78e-01 (1.21e+00 1.21e+00 | 6.50e-01 6.56e-01)	5.929758e+00 5.976838e+00 : 8.504711e-01
1212(1007) (1.92e+00 1.78e+00) XE:1.78e-01 (1.20e+00 1.21e+00 | 6.40e-01 6.56e-01)	5.928740e+00 5.975930e+00 : 8.503336e-01
1235(1007) (1.41e+00 1.78e+00) XE:1.78e-01 (1.20e+00 1.21e+00 | 6.84e-01 6.56e-01)	5.926394e+00 5.975199e+00 : 8.501138e-01
1259(999) (1.64e+00 1.78e+00) XE:1.78e-01 (1.21e+00 1.21e+00 | 6.68e-01 6.56e-01)	5.925848e+00 5.974580e+00 : 8.500305e-01
1282(1005) (1.88e+00 1.78e+00) XE:1.78e-01 (1.19e+00 1.21e+00 | 6.78e-01 6.56e-01)	5.921111e+00 5.969688e+00 : 8.493427e-01
1305(1004) (1.84e+00 1.78e+00) XE:1.78e-01 (1.22e+00 1.21e+00 | 6.07e-01 6.56e-01)	5.921503e+00 5.969189e+00 : 8.493351e-01
1329(1004) (1.68e+00 1.78e+00) XE:1.78e-01 (1.20e+00 1.21e+00 | 6.09e-01 6.56e-01)	5.919896e+00 5.968196e+00 : 8.491494e-01
1352(999) (1.82e+00 1.78e+00) XE:1.78e-01 (1.23e+00 1.21e+00 | 7.35e-01 6.56e-01)	5.918966e+00 5.967530e+00 : 8.490354e-01
1375(1001) (1.44e+00 1.78e+00) XE:1.78e-01 (1.23e+00 1.21e+00 | 6.28e-01 6.56e-01)	5.917030e+00 5.967473e+00 : 8.488931e-01
1399(1001) (1.82e+00 1.78e+00) XE:1.78e-01 (1.22e+00 1.21e+00 | 6.14e-01 6.56e-01)	5.916253e+00 5.966838e+00 : 8.487922e-01
1422(1010) (1.70e+00 1.78e+00) XE:1.78e-01 (1.22e+00 1.21e+00 | 6.56e-01 6.56e-01)	5.915461e+00 5.966114e+00 : 8.486840e-01
1445(1007) (1.45e+00 1.78e+00) XE:1.78e-01 (1.19e+00 1.21e+00 | 6.52e-01 6.56e-01)	5.914298e+00 5.965194e+00 : 8.485351e-01
1469(1005) (1.02e+00 1.78e+00) XE:1.78e-01 (1.24e+00 1.21e+00 | 7.20e-01 6.56e-01)	5.912621e+00 5.964873e+00 : 8.483924e-01
1492(997) (2.34e+00 1.78e+00) XE:1.78e-01 (1.20e+00 1.21e+00 | 6.68e-01 6.56e-01)	5.910406e+00 5.961804e+00 : 8.480150e-01
1516(996) (1.81e+00 1.78e+00) XE:1.78e-01 (1.22e+00 1.21e+00 | 6.36e-01 6.56e-01)	5.909167e+00 5.961206e+00 : 8.478838e-01
1539(994) (1.62e+00 1.78e+00) XE:1.78e-01 (1.22e+00 1.21e+00 | 6.01e-01 6.56e-01)	5.907567e+00 5.959245e+00 : 8.476294e-01
1562(984) (1.79e+00 1.78e+00) XE:1.78e-01 (1.18e+00 1.21e+00 | 6.03e-01 6.56e-01)	5.906984e+00 5.958004e+00 : 8.474991e-01
1586(993) (2.05e+00 1.78e+00) XE:1.78e-01 (1.23e+00 1.21e+00 | 6.40e-01 6.56e-01)	5.906803e+00 5.958303e+00 : 8.475076e-01
1609(1015) (1.76e+00 1.78e+00) XE:1.78e-01 (1.20e+00 1.21e+00 | 6.40e-01 6.56e-01)	5.905915e+00 5.957501e+00 : 8.473869e-01
1632(1008) (1.55e+00 1.78e+00) XE:1.78e-01 (1.21e+00 1.21e+00 | 7.00e-01 6.56e-01)	5.905147e+00 5.957555e+00 : 8.473359e-01
1656(1012) (2.07e+00 1.78e+00) XE:1.78e-01 (1.22e+00 1.21e+00 | 6.36e-01 6.56e-01)	5.904838e+00 5.957356e+00 : 8.472996e-01
1679(1010) (1.72e+00 1.78e+00) XE:1.78e-01 (1.22e+00 1.21e+00 | 6.24e-01 6.56e-01)	5.904651e+00 5.955966e+00 : 8.471870e-01
1702(996) (1.99e+00 1.78e+00) XE:1.78e-01 (1.19e+00 1.21e+00 | 6.64e-01 6.56e-01)	5.904412e+00 5.956230e+00 : 8.471888e-01
1726(997) (1.44e+00 1.78e+00) XE:1.78e-01 (1.22e+00 1.21e+00 | 6.80e-01 6.56e-01)	5.903170e+00 5.956380e+00 : 8.471107e-01
1749(1005) (1.68e+00 1.78e+00) XE:1.78e-01 (1.18e+00 1.21e+00 | 6.28e-01 6.56e-01)	5.902231e+00 5.955533e+00 : 8.469832e-01
1772(995) (1.91e+00 1.78e+00) XE:1.78e-01 (1.19e+00 1.21e+00 | 6.40e-01 6.56e-01)	5.901045e+00 5.954578e+00 : 8.468303e-01
1796(981) (2.59e+00 1.78e+00) XE:1.78e-01 (1.20e+00 1.21e+00 | 6.54e-01 6.56e-01)	5.899568e+00 5.953529e+00 : 8.466498e-01
1819(1015) (1.92e+00 1.78e+00) XE:1.78e-01 (1.20e+00 1.21e+00 | 6.36e-01 6.56e-01)	5.899444e+00 5.953550e+00 : 8.466424e-01
1843(990) (2.55e+00 1.78e+00) XE:1.78e-01 (1.19e+00 1.21e+00 | 6.58e-01 6.56e-01)	5.898401e+00 5.952663e+00 : 8.465046e-01
1866(998) (1.64e+00 1.78e+00) XE:1.78e-01 (1.19e+00 1.21e+00 | 6.70e-01 6.56e-01)	5.898496e+00 5.953740e+00 : 8.465883e-01
1889(999) (2.09e+00 1.78e+00) XE:1.78e-01 (1.21e+00 1.21e+00 | 6.60e-01 6.56e-01)	5.897239e+00 5.951951e+00 : 8.463707e-01
1913(1006) (1.83e+00 1.78e+00) XE:1.78e-01 (1.19e+00 1.21e+00 | 6.30e-01 6.56e-01)	5.897298e+00 5.951474e+00 : 8.463408e-01
1936(993) (1.49e+00 1.78e+00) XE:1.78e-01 (1.21e+00 1.21e+00 | 6.09e-01 6.56e-01)	5.897140e+00 5.951898e+00 : 8.463599e-01
1960(996) (1.88e+00 1.78e+00) XE:1.78e-01 (1.22e+00 1.21e+00 | 6.58e-01 6.56e-01)	5.895869e+00 5.950789e+00 : 8.461899e-01
1983(999) (1.79e+00 1.78e+00) XE:1.78e-01 (1.18e+00 1.21e+00 | 6.22e-01 6.56e-01)	5.895485e+00 5.950547e+00 : 8.461452e-01
2006(1005) (1.68e+00 1.78e+00) XE:1.78e-01 (1.20e+00 1.21e+00 | 6.28e-01 6.56e-01)	5.894407e+00 5.950036e+00 : 8.460317e-01
2030(1000) (1.53e+00 1.78e+00) XE:1.78e-01 (1.21e+00 1.21e+00 | 6.14e-01 6.56e-01)	5.894043e+00 5.950251e+00 : 8.460210e-01
2053(1006) (1.40e+00 1.78e+00) XE:1.78e-01 (1.21e+00 1.21e+00 | 7.41e-01 6.56e-01)	5.894085e+00 5.949137e+00 : 8.459445e-01
2076(1007) (1.76e+00 1.78e+00) XE:1.78e-01 (1.21e+00 1.21e+00 | 6.22e-01 6.56e-01)	5.892522e+00 5.947902e+00 : 8.457446e-01
2099(1010) (1.86e+00 1.78e+00) XE:1.78e-01 (1.20e+00 1.21e+00 | 6.78e-01 6.56e-01)	5.893348e+00 5.947616e+00 : 8.457832e-01
2123(983) (2.11e+00 1.78e+00) XE:1.78e-01 (1.19e+00 1.21e+00 | 6.01e-01 6.56e-01)	5.892867e+00 5.947304e+00 : 8.457265e-01
2146(1011) (1.38e+00 1.78e+00) XE:1.78e-01 (1.19e+00 1.21e+00 | 6.34e-01 6.56e-01)	5.892514e+00 5.947111e+00 : 8.456875e-01
2169(1012) (1.49e+00 1.78e+00) XE:1.78e-01 (1.21e+00 1.21e+00 | 6.60e-01 6.56e-01)	5.892049e+00 5.947308e+00 : 8.456683e-01
2193(992) (2.37e+00 1.78e+00) XE:1.78e-01 (1.22e+00 1.21e+00 | 6.68e-01 6.56e-01)	5.892254e+00 5.946737e+00 : 8.456422e-01
2216(1006) (1.58e+00 1.78e+00) XE:1.78e-01 (1.22e+00 1.21e+00 | 7.04e-01 6.56e-01)	5.891616e+00 5.946513e+00 : 8.455807e-01
2240(995) (2.18e+00 1.78e+00) XE:1.78e-01 (1.21e+00 1.21e+00 | 7.31e-01 6.56e-01)	5.890761e+00 5.945994e+00 : 8.454825e-01
2263(990) (1.70e+00 1.78e+00) XE:1.78e-01 (1.19e+00 1.21e+00 | 6.05e-01 6.56e-01)	5.890377e+00 5.946428e+00 : 8.454861e-01
2286(1008) (1.88e+00 1.78e+00) XE:1.78e-01 (1.22e+00 1.21e+00 | 7.43e-01 6.56e-01)	5.890520e+00 5.946609e+00 : 8.455092e-01
2310(997) (1.88e+00 1.78e+00) XE:1.78e-01 (1.21e+00 1.21e+00 | 6.84e-01 6.56e-01)	5.889935e+00 5.946211e+00 : 8.454390e-01
2333(989) (1.48e+00 1.78e+00) XE:1.78e-01 (1.21e+00 1.21e+00 | 6.62e-01 6.56e-01)	5.889323e+00 5.945261e+00 : 8.453274e-01
2356(1010) (1.81e+00 1.78e+00) XE:1.78e-01 (1.24e+00 1.21e+00 | 6.86e-01 6.56e-01)	5.889179e+00 5.944532e+00 : 8.452651e-01
2380(1004) (2.06e+00 1.78e+00) XE:1.78e-01 (1.24e+00 1.21e+00 | 6.96e-01 6.56e-01)	5.889005e+00 5.944261e+00 : 8.452332e-01
2403(1015) (1.81e+00 1.78e+00) XE:1.78e-01 (1.23e+00 1.21e+00 | 6.90e-01 6.56e-01)	5.888759e+00 5.943666e+00 : 8.451732e-01
2426(1017) (1.38e+00 1.78e+00) XE:1.78e-01 (1.22e+00 1.21e+00 | 6.66e-01 6.56e-01)	5.888874e+00 5.944039e+00 : 8.452081e-01
2450(997) (1.60e+00 1.78e+00) XE:1.78e-01 (1.23e+00 1.21e+00 | 6.92e-01 6.56e-01)	5.889046e+00 5.944218e+00 : 8.452331e-01
2473(1005) (1.24e+00 1.77e+00) XE:1.77e-01 (1.20e+00 1.21e+00 | 6.28e-01 6.56e-01)	5.888714e+00 5.944494e+00 : 8.452292e-01
2496(994) (1.42e+00 1.77e+00) XE:1.77e-01 (1.21e+00 1.21e+00 | 6.36e-01 6.56e-01)	5.888360e+00 5.944775e+00 : 8.452239e-01
2520(1003) (2.23e+00 1.77e+00) XE:1.77e-01 (1.19e+00 1.21e+00 | 6.09e-01 6.56e-01)	5.888110e+00 5.944104e+00 : 8.451581e-01
2543(1005) (1.55e+00 1.77e+00) XE:1.77e-01 (1.21e+00 1.21e+00 | 6.03e-01 6.56e-01)	5.887929e+00 5.943592e+00 : 8.451086e-01
2566(1005) (1.75e+00 1.77e+00) XE:1.77e-01 (1.22e+00 1.21e+00 | 6.22e-01 6.56e-01)	5.887390e+00 5.943042e+00 : 8.450308e-01
2590(998) (1.79e+00 1.78e+00) XE:1.78e-01 (1.19e+00 1.21e+00 | 5.95e-01 6.56e-01)	5.886672e+00 5.942273e+00 : 8.449246e-01
2613(1000) (1.87e+00 1.78e+00) XE:1.78e-01 (1.22e+00 1.21e+00 | 6.56e-01 6.56e-01)	5.886086e+00 5.941174e+00 : 8.448043e-01
2636(1000) (1.68e+00 1.77e+00) XE:1.77e-01 (1.21e+00 1.21e+00 | 6.03e-01 6.56e-01)	5.886176e+00 5.941447e+00 : 8.448303e-01
2660(995) (2.06e+00 1.77e+00) XE:1.77e-01 (1.20e+00 1.21e+00 | 6.14e-01 6.56e-01)	5.886113e+00 5.941154e+00 : 8.448048e-01
2683(993) (2.17e+00 1.77e+00) XE:1.77e-01 (1.20e+00 1.21e+00 | 6.38e-01 6.56e-01)	5.885709e+00 5.940418e+00 : 8.447233e-01
2706(997) (1.89e+00 1.77e+00) XE:1.77e-01 (1.18e+00 1.21e+00 | 6.36e-01 6.56e-01)	5.885757e+00 5.940131e+00 : 8.447062e-01
2730(979) (1.92e+00 1.77e+00) XE:1.77e-01 (1.21e+00 1.21e+00 | 6.42e-01 6.56e-01)	5.885554e+00 5.939609e+00 : 8.446545e-01
2753(995) (2.08e+00 1.77e+00) XE:1.77e-01 (1.19e+00 1.21e+00 | 7.14e-01 6.56e-01)	5.884839e+00 5.938787e+00 : 8.445447e-01
2776(1016) (1.32e+00 1.77e+00) XE:1.77e-01 (1.19e+00 1.21e+00 | 6.18e-01 6.56e-01)	5.884833e+00 5.939358e+00 : 8.445851e-01
2800(997) (1.86e+00 1.77e+00) XE:1.77e-01 (1.22e+00 1.21e+00 | 6.44e-01 6.56e-01)	5.884297e+00 5.939336e+00 : 8.445452e-01
2823(990) (2.14e+00 1.77e+00) XE:1.77e-01 (1.21e+00 1.21e+00 | 6.74e-01 6.56e-01)	5.883779e+00 5.938878e+00 : 8.444755e-01
2846(1011) (1.73e+00 1.77e+00) XE:1.77e-01 (1.19e+00 1.21e+00 | 6.90e-01 6.56e-01)	5.882859e+00 5.938302e+00 : 8.443687e-01
2870(1005) (1.34e+00 1.77e+00) XE:1.77e-01 (1.20e+00 1.21e+00 | 6.36e-01 6.56e-01)	5.882340e+00 5.937658e+00 : 8.442856e-01
2893(1007) (1.49e+00 1.77e+00) XE:1.77e-01 (1.20e+00 1.21e+00 | 6.82e-01 6.56e-01)	5.881842e+00 5.936996e+00 : 8.442027e-01
2916(997) (1.59e+00 1.77e+00) XE:1.77e-01 (1.19e+00 1.21e+00 | 5.79e-01 6.56e-01)	5.882367e+00 5.936709e+00 : 8.442197e-01
2940(1006) (1.73e+00 1.77e+00) XE:1.77e-01 (1.21e+00 1.21e+00 | 6.26e-01 6.56e-01)	5.881494e+00 5.936019e+00 : 8.441081e-01
2963(993) (2.00e+00 1.77e+00) XE:1.77e-01 (1.22e+00 1.21e+00 | 6.34e-01 6.56e-01)	5.881204e+00 5.935968e+00 : 8.440837e-01
2986(987) (2.14e+00 1.77e+00) XE:1.77e-01 (1.20e+00 1.21e+00 | 6.88e-01 6.56e-01)	5.881468e+00 5.935708e+00 : 8.440840e-01
3010(1000) (1.75e+00 1.77e+00) XE:1.77e-01 (1.20e+00 1.21e+00 | 7.55e-01 6.56e-01)	5.880750e+00 5.935425e+00 : 8.440125e-01
3033(1000) (1.27e+00 1.77e+00) XE:1.77e-01 (1.20e+00 1.21e+00 | 6.70e-01 6.56e-01)	5.880500e+00 5.935517e+00 : 8.440012e-01
3056(997) (1.91e+00 1.77e+00) XE:1.77e-01 (1.21e+00 1.21e+00 | 6.38e-01 6.56e-01)	5.880290e+00 5.935030e+00 : 8.439514e-01
3080(996) (1.79e+00 1.77e+00) XE:1.77e-01 (1.22e+00 1.21e+00 | 6.16e-01 6.56e-01)	5.880265e+00 5.934951e+00 : 8.439440e-01
3103(996) (1.66e+00 1.77e+00) XE:1.77e-01 (1.24e+00 1.21e+00 | 6.68e-01 6.56e-01)	5.879886e+00 5.934255e+00 : 8.438672e-01
3126(1010) (1.62e+00 1.77e+00) XE:1.77e-01 (1.22e+00 1.21e+00 | 6.50e-01 6.56e-01)	5.879088e+00 5.933296e+00 : 8.437417e-01
3150(992) (1.73e+00 1.77e+00) XE:1.77e-01 (1.20e+00 1.21e+00 | 6.80e-01 6.56e-01)	5.878197e+00 5.932833e+00 : 8.436450e-01
3173(1000) (1.69e+00 1.77e+00) XE:1.77e-01 (1.22e+00 1.21e+00 | 6.40e-01 6.56e-01)	5.878097e+00 5.932331e+00 : 8.436020e-01
3196(987) (1.60e+00 1.77e+00) XE:1.77e-01 (1.22e+00 1.21e+00 | 6.62e-01 6.56e-01)	5.877688e+00 5.932085e+00 : 8.435552e-01
3220(1001) (1.43e+00 1.77e+00) XE:1.77e-01 (1.23e+00 1.21e+00 | 6.28e-01 6.56e-01)	5.878073e+00 5.931564e+00 : 8.435455e-01
3243(991) (1.76e+00 1.77e+00) XE:1.77e-01 (1.24e+00 1.21e+00 | 7.49e-01 6.56e-01)	5.877291e+00 5.931047e+00 : 8.434527e-01
3266(998) (1.57e+00 1.77e+00) XE:1.77e-01 (1.20e+00 1.21e+00 | 6.05e-01 6.56e-01)	5.876924e+00 5.930847e+00 : 8.434122e-01
3290(997) (1.75e+00 1.77e+00) XE:1.77e-01 (1.22e+00 1.21e+00 | 6.24e-01 6.56e-01)	5.876724e+00 5.930105e+00 : 8.433449e-01
3313(997) (1.66e+00 1.78e+00) XE:1.78e-01 (1.21e+00 1.21e+00 | 6.96e-01 6.56e-01)	5.875793e+00 5.929300e+00 : 8.432209e-01
3336(1003) (1.90e+00 1.78e+00) XE:1.78e-01 (1.22e+00 1.21e+00 | 6.76e-01 6.56e-01)	5.875133e+00 5.928737e+00 : 8.431336e-01
3360(1013) (1.41e+00 1.78e+00) XE:1.78e-01 (1.25e+00 1.21e+00 | 7.25e-01 6.56e-01)	5.874738e+00 5.928108e+00 : 8.430605e-01
3383(986) (1.84e+00 1.78e+00) XE:1.78e-01 (1.23e+00 1.21e+00 | 6.84e-01 6.56e-01)	5.874658e+00 5.927947e+00 : 8.430432e-01
3406(990) (1.68e+00 1.78e+00) XE:1.78e-01 (1.20e+00 1.21e+00 | 6.22e-01 6.56e-01)	5.874493e+00 5.927916e+00 : 8.430292e-01
3430(993) (1.82e+00 1.78e+00) XE:1.78e-01 (1.21e+00 1.21e+00 | 6.82e-01 6.56e-01)	5.874243e+00 5.927308e+00 : 8.429679e-01
3453(999) (2.09e+00 1.78e+00) XE:1.78e-01 (1.19e+00 1.21e+00 | 6.40e-01 6.56e-01)	5.873676e+00 5.927005e+00 : 8.429058e-01
3476(1004) (1.73e+00 1.77e+00) XE:1.77e-01 (1.22e+00 1.21e+00 | 6.86e-01 6.56e-01)	5.874106e+00 5.927231e+00 : 8.429526e-01
3500(998) (1.50e+00 1.77e+00) XE:1.77e-01 (1.22e+00 1.21e+00 | 6.72e-01 6.56e-01)	5.872961e+00 5.926213e+00 : 8.427982e-01
3523(1001) (1.59e+00 1.77e+00) XE:1.77e-01 (1.23e+00 1.21e+00 | 6.52e-01 6.56e-01)	5.872895e+00 5.925847e+00 : 8.427673e-01
3546(997) (1.56e+00 1.77e+00) XE:1.77e-01 (1.19e+00 1.21e+00 | 6.56e-01 6.56e-01)	5.872321e+00 5.925206e+00 : 8.426805e-01
3570(1000) (1.91e+00 1.78e+00) XE:1.78e-01 (1.22e+00 1.21e+00 | 6.38e-01 6.56e-01)	5.872236e+00 5.924831e+00 : 8.426477e-01
3593(1006) (1.73e+00 1.78e+00) XE:1.78e-01 (1.21e+00 1.21e+00 | 6.92e-01 6.56e-01)	5.872054e+00 5.924700e+00 : 8.426253e-01
3616(1001) (1.86e+00 1.77e+00) XE:1.77e-01 (1.21e+00 1.21e+00 | 6.62e-01 6.56e-01)	5.871908e+00 5.924859e+00 : 8.426262e-01
3640(998) (1.67e+00 1.77e+00) XE:1.77e-01 (1.20e+00 1.21e+00 | 6.03e-01 6.56e-01)	5.872048e+00 5.924907e+00 : 8.426396e-01
3663(1005) (1.92e+00 1.77e+00) XE:1.77e-01 (1.23e+00 1.21e+00 | 6.44e-01 6.56e-01)	5.871224e+00 5.924720e+00 : 8.425674e-01
3686(990) (2.11e+00 1.77e+00) XE:1.77e-01 (1.21e+00 1.21e+00 | 6.44e-01 6.56e-01)	5.871495e+00 5.924429e+00 : 8.425659e-01
3710(1017) (1.93e+00 1.77e+00) XE:1.77e-01 (1.19e+00 1.21e+00 | 6.42e-01 6.56e-01)	5.871732e+00 5.924355e+00 : 8.425777e-01
3733(991) (1.83e+00 1.77e+00) XE:1.77e-01 (1.19e+00 1.21e+00 | 7.02e-01 6.56e-01)	5.871207e+00 5.923916e+00 : 8.425088e-01
3757(999) (1.88e+00 1.77e+00) XE:1.77e-01 (1.18e+00 1.21e+00 | 6.64e-01 6.56e-01)	5.871725e+00 5.923563e+00 : 8.425205e-01
3780(1005) (1.35e+00 1.77e+00) XE:1.77e-01 (1.20e+00 1.21e+00 | 6.40e-01 6.57e-01)	5.871853e+00 5.923625e+00 : 8.425341e-01
3803(1007) (1.25e+00 1.77e+00) XE:1.77e-01 (1.21e+00 1.21e+00 | 7.18e-01 6.57e-01)	5.871691e+00 5.923205e+00 : 8.424926e-01
3826(990) (1.92e+00 1.77e+00) XE:1.77e-01 (1.21e+00 1.21e+00 | 6.50e-01 6.57e-01)	5.871583e+00 5.922670e+00 : 8.424466e-01
3852(1014) (1.70e+00 1.77e+00) XE:1.77e-01 (1.21e+00 1.21e+00 | 6.82e-01 6.57e-01)	5.871369e+00 5.922867e+00 : 8.424455e-01
3879(1001) (1.60e+00 1.77e+00) XE:1.77e-01 (1.22e+00 1.21e+00 | 6.46e-01 6.57e-01)	5.870921e+00 5.922525e+00 : 8.423890e-01
3907(1016) (1.70e+00 1.77e+00) XE:1.77e-01 (1.21e+00 1.21e+00 | 7.08e-01 6.57e-01)	5.870904e+00 5.922646e+00 : 8.423964e-01
3934(996) (1.58e+00 1.77e+00) XE:1.77e-01 (1.20e+00 1.21e+00 | 6.36e-01 6.56e-01)	5.870643e+00 5.922400e+00 : 8.423602e-01
3961(992) (1.87e+00 1.77e+00) XE:1.77e-01 (1.21e+00 1.21e+00 | 6.36e-01 6.56e-01)	5.870385e+00 5.922605e+00 : 8.423564e-01
3988(1006) (1.36e+00 1.77e+00) XE:1.77e-01 (1.23e+00 1.21e+00 | 5.71e-01 6.56e-01)	5.870464e+00 5.922340e+00 : 8.423431e-01
4015(1002) (1.52e+00 1.77e+00) XE:1.77e-01 (1.23e+00 1.21e+00 | 6.80e-01 6.56e-01)	5.870724e+00 5.922520e+00 : 8.423746e-01
4042(987) (2.11e+00 1.77e+00) XE:1.77e-01 (1.19e+00 1.21e+00 | 6.30e-01 6.56e-01)	5.870462e+00 5.922590e+00 : 8.423609e-01
4070(1003) (1.68e+00 1.77e+00) XE:1.77e-01 (1.19e+00 1.21e+00 | 7.00e-01 6.56e-01)	5.870597e+00 5.923013e+00 : 8.424007e-01
4097(992) (1.47e+00 1.77e+00) XE:1.77e-01 (1.23e+00 1.21e+00 | 6.68e-01 6.56e-01)	5.870107e+00 5.922613e+00 : 8.423371e-01
4124(1001) (1.26e+00 1.77e+00) XE:1.77e-01 (1.20e+00 1.21e+00 | 5.69e-01 6.56e-01)	5.870039e+00 5.922832e+00 : 8.423479e-01
4151(995) (2.20e+00 1.77e+00) XE:1.77e-01 (1.24e+00 1.21e+00 | 6.36e-01 6.56e-01)	5.869734e+00 5.922654e+00 : 8.423134e-01
4178(1005) (1.79e+00 1.77e+00) XE:1.77e-01 (1.24e+00 1.21e+00 | 6.88e-01 6.56e-01)	5.869974e+00 5.922882e+00 : 8.423468e-01
4205(1002) (1.49e+00 1.77e+00) XE:1.77e-01 (1.20e+00 1.21e+00 | 7.02e-01 6.56e-01)	5.869797e+00 5.922691e+00 : 8.423206e-01
4232(1021) (1.48e+00 1.77e+00) XE:1.77e-01 (1.23e+00 1.21e+00 | 6.56e-01 6.56e-01)	5.868924e+00 5.922668e+00 : 8.422566e-01
4260(1015) (1.75e+00 1.77e+00) XE:1.77e-01 (1.19e+00 1.21e+00 | 5.79e-01 6.56e-01)	5.868610e+00 5.922155e+00 : 8.421976e-01
4287(1004) (1.59e+00 1.77e+00) XE:1.77e-01 (1.15e+00 1.21e+00 | 6.34e-01 6.56e-01)	5.868868e+00 5.922368e+00 : 8.422311e-01
4314(1003) (1.62e+00 1.77e+00) XE:1.77e-01 (1.19e+00 1.21e+00 | 5.97e-01 6.56e-01)	5.869129e+00 5.921971e+00 : 8.422214e-01
4341(999) (2.00e+00 1.77e+00) XE:1.77e-01 (1.22e+00 1.21e+00 | 6.30e-01 6.56e-01)	5.869133e+00 5.921788e+00 : 8.422087e-01
4368(997) (2.09e+00 1.77e+00) XE:1.77e-01 (1.22e+00 1.21e+00 | 6.44e-01 6.56e-01)	5.869364e+00 5.921462e+00 : 8.422018e-01
4395(1011) (1.50e+00 1.77e+00) XE:1.77e-01 (1.22e+00 1.21e+00 | 6.76e-01 6.56e-01)	5.868946e+00 5.921494e+00 : 8.421743e-01
4423(1003) (1.84e+00 1.77e+00) XE:1.77e-01 (1.19e+00 1.21e+00 | 6.46e-01 6.56e-01)	5.869230e+00 5.921672e+00 : 8.422073e-01
4450(989) (1.86e+00 1.77e+00) XE:1.77e-01 (1.20e+00 1.21e+00 | 7.18e-01 6.56e-01)	5.869512e+00 5.921948e+00 : 8.422472e-01
4477(991) (1.91e+00 1.77e+00) XE:1.77e-01 (1.20e+00 1.21e+00 | 6.42e-01 6.56e-01)	5.869128e+00 5.921710e+00 : 8.422027e-01
4504(1006) (1.73e+00 1.77e+00) XE:1.77e-01 (1.21e+00 1.21e+00 | 6.94e-01 6.56e-01)	5.868441e+00 5.921246e+00 : 8.421205e-01
4531(1006) (2.21e+00 1.77e+00) XE:1.77e-01 (1.23e+00 1.21e+00 | 6.32e-01 6.56e-01)	5.868005e+00 5.921022e+00 : 8.420734e-01
4558(1005) (1.82e+00 1.77e+00) XE:1.77e-01 (1.22e+00 1.21e+00 | 7.14e-01 6.56e-01)	5.867456e+00 5.921033e+00 : 8.420349e-01
4585(1003) (1.56e+00 1.77e+00) XE:1.77e-01 (1.18e+00 1.21e+00 | 6.58e-01 6.56e-01)	5.866870e+00 5.920252e+00 : 8.419372e-01
4612(1001) (1.44e+00 1.77e+00) XE:1.77e-01 (1.19e+00 1.21e+00 | 6.26e-01 6.56e-01)	5.865978e+00 5.919754e+00 : 8.418380e-01
4640(990) (1.81e+00 1.77e+00) XE:1.77e-01 (1.22e+00 1.21e+00 | 6.72e-01 6.56e-01)	5.866226e+00 5.919810e+00 : 8.418597e-01
4667(1002) (1.82e+00 1.77e+00) XE:1.77e-01 (1.17e+00 1.21e+00 | 6.36e-01 6.56e-01)	5.865797e+00 5.919570e+00 : 8.418119e-01
4694(999) (2.10e+00 1.77e+00) XE:1.77e-01 (1.23e+00 1.21e+00 | 6.42e-01 6.56e-01)	5.865758e+00 5.919378e+00 : 8.417955e-01
4721(991) (2.18e+00 1.77e+00) XE:1.77e-01 (1.21e+00 1.21e+00 | 6.58e-01 6.56e-01)	5.865485e+00 5.918848e+00 : 8.417381e-01
4748(1008) (1.43e+00 1.77e+00) XE:1.77e-01 (1.20e+00 1.21e+00 | 5.99e-01 6.56e-01)	5.865617e+00 5.918720e+00 : 8.417384e-01
4775(1002) (2.01e+00 1.77e+00) XE:1.77e-01 (1.19e+00 1.21e+00 | 6.94e-01 6.56e-01)	5.865462e+00 5.918709e+00 : 8.417265e-01
4802(996) (1.83e+00 1.77e+00) XE:1.77e-01 (1.19e+00 1.21e+00 | 6.16e-01 6.56e-01)	5.865223e+00 5.918480e+00 : 8.416931e-01
4830(991) (1.66e+00 1.77e+00) XE:1.77e-01 (1.19e+00 1.21e+00 | 6.50e-01 6.56e-01)	5.865203e+00 5.918518e+00 : 8.416944e-01
4857(992) (1.59e+00 1.77e+00) XE:1.77e-01 (1.21e+00 1.21e+00 | 6.22e-01 6.56e-01)	5.863995e+00 5.917271e+00 : 8.415190e-01
4884(996) (1.91e+00 1.77e+00) XE:1.77e-01 (1.18e+00 1.21e+00 | 6.07e-01 6.56e-01)	5.863652e+00 5.916973e+00 : 8.414732e-01
4911(1014) (1.54e+00 1.77e+00) XE:1.77e-01 (1.20e+00 1.21e+00 | 6.92e-01 6.56e-01)	5.863727e+00 5.916675e+00 : 8.414573e-01
4938(999) (1.56e+00 1.77e+00) XE:1.77e-01 (1.19e+00 1.21e+00 | 6.52e-01 6.56e-01)	5.863325e+00 5.916390e+00 : 8.414082e-01
4965(993) (1.47e+00 1.77e+00) XE:1.77e-01 (1.25e+00 1.21e+00 | 7.65e-01 6.56e-01)	5.863079e+00 5.916120e+00 : 8.413713e-01
4992(1001) (1.59e+00 1.77e+00) XE:1.77e-01 (1.17e+00 1.21e+00 | 6.40e-01 6.56e-01)	5.863288e+00 5.916321e+00 : 8.414006e-01
5020(990) (1.90e+00 1.77e+00) XE:1.77e-01 (1.20e+00 1.21e+00 | 6.30e-01 6.56e-01)	5.863537e+00 5.916447e+00 : 8.414275e-01
5047(1004) (1.74e+00 1.77e+00) XE:1.77e-01 (1.18e+00 1.21e+00 | 6.42e-01 6.56e-01)	5.863337e+00 5.916373e+00 : 8.414079e-01
5074(998) (1.79e+00 1.77e+00) XE:1.77e-01 (1.18e+00 1.21e+00 | 6.20e-01 6.56e-01)	5.863274e+00 5.916456e+00 : 8.414093e-01
5101(995) (1.75e+00 1.77e+00) XE:1.77e-01 (1.20e+00 1.21e+00 | 6.48e-01 6.56e-01)	5.862620e+00 5.916325e+00 : 8.413531e-01
5128(1008) (1.55e+00 1.77e+00) XE:1.77e-01 (1.23e+00 1.21e+00 | 6.76e-01 6.56e-01)	5.862044e+00 5.916041e+00 : 8.412918e-01
5155(992) (1.57e+00 1.77e+00) XE:1.77e-01 (1.20e+00 1.21e+00 | 6.78e-01 6.56e-01)	5.861780e+00 5.916114e+00 : 8.412782e-01
5182(1000) (1.84e+00 1.77e+00) XE:1.77e-01 (1.22e+00 1.21e+00 | 5.75e-01 6.56e-01)	5.861286e+00 5.915839e+00 : 8.412232e-01
5209(997) (1.63e+00 1.77e+00) XE:1.77e-01 (1.18e+00 1.21e+00 | 6.80e-01 6.56e-01)	5.860814e+00 5.915677e+00 : 8.411779e-01
5237(1005) (1.51e+00 1.77e+00) XE:1.77e-01 (1.19e+00 1.21e+00 | 6.18e-01 6.56e-01)	5.860709e+00 5.915657e+00 : 8.411690e-01
5264(1005) (1.49e+00 1.77e+00) XE:1.77e-01 (1.19e+00 1.21e+00 | 6.40e-01 6.56e-01)	5.860873e+00 5.916052e+00 : 8.412090e-01
5291(998) (1.72e+00 1.77e+00) XE:1.77e-01 (1.19e+00 1.21e+00 | 6.16e-01 6.56e-01)	5.860453e+00 5.916159e+00 : 8.411866e-01
5318(1006) (1.41e+00 1.77e+00) XE:1.77e-01 (1.20e+00 1.21e+00 | 6.56e-01 6.56e-01)	5.860470e+00 5.915932e+00 : 8.411716e-01
5345(998) (1.80e+00 1.77e+00) XE:1.77e-01 (1.21e+00 1.21e+00 | 6.76e-01 6.56e-01)	5.860138e+00 5.915361e+00 : 8.411071e-01
5372(995) (1.96e+00 1.77e+00) XE:1.77e-01 (1.18e+00 1.21e+00 | 6.66e-01 6.56e-01)	5.859585e+00 5.915049e+00 : 8.410453e-01
5399(1010) (1.68e+00 1.77e+00) XE:1.77e-01 (1.22e+00 1.21e+00 | 6.07e-01 6.56e-01)	5.859650e+00 5.914845e+00 : 8.410354e-01
5427(1006) (1.62e+00 1.77e+00) XE:1.77e-01 (1.24e+00 1.21e+00 | 7.53e-01 6.56e-01)	5.859911e+00 5.914727e+00 : 8.410456e-01
5454(996) (1.50e+00 1.77e+00) XE:1.77e-01 (1.23e+00 1.21e+00 | 6.74e-01 6.56e-01)	5.859619e+00 5.914510e+00 : 8.410092e-01
5481(989) (1.49e+00 1.77e+00) XE:1.77e-01 (1.21e+00 1.21e+00 | 5.95e-01 6.56e-01)	5.859124e+00 5.914217e+00 : 8.409530e-01
5508(1009) (1.34e+00 1.77e+00) XE:1.77e-01 (1.19e+00 1.21e+00 | 6.14e-01 6.56e-01)	5.859148e+00 5.914307e+00 : 8.409611e-01
5535(1005) (1.98e+00 1.77e+00) XE:1.77e-01 (1.22e+00 1.21e+00 | 7.12e-01 6.56e-01)	5.858953e+00 5.914324e+00 : 8.409484e-01
5562(1007) (1.79e+00 1.77e+00) XE:1.77e-01 (1.22e+00 1.21e+00 | 6.50e-01 6.56e-01)	5.859172e+00 5.914383e+00 : 8.409682e-01
5589(995) (1.48e+00 1.77e+00) XE:1.77e-01 (1.20e+00 1.21e+00 | 7.31e-01 6.56e-01)	5.859070e+00 5.914280e+00 : 8.409536e-01
5617(1002) (1.60e+00 1.77e+00) XE:1.77e-01 (1.19e+00 1.21e+00 | 6.86e-01 6.56e-01)	5.859151e+00 5.914177e+00 : 8.409520e-01
5644(996) (1.85e+00 1.77e+00) XE:1.77e-01 (1.20e+00 1.21e+00 | 6.94e-01 6.56e-01)	5.858808e+00 5.914064e+00 : 8.409194e-01
5671(1005) (1.52e+00 1.77e+00) XE:1.77e-01 (1.21e+00 1.21e+00 | 7.16e-01 6.56e-01)	5.858894e+00 5.914051e+00 : 8.409247e-01
5698(994) (1.88e+00 1.77e+00) XE:1.77e-01 (1.22e+00 1.21e+00 | 6.92e-01 6.56e-01)	5.858947e+00 5.913655e+00 : 8.409001e-01
5725(998) (1.47e+00 1.77e+00) XE:1.77e-01 (1.20e+00 1.21e+00 | 6.26e-01 6.56e-01)	5.858843e+00 5.913846e+00 : 8.409064e-01
5752(1000) (1.66e+00 1.77e+00) XE:1.77e-01 (1.22e+00 1.21e+00 | 6.46e-01 6.56e-01)	5.858743e+00 5.913834e+00 : 8.408983e-01
5779(1001) (1.53e+00 1.77e+00) XE:1.77e-01 (1.23e+00 1.21e+00 | 6.36e-01 6.56e-01)	5.858268e+00 5.913799e+00 : 8.408619e-01
5807(997) (1.75e+00 1.77e+00) XE:1.77e-01 (1.22e+00 1.21e+00 | 6.22e-01 6.56e-01)	5.858420e+00 5.914123e+00 : 8.408959e-01
5834(1005) (1.38e+00 1.77e+00) XE:1.77e-01 (1.20e+00 1.21e+00 | 6.80e-01 6.56e-01)	5.858263e+00 5.913972e+00 : 8.408740e-01
5861(991) (1.71e+00 1.77e+00) XE:1.77e-01 (1.23e+00 1.21e+00 | 6.88e-01 6.56e-01)	5.857996e+00 5.913812e+00 : 8.408434e-01
5888(1002) (1.74e+00 1.77e+00) XE:1.77e-01 (1.21e+00 1.21e+00 | 6.56e-01 6.56e-01)	5.858151e+00 5.913766e+00 : 8.408513e-01
5915(999) (1.74e+00 1.77e+00) XE:1.77e-01 (1.19e+00 1.21e+00 | 6.56e-01 6.56e-01)	5.858216e+00 5.913809e+00 : 8.408589e-01
5942(999) (1.55e+00 1.77e+00) XE:1.77e-01 (1.19e+00 1.21e+00 | 5.97e-01 6.56e-01)	5.857830e+00 5.913926e+00 : 8.408397e-01
5970(983) (2.02e+00 1.77e+00) XE:1.77e-01 (1.24e+00 1.21e+00 | 6.44e-01 6.56e-01)	5.857409e+00 5.913853e+00 : 8.408044e-01
5997(1001) (1.65e+00 1.77e+00) XE:1.77e-01 (1.19e+00 1.21e+00 | 6.30e-01 6.56e-01)	5.857331e+00 5.913695e+00 : 8.407876e-01
6024(991) (1.65e+00 1.77e+00) XE:1.77e-01 (1.21e+00 1.21e+00 | 6.68e-01 6.56e-01)	5.857189e+00 5.913575e+00 : 8.407688e-01
6051(1010) (1.89e+00 1.77e+00) XE:1.77e-01 (1.22e+00 1.21e+00 | 6.82e-01 6.56e-01)	5.857300e+00 5.913337e+00 : 8.407598e-01
6078(998) (2.38e+00 1.77e+00) XE:1.77e-01 (1.21e+00 1.21e+00 | 6.44e-01 6.56e-01)	5.856994e+00 5.913242e+00 : 8.407311e-01
6105(995) (2.01e+00 1.77e+00) XE:1.77e-01 (1.20e+00 1.21e+00 | 6.30e-01 6.56e-01)	5.857018e+00 5.912998e+00 : 8.407154e-01
6132(990) (1.61e+00 1.77e+00) XE:1.77e-01 (1.22e+00 1.21e+00 | 6.44e-01 6.56e-01)	5.856948e+00 5.913080e+00 : 8.407162e-01
6160(1000) (1.79e+00 1.77e+00) XE:1.77e-01 (1.19e+00 1.21e+00 | 6.22e-01 6.56e-01)	5.856687e+00 5.912673e+00 : 8.406685e-01
6187(999) (1.86e+00 1.77e+00) XE:1.77e-01 (1.19e+00 1.21e+00 | 6.48e-01 6.56e-01)	5.856053e+00 5.912300e+00 : 8.405967e-01
6214(1000) (1.82e+00 1.77e+00) XE:1.77e-01 (1.21e+00 1.21e+00 | 5.99e-01 6.56e-01)	5.855576e+00 5.911815e+00 : 8.405279e-01
6241(1011) (1.60e+00 1.77e+00) XE:1.77e-01 (1.20e+00 1.21e+00 | 6.78e-01 6.56e-01)	5.855392e+00 5.911609e+00 : 8.405001e-01
6268(1002) (1.64e+00 1.77e+00) XE:1.77e-01 (1.24e+00 1.21e+00 | 6.84e-01 6.56e-01)	5.855182e+00 5.911659e+00 : 8.404887e-01
6295(1007) (1.57e+00 1.77e+00) XE:1.77e-01 (1.21e+00 1.21e+00 | 6.66e-01 6.56e-01)	5.854918e+00 5.911693e+00 : 8.404723e-01
6322(1001) (1.91e+00 1.77e+00) XE:1.77e-01 (1.22e+00 1.21e+00 | 6.32e-01 6.56e-01)	5.855063e+00 5.911765e+00 : 8.404878e-01
6350(1002) (1.71e+00 1.77e+00) XE:1.77e-01 (1.21e+00 1.21e+00 | 6.74e-01 6.56e-01)	5.855008e+00 5.911384e+00 : 8.404565e-01
6377(1007) (1.92e+00 1.77e+00) XE:1.77e-01 (1.20e+00 1.21e+00 | 6.24e-01 6.56e-01)	5.854631e+00 5.911225e+00 : 8.404183e-01
6404(998) (1.89e+00 1.77e+00) XE:1.77e-01 (1.20e+00 1.21e+00 | 6.86e-01 6.56e-01)	5.854647e+00 5.911414e+00 : 8.404329e-01
6431(1007) (2.21e+00 1.77e+00) XE:1.77e-01 (1.21e+00 1.21e+00 | 6.40e-01 6.56e-01)	5.854524e+00 5.911217e+00 : 8.404101e-01
6458(989) (2.27e+00 1.77e+00) XE:1.77e-01 (1.19e+00 1.21e+00 | 6.24e-01 6.56e-01)	5.854460e+00 5.911378e+00 : 8.404169e-01
6485(1015) (1.75e+00 1.77e+00) XE:1.77e-01 (1.21e+00 1.21e+00 | 6.18e-01 6.56e-01)	5.854172e+00 5.910913e+00 : 8.403632e-01
6512(996) (2.51e+00 1.77e+00) XE:1.77e-01 (1.19e+00 1.21e+00 | 6.38e-01 6.56e-01)	5.853935e+00 5.910357e+00 : 8.403066e-01
6539(1001) (1.67e+00 1.77e+00) XE:1.77e-01 (1.21e+00 1.21e+00 | 6.90e-01 6.56e-01)	5.853657e+00 5.909981e+00 : 8.402598e-01
6567(1002) (1.54e+00 1.77e+00) XE:1.77e-01 (1.22e+00 1.21e+00 | 6.34e-01 6.56e-01)	5.853949e+00 5.910015e+00 : 8.402831e-01
6594(1024) (1.79e+00 1.77e+00) XE:1.77e-01 (1.20e+00 1.21e+00 | 6.44e-01 6.56e-01)	5.853748e+00 5.910037e+00 : 8.402704e-01
6621(1008) (1.94e+00 1.77e+00) XE:1.77e-01 (1.21e+00 1.21e+00 | 6.28e-01 6.56e-01)	5.853601e+00 5.909818e+00 : 8.402442e-01
6648(990) (1.62e+00 1.77e+00) XE:1.77e-01 (1.23e+00 1.21e+00 | 6.98e-01 6.56e-01)	5.853463e+00 5.909803e+00 : 8.402333e-01
6675(999) (1.34e+00 1.77e+00) XE:1.77e-01 (1.19e+00 1.21e+00 | 6.50e-01 6.56e-01)	5.853300e+00 5.909754e+00 : 8.402181e-01
6702(1004) (1.90e+00 1.77e+00) XE:1.77e-01 (1.19e+00 1.21e+00 | 6.36e-01 6.56e-01)	5.853112e+00 5.909507e+00 : 8.401871e-01
6729(995) (2.06e+00 1.77e+00) XE:1.77e-01 (1.19e+00 1.21e+00 | 6.22e-01 6.56e-01)	5.853265e+00 5.909545e+00 : 8.402007e-01
6757(1006) (1.68e+00 1.77e+00) XE:1.77e-01 (1.21e+00 1.21e+00 | 6.52e-01 6.56e-01)	5.853139e+00 5.909542e+00 : 8.401915e-01
6784(1001) (1.58e+00 1.77e+00) XE:1.77e-01 (1.21e+00 1.21e+00 | 6.98e-01 6.56e-01)	5.852619e+00 5.909242e+00 : 8.401329e-01
6811(999) (2.01e+00 1.77e+00) XE:1.77e-01 (1.21e+00 1.21e+00 | 6.72e-01 6.56e-01)	5.852623e+00 5.908918e+00 : 8.401100e-01
6838(1001) (1.69e+00 1.77e+00) XE:1.77e-01 (1.22e+00 1.21e+00 | 7.08e-01 6.56e-01)	5.852814e+00 5.908963e+00 : 8.401269e-01
6865(997) (1.65e+00 1.77e+00) XE:1.77e-01 (1.18e+00 1.21e+00 | 6.62e-01 6.56e-01)	5.852536e+00 5.909167e+00 : 8.401216e-01
6892(1005) (1.85e+00 1.77e+00) XE:1.77e-01 (1.21e+00 1.21e+00 | 6.60e-01 6.56e-01)	5.852314e+00 5.908953e+00 : 8.400905e-01
6919(1008) (2.06e+00 1.77e+00) XE:1.77e-01 (1.23e+00 1.21e+00 | 6.74e-01 6.56e-01)	5.852473e+00 5.909020e+00 : 8.401067e-01
6947(992) (2.37e+00 1.77e+00) XE:1.77e-01 (1.22e+00 1.21e+00 | 6.32e-01 6.56e-01)	5.852247e+00 5.909140e+00 : 8.400991e-01
6974(985) (1.92e+00 1.77e+00) XE:1.77e-01 (1.20e+00 1.21e+00 | 6.72e-01 6.56e-01)	5.852010e+00 5.908908e+00 : 8.400656e-01
7001(999) (1.50e+00 1.77e+00) XE:1.77e-01 (1.22e+00 1.21e+00 | 6.40e-01 6.56e-01)	5.851919e+00 5.908904e+00 : 8.400587e-01
7028(1004) (1.57e+00 1.77e+00) XE:1.77e-01 (1.19e+00 1.21e+00 | 6.05e-01 6.56e-01)	5.851725e+00 5.908664e+00 : 8.400278e-01
7055(1003) (1.66e+00 1.77e+00) XE:1.77e-01 (1.18e+00 1.21e+00 | 5.81e-01 6.56e-01)	5.851287e+00 5.908297e+00 : 8.399703e-01
7082(997) (1.64e+00 1.77e+00) XE:1.77e-01 (1.19e+00 1.21e+00 | 6.58e-01 6.56e-01)	5.851104e+00 5.908241e+00 : 8.399532e-01
7109(1003) (1.92e+00 1.77e+00) XE:1.77e-01 (1.23e+00 1.21e+00 | 6.68e-01 6.56e-01)	5.851057e+00 5.908213e+00 : 8.399479e-01
7137(1009) (1.74e+00 1.77e+00) XE:1.77e-01 (1.19e+00 1.21e+00 | 5.99e-01 6.56e-01)	5.851239e+00 5.908182e+00 : 8.399586e-01
7164(1013) (1.37e+00 1.77e+00) XE:1.77e-01 (1.21e+00 1.21e+00 | 6.24e-01 6.56e-01)	5.851414e+00 5.908410e+00 : 8.399874e-01
7191(997) (1.83e+00 1.77e+00) XE:1.77e-01 (1.20e+00 1.21e+00 | 6.16e-01 6.56e-01)	5.851639e+00 5.908281e+00 : 8.399943e-01
7218(995) (1.91e+00 1.77e+00) XE:1.77e-01 (1.19e+00 1.21e+00 | 6.40e-01 6.56e-01)	5.851905e+00 5.908305e+00 : 8.400150e-01
7245(1002) (1.93e+00 1.77e+00) XE:1.77e-01 (1.21e+00 1.21e+00 | 6.72e-01 6.56e-01)	5.851856e+00 5.908559e+00 : 8.400296e-01
7272(996) (1.75e+00 1.77e+00) XE:1.77e-01 (1.23e+00 1.21e+00 | 7.10e-01 6.56e-01)	5.851716e+00 5.908620e+00 : 8.400240e-01
7299(995) (1.64e+00 1.77e+00) XE:1.77e-01 (1.20e+00 1.21e+00 | 6.76e-01 6.56e-01)	5.851652e+00 5.908890e+00 : 8.400388e-01
7326(1005) (1.63e+00 1.77e+00) XE:1.77e-01 (1.22e+00 1.21e+00 | 6.34e-01 6.56e-01)	5.851722e+00 5.908782e+00 : 8.400360e-01
7353(1005) (1.81e+00 1.77e+00) XE:1.77e-01 (1.21e+00 1.21e+00 | 7.04e-01 6.56e-01)	5.851608e+00 5.908534e+00 : 8.400101e-01
7381(997) (2.26e+00 1.77e+00) XE:1.77e-01 (1.23e+00 1.21e+00 | 6.38e-01 6.56e-01)	5.851213e+00 5.908386e+00 : 8.399713e-01
7408(985) (1.86e+00 1.77e+00) XE:1.77e-01 (1.20e+00 1.21e+00 | 6.09e-01 6.56e-01)	5.851169e+00 5.908280e+00 : 8.399607e-01
7435(1009) (1.63e+00 1.77e+00) XE:1.77e-01 (1.21e+00 1.21e+00 | 6.38e-01 6.56e-01)	5.850730e+00 5.907865e+00 : 8.398996e-01
7462(985) (1.72e+00 1.77e+00) XE:1.77e-01 (1.22e+00 1.21e+00 | 6.46e-01 6.56e-01)	5.850720e+00 5.907658e+00 : 8.398842e-01
7489(1001) (1.78e+00 1.77e+00) XE:1.77e-01 (1.20e+00 1.21e+00 | 6.88e-01 6.56e-01)	5.850587e+00 5.907262e+00 : 8.398463e-01
7516(989) (2.38e+00 1.77e+00) XE:1.77e-01 (1.22e+00 1.21e+00 | 6.90e-01 6.56e-01)	5.850506e+00 5.907164e+00 : 8.398336e-01
7544(988) (1.62e+00 1.77e+00) XE:1.77e-01 (1.24e+00 1.21e+00 | 6.70e-01 6.56e-01)	5.850550e+00 5.907142e+00 : 8.398351e-01
7571(1018) (1.47e+00 1.77e+00) XE:1.77e-01 (1.20e+00 1.21e+00 | 6.54e-01 6.56e-01)	5.850441e+00 5.907035e+00 : 8.398197e-01
7598(998) (2.02e+00 1.77e+00) XE:1.77e-01 (1.22e+00 1.21e+00 | 6.62e-01 6.56e-01)	5.850501e+00 5.906921e+00 : 8.398159e-01
7625(1002) (1.54e+00 1.77e+00) XE:1.77e-01 (1.20e+00 1.21e+00 | 7.14e-01 6.56e-01)	5.850614e+00 5.907076e+00 : 8.398350e-01
7652(993) (1.82e+00 1.77e+00) XE:1.77e-01 (1.21e+00 1.21e+00 | 6.86e-01 6.56e-01)	5.850404e+00 5.907155e+00 : 8.398257e-01
7679(1001) (1.41e+00 1.77e+00) XE:1.77e-01 (1.22e+00 1.21e+00 | 7.37e-01 6.56e-01)	5.850149e+00 5.906879e+00 : 8.397877e-01
7706(1011) (1.31e+00 1.77e+00) XE:1.77e-01 (1.22e+00 1.21e+00 | 6.88e-01 6.56e-01)	5.850181e+00 5.907022e+00 : 8.398002e-01
7733(1004) (1.96e+00 1.77e+00) XE:1.77e-01 (1.22e+00 1.21e+00 | 6.03e-01 6.56e-01)	5.850024e+00 5.906980e+00 : 8.397860e-01
7761(1000) (1.49e+00 1.77e+00) XE:1.77e-01 (1.20e+00 1.21e+00 | 6.48e-01 6.56e-01)	5.849899e+00 5.906938e+00 : 8.397741e-01
7788(997) (2.18e+00 1.77e+00) XE:1.77e-01 (1.20e+00 1.21e+00 | 6.76e-01 6.56e-01)	5.849776e+00 5.906839e+00 : 8.397581e-01
7815(1008) (1.76e+00 1.77e+00) XE:1.77e-01 (1.20e+00 1.21e+00 | 7.45e-01 6.56e-01)	5.849376e+00 5.906638e+00 : 8.397153e-01
7842(994) (2.06e+00 1.77e+00) XE:1.77e-01 (1.18e+00 1.21e+00 | 5.73e-01 6.56e-01)	5.849428e+00 5.906383e+00 : 8.397007e-01
7869(995) (2.19e+00 1.77e+00) XE:1.77e-01 (1.21e+00 1.21e+00 | 6.14e-01 6.56e-01)	5.849169e+00 5.905997e+00 : 8.396547e-01
7896(992) (1.55e+00 1.77e+00) XE:1.77e-01 (1.23e+00 1.21e+00 | 6.54e-01 6.56e-01)	5.849321e+00 5.905967e+00 : 8.396634e-01
7923(1000) (1.73e+00 1.77e+00) XE:1.77e-01 (1.20e+00 1.21e+00 | 6.56e-01 6.56e-01)	5.849220e+00 5.905974e+00 : 8.396567e-01
7950(997) (1.70e+00 1.77e+00) XE:1.77e-01 (1.20e+00 1.21e+00 | 6.16e-01 6.56e-01)	5.849126e+00 5.905860e+00 : 8.396418e-01
7978(1006) (1.39e+00 1.77e+00) XE:1.77e-01 (1.20e+00 1.21e+00 | 6.92e-01 6.56e-01)	5.849109e+00 5.905599e+00 : 8.396221e-01
8005(996) (1.50e+00 1.77e+00) XE:1.77e-01 (1.21e+00 1.21e+00 | 6.86e-01 6.56e-01)	5.849016e+00 5.905656e+00 : 8.396194e-01
8032(998) (1.66e+00 1.77e+00) XE:1.77e-01 (1.17e+00 1.21e+00 | 6.09e-01 6.56e-01)	5.848341e+00 5.905194e+00 : 8.395382e-01
8059(1011) (1.73e+00 1.77e+00) XE:1.77e-01 (1.22e+00 1.21e+00 | 6.36e-01 6.56e-01)	5.848012e+00 5.904938e+00 : 8.394964e-01
8086(998) (1.92e+00 1.77e+00) XE:1.77e-01 (1.22e+00 1.21e+00 | 6.76e-01 6.56e-01)	5.847622e+00 5.904772e+00 : 8.394567e-01
8113(1006) (1.72e+00 1.77e+00) XE:1.77e-01 (1.18e+00 1.21e+00 | 6.48e-01 6.56e-01)	5.847234e+00 5.904566e+00 : 8.394143e-01
8140(991) (1.96e+00 1.77e+00) XE:1.77e-01 (1.22e+00 1.21e+00 | 6.82e-01 6.56e-01)	5.847109e+00 5.904625e+00 : 8.394096e-01
8165(995) (1.88e+00 1.77e+00) XE:1.77e-01 (1.22e+00 1.21e+00 | 6.80e-01 6.56e-01)	5.846939e+00 5.904570e+00 : 8.393935e-01
8189(1001) (1.31e+00 1.77e+00) XE:1.77e-01 (1.22e+00 1.21e+00 | 6.74e-01 6.56e-01)	5.846721e+00 5.904503e+00 : 8.393731e-01
8212(1010) (1.77e+00 1.77e+00) XE:1.77e-01 (1.23e+00 1.21e+00 | 6.76e-01 6.56e-01)	5.846759e+00 5.904560e+00 : 8.393799e-01
8236(993) (1.41e+00 1.77e+00) XE:1.77e-01 (1.21e+00 1.21e+00 | 6.46e-01 6.56e-01)	5.846997e+00 5.904646e+00 : 8.394031e-01
8259(1007) (1.46e+00 1.77e+00) XE:1.77e-01 (1.21e+00 1.21e+00 | 6.76e-01 6.56e-01)	5.846921e+00 5.904591e+00 : 8.393937e-01
8283(1011) (1.60e+00 1.77e+00) XE:1.77e-01 (1.19e+00 1.21e+00 | 6.28e-01 6.56e-01)	5.847121e+00 5.904881e+00 : 8.394287e-01
8306(1000) (1.46e+00 1.77e+00) XE:1.77e-01 (1.21e+00 1.21e+00 | 6.74e-01 6.56e-01)	5.847089e+00 5.904689e+00 : 8.394127e-01
8329(1011) (1.38e+00 1.77e+00) XE:1.77e-01 (1.20e+00 1.21e+00 | 6.24e-01 6.56e-01)	5.847090e+00 5.904688e+00 : 8.394127e-01
8353(1014) (2.05e+00 1.77e+00) XE:1.77e-01 (1.16e+00 1.21e+00 | 6.90e-01 6.56e-01)	5.846950e+00 5.904584e+00 : 8.393952e-01
8376(992) (1.42e+00 1.77e+00) XE:1.77e-01 (1.21e+00 1.21e+00 | 6.62e-01 6.56e-01)	5.846964e+00 5.904380e+00 : 8.393817e-01
8400(985) (1.76e+00 1.77e+00) XE:1.77e-01 (1.20e+00 1.21e+00 | 7.20e-01 6.56e-01)	5.847107e+00 5.904414e+00 : 8.393943e-01
8423(996) (2.04e+00 1.77e+00) XE:1.77e-01 (1.21e+00 1.21e+00 | 6.70e-01 6.56e-01)	5.847119e+00 5.904390e+00 : 8.393935e-01
8447(997) (1.86e+00 1.77e+00) XE:1.77e-01 (1.19e+00 1.21e+00 | 6.74e-01 6.56e-01)	5.846780e+00 5.904222e+00 : 8.393573e-01
8470(1004) (1.52e+00 1.77e+00) XE:1.77e-01 (1.22e+00 1.21e+00 | 6.88e-01 6.56e-01)	5.846612e+00 5.904154e+00 : 8.393405e-01
8494(994) (2.40e+00 1.77e+00) XE:1.77e-01 (1.22e+00 1.21e+00 | 6.14e-01 6.56e-01)	5.846373e+00 5.903866e+00 : 8.393028e-01
8517(1007) (1.57e+00 1.77e+00) XE:1.77e-01 (1.22e+00 1.21e+00 | 7.06e-01 6.56e-01)	5.846494e+00 5.903862e+00 : 8.393112e-01
8541(983) (1.87e+00 1.77e+00) XE:1.77e-01 (1.20e+00 1.21e+00 | 6.38e-01 6.56e-01)	5.846593e+00 5.903943e+00 : 8.393240e-01
8564(990) (2.13e+00 1.77e+00) XE:1.77e-01 (1.17e+00 1.21e+00 | 5.81e-01 6.56e-01)	5.846551e+00 5.904057e+00 : 8.393292e-01
8588(985) (2.16e+00 1.77e+00) XE:1.77e-01 (1.23e+00 1.21e+00 | 6.44e-01 6.56e-01)	5.846554e+00 5.903838e+00 : 8.393137e-01
8611(1009) (1.72e+00 1.77e+00) XE:1.77e-01 (1.22e+00 1.21e+00 | 6.82e-01 6.56e-01)	5.846515e+00 5.903833e+00 : 8.393106e-01
8635(985) (1.88e+00 1.77e+00) XE:1.77e-01 (1.23e+00 1.21e+00 | 6.98e-01 6.56e-01)	5.846440e+00 5.903640e+00 : 8.392915e-01
8658(1000) (1.58e+00 1.77e+00) XE:1.77e-01 (1.17e+00 1.21e+00 | 6.44e-01 6.56e-01)	5.845913e+00 5.903266e+00 : 8.392270e-01
8682(986) (2.08e+00 1.77e+00) XE:1.77e-01 (1.24e+00 1.21e+00 | 6.96e-01 6.56e-01)	5.845797e+00 5.903036e+00 : 8.392023e-01
8705(1000) (1.89e+00 1.77e+00) XE:1.77e-01 (1.20e+00 1.21e+00 | 6.28e-01 6.56e-01)	5.845791e+00 5.902936e+00 : 8.391948e-01
8729(1014) (1.43e+00 1.77e+00) XE:1.77e-01 (1.19e+00 1.21e+00 | 6.28e-01 6.56e-01)	5.845497e+00 5.902950e+00 : 8.391748e-01
8752(1004) (1.48e+00 1.77e+00) XE:1.77e-01 (1.24e+00 1.21e+00 | 6.90e-01 6.56e-01)	5.845556e+00 5.902930e+00 : 8.391775e-01
8776(1007) (2.07e+00 1.77e+00) XE:1.77e-01 (1.21e+00 1.21e+00 | 6.14e-01 6.56e-01)	5.845521e+00 5.903128e+00 : 8.391892e-01
8799(999) (1.66e+00 1.77e+00) XE:1.77e-01 (1.20e+00 1.21e+00 | 6.52e-01 6.56e-01)	5.845365e+00 5.903057e+00 : 8.391730e-01
8823(1001) (1.82e+00 1.77e+00) XE:1.77e-01 (1.20e+00 1.21e+00 | 6.46e-01 6.56e-01)	5.845285e+00 5.902747e+00 : 8.391451e-01
8846(998) (2.16e+00 1.77e+00) XE:1.77e-01 (1.24e+00 1.21e+00 | 6.66e-01 6.56e-01)	5.845323e+00 5.902669e+00 : 8.391422e-01
8870(987) (1.72e+00 1.77e+00) XE:1.77e-01 (1.20e+00 1.21e+00 | 6.90e-01 6.56e-01)	5.845435e+00 5.902577e+00 : 8.391437e-01
8893(993) (1.94e+00 1.77e+00) XE:1.77e-01 (1.21e+00 1.21e+00 | 6.24e-01 6.56e-01)	5.845496e+00 5.902446e+00 : 8.391387e-01
8917(1007) (1.53e+00 1.77e+00) XE:1.77e-01 (1.19e+00 1.21e+00 | 6.80e-01 6.56e-01)	5.845524e+00 5.902602e+00 : 8.391519e-01
8940(1000) (1.43e+00 1.77e+00) XE:1.77e-01 (1.19e+00 1.21e+00 | 6.48e-01 6.56e-01)	5.845359e+00 5.902516e+00 : 8.391339e-01
8964(1008) (1.74e+00 1.77e+00) XE:1.77e-01 (1.25e+00 1.21e+00 | 7.43e-01 6.56e-01)	5.845092e+00 5.902320e+00 : 8.391008e-01
8987(996) (1.70e+00 1.77e+00) XE:1.77e-01 (1.19e+00 1.21e+00 | 6.34e-01 6.56e-01)	5.844985e+00 5.902336e+00 : 8.390943e-01
9011(1004) (1.61e+00 1.77e+00) XE:1.77e-01 (1.20e+00 1.21e+00 | 6.52e-01 6.56e-01)	5.844826e+00 5.902330e+00 : 8.390826e-01
9034(998) (1.85e+00 1.77e+00) XE:1.77e-01 (1.23e+00 1.21e+00 | 6.88e-01 6.56e-01)	5.844706e+00 5.901957e+00 : 8.390474e-01
9057(996) (2.22e+00 1.77e+00) XE:1.77e-01 (1.22e+00 1.21e+00 | 6.28e-01 6.56e-01)	5.844736e+00 5.901937e+00 : 8.390481e-01
9081(1004) (2.13e+00 1.77e+00) XE:1.77e-01 (1.20e+00 1.21e+00 | 6.24e-01 6.56e-01)	5.844445e+00 5.902071e+00 : 8.390368e-01
9104(997) (2.31e+00 1.77e+00) XE:1.77e-01 (1.23e+00 1.21e+00 | 6.96e-01 6.56e-01)	5.844365e+00 5.901963e+00 : 8.390234e-01
9128(993) (2.26e+00 1.77e+00) XE:1.77e-01 (1.16e+00 1.21e+00 | 6.64e-01 6.56e-01)	5.844322e+00 5.901923e+00 : 8.390175e-01
9151(1009) (1.58e+00 1.77e+00) XE:1.77e-01 (1.22e+00 1.21e+00 | 6.50e-01 6.56e-01)	5.844325e+00 5.901964e+00 : 8.390206e-01
9175(1005) (4.88e+00 1.77e+00) XE:1.77e-01 (1.22e+00 1.21e+00 | 6.82e-01 6.56e-01)	5.843887e+00 5.901630e+00 : 8.389655e-01
9198(1009) (1.70e+00 1.77e+00) XE:1.77e-01 (1.19e+00 1.21e+00 | 6.20e-01 6.56e-01)	5.843869e+00 5.901520e+00 : 8.389563e-01
9222(993) (1.81e+00 1.77e+00) XE:1.77e-01 (1.20e+00 1.21e+00 | 6.64e-01 6.56e-01)	5.843709e+00 5.901433e+00 : 8.389387e-01
9245(989) (1.71e+00 1.77e+00) XE:1.77e-01 (1.20e+00 1.21e+00 | 6.01e-01 6.56e-01)	5.843529e+00 5.901314e+00 : 8.389173e-01
9269(1008) (1.50e+00 1.77e+00) XE:1.77e-01 (1.21e+00 1.21e+00 | 6.64e-01 6.56e-01)	5.843546e+00 5.901232e+00 : 8.389127e-01
9292(1003) (1.86e+00 1.77e+00) XE:1.77e-01 (1.21e+00 1.21e+00 | 6.88e-01 6.56e-01)	5.843572e+00 5.901276e+00 : 8.389177e-01
9316(1001) (1.65e+00 1.77e+00) XE:1.77e-01 (1.21e+00 1.21e+00 | 6.42e-01 6.56e-01)	5.843487e+00 5.901074e+00 : 8.388972e-01
9339(1008) (1.44e+00 1.77e+00) XE:1.77e-01 (1.22e+00 1.21e+00 | 6.50e-01 6.56e-01)	5.843455e+00 5.901006e+00 : 8.388901e-01
9362(996) (1.85e+00 1.77e+00) XE:1.77e-01 (1.17e+00 1.21e+00 | 6.12e-01 6.56e-01)	5.843335e+00 5.900912e+00 : 8.388748e-01
9386(996) (1.80e+00 1.77e+00) XE:1.77e-01 (1.21e+00 1.21e+00 | 6.76e-01 6.56e-01)	5.843354e+00 5.900788e+00 : 8.388673e-01
9409(1005) (1.48e+00 1.77e+00) XE:1.77e-01 (1.19e+00 1.21e+00 | 6.58e-01 6.56e-01)	5.843386e+00 5.900800e+00 : 8.388705e-01
9433(999) (2.15e+00 1.77e+00) XE:1.77e-01 (1.18e+00 1.21e+00 | 6.42e-01 6.56e-01)	5.843400e+00 5.900732e+00 : 8.388666e-01
9456(1003) (1.87e+00 1.77e+00) XE:1.77e-01 (1.22e+00 1.21e+00 | 7.16e-01 6.56e-01)	5.843436e+00 5.900734e+00 : 8.388693e-01
9480(1002) (2.04e+00 1.77e+00) XE:1.77e-01 (1.19e+00 1.21e+00 | 6.52e-01 6.56e-01)	5.843141e+00 5.900726e+00 : 8.388477e-01
9503(991) (1.24e+00 1.77e+00) XE:1.77e-01 (1.22e+00 1.21e+00 | 6.48e-01 6.56e-01)	5.843237e+00 5.900647e+00 : 8.388489e-01
9527(996) (1.97e+00 1.77e+00) XE:1.77e-01 (1.21e+00 1.21e+00 | 6.42e-01 6.56e-01)	5.843186e+00 5.900516e+00 : 8.388359e-01
9550(1006) (1.84e+00 1.77e+00) XE:1.77e-01 (1.23e+00 1.21e+00 | 6.72e-01 6.56e-01)	5.843091e+00 5.900342e+00 : 8.388167e-01
9574(1010) (1.78e+00 1.77e+00) XE:1.77e-01 (1.20e+00 1.21e+00 | 6.60e-01 6.56e-01)	5.843007e+00 5.900391e+00 : 8.388142e-01
9597(1014) (2.39e+00 1.77e+00) XE:1.77e-01 (1.19e+00 1.21e+00 | 6.56e-01 6.56e-01)	5.842779e+00 5.900371e+00 : 8.387964e-01
9621(1001) (1.91e+00 1.77e+00) XE:1.77e-01 (1.22e+00 1.21e+00 | 6.34e-01 6.56e-01)	5.842602e+00 5.900325e+00 : 8.387805e-01
9644(984) (1.76e+00 1.77e+00) XE:1.77e-01 (1.20e+00 1.21e+00 | 6.56e-01 6.56e-01)	5.842619e+00 5.900331e+00 : 8.387821e-01
9668(1003) (1.46e+00 1.77e+00) XE:1.77e-01 (1.19e+00 1.21e+00 | 6.44e-01 6.56e-01)	5.842679e+00 5.900347e+00 : 8.387876e-01
9691(990) (1.40e+00 1.77e+00) XE:1.77e-01 (1.19e+00 1.21e+00 | 6.18e-01 6.56e-01)	5.842672e+00 5.900357e+00 : 8.387878e-01
9715(996) (2.25e+00 1.77e+00) XE:1.77e-01 (1.23e+00 1.21e+00 | 6.44e-01 6.56e-01)	5.842458e+00 5.900201e+00 : 8.387613e-01
9738(1004) (2.16e+00 1.77e+00) XE:1.77e-01 (1.19e+00 1.21e+00 | 6.20e-01 6.56e-01)	5.842382e+00 5.900200e+00 : 8.387558e-01
9762(1008) (1.23e+00 1.77e+00) XE:1.77e-01 (1.21e+00 1.21e+00 | 5.97e-01 6.56e-01)	5.842333e+00 5.900013e+00 : 8.387390e-01
9785(1003) (1.87e+00 1.77e+00) XE:1.77e-01 (1.21e+00 1.21e+00 | 6.28e-01 6.56e-01)	5.842203e+00 5.899817e+00 : 8.387157e-01
9808(1001) (1.48e+00 1.77e+00) XE:1.77e-01 (1.21e+00 1.21e+00 | 6.52e-01 6.56e-01)	5.842262e+00 5.899601e+00 : 8.387045e-01
9832(1001) (1.69e+00 1.77e+00) XE:1.77e-01 (1.19e+00 1.21e+00 | 6.74e-01 6.56e-01)	5.841989e+00 5.899367e+00 : 8.386683e-01
9856(1002) (1.68e+00 1.77e+00) XE:1.77e-01 (1.20e+00 1.21e+00 | 6.14e-01 6.56e-01)	5.841950e+00 5.899415e+00 : 8.386689e-01
9879(985) (1.72e+00 1.77e+00) XE:1.77e-01 (1.19e+00 1.21e+00 | 7.31e-01 6.56e-01)	5.842088e+00 5.899393e+00 : 8.386773e-01
9902(999) (1.51e+00 1.77e+00) XE:1.77e-01 (1.20e+00 1.21e+00 | 6.34e-01 6.56e-01)	5.841994e+00 5.899481e+00 : 8.386767e-01
9926(996) (1.80e+00 1.77e+00) XE:1.77e-01 (1.19e+00 1.21e+00 | 6.34e-01 6.56e-01)	5.841974e+00 5.899454e+00 : 8.386734e-01
9949(1001) (2.20e+00 1.77e+00) XE:1.77e-01 (1.22e+00 1.21e+00 | 6.12e-01 6.56e-01)	5.841923e+00 5.899571e+00 : 8.386781e-01
9973(995) (1.78e+00 1.77e+00) XE:1.77e-01 (1.20e+00 1.21e+00 | 5.71e-01 6.56e-01)	5.841997e+00 5.899565e+00 : 8.386830e-01
9996(999) (2.05e+00 1.77e+00) XE:1.77e-01 (1.19e+00 1.21e+00 | 6.82e-01 6.56e-01)	5.841849e+00 5.899289e+00 : 8.386527e-01
10000(993) (1.99e+00 1.77e+00) XE:1.77e-01 (1.21e+00 1.21e+00 | 7.33e-01 6.56e-01)	5.841881e+00 5.899293e+00 : 8.386553e-01
RL cnt: 0,6682419,1433346,134948,8156,543,0,0,0,0,0,0,0,0,0,0,
BL cnt: 0,0,0,0,0,0,54468,0,1516824,0,6768085,0,1516201,0,54422,0,0,0,0,0,0,
5.841881e+00 5.899293e+00 : 8.386553e-01
# InnerCodebook: deleted
# NBIDSchannel: deleted
# Gtable: deleted
# FBalg4: deleted
# StatICB: deleted
