# (Pid,Ps)=(3.000000e-02,1.000000e-02) Nseg=200 WinSize=10 lmd=1 [0]
# InnerCB: ../search03/ICB/H12.bin
# Gtable:  Gtable/5/030_010.bin
# InnerCodebook: beta=5(1024) nu=2
# InnerCodebook: B(B2p)=8(256) 7(128) 
# InnerCodebook: checked CWM, EncMap, DecMap
# beta=5(1024) nu=2 N=1000 Dmax=35 WCmax=10000
# B=8,7,
# NBIDSchannel: N=1000 Q=4 Dmax=35 (Pid,Ps)=(3.000000e-02,1.000000e-02)
# FBalg4: Nseg=200 Dmax=35(w=71)
# FBalg4: Gtable: Gtable/5/030_010.bin
# Gtable: beta=5 (Pid,Ps,Ptrn)=(3.000000e-02,1.000000e-02,9.400000e-01) Pth=1.000000e-10
# Gtable: beta4p=1024 beta4pp=1048576
# Gtable::Gtable len=0 cnt=1024
# Gtable::Gtable len=1 cnt=4096
# Gtable::Gtable len=2 cnt=16384
# Gtable::Gtable len=3 cnt=65536
# Gtable::Gtable len=4 cnt=241636
# Gtable::Gtable len=5 cnt=779284
# Gtable::Gtable len=6 cnt=1541824
# Gtable::Gtable len=7 cnt=1451416
# Gtable::Gtable len=8 cnt=1264036
# Gtable::Gtable len=9 cnt=100348
# Gtable::Gtable len=10 cnt=1024
# FBalg4: beta=5(1024) (Pid,Ps)=(3.000000e-02,1.000000e-02) Pth=1.000000e-10 N=1000
# StatICB: nu=2 beta=5 beta4p=1024 Bsum=15 lmd=1
# StatICB: B=8,7,
0027(991) (2.08e+00 2.06e+00) XE:2.06e-01 (1.23e+00 1.22e+00 | 7.27e-01 6.54e-01)	7.286293e+00 6.357430e+00 : 9.095816e-01
0054(1006) (2.05e+00 2.08e+00) XE:2.08e-01 (1.19e+00 1.22e+00 | 6.56e-01 6.47e-01)	7.093667e+00 6.190900e+00 : 8.856378e-01
0081(1002) (1.97e+00 2.05e+00) XE:2.05e-01 (1.21e+00 1.22e+00 | 6.98e-01 6.50e-01)	6.990624e+00 6.073653e+00 : 8.709518e-01
0109(999) (2.05e+00 2.05e+00) XE:2.05e-01 (1.22e+00 1.22e+00 | 6.80e-01 6.49e-01)	6.907005e+00 5.994264e+00 : 8.600846e-01
0136(996) (1.79e+00 2.04e+00) XE:2.04e-01 (1.22e+00 1.22e+00 | 7.06e-01 6.48e-01)	6.850945e+00 5.948532e+00 : 8.532985e-01
0163(995) (2.50e+00 2.04e+00) XE:2.04e-01 (1.22e+00 1.22e+00 | 5.85e-01 6.47e-01)	6.804513e+00 5.903212e+00 : 8.471816e-01
0190(983) (1.92e+00 2.05e+00) XE:2.05e-01 (1.21e+00 1.22e+00 | 6.32e-01 6.45e-01)	6.761768e+00 5.862708e+00 : 8.416317e-01
0218(999) (2.35e+00 2.06e+00) XE:2.06e-01 (1.20e+00 1.22e+00 | 6.50e-01 6.47e-01)	6.719030e+00 5.827619e+00 : 8.364433e-01
0245(1005) (1.92e+00 2.06e+00) XE:2.06e-01 (1.24e+00 1.22e+00 | 6.48e-01 6.46e-01)	6.688974e+00 5.805429e+00 : 8.329602e-01
0272(1003) (2.08e+00 2.06e+00) XE:2.06e-01 (1.20e+00 1.22e+00 | 6.60e-01 6.46e-01)	6.660666e+00 5.791712e+00 : 8.301586e-01
0300(1014) (1.96e+00 2.07e+00) XE:2.07e-01 (1.23e+00 1.22e+00 | 6.38e-01 6.46e-01)	6.633236e+00 5.767891e+00 : 8.267418e-01
0327(986) (2.36e+00 2.07e+00) XE:2.07e-01 (1.23e+00 1.22e+00 | 6.46e-01 6.47e-01)	6.607958e+00 5.751044e+00 : 8.239335e-01
0354(1004) (2.32e+00 2.07e+00) XE:2.07e-01 (1.21e+00 1.22e+00 | 6.64e-01 6.46e-01)	6.594668e+00 5.737104e+00 : 8.221181e-01
0381(999) (2.40e+00 2.08e+00) XE:2.08e-01 (1.21e+00 1.22e+00 | 7.02e-01 6.45e-01)	6.576304e+00 5.719055e+00 : 8.196906e-01
0409(998) (1.95e+00 2.07e+00) XE:2.07e-01 (1.22e+00 1.22e+00 | 5.95e-01 6.45e-01)	6.565518e+00 5.712917e+00 : 8.185623e-01
0436(1016) (2.40e+00 2.07e+00) XE:2.07e-01 (1.20e+00 1.22e+00 | 6.50e-01 6.45e-01)	6.545925e+00 5.694972e+00 : 8.160598e-01
0463(1002) (1.87e+00 2.07e+00) XE:2.07e-01 (1.22e+00 1.22e+00 | 6.76e-01 6.44e-01)	6.530880e+00 5.680012e+00 : 8.140595e-01
0490(998) (2.36e+00 2.08e+00) XE:2.08e-01 (1.21e+00 1.22e+00 | 6.32e-01 6.44e-01)	6.517143e+00 5.668169e+00 : 8.123541e-01
0518(999) (2.61e+00 2.08e+00) XE:2.08e-01 (1.21e+00 1.22e+00 | 6.44e-01 6.45e-01)	6.508604e+00 5.660740e+00 : 8.112896e-01
0545(1012) (1.57e+00 2.07e+00) XE:2.07e-01 (1.21e+00 1.22e+00 | 6.34e-01 6.45e-01)	6.500531e+00 5.656973e+00 : 8.105002e-01
0572(1003) (1.91e+00 2.07e+00) XE:2.07e-01 (1.21e+00 1.22e+00 | 6.48e-01 6.44e-01)	6.494735e+00 5.652197e+00 : 8.097955e-01
0600(998) (1.74e+00 2.07e+00) XE:2.07e-01 (1.21e+00 1.22e+00 | 6.48e-01 6.44e-01)	6.484851e+00 5.645982e+00 : 8.087222e-01
0627(997) (1.87e+00 2.07e+00) XE:2.07e-01 (1.23e+00 1.22e+00 | 6.72e-01 6.44e-01)	6.482791e+00 5.644646e+00 : 8.084958e-01
0654(1014) (1.87e+00 2.06e+00) XE:2.06e-01 (1.23e+00 1.22e+00 | 6.78e-01 6.44e-01)	6.474937e+00 5.643351e+00 : 8.078859e-01
0681(998) (2.29e+00 2.06e+00) XE:2.06e-01 (1.21e+00 1.22e+00 | 6.09e-01 6.44e-01)	6.468074e+00 5.637573e+00 : 8.070431e-01
0709(1011) (2.21e+00 2.07e+00) XE:2.07e-01 (1.23e+00 1.22e+00 | 7.04e-01 6.45e-01)	6.458445e+00 5.629797e+00 : 8.058828e-01
0736(989) (2.51e+00 2.06e+00) XE:2.06e-01 (1.20e+00 1.22e+00 | 6.46e-01 6.45e-01)	6.456872e+00 5.628368e+00 : 8.056827e-01
0763(1002) (2.28e+00 2.06e+00) XE:2.06e-01 (1.22e+00 1.22e+00 | 6.88e-01 6.45e-01)	6.448184e+00 5.622353e+00 : 8.047024e-01
0790(1007) (2.49e+00 2.06e+00) XE:2.06e-01 (1.21e+00 1.22e+00 | 6.84e-01 6.45e-01)	6.445045e+00 5.623621e+00 : 8.045777e-01
0818(1016) (1.52e+00 2.06e+00) XE:2.06e-01 (1.21e+00 1.22e+00 | 6.70e-01 6.45e-01)	6.439261e+00 5.620278e+00 : 8.039692e-01
0845(991) (2.38e+00 2.06e+00) XE:2.06e-01 (1.19e+00 1.22e+00 | 6.68e-01 6.45e-01)	6.434883e+00 5.617681e+00 : 8.035042e-01
0872(1001) (2.22e+00 2.06e+00) XE:2.06e-01 (1.20e+00 1.22e+00 | 6.72e-01 6.45e-01)	6.427211e+00 5.609336e+00 : 8.024365e-01
0899(1012) (2.09e+00 2.06e+00) XE:2.06e-01 (1.21e+00 1.22e+00 | 6.24e-01 6.45e-01)	6.421180e+00 5.606495e+00 : 8.018450e-01
0927(1006) (1.65e+00 2.06e+00) XE:2.06e-01 (1.23e+00 1.22e+00 | 6.40e-01 6.45e-01)	6.418077e+00 5.603032e+00 : 8.014072e-01
0954(994) (1.85e+00 2.06e+00) XE:2.06e-01 (1.22e+00 1.22e+00 | 6.20e-01 6.45e-01)	6.411029e+00 5.600152e+00 : 8.007454e-01
0981(991) (2.20e+00 2.06e+00) XE:2.06e-01 (1.22e+00 1.22e+00 | 5.93e-01 6.45e-01)	6.407238e+00 5.597019e+00 : 8.002838e-01
1009(999) (1.44e+00 2.06e+00) XE:2.06e-01 (1.20e+00 1.22e+00 | 6.90e-01 6.45e-01)	6.403393e+00 5.594513e+00 : 7.998604e-01
1036(999) (2.19e+00 2.06e+00) XE:2.06e-01 (1.22e+00 1.22e+00 | 6.26e-01 6.45e-01)	6.400224e+00 5.594553e+00 : 7.996518e-01
1063(1000) (1.81e+00 2.06e+00) XE:2.06e-01 (1.20e+00 1.22e+00 | 6.48e-01 6.45e-01)	6.394248e+00 5.589925e+00 : 7.989448e-01
1090(987) (2.93e+00 2.07e+00) XE:2.07e-01 (1.20e+00 1.22e+00 | 6.58e-01 6.45e-01)	6.388957e+00 5.586058e+00 : 7.983343e-01
1118(993) (1.83e+00 2.07e+00) XE:2.07e-01 (1.21e+00 1.22e+00 | 6.34e-01 6.45e-01)	6.382747e+00 5.582690e+00 : 7.976958e-01
1145(998) (1.56e+00 2.07e+00) XE:2.07e-01 (1.22e+00 1.22e+00 | 5.91e-01 6.45e-01)	6.378155e+00 5.581186e+00 : 7.972894e-01
1172(1013) (1.62e+00 2.07e+00) XE:2.07e-01 (1.21e+00 1.22e+00 | 6.16e-01 6.45e-01)	6.375420e+00 5.579177e+00 : 7.969731e-01
1199(999) (2.22e+00 2.07e+00) XE:2.07e-01 (1.19e+00 1.22e+00 | 6.38e-01 6.45e-01)	6.371789e+00 5.574579e+00 : 7.964245e-01
1227(986) (2.08e+00 2.07e+00) XE:2.07e-01 (1.19e+00 1.22e+00 | 6.26e-01 6.45e-01)	6.371102e+00 5.572841e+00 : 7.962629e-01
1254(994) (2.17e+00 2.07e+00) XE:2.07e-01 (1.22e+00 1.22e+00 | 6.78e-01 6.45e-01)	6.366618e+00 5.571993e+00 : 7.959074e-01
1281(1005) (2.26e+00 2.07e+00) XE:2.07e-01 (1.21e+00 1.22e+00 | 5.91e-01 6.45e-01)	6.364974e+00 5.571288e+00 : 7.957508e-01
1308(1004) (2.16e+00 2.06e+00) XE:2.06e-01 (1.21e+00 1.22e+00 | 6.52e-01 6.45e-01)	6.362799e+00 5.570045e+00 : 7.955230e-01
1336(1000) (1.70e+00 2.06e+00) XE:2.06e-01 (1.21e+00 1.22e+00 | 5.95e-01 6.45e-01)	6.361539e+00 5.570471e+00 : 7.954673e-01
1363(1005) (2.10e+00 2.06e+00) XE:2.06e-01 (1.21e+00 1.22e+00 | 6.52e-01 6.45e-01)	6.357869e+00 5.568268e+00 : 7.950758e-01
1390(999) (2.00e+00 2.06e+00) XE:2.06e-01 (1.20e+00 1.22e+00 | 5.95e-01 6.45e-01)	6.355524e+00 5.567591e+00 : 7.948744e-01
1418(1000) (2.21e+00 2.06e+00) XE:2.06e-01 (1.20e+00 1.22e+00 | 5.95e-01 6.45e-01)	6.354316e+00 5.566751e+00 : 7.947378e-01
1445(1007) (1.53e+00 2.06e+00) XE:2.06e-01 (1.21e+00 1.22e+00 | 6.12e-01 6.44e-01)	6.351984e+00 5.564645e+00 : 7.944420e-01
1472(994) (1.94e+00 2.06e+00) XE:2.06e-01 (1.24e+00 1.22e+00 | 6.01e-01 6.44e-01)	6.347875e+00 5.562386e+00 : 7.940174e-01
1499(1003) (2.16e+00 2.06e+00) XE:2.06e-01 (1.26e+00 1.22e+00 | 6.44e-01 6.44e-01)	6.344373e+00 5.559289e+00 : 7.935775e-01
1527(1001) (2.27e+00 2.07e+00) XE:2.07e-01 (1.21e+00 1.22e+00 | 7.04e-01 6.45e-01)	6.341314e+00 5.558394e+00 : 7.933139e-01
1554(1007) (1.92e+00 2.07e+00) XE:2.07e-01 (1.22e+00 1.22e+00 | 6.03e-01 6.44e-01)	6.340343e+00 5.556619e+00 : 7.931308e-01
1581(1000) (2.02e+00 2.06e+00) XE:2.06e-01 (1.21e+00 1.22e+00 | 6.07e-01 6.44e-01)	6.339027e+00 5.555892e+00 : 7.929946e-01
1609(1015) (2.17e+00 2.07e+00) XE:2.07e-01 (1.21e+00 1.22e+00 | 6.40e-01 6.44e-01)	6.337208e+00 5.553736e+00 : 7.927296e-01
1636(995) (2.11e+00 2.07e+00) XE:2.07e-01 (1.21e+00 1.22e+00 | 7.08e-01 6.44e-01)	6.334917e+00 5.552737e+00 : 7.925103e-01
1663(999) (1.67e+00 2.07e+00) XE:2.07e-01 (1.22e+00 1.22e+00 | 5.87e-01 6.44e-01)	6.332857e+00 5.550259e+00 : 7.922077e-01
1690(1001) (2.01e+00 2.07e+00) XE:2.07e-01 (1.22e+00 1.22e+00 | 6.82e-01 6.44e-01)	6.330920e+00 5.548348e+00 : 7.919512e-01
1718(1014) (1.68e+00 2.07e+00) XE:2.07e-01 (1.23e+00 1.22e+00 | 6.44e-01 6.44e-01)	6.329575e+00 5.548338e+00 : 7.918609e-01
1745(1003) (1.59e+00 2.06e+00) XE:2.06e-01 (1.23e+00 1.22e+00 | 7.29e-01 6.44e-01)	6.329373e+00 5.548074e+00 : 7.918298e-01
1772(995) (1.98e+00 2.06e+00) XE:2.06e-01 (1.21e+00 1.22e+00 | 6.50e-01 6.44e-01)	6.327306e+00 5.547445e+00 : 7.916501e-01
1799(993) (2.11e+00 2.07e+00) XE:2.07e-01 (1.22e+00 1.22e+00 | 6.05e-01 6.44e-01)	6.324078e+00 5.545311e+00 : 7.912926e-01
1827(1002) (2.15e+00 2.07e+00) XE:2.07e-01 (1.22e+00 1.22e+00 | 6.90e-01 6.44e-01)	6.323281e+00 5.545117e+00 : 7.912266e-01
1854(1005) (1.98e+00 2.06e+00) XE:2.06e-01 (1.23e+00 1.22e+00 | 6.28e-01 6.44e-01)	6.322752e+00 5.544987e+00 : 7.911826e-01
1881(986) (2.30e+00 2.06e+00) XE:2.06e-01 (1.22e+00 1.22e+00 | 6.24e-01 6.44e-01)	6.321252e+00 5.544171e+00 : 7.910282e-01
1909(1001) (2.02e+00 2.06e+00) XE:2.06e-01 (1.19e+00 1.22e+00 | 5.79e-01 6.44e-01)	6.320069e+00 5.543249e+00 : 7.908879e-01
1936(993) (1.82e+00 2.06e+00) XE:2.06e-01 (1.22e+00 1.22e+00 | 6.20e-01 6.44e-01)	6.318119e+00 5.541259e+00 : 7.906252e-01
1963(994) (1.75e+00 2.06e+00) XE:2.06e-01 (1.24e+00 1.22e+00 | 6.44e-01 6.44e-01)	6.317255e+00 5.541503e+00 : 7.905839e-01
1991(995) (2.34e+00 2.06e+00) XE:2.06e-01 (1.21e+00 1.22e+00 | 6.76e-01 6.44e-01)	6.316123e+00 5.540475e+00 : 7.904398e-01
2018(996) (2.16e+00 2.06e+00) XE:2.06e-01 (1.23e+00 1.22e+00 | 6.50e-01 6.44e-01)	6.313581e+00 5.540161e+00 : 7.902494e-01
2045(1014) (1.49e+00 2.06e+00) XE:2.06e-01 (1.22e+00 1.22e+00 | 6.64e-01 6.44e-01)	6.314283e+00 5.539961e+00 : 7.902829e-01
2072(995) (2.45e+00 2.06e+00) XE:2.06e-01 (1.22e+00 1.22e+00 | 6.32e-01 6.44e-01)	6.313689e+00 5.539311e+00 : 7.902000e-01
2099(1010) (1.95e+00 2.06e+00) XE:2.06e-01 (1.25e+00 1.22e+00 | 6.42e-01 6.44e-01)	6.313661e+00 5.538790e+00 : 7.901634e-01
2127(999) (2.84e+00 2.06e+00) XE:2.06e-01 (1.21e+00 1.22e+00 | 6.96e-01 6.44e-01)	6.312383e+00 5.537562e+00 : 7.899963e-01
2154(990) (2.44e+00 2.06e+00) XE:2.06e-01 (1.20e+00 1.22e+00 | 6.72e-01 6.44e-01)	6.310722e+00 5.536363e+00 : 7.898057e-01
2181(993) (2.06e+00 2.06e+00) XE:2.06e-01 (1.25e+00 1.22e+00 | 6.07e-01 6.44e-01)	6.309332e+00 5.535850e+00 : 7.896788e-01
2208(1003) (1.71e+00 2.06e+00) XE:2.06e-01 (1.21e+00 1.22e+00 | 6.05e-01 6.44e-01)	6.308788e+00 5.535831e+00 : 7.896412e-01
2236(995) (2.12e+00 2.06e+00) XE:2.06e-01 (1.21e+00 1.22e+00 | 6.78e-01 6.44e-01)	6.308526e+00 5.535749e+00 : 7.896183e-01
2263(990) (1.89e+00 2.06e+00) XE:2.06e-01 (1.22e+00 1.22e+00 | 6.96e-01 6.44e-01)	6.307172e+00 5.535112e+00 : 7.894856e-01
2290(1009) (2.13e+00 2.06e+00) XE:2.06e-01 (1.21e+00 1.22e+00 | 6.42e-01 6.44e-01)	6.307246e+00 5.534926e+00 : 7.894781e-01
2318(1003) (2.07e+00 2.06e+00) XE:2.06e-01 (1.22e+00 1.22e+00 | 6.26e-01 6.44e-01)	6.305975e+00 5.534354e+00 : 7.893553e-01
2345(1000) (1.93e+00 2.06e+00) XE:2.06e-01 (1.24e+00 1.22e+00 | 6.86e-01 6.44e-01)	6.306736e+00 5.534184e+00 : 7.893946e-01
2372(1004) (2.10e+00 2.06e+00) XE:2.06e-01 (1.22e+00 1.22e+00 | 6.32e-01 6.44e-01)	6.305825e+00 5.533218e+00 : 7.892695e-01
2399(1004) (1.96e+00 2.06e+00) XE:2.06e-01 (1.22e+00 1.22e+00 | 6.46e-01 6.44e-01)	6.304804e+00 5.533060e+00 : 7.891910e-01
2426(1017) (1.82e+00 2.06e+00) XE:2.06e-01 (1.22e+00 1.22e+00 | 6.52e-01 6.44e-01)	6.304953e+00 5.533272e+00 : 7.892149e-01
2454(1012) (2.17e+00 2.06e+00) XE:2.06e-01 (1.23e+00 1.22e+00 | 6.26e-01 6.44e-01)	6.304265e+00 5.533112e+00 : 7.891585e-01
2481(1001) (2.43e+00 2.06e+00) XE:2.06e-01 (1.22e+00 1.22e+00 | 6.84e-01 6.44e-01)	6.303755e+00 5.533296e+00 : 7.891367e-01
2508(1006) (2.11e+00 2.06e+00) XE:2.06e-01 (1.22e+00 1.22e+00 | 6.01e-01 6.44e-01)	6.302598e+00 5.532675e+00 : 7.890182e-01
2536(1001) (1.93e+00 2.06e+00) XE:2.06e-01 (1.23e+00 1.22e+00 | 6.64e-01 6.44e-01)	6.301801e+00 5.531904e+00 : 7.889137e-01
2563(998) (2.64e+00 2.06e+00) XE:2.06e-01 (1.21e+00 1.22e+00 | 6.36e-01 6.44e-01)	6.300522e+00 5.530364e+00 : 7.887257e-01
2590(998) (2.04e+00 2.06e+00) XE:2.06e-01 (1.21e+00 1.22e+00 | 6.14e-01 6.44e-01)	6.299185e+00 5.528873e+00 : 7.885372e-01
2617(1002) (1.77e+00 2.06e+00) XE:2.06e-01 (1.23e+00 1.22e+00 | 6.80e-01 6.44e-01)	6.298230e+00 5.528376e+00 : 7.884404e-01
2645(1011) (2.10e+00 2.06e+00) XE:2.06e-01 (1.23e+00 1.22e+00 | 5.99e-01 6.44e-01)	6.298122e+00 5.527924e+00 : 7.884031e-01
2672(1005) (2.12e+00 2.06e+00) XE:2.06e-01 (1.19e+00 1.22e+00 | 6.54e-01 6.44e-01)	6.297713e+00 5.527310e+00 : 7.883349e-01
2699(998) (2.06e+00 2.06e+00) XE:2.06e-01 (1.21e+00 1.22e+00 | 6.26e-01 6.44e-01)	6.297303e+00 5.527160e+00 : 7.882975e-01
2726(1001) (1.57e+00 2.06e+00) XE:2.06e-01 (1.22e+00 1.22e+00 | 6.36e-01 6.44e-01)	6.296249e+00 5.526586e+00 : 7.881890e-01
2753(995) (2.36e+00 2.06e+00) XE:2.06e-01 (1.22e+00 1.22e+00 | 5.81e-01 6.44e-01)	6.295710e+00 5.525844e+00 : 7.881036e-01
2781(1002) (2.02e+00 2.06e+00) XE:2.06e-01 (1.22e+00 1.22e+00 | 7.35e-01 6.44e-01)	6.295596e+00 5.526204e+00 : 7.881200e-01
2808(997) (1.84e+00 2.06e+00) XE:2.06e-01 (1.19e+00 1.22e+00 | 6.14e-01 6.44e-01)	6.294746e+00 5.525398e+00 : 7.880096e-01
2835(1004) (1.76e+00 2.06e+00) XE:2.06e-01 (1.21e+00 1.22e+00 | 6.22e-01 6.44e-01)	6.294535e+00 5.524933e+00 : 7.879645e-01
2863(990) (2.14e+00 2.06e+00) XE:2.06e-01 (1.23e+00 1.22e+00 | 6.52e-01 6.44e-01)	6.293294e+00 5.523534e+00 : 7.877885e-01
2890(996) (1.91e+00 2.06e+00) XE:2.06e-01 (1.23e+00 1.22e+00 | 6.50e-01 6.44e-01)	6.291325e+00 5.522751e+00 : 7.876050e-01
2917(994) (2.20e+00 2.06e+00) XE:2.06e-01 (1.24e+00 1.22e+00 | 6.56e-01 6.44e-01)	6.291491e+00 5.522637e+00 : 7.876085e-01
2944(1003) (1.98e+00 2.06e+00) XE:2.06e-01 (1.22e+00 1.22e+00 | 5.97e-01 6.44e-01)	6.290444e+00 5.522316e+00 : 7.875173e-01
2972(998) (1.80e+00 2.06e+00) XE:2.06e-01 (1.21e+00 1.22e+00 | 6.26e-01 6.44e-01)	6.290688e+00 5.521547e+00 : 7.874823e-01
2999(995) (2.21e+00 2.06e+00) XE:2.06e-01 (1.23e+00 1.22e+00 | 6.34e-01 6.44e-01)	6.289819e+00 5.520768e+00 : 7.873725e-01
3026(999) (1.55e+00 2.06e+00) XE:2.06e-01 (1.22e+00 1.22e+00 | 6.40e-01 6.44e-01)	6.288782e+00 5.519659e+00 : 7.872294e-01
3054(1005) (2.26e+00 2.06e+00) XE:2.06e-01 (1.21e+00 1.22e+00 | 6.12e-01 6.44e-01)	6.287641e+00 5.519820e+00 : 7.871641e-01
3081(1000) (2.10e+00 2.06e+00) XE:2.06e-01 (1.21e+00 1.22e+00 | 6.16e-01 6.44e-01)	6.287480e+00 5.519794e+00 : 7.871516e-01
3108(998) (1.71e+00 2.06e+00) XE:2.06e-01 (1.26e+00 1.22e+00 | 6.40e-01 6.44e-01)	6.287868e+00 5.519744e+00 : 7.871741e-01
3135(1001) (1.89e+00 2.06e+00) XE:2.06e-01 (1.21e+00 1.22e+00 | 6.18e-01 6.44e-01)	6.286502e+00 5.518472e+00 : 7.869983e-01
3163(995) (1.92e+00 2.06e+00) XE:2.06e-01 (1.20e+00 1.22e+00 | 6.72e-01 6.44e-01)	6.286202e+00 5.518532e+00 : 7.869822e-01
3190(994) (2.55e+00 2.06e+00) XE:2.06e-01 (1.25e+00 1.22e+00 | 5.83e-01 6.44e-01)	6.285487e+00 5.518625e+00 : 7.869408e-01
3217(1007) (1.85e+00 2.06e+00) XE:2.06e-01 (1.19e+00 1.22e+00 | 6.46e-01 6.44e-01)	6.285196e+00 5.518411e+00 : 7.869071e-01
3244(1004) (1.93e+00 2.06e+00) XE:2.06e-01 (1.23e+00 1.22e+00 | 6.36e-01 6.44e-01)	6.284955e+00 5.518002e+00 : 7.868638e-01
3272(1004) (2.17e+00 2.06e+00) XE:2.06e-01 (1.19e+00 1.22e+00 | 6.16e-01 6.44e-01)	6.285185e+00 5.517431e+00 : 7.868411e-01
3299(1020) (2.06e+00 2.06e+00) XE:2.06e-01 (1.23e+00 1.22e+00 | 6.30e-01 6.44e-01)	6.285423e+00 5.517127e+00 : 7.868367e-01
3326(1007) (2.24e+00 2.06e+00) XE:2.06e-01 (1.23e+00 1.22e+00 | 6.56e-01 6.44e-01)	6.284247e+00 5.516748e+00 : 7.867330e-01
3353(998) (1.66e+00 2.06e+00) XE:2.06e-01 (1.21e+00 1.22e+00 | 6.56e-01 6.44e-01)	6.284302e+00 5.516492e+00 : 7.867196e-01
3381(1001) (2.60e+00 2.06e+00) XE:2.06e-01 (1.22e+00 1.22e+00 | 6.48e-01 6.44e-01)	6.283563e+00 5.515917e+00 : 7.866320e-01
3408(1004) (2.38e+00 2.06e+00) XE:2.06e-01 (1.21e+00 1.22e+00 | 5.61e-01 6.44e-01)	6.283343e+00 5.515196e+00 : 7.865692e-01
3435(1005) (1.91e+00 2.06e+00) XE:2.06e-01 (1.23e+00 1.22e+00 | 6.28e-01 6.44e-01)	6.282064e+00 5.513792e+00 : 7.863904e-01
3462(1003) (2.01e+00 2.06e+00) XE:2.06e-01 (1.25e+00 1.22e+00 | 6.52e-01 6.44e-01)	6.281072e+00 5.512644e+00 : 7.862477e-01
3490(1012) (1.72e+00 2.06e+00) XE:2.06e-01 (1.23e+00 1.22e+00 | 6.70e-01 6.44e-01)	6.281086e+00 5.512436e+00 : 7.862348e-01
3517(985) (2.21e+00 2.06e+00) XE:2.06e-01 (1.21e+00 1.22e+00 | 6.38e-01 6.44e-01)	6.278916e+00 5.510970e+00 : 7.859924e-01
3544(996) (2.31e+00 2.06e+00) XE:2.06e-01 (1.23e+00 1.22e+00 | 6.84e-01 6.44e-01)	6.278707e+00 5.510864e+00 : 7.859713e-01
3572(1000) (1.52e+00 2.06e+00) XE:2.06e-01 (1.21e+00 1.22e+00 | 6.46e-01 6.44e-01)	6.278423e+00 5.510549e+00 : 7.859315e-01
3599(1005) (1.38e+00 2.06e+00) XE:2.06e-01 (1.23e+00 1.22e+00 | 6.60e-01 6.44e-01)	6.277318e+00 5.510120e+00 : 7.858292e-01
3626(995) (2.38e+00 2.06e+00) XE:2.06e-01 (1.22e+00 1.22e+00 | 5.89e-01 6.44e-01)	6.277774e+00 5.510762e+00 : 7.859024e-01
3653(990) (2.47e+00 2.06e+00) XE:2.06e-01 (1.21e+00 1.22e+00 | 6.68e-01 6.44e-01)	6.276964e+00 5.510597e+00 : 7.858374e-01
3680(998) (2.18e+00 2.06e+00) XE:2.06e-01 (1.24e+00 1.22e+00 | 6.09e-01 6.44e-01)	6.275958e+00 5.510394e+00 : 7.857568e-01
3708(984) (2.69e+00 2.06e+00) XE:2.06e-01 (1.23e+00 1.22e+00 | 6.84e-01 6.44e-01)	6.276209e+00 5.509946e+00 : 7.857437e-01
3735(1000) (1.77e+00 2.06e+00) XE:2.06e-01 (1.20e+00 1.22e+00 | 6.34e-01 6.44e-01)	6.276172e+00 5.509877e+00 : 7.857366e-01
3762(997) (1.61e+00 2.06e+00) XE:2.06e-01 (1.24e+00 1.22e+00 | 6.26e-01 6.44e-01)	6.276486e+00 5.509506e+00 : 7.857328e-01
3790(1009) (2.11e+00 2.06e+00) XE:2.06e-01 (1.22e+00 1.22e+00 | 6.05e-01 6.44e-01)	6.275488e+00 5.508368e+00 : 7.855904e-01
3817(995) (1.94e+00 2.06e+00) XE:2.06e-01 (1.21e+00 1.22e+00 | 6.48e-01 6.44e-01)	6.275146e+00 5.508311e+00 : 7.855638e-01
3844(1018) (1.71e+00 2.06e+00) XE:2.06e-01 (1.22e+00 1.22e+00 | 6.42e-01 6.44e-01)	6.275233e+00 5.508121e+00 : 7.855570e-01
3871(992) (1.57e+00 2.06e+00) XE:2.06e-01 (1.22e+00 1.22e+00 | 6.38e-01 6.44e-01)	6.272896e+00 5.506005e+00 : 7.852601e-01
3899(990) (2.15e+00 2.06e+00) XE:2.06e-01 (1.20e+00 1.22e+00 | 6.54e-01 6.44e-01)	6.272815e+00 5.505657e+00 : 7.852315e-01
3926(994) (2.63e+00 2.06e+00) XE:2.06e-01 (1.21e+00 1.22e+00 | 6.42e-01 6.44e-01)	6.272326e+00 5.505603e+00 : 7.851953e-01
3953(999) (1.70e+00 2.06e+00) XE:2.06e-01 (1.18e+00 1.22e+00 | 6.64e-01 6.44e-01)	6.271951e+00 5.504972e+00 : 7.851283e-01
3981(995) (2.17e+00 2.06e+00) XE:2.06e-01 (1.21e+00 1.22e+00 | 6.78e-01 6.44e-01)	6.271502e+00 5.504388e+00 : 7.850594e-01
4008(1000) (2.28e+00 2.06e+00) XE:2.06e-01 (1.20e+00 1.22e+00 | 6.34e-01 6.44e-01)	6.271764e+00 5.504308e+00 : 7.850714e-01
4035(998) (1.70e+00 2.06e+00) XE:2.06e-01 (1.25e+00 1.22e+00 | 6.68e-01 6.44e-01)	6.271038e+00 5.503396e+00 : 7.849622e-01
4062(1003) (1.90e+00 2.06e+00) XE:2.06e-01 (1.21e+00 1.22e+00 | 6.03e-01 6.44e-01)	6.270995e+00 5.503720e+00 : 7.849810e-01
4090(1002) (2.28e+00 2.06e+00) XE:2.06e-01 (1.19e+00 1.22e+00 | 6.07e-01 6.44e-01)	6.270349e+00 5.503465e+00 : 7.849209e-01
4117(1007) (2.34e+00 2.06e+00) XE:2.06e-01 (1.21e+00 1.22e+00 | 6.54e-01 6.44e-01)	6.270184e+00 5.503161e+00 : 7.848897e-01
4144(999) (1.94e+00 2.06e+00) XE:2.06e-01 (1.20e+00 1.22e+00 | 6.30e-01 6.44e-01)	6.270152e+00 5.503425e+00 : 7.849051e-01
4171(1000) (1.57e+00 2.06e+00) XE:2.06e-01 (1.23e+00 1.22e+00 | 6.32e-01 6.44e-01)	6.270419e+00 5.503461e+00 : 7.849253e-01
4199(1007) (2.10e+00 2.06e+00) XE:2.06e-01 (1.20e+00 1.22e+00 | 6.34e-01 6.44e-01)	6.270789e+00 5.503946e+00 : 7.849823e-01
4226(994) (1.93e+00 2.06e+00) XE:2.06e-01 (1.23e+00 1.22e+00 | 6.60e-01 6.44e-01)	6.270630e+00 5.504163e+00 : 7.849862e-01
4253(997) (2.47e+00 2.06e+00) XE:2.06e-01 (1.24e+00 1.22e+00 | 6.70e-01 6.44e-01)	6.270387e+00 5.503739e+00 : 7.849418e-01
4280(1008) (1.95e+00 2.05e+00) XE:2.05e-01 (1.23e+00 1.22e+00 | 6.62e-01 6.44e-01)	6.270221e+00 5.503809e+00 : 7.849353e-01
4308(1003) (2.72e+00 2.05e+00) XE:2.05e-01 (1.23e+00 1.22e+00 | 6.03e-01 6.44e-01)	6.270349e+00 5.503618e+00 : 7.849311e-01
4335(1001) (2.05e+00 2.05e+00) XE:2.05e-01 (1.21e+00 1.22e+00 | 7.39e-01 6.44e-01)	6.270272e+00 5.503458e+00 : 7.849153e-01
4362(1005) (1.95e+00 2.05e+00) XE:2.05e-01 (1.21e+00 1.22e+00 | 6.76e-01 6.44e-01)	6.269790e+00 5.503272e+00 : 7.848708e-01
4390(1004) (2.43e+00 2.05e+00) XE:2.05e-01 (1.23e+00 1.22e+00 | 6.54e-01 6.44e-01)	6.269230e+00 5.502807e+00 : 7.848025e-01
4417(1008) (2.40e+00 2.05e+00) XE:2.05e-01 (1.18e+00 1.22e+00 | 5.99e-01 6.44e-01)	6.268654e+00 5.502981e+00 : 7.847757e-01
4444(993) (1.94e+00 2.05e+00) XE:2.05e-01 (1.23e+00 1.22e+00 | 6.38e-01 6.44e-01)	6.268717e+00 5.503158e+00 : 7.847917e-01
4471(1023) (2.06e+00 2.05e+00) XE:2.05e-01 (1.21e+00 1.22e+00 | 5.97e-01 6.44e-01)	6.268929e+00 5.503611e+00 : 7.848360e-01
4499(998) (2.46e+00 2.05e+00) XE:2.05e-01 (1.21e+00 1.22e+00 | 7.06e-01 6.44e-01)	6.268765e+00 5.502959e+00 : 7.847816e-01
4526(993) (2.10e+00 2.05e+00) XE:2.05e-01 (1.20e+00 1.22e+00 | 6.38e-01 6.44e-01)	6.267794e+00 5.502428e+00 : 7.846815e-01
4553(1000) (1.93e+00 2.05e+00) XE:2.05e-01 (1.23e+00 1.22e+00 | 6.38e-01 6.44e-01)	6.267384e+00 5.502465e+00 : 7.846566e-01
4580(1011) (1.93e+00 2.05e+00) XE:2.05e-01 (1.21e+00 1.22e+00 | 6.42e-01 6.44e-01)	6.267017e+00 5.502304e+00 : 7.846214e-01
4608(1000) (1.71e+00 2.05e+00) XE:2.05e-01 (1.23e+00 1.22e+00 | 6.56e-01 6.44e-01)	6.266032e+00 5.502077e+00 : 7.845406e-01
4635(1015) (2.39e+00 2.05e+00) XE:2.05e-01 (1.19e+00 1.22e+00 | 6.68e-01 6.44e-01)	6.266363e+00 5.501970e+00 : 7.845555e-01
4662(994) (2.17e+00 2.05e+00) XE:2.05e-01 (1.22e+00 1.22e+00 | 6.64e-01 6.44e-01)	6.266214e+00 5.501989e+00 : 7.845469e-01
4690(988) (1.87e+00 2.05e+00) XE:2.05e-01 (1.23e+00 1.22e+00 | 6.30e-01 6.44e-01)	6.265997e+00 5.502138e+00 : 7.845424e-01
4717(1007) (2.12e+00 2.05e+00) XE:2.05e-01 (1.21e+00 1.22e+00 | 7.16e-01 6.44e-01)	6.265808e+00 5.502006e+00 : 7.845209e-01
4744(1010) (2.05e+00 2.05e+00) XE:2.05e-01 (1.20e+00 1.22e+00 | 5.83e-01 6.44e-01)	6.265142e+00 5.501431e+00 : 7.844382e-01
4771(1003) (1.91e+00 2.05e+00) XE:2.05e-01 (1.19e+00 1.22e+00 | 6.52e-01 6.44e-01)	6.265130e+00 5.501479e+00 : 7.844406e-01
4799(1003) (1.93e+00 2.05e+00) XE:2.05e-01 (1.20e+00 1.22e+00 | 6.86e-01 6.44e-01)	6.265100e+00 5.501302e+00 : 7.844268e-01
4826(1002) (1.79e+00 2.05e+00) XE:2.05e-01 (1.22e+00 1.22e+00 | 6.14e-01 6.44e-01)	6.264828e+00 5.500850e+00 : 7.843785e-01
4853(1000) (2.36e+00 2.05e+00) XE:2.05e-01 (1.22e+00 1.22e+00 | 6.12e-01 6.44e-01)	6.264089e+00 5.499731e+00 : 7.842547e-01
4880(1013) (2.09e+00 2.05e+00) XE:2.05e-01 (1.23e+00 1.22e+00 | 6.86e-01 6.44e-01)	6.263624e+00 5.499429e+00 : 7.842035e-01
4908(997) (2.34e+00 2.05e+00) XE:2.05e-01 (1.22e+00 1.22e+00 | 5.93e-01 6.44e-01)	6.263754e+00 5.499228e+00 : 7.841988e-01
4935(1000) (1.43e+00 2.05e+00) XE:2.05e-01 (1.22e+00 1.22e+00 | 6.42e-01 6.44e-01)	6.263039e+00 5.498356e+00 : 7.840930e-01
4962(1010) (2.00e+00 2.05e+00) XE:2.05e-01 (1.20e+00 1.22e+00 | 6.84e-01 6.44e-01)	6.262410e+00 5.498273e+00 : 7.840455e-01
4990(1004) (2.21e+00 2.05e+00) XE:2.05e-01 (1.21e+00 1.22e+00 | 5.87e-01 6.44e-01)	6.262253e+00 5.498347e+00 : 7.840400e-01
5017(1001) (2.42e+00 2.05e+00) XE:2.05e-01 (1.22e+00 1.22e+00 | 6.60e-01 6.44e-01)	6.262423e+00 5.498346e+00 : 7.840513e-01
5044(992) (2.17e+00 2.05e+00) XE:2.05e-01 (1.21e+00 1.22e+00 | 5.97e-01 6.44e-01)	6.261548e+00 5.497937e+00 : 7.839656e-01
5071(1002) (2.46e+00 2.05e+00) XE:2.05e-01 (1.22e+00 1.22e+00 | 6.48e-01 6.44e-01)	6.261798e+00 5.497911e+00 : 7.839806e-01
5099(1012) (2.10e+00 2.05e+00) XE:2.05e-01 (1.22e+00 1.22e+00 | 6.94e-01 6.44e-01)	6.261016e+00 5.497678e+00 : 7.839129e-01
5126(993) (2.42e+00 2.05e+00) XE:2.05e-01 (1.21e+00 1.22e+00 | 6.52e-01 6.44e-01)	6.260530e+00 5.497547e+00 : 7.838718e-01
5153(1004) (2.11e+00 2.05e+00) XE:2.05e-01 (1.22e+00 1.22e+00 | 6.22e-01 6.44e-01)	6.260330e+00 5.497249e+00 : 7.838386e-01
5181(1005) (2.11e+00 2.05e+00) XE:2.05e-01 (1.23e+00 1.22e+00 | 6.24e-01 6.44e-01)	6.259868e+00 5.497009e+00 : 7.837918e-01
5208(994) (2.09e+00 2.05e+00) XE:2.05e-01 (1.21e+00 1.22e+00 | 5.79e-01 6.44e-01)	6.259386e+00 5.496767e+00 : 7.837436e-01
5235(995) (2.18e+00 2.05e+00) XE:2.05e-01 (1.20e+00 1.22e+00 | 6.05e-01 6.44e-01)	6.259278e+00 5.496556e+00 : 7.837223e-01
5262(1007) (1.65e+00 2.05e+00) XE:2.05e-01 (1.19e+00 1.22e+00 | 6.70e-01 6.44e-01)	6.259364e+00 5.496641e+00 : 7.837337e-01
5290(996) (1.99e+00 2.05e+00) XE:2.05e-01 (1.21e+00 1.22e+00 | 5.93e-01 6.44e-01)	6.258915e+00 5.496629e+00 : 7.837030e-01
5317(1010) (1.32e+00 2.05e+00) XE:2.05e-01 (1.23e+00 1.22e+00 | 6.74e-01 6.44e-01)	6.258483e+00 5.496249e+00 : 7.836488e-01
5344(1000) (1.84e+00 2.05e+00) XE:2.05e-01 (1.22e+00 1.22e+00 | 6.16e-01 6.44e-01)	6.258035e+00 5.496082e+00 : 7.836078e-01
5371(989) (2.51e+00 2.05e+00) XE:2.05e-01 (1.22e+00 1.22e+00 | 7.00e-01 6.44e-01)	6.257369e+00 5.495604e+00 : 7.835316e-01
5399(1010) (1.79e+00 2.05e+00) XE:2.05e-01 (1.23e+00 1.22e+00 | 6.66e-01 6.44e-01)	6.256703e+00 5.494666e+00 : 7.834246e-01
5426(1002) (2.52e+00 2.05e+00) XE:2.05e-01 (1.19e+00 1.22e+00 | 6.94e-01 6.44e-01)	6.257036e+00 5.494550e+00 : 7.834391e-01
5453(1008) (2.26e+00 2.05e+00) XE:2.05e-01 (1.22e+00 1.22e+00 | 6.14e-01 6.44e-01)	6.256686e+00 5.494452e+00 : 7.834092e-01
5481(989) (1.96e+00 2.05e+00) XE:2.05e-01 (1.22e+00 1.22e+00 | 6.42e-01 6.44e-01)	6.256348e+00 5.494302e+00 : 7.833767e-01
5508(1009) (1.55e+00 2.05e+00) XE:2.05e-01 (1.24e+00 1.22e+00 | 6.38e-01 6.44e-01)	6.255855e+00 5.494056e+00 : 7.833274e-01
5535(1005) (2.25e+00 2.05e+00) XE:2.05e-01 (1.20e+00 1.22e+00 | 6.36e-01 6.44e-01)	6.255846e+00 5.494427e+00 : 7.833516e-01
5562(1007) (2.13e+00 2.05e+00) XE:2.05e-01 (1.22e+00 1.22e+00 | 6.20e-01 6.44e-01)	6.255480e+00 5.494080e+00 : 7.833040e-01
5590(977) (2.58e+00 2.05e+00) XE:2.05e-01 (1.22e+00 1.22e+00 | 6.84e-01 6.44e-01)	6.254859e+00 5.493686e+00 : 7.832363e-01
5617(1002) (1.81e+00 2.05e+00) XE:2.05e-01 (1.22e+00 1.22e+00 | 6.56e-01 6.44e-01)	6.254660e+00 5.493068e+00 : 7.831819e-01
5644(996) (2.03e+00 2.05e+00) XE:2.05e-01 (1.22e+00 1.22e+00 | 6.24e-01 6.44e-01)	6.254371e+00 5.493110e+00 : 7.831654e-01
5671(1005) (1.93e+00 2.05e+00) XE:2.05e-01 (1.20e+00 1.22e+00 | 6.74e-01 6.44e-01)	6.254299e+00 5.492971e+00 : 7.831513e-01
5699(1006) (1.73e+00 2.05e+00) XE:2.05e-01 (1.20e+00 1.22e+00 | 6.44e-01 6.44e-01)	6.254754e+00 5.492626e+00 : 7.831587e-01
5726(1008) (1.74e+00 2.05e+00) XE:2.05e-01 (1.23e+00 1.22e+00 | 6.28e-01 6.44e-01)	6.254672e+00 5.492564e+00 : 7.831491e-01
5753(991) (1.94e+00 2.05e+00) XE:2.05e-01 (1.23e+00 1.22e+00 | 6.30e-01 6.44e-01)	6.254827e+00 5.492479e+00 : 7.831538e-01
5780(995) (1.99e+00 2.05e+00) XE:2.05e-01 (1.23e+00 1.22e+00 | 6.42e-01 6.44e-01)	6.254740e+00 5.492668e+00 : 7.831605e-01
5808(1006) (2.33e+00 2.05e+00) XE:2.05e-01 (1.23e+00 1.22e+00 | 5.91e-01 6.44e-01)	6.254651e+00 5.492569e+00 : 7.831480e-01
5835(1009) (1.65e+00 2.05e+00) XE:2.05e-01 (1.21e+00 1.22e+00 | 5.83e-01 6.44e-01)	6.254429e+00 5.492349e+00 : 7.831185e-01
5862(1006) (2.26e+00 2.05e+00) XE:2.05e-01 (1.19e+00 1.22e+00 | 6.86e-01 6.44e-01)	6.254107e+00 5.491872e+00 : 7.830652e-01
5889(1005) (1.90e+00 2.05e+00) XE:2.05e-01 (1.18e+00 1.22e+00 | 6.12e-01 6.44e-01)	6.254324e+00 5.491744e+00 : 7.830712e-01
5917(1007) (2.47e+00 2.05e+00) XE:2.05e-01 (1.22e+00 1.22e+00 | 6.64e-01 6.44e-01)	6.253869e+00 5.491527e+00 : 7.830264e-01
5944(982) (2.12e+00 2.05e+00) XE:2.05e-01 (1.22e+00 1.22e+00 | 6.66e-01 6.44e-01)	6.253351e+00 5.491184e+00 : 7.829691e-01
5971(998) (2.02e+00 2.05e+00) XE:2.05e-01 (1.25e+00 1.22e+00 | 6.46e-01 6.44e-01)	6.253080e+00 5.491087e+00 : 7.829445e-01
5998(986) (2.26e+00 2.05e+00) XE:2.05e-01 (1.21e+00 1.22e+00 | 6.20e-01 6.44e-01)	6.252908e+00 5.491126e+00 : 7.829356e-01
6026(1012) (1.81e+00 2.05e+00) XE:2.05e-01 (1.21e+00 1.22e+00 | 6.16e-01 6.44e-01)	6.252672e+00 5.490554e+00 : 7.828817e-01
6053(1006) (1.57e+00 2.05e+00) XE:2.05e-01 (1.18e+00 1.22e+00 | 6.44e-01 6.44e-01)	6.252258e+00 5.489857e+00 : 7.828076e-01
6080(1000) (1.64e+00 2.05e+00) XE:2.05e-01 (1.21e+00 1.22e+00 | 6.26e-01 6.44e-01)	6.251962e+00 5.489597e+00 : 7.827706e-01
6108(1009) (1.99e+00 2.05e+00) XE:2.05e-01 (1.23e+00 1.22e+00 | 6.20e-01 6.44e-01)	6.251971e+00 5.489682e+00 : 7.827769e-01
6135(989) (2.22e+00 2.05e+00) XE:2.05e-01 (1.21e+00 1.22e+00 | 6.24e-01 6.44e-01)	6.252009e+00 5.489761e+00 : 7.827847e-01
6162(1002) (1.99e+00 2.05e+00) XE:2.05e-01 (1.23e+00 1.22e+00 | 6.52e-01 6.44e-01)	6.251679e+00 5.488999e+00 : 7.827119e-01
6189(999) (1.96e+00 2.05e+00) XE:2.05e-01 (1.21e+00 1.22e+00 | 6.62e-01 6.44e-01)	6.251092e+00 5.488573e+00 : 7.826443e-01
6217(992) (2.42e+00 2.05e+00) XE:2.05e-01 (1.22e+00 1.22e+00 | 6.07e-01 6.44e-01)	6.250480e+00 5.488231e+00 : 7.825807e-01
6244(999) (2.40e+00 2.05e+00) XE:2.05e-01 (1.19e+00 1.22e+00 | 6.54e-01 6.44e-01)	6.250395e+00 5.487729e+00 : 7.825416e-01
6271(1000) (1.94e+00 2.05e+00) XE:2.05e-01 (1.21e+00 1.22e+00 | 6.86e-01 6.44e-01)	6.250115e+00 5.487625e+00 : 7.825160e-01
6298(1003) (2.53e+00 2.05e+00) XE:2.05e-01 (1.22e+00 1.22e+00 | 5.97e-01 6.44e-01)	6.250117e+00 5.487806e+00 : 7.825282e-01
6326(997) (2.34e+00 2.05e+00) XE:2.05e-01 (1.22e+00 1.22e+00 | 6.20e-01 6.44e-01)	6.250260e+00 5.488066e+00 : 7.825551e-01
6353(992) (1.88e+00 2.05e+00) XE:2.05e-01 (1.22e+00 1.22e+00 | 6.22e-01 6.44e-01)	6.249748e+00 5.487846e+00 : 7.825063e-01
6380(996) (2.24e+00 2.05e+00) XE:2.05e-01 (1.23e+00 1.22e+00 | 6.16e-01 6.44e-01)	6.249352e+00 5.487528e+00 : 7.824587e-01
6407(1002) (1.95e+00 2.05e+00) XE:2.05e-01 (1.21e+00 1.22e+00 | 6.01e-01 6.44e-01)	6.249348e+00 5.487177e+00 : 7.824350e-01
6435(994) (2.32e+00 2.05e+00) XE:2.05e-01 (1.22e+00 1.22e+00 | 6.46e-01 6.44e-01)	6.249024e+00 5.486834e+00 : 7.823906e-01
6462(1005) (2.37e+00 2.05e+00) XE:2.05e-01 (1.23e+00 1.22e+00 | 6.52e-01 6.44e-01)	6.249023e+00 5.487134e+00 : 7.824105e-01
6489(995) (1.95e+00 2.05e+00) XE:2.05e-01 (1.18e+00 1.22e+00 | 6.38e-01 6.44e-01)	6.248589e+00 5.486997e+00 : 7.823724e-01
6516(1005) (1.86e+00 2.05e+00) XE:2.05e-01 (1.21e+00 1.22e+00 | 6.16e-01 6.44e-01)	6.248268e+00 5.486639e+00 : 7.823272e-01
6544(1003) (2.12e+00 2.05e+00) XE:2.05e-01 (1.23e+00 1.22e+00 | 6.26e-01 6.44e-01)	6.248099e+00 5.486429e+00 : 7.823019e-01
6571(993) (1.98e+00 2.05e+00) XE:2.05e-01 (1.24e+00 1.22e+00 | 5.91e-01 6.44e-01)	6.248034e+00 5.486512e+00 : 7.823031e-01
6598(989) (2.20e+00 2.05e+00) XE:2.05e-01 (1.22e+00 1.22e+00 | 5.95e-01 6.44e-01)	6.247686e+00 5.486101e+00 : 7.822525e-01
6625(987) (2.71e+00 2.05e+00) XE:2.05e-01 (1.20e+00 1.22e+00 | 6.78e-01 6.44e-01)	6.247494e+00 5.485732e+00 : 7.822151e-01
6653(1005) (1.97e+00 2.05e+00) XE:2.05e-01 (1.23e+00 1.22e+00 | 6.12e-01 6.44e-01)	6.247543e+00 5.485856e+00 : 7.822266e-01
6680(1011) (1.64e+00 2.05e+00) XE:2.05e-01 (1.20e+00 1.22e+00 | 6.50e-01 6.44e-01)	6.247494e+00 5.485772e+00 : 7.822177e-01
6707(991) (1.38e+00 2.05e+00) XE:2.05e-01 (1.21e+00 1.22e+00 | 6.07e-01 6.44e-01)	6.247219e+00 5.485396e+00 : 7.821743e-01
6735(1006) (2.07e+00 2.05e+00) XE:2.05e-01 (1.21e+00 1.22e+00 | 6.16e-01 6.44e-01)	6.246863e+00 5.485103e+00 : 7.821311e-01
6762(1007) (2.07e+00 2.05e+00) XE:2.05e-01 (1.21e+00 1.22e+00 | 6.34e-01 6.44e-01)	6.246799e+00 5.485053e+00 : 7.821234e-01
6789(1016) (2.08e+00 2.05e+00) XE:2.05e-01 (1.21e+00 1.22e+00 | 6.92e-01 6.44e-01)	6.246658e+00 5.484863e+00 : 7.821014e-01
6816(997) (1.96e+00 2.05e+00) XE:2.05e-01 (1.21e+00 1.22e+00 | 6.68e-01 6.44e-01)	6.246415e+00 5.484906e+00 : 7.820881e-01
6844(1004) (2.03e+00 2.05e+00) XE:2.05e-01 (1.21e+00 1.22e+00 | 6.50e-01 6.44e-01)	6.246052e+00 5.484691e+00 : 7.820495e-01
6871(995) (1.91e+00 2.05e+00) XE:2.05e-01 (1.19e+00 1.22e+00 | 6.44e-01 6.44e-01)	6.245872e+00 5.484808e+00 : 7.820454e-01
6898(1005) (1.97e+00 2.05e+00) XE:2.05e-01 (1.22e+00 1.22e+00 | 6.48e-01 6.44e-01)	6.245282e+00 5.484176e+00 : 7.819639e-01
6925(1001) (1.91e+00 2.05e+00) XE:2.05e-01 (1.23e+00 1.22e+00 | 6.98e-01 6.44e-01)	6.245559e+00 5.484274e+00 : 7.819889e-01
6953(992) (2.15e+00 2.05e+00) XE:2.05e-01 (1.25e+00 1.22e+00 | 6.72e-01 6.44e-01)	6.245615e+00 5.484378e+00 : 7.819995e-01
6980(999) (2.10e+00 2.05e+00) XE:2.05e-01 (1.23e+00 1.22e+00 | 5.81e-01 6.44e-01)	6.245438e+00 5.484266e+00 : 7.819802e-01
7007(989) (1.97e+00 2.05e+00) XE:2.05e-01 (1.19e+00 1.22e+00 | 5.93e-01 6.44e-01)	6.245372e+00 5.484310e+00 : 7.819788e-01
7034(991) (2.27e+00 2.05e+00) XE:2.05e-01 (1.21e+00 1.22e+00 | 6.88e-01 6.44e-01)	6.245134e+00 5.484220e+00 : 7.819569e-01
7062(1002) (1.92e+00 2.05e+00) XE:2.05e-01 (1.22e+00 1.22e+00 | 6.78e-01 6.44e-01)	6.244678e+00 5.484125e+00 : 7.819202e-01
7089(1008) (1.73e+00 2.05e+00) XE:2.05e-01 (1.21e+00 1.22e+00 | 6.66e-01 6.44e-01)	6.244299e+00 5.484027e+00 : 7.818884e-01
7116(994) (1.84e+00 2.05e+00) XE:2.05e-01 (1.23e+00 1.22e+00 | 6.34e-01 6.44e-01)	6.244361e+00 5.484268e+00 : 7.819087e-01
7143(1005) (1.83e+00 2.05e+00) XE:2.05e-01 (1.23e+00 1.22e+00 | 6.92e-01 6.44e-01)	6.244808e+00 5.484546e+00 : 7.819569e-01
7171(995) (1.92e+00 2.05e+00) XE:2.05e-01 (1.23e+00 1.22e+00 | 7.18e-01 6.44e-01)	6.245051e+00 5.484586e+00 : 7.819758e-01
7198(1002) (1.73e+00 2.05e+00) XE:2.05e-01 (1.21e+00 1.22e+00 | 6.48e-01 6.44e-01)	6.245264e+00 5.484400e+00 : 7.819776e-01
7225(992) (1.67e+00 2.05e+00) XE:2.05e-01 (1.20e+00 1.22e+00 | 7.08e-01 6.44e-01)	6.245526e+00 5.484443e+00 : 7.819979e-01
7252(1002) (2.05e+00 2.05e+00) XE:2.05e-01 (1.22e+00 1.22e+00 | 6.14e-01 6.44e-01)	6.245353e+00 5.484330e+00 : 7.819789e-01
7280(997) (2.48e+00 2.05e+00) XE:2.05e-01 (1.21e+00 1.22e+00 | 6.70e-01 6.44e-01)	6.245163e+00 5.484334e+00 : 7.819664e-01
7307(1020) (2.12e+00 2.05e+00) XE:2.05e-01 (1.20e+00 1.22e+00 | 6.38e-01 6.44e-01)	6.244711e+00 5.484069e+00 : 7.819186e-01
7334(1003) (2.31e+00 2.05e+00) XE:2.05e-01 (1.23e+00 1.22e+00 | 6.92e-01 6.44e-01)	6.244365e+00 5.483974e+00 : 7.818893e-01
7361(1003) (2.05e+00 2.05e+00) XE:2.05e-01 (1.22e+00 1.22e+00 | 6.62e-01 6.44e-01)	6.243942e+00 5.483822e+00 : 7.818510e-01
7389(1010) (1.59e+00 2.05e+00) XE:2.05e-01 (1.19e+00 1.22e+00 | 6.94e-01 6.44e-01)	6.243774e+00 5.483582e+00 : 7.818237e-01
7416(983) (2.71e+00 2.05e+00) XE:2.05e-01 (1.23e+00 1.22e+00 | 6.18e-01 6.44e-01)	6.243682e+00 5.483388e+00 : 7.818046e-01
7443(998) (2.48e+00 2.05e+00) XE:2.05e-01 (1.22e+00 1.22e+00 | 6.09e-01 6.44e-01)	6.243116e+00 5.482817e+00 : 7.817289e-01
7470(988) (2.76e+00 2.05e+00) XE:2.05e-01 (1.19e+00 1.22e+00 | 6.50e-01 6.44e-01)	6.243050e+00 5.482441e+00 : 7.816994e-01
7498(1008) (1.97e+00 2.05e+00) XE:2.05e-01 (1.23e+00 1.22e+00 | 6.70e-01 6.44e-01)	6.243048e+00 5.482178e+00 : 7.816818e-01
7525(986) (2.52e+00 2.05e+00) XE:2.05e-01 (1.21e+00 1.22e+00 | 6.16e-01 6.44e-01)	6.242792e+00 5.481978e+00 : 7.816513e-01
7552(1000) (2.10e+00 2.05e+00) XE:2.05e-01 (1.21e+00 1.22e+00 | 6.78e-01 6.44e-01)	6.242498e+00 5.481626e+00 : 7.816082e-01
7580(994) (2.25e+00 2.05e+00) XE:2.05e-01 (1.24e+00 1.22e+00 | 6.82e-01 6.44e-01)	6.242521e+00 5.481530e+00 : 7.816034e-01
7607(996) (2.00e+00 2.05e+00) XE:2.05e-01 (1.19e+00 1.22e+00 | 6.20e-01 6.44e-01)	6.242731e+00 5.481696e+00 : 7.816285e-01
7634(982) (2.29e+00 2.05e+00) XE:2.05e-01 (1.20e+00 1.22e+00 | 6.34e-01 6.44e-01)	6.242637e+00 5.481620e+00 : 7.816171e-01
7661(995) (2.26e+00 2.05e+00) XE:2.05e-01 (1.21e+00 1.22e+00 | 6.34e-01 6.44e-01)	6.242481e+00 5.481422e+00 : 7.815935e-01
7689(1011) (1.77e+00 2.05e+00) XE:2.05e-01 (1.21e+00 1.22e+00 | 7.04e-01 6.44e-01)	6.242306e+00 5.481264e+00 : 7.815713e-01
7716(985) (2.27e+00 2.05e+00) XE:2.05e-01 (1.21e+00 1.22e+00 | 6.94e-01 6.44e-01)	6.242239e+00 5.481382e+00 : 7.815747e-01
7743(993) (2.39e+00 2.05e+00) XE:2.05e-01 (1.23e+00 1.22e+00 | 6.28e-01 6.44e-01)	6.242054e+00 5.481259e+00 : 7.815542e-01
7771(1005) (1.83e+00 2.05e+00) XE:2.05e-01 (1.21e+00 1.22e+00 | 7.18e-01 6.44e-01)	6.241890e+00 5.481435e+00 : 7.815550e-01
7798(1014) (2.29e+00 2.05e+00) XE:2.05e-01 (1.21e+00 1.22e+00 | 6.03e-01 6.44e-01)	6.241617e+00 5.481261e+00 : 7.815252e-01
7825(993) (2.20e+00 2.05e+00) XE:2.05e-01 (1.22e+00 1.22e+00 | 5.75e-01 6.44e-01)	6.241148e+00 5.481022e+00 : 7.814780e-01
7852(1013) (1.86e+00 2.05e+00) XE:2.05e-01 (1.22e+00 1.22e+00 | 6.28e-01 6.44e-01)	6.241059e+00 5.480733e+00 : 7.814528e-01
7879(1010) (1.78e+00 2.05e+00) XE:2.05e-01 (1.22e+00 1.22e+00 | 6.42e-01 6.44e-01)	6.240980e+00 5.480690e+00 : 7.814447e-01
7907(998) (2.05e+00 2.05e+00) XE:2.05e-01 (1.22e+00 1.22e+00 | 6.72e-01 6.44e-01)	6.241073e+00 5.480939e+00 : 7.814675e-01
7934(1009) (2.05e+00 2.05e+00) XE:2.05e-01 (1.22e+00 1.22e+00 | 6.76e-01 6.44e-01)	6.240753e+00 5.480535e+00 : 7.814192e-01
7961(1004) (1.63e+00 2.05e+00) XE:2.05e-01 (1.23e+00 1.22e+00 | 6.56e-01 6.44e-01)	6.240947e+00 5.480747e+00 : 7.814463e-01
7989(1004) (1.78e+00 2.05e+00) XE:2.05e-01 (1.21e+00 1.22e+00 | 6.20e-01 6.44e-01)	6.240914e+00 5.480521e+00 : 7.814290e-01
8016(992) (2.56e+00 2.05e+00) XE:2.05e-01 (1.20e+00 1.22e+00 | 6.58e-01 6.44e-01)	6.240743e+00 5.480321e+00 : 7.814043e-01
8043(992) (2.26e+00 2.05e+00) XE:2.05e-01 (1.23e+00 1.22e+00 | 6.30e-01 6.44e-01)	6.240427e+00 5.480078e+00 : 7.813670e-01
8070(1008) (1.94e+00 2.05e+00) XE:2.05e-01 (1.23e+00 1.22e+00 | 6.42e-01 6.44e-01)	6.240143e+00 5.480137e+00 : 7.813520e-01
8098(1000) (2.08e+00 2.05e+00) XE:2.05e-01 (1.24e+00 1.22e+00 | 6.44e-01 6.44e-01)	6.239734e+00 5.479882e+00 : 7.813077e-01
8125(998) (2.55e+00 2.05e+00) XE:2.05e-01 (1.22e+00 1.22e+00 | 6.62e-01 6.44e-01)	6.239229e+00 5.479027e+00 : 7.812171e-01
8152(997) (2.09e+00 2.05e+00) XE:2.05e-01 (1.22e+00 1.22e+00 | 6.72e-01 6.44e-01)	6.238901e+00 5.479011e+00 : 7.811941e-01
8179(998) (2.45e+00 2.05e+00) XE:2.05e-01 (1.22e+00 1.22e+00 | 6.26e-01 6.44e-01)	6.238652e+00 5.478811e+00 : 7.811642e-01
8207(1020) (1.69e+00 2.05e+00) XE:2.05e-01 (1.22e+00 1.22e+00 | 6.68e-01 6.44e-01)	6.238700e+00 5.478967e+00 : 7.811778e-01
8234(987) (2.12e+00 2.05e+00) XE:2.05e-01 (1.19e+00 1.22e+00 | 7.00e-01 6.44e-01)	6.238497e+00 5.478852e+00 : 7.811566e-01
8261(991) (2.22e+00 2.05e+00) XE:2.05e-01 (1.20e+00 1.22e+00 | 5.97e-01 6.44e-01)	6.238546e+00 5.478877e+00 : 7.811615e-01
8288(998) (2.01e+00 2.05e+00) XE:2.05e-01 (1.21e+00 1.22e+00 | 5.69e-01 6.44e-01)	6.238749e+00 5.478767e+00 : 7.811677e-01
8316(995) (2.54e+00 2.05e+00) XE:2.05e-01 (1.19e+00 1.22e+00 | 6.38e-01 6.44e-01)	6.238744e+00 5.478436e+00 : 7.811453e-01
8343(990) (2.01e+00 2.05e+00) XE:2.05e-01 (1.22e+00 1.22e+00 | 5.61e-01 6.44e-01)	6.238821e+00 5.478573e+00 : 7.811596e-01
8370(1011) (1.56e+00 2.05e+00) XE:2.05e-01 (1.24e+00 1.22e+00 | 6.14e-01 6.44e-01)	6.238654e+00 5.478194e+00 : 7.811232e-01
8397(1008) (1.98e+00 2.05e+00) XE:2.05e-01 (1.22e+00 1.22e+00 | 6.92e-01 6.44e-01)	6.238755e+00 5.478420e+00 : 7.811450e-01
8425(998) (2.21e+00 2.05e+00) XE:2.05e-01 (1.21e+00 1.22e+00 | 6.16e-01 6.44e-01)	6.238628e+00 5.478407e+00 : 7.811357e-01
8452(1003) (2.11e+00 2.05e+00) XE:2.05e-01 (1.23e+00 1.22e+00 | 6.28e-01 6.44e-01)	6.238323e+00 5.478301e+00 : 7.811083e-01
8479(1006) (1.58e+00 2.05e+00) XE:2.05e-01 (1.23e+00 1.22e+00 | 6.96e-01 6.44e-01)	6.238464e+00 5.478459e+00 : 7.811282e-01
8507(992) (2.63e+00 2.05e+00) XE:2.05e-01 (1.21e+00 1.22e+00 | 6.05e-01 6.44e-01)	6.238303e+00 5.478311e+00 : 7.811076e-01
8534(998) (1.66e+00 2.05e+00) XE:2.05e-01 (1.23e+00 1.22e+00 | 6.38e-01 6.44e-01)	6.238191e+00 5.478353e+00 : 7.811029e-01
8561(1001) (1.83e+00 2.05e+00) XE:2.05e-01 (1.21e+00 1.22e+00 | 6.09e-01 6.44e-01)	6.238239e+00 5.478301e+00 : 7.811027e-01
8588(985) (2.27e+00 2.05e+00) XE:2.05e-01 (1.23e+00 1.22e+00 | 6.60e-01 6.44e-01)	6.238308e+00 5.478221e+00 : 7.811019e-01
8616(994) (2.45e+00 2.05e+00) XE:2.05e-01 (1.21e+00 1.22e+00 | 6.52e-01 6.44e-01)	6.238648e+00 5.478359e+00 : 7.811338e-01
8643(998) (2.05e+00 2.05e+00) XE:2.05e-01 (1.23e+00 1.22e+00 | 6.24e-01 6.44e-01)	6.238467e+00 5.478231e+00 : 7.811131e-01
8670(992) (2.51e+00 2.05e+00) XE:2.05e-01 (1.19e+00 1.22e+00 | 6.62e-01 6.44e-01)	6.238176e+00 5.478050e+00 : 7.810817e-01
8697(1018) (2.08e+00 2.05e+00) XE:2.05e-01 (1.23e+00 1.22e+00 | 6.46e-01 6.44e-01)	6.238058e+00 5.478068e+00 : 7.810750e-01
8725(998) (2.09e+00 2.05e+00) XE:2.05e-01 (1.22e+00 1.22e+00 | 6.86e-01 6.44e-01)	6.237840e+00 5.478160e+00 : 7.810667e-01
8752(1004) (1.68e+00 2.05e+00) XE:2.05e-01 (1.23e+00 1.22e+00 | 6.72e-01 6.44e-01)	6.237901e+00 5.478232e+00 : 7.810755e-01
8779(994) (2.37e+00 2.05e+00) XE:2.05e-01 (1.22e+00 1.22e+00 | 5.81e-01 6.44e-01)	6.238028e+00 5.478297e+00 : 7.810883e-01
8807(998) (2.30e+00 2.05e+00) XE:2.05e-01 (1.20e+00 1.22e+00 | 5.71e-01 6.44e-01)	6.237434e+00 5.477957e+00 : 7.810261e-01
8834(998) (1.99e+00 2.05e+00) XE:2.05e-01 (1.22e+00 1.22e+00 | 6.54e-01 6.44e-01)	6.237635e+00 5.477960e+00 : 7.810397e-01
8861(1002) (1.68e+00 2.05e+00) XE:2.05e-01 (1.23e+00 1.22e+00 | 6.50e-01 6.44e-01)	6.237888e+00 5.478242e+00 : 7.810753e-01
8888(1002) (1.60e+00 2.05e+00) XE:2.05e-01 (1.21e+00 1.22e+00 | 7.06e-01 6.44e-01)	6.237834e+00 5.478184e+00 : 7.810679e-01
8916(1002) (1.83e+00 2.05e+00) XE:2.05e-01 (1.20e+00 1.22e+00 | 6.86e-01 6.44e-01)	6.237852e+00 5.478297e+00 : 7.810766e-01
8943(997) (2.16e+00 2.05e+00) XE:2.05e-01 (1.22e+00 1.22e+00 | 6.38e-01 6.44e-01)	6.237752e+00 5.478101e+00 : 7.810568e-01
8970(1011) (2.07e+00 2.05e+00) XE:2.05e-01 (1.22e+00 1.22e+00 | 6.36e-01 6.44e-01)	6.237165e+00 5.477552e+00 : 7.809811e-01
8997(992) (2.56e+00 2.05e+00) XE:2.05e-01 (1.23e+00 1.22e+00 | 6.09e-01 6.44e-01)	6.237177e+00 5.477751e+00 : 7.809952e-01
9025(1012) (1.77e+00 2.05e+00) XE:2.05e-01 (1.21e+00 1.22e+00 | 6.40e-01 6.44e-01)	6.237440e+00 5.477756e+00 : 7.810131e-01
9052(993) (1.91e+00 2.05e+00) XE:2.05e-01 (1.23e+00 1.22e+00 | 6.66e-01 6.44e-01)	6.237561e+00 5.477612e+00 : 7.810116e-01
9079(994) (2.37e+00 2.05e+00) XE:2.05e-01 (1.20e+00 1.22e+00 | 6.68e-01 6.44e-01)	6.237485e+00 5.477462e+00 : 7.809964e-01
9107(996) (1.92e+00 2.05e+00) XE:2.05e-01 (1.19e+00 1.22e+00 | 6.44e-01 6.44e-01)	6.237312e+00 5.477491e+00 : 7.809868e-01
9134(1006) (2.08e+00 2.05e+00) XE:2.05e-01 (1.25e+00 1.22e+00 | 6.64e-01 6.44e-01)	6.237254e+00 5.477513e+00 : 7.809844e-01
9161(992) (1.73e+00 2.05e+00) XE:2.05e-01 (1.21e+00 1.22e+00 | 6.80e-01 6.44e-01)	6.237272e+00 5.477380e+00 : 7.809768e-01
9188(999) (2.02e+00 2.05e+00) XE:2.05e-01 (1.25e+00 1.22e+00 | 6.32e-01 6.44e-01)	6.236970e+00 5.477196e+00 : 7.809444e-01
9216(995) (1.95e+00 2.05e+00) XE:2.05e-01 (1.21e+00 1.22e+00 | 6.42e-01 6.44e-01)	6.236794e+00 5.476999e+00 : 7.809195e-01
9243(1019) (2.21e+00 2.05e+00) XE:2.05e-01 (1.22e+00 1.22e+00 | 6.44e-01 6.44e-01)	6.236409e+00 5.476533e+00 : 7.808628e-01
9270(1002) (2.01e+00 2.05e+00) XE:2.05e-01 (1.22e+00 1.22e+00 | 6.72e-01 6.44e-01)	6.235502e+00 5.475878e+00 : 7.807586e-01
9297(1006) (2.15e+00 2.05e+00) XE:2.05e-01 (1.23e+00 1.22e+00 | 6.18e-01 6.44e-01)	6.235373e+00 5.475775e+00 : 7.807432e-01
9325(996) (1.84e+00 2.05e+00) XE:2.05e-01 (1.20e+00 1.22e+00 | 7.04e-01 6.44e-01)	6.234906e+00 5.475465e+00 : 7.806914e-01
9352(1004) (2.31e+00 2.05e+00) XE:2.05e-01 (1.20e+00 1.22e+00 | 6.94e-01 6.44e-01)	6.234952e+00 5.475465e+00 : 7.806945e-01
9379(1002) (1.81e+00 2.05e+00) XE:2.05e-01 (1.20e+00 1.22e+00 | 6.60e-01 6.44e-01)	6.234840e+00 5.475345e+00 : 7.806790e-01
9407(1001) (2.20e+00 2.05e+00) XE:2.05e-01 (1.24e+00 1.22e+00 | 6.86e-01 6.44e-01)	6.234807e+00 5.475416e+00 : 7.806815e-01
9434(1005) (1.62e+00 2.05e+00) XE:2.05e-01 (1.21e+00 1.22e+00 | 7.08e-01 6.44e-01)	6.234748e+00 5.475344e+00 : 7.806728e-01
9461(1007) (1.74e+00 2.05e+00) XE:2.05e-01 (1.22e+00 1.22e+00 | 6.52e-01 6.44e-01)	6.234507e+00 5.475243e+00 : 7.806500e-01
9488(987) (2.25e+00 2.05e+00) XE:2.05e-01 (1.23e+00 1.22e+00 | 6.84e-01 6.44e-01)	6.234230e+00 5.474905e+00 : 7.806090e-01
9516(1004) (1.63e+00 2.05e+00) XE:2.05e-01 (1.21e+00 1.22e+00 | 6.34e-01 6.44e-01)	6.234479e+00 5.474910e+00 : 7.806259e-01
9543(1002) (1.83e+00 2.05e+00) XE:2.05e-01 (1.21e+00 1.22e+00 | 6.58e-01 6.44e-01)	6.234446e+00 5.474752e+00 : 7.806132e-01
9570(998) (2.21e+00 2.05e+00) XE:2.05e-01 (1.20e+00 1.22e+00 | 6.60e-01 6.44e-01)	6.234356e+00 5.474603e+00 : 7.805973e-01
9597(1014) (2.60e+00 2.05e+00) XE:2.05e-01 (1.23e+00 1.22e+00 | 6.60e-01 6.44e-01)	6.234168e+00 5.474695e+00 : 7.805909e-01
9624(993) (2.13e+00 2.05e+00) XE:2.05e-01 (1.22e+00 1.22e+00 | 6.44e-01 6.44e-01)	6.233643e+00 5.474477e+00 : 7.805413e-01
9652(996) (2.05e+00 2.05e+00) XE:2.05e-01 (1.24e+00 1.22e+00 | 6.78e-01 6.44e-01)	6.233544e+00 5.474485e+00 : 7.805353e-01
9679(1002) (1.72e+00 2.05e+00) XE:2.05e-01 (1.22e+00 1.22e+00 | 7.10e-01 6.44e-01)	6.233100e+00 5.474279e+00 : 7.804920e-01
9706(999) (2.32e+00 2.05e+00) XE:2.05e-01 (1.21e+00 1.22e+00 | 6.52e-01 6.44e-01)	6.232841e+00 5.474135e+00 : 7.804651e-01
9734(1002) (2.04e+00 2.05e+00) XE:2.05e-01 (1.21e+00 1.22e+00 | 6.07e-01 6.44e-01)	6.232708e+00 5.474151e+00 : 7.804572e-01
9761(1012) (2.08e+00 2.05e+00) XE:2.05e-01 (1.20e+00 1.22e+00 | 6.78e-01 6.44e-01)	6.232572e+00 5.474004e+00 : 7.804384e-01
9788(979) (2.14e+00 2.05e+00) XE:2.05e-01 (1.22e+00 1.22e+00 | 6.30e-01 6.44e-01)	6.232375e+00 5.473827e+00 : 7.804134e-01
9815(996) (2.21e+00 2.05e+00) XE:2.05e-01 (1.21e+00 1.22e+00 | 6.68e-01 6.44e-01)	6.232343e+00 5.473653e+00 : 7.803997e-01
9843(1002) (2.18e+00 2.05e+00) XE:2.05e-01 (1.24e+00 1.22e+00 | 5.95e-01 6.44e-01)	6.232056e+00 5.473630e+00 : 7.803791e-01
9870(996) (2.00e+00 2.05e+00) XE:2.05e-01 (1.22e+00 1.22e+00 | 6.34e-01 6.44e-01)	6.231761e+00 5.473393e+00 : 7.803436e-01
9897(993) (2.04e+00 2.05e+00) XE:2.05e-01 (1.18e+00 1.22e+00 | 5.59e-01 6.44e-01)	6.231719e+00 5.473616e+00 : 7.803556e-01
9925(1006) (1.86e+00 2.05e+00) XE:2.05e-01 (1.19e+00 1.22e+00 | 5.99e-01 6.44e-01)	6.231602e+00 5.473700e+00 : 7.803534e-01
9952(1005) (1.75e+00 2.05e+00) XE:2.05e-01 (1.22e+00 1.22e+00 | 6.42e-01 6.44e-01)	6.231387e+00 5.473787e+00 : 7.803449e-01
9979(1022) (1.47e+00 2.05e+00) XE:2.05e-01 (1.24e+00 1.22e+00 | 6.70e-01 6.44e-01)	6.231396e+00 5.473886e+00 : 7.803521e-01
10000(993) (2.03e+00 2.05e+00) XE:2.05e-01 (1.20e+00 1.22e+00 | 6.24e-01 6.44e-01)	6.231430e+00 5.473678e+00 : 7.803405e-01
RL cnt: 0,6622587,1388529,196785,0,0,0,0,0,0,0,0,0,0,0,0,
BL cnt: 0,0,0,0,0,0,0,0,1595892,0,6718443,0,1595665,0,0,0,0,0,0,0,0,
6.231430e+00 5.473678e+00 : 7.803405e-01
# InnerCodebook: deleted
# NBIDSchannel: deleted
# Gtable: deleted
# FBalg4: deleted
# StatICB: deleted
