# InnerCodebook: input ICB/ex01//cb.txt
# InnerCodebook: Nu=6 Nu2p=64 numCW=18 FlgUnique=1 FlgInvertible=1 FlgBalanced=1
# InnerCodebook: Rho=3 (ell,Delta)=(10,2) L0=2
# InnerCodebook: Rst01=4 Rst10=13
# CW
# 000:001011 (2,L2,R2) WL:0 0 1 1 2 3  WR:3 3 3 2 2 1  
# 001:001101 (2,L2,R1) WL:0 0 1 2 2 3  WR:3 3 3 2 1 1  
# 002:001110 (3,L2,R1) WL:0 0 1 2 3 3  WR:3 3 3 2 1 0  
# 003:010011 (2,L1,R2) WL:0 1 1 1 2 3  WR:3 3 2 2 2 1  
# 004:010101 (1,L1,R1) WL:0 1 1 2 2 3  WR:3 3 2 2 1 1  
# 005:010110 (2,L1,R1) WL:0 1 1 2 3 3  WR:3 3 2 2 1 0  
# 006:011001 (2,L1,R1) WL:0 1 2 2 2 3  WR:3 3 2 1 1 1  
# 007:011010 (2,L1,R1) WL:0 1 2 2 3 3  WR:3 3 2 1 1 0  
# 008:011100 (3,L1,R2) WL:0 1 2 3 3 3  WR:3 3 2 1 0 0  
# 009:100011 (3,L1,R2) WL:1 1 1 1 2 3  WR:3 2 2 2 2 1  
# 010:100101 (2,L1,R1) WL:1 1 1 2 2 3  WR:3 2 2 2 1 1  
# 011:100110 (2,L1,R1) WL:1 1 1 2 3 3  WR:3 2 2 2 1 0  
# 012:101001 (2,L1,R1) WL:1 1 2 2 2 3  WR:3 2 2 1 1 1  
# 013:101010 (1,L1,R1) WL:1 1 2 2 3 3  WR:3 2 2 1 1 0  
# 014:101100 (2,L1,R2) WL:1 1 2 3 3 3  WR:3 2 2 1 0 0  
# 015:110001 (3,L2,R1) WL:1 2 2 2 2 3  WR:3 2 1 1 1 1  
# 016:110010 (2,L2,R1) WL:1 2 2 2 3 3  WR:3 2 1 1 1 0  
# 017:110100 (2,L2,R2) WL:1 2 2 3 3 3  WR:3 2 1 1 0 0  
# CWL
# 000B:1 000D:1 000E:1 0013:1 0015:1 0016:1 0019:1 001A:1 001C:1 0023:1 
# 0025:1 0026:1 0029:1 002A:1 002C:1 0031:1 0032:1 0034:1 
# CWI
# 000B:000 000D:001 000E:002 0013:003 0015:004 0016:005 0019:006 001A:007 001C:008 0023:009 
# 0025:010 0026:011 0029:012 002A:013 002C:014 0031:015 0032:016 0034:017 
# Q=18 N=50 Nu=6 Nb=300 (Pi,Pd,Ps)=(5.000000e-03,5.000000e-03,0.000000e+00) [0]
# ICB:   ICB/ex01//cb.txt
# Const: ICB/ex01//constraint.txt
# EncCM: ICB/ex01//EncCM.bin
# ChannelMatrix: ICB/ex01//EncCM.bin (18x18)
# IDSchannel: N=300 (Pi,Pd,Ps)=(5.000000e-03,5.000000e-03,0.000000e+00) (Dmin,Dmax)=(-3,3)
# SLFBAdec: Ns=50 (Nu;Nu2min,Nu2max)=(6(64);3,9) Nb=300 Q=18
# SLFBAdec: (Pi,Pd,Ps,Pt)=(5.000000e-03,5.000000e-03,0.000000e+00,9.900000e-01) (Dmin,Dmax:Drng)=(-3,3:7)
# SLFBAdec: generating GD & GX
# SLFBAdec: generating factor graph
# ChannelMatrix: M=18 N=5832
1000 6221/50000 24 1.244200e-01 : 4.134651e+00 5.329965e-01 3.601655e+00
2000 12441/100000 24 1.244100e-01 : 4.136531e+00 5.449429e-01 3.591588e+00
3000 18797/150000 24 1.253133e-01 : 4.136718e+00 5.532034e-01 3.583515e+00
4000 25169/200000 24 1.258450e-01 : 4.137028e+00 5.577546e-01 3.579273e+00
5000 31596/250000 24 1.263840e-01 : 4.137304e+00 5.618373e-01 3.575467e+00
6000 37961/300000 24 1.265367e-01 : 4.136886e+00 5.649008e-01 3.571985e+00
7000 44341/350000 24 1.266886e-01 : 4.136855e+00 5.668566e-01 3.569998e+00
8000 50712/400000 28 1.267800e-01 : 4.136675e+00 5.685973e-01 3.568078e+00
9000 56899/450000 28 1.264422e-01 : 4.136937e+00 5.679575e-01 3.568980e+00
10000 63031/500000 32 1.260620e-01 : 4.136720e+00 5.675169e-01 3.569203e+00
11000 69315/550000 32 1.260273e-01 : 4.136702e+00 5.681325e-01 3.568569e+00
12000 75504/600000 32 1.258400e-01 : 4.136734e+00 5.681857e-01 3.568548e+00
13000 82068/650000 32 1.262585e-01 : 4.136574e+00 5.706224e-01 3.565952e+00
14000 88438/700000 32 1.263400e-01 : 4.136498e+00 5.720308e-01 3.564467e+00
15000 94678/750000 32 1.262373e-01 : 4.136487e+00 5.719413e-01 3.564545e+00
16000 101159/800000 32 1.264487e-01 : 4.136540e+00 5.731468e-01 3.563393e+00
17000 107407/850000 32 1.263612e-01 : 4.136600e+00 5.728865e-01 3.563713e+00
18000 113589/900000 32 1.262100e-01 : 4.136654e+00 5.727154e-01 3.563939e+00
19000 120022/950000 32 1.263389e-01 : 4.136702e+00 5.733555e-01 3.563346e+00
20000 126270/1000000 32 1.262700e-01 : 4.136791e+00 5.733490e-01 3.563442e+00
21000 132563/1050000 32 1.262505e-01 : 4.136768e+00 5.737118e-01 3.563056e+00
22000 138835/1100000 32 1.262136e-01 : 4.136667e+00 5.738778e-01 3.562790e+00
23000 145175/1150000 32 1.262391e-01 : 4.136623e+00 5.743055e-01 3.562318e+00
24000 151362/1200000 32 1.261350e-01 : 4.136597e+00 5.742022e-01 3.562394e+00
25000 157656/1250000 32 1.261248e-01 : 4.136495e+00 5.738098e-01 3.562685e+00
26000 164060/1300000 32 1.262000e-01 : 4.136453e+00 5.742316e-01 3.562221e+00
27000 170515/1350000 32 1.263074e-01 : 4.136526e+00 5.750159e-01 3.561510e+00
28000 176770/1400000 32 1.262643e-01 : 4.136555e+00 5.750397e-01 3.561515e+00
29000 183118/1450000 32 1.262883e-01 : 4.136643e+00 5.752103e-01 3.561433e+00
30000 189350/1500000 32 1.262333e-01 : 4.136696e+00 5.749989e-01 3.561697e+00
31000 195532/1550000 32 1.261497e-01 : 4.136658e+00 5.749702e-01 3.561687e+00
32000 201724/1600000 32 1.260775e-01 : 4.136661e+00 5.748972e-01 3.561764e+00
33000 208002/1650000 32 1.260618e-01 : 4.136645e+00 5.748962e-01 3.561749e+00
34000 214310/1700000 32 1.260647e-01 : 4.136714e+00 5.750659e-01 3.561648e+00
35000 220538/1750000 32 1.260217e-01 : 4.136781e+00 5.749371e-01 3.561844e+00
36000 226879/1800000 32 1.260439e-01 : 4.136786e+00 5.754031e-01 3.561383e+00
37000 233148/1850000 32 1.260259e-01 : 4.136800e+00 5.754317e-01 3.561368e+00
38000 239446/1900000 32 1.260242e-01 : 4.136789e+00 5.755316e-01 3.561258e+00
39000 245679/1950000 32 1.259892e-01 : 4.136750e+00 5.753803e-01 3.561370e+00
40000 252015/2000000 32 1.260075e-01 : 4.136738e+00 5.757147e-01 3.561023e+00
41000 258462/2050000 32 1.260790e-01 : 4.136732e+00 5.761378e-01 3.560594e+00
42000 264750/2100000 32 1.260714e-01 : 4.136706e+00 5.762709e-01 3.560435e+00
43000 271071/2150000 32 1.260795e-01 : 4.136683e+00 5.763548e-01 3.560328e+00
44000 277474/2200000 32 1.261245e-01 : 4.136657e+00 5.764860e-01 3.560171e+00
45000 283755/2250000 32 1.261133e-01 : 4.136633e+00 5.766327e-01 3.560001e+00
46000 290012/2300000 32 1.260922e-01 : 4.136657e+00 5.764892e-01 3.560168e+00
47000 296149/2350000 32 1.260209e-01 : 4.136650e+00 5.761840e-01 3.560466e+00
48000 302614/2400000 44 1.260892e-01 : 4.136624e+00 5.765707e-01 3.560053e+00
49000 308880/2450000 44 1.260735e-01 : 4.136633e+00 5.765782e-01 3.560055e+00
50000 315200/2500000 44 1.260800e-01 : 4.136612e+00 5.768093e-01 3.559803e+00
51000 321609/2550000 44 1.261212e-01 : 4.136632e+00 5.769275e-01 3.559704e+00
52000 327687/2600000 44 1.260335e-01 : 4.136625e+00 5.764374e-01 3.560187e+00
53000 333877/2650000 44 1.259913e-01 : 4.136563e+00 5.763297e-01 3.560234e+00
54000 340122/2700000 44 1.259711e-01 : 4.136575e+00 5.762443e-01 3.560331e+00
55000 346416/2750000 44 1.259695e-01 : 4.136547e+00 5.762633e-01 3.560283e+00
56000 352450/2800000 44 1.258750e-01 : 4.136515e+00 5.758254e-01 3.560689e+00
57000 358717/2850000 44 1.258656e-01 : 4.136517e+00 5.758472e-01 3.560670e+00
58000 365033/2900000 44 1.258734e-01 : 4.136551e+00 5.760270e-01 3.560524e+00
59000 371186/2950000 44 1.258258e-01 : 4.136515e+00 5.759984e-01 3.560516e+00
60000 377594/3000000 44 1.258647e-01 : 4.136522e+00 5.762366e-01 3.560285e+00
61000 383920/3050000 44 1.258754e-01 : 4.136514e+00 5.763403e-01 3.560174e+00
62000 390136/3100000 44 1.258503e-01 : 4.136489e+00 5.763458e-01 3.560143e+00
63000 396548/3150000 44 1.258883e-01 : 4.136507e+00 5.764772e-01 3.560030e+00
64000 402825/3200000 44 1.258828e-01 : 4.136530e+00 5.764689e-01 3.560061e+00
65000 409202/3250000 44 1.259083e-01 : 4.136482e+00 5.765946e-01 3.559887e+00
66000 415511/3300000 44 1.259124e-01 : 4.136509e+00 5.765512e-01 3.559958e+00
67000 421903/3350000 44 1.259412e-01 : 4.136543e+00 5.766997e-01 3.559844e+00
68000 428287/3400000 44 1.259668e-01 : 4.136579e+00 5.768224e-01 3.559756e+00
69000 434671/3450000 44 1.259916e-01 : 4.136526e+00 5.769658e-01 3.559560e+00
70000 440875/3500000 44 1.259643e-01 : 4.136523e+00 5.767666e-01 3.559757e+00
71000 446981/3550000 44 1.259101e-01 : 4.136494e+00 5.765333e-01 3.559961e+00
72000 453144/3600000 44 1.258733e-01 : 4.136516e+00 5.764246e-01 3.560092e+00
73000 459350/3650000 44 1.258493e-01 : 4.136499e+00 5.763112e-01 3.560188e+00
74000 465710/3700000 44 1.258676e-01 : 4.136500e+00 5.764319e-01 3.560068e+00
75000 472112/3750000 44 1.258965e-01 : 4.136496e+00 5.765447e-01 3.559951e+00
76000 478285/3800000 44 1.258645e-01 : 4.136456e+00 5.763194e-01 3.560136e+00
77000 484764/3850000 44 1.259127e-01 : 4.136456e+00 5.766688e-01 3.559788e+00
78000 491034/3900000 44 1.259062e-01 : 4.136442e+00 5.765977e-01 3.559844e+00
79000 497117/3950000 44 1.258524e-01 : 4.136459e+00 5.764090e-01 3.560050e+00
80000 503476/4000000 44 1.258690e-01 : 4.136457e+00 5.764755e-01 3.559981e+00
81000 509677/4050000 44 1.258462e-01 : 4.136454e+00 5.763770e-01 3.560077e+00
82000 515792/4100000 44 1.258029e-01 : 4.136417e+00 5.762094e-01 3.560207e+00
83000 522055/4150000 44 1.257964e-01 : 4.136416e+00 5.763060e-01 3.560110e+00
84000 528384/4200000 44 1.258057e-01 : 4.136394e+00 5.764042e-01 3.559990e+00
85000 534753/4250000 44 1.258242e-01 : 4.136414e+00 5.765285e-01 3.559885e+00
86000 541041/4300000 44 1.258235e-01 : 4.136437e+00 5.765324e-01 3.559905e+00
87000 547176/4350000 44 1.257876e-01 : 4.136455e+00 5.763592e-01 3.560096e+00
88000 553353/4400000 44 1.257620e-01 : 4.136430e+00 5.762722e-01 3.560158e+00
89000 559562/4450000 44 1.257443e-01 : 4.136440e+00 5.761841e-01 3.560256e+00
90000 565863/4500000 44 1.257473e-01 : 4.136438e+00 5.761604e-01 3.560278e+00
91000 572057/4550000 44 1.257268e-01 : 4.136411e+00 5.760734e-01 3.560337e+00
92000 578193/4600000 44 1.256941e-01 : 4.136415e+00 5.759978e-01 3.560417e+00
93000 584475/4650000 44 1.256935e-01 : 4.136431e+00 5.759302e-01 3.560501e+00
94000 590637/4700000 44 1.256674e-01 : 4.136424e+00 5.758515e-01 3.560573e+00
95000 596929/4750000 44 1.256693e-01 : 4.136433e+00 5.758498e-01 3.560583e+00
96000 603179/4800000 44 1.256623e-01 : 4.136432e+00 5.758157e-01 3.560617e+00
97000 609259/4850000 44 1.256204e-01 : 4.136421e+00 5.757144e-01 3.560707e+00
98000 615486/4900000 44 1.256094e-01 : 4.136418e+00 5.756622e-01 3.560756e+00
99000 621883/4950000 44 1.256329e-01 : 4.136423e+00 5.757364e-01 3.560687e+00
100000 628246/5000000 44 1.256492e-01 : 4.136421e+00 5.758062e-01 3.560614e+00
=== 最終統計結果 ===
総シンボル数: 5000000 個
総エラー数: 628246 個
シンボルエラー率: 0.125649 (12.56%)
1ブロック内最大エラー数: 44 個
実行イテレーション数: 100000 回
1イテレーションあたりのシンボル数: 50 個
平均エラー数/イテレーション: 6.28 個
========================
# InnerCodebook: deleted
# ChannelMatrix: deleted
# IDSchannel: deleted
# SLFBAdec: deleted
# ChannelMatrix: deleted
