# InnerCodebook: input ICB/ex01//cb.txt
# InnerCodebook: Nu=6 Nu2p=64 numCW=18 FlgUnique=1 FlgInvertible=1 FlgBalanced=1
# InnerCodebook: Rho=3 (ell,Delta)=(10,2) L0=2
# InnerCodebook: Rst01=4 Rst10=13
# CW
# 000:001011 (2,L2,R2) WL:0 0 1 1 2 3  WR:3 3 3 2 2 1  
# 001:001101 (2,L2,R1) WL:0 0 1 2 2 3  WR:3 3 3 2 1 1  
# 002:001110 (3,L2,R1) WL:0 0 1 2 3 3  WR:3 3 3 2 1 0  
# 003:010011 (2,L1,R2) WL:0 1 1 1 2 3  WR:3 3 2 2 2 1  
# 004:010101 (1,L1,R1) WL:0 1 1 2 2 3  WR:3 3 2 2 1 1  
# 005:010110 (2,L1,R1) WL:0 1 1 2 3 3  WR:3 3 2 2 1 0  
# 006:011001 (2,L1,R1) WL:0 1 2 2 2 3  WR:3 3 2 1 1 1  
# 007:011010 (2,L1,R1) WL:0 1 2 2 3 3  WR:3 3 2 1 1 0  
# 008:011100 (3,L1,R2) WL:0 1 2 3 3 3  WR:3 3 2 1 0 0  
# 009:100011 (3,L1,R2) WL:1 1 1 1 2 3  WR:3 2 2 2 2 1  
# 010:100101 (2,L1,R1) WL:1 1 1 2 2 3  WR:3 2 2 2 1 1  
# 011:100110 (2,L1,R1) WL:1 1 1 2 3 3  WR:3 2 2 2 1 0  
# 012:101001 (2,L1,R1) WL:1 1 2 2 2 3  WR:3 2 2 1 1 1  
# 013:101010 (1,L1,R1) WL:1 1 2 2 3 3  WR:3 2 2 1 1 0  
# 014:101100 (2,L1,R2) WL:1 1 2 3 3 3  WR:3 2 2 1 0 0  
# 015:110001 (3,L2,R1) WL:1 2 2 2 2 3  WR:3 2 1 1 1 1  
# 016:110010 (2,L2,R1) WL:1 2 2 2 3 3  WR:3 2 1 1 1 0  
# 017:110100 (2,L2,R2) WL:1 2 2 3 3 3  WR:3 2 1 1 0 0  
# CWL
# 000B:1 000D:1 000E:1 0013:1 0015:1 0016:1 0019:1 001A:1 001C:1 0023:1 
# 0025:1 0026:1 0029:1 002A:1 002C:1 0031:1 0032:1 0034:1 
# CWI
# 000B:000 000D:001 000E:002 0013:003 0015:004 0016:005 0019:006 001A:007 001C:008 0023:009 
# 0025:010 0026:011 0029:012 002A:013 002C:014 0031:015 0032:016 0034:017 
# Q=18 N=50 Nu=6 Nb=300 (Pi,Pd,Ps)=(0.000000e+00,8.000000e-03,0.000000e+00) [0]
# ICB:   ICB/ex01//cb.txt
# Const: ICB/ex01//constraint.txt
# EncCM: ICB/ex01//EncCM.bin
# ChannelMatrix: ICB/ex01//EncCM.bin (18x18)
# IDSchannel: N=300 (Pi,Pd,Ps)=(0.000000e+00,8.000000e-03,0.000000e+00) (Dmin,Dmax)=(-5,0)
# SLFBAdec: Ns=50 (Nu;Nu2min,Nu2max)=(6(64);3,8) Nb=300 Q=18
# SLFBAdec: (Pi,Pd,Ps,Pt)=(0.000000e+00,8.000000e-03,0.000000e+00,9.920000e-01) (Dmin,Dmax:Drng)=(-5,0:6)
# SLFBAdec: generating GD & GX
# SLFBAdec: generating factor graph
# ChannelMatrix: M=18 N=5832
1000 6020/50000 17 1.204000e-01 : 4.136764e+00 4.573580e-01 3.679406e+00
2000 11948/100000 21 1.194800e-01 : 4.136187e+00 4.583221e-01 3.677865e+00
3000 17817/150000 21 1.187800e-01 : 4.135927e+00 4.580078e-01 3.677919e+00
4000 23732/200000 21 1.186600e-01 : 4.135708e+00 4.607580e-01 3.674950e+00
5000 29981/250000 21 1.199240e-01 : 4.136195e+00 4.655955e-01 3.670599e+00
6000 36119/300000 21 1.203967e-01 : 4.136705e+00 4.684416e-01 3.668264e+00
7000 42155/350000 21 1.204429e-01 : 4.136760e+00 4.695942e-01 3.667166e+00
8000 48174/400000 21 1.204350e-01 : 4.136789e+00 4.703980e-01 3.666391e+00
9000 54301/450000 21 1.206689e-01 : 4.136888e+00 4.710144e-01 3.665873e+00
10000 60344/500000 21 1.206880e-01 : 4.136714e+00 4.714063e-01 3.665307e+00
11000 66459/550000 21 1.208345e-01 : 4.136803e+00 4.724636e-01 3.664339e+00
12000 72509/600000 21 1.208483e-01 : 4.136802e+00 4.728883e-01 3.663914e+00
13000 78495/650000 21 1.207615e-01 : 4.136603e+00 4.733869e-01 3.663216e+00
14000 84528/700000 21 1.207543e-01 : 4.136868e+00 4.735025e-01 3.663366e+00
15000 90658/750000 21 1.208773e-01 : 4.136897e+00 4.741495e-01 3.662747e+00
16000 96667/800000 21 1.208338e-01 : 4.136908e+00 4.740694e-01 3.662839e+00
17000 102643/850000 21 1.207565e-01 : 4.136780e+00 4.738391e-01 3.662941e+00
18000 108658/900000 21 1.207311e-01 : 4.136701e+00 4.739267e-01 3.662775e+00
19000 114744/950000 21 1.207832e-01 : 4.136718e+00 4.743130e-01 3.662405e+00
20000 120855/1000000 21 1.208550e-01 : 4.136681e+00 4.746326e-01 3.662049e+00
21000 127023/1050000 21 1.209743e-01 : 4.136741e+00 4.749421e-01 3.661799e+00
22000 132934/1100000 21 1.208491e-01 : 4.136747e+00 4.747726e-01 3.661974e+00
23000 138921/1150000 21 1.208009e-01 : 4.136686e+00 4.746548e-01 3.662031e+00
24000 144937/1200000 21 1.207808e-01 : 4.136624e+00 4.747188e-01 3.661905e+00
25000 150886/1250000 21 1.207088e-01 : 4.136551e+00 4.745971e-01 3.661953e+00
26000 156938/1300000 21 1.207215e-01 : 4.136546e+00 4.747223e-01 3.661824e+00
27000 162939/1350000 21 1.206956e-01 : 4.136529e+00 4.747615e-01 3.661768e+00
28000 168919/1400000 21 1.206564e-01 : 4.136574e+00 4.748514e-01 3.661723e+00
29000 175064/1450000 21 1.207338e-01 : 4.136638e+00 4.749564e-01 3.661682e+00
30000 181212/1500000 21 1.208080e-01 : 4.136672e+00 4.752914e-01 3.661381e+00
31000 187188/1550000 21 1.207665e-01 : 4.136585e+00 4.753500e-01 3.661235e+00
32000 193219/1600000 21 1.207619e-01 : 4.136557e+00 4.754568e-01 3.661100e+00
33000 199409/1650000 21 1.208539e-01 : 4.136629e+00 4.758873e-01 3.660742e+00
34000 205620/1700000 21 1.209529e-01 : 4.136685e+00 4.761251e-01 3.660560e+00
35000 211717/1750000 21 1.209811e-01 : 4.136678e+00 4.761693e-01 3.660509e+00
36000 217754/1800000 21 1.209744e-01 : 4.136670e+00 4.761405e-01 3.660529e+00
37000 223794/1850000 21 1.209697e-01 : 4.136619e+00 4.762168e-01 3.660402e+00
38000 229742/1900000 21 1.209168e-01 : 4.136616e+00 4.760718e-01 3.660544e+00
39000 235834/1950000 21 1.209405e-01 : 4.136641e+00 4.761849e-01 3.660456e+00
40000 241726/2000000 21 1.208630e-01 : 4.136603e+00 4.759586e-01 3.660645e+00
41000 247813/2050000 21 1.208844e-01 : 4.136601e+00 4.761024e-01 3.660499e+00
42000 253939/2100000 21 1.209233e-01 : 4.136604e+00 4.762338e-01 3.660370e+00
43000 260005/2150000 21 1.209326e-01 : 4.136613e+00 4.764345e-01 3.660179e+00
44000 266143/2200000 21 1.209741e-01 : 4.136616e+00 4.766646e-01 3.659952e+00
45000 272145/2250000 21 1.209533e-01 : 4.136603e+00 4.766646e-01 3.659938e+00
46000 278215/2300000 21 1.209630e-01 : 4.136571e+00 4.766897e-01 3.659881e+00
47000 284127/2350000 21 1.209051e-01 : 4.136572e+00 4.766018e-01 3.659970e+00
48000 290197/2400000 21 1.209154e-01 : 4.136558e+00 4.766164e-01 3.659941e+00
49000 296338/2450000 25 1.209543e-01 : 4.136577e+00 4.766857e-01 3.659891e+00
50000 302410/2500000 25 1.209640e-01 : 4.136572e+00 4.767262e-01 3.659846e+00
51000 308508/2550000 25 1.209835e-01 : 4.136619e+00 4.768499e-01 3.659769e+00
52000 314492/2600000 25 1.209585e-01 : 4.136609e+00 4.768383e-01 3.659771e+00
53000 320517/2650000 25 1.209498e-01 : 4.136623e+00 4.769125e-01 3.659711e+00
54000 326612/2700000 25 1.209674e-01 : 4.136579e+00 4.770064e-01 3.659572e+00
55000 332588/2750000 25 1.209411e-01 : 4.136569e+00 4.770069e-01 3.659562e+00
56000 338546/2800000 25 1.209093e-01 : 4.136574e+00 4.768588e-01 3.659715e+00
57000 344784/2850000 25 1.209768e-01 : 4.136607e+00 4.770970e-01 3.659510e+00
58000 350829/2900000 25 1.209755e-01 : 4.136621e+00 4.770743e-01 3.659546e+00
59000 356969/2950000 25 1.210064e-01 : 4.136627e+00 4.772350e-01 3.659392e+00
60000 363051/3000000 25 1.210170e-01 : 4.136621e+00 4.772844e-01 3.659336e+00
61000 369177/3050000 25 1.210416e-01 : 4.136620e+00 4.773912e-01 3.659229e+00
62000 375342/3100000 25 1.210781e-01 : 4.136606e+00 4.775565e-01 3.659049e+00
63000 381393/3150000 25 1.210771e-01 : 4.136617e+00 4.775107e-01 3.659106e+00
64000 387349/3200000 25 1.210466e-01 : 4.136603e+00 4.774593e-01 3.659144e+00
65000 393486/3250000 25 1.210726e-01 : 4.136616e+00 4.775636e-01 3.659053e+00
66000 399517/3300000 25 1.210658e-01 : 4.136629e+00 4.775309e-01 3.659098e+00
67000 405506/3350000 25 1.210466e-01 : 4.136660e+00 4.774929e-01 3.659167e+00
68000 411439/3400000 25 1.210115e-01 : 4.136649e+00 4.774345e-01 3.659215e+00
69000 417458/3450000 25 1.210023e-01 : 4.136640e+00 4.773625e-01 3.659278e+00
70000 423520/3500000 25 1.210057e-01 : 4.136633e+00 4.774482e-01 3.659184e+00
71000 429581/3550000 25 1.210087e-01 : 4.136631e+00 4.774998e-01 3.659131e+00
72000 435560/3600000 25 1.209889e-01 : 4.136609e+00 4.774774e-01 3.659132e+00
73000 441622/3650000 25 1.209923e-01 : 4.136619e+00 4.774837e-01 3.659135e+00
74000 447670/3700000 25 1.209919e-01 : 4.136623e+00 4.775260e-01 3.659097e+00
75000 453743/3750000 25 1.209981e-01 : 4.136595e+00 4.775058e-01 3.659089e+00
76000 459924/3800000 25 1.210326e-01 : 4.136600e+00 4.775779e-01 3.659023e+00
77000 465961/3850000 25 1.210288e-01 : 4.136598e+00 4.775653e-01 3.659033e+00
78000 472068/3900000 25 1.210431e-01 : 4.136592e+00 4.776117e-01 3.658981e+00
79000 478014/3950000 25 1.210162e-01 : 4.136592e+00 4.775071e-01 3.659085e+00
80000 483948/4000000 25 1.209870e-01 : 4.136576e+00 4.774201e-01 3.659156e+00
81000 490005/4050000 25 1.209889e-01 : 4.136584e+00 4.774257e-01 3.659159e+00
82000 495987/4100000 25 1.209724e-01 : 4.136601e+00 4.774399e-01 3.659161e+00
83000 501949/4150000 25 1.209516e-01 : 4.136597e+00 4.774319e-01 3.659165e+00
84000 508116/4200000 25 1.209800e-01 : 4.136586e+00 4.775259e-01 3.659060e+00
85000 514256/4250000 25 1.210014e-01 : 4.136584e+00 4.776633e-01 3.658920e+00
86000 520174/4300000 25 1.209707e-01 : 4.136570e+00 4.775587e-01 3.659011e+00
87000 526241/4350000 25 1.209749e-01 : 4.136568e+00 4.775763e-01 3.658992e+00
88000 532259/4400000 25 1.209680e-01 : 4.136546e+00 4.775549e-01 3.658991e+00
89000 538415/4450000 25 1.209921e-01 : 4.136562e+00 4.776148e-01 3.658947e+00
90000 544364/4500000 25 1.209698e-01 : 4.136555e+00 4.775638e-01 3.658991e+00
91000 550325/4550000 25 1.209505e-01 : 4.136564e+00 4.774452e-01 3.659119e+00
92000 556414/4600000 25 1.209596e-01 : 4.136581e+00 4.774346e-01 3.659146e+00
93000 562505/4650000 25 1.209688e-01 : 4.136586e+00 4.774340e-01 3.659152e+00
94000 568535/4700000 25 1.209649e-01 : 4.136596e+00 4.774694e-01 3.659126e+00
95000 574571/4750000 25 1.209623e-01 : 4.136590e+00 4.773894e-01 3.659200e+00
96000 580715/4800000 25 1.209823e-01 : 4.136592e+00 4.774561e-01 3.659136e+00
97000 586888/4850000 25 1.210078e-01 : 4.136601e+00 4.775786e-01 3.659022e+00
98000 592859/4900000 25 1.209916e-01 : 4.136592e+00 4.774823e-01 3.659110e+00
99000 598740/4950000 25 1.209576e-01 : 4.136593e+00 4.773982e-01 3.659194e+00
100000 604790/5000000 25 1.209580e-01 : 4.136594e+00 4.773637e-01 3.659230e+00
=== 最終統計結果 ===
総シンボル数: 5000000 個
総エラー数: 604790 個
シンボルエラー率: 0.120958 (12.10%)
1ブロック内最大エラー数: 25 個
実行イテレーション数: 100000 回
1イテレーションあたりのシンボル数: 50 個
平均エラー数/イテレーション: 6.05 個
========================
# InnerCodebook: deleted
# ChannelMatrix: deleted
# IDSchannel: deleted
# SLFBAdec: deleted
# ChannelMatrix: deleted
