# InnerCodebook: input ICB/ex01//cb.txt
# InnerCodebook: Nu=6 Nu2p=64 numCW=18 FlgUnique=1 FlgInvertible=1 FlgBalanced=1
# InnerCodebook: Rho=3 (ell,Delta)=(10,2) L0=2
# InnerCodebook: Rst01=4 Rst10=13
# CW
# 000:001011 (2,L2,R2) WL:0 0 1 1 2 3  WR:3 3 3 2 2 1  
# 001:001101 (2,L2,R1) WL:0 0 1 2 2 3  WR:3 3 3 2 1 1  
# 002:001110 (3,L2,R1) WL:0 0 1 2 3 3  WR:3 3 3 2 1 0  
# 003:010011 (2,L1,R2) WL:0 1 1 1 2 3  WR:3 3 2 2 2 1  
# 004:010101 (1,L1,R1) WL:0 1 1 2 2 3  WR:3 3 2 2 1 1  
# 005:010110 (2,L1,R1) WL:0 1 1 2 3 3  WR:3 3 2 2 1 0  
# 006:011001 (2,L1,R1) WL:0 1 2 2 2 3  WR:3 3 2 1 1 1  
# 007:011010 (2,L1,R1) WL:0 1 2 2 3 3  WR:3 3 2 1 1 0  
# 008:011100 (3,L1,R2) WL:0 1 2 3 3 3  WR:3 3 2 1 0 0  
# 009:100011 (3,L1,R2) WL:1 1 1 1 2 3  WR:3 2 2 2 2 1  
# 010:100101 (2,L1,R1) WL:1 1 1 2 2 3  WR:3 2 2 2 1 1  
# 011:100110 (2,L1,R1) WL:1 1 1 2 3 3  WR:3 2 2 2 1 0  
# 012:101001 (2,L1,R1) WL:1 1 2 2 2 3  WR:3 2 2 1 1 1  
# 013:101010 (1,L1,R1) WL:1 1 2 2 3 3  WR:3 2 2 1 1 0  
# 014:101100 (2,L1,R2) WL:1 1 2 3 3 3  WR:3 2 2 1 0 0  
# 015:110001 (3,L2,R1) WL:1 2 2 2 2 3  WR:3 2 1 1 1 1  
# 016:110010 (2,L2,R1) WL:1 2 2 2 3 3  WR:3 2 1 1 1 0  
# 017:110100 (2,L2,R2) WL:1 2 2 3 3 3  WR:3 2 1 1 0 0  
# CWL
# 000B:1 000D:1 000E:1 0013:1 0015:1 0016:1 0019:1 001A:1 001C:1 0023:1 
# 0025:1 0026:1 0029:1 002A:1 002C:1 0031:1 0032:1 0034:1 
# CWI
# 000B:000 000D:001 000E:002 0013:003 0015:004 0016:005 0019:006 001A:007 001C:008 0023:009 
# 0025:010 0026:011 0029:012 002A:013 002C:014 0031:015 0032:016 0034:017 
# Q=18 N=50 Nu=6 Nb=300 (Pi,Pd,Ps)=(0.000000e+00,4.000000e-03,0.000000e+00) [0]
# ICB:   ICB/ex01//cb.txt
# Const: ICB/ex01//constraint.txt
# EncCM: ICB/ex01//EncCM.bin
# ChannelMatrix: ICB/ex01//EncCM.bin (18x18)
# IDSchannel: N=300 (Pi,Pd,Ps)=(0.000000e+00,4.000000e-03,0.000000e+00) (Dmin,Dmax)=(-3,0)
# SLFBAdec: Ns=50 (Nu;Nu2min,Nu2max)=(6(64);3,8) Nb=300 Q=18
# SLFBAdec: (Pi,Pd,Ps,Pt)=(0.000000e+00,4.000000e-03,0.000000e+00,9.960000e-01) (Dmin,Dmax:Drng)=(-3,0:4)
# SLFBAdec: generating GD & GX
# SLFBAdec: generating factor graph
# ChannelMatrix: M=18 N=5832
1000 4935/50000 14 9.870000e-02 : 4.137731e+00 3.695850e-01 3.768146e+00
2000 9777/100000 14 9.777000e-02 : 4.137698e+00 3.691861e-01 3.768512e+00
3000 14485/150000 14 9.656667e-02 : 4.137256e+00 3.668661e-01 3.770390e+00
4000 19261/200000 14 9.630500e-02 : 4.136722e+00 3.681977e-01 3.768524e+00
5000 24096/250000 15 9.638400e-02 : 4.136273e+00 3.695250e-01 3.766748e+00
6000 29125/300000 16 9.708333e-02 : 4.136025e+00 3.717403e-01 3.764285e+00
7000 33928/350000 16 9.693714e-02 : 4.136088e+00 3.717397e-01 3.764349e+00
8000 38734/400000 16 9.683500e-02 : 4.136252e+00 3.716952e-01 3.764557e+00
9000 43463/450000 16 9.658444e-02 : 4.136172e+00 3.712064e-01 3.764966e+00
10000 48334/500000 16 9.666800e-02 : 4.136545e+00 3.717335e-01 3.764812e+00
11000 53227/550000 16 9.677636e-02 : 4.136626e+00 3.722498e-01 3.764377e+00
12000 57932/600000 16 9.655333e-02 : 4.136384e+00 3.716010e-01 3.764783e+00
13000 62732/650000 16 9.651077e-02 : 4.136328e+00 3.719019e-01 3.764426e+00
14000 67444/700000 16 9.634857e-02 : 4.136261e+00 3.712719e-01 3.764989e+00
15000 72312/750000 16 9.641600e-02 : 4.136291e+00 3.713768e-01 3.764914e+00
16000 77138/800000 16 9.642250e-02 : 4.136334e+00 3.714487e-01 3.764885e+00
17000 81936/850000 16 9.639529e-02 : 4.136325e+00 3.714205e-01 3.764904e+00
18000 86901/900000 16 9.655667e-02 : 4.136272e+00 3.717500e-01 3.764522e+00
19000 91612/950000 16 9.643368e-02 : 4.136293e+00 3.713585e-01 3.764934e+00
20000 96347/1000000 16 9.634700e-02 : 4.136353e+00 3.712852e-01 3.765068e+00
21000 101128/1050000 16 9.631238e-02 : 4.136353e+00 3.711313e-01 3.765221e+00
22000 105935/1100000 16 9.630455e-02 : 4.136350e+00 3.711294e-01 3.765220e+00
23000 110717/1150000 16 9.627565e-02 : 4.136435e+00 3.711655e-01 3.765269e+00
24000 115570/1200000 16 9.630833e-02 : 4.136483e+00 3.711831e-01 3.765300e+00
25000 120365/1250000 16 9.629200e-02 : 4.136474e+00 3.711608e-01 3.765313e+00
26000 125200/1300000 16 9.630769e-02 : 4.136477e+00 3.713001e-01 3.765177e+00
27000 130086/1350000 16 9.636000e-02 : 4.136519e+00 3.714253e-01 3.765093e+00
28000 134973/1400000 19 9.640929e-02 : 4.136491e+00 3.716231e-01 3.764868e+00
29000 139787/1450000 19 9.640483e-02 : 4.136478e+00 3.716285e-01 3.764850e+00
30000 144487/1500000 19 9.632467e-02 : 4.136470e+00 3.714573e-01 3.765013e+00
31000 149398/1550000 19 9.638581e-02 : 4.136450e+00 3.716827e-01 3.764767e+00
32000 154323/1600000 19 9.645188e-02 : 4.136486e+00 3.719375e-01 3.764548e+00
33000 159256/1650000 19 9.651879e-02 : 4.136445e+00 3.722048e-01 3.764241e+00
34000 164065/1700000 19 9.650882e-02 : 4.136440e+00 3.723034e-01 3.764136e+00
35000 168869/1750000 19 9.649657e-02 : 4.136461e+00 3.722290e-01 3.764232e+00
36000 173704/1800000 19 9.650222e-02 : 4.136485e+00 3.723486e-01 3.764136e+00
37000 178566/1850000 19 9.652216e-02 : 4.136481e+00 3.723752e-01 3.764106e+00
38000 183348/1900000 19 9.649895e-02 : 4.136477e+00 3.723356e-01 3.764142e+00
39000 188238/1950000 19 9.653231e-02 : 4.136459e+00 3.725768e-01 3.763883e+00
40000 193019/2000000 19 9.650950e-02 : 4.136450e+00 3.725300e-01 3.763920e+00
41000 197989/2050000 19 9.658000e-02 : 4.136460e+00 3.726836e-01 3.763777e+00
42000 202859/2100000 19 9.659952e-02 : 4.136483e+00 3.726627e-01 3.763820e+00
43000 207722/2150000 19 9.661488e-02 : 4.136489e+00 3.726913e-01 3.763797e+00
44000 212556/2200000 19 9.661636e-02 : 4.136499e+00 3.727540e-01 3.763745e+00
45000 217400/2250000 19 9.662222e-02 : 4.136516e+00 3.728948e-01 3.763621e+00
46000 222307/2300000 19 9.665522e-02 : 4.136551e+00 3.730114e-01 3.763540e+00
47000 227086/2350000 19 9.663234e-02 : 4.136512e+00 3.729639e-01 3.763548e+00
48000 231880/2400000 19 9.661667e-02 : 4.136489e+00 3.729095e-01 3.763580e+00
49000 236729/2450000 19 9.662408e-02 : 4.136450e+00 3.729508e-01 3.763499e+00
50000 241625/2500000 19 9.665000e-02 : 4.136463e+00 3.729669e-01 3.763496e+00
51000 246535/2550000 19 9.668039e-02 : 4.136476e+00 3.730714e-01 3.763405e+00
52000 251304/2600000 19 9.665538e-02 : 4.136498e+00 3.730336e-01 3.763464e+00
53000 256073/2650000 19 9.663132e-02 : 4.136508e+00 3.729970e-01 3.763511e+00
54000 261075/2700000 19 9.669444e-02 : 4.136529e+00 3.731908e-01 3.763338e+00
55000 265877/2750000 19 9.668255e-02 : 4.136510e+00 3.731655e-01 3.763345e+00
56000 270561/2800000 19 9.662893e-02 : 4.136519e+00 3.730356e-01 3.763483e+00
57000 275400/2850000 19 9.663158e-02 : 4.136510e+00 3.729829e-01 3.763527e+00
58000 280250/2900000 19 9.663793e-02 : 4.136512e+00 3.730358e-01 3.763476e+00
59000 285125/2950000 19 9.665254e-02 : 4.136498e+00 3.730273e-01 3.763471e+00
60000 290118/3000000 19 9.670600e-02 : 4.136552e+00 3.732206e-01 3.763331e+00
61000 294905/3050000 19 9.669016e-02 : 4.136557e+00 3.731646e-01 3.763392e+00
62000 299709/3100000 19 9.668032e-02 : 4.136532e+00 3.731496e-01 3.763383e+00
63000 304483/3150000 19 9.666127e-02 : 4.136537e+00 3.731366e-01 3.763401e+00
64000 309418/3200000 19 9.669313e-02 : 4.136531e+00 3.731893e-01 3.763342e+00
65000 314325/3250000 19 9.671538e-02 : 4.136523e+00 3.732601e-01 3.763263e+00
66000 319275/3300000 19 9.675000e-02 : 4.136523e+00 3.733417e-01 3.763182e+00
67000 323896/3350000 19 9.668537e-02 : 4.136491e+00 3.731790e-01 3.763312e+00
68000 328712/3400000 19 9.668000e-02 : 4.136456e+00 3.731193e-01 3.763336e+00
69000 333490/3450000 19 9.666377e-02 : 4.136417e+00 3.730390e-01 3.763378e+00
70000 338304/3500000 19 9.665829e-02 : 4.136396e+00 3.730190e-01 3.763377e+00
71000 343168/3550000 19 9.666704e-02 : 4.136392e+00 3.730420e-01 3.763350e+00
72000 348034/3600000 19 9.667611e-02 : 4.136387e+00 3.730790e-01 3.763308e+00
73000 352832/3650000 19 9.666630e-02 : 4.136359e+00 3.729917e-01 3.763367e+00
74000 357496/3700000 19 9.662054e-02 : 4.136371e+00 3.729135e-01 3.763458e+00
75000 362338/3750000 22 9.662347e-02 : 4.136393e+00 3.728970e-01 3.763496e+00
76000 367202/3800000 22 9.663211e-02 : 4.136423e+00 3.728882e-01 3.763535e+00
77000 372050/3850000 22 9.663636e-02 : 4.136450e+00 3.729141e-01 3.763536e+00
78000 376751/3900000 22 9.660282e-02 : 4.136431e+00 3.728259e-01 3.763605e+00
79000 381659/3950000 22 9.662253e-02 : 4.136438e+00 3.729093e-01 3.763529e+00
80000 386500/4000000 22 9.662500e-02 : 4.136442e+00 3.729325e-01 3.763509e+00
81000 391379/4050000 22 9.663679e-02 : 4.136444e+00 3.729788e-01 3.763465e+00
82000 396095/4100000 22 9.660854e-02 : 4.136450e+00 3.729081e-01 3.763541e+00
83000 401001/4150000 22 9.662675e-02 : 4.136467e+00 3.729844e-01 3.763483e+00
84000 405859/4200000 22 9.663310e-02 : 4.136474e+00 3.730155e-01 3.763459e+00
85000 410831/4250000 22 9.666612e-02 : 4.136464e+00 3.731211e-01 3.763343e+00
86000 415603/4300000 22 9.665186e-02 : 4.136458e+00 3.730597e-01 3.763399e+00
87000 420329/4350000 22 9.662736e-02 : 4.136461e+00 3.729679e-01 3.763493e+00
88000 425196/4400000 22 9.663545e-02 : 4.136455e+00 3.729785e-01 3.763476e+00
89000 430035/4450000 22 9.663708e-02 : 4.136444e+00 3.729739e-01 3.763470e+00
90000 434660/4500000 22 9.659111e-02 : 4.136435e+00 3.728795e-01 3.763555e+00
91000 439507/4550000 22 9.659495e-02 : 4.136441e+00 3.728748e-01 3.763566e+00
92000 444365/4600000 22 9.660109e-02 : 4.136467e+00 3.728872e-01 3.763580e+00
93000 449156/4650000 22 9.659269e-02 : 4.136483e+00 3.728548e-01 3.763629e+00
94000 453927/4700000 22 9.658021e-02 : 4.136475e+00 3.728075e-01 3.763668e+00
95000 458732/4750000 22 9.657516e-02 : 4.136484e+00 3.728165e-01 3.763667e+00
96000 463619/4800000 22 9.658729e-02 : 4.136491e+00 3.728628e-01 3.763628e+00
97000 468538/4850000 22 9.660577e-02 : 4.136474e+00 3.729122e-01 3.763562e+00
98000 473360/4900000 22 9.660408e-02 : 4.136483e+00 3.729252e-01 3.763558e+00
99000 478209/4950000 22 9.660788e-02 : 4.136498e+00 3.729364e-01 3.763562e+00
100000 482973/5000000 22 9.659460e-02 : 4.136488e+00 3.729011e-01 3.763586e+00
=== 最終統計結果 ===
総シンボル数: 5000000 個
総エラー数: 482973 個
シンボルエラー率: 0.096595 (9.66%)
1ブロック内最大エラー数: 22 個
実行イテレーション数: 100000 回
1イテレーションあたりのシンボル数: 50 個
平均エラー数/イテレーション: 4.83 個
========================
# InnerCodebook: deleted
# ChannelMatrix: deleted
# IDSchannel: deleted
# SLFBAdec: deleted
# ChannelMatrix: deleted
