# InnerCodebook: input ICB/ex01//cb.txt
# InnerCodebook: Nu=6 Nu2p=64 numCW=18 FlgUnique=1 FlgInvertible=1 FlgBalanced=1
# InnerCodebook: Rho=3 (ell,Delta)=(10,2) L0=2
# InnerCodebook: Rst01=4 Rst10=13
# CW
# 000:001011 (2,L2,R2) WL:0 0 1 1 2 3  WR:3 3 3 2 2 1  
# 001:001101 (2,L2,R1) WL:0 0 1 2 2 3  WR:3 3 3 2 1 1  
# 002:001110 (3,L2,R1) WL:0 0 1 2 3 3  WR:3 3 3 2 1 0  
# 003:010011 (2,L1,R2) WL:0 1 1 1 2 3  WR:3 3 2 2 2 1  
# 004:010101 (1,L1,R1) WL:0 1 1 2 2 3  WR:3 3 2 2 1 1  
# 005:010110 (2,L1,R1) WL:0 1 1 2 3 3  WR:3 3 2 2 1 0  
# 006:011001 (2,L1,R1) WL:0 1 2 2 2 3  WR:3 3 2 1 1 1  
# 007:011010 (2,L1,R1) WL:0 1 2 2 3 3  WR:3 3 2 1 1 0  
# 008:011100 (3,L1,R2) WL:0 1 2 3 3 3  WR:3 3 2 1 0 0  
# 009:100011 (3,L1,R2) WL:1 1 1 1 2 3  WR:3 2 2 2 2 1  
# 010:100101 (2,L1,R1) WL:1 1 1 2 2 3  WR:3 2 2 2 1 1  
# 011:100110 (2,L1,R1) WL:1 1 1 2 3 3  WR:3 2 2 2 1 0  
# 012:101001 (2,L1,R1) WL:1 1 2 2 2 3  WR:3 2 2 1 1 1  
# 013:101010 (1,L1,R1) WL:1 1 2 2 3 3  WR:3 2 2 1 1 0  
# 014:101100 (2,L1,R2) WL:1 1 2 3 3 3  WR:3 2 2 1 0 0  
# 015:110001 (3,L2,R1) WL:1 2 2 2 2 3  WR:3 2 1 1 1 1  
# 016:110010 (2,L2,R1) WL:1 2 2 2 3 3  WR:3 2 1 1 1 0  
# 017:110100 (2,L2,R2) WL:1 2 2 3 3 3  WR:3 2 1 1 0 0  
# CWL
# 000B:1 000D:1 000E:1 0013:1 0015:1 0016:1 0019:1 001A:1 001C:1 0023:1 
# 0025:1 0026:1 0029:1 002A:1 002C:1 0031:1 0032:1 0034:1 
# CWI
# 000B:000 000D:001 000E:002 0013:003 0015:004 0016:005 0019:006 001A:007 001C:008 0023:009 
# 0025:010 0026:011 0029:012 002A:013 002C:014 0031:015 0032:016 0034:017 
# Q=18 N=50 Nu=6 Nb=300 (Pi,Pd,Ps)=(0.000000e+00,4.000000e-03,0.000000e+00) [0]
# ICB:   ICB/ex01//cb.txt
# Const: ICB/ex01//constraint.txt
# EncCM: ICB/ex01//EncCM.bin
# ChannelMatrix: ICB/ex01//EncCM.bin (18x18)
# IDSchannel: N=300 (Pi,Pd,Ps)=(0.000000e+00,4.000000e-03,0.000000e+00) (Dmin,Dmax)=(-3,0)
# SLFBAdec: Ns=50 (Nu;Nu2min,Nu2max)=(6(64);3,8) Nb=300 Q=18
# SLFBAdec: (Pi,Pd,Ps,Pt)=(0.000000e+00,4.000000e-03,0.000000e+00,9.960000e-01) (Dmin,Dmax:Drng)=(-3,0:4)
# SLFBAdec: generating GD & GX
# SLFBAdec: generating factor graph
# ChannelMatrix: M=18 N=5832
1000 7746/50000 17 1.549200e-01 : 4.083545e+00 5.013829e-01 3.582162e+00
2000 15552/100000 17 1.555200e-01 : 4.084824e+00 5.047646e-01 3.580060e+00
3000 23422/150000 17 1.561467e-01 : 4.085149e+00 5.070852e-01 3.578064e+00
4000 31270/200000 18 1.563500e-01 : 4.084114e+00 5.082213e-01 3.575893e+00
5000 39170/250000 18 1.566800e-01 : 4.084333e+00 5.099928e-01 3.574340e+00
6000 47056/300000 18 1.568533e-01 : 4.083519e+00 5.106349e-01 3.572884e+00
7000 54794/350000 18 1.565543e-01 : 4.083526e+00 5.101171e-01 3.573409e+00
8000 62566/400000 18 1.564150e-01 : 4.083576e+00 5.097747e-01 3.573801e+00
9000 70294/450000 18 1.562089e-01 : 4.083253e+00 5.095384e-01 3.573715e+00
10000 78177/500000 18 1.563540e-01 : 4.083118e+00 5.102218e-01 3.572896e+00
11000 85949/550000 19 1.562709e-01 : 4.083154e+00 5.102450e-01 3.572909e+00
12000 93651/600000 19 1.560850e-01 : 4.083011e+00 5.100471e-01 3.572964e+00
13000 101409/650000 19 1.560138e-01 : 4.082983e+00 5.099017e-01 3.573081e+00
14000 109098/700000 19 1.558543e-01 : 4.083302e+00 5.095969e-01 3.573705e+00
15000 116886/750000 19 1.558480e-01 : 4.083184e+00 5.096729e-01 3.573511e+00
16000 124627/800000 20 1.557837e-01 : 4.083362e+00 5.095727e-01 3.573789e+00
17000 132368/850000 20 1.557271e-01 : 4.083409e+00 5.096065e-01 3.573803e+00
18000 140140/900000 20 1.557111e-01 : 4.083429e+00 5.097376e-01 3.573692e+00
19000 147769/950000 20 1.555463e-01 : 4.083427e+00 5.094176e-01 3.574010e+00
20000 155531/1000000 20 1.555310e-01 : 4.083479e+00 5.094101e-01 3.574069e+00
21000 163335/1050000 20 1.555571e-01 : 4.083601e+00 5.093276e-01 3.574273e+00
22000 171008/1100000 20 1.554618e-01 : 4.083642e+00 5.093127e-01 3.574330e+00
23000 178756/1150000 20 1.554400e-01 : 4.083598e+00 5.094300e-01 3.574168e+00
24000 186411/1200000 20 1.553425e-01 : 4.083529e+00 5.093034e-01 3.574226e+00
25000 194283/1250000 20 1.554264e-01 : 4.083521e+00 5.094388e-01 3.574082e+00
26000 201886/1300000 20 1.552969e-01 : 4.083431e+00 5.092427e-01 3.574188e+00
27000 209686/1350000 20 1.553230e-01 : 4.083433e+00 5.094917e-01 3.573942e+00
28000 217513/1400000 20 1.553664e-01 : 4.083361e+00 5.096074e-01 3.573754e+00
29000 225188/1450000 20 1.553021e-01 : 4.083358e+00 5.095865e-01 3.573772e+00
30000 232964/1500000 20 1.553093e-01 : 4.083322e+00 5.095225e-01 3.573799e+00
31000 240706/1550000 20 1.552942e-01 : 4.083289e+00 5.094719e-01 3.573817e+00
32000 248668/1600000 20 1.554175e-01 : 4.083193e+00 5.097001e-01 3.573493e+00
33000 256442/1650000 20 1.554194e-01 : 4.083306e+00 5.097618e-01 3.573544e+00
34000 264446/1700000 20 1.555565e-01 : 4.083168e+00 5.101730e-01 3.572995e+00
35000 272141/1750000 20 1.555091e-01 : 4.083238e+00 5.101155e-01 3.573123e+00
36000 279923/1800000 20 1.555128e-01 : 4.083217e+00 5.100501e-01 3.573167e+00
37000 287592/1850000 20 1.554551e-01 : 4.083275e+00 5.099986e-01 3.573276e+00
38000 295401/1900000 22 1.554742e-01 : 4.083273e+00 5.101828e-01 3.573090e+00
39000 303228/1950000 22 1.555015e-01 : 4.083322e+00 5.103242e-01 3.572998e+00
40000 311046/2000000 22 1.555230e-01 : 4.083219e+00 5.102932e-01 3.572925e+00
41000 319038/2050000 22 1.556283e-01 : 4.083183e+00 5.105044e-01 3.572679e+00
42000 326847/2100000 22 1.556414e-01 : 4.083253e+00 5.106056e-01 3.572648e+00
43000 334635/2150000 22 1.556442e-01 : 4.083316e+00 5.106254e-01 3.572690e+00
44000 342617/2200000 22 1.557350e-01 : 4.083327e+00 5.107724e-01 3.572555e+00
45000 350574/2250000 22 1.558107e-01 : 4.083330e+00 5.109337e-01 3.572396e+00
46000 358302/2300000 22 1.557835e-01 : 4.083365e+00 5.108751e-01 3.572490e+00
47000 366085/2350000 22 1.557809e-01 : 4.083363e+00 5.109153e-01 3.572448e+00
48000 373849/2400000 22 1.557704e-01 : 4.083323e+00 5.108515e-01 3.572472e+00
49000 381710/2450000 22 1.558000e-01 : 4.083296e+00 5.108784e-01 3.572417e+00
50000 389592/2500000 22 1.558368e-01 : 4.083301e+00 5.109940e-01 3.572307e+00
51000 397397/2550000 22 1.558420e-01 : 4.083348e+00 5.110175e-01 3.572330e+00
52000 405311/2600000 22 1.558888e-01 : 4.083253e+00 5.111335e-01 3.572120e+00
53000 413179/2650000 22 1.559166e-01 : 4.083249e+00 5.112306e-01 3.572018e+00
54000 420969/2700000 22 1.559144e-01 : 4.083254e+00 5.112969e-01 3.571957e+00
55000 428759/2750000 22 1.559124e-01 : 4.083229e+00 5.113255e-01 3.571903e+00
56000 436506/2800000 22 1.558950e-01 : 4.083250e+00 5.112477e-01 3.572002e+00
57000 444139/2850000 22 1.558382e-01 : 4.083243e+00 5.110930e-01 3.572150e+00
58000 451935/2900000 22 1.558397e-01 : 4.083172e+00 5.111607e-01 3.572011e+00
59000 459841/2950000 22 1.558783e-01 : 4.083174e+00 5.112252e-01 3.571949e+00
60000 467763/3000000 22 1.559210e-01 : 4.083154e+00 5.113591e-01 3.571795e+00
61000 475485/3050000 22 1.558967e-01 : 4.083110e+00 5.113251e-01 3.571785e+00
62000 483326/3100000 22 1.559116e-01 : 4.083079e+00 5.113506e-01 3.571729e+00
63000 491052/3150000 22 1.558895e-01 : 4.083113e+00 5.113170e-01 3.571796e+00
64000 498745/3200000 22 1.558578e-01 : 4.083104e+00 5.112566e-01 3.571847e+00
65000 506555/3250000 22 1.558631e-01 : 4.083069e+00 5.112735e-01 3.571795e+00
66000 514421/3300000 22 1.558852e-01 : 4.083055e+00 5.112973e-01 3.571758e+00
67000 522154/3350000 22 1.558669e-01 : 4.083051e+00 5.113010e-01 3.571750e+00
68000 529913/3400000 22 1.558568e-01 : 4.083067e+00 5.112361e-01 3.571831e+00
69000 537682/3450000 22 1.558499e-01 : 4.083067e+00 5.112858e-01 3.571781e+00
70000 545407/3500000 22 1.558306e-01 : 4.083053e+00 5.112288e-01 3.571824e+00
71000 553288/3550000 22 1.558558e-01 : 4.083051e+00 5.112833e-01 3.571767e+00
72000 561144/3600000 22 1.558733e-01 : 4.083031e+00 5.112983e-01 3.571732e+00
73000 568975/3650000 22 1.558836e-01 : 4.083006e+00 5.112969e-01 3.571709e+00
74000 576685/3700000 22 1.558608e-01 : 4.083011e+00 5.112507e-01 3.571760e+00
75000 584464/3750000 22 1.558571e-01 : 4.082991e+00 5.112544e-01 3.571736e+00
76000 592239/3800000 22 1.558524e-01 : 4.082988e+00 5.112453e-01 3.571743e+00
77000 600252/3850000 22 1.559096e-01 : 4.083003e+00 5.113805e-01 3.571622e+00
78000 607922/3900000 22 1.558774e-01 : 4.083003e+00 5.113027e-01 3.571701e+00
79000 615705/3950000 22 1.558747e-01 : 4.083018e+00 5.112978e-01 3.571720e+00
80000 623367/4000000 22 1.558418e-01 : 4.083014e+00 5.112739e-01 3.571741e+00
81000 631159/4050000 22 1.558417e-01 : 4.082993e+00 5.113172e-01 3.571675e+00
82000 638888/4100000 22 1.558263e-01 : 4.082997e+00 5.113244e-01 3.571673e+00
83000 646814/4150000 22 1.558588e-01 : 4.082971e+00 5.113721e-01 3.571599e+00
84000 654629/4200000 22 1.558640e-01 : 4.083008e+00 5.113914e-01 3.571617e+00
85000 662446/4250000 22 1.558696e-01 : 4.083053e+00 5.113829e-01 3.571670e+00
86000 670299/4300000 22 1.558835e-01 : 4.083034e+00 5.114157e-01 3.571619e+00
87000 677953/4350000 22 1.558513e-01 : 4.083041e+00 5.113370e-01 3.571704e+00
88000 685889/4400000 22 1.558839e-01 : 4.083054e+00 5.114095e-01 3.571645e+00
89000 693613/4450000 22 1.558681e-01 : 4.083028e+00 5.113409e-01 3.571687e+00
90000 701250/4500000 22 1.558333e-01 : 4.083038e+00 5.112359e-01 3.571802e+00
91000 709058/4550000 22 1.558369e-01 : 4.083022e+00 5.112260e-01 3.571796e+00
92000 716857/4600000 22 1.558385e-01 : 4.083052e+00 5.112222e-01 3.571830e+00
93000 724586/4650000 22 1.558249e-01 : 4.083039e+00 5.112193e-01 3.571820e+00
94000 732371/4700000 22 1.558236e-01 : 4.083052e+00 5.112228e-01 3.571829e+00
95000 740025/4750000 22 1.557947e-01 : 4.083067e+00 5.112026e-01 3.571865e+00
96000 747834/4800000 22 1.557988e-01 : 4.083068e+00 5.112381e-01 3.571829e+00
97000 755656/4850000 22 1.558054e-01 : 4.083073e+00 5.112861e-01 3.571787e+00
98000 763373/4900000 22 1.557904e-01 : 4.083080e+00 5.112615e-01 3.571819e+00
99000 771089/4950000 22 1.557756e-01 : 4.083078e+00 5.112402e-01 3.571838e+00
100000 778869/5000000 22 1.557738e-01 : 4.083097e+00 5.112525e-01 3.571844e+00
=== 最終統計結果 ===
総シンボル数: 5000000 個
総エラー数: 778869 個
シンボルエラー率: 0.155774 (15.58%)
1ブロック内最大エラー数: 22 個
実行イテレーション数: 100000 回
1イテレーションあたりのシンボル数: 50 個
平均エラー数/イテレーション: 7.79 個
========================
# InnerCodebook: deleted
# ChannelMatrix: deleted
# IDSchannel: deleted
# SLFBAdec: deleted
# ChannelMatrix: deleted
