# (Pid,Ps)=(3.000000e-02,1.000000e-02) Nseg=200 WinSize=10 lmd=1 [0]
# InnerCB: ../search03/ICB/E13.bin
# Gtable:  Gtable/5/030_010.bin
# InnerCodebook: beta=5(1024) nu=2
# InnerCodebook: B(B2p)=8(256) 7(128) 
# InnerCodebook: checked CWM, EncMap, DecMap
# beta=5(1024) nu=2 N=1000 Dmax=35 WCmax=10000
# B=8,7,
# NBIDSchannel: N=1000 Q=4 Dmax=35 (Pid,Ps)=(3.000000e-02,1.000000e-02)
# FBalg4: Nseg=200 Dmax=35(w=71)
# FBalg4: Gtable: Gtable/5/030_010.bin
# Gtable: beta=5 (Pid,Ps,Ptrn)=(3.000000e-02,1.000000e-02,9.400000e-01) Pth=1.000000e-10
# Gtable: beta4p=1024 beta4pp=1048576
# Gtable::Gtable len=0 cnt=1024
# Gtable::Gtable len=1 cnt=4096
# Gtable::Gtable len=2 cnt=16384
# Gtable::Gtable len=3 cnt=65536
# Gtable::Gtable len=4 cnt=241636
# Gtable::Gtable len=5 cnt=779284
# Gtable::Gtable len=6 cnt=1541824
# Gtable::Gtable len=7 cnt=1451416
# Gtable::Gtable len=8 cnt=1264036
# Gtable::Gtable len=9 cnt=100348
# Gtable::Gtable len=10 cnt=1024
# FBalg4: beta=5(1024) (Pid,Ps)=(3.000000e-02,1.000000e-02) Pth=1.000000e-10 N=1000
# StatICB: nu=2 beta=5 beta4p=1024 Bsum=15 lmd=1
# StatICB: B=8,7,
0022(993) (1.90e+00 2.02e+00) XE:2.02e-01 (1.26e+00 1.23e+00 | 8.03e-01 7.60e-01)	7.394335e+00 6.472667e+00 : 9.244668e-01
0044(985) (2.09e+00 2.00e+00) XE:2.00e-01 (1.23e+00 1.23e+00 | 7.41e-01 7.57e-01)	7.265525e+00 6.345693e+00 : 9.074145e-01
0067(1006) (1.55e+00 1.99e+00) XE:1.99e-01 (1.24e+00 1.23e+00 | 7.29e-01 7.51e-01)	7.173215e+00 6.255971e+00 : 8.952791e-01
0089(1008) (1.93e+00 1.95e+00) XE:1.95e-01 (1.23e+00 1.23e+00 | 6.76e-01 7.47e-01)	7.119807e+00 6.202458e+00 : 8.881510e-01
0111(997) (1.75e+00 1.95e+00) XE:1.95e-01 (1.20e+00 1.23e+00 | 7.23e-01 7.47e-01)	7.051123e+00 6.130815e+00 : 8.787959e-01
0133(1003) (1.63e+00 1.95e+00) XE:1.95e-01 (1.24e+00 1.23e+00 | 7.75e-01 7.44e-01)	7.003204e+00 6.084156e+00 : 8.724906e-01
0155(998) (2.10e+00 1.94e+00) XE:1.94e-01 (1.23e+00 1.23e+00 | 7.57e-01 7.43e-01)	6.967870e+00 6.055232e+00 : 8.682067e-01
0177(1008) (2.10e+00 1.94e+00) XE:1.94e-01 (1.23e+00 1.23e+00 | 8.19e-01 7.44e-01)	6.933376e+00 6.028084e+00 : 8.640973e-01
0199(998) (1.97e+00 1.96e+00) XE:1.96e-01 (1.21e+00 1.23e+00 | 7.00e-01 7.44e-01)	6.874829e+00 5.973635e+00 : 8.565643e-01
0221(1003) (2.34e+00 1.96e+00) XE:1.96e-01 (1.24e+00 1.23e+00 | 6.64e-01 7.44e-01)	6.849131e+00 5.954384e+00 : 8.535676e-01
0243(970) (2.29e+00 1.96e+00) XE:1.96e-01 (1.24e+00 1.23e+00 | 8.50e-01 7.44e-01)	6.831469e+00 5.938625e+00 : 8.513396e-01
0265(999) (2.19e+00 1.96e+00) XE:1.96e-01 (1.24e+00 1.23e+00 | 7.35e-01 7.43e-01)	6.812460e+00 5.927989e+00 : 8.493633e-01
0287(995) (2.31e+00 1.96e+00) XE:1.96e-01 (1.19e+00 1.23e+00 | 7.02e-01 7.42e-01)	6.788694e+00 5.910486e+00 : 8.466120e-01
0309(1004) (1.82e+00 1.96e+00) XE:1.96e-01 (1.25e+00 1.23e+00 | 7.53e-01 7.43e-01)	6.772751e+00 5.893934e+00 : 8.444456e-01
0331(986) (2.13e+00 1.97e+00) XE:1.97e-01 (1.23e+00 1.23e+00 | 7.77e-01 7.42e-01)	6.756493e+00 5.880820e+00 : 8.424875e-01
0353(1010) (1.57e+00 1.97e+00) XE:1.97e-01 (1.23e+00 1.23e+00 | 7.87e-01 7.43e-01)	6.746314e+00 5.874430e+00 : 8.413829e-01
0375(1009) (1.64e+00 1.98e+00) XE:1.98e-01 (1.22e+00 1.23e+00 | 7.12e-01 7.42e-01)	6.728253e+00 5.860232e+00 : 8.392323e-01
0397(999) (1.55e+00 1.98e+00) XE:1.98e-01 (1.24e+00 1.23e+00 | 7.18e-01 7.42e-01)	6.718143e+00 5.850753e+00 : 8.379264e-01
0419(998) (1.84e+00 1.97e+00) XE:1.97e-01 (1.28e+00 1.23e+00 | 7.31e-01 7.42e-01)	6.712786e+00 5.844116e+00 : 8.371268e-01
0441(989) (2.08e+00 1.97e+00) XE:1.97e-01 (1.22e+00 1.23e+00 | 7.29e-01 7.41e-01)	6.706606e+00 5.837821e+00 : 8.362951e-01
0463(1002) (1.52e+00 1.96e+00) XE:1.96e-01 (1.23e+00 1.23e+00 | 7.79e-01 7.41e-01)	6.700976e+00 5.832138e+00 : 8.355409e-01
0485(1004) (1.49e+00 1.96e+00) XE:1.96e-01 (1.22e+00 1.23e+00 | 7.89e-01 7.42e-01)	6.689758e+00 5.825501e+00 : 8.343506e-01
0507(1003) (1.82e+00 1.96e+00) XE:1.96e-01 (1.23e+00 1.23e+00 | 7.20e-01 7.42e-01)	6.683127e+00 5.820458e+00 : 8.335723e-01
0529(993) (1.92e+00 1.96e+00) XE:1.96e-01 (1.22e+00 1.23e+00 | 7.29e-01 7.42e-01)	6.678315e+00 5.819086e+00 : 8.331600e-01
0551(1015) (1.67e+00 1.95e+00) XE:1.95e-01 (1.18e+00 1.23e+00 | 7.43e-01 7.42e-01)	6.675036e+00 5.817007e+00 : 8.328029e-01
0573(1005) (1.88e+00 1.95e+00) XE:1.95e-01 (1.24e+00 1.23e+00 | 7.39e-01 7.42e-01)	6.665403e+00 5.810978e+00 : 8.317587e-01
0595(990) (2.45e+00 1.96e+00) XE:1.96e-01 (1.21e+00 1.23e+00 | 7.53e-01 7.42e-01)	6.657454e+00 5.803848e+00 : 8.307534e-01
0617(992) (1.95e+00 1.96e+00) XE:1.96e-01 (1.20e+00 1.23e+00 | 7.14e-01 7.42e-01)	6.654898e+00 5.798114e+00 : 8.302008e-01
0639(1000) (2.02e+00 1.96e+00) XE:1.96e-01 (1.22e+00 1.23e+00 | 7.63e-01 7.42e-01)	6.649557e+00 5.795128e+00 : 8.296456e-01
0661(1004) (1.94e+00 1.95e+00) XE:1.95e-01 (1.24e+00 1.23e+00 | 7.67e-01 7.42e-01)	6.642873e+00 5.791710e+00 : 8.289721e-01
0683(1020) (2.32e+00 1.96e+00) XE:1.96e-01 (1.25e+00 1.23e+00 | 7.27e-01 7.42e-01)	6.638807e+00 5.788653e+00 : 8.284973e-01
0705(1000) (2.24e+00 1.96e+00) XE:1.96e-01 (1.23e+00 1.23e+00 | 7.35e-01 7.42e-01)	6.631301e+00 5.782531e+00 : 8.275888e-01
0727(1000) (2.15e+00 1.96e+00) XE:1.96e-01 (1.22e+00 1.23e+00 | 6.98e-01 7.42e-01)	6.629464e+00 5.780179e+00 : 8.273095e-01
0749(1006) (2.05e+00 1.96e+00) XE:1.96e-01 (1.24e+00 1.23e+00 | 7.95e-01 7.42e-01)	6.623156e+00 5.777169e+00 : 8.266883e-01
0771(1003) (1.43e+00 1.95e+00) XE:1.95e-01 (1.24e+00 1.23e+00 | 8.11e-01 7.43e-01)	6.622748e+00 5.775147e+00 : 8.265263e-01
0793(985) (2.12e+00 1.95e+00) XE:1.95e-01 (1.21e+00 1.23e+00 | 7.00e-01 7.43e-01)	6.618340e+00 5.774409e+00 : 8.261833e-01
0815(997) (1.65e+00 1.95e+00) XE:1.95e-01 (1.24e+00 1.23e+00 | 7.33e-01 7.42e-01)	6.612868e+00 5.771474e+00 : 8.256228e-01
0837(1012) (1.78e+00 1.95e+00) XE:1.95e-01 (1.22e+00 1.23e+00 | 7.77e-01 7.43e-01)	6.609462e+00 5.766785e+00 : 8.250831e-01
0859(997) (2.42e+00 1.95e+00) XE:1.95e-01 (1.24e+00 1.23e+00 | 7.23e-01 7.43e-01)	6.607012e+00 5.763737e+00 : 8.247166e-01
0881(1001) (1.91e+00 1.96e+00) XE:1.96e-01 (1.25e+00 1.23e+00 | 7.33e-01 7.42e-01)	6.601228e+00 5.759930e+00 : 8.240772e-01
0903(994) (1.92e+00 1.96e+00) XE:1.96e-01 (1.23e+00 1.23e+00 | 7.87e-01 7.42e-01)	6.597595e+00 5.758010e+00 : 8.237070e-01
0925(1000) (2.11e+00 1.95e+00) XE:1.95e-01 (1.22e+00 1.23e+00 | 7.77e-01 7.42e-01)	6.595535e+00 5.755489e+00 : 8.234016e-01
0947(1013) (2.09e+00 1.95e+00) XE:1.95e-01 (1.24e+00 1.23e+00 | 7.79e-01 7.42e-01)	6.592920e+00 5.754731e+00 : 8.231768e-01
0969(976) (2.51e+00 1.95e+00) XE:1.95e-01 (1.21e+00 1.23e+00 | 7.23e-01 7.42e-01)	6.588970e+00 5.752579e+00 : 8.227700e-01
0991(1003) (1.97e+00 1.95e+00) XE:1.95e-01 (1.23e+00 1.23e+00 | 8.25e-01 7.41e-01)	6.586359e+00 5.750483e+00 : 8.224561e-01
1013(1010) (2.33e+00 1.95e+00) XE:1.95e-01 (1.21e+00 1.23e+00 | 7.43e-01 7.41e-01)	6.581538e+00 5.747940e+00 : 8.219652e-01
1035(1001) (2.20e+00 1.95e+00) XE:1.95e-01 (1.21e+00 1.23e+00 | 6.66e-01 7.41e-01)	6.577266e+00 5.747011e+00 : 8.216185e-01
1057(1005) (2.20e+00 1.96e+00) XE:1.96e-01 (1.25e+00 1.23e+00 | 8.23e-01 7.41e-01)	6.573450e+00 5.743568e+00 : 8.211345e-01
1079(993) (2.27e+00 1.96e+00) XE:1.96e-01 (1.24e+00 1.23e+00 | 7.73e-01 7.41e-01)	6.569485e+00 5.741024e+00 : 8.207006e-01
1101(1003) (1.52e+00 1.96e+00) XE:1.96e-01 (1.20e+00 1.23e+00 | 7.23e-01 7.41e-01)	6.564579e+00 5.737991e+00 : 8.201713e-01
1123(999) (2.05e+00 1.96e+00) XE:1.96e-01 (1.22e+00 1.23e+00 | 7.23e-01 7.41e-01)	6.563892e+00 5.736674e+00 : 8.200377e-01
1145(998) (1.56e+00 1.96e+00) XE:1.96e-01 (1.25e+00 1.23e+00 | 7.47e-01 7.41e-01)	6.559076e+00 5.733747e+00 : 8.195215e-01
1167(997) (2.21e+00 1.96e+00) XE:1.96e-01 (1.23e+00 1.23e+00 | 7.77e-01 7.41e-01)	6.557209e+00 5.732320e+00 : 8.193020e-01
1190(985) (2.35e+00 1.96e+00) XE:1.96e-01 (1.24e+00 1.23e+00 | 7.39e-01 7.41e-01)	6.554686e+00 5.728234e+00 : 8.188613e-01
1212(1007) (2.14e+00 1.96e+00) XE:1.96e-01 (1.23e+00 1.23e+00 | 7.06e-01 7.41e-01)	6.552751e+00 5.726821e+00 : 8.186382e-01
1234(994) (2.44e+00 1.96e+00) XE:1.96e-01 (1.25e+00 1.23e+00 | 6.76e-01 7.40e-01)	6.549752e+00 5.725973e+00 : 8.183816e-01
1256(1003) (1.91e+00 1.96e+00) XE:1.96e-01 (1.23e+00 1.23e+00 | 7.55e-01 7.40e-01)	6.547846e+00 5.725015e+00 : 8.181907e-01
1278(997) (1.54e+00 1.96e+00) XE:1.96e-01 (1.25e+00 1.23e+00 | 7.99e-01 7.41e-01)	6.546050e+00 5.724165e+00 : 8.180143e-01
1300(1001) (1.99e+00 1.96e+00) XE:1.96e-01 (1.23e+00 1.23e+00 | 8.03e-01 7.40e-01)	6.543694e+00 5.721834e+00 : 8.177018e-01
1322(999) (1.78e+00 1.96e+00) XE:1.96e-01 (1.21e+00 1.23e+00 | 7.97e-01 7.41e-01)	6.541633e+00 5.720771e+00 : 8.174936e-01
1344(999) (1.91e+00 1.96e+00) XE:1.96e-01 (1.24e+00 1.23e+00 | 6.24e-01 7.40e-01)	6.540731e+00 5.719847e+00 : 8.173718e-01
1366(1001) (1.63e+00 1.96e+00) XE:1.96e-01 (1.23e+00 1.23e+00 | 8.11e-01 7.40e-01)	6.537522e+00 5.718707e+00 : 8.170819e-01
1388(993) (2.05e+00 1.96e+00) XE:1.96e-01 (1.23e+00 1.23e+00 | 7.53e-01 7.40e-01)	6.535642e+00 5.717923e+00 : 8.169043e-01
1410(1010) (1.25e+00 1.96e+00) XE:1.96e-01 (1.23e+00 1.23e+00 | 7.43e-01 7.40e-01)	6.534631e+00 5.718117e+00 : 8.168499e-01
1432(1005) (1.69e+00 1.96e+00) XE:1.96e-01 (1.24e+00 1.23e+00 | 7.55e-01 7.41e-01)	6.534122e+00 5.717719e+00 : 8.167894e-01
1454(1018) (2.04e+00 1.96e+00) XE:1.96e-01 (1.25e+00 1.23e+00 | 7.89e-01 7.41e-01)	6.532478e+00 5.716105e+00 : 8.165722e-01
1476(990) (2.26e+00 1.96e+00) XE:1.96e-01 (1.20e+00 1.23e+00 | 6.68e-01 7.40e-01)	6.530720e+00 5.715217e+00 : 8.163958e-01
1498(1001) (1.95e+00 1.96e+00) XE:1.96e-01 (1.22e+00 1.23e+00 | 7.91e-01 7.41e-01)	6.528342e+00 5.712357e+00 : 8.160466e-01
1520(997) (2.06e+00 1.96e+00) XE:1.96e-01 (1.22e+00 1.23e+00 | 7.95e-01 7.41e-01)	6.527587e+00 5.711145e+00 : 8.159155e-01
1542(1013) (2.06e+00 1.96e+00) XE:1.96e-01 (1.22e+00 1.23e+00 | 7.57e-01 7.41e-01)	6.525717e+00 5.710311e+00 : 8.157352e-01
1564(1003) (1.41e+00 1.96e+00) XE:1.96e-01 (1.21e+00 1.23e+00 | 7.79e-01 7.41e-01)	6.525023e+00 5.709301e+00 : 8.156216e-01
1586(993) (2.10e+00 1.96e+00) XE:1.96e-01 (1.26e+00 1.23e+00 | 7.77e-01 7.41e-01)	6.521926e+00 5.708685e+00 : 8.153740e-01
1608(998) (1.70e+00 1.96e+00) XE:1.96e-01 (1.22e+00 1.23e+00 | 8.36e-01 7.41e-01)	6.520964e+00 5.708123e+00 : 8.152725e-01
1630(1007) (1.68e+00 1.96e+00) XE:1.96e-01 (1.24e+00 1.23e+00 | 7.59e-01 7.40e-01)	6.518889e+00 5.707642e+00 : 8.151021e-01
1652(1007) (1.88e+00 1.96e+00) XE:1.96e-01 (1.21e+00 1.23e+00 | 7.27e-01 7.40e-01)	6.517626e+00 5.706916e+00 : 8.149695e-01
1674(996) (1.84e+00 1.96e+00) XE:1.96e-01 (1.22e+00 1.23e+00 | 7.41e-01 7.40e-01)	6.516071e+00 5.705692e+00 : 8.147842e-01
1696(1002) (2.00e+00 1.96e+00) XE:1.96e-01 (1.24e+00 1.23e+00 | 7.85e-01 7.40e-01)	6.514390e+00 5.704823e+00 : 8.146142e-01
1718(1014) (1.75e+00 1.96e+00) XE:1.96e-01 (1.21e+00 1.23e+00 | 6.94e-01 7.40e-01)	6.513898e+00 5.704685e+00 : 8.145722e-01
1740(993) (2.77e+00 1.96e+00) XE:1.96e-01 (1.22e+00 1.23e+00 | 8.05e-01 7.40e-01)	6.512988e+00 5.702662e+00 : 8.143767e-01
1762(989) (2.30e+00 1.96e+00) XE:1.96e-01 (1.19e+00 1.23e+00 | 7.51e-01 7.40e-01)	6.512255e+00 5.701623e+00 : 8.142586e-01
1784(1000) (2.21e+00 1.96e+00) XE:1.96e-01 (1.21e+00 1.23e+00 | 7.29e-01 7.40e-01)	6.509973e+00 5.700485e+00 : 8.140305e-01
1806(1007) (1.88e+00 1.96e+00) XE:1.96e-01 (1.23e+00 1.23e+00 | 7.69e-01 7.40e-01)	6.508269e+00 5.700394e+00 : 8.139109e-01
1828(983) (2.04e+00 1.96e+00) XE:1.96e-01 (1.21e+00 1.23e+00 | 7.10e-01 7.40e-01)	6.507263e+00 5.699064e+00 : 8.137551e-01
1850(999) (1.65e+00 1.96e+00) XE:1.96e-01 (1.24e+00 1.23e+00 | 7.10e-01 7.40e-01)	6.506583e+00 5.699325e+00 : 8.137273e-01
1872(1000) (2.60e+00 1.96e+00) XE:1.96e-01 (1.21e+00 1.23e+00 | 8.03e-01 7.40e-01)	6.505580e+00 5.698516e+00 : 8.136064e-01
1894(999) (2.05e+00 1.96e+00) XE:1.96e-01 (1.21e+00 1.23e+00 | 6.56e-01 7.40e-01)	6.504165e+00 5.696001e+00 : 8.133444e-01
1916(1005) (1.47e+00 1.96e+00) XE:1.96e-01 (1.21e+00 1.23e+00 | 7.00e-01 7.40e-01)	6.502553e+00 5.695860e+00 : 8.132275e-01
1938(1016) (1.82e+00 1.96e+00) XE:1.96e-01 (1.20e+00 1.23e+00 | 7.33e-01 7.40e-01)	6.502566e+00 5.695989e+00 : 8.132370e-01
1960(996) (2.37e+00 1.96e+00) XE:1.96e-01 (1.24e+00 1.23e+00 | 7.41e-01 7.40e-01)	6.500929e+00 5.695531e+00 : 8.130974e-01
1982(1001) (2.01e+00 1.96e+00) XE:1.96e-01 (1.22e+00 1.23e+00 | 8.07e-01 7.40e-01)	6.501041e+00 5.695854e+00 : 8.131263e-01
2005(1000) (2.07e+00 1.96e+00) XE:1.96e-01 (1.25e+00 1.23e+00 | 7.97e-01 7.40e-01)	6.499907e+00 5.695570e+00 : 8.130318e-01
2027(995) (1.89e+00 1.96e+00) XE:1.96e-01 (1.24e+00 1.23e+00 | 8.29e-01 7.40e-01)	6.498629e+00 5.695220e+00 : 8.129233e-01
2049(1006) (1.89e+00 1.96e+00) XE:1.96e-01 (1.21e+00 1.23e+00 | 7.37e-01 7.40e-01)	6.498629e+00 5.695401e+00 : 8.129353e-01
2071(1004) (1.82e+00 1.96e+00) XE:1.96e-01 (1.22e+00 1.23e+00 | 7.16e-01 7.40e-01)	6.497957e+00 5.694292e+00 : 8.128166e-01
2093(1005) (1.83e+00 1.95e+00) XE:1.95e-01 (1.23e+00 1.23e+00 | 7.41e-01 7.41e-01)	6.499289e+00 5.694498e+00 : 8.129191e-01
2115(994) (2.15e+00 1.95e+00) XE:1.95e-01 (1.24e+00 1.23e+00 | 8.23e-01 7.41e-01)	6.498605e+00 5.693767e+00 : 8.128248e-01
2137(991) (1.98e+00 1.96e+00) XE:1.96e-01 (1.24e+00 1.23e+00 | 6.98e-01 7.41e-01)	6.497715e+00 5.692634e+00 : 8.126899e-01
2159(1001) (2.19e+00 1.96e+00) XE:1.96e-01 (1.24e+00 1.23e+00 | 7.31e-01 7.40e-01)	6.496924e+00 5.692156e+00 : 8.126053e-01
2181(993) (1.80e+00 1.96e+00) XE:1.96e-01 (1.23e+00 1.23e+00 | 7.59e-01 7.40e-01)	6.495833e+00 5.691963e+00 : 8.125197e-01
2203(1002) (2.02e+00 1.95e+00) XE:1.95e-01 (1.21e+00 1.23e+00 | 7.00e-01 7.40e-01)	6.496011e+00 5.691204e+00 : 8.124810e-01
2225(1002) (1.52e+00 1.95e+00) XE:1.95e-01 (1.22e+00 1.23e+00 | 6.90e-01 7.40e-01)	6.495432e+00 5.690707e+00 : 8.124093e-01
2247(1014) (2.08e+00 1.95e+00) XE:1.95e-01 (1.26e+00 1.23e+00 | 7.85e-01 7.40e-01)	6.494578e+00 5.689863e+00 : 8.122961e-01
2269(991) (2.72e+00 1.95e+00) XE:1.95e-01 (1.21e+00 1.23e+00 | 7.29e-01 7.41e-01)	6.493247e+00 5.689298e+00 : 8.121697e-01
2291(1012) (1.52e+00 1.95e+00) XE:1.95e-01 (1.21e+00 1.23e+00 | 6.56e-01 7.41e-01)	6.493235e+00 5.689983e+00 : 8.122146e-01
2313(1001) (1.52e+00 1.95e+00) XE:1.95e-01 (1.21e+00 1.23e+00 | 7.37e-01 7.41e-01)	6.492972e+00 5.690361e+00 : 8.122223e-01
2335(1009) (1.85e+00 1.95e+00) XE:1.95e-01 (1.21e+00 1.23e+00 | 7.99e-01 7.41e-01)	6.491841e+00 5.689204e+00 : 8.120697e-01
2357(1002) (1.59e+00 1.95e+00) XE:1.95e-01 (1.26e+00 1.23e+00 | 7.61e-01 7.41e-01)	6.491390e+00 5.688424e+00 : 8.119876e-01
2379(991) (2.16e+00 1.95e+00) XE:1.95e-01 (1.23e+00 1.23e+00 | 8.15e-01 7.41e-01)	6.491091e+00 5.688240e+00 : 8.119554e-01
2401(1005) (1.61e+00 1.95e+00) XE:1.95e-01 (1.22e+00 1.23e+00 | 7.25e-01 7.41e-01)	6.490713e+00 5.688399e+00 : 8.119408e-01
2423(1005) (1.81e+00 1.95e+00) XE:1.95e-01 (1.22e+00 1.23e+00 | 7.49e-01 7.41e-01)	6.490370e+00 5.688739e+00 : 8.119406e-01
2445(990) (2.26e+00 1.95e+00) XE:1.95e-01 (1.22e+00 1.23e+00 | 7.25e-01 7.40e-01)	6.489729e+00 5.689211e+00 : 8.119293e-01
2467(992) (2.18e+00 1.95e+00) XE:1.95e-01 (1.25e+00 1.23e+00 | 7.45e-01 7.41e-01)	6.489194e+00 5.689086e+00 : 8.118854e-01
2489(1002) (1.75e+00 1.95e+00) XE:1.95e-01 (1.21e+00 1.23e+00 | 7.33e-01 7.41e-01)	6.488507e+00 5.689019e+00 : 8.118351e-01
2511(1001) (2.37e+00 1.95e+00) XE:1.95e-01 (1.21e+00 1.23e+00 | 7.39e-01 7.41e-01)	6.487665e+00 5.687960e+00 : 8.117084e-01
2533(998) (2.16e+00 1.95e+00) XE:1.95e-01 (1.26e+00 1.23e+00 | 6.70e-01 7.40e-01)	6.487289e+00 5.687425e+00 : 8.116476e-01
2555(998) (1.98e+00 1.95e+00) XE:1.95e-01 (1.22e+00 1.23e+00 | 8.13e-01 7.40e-01)	6.486587e+00 5.686427e+00 : 8.115342e-01
2577(983) (2.23e+00 1.95e+00) XE:1.95e-01 (1.23e+00 1.23e+00 | 7.00e-01 7.40e-01)	6.486243e+00 5.685582e+00 : 8.114550e-01
2599(1009) (2.18e+00 1.95e+00) XE:1.95e-01 (1.24e+00 1.23e+00 | 7.06e-01 7.41e-01)	6.485605e+00 5.685426e+00 : 8.114021e-01
2621(992) (2.32e+00 1.95e+00) XE:1.95e-01 (1.21e+00 1.23e+00 | 7.89e-01 7.41e-01)	6.485135e+00 5.685079e+00 : 8.113476e-01
2643(1000) (1.58e+00 1.95e+00) XE:1.95e-01 (1.23e+00 1.23e+00 | 7.69e-01 7.41e-01)	6.485471e+00 5.685223e+00 : 8.113796e-01
2665(1007) (2.26e+00 1.95e+00) XE:1.95e-01 (1.19e+00 1.23e+00 | 7.14e-01 7.41e-01)	6.485262e+00 5.685325e+00 : 8.113725e-01
2687(998) (2.34e+00 1.95e+00) XE:1.95e-01 (1.21e+00 1.23e+00 | 7.49e-01 7.41e-01)	6.484529e+00 5.684292e+00 : 8.112547e-01
2709(991) (2.31e+00 1.95e+00) XE:1.95e-01 (1.25e+00 1.23e+00 | 7.39e-01 7.41e-01)	6.484121e+00 5.683587e+00 : 8.111805e-01
2731(993) (2.04e+00 1.95e+00) XE:1.95e-01 (1.24e+00 1.23e+00 | 7.35e-01 7.41e-01)	6.482923e+00 5.683064e+00 : 8.110658e-01
2753(995) (2.27e+00 1.95e+00) XE:1.95e-01 (1.23e+00 1.23e+00 | 7.31e-01 7.41e-01)	6.482196e+00 5.682604e+00 : 8.109867e-01
2775(1007) (1.52e+00 1.95e+00) XE:1.95e-01 (1.23e+00 1.23e+00 | 7.87e-01 7.41e-01)	6.481617e+00 5.682708e+00 : 8.109550e-01
2797(1010) (1.48e+00 1.95e+00) XE:1.95e-01 (1.19e+00 1.23e+00 | 6.82e-01 7.41e-01)	6.481352e+00 5.682926e+00 : 8.109519e-01
2819(995) (1.77e+00 1.95e+00) XE:1.95e-01 (1.23e+00 1.23e+00 | 7.08e-01 7.41e-01)	6.481131e+00 5.682882e+00 : 8.109342e-01
2841(1006) (1.85e+00 1.95e+00) XE:1.95e-01 (1.24e+00 1.23e+00 | 7.41e-01 7.41e-01)	6.481232e+00 5.682936e+00 : 8.109446e-01
2863(990) (1.87e+00 1.95e+00) XE:1.95e-01 (1.26e+00 1.23e+00 | 7.29e-01 7.41e-01)	6.480854e+00 5.682080e+00 : 8.108623e-01
2885(994) (1.81e+00 1.95e+00) XE:1.95e-01 (1.21e+00 1.23e+00 | 7.75e-01 7.41e-01)	6.480175e+00 5.681306e+00 : 8.107654e-01
2907(1009) (1.90e+00 1.95e+00) XE:1.95e-01 (1.22e+00 1.23e+00 | 7.47e-01 7.41e-01)	6.480510e+00 5.681616e+00 : 8.108085e-01
2929(983) (2.14e+00 1.95e+00) XE:1.95e-01 (1.21e+00 1.23e+00 | 7.43e-01 7.41e-01)	6.479443e+00 5.681035e+00 : 8.106985e-01
2951(1004) (2.04e+00 1.95e+00) XE:1.95e-01 (1.26e+00 1.23e+00 | 7.16e-01 7.41e-01)	6.478412e+00 5.679723e+00 : 8.105423e-01
2973(995) (1.67e+00 1.95e+00) XE:1.95e-01 (1.23e+00 1.23e+00 | 7.29e-01 7.41e-01)	6.478512e+00 5.678874e+00 : 8.104924e-01
2996(1005) (2.21e+00 1.95e+00) XE:1.95e-01 (1.22e+00 1.23e+00 | 6.74e-01 7.41e-01)	6.477179e+00 5.678011e+00 : 8.103460e-01
3018(996) (1.87e+00 1.95e+00) XE:1.95e-01 (1.19e+00 1.23e+00 | 6.58e-01 7.41e-01)	6.475839e+00 5.677299e+00 : 8.102092e-01
3040(993) (1.84e+00 1.95e+00) XE:1.95e-01 (1.27e+00 1.23e+00 | 7.75e-01 7.41e-01)	6.476180e+00 5.677548e+00 : 8.102485e-01
3062(1001) (1.83e+00 1.95e+00) XE:1.95e-01 (1.24e+00 1.23e+00 | 6.72e-01 7.41e-01)	6.475560e+00 5.676748e+00 : 8.101539e-01
3084(1004) (1.89e+00 1.95e+00) XE:1.95e-01 (1.24e+00 1.23e+00 | 7.87e-01 7.41e-01)	6.475755e+00 5.676669e+00 : 8.101616e-01
3106(1001) (1.92e+00 1.95e+00) XE:1.95e-01 (1.19e+00 1.23e+00 | 6.66e-01 7.41e-01)	6.475328e+00 5.676061e+00 : 8.100926e-01
3128(994) (2.26e+00 1.95e+00) XE:1.95e-01 (1.26e+00 1.23e+00 | 7.99e-01 7.41e-01)	6.474903e+00 5.675643e+00 : 8.100364e-01
3150(992) (1.95e+00 1.95e+00) XE:1.95e-01 (1.22e+00 1.23e+00 | 7.00e-01 7.41e-01)	6.473924e+00 5.675429e+00 : 8.099569e-01
3172(997) (1.66e+00 1.95e+00) XE:1.95e-01 (1.24e+00 1.23e+00 | 7.51e-01 7.41e-01)	6.473534e+00 5.674875e+00 : 8.098939e-01
3194(995) (1.74e+00 1.95e+00) XE:1.95e-01 (1.20e+00 1.23e+00 | 6.96e-01 7.41e-01)	6.473137e+00 5.675145e+00 : 8.098854e-01
3216(1007) (1.42e+00 1.95e+00) XE:1.95e-01 (1.24e+00 1.23e+00 | 7.77e-01 7.41e-01)	6.473513e+00 5.675051e+00 : 8.099043e-01
3238(997) (1.92e+00 1.95e+00) XE:1.95e-01 (1.21e+00 1.23e+00 | 7.14e-01 7.41e-01)	6.473037e+00 5.674716e+00 : 8.098502e-01
3260(996) (1.54e+00 1.95e+00) XE:1.95e-01 (1.23e+00 1.23e+00 | 8.54e-01 7.41e-01)	6.472836e+00 5.674698e+00 : 8.098356e-01
3282(1003) (1.82e+00 1.95e+00) XE:1.95e-01 (1.22e+00 1.23e+00 | 6.96e-01 7.41e-01)	6.472285e+00 5.673916e+00 : 8.097467e-01
3304(997) (2.19e+00 1.95e+00) XE:1.95e-01 (1.23e+00 1.23e+00 | 7.08e-01 7.41e-01)	6.471318e+00 5.673389e+00 : 8.096471e-01
3326(1007) (1.95e+00 1.95e+00) XE:1.95e-01 (1.26e+00 1.23e+00 | 7.73e-01 7.41e-01)	6.470169e+00 5.672833e+00 : 8.095335e-01
3348(1016) (1.96e+00 1.95e+00) XE:1.95e-01 (1.27e+00 1.23e+00 | 6.94e-01 7.41e-01)	6.469831e+00 5.672466e+00 : 8.094865e-01
3370(1004) (1.72e+00 1.95e+00) XE:1.95e-01 (1.24e+00 1.23e+00 | 7.29e-01 7.41e-01)	6.469396e+00 5.672322e+00 : 8.094478e-01
3392(996) (1.49e+00 1.95e+00) XE:1.95e-01 (1.22e+00 1.23e+00 | 7.51e-01 7.41e-01)	6.468999e+00 5.672251e+00 : 8.094167e-01
3414(1008) (1.65e+00 1.95e+00) XE:1.95e-01 (1.23e+00 1.23e+00 | 7.20e-01 7.41e-01)	6.468996e+00 5.672353e+00 : 8.094233e-01
3436(1005) (2.22e+00 1.95e+00) XE:1.95e-01 (1.24e+00 1.23e+00 | 6.90e-01 7.41e-01)	6.468850e+00 5.671596e+00 : 8.093631e-01
3458(1001) (2.37e+00 1.95e+00) XE:1.95e-01 (1.24e+00 1.23e+00 | 7.79e-01 7.41e-01)	6.467888e+00 5.670881e+00 : 8.092513e-01
3480(1004) (1.46e+00 1.95e+00) XE:1.95e-01 (1.26e+00 1.23e+00 | 7.51e-01 7.41e-01)	6.467442e+00 5.671274e+00 : 8.092478e-01
3502(1008) (1.88e+00 1.95e+00) XE:1.95e-01 (1.23e+00 1.23e+00 | 7.55e-01 7.41e-01)	6.466594e+00 5.670604e+00 : 8.091466e-01
3524(1007) (1.88e+00 1.95e+00) XE:1.95e-01 (1.22e+00 1.23e+00 | 7.12e-01 7.41e-01)	6.466264e+00 5.670339e+00 : 8.091069e-01
3546(997) (1.82e+00 1.95e+00) XE:1.95e-01 (1.21e+00 1.23e+00 | 7.77e-01 7.41e-01)	6.464764e+00 5.668760e+00 : 8.089016e-01
3568(989) (2.47e+00 1.95e+00) XE:1.95e-01 (1.24e+00 1.23e+00 | 7.89e-01 7.41e-01)	6.464804e+00 5.668524e+00 : 8.088885e-01
3590(997) (1.97e+00 1.95e+00) XE:1.95e-01 (1.20e+00 1.23e+00 | 7.39e-01 7.41e-01)	6.464146e+00 5.667987e+00 : 8.088089e-01
3612(1005) (2.05e+00 1.95e+00) XE:1.95e-01 (1.22e+00 1.23e+00 | 7.75e-01 7.41e-01)	6.464345e+00 5.668435e+00 : 8.088520e-01
3634(996) (1.98e+00 1.95e+00) XE:1.95e-01 (1.23e+00 1.23e+00 | 7.14e-01 7.41e-01)	6.463841e+00 5.668168e+00 : 8.088006e-01
3656(994) (1.87e+00 1.95e+00) XE:1.95e-01 (1.22e+00 1.23e+00 | 6.58e-01 7.41e-01)	6.463200e+00 5.667989e+00 : 8.087459e-01
3678(1005) (1.75e+00 1.95e+00) XE:1.95e-01 (1.22e+00 1.23e+00 | 6.62e-01 7.41e-01)	6.462916e+00 5.668031e+00 : 8.087298e-01
3700(1008) (2.11e+00 1.95e+00) XE:1.95e-01 (1.22e+00 1.23e+00 | 7.63e-01 7.41e-01)	6.462678e+00 5.667927e+00 : 8.087070e-01
3722(995) (1.96e+00 1.95e+00) XE:1.95e-01 (1.23e+00 1.23e+00 | 7.79e-01 7.41e-01)	6.462536e+00 5.667152e+00 : 8.086459e-01
3744(992) (2.14e+00 1.95e+00) XE:1.95e-01 (1.23e+00 1.23e+00 | 7.43e-01 7.41e-01)	6.462517e+00 5.666837e+00 : 8.086236e-01
3766(999) (1.64e+00 1.95e+00) XE:1.95e-01 (1.22e+00 1.23e+00 | 7.35e-01 7.41e-01)	6.462440e+00 5.666555e+00 : 8.085996e-01
3788(999) (1.62e+00 1.95e+00) XE:1.95e-01 (1.25e+00 1.23e+00 | 7.95e-01 7.41e-01)	6.462202e+00 5.665888e+00 : 8.085393e-01
3810(989) (2.30e+00 1.95e+00) XE:1.95e-01 (1.23e+00 1.23e+00 | 7.27e-01 7.41e-01)	6.461937e+00 5.665757e+00 : 8.085129e-01
3832(987) (2.08e+00 1.95e+00) XE:1.95e-01 (1.21e+00 1.23e+00 | 6.92e-01 7.41e-01)	6.461319e+00 5.665496e+00 : 8.084543e-01
3854(989) (2.19e+00 1.95e+00) XE:1.95e-01 (1.23e+00 1.23e+00 | 7.73e-01 7.41e-01)	6.461692e+00 5.665296e+00 : 8.084658e-01
3877(993) (1.86e+00 1.95e+00) XE:1.95e-01 (1.21e+00 1.23e+00 | 7.37e-01 7.41e-01)	6.461280e+00 5.664423e+00 : 8.083802e-01
3899(990) (2.18e+00 1.95e+00) XE:1.95e-01 (1.24e+00 1.23e+00 | 7.53e-01 7.41e-01)	6.460852e+00 5.664061e+00 : 8.083276e-01
3921(996) (2.01e+00 1.95e+00) XE:1.95e-01 (1.24e+00 1.23e+00 | 7.85e-01 7.41e-01)	6.460565e+00 5.664119e+00 : 8.083123e-01
3943(1005) (2.24e+00 1.95e+00) XE:1.95e-01 (1.22e+00 1.23e+00 | 7.85e-01 7.42e-01)	6.460104e+00 5.663780e+00 : 8.082589e-01
3965(990) (1.83e+00 1.95e+00) XE:1.95e-01 (1.22e+00 1.23e+00 | 7.45e-01 7.41e-01)	6.459084e+00 5.663060e+00 : 8.081429e-01
3987(989) (2.13e+00 1.95e+00) XE:1.95e-01 (1.22e+00 1.23e+00 | 7.43e-01 7.41e-01)	6.459170e+00 5.662944e+00 : 8.081409e-01
4009(1011) (1.73e+00 1.95e+00) XE:1.95e-01 (1.22e+00 1.23e+00 | 7.18e-01 7.41e-01)	6.459882e+00 5.663115e+00 : 8.081998e-01
4031(996) (2.18e+00 1.95e+00) XE:1.95e-01 (1.22e+00 1.23e+00 | 6.98e-01 7.41e-01)	6.458951e+00 5.662535e+00 : 8.080991e-01
4053(1027) (1.53e+00 1.95e+00) XE:1.95e-01 (1.22e+00 1.23e+00 | 8.34e-01 7.41e-01)	6.459058e+00 5.662487e+00 : 8.081030e-01
4075(1005) (1.86e+00 1.95e+00) XE:1.95e-01 (1.22e+00 1.23e+00 | 7.61e-01 7.41e-01)	6.459081e+00 5.662653e+00 : 8.081156e-01
4097(992) (1.58e+00 1.95e+00) XE:1.95e-01 (1.23e+00 1.23e+00 | 7.18e-01 7.41e-01)	6.458345e+00 5.662484e+00 : 8.080553e-01
4119(1003) (1.95e+00 1.95e+00) XE:1.95e-01 (1.21e+00 1.23e+00 | 6.68e-01 7.41e-01)	6.456905e+00 5.661314e+00 : 8.078813e-01
4141(999) (2.26e+00 1.95e+00) XE:1.95e-01 (1.26e+00 1.23e+00 | 7.43e-01 7.41e-01)	6.456662e+00 5.661135e+00 : 8.078532e-01
4163(1006) (1.72e+00 1.95e+00) XE:1.95e-01 (1.22e+00 1.23e+00 | 7.47e-01 7.41e-01)	6.456474e+00 5.660669e+00 : 8.078095e-01
4185(995) (1.90e+00 1.95e+00) XE:1.95e-01 (1.26e+00 1.23e+00 | 7.59e-01 7.41e-01)	6.456684e+00 5.660854e+00 : 8.078358e-01
4207(981) (2.44e+00 1.95e+00) XE:1.95e-01 (1.22e+00 1.23e+00 | 7.51e-01 7.41e-01)	6.456190e+00 5.660694e+00 : 8.077923e-01
4229(998) (2.19e+00 1.95e+00) XE:1.95e-01 (1.26e+00 1.23e+00 | 6.96e-01 7.41e-01)	6.456004e+00 5.660639e+00 : 8.077762e-01
4251(995) (2.13e+00 1.95e+00) XE:1.95e-01 (1.22e+00 1.23e+00 | 7.37e-01 7.41e-01)	6.455644e+00 5.660454e+00 : 8.077399e-01
4273(1007) (1.82e+00 1.95e+00) XE:1.95e-01 (1.24e+00 1.23e+00 | 7.41e-01 7.41e-01)	6.455448e+00 5.660270e+00 : 8.077146e-01
4295(993) (1.63e+00 1.95e+00) XE:1.95e-01 (1.25e+00 1.23e+00 | 7.73e-01 7.41e-01)	6.455831e+00 5.660103e+00 : 8.077289e-01
4317(1011) (1.89e+00 1.95e+00) XE:1.95e-01 (1.22e+00 1.23e+00 | 7.12e-01 7.41e-01)	6.454838e+00 5.658618e+00 : 8.075637e-01
4339(1004) (1.86e+00 1.95e+00) XE:1.95e-01 (1.21e+00 1.23e+00 | 7.23e-01 7.41e-01)	6.454695e+00 5.657910e+00 : 8.075070e-01
4361(996) (1.89e+00 1.95e+00) XE:1.95e-01 (1.23e+00 1.23e+00 | 7.71e-01 7.41e-01)	6.454671e+00 5.658060e+00 : 8.075154e-01
4383(1011) (1.73e+00 1.95e+00) XE:1.95e-01 (1.21e+00 1.23e+00 | 7.67e-01 7.41e-01)	6.454272e+00 5.657523e+00 : 8.074530e-01
4405(1010) (1.61e+00 1.95e+00) XE:1.95e-01 (1.24e+00 1.23e+00 | 8.25e-01 7.41e-01)	6.454399e+00 5.658010e+00 : 8.074940e-01
4427(985) (2.05e+00 1.95e+00) XE:1.95e-01 (1.22e+00 1.23e+00 | 7.18e-01 7.41e-01)	6.454081e+00 5.657751e+00 : 8.074555e-01
4449(1001) (1.59e+00 1.95e+00) XE:1.95e-01 (1.21e+00 1.23e+00 | 6.88e-01 7.41e-01)	6.454352e+00 5.658033e+00 : 8.074923e-01
4471(1023) (1.81e+00 1.95e+00) XE:1.95e-01 (1.21e+00 1.23e+00 | 6.76e-01 7.41e-01)	6.453807e+00 5.657947e+00 : 8.074503e-01
4493(1010) (1.79e+00 1.95e+00) XE:1.95e-01 (1.21e+00 1.23e+00 | 7.35e-01 7.41e-01)	6.453518e+00 5.657856e+00 : 8.074250e-01
4515(1002) (1.68e+00 1.95e+00) XE:1.95e-01 (1.23e+00 1.23e+00 | 7.43e-01 7.41e-01)	6.453132e+00 5.657574e+00 : 8.073804e-01
4537(1001) (1.85e+00 1.95e+00) XE:1.95e-01 (1.25e+00 1.23e+00 | 7.65e-01 7.41e-01)	6.452713e+00 5.657582e+00 : 8.073530e-01
4559(994) (1.86e+00 1.95e+00) XE:1.95e-01 (1.22e+00 1.23e+00 | 7.35e-01 7.41e-01)	6.452205e+00 5.657470e+00 : 8.073117e-01
4581(1006) (1.89e+00 1.95e+00) XE:1.95e-01 (1.21e+00 1.23e+00 | 6.80e-01 7.41e-01)	6.451496e+00 5.656690e+00 : 8.072124e-01
4603(987) (2.40e+00 1.95e+00) XE:1.95e-01 (1.22e+00 1.23e+00 | 7.53e-01 7.41e-01)	6.450603e+00 5.656281e+00 : 8.071256e-01
4625(1003) (1.58e+00 1.95e+00) XE:1.95e-01 (1.22e+00 1.23e+00 | 7.53e-01 7.41e-01)	6.450811e+00 5.656588e+00 : 8.071599e-01
4647(1014) (2.15e+00 1.95e+00) XE:1.95e-01 (1.20e+00 1.23e+00 | 7.29e-01 7.41e-01)	6.450758e+00 5.656574e+00 : 8.071554e-01
4669(1004) (1.77e+00 1.95e+00) XE:1.95e-01 (1.23e+00 1.23e+00 | 6.66e-01 7.41e-01)	6.450427e+00 5.656339e+00 : 8.071177e-01
4691(996) (2.10e+00 1.95e+00) XE:1.95e-01 (1.23e+00 1.23e+00 | 7.53e-01 7.41e-01)	6.450235e+00 5.655989e+00 : 8.070816e-01
4713(987) (1.86e+00 1.95e+00) XE:1.95e-01 (1.22e+00 1.23e+00 | 7.35e-01 7.41e-01)	6.450013e+00 5.655368e+00 : 8.070254e-01
4736(1002) (1.78e+00 1.95e+00) XE:1.95e-01 (1.19e+00 1.23e+00 | 6.88e-01 7.41e-01)	6.448851e+00 5.654770e+00 : 8.069081e-01
4758(1003) (1.99e+00 1.95e+00) XE:1.95e-01 (1.22e+00 1.23e+00 | 7.12e-01 7.41e-01)	6.449038e+00 5.654632e+00 : 8.069113e-01
4780(994) (2.21e+00 1.95e+00) XE:1.95e-01 (1.22e+00 1.23e+00 | 6.82e-01 7.41e-01)	6.448777e+00 5.654589e+00 : 8.068911e-01
4802(996) (2.16e+00 1.95e+00) XE:1.95e-01 (1.23e+00 1.23e+00 | 7.61e-01 7.41e-01)	6.448677e+00 5.654606e+00 : 8.068855e-01
4824(1005) (1.56e+00 1.95e+00) XE:1.95e-01 (1.23e+00 1.23e+00 | 7.87e-01 7.41e-01)	6.448282e+00 5.654222e+00 : 8.068336e-01
4846(1004) (2.14e+00 1.95e+00) XE:1.95e-01 (1.24e+00 1.23e+00 | 7.41e-01 7.41e-01)	6.447736e+00 5.653826e+00 : 8.067708e-01
4868(998) (1.87e+00 1.95e+00) XE:1.95e-01 (1.23e+00 1.23e+00 | 6.38e-01 7.41e-01)	6.447627e+00 5.653513e+00 : 8.067427e-01
4890(1002) (1.39e+00 1.95e+00) XE:1.95e-01 (1.22e+00 1.23e+00 | 7.14e-01 7.41e-01)	6.447735e+00 5.653625e+00 : 8.067573e-01
4912(995) (2.11e+00 1.95e+00) XE:1.95e-01 (1.25e+00 1.23e+00 | 6.88e-01 7.41e-01)	6.447654e+00 5.653003e+00 : 8.067105e-01
4934(990) (2.03e+00 1.95e+00) XE:1.95e-01 (1.21e+00 1.23e+00 | 7.61e-01 7.41e-01)	6.447003e+00 5.652693e+00 : 8.066464e-01
4956(1003) (2.11e+00 1.95e+00) XE:1.95e-01 (1.24e+00 1.23e+00 | 7.49e-01 7.41e-01)	6.446516e+00 5.652767e+00 : 8.066189e-01
4978(1001) (2.47e+00 1.95e+00) XE:1.95e-01 (1.23e+00 1.23e+00 | 6.82e-01 7.41e-01)	6.446461e+00 5.652858e+00 : 8.066213e-01
5000(1004) (1.43e+00 1.95e+00) XE:1.95e-01 (1.21e+00 1.23e+00 | 7.79e-01 7.41e-01)	6.446824e+00 5.653162e+00 : 8.066657e-01
5022(995) (2.06e+00 1.95e+00) XE:1.95e-01 (1.20e+00 1.23e+00 | 7.02e-01 7.41e-01)	6.446796e+00 5.652803e+00 : 8.066400e-01
5044(992) (1.89e+00 1.95e+00) XE:1.95e-01 (1.24e+00 1.23e+00 | 7.10e-01 7.41e-01)	6.446283e+00 5.652680e+00 : 8.065975e-01
5066(1010) (1.47e+00 1.95e+00) XE:1.95e-01 (1.20e+00 1.23e+00 | 6.86e-01 7.41e-01)	6.446310e+00 5.652541e+00 : 8.065901e-01
5088(988) (2.11e+00 1.95e+00) XE:1.95e-01 (1.22e+00 1.23e+00 | 7.57e-01 7.41e-01)	6.445964e+00 5.652198e+00 : 8.065442e-01
5110(984) (1.87e+00 1.95e+00) XE:1.95e-01 (1.21e+00 1.23e+00 | 7.39e-01 7.41e-01)	6.445797e+00 5.652640e+00 : 8.065624e-01
5132(999) (2.09e+00 1.95e+00) XE:1.95e-01 (1.26e+00 1.23e+00 | 7.63e-01 7.41e-01)	6.445117e+00 5.652109e+00 : 8.064818e-01
5154(1010) (1.52e+00 1.95e+00) XE:1.95e-01 (1.22e+00 1.23e+00 | 7.45e-01 7.41e-01)	6.444864e+00 5.652170e+00 : 8.064689e-01
5176(1011) (1.88e+00 1.95e+00) XE:1.95e-01 (1.20e+00 1.23e+00 | 6.62e-01 7.41e-01)	6.444441e+00 5.652046e+00 : 8.064325e-01
5198(1011) (2.07e+00 1.95e+00) XE:1.95e-01 (1.20e+00 1.23e+00 | 7.29e-01 7.41e-01)	6.443839e+00 5.651741e+00 : 8.063720e-01
5220(1007) (1.14e+00 1.95e+00) XE:1.95e-01 (1.22e+00 1.23e+00 | 7.02e-01 7.41e-01)	6.443951e+00 5.651831e+00 : 8.063855e-01
5242(992) (2.55e+00 1.95e+00) XE:1.95e-01 (1.23e+00 1.23e+00 | 8.50e-01 7.41e-01)	6.443797e+00 5.651538e+00 : 8.063557e-01
5264(1005) (1.64e+00 1.95e+00) XE:1.95e-01 (1.23e+00 1.23e+00 | 7.06e-01 7.41e-01)	6.443929e+00 5.651700e+00 : 8.063753e-01
5286(997) (2.08e+00 1.95e+00) XE:1.95e-01 (1.24e+00 1.23e+00 | 7.61e-01 7.41e-01)	6.443580e+00 5.651723e+00 : 8.063535e-01
5308(1012) (2.08e+00 1.95e+00) XE:1.95e-01 (1.23e+00 1.23e+00 | 7.33e-01 7.41e-01)	6.443558e+00 5.651626e+00 : 8.063456e-01
5330(996) (2.25e+00 1.95e+00) XE:1.95e-01 (1.23e+00 1.23e+00 | 6.86e-01 7.41e-01)	6.443207e+00 5.651535e+00 : 8.063161e-01
5352(992) (2.35e+00 1.95e+00) XE:1.95e-01 (1.22e+00 1.23e+00 | 7.83e-01 7.41e-01)	6.443179e+00 5.651270e+00 : 8.062966e-01
5374(989) (2.34e+00 1.95e+00) XE:1.95e-01 (1.21e+00 1.23e+00 | 7.06e-01 7.41e-01)	6.442575e+00 5.650778e+00 : 8.062235e-01
5396(997) (2.05e+00 1.95e+00) XE:1.95e-01 (1.25e+00 1.23e+00 | 8.70e-01 7.41e-01)	6.442748e+00 5.650547e+00 : 8.062197e-01
5418(1001) (2.07e+00 1.95e+00) XE:1.95e-01 (1.24e+00 1.23e+00 | 7.49e-01 7.41e-01)	6.443356e+00 5.650240e+00 : 8.062397e-01
5440(1011) (2.30e+00 1.95e+00) XE:1.95e-01 (1.22e+00 1.23e+00 | 6.76e-01 7.41e-01)	6.443027e+00 5.650102e+00 : 8.062086e-01
5462(994) (2.33e+00 1.95e+00) XE:1.95e-01 (1.19e+00 1.23e+00 | 7.10e-01 7.41e-01)	6.441706e+00 5.649018e+00 : 8.060483e-01
5484(996) (2.39e+00 1.95e+00) XE:1.95e-01 (1.25e+00 1.23e+00 | 7.33e-01 7.41e-01)	6.440882e+00 5.648661e+00 : 8.059695e-01
5506(999) (1.90e+00 1.95e+00) XE:1.95e-01 (1.21e+00 1.23e+00 | 8.21e-01 7.41e-01)	6.440310e+00 5.648026e+00 : 8.058891e-01
5528(993) (1.94e+00 1.95e+00) XE:1.95e-01 (1.18e+00 1.23e+00 | 7.23e-01 7.41e-01)	6.439848e+00 5.648199e+00 : 8.058698e-01
5550(1009) (2.10e+00 1.95e+00) XE:1.95e-01 (1.23e+00 1.23e+00 | 7.49e-01 7.41e-01)	6.440040e+00 5.647958e+00 : 8.058666e-01
5572(1006) (1.75e+00 1.95e+00) XE:1.95e-01 (1.22e+00 1.23e+00 | 7.41e-01 7.41e-01)	6.440129e+00 5.648128e+00 : 8.058838e-01
5594(996) (2.04e+00 1.95e+00) XE:1.95e-01 (1.22e+00 1.23e+00 | 7.45e-01 7.41e-01)	6.439929e+00 5.648040e+00 : 8.058646e-01
5616(991) (2.77e+00 1.95e+00) XE:1.95e-01 (1.22e+00 1.23e+00 | 7.43e-01 7.41e-01)	6.439694e+00 5.647868e+00 : 8.058375e-01
5638(1006) (1.98e+00 1.95e+00) XE:1.95e-01 (1.24e+00 1.23e+00 | 7.12e-01 7.41e-01)	6.439413e+00 5.647523e+00 : 8.057958e-01
5660(1004) (1.83e+00 1.95e+00) XE:1.95e-01 (1.21e+00 1.23e+00 | 6.58e-01 7.41e-01)	6.439747e+00 5.647731e+00 : 8.058319e-01
5682(997) (2.04e+00 1.95e+00) XE:1.95e-01 (1.26e+00 1.23e+00 | 7.75e-01 7.41e-01)	6.439934e+00 5.647724e+00 : 8.058439e-01
5704(993) (1.87e+00 1.95e+00) XE:1.95e-01 (1.25e+00 1.23e+00 | 7.93e-01 7.41e-01)	6.439992e+00 5.647354e+00 : 8.058231e-01
5726(1008) (1.44e+00 1.95e+00) XE:1.95e-01 (1.21e+00 1.23e+00 | 7.33e-01 7.41e-01)	6.439966e+00 5.647229e+00 : 8.058130e-01
5748(1001) (1.78e+00 1.95e+00) XE:1.95e-01 (1.24e+00 1.23e+00 | 7.63e-01 7.41e-01)	6.440035e+00 5.647134e+00 : 8.058113e-01
5770(1021) (1.85e+00 1.95e+00) XE:1.95e-01 (1.24e+00 1.23e+00 | 7.12e-01 7.41e-01)	6.439789e+00 5.646825e+00 : 8.057743e-01
5792(993) (2.23e+00 1.95e+00) XE:1.95e-01 (1.23e+00 1.23e+00 | 6.62e-01 7.41e-01)	6.439598e+00 5.646964e+00 : 8.057708e-01
5814(996) (1.82e+00 1.95e+00) XE:1.95e-01 (1.22e+00 1.23e+00 | 6.80e-01 7.41e-01)	6.439609e+00 5.647043e+00 : 8.057768e-01
5836(993) (2.24e+00 1.95e+00) XE:1.95e-01 (1.22e+00 1.23e+00 | 7.69e-01 7.41e-01)	6.439449e+00 5.646771e+00 : 8.057480e-01
5858(997) (2.50e+00 1.95e+00) XE:1.95e-01 (1.22e+00 1.23e+00 | 7.16e-01 7.41e-01)	6.439016e+00 5.646475e+00 : 8.056994e-01
5880(997) (1.77e+00 1.95e+00) XE:1.95e-01 (1.22e+00 1.23e+00 | 6.82e-01 7.41e-01)	6.438967e+00 5.646439e+00 : 8.056937e-01
5902(1001) (1.90e+00 1.95e+00) XE:1.95e-01 (1.23e+00 1.23e+00 | 7.31e-01 7.41e-01)	6.438656e+00 5.646082e+00 : 8.056492e-01
5924(994) (2.09e+00 1.95e+00) XE:1.95e-01 (1.23e+00 1.23e+00 | 7.89e-01 7.41e-01)	6.438450e+00 5.646292e+00 : 8.056494e-01
5946(1015) (1.48e+00 1.95e+00) XE:1.95e-01 (1.23e+00 1.23e+00 | 8.31e-01 7.41e-01)	6.438712e+00 5.646394e+00 : 8.056737e-01
5968(1009) (2.15e+00 1.95e+00) XE:1.95e-01 (1.29e+00 1.23e+00 | 8.03e-01 7.41e-01)	6.438554e+00 5.646214e+00 : 8.056512e-01
5990(1000) (1.88e+00 1.95e+00) XE:1.95e-01 (1.18e+00 1.23e+00 | 7.41e-01 7.41e-01)	6.438490e+00 5.646315e+00 : 8.056537e-01
6012(1004) (1.76e+00 1.95e+00) XE:1.95e-01 (1.21e+00 1.23e+00 | 7.06e-01 7.41e-01)	6.438392e+00 5.646558e+00 : 8.056634e-01
6034(1002) (2.31e+00 1.95e+00) XE:1.95e-01 (1.25e+00 1.23e+00 | 7.23e-01 7.41e-01)	6.437979e+00 5.646187e+00 : 8.056111e-01
6056(1008) (2.50e+00 1.95e+00) XE:1.95e-01 (1.25e+00 1.23e+00 | 8.46e-01 7.41e-01)	6.437856e+00 5.646127e+00 : 8.055988e-01
6078(998) (2.54e+00 1.95e+00) XE:1.95e-01 (1.25e+00 1.23e+00 | 8.21e-01 7.41e-01)	6.437362e+00 5.645713e+00 : 8.055383e-01
6101(1016) (1.85e+00 1.95e+00) XE:1.95e-01 (1.22e+00 1.23e+00 | 7.33e-01 7.41e-01)	6.437044e+00 5.645532e+00 : 8.055051e-01
6123(1005) (1.61e+00 1.95e+00) XE:1.95e-01 (1.19e+00 1.23e+00 | 7.00e-01 7.41e-01)	6.436840e+00 5.645176e+00 : 8.054677e-01
6145(1003) (1.89e+00 1.95e+00) XE:1.95e-01 (1.23e+00 1.23e+00 | 7.47e-01 7.41e-01)	6.436710e+00 5.645186e+00 : 8.054597e-01
6167(1007) (1.89e+00 1.95e+00) XE:1.95e-01 (1.24e+00 1.23e+00 | 7.81e-01 7.41e-01)	6.436439e+00 5.644804e+00 : 8.054162e-01
6189(999) (1.74e+00 1.95e+00) XE:1.95e-01 (1.23e+00 1.23e+00 | 7.37e-01 7.41e-01)	6.436046e+00 5.644381e+00 : 8.053618e-01
6211(1005) (1.56e+00 1.95e+00) XE:1.95e-01 (1.21e+00 1.23e+00 | 7.51e-01 7.41e-01)	6.435618e+00 5.644010e+00 : 8.053085e-01
6233(997) (2.38e+00 1.95e+00) XE:1.95e-01 (1.23e+00 1.23e+00 | 6.82e-01 7.41e-01)	6.435584e+00 5.644095e+00 : 8.053119e-01
6255(1001) (1.77e+00 1.95e+00) XE:1.95e-01 (1.26e+00 1.23e+00 | 7.43e-01 7.41e-01)	6.435667e+00 5.643948e+00 : 8.053076e-01
6277(988) (1.92e+00 1.95e+00) XE:1.95e-01 (1.20e+00 1.23e+00 | 7.29e-01 7.41e-01)	6.435697e+00 5.643969e+00 : 8.053110e-01
6299(999) (1.72e+00 1.95e+00) XE:1.95e-01 (1.22e+00 1.23e+00 | 7.75e-01 7.41e-01)	6.435842e+00 5.644267e+00 : 8.053406e-01
6321(1002) (1.71e+00 1.95e+00) XE:1.95e-01 (1.21e+00 1.23e+00 | 7.41e-01 7.41e-01)	6.436341e+00 5.644417e+00 : 8.053839e-01
6343(989) (2.07e+00 1.95e+00) XE:1.95e-01 (1.25e+00 1.23e+00 | 7.20e-01 7.41e-01)	6.436007e+00 5.644174e+00 : 8.053454e-01
6365(998) (1.97e+00 1.95e+00) XE:1.95e-01 (1.22e+00 1.23e+00 | 6.90e-01 7.41e-01)	6.435491e+00 5.643578e+00 : 8.052712e-01
6387(999) (1.77e+00 1.95e+00) XE:1.95e-01 (1.22e+00 1.23e+00 | 7.61e-01 7.41e-01)	6.435268e+00 5.643228e+00 : 8.052331e-01
6409(1008) (2.09e+00 1.95e+00) XE:1.95e-01 (1.21e+00 1.23e+00 | 7.25e-01 7.41e-01)	6.435418e+00 5.643004e+00 : 8.052281e-01
6431(1007) (2.19e+00 1.95e+00) XE:1.95e-01 (1.18e+00 1.23e+00 | 7.47e-01 7.41e-01)	6.435284e+00 5.642987e+00 : 8.052181e-01
6453(995) (2.52e+00 1.95e+00) XE:1.95e-01 (1.21e+00 1.23e+00 | 7.35e-01 7.41e-01)	6.435044e+00 5.642920e+00 : 8.051976e-01
6475(1002) (2.11e+00 1.95e+00) XE:1.95e-01 (1.22e+00 1.23e+00 | 7.59e-01 7.41e-01)	6.434860e+00 5.642741e+00 : 8.051734e-01
6497(1010) (1.73e+00 1.95e+00) XE:1.95e-01 (1.22e+00 1.23e+00 | 7.65e-01 7.41e-01)	6.434104e+00 5.642268e+00 : 8.050915e-01
6519(988) (2.27e+00 1.95e+00) XE:1.95e-01 (1.20e+00 1.23e+00 | 7.02e-01 7.41e-01)	6.434025e+00 5.642024e+00 : 8.050699e-01
6541(1000) (1.57e+00 1.95e+00) XE:1.95e-01 (1.19e+00 1.23e+00 | 6.92e-01 7.41e-01)	6.434059e+00 5.641845e+00 : 8.050603e-01
6563(1009) (2.04e+00 1.95e+00) XE:1.95e-01 (1.23e+00 1.23e+00 | 7.53e-01 7.41e-01)	6.433936e+00 5.641737e+00 : 8.050448e-01
6585(1004) (2.19e+00 1.95e+00) XE:1.95e-01 (1.20e+00 1.23e+00 | 6.68e-01 7.41e-01)	6.433711e+00 5.641720e+00 : 8.050288e-01
6607(1004) (1.74e+00 1.95e+00) XE:1.95e-01 (1.23e+00 1.23e+00 | 6.98e-01 7.41e-01)	6.433735e+00 5.641279e+00 : 8.050010e-01
6629(999) (1.63e+00 1.95e+00) XE:1.95e-01 (1.26e+00 1.23e+00 | 7.47e-01 7.41e-01)	6.433544e+00 5.641182e+00 : 8.049817e-01
6651(1009) (1.96e+00 1.95e+00) XE:1.95e-01 (1.21e+00 1.23e+00 | 6.82e-01 7.41e-01)	6.433776e+00 5.641105e+00 : 8.049921e-01
6673(1014) (2.12e+00 1.95e+00) XE:1.95e-01 (1.22e+00 1.23e+00 | 6.96e-01 7.41e-01)	6.433813e+00 5.641080e+00 : 8.049928e-01
6695(992) (2.04e+00 1.95e+00) XE:1.95e-01 (1.25e+00 1.23e+00 | 7.02e-01 7.41e-01)	6.433596e+00 5.640850e+00 : 8.049631e-01
6717(1003) (1.61e+00 1.95e+00) XE:1.95e-01 (1.22e+00 1.23e+00 | 7.93e-01 7.41e-01)	6.433670e+00 5.640815e+00 : 8.049657e-01
6739(997) (2.11e+00 1.95e+00) XE:1.95e-01 (1.23e+00 1.23e+00 | 8.09e-01 7.41e-01)	6.433491e+00 5.640405e+00 : 8.049263e-01
6761(1002) (2.17e+00 1.95e+00) XE:1.95e-01 (1.23e+00 1.23e+00 | 6.50e-01 7.41e-01)	6.433416e+00 5.640360e+00 : 8.049184e-01
6783(999) (1.70e+00 1.95e+00) XE:1.95e-01 (1.23e+00 1.23e+00 | 8.46e-01 7.41e-01)	6.432850e+00 5.639840e+00 : 8.048460e-01
6805(1001) (1.69e+00 1.95e+00) XE:1.95e-01 (1.22e+00 1.23e+00 | 7.67e-01 7.41e-01)	6.432900e+00 5.639868e+00 : 8.048512e-01
6827(1009) (2.01e+00 1.95e+00) XE:1.95e-01 (1.21e+00 1.23e+00 | 7.67e-01 7.41e-01)	6.432748e+00 5.640013e+00 : 8.048507e-01
6849(1001) (2.12e+00 1.95e+00) XE:1.95e-01 (1.22e+00 1.23e+00 | 7.29e-01 7.41e-01)	6.432649e+00 5.640012e+00 : 8.048441e-01
6872(1006) (2.04e+00 1.95e+00) XE:1.95e-01 (1.23e+00 1.23e+00 | 7.14e-01 7.41e-01)	6.432374e+00 5.640174e+00 : 8.048365e-01
6894(1008) (2.38e+00 1.95e+00) XE:1.95e-01 (1.23e+00 1.23e+00 | 7.06e-01 7.41e-01)	6.431761e+00 5.639880e+00 : 8.047760e-01
6916(1009) (2.04e+00 1.95e+00) XE:1.95e-01 (1.23e+00 1.23e+00 | 7.39e-01 7.41e-01)	6.432064e+00 5.639868e+00 : 8.047955e-01
6938(994) (2.30e+00 1.95e+00) XE:1.95e-01 (1.20e+00 1.23e+00 | 7.41e-01 7.41e-01)	6.431862e+00 5.639801e+00 : 8.047776e-01
6960(1002) (1.92e+00 1.95e+00) XE:1.95e-01 (1.22e+00 1.23e+00 | 7.35e-01 7.41e-01)	6.431759e+00 5.639860e+00 : 8.047746e-01
6982(1003) (2.16e+00 1.95e+00) XE:1.95e-01 (1.25e+00 1.23e+00 | 7.31e-01 7.41e-01)	6.431787e+00 5.639899e+00 : 8.047790e-01
7004(1000) (1.69e+00 1.95e+00) XE:1.95e-01 (1.19e+00 1.23e+00 | 7.25e-01 7.41e-01)	6.431835e+00 5.639842e+00 : 8.047785e-01
7026(1002) (1.57e+00 1.95e+00) XE:1.95e-01 (1.22e+00 1.23e+00 | 7.41e-01 7.41e-01)	6.431336e+00 5.639631e+00 : 8.047311e-01
7048(1005) (1.76e+00 1.95e+00) XE:1.95e-01 (1.19e+00 1.23e+00 | 7.33e-01 7.41e-01)	6.430777e+00 5.639688e+00 : 8.046977e-01
7070(1006) (1.81e+00 1.95e+00) XE:1.95e-01 (1.25e+00 1.23e+00 | 7.49e-01 7.41e-01)	6.430461e+00 5.639290e+00 : 8.046501e-01
7092(982) (1.93e+00 1.95e+00) XE:1.95e-01 (1.21e+00 1.23e+00 | 7.47e-01 7.41e-01)	6.430198e+00 5.639049e+00 : 8.046165e-01
7114(1005) (1.81e+00 1.95e+00) XE:1.95e-01 (1.22e+00 1.23e+00 | 8.07e-01 7.41e-01)	6.429804e+00 5.639092e+00 : 8.045930e-01
7136(1006) (1.99e+00 1.95e+00) XE:1.95e-01 (1.21e+00 1.23e+00 | 6.72e-01 7.41e-01)	6.429981e+00 5.639287e+00 : 8.046179e-01
7158(992) (2.02e+00 1.95e+00) XE:1.95e-01 (1.22e+00 1.23e+00 | 6.90e-01 7.41e-01)	6.429873e+00 5.639337e+00 : 8.046140e-01
7180(1008) (1.90e+00 1.95e+00) XE:1.95e-01 (1.22e+00 1.23e+00 | 7.12e-01 7.41e-01)	6.429919e+00 5.639336e+00 : 8.046170e-01
7202(1007) (1.61e+00 1.95e+00) XE:1.95e-01 (1.19e+00 1.23e+00 | 7.10e-01 7.41e-01)	6.430146e+00 5.639278e+00 : 8.046282e-01
7224(987) (2.04e+00 1.95e+00) XE:1.95e-01 (1.23e+00 1.23e+00 | 7.75e-01 7.41e-01)	6.430391e+00 5.639461e+00 : 8.046568e-01
7246(1007) (2.42e+00 1.95e+00) XE:1.95e-01 (1.21e+00 1.23e+00 | 7.00e-01 7.41e-01)	6.430023e+00 5.639311e+00 : 8.046223e-01
7268(1006) (1.95e+00 1.95e+00) XE:1.95e-01 (1.25e+00 1.23e+00 | 7.08e-01 7.41e-01)	6.429790e+00 5.639129e+00 : 8.045946e-01
7290(1003) (1.89e+00 1.95e+00) XE:1.95e-01 (1.22e+00 1.23e+00 | 7.23e-01 7.41e-01)	6.429765e+00 5.639239e+00 : 8.046003e-01
7312(991) (2.12e+00 1.95e+00) XE:1.95e-01 (1.22e+00 1.23e+00 | 7.63e-01 7.41e-01)	6.429743e+00 5.639140e+00 : 8.045922e-01
7334(1003) (2.23e+00 1.95e+00) XE:1.95e-01 (1.22e+00 1.23e+00 | 7.14e-01 7.41e-01)	6.429577e+00 5.639253e+00 : 8.045887e-01
7356(993) (2.56e+00 1.95e+00) XE:1.95e-01 (1.23e+00 1.23e+00 | 6.88e-01 7.41e-01)	6.429260e+00 5.638744e+00 : 8.045336e-01
7378(998) (1.70e+00 1.95e+00) XE:1.95e-01 (1.23e+00 1.23e+00 | 7.51e-01 7.41e-01)	6.429196e+00 5.638514e+00 : 8.045140e-01
7400(1002) (1.90e+00 1.95e+00) XE:1.95e-01 (1.24e+00 1.23e+00 | 7.51e-01 7.41e-01)	6.428890e+00 5.638290e+00 : 8.044786e-01
7422(1005) (2.00e+00 1.95e+00) XE:1.95e-01 (1.21e+00 1.23e+00 | 7.39e-01 7.41e-01)	6.428742e+00 5.638063e+00 : 8.044536e-01
7444(990) (2.31e+00 1.95e+00) XE:1.95e-01 (1.25e+00 1.23e+00 | 8.11e-01 7.41e-01)	6.428417e+00 5.637877e+00 : 8.044196e-01
7466(994) (1.93e+00 1.95e+00) XE:1.95e-01 (1.22e+00 1.23e+00 | 7.12e-01 7.41e-01)	6.428221e+00 5.637515e+00 : 8.043824e-01
7488(1010) (1.99e+00 1.95e+00) XE:1.95e-01 (1.22e+00 1.23e+00 | 7.31e-01 7.41e-01)	6.428250e+00 5.637003e+00 : 8.043502e-01
7510(991) (2.35e+00 1.95e+00) XE:1.95e-01 (1.23e+00 1.23e+00 | 7.53e-01 7.41e-01)	6.427950e+00 5.636661e+00 : 8.043074e-01
7532(1010) (1.24e+00 1.95e+00) XE:1.95e-01 (1.23e+00 1.23e+00 | 7.61e-01 7.41e-01)	6.427605e+00 5.636340e+00 : 8.042630e-01
7554(995) (1.99e+00 1.95e+00) XE:1.95e-01 (1.20e+00 1.23e+00 | 6.84e-01 7.41e-01)	6.427428e+00 5.636046e+00 : 8.042317e-01
7576(996) (1.96e+00 1.95e+00) XE:1.95e-01 (1.23e+00 1.23e+00 | 6.98e-01 7.41e-01)	6.427330e+00 5.636126e+00 : 8.042304e-01
7598(998) (2.31e+00 1.95e+00) XE:1.95e-01 (1.23e+00 1.23e+00 | 7.02e-01 7.41e-01)	6.427314e+00 5.635953e+00 : 8.042178e-01
7620(1006) (2.13e+00 1.95e+00) XE:1.95e-01 (1.22e+00 1.23e+00 | 7.65e-01 7.41e-01)	6.427240e+00 5.636213e+00 : 8.042302e-01
7642(999) (2.20e+00 1.95e+00) XE:1.95e-01 (1.23e+00 1.23e+00 | 7.59e-01 7.41e-01)	6.427200e+00 5.636278e+00 : 8.042318e-01
7664(1004) (2.51e+00 1.95e+00) XE:1.95e-01 (1.23e+00 1.23e+00 | 7.49e-01 7.41e-01)	6.426964e+00 5.636024e+00 : 8.041992e-01
7686(1002) (1.81e+00 1.95e+00) XE:1.95e-01 (1.22e+00 1.23e+00 | 8.27e-01 7.41e-01)	6.426988e+00 5.635935e+00 : 8.041949e-01
7708(1015) (1.74e+00 1.95e+00) XE:1.95e-01 (1.25e+00 1.23e+00 | 7.71e-01 7.41e-01)	6.426038e+00 5.635357e+00 : 8.040930e-01
7730(1006) (1.71e+00 1.95e+00) XE:1.95e-01 (1.26e+00 1.23e+00 | 7.91e-01 7.41e-01)	6.426023e+00 5.635472e+00 : 8.040997e-01
7752(1000) (2.08e+00 1.95e+00) XE:1.95e-01 (1.23e+00 1.23e+00 | 7.33e-01 7.41e-01)	6.425774e+00 5.635447e+00 : 8.040814e-01
7774(996) (2.14e+00 1.95e+00) XE:1.95e-01 (1.18e+00 1.23e+00 | 7.75e-01 7.41e-01)	6.425808e+00 5.635544e+00 : 8.040901e-01
7797(1003) (2.28e+00 1.95e+00) XE:1.95e-01 (1.24e+00 1.23e+00 | 7.87e-01 7.41e-01)	6.425541e+00 5.635318e+00 : 8.040572e-01
7819(1007) (2.06e+00 1.95e+00) XE:1.95e-01 (1.22e+00 1.23e+00 | 7.79e-01 7.41e-01)	6.425272e+00 5.635093e+00 : 8.040243e-01
7841(1004) (1.97e+00 1.95e+00) XE:1.95e-01 (1.23e+00 1.23e+00 | 7.18e-01 7.41e-01)	6.425461e+00 5.634987e+00 : 8.040299e-01
7863(1024) (1.84e+00 1.95e+00) XE:1.95e-01 (1.24e+00 1.23e+00 | 7.33e-01 7.41e-01)	6.425033e+00 5.634554e+00 : 8.039725e-01
7884(998) (2.00e+00 1.95e+00) XE:1.95e-01 (1.23e+00 1.23e+00 | 7.61e-01 7.41e-01)	6.425066e+00 5.634634e+00 : 8.039801e-01
7907(998) (1.69e+00 1.95e+00) XE:1.95e-01 (1.24e+00 1.23e+00 | 8.38e-01 7.41e-01)	6.425258e+00 5.635021e+00 : 8.040186e-01
7929(996) (1.78e+00 1.95e+00) XE:1.95e-01 (1.23e+00 1.23e+00 | 7.95e-01 7.41e-01)	6.424865e+00 5.634714e+00 : 8.039719e-01
7950(997) (1.77e+00 1.95e+00) XE:1.95e-01 (1.26e+00 1.23e+00 | 7.43e-01 7.41e-01)	6.424919e+00 5.634633e+00 : 8.039702e-01
7972(1004) (1.86e+00 1.95e+00) XE:1.95e-01 (1.25e+00 1.23e+00 | 7.93e-01 7.41e-01)	6.425050e+00 5.634405e+00 : 8.039637e-01
7995(1003) (1.79e+00 1.95e+00) XE:1.95e-01 (1.22e+00 1.23e+00 | 7.33e-01 7.41e-01)	6.424918e+00 5.634292e+00 : 8.039474e-01
8017(985) (2.09e+00 1.95e+00) XE:1.95e-01 (1.23e+00 1.23e+00 | 7.16e-01 7.41e-01)	6.424538e+00 5.634045e+00 : 8.039056e-01
8039(986) (1.93e+00 1.95e+00) XE:1.95e-01 (1.22e+00 1.23e+00 | 7.06e-01 7.41e-01)	6.424365e+00 5.633805e+00 : 8.038780e-01
8061(998) (1.83e+00 1.95e+00) XE:1.95e-01 (1.24e+00 1.23e+00 | 7.73e-01 7.41e-01)	6.424103e+00 5.633725e+00 : 8.038552e-01
8083(1021) (2.17e+00 1.95e+00) XE:1.95e-01 (1.25e+00 1.23e+00 | 8.07e-01 7.41e-01)	6.423734e+00 5.633676e+00 : 8.038273e-01
8105(993) (1.84e+00 1.95e+00) XE:1.95e-01 (1.21e+00 1.23e+00 | 7.08e-01 7.41e-01)	6.423357e+00 5.633440e+00 : 8.037864e-01
8126(1011) (1.99e+00 1.95e+00) XE:1.95e-01 (1.25e+00 1.23e+00 | 8.19e-01 7.41e-01)	6.423378e+00 5.633511e+00 : 8.037926e-01
8149(1001) (1.77e+00 1.95e+00) XE:1.95e-01 (1.21e+00 1.23e+00 | 7.41e-01 7.41e-01)	6.423050e+00 5.633515e+00 : 8.037710e-01
8171(997) (2.03e+00 1.95e+00) XE:1.95e-01 (1.22e+00 1.23e+00 | 6.70e-01 7.41e-01)	6.422818e+00 5.633349e+00 : 8.037445e-01
8193(1000) (2.16e+00 1.95e+00) XE:1.95e-01 (1.22e+00 1.23e+00 | 7.61e-01 7.41e-01)	6.422472e+00 5.633217e+00 : 8.037126e-01
8215(1005) (1.38e+00 1.95e+00) XE:1.95e-01 (1.25e+00 1.23e+00 | 7.16e-01 7.41e-01)	6.422699e+00 5.633448e+00 : 8.037432e-01
8237(991) (1.57e+00 1.95e+00) XE:1.95e-01 (1.25e+00 1.23e+00 | 8.01e-01 7.41e-01)	6.422650e+00 5.633630e+00 : 8.037520e-01
8259(1007) (1.61e+00 1.95e+00) XE:1.95e-01 (1.20e+00 1.23e+00 | 7.57e-01 7.41e-01)	6.422750e+00 5.633678e+00 : 8.037619e-01
8281(987) (2.20e+00 1.95e+00) XE:1.95e-01 (1.22e+00 1.23e+00 | 7.14e-01 7.41e-01)	6.421842e+00 5.632694e+00 : 8.036357e-01
8303(1001) (2.31e+00 1.95e+00) XE:1.95e-01 (1.25e+00 1.23e+00 | 7.37e-01 7.41e-01)	6.421565e+00 5.632177e+00 : 8.035828e-01
8325(1000) (1.69e+00 1.95e+00) XE:1.95e-01 (1.23e+00 1.23e+00 | 6.88e-01 7.41e-01)	6.421771e+00 5.632370e+00 : 8.036094e-01
8347(995) (2.13e+00 1.95e+00) XE:1.95e-01 (1.22e+00 1.23e+00 | 7.55e-01 7.41e-01)	6.421892e+00 5.632353e+00 : 8.036164e-01
8369(1010) (1.69e+00 1.95e+00) XE:1.95e-01 (1.20e+00 1.23e+00 | 7.55e-01 7.41e-01)	6.421494e+00 5.631953e+00 : 8.035631e-01
8391(1004) (1.79e+00 1.95e+00) XE:1.95e-01 (1.22e+00 1.23e+00 | 7.47e-01 7.41e-01)	6.421313e+00 5.631761e+00 : 8.035382e-01
8413(995) (2.17e+00 1.95e+00) XE:1.95e-01 (1.22e+00 1.23e+00 | 7.79e-01 7.41e-01)	6.421235e+00 5.631706e+00 : 8.035294e-01
8435(982) (2.02e+00 1.95e+00) XE:1.95e-01 (1.23e+00 1.23e+00 | 7.59e-01 7.41e-01)	6.421158e+00 5.631659e+00 : 8.035212e-01
8457(986) (2.14e+00 1.95e+00) XE:1.95e-01 (1.26e+00 1.23e+00 | 8.05e-01 7.41e-01)	6.420717e+00 5.631517e+00 : 8.034823e-01
8479(1006) (1.57e+00 1.95e+00) XE:1.95e-01 (1.22e+00 1.23e+00 | 7.63e-01 7.41e-01)	6.420284e+00 5.631170e+00 : 8.034302e-01
8501(1007) (1.61e+00 1.95e+00) XE:1.95e-01 (1.23e+00 1.23e+00 | 7.65e-01 7.41e-01)	6.420436e+00 5.631209e+00 : 8.034431e-01
8523(1000) (2.10e+00 1.95e+00) XE:1.95e-01 (1.23e+00 1.23e+00 | 7.43e-01 7.41e-01)	6.420253e+00 5.630992e+00 : 8.034163e-01
8545(1008) (1.91e+00 1.95e+00) XE:1.95e-01 (1.22e+00 1.23e+00 | 7.06e-01 7.41e-01)	6.420108e+00 5.631128e+00 : 8.034158e-01
8567(1002) (2.03e+00 1.95e+00) XE:1.95e-01 (1.25e+00 1.23e+00 | 7.20e-01 7.41e-01)	6.420111e+00 5.631091e+00 : 8.034135e-01
8589(1006) (1.76e+00 1.95e+00) XE:1.95e-01 (1.22e+00 1.23e+00 | 7.00e-01 7.41e-01)	6.419937e+00 5.630829e+00 : 8.033844e-01
8611(1009) (1.83e+00 1.95e+00) XE:1.95e-01 (1.21e+00 1.23e+00 | 7.55e-01 7.41e-01)	6.420026e+00 5.630985e+00 : 8.034007e-01
8633(1005) (1.86e+00 1.95e+00) XE:1.95e-01 (1.23e+00 1.23e+00 | 7.31e-01 7.41e-01)	6.419882e+00 5.630740e+00 : 8.033748e-01
8655(995) (2.00e+00 1.95e+00) XE:1.95e-01 (1.22e+00 1.23e+00 | 7.51e-01 7.41e-01)	6.419711e+00 5.630623e+00 : 8.033556e-01
8677(1007) (2.36e+00 1.95e+00) XE:1.95e-01 (1.21e+00 1.23e+00 | 7.35e-01 7.41e-01)	6.419549e+00 5.630337e+00 : 8.033258e-01
8699(1011) (2.40e+00 1.95e+00) XE:1.95e-01 (1.22e+00 1.23e+00 | 6.88e-01 7.41e-01)	6.419494e+00 5.630168e+00 : 8.033108e-01
8721(995) (1.83e+00 1.95e+00) XE:1.95e-01 (1.23e+00 1.23e+00 | 7.81e-01 7.41e-01)	6.419370e+00 5.630207e+00 : 8.033051e-01
8743(991) (2.16e+00 1.95e+00) XE:1.95e-01 (1.21e+00 1.23e+00 | 7.65e-01 7.41e-01)	6.419275e+00 5.630105e+00 : 8.032920e-01
8765(1002) (2.03e+00 1.95e+00) XE:1.95e-01 (1.23e+00 1.23e+00 | 7.89e-01 7.41e-01)	6.419170e+00 5.630272e+00 : 8.032961e-01
8787(1004) (2.04e+00 1.95e+00) XE:1.95e-01 (1.24e+00 1.23e+00 | 7.49e-01 7.41e-01)	6.419076e+00 5.630177e+00 : 8.032835e-01
8809(987) (2.16e+00 1.95e+00) XE:1.95e-01 (1.20e+00 1.23e+00 | 7.00e-01 7.41e-01)	6.418861e+00 5.629863e+00 : 8.032483e-01
8831(1006) (1.61e+00 1.95e+00) XE:1.95e-01 (1.23e+00 1.23e+00 | 8.17e-01 7.41e-01)	6.418894e+00 5.629920e+00 : 8.032543e-01
8853(998) (1.63e+00 1.95e+00) XE:1.95e-01 (1.21e+00 1.23e+00 | 6.76e-01 7.41e-01)	6.419010e+00 5.629923e+00 : 8.032622e-01
8875(1005) (1.62e+00 1.95e+00) XE:1.95e-01 (1.22e+00 1.23e+00 | 6.94e-01 7.41e-01)	6.419141e+00 5.630121e+00 : 8.032842e-01
8897(1003) (1.93e+00 1.95e+00) XE:1.95e-01 (1.26e+00 1.23e+00 | 7.02e-01 7.41e-01)	6.419245e+00 5.630109e+00 : 8.032903e-01
8919(998) (2.51e+00 1.95e+00) XE:1.95e-01 (1.24e+00 1.23e+00 | 7.18e-01 7.41e-01)	6.419230e+00 5.629975e+00 : 8.032803e-01
8941(1000) (1.80e+00 1.95e+00) XE:1.95e-01 (1.21e+00 1.23e+00 | 7.02e-01 7.41e-01)	6.418606e+00 5.629479e+00 : 8.032056e-01
8963(1000) (1.63e+00 1.95e+00) XE:1.95e-01 (1.25e+00 1.23e+00 | 7.63e-01 7.41e-01)	6.418270e+00 5.629303e+00 : 8.031715e-01
8985(1003) (2.04e+00 1.95e+00) XE:1.95e-01 (1.18e+00 1.23e+00 | 7.23e-01 7.41e-01)	6.418262e+00 5.629502e+00 : 8.031843e-01
9007(993) (1.68e+00 1.95e+00) XE:1.95e-01 (1.25e+00 1.23e+00 | 7.14e-01 7.41e-01)	6.418070e+00 5.629324e+00 : 8.031597e-01
9029(996) (2.06e+00 1.95e+00) XE:1.95e-01 (1.22e+00 1.23e+00 | 7.81e-01 7.41e-01)	6.417927e+00 5.629184e+00 : 8.031408e-01
9051(1007) (1.59e+00 1.95e+00) XE:1.95e-01 (1.26e+00 1.23e+00 | 7.75e-01 7.41e-01)	6.417831e+00 5.628972e+00 : 8.031202e-01
9073(1005) (1.75e+00 1.95e+00) XE:1.95e-01 (1.26e+00 1.23e+00 | 7.63e-01 7.41e-01)	6.417663e+00 5.628985e+00 : 8.031099e-01
9095(992) (2.21e+00 1.95e+00) XE:1.95e-01 (1.22e+00 1.23e+00 | 7.57e-01 7.41e-01)	6.417475e+00 5.628954e+00 : 8.030953e-01
9117(1014) (1.81e+00 1.95e+00) XE:1.95e-01 (1.22e+00 1.23e+00 | 7.23e-01 7.41e-01)	6.417477e+00 5.628781e+00 : 8.030839e-01
9139(1005) (1.84e+00 1.95e+00) XE:1.95e-01 (1.23e+00 1.23e+00 | 7.91e-01 7.41e-01)	6.417351e+00 5.628747e+00 : 8.030732e-01
9161(992) (1.69e+00 1.95e+00) XE:1.95e-01 (1.24e+00 1.23e+00 | 7.75e-01 7.41e-01)	6.417185e+00 5.628680e+00 : 8.030577e-01
9183(998) (2.24e+00 1.95e+00) XE:1.95e-01 (1.21e+00 1.23e+00 | 7.49e-01 7.41e-01)	6.416653e+00 5.628187e+00 : 8.029893e-01
9205(1010) (2.05e+00 1.95e+00) XE:1.95e-01 (1.23e+00 1.23e+00 | 7.83e-01 7.41e-01)	6.416414e+00 5.627855e+00 : 8.029513e-01
9227(1003) (1.88e+00 1.95e+00) XE:1.95e-01 (1.25e+00 1.23e+00 | 7.41e-01 7.41e-01)	6.416325e+00 5.627878e+00 : 8.029469e-01
9249(1012) (1.86e+00 1.95e+00) XE:1.95e-01 (1.25e+00 1.23e+00 | 7.71e-01 7.41e-01)	6.416069e+00 5.627420e+00 : 8.028993e-01
9271(987) (1.58e+00 1.95e+00) XE:1.95e-01 (1.25e+00 1.23e+00 | 8.23e-01 7.41e-01)	6.416187e+00 5.627702e+00 : 8.029259e-01
9293(1007) (1.94e+00 1.95e+00) XE:1.95e-01 (1.24e+00 1.23e+00 | 7.83e-01 7.42e-01)	6.415894e+00 5.627474e+00 : 8.028912e-01
9315(998) (1.86e+00 1.95e+00) XE:1.95e-01 (1.23e+00 1.23e+00 | 7.25e-01 7.42e-01)	6.415951e+00 5.627484e+00 : 8.028957e-01
9337(1010) (1.66e+00 1.95e+00) XE:1.95e-01 (1.22e+00 1.23e+00 | 6.98e-01 7.42e-01)	6.415660e+00 5.627297e+00 : 8.028638e-01
9359(1001) (1.58e+00 1.95e+00) XE:1.95e-01 (1.24e+00 1.23e+00 | 7.35e-01 7.42e-01)	6.415803e+00 5.627248e+00 : 8.028701e-01
9381(1000) (1.59e+00 1.95e+00) XE:1.95e-01 (1.22e+00 1.23e+00 | 7.47e-01 7.42e-01)	6.415850e+00 5.627212e+00 : 8.028708e-01
9403(1003) (2.08e+00 1.95e+00) XE:1.95e-01 (1.24e+00 1.23e+00 | 7.75e-01 7.42e-01)	6.415803e+00 5.627365e+00 : 8.028778e-01
9425(1008) (2.19e+00 1.95e+00) XE:1.95e-01 (1.22e+00 1.23e+00 | 7.27e-01 7.42e-01)	6.415853e+00 5.627510e+00 : 8.028909e-01
9447(995) (2.17e+00 1.95e+00) XE:1.95e-01 (1.24e+00 1.23e+00 | 7.51e-01 7.42e-01)	6.416043e+00 5.627620e+00 : 8.029109e-01
9469(1009) (1.65e+00 1.95e+00) XE:1.95e-01 (1.24e+00 1.23e+00 | 8.03e-01 7.42e-01)	6.415918e+00 5.627670e+00 : 8.029059e-01
9491(1014) (1.73e+00 1.95e+00) XE:1.95e-01 (1.20e+00 1.23e+00 | 6.72e-01 7.42e-01)	6.415721e+00 5.627381e+00 : 8.028734e-01
9513(1018) (1.56e+00 1.95e+00) XE:1.95e-01 (1.22e+00 1.23e+00 | 7.02e-01 7.42e-01)	6.415800e+00 5.627385e+00 : 8.028790e-01
9535(998) (2.11e+00 1.95e+00) XE:1.95e-01 (1.24e+00 1.23e+00 | 7.41e-01 7.42e-01)	6.415752e+00 5.627483e+00 : 8.028824e-01
9557(997) (1.91e+00 1.95e+00) XE:1.95e-01 (1.22e+00 1.23e+00 | 6.52e-01 7.42e-01)	6.415035e+00 5.626651e+00 : 8.027791e-01
9579(988) (1.90e+00 1.95e+00) XE:1.95e-01 (1.22e+00 1.23e+00 | 7.81e-01 7.42e-01)	6.415028e+00 5.626774e+00 : 8.027868e-01
9601(1012) (1.97e+00 1.95e+00) XE:1.95e-01 (1.23e+00 1.23e+00 | 7.69e-01 7.42e-01)	6.414655e+00 5.626627e+00 : 8.027521e-01
9623(991) (2.09e+00 1.95e+00) XE:1.95e-01 (1.21e+00 1.23e+00 | 7.04e-01 7.42e-01)	6.414380e+00 5.626691e+00 : 8.027381e-01
9645(998) (1.67e+00 1.95e+00) XE:1.95e-01 (1.23e+00 1.23e+00 | 6.78e-01 7.42e-01)	6.414493e+00 5.626846e+00 : 8.027559e-01
9666(996) (1.82e+00 1.95e+00) XE:1.95e-01 (1.20e+00 1.23e+00 | 7.39e-01 7.42e-01)	6.414463e+00 5.626895e+00 : 8.027572e-01
9688(990) (2.41e+00 1.95e+00) XE:1.95e-01 (1.22e+00 1.23e+00 | 7.89e-01 7.42e-01)	6.414265e+00 5.626783e+00 : 8.027365e-01
9710(1000) (1.75e+00 1.95e+00) XE:1.95e-01 (1.25e+00 1.23e+00 | 7.39e-01 7.42e-01)	6.414126e+00 5.626774e+00 : 8.027266e-01
9732(1002) (3.18e+00 1.95e+00) XE:1.95e-01 (1.23e+00 1.23e+00 | 7.67e-01 7.42e-01)	6.413985e+00 5.626744e+00 : 8.027153e-01
9754(1003) (1.83e+00 1.95e+00) XE:1.95e-01 (1.25e+00 1.23e+00 | 7.04e-01 7.42e-01)	6.413732e+00 5.626604e+00 : 8.026891e-01
9776(1002) (1.93e+00 1.95e+00) XE:1.95e-01 (1.24e+00 1.23e+00 | 7.45e-01 7.42e-01)	6.413678e+00 5.626499e+00 : 8.026785e-01
9798(1001) (2.01e+00 1.95e+00) XE:1.95e-01 (1.24e+00 1.23e+00 | 7.20e-01 7.42e-01)	6.413564e+00 5.626277e+00 : 8.026560e-01
9820(987) (2.19e+00 1.95e+00) XE:1.95e-01 (1.21e+00 1.23e+00 | 7.59e-01 7.42e-01)	6.413369e+00 5.626072e+00 : 8.026294e-01
9842(996) (1.99e+00 1.95e+00) XE:1.95e-01 (1.24e+00 1.23e+00 | 7.57e-01 7.42e-01)	6.413188e+00 5.626129e+00 : 8.026212e-01
9864(996) (1.60e+00 1.95e+00) XE:1.95e-01 (1.26e+00 1.23e+00 | 7.25e-01 7.42e-01)	6.413375e+00 5.626115e+00 : 8.026326e-01
9886(1005) (2.01e+00 1.95e+00) XE:1.95e-01 (1.23e+00 1.23e+00 | 7.79e-01 7.42e-01)	6.413432e+00 5.626227e+00 : 8.026439e-01
9908(992) (2.25e+00 1.95e+00) XE:1.95e-01 (1.25e+00 1.23e+00 | 8.17e-01 7.42e-01)	6.413337e+00 5.626381e+00 : 8.026478e-01
9929(1017) (1.49e+00 1.95e+00) XE:1.95e-01 (1.22e+00 1.23e+00 | 6.80e-01 7.42e-01)	6.413299e+00 5.626509e+00 : 8.026539e-01
9951(992) (2.41e+00 1.95e+00) XE:1.95e-01 (1.21e+00 1.23e+00 | 7.39e-01 7.42e-01)	6.412401e+00 5.625569e+00 : 8.025313e-01
9973(995) (2.04e+00 1.95e+00) XE:1.95e-01 (1.20e+00 1.23e+00 | 7.33e-01 7.42e-01)	6.412455e+00 5.625657e+00 : 8.025408e-01
9995(982) (2.02e+00 1.95e+00) XE:1.95e-01 (1.20e+00 1.23e+00 | 7.51e-01 7.42e-01)	6.412293e+00 5.625428e+00 : 8.025147e-01
10000(993) (2.10e+00 1.95e+00) XE:1.95e-01 (1.23e+00 1.23e+00 | 7.67e-01 7.42e-01)	6.412293e+00 5.625420e+00 : 8.025142e-01
RL cnt: 0,6493880,1419357,191137,18917,1459,0,0,0,0,0,0,0,0,0,0,
BL cnt: 0,0,0,0,0,0,94284,0,1648583,0,6424342,0,1648501,0,94290,0,0,0,0,0,0,
6.412293e+00 5.625420e+00 : 8.025142e-01
# InnerCodebook: deleted
# NBIDSchannel: deleted
# Gtable: deleted
# FBalg4: deleted
# StatICB: deleted
