# InnerCodebook: input ICB/ex01//cb.txt
# InnerCodebook: Nu=6 Nu2p=64 numCW=18 FlgUnique=1 FlgInvertible=1 FlgBalanced=1
# InnerCodebook: Rho=3 (ell,Delta)=(10,2) L0=2
# InnerCodebook: Rst01=4 Rst10=13
# CW
# 000:001011 (2,L2,R2) WL:0 0 1 1 2 3  WR:3 3 3 2 2 1  
# 001:001101 (2,L2,R1) WL:0 0 1 2 2 3  WR:3 3 3 2 1 1  
# 002:001110 (3,L2,R1) WL:0 0 1 2 3 3  WR:3 3 3 2 1 0  
# 003:010011 (2,L1,R2) WL:0 1 1 1 2 3  WR:3 3 2 2 2 1  
# 004:010101 (1,L1,R1) WL:0 1 1 2 2 3  WR:3 3 2 2 1 1  
# 005:010110 (2,L1,R1) WL:0 1 1 2 3 3  WR:3 3 2 2 1 0  
# 006:011001 (2,L1,R1) WL:0 1 2 2 2 3  WR:3 3 2 1 1 1  
# 007:011010 (2,L1,R1) WL:0 1 2 2 3 3  WR:3 3 2 1 1 0  
# 008:011100 (3,L1,R2) WL:0 1 2 3 3 3  WR:3 3 2 1 0 0  
# 009:100011 (3,L1,R2) WL:1 1 1 1 2 3  WR:3 2 2 2 2 1  
# 010:100101 (2,L1,R1) WL:1 1 1 2 2 3  WR:3 2 2 2 1 1  
# 011:100110 (2,L1,R1) WL:1 1 1 2 3 3  WR:3 2 2 2 1 0  
# 012:101001 (2,L1,R1) WL:1 1 2 2 2 3  WR:3 2 2 1 1 1  
# 013:101010 (1,L1,R1) WL:1 1 2 2 3 3  WR:3 2 2 1 1 0  
# 014:101100 (2,L1,R2) WL:1 1 2 3 3 3  WR:3 2 2 1 0 0  
# 015:110001 (3,L2,R1) WL:1 2 2 2 2 3  WR:3 2 1 1 1 1  
# 016:110010 (2,L2,R1) WL:1 2 2 2 3 3  WR:3 2 1 1 1 0  
# 017:110100 (2,L2,R2) WL:1 2 2 3 3 3  WR:3 2 1 1 0 0  
# CWL
# 000B:1 000D:1 000E:1 0013:1 0015:1 0016:1 0019:1 001A:1 001C:1 0023:1 
# 0025:1 0026:1 0029:1 002A:1 002C:1 0031:1 0032:1 0034:1 
# CWI
# 000B:000 000D:001 000E:002 0013:003 0015:004 0016:005 0019:006 001A:007 001C:008 0023:009 
# 0025:010 0026:011 0029:012 002A:013 002C:014 0031:015 0032:016 0034:017 
# Q=18 N=50 Nu=6 Nb=300 (Pi,Pd,Ps)=(3.000000e-03,3.000000e-03,0.000000e+00) [0]
# ICB:   ICB/ex01//cb.txt
# Const: ICB/ex01//constraint.txt
# EncCM: ICB/ex01//EncCM.bin
# ChannelMatrix: ICB/ex01//EncCM.bin (18x18)
# IDSchannel: N=300 (Pi,Pd,Ps)=(3.000000e-03,3.000000e-03,0.000000e+00) (Dmin,Dmax)=(-2,2)
# SLFBAdec: Ns=50 (Nu;Nu2min,Nu2max)=(6(64);3,9) Nb=300 Q=18
# SLFBAdec: (Pi,Pd,Ps,Pt)=(3.000000e-03,3.000000e-03,0.000000e+00,9.940000e-01) (Dmin,Dmax:Drng)=(-2,2:5)
# SLFBAdec: generating GD & GX
# SLFBAdec: generating factor graph
# ChannelMatrix: M=18 N=5832
1000 3397/50000 17 6.794000e-02 : 3.853445e+00 3.072010e-01 3.546244e+00
2000 6722/100000 26 6.722000e-02 : 3.852983e+00 3.105319e-01 3.542451e+00
3000 10053/150000 26 6.702000e-02 : 3.853940e+00 3.132262e-01 3.540714e+00
4000 13383/200000 26 6.691500e-02 : 3.854159e+00 3.148521e-01 3.539307e+00
5000 16821/250000 26 6.728400e-02 : 3.855802e+00 3.178354e-01 3.537967e+00
6000 20123/300000 26 6.707667e-02 : 3.856271e+00 3.185663e-01 3.537705e+00
7000 23498/350000 26 6.713714e-02 : 3.857147e+00 3.197590e-01 3.537388e+00
8000 26949/400000 26 6.737250e-02 : 3.857292e+00 3.214758e-01 3.535816e+00
9000 30325/450000 26 6.738889e-02 : 3.857898e+00 3.224618e-01 3.535436e+00
10000 33522/500000 26 6.704400e-02 : 3.856928e+00 3.210939e-01 3.535834e+00
11000 36775/550000 26 6.686364e-02 : 3.857388e+00 3.205071e-01 3.536881e+00
12000 40098/600000 26 6.683000e-02 : 3.857192e+00 3.205145e-01 3.536677e+00
13000 43521/650000 26 6.695538e-02 : 3.857310e+00 3.209442e-01 3.536366e+00
14000 46831/700000 26 6.690143e-02 : 3.857248e+00 3.209047e-01 3.536344e+00
15000 50343/750000 26 6.712400e-02 : 3.857430e+00 3.221580e-01 3.535272e+00
16000 53651/800000 26 6.706375e-02 : 3.857022e+00 3.222547e-01 3.534767e+00
17000 57008/850000 26 6.706824e-02 : 3.856767e+00 3.221715e-01 3.534595e+00
18000 60309/900000 26 6.701000e-02 : 3.856726e+00 3.220103e-01 3.534715e+00
19000 63599/950000 26 6.694632e-02 : 3.856892e+00 3.218661e-01 3.535026e+00
20000 67038/1000000 26 6.703800e-02 : 3.857115e+00 3.226407e-01 3.534475e+00
21000 70476/1050000 27 6.712000e-02 : 3.857380e+00 3.232397e-01 3.534140e+00
22000 73820/1100000 27 6.710909e-02 : 3.857290e+00 3.235664e-01 3.533724e+00
23000 77152/1150000 27 6.708870e-02 : 3.857181e+00 3.235462e-01 3.533634e+00
24000 80521/1200000 28 6.710083e-02 : 3.857224e+00 3.236746e-01 3.533549e+00
25000 83902/1250000 28 6.712160e-02 : 3.857292e+00 3.239457e-01 3.533346e+00
26000 87362/1300000 28 6.720154e-02 : 3.857405e+00 3.244907e-01 3.532914e+00
27000 90729/1350000 28 6.720667e-02 : 3.857539e+00 3.245859e-01 3.532953e+00
28000 93969/1400000 28 6.712071e-02 : 3.857464e+00 3.241912e-01 3.533273e+00
29000 97348/1450000 28 6.713655e-02 : 3.857327e+00 3.243084e-01 3.533019e+00
30000 100780/1500000 28 6.718667e-02 : 3.857413e+00 3.246077e-01 3.532806e+00
31000 104139/1550000 28 6.718645e-02 : 3.857352e+00 3.248139e-01 3.532538e+00
32000 107485/1600000 28 6.717813e-02 : 3.857433e+00 3.247927e-01 3.532640e+00
33000 110848/1650000 28 6.718061e-02 : 3.857462e+00 3.247954e-01 3.532666e+00
34000 114249/1700000 28 6.720529e-02 : 3.857307e+00 3.250271e-01 3.532280e+00
35000 117457/1750000 28 6.711829e-02 : 3.857280e+00 3.245931e-01 3.532687e+00
36000 120828/1800000 28 6.712667e-02 : 3.857435e+00 3.246675e-01 3.532767e+00
37000 124179/1850000 28 6.712378e-02 : 3.857607e+00 3.247365e-01 3.532871e+00
38000 127566/1900000 28 6.714000e-02 : 3.857601e+00 3.249009e-01 3.532700e+00
39000 130815/1950000 28 6.708462e-02 : 3.857564e+00 3.247294e-01 3.532835e+00
40000 134094/2000000 28 6.704700e-02 : 3.857687e+00 3.244362e-01 3.533251e+00
41000 137477/2050000 28 6.706195e-02 : 3.857528e+00 3.244942e-01 3.533033e+00
42000 140763/2100000 28 6.703000e-02 : 3.857397e+00 3.244891e-01 3.532908e+00
43000 144155/2150000 28 6.704884e-02 : 3.857415e+00 3.245919e-01 3.532824e+00
44000 147594/2200000 28 6.708818e-02 : 3.857195e+00 3.248093e-01 3.532386e+00
45000 150914/2250000 28 6.707289e-02 : 3.857170e+00 3.247462e-01 3.532424e+00
46000 154131/2300000 28 6.701348e-02 : 3.857156e+00 3.246648e-01 3.532491e+00
47000 157538/2350000 28 6.703745e-02 : 3.857211e+00 3.247027e-01 3.532508e+00
48000 160906/2400000 28 6.704417e-02 : 3.857143e+00 3.247540e-01 3.532389e+00
49000 164264/2450000 28 6.704653e-02 : 3.857165e+00 3.248535e-01 3.532312e+00
50000 167649/2500000 28 6.705960e-02 : 3.857077e+00 3.250174e-01 3.532060e+00
51000 171161/2550000 28 6.712196e-02 : 3.857132e+00 3.252951e-01 3.531837e+00
52000 174513/2600000 28 6.712038e-02 : 3.857183e+00 3.252959e-01 3.531888e+00
53000 177840/2650000 28 6.710943e-02 : 3.857085e+00 3.253129e-01 3.531772e+00
54000 181122/2700000 28 6.708222e-02 : 3.857052e+00 3.251994e-01 3.531852e+00
55000 184612/2750000 28 6.713164e-02 : 3.857104e+00 3.254926e-01 3.531611e+00
56000 187802/2800000 28 6.707214e-02 : 3.857127e+00 3.252336e-01 3.531894e+00
57000 191167/2850000 28 6.707614e-02 : 3.857185e+00 3.252401e-01 3.531945e+00
58000 194608/2900000 28 6.710621e-02 : 3.857155e+00 3.253632e-01 3.531792e+00
59000 198096/2950000 28 6.715119e-02 : 3.857171e+00 3.256176e-01 3.531553e+00
60000 201472/3000000 28 6.715733e-02 : 3.857191e+00 3.257308e-01 3.531460e+00
61000 204911/3050000 28 6.718393e-02 : 3.857142e+00 3.258617e-01 3.531281e+00
62000 208402/3100000 28 6.722645e-02 : 3.857092e+00 3.259998e-01 3.531092e+00
63000 211674/3150000 28 6.719810e-02 : 3.857102e+00 3.259679e-01 3.531134e+00
64000 215042/3200000 28 6.720062e-02 : 3.857254e+00 3.259689e-01 3.531285e+00
65000 218394/3250000 28 6.719815e-02 : 3.857328e+00 3.259394e-01 3.531388e+00
66000 221680/3300000 28 6.717576e-02 : 3.857248e+00 3.258272e-01 3.531421e+00
67000 224980/3350000 28 6.715821e-02 : 3.857291e+00 3.258324e-01 3.531458e+00
68000 228361/3400000 28 6.716500e-02 : 3.857337e+00 3.258949e-01 3.531442e+00
69000 231691/3450000 28 6.715681e-02 : 3.857371e+00 3.258784e-01 3.531493e+00
70000 235090/3500000 28 6.716857e-02 : 3.857371e+00 3.259985e-01 3.531372e+00
71000 238610/3550000 28 6.721408e-02 : 3.857365e+00 3.261807e-01 3.531184e+00
72000 242102/3600000 28 6.725056e-02 : 3.857389e+00 3.262414e-01 3.531147e+00
73000 245432/3650000 32 6.724164e-02 : 3.857306e+00 3.262532e-01 3.531053e+00
74000 248736/3700000 32 6.722595e-02 : 3.857225e+00 3.261447e-01 3.531080e+00
75000 252016/3750000 32 6.720427e-02 : 3.857236e+00 3.260381e-01 3.531198e+00
76000 255426/3800000 37 6.721737e-02 : 3.857166e+00 3.261862e-01 3.530980e+00
77000 258693/3850000 37 6.719299e-02 : 3.857167e+00 3.261114e-01 3.531056e+00
78000 261990/3900000 37 6.717692e-02 : 3.857120e+00 3.260267e-01 3.531094e+00
79000 265320/3950000 37 6.716962e-02 : 3.857117e+00 3.260538e-01 3.531063e+00
80000 268701/4000000 37 6.717525e-02 : 3.857166e+00 3.260840e-01 3.531082e+00
81000 272178/4050000 37 6.720444e-02 : 3.857224e+00 3.261207e-01 3.531104e+00
82000 275378/4100000 37 6.716537e-02 : 3.857222e+00 3.259782e-01 3.531244e+00
83000 278694/4150000 37 6.715518e-02 : 3.857092e+00 3.259529e-01 3.531139e+00
84000 282069/4200000 37 6.715929e-02 : 3.857102e+00 3.259734e-01 3.531129e+00
85000 285450/4250000 37 6.716471e-02 : 3.857096e+00 3.260108e-01 3.531085e+00
86000 288852/4300000 37 6.717488e-02 : 3.857169e+00 3.260631e-01 3.531106e+00
87000 292122/4350000 37 6.715448e-02 : 3.857134e+00 3.259990e-01 3.531135e+00
88000 295332/4400000 37 6.712091e-02 : 3.857120e+00 3.259163e-01 3.531204e+00
89000 298729/4450000 37 6.713011e-02 : 3.857101e+00 3.259810e-01 3.531120e+00
90000 301904/4500000 37 6.708978e-02 : 3.856995e+00 3.258029e-01 3.531193e+00
91000 305265/4550000 37 6.709121e-02 : 3.857028e+00 3.258208e-01 3.531207e+00
92000 308587/4600000 37 6.708413e-02 : 3.857003e+00 3.258461e-01 3.531157e+00
93000 311846/4650000 37 6.706366e-02 : 3.857096e+00 3.257334e-01 3.531363e+00
94000 315098/4700000 37 6.704213e-02 : 3.857080e+00 3.256818e-01 3.531398e+00
95000 318531/4750000 37 6.705916e-02 : 3.857025e+00 3.257425e-01 3.531283e+00
96000 321928/4800000 37 6.706833e-02 : 3.857032e+00 3.257172e-01 3.531315e+00
97000 325275/4850000 37 6.706701e-02 : 3.856993e+00 3.257161e-01 3.531277e+00
98000 328490/4900000 37 6.703878e-02 : 3.856972e+00 3.256302e-01 3.531342e+00
99000 331816/4950000 37 6.703354e-02 : 3.857024e+00 3.256057e-01 3.531419e+00
100000 335210/5000000 37 6.704200e-02 : 3.857002e+00 3.256630e-01 3.531339e+00
=== 最終統計結果 ===
総シンボル数: 5000000 個
総エラー数: 335210 個
シンボルエラー率: 0.067042 (6.70%)
1ブロック内最大エラー数: 37 個
実行イテレーション数: 100000 回
1イテレーションあたりのシンボル数: 50 個
平均エラー数/イテレーション: 3.35 個
========================
# InnerCodebook: deleted
# ChannelMatrix: deleted
# IDSchannel: deleted
# SLFBAdec: deleted
# ChannelMatrix: deleted
