# (Pid,Ps)=(1.000000e-02,1.000000e-02) Nseg=200 WinSize=10 lmd=1 [0]
# InnerCB: ../search03/ICB/C11.bin
# Gtable:  Gtable/5/010_010.bin
# InnerCodebook: beta=5(1024) nu=2
# InnerCodebook: B(B2p)=6(64) 6(64) 
# InnerCodebook: checked CWM, EncMap, DecMap
# beta=5(1024) nu=2 N=1000 Dmax=15 WCmax=10000
# B=6,6,
# NBIDSchannel: N=1000 Q=4 Dmax=15 (Pid,Ps)=(1.000000e-02,1.000000e-02)
# FBalg4: Nseg=200 Dmax=15(w=31)
# FBalg4: Gtable: Gtable/5/010_010.bin
# Gtable: beta=5 (Pid,Ps,Ptrn)=(1.000000e-02,1.000000e-02,9.800000e-01) Pth=1.000000e-10
# Gtable: beta4p=1024 beta4pp=1048576
# Gtable::Gtable len=0 cnt=1024
# Gtable::Gtable len=1 cnt=4096
# Gtable::Gtable len=2 cnt=16384
# Gtable::Gtable len=3 cnt=60244
# Gtable::Gtable len=4 cnt=236452
# Gtable::Gtable len=5 cnt=823900
# Gtable::Gtable len=6 cnt=1412476
# Gtable::Gtable len=7 cnt=890332
# Gtable::Gtable len=8 cnt=148720
# Gtable::Gtable len=9 cnt=5416
# Gtable::Gtable len=10 cnt=0
# FBalg4: beta=5(1024) (Pid,Ps)=(1.000000e-02,1.000000e-02) Pth=1.000000e-10 N=1000
# StatICB: nu=2 beta=5 beta4p=1024 Bsum=12 lmd=1
# StatICB: B=6,6,
0057(1003) (8.16e-01 8.41e-01) XE:8.41e-02 (1.16e+00 1.15e+00 | 5.99e-01 5.99e-01)	5.804138e+00 5.872451e+00 : 9.730490e-01
0116(1005) (6.46e-01 8.33e-01) XE:8.33e-02 (1.14e+00 1.15e+00 | 5.85e-01 5.96e-01)	5.767189e+00 5.831183e+00 : 9.665310e-01
0175(1000) (1.00e+00 8.33e-01) XE:8.33e-02 (1.15e+00 1.15e+00 | 6.14e-01 5.97e-01)	5.738570e+00 5.812374e+00 : 9.625786e-01
0234(993) (9.81e-01 8.40e-01) XE:8.40e-02 (1.14e+00 1.15e+00 | 5.31e-01 5.96e-01)	5.722341e+00 5.794247e+00 : 9.597156e-01
0293(1002) (8.29e-01 8.38e-01) XE:8.38e-02 (1.13e+00 1.15e+00 | 5.35e-01 5.96e-01)	5.713736e+00 5.782871e+00 : 9.580505e-01
0352(1003) (5.29e-01 8.36e-01) XE:8.36e-02 (1.15e+00 1.15e+00 | 5.45e-01 5.95e-01)	5.707281e+00 5.774354e+00 : 9.568029e-01
0411(1001) (7.36e-01 8.37e-01) XE:8.37e-02 (1.14e+00 1.15e+00 | 5.67e-01 5.95e-01)	5.702447e+00 5.768025e+00 : 9.558727e-01
0471(1000) (5.48e-01 8.32e-01) XE:8.32e-02 (1.16e+00 1.15e+00 | 6.03e-01 5.96e-01)	5.698588e+00 5.763884e+00 : 9.552059e-01
0530(1008) (1.10e+00 8.33e-01) XE:8.33e-02 (1.13e+00 1.15e+00 | 6.01e-01 5.95e-01)	5.691750e+00 5.759633e+00 : 9.542819e-01
0589(994) (1.05e+00 8.30e-01) XE:8.30e-02 (1.16e+00 1.15e+00 | 6.92e-01 5.95e-01)	5.691260e+00 5.757744e+00 : 9.540837e-01
0648(1000) (9.36e-01 8.34e-01) XE:8.34e-02 (1.15e+00 1.15e+00 | 6.34e-01 5.95e-01)	5.685006e+00 5.753409e+00 : 9.532012e-01
0707(999) (1.06e+00 8.36e-01) XE:8.36e-02 (1.14e+00 1.15e+00 | 5.97e-01 5.95e-01)	5.683443e+00 5.749550e+00 : 9.527495e-01
0766(1003) (7.67e-01 8.36e-01) XE:8.36e-02 (1.15e+00 1.15e+00 | 5.77e-01 5.95e-01)	5.680548e+00 5.747727e+00 : 9.523563e-01
0825(1003) (7.24e-01 8.35e-01) XE:8.35e-02 (1.14e+00 1.15e+00 | 5.99e-01 5.95e-01)	5.677547e+00 5.746797e+00 : 9.520287e-01
0884(1008) (7.19e-01 8.38e-01) XE:8.38e-02 (1.14e+00 1.15e+00 | 6.64e-01 5.95e-01)	5.676070e+00 5.743905e+00 : 9.516646e-01
0943(1006) (5.48e-01 8.35e-01) XE:8.35e-02 (1.11e+00 1.15e+00 | 5.79e-01 5.95e-01)	5.675614e+00 5.742366e+00 : 9.514983e-01
1002(1003) (7.89e-01 8.36e-01) XE:8.36e-02 (1.14e+00 1.15e+00 | 5.79e-01 5.95e-01)	5.674844e+00 5.740592e+00 : 9.512864e-01
1061(1001) (8.28e-01 8.35e-01) XE:8.35e-02 (1.14e+00 1.15e+00 | 6.09e-01 5.95e-01)	5.674524e+00 5.740672e+00 : 9.512663e-01
1120(1004) (6.45e-01 8.37e-01) XE:8.37e-02 (1.15e+00 1.15e+00 | 6.12e-01 5.95e-01)	5.672698e+00 5.739170e+00 : 9.509891e-01
1179(995) (9.77e-01 8.35e-01) XE:8.35e-02 (1.16e+00 1.15e+00 | 6.20e-01 5.95e-01)	5.671979e+00 5.738611e+00 : 9.508825e-01
1238(999) (9.81e-01 8.34e-01) XE:8.34e-02 (1.15e+00 1.15e+00 | 5.99e-01 5.95e-01)	5.670462e+00 5.738921e+00 : 9.507820e-01
1297(997) (7.02e-01 8.33e-01) XE:8.33e-02 (1.13e+00 1.15e+00 | 5.87e-01 5.95e-01)	5.669716e+00 5.737692e+00 : 9.506174e-01
1356(1002) (7.24e-01 8.32e-01) XE:8.32e-02 (1.14e+00 1.15e+00 | 5.83e-01 5.95e-01)	5.668450e+00 5.737276e+00 : 9.504771e-01
1415(997) (6.02e-01 8.32e-01) XE:8.32e-02 (1.13e+00 1.15e+00 | 5.53e-01 5.96e-01)	5.667919e+00 5.736763e+00 : 9.503902e-01
1474(996) (7.96e-01 8.32e-01) XE:8.32e-02 (1.16e+00 1.15e+00 | 5.75e-01 5.96e-01)	5.668180e+00 5.736435e+00 : 9.503845e-01
1534(1001) (6.58e-01 8.32e-01) XE:8.32e-02 (1.13e+00 1.15e+00 | 5.75e-01 5.96e-01)	5.668012e+00 5.735164e+00 : 9.502647e-01
1593(999) (8.60e-01 8.33e-01) XE:8.33e-02 (1.16e+00 1.15e+00 | 5.91e-01 5.95e-01)	5.666073e+00 5.735153e+00 : 9.501022e-01
1652(1003) (6.79e-01 8.33e-01) XE:8.33e-02 (1.14e+00 1.15e+00 | 5.55e-01 5.96e-01)	5.666131e+00 5.734150e+00 : 9.500234e-01
1711(1003) (5.52e-01 8.33e-01) XE:8.33e-02 (1.16e+00 1.15e+00 | 5.91e-01 5.96e-01)	5.664951e+00 5.733543e+00 : 9.498745e-01
1770(1000) (6.82e-01 8.31e-01) XE:8.31e-02 (1.14e+00 1.15e+00 | 5.99e-01 5.96e-01)	5.664632e+00 5.733598e+00 : 9.498525e-01
1829(1008) (7.06e-01 8.31e-01) XE:8.31e-02 (1.15e+00 1.15e+00 | 5.71e-01 5.96e-01)	5.663633e+00 5.734190e+00 : 9.498186e-01
1888(1005) (6.54e-01 8.30e-01) XE:8.30e-02 (1.16e+00 1.15e+00 | 5.67e-01 5.96e-01)	5.663044e+00 5.734230e+00 : 9.497729e-01
1947(996) (1.28e+00 8.31e-01) XE:8.31e-02 (1.13e+00 1.15e+00 | 6.38e-01 5.96e-01)	5.662221e+00 5.733568e+00 : 9.496491e-01
2006(1005) (7.92e-01 8.31e-01) XE:8.31e-02 (1.13e+00 1.15e+00 | 5.95e-01 5.95e-01)	5.661355e+00 5.733052e+00 : 9.495339e-01
2065(1000) (8.60e-01 8.31e-01) XE:8.31e-02 (1.14e+00 1.15e+00 | 5.69e-01 5.95e-01)	5.661548e+00 5.732795e+00 : 9.495286e-01
2124(997) (9.79e-01 8.31e-01) XE:8.31e-02 (1.14e+00 1.15e+00 | 5.67e-01 5.96e-01)	5.660614e+00 5.732383e+00 : 9.494164e-01
2183(1003) (7.53e-01 8.30e-01) XE:8.30e-02 (1.16e+00 1.15e+00 | 5.61e-01 5.95e-01)	5.660851e+00 5.732202e+00 : 9.494211e-01
2242(1002) (7.73e-01 8.29e-01) XE:8.29e-02 (1.14e+00 1.15e+00 | 6.46e-01 5.96e-01)	5.661020e+00 5.732310e+00 : 9.494441e-01
2301(1000) (8.00e-01 8.30e-01) XE:8.30e-02 (1.12e+00 1.15e+00 | 6.12e-01 5.96e-01)	5.660936e+00 5.731866e+00 : 9.494001e-01
2360(1006) (9.65e-01 8.29e-01) XE:8.29e-02 (1.14e+00 1.15e+00 | 5.93e-01 5.96e-01)	5.661042e+00 5.731964e+00 : 9.494172e-01
2419(1000) (9.26e-01 8.29e-01) XE:8.29e-02 (1.17e+00 1.15e+00 | 6.36e-01 5.96e-01)	5.660680e+00 5.731397e+00 : 9.493398e-01
2478(1006) (7.10e-01 8.29e-01) XE:8.29e-02 (1.16e+00 1.15e+00 | 5.89e-01 5.96e-01)	5.660408e+00 5.731385e+00 : 9.493160e-01
2537(1002) (7.80e-01 8.28e-01) XE:8.28e-02 (1.16e+00 1.15e+00 | 5.81e-01 5.96e-01)	5.660607e+00 5.731556e+00 : 9.493469e-01
2596(1001) (5.85e-01 8.28e-01) XE:8.28e-02 (1.16e+00 1.15e+00 | 6.07e-01 5.96e-01)	5.660788e+00 5.731466e+00 : 9.493545e-01
2655(1003) (1.08e+00 8.29e-01) XE:8.29e-02 (1.16e+00 1.15e+00 | 5.67e-01 5.96e-01)	5.660119e+00 5.730899e+00 : 9.492515e-01
2714(999) (9.91e-01 8.29e-01) XE:8.29e-02 (1.14e+00 1.15e+00 | 5.85e-01 5.96e-01)	5.660529e+00 5.730600e+00 : 9.492608e-01
2773(1002) (7.25e-01 8.29e-01) XE:8.29e-02 (1.14e+00 1.15e+00 | 6.05e-01 5.96e-01)	5.660548e+00 5.730195e+00 : 9.492285e-01
2832(1006) (8.57e-01 8.29e-01) XE:8.29e-02 (1.14e+00 1.15e+00 | 5.39e-01 5.96e-01)	5.660514e+00 5.730071e+00 : 9.492154e-01
2891(1000) (6.59e-01 8.29e-01) XE:8.29e-02 (1.15e+00 1.15e+00 | 5.89e-01 5.96e-01)	5.660380e+00 5.730153e+00 : 9.492111e-01
2950(990) (1.06e+00 8.29e-01) XE:8.29e-02 (1.16e+00 1.15e+00 | 5.85e-01 5.96e-01)	5.660261e+00 5.729786e+00 : 9.491706e-01
3010(1000) (8.52e-01 8.29e-01) XE:8.29e-02 (1.14e+00 1.15e+00 | 5.45e-01 5.95e-01)	5.660653e+00 5.729344e+00 : 9.491664e-01
3069(1001) (8.81e-01 8.29e-01) XE:8.29e-02 (1.16e+00 1.15e+00 | 5.99e-01 5.95e-01)	5.660684e+00 5.728905e+00 : 9.491324e-01
3128(1005) (5.22e-01 8.28e-01) XE:8.28e-02 (1.14e+00 1.15e+00 | 5.89e-01 5.96e-01)	5.660312e+00 5.728409e+00 : 9.490601e-01
3187(1002) (6.01e-01 8.29e-01) XE:8.29e-02 (1.13e+00 1.15e+00 | 6.03e-01 5.96e-01)	5.659741e+00 5.727945e+00 : 9.489738e-01
3246(997) (9.95e-01 8.29e-01) XE:8.29e-02 (1.14e+00 1.15e+00 | 6.24e-01 5.96e-01)	5.659358e+00 5.727630e+00 : 9.489156e-01
3305(1003) (7.54e-01 8.29e-01) XE:8.29e-02 (1.15e+00 1.15e+00 | 5.85e-01 5.96e-01)	5.659569e+00 5.727396e+00 : 9.489138e-01
3364(998) (7.78e-01 8.29e-01) XE:8.29e-02 (1.13e+00 1.15e+00 | 5.99e-01 5.96e-01)	5.658739e+00 5.727365e+00 : 9.488420e-01
3423(995) (8.99e-01 8.29e-01) XE:8.29e-02 (1.15e+00 1.15e+00 | 5.89e-01 5.96e-01)	5.658235e+00 5.727153e+00 : 9.487823e-01
3482(1001) (8.59e-01 8.30e-01) XE:8.30e-02 (1.16e+00 1.15e+00 | 6.18e-01 5.96e-01)	5.658147e+00 5.726748e+00 : 9.487412e-01
3541(993) (1.24e+00 8.29e-01) XE:8.29e-02 (1.16e+00 1.15e+00 | 5.41e-01 5.96e-01)	5.658264e+00 5.727017e+00 : 9.487734e-01
3600(999) (6.82e-01 8.29e-01) XE:8.29e-02 (1.15e+00 1.15e+00 | 5.77e-01 5.96e-01)	5.658309e+00 5.726556e+00 : 9.487388e-01
3659(1001) (8.80e-01 8.29e-01) XE:8.29e-02 (1.16e+00 1.15e+00 | 5.99e-01 5.96e-01)	5.658466e+00 5.726587e+00 : 9.487544e-01
3718(1003) (7.36e-01 8.28e-01) XE:8.28e-02 (1.13e+00 1.15e+00 | 5.43e-01 5.96e-01)	5.658448e+00 5.726596e+00 : 9.487536e-01
3777(1011) (8.75e-01 8.28e-01) XE:8.28e-02 (1.14e+00 1.15e+00 | 5.45e-01 5.96e-01)	5.658229e+00 5.726506e+00 : 9.487280e-01
3836(999) (1.08e+00 8.29e-01) XE:8.29e-02 (1.16e+00 1.15e+00 | 6.16e-01 5.96e-01)	5.658447e+00 5.726499e+00 : 9.487456e-01
3895(1008) (4.55e-01 8.29e-01) XE:8.29e-02 (1.15e+00 1.15e+00 | 6.09e-01 5.96e-01)	5.658256e+00 5.726617e+00 : 9.487395e-01
3954(1003) (1.01e+00 8.29e-01) XE:8.29e-02 (1.13e+00 1.15e+00 | 5.87e-01 5.96e-01)	5.658205e+00 5.726298e+00 : 9.487087e-01
4013(1007) (7.97e-01 8.29e-01) XE:8.29e-02 (1.15e+00 1.15e+00 | 5.73e-01 5.96e-01)	5.658284e+00 5.726147e+00 : 9.487026e-01
4072(1003) (9.13e-01 8.29e-01) XE:8.29e-02 (1.14e+00 1.15e+00 | 5.63e-01 5.96e-01)	5.658000e+00 5.726183e+00 : 9.486819e-01
4131(1005) (7.39e-01 8.28e-01) XE:8.28e-02 (1.14e+00 1.15e+00 | 5.87e-01 5.96e-01)	5.658092e+00 5.726256e+00 : 9.486956e-01
4190(1006) (8.31e-01 8.29e-01) XE:8.29e-02 (1.15e+00 1.15e+00 | 5.47e-01 5.96e-01)	5.657707e+00 5.726148e+00 : 9.486546e-01
4249(996) (1.15e+00 8.29e-01) XE:8.29e-02 (1.14e+00 1.15e+00 | 6.38e-01 5.96e-01)	5.657318e+00 5.725936e+00 : 9.486045e-01
4308(1010) (6.99e-01 8.28e-01) XE:8.28e-02 (1.17e+00 1.15e+00 | 6.54e-01 5.96e-01)	5.657427e+00 5.725904e+00 : 9.486109e-01
4367(1000) (1.30e+00 8.28e-01) XE:8.28e-02 (1.14e+00 1.15e+00 | 5.63e-01 5.96e-01)	5.657574e+00 5.725390e+00 : 9.485804e-01
4426(1005) (7.07e-01 8.29e-01) XE:8.29e-02 (1.15e+00 1.15e+00 | 6.22e-01 5.96e-01)	5.657386e+00 5.724902e+00 : 9.485240e-01
4485(995) (8.97e-01 8.28e-01) XE:8.28e-02 (1.15e+00 1.15e+00 | 6.01e-01 5.96e-01)	5.657753e+00 5.724785e+00 : 9.485448e-01
4544(1006) (8.49e-01 8.28e-01) XE:8.28e-02 (1.14e+00 1.15e+00 | 6.52e-01 5.96e-01)	5.657954e+00 5.724691e+00 : 9.485538e-01
4603(998) (8.61e-01 8.28e-01) XE:8.28e-02 (1.15e+00 1.15e+00 | 5.95e-01 5.96e-01)	5.657713e+00 5.724360e+00 : 9.485061e-01
4662(1000) (1.08e+00 8.29e-01) XE:8.29e-02 (1.15e+00 1.15e+00 | 6.18e-01 5.96e-01)	5.657087e+00 5.724017e+00 : 9.484253e-01
4721(1002) (8.57e-01 8.28e-01) XE:8.28e-02 (1.15e+00 1.15e+00 | 6.56e-01 5.96e-01)	5.657180e+00 5.724064e+00 : 9.484371e-01
4780(1002) (9.87e-01 8.28e-01) XE:8.28e-02 (1.15e+00 1.15e+00 | 6.09e-01 5.96e-01)	5.657139e+00 5.724140e+00 : 9.484399e-01
4838(1005) (7.35e-01 8.29e-01) XE:8.29e-02 (1.14e+00 1.15e+00 | 6.68e-01 5.96e-01)	5.656853e+00 5.724055e+00 : 9.484090e-01
4897(1000) (6.26e-01 8.29e-01) XE:8.29e-02 (1.16e+00 1.15e+00 | 6.28e-01 5.96e-01)	5.656953e+00 5.724066e+00 : 9.484182e-01
4956(991) (9.20e-01 8.29e-01) XE:8.29e-02 (1.14e+00 1.15e+00 | 5.99e-01 5.96e-01)	5.656705e+00 5.723932e+00 : 9.483864e-01
5015(991) (9.82e-01 8.29e-01) XE:8.29e-02 (1.14e+00 1.15e+00 | 6.05e-01 5.96e-01)	5.656511e+00 5.723741e+00 : 9.483543e-01
5074(999) (4.88e-01 8.29e-01) XE:8.29e-02 (1.13e+00 1.15e+00 | 5.77e-01 5.96e-01)	5.656091e+00 5.723788e+00 : 9.483233e-01
5133(1000) (1.03e+00 8.29e-01) XE:8.29e-02 (1.16e+00 1.15e+00 | 6.42e-01 5.96e-01)	5.656133e+00 5.723768e+00 : 9.483251e-01
5192(1003) (7.83e-01 8.29e-01) XE:8.29e-02 (1.14e+00 1.15e+00 | 6.24e-01 5.96e-01)	5.655760e+00 5.724085e+00 : 9.483204e-01
5251(1003) (7.04e-01 8.28e-01) XE:8.28e-02 (1.17e+00 1.15e+00 | 6.26e-01 5.96e-01)	5.655837e+00 5.724144e+00 : 9.483318e-01
5310(1003) (7.61e-01 8.29e-01) XE:8.29e-02 (1.14e+00 1.15e+00 | 6.14e-01 5.96e-01)	5.655910e+00 5.724087e+00 : 9.483330e-01
5369(997) (1.01e+00 8.29e-01) XE:8.29e-02 (1.17e+00 1.15e+00 | 6.05e-01 5.96e-01)	5.655650e+00 5.723859e+00 : 9.482924e-01
5428(998) (1.01e+00 8.29e-01) XE:8.29e-02 (1.17e+00 1.15e+00 | 6.14e-01 5.96e-01)	5.655364e+00 5.723951e+00 : 9.482763e-01
5487(1000) (9.07e-01 8.29e-01) XE:8.29e-02 (1.13e+00 1.15e+00 | 6.20e-01 5.96e-01)	5.655192e+00 5.723792e+00 : 9.482487e-01
5546(1000) (8.48e-01 8.29e-01) XE:8.29e-02 (1.15e+00 1.15e+00 | 5.99e-01 5.96e-01)	5.654842e+00 5.723815e+00 : 9.482214e-01
5605(1002) (6.60e-01 8.29e-01) XE:8.29e-02 (1.17e+00 1.15e+00 | 6.05e-01 5.96e-01)	5.654734e+00 5.723920e+00 : 9.482212e-01
5663(1011) (6.46e-01 8.28e-01) XE:8.28e-02 (1.13e+00 1.15e+00 | 5.43e-01 5.96e-01)	5.654650e+00 5.723717e+00 : 9.481973e-01
5722(1004) (7.84e-01 8.29e-01) XE:8.29e-02 (1.14e+00 1.15e+00 | 6.48e-01 5.96e-01)	5.654647e+00 5.723643e+00 : 9.481909e-01
5781(1004) (8.85e-01 8.28e-01) XE:8.28e-02 (1.13e+00 1.15e+00 | 6.26e-01 5.96e-01)	5.654762e+00 5.723520e+00 : 9.481902e-01
5840(998) (5.95e-01 8.28e-01) XE:8.28e-02 (1.15e+00 1.15e+00 | 5.71e-01 5.96e-01)	5.654511e+00 5.723524e+00 : 9.481696e-01
5899(1002) (8.00e-01 8.28e-01) XE:8.28e-02 (1.14e+00 1.15e+00 | 6.34e-01 5.96e-01)	5.654181e+00 5.723455e+00 : 9.481363e-01
5958(1009) (8.00e-01 8.28e-01) XE:8.28e-02 (1.15e+00 1.15e+00 | 5.89e-01 5.96e-01)	5.654097e+00 5.723416e+00 : 9.481261e-01
6017(999) (1.09e+00 8.28e-01) XE:8.28e-02 (1.13e+00 1.15e+00 | 5.73e-01 5.96e-01)	5.654153e+00 5.723475e+00 : 9.481357e-01
6076(999) (8.70e-01 8.28e-01) XE:8.28e-02 (1.14e+00 1.15e+00 | 5.95e-01 5.96e-01)	5.653857e+00 5.723352e+00 : 9.481008e-01
6135(995) (8.08e-01 8.28e-01) XE:8.28e-02 (1.13e+00 1.15e+00 | 5.69e-01 5.96e-01)	5.653729e+00 5.723315e+00 : 9.480870e-01
6194(999) (1.04e+00 8.28e-01) XE:8.28e-02 (1.15e+00 1.15e+00 | 5.69e-01 5.96e-01)	5.653783e+00 5.723123e+00 : 9.480754e-01
6253(1004) (8.60e-01 8.28e-01) XE:8.28e-02 (1.15e+00 1.15e+00 | 5.31e-01 5.96e-01)	5.653669e+00 5.722918e+00 : 9.480490e-01
6311(994) (1.26e+00 8.28e-01) XE:8.28e-02 (1.11e+00 1.15e+00 | 5.71e-01 5.96e-01)	5.653291e+00 5.722950e+00 : 9.480201e-01
6370(993) (1.05e+00 8.28e-01) XE:8.28e-02 (1.15e+00 1.15e+00 | 5.53e-01 5.96e-01)	5.652812e+00 5.722735e+00 : 9.479623e-01
6429(996) (8.48e-01 8.28e-01) XE:8.28e-02 (1.19e+00 1.15e+00 | 6.03e-01 5.96e-01)	5.652813e+00 5.722833e+00 : 9.479705e-01
6488(1003) (7.63e-01 8.28e-01) XE:8.28e-02 (1.17e+00 1.15e+00 | 5.75e-01 5.96e-01)	5.652888e+00 5.722765e+00 : 9.479710e-01
6547(999) (8.75e-01 8.28e-01) XE:8.28e-02 (1.16e+00 1.15e+00 | 6.12e-01 5.96e-01)	5.652616e+00 5.722769e+00 : 9.479487e-01
6606(1006) (7.91e-01 8.28e-01) XE:8.28e-02 (1.16e+00 1.15e+00 | 6.56e-01 5.96e-01)	5.652661e+00 5.722846e+00 : 9.479589e-01
6665(1000) (8.90e-01 8.28e-01) XE:8.28e-02 (1.13e+00 1.15e+00 | 6.07e-01 5.96e-01)	5.652749e+00 5.722470e+00 : 9.479349e-01
6724(999) (6.36e-01 8.28e-01) XE:8.28e-02 (1.13e+00 1.15e+00 | 5.95e-01 5.96e-01)	5.652752e+00 5.722359e+00 : 9.479259e-01
6783(996) (6.88e-01 8.28e-01) XE:8.28e-02 (1.15e+00 1.15e+00 | 5.91e-01 5.96e-01)	5.652766e+00 5.722440e+00 : 9.479338e-01
6842(998) (6.71e-01 8.28e-01) XE:8.28e-02 (1.18e+00 1.15e+00 | 6.56e-01 5.96e-01)	5.653012e+00 5.722233e+00 : 9.479371e-01
6901(1002) (9.31e-01 8.27e-01) XE:8.27e-02 (1.14e+00 1.15e+00 | 5.77e-01 5.96e-01)	5.652997e+00 5.722063e+00 : 9.479216e-01
6960(998) (8.27e-01 8.27e-01) XE:8.27e-02 (1.15e+00 1.15e+00 | 5.51e-01 5.96e-01)	5.652894e+00 5.721981e+00 : 9.479063e-01
7019(1007) (6.34e-01 8.27e-01) XE:8.27e-02 (1.16e+00 1.15e+00 | 6.20e-01 5.96e-01)	5.652817e+00 5.722073e+00 : 9.479075e-01
7078(988) (9.82e-01 8.27e-01) XE:8.27e-02 (1.13e+00 1.15e+00 | 5.21e-01 5.96e-01)	5.652771e+00 5.722010e+00 : 9.478984e-01
7136(1006) (6.35e-01 8.27e-01) XE:8.27e-02 (1.14e+00 1.15e+00 | 5.49e-01 5.96e-01)	5.652736e+00 5.721922e+00 : 9.478882e-01
7195(1003) (8.64e-01 8.27e-01) XE:8.27e-02 (1.15e+00 1.15e+00 | 6.14e-01 5.96e-01)	5.652777e+00 5.721620e+00 : 9.478664e-01
7254(992) (1.09e+00 8.27e-01) XE:8.27e-02 (1.14e+00 1.15e+00 | 5.87e-01 5.96e-01)	5.652770e+00 5.721536e+00 : 9.478588e-01
7313(1006) (8.13e-01 8.27e-01) XE:8.27e-02 (1.15e+00 1.15e+00 | 5.61e-01 5.96e-01)	5.652668e+00 5.721531e+00 : 9.478500e-01
7372(998) (8.92e-01 8.27e-01) XE:8.27e-02 (1.14e+00 1.15e+00 | 5.87e-01 5.96e-01)	5.652596e+00 5.721605e+00 : 9.478501e-01
7431(1011) (6.42e-01 8.27e-01) XE:8.27e-02 (1.15e+00 1.15e+00 | 6.05e-01 5.96e-01)	5.652677e+00 5.721688e+00 : 9.478638e-01
7490(996) (8.31e-01 8.27e-01) XE:8.27e-02 (1.15e+00 1.15e+00 | 6.20e-01 5.96e-01)	5.652598e+00 5.721518e+00 : 9.478430e-01
7549(994) (8.75e-01 8.27e-01) XE:8.27e-02 (1.13e+00 1.15e+00 | 5.99e-01 5.96e-01)	5.652424e+00 5.721336e+00 : 9.478133e-01
7608(1004) (1.01e+00 8.27e-01) XE:8.27e-02 (1.12e+00 1.15e+00 | 5.55e-01 5.96e-01)	5.652274e+00 5.721284e+00 : 9.477965e-01
7667(1004) (8.63e-01 8.27e-01) XE:8.27e-02 (1.14e+00 1.15e+00 | 5.49e-01 5.96e-01)	5.652148e+00 5.721124e+00 : 9.477726e-01
7726(995) (1.16e+00 8.27e-01) XE:8.27e-02 (1.16e+00 1.15e+00 | 5.93e-01 5.96e-01)	5.652161e+00 5.720967e+00 : 9.477607e-01
7785(996) (7.19e-01 8.27e-01) XE:8.27e-02 (1.14e+00 1.15e+00 | 5.53e-01 5.96e-01)	5.652256e+00 5.720918e+00 : 9.477645e-01
7844(994) (8.76e-01 8.27e-01) XE:8.27e-02 (1.15e+00 1.15e+00 | 5.99e-01 5.96e-01)	5.652099e+00 5.720756e+00 : 9.477379e-01
7903(996) (1.01e+00 8.27e-01) XE:8.27e-02 (1.16e+00 1.15e+00 | 5.69e-01 5.96e-01)	5.652050e+00 5.720578e+00 : 9.477190e-01
7962(994) (7.85e-01 8.27e-01) XE:8.27e-02 (1.12e+00 1.15e+00 | 5.71e-01 5.96e-01)	5.652011e+00 5.720584e+00 : 9.477163e-01
8021(1008) (6.85e-01 8.27e-01) XE:8.27e-02 (1.16e+00 1.15e+00 | 5.37e-01 5.96e-01)	5.651800e+00 5.720509e+00 : 9.476924e-01
8080(1003) (9.55e-01 8.27e-01) XE:8.27e-02 (1.16e+00 1.15e+00 | 6.07e-01 5.96e-01)	5.651702e+00 5.720442e+00 : 9.476787e-01
8138(1004) (6.56e-01 8.27e-01) XE:8.27e-02 (1.16e+00 1.15e+00 | 6.12e-01 5.96e-01)	5.651904e+00 5.720606e+00 : 9.477092e-01
8197(1002) (9.88e-01 8.27e-01) XE:8.27e-02 (1.15e+00 1.15e+00 | 5.73e-01 5.96e-01)	5.651890e+00 5.720528e+00 : 9.477015e-01
8256(1008) (9.53e-01 8.27e-01) XE:8.27e-02 (1.15e+00 1.15e+00 | 6.20e-01 5.96e-01)	5.651679e+00 5.720395e+00 : 9.476729e-01
8315(1000) (8.88e-01 8.27e-01) XE:8.27e-02 (1.13e+00 1.15e+00 | 6.76e-01 5.96e-01)	5.651673e+00 5.720406e+00 : 9.476733e-01
8374(1000) (6.02e-01 8.27e-01) XE:8.27e-02 (1.17e+00 1.15e+00 | 6.20e-01 5.96e-01)	5.651540e+00 5.720560e+00 : 9.476750e-01
8433(999) (1.01e+00 8.26e-01) XE:8.26e-02 (1.15e+00 1.15e+00 | 5.99e-01 5.96e-01)	5.651646e+00 5.720542e+00 : 9.476824e-01
8492(1000) (8.36e-01 8.26e-01) XE:8.26e-02 (1.14e+00 1.15e+00 | 5.67e-01 5.96e-01)	5.651553e+00 5.720380e+00 : 9.476610e-01
8551(997) (1.06e+00 8.26e-01) XE:8.26e-02 (1.15e+00 1.15e+00 | 6.03e-01 5.96e-01)	5.651309e+00 5.720390e+00 : 9.476416e-01
8610(993) (9.19e-01 8.26e-01) XE:8.26e-02 (1.14e+00 1.15e+00 | 5.57e-01 5.96e-01)	5.651072e+00 5.720322e+00 : 9.476162e-01
8669(998) (8.54e-01 8.27e-01) XE:8.27e-02 (1.14e+00 1.15e+00 | 5.89e-01 5.96e-01)	5.650944e+00 5.720359e+00 : 9.476086e-01
8728(998) (8.04e-01 8.26e-01) XE:8.26e-02 (1.13e+00 1.15e+00 | 5.63e-01 5.96e-01)	5.650890e+00 5.720262e+00 : 9.475960e-01
8787(997) (7.29e-01 8.26e-01) XE:8.26e-02 (1.15e+00 1.15e+00 | 5.99e-01 5.96e-01)	5.651014e+00 5.720147e+00 : 9.475968e-01
8846(1000) (6.50e-01 8.26e-01) XE:8.26e-02 (1.15e+00 1.15e+00 | 5.53e-01 5.96e-01)	5.651011e+00 5.720038e+00 : 9.475874e-01
8905(1006) (5.38e-01 8.26e-01) XE:8.26e-02 (1.15e+00 1.15e+00 | 5.79e-01 5.96e-01)	5.651183e+00 5.720045e+00 : 9.476023e-01
8964(995) (1.17e+00 8.27e-01) XE:8.27e-02 (1.15e+00 1.15e+00 | 5.75e-01 5.96e-01)	5.651150e+00 5.719989e+00 : 9.475950e-01
9022(1004) (6.00e-01 8.26e-01) XE:8.26e-02 (1.16e+00 1.15e+00 | 6.05e-01 5.96e-01)	5.651072e+00 5.719929e+00 : 9.475834e-01
9081(992) (1.05e+00 8.27e-01) XE:8.27e-02 (1.16e+00 1.15e+00 | 5.91e-01 5.96e-01)	5.650860e+00 5.719930e+00 : 9.475658e-01
9140(1003) (9.00e-01 8.27e-01) XE:8.27e-02 (1.13e+00 1.15e+00 | 5.87e-01 5.96e-01)	5.650720e+00 5.719759e+00 : 9.475399e-01
9199(1003) (6.72e-01 8.27e-01) XE:8.27e-02 (1.17e+00 1.15e+00 | 6.14e-01 5.96e-01)	5.650721e+00 5.719703e+00 : 9.475353e-01
9258(1008) (6.38e-01 8.27e-01) XE:8.27e-02 (1.14e+00 1.15e+00 | 5.69e-01 5.96e-01)	5.650631e+00 5.719722e+00 : 9.475294e-01
9317(1007) (6.91e-01 8.27e-01) XE:8.27e-02 (1.13e+00 1.15e+00 | 6.60e-01 5.96e-01)	5.650659e+00 5.719566e+00 : 9.475188e-01
9376(992) (8.81e-01 8.27e-01) XE:8.27e-02 (1.13e+00 1.15e+00 | 5.61e-01 5.96e-01)	5.650447e+00 5.719312e+00 : 9.474799e-01
9435(998) (1.12e+00 8.27e-01) XE:8.27e-02 (1.19e+00 1.15e+00 | 6.26e-01 5.96e-01)	5.650504e+00 5.719303e+00 : 9.474839e-01
9494(998) (6.61e-01 8.27e-01) XE:8.27e-02 (1.15e+00 1.15e+00 | 6.07e-01 5.96e-01)	5.650613e+00 5.719243e+00 : 9.474880e-01
9553(990) (9.33e-01 8.27e-01) XE:8.27e-02 (1.11e+00 1.15e+00 | 5.93e-01 5.96e-01)	5.650525e+00 5.719257e+00 : 9.474818e-01
9612(992) (1.08e+00 8.27e-01) XE:8.27e-02 (1.14e+00 1.15e+00 | 5.97e-01 5.96e-01)	5.650524e+00 5.719258e+00 : 9.474818e-01
9671(1002) (8.43e-01 8.27e-01) XE:8.27e-02 (1.16e+00 1.15e+00 | 5.87e-01 5.96e-01)	5.650394e+00 5.719196e+00 : 9.474658e-01
9730(1001) (8.33e-01 8.27e-01) XE:8.27e-02 (1.14e+00 1.15e+00 | 6.05e-01 5.96e-01)	5.650214e+00 5.719176e+00 : 9.474491e-01
9789(995) (8.77e-01 8.27e-01) XE:8.27e-02 (1.15e+00 1.15e+00 | 6.12e-01 5.96e-01)	5.650122e+00 5.719108e+00 : 9.474358e-01
9848(1001) (5.52e-01 8.27e-01) XE:8.27e-02 (1.13e+00 1.15e+00 | 5.95e-01 5.96e-01)	5.650073e+00 5.719098e+00 : 9.474309e-01
9906(1008) (8.64e-01 8.27e-01) XE:8.27e-02 (1.14e+00 1.15e+00 | 5.93e-01 5.96e-01)	5.650093e+00 5.718996e+00 : 9.474241e-01
9965(994) (8.65e-01 8.27e-01) XE:8.27e-02 (1.15e+00 1.15e+00 | 5.91e-01 5.96e-01)	5.649979e+00 5.718833e+00 : 9.474010e-01
10000(1000) (8.35e-01 8.27e-01) XE:8.27e-02 (1.17e+00 1.15e+00 | 5.71e-01 5.96e-01)	5.649991e+00 5.718742e+00 : 9.473944e-01
RL cnt: 0,7454381,1186895,53943,0,0,0,0,0,0,0,0,0,0,0,0,
BL cnt: 0,0,0,0,0,0,49118,0,1378068,0,7055375,0,1378269,0,49170,0,0,0,0,0,0,
5.649991e+00 5.718742e+00 : 9.473944e-01
# InnerCodebook: deleted
# NBIDSchannel: deleted
# Gtable: deleted
# FBalg4: deleted
# StatICB: deleted
