# (Pid,Ps)=(1.000000e-02,1.000000e-02) Nseg=200 WinSize=10 lmd=1 [0]
# InnerCB: ../search03/ICB/A11.bin
# Gtable:  Gtable/5/010_010.bin
# InnerCodebook: beta=5(1024) nu=2
# InnerCodebook: B(B2p)=7(128) 7(128) 
# InnerCodebook: checked CWM, EncMap, DecMap
# beta=5(1024) nu=2 N=1000 Dmax=15
# B=7,7,
# NBIDSchannel: N=1000 Q=4 Dmax=15 (Pid,Ps)=(1.000000e-02,1.000000e-02)
# FBalg4: Nseg=200 Dmax=15(w=31)
# FBalg4: Gtable: Gtable/5/010_010.bin
# Gtable: beta=5 (Pid,Ps,Ptrn)=(1.000000e-02,1.000000e-02,9.800000e-01) Pth=1.000000e-10
# Gtable: beta4p=1024 beta4pp=1048576
# Gtable::Gtable len=0 cnt=1024
# Gtable::Gtable len=1 cnt=4096
# Gtable::Gtable len=2 cnt=16384
# Gtable::Gtable len=3 cnt=60244
# Gtable::Gtable len=4 cnt=236452
# Gtable::Gtable len=5 cnt=823900
# Gtable::Gtable len=6 cnt=1412476
# Gtable::Gtable len=7 cnt=890332
# Gtable::Gtable len=8 cnt=148720
# Gtable::Gtable len=9 cnt=5416
# Gtable::Gtable len=10 cnt=0
# FBalg4: beta=5(1024) (Pid,Ps)=(1.000000e-02,1.000000e-02) Pth=1.000000e-10 N=1000
# StatICB: nu=2 beta=5 beta4p=1024 Bsum=14 lmd=1
# StatICB: B=7,7,
0057(1003) (7.82e-01 8.98e-01) XE:8.98e-02 (1.21e+00 1.18e+00 | 5.91e-01 6.33e-01)	6.761735e+00 6.784353e+00 : 9.675777e-01
0116(1005) (7.44e-01 8.89e-01) XE:8.89e-02 (1.18e+00 1.18e+00 | 6.05e-01 6.31e-01)	6.709846e+00 6.721687e+00 : 9.593952e-01
0174(999) (1.38e+00 8.88e-01) XE:8.88e-02 (1.16e+00 1.18e+00 | 6.28e-01 6.28e-01)	6.676543e+00 6.692565e+00 : 9.549362e-01
0232(1006) (8.54e-01 8.94e-01) XE:8.94e-02 (1.18e+00 1.18e+00 | 5.87e-01 6.27e-01)	6.654707e+00 6.659841e+00 : 9.510392e-01
0290(1006) (9.95e-01 8.93e-01) XE:8.93e-02 (1.17e+00 1.18e+00 | 5.95e-01 6.28e-01)	6.636990e+00 6.646967e+00 : 9.488541e-01
0348(998) (8.43e-01 8.93e-01) XE:8.93e-02 (1.18e+00 1.18e+00 | 6.32e-01 6.28e-01)	6.622633e+00 6.629962e+00 : 9.466139e-01
0406(1002) (7.45e-01 8.93e-01) XE:8.93e-02 (1.21e+00 1.18e+00 | 6.09e-01 6.27e-01)	6.611357e+00 6.617486e+00 : 9.449174e-01
0464(1000) (1.01e+00 8.89e-01) XE:8.89e-02 (1.15e+00 1.18e+00 | 6.16e-01 6.27e-01)	6.604073e+00 6.607469e+00 : 9.436816e-01
0522(999) (9.11e-01 8.87e-01) XE:8.87e-02 (1.17e+00 1.19e+00 | 5.35e-01 6.27e-01)	6.594083e+00 6.599271e+00 : 9.423824e-01
0580(998) (8.13e-01 8.84e-01) XE:8.84e-02 (1.17e+00 1.19e+00 | 6.28e-01 6.27e-01)	6.591078e+00 6.594895e+00 : 9.418552e-01
0638(1001) (8.21e-01 8.88e-01) XE:8.88e-02 (1.17e+00 1.18e+00 | 6.56e-01 6.27e-01)	6.581724e+00 6.587889e+00 : 9.406867e-01
0696(1001) (6.79e-01 8.90e-01) XE:8.90e-02 (1.20e+00 1.19e+00 | 6.34e-01 6.28e-01)	6.576558e+00 6.581627e+00 : 9.398703e-01
0754(1001) (9.84e-01 8.91e-01) XE:8.91e-02 (1.18e+00 1.18e+00 | 6.03e-01 6.28e-01)	6.570633e+00 6.578393e+00 : 9.392161e-01
0812(996) (1.17e+00 8.89e-01) XE:8.89e-02 (1.23e+00 1.19e+00 | 5.97e-01 6.28e-01)	6.565639e+00 6.574717e+00 : 9.385969e-01
0871(1002) (9.74e-01 8.92e-01) XE:8.92e-02 (1.19e+00 1.18e+00 | 6.16e-01 6.28e-01)	6.561338e+00 6.568922e+00 : 9.378758e-01
0929(1001) (6.30e-01 8.91e-01) XE:8.91e-02 (1.18e+00 1.19e+00 | 6.40e-01 6.29e-01)	6.559059e+00 6.565477e+00 : 9.374669e-01
0987(1005) (1.11e+00 8.92e-01) XE:8.92e-02 (1.21e+00 1.19e+00 | 6.82e-01 6.29e-01)	6.557040e+00 6.559882e+00 : 9.369230e-01
1045(994) (8.40e-01 8.91e-01) XE:8.91e-02 (1.18e+00 1.19e+00 | 6.40e-01 6.30e-01)	6.554691e+00 6.556828e+00 : 9.365371e-01
1103(997) (1.02e+00 8.92e-01) XE:8.92e-02 (1.19e+00 1.19e+00 | 6.44e-01 6.29e-01)	6.551427e+00 6.554487e+00 : 9.361367e-01
1161(1004) (9.60e-01 8.91e-01) XE:8.91e-02 (1.19e+00 1.19e+00 | 6.01e-01 6.29e-01)	6.549802e+00 6.551095e+00 : 9.357783e-01
1219(996) (8.62e-01 8.90e-01) XE:8.90e-02 (1.19e+00 1.19e+00 | 6.16e-01 6.29e-01)	6.549327e+00 6.548992e+00 : 9.355942e-01
1277(1006) (6.72e-01 8.89e-01) XE:8.89e-02 (1.19e+00 1.19e+00 | 6.24e-01 6.29e-01)	6.548129e+00 6.547961e+00 : 9.354350e-01
1335(998) (8.49e-01 8.89e-01) XE:8.89e-02 (1.15e+00 1.19e+00 | 5.83e-01 6.29e-01)	6.546195e+00 6.546350e+00 : 9.351818e-01
1393(992) (8.79e-01 8.89e-01) XE:8.89e-02 (1.18e+00 1.19e+00 | 6.22e-01 6.29e-01)	6.544251e+00 6.545574e+00 : 9.349875e-01
1451(993) (5.83e-01 8.87e-01) XE:8.87e-02 (1.19e+00 1.18e+00 | 5.83e-01 6.28e-01)	6.543748e+00 6.545525e+00 : 9.349481e-01
1509(998) (1.03e+00 8.88e-01) XE:8.88e-02 (1.19e+00 1.19e+00 | 5.99e-01 6.28e-01)	6.542004e+00 6.543752e+00 : 9.346969e-01
1567(1002) (5.95e-01 8.89e-01) XE:8.89e-02 (1.19e+00 1.19e+00 | 7.02e-01 6.27e-01)	6.539983e+00 6.541576e+00 : 9.343970e-01
1626(998) (9.22e-01 8.88e-01) XE:8.88e-02 (1.17e+00 1.19e+00 | 6.01e-01 6.27e-01)	6.538936e+00 6.541351e+00 : 9.343062e-01
1684(995) (9.10e-01 8.89e-01) XE:8.89e-02 (1.19e+00 1.19e+00 | 6.42e-01 6.28e-01)	6.537161e+00 6.540059e+00 : 9.340871e-01
1742(1000) (1.01e+00 8.87e-01) XE:8.87e-02 (1.19e+00 1.19e+00 | 7.29e-01 6.28e-01)	6.536332e+00 6.540118e+00 : 9.340322e-01
1800(1001) (6.47e-01 8.86e-01) XE:8.86e-02 (1.18e+00 1.19e+00 | 6.46e-01 6.28e-01)	6.535680e+00 6.540402e+00 : 9.340059e-01
1858(1003) (7.85e-01 8.86e-01) XE:8.86e-02 (1.21e+00 1.19e+00 | 6.74e-01 6.28e-01)	6.535251e+00 6.540095e+00 : 9.339533e-01
1916(1001) (8.88e-01 8.86e-01) XE:8.86e-02 (1.21e+00 1.19e+00 | 7.18e-01 6.28e-01)	6.533724e+00 6.537997e+00 : 9.336943e-01
1974(1010) (9.64e-01 8.86e-01) XE:8.86e-02 (1.19e+00 1.19e+00 | 6.07e-01 6.28e-01)	6.532968e+00 6.537328e+00 : 9.335926e-01
2032(1009) (8.17e-01 8.85e-01) XE:8.85e-02 (1.19e+00 1.19e+00 | 6.42e-01 6.28e-01)	6.531782e+00 6.537607e+00 : 9.335278e-01
2090(998) (6.93e-01 8.85e-01) XE:8.85e-02 (1.19e+00 1.19e+00 | 6.30e-01 6.28e-01)	6.531647e+00 6.537127e+00 : 9.334838e-01
2148(998) (7.19e-01 8.85e-01) XE:8.85e-02 (1.16e+00 1.19e+00 | 5.37e-01 6.28e-01)	6.530731e+00 6.536769e+00 : 9.333929e-01
2206(995) (8.66e-01 8.84e-01) XE:8.84e-02 (1.18e+00 1.19e+00 | 6.48e-01 6.28e-01)	6.530412e+00 6.537092e+00 : 9.333931e-01
2264(1001) (7.93e-01 8.84e-01) XE:8.84e-02 (1.19e+00 1.19e+00 | 5.83e-01 6.28e-01)	6.530764e+00 6.535780e+00 : 9.333246e-01
2322(1005) (9.23e-01 8.84e-01) XE:8.84e-02 (1.18e+00 1.19e+00 | 6.34e-01 6.28e-01)	6.530668e+00 6.534923e+00 : 9.332565e-01
2380(998) (1.04e+00 8.84e-01) XE:8.84e-02 (1.16e+00 1.19e+00 | 6.70e-01 6.28e-01)	6.530282e+00 6.534054e+00 : 9.331669e-01
2438(997) (7.67e-01 8.83e-01) XE:8.83e-02 (1.19e+00 1.19e+00 | 6.46e-01 6.28e-01)	6.530414e+00 6.533031e+00 : 9.331032e-01
2496(1004) (7.53e-01 8.83e-01) XE:8.83e-02 (1.19e+00 1.19e+00 | 5.85e-01 6.28e-01)	6.529490e+00 6.533530e+00 : 9.330728e-01
2554(995) (7.72e-01 8.82e-01) XE:8.82e-02 (1.19e+00 1.19e+00 | 5.61e-01 6.28e-01)	6.529496e+00 6.533666e+00 : 9.330830e-01
2612(999) (1.08e+00 8.82e-01) XE:8.82e-02 (1.17e+00 1.19e+00 | 6.16e-01 6.28e-01)	6.528844e+00 6.532712e+00 : 9.329683e-01
2670(1007) (9.65e-01 8.83e-01) XE:8.83e-02 (1.19e+00 1.19e+00 | 5.63e-01 6.28e-01)	6.528027e+00 6.531574e+00 : 9.328286e-01
2728(1005) (8.85e-01 8.83e-01) XE:8.83e-02 (1.22e+00 1.19e+00 | 6.62e-01 6.28e-01)	6.527807e+00 6.530827e+00 : 9.327595e-01
2787(1001) (7.69e-01 8.83e-01) XE:8.83e-02 (1.16e+00 1.19e+00 | 6.52e-01 6.28e-01)	6.527882e+00 6.530200e+00 : 9.327201e-01
2845(1009) (7.40e-01 8.83e-01) XE:8.83e-02 (1.17e+00 1.19e+00 | 6.12e-01 6.28e-01)	6.527532e+00 6.530164e+00 : 9.326925e-01
2903(1000) (1.30e+00 8.83e-01) XE:8.83e-02 (1.16e+00 1.19e+00 | 7.08e-01 6.28e-01)	6.527586e+00 6.529790e+00 : 9.326697e-01
2961(996) (8.16e-01 8.83e-01) XE:8.83e-02 (1.19e+00 1.19e+00 | 5.81e-01 6.28e-01)	6.527298e+00 6.529130e+00 : 9.326020e-01
3019(1003) (8.90e-01 8.83e-01) XE:8.83e-02 (1.16e+00 1.19e+00 | 5.79e-01 6.28e-01)	6.527614e+00 6.528155e+00 : 9.325549e-01
3077(1003) (8.16e-01 8.83e-01) XE:8.83e-02 (1.18e+00 1.19e+00 | 5.97e-01 6.28e-01)	6.527114e+00 6.527804e+00 : 9.324941e-01
3135(995) (1.11e+00 8.83e-01) XE:8.83e-02 (1.16e+00 1.18e+00 | 6.38e-01 6.28e-01)	6.527273e+00 6.526914e+00 : 9.324420e-01
3193(999) (1.03e+00 8.83e-01) XE:8.83e-02 (1.18e+00 1.19e+00 | 6.60e-01 6.28e-01)	6.526228e+00 6.526190e+00 : 9.323156e-01
3251(994) (1.00e+00 8.83e-01) XE:8.83e-02 (1.19e+00 1.19e+00 | 6.54e-01 6.28e-01)	6.525850e+00 6.525262e+00 : 9.322223e-01
3309(992) (1.03e+00 8.83e-01) XE:8.83e-02 (1.19e+00 1.18e+00 | 6.22e-01 6.28e-01)	6.525870e+00 6.524720e+00 : 9.321850e-01
3367(992) (9.19e-01 8.83e-01) XE:8.83e-02 (1.18e+00 1.18e+00 | 6.58e-01 6.28e-01)	6.525481e+00 6.524947e+00 : 9.321734e-01
3425(998) (9.01e-01 8.84e-01) XE:8.84e-02 (1.19e+00 1.18e+00 | 6.28e-01 6.28e-01)	6.524676e+00 6.523962e+00 : 9.320456e-01
3483(1004) (9.33e-01 8.84e-01) XE:8.84e-02 (1.17e+00 1.18e+00 | 6.26e-01 6.28e-01)	6.524495e+00 6.523504e+00 : 9.319999e-01
3542(999) (5.77e-01 8.83e-01) XE:8.83e-02 (1.17e+00 1.18e+00 | 6.05e-01 6.28e-01)	6.524611e+00 6.523156e+00 : 9.319834e-01
3600(999) (7.15e-01 8.83e-01) XE:8.83e-02 (1.16e+00 1.18e+00 | 6.52e-01 6.28e-01)	6.524428e+00 6.522834e+00 : 9.319472e-01
3658(997) (1.11e+00 8.83e-01) XE:8.83e-02 (1.18e+00 1.18e+00 | 6.28e-01 6.28e-01)	6.524644e+00 6.522592e+00 : 9.319454e-01
3716(1004) (8.32e-01 8.83e-01) XE:8.83e-02 (1.18e+00 1.18e+00 | 6.62e-01 6.28e-01)	6.524736e+00 6.522508e+00 : 9.319459e-01
3774(1007) (8.70e-01 8.83e-01) XE:8.83e-02 (1.18e+00 1.19e+00 | 6.12e-01 6.28e-01)	6.524794e+00 6.522400e+00 : 9.319424e-01
3832(996) (7.70e-01 8.83e-01) XE:8.83e-02 (1.21e+00 1.18e+00 | 6.66e-01 6.28e-01)	6.524887e+00 6.522122e+00 : 9.319292e-01
3890(996) (7.78e-01 8.83e-01) XE:8.83e-02 (1.18e+00 1.19e+00 | 6.05e-01 6.28e-01)	6.524259e+00 6.521403e+00 : 9.318330e-01
3948(991) (1.16e+00 8.83e-01) XE:8.83e-02 (1.18e+00 1.18e+00 | 6.26e-01 6.28e-01)	6.524021e+00 6.521358e+00 : 9.318127e-01
4006(989) (1.39e+00 8.84e-01) XE:8.84e-02 (1.18e+00 1.18e+00 | 6.22e-01 6.28e-01)	6.523581e+00 6.520952e+00 : 9.317523e-01
4064(1002) (7.50e-01 8.83e-01) XE:8.83e-02 (1.19e+00 1.18e+00 | 6.66e-01 6.28e-01)	6.522989e+00 6.521087e+00 : 9.317198e-01
4122(998) (8.70e-01 8.83e-01) XE:8.83e-02 (1.19e+00 1.18e+00 | 5.99e-01 6.28e-01)	6.522456e+00 6.521206e+00 : 9.316902e-01
4181(1003) (8.21e-01 8.83e-01) XE:8.83e-02 (1.18e+00 1.18e+00 | 5.81e-01 6.28e-01)	6.522071e+00 6.520959e+00 : 9.316450e-01
4239(993) (8.10e-01 8.84e-01) XE:8.84e-02 (1.21e+00 1.18e+00 | 6.18e-01 6.28e-01)	6.521464e+00 6.520752e+00 : 9.315869e-01
4297(1007) (7.87e-01 8.83e-01) XE:8.83e-02 (1.20e+00 1.18e+00 | 6.50e-01 6.28e-01)	6.521638e+00 6.520800e+00 : 9.316027e-01
4355(1005) (9.52e-01 8.83e-01) XE:8.83e-02 (1.17e+00 1.18e+00 | 6.54e-01 6.28e-01)	6.521830e+00 6.520392e+00 : 9.315873e-01
4413(1002) (1.04e+00 8.83e-01) XE:8.83e-02 (1.20e+00 1.18e+00 | 5.93e-01 6.28e-01)	6.521443e+00 6.519715e+00 : 9.315113e-01
4471(1003) (7.05e-01 8.83e-01) XE:8.83e-02 (1.21e+00 1.18e+00 | 6.16e-01 6.28e-01)	6.521664e+00 6.519407e+00 : 9.315051e-01
4529(1003) (7.68e-01 8.83e-01) XE:8.83e-02 (1.17e+00 1.18e+00 | 6.32e-01 6.28e-01)	6.521847e+00 6.519177e+00 : 9.315017e-01
4587(1000) (7.26e-01 8.83e-01) XE:8.83e-02 (1.23e+00 1.18e+00 | 6.58e-01 6.28e-01)	6.521411e+00 6.518687e+00 : 9.314356e-01
4645(1003) (9.75e-01 8.83e-01) XE:8.83e-02 (1.19e+00 1.18e+00 | 6.50e-01 6.28e-01)	6.521255e+00 6.518600e+00 : 9.314182e-01
4703(1005) (9.50e-01 8.83e-01) XE:8.83e-02 (1.16e+00 1.18e+00 | 5.53e-01 6.28e-01)	6.520876e+00 6.518525e+00 : 9.313858e-01
4761(1003) (6.63e-01 8.82e-01) XE:8.82e-02 (1.16e+00 1.18e+00 | 6.16e-01 6.28e-01)	6.521029e+00 6.518897e+00 : 9.314233e-01
4819(1004) (1.03e+00 8.83e-01) XE:8.83e-02 (1.17e+00 1.18e+00 | 6.54e-01 6.28e-01)	6.520665e+00 6.518258e+00 : 9.313517e-01
4877(1002) (7.53e-01 8.83e-01) XE:8.83e-02 (1.17e+00 1.18e+00 | 6.48e-01 6.28e-01)	6.520225e+00 6.518636e+00 : 9.313472e-01
4935(995) (8.05e-01 8.83e-01) XE:8.83e-02 (1.18e+00 1.18e+00 | 6.09e-01 6.28e-01)	6.519916e+00 6.518415e+00 : 9.313093e-01
4993(1008) (6.57e-01 8.83e-01) XE:8.83e-02 (1.19e+00 1.18e+00 | 6.62e-01 6.28e-01)	6.519476e+00 6.517980e+00 : 9.312469e-01
5051(1007) (9.80e-01 8.83e-01) XE:8.83e-02 (1.18e+00 1.18e+00 | 6.22e-01 6.28e-01)	6.519080e+00 6.518002e+00 : 9.312201e-01
5110(993) (7.52e-01 8.83e-01) XE:8.83e-02 (1.16e+00 1.18e+00 | 6.66e-01 6.28e-01)	6.519010e+00 6.517833e+00 : 9.312031e-01
5168(1001) (5.12e-01 8.83e-01) XE:8.83e-02 (1.18e+00 1.18e+00 | 6.80e-01 6.28e-01)	6.518615e+00 6.517287e+00 : 9.311358e-01
5226(996) (1.22e+00 8.83e-01) XE:8.83e-02 (1.19e+00 1.18e+00 | 6.12e-01 6.28e-01)	6.518671e+00 6.517309e+00 : 9.311414e-01
5284(1005) (1.03e+00 8.83e-01) XE:8.83e-02 (1.20e+00 1.18e+00 | 5.87e-01 6.28e-01)	6.518737e+00 6.517243e+00 : 9.311414e-01
5342(1000) (1.03e+00 8.83e-01) XE:8.83e-02 (1.19e+00 1.18e+00 | 6.07e-01 6.28e-01)	6.518469e+00 6.516718e+00 : 9.310848e-01
5400(1005) (6.13e-01 8.83e-01) XE:8.83e-02 (1.18e+00 1.18e+00 | 6.56e-01 6.28e-01)	6.518181e+00 6.517089e+00 : 9.310907e-01
5458(998) (5.20e-01 8.83e-01) XE:8.83e-02 (1.18e+00 1.18e+00 | 6.14e-01 6.28e-01)	6.518163e+00 6.516975e+00 : 9.310813e-01
5516(1005) (7.61e-01 8.83e-01) XE:8.83e-02 (1.19e+00 1.18e+00 | 6.07e-01 6.28e-01)	6.517804e+00 6.517051e+00 : 9.310610e-01
5574(1000) (1.08e+00 8.82e-01) XE:8.82e-02 (1.19e+00 1.18e+00 | 6.52e-01 6.28e-01)	6.517322e+00 6.516856e+00 : 9.310127e-01
5632(1000) (3.56e-01 8.82e-01) XE:8.82e-02 (1.22e+00 1.18e+00 | 6.78e-01 6.28e-01)	6.517175e+00 6.516871e+00 : 9.310033e-01
5691(1004) (5.92e-01 8.82e-01) XE:8.82e-02 (1.19e+00 1.18e+00 | 6.01e-01 6.28e-01)	6.517086e+00 6.516712e+00 : 9.309856e-01
5749(998) (7.71e-01 8.82e-01) XE:8.82e-02 (1.22e+00 1.18e+00 | 7.14e-01 6.28e-01)	6.516731e+00 6.516697e+00 : 9.309591e-01
5807(999) (7.45e-01 8.82e-01) XE:8.82e-02 (1.22e+00 1.18e+00 | 6.03e-01 6.28e-01)	6.517050e+00 6.516627e+00 : 9.309770e-01
5865(997) (1.27e+00 8.82e-01) XE:8.82e-02 (1.21e+00 1.18e+00 | 6.20e-01 6.28e-01)	6.516841e+00 6.516850e+00 : 9.309779e-01
5923(994) (1.31e+00 8.81e-01) XE:8.81e-02 (1.16e+00 1.18e+00 | 5.33e-01 6.28e-01)	6.517047e+00 6.516928e+00 : 9.309982e-01
5981(1001) (9.50e-01 8.81e-01) XE:8.81e-02 (1.17e+00 1.18e+00 | 6.20e-01 6.28e-01)	6.517103e+00 6.517027e+00 : 9.310093e-01
6039(1002) (9.72e-01 8.81e-01) XE:8.81e-02 (1.19e+00 1.18e+00 | 5.99e-01 6.28e-01)	6.516993e+00 6.516805e+00 : 9.309856e-01
6097(1000) (7.13e-01 8.81e-01) XE:8.81e-02 (1.19e+00 1.18e+00 | 6.03e-01 6.28e-01)	6.516699e+00 6.516542e+00 : 9.309458e-01
6155(1004) (1.16e+00 8.81e-01) XE:8.81e-02 (1.19e+00 1.18e+00 | 6.68e-01 6.28e-01)	6.516484e+00 6.516548e+00 : 9.309309e-01
6213(998) (1.01e+00 8.81e-01) XE:8.81e-02 (1.17e+00 1.18e+00 | 5.67e-01 6.28e-01)	6.516483e+00 6.516472e+00 : 9.309254e-01
6271(1002) (1.27e+00 8.82e-01) XE:8.82e-02 (1.20e+00 1.18e+00 | 6.86e-01 6.28e-01)	6.516409e+00 6.516417e+00 : 9.309162e-01
6329(999) (8.01e-01 8.82e-01) XE:8.82e-02 (1.19e+00 1.18e+00 | 6.12e-01 6.28e-01)	6.515941e+00 6.515926e+00 : 9.308477e-01
6387(1003) (5.55e-01 8.82e-01) XE:8.82e-02 (1.19e+00 1.18e+00 | 6.03e-01 6.28e-01)	6.515636e+00 6.515789e+00 : 9.308161e-01
6446(1006) (7.01e-01 8.82e-01) XE:8.82e-02 (1.18e+00 1.18e+00 | 6.16e-01 6.28e-01)	6.515553e+00 6.515806e+00 : 9.308113e-01
6504(1001) (6.74e-01 8.82e-01) XE:8.82e-02 (1.20e+00 1.18e+00 | 6.16e-01 6.28e-01)	6.515515e+00 6.515806e+00 : 9.308086e-01
6562(1000) (8.25e-01 8.82e-01) XE:8.82e-02 (1.17e+00 1.18e+00 | 6.42e-01 6.28e-01)	6.515517e+00 6.515763e+00 : 9.308057e-01
6620(1007) (6.15e-01 8.82e-01) XE:8.82e-02 (1.19e+00 1.18e+00 | 6.60e-01 6.28e-01)	6.515426e+00 6.516110e+00 : 9.308240e-01
6678(999) (6.40e-01 8.81e-01) XE:8.81e-02 (1.21e+00 1.18e+00 | 6.62e-01 6.28e-01)	6.515379e+00 6.515675e+00 : 9.307896e-01
6736(1004) (7.52e-01 8.81e-01) XE:8.81e-02 (1.18e+00 1.18e+00 | 5.77e-01 6.28e-01)	6.515438e+00 6.515581e+00 : 9.307870e-01
6794(1006) (9.83e-01 8.81e-01) XE:8.81e-02 (1.18e+00 1.18e+00 | 6.24e-01 6.28e-01)	6.515573e+00 6.515573e+00 : 9.307962e-01
6852(1000) (8.64e-01 8.81e-01) XE:8.81e-02 (1.18e+00 1.18e+00 | 6.05e-01 6.28e-01)	6.515594e+00 6.515482e+00 : 9.307911e-01
6910(1001) (9.49e-01 8.81e-01) XE:8.81e-02 (1.18e+00 1.18e+00 | 6.44e-01 6.28e-01)	6.515649e+00 6.515491e+00 : 9.307957e-01
6968(1000) (1.04e+00 8.81e-01) XE:8.81e-02 (1.18e+00 1.18e+00 | 6.46e-01 6.28e-01)	6.515411e+00 6.515518e+00 : 9.307806e-01
7026(999) (6.15e-01 8.81e-01) XE:8.81e-02 (1.19e+00 1.18e+00 | 6.40e-01 6.28e-01)	6.515422e+00 6.515565e+00 : 9.307848e-01
7084(1000) (9.26e-01 8.80e-01) XE:8.80e-02 (1.18e+00 1.18e+00 | 6.05e-01 6.28e-01)	6.515495e+00 6.515605e+00 : 9.307928e-01
7142(993) (7.21e-01 8.80e-01) XE:8.80e-02 (1.19e+00 1.18e+00 | 7.00e-01 6.28e-01)	6.515587e+00 6.515448e+00 : 9.307883e-01
7200(997) (7.09e-01 8.80e-01) XE:8.80e-02 (1.19e+00 1.18e+00 | 6.36e-01 6.28e-01)	6.515579e+00 6.515166e+00 : 9.307675e-01
7258(993) (1.20e+00 8.80e-01) XE:8.80e-02 (1.18e+00 1.18e+00 | 6.60e-01 6.28e-01)	6.515583e+00 6.515150e+00 : 9.307666e-01
7316(992) (1.26e+00 8.80e-01) XE:8.80e-02 (1.19e+00 1.18e+00 | 6.76e-01 6.28e-01)	6.515370e+00 6.514920e+00 : 9.307350e-01
7375(1002) (9.74e-01 8.80e-01) XE:8.80e-02 (1.19e+00 1.18e+00 | 6.26e-01 6.28e-01)	6.515391e+00 6.514913e+00 : 9.307360e-01
7433(1001) (8.20e-01 8.80e-01) XE:8.80e-02 (1.17e+00 1.18e+00 | 5.67e-01 6.28e-01)	6.515321e+00 6.514843e+00 : 9.307260e-01
7491(997) (9.24e-01 8.80e-01) XE:8.80e-02 (1.21e+00 1.18e+00 | 6.20e-01 6.28e-01)	6.515178e+00 6.514828e+00 : 9.307147e-01
7549(994) (9.54e-01 8.80e-01) XE:8.80e-02 (1.21e+00 1.19e+00 | 6.26e-01 6.28e-01)	6.515124e+00 6.514838e+00 : 9.307116e-01
7607(1003) (9.30e-01 8.80e-01) XE:8.80e-02 (1.18e+00 1.19e+00 | 6.82e-01 6.28e-01)	6.514850e+00 6.514908e+00 : 9.306970e-01
7665(1000) (6.65e-01 8.80e-01) XE:8.80e-02 (1.18e+00 1.19e+00 | 6.24e-01 6.28e-01)	6.514818e+00 6.514632e+00 : 9.306750e-01
7723(997) (8.12e-01 8.80e-01) XE:8.80e-02 (1.19e+00 1.19e+00 | 6.98e-01 6.28e-01)	6.514898e+00 6.514469e+00 : 9.306690e-01
7781(995) (7.55e-01 8.80e-01) XE:8.80e-02 (1.18e+00 1.19e+00 | 6.28e-01 6.28e-01)	6.514893e+00 6.514382e+00 : 9.306625e-01
7841(1000) (1.03e+00 8.80e-01) XE:8.80e-02 (1.16e+00 1.19e+00 | 6.42e-01 6.28e-01)	6.514932e+00 6.514230e+00 : 9.306544e-01
7903(996) (1.05e+00 8.80e-01) XE:8.80e-02 (1.19e+00 1.19e+00 | 6.56e-01 6.28e-01)	6.515058e+00 6.513962e+00 : 9.306443e-01
7965(1000) (9.05e-01 8.80e-01) XE:8.80e-02 (1.19e+00 1.19e+00 | 5.99e-01 6.28e-01)	6.515001e+00 6.513729e+00 : 9.306236e-01
8028(999) (7.47e-01 8.80e-01) XE:8.80e-02 (1.18e+00 1.19e+00 | 6.66e-01 6.28e-01)	6.514883e+00 6.513549e+00 : 9.306023e-01
8090(1006) (5.87e-01 8.80e-01) XE:8.80e-02 (1.15e+00 1.19e+00 | 5.97e-01 6.28e-01)	6.514851e+00 6.513479e+00 : 9.305950e-01
8152(1003) (9.79e-01 8.80e-01) XE:8.80e-02 (1.16e+00 1.19e+00 | 5.83e-01 6.28e-01)	6.514744e+00 6.513584e+00 : 9.305949e-01
8214(1003) (6.83e-01 8.80e-01) XE:8.80e-02 (1.19e+00 1.19e+00 | 6.48e-01 6.28e-01)	6.514609e+00 6.513398e+00 : 9.305719e-01
8276(998) (1.03e+00 8.80e-01) XE:8.80e-02 (1.18e+00 1.19e+00 | 6.05e-01 6.28e-01)	6.514655e+00 6.513257e+00 : 9.305652e-01
8338(996) (7.80e-01 8.80e-01) XE:8.80e-02 (1.20e+00 1.19e+00 | 6.40e-01 6.28e-01)	6.514622e+00 6.513109e+00 : 9.305522e-01
8400(994) (7.73e-01 8.79e-01) XE:8.79e-02 (1.20e+00 1.19e+00 | 6.38e-01 6.28e-01)	6.514688e+00 6.513411e+00 : 9.305785e-01
8462(995) (1.05e+00 8.79e-01) XE:8.79e-02 (1.17e+00 1.19e+00 | 6.54e-01 6.28e-01)	6.514582e+00 6.513153e+00 : 9.305526e-01
8524(994) (8.64e-01 8.79e-01) XE:8.79e-02 (1.17e+00 1.19e+00 | 5.65e-01 6.28e-01)	6.514446e+00 6.513064e+00 : 9.305365e-01
8586(1004) (8.66e-01 8.79e-01) XE:8.79e-02 (1.20e+00 1.19e+00 | 5.97e-01 6.28e-01)	6.514131e+00 6.513278e+00 : 9.305292e-01
8649(999) (9.84e-01 8.79e-01) XE:8.79e-02 (1.17e+00 1.19e+00 | 5.65e-01 6.28e-01)	6.514033e+00 6.513243e+00 : 9.305198e-01
8711(998) (8.51e-01 8.79e-01) XE:8.79e-02 (1.19e+00 1.19e+00 | 6.62e-01 6.28e-01)	6.514142e+00 6.513140e+00 : 9.305202e-01
8773(999) (7.11e-01 8.79e-01) XE:8.79e-02 (1.19e+00 1.19e+00 | 6.40e-01 6.28e-01)	6.514191e+00 6.513136e+00 : 9.305234e-01
8835(990) (1.16e+00 8.79e-01) XE:8.79e-02 (1.19e+00 1.19e+00 | 6.52e-01 6.28e-01)	6.514190e+00 6.513077e+00 : 9.305190e-01
8897(993) (9.22e-01 8.79e-01) XE:8.79e-02 (1.21e+00 1.19e+00 | 6.72e-01 6.28e-01)	6.514213e+00 6.512920e+00 : 9.305095e-01
8959(999) (9.23e-01 8.79e-01) XE:8.79e-02 (1.19e+00 1.19e+00 | 6.32e-01 6.28e-01)	6.514074e+00 6.512714e+00 : 9.304849e-01
9020(1000) (7.45e-01 8.79e-01) XE:8.79e-02 (1.18e+00 1.19e+00 | 6.50e-01 6.28e-01)	6.513996e+00 6.512676e+00 : 9.304766e-01
9078(995) (1.01e+00 8.79e-01) XE:8.79e-02 (1.18e+00 1.19e+00 | 6.20e-01 6.28e-01)	6.513818e+00 6.512685e+00 : 9.304645e-01
9137(1000) (7.81e-01 8.80e-01) XE:8.80e-02 (1.20e+00 1.19e+00 | 6.44e-01 6.28e-01)	6.513515e+00 6.512357e+00 : 9.304194e-01
9195(1000) (1.12e+00 8.80e-01) XE:8.80e-02 (1.19e+00 1.19e+00 | 6.52e-01 6.28e-01)	6.513504e+00 6.512289e+00 : 9.304138e-01
9253(1000) (9.63e-01 8.80e-01) XE:8.80e-02 (1.18e+00 1.19e+00 | 6.09e-01 6.28e-01)	6.513386e+00 6.512389e+00 : 9.304125e-01
9311(1001) (6.69e-01 8.80e-01) XE:8.80e-02 (1.18e+00 1.19e+00 | 6.76e-01 6.28e-01)	6.513339e+00 6.512106e+00 : 9.303889e-01
9370(992) (1.04e+00 8.80e-01) XE:8.80e-02 (1.19e+00 1.19e+00 | 6.40e-01 6.28e-01)	6.513077e+00 6.511954e+00 : 9.303594e-01
9428(998) (1.03e+00 8.80e-01) XE:8.80e-02 (1.18e+00 1.19e+00 | 5.91e-01 6.28e-01)	6.513175e+00 6.511856e+00 : 9.303594e-01
9486(989) (8.87e-01 8.80e-01) XE:8.80e-02 (1.17e+00 1.19e+00 | 6.28e-01 6.28e-01)	6.513054e+00 6.511526e+00 : 9.303271e-01
9544(999) (6.18e-01 8.80e-01) XE:8.80e-02 (1.22e+00 1.19e+00 | 6.60e-01 6.28e-01)	6.512894e+00 6.511593e+00 : 9.303205e-01
9603(998) (9.33e-01 8.80e-01) XE:8.80e-02 (1.17e+00 1.19e+00 | 5.69e-01 6.28e-01)	6.512836e+00 6.511655e+00 : 9.303208e-01
9661(998) (1.10e+00 8.80e-01) XE:8.80e-02 (1.17e+00 1.19e+00 | 6.01e-01 6.28e-01)	6.512546e+00 6.511534e+00 : 9.302914e-01
9719(993) (1.36e+00 8.80e-01) XE:8.80e-02 (1.19e+00 1.19e+00 | 5.43e-01 6.28e-01)	6.512453e+00 6.511572e+00 : 9.302875e-01
9778(1003) (7.14e-01 8.80e-01) XE:8.80e-02 (1.18e+00 1.19e+00 | 6.62e-01 6.28e-01)	6.512314e+00 6.511449e+00 : 9.302688e-01
9836(998) (1.01e+00 8.80e-01) XE:8.80e-02 (1.17e+00 1.19e+00 | 5.95e-01 6.28e-01)	6.512162e+00 6.511316e+00 : 9.302484e-01
9894(1003) (1.24e+00 8.80e-01) XE:8.80e-02 (1.19e+00 1.19e+00 | 6.42e-01 6.28e-01)	6.512265e+00 6.511235e+00 : 9.302500e-01
9952(996) (6.61e-01 8.80e-01) XE:8.80e-02 (1.18e+00 1.19e+00 | 5.71e-01 6.28e-01)	6.512245e+00 6.511065e+00 : 9.302364e-01
10000(1000) (7.98e-01 8.80e-01) XE:8.80e-02 (1.16e+00 1.19e+00 | 6.03e-01 6.28e-01)	6.512235e+00 6.510818e+00 : 9.302180e-01
RL cnt: 0,6965544,1348020,100808,5766,428,0,0,0,0,0,0,0,0,0,0,
BL cnt: 0,0,0,0,0,0,56418,0,1442963,0,6911115,0,1443129,0,56375,0,0,0,0,0,0,
6.512235e+00 6.510818e+00 : 9.302180e-01
# InnerCodebook: deleted
# NBIDSchannel: deleted
# Gtable: deleted
# FBalg4: deleted
# StatICB: deleted
