# (Pid,Ps)=(4.000000e-02,1.000000e-02) Nseg=200 WinSize=10 lmd=1 [0]
# InnerCB: ../search03/ICB/A11.bin
# Gtable:  Gtable/5/040_010.bin
# InnerCodebook: beta=5(1024) nu=2
# InnerCodebook: B(B2p)=7(128) 7(128) 
# InnerCodebook: checked CWM, EncMap, DecMap
# beta=5(1024) nu=2 N=1000 Dmax=45
# B=7,7,
# NBIDSchannel: N=1000 Q=4 Dmax=45 (Pid,Ps)=(4.000000e-02,1.000000e-02)
# FBalg4: Nseg=200 Dmax=45(w=91)
# FBalg4: Gtable: Gtable/5/040_010.bin
# Gtable: beta=5 (Pid,Ps,Ptrn)=(4.000000e-02,1.000000e-02,9.200000e-01) Pth=1.000000e-10
# Gtable: beta4p=1024 beta4pp=1048576
# Gtable::Gtable len=0 cnt=1024
# Gtable::Gtable len=1 cnt=4096
# Gtable::Gtable len=2 cnt=16384
# Gtable::Gtable len=3 cnt=65536
# Gtable::Gtable len=4 cnt=241636
# Gtable::Gtable len=5 cnt=810652
# Gtable::Gtable len=6 cnt=1541824
# Gtable::Gtable len=7 cnt=2116924
# Gtable::Gtable len=8 cnt=1264036
# Gtable::Gtable len=9 cnt=104812
# Gtable::Gtable len=10 cnt=31744
# FBalg4: beta=5(1024) (Pid,Ps)=(4.000000e-02,1.000000e-02) Pth=1.000000e-10 N=1000
# StatICB: nu=2 beta=5 beta4p=1024 Bsum=14 lmd=1
# StatICB: B=7,7,
0020(999) (2.75e+00 2.28e+00) XE:2.28e-01 (1.18e+00 1.19e+00 | 6.24e-01 6.27e-01)	6.480339e+00 6.471306e+00 : 9.251175e-01
0040(1001) (2.31e+00 2.25e+00) XE:2.25e-01 (1.19e+00 1.19e+00 | 5.77e-01 6.27e-01)	6.354977e+00 6.313904e+00 : 9.049201e-01
0061(991) (1.94e+00 2.22e+00) XE:2.22e-01 (1.20e+00 1.19e+00 | 6.66e-01 6.28e-01)	6.267449e+00 6.213795e+00 : 8.915174e-01
0081(999) (2.55e+00 2.22e+00) XE:2.22e-01 (1.20e+00 1.19e+00 | 6.42e-01 6.32e-01)	6.177786e+00 6.144795e+00 : 8.801843e-01
0101(996) (2.54e+00 2.21e+00) XE:2.21e-01 (1.18e+00 1.19e+00 | 6.40e-01 6.31e-01)	6.121832e+00 6.092188e+00 : 8.724300e-01
0122(1012) (2.54e+00 2.22e+00) XE:2.22e-01 (1.19e+00 1.19e+00 | 6.66e-01 6.28e-01)	6.064027e+00 6.046384e+00 : 8.650293e-01
0142(1000) (2.00e+00 2.20e+00) XE:2.20e-01 (1.20e+00 1.19e+00 | 6.38e-01 6.29e-01)	6.032226e+00 6.028272e+00 : 8.614641e-01
0163(995) (2.56e+00 2.20e+00) XE:2.20e-01 (1.16e+00 1.19e+00 | 6.68e-01 6.27e-01)	5.999321e+00 6.003672e+00 : 8.573566e-01
0183(999) (2.44e+00 2.21e+00) XE:2.21e-01 (1.20e+00 1.19e+00 | 6.68e-01 6.27e-01)	5.971086e+00 5.973630e+00 : 8.531940e-01
0204(998) (2.46e+00 2.23e+00) XE:2.23e-01 (1.18e+00 1.19e+00 | 6.88e-01 6.27e-01)	5.934010e+00 5.941220e+00 : 8.482307e-01
0224(995) (1.98e+00 2.22e+00) XE:2.22e-01 (1.16e+00 1.19e+00 | 6.22e-01 6.27e-01)	5.910517e+00 5.918840e+00 : 8.449541e-01
0245(1012) (2.15e+00 2.22e+00) XE:2.22e-01 (1.19e+00 1.19e+00 | 5.87e-01 6.26e-01)	5.896168e+00 5.903193e+00 : 8.428115e-01
0265(993) (2.62e+00 2.22e+00) XE:2.22e-01 (1.18e+00 1.19e+00 | 5.77e-01 6.25e-01)	5.882127e+00 5.886259e+00 : 8.405990e-01
0286(987) (2.25e+00 2.22e+00) XE:2.22e-01 (1.18e+00 1.19e+00 | 5.95e-01 6.25e-01)	5.865453e+00 5.873232e+00 : 8.384775e-01
0306(1007) (2.03e+00 2.22e+00) XE:2.22e-01 (1.19e+00 1.19e+00 | 6.58e-01 6.26e-01)	5.853507e+00 5.865449e+00 : 8.370682e-01
0327(1007) (1.95e+00 2.22e+00) XE:2.22e-01 (1.17e+00 1.19e+00 | 6.20e-01 6.26e-01)	5.839886e+00 5.855068e+00 : 8.353539e-01
0347(994) (1.99e+00 2.23e+00) XE:2.23e-01 (1.19e+00 1.19e+00 | 6.58e-01 6.26e-01)	5.829575e+00 5.844091e+00 : 8.338333e-01
0368(1000) (2.08e+00 2.22e+00) XE:2.22e-01 (1.15e+00 1.19e+00 | 6.40e-01 6.26e-01)	5.820837e+00 5.834976e+00 : 8.325581e-01
0388(1003) (2.35e+00 2.22e+00) XE:2.22e-01 (1.19e+00 1.19e+00 | 6.54e-01 6.27e-01)	5.812606e+00 5.822093e+00 : 8.310500e-01
0408(998) (2.14e+00 2.23e+00) XE:2.23e-01 (1.15e+00 1.19e+00 | 5.67e-01 6.27e-01)	5.802539e+00 5.812639e+00 : 8.296556e-01
0429(1004) (2.43e+00 2.23e+00) XE:2.23e-01 (1.18e+00 1.19e+00 | 6.44e-01 6.27e-01)	5.790898e+00 5.793742e+00 : 8.274742e-01
0449(1008) (1.96e+00 2.23e+00) XE:2.23e-01 (1.21e+00 1.19e+00 | 6.64e-01 6.27e-01)	5.784556e+00 5.782795e+00 : 8.262394e-01
0470(993) (2.26e+00 2.23e+00) XE:2.23e-01 (1.19e+00 1.19e+00 | 5.79e-01 6.27e-01)	5.775928e+00 5.776010e+00 : 8.251384e-01
0490(1007) (2.54e+00 2.23e+00) XE:2.23e-01 (1.18e+00 1.19e+00 | 5.87e-01 6.27e-01)	5.770418e+00 5.771003e+00 : 8.243872e-01
0511(1000) (2.20e+00 2.23e+00) XE:2.23e-01 (1.20e+00 1.19e+00 | 6.40e-01 6.27e-01)	5.767268e+00 5.764999e+00 : 8.237333e-01
0531(995) (2.13e+00 2.23e+00) XE:2.23e-01 (1.17e+00 1.19e+00 | 5.97e-01 6.27e-01)	5.765451e+00 5.758572e+00 : 8.231445e-01
0552(1019) (1.98e+00 2.23e+00) XE:2.23e-01 (1.22e+00 1.19e+00 | 6.16e-01 6.28e-01)	5.762523e+00 5.756001e+00 : 8.227517e-01
0572(998) (2.27e+00 2.22e+00) XE:2.22e-01 (1.21e+00 1.19e+00 | 6.09e-01 6.28e-01)	5.761898e+00 5.751657e+00 : 8.223967e-01
0593(1000) (2.07e+00 2.23e+00) XE:2.23e-01 (1.17e+00 1.19e+00 | 5.93e-01 6.28e-01)	5.755793e+00 5.748167e+00 : 8.217114e-01
0613(985) (2.22e+00 2.23e+00) XE:2.23e-01 (1.20e+00 1.19e+00 | 6.80e-01 6.28e-01)	5.749833e+00 5.742834e+00 : 8.209047e-01
0634(1018) (1.80e+00 2.23e+00) XE:2.23e-01 (1.18e+00 1.19e+00 | 6.20e-01 6.28e-01)	5.746625e+00 5.739746e+00 : 8.204551e-01
0654(1001) (2.29e+00 2.22e+00) XE:2.22e-01 (1.20e+00 1.19e+00 | 6.54e-01 6.28e-01)	5.743527e+00 5.736455e+00 : 8.199987e-01
0675(996) (2.43e+00 2.22e+00) XE:2.22e-01 (1.19e+00 1.19e+00 | 5.65e-01 6.28e-01)	5.739866e+00 5.730431e+00 : 8.193069e-01
0695(994) (2.34e+00 2.23e+00) XE:2.23e-01 (1.20e+00 1.19e+00 | 6.48e-01 6.28e-01)	5.734394e+00 5.724690e+00 : 8.185061e-01
0715(1005) (1.98e+00 2.22e+00) XE:2.22e-01 (1.18e+00 1.19e+00 | 5.77e-01 6.28e-01)	5.733296e+00 5.724849e+00 : 8.184389e-01
0736(1000) (1.90e+00 2.22e+00) XE:2.22e-01 (1.20e+00 1.19e+00 | 6.48e-01 6.28e-01)	5.729990e+00 5.720257e+00 : 8.178748e-01
0756(1008) (2.44e+00 2.22e+00) XE:2.22e-01 (1.19e+00 1.19e+00 | 6.22e-01 6.28e-01)	5.729749e+00 5.718367e+00 : 8.177226e-01
0777(1001) (2.41e+00 2.22e+00) XE:2.22e-01 (1.17e+00 1.19e+00 | 6.12e-01 6.28e-01)	5.723319e+00 5.716095e+00 : 8.171010e-01
0797(990) (2.33e+00 2.22e+00) XE:2.22e-01 (1.19e+00 1.19e+00 | 6.48e-01 6.28e-01)	5.719595e+00 5.714148e+00 : 8.166959e-01
0818(1010) (2.14e+00 2.22e+00) XE:2.22e-01 (1.19e+00 1.19e+00 | 7.35e-01 6.28e-01)	5.717873e+00 5.711674e+00 : 8.163962e-01
0838(1004) (2.41e+00 2.22e+00) XE:2.22e-01 (1.22e+00 1.19e+00 | 6.80e-01 6.28e-01)	5.715066e+00 5.708149e+00 : 8.159440e-01
0859(984) (2.56e+00 2.22e+00) XE:2.22e-01 (1.20e+00 1.19e+00 | 6.90e-01 6.28e-01)	5.713236e+00 5.705591e+00 : 8.156305e-01
0879(994) (1.90e+00 2.22e+00) XE:2.22e-01 (1.17e+00 1.19e+00 | 6.60e-01 6.28e-01)	5.708933e+00 5.701269e+00 : 8.150144e-01
0900(985) (2.25e+00 2.22e+00) XE:2.22e-01 (1.20e+00 1.19e+00 | 6.68e-01 6.28e-01)	5.705562e+00 5.699375e+00 : 8.146384e-01
0920(1004) (2.33e+00 2.22e+00) XE:2.22e-01 (1.16e+00 1.19e+00 | 5.93e-01 6.28e-01)	5.703068e+00 5.697292e+00 : 8.143114e-01
0940(1019) (2.33e+00 2.22e+00) XE:2.22e-01 (1.17e+00 1.19e+00 | 6.09e-01 6.28e-01)	5.701993e+00 5.695383e+00 : 8.140982e-01
0961(1014) (2.17e+00 2.23e+00) XE:2.23e-01 (1.19e+00 1.19e+00 | 6.12e-01 6.27e-01)	5.691588e+00 5.684909e+00 : 8.126070e-01
0981(1007) (2.20e+00 2.23e+00) XE:2.23e-01 (1.17e+00 1.19e+00 | 5.93e-01 6.27e-01)	5.689460e+00 5.682237e+00 : 8.122641e-01
1002(1000) (1.99e+00 2.22e+00) XE:2.22e-01 (1.17e+00 1.19e+00 | 6.36e-01 6.28e-01)	5.688054e+00 5.683328e+00 : 8.122416e-01
1022(992) (1.99e+00 2.22e+00) XE:2.22e-01 (1.18e+00 1.19e+00 | 6.14e-01 6.27e-01)	5.686938e+00 5.682404e+00 : 8.120959e-01
1043(986) (2.53e+00 2.23e+00) XE:2.23e-01 (1.19e+00 1.19e+00 | 6.20e-01 6.27e-01)	5.683107e+00 5.677621e+00 : 8.114806e-01
1063(991) (2.45e+00 2.23e+00) XE:2.23e-01 (1.19e+00 1.19e+00 | 5.85e-01 6.27e-01)	5.681473e+00 5.676921e+00 : 8.113139e-01
1084(1014) (1.86e+00 2.23e+00) XE:2.23e-01 (1.18e+00 1.19e+00 | 6.72e-01 6.27e-01)	5.679728e+00 5.673537e+00 : 8.109475e-01
1104(985) (2.46e+00 2.23e+00) XE:2.23e-01 (1.19e+00 1.19e+00 | 6.86e-01 6.27e-01)	5.677694e+00 5.671044e+00 : 8.106241e-01
1125(1001) (1.69e+00 2.23e+00) XE:2.23e-01 (1.16e+00 1.19e+00 | 6.22e-01 6.27e-01)	5.677453e+00 5.671609e+00 : 8.106473e-01
1145(988) (2.20e+00 2.23e+00) XE:2.23e-01 (1.16e+00 1.19e+00 | 5.67e-01 6.27e-01)	5.675849e+00 5.669233e+00 : 8.103630e-01
1166(991) (2.19e+00 2.22e+00) XE:2.22e-01 (1.17e+00 1.19e+00 | 6.50e-01 6.27e-01)	5.674123e+00 5.669148e+00 : 8.102336e-01
1186(995) (2.26e+00 2.23e+00) XE:2.23e-01 (1.18e+00 1.19e+00 | 6.07e-01 6.27e-01)	5.672589e+00 5.666499e+00 : 8.099348e-01
1207(1004) (1.85e+00 2.23e+00) XE:2.23e-01 (1.19e+00 1.19e+00 | 6.28e-01 6.27e-01)	5.671334e+00 5.666259e+00 : 8.098281e-01
1227(1006) (2.05e+00 2.23e+00) XE:2.23e-01 (1.20e+00 1.19e+00 | 6.58e-01 6.27e-01)	5.670143e+00 5.664560e+00 : 8.096217e-01
1248(999) (2.25e+00 2.23e+00) XE:2.23e-01 (1.19e+00 1.19e+00 | 6.70e-01 6.27e-01)	5.666176e+00 5.660920e+00 : 8.090783e-01
1268(1002) (2.03e+00 2.23e+00) XE:2.23e-01 (1.18e+00 1.19e+00 | 5.95e-01 6.27e-01)	5.661986e+00 5.655320e+00 : 8.083790e-01
1288(1007) (2.05e+00 2.23e+00) XE:2.23e-01 (1.21e+00 1.19e+00 | 6.42e-01 6.27e-01)	5.660849e+00 5.654041e+00 : 8.082064e-01
1309(985) (2.52e+00 2.23e+00) XE:2.23e-01 (1.20e+00 1.19e+00 | 6.05e-01 6.27e-01)	5.659709e+00 5.653466e+00 : 8.080840e-01
1329(1012) (2.22e+00 2.23e+00) XE:2.23e-01 (1.22e+00 1.19e+00 | 6.14e-01 6.26e-01)	5.654128e+00 5.648178e+00 : 8.073076e-01
1350(984) (2.24e+00 2.23e+00) XE:2.23e-01 (1.18e+00 1.19e+00 | 5.33e-01 6.27e-01)	5.653128e+00 5.646761e+00 : 8.071349e-01
1370(998) (2.60e+00 2.23e+00) XE:2.23e-01 (1.18e+00 1.19e+00 | 6.14e-01 6.27e-01)	5.653668e+00 5.646942e+00 : 8.071864e-01
1391(991) (2.38e+00 2.23e+00) XE:2.23e-01 (1.22e+00 1.19e+00 | 6.82e-01 6.27e-01)	5.653513e+00 5.645699e+00 : 8.070866e-01
1411(1018) (2.21e+00 2.23e+00) XE:2.23e-01 (1.18e+00 1.19e+00 | 5.85e-01 6.27e-01)	5.652169e+00 5.644740e+00 : 8.069221e-01
1432(1004) (2.08e+00 2.23e+00) XE:2.23e-01 (1.22e+00 1.19e+00 | 6.74e-01 6.27e-01)	5.652122e+00 5.643570e+00 : 8.068352e-01
1452(1001) (2.09e+00 2.23e+00) XE:2.23e-01 (1.15e+00 1.19e+00 | 5.57e-01 6.27e-01)	5.650562e+00 5.642006e+00 : 8.066120e-01
1473(979) (2.49e+00 2.23e+00) XE:2.23e-01 (1.19e+00 1.19e+00 | 6.20e-01 6.27e-01)	5.650342e+00 5.641197e+00 : 8.065385e-01
1493(1000) (1.94e+00 2.23e+00) XE:2.23e-01 (1.20e+00 1.19e+00 | 6.16e-01 6.27e-01)	5.649238e+00 5.639672e+00 : 8.063507e-01
1513(993) (2.64e+00 2.23e+00) XE:2.23e-01 (1.20e+00 1.19e+00 | 5.89e-01 6.27e-01)	5.641348e+00 5.631423e+00 : 8.051979e-01
1534(1005) (2.04e+00 2.23e+00) XE:2.23e-01 (1.19e+00 1.19e+00 | 5.73e-01 6.27e-01)	5.639492e+00 5.629271e+00 : 8.049117e-01
1554(992) (2.25e+00 2.23e+00) XE:2.23e-01 (1.21e+00 1.19e+00 | 6.90e-01 6.27e-01)	5.638153e+00 5.628247e+00 : 8.047429e-01
1575(1002) (1.45e+00 2.23e+00) XE:2.23e-01 (1.22e+00 1.19e+00 | 6.60e-01 6.27e-01)	5.636288e+00 5.627606e+00 : 8.045639e-01
1595(1008) (2.27e+00 2.23e+00) XE:2.23e-01 (1.18e+00 1.19e+00 | 6.28e-01 6.27e-01)	5.635782e+00 5.627358e+00 : 8.045100e-01
1616(1004) (2.28e+00 2.23e+00) XE:2.23e-01 (1.19e+00 1.19e+00 | 6.70e-01 6.27e-01)	5.634730e+00 5.625922e+00 : 8.043323e-01
1636(991) (2.00e+00 2.23e+00) XE:2.23e-01 (1.18e+00 1.19e+00 | 6.18e-01 6.28e-01)	5.633091e+00 5.624625e+00 : 8.041225e-01
1657(996) (2.66e+00 2.23e+00) XE:2.23e-01 (1.18e+00 1.19e+00 | 6.52e-01 6.28e-01)	5.631722e+00 5.622446e+00 : 8.038692e-01
1677(993) (2.14e+00 2.23e+00) XE:2.23e-01 (1.16e+00 1.19e+00 | 5.27e-01 6.27e-01)	5.630966e+00 5.622498e+00 : 8.038188e-01
1698(982) (2.04e+00 2.23e+00) XE:2.23e-01 (1.15e+00 1.19e+00 | 5.95e-01 6.27e-01)	5.631470e+00 5.621291e+00 : 8.037686e-01
1718(996) (2.58e+00 2.23e+00) XE:2.23e-01 (1.18e+00 1.19e+00 | 6.24e-01 6.27e-01)	5.631040e+00 5.619324e+00 : 8.035975e-01
1739(996) (2.67e+00 2.23e+00) XE:2.23e-01 (1.19e+00 1.19e+00 | 6.60e-01 6.27e-01)	5.629792e+00 5.618768e+00 : 8.034685e-01
1759(1020) (2.04e+00 2.23e+00) XE:2.23e-01 (1.18e+00 1.19e+00 | 6.60e-01 6.27e-01)	5.629269e+00 5.616946e+00 : 8.033011e-01
1779(999) (2.19e+00 2.23e+00) XE:2.23e-01 (1.16e+00 1.19e+00 | 6.28e-01 6.27e-01)	5.628761e+00 5.615632e+00 : 8.031709e-01
1800(1004) (2.60e+00 2.23e+00) XE:2.23e-01 (1.17e+00 1.19e+00 | 6.14e-01 6.27e-01)	5.628409e+00 5.614467e+00 : 8.030626e-01
1820(995) (3.27e+00 2.23e+00) XE:2.23e-01 (1.20e+00 1.19e+00 | 7.43e-01 6.27e-01)	5.626584e+00 5.612967e+00 : 8.028251e-01
1841(1001) (2.93e+00 2.23e+00) XE:2.23e-01 (1.19e+00 1.19e+00 | 5.87e-01 6.27e-01)	5.626548e+00 5.612279e+00 : 8.027733e-01
1861(1014) (1.97e+00 2.24e+00) XE:2.24e-01 (1.19e+00 1.19e+00 | 6.66e-01 6.27e-01)	5.625006e+00 5.610603e+00 : 8.025435e-01
1882(1016) (2.19e+00 2.24e+00) XE:2.24e-01 (1.17e+00 1.19e+00 | 6.40e-01 6.27e-01)	5.623011e+00 5.609176e+00 : 8.022991e-01
1902(980) (2.18e+00 2.23e+00) XE:2.23e-01 (1.21e+00 1.19e+00 | 6.80e-01 6.27e-01)	5.623590e+00 5.609328e+00 : 8.023513e-01
1923(1009) (2.38e+00 2.23e+00) XE:2.23e-01 (1.17e+00 1.19e+00 | 6.24e-01 6.27e-01)	5.622624e+00 5.609187e+00 : 8.022722e-01
1943(1002) (2.81e+00 2.23e+00) XE:2.23e-01 (1.20e+00 1.19e+00 | 5.97e-01 6.27e-01)	5.622202e+00 5.607839e+00 : 8.021458e-01
1964(1010) (2.15e+00 2.23e+00) XE:2.23e-01 (1.18e+00 1.19e+00 | 5.69e-01 6.27e-01)	5.621819e+00 5.607695e+00 : 8.021081e-01
1984(1001) (2.14e+00 2.23e+00) XE:2.23e-01 (1.18e+00 1.19e+00 | 6.28e-01 6.27e-01)	5.622077e+00 5.607438e+00 : 8.021082e-01
2005(1005) (1.69e+00 2.23e+00) XE:2.23e-01 (1.19e+00 1.19e+00 | 6.54e-01 6.27e-01)	5.620692e+00 5.605541e+00 : 8.018738e-01
2025(993) (2.25e+00 2.23e+00) XE:2.23e-01 (1.19e+00 1.19e+00 | 6.42e-01 6.27e-01)	5.619814e+00 5.604550e+00 : 8.017402e-01
2045(990) (2.33e+00 2.23e+00) XE:2.23e-01 (1.17e+00 1.19e+00 | 6.14e-01 6.27e-01)	5.619006e+00 5.605031e+00 : 8.017169e-01
2066(982) (2.39e+00 2.23e+00) XE:2.23e-01 (1.17e+00 1.19e+00 | 5.89e-01 6.27e-01)	5.616962e+00 5.602357e+00 : 8.013799e-01
2086(997) (2.32e+00 2.23e+00) XE:2.23e-01 (1.18e+00 1.19e+00 | 6.44e-01 6.27e-01)	5.616027e+00 5.601113e+00 : 8.012243e-01
2107(994) (2.43e+00 2.23e+00) XE:2.23e-01 (1.18e+00 1.19e+00 | 6.30e-01 6.27e-01)	5.614535e+00 5.600165e+00 : 8.010500e-01
2127(1010) (2.80e+00 2.23e+00) XE:2.23e-01 (1.18e+00 1.19e+00 | 6.36e-01 6.27e-01)	5.614418e+00 5.600088e+00 : 8.010362e-01
2148(991) (2.33e+00 2.23e+00) XE:2.23e-01 (1.18e+00 1.19e+00 | 6.14e-01 6.27e-01)	5.613742e+00 5.598907e+00 : 8.009035e-01
2168(998) (2.25e+00 2.23e+00) XE:2.23e-01 (1.19e+00 1.19e+00 | 5.55e-01 6.27e-01)	5.612304e+00 5.596330e+00 : 8.006168e-01
2189(1000) (2.09e+00 2.23e+00) XE:2.23e-01 (1.18e+00 1.19e+00 | 6.92e-01 6.27e-01)	5.612341e+00 5.595833e+00 : 8.005839e-01
2209(1001) (2.81e+00 2.23e+00) XE:2.23e-01 (1.18e+00 1.19e+00 | 6.07e-01 6.27e-01)	5.611075e+00 5.595135e+00 : 8.004436e-01
2230(1000) (2.19e+00 2.23e+00) XE:2.23e-01 (1.20e+00 1.19e+00 | 6.22e-01 6.28e-01)	5.611168e+00 5.594657e+00 : 8.004161e-01
2250(1007) (2.01e+00 2.23e+00) XE:2.23e-01 (1.19e+00 1.19e+00 | 6.84e-01 6.28e-01)	5.612105e+00 5.595623e+00 : 8.005520e-01
2271(1010) (2.01e+00 2.23e+00) XE:2.23e-01 (1.19e+00 1.19e+00 | 6.46e-01 6.28e-01)	5.612563e+00 5.595146e+00 : 8.005506e-01
2291(1005) (2.06e+00 2.23e+00) XE:2.23e-01 (1.15e+00 1.19e+00 | 6.05e-01 6.28e-01)	5.612545e+00 5.595383e+00 : 8.005663e-01
2311(1013) (2.33e+00 2.23e+00) XE:2.23e-01 (1.20e+00 1.19e+00 | 6.26e-01 6.28e-01)	5.612211e+00 5.594534e+00 : 8.004818e-01
2332(999) (2.54e+00 2.23e+00) XE:2.23e-01 (1.17e+00 1.19e+00 | 5.97e-01 6.28e-01)	5.611443e+00 5.594258e+00 : 8.004072e-01
2352(996) (1.94e+00 2.23e+00) XE:2.23e-01 (1.21e+00 1.19e+00 | 6.22e-01 6.28e-01)	5.610834e+00 5.593921e+00 : 8.003396e-01
2373(998) (2.61e+00 2.23e+00) XE:2.23e-01 (1.19e+00 1.19e+00 | 6.68e-01 6.28e-01)	5.609539e+00 5.593776e+00 : 8.002368e-01
2393(1008) (2.04e+00 2.23e+00) XE:2.23e-01 (1.18e+00 1.19e+00 | 6.07e-01 6.28e-01)	5.609942e+00 5.593740e+00 : 8.002630e-01
2414(981) (2.41e+00 2.23e+00) XE:2.23e-01 (1.20e+00 1.19e+00 | 6.28e-01 6.28e-01)	5.609006e+00 5.593948e+00 : 8.002109e-01
2434(999) (2.33e+00 2.23e+00) XE:2.23e-01 (1.18e+00 1.19e+00 | 6.12e-01 6.27e-01)	5.606564e+00 5.591705e+00 : 7.998764e-01
2455(1013) (1.64e+00 2.23e+00) XE:2.23e-01 (1.19e+00 1.19e+00 | 6.72e-01 6.27e-01)	5.607125e+00 5.592409e+00 : 7.999667e-01
2475(1007) (1.96e+00 2.23e+00) XE:2.23e-01 (1.19e+00 1.19e+00 | 5.95e-01 6.27e-01)	5.606955e+00 5.592186e+00 : 7.999386e-01
2495(1005) (2.18e+00 2.23e+00) XE:2.23e-01 (1.21e+00 1.19e+00 | 6.12e-01 6.27e-01)	5.606734e+00 5.592093e+00 : 7.999162e-01
2516(1000) (2.21e+00 2.23e+00) XE:2.23e-01 (1.23e+00 1.19e+00 | 6.12e-01 6.27e-01)	5.606168e+00 5.592008e+00 : 7.998697e-01
2536(995) (2.23e+00 2.23e+00) XE:2.23e-01 (1.17e+00 1.19e+00 | 5.99e-01 6.27e-01)	5.605193e+00 5.591940e+00 : 7.997952e-01
2557(1034) (1.65e+00 2.23e+00) XE:2.23e-01 (1.18e+00 1.19e+00 | 6.20e-01 6.27e-01)	5.604050e+00 5.590343e+00 : 7.995995e-01
2577(998) (2.24e+00 2.23e+00) XE:2.23e-01 (1.19e+00 1.19e+00 | 6.62e-01 6.27e-01)	5.603767e+00 5.589865e+00 : 7.995452e-01
2598(991) (2.54e+00 2.23e+00) XE:2.23e-01 (1.19e+00 1.19e+00 | 6.60e-01 6.27e-01)	5.603283e+00 5.589547e+00 : 7.994878e-01
2618(999) (2.27e+00 2.23e+00) XE:2.23e-01 (1.20e+00 1.19e+00 | 6.54e-01 6.27e-01)	5.603550e+00 5.590086e+00 : 7.995454e-01
2639(1020) (1.75e+00 2.23e+00) XE:2.23e-01 (1.19e+00 1.19e+00 | 6.94e-01 6.28e-01)	5.603168e+00 5.590463e+00 : 7.995451e-01
2659(995) (2.60e+00 2.23e+00) XE:2.23e-01 (1.20e+00 1.19e+00 | 6.30e-01 6.28e-01)	5.601532e+00 5.589203e+00 : 7.993382e-01
2679(990) (2.01e+00 2.23e+00) XE:2.23e-01 (1.18e+00 1.19e+00 | 6.34e-01 6.28e-01)	5.600915e+00 5.588727e+00 : 7.992601e-01
2700(1008) (2.21e+00 2.23e+00) XE:2.23e-01 (1.18e+00 1.19e+00 | 6.01e-01 6.28e-01)	5.600846e+00 5.588052e+00 : 7.992070e-01
2720(991) (2.55e+00 2.23e+00) XE:2.23e-01 (1.19e+00 1.19e+00 | 5.75e-01 6.28e-01)	5.599413e+00 5.586712e+00 : 7.990089e-01
2741(1002) (2.15e+00 2.23e+00) XE:2.23e-01 (1.19e+00 1.19e+00 | 6.42e-01 6.28e-01)	5.598452e+00 5.586557e+00 : 7.989292e-01
2761(999) (2.68e+00 2.23e+00) XE:2.23e-01 (1.19e+00 1.19e+00 | 5.67e-01 6.28e-01)	5.597296e+00 5.586135e+00 : 7.988165e-01
2782(991) (2.34e+00 2.23e+00) XE:2.23e-01 (1.18e+00 1.19e+00 | 6.42e-01 6.28e-01)	5.596886e+00 5.586107e+00 : 7.987852e-01
2802(1012) (2.02e+00 2.23e+00) XE:2.23e-01 (1.18e+00 1.19e+00 | 6.52e-01 6.28e-01)	5.596910e+00 5.586013e+00 : 7.987802e-01
2823(1004) (2.23e+00 2.23e+00) XE:2.23e-01 (1.19e+00 1.19e+00 | 6.62e-01 6.28e-01)	5.596598e+00 5.585585e+00 : 7.987274e-01
2843(993) (2.73e+00 2.23e+00) XE:2.23e-01 (1.22e+00 1.19e+00 | 6.24e-01 6.28e-01)	5.595967e+00 5.585160e+00 : 7.986519e-01
2864(995) (2.23e+00 2.23e+00) XE:2.23e-01 (1.16e+00 1.19e+00 | 6.03e-01 6.28e-01)	5.595914e+00 5.584812e+00 : 7.986233e-01
2884(1003) (1.92e+00 2.23e+00) XE:2.23e-01 (1.21e+00 1.19e+00 | 6.26e-01 6.28e-01)	5.596234e+00 5.584921e+00 : 7.986539e-01
2905(999) (2.39e+00 2.23e+00) XE:2.23e-01 (1.15e+00 1.19e+00 | 5.59e-01 6.28e-01)	5.596041e+00 5.584803e+00 : 7.986318e-01
2925(1010) (2.00e+00 2.23e+00) XE:2.23e-01 (1.16e+00 1.19e+00 | 5.95e-01 6.28e-01)	5.594479e+00 5.583097e+00 : 7.983983e-01
2945(1009) (2.31e+00 2.23e+00) XE:2.23e-01 (1.18e+00 1.19e+00 | 5.69e-01 6.28e-01)	5.594656e+00 5.582770e+00 : 7.983875e-01
2966(995) (2.04e+00 2.23e+00) XE:2.23e-01 (1.19e+00 1.19e+00 | 6.40e-01 6.28e-01)	5.594572e+00 5.582203e+00 : 7.983411e-01
2986(983) (2.41e+00 2.23e+00) XE:2.23e-01 (1.15e+00 1.19e+00 | 6.34e-01 6.28e-01)	5.593736e+00 5.581462e+00 : 7.982284e-01
3007(1015) (2.00e+00 2.23e+00) XE:2.23e-01 (1.23e+00 1.19e+00 | 7.02e-01 6.28e-01)	5.593916e+00 5.581372e+00 : 7.982349e-01
3027(1009) (2.27e+00 2.23e+00) XE:2.23e-01 (1.17e+00 1.19e+00 | 5.91e-01 6.28e-01)	5.592598e+00 5.579478e+00 : 7.980054e-01
3048(991) (2.87e+00 2.23e+00) XE:2.23e-01 (1.20e+00 1.19e+00 | 6.24e-01 6.28e-01)	5.592527e+00 5.578608e+00 : 7.979382e-01
3068(1000) (2.63e+00 2.23e+00) XE:2.23e-01 (1.19e+00 1.19e+00 | 5.79e-01 6.28e-01)	5.592689e+00 5.578407e+00 : 7.979354e-01
3089(1004) (3.66e+00 2.23e+00) XE:2.23e-01 (1.18e+00 1.19e+00 | 5.87e-01 6.28e-01)	5.591331e+00 5.576819e+00 : 7.977250e-01
3109(1005) (2.50e+00 2.23e+00) XE:2.23e-01 (1.21e+00 1.19e+00 | 6.72e-01 6.28e-01)	5.591206e+00 5.576888e+00 : 7.977210e-01
3130(989) (2.60e+00 2.23e+00) XE:2.23e-01 (1.18e+00 1.19e+00 | 6.62e-01 6.28e-01)	5.590981e+00 5.576503e+00 : 7.976774e-01
3150(998) (2.49e+00 2.23e+00) XE:2.23e-01 (1.18e+00 1.19e+00 | 5.87e-01 6.28e-01)	5.590072e+00 5.576422e+00 : 7.976067e-01
3171(983) (2.16e+00 2.23e+00) XE:2.23e-01 (1.18e+00 1.19e+00 | 6.44e-01 6.28e-01)	5.589880e+00 5.575841e+00 : 7.975515e-01
3191(1009) (2.11e+00 2.23e+00) XE:2.23e-01 (1.17e+00 1.19e+00 | 6.42e-01 6.28e-01)	5.589776e+00 5.575975e+00 : 7.975537e-01
3211(1009) (2.14e+00 2.23e+00) XE:2.23e-01 (1.20e+00 1.19e+00 | 6.52e-01 6.28e-01)	5.590169e+00 5.575119e+00 : 7.975206e-01
3232(994) (1.99e+00 2.23e+00) XE:2.23e-01 (1.21e+00 1.19e+00 | 6.68e-01 6.28e-01)	5.589319e+00 5.574503e+00 : 7.974158e-01
3252(989) (2.39e+00 2.23e+00) XE:2.23e-01 (1.18e+00 1.19e+00 | 6.34e-01 6.28e-01)	5.589107e+00 5.574087e+00 : 7.973710e-01
3273(1006) (2.42e+00 2.23e+00) XE:2.23e-01 (1.19e+00 1.19e+00 | 5.87e-01 6.28e-01)	5.588702e+00 5.574054e+00 : 7.973397e-01
3293(1002) (2.29e+00 2.23e+00) XE:2.23e-01 (1.16e+00 1.19e+00 | 5.81e-01 6.28e-01)	5.587152e+00 5.572811e+00 : 7.971402e-01
3314(1002) (2.55e+00 2.23e+00) XE:2.23e-01 (1.20e+00 1.19e+00 | 7.25e-01 6.28e-01)	5.587142e+00 5.572923e+00 : 7.971475e-01
3334(1003) (2.14e+00 2.23e+00) XE:2.23e-01 (1.20e+00 1.19e+00 | 6.64e-01 6.28e-01)	5.586522e+00 5.572074e+00 : 7.970426e-01
3355(1024) (2.22e+00 2.23e+00) XE:2.23e-01 (1.18e+00 1.19e+00 | 6.09e-01 6.28e-01)	5.586149e+00 5.571067e+00 : 7.969440e-01
3375(983) (2.59e+00 2.23e+00) XE:2.23e-01 (1.16e+00 1.19e+00 | 5.77e-01 6.28e-01)	5.585679e+00 5.571056e+00 : 7.969096e-01
3396(993) (2.17e+00 2.23e+00) XE:2.23e-01 (1.19e+00 1.19e+00 | 6.26e-01 6.28e-01)	5.585318e+00 5.570599e+00 : 7.968513e-01
3416(1015) (2.25e+00 2.23e+00) XE:2.23e-01 (1.18e+00 1.19e+00 | 5.53e-01 6.28e-01)	5.584898e+00 5.570225e+00 : 7.967945e-01
3437(992) (2.37e+00 2.23e+00) XE:2.23e-01 (1.17e+00 1.19e+00 | 6.40e-01 6.28e-01)	5.583526e+00 5.569062e+00 : 7.966134e-01
3457(987) (2.06e+00 2.23e+00) XE:2.23e-01 (1.20e+00 1.19e+00 | 6.46e-01 6.28e-01)	5.583455e+00 5.569092e+00 : 7.966105e-01
3478(1000) (2.27e+00 2.23e+00) XE:2.23e-01 (1.20e+00 1.19e+00 | 6.28e-01 6.28e-01)	5.583182e+00 5.568895e+00 : 7.965770e-01
3498(1021) (1.45e+00 2.23e+00) XE:2.23e-01 (1.21e+00 1.19e+00 | 6.44e-01 6.28e-01)	5.582840e+00 5.568810e+00 : 7.965464e-01
3519(1005) (2.13e+00 2.23e+00) XE:2.23e-01 (1.23e+00 1.19e+00 | 6.94e-01 6.28e-01)	5.582609e+00 5.568361e+00 : 7.964978e-01
3539(990) (2.90e+00 2.23e+00) XE:2.23e-01 (1.19e+00 1.19e+00 | 5.91e-01 6.28e-01)	5.581926e+00 5.567942e+00 : 7.964191e-01
3560(1002) (1.96e+00 2.23e+00) XE:2.23e-01 (1.21e+00 1.19e+00 | 6.80e-01 6.28e-01)	5.581950e+00 5.567928e+00 : 7.964199e-01
3580(997) (2.89e+00 2.23e+00) XE:2.23e-01 (1.18e+00 1.19e+00 | 6.07e-01 6.28e-01)	5.581917e+00 5.568123e+00 : 7.964315e-01
3601(979) (3.13e+00 2.23e+00) XE:2.23e-01 (1.22e+00 1.19e+00 | 6.76e-01 6.28e-01)	5.581939e+00 5.568053e+00 : 7.964280e-01
3621(993) (2.41e+00 2.23e+00) XE:2.23e-01 (1.17e+00 1.19e+00 | 6.03e-01 6.28e-01)	5.581382e+00 5.567508e+00 : 7.963493e-01
3641(997) (2.68e+00 2.23e+00) XE:2.23e-01 (1.19e+00 1.19e+00 | 6.88e-01 6.28e-01)	5.580654e+00 5.567035e+00 : 7.962635e-01
3662(999) (1.94e+00 2.23e+00) XE:2.23e-01 (1.19e+00 1.19e+00 | 6.68e-01 6.28e-01)	5.580675e+00 5.567174e+00 : 7.962749e-01
3682(1004) (2.30e+00 2.23e+00) XE:2.23e-01 (1.21e+00 1.19e+00 | 6.24e-01 6.28e-01)	5.580623e+00 5.566622e+00 : 7.962318e-01
3703(1006) (2.09e+00 2.23e+00) XE:2.23e-01 (1.19e+00 1.19e+00 | 6.40e-01 6.28e-01)	5.580140e+00 5.566468e+00 : 7.961863e-01
3723(1011) (1.61e+00 2.23e+00) XE:2.23e-01 (1.23e+00 1.19e+00 | 6.44e-01 6.28e-01)	5.579588e+00 5.566110e+00 : 7.961213e-01
3744(1001) (2.42e+00 2.23e+00) XE:2.23e-01 (1.18e+00 1.19e+00 | 6.18e-01 6.28e-01)	5.579162e+00 5.566271e+00 : 7.961024e-01
3764(1016) (2.03e+00 2.23e+00) XE:2.23e-01 (1.17e+00 1.19e+00 | 5.83e-01 6.28e-01)	5.579052e+00 5.566603e+00 : 7.961182e-01
3785(1017) (1.83e+00 2.23e+00) XE:2.23e-01 (1.22e+00 1.19e+00 | 6.46e-01 6.28e-01)	5.579068e+00 5.566524e+00 : 7.961137e-01
3805(998) (1.90e+00 2.23e+00) XE:2.23e-01 (1.19e+00 1.19e+00 | 6.32e-01 6.28e-01)	5.579175e+00 5.566793e+00 : 7.961405e-01
3826(1011) (2.36e+00 2.23e+00) XE:2.23e-01 (1.21e+00 1.19e+00 | 5.97e-01 6.28e-01)	5.578837e+00 5.566808e+00 : 7.961175e-01
3846(991) (2.53e+00 2.23e+00) XE:2.23e-01 (1.18e+00 1.19e+00 | 5.73e-01 6.28e-01)	5.577958e+00 5.565785e+00 : 7.959816e-01
3867(999) (2.03e+00 2.23e+00) XE:2.23e-01 (1.19e+00 1.19e+00 | 6.72e-01 6.28e-01)	5.577663e+00 5.565505e+00 : 7.959406e-01
3887(1000) (2.14e+00 2.23e+00) XE:2.23e-01 (1.18e+00 1.19e+00 | 5.93e-01 6.28e-01)	5.577677e+00 5.565287e+00 : 7.959260e-01
3908(1005) (2.52e+00 2.23e+00) XE:2.23e-01 (1.18e+00 1.19e+00 | 6.42e-01 6.28e-01)	5.577112e+00 5.564501e+00 : 7.958295e-01
3928(1001) (2.77e+00 2.23e+00) XE:2.23e-01 (1.18e+00 1.19e+00 | 6.52e-01 6.28e-01)	5.576188e+00 5.563672e+00 : 7.957043e-01
3949(1002) (2.04e+00 2.23e+00) XE:2.23e-01 (1.18e+00 1.19e+00 | 5.49e-01 6.28e-01)	5.575843e+00 5.563494e+00 : 7.956669e-01
3969(1000) (2.49e+00 2.23e+00) XE:2.23e-01 (1.21e+00 1.19e+00 | 7.06e-01 6.28e-01)	5.575495e+00 5.563226e+00 : 7.956229e-01
3989(1001) (2.82e+00 2.23e+00) XE:2.23e-01 (1.21e+00 1.19e+00 | 6.50e-01 6.28e-01)	5.574983e+00 5.563294e+00 : 7.955912e-01
4010(997) (2.14e+00 2.23e+00) XE:2.23e-01 (1.21e+00 1.19e+00 | 6.64e-01 6.28e-01)	5.574974e+00 5.563326e+00 : 7.955929e-01
4030(1009) (2.15e+00 2.23e+00) XE:2.23e-01 (1.20e+00 1.19e+00 | 6.42e-01 6.28e-01)	5.575022e+00 5.563414e+00 : 7.956025e-01
4051(1005) (1.98e+00 2.23e+00) XE:2.23e-01 (1.19e+00 1.19e+00 | 5.85e-01 6.28e-01)	5.575170e+00 5.563058e+00 : 7.955877e-01
4071(987) (2.30e+00 2.23e+00) XE:2.23e-01 (1.17e+00 1.19e+00 | 6.62e-01 6.28e-01)	5.574855e+00 5.562915e+00 : 7.955550e-01
4092(997) (2.27e+00 2.23e+00) XE:2.23e-01 (1.18e+00 1.19e+00 | 6.30e-01 6.28e-01)	5.574219e+00 5.562348e+00 : 7.954691e-01
4112(990) (2.28e+00 2.23e+00) XE:2.23e-01 (1.19e+00 1.19e+00 | 6.26e-01 6.28e-01)	5.574140e+00 5.562078e+00 : 7.954442e-01
4133(1013) (2.13e+00 2.23e+00) XE:2.23e-01 (1.19e+00 1.19e+00 | 6.24e-01 6.28e-01)	5.573878e+00 5.561675e+00 : 7.953966e-01
4153(1009) (1.33e+00 2.23e+00) XE:2.23e-01 (1.17e+00 1.19e+00 | 6.09e-01 6.28e-01)	5.574115e+00 5.561738e+00 : 7.954180e-01
4174(1000) (2.36e+00 2.23e+00) XE:2.23e-01 (1.19e+00 1.19e+00 | 6.80e-01 6.28e-01)	5.574200e+00 5.561849e+00 : 7.954321e-01
4194(1008) (1.94e+00 2.23e+00) XE:2.23e-01 (1.17e+00 1.19e+00 | 6.36e-01 6.28e-01)	5.574139e+00 5.561886e+00 : 7.954304e-01
4214(994) (2.29e+00 2.23e+00) XE:2.23e-01 (1.16e+00 1.19e+00 | 6.22e-01 6.28e-01)	5.573760e+00 5.561273e+00 : 7.953595e-01
4235(999) (2.16e+00 2.23e+00) XE:2.23e-01 (1.16e+00 1.19e+00 | 6.01e-01 6.28e-01)	5.573101e+00 5.561494e+00 : 7.953282e-01
4255(1003) (2.08e+00 2.23e+00) XE:2.23e-01 (1.19e+00 1.19e+00 | 6.60e-01 6.28e-01)	5.572989e+00 5.561044e+00 : 7.952881e-01
4276(1012) (1.94e+00 2.23e+00) XE:2.23e-01 (1.15e+00 1.19e+00 | 6.28e-01 6.28e-01)	5.572872e+00 5.560659e+00 : 7.952523e-01
4296(1005) (1.77e+00 2.23e+00) XE:2.23e-01 (1.20e+00 1.19e+00 | 6.48e-01 6.28e-01)	5.572498e+00 5.560428e+00 : 7.952090e-01
4317(1003) (2.06e+00 2.23e+00) XE:2.23e-01 (1.20e+00 1.19e+00 | 6.52e-01 6.28e-01)	5.572463e+00 5.560339e+00 : 7.952001e-01
4337(1002) (1.75e+00 2.23e+00) XE:2.23e-01 (1.19e+00 1.19e+00 | 6.16e-01 6.28e-01)	5.572555e+00 5.560040e+00 : 7.951853e-01
4358(999) (2.40e+00 2.23e+00) XE:2.23e-01 (1.17e+00 1.19e+00 | 5.43e-01 6.28e-01)	5.571906e+00 5.559000e+00 : 7.950647e-01
4378(1018) (2.61e+00 2.23e+00) XE:2.23e-01 (1.20e+00 1.19e+00 | 6.54e-01 6.28e-01)	5.570368e+00 5.557394e+00 : 7.948401e-01
4398(1004) (1.97e+00 2.23e+00) XE:2.23e-01 (1.22e+00 1.19e+00 | 6.92e-01 6.28e-01)	5.570684e+00 5.557950e+00 : 7.949025e-01
4419(993) (1.92e+00 2.23e+00) XE:2.23e-01 (1.19e+00 1.19e+00 | 6.50e-01 6.28e-01)	5.570333e+00 5.557801e+00 : 7.948668e-01
4439(1015) (1.91e+00 2.23e+00) XE:2.23e-01 (1.20e+00 1.19e+00 | 6.48e-01 6.28e-01)	5.570363e+00 5.557497e+00 : 7.948472e-01
4460(992) (2.05e+00 2.23e+00) XE:2.23e-01 (1.19e+00 1.19e+00 | 6.03e-01 6.28e-01)	5.570264e+00 5.557228e+00 : 7.948208e-01
4480(1009) (1.79e+00 2.23e+00) XE:2.23e-01 (1.19e+00 1.19e+00 | 6.46e-01 6.28e-01)	5.570128e+00 5.556578e+00 : 7.947647e-01
4501(1008) (2.20e+00 2.23e+00) XE:2.23e-01 (1.19e+00 1.19e+00 | 6.24e-01 6.28e-01)	5.569664e+00 5.556170e+00 : 7.947024e-01
4521(1002) (1.92e+00 2.23e+00) XE:2.23e-01 (1.17e+00 1.19e+00 | 6.84e-01 6.28e-01)	5.569744e+00 5.555928e+00 : 7.946909e-01
4542(1008) (2.34e+00 2.23e+00) XE:2.23e-01 (1.17e+00 1.19e+00 | 6.60e-01 6.28e-01)	5.569262e+00 5.555589e+00 : 7.946322e-01
4562(1013) (2.10e+00 2.23e+00) XE:2.23e-01 (1.17e+00 1.19e+00 | 5.85e-01 6.28e-01)	5.569203e+00 5.555342e+00 : 7.946104e-01
4583(1011) (2.03e+00 2.23e+00) XE:2.23e-01 (1.18e+00 1.19e+00 | 5.87e-01 6.28e-01)	5.569440e+00 5.555567e+00 : 7.946433e-01
4603(1000) (1.81e+00 2.23e+00) XE:2.23e-01 (1.17e+00 1.19e+00 | 6.38e-01 6.28e-01)	5.569625e+00 5.555680e+00 : 7.946647e-01
4624(1015) (2.10e+00 2.23e+00) XE:2.23e-01 (1.20e+00 1.19e+00 | 6.26e-01 6.28e-01)	5.569366e+00 5.555527e+00 : 7.946352e-01
4644(1002) (2.09e+00 2.23e+00) XE:2.23e-01 (1.19e+00 1.19e+00 | 5.25e-01 6.28e-01)	5.568591e+00 5.554852e+00 : 7.945316e-01
4664(992) (2.50e+00 2.23e+00) XE:2.23e-01 (1.19e+00 1.19e+00 | 6.74e-01 6.28e-01)	5.568234e+00 5.554805e+00 : 7.945028e-01
4685(994) (2.23e+00 2.23e+00) XE:2.23e-01 (1.19e+00 1.19e+00 | 6.44e-01 6.28e-01)	5.567201e+00 5.553852e+00 : 7.943609e-01
4705(991) (1.86e+00 2.23e+00) XE:2.23e-01 (1.18e+00 1.19e+00 | 6.01e-01 6.28e-01)	5.565871e+00 5.552288e+00 : 7.941542e-01
4726(1006) (5.53e+00 2.23e+00) XE:2.23e-01 (1.17e+00 1.19e+00 | 5.75e-01 6.28e-01)	5.564877e+00 5.551375e+00 : 7.940180e-01
4746(1002) (1.89e+00 2.23e+00) XE:2.23e-01 (1.18e+00 1.19e+00 | 6.22e-01 6.28e-01)	5.565006e+00 5.551555e+00 : 7.940401e-01
4767(1001) (1.89e+00 2.23e+00) XE:2.23e-01 (1.16e+00 1.19e+00 | 6.62e-01 6.28e-01)	5.564754e+00 5.551532e+00 : 7.940204e-01
4787(1003) (1.98e+00 2.23e+00) XE:2.23e-01 (1.17e+00 1.19e+00 | 5.91e-01 6.28e-01)	5.564745e+00 5.551446e+00 : 7.940137e-01
4808(1003) (2.53e+00 2.23e+00) XE:2.23e-01 (1.18e+00 1.19e+00 | 6.30e-01 6.28e-01)	5.564674e+00 5.551443e+00 : 7.940083e-01
4828(1012) (1.92e+00 2.23e+00) XE:2.23e-01 (1.15e+00 1.19e+00 | 6.01e-01 6.28e-01)	5.564646e+00 5.551005e+00 : 7.939750e-01
4848(998) (2.44e+00 2.23e+00) XE:2.23e-01 (1.17e+00 1.19e+00 | 5.99e-01 6.28e-01)	5.564877e+00 5.550884e+00 : 7.939830e-01
4869(1009) (2.41e+00 2.23e+00) XE:2.23e-01 (1.19e+00 1.19e+00 | 6.34e-01 6.28e-01)	5.564831e+00 5.551168e+00 : 7.940000e-01
4889(1013) (2.29e+00 2.23e+00) XE:2.23e-01 (1.16e+00 1.19e+00 | 6.22e-01 6.28e-01)	5.564635e+00 5.550814e+00 : 7.939606e-01
4910(995) (2.17e+00 2.23e+00) XE:2.23e-01 (1.20e+00 1.19e+00 | 6.24e-01 6.28e-01)	5.564622e+00 5.550320e+00 : 7.939244e-01
4930(998) (2.35e+00 2.23e+00) XE:2.23e-01 (1.17e+00 1.19e+00 | 5.91e-01 6.28e-01)	5.564550e+00 5.550090e+00 : 7.939029e-01
4951(995) (1.94e+00 2.23e+00) XE:2.23e-01 (1.17e+00 1.19e+00 | 5.87e-01 6.28e-01)	5.564187e+00 5.550305e+00 : 7.938923e-01
4971(997) (2.25e+00 2.23e+00) XE:2.23e-01 (1.18e+00 1.19e+00 | 6.48e-01 6.28e-01)	5.564660e+00 5.550273e+00 : 7.939238e-01
4992(1006) (1.95e+00 2.23e+00) XE:2.23e-01 (1.20e+00 1.19e+00 | 6.26e-01 6.28e-01)	5.564353e+00 5.549846e+00 : 7.938713e-01
5012(1009) (1.91e+00 2.23e+00) XE:2.23e-01 (1.20e+00 1.19e+00 | 6.78e-01 6.28e-01)	5.564168e+00 5.549790e+00 : 7.938542e-01
5033(1006) (2.12e+00 2.23e+00) XE:2.23e-01 (1.17e+00 1.19e+00 | 6.05e-01 6.28e-01)	5.563985e+00 5.549512e+00 : 7.938212e-01
5053(993) (2.15e+00 2.23e+00) XE:2.23e-01 (1.21e+00 1.19e+00 | 6.30e-01 6.28e-01)	5.563762e+00 5.549445e+00 : 7.938006e-01
5074(989) (2.20e+00 2.23e+00) XE:2.23e-01 (1.18e+00 1.19e+00 | 6.01e-01 6.28e-01)	5.563679e+00 5.549410e+00 : 7.937921e-01
5094(1009) (1.74e+00 2.23e+00) XE:2.23e-01 (1.17e+00 1.19e+00 | 6.16e-01 6.28e-01)	5.563450e+00 5.549246e+00 : 7.937640e-01
5114(1013) (1.87e+00 2.23e+00) XE:2.23e-01 (1.18e+00 1.19e+00 | 6.28e-01 6.28e-01)	5.563613e+00 5.549859e+00 : 7.938194e-01
5135(981) (2.31e+00 2.23e+00) XE:2.23e-01 (1.19e+00 1.19e+00 | 6.54e-01 6.28e-01)	5.563178e+00 5.549351e+00 : 7.937521e-01
5155(997) (2.12e+00 2.23e+00) XE:2.23e-01 (1.18e+00 1.19e+00 | 6.90e-01 6.28e-01)	5.562941e+00 5.549024e+00 : 7.937118e-01
5176(1001) (1.83e+00 2.23e+00) XE:2.23e-01 (1.19e+00 1.19e+00 | 6.05e-01 6.28e-01)	5.563007e+00 5.549173e+00 : 7.937272e-01
5196(992) (2.78e+00 2.23e+00) XE:2.23e-01 (1.17e+00 1.19e+00 | 5.81e-01 6.28e-01)	5.563004e+00 5.548877e+00 : 7.937058e-01
5217(1003) (2.34e+00 2.23e+00) XE:2.23e-01 (1.17e+00 1.19e+00 | 6.26e-01 6.28e-01)	5.563027e+00 5.548525e+00 : 7.936823e-01
5237(995) (2.37e+00 2.23e+00) XE:2.23e-01 (1.16e+00 1.19e+00 | 6.18e-01 6.28e-01)	5.560583e+00 5.546279e+00 : 7.933473e-01
5258(1011) (1.78e+00 2.23e+00) XE:2.23e-01 (1.19e+00 1.19e+00 | 6.22e-01 6.28e-01)	5.560566e+00 5.546227e+00 : 7.933423e-01
5278(1025) (2.15e+00 2.23e+00) XE:2.23e-01 (1.19e+00 1.19e+00 | 6.94e-01 6.28e-01)	5.560634e+00 5.545812e+00 : 7.933176e-01
5299(994) (2.26e+00 2.23e+00) XE:2.23e-01 (1.18e+00 1.19e+00 | 6.20e-01 6.28e-01)	5.560458e+00 5.545804e+00 : 7.933044e-01
5319(1004) (1.93e+00 2.23e+00) XE:2.23e-01 (1.15e+00 1.19e+00 | 6.12e-01 6.28e-01)	5.560447e+00 5.545870e+00 : 7.933083e-01
5339(1015) (1.73e+00 2.23e+00) XE:2.23e-01 (1.21e+00 1.19e+00 | 6.18e-01 6.28e-01)	5.560020e+00 5.545291e+00 : 7.932365e-01
5360(1002) (2.33e+00 2.23e+00) XE:2.23e-01 (1.17e+00 1.19e+00 | 6.05e-01 6.28e-01)	5.560210e+00 5.545758e+00 : 7.932834e-01
5380(983) (2.36e+00 2.23e+00) XE:2.23e-01 (1.18e+00 1.19e+00 | 6.88e-01 6.28e-01)	5.559686e+00 5.545183e+00 : 7.932049e-01
5401(993) (2.43e+00 2.23e+00) XE:2.23e-01 (1.17e+00 1.19e+00 | 6.18e-01 6.28e-01)	5.559444e+00 5.545090e+00 : 7.931810e-01
5421(1005) (2.63e+00 2.23e+00) XE:2.23e-01 (1.18e+00 1.19e+00 | 6.44e-01 6.28e-01)	5.559480e+00 5.545415e+00 : 7.932068e-01
5442(999) (2.23e+00 2.23e+00) XE:2.23e-01 (1.17e+00 1.19e+00 | 6.40e-01 6.28e-01)	5.559381e+00 5.545765e+00 : 7.932247e-01
5462(1011) (1.69e+00 2.23e+00) XE:2.23e-01 (1.17e+00 1.19e+00 | 5.79e-01 6.28e-01)	5.559645e+00 5.545703e+00 : 7.932391e-01
5483(1002) (2.23e+00 2.23e+00) XE:2.23e-01 (1.19e+00 1.19e+00 | 6.05e-01 6.28e-01)	5.559933e+00 5.545860e+00 : 7.932709e-01
5503(1002) (2.00e+00 2.23e+00) XE:2.23e-01 (1.18e+00 1.19e+00 | 6.09e-01 6.28e-01)	5.560141e+00 5.546269e+00 : 7.933150e-01
5523(1014) (1.99e+00 2.23e+00) XE:2.23e-01 (1.17e+00 1.19e+00 | 6.24e-01 6.28e-01)	5.560338e+00 5.546413e+00 : 7.933394e-01
5544(1002) (1.81e+00 2.23e+00) XE:2.23e-01 (1.17e+00 1.19e+00 | 5.83e-01 6.28e-01)	5.560694e+00 5.546498e+00 : 7.933708e-01
5564(1002) (2.14e+00 2.23e+00) XE:2.23e-01 (1.19e+00 1.19e+00 | 6.01e-01 6.28e-01)	5.560338e+00 5.545881e+00 : 7.933014e-01
5585(1001) (2.16e+00 2.23e+00) XE:2.23e-01 (1.18e+00 1.19e+00 | 6.40e-01 6.28e-01)	5.560679e+00 5.546314e+00 : 7.933566e-01
5605(1005) (1.90e+00 2.23e+00) XE:2.23e-01 (1.17e+00 1.19e+00 | 6.62e-01 6.28e-01)	5.560733e+00 5.546234e+00 : 7.933549e-01
5626(1014) (1.76e+00 2.23e+00) XE:2.23e-01 (1.19e+00 1.19e+00 | 6.50e-01 6.28e-01)	5.560598e+00 5.545925e+00 : 7.933231e-01
5646(994) (2.00e+00 2.23e+00) XE:2.23e-01 (1.19e+00 1.19e+00 | 6.94e-01 6.28e-01)	5.560268e+00 5.545765e+00 : 7.932881e-01
5667(1008) (1.85e+00 2.23e+00) XE:2.23e-01 (1.16e+00 1.19e+00 | 5.73e-01 6.28e-01)	5.560538e+00 5.545838e+00 : 7.933125e-01
5687(1012) (1.73e+00 2.23e+00) XE:2.23e-01 (1.16e+00 1.19e+00 | 6.07e-01 6.28e-01)	5.560616e+00 5.545972e+00 : 7.933277e-01
5708(997) (2.51e+00 2.23e+00) XE:2.23e-01 (1.20e+00 1.19e+00 | 6.26e-01 6.28e-01)	5.560805e+00 5.546076e+00 : 7.933486e-01
5728(1002) (2.33e+00 2.23e+00) XE:2.23e-01 (1.21e+00 1.19e+00 | 6.72e-01 6.28e-01)	5.560725e+00 5.545916e+00 : 7.933315e-01
5748(1012) (1.84e+00 2.23e+00) XE:2.23e-01 (1.19e+00 1.19e+00 | 5.81e-01 6.28e-01)	5.560457e+00 5.545907e+00 : 7.933117e-01
5769(990) (2.41e+00 2.23e+00) XE:2.23e-01 (1.19e+00 1.19e+00 | 6.05e-01 6.28e-01)	5.560001e+00 5.545901e+00 : 7.932786e-01
5789(991) (2.74e+00 2.23e+00) XE:2.23e-01 (1.20e+00 1.19e+00 | 6.90e-01 6.28e-01)	5.559957e+00 5.545942e+00 : 7.932785e-01
5810(996) (2.35e+00 2.23e+00) XE:2.23e-01 (1.19e+00 1.19e+00 | 6.42e-01 6.28e-01)	5.559712e+00 5.545454e+00 : 7.932262e-01
5830(1006) (2.05e+00 2.23e+00) XE:2.23e-01 (1.19e+00 1.19e+00 | 6.12e-01 6.28e-01)	5.560103e+00 5.545726e+00 : 7.932735e-01
5851(996) (2.60e+00 2.23e+00) XE:2.23e-01 (1.19e+00 1.19e+00 | 6.18e-01 6.28e-01)	5.560070e+00 5.545488e+00 : 7.932542e-01
5871(1009) (2.17e+00 2.23e+00) XE:2.23e-01 (1.20e+00 1.19e+00 | 6.54e-01 6.28e-01)	5.560265e+00 5.545393e+00 : 7.932612e-01
5892(1006) (2.54e+00 2.23e+00) XE:2.23e-01 (1.18e+00 1.19e+00 | 5.67e-01 6.28e-01)	5.559868e+00 5.545366e+00 : 7.932310e-01
5912(999) (2.21e+00 2.23e+00) XE:2.23e-01 (1.18e+00 1.19e+00 | 6.34e-01 6.28e-01)	5.559726e+00 5.545482e+00 : 7.932291e-01
5933(999) (2.57e+00 2.23e+00) XE:2.23e-01 (1.21e+00 1.19e+00 | 6.32e-01 6.28e-01)	5.559331e+00 5.545216e+00 : 7.931819e-01
5953(989) (2.12e+00 2.23e+00) XE:2.23e-01 (1.18e+00 1.19e+00 | 5.85e-01 6.28e-01)	5.559144e+00 5.545132e+00 : 7.931626e-01
5974(986) (2.55e+00 2.23e+00) XE:2.23e-01 (1.18e+00 1.19e+00 | 5.81e-01 6.28e-01)	5.558827e+00 5.545144e+00 : 7.931408e-01
5994(999) (2.34e+00 2.23e+00) XE:2.23e-01 (1.18e+00 1.19e+00 | 6.30e-01 6.28e-01)	5.558810e+00 5.544832e+00 : 7.931173e-01
6015(1011) (1.93e+00 2.23e+00) XE:2.23e-01 (1.19e+00 1.19e+00 | 7.06e-01 6.28e-01)	5.559047e+00 5.544773e+00 : 7.931300e-01
6035(995) (2.42e+00 2.23e+00) XE:2.23e-01 (1.18e+00 1.19e+00 | 5.73e-01 6.28e-01)	5.558557e+00 5.544405e+00 : 7.930688e-01
6055(992) (2.55e+00 2.23e+00) XE:2.23e-01 (1.17e+00 1.19e+00 | 5.99e-01 6.28e-01)	5.558605e+00 5.544769e+00 : 7.930982e-01
6076(1017) (1.98e+00 2.23e+00) XE:2.23e-01 (1.19e+00 1.19e+00 | 6.16e-01 6.28e-01)	5.558543e+00 5.544780e+00 : 7.930945e-01
6096(987) (2.27e+00 2.23e+00) XE:2.23e-01 (1.18e+00 1.19e+00 | 6.46e-01 6.28e-01)	5.558618e+00 5.544825e+00 : 7.931031e-01
6117(1015) (2.16e+00 2.23e+00) XE:2.23e-01 (1.17e+00 1.19e+00 | 5.97e-01 6.28e-01)	5.558534e+00 5.544559e+00 : 7.930781e-01
6137(993) (1.95e+00 2.23e+00) XE:2.23e-01 (1.19e+00 1.19e+00 | 6.30e-01 6.28e-01)	5.558728e+00 5.544499e+00 : 7.930876e-01
6158(990) (1.92e+00 2.23e+00) XE:2.23e-01 (1.17e+00 1.19e+00 | 5.95e-01 6.28e-01)	5.558504e+00 5.544302e+00 : 7.930576e-01
6178(1009) (2.02e+00 2.23e+00) XE:2.23e-01 (1.19e+00 1.19e+00 | 5.79e-01 6.28e-01)	5.558659e+00 5.544458e+00 : 7.930798e-01
6199(996) (2.86e+00 2.23e+00) XE:2.23e-01 (1.19e+00 1.19e+00 | 6.22e-01 6.28e-01)	5.558555e+00 5.544121e+00 : 7.930483e-01
6219(996) (2.27e+00 2.23e+00) XE:2.23e-01 (1.17e+00 1.19e+00 | 6.46e-01 6.28e-01)	5.558576e+00 5.543893e+00 : 7.930335e-01
6240(994) (2.36e+00 2.23e+00) XE:2.23e-01 (1.15e+00 1.19e+00 | 5.87e-01 6.28e-01)	5.558770e+00 5.543696e+00 : 7.930333e-01
6260(1008) (1.90e+00 2.23e+00) XE:2.23e-01 (1.16e+00 1.19e+00 | 6.70e-01 6.28e-01)	5.558802e+00 5.543737e+00 : 7.930385e-01
6281(1008) (2.04e+00 2.23e+00) XE:2.23e-01 (1.19e+00 1.19e+00 | 6.20e-01 6.28e-01)	5.558716e+00 5.543834e+00 : 7.930393e-01
6301(1006) (2.31e+00 2.23e+00) XE:2.23e-01 (1.19e+00 1.19e+00 | 6.14e-01 6.28e-01)	5.558261e+00 5.543600e+00 : 7.929901e-01
6322(974) (2.55e+00 2.23e+00) XE:2.23e-01 (1.19e+00 1.19e+00 | 5.73e-01 6.28e-01)	5.557928e+00 5.543621e+00 : 7.929678e-01
6342(982) (2.34e+00 2.23e+00) XE:2.23e-01 (1.20e+00 1.19e+00 | 6.46e-01 6.28e-01)	5.557607e+00 5.543466e+00 : 7.929338e-01
6363(1004) (1.73e+00 2.23e+00) XE:2.23e-01 (1.21e+00 1.19e+00 | 6.09e-01 6.28e-01)	5.557895e+00 5.543720e+00 : 7.929726e-01
6383(1008) (2.26e+00 2.23e+00) XE:2.23e-01 (1.21e+00 1.19e+00 | 6.52e-01 6.28e-01)	5.557823e+00 5.543682e+00 : 7.929646e-01
6403(991) (2.25e+00 2.23e+00) XE:2.23e-01 (1.19e+00 1.19e+00 | 5.95e-01 6.28e-01)	5.557394e+00 5.543271e+00 : 7.929046e-01
6424(988) (2.00e+00 2.23e+00) XE:2.23e-01 (1.16e+00 1.19e+00 | 6.14e-01 6.28e-01)	5.557540e+00 5.543271e+00 : 7.929151e-01
6444(1007) (1.95e+00 2.23e+00) XE:2.23e-01 (1.16e+00 1.19e+00 | 5.59e-01 6.28e-01)	5.557166e+00 5.543063e+00 : 7.928735e-01
6465(986) (2.37e+00 2.23e+00) XE:2.23e-01 (1.20e+00 1.19e+00 | 6.52e-01 6.28e-01)	5.556988e+00 5.543046e+00 : 7.928595e-01
6485(991) (1.90e+00 2.23e+00) XE:2.23e-01 (1.18e+00 1.19e+00 | 5.83e-01 6.28e-01)	5.556914e+00 5.542813e+00 : 7.928377e-01
6506(1009) (2.20e+00 2.23e+00) XE:2.23e-01 (1.20e+00 1.19e+00 | 6.54e-01 6.28e-01)	5.556643e+00 5.542502e+00 : 7.927960e-01
6526(1006) (1.86e+00 2.23e+00) XE:2.23e-01 (1.20e+00 1.19e+00 | 7.18e-01 6.28e-01)	5.556003e+00 5.542166e+00 : 7.927264e-01
6547(978) (2.14e+00 2.23e+00) XE:2.23e-01 (1.18e+00 1.19e+00 | 6.20e-01 6.28e-01)	5.555971e+00 5.542180e+00 : 7.927251e-01
6567(982) (2.75e+00 2.23e+00) XE:2.23e-01 (1.19e+00 1.19e+00 | 6.01e-01 6.28e-01)	5.556134e+00 5.542123e+00 : 7.927326e-01
6588(987) (2.38e+00 2.23e+00) XE:2.23e-01 (1.17e+00 1.19e+00 | 6.07e-01 6.28e-01)	5.555853e+00 5.541837e+00 : 7.926922e-01
6608(1002) (2.13e+00 2.23e+00) XE:2.23e-01 (1.22e+00 1.19e+00 | 6.16e-01 6.28e-01)	5.556040e+00 5.541973e+00 : 7.927152e-01
6629(1008) (2.06e+00 2.23e+00) XE:2.23e-01 (1.20e+00 1.19e+00 | 6.76e-01 6.28e-01)	5.555993e+00 5.541780e+00 : 7.926981e-01
6649(997) (2.32e+00 2.23e+00) XE:2.23e-01 (1.18e+00 1.19e+00 | 6.50e-01 6.28e-01)	5.556024e+00 5.541801e+00 : 7.927018e-01
6669(995) (2.18e+00 2.23e+00) XE:2.23e-01 (1.21e+00 1.19e+00 | 6.44e-01 6.28e-01)	5.556155e+00 5.541699e+00 : 7.927038e-01
6690(1013) (1.95e+00 2.23e+00) XE:2.23e-01 (1.19e+00 1.19e+00 | 6.03e-01 6.28e-01)	5.556177e+00 5.541678e+00 : 7.927039e-01
6710(999) (2.18e+00 2.23e+00) XE:2.23e-01 (1.20e+00 1.19e+00 | 6.18e-01 6.28e-01)	5.556184e+00 5.541562e+00 : 7.926961e-01
6731(1007) (1.85e+00 2.23e+00) XE:2.23e-01 (1.17e+00 1.19e+00 | 6.05e-01 6.28e-01)	5.556225e+00 5.541143e+00 : 7.926692e-01
6751(1005) (2.29e+00 2.23e+00) XE:2.23e-01 (1.16e+00 1.19e+00 | 5.73e-01 6.28e-01)	5.555975e+00 5.540874e+00 : 7.926321e-01
6772(990) (2.89e+00 2.23e+00) XE:2.23e-01 (1.21e+00 1.19e+00 | 6.30e-01 6.28e-01)	5.555801e+00 5.540560e+00 : 7.925972e-01
6792(1002) (2.25e+00 2.23e+00) XE:2.23e-01 (1.19e+00 1.19e+00 | 6.26e-01 6.28e-01)	5.555655e+00 5.540536e+00 : 7.925851e-01
6813(1004) (2.18e+00 2.23e+00) XE:2.23e-01 (1.21e+00 1.19e+00 | 6.05e-01 6.28e-01)	5.555631e+00 5.540284e+00 : 7.925653e-01
6833(1006) (1.80e+00 2.23e+00) XE:2.23e-01 (1.18e+00 1.19e+00 | 6.09e-01 6.28e-01)	5.555889e+00 5.540228e+00 : 7.925798e-01
6853(1011) (1.81e+00 2.23e+00) XE:2.23e-01 (1.20e+00 1.19e+00 | 5.95e-01 6.28e-01)	5.555992e+00 5.540274e+00 : 7.925904e-01
6874(1000) (1.95e+00 2.23e+00) XE:2.23e-01 (1.20e+00 1.19e+00 | 6.66e-01 6.28e-01)	5.555952e+00 5.540361e+00 : 7.925938e-01
6894(989) (2.85e+00 2.23e+00) XE:2.23e-01 (1.16e+00 1.19e+00 | 5.89e-01 6.28e-01)	5.555572e+00 5.540243e+00 : 7.925582e-01
6915(1007) (2.50e+00 2.23e+00) XE:2.23e-01 (1.18e+00 1.19e+00 | 6.24e-01 6.28e-01)	5.555992e+00 5.540450e+00 : 7.926030e-01
6935(990) (2.08e+00 2.23e+00) XE:2.23e-01 (1.19e+00 1.19e+00 | 6.26e-01 6.28e-01)	5.555947e+00 5.540263e+00 : 7.925865e-01
6956(998) (2.26e+00 2.23e+00) XE:2.23e-01 (1.16e+00 1.19e+00 | 6.22e-01 6.28e-01)	5.556223e+00 5.540156e+00 : 7.925985e-01
6976(1006) (2.19e+00 2.23e+00) XE:2.23e-01 (1.16e+00 1.19e+00 | 5.91e-01 6.28e-01)	5.555989e+00 5.540004e+00 : 7.925710e-01
6997(993) (2.10e+00 2.23e+00) XE:2.23e-01 (1.20e+00 1.19e+00 | 6.05e-01 6.28e-01)	5.555944e+00 5.539940e+00 : 7.925632e-01
7017(1016) (2.43e+00 2.23e+00) XE:2.23e-01 (1.18e+00 1.19e+00 | 6.48e-01 6.28e-01)	5.555675e+00 5.539886e+00 : 7.925401e-01
7038(999) (2.37e+00 2.23e+00) XE:2.23e-01 (1.19e+00 1.19e+00 | 6.72e-01 6.28e-01)	5.555691e+00 5.539930e+00 : 7.925444e-01
7058(1009) (1.88e+00 2.23e+00) XE:2.23e-01 (1.19e+00 1.19e+00 | 6.58e-01 6.28e-01)	5.555688e+00 5.539958e+00 : 7.925462e-01
7079(994) (2.32e+00 2.23e+00) XE:2.23e-01 (1.18e+00 1.19e+00 | 6.58e-01 6.28e-01)	5.555557e+00 5.539902e+00 : 7.925327e-01
7099(1002) (1.88e+00 2.23e+00) XE:2.23e-01 (1.17e+00 1.19e+00 | 5.55e-01 6.28e-01)	5.555570e+00 5.539905e+00 : 7.925339e-01
7119(1013) (2.53e+00 2.23e+00) XE:2.23e-01 (1.20e+00 1.19e+00 | 6.82e-01 6.28e-01)	5.555608e+00 5.539872e+00 : 7.925343e-01
7140(1006) (2.27e+00 2.22e+00) XE:2.22e-01 (1.18e+00 1.19e+00 | 6.01e-01 6.28e-01)	5.555590e+00 5.539966e+00 : 7.925397e-01
7160(1025) (1.92e+00 2.22e+00) XE:2.22e-01 (1.18e+00 1.19e+00 | 6.76e-01 6.28e-01)	5.555786e+00 5.540161e+00 : 7.925677e-01
7181(1004) (2.12e+00 2.22e+00) XE:2.22e-01 (1.17e+00 1.19e+00 | 6.30e-01 6.28e-01)	5.555925e+00 5.540253e+00 : 7.925841e-01
7201(992) (1.97e+00 2.22e+00) XE:2.22e-01 (1.19e+00 1.19e+00 | 6.22e-01 6.28e-01)	5.555722e+00 5.540171e+00 : 7.925638e-01
7222(1006) (2.51e+00 2.22e+00) XE:2.22e-01 (1.19e+00 1.19e+00 | 6.30e-01 6.28e-01)	5.555347e+00 5.540163e+00 : 7.925364e-01
7242(996) (2.31e+00 2.22e+00) XE:2.22e-01 (1.16e+00 1.19e+00 | 5.71e-01 6.28e-01)	5.555408e+00 5.540028e+00 : 7.925311e-01
7263(987) (3.25e+00 2.22e+00) XE:2.22e-01 (1.20e+00 1.19e+00 | 7.00e-01 6.28e-01)	5.555307e+00 5.540129e+00 : 7.925312e-01
7283(1004) (2.03e+00 2.22e+00) XE:2.22e-01 (1.18e+00 1.19e+00 | 5.99e-01 6.28e-01)	5.555117e+00 5.539947e+00 : 7.925045e-01
7304(995) (2.20e+00 2.22e+00) XE:2.22e-01 (1.18e+00 1.19e+00 | 6.28e-01 6.28e-01)	5.555030e+00 5.539923e+00 : 7.924966e-01
7324(997) (2.37e+00 2.22e+00) XE:2.22e-01 (1.19e+00 1.19e+00 | 6.50e-01 6.28e-01)	5.555273e+00 5.539971e+00 : 7.925174e-01
7344(1001) (2.44e+00 2.22e+00) XE:2.22e-01 (1.21e+00 1.19e+00 | 6.54e-01 6.28e-01)	5.554329e+00 5.539051e+00 : 7.923843e-01
7365(1000) (2.28e+00 2.22e+00) XE:2.22e-01 (1.18e+00 1.19e+00 | 5.87e-01 6.28e-01)	5.554381e+00 5.538847e+00 : 7.923734e-01
7385(1019) (2.38e+00 2.22e+00) XE:2.22e-01 (1.17e+00 1.19e+00 | 5.43e-01 6.28e-01)	5.553721e+00 5.538125e+00 : 7.922747e-01
7406(1010) (2.30e+00 2.22e+00) XE:2.22e-01 (1.18e+00 1.19e+00 | 6.20e-01 6.28e-01)	5.553730e+00 5.537995e+00 : 7.922661e-01
7426(992) (2.02e+00 2.22e+00) XE:2.22e-01 (1.19e+00 1.19e+00 | 6.30e-01 6.28e-01)	5.553540e+00 5.537872e+00 : 7.922437e-01
7447(1009) (2.37e+00 2.22e+00) XE:2.22e-01 (1.20e+00 1.19e+00 | 5.73e-01 6.28e-01)	5.553431e+00 5.537950e+00 : 7.922415e-01
7467(995) (2.18e+00 2.22e+00) XE:2.22e-01 (1.16e+00 1.19e+00 | 5.67e-01 6.28e-01)	5.553247e+00 5.537916e+00 : 7.922260e-01
7488(990) (2.16e+00 2.22e+00) XE:2.22e-01 (1.21e+00 1.19e+00 | 6.60e-01 6.28e-01)	5.553357e+00 5.538026e+00 : 7.922416e-01
7508(1006) (2.21e+00 2.22e+00) XE:2.22e-01 (1.21e+00 1.19e+00 | 6.50e-01 6.28e-01)	5.553439e+00 5.537985e+00 : 7.922446e-01
7529(994) (2.12e+00 2.22e+00) XE:2.22e-01 (1.18e+00 1.19e+00 | 5.87e-01 6.28e-01)	5.553283e+00 5.537821e+00 : 7.922217e-01
7549(989) (2.66e+00 2.22e+00) XE:2.22e-01 (1.17e+00 1.19e+00 | 5.99e-01 6.28e-01)	5.553279e+00 5.537726e+00 : 7.922146e-01
7570(1000) (1.88e+00 2.22e+00) XE:2.22e-01 (1.20e+00 1.19e+00 | 6.50e-01 6.28e-01)	5.553506e+00 5.537776e+00 : 7.922344e-01
7590(999) (2.43e+00 2.22e+00) XE:2.22e-01 (1.18e+00 1.19e+00 | 6.07e-01 6.28e-01)	5.553454e+00 5.537998e+00 : 7.922465e-01
7610(1008) (1.73e+00 2.22e+00) XE:2.22e-01 (1.18e+00 1.19e+00 | 6.20e-01 6.28e-01)	5.552914e+00 5.537421e+00 : 7.921668e-01
7631(989) (2.56e+00 2.22e+00) XE:2.22e-01 (1.18e+00 1.19e+00 | 5.73e-01 6.28e-01)	5.553252e+00 5.537639e+00 : 7.922065e-01
7651(1005) (1.89e+00 2.22e+00) XE:2.22e-01 (1.18e+00 1.19e+00 | 6.76e-01 6.28e-01)	5.553258e+00 5.537595e+00 : 7.922038e-01
7672(1006) (1.86e+00 2.22e+00) XE:2.22e-01 (1.19e+00 1.19e+00 | 6.18e-01 6.28e-01)	5.553290e+00 5.537520e+00 : 7.922007e-01
7692(1003) (2.11e+00 2.22e+00) XE:2.22e-01 (1.19e+00 1.19e+00 | 6.18e-01 6.28e-01)	5.553568e+00 5.537613e+00 : 7.922272e-01
7713(1001) (2.85e+00 2.22e+00) XE:2.22e-01 (1.16e+00 1.19e+00 | 5.65e-01 6.28e-01)	5.553788e+00 5.537604e+00 : 7.922422e-01
7733(991) (2.59e+00 2.22e+00) XE:2.22e-01 (1.18e+00 1.19e+00 | 6.70e-01 6.28e-01)	5.552651e+00 5.536306e+00 : 7.920684e-01
7754(1003) (2.33e+00 2.22e+00) XE:2.22e-01 (1.20e+00 1.19e+00 | 6.48e-01 6.28e-01)	5.552733e+00 5.536028e+00 : 7.920544e-01
7774(1009) (2.28e+00 2.22e+00) XE:2.22e-01 (1.18e+00 1.19e+00 | 5.83e-01 6.28e-01)	5.552902e+00 5.535962e+00 : 7.920617e-01
7795(1005) (2.19e+00 2.22e+00) XE:2.22e-01 (1.16e+00 1.19e+00 | 6.62e-01 6.28e-01)	5.552708e+00 5.535921e+00 : 7.920449e-01
7815(1004) (2.37e+00 2.22e+00) XE:2.22e-01 (1.17e+00 1.19e+00 | 5.51e-01 6.27e-01)	5.552593e+00 5.535845e+00 : 7.920313e-01
7836(1001) (1.95e+00 2.22e+00) XE:2.22e-01 (1.18e+00 1.19e+00 | 6.62e-01 6.27e-01)	5.552521e+00 5.535694e+00 : 7.920153e-01
7856(995) (2.91e+00 2.22e+00) XE:2.22e-01 (1.17e+00 1.19e+00 | 6.14e-01 6.27e-01)	5.552482e+00 5.535559e+00 : 7.920029e-01
7877(1007) (1.92e+00 2.22e+00) XE:2.22e-01 (1.18e+00 1.19e+00 | 6.14e-01 6.27e-01)	5.552630e+00 5.535333e+00 : 7.919974e-01
7897(1002) (2.12e+00 2.22e+00) XE:2.22e-01 (1.18e+00 1.19e+00 | 6.16e-01 6.27e-01)	5.552915e+00 5.535307e+00 : 7.920158e-01
7917(1014) (1.89e+00 2.22e+00) XE:2.22e-01 (1.17e+00 1.19e+00 | 5.95e-01 6.27e-01)	5.552767e+00 5.535217e+00 : 7.919988e-01
7938(995) (2.43e+00 2.22e+00) XE:2.22e-01 (1.18e+00 1.19e+00 | 6.28e-01 6.27e-01)	5.552529e+00 5.535207e+00 : 7.919811e-01
7958(1016) (1.91e+00 2.22e+00) XE:2.22e-01 (1.14e+00 1.19e+00 | 5.75e-01 6.27e-01)	5.552306e+00 5.535014e+00 : 7.919514e-01
7979(998) (2.72e+00 2.22e+00) XE:2.22e-01 (1.17e+00 1.19e+00 | 6.07e-01 6.27e-01)	5.552220e+00 5.534871e+00 : 7.919351e-01
7999(1018) (1.73e+00 2.22e+00) XE:2.22e-01 (1.16e+00 1.19e+00 | 5.79e-01 6.27e-01)	5.551594e+00 5.534014e+00 : 7.918292e-01
8020(998) (2.71e+00 2.22e+00) XE:2.22e-01 (1.18e+00 1.19e+00 | 6.36e-01 6.27e-01)	5.551103e+00 5.533594e+00 : 7.917641e-01
8040(1012) (2.23e+00 2.22e+00) XE:2.22e-01 (1.17e+00 1.19e+00 | 5.93e-01 6.27e-01)	5.551037e+00 5.533531e+00 : 7.917548e-01
8061(1005) (2.39e+00 2.22e+00) XE:2.22e-01 (1.19e+00 1.19e+00 | 6.14e-01 6.27e-01)	5.551020e+00 5.533351e+00 : 7.917408e-01
8081(998) (2.32e+00 2.22e+00) XE:2.22e-01 (1.18e+00 1.19e+00 | 5.97e-01 6.27e-01)	5.550727e+00 5.532922e+00 : 7.916892e-01
8102(994) (2.03e+00 2.22e+00) XE:2.22e-01 (1.16e+00 1.19e+00 | 6.36e-01 6.27e-01)	5.550834e+00 5.532957e+00 : 7.916993e-01
8122(1004) (2.04e+00 2.22e+00) XE:2.22e-01 (1.25e+00 1.19e+00 | 6.09e-01 6.27e-01)	5.550746e+00 5.532978e+00 : 7.916946e-01
8143(1003) (1.98e+00 2.22e+00) XE:2.22e-01 (1.20e+00 1.19e+00 | 6.28e-01 6.27e-01)	5.550930e+00 5.533038e+00 : 7.917120e-01
8163(987) (2.25e+00 2.22e+00) XE:2.22e-01 (1.20e+00 1.19e+00 | 6.68e-01 6.27e-01)	5.550960e+00 5.533062e+00 : 7.917158e-01
8184(1003) (2.06e+00 2.22e+00) XE:2.22e-01 (1.18e+00 1.19e+00 | 5.99e-01 6.27e-01)	5.551093e+00 5.533136e+00 : 7.917307e-01
8204(1010) (1.76e+00 2.22e+00) XE:2.22e-01 (1.21e+00 1.19e+00 | 6.64e-01 6.27e-01)	5.551456e+00 5.533397e+00 : 7.917752e-01
8224(997) (2.78e+00 2.22e+00) XE:2.22e-01 (1.19e+00 1.19e+00 | 7.10e-01 6.27e-01)	5.551258e+00 5.533496e+00 : 7.917681e-01
8245(1000) (2.04e+00 2.22e+00) XE:2.22e-01 (1.21e+00 1.19e+00 | 6.28e-01 6.27e-01)	5.550499e+00 5.532799e+00 : 7.916641e-01
8265(1003) (2.79e+00 2.22e+00) XE:2.22e-01 (1.18e+00 1.19e+00 | 6.40e-01 6.27e-01)	5.550383e+00 5.532777e+00 : 7.916543e-01
8286(1002) (2.12e+00 2.22e+00) XE:2.22e-01 (1.20e+00 1.19e+00 | 6.20e-01 6.27e-01)	5.550207e+00 5.532597e+00 : 7.916288e-01
8306(988) (2.23e+00 2.22e+00) XE:2.22e-01 (1.17e+00 1.19e+00 | 6.36e-01 6.27e-01)	5.550089e+00 5.532545e+00 : 7.916167e-01
8327(986) (2.15e+00 2.22e+00) XE:2.22e-01 (1.20e+00 1.19e+00 | 6.18e-01 6.27e-01)	5.550175e+00 5.532713e+00 : 7.916348e-01
8347(996) (2.85e+00 2.22e+00) XE:2.22e-01 (1.20e+00 1.19e+00 | 6.26e-01 6.27e-01)	5.549813e+00 5.532339e+00 : 7.915822e-01
8368(991) (1.67e+00 2.22e+00) XE:2.22e-01 (1.20e+00 1.19e+00 | 5.91e-01 6.27e-01)	5.549823e+00 5.532247e+00 : 7.915765e-01
8388(986) (2.90e+00 2.22e+00) XE:2.22e-01 (1.18e+00 1.19e+00 | 6.58e-01 6.27e-01)	5.549630e+00 5.531933e+00 : 7.915402e-01
8409(1004) (2.16e+00 2.22e+00) XE:2.22e-01 (1.17e+00 1.19e+00 | 5.63e-01 6.27e-01)	5.549804e+00 5.532090e+00 : 7.915638e-01
8429(1018) (2.11e+00 2.22e+00) XE:2.22e-01 (1.20e+00 1.19e+00 | 6.46e-01 6.27e-01)	5.549745e+00 5.531774e+00 : 7.915371e-01
8450(1002) (2.13e+00 2.22e+00) XE:2.22e-01 (1.19e+00 1.19e+00 | 6.14e-01 6.27e-01)	5.549788e+00 5.531686e+00 : 7.915338e-01
8470(1014) (1.52e+00 2.22e+00) XE:2.22e-01 (1.20e+00 1.19e+00 | 6.92e-01 6.27e-01)	5.549822e+00 5.531402e+00 : 7.915160e-01
8491(995) (2.53e+00 2.22e+00) XE:2.22e-01 (1.18e+00 1.19e+00 | 6.80e-01 6.27e-01)	5.549738e+00 5.531395e+00 : 7.915095e-01
8511(997) (1.92e+00 2.22e+00) XE:2.22e-01 (1.19e+00 1.19e+00 | 6.24e-01 6.27e-01)	5.549618e+00 5.531239e+00 : 7.914898e-01
8531(998) (1.93e+00 2.22e+00) XE:2.22e-01 (1.18e+00 1.19e+00 | 6.62e-01 6.27e-01)	5.549767e+00 5.531255e+00 : 7.915016e-01
8552(994) (2.69e+00 2.22e+00) XE:2.22e-01 (1.20e+00 1.19e+00 | 6.22e-01 6.27e-01)	5.549683e+00 5.531119e+00 : 7.914859e-01
8572(991) (2.29e+00 2.22e+00) XE:2.22e-01 (1.21e+00 1.19e+00 | 6.12e-01 6.27e-01)	5.549626e+00 5.531074e+00 : 7.914786e-01
8593(1005) (1.85e+00 2.22e+00) XE:2.22e-01 (1.18e+00 1.19e+00 | 5.99e-01 6.27e-01)	5.549543e+00 5.531191e+00 : 7.914810e-01
8613(1012) (1.75e+00 2.22e+00) XE:2.22e-01 (1.16e+00 1.19e+00 | 6.32e-01 6.27e-01)	5.549440e+00 5.531215e+00 : 7.914754e-01
8634(1006) (2.70e+00 2.22e+00) XE:2.22e-01 (1.20e+00 1.19e+00 | 6.58e-01 6.27e-01)	5.549401e+00 5.531148e+00 : 7.914678e-01
8654(995) (2.07e+00 2.22e+00) XE:2.22e-01 (1.19e+00 1.19e+00 | 6.44e-01 6.27e-01)	5.549157e+00 5.530869e+00 : 7.914305e-01
8675(1006) (2.19e+00 2.22e+00) XE:2.22e-01 (1.19e+00 1.19e+00 | 6.26e-01 6.27e-01)	5.549073e+00 5.530837e+00 : 7.914221e-01
8695(1007) (2.62e+00 2.22e+00) XE:2.22e-01 (1.17e+00 1.19e+00 | 5.87e-01 6.27e-01)	5.549044e+00 5.530820e+00 : 7.914189e-01
8715(1016) (2.36e+00 2.22e+00) XE:2.22e-01 (1.18e+00 1.19e+00 | 6.22e-01 6.27e-01)	5.548912e+00 5.530764e+00 : 7.914055e-01
8736(983) (2.68e+00 2.22e+00) XE:2.22e-01 (1.16e+00 1.19e+00 | 5.87e-01 6.27e-01)	5.548536e+00 5.530407e+00 : 7.913531e-01
8756(998) (2.06e+00 2.22e+00) XE:2.22e-01 (1.19e+00 1.19e+00 | 6.38e-01 6.27e-01)	5.548569e+00 5.530297e+00 : 7.913476e-01
8777(994) (2.36e+00 2.22e+00) XE:2.22e-01 (1.19e+00 1.19e+00 | 6.30e-01 6.27e-01)	5.548727e+00 5.530497e+00 : 7.913731e-01
8797(1000) (2.16e+00 2.22e+00) XE:2.22e-01 (1.20e+00 1.19e+00 | 6.52e-01 6.27e-01)	5.548779e+00 5.530577e+00 : 7.913826e-01
8818(1007) (1.95e+00 2.22e+00) XE:2.22e-01 (1.18e+00 1.19e+00 | 6.07e-01 6.27e-01)	5.548821e+00 5.530607e+00 : 7.913877e-01
8838(998) (2.00e+00 2.22e+00) XE:2.22e-01 (1.21e+00 1.19e+00 | 6.58e-01 6.27e-01)	5.548797e+00 5.530585e+00 : 7.913845e-01
8859(1010) (1.83e+00 2.22e+00) XE:2.22e-01 (1.16e+00 1.19e+00 | 6.22e-01 6.27e-01)	5.548800e+00 5.530522e+00 : 7.913801e-01
8879(999) (2.39e+00 2.22e+00) XE:2.22e-01 (1.18e+00 1.19e+00 | 6.12e-01 6.27e-01)	5.548298e+00 5.530133e+00 : 7.913165e-01
8900(1007) (2.34e+00 2.22e+00) XE:2.22e-01 (1.15e+00 1.19e+00 | 5.59e-01 6.27e-01)	5.548062e+00 5.530119e+00 : 7.912986e-01
8920(999) (2.18e+00 2.22e+00) XE:2.22e-01 (1.20e+00 1.19e+00 | 6.18e-01 6.27e-01)	5.548219e+00 5.530406e+00 : 7.913303e-01
8941(989) (2.51e+00 2.22e+00) XE:2.22e-01 (1.15e+00 1.19e+00 | 6.05e-01 6.27e-01)	5.548139e+00 5.530410e+00 : 7.913249e-01
8961(991) (2.37e+00 2.22e+00) XE:2.22e-01 (1.22e+00 1.19e+00 | 6.22e-01 6.27e-01)	5.548260e+00 5.530255e+00 : 7.913225e-01
8981(1005) (2.32e+00 2.22e+00) XE:2.22e-01 (1.18e+00 1.19e+00 | 6.46e-01 6.27e-01)	5.548225e+00 5.529949e+00 : 7.912982e-01
9002(998) (2.50e+00 2.22e+00) XE:2.22e-01 (1.19e+00 1.19e+00 | 6.72e-01 6.27e-01)	5.548122e+00 5.529771e+00 : 7.912781e-01
9022(1010) (1.78e+00 2.22e+00) XE:2.22e-01 (1.20e+00 1.19e+00 | 6.96e-01 6.27e-01)	5.548129e+00 5.530051e+00 : 7.912985e-01
9043(1000) (2.55e+00 2.22e+00) XE:2.22e-01 (1.22e+00 1.19e+00 | 6.40e-01 6.27e-01)	5.547971e+00 5.529906e+00 : 7.912770e-01
9063(1001) (1.63e+00 2.22e+00) XE:2.22e-01 (1.19e+00 1.19e+00 | 6.50e-01 6.27e-01)	5.547867e+00 5.529717e+00 : 7.912561e-01
9084(1009) (1.86e+00 2.22e+00) XE:2.22e-01 (1.17e+00 1.19e+00 | 6.40e-01 6.27e-01)	5.547902e+00 5.529700e+00 : 7.912573e-01
9104(997) (1.87e+00 2.22e+00) XE:2.22e-01 (1.19e+00 1.19e+00 | 6.72e-01 6.27e-01)	5.547878e+00 5.529535e+00 : 7.912438e-01
9125(1005) (2.06e+00 2.22e+00) XE:2.22e-01 (1.20e+00 1.19e+00 | 6.40e-01 6.27e-01)	5.547783e+00 5.529496e+00 : 7.912342e-01
9145(998) (2.17e+00 2.22e+00) XE:2.22e-01 (1.17e+00 1.19e+00 | 6.62e-01 6.27e-01)	5.547804e+00 5.529627e+00 : 7.912451e-01
9166(992) (2.16e+00 2.22e+00) XE:2.22e-01 (1.18e+00 1.19e+00 | 5.91e-01 6.27e-01)	5.547475e+00 5.529378e+00 : 7.912038e-01
9186(1007) (2.14e+00 2.22e+00) XE:2.22e-01 (1.17e+00 1.19e+00 | 6.34e-01 6.27e-01)	5.547384e+00 5.529323e+00 : 7.911933e-01
9207(991) (2.14e+00 2.22e+00) XE:2.22e-01 (1.17e+00 1.19e+00 | 5.77e-01 6.27e-01)	5.547743e+00 5.529396e+00 : 7.912242e-01
9227(1007) (2.01e+00 2.22e+00) XE:2.22e-01 (1.20e+00 1.19e+00 | 5.93e-01 6.27e-01)	5.547600e+00 5.529193e+00 : 7.911995e-01
9247(1019) (1.72e+00 2.22e+00) XE:2.22e-01 (1.18e+00 1.19e+00 | 6.40e-01 6.27e-01)	5.547744e+00 5.529299e+00 : 7.912174e-01
9268(993) (2.21e+00 2.22e+00) XE:2.22e-01 (1.19e+00 1.19e+00 | 6.24e-01 6.27e-01)	5.547474e+00 5.529044e+00 : 7.911798e-01
9288(995) (2.58e+00 2.22e+00) XE:2.22e-01 (1.20e+00 1.19e+00 | 6.14e-01 6.27e-01)	5.547285e+00 5.528791e+00 : 7.911482e-01
9309(1008) (2.04e+00 2.22e+00) XE:2.22e-01 (1.18e+00 1.19e+00 | 6.05e-01 6.27e-01)	5.547290e+00 5.528769e+00 : 7.911470e-01
9329(1006) (1.99e+00 2.22e+00) XE:2.22e-01 (1.19e+00 1.19e+00 | 6.32e-01 6.27e-01)	5.547189e+00 5.528814e+00 : 7.911431e-01
9350(996) (2.46e+00 2.22e+00) XE:2.22e-01 (1.19e+00 1.19e+00 | 5.73e-01 6.27e-01)	5.546936e+00 5.528360e+00 : 7.910925e-01
9370(1015) (1.88e+00 2.22e+00) XE:2.22e-01 (1.20e+00 1.19e+00 | 6.48e-01 6.27e-01)	5.546955e+00 5.528311e+00 : 7.910904e-01
9391(1010) (1.93e+00 2.22e+00) XE:2.22e-01 (1.20e+00 1.19e+00 | 6.20e-01 6.27e-01)	5.546562e+00 5.528012e+00 : 7.910410e-01
9411(998) (1.77e+00 2.22e+00) XE:2.22e-01 (1.21e+00 1.19e+00 | 5.77e-01 6.27e-01)	5.546513e+00 5.527871e+00 : 7.910274e-01
9431(1005) (2.22e+00 2.22e+00) XE:2.22e-01 (1.16e+00 1.19e+00 | 6.44e-01 6.27e-01)	5.546601e+00 5.527921e+00 : 7.910373e-01
9452(1012) (2.32e+00 2.22e+00) XE:2.22e-01 (1.19e+00 1.19e+00 | 6.38e-01 6.27e-01)	5.546610e+00 5.528034e+00 : 7.910460e-01
9472(990) (2.45e+00 2.22e+00) XE:2.22e-01 (1.19e+00 1.19e+00 | 6.74e-01 6.27e-01)	5.546447e+00 5.527836e+00 : 7.910202e-01
9493(1000) (2.06e+00 2.22e+00) XE:2.22e-01 (1.19e+00 1.19e+00 | 6.74e-01 6.27e-01)	5.546265e+00 5.527889e+00 : 7.910110e-01
9513(1001) (3.13e+00 2.22e+00) XE:2.22e-01 (1.18e+00 1.19e+00 | 5.95e-01 6.27e-01)	5.546130e+00 5.527615e+00 : 7.909818e-01
9534(997) (2.51e+00 2.22e+00) XE:2.22e-01 (1.20e+00 1.19e+00 | 5.97e-01 6.27e-01)	5.546098e+00 5.527522e+00 : 7.909729e-01
9554(1000) (2.14e+00 2.22e+00) XE:2.22e-01 (1.21e+00 1.19e+00 | 6.16e-01 6.27e-01)	5.545983e+00 5.527215e+00 : 7.909428e-01
9575(1010) (2.52e+00 2.22e+00) XE:2.22e-01 (1.20e+00 1.19e+00 | 6.98e-01 6.27e-01)	5.545954e+00 5.527134e+00 : 7.909349e-01
9595(1008) (1.84e+00 2.22e+00) XE:2.22e-01 (1.18e+00 1.19e+00 | 6.20e-01 6.27e-01)	5.546190e+00 5.527157e+00 : 7.909534e-01
9616(990) (2.08e+00 2.22e+00) XE:2.22e-01 (1.20e+00 1.19e+00 | 5.75e-01 6.27e-01)	5.546363e+00 5.527221e+00 : 7.909703e-01
9636(1009) (2.10e+00 2.22e+00) XE:2.22e-01 (1.21e+00 1.19e+00 | 5.99e-01 6.27e-01)	5.546107e+00 5.527220e+00 : 7.909519e-01
9656(997) (2.61e+00 2.22e+00) XE:2.22e-01 (1.18e+00 1.19e+00 | 6.24e-01 6.27e-01)	5.546110e+00 5.527093e+00 : 7.909431e-01
9677(992) (2.77e+00 2.22e+00) XE:2.22e-01 (1.17e+00 1.19e+00 | 5.95e-01 6.27e-01)	5.545732e+00 5.526795e+00 : 7.908948e-01
9697(1013) (2.65e+00 2.22e+00) XE:2.22e-01 (1.19e+00 1.19e+00 | 6.34e-01 6.27e-01)	5.544725e+00 5.525922e+00 : 7.907605e-01
9718(1001) (2.14e+00 2.22e+00) XE:2.22e-01 (1.21e+00 1.19e+00 | 6.62e-01 6.27e-01)	5.544589e+00 5.525739e+00 : 7.907377e-01
9738(1002) (1.91e+00 2.22e+00) XE:2.22e-01 (1.20e+00 1.19e+00 | 6.12e-01 6.27e-01)	5.544102e+00 5.525352e+00 : 7.906753e-01
9759(996) (2.25e+00 2.22e+00) XE:2.22e-01 (1.14e+00 1.19e+00 | 5.87e-01 6.27e-01)	5.544047e+00 5.525267e+00 : 7.906652e-01
9779(1016) (2.15e+00 2.22e+00) XE:2.22e-01 (1.19e+00 1.19e+00 | 6.14e-01 6.27e-01)	5.544075e+00 5.525289e+00 : 7.906689e-01
9800(1000) (2.51e+00 2.22e+00) XE:2.22e-01 (1.17e+00 1.19e+00 | 5.79e-01 6.27e-01)	5.543777e+00 5.525261e+00 : 7.906456e-01
9820(993) (2.06e+00 2.22e+00) XE:2.22e-01 (1.19e+00 1.19e+00 | 6.96e-01 6.27e-01)	5.543689e+00 5.525103e+00 : 7.906280e-01
9841(1005) (1.65e+00 2.22e+00) XE:2.22e-01 (1.17e+00 1.19e+00 | 6.24e-01 6.27e-01)	5.542943e+00 5.524391e+00 : 7.905239e-01
9861(998) (2.13e+00 2.22e+00) XE:2.22e-01 (1.19e+00 1.19e+00 | 6.20e-01 6.27e-01)	5.542937e+00 5.524392e+00 : 7.905235e-01
9882(1021) (1.99e+00 2.22e+00) XE:2.22e-01 (1.15e+00 1.19e+00 | 6.03e-01 6.27e-01)	5.543160e+00 5.524469e+00 : 7.905449e-01
9902(1011) (2.26e+00 2.22e+00) XE:2.22e-01 (1.18e+00 1.19e+00 | 6.70e-01 6.27e-01)	5.543150e+00 5.524348e+00 : 7.905356e-01
9922(1003) (1.92e+00 2.22e+00) XE:2.22e-01 (1.17e+00 1.19e+00 | 6.32e-01 6.27e-01)	5.543217e+00 5.524323e+00 : 7.905386e-01
9943(1006) (1.60e+00 2.22e+00) XE:2.22e-01 (1.18e+00 1.19e+00 | 6.74e-01 6.27e-01)	5.543257e+00 5.524228e+00 : 7.905346e-01
9963(1011) (1.98e+00 2.22e+00) XE:2.22e-01 (1.17e+00 1.19e+00 | 5.93e-01 6.27e-01)	5.543063e+00 5.524067e+00 : 7.905093e-01
9984(997) (1.98e+00 2.22e+00) XE:2.22e-01 (1.17e+00 1.19e+00 | 5.91e-01 6.27e-01)	5.542764e+00 5.523927e+00 : 7.904779e-01
10000(997) (2.23e+00 2.22e+00) XE:2.22e-01 (1.19e+00 1.19e+00 | 6.74e-01 6.27e-01)	5.542748e+00 5.523960e+00 : 7.904792e-01
RL cnt: 0,6961397,1350786,100265,5797,429,0,0,0,0,0,0,0,0,0,0,
BL cnt: 0,0,0,0,0,0,56358,0,1441738,0,6913553,0,1442359,0,55992,0,0,0,0,0,0,
5.542748e+00 5.523960e+00 : 7.904792e-01
# InnerCodebook: deleted
# NBIDSchannel: deleted
# Gtable: deleted
# FBalg4: deleted
# StatICB: deleted
