# (Pid,Ps)=(2.000000e-02,1.000000e-02) Nseg=10000 [0]
# InnerCB: ICB/marker/6_1_0.bin
# Gtable:  Gtable/1/020_010.bin
# InnerCodebook: beta=1(4) nu=7
# InnerCodebook: B(B2p)=2(4) 2(4) 2(4) 2(4) 2(4) 2(4) 0(1) 
# InnerCodebook: checked CWM, EncMap, DecMap
# beta=1(4) nu=7 N=10000 Dmax=205
# B=2,2,2,2,2,2,0,
# NBIDSchannel: N=10000 Q=4 Dmax=205 (Pid,Ps)=(2.000000e-02,1.000000e-02)
# FBalg4: Nseg=10000 Dmax=205(w=411)
# FBalg4: Gtable: Gtable/1/020_010.bin
# Gtable: beta=1 (Pid,Ps,Ptrn)=(2.000000e-02,1.000000e-02,9.600000e-01) Pth=1.000000e-10
# Gtable: beta4p=4 beta4pp=16
# Gtable::Gtable len=0 cnt=4
# Gtable::Gtable len=1 cnt=16
# Gtable::Gtable len=2 cnt=64
# FBalg4: beta=1(4) (Pid,Ps)=(2.000000e-02,1.000000e-02) Pth=1.000000e-10 N=10000
(Y:1.829976e+00 X:1.714400e+00 XY:2.047503e+00 I:1.496873e+00)
0001(9974): (1.496873e+00 1.496873e+00) 7.484363e-01
(Y:1.841776e+00 X:1.714400e+00 XY:2.067741e+00 I:1.488435e+00)
0002(10032): (1.488435e+00 1.492654e+00) 7.463270e-01
(Y:1.836123e+00 X:1.714400e+00 XY:2.068704e+00 I:1.481819e+00)
0003(9982): (1.481819e+00 1.489042e+00) 7.445212e-01
(Y:1.845422e+00 X:1.714400e+00 XY:2.075556e+00 I:1.484267e+00)
0004(9998): (1.484267e+00 1.487848e+00) 7.439242e-01
(Y:1.836043e+00 X:1.714400e+00 XY:2.038499e+00 I:1.511944e+00)
0005(10029): (1.511944e+00 1.492667e+00) 7.463337e-01
(Y:1.840643e+00 X:1.714400e+00 XY:2.057129e+00 I:1.497914e+00)
0006(9995): (1.497914e+00 1.493542e+00) 7.467710e-01
(Y:1.836594e+00 X:1.714400e+00 XY:2.053301e+00 I:1.497693e+00)
0007(9994): (1.497693e+00 1.494135e+00) 7.470675e-01
(Y:1.831986e+00 X:1.714400e+00 XY:2.048660e+00 I:1.497725e+00)
0008(10000): (1.497725e+00 1.494584e+00) 7.472919e-01
(Y:1.847764e+00 X:1.714400e+00 XY:2.070327e+00 I:1.491837e+00)
0009(10007): (1.491837e+00 1.494278e+00) 7.471392e-01
(Y:1.843428e+00 X:1.714400e+00 XY:2.058018e+00 I:1.499810e+00)
0010(10008): (1.499810e+00 1.494832e+00) 7.474158e-01
# InnerCodebook: deleted
# NBIDSchannel: deleted
# Gtable: deleted
# FBalg4: deleted
