# (Pid,Ps)=(2.500000e-02,1.000000e-02) Nseg=10000 [0]
# InnerCB: ICB/marker/6_1_0.bin
# Gtable:  Gtable/1/025_010.bin
# InnerCodebook: beta=1(4) nu=7
# InnerCodebook: B(B2p)=2(4) 2(4) 2(4) 2(4) 2(4) 2(4) 0(1) 
# InnerCodebook: checked CWM, EncMap, DecMap
# beta=1(4) nu=7 N=10000 Dmax=255
# B=2,2,2,2,2,2,0,
# NBIDSchannel: N=10000 Q=4 Dmax=255 (Pid,Ps)=(2.500000e-02,1.000000e-02)
# FBalg4: Nseg=10000 Dmax=255(w=511)
# FBalg4: Gtable: Gtable/1/025_010.bin
# Gtable: beta=1 (Pid,Ps,Ptrn)=(2.500000e-02,1.000000e-02,9.500000e-01) Pth=1.000000e-10
# Gtable: beta4p=4 beta4pp=16
# Gtable::Gtable len=0 cnt=4
# Gtable::Gtable len=1 cnt=16
# Gtable::Gtable len=2 cnt=64
# FBalg4: beta=1(4) (Pid,Ps)=(2.500000e-02,1.000000e-02) Pth=1.000000e-10 N=10000
(Y:1.839776e+00 X:1.714400e+00 XY:2.101117e+00 I:1.453059e+00)
0001(9987): (1.453059e+00 1.453059e+00) 7.265293e-01
(Y:1.844064e+00 X:1.714400e+00 XY:2.120052e+00 I:1.438412e+00)
0002(10033): (1.438412e+00 1.445735e+00) 7.228677e-01
(Y:1.841549e+00 X:1.714400e+00 XY:2.116376e+00 I:1.439573e+00)
0003(9967): (1.439573e+00 1.443681e+00) 7.218406e-01
(Y:1.849209e+00 X:1.714400e+00 XY:2.128537e+00 I:1.435073e+00)
0004(9994): (1.435073e+00 1.441529e+00) 7.207645e-01
(Y:1.842532e+00 X:1.714400e+00 XY:2.083140e+00 I:1.473791e+00)
0005(10036): (1.473791e+00 1.447981e+00) 7.239907e-01
(Y:1.849494e+00 X:1.714400e+00 XY:2.102464e+00 I:1.461430e+00)
0006(10001): (1.461430e+00 1.450223e+00) 7.251114e-01
(Y:1.852473e+00 X:1.714400e+00 XY:2.115284e+00 I:1.451589e+00)
0007(10023): (1.451589e+00 1.450418e+00) 7.252090e-01
(Y:1.836554e+00 X:1.714400e+00 XY:2.095684e+00 I:1.455269e+00)
0008(9986): (1.455269e+00 1.451024e+00) 7.255122e-01
(Y:1.840264e+00 X:1.714400e+00 XY:2.101419e+00 I:1.453244e+00)
0009(10007): (1.453244e+00 1.451271e+00) 7.256356e-01
(Y:1.841338e+00 X:1.714400e+00 XY:2.108250e+00 I:1.447488e+00)
0010(10004): (1.447488e+00 1.450893e+00) 7.254464e-01
# InnerCodebook: deleted
# NBIDSchannel: deleted
# Gtable: deleted
# FBalg4: deleted
