# (Pid,Ps)=(3.000000e-02,1.000000e-02) Nseg=10000 [0]
# InnerCB: ICB/marker/6_1_0.bin
# Gtable:  Gtable/1/030_010.bin
# InnerCodebook: beta=1(4) nu=7
# InnerCodebook: B(B2p)=2(4) 2(4) 2(4) 2(4) 2(4) 2(4) 0(1) 
# InnerCodebook: checked CWM, EncMap, DecMap
# beta=1(4) nu=7 N=10000 Dmax=305
# B=2,2,2,2,2,2,0,
# NBIDSchannel: N=10000 Q=4 Dmax=305 (Pid,Ps)=(3.000000e-02,1.000000e-02)
# FBalg4: Nseg=10000 Dmax=305(w=611)
# FBalg4: Gtable: Gtable/1/030_010.bin
# Gtable: beta=1 (Pid,Ps,Ptrn)=(3.000000e-02,1.000000e-02,9.400000e-01) Pth=1.000000e-10
# Gtable: beta4p=4 beta4pp=16
# Gtable::Gtable len=0 cnt=4
# Gtable::Gtable len=1 cnt=16
# Gtable::Gtable len=2 cnt=64
# FBalg4: beta=1(4) (Pid,Ps)=(3.000000e-02,1.000000e-02) Pth=1.000000e-10 N=10000
(Y:1.845178e+00 X:1.714400e+00 XY:2.149770e+00 I:1.409808e+00)
0001(9977): (1.409808e+00 1.409808e+00) 7.049042e-01
(Y:1.854776e+00 X:1.714400e+00 XY:2.164638e+00 I:1.404538e+00)
0002(10028): (1.404538e+00 1.407173e+00) 7.035866e-01
(Y:1.844512e+00 X:1.714400e+00 XY:2.154618e+00 I:1.404294e+00)
0003(9964): (1.404294e+00 1.406213e+00) 7.031067e-01
(Y:1.850343e+00 X:1.714400e+00 XY:2.164896e+00 I:1.399847e+00)
0004(9998): (1.399847e+00 1.404622e+00) 7.023110e-01
(Y:1.845989e+00 X:1.714400e+00 XY:2.126103e+00 I:1.434286e+00)
0005(10031): (1.434286e+00 1.410555e+00) 7.052774e-01
(Y:1.845648e+00 X:1.714400e+00 XY:2.137237e+00 I:1.422811e+00)
0006(10009): (1.422811e+00 1.412597e+00) 7.062987e-01
(Y:1.856106e+00 X:1.714400e+00 XY:2.161598e+00 I:1.408908e+00)
0007(9993): (1.408908e+00 1.412070e+00) 7.060352e-01
(Y:1.844225e+00 X:1.714400e+00 XY:2.145407e+00 I:1.413218e+00)
0008(9967): (1.413218e+00 1.412214e+00) 7.061069e-01
(Y:1.844771e+00 X:1.714400e+00 XY:2.146803e+00 I:1.412368e+00)
0009(9991): (1.412368e+00 1.412231e+00) 7.061155e-01
(Y:1.844040e+00 X:1.714400e+00 XY:2.145788e+00 I:1.412652e+00)
0010(10019): (1.412652e+00 1.412273e+00) 7.061365e-01
# InnerCodebook: deleted
# NBIDSchannel: deleted
# Gtable: deleted
# FBalg4: deleted
