# (Pid,Ps)=(3.500000e-02,1.000000e-02) Nseg=10000 [0]
# InnerCB: ICB/marker/6_1_0.bin
# Gtable:  Gtable/1/035_010.bin
# InnerCodebook: beta=1(4) nu=7
# InnerCodebook: B(B2p)=2(4) 2(4) 2(4) 2(4) 2(4) 2(4) 0(1) 
# InnerCodebook: checked CWM, EncMap, DecMap
# beta=1(4) nu=7 N=10000 Dmax=356
# B=2,2,2,2,2,2,0,
# NBIDSchannel: N=10000 Q=4 Dmax=356 (Pid,Ps)=(3.500000e-02,1.000000e-02)
# FBalg4: Nseg=10000 Dmax=356(w=713)
# FBalg4: Gtable: Gtable/1/035_010.bin
# Gtable: beta=1 (Pid,Ps,Ptrn)=(3.500000e-02,1.000000e-02,9.300000e-01) Pth=1.000000e-10
# Gtable: beta4p=4 beta4pp=16
# Gtable::Gtable len=0 cnt=4
# Gtable::Gtable len=1 cnt=16
# Gtable::Gtable len=2 cnt=64
# FBalg4: beta=1(4) (Pid,Ps)=(3.500000e-02,1.000000e-02) Pth=1.000000e-10 N=10000
(Y:1.847132e+00 X:1.714400e+00 XY:2.186396e+00 I:1.375137e+00)
0001(9978): (1.375137e+00 1.375137e+00) 6.875683e-01
(Y:1.852861e+00 X:1.714400e+00 XY:2.199697e+00 I:1.367564e+00)
0002(10038): (1.367564e+00 1.371350e+00) 6.856752e-01
(Y:1.842228e+00 X:1.714400e+00 XY:2.188374e+00 I:1.368254e+00)
0003(9961): (1.368254e+00 1.370318e+00) 6.851592e-01
(Y:1.854026e+00 X:1.714400e+00 XY:2.211719e+00 I:1.356707e+00)
0004(10002): (1.356707e+00 1.366916e+00) 6.834578e-01
(Y:1.846412e+00 X:1.714400e+00 XY:2.171826e+00 I:1.388987e+00)
0005(10012): (1.388987e+00 1.371330e+00) 6.856649e-01
(Y:1.850435e+00 X:1.714400e+00 XY:2.183243e+00 I:1.381593e+00)
0006(10005): (1.381593e+00 1.373040e+00) 6.865202e-01
(Y:1.854724e+00 X:1.714400e+00 XY:2.227218e+00 I:1.341906e+00)
0007(9984): (1.341906e+00 1.368593e+00) 6.842963e-01
(Y:1.845121e+00 X:1.714400e+00 XY:2.192569e+00 I:1.366952e+00)
0008(9972): (1.366952e+00 1.368387e+00) 6.841937e-01
(Y:1.849043e+00 X:1.714400e+00 XY:2.187064e+00 I:1.376380e+00)
0009(9990): (1.376380e+00 1.369275e+00) 6.846377e-01
(Y:1.849548e+00 X:1.714400e+00 XY:2.182399e+00 I:1.381549e+00)
0010(9992): (1.381549e+00 1.370503e+00) 6.852514e-01
# InnerCodebook: deleted
# NBIDSchannel: deleted
# Gtable: deleted
# FBalg4: deleted
