# (Pid,Ps)=(4.000000e-02,1.000000e-02) Nseg=10000 [0]
# InnerCB: ICB/marker/6_1_0.bin
# Gtable:  Gtable/1/040_010.bin
# InnerCodebook: beta=1(4) nu=7
# InnerCodebook: B(B2p)=2(4) 2(4) 2(4) 2(4) 2(4) 2(4) 0(1) 
# InnerCodebook: checked CWM, EncMap, DecMap
# beta=1(4) nu=7 N=10000 Dmax=405
# B=2,2,2,2,2,2,0,
# NBIDSchannel: N=10000 Q=4 Dmax=405 (Pid,Ps)=(4.000000e-02,1.000000e-02)
# FBalg4: Nseg=10000 Dmax=405(w=811)
# FBalg4: Gtable: Gtable/1/040_010.bin
# Gtable: beta=1 (Pid,Ps,Ptrn)=(4.000000e-02,1.000000e-02,9.200000e-01) Pth=1.000000e-10
# Gtable: beta4p=4 beta4pp=16
# Gtable::Gtable len=0 cnt=4
# Gtable::Gtable len=1 cnt=16
# Gtable::Gtable len=2 cnt=64
# FBalg4: beta=1(4) (Pid,Ps)=(4.000000e-02,1.000000e-02) Pth=1.000000e-10 N=10000
(Y:1.849715e+00 X:1.714400e+00 XY:2.230110e+00 I:1.334005e+00)
0001(9999): (1.334005e+00 1.334005e+00) 6.670025e-01
(Y:1.853162e+00 X:1.714400e+00 XY:2.231359e+00 I:1.336203e+00)
0002(10027): (1.336203e+00 1.335104e+00) 6.675519e-01
(Y:1.846751e+00 X:1.714400e+00 XY:2.228102e+00 I:1.333049e+00)
0003(9963): (1.333049e+00 1.334419e+00) 6.672095e-01
(Y:1.856627e+00 X:1.714400e+00 XY:2.237989e+00 I:1.333038e+00)
0004(10008): (1.333038e+00 1.334074e+00) 6.670368e-01
(Y:1.848439e+00 X:1.714400e+00 XY:2.207977e+00 I:1.354862e+00)
0005(10027): (1.354862e+00 1.338231e+00) 6.691157e-01
(Y:1.848265e+00 X:1.714400e+00 XY:2.215983e+00 I:1.346682e+00)
0006(10005): (1.346682e+00 1.339640e+00) 6.698198e-01
(Y:1.854676e+00 X:1.714400e+00 XY:2.261467e+00 I:1.307610e+00)
0007(9992): (1.307610e+00 1.335064e+00) 6.675320e-01
(Y:1.845715e+00 X:1.714400e+00 XY:2.225348e+00 I:1.334768e+00)
0008(9974): (1.334768e+00 1.335027e+00) 6.675135e-01
(Y:1.846869e+00 X:1.714400e+00 XY:2.234433e+00 I:1.326836e+00)
0009(9980): (1.326836e+00 1.334117e+00) 6.670584e-01
(Y:1.844592e+00 X:1.714400e+00 XY:2.219135e+00 I:1.339858e+00)
0010(9983): (1.339858e+00 1.334691e+00) 6.673455e-01
# InnerCodebook: deleted
# NBIDSchannel: deleted
# Gtable: deleted
# FBalg4: deleted
