# (Pid,Ps)=(4.500000e-02,1.000000e-02) Nseg=10000 [0]
# InnerCB: ICB/marker/6_1_0.bin
# Gtable:  Gtable/1/045_010.bin
# InnerCodebook: beta=1(4) nu=7
# InnerCodebook: B(B2p)=2(4) 2(4) 2(4) 2(4) 2(4) 2(4) 0(1) 
# InnerCodebook: checked CWM, EncMap, DecMap
# beta=1(4) nu=7 N=10000 Dmax=455
# B=2,2,2,2,2,2,0,
# NBIDSchannel: N=10000 Q=4 Dmax=455 (Pid,Ps)=(4.500000e-02,1.000000e-02)
# FBalg4: Nseg=10000 Dmax=455(w=911)
# FBalg4: Gtable: Gtable/1/045_010.bin
# Gtable: beta=1 (Pid,Ps,Ptrn)=(4.500000e-02,1.000000e-02,9.100000e-01) Pth=1.000000e-10
# Gtable: beta4p=4 beta4pp=16
# Gtable::Gtable len=0 cnt=4
# Gtable::Gtable len=1 cnt=16
# Gtable::Gtable len=2 cnt=64
# FBalg4: beta=1(4) (Pid,Ps)=(4.500000e-02,1.000000e-02) Pth=1.000000e-10 N=10000
(Y:1.844439e+00 X:1.714400e+00 XY:2.268524e+00 I:1.290315e+00)
0001(10005): (1.290315e+00 1.290315e+00) 6.451574e-01
(Y:1.850252e+00 X:1.714400e+00 XY:2.273399e+00 I:1.291253e+00)
0002(10025): (1.291253e+00 1.290784e+00) 6.453919e-01
(Y:1.846126e+00 X:1.714400e+00 XY:2.269212e+00 I:1.291314e+00)
0003(9977): (1.291314e+00 1.290960e+00) 6.454802e-01
(Y:1.853168e+00 X:1.714400e+00 XY:2.275438e+00 I:1.292130e+00)
0004(10007): (1.292130e+00 1.291253e+00) 6.456264e-01
(Y:1.842893e+00 X:1.714400e+00 XY:2.252603e+00 I:1.304691e+00)
0005(10040): (1.304691e+00 1.293940e+00) 6.469702e-01
(Y:1.845469e+00 X:1.714400e+00 XY:2.256215e+00 I:1.303654e+00)
0006(10016): (1.303654e+00 1.295559e+00) 6.477797e-01
(Y:1.850634e+00 X:1.714400e+00 XY:2.280894e+00 I:1.284140e+00)
0007(9988): (1.284140e+00 1.293928e+00) 6.469640e-01
(Y:1.844979e+00 X:1.714400e+00 XY:2.265433e+00 I:1.293945e+00)
0008(9972): (1.293945e+00 1.293930e+00) 6.469651e-01
(Y:1.852636e+00 X:1.714400e+00 XY:2.276427e+00 I:1.290609e+00)
0009(9990): (1.290609e+00 1.293561e+00) 6.467805e-01
(Y:1.842976e+00 X:1.714400e+00 XY:2.246847e+00 I:1.310529e+00)
0010(9968): (1.310529e+00 1.295258e+00) 6.476289e-01
# InnerCodebook: deleted
# NBIDSchannel: deleted
# Gtable: deleted
# FBalg4: deleted
