# (Pid,Ps)=(5.000000e-02,1.000000e-03) Nseg=10000 [0]
# InnerCB: ICB/marker/6_1_0.bin
# Gtable:  Gtable/1/050_001.bin
# InnerCodebook: beta=1(4) nu=7
# InnerCodebook: B(B2p)=2(4) 2(4) 2(4) 2(4) 2(4) 2(4) 0(1) 
# InnerCodebook: checked CWM, EncMap, DecMap
# beta=1(4) nu=7 N=10000 Dmax=505
# B=2,2,2,2,2,2,0,
# NBIDSchannel: N=10000 Q=4 Dmax=505 (Pid,Ps)=(5.000000e-02,1.000000e-03)
# FBalg4: Nseg=10000 Dmax=505(w=1011)
# FBalg4: Gtable: Gtable/1/050_001.bin
# Gtable: beta=1 (Pid,Ps,Ptrn)=(5.000000e-02,1.000000e-03,9.000000e-01) Pth=1.000000e-10
# Gtable: beta4p=4 beta4pp=16
# Gtable::Gtable len=0 cnt=4
# Gtable::Gtable len=1 cnt=16
# Gtable::Gtable len=2 cnt=64
# FBalg4: beta=1(4) (Pid,Ps)=(5.000000e-02,1.000000e-03) Pth=1.000000e-10 N=10000
(Y:1.838680e+00 X:1.714400e+00 XY:2.247596e+00 I:1.305484e+00)
0001(10021): (1.305484e+00 1.305484e+00) 6.527418e-01
(Y:1.841083e+00 X:1.714400e+00 XY:2.225976e+00 I:1.329507e+00)
0002(10045): (1.329507e+00 1.317495e+00) 6.587477e-01
(Y:1.837803e+00 X:1.714400e+00 XY:2.221499e+00 I:1.330704e+00)
0003(9983): (1.330704e+00 1.321898e+00) 6.609492e-01
(Y:1.838731e+00 X:1.714400e+00 XY:2.228408e+00 I:1.324722e+00)
0004(10005): (1.324722e+00 1.322604e+00) 6.613022e-01
(Y:1.841894e+00 X:1.714400e+00 XY:2.230868e+00 I:1.325426e+00)
0005(10026): (1.325426e+00 1.323169e+00) 6.615843e-01
(Y:1.840908e+00 X:1.714400e+00 XY:2.227138e+00 I:1.328170e+00)
0006(10002): (1.328170e+00 1.324002e+00) 6.620010e-01
(Y:1.840526e+00 X:1.714400e+00 XY:2.231596e+00 I:1.323331e+00)
0007(9994): (1.323331e+00 1.323906e+00) 6.619531e-01
(Y:1.834118e+00 X:1.714400e+00 XY:2.226126e+00 I:1.322392e+00)
0008(9972): (1.322392e+00 1.323717e+00) 6.618585e-01
(Y:1.837806e+00 X:1.714400e+00 XY:2.231693e+00 I:1.320513e+00)
0009(9992): (1.320513e+00 1.323361e+00) 6.616805e-01
(Y:1.836861e+00 X:1.714400e+00 XY:2.203164e+00 I:1.348097e+00)
0010(9971): (1.348097e+00 1.325835e+00) 6.629173e-01
# InnerCodebook: deleted
# NBIDSchannel: deleted
# Gtable: deleted
# FBalg4: deleted
