# (Pid,Ps)=(2.500000e-02,1.000000e-03) Nseg=1000 WinSize=10 [0]
# InnerCB: ICB/marker/3_1_0.bin
# Gtable:  Gtable/1/025_001.bin
# InnerCodebook: beta=1(4) nu=4
# InnerCodebook: B(B2p)=2(4) 2(4) 2(4) 0(1) 
# InnerCodebook: checked CWM, EncMap, DecMap
# beta=1(4) N=1000 Dmax=30
# NBIDSchannel: N=1000 Q=4 Dmax=30 (Pid,Ps)=(2.500000e-02,1.000000e-03)
# FBalg4: Nseg=1000 Dmax=30(w=61)
# FBalg4: Gtable: Gtable/1/025_001.bin
# Gtable: beta=1 (Pid,Ps,Ptrn)=(2.500000e-02,1.000000e-03,9.500000e-01) Pth=1.000000e-10
# Gtable: beta4p=4 beta4pp=16
# Gtable::Gtable len=0 cnt=4
# Gtable::Gtable len=1 cnt=16
# Gtable::Gtable len=2 cnt=64
# FBalg4: beta=1(4) (Pid,Ps)=(2.500000e-02,1.000000e-03) Pth=1.000000e-10 N=1000
0913(988) (6.45e-01 5.88e-01) XE:2.94e-01 (1.37e+00 1.33e+00 | 2.87e+00 3.02e+00)
1875(998) (5.70e-01 5.78e-01) XE:2.89e-01 (1.35e+00 1.33e+00 | 2.72e+00 3.01e+00)
2838(1007) (1.09e+00 5.79e-01) XE:2.90e-01 (1.36e+00 1.33e+00 | 3.07e+00 3.01e+00)
3799(993) (4.68e-01 5.79e-01) XE:2.90e-01 (1.32e+00 1.33e+00 | 2.55e+00 3.01e+00)
4762(1006) (4.23e-01 5.78e-01) XE:2.89e-01 (1.35e+00 1.33e+00 | 3.28e+00 3.01e+00)
5722(1002) (4.91e-01 5.79e-01) XE:2.89e-01 (1.37e+00 1.33e+00 | 3.14e+00 3.01e+00)
6684(1002) (4.43e-01 5.79e-01) XE:2.89e-01 (1.31e+00 1.33e+00 | 3.09e+00 3.01e+00)
7646(1007) (5.47e-01 5.77e-01) XE:2.88e-01 (1.35e+00 1.33e+00 | 3.33e+00 3.01e+00)
8608(999) (6.59e-01 5.77e-01) XE:2.89e-01 (1.33e+00 1.33e+00 | 3.05e+00 3.01e+00)
9571(1012) (5.30e-01 5.77e-01) XE:2.88e-01 (1.37e+00 1.33e+00 | 3.29e+00 3.01e+00)
10000(988) (7.10e-01 5.78e-01) XE:2.89e-01 (1.35e+00 1.33e+00 | 2.99e+00 3.01e+00)
RL cnt: 0,5618947,1404552,379973,43815,27348,10835,4245,681,441,150,66,7,10,2,0,
BL cnt: 58290,0,425180,0,1354462,0,2438678,0,2707769,0,1896775,0,814637,0,194560,0,19649,0,0,0,0,
# InnerCodebook: deleted
# NBIDSchannel: deleted
# Gtable: deleted
# FBalg4: deleted
