# (Pid,Ps)=(3.500000e-02,1.000000e-02) Nseg=1000 WinSize=10 [0]
# InnerCB: ICB/marker/3_1_0.bin
# Gtable:  Gtable/1/035_010.bin
# InnerCodebook: beta=1(4) nu=4
# InnerCodebook: B(B2p)=2(4) 2(4) 2(4) 0(1) 
# InnerCodebook: checked CWM, EncMap, DecMap
# beta=1(4) N=1000 Dmax=40
# NBIDSchannel: N=1000 Q=4 Dmax=40 (Pid,Ps)=(3.500000e-02,1.000000e-02)
# FBalg4: Nseg=1000 Dmax=40(w=81)
# FBalg4: Gtable: Gtable/1/035_010.bin
# Gtable: beta=1 (Pid,Ps,Ptrn)=(3.500000e-02,1.000000e-02,9.300000e-01) Pth=1.000000e-10
# Gtable: beta4p=4 beta4pp=16
# Gtable::Gtable len=0 cnt=4
# Gtable::Gtable len=1 cnt=16
# Gtable::Gtable len=2 cnt=64
# FBalg4: beta=1(4) (Pid,Ps)=(3.500000e-02,1.000000e-02) Pth=1.000000e-10 N=1000
0563(1001) (8.01e-01 9.55e-01) XE:4.78e-01 (1.34e+00 1.33e+00 | 3.00e+00 3.00e+00)
1130(986) (5.35e-01 9.50e-01) XE:4.75e-01 (1.30e+00 1.33e+00 | 2.96e+00 3.01e+00)
1698(992) (7.48e-01 9.50e-01) XE:4.75e-01 (1.30e+00 1.33e+00 | 3.09e+00 3.01e+00)
2265(1008) (1.20e+00 9.50e-01) XE:4.75e-01 (1.32e+00 1.33e+00 | 2.73e+00 3.01e+00)
2833(1003) (1.27e+00 9.50e-01) XE:4.75e-01 (1.35e+00 1.33e+00 | 2.92e+00 3.01e+00)
3400(1001) (5.79e-01 9.51e-01) XE:4.76e-01 (1.34e+00 1.33e+00 | 3.01e+00 3.01e+00)
3968(989) (7.33e-01 9.51e-01) XE:4.76e-01 (1.33e+00 1.33e+00 | 3.00e+00 3.01e+00)
4535(1001) (1.05e+00 9.49e-01) XE:4.75e-01 (1.31e+00 1.33e+00 | 3.08e+00 3.01e+00)
5102(1011) (8.12e-01 9.48e-01) XE:4.74e-01 (1.32e+00 1.33e+00 | 2.77e+00 3.01e+00)
5670(1009) (8.17e-01 9.46e-01) XE:4.73e-01 (1.35e+00 1.33e+00 | 3.04e+00 3.01e+00)
6237(998) (8.11e-01 9.43e-01) XE:4.72e-01 (1.33e+00 1.33e+00 | 3.06e+00 3.01e+00)
6804(1006) (6.34e-01 9.44e-01) XE:4.72e-01 (1.33e+00 1.33e+00 | 3.34e+00 3.01e+00)
7371(1001) (1.17e+00 9.44e-01) XE:4.72e-01 (1.34e+00 1.33e+00 | 3.06e+00 3.01e+00)
7938(1009) (1.27e+00 9.45e-01) XE:4.73e-01 (1.32e+00 1.33e+00 | 3.15e+00 3.01e+00)
8505(1004) (1.33e+00 9.45e-01) XE:4.72e-01 (1.31e+00 1.33e+00 | 3.09e+00 3.01e+00)
9072(1001) (1.02e+00 9.43e-01) XE:4.72e-01 (1.40e+00 1.33e+00 | 3.24e+00 3.01e+00)
9640(993) (9.77e-01 9.43e-01) XE:4.71e-01 (1.37e+00 1.33e+00 | 3.33e+00 3.01e+00)
10000(995) (9.92e-01 9.43e-01) XE:4.72e-01 (1.35e+00 1.33e+00 | 2.80e+00 3.01e+00)
RL cnt: 0,5618148,1403704,379977,44413,27339,10922,4229,648,416,168,64,6,5,2,3,
BL cnt: 57965,0,424800,0,1355899,0,2436543,0,2710759,0,1897908,0,813555,0,193082,0,19489,0,0,0,0,
# InnerCodebook: deleted
# NBIDSchannel: deleted
# Gtable: deleted
# FBalg4: deleted
