# (Pid,Ps)=(4.500000e-02,1.000000e-03) Nseg=1000 WinSize=10 [0]
# InnerCB: ICB/marker/3_1_0.bin
# Gtable:  Gtable/1/045_001.bin
# InnerCodebook: beta=1(4) nu=4
# InnerCodebook: B(B2p)=2(4) 2(4) 2(4) 0(1) 
# InnerCodebook: checked CWM, EncMap, DecMap
# beta=1(4) N=1000 Dmax=50
# NBIDSchannel: N=1000 Q=4 Dmax=50 (Pid,Ps)=(4.500000e-02,1.000000e-03)
# FBalg4: Nseg=1000 Dmax=50(w=101)
# FBalg4: Gtable: Gtable/1/045_001.bin
# Gtable: beta=1 (Pid,Ps,Ptrn)=(4.500000e-02,1.000000e-03,9.100000e-01) Pth=1.000000e-10
# Gtable: beta4p=4 beta4pp=16
# Gtable::Gtable len=0 cnt=4
# Gtable::Gtable len=1 cnt=16
# Gtable::Gtable len=2 cnt=64
# FBalg4: beta=1(4) (Pid,Ps)=(4.500000e-02,1.000000e-03) Pth=1.000000e-10 N=1000
0318(999) (1.09e+00 1.09e+00) XE:5.45e-01 (1.29e+00 1.33e+00 | 2.74e+00 3.03e+00)
0663(999) (7.23e-01 1.08e+00) XE:5.41e-01 (1.33e+00 1.33e+00 | 2.79e+00 3.02e+00)
1009(1020) (6.89e-01 1.08e+00) XE:5.40e-01 (1.33e+00 1.33e+00 | 2.92e+00 3.02e+00)
1354(1021) (6.21e-01 1.08e+00) XE:5.40e-01 (1.35e+00 1.33e+00 | 2.88e+00 3.02e+00)
1699(1016) (1.13e+00 1.08e+00) XE:5.40e-01 (1.30e+00 1.33e+00 | 2.89e+00 3.02e+00)
2044(998) (1.30e+00 1.08e+00) XE:5.40e-01 (1.32e+00 1.33e+00 | 2.71e+00 3.01e+00)
2389(991) (1.09e+00 1.08e+00) XE:5.39e-01 (1.32e+00 1.33e+00 | 2.82e+00 3.01e+00)
2734(1001) (9.86e-01 1.08e+00) XE:5.38e-01 (1.32e+00 1.33e+00 | 2.72e+00 3.01e+00)
3080(994) (9.05e-01 1.08e+00) XE:5.38e-01 (1.31e+00 1.33e+00 | 2.94e+00 3.01e+00)
3425(987) (1.19e+00 1.07e+00) XE:5.37e-01 (1.36e+00 1.33e+00 | 2.78e+00 3.01e+00)
3770(995) (1.03e+00 1.07e+00) XE:5.37e-01 (1.35e+00 1.33e+00 | 2.64e+00 3.01e+00)
4115(1008) (1.26e+00 1.07e+00) XE:5.36e-01 (1.32e+00 1.33e+00 | 2.83e+00 3.01e+00)
4460(1012) (1.01e+00 1.07e+00) XE:5.36e-01 (1.31e+00 1.33e+00 | 2.95e+00 3.00e+00)
4805(997) (1.42e+00 1.07e+00) XE:5.35e-01 (1.34e+00 1.33e+00 | 2.96e+00 3.00e+00)
5150(981) (9.78e-01 1.07e+00) XE:5.35e-01 (1.36e+00 1.33e+00 | 3.04e+00 3.00e+00)
5495(1008) (1.03e+00 1.07e+00) XE:5.35e-01 (1.36e+00 1.33e+00 | 3.24e+00 3.00e+00)
5840(982) (1.08e+00 1.07e+00) XE:5.35e-01 (1.34e+00 1.33e+00 | 2.90e+00 3.00e+00)
6185(1013) (1.29e+00 1.07e+00) XE:5.34e-01 (1.35e+00 1.33e+00 | 2.93e+00 3.00e+00)
6530(1001) (9.09e-01 1.07e+00) XE:5.34e-01 (1.34e+00 1.33e+00 | 2.78e+00 3.00e+00)
6875(998) (1.04e+00 1.07e+00) XE:5.34e-01 (1.33e+00 1.33e+00 | 3.20e+00 3.00e+00)
7220(986) (9.32e-01 1.07e+00) XE:5.34e-01 (1.31e+00 1.33e+00 | 3.11e+00 3.00e+00)
7565(991) (8.87e-01 1.07e+00) XE:5.34e-01 (1.33e+00 1.33e+00 | 2.97e+00 3.00e+00)
7911(1017) (1.12e+00 1.07e+00) XE:5.33e-01 (1.34e+00 1.33e+00 | 3.10e+00 3.00e+00)
8256(997) (9.15e-01 1.07e+00) XE:5.33e-01 (1.34e+00 1.33e+00 | 3.08e+00 3.01e+00)
8601(997) (2.04e+00 1.07e+00) XE:5.33e-01 (1.34e+00 1.33e+00 | 3.13e+00 3.01e+00)
8946(1017) (8.81e-01 1.06e+00) XE:5.32e-01 (1.32e+00 1.33e+00 | 2.87e+00 3.01e+00)
9293(1000) (9.48e-01 1.06e+00) XE:5.32e-01 (1.36e+00 1.33e+00 | 3.18e+00 3.00e+00)
9653(998) (7.33e-01 1.06e+00) XE:5.32e-01 (1.31e+00 1.33e+00 | 2.83e+00 3.01e+00)
10000(993) (9.87e-01 1.06e+00) XE:5.32e-01 (1.37e+00 1.33e+00 | 2.85e+00 3.01e+00)
RL cnt: 0,5619853,1403268,380125,43850,27506,10953,4137,717,424,167,65,13,9,3,0,
BL cnt: 57453,0,423818,0,1354302,0,2437690,0,2711598,0,1898852,0,813579,0,193545,0,19163,0,0,0,0,
# InnerCodebook: deleted
# NBIDSchannel: deleted
# Gtable: deleted
# FBalg4: deleted
