# (Pid,Ps)=(2.500000e-02,1.000000e-02) Nseg=1000 WinSize=10 [0]
# InnerCB: ICB/marker/8_1_0.bin
# Gtable:  Gtable/1/025_010.bin
# InnerCodebook: beta=1(4) nu=9
# InnerCodebook: B(B2p)=2(4) 2(4) 2(4) 2(4) 2(4) 2(4) 2(4) 2(4) 0(1) 
# InnerCodebook: checked CWM, EncMap, DecMap
# beta=1(4) N=1000 Dmax=30
# NBIDSchannel: N=1000 Q=4 Dmax=30 (Pid,Ps)=(2.500000e-02,1.000000e-02)
# FBalg4: Nseg=1000 Dmax=30(w=61)
# FBalg4: Gtable: Gtable/1/025_010.bin
# Gtable: beta=1 (Pid,Ps,Ptrn)=(2.500000e-02,1.000000e-02,9.500000e-01) Pth=1.000000e-10
# Gtable: beta4p=4 beta4pp=16
# Gtable::Gtable len=0 cnt=4
# Gtable::Gtable len=1 cnt=16
# Gtable::Gtable len=2 cnt=64
# FBalg4: beta=1(4) (Pid,Ps)=(2.500000e-02,1.000000e-02) Pth=1.000000e-10 N=1000
0891(996) (5.73e-01 6.04e-01) XE:3.02e-01 (1.29e+00 1.33e+00 | 2.54e+00 2.49e+00)
1808(998) (7.46e-01 6.04e-01) XE:3.02e-01 (1.34e+00 1.33e+00 | 2.94e+00 2.49e+00)
2724(1000) (4.62e-01 6.02e-01) XE:3.01e-01 (1.34e+00 1.33e+00 | 2.59e+00 2.49e+00)
3640(1011) (5.16e-01 6.03e-01) XE:3.01e-01 (1.33e+00 1.33e+00 | 2.50e+00 2.49e+00)
4556(1009) (5.07e-01 6.03e-01) XE:3.01e-01 (1.34e+00 1.33e+00 | 2.57e+00 2.49e+00)
5472(1007) (5.40e-01 6.03e-01) XE:3.02e-01 (1.33e+00 1.33e+00 | 2.30e+00 2.49e+00)
6389(1001) (5.84e-01 6.03e-01) XE:3.02e-01 (1.32e+00 1.33e+00 | 2.26e+00 2.49e+00)
7305(992) (5.80e-01 6.04e-01) XE:3.02e-01 (1.35e+00 1.33e+00 | 2.48e+00 2.49e+00)
8222(1002) (7.39e-01 6.04e-01) XE:3.02e-01 (1.32e+00 1.33e+00 | 2.21e+00 2.49e+00)
9138(995) (5.76e-01 6.04e-01) XE:3.02e-01 (1.34e+00 1.33e+00 | 2.40e+00 2.49e+00)
10000(1001) (6.38e-01 6.03e-01) XE:3.02e-01 (1.32e+00 1.33e+00 | 2.31e+00 2.49e+00)
RL cnt: 0,5620673,1403528,351217,87643,21787,5390,1373,369,48,31,6,2,2,0,0,
BL cnt: 21350,0,188444,0,738267,0,1687501,0,2470853,0,2408284,0,1564185,0,654582,0,159479,0,17055,0,0,
# InnerCodebook: deleted
# NBIDSchannel: deleted
# Gtable: deleted
# FBalg4: deleted
