# (Pid,Ps)=(3.000000e-02,1.000000e-03) Nseg=1000 WinSize=10 [0]
# InnerCB: ICB/marker/8_1_0.bin
# Gtable:  Gtable/1/030_001.bin
# InnerCodebook: beta=1(4) nu=9
# InnerCodebook: B(B2p)=2(4) 2(4) 2(4) 2(4) 2(4) 2(4) 2(4) 2(4) 0(1) 
# InnerCodebook: checked CWM, EncMap, DecMap
# beta=1(4) N=1000 Dmax=35
# NBIDSchannel: N=1000 Q=4 Dmax=35 (Pid,Ps)=(3.000000e-02,1.000000e-03)
# FBalg4: Nseg=1000 Dmax=35(w=71)
# FBalg4: Gtable: Gtable/1/030_001.bin
# Gtable: beta=1 (Pid,Ps,Ptrn)=(3.000000e-02,1.000000e-03,9.400000e-01) Pth=1.000000e-10
# Gtable: beta4p=4 beta4pp=16
# Gtable::Gtable len=0 cnt=4
# Gtable::Gtable len=1 cnt=16
# Gtable::Gtable len=2 cnt=64
# FBalg4: beta=1(4) (Pid,Ps)=(3.000000e-02,1.000000e-03) Pth=1.000000e-10 N=1000
0689(1007) (6.77e-01 6.26e-01) XE:3.13e-01 (1.33e+00 1.33e+00 | 2.54e+00 2.49e+00)
1381(1008) (5.30e-01 6.28e-01) XE:3.14e-01 (1.33e+00 1.33e+00 | 2.52e+00 2.49e+00)
2073(996) (5.62e-01 6.26e-01) XE:3.13e-01 (1.35e+00 1.33e+00 | 2.38e+00 2.49e+00)
2764(992) (5.02e-01 6.25e-01) XE:3.12e-01 (1.39e+00 1.33e+00 | 2.67e+00 2.49e+00)
3456(1013) (6.35e-01 6.27e-01) XE:3.13e-01 (1.34e+00 1.33e+00 | 2.71e+00 2.49e+00)
4148(999) (5.51e-01 6.26e-01) XE:3.13e-01 (1.35e+00 1.33e+00 | 2.44e+00 2.49e+00)
4840(1001) (5.99e-01 6.25e-01) XE:3.12e-01 (1.38e+00 1.33e+00 | 2.69e+00 2.49e+00)
5532(993) (5.62e-01 6.23e-01) XE:3.12e-01 (1.36e+00 1.33e+00 | 2.62e+00 2.49e+00)
6224(993) (6.02e-01 6.23e-01) XE:3.11e-01 (1.34e+00 1.33e+00 | 2.58e+00 2.49e+00)
6915(1005) (6.16e-01 6.23e-01) XE:3.12e-01 (1.35e+00 1.33e+00 | 2.55e+00 2.49e+00)
7608(986) (6.65e-01 6.23e-01) XE:3.11e-01 (1.31e+00 1.33e+00 | 2.51e+00 2.49e+00)
8300(1011) (7.82e-01 6.23e-01) XE:3.12e-01 (1.33e+00 1.33e+00 | 2.44e+00 2.49e+00)
8992(1003) (6.44e-01 6.23e-01) XE:3.11e-01 (1.29e+00 1.33e+00 | 2.51e+00 2.49e+00)
9685(993) (6.34e-01 6.23e-01) XE:3.12e-01 (1.33e+00 1.33e+00 | 2.35e+00 2.49e+00)
10000(993) (5.05e-01 6.23e-01) XE:3.11e-01 (1.32e+00 1.33e+00 | 2.51e+00 2.49e+00)
RL cnt: 0,5621752,1403516,350615,87341,22177,5322,1401,387,64,24,9,1,0,0,0,
BL cnt: 21367,0,188317,0,740645,0,1684794,0,2466276,0,2412167,0,1567836,0,652719,0,158522,0,17357,0,0,
# InnerCodebook: deleted
# NBIDSchannel: deleted
# Gtable: deleted
# FBalg4: deleted
