# (Pid,Ps)=(5.000000e-02,1.000000e-02) Nseg=1000 WinSize=10 [0]
# InnerCB: ICB/marker/8_1_0.bin
# Gtable:  Gtable/1/050_010.bin
# InnerCodebook: beta=1(4) nu=9
# InnerCodebook: B(B2p)=2(4) 2(4) 2(4) 2(4) 2(4) 2(4) 2(4) 2(4) 0(1) 
# InnerCodebook: checked CWM, EncMap, DecMap
# beta=1(4) N=1000 Dmax=55
# NBIDSchannel: N=1000 Q=4 Dmax=55 (Pid,Ps)=(5.000000e-02,1.000000e-02)
# FBalg4: Nseg=1000 Dmax=55(w=111)
# FBalg4: Gtable: Gtable/1/050_010.bin
# Gtable: beta=1 (Pid,Ps,Ptrn)=(5.000000e-02,1.000000e-02,9.000000e-01) Pth=1.000000e-10
# Gtable: beta4p=4 beta4pp=16
# Gtable::Gtable len=0 cnt=4
# Gtable::Gtable len=1 cnt=16
# Gtable::Gtable len=2 cnt=64
# FBalg4: beta=1(4) (Pid,Ps)=(5.000000e-02,1.000000e-02) Pth=1.000000e-10 N=1000
0278(1011) (1.02e+00 1.05e+00) XE:5.24e-01 (1.33e+00 1.33e+00 | 2.69e+00 2.48e+00)
0572(1001) (1.59e+00 1.04e+00) XE:5.20e-01 (1.33e+00 1.33e+00 | 2.47e+00 2.49e+00)
0866(999) (8.16e-01 1.04e+00) XE:5.20e-01 (1.37e+00 1.33e+00 | 2.70e+00 2.49e+00)
1160(979) (9.34e-01 1.04e+00) XE:5.19e-01 (1.31e+00 1.33e+00 | 2.28e+00 2.49e+00)
1454(992) (9.34e-01 1.04e+00) XE:5.20e-01 (1.31e+00 1.33e+00 | 2.41e+00 2.49e+00)
1747(986) (8.85e-01 1.04e+00) XE:5.18e-01 (1.41e+00 1.33e+00 | 2.83e+00 2.49e+00)
2041(1015) (8.38e-01 1.04e+00) XE:5.19e-01 (1.35e+00 1.33e+00 | 2.62e+00 2.49e+00)
2335(987) (1.03e+00 1.04e+00) XE:5.19e-01 (1.31e+00 1.33e+00 | 2.74e+00 2.49e+00)
2629(1005) (1.54e+00 1.04e+00) XE:5.20e-01 (1.36e+00 1.33e+00 | 2.26e+00 2.49e+00)
2923(1001) (8.46e-01 1.04e+00) XE:5.20e-01 (1.31e+00 1.33e+00 | 2.58e+00 2.49e+00)
3217(1003) (1.00e+00 1.04e+00) XE:5.21e-01 (1.32e+00 1.33e+00 | 2.65e+00 2.49e+00)
3511(1003) (1.18e+00 1.04e+00) XE:5.21e-01 (1.36e+00 1.33e+00 | 2.55e+00 2.49e+00)
3805(996) (7.88e-01 1.04e+00) XE:5.21e-01 (1.38e+00 1.33e+00 | 2.41e+00 2.49e+00)
4099(1012) (9.04e-01 1.04e+00) XE:5.21e-01 (1.36e+00 1.33e+00 | 2.47e+00 2.49e+00)
4394(994) (8.76e-01 1.04e+00) XE:5.21e-01 (1.31e+00 1.33e+00 | 2.23e+00 2.49e+00)
4701(997) (1.19e+00 1.04e+00) XE:5.20e-01 (1.31e+00 1.33e+00 | 2.41e+00 2.49e+00)
5008(989) (9.75e-01 1.04e+00) XE:5.20e-01 (1.35e+00 1.33e+00 | 2.57e+00 2.49e+00)
5314(997) (9.03e-01 1.04e+00) XE:5.20e-01 (1.30e+00 1.33e+00 | 2.44e+00 2.49e+00)
5621(1000) (1.00e+00 1.04e+00) XE:5.20e-01 (1.36e+00 1.33e+00 | 2.66e+00 2.49e+00)
5928(1002) (9.69e-01 1.04e+00) XE:5.20e-01 (1.28e+00 1.33e+00 | 2.51e+00 2.49e+00)
6234(973) (1.15e+00 1.04e+00) XE:5.20e-01 (1.34e+00 1.33e+00 | 2.58e+00 2.49e+00)
6541(1000) (1.30e+00 1.04e+00) XE:5.20e-01 (1.29e+00 1.33e+00 | 2.50e+00 2.49e+00)
6847(997) (8.62e-01 1.04e+00) XE:5.20e-01 (1.30e+00 1.33e+00 | 2.48e+00 2.49e+00)
7154(992) (1.14e+00 1.04e+00) XE:5.20e-01 (1.33e+00 1.33e+00 | 2.39e+00 2.49e+00)
7460(1001) (9.73e-01 1.04e+00) XE:5.20e-01 (1.34e+00 1.33e+00 | 2.53e+00 2.49e+00)
7767(1015) (9.23e-01 1.04e+00) XE:5.20e-01 (1.38e+00 1.33e+00 | 2.38e+00 2.49e+00)
8074(989) (1.06e+00 1.04e+00) XE:5.20e-01 (1.32e+00 1.33e+00 | 2.40e+00 2.49e+00)
8380(1023) (9.26e-01 1.04e+00) XE:5.20e-01 (1.33e+00 1.33e+00 | 2.49e+00 2.49e+00)
8687(992) (1.14e+00 1.04e+00) XE:5.20e-01 (1.37e+00 1.33e+00 | 3.03e+00 2.49e+00)
8994(1000) (1.03e+00 1.04e+00) XE:5.20e-01 (1.33e+00 1.33e+00 | 2.38e+00 2.49e+00)
9300(994) (8.55e-01 1.04e+00) XE:5.20e-01 (1.36e+00 1.33e+00 | 2.30e+00 2.49e+00)
9607(982) (1.15e+00 1.04e+00) XE:5.20e-01 (1.28e+00 1.33e+00 | 2.39e+00 2.49e+00)
9914(1005) (9.82e-01 1.04e+00) XE:5.20e-01 (1.30e+00 1.33e+00 | 2.35e+00 2.49e+00)
10000(1018) (7.30e-01 1.04e+00) XE:5.20e-01 (1.31e+00 1.33e+00 | 2.39e+00 2.49e+00)
RL cnt: 0,5619712,1405317,349923,87539,21915,5600,1347,348,68,21,11,2,0,0,0,
BL cnt: 21600,0,189162,0,737352,0,1684558,0,2464951,0,2412227,0,1568045,0,655175,0,159678,0,17252,0,0,
# InnerCodebook: deleted
# NBIDSchannel: deleted
# Gtable: deleted
# FBalg4: deleted
