# InnerCodebook: input ICB/ex01//cb.txt
# InnerCodebook: Nu=6 Nu2p=64 numCW=18 FlgUnique=1 FlgInvertible=1 FlgBalanced=1
# InnerCodebook: Rho=3 (ell,Delta)=(10,2) L0=2
# InnerCodebook: Rst01=4 Rst10=13
# CW
# 000:001011 (2,L2,R2) WL:0 0 1 1 2 3  WR:3 3 3 2 2 1  
# 001:001101 (2,L2,R1) WL:0 0 1 2 2 3  WR:3 3 3 2 1 1  
# 002:001110 (3,L2,R1) WL:0 0 1 2 3 3  WR:3 3 3 2 1 0  
# 003:010011 (2,L1,R2) WL:0 1 1 1 2 3  WR:3 3 2 2 2 1  
# 004:010101 (1,L1,R1) WL:0 1 1 2 2 3  WR:3 3 2 2 1 1  
# 005:010110 (2,L1,R1) WL:0 1 1 2 3 3  WR:3 3 2 2 1 0  
# 006:011001 (2,L1,R1) WL:0 1 2 2 2 3  WR:3 3 2 1 1 1  
# 007:011010 (2,L1,R1) WL:0 1 2 2 3 3  WR:3 3 2 1 1 0  
# 008:011100 (3,L1,R2) WL:0 1 2 3 3 3  WR:3 3 2 1 0 0  
# 009:100011 (3,L1,R2) WL:1 1 1 1 2 3  WR:3 2 2 2 2 1  
# 010:100101 (2,L1,R1) WL:1 1 1 2 2 3  WR:3 2 2 2 1 1  
# 011:100110 (2,L1,R1) WL:1 1 1 2 3 3  WR:3 2 2 2 1 0  
# 012:101001 (2,L1,R1) WL:1 1 2 2 2 3  WR:3 2 2 1 1 1  
# 013:101010 (1,L1,R1) WL:1 1 2 2 3 3  WR:3 2 2 1 1 0  
# 014:101100 (2,L1,R2) WL:1 1 2 3 3 3  WR:3 2 2 1 0 0  
# 015:110001 (3,L2,R1) WL:1 2 2 2 2 3  WR:3 2 1 1 1 1  
# 016:110010 (2,L2,R1) WL:1 2 2 2 3 3  WR:3 2 1 1 1 0  
# 017:110100 (2,L2,R2) WL:1 2 2 3 3 3  WR:3 2 1 1 0 0  
# CWL
# 000B:1 000D:1 000E:1 0013:1 0015:1 0016:1 0019:1 001A:1 001C:1 0023:1 
# 0025:1 0026:1 0029:1 002A:1 002C:1 0031:1 0032:1 0034:1 
# CWI
# 000B:000 000D:001 000E:002 0013:003 0015:004 0016:005 0019:006 001A:007 001C:008 0023:009 
# 0025:010 0026:011 0029:012 002A:013 002C:014 0031:015 0032:016 0034:017 
# QA=18 Ns=50 Nu=6 Nb=300 (Pi,Pd,Ps)=(0.000000e+00,0.000000e+00,0.000000e+00) Nseq=90 Ndi=1 [0]
# ICB:   ICB/ex01//cb.txt
# Const: ICB/ex01//constraint.txt
# EncCM: ICB/ex01//EncCM.bin
# ChannelMatrix: ICB/ex01//EncCM.bin (18x18)
# CSFBAdec: Ns=50 (Nu;Nu2min,Nu2max)=(6(64);4,8) Nb=300 Q=18 Nseq=90
# CSFBAdec: (Pi,Pd,Ps,Pt)=(0.000000e+00,0.000000e+00,0.000000e+00,1.000000e+00) (Dmin,Dmax:Drng)=(0,0:1)
# CSFBAdec: generating GD & GX
# CSFBAdec: generating factor graph
# CPScodec: Ns=50 Nu=6 Nb=300 Nseq=90
# CPScodec: (Pi,Pd,Ps,Pt)=(0.000000e+00,0.000000e+00,0.000000e+00,1.000000e+00) (Dmin,Dmax:Drng)=(0,0:1)
# CPScodec::SetCSL Kc=3 QB=8 QB2=4
# CPScodec: Kc=3 QB=8 QB2=4
# CPScodec::CSL
#  [0] 00,03,00,00  01,02,00,00  02,01,00,00  03,00,00,00  
#  [1] 00,00,00,03  00,00,01,02  00,00,02,01  00,00,03,00  
# Kc=3 QB=8 QB2=4
# CIDSchannel: N=300 (Pi,Pd,Ps)=(0.000000e+00,0.000000e+00,0.000000e+00) (Dmin,Dmax)=(0,0)
# CIDSchannel: Kc=3 Nseq=90
# ChannelMatrix: M=18 N=5832
# ChannelMatrix: M=4 N=64
# ConcatAB: (Nb,Nu,Ns)=(300,6,50) Nseq=90 (Qa,Qb)=(18,8) (Dmin,Dmax,Drng)=(0,0,1)
1114 : 5222/55700=9.375224e-02 13 : 86/334200=2.573309e-04 2 : 4.169714e+00 3.360169e-01 3.833698e+00 : 1.999998e+00 3.161800e-03 1.996836e+00
2267 : 10714/113350=9.452139e-02 13 : 174/680100=2.558447e-04 2 : 4.169783e+00 3.364542e-01 3.833329e+00 : 1.999993e+00 3.150352e-03 1.996843e+00
3398 : 16231/169900=9.553267e-02 14 : 260/1019400=2.550520e-04 2 : 4.169849e+00 3.388228e-01 3.831026e+00 : 1.999997e+00 3.137974e-03 1.996859e+00
4490 : 21407/224500=9.535412e-02 14 : 352/1347000=2.613215e-04 2 : 4.169865e+00 3.390076e-01 3.830858e+00 : 1.999997e+00 3.196637e-03 1.996801e+00
5579 : 26625/278950=9.544721e-02 14 : 439/1673700=2.622931e-04 2 : 4.169871e+00 3.393800e-01 3.830491e+00 : 1.999998e+00 3.204463e-03 1.996794e+00
6684 : 32005/334200=9.576601e-02 14 : 527/2005200=2.628167e-04 2 : 4.169887e+00 3.399980e-01 3.829889e+00 : 1.999999e+00 3.207594e-03 1.996791e+00
7789 : 37260/389450=9.567339e-02 15 : 617/2336700=2.640476e-04 2 : 4.169887e+00 3.399936e-01 3.829893e+00 : 1.999999e+00 3.221403e-03 1.996777e+00
8888 : 42522/444400=9.568407e-02 15 : 713/2666400=2.674017e-04 2 : 4.169898e+00 3.400899e-01 3.829808e+00 : 1.999999e+00 3.256957e-03 1.996742e+00
9981 : 47645/499050=9.547140e-02 15 : 802/2994300=2.678422e-04 3 : 4.169895e+00 3.398373e-01 3.830057e+00 : 1.999999e+00 3.263023e-03 1.996736e+00
11071 : 52879/553550=9.552705e-02 15 : 900/3321300=2.709782e-04 3 : 4.169898e+00 3.401889e-01 3.829710e+00 : 1.999999e+00 3.295620e-03 1.996704e+00
12157 : 57985/607850=9.539360e-02 15 : 999/3647100=2.739163e-04 3 : 4.169907e+00 3.398142e-01 3.830093e+00 : 2.000000e+00 3.328965e-03 1.996671e+00
13257 : 63219/662850=9.537452e-02 15 : 1078/3977100=2.710518e-04 3 : 4.169907e+00 3.397519e-01 3.830155e+00 : 2.000000e+00 3.299254e-03 1.996700e+00
14362 : 68458/718100=9.533213e-02 15 : 1180/4308600=2.738709e-04 3 : 4.169911e+00 3.395629e-01 3.830348e+00 : 1.999999e+00 3.330982e-03 1.996668e+00
15449 : 73616/772450=9.530196e-02 15 : 1280/4634700=2.761775e-04 3 : 4.169910e+00 3.393668e-01 3.830544e+00 : 2.000000e+00 3.357628e-03 1.996642e+00
16544 : 78947/827200=9.543883e-02 15 : 1382/4963200=2.784494e-04 3 : 4.169911e+00 3.396619e-01 3.830249e+00 : 1.999999e+00 3.382215e-03 1.996617e+00
17648 : 84218/882400=9.544198e-02 15 : 1464/5294400=2.765186e-04 3 : 4.169910e+00 3.396695e-01 3.830241e+00 : 1.999999e+00 3.360784e-03 1.996639e+00
18754 : 89506/937700=9.545270e-02 15 : 1553/5626200=2.760300e-04 3 : 4.169910e+00 3.396281e-01 3.830282e+00 : 1.999999e+00 3.355273e-03 1.996644e+00
19859 : 94722/992950=9.539453e-02 15 : 1658/5957700=2.782953e-04 3 : 4.169910e+00 3.395762e-01 3.830334e+00 : 1.999999e+00 3.380440e-03 1.996619e+00
20964 : 99987/1048200=9.538924e-02 15 : 1741/6289200=2.768238e-04 3 : 4.169913e+00 3.396991e-01 3.830213e+00 : 1.999999e+00 3.365251e-03 1.996634e+00
22070 : 105253/1103500=9.538106e-02 15 : 1834/6621000=2.769974e-04 3 : 4.169913e+00 3.397579e-01 3.830155e+00 : 1.999999e+00 3.366280e-03 1.996633e+00
23175 : 110570/1158750=9.542179e-02 15 : 1934/6952500=2.781733e-04 3 : 4.169913e+00 3.397589e-01 3.830154e+00 : 1.999999e+00 3.378612e-03 1.996621e+00
24280 : 115776/1214000=9.536738e-02 15 : 2046/7284000=2.808896e-04 3 : 4.169914e+00 3.396884e-01 3.830225e+00 : 2.000000e+00 3.407682e-03 1.996592e+00
25386 : 121149/1269300=9.544552e-02 15 : 2140/7615800=2.809948e-04 3 : 4.169914e+00 3.398459e-01 3.830068e+00 : 2.000000e+00 3.408329e-03 1.996591e+00
26491 : 126328/1324550=9.537428e-02 15 : 2242/7947300=2.821084e-04 3 : 4.169913e+00 3.397801e-01 3.830133e+00 : 2.000000e+00 3.420891e-03 1.996579e+00
27597 : 131589/1379850=9.536471e-02 15 : 2336/8279100=2.821563e-04 3 : 4.169913e+00 3.396964e-01 3.830217e+00 : 2.000000e+00 3.421377e-03 1.996578e+00
28702 : 136816/1435100=9.533552e-02 15 : 2437/8610600=2.830233e-04 3 : 4.169912e+00 3.397285e-01 3.830184e+00 : 2.000000e+00 3.431107e-03 1.996568e+00
29807 : 142138/1490350=9.537223e-02 15 : 2523/8942100=2.821485e-04 3 : 4.169911e+00 3.397911e-01 3.830120e+00 : 2.000000e+00 3.421943e-03 1.996578e+00
30912 : 147430/1545600=9.538690e-02 15 : 2615/9273600=2.819833e-04 3 : 4.169913e+00 3.398186e-01 3.830094e+00 : 2.000000e+00 3.420740e-03 1.996579e+00
32018 : 152809/1600900=9.545193e-02 15 : 2711/9605400=2.822371e-04 3 : 4.169913e+00 3.399810e-01 3.829932e+00 : 2.000000e+00 3.423188e-03 1.996577e+00
33114 : 157926/1655700=9.538322e-02 16 : 2818/9934200=2.836665e-04 3 : 4.169913e+00 3.398226e-01 3.830090e+00 : 2.000000e+00 3.438273e-03 1.996561e+00
34215 : 163097/1710750=9.533655e-02 16 : 2921/10264500=2.845730e-04 3 : 4.169914e+00 3.397666e-01 3.830148e+00 : 2.000000e+00 3.448033e-03 1.996552e+00
35319 : 168338/1765950=9.532433e-02 16 : 3031/10595700=2.860594e-04 3 : 4.169914e+00 3.397600e-01 3.830154e+00 : 2.000000e+00 3.463541e-03 1.996536e+00
36424 : 173536/1821200=9.528662e-02 16 : 3112/10927200=2.847939e-04 3 : 4.169915e+00 3.396882e-01 3.830227e+00 : 2.000000e+00 3.450835e-03 1.996549e+00
37529 : 178731/1876450=9.524954e-02 16 : 3217/11258700=2.857346e-04 3 : 4.169916e+00 3.396106e-01 3.830306e+00 : 2.000000e+00 3.461182e-03 1.996539e+00
38635 : 184012/1931750=9.525663e-02 16 : 3317/11590500=2.861826e-04 3 : 4.169917e+00 3.396656e-01 3.830252e+00 : 2.000000e+00 3.465636e-03 1.996534e+00
39738 : 189199/1986900=9.522321e-02 16 : 3422/11921400=2.870468e-04 3 : 4.169918e+00 3.395888e-01 3.830329e+00 : 2.000000e+00 3.474736e-03 1.996525e+00
40843 : 194539/2042150=9.526186e-02 16 : 3516/12252900=2.869525e-04 3 : 4.169918e+00 3.397423e-01 3.830175e+00 : 2.000000e+00 3.473734e-03 1.996526e+00
41948 : 199766/2097400=9.524459e-02 16 : 3605/12584400=2.864658e-04 3 : 4.169918e+00 3.397117e-01 3.830206e+00 : 2.000000e+00 3.468921e-03 1.996531e+00
43054 : 205115/2152700=9.528267e-02 16 : 3704/12916200=2.867717e-04 3 : 4.169918e+00 3.398390e-01 3.830079e+00 : 2.000000e+00 3.472180e-03 1.996528e+00
44159 : 210307/2207950=9.524989e-02 16 : 3792/13247700=2.862384e-04 3 : 4.169918e+00 3.397763e-01 3.830142e+00 : 2.000000e+00 3.466262e-03 1.996534e+00
45265 : 215543/2263250=9.523605e-02 16 : 3889/13579500=2.863876e-04 3 : 4.169919e+00 3.397424e-01 3.830176e+00 : 2.000000e+00 3.467555e-03 1.996532e+00
46367 : 220784/2318350=9.523325e-02 16 : 3988/13910100=2.866982e-04 3 : 4.169919e+00 3.397735e-01 3.830146e+00 : 2.000000e+00 3.471106e-03 1.996529e+00
47468 : 226055/2373400=9.524522e-02 16 : 4091/14240400=2.872813e-04 3 : 4.169919e+00 3.398392e-01 3.830080e+00 : 2.000000e+00 3.477849e-03 1.996522e+00
48572 : 231313/2428600=9.524541e-02 16 : 4186/14571600=2.872711e-04 3 : 4.169919e+00 3.398316e-01 3.830087e+00 : 2.000000e+00 3.477901e-03 1.996522e+00
49677 : 236569/2483850=9.524287e-02 16 : 4298/14903100=2.883964e-04 3 : 4.169919e+00 3.398424e-01 3.830076e+00 : 2.000000e+00 3.490030e-03 1.996510e+00
50782 : 241830/2539100=9.524241e-02 16 : 4405/15234600=2.891444e-04 3 : 4.169919e+00 3.398426e-01 3.830077e+00 : 2.000000e+00 3.498318e-03 1.996502e+00
51914 : 247277/2595700=9.526409e-02 16 : 4500/15574200=2.889394e-04 3 : 4.169919e+00 3.398896e-01 3.830030e+00 : 2.000000e+00 3.495502e-03 1.996504e+00
52963 : 252276/2648150=9.526500e-02 16 : 4594/15888900=2.891327e-04 3 : 4.169920e+00 3.398740e-01 3.830046e+00 : 2.000000e+00 3.497263e-03 1.996503e+00
54013 : 257303/2700650=9.527447e-02 16 : 4678/16203900=2.886959e-04 3 : 4.169920e+00 3.399036e-01 3.830016e+00 : 2.000000e+00 3.492261e-03 1.996508e+00
55064 : 262354/2753200=9.529057e-02 16 : 4776/16519200=2.891181e-04 3 : 4.169920e+00 3.399693e-01 3.829950e+00 : 2.000000e+00 3.496732e-03 1.996503e+00
56115 : 267331/2805750=9.527969e-02 16 : 4859/16834500=2.886335e-04 3 : 4.169920e+00 3.399381e-01 3.829982e+00 : 2.000000e+00 3.492159e-03 1.996508e+00
57165 : 272345/2858250=9.528383e-02 16 : 4957/17149500=2.890463e-04 3 : 4.169919e+00 3.399336e-01 3.829986e+00 : 2.000000e+00 3.496118e-03 1.996504e+00
58216 : 277446/2910800=9.531606e-02 16 : 5042/17464800=2.886950e-04 3 : 4.169920e+00 3.399941e-01 3.829926e+00 : 2.000000e+00 3.492786e-03 1.996507e+00
59267 : 282517/2963350=9.533703e-02 16 : 5129/17780100=2.884686e-04 3 : 4.169920e+00 3.400333e-01 3.829887e+00 : 2.000000e+00 3.490159e-03 1.996510e+00
60317 : 287549/3015850=9.534592e-02 16 : 5247/18095100=2.899680e-04 3 : 4.169920e+00 3.400515e-01 3.829869e+00 : 2.000000e+00 3.506038e-03 1.996494e+00
61367 : 292575/3068350=9.535255e-02 16 : 5338/18410100=2.899495e-04 3 : 4.169920e+00 3.400459e-01 3.829874e+00 : 2.000000e+00 3.506442e-03 1.996494e+00
62403 : 297548/3120150=9.536336e-02 16 : 5420/18720900=2.895160e-04 3 : 4.169920e+00 3.401071e-01 3.829813e+00 : 2.000000e+00 3.502264e-03 1.996498e+00
63447 : 302494/3172350=9.535329e-02 16 : 5518/19034100=2.899008e-04 3 : 4.169920e+00 3.401298e-01 3.829790e+00 : 2.000000e+00 3.506076e-03 1.996494e+00
64497 : 307538/3224850=9.536506e-02 16 : 5613/19349100=2.900910e-04 3 : 4.169920e+00 3.401457e-01 3.829774e+00 : 2.000000e+00 3.507681e-03 1.996492e+00
65549 : 312529/3277450=9.535737e-02 16 : 5702/19664700=2.899612e-04 3 : 4.169920e+00 3.401768e-01 3.829743e+00 : 2.000000e+00 3.506367e-03 1.996494e+00
66599 : 317569/3329950=9.536750e-02 16 : 5796/19979700=2.900944e-04 3 : 4.169920e+00 3.402355e-01 3.829684e+00 : 2.000000e+00 3.507754e-03 1.996492e+00
67611 : 322369/3380550=9.535993e-02 16 : 5899/20283300=2.908304e-04 3 : 4.169920e+00 3.402030e-01 3.829717e+00 : 2.000000e+00 3.515568e-03 1.996484e+00
68605 : 327089/3430250=9.535427e-02 16 : 5985/20581500=2.907951e-04 3 : 4.169920e+00 3.402149e-01 3.829705e+00 : 2.000000e+00 3.515031e-03 1.996485e+00
69599 : 331907/3479950=9.537695e-02 16 : 6075/20879700=2.909525e-04 3 : 4.169920e+00 3.402436e-01 3.829677e+00 : 2.000000e+00 3.516874e-03 1.996483e+00
70594 : 336648/3529700=9.537581e-02 16 : 6154/21178200=2.905818e-04 3 : 4.169920e+00 3.402597e-01 3.829661e+00 : 2.000000e+00 3.512873e-03 1.996487e+00
71589 : 341324/3579450=9.535655e-02 16 : 6232/21476700=2.901749e-04 3 : 4.169920e+00 3.402479e-01 3.829673e+00 : 2.000000e+00 3.508489e-03 1.996491e+00
72576 : 345938/3628800=9.533124e-02 16 : 6321/21772800=2.903164e-04 3 : 4.169920e+00 3.401781e-01 3.829742e+00 : 2.000000e+00 3.510124e-03 1.996490e+00
73559 : 350634/3677950=9.533409e-02 16 : 6400/22067700=2.900166e-04 3 : 4.169920e+00 3.401830e-01 3.829737e+00 : 2.000000e+00 3.506850e-03 1.996493e+00
74553 : 355498/3727650=9.536786e-02 16 : 6494/22365900=2.903527e-04 3 : 4.169920e+00 3.402496e-01 3.829670e+00 : 2.000000e+00 3.510518e-03 1.996489e+00
75549 : 360328/3777450=9.538922e-02 16 : 6585/22664700=2.905399e-04 3 : 4.169920e+00 3.402908e-01 3.829629e+00 : 2.000000e+00 3.512420e-03 1.996488e+00
76532 : 365086/3826600=9.540741e-02 16 : 6672/22959600=2.905974e-04 3 : 4.169920e+00 3.403191e-01 3.829601e+00 : 2.000000e+00 3.513023e-03 1.996487e+00
77524 : 369856/3876200=9.541716e-02 16 : 6769/23257200=2.910497e-04 3 : 4.169920e+00 3.403296e-01 3.829590e+00 : 2.000000e+00 3.517626e-03 1.996482e+00
78518 : 374633/3925900=9.542602e-02 16 : 6852/23555400=2.908887e-04 3 : 4.169920e+00 3.403515e-01 3.829569e+00 : 2.000000e+00 3.516363e-03 1.996484e+00
79512 : 379450/3975600=9.544471e-02 16 : 6939/23853600=2.908995e-04 3 : 4.169921e+00 3.403670e-01 3.829554e+00 : 2.000000e+00 3.516279e-03 1.996484e+00
80505 : 384085/4025250=9.541892e-02 16 : 7025/24151500=2.908722e-04 3 : 4.169921e+00 3.403067e-01 3.829614e+00 : 2.000000e+00 3.515891e-03 1.996484e+00
81500 : 388826/4075000=9.541742e-02 16 : 7111/24450000=2.908384e-04 3 : 4.169921e+00 3.403228e-01 3.829599e+00 : 2.000000e+00 3.515206e-03 1.996485e+00
82494 : 393534/4124700=9.540912e-02 16 : 7192/24748200=2.906070e-04 3 : 4.169921e+00 3.403216e-01 3.829600e+00 : 2.000000e+00 3.512627e-03 1.996487e+00
83488 : 398370/4174400=9.543168e-02 16 : 7266/25046400=2.901016e-04 3 : 4.169922e+00 3.403416e-01 3.829580e+00 : 2.000000e+00 3.507233e-03 1.996493e+00
84483 : 403096/4224150=9.542654e-02 16 : 7364/25344900=2.905516e-04 3 : 4.169922e+00 3.403111e-01 3.829611e+00 : 2.000000e+00 3.512291e-03 1.996488e+00
85478 : 407864/4273900=9.543134e-02 16 : 7445/25643400=2.903281e-04 3 : 4.169922e+00 3.403257e-01 3.829596e+00 : 2.000000e+00 3.510205e-03 1.996490e+00
86473 : 412640/4323650=9.543788e-02 16 : 7522/25941900=2.899556e-04 3 : 4.169922e+00 3.403505e-01 3.829571e+00 : 2.000000e+00 3.506165e-03 1.996494e+00
87468 : 417439/4373400=9.544954e-02 16 : 7605/26240400=2.898203e-04 3 : 4.169922e+00 3.404016e-01 3.829520e+00 : 2.000000e+00 3.504466e-03 1.996496e+00
88462 : 422266/4423100=9.546834e-02 16 : 7684/26538600=2.895405e-04 3 : 4.169922e+00 3.404479e-01 3.829474e+00 : 2.000000e+00 3.501588e-03 1.996498e+00
89453 : 426999/4472650=9.546891e-02 16 : 7793/26835900=2.903946e-04 3 : 4.169922e+00 3.404548e-01 3.829467e+00 : 2.000000e+00 3.510673e-03 1.996489e+00
90446 : 431772/4522300=9.547620e-02 16 : 7890/27133800=2.907812e-04 3 : 4.169922e+00 3.404794e-01 3.829443e+00 : 2.000000e+00 3.514889e-03 1.996485e+00
91441 : 436533/4572050=9.547861e-02 16 : 7981/27432300=2.909344e-04 3 : 4.169922e+00 3.404633e-01 3.829459e+00 : 2.000000e+00 3.516493e-03 1.996483e+00
92435 : 441172/4621750=9.545562e-02 16 : 8072/27730500=2.910874e-04 3 : 4.169922e+00 3.404366e-01 3.829486e+00 : 2.000000e+00 3.518128e-03 1.996482e+00
93429 : 445996/4671450=9.547271e-02 16 : 8153/28028700=2.908804e-04 3 : 4.169923e+00 3.404686e-01 3.829454e+00 : 2.000000e+00 3.516099e-03 1.996484e+00
94425 : 450733/4721250=9.546900e-02 16 : 8237/28327500=2.907775e-04 3 : 4.169922e+00 3.404569e-01 3.829466e+00 : 2.000000e+00 3.515081e-03 1.996485e+00
95419 : 455474/4770950=9.546820e-02 16 : 8345/28625700=2.915213e-04 3 : 4.169922e+00 3.404761e-01 3.829446e+00 : 2.000000e+00 3.523121e-03 1.996477e+00
96414 : 460310/4820700=9.548613e-02 16 : 8436/28924200=2.916589e-04 3 : 4.169922e+00 3.404870e-01 3.829435e+00 : 2.000000e+00 3.524723e-03 1.996475e+00
97409 : 465095/4870450=9.549323e-02 16 : 8520/29222700=2.915542e-04 3 : 4.169922e+00 3.405116e-01 3.829411e+00 : 2.000000e+00 3.523476e-03 1.996476e+00
98404 : 469821/4920200=9.548819e-02 16 : 8603/29521200=2.914177e-04 3 : 4.169922e+00 3.404891e-01 3.829433e+00 : 2.000000e+00 3.522130e-03 1.996478e+00
99399 : 474571/4969950=9.548808e-02 16 : 8685/29819700=2.912504e-04 3 : 4.169922e+00 3.404756e-01 3.829447e+00 : 2.000000e+00 3.520586e-03 1.996479e+00
100000 : 477430/5000000=9.548600e-02 16 : 8738/30000000=2.912667e-04 3 : 4.169922e+00 3.404612e-01 3.829461e+00 : 2.000000e+00 3.520688e-03 1.996479e+00
# InnerCodebook: deleted
# ChannelMatrix: deleted
# CIDSchannel: deleted
# CSFBAdec: deleted
# CPScodec; deleted
# ChannelMatrix: deleted
# ChannelMatrix: deleted
# ConcatAB: deleted
