# InnerCodebook: input ICB/ex01//cb.txt
# InnerCodebook: Nu=6 Nu2p=64 numCW=18 FlgUnique=1 FlgInvertible=1 FlgBalanced=1
# InnerCodebook: Rho=3 (ell,Delta)=(10,2) L0=2
# InnerCodebook: Rst01=4 Rst10=13
# CW
# 000:001011 (2,L2,R2) WL:0 0 1 1 2 3  WR:3 3 3 2 2 1  
# 001:001101 (2,L2,R1) WL:0 0 1 2 2 3  WR:3 3 3 2 1 1  
# 002:001110 (3,L2,R1) WL:0 0 1 2 3 3  WR:3 3 3 2 1 0  
# 003:010011 (2,L1,R2) WL:0 1 1 1 2 3  WR:3 3 2 2 2 1  
# 004:010101 (1,L1,R1) WL:0 1 1 2 2 3  WR:3 3 2 2 1 1  
# 005:010110 (2,L1,R1) WL:0 1 1 2 3 3  WR:3 3 2 2 1 0  
# 006:011001 (2,L1,R1) WL:0 1 2 2 2 3  WR:3 3 2 1 1 1  
# 007:011010 (2,L1,R1) WL:0 1 2 2 3 3  WR:3 3 2 1 1 0  
# 008:011100 (3,L1,R2) WL:0 1 2 3 3 3  WR:3 3 2 1 0 0  
# 009:100011 (3,L1,R2) WL:1 1 1 1 2 3  WR:3 2 2 2 2 1  
# 010:100101 (2,L1,R1) WL:1 1 1 2 2 3  WR:3 2 2 2 1 1  
# 011:100110 (2,L1,R1) WL:1 1 1 2 3 3  WR:3 2 2 2 1 0  
# 012:101001 (2,L1,R1) WL:1 1 2 2 2 3  WR:3 2 2 1 1 1  
# 013:101010 (1,L1,R1) WL:1 1 2 2 3 3  WR:3 2 2 1 1 0  
# 014:101100 (2,L1,R2) WL:1 1 2 3 3 3  WR:3 2 2 1 0 0  
# 015:110001 (3,L2,R1) WL:1 2 2 2 2 3  WR:3 2 1 1 1 1  
# 016:110010 (2,L2,R1) WL:1 2 2 2 3 3  WR:3 2 1 1 1 0  
# 017:110100 (2,L2,R2) WL:1 2 2 3 3 3  WR:3 2 1 1 0 0  
# CWL
# 000B:1 000D:1 000E:1 0013:1 0015:1 0016:1 0019:1 001A:1 001C:1 0023:1 
# 0025:1 0026:1 0029:1 002A:1 002C:1 0031:1 0032:1 0034:1 
# CWI
# 000B:000 000D:001 000E:002 0013:003 0015:004 0016:005 0019:006 001A:007 001C:008 0023:009 
# 0025:010 0026:011 0029:012 002A:013 002C:014 0031:015 0032:016 0034:017 
# QA=18 Ns=50 Nu=6 Nb=300 (Pi,Pd,Ps)=(0.000000e+00,0.000000e+00,0.000000e+00) Nseq=90 Ndi=1 [0]
# ICB:   ICB/ex01//cb.txt
# Const: ICB/ex01//constraint.txt
# EncCM: ICB/ex01//EncCM.bin
# ChannelMatrix: ICB/ex01//EncCM.bin (18x18)
# CSFBAdec: Ns=50 (Nu;Nu2min,Nu2max)=(6(64);4,8) Nb=300 Q=18 Nseq=90
# CSFBAdec: (Pi,Pd,Ps,Pt)=(0.000000e+00,0.000000e+00,0.000000e+00,1.000000e+00) (Dmin,Dmax:Drng)=(0,0:1)
# CSFBAdec: generating GD & GX
# CSFBAdec: generating factor graph
# CPScodec: Ns=50 Nu=6 Nb=300 Nseq=90
# CPScodec: (Pi,Pd,Ps,Pt)=(0.000000e+00,0.000000e+00,0.000000e+00,1.000000e+00) (Dmin,Dmax:Drng)=(0,0:1)
# CPScodec::SetCSL Kc=7 QB=16 QB2=8
# CPScodec: Kc=7 QB=16 QB2=8
# CPScodec::CSL
#  [0] 00,07,00,00  01,06,00,00  02,05,00,00  03,04,00,00  04,03,00,00  05,02,00,00  06,01,00,00  07,00,00,00  
#  [1] 00,00,00,07  00,00,01,06  00,00,02,05  00,00,03,04  00,00,04,03  00,00,05,02  00,00,06,01  00,00,07,00  
# Kc=7 QB=16 QB2=8
# CIDSchannel: N=300 (Pi,Pd,Ps)=(0.000000e+00,0.000000e+00,0.000000e+00) (Dmin,Dmax)=(0,0)
# CIDSchannel: Kc=7 Nseq=90
# ChannelMatrix: M=18 N=5832
# ChannelMatrix: M=8 N=512
# ConcatAB: (Nb,Nu,Ns)=(300,6,50) Nseq=90 (Qa,Qb)=(18,16) (Dmin,Dmax,Drng)=(0,0,1)
0688 : 3226/34400=9.377907e-02 13 : 17458/206400=8.458333e-02 42 : 4.169595e+00 3.363643e-01 3.833231e+00 : 2.999970e+00 3.655162e-01 2.634454e+00
1385 : 6493/69250=9.376173e-02 13 : 34871/415500=8.392539e-02 42 : 4.169740e+00 3.361291e-01 3.833611e+00 : 2.999981e+00 3.642946e-01 2.635687e+00
2083 : 9788/104150=9.397984e-02 13 : 52420/624900=8.388542e-02 42 : 4.169795e+00 3.355331e-01 3.834262e+00 : 2.999982e+00 3.643981e-01 2.635583e+00
2777 : 13214/138850=9.516745e-02 14 : 69819/833100=8.380627e-02 42 : 4.169822e+00 3.379854e-01 3.831837e+00 : 2.999991e+00 3.643112e-01 2.635680e+00
3469 : 16537/173450=9.534160e-02 14 : 87083/1040700=8.367733e-02 43 : 4.169848e+00 3.384941e-01 3.831354e+00 : 2.999994e+00 3.636930e-01 2.636301e+00
4166 : 19868/208300=9.538166e-02 14 : 104504/1249800=8.361658e-02 43 : 4.169860e+00 3.392327e-01 3.830628e+00 : 2.999995e+00 3.635417e-01 2.636454e+00
4864 : 23179/243200=9.530839e-02 14 : 122075/1459200=8.365885e-02 43 : 4.169869e+00 3.390227e-01 3.830847e+00 : 2.999995e+00 3.636969e-01 2.636298e+00
5564 : 26549/278200=9.543134e-02 14 : 139483/1669200=8.356278e-02 43 : 4.169870e+00 3.393643e-01 3.830505e+00 : 2.999996e+00 3.633233e-01 2.636673e+00
6255 : 29978/312750=9.585292e-02 14 : 156928/1876500=8.362803e-02 43 : 4.169882e+00 3.404898e-01 3.829393e+00 : 2.999996e+00 3.634967e-01 2.636499e+00
6953 : 33276/347650=9.571696e-02 14 : 174427/2085900=8.362194e-02 43 : 4.169887e+00 3.400265e-01 3.829861e+00 : 2.999996e+00 3.634672e-01 2.636529e+00
7702 : 36844/385100=9.567385e-02 15 : 193337/2310600=8.367394e-02 43 : 4.169883e+00 3.400316e-01 3.829852e+00 : 2.999997e+00 3.636227e-01 2.636374e+00
8353 : 39983/417650=9.573327e-02 15 : 209802/2505900=8.372321e-02 43 : 4.169895e+00 3.399730e-01 3.829922e+00 : 2.999998e+00 3.637022e-01 2.636296e+00
9005 : 43098/450250=9.572016e-02 15 : 226128/2701500=8.370461e-02 43 : 4.169895e+00 3.401680e-01 3.829727e+00 : 2.999998e+00 3.636572e-01 2.636341e+00
9653 : 46110/482650=9.553507e-02 15 : 242226/2895900=8.364446e-02 43 : 4.169892e+00 3.398609e-01 3.830031e+00 : 2.999998e+00 3.635452e-01 2.636453e+00
10295 : 49086/514750=9.535891e-02 15 : 258281/3088500=8.362668e-02 43 : 4.169898e+00 3.397899e-01 3.830108e+00 : 2.999998e+00 3.634470e-01 2.636551e+00
10941 : 52217/547050=9.545197e-02 15 : 274539/3282300=8.364226e-02 43 : 4.169897e+00 3.399524e-01 3.829945e+00 : 2.999999e+00 3.635841e-01 2.636415e+00
11592 : 55372/579600=9.553485e-02 15 : 291046/3477600=8.369163e-02 43 : 4.169902e+00 3.401469e-01 3.829755e+00 : 2.999999e+00 3.636908e-01 2.636308e+00
12244 : 58400/612200=9.539366e-02 15 : 307355/3673200=8.367500e-02 43 : 4.169907e+00 3.398047e-01 3.830102e+00 : 2.999999e+00 3.635671e-01 2.636432e+00
12896 : 61487/644800=9.535825e-02 15 : 323749/3868800=8.368202e-02 44 : 4.169908e+00 3.397460e-01 3.830162e+00 : 2.999999e+00 3.636281e-01 2.636371e+00
13548 : 64609/677400=9.537792e-02 15 : 340035/4064400=8.366180e-02 44 : 4.169908e+00 3.398141e-01 3.830094e+00 : 2.999999e+00 3.635122e-01 2.636486e+00
14199 : 67700/709950=9.535883e-02 15 : 356484/4259700=8.368758e-02 44 : 4.169911e+00 3.396233e-01 3.830288e+00 : 2.999999e+00 3.636157e-01 2.636383e+00
14852 : 70820/742600=9.536763e-02 15 : 372822/4455600=8.367493e-02 44 : 4.169912e+00 3.395852e-01 3.830327e+00 : 2.999998e+00 3.635204e-01 2.636478e+00
15502 : 73852/775100=9.528061e-02 15 : 389040/4650600=8.365372e-02 44 : 4.169910e+00 3.392984e-01 3.830611e+00 : 2.999999e+00 3.635097e-01 2.636489e+00
16150 : 77030/807500=9.539319e-02 15 : 405519/4845000=8.369845e-02 44 : 4.169909e+00 3.396360e-01 3.830273e+00 : 2.999999e+00 3.636313e-01 2.636367e+00
16802 : 80144/840100=9.539817e-02 15 : 421945/5040600=8.370928e-02 45 : 4.169910e+00 3.395780e-01 3.830332e+00 : 2.999999e+00 3.636555e-01 2.636343e+00
17446 : 83246/872300=9.543276e-02 15 : 438183/5233800=8.372177e-02 45 : 4.169910e+00 3.396645e-01 3.830246e+00 : 2.999999e+00 3.637190e-01 2.636280e+00
18088 : 86226/904400=9.534056e-02 15 : 454286/5426400=8.371775e-02 45 : 4.169909e+00 3.394509e-01 3.830458e+00 : 2.999999e+00 3.637188e-01 2.636280e+00
18733 : 89411/936650=9.545828e-02 15 : 470495/5619900=8.371946e-02 45 : 4.169910e+00 3.396329e-01 3.830277e+00 : 2.999999e+00 3.637243e-01 2.636275e+00
19385 : 92455/969250=9.538819e-02 15 : 486750/5815500=8.369874e-02 45 : 4.169910e+00 3.395831e-01 3.830327e+00 : 2.999999e+00 3.636798e-01 2.636319e+00
20029 : 95520/1001450=9.538170e-02 15 : 502965/6008700=8.370613e-02 45 : 4.169910e+00 3.395543e-01 3.830356e+00 : 2.999999e+00 3.637190e-01 2.636280e+00
20673 : 98601/1033650=9.539109e-02 15 : 519148/6201900=8.370790e-02 45 : 4.169912e+00 3.396571e-01 3.830255e+00 : 2.999999e+00 3.636966e-01 2.636303e+00
21325 : 101682/1066250=9.536413e-02 15 : 535588/6397500=8.371833e-02 45 : 4.169913e+00 3.396451e-01 3.830268e+00 : 2.999999e+00 3.637389e-01 2.636260e+00
21977 : 104836/1098850=9.540520e-02 15 : 551848/6593100=8.370084e-02 45 : 4.169912e+00 3.398166e-01 3.830096e+00 : 2.999999e+00 3.636990e-01 2.636300e+00
22627 : 107917/1131350=9.538781e-02 15 : 568188/6788100=8.370354e-02 45 : 4.169913e+00 3.396990e-01 3.830215e+00 : 2.999999e+00 3.636634e-01 2.636336e+00
23279 : 111052/1163950=9.540960e-02 15 : 584631/6983700=8.371365e-02 45 : 4.169913e+00 3.397263e-01 3.830186e+00 : 2.999999e+00 3.637175e-01 2.636282e+00
23931 : 114104/1196550=9.536083e-02 15 : 601112/7179300=8.372850e-02 45 : 4.169913e+00 3.396641e-01 3.830249e+00 : 2.999999e+00 3.637593e-01 2.636240e+00
24583 : 117220/1229150=9.536672e-02 15 : 617659/7374900=8.375151e-02 45 : 4.169913e+00 3.396961e-01 3.830217e+00 : 2.999999e+00 3.638269e-01 2.636173e+00
25236 : 120382/1261800=9.540498e-02 15 : 634028/7570800=8.374650e-02 45 : 4.169913e+00 3.398026e-01 3.830111e+00 : 2.999999e+00 3.637857e-01 2.636214e+00
25888 : 123620/1294400=9.550371e-02 15 : 650544/7766400=8.376391e-02 45 : 4.169913e+00 3.399541e-01 3.829959e+00 : 2.999999e+00 3.638293e-01 2.636170e+00
26541 : 126541/1327050=9.535511e-02 15 : 666967/7962300=8.376562e-02 45 : 4.169913e+00 3.397300e-01 3.830183e+00 : 2.999999e+00 3.637981e-01 2.636201e+00
27193 : 129602/1359650=9.532012e-02 15 : 683447/8157900=8.377732e-02 45 : 4.169912e+00 3.396355e-01 3.830276e+00 : 2.999999e+00 3.638524e-01 2.636147e+00
27844 : 132731/1392200=9.533903e-02 15 : 699864/8353200=8.378394e-02 45 : 4.169912e+00 3.396435e-01 3.830269e+00 : 2.999999e+00 3.638922e-01 2.636107e+00
28496 : 135907/1424800=9.538672e-02 15 : 716429/8548800=8.380463e-02 45 : 4.169912e+00 3.398081e-01 3.830104e+00 : 2.999999e+00 3.639729e-01 2.636026e+00
29147 : 138974/1457350=9.536076e-02 15 : 732841/8744100=8.380977e-02 45 : 4.169912e+00 3.397657e-01 3.830146e+00 : 2.999999e+00 3.639720e-01 2.636027e+00
29799 : 142100/1489950=9.537233e-02 15 : 749436/8939700=8.383234e-02 45 : 4.169912e+00 3.398017e-01 3.830110e+00 : 2.999999e+00 3.640349e-01 2.635964e+00
30450 : 145183/1522500=9.535829e-02 15 : 765887/9135000=8.384094e-02 45 : 4.169912e+00 3.397949e-01 3.830117e+00 : 2.999999e+00 3.640739e-01 2.635926e+00
31101 : 148347/1555050=9.539693e-02 15 : 782448/9330300=8.386097e-02 45 : 4.169913e+00 3.398732e-01 3.830040e+00 : 3.000000e+00 3.641332e-01 2.635866e+00
31753 : 151508/1587650=9.542909e-02 15 : 798744/9525900=8.384971e-02 45 : 4.169913e+00 3.399295e-01 3.829984e+00 : 3.000000e+00 3.641174e-01 2.635882e+00
32403 : 154598/1620150=9.542203e-02 15 : 815084/9720900=8.384861e-02 45 : 4.169913e+00 3.399305e-01 3.829983e+00 : 3.000000e+00 3.641072e-01 2.635892e+00
33054 : 157646/1652700=9.538694e-02 16 : 831422/9916200=8.384482e-02 45 : 4.169913e+00 3.398501e-01 3.830063e+00 : 3.000000e+00 3.641179e-01 2.635882e+00
33706 : 160725/1685300=9.536878e-02 16 : 847595/10111800=8.382237e-02 45 : 4.169913e+00 3.398231e-01 3.830090e+00 : 3.000000e+00 3.640528e-01 2.635947e+00
34353 : 163779/1717650=9.535062e-02 16 : 863816/10305900=8.381762e-02 45 : 4.169915e+00 3.398191e-01 3.830096e+00 : 3.000000e+00 3.640262e-01 2.635973e+00
35003 : 166847/1750150=9.533297e-02 16 : 880139/10500900=8.381558e-02 45 : 4.169915e+00 3.397861e-01 3.830129e+00 : 3.000000e+00 3.640317e-01 2.635968e+00
35656 : 169909/1782800=9.530458e-02 16 : 896482/10696800=8.380843e-02 45 : 4.169915e+00 3.396970e-01 3.830218e+00 : 3.000000e+00 3.640037e-01 2.635996e+00
36308 : 172998/1815400=9.529470e-02 16 : 912885/10892400=8.380935e-02 45 : 4.169915e+00 3.397028e-01 3.830212e+00 : 3.000000e+00 3.640080e-01 2.635992e+00
36959 : 176017/1847950=9.524987e-02 16 : 929434/11087700=8.382568e-02 45 : 4.169916e+00 3.396306e-01 3.830285e+00 : 3.000000e+00 3.640520e-01 2.635948e+00
37610 : 179113/1880500=9.524754e-02 16 : 945702/11283000=8.381654e-02 45 : 4.169916e+00 3.396277e-01 3.830289e+00 : 3.000000e+00 3.640527e-01 2.635947e+00
38261 : 182253/1913050=9.526829e-02 16 : 961915/11478300=8.380292e-02 45 : 4.169917e+00 3.396568e-01 3.830260e+00 : 3.000000e+00 3.640112e-01 2.635989e+00
38912 : 185293/1945600=9.523694e-02 16 : 978190/11673600=8.379506e-02 45 : 4.169918e+00 3.395976e-01 3.830320e+00 : 3.000000e+00 3.639835e-01 2.636016e+00
39563 : 188386/1978150=9.523343e-02 16 : 994550/11868900=8.379462e-02 45 : 4.169918e+00 3.396012e-01 3.830316e+00 : 3.000000e+00 3.639873e-01 2.636012e+00
40215 : 191509/2010750=9.524257e-02 16 : 1010745/12064500=8.377844e-02 45 : 4.169918e+00 3.396420e-01 3.830276e+00 : 3.000000e+00 3.639508e-01 2.636049e+00
40859 : 194615/2042950=9.526175e-02 16 : 1027010/12257700=8.378489e-02 45 : 4.169918e+00 3.397410e-01 3.830177e+00 : 3.000000e+00 3.639653e-01 2.636035e+00
41510 : 197732/2075500=9.526957e-02 16 : 1043555/12453000=8.379949e-02 45 : 4.169918e+00 3.397570e-01 3.830161e+00 : 3.000000e+00 3.639945e-01 2.636005e+00
42161 : 200814/2108050=9.526055e-02 16 : 1060044/12648300=8.380921e-02 45 : 4.169918e+00 3.397711e-01 3.830147e+00 : 3.000000e+00 3.640278e-01 2.635972e+00
42814 : 203938/2140700=9.526697e-02 16 : 1076503/12844200=8.381238e-02 45 : 4.169918e+00 3.398148e-01 3.830103e+00 : 3.000000e+00 3.640503e-01 2.635949e+00
43465 : 207021/2173250=9.525871e-02 16 : 1092801/13039500=8.380697e-02 45 : 4.169918e+00 3.397832e-01 3.830135e+00 : 3.000000e+00 3.640178e-01 2.635982e+00
44163 : 210329/2208150=9.525123e-02 16 : 1110111/13248900=8.378892e-02 45 : 4.169918e+00 3.397779e-01 3.830140e+00 : 3.000000e+00 3.639620e-01 2.636038e+00
44843 : 213597/2242150=9.526437e-02 16 : 1127284/13452900=8.379487e-02 45 : 4.169918e+00 3.397733e-01 3.830145e+00 : 3.000000e+00 3.639720e-01 2.636028e+00
45484 : 216611/2274200=9.524712e-02 16 : 1143411/13645200=8.379584e-02 45 : 4.169919e+00 3.397906e-01 3.830129e+00 : 3.000000e+00 3.639809e-01 2.636019e+00
46124 : 219593/2306200=9.521854e-02 16 : 1159642/13837200=8.380612e-02 45 : 4.169919e+00 3.397488e-01 3.830171e+00 : 3.000000e+00 3.640186e-01 2.635981e+00
46764 : 222686/2338200=9.523822e-02 16 : 1175694/14029200=8.380335e-02 45 : 4.169919e+00 3.397885e-01 3.830131e+00 : 3.000000e+00 3.640166e-01 2.635983e+00
47404 : 225748/2370200=9.524428e-02 16 : 1191766/14221200=8.380207e-02 45 : 4.169919e+00 3.398445e-01 3.830074e+00 : 3.000000e+00 3.640222e-01 2.635978e+00
48044 : 228713/2402200=9.520981e-02 16 : 1207683/14413200=8.379007e-02 45 : 4.169919e+00 3.397499e-01 3.830169e+00 : 3.000000e+00 3.639782e-01 2.636021e+00
48683 : 231830/2434150=9.524064e-02 16 : 1223706/14604900=8.378736e-02 45 : 4.169919e+00 3.398339e-01 3.830085e+00 : 3.000000e+00 3.639640e-01 2.636036e+00
49322 : 234867/2466100=9.523823e-02 16 : 1239830/14796600=8.379155e-02 45 : 4.169919e+00 3.398444e-01 3.830074e+00 : 3.000000e+00 3.639842e-01 2.636015e+00
49961 : 238001/2498050=9.527471e-02 16 : 1255924/14988300=8.379363e-02 45 : 4.169919e+00 3.399123e-01 3.830007e+00 : 3.000000e+00 3.639816e-01 2.636018e+00
50599 : 240951/2529950=9.523943e-02 16 : 1272018/15179700=8.379731e-02 45 : 4.169919e+00 3.398367e-01 3.830082e+00 : 3.000000e+00 3.639922e-01 2.636008e+00
51237 : 244014/2561850=9.524914e-02 16 : 1288171/15371100=8.380474e-02 45 : 4.169919e+00 3.398608e-01 3.830058e+00 : 3.000000e+00 3.640122e-01 2.635988e+00
51877 : 247091/2593850=9.526033e-02 16 : 1304072/15563100=8.379256e-02 45 : 4.169919e+00 3.398815e-01 3.830038e+00 : 3.000000e+00 3.639934e-01 2.636006e+00
52515 : 250134/2625750=9.526193e-02 16 : 1320367/15754500=8.380888e-02 45 : 4.169919e+00 3.398880e-01 3.830031e+00 : 3.000000e+00 3.640464e-01 2.635953e+00
53143 : 253137/2657150=9.526636e-02 16 : 1336063/15942900=8.380301e-02 45 : 4.169920e+00 3.398893e-01 3.830030e+00 : 3.000000e+00 3.640162e-01 2.635983e+00
53778 : 256233/2688900=9.529287e-02 16 : 1351995/16133400=8.380100e-02 45 : 4.169920e+00 3.399411e-01 3.829979e+00 : 3.000000e+00 3.640092e-01 2.635990e+00
54415 : 259221/2720750=9.527557e-02 16 : 1368165/16324500=8.381053e-02 45 : 4.169920e+00 3.399142e-01 3.830006e+00 : 3.000000e+00 3.640426e-01 2.635957e+00
55047 : 262277/2752350=9.529202e-02 16 : 1384175/16514100=8.381777e-02 45 : 4.169920e+00 3.399685e-01 3.829951e+00 : 3.000000e+00 3.640699e-01 2.635930e+00
55683 : 265296/2784150=9.528797e-02 16 : 1400039/16704900=8.381008e-02 45 : 4.169920e+00 3.399737e-01 3.829946e+00 : 3.000000e+00 3.640442e-01 2.635956e+00
56321 : 268294/2816050=9.527317e-02 16 : 1416073/16896300=8.380965e-02 45 : 4.169919e+00 3.399270e-01 3.829992e+00 : 3.000000e+00 3.640373e-01 2.635962e+00
56958 : 271326/2847900=9.527231e-02 16 : 1432272/17087400=8.382036e-02 45 : 4.169920e+00 3.398988e-01 3.830021e+00 : 3.000000e+00 3.640728e-01 2.635927e+00
57595 : 274396/2879750=9.528466e-02 16 : 1448539/17278500=8.383477e-02 45 : 4.169920e+00 3.399319e-01 3.829988e+00 : 3.000000e+00 3.641104e-01 2.635889e+00
58230 : 277511/2911500=9.531547e-02 16 : 1464384/17469000=8.382758e-02 45 : 4.169920e+00 3.399890e-01 3.829931e+00 : 3.000000e+00 3.640893e-01 2.635910e+00
58867 : 280592/2943350=9.533083e-02 16 : 1480261/17660100=8.381951e-02 45 : 4.169920e+00 3.400122e-01 3.829908e+00 : 3.000000e+00 3.640785e-01 2.635921e+00
59505 : 283673/2975250=9.534426e-02 16 : 1496281/17851500=8.381822e-02 45 : 4.169920e+00 3.400697e-01 3.829850e+00 : 3.000000e+00 3.640727e-01 2.635927e+00
60146 : 286767/3007300=9.535696e-02 16 : 1512432/18043800=8.382004e-02 45 : 4.169920e+00 3.401092e-01 3.829811e+00 : 3.000000e+00 3.640804e-01 2.635919e+00
60786 : 289800/3039300=9.535090e-02 16 : 1528468/18235800=8.381689e-02 45 : 4.169920e+00 3.400434e-01 3.829877e+00 : 3.000000e+00 3.640706e-01 2.635929e+00
61425 : 292846/3071250=9.535075e-02 16 : 1544628/18427500=8.382190e-02 45 : 4.169920e+00 3.400501e-01 3.829870e+00 : 3.000000e+00 3.640762e-01 2.635923e+00
62066 : 295915/3103300=9.535494e-02 16 : 1560697/18619800=8.381921e-02 45 : 4.169920e+00 3.400825e-01 3.829838e+00 : 3.000000e+00 3.640661e-01 2.635934e+00
62707 : 298975/3135350=9.535618e-02 16 : 1576776/18812100=8.381712e-02 45 : 4.169920e+00 3.401022e-01 3.829818e+00 : 3.000000e+00 3.640732e-01 2.635927e+00
63346 : 301950/3167300=9.533356e-02 16 : 1592664/19003800=8.380766e-02 45 : 4.169920e+00 3.400857e-01 3.829834e+00 : 3.000000e+00 3.640358e-01 2.635964e+00
63986 : 305114/3199300=9.536899e-02 16 : 1608653/19195800=8.380234e-02 45 : 4.169920e+00 3.401483e-01 3.829772e+00 : 3.000000e+00 3.640118e-01 2.635988e+00
64625 : 308176/3231250=9.537362e-02 16 : 1624656/19387500=8.379915e-02 45 : 4.169920e+00 3.401718e-01 3.829748e+00 : 3.000000e+00 3.640083e-01 2.635991e+00
65265 : 311197/3263250=9.536413e-02 16 : 1640764/19579500=8.380010e-02 45 : 4.169920e+00 3.401558e-01 3.829764e+00 : 3.000000e+00 3.640150e-01 2.635985e+00
65906 : 314234/3295300=9.535824e-02 16 : 1656738/19771800=8.379298e-02 45 : 4.169919e+00 3.401809e-01 3.829739e+00 : 3.000000e+00 3.640022e-01 2.635997e+00
66547 : 317323/3327350=9.536809e-02 16 : 1672908/19964100=8.379581e-02 45 : 4.169920e+00 3.402451e-01 3.829674e+00 : 3.000000e+00 3.640053e-01 2.635994e+00
67188 : 320292/3359400=9.534203e-02 16 : 1688951/20156400=8.379229e-02 45 : 4.169920e+00 3.401763e-01 3.829743e+00 : 3.000000e+00 3.640008e-01 2.635999e+00
67829 : 323394/3391450=9.535567e-02 16 : 1704932/20348700=8.378579e-02 45 : 4.169920e+00 3.402128e-01 3.829707e+00 : 3.000000e+00 3.639835e-01 2.636016e+00
68469 : 326455/3423450=9.535848e-02 16 : 1721000/20540700=8.378488e-02 45 : 4.169920e+00 3.402165e-01 3.829703e+00 : 3.000000e+00 3.639762e-01 2.636024e+00
69108 : 329500/3455400=9.535799e-02 16 : 1737188/20732400=8.379097e-02 45 : 4.169920e+00 3.402207e-01 3.829699e+00 : 3.000000e+00 3.639865e-01 2.636013e+00
69748 : 332610/3487400=9.537478e-02 16 : 1753247/20924400=8.378959e-02 45 : 4.169920e+00 3.402444e-01 3.829676e+00 : 3.000000e+00 3.639866e-01 2.636013e+00
70390 : 335727/3519500=9.539054e-02 16 : 1769249/21117000=8.378316e-02 45 : 4.169920e+00 3.402904e-01 3.829630e+00 : 3.000000e+00 3.639645e-01 2.636035e+00
71030 : 338686/3551500=9.536421e-02 16 : 1785204/21309000=8.377700e-02 45 : 4.169920e+00 3.402408e-01 3.829679e+00 : 3.000000e+00 3.639408e-01 2.636059e+00
71671 : 341727/3583550=9.535991e-02 16 : 1801228/21501300=8.377298e-02 45 : 4.169920e+00 3.402551e-01 3.829665e+00 : 3.000000e+00 3.639155e-01 2.636084e+00
72310 : 344647/3615500=9.532485e-02 16 : 1817328/21693000=8.377486e-02 45 : 4.169920e+00 3.401626e-01 3.829758e+00 : 3.000000e+00 3.639208e-01 2.636079e+00
72951 : 347762/3647550=9.534126e-02 16 : 1833340/21885300=8.377038e-02 45 : 4.169920e+00 3.401864e-01 3.829734e+00 : 3.000000e+00 3.639065e-01 2.636093e+00
73592 : 350798/3679600=9.533591e-02 16 : 1849583/22077600=8.377645e-02 45 : 4.169920e+00 3.401910e-01 3.829729e+00 : 3.000000e+00 3.639269e-01 2.636073e+00
74232 : 353952/3711600=9.536372e-02 16 : 1865644/22269600=8.377537e-02 45 : 4.169920e+00 3.402483e-01 3.829672e+00 : 3.000000e+00 3.639336e-01 2.636066e+00
74872 : 357024/3743600=9.536916e-02 16 : 1881919/22461600=8.378384e-02 45 : 4.169920e+00 3.402522e-01 3.829668e+00 : 3.000000e+00 3.639617e-01 2.636038e+00
75584 : 360487/3779200=9.538712e-02 16 : 1899977/22675200=8.379097e-02 45 : 4.169920e+00 3.402836e-01 3.829636e+00 : 3.000000e+00 3.639929e-01 2.636007e+00
76202 : 363489/3810100=9.540143e-02 16 : 1915585/22860600=8.379417e-02 45 : 4.169920e+00 3.403200e-01 3.829600e+00 : 3.000000e+00 3.640019e-01 2.635998e+00
76812 : 366409/3840600=9.540410e-02 16 : 1930889/23043600=8.379285e-02 45 : 4.169920e+00 3.403112e-01 3.829609e+00 : 3.000000e+00 3.639972e-01 2.636003e+00
77430 : 369401/3871500=9.541547e-02 16 : 1946602/23229000=8.380051e-02 45 : 4.169920e+00 3.403202e-01 3.829600e+00 : 3.000000e+00 3.640170e-01 2.635983e+00
78048 : 372363/3902400=9.541897e-02 16 : 1962071/23414400=8.379762e-02 45 : 4.169920e+00 3.403417e-01 3.829578e+00 : 3.000000e+00 3.640073e-01 2.635993e+00
78667 : 375377/3933350=9.543443e-02 16 : 1977622/23600100=8.379719e-02 45 : 4.169920e+00 3.403537e-01 3.829567e+00 : 3.000000e+00 3.640129e-01 2.635987e+00
79281 : 378378/3964050=9.545238e-02 16 : 1993061/23784300=8.379734e-02 45 : 4.169921e+00 3.404006e-01 3.829520e+00 : 3.000000e+00 3.640154e-01 2.635984e+00
79899 : 381234/3994950=9.542898e-02 16 : 2008749/23969700=8.380368e-02 45 : 4.169921e+00 3.403305e-01 3.829590e+00 : 3.000000e+00 3.640310e-01 2.635969e+00
80517 : 384141/4025850=9.541861e-02 16 : 2024335/24155100=8.380570e-02 45 : 4.169921e+00 3.403064e-01 3.829615e+00 : 3.000000e+00 3.640379e-01 2.635962e+00
81135 : 387081/4056750=9.541653e-02 16 : 2039860/24340500=8.380518e-02 45 : 4.169921e+00 3.403095e-01 3.829612e+00 : 3.000000e+00 3.640308e-01 2.635969e+00
81753 : 390053/4087650=9.542231e-02 16 : 2055517/24525900=8.381005e-02 45 : 4.169921e+00 3.403362e-01 3.829585e+00 : 3.000000e+00 3.640486e-01 2.635951e+00
82372 : 392937/4118600=9.540548e-02 16 : 2070832/24711600=8.380000e-02 45 : 4.169921e+00 3.403109e-01 3.829610e+00 : 3.000000e+00 3.640139e-01 2.635986e+00
82991 : 395968/4149550=9.542432e-02 16 : 2086243/24897300=8.379395e-02 45 : 4.169921e+00 3.403369e-01 3.829585e+00 : 3.000000e+00 3.639833e-01 2.636017e+00
83610 : 398950/4180500=9.543117e-02 16 : 2101875/25083000=8.379679e-02 45 : 4.169922e+00 3.403348e-01 3.829587e+00 : 3.000000e+00 3.639775e-01 2.636022e+00
84230 : 401884/4211500=9.542538e-02 16 : 2117603/25269000=8.380241e-02 45 : 4.169922e+00 3.403187e-01 3.829603e+00 : 3.000000e+00 3.639866e-01 2.636013e+00
84849 : 404785/4242450=9.541303e-02 16 : 2133084/25454700=8.379922e-02 45 : 4.169922e+00 3.402828e-01 3.829639e+00 : 3.000000e+00 3.639697e-01 2.636030e+00
85469 : 407819/4273450=9.543086e-02 16 : 2148746/25640700=8.380216e-02 45 : 4.169922e+00 3.403238e-01 3.829598e+00 : 3.000000e+00 3.639806e-01 2.636019e+00
86088 : 410796/4304400=9.543630e-02 16 : 2164331/25826400=8.380305e-02 45 : 4.169922e+00 3.403501e-01 3.829572e+00 : 3.000000e+00 3.639863e-01 2.636014e+00
86708 : 413769/4335400=9.543964e-02 16 : 2179946/26012400=8.380411e-02 45 : 4.169922e+00 3.403648e-01 3.829557e+00 : 3.000000e+00 3.639782e-01 2.636022e+00
87328 : 416743/4366400=9.544316e-02 16 : 2195438/26198400=8.380046e-02 45 : 4.169922e+00 3.403840e-01 3.829538e+00 : 3.000000e+00 3.639675e-01 2.636032e+00
87947 : 419772/4397350=9.546022e-02 16 : 2211146/26384100=8.380600e-02 45 : 4.169922e+00 3.404363e-01 3.829486e+00 : 3.000000e+00 3.639830e-01 2.636017e+00
88567 : 422762/4428350=9.546716e-02 16 : 2226611/26570100=8.380138e-02 45 : 4.169922e+00 3.404486e-01 3.829473e+00 : 3.000000e+00 3.639701e-01 2.636030e+00
89186 : 425677/4459300=9.545826e-02 16 : 2242232/26755800=8.380359e-02 45 : 4.169922e+00 3.404423e-01 3.829480e+00 : 3.000000e+00 3.639793e-01 2.636021e+00
89805 : 428687/4490250=9.547063e-02 16 : 2257871/26941500=8.380643e-02 45 : 4.169922e+00 3.404594e-01 3.829463e+00 : 3.000000e+00 3.639900e-01 2.636010e+00
90424 : 431658/4521200=9.547421e-02 16 : 2273509/27127200=8.380920e-02 45 : 4.169922e+00 3.404712e-01 3.829451e+00 : 3.000000e+00 3.640119e-01 2.635988e+00
91042 : 434670/4552100=9.548780e-02 16 : 2289105/27312600=8.381132e-02 45 : 4.169922e+00 3.404761e-01 3.829446e+00 : 3.000000e+00 3.640187e-01 2.635981e+00
91661 : 437547/4583050=9.547070e-02 16 : 2304767/27498300=8.381489e-02 45 : 4.169922e+00 3.404425e-01 3.829480e+00 : 3.000000e+00 3.640306e-01 2.635969e+00
92267 : 440367/4613350=9.545493e-02 16 : 2319905/27680100=8.381129e-02 47 : 4.169922e+00 3.404291e-01 3.829493e+00 : 3.000000e+00 3.640229e-01 2.635977e+00
92890 : 443390/4644500=9.546560e-02 16 : 2335490/27867000=8.380845e-02 47 : 4.169922e+00 3.404588e-01 3.829464e+00 : 3.000000e+00 3.640203e-01 2.635980e+00
93517 : 446418/4675850=9.547312e-02 16 : 2351289/28055100=8.380968e-02 47 : 4.169923e+00 3.404702e-01 3.829452e+00 : 3.000000e+00 3.640303e-01 2.635970e+00
94144 : 449390/4707200=9.546864e-02 16 : 2366985/28243200=8.380725e-02 47 : 4.169922e+00 3.404675e-01 3.829455e+00 : 3.000000e+00 3.640277e-01 2.635972e+00
94771 : 452408/4738550=9.547393e-02 16 : 2382645/28431300=8.380359e-02 47 : 4.169922e+00 3.404695e-01 3.829453e+00 : 3.000000e+00 3.640100e-01 2.635990e+00
95398 : 455379/4769900=9.546930e-02 16 : 2398476/28619400=8.380595e-02 47 : 4.169922e+00 3.404739e-01 3.829448e+00 : 3.000000e+00 3.640166e-01 2.635983e+00
96025 : 458426/4801250=9.548055e-02 16 : 2414345/28807500=8.380960e-02 47 : 4.169922e+00 3.404841e-01 3.829438e+00 : 3.000000e+00 3.640298e-01 2.635970e+00
96653 : 461436/4832650=9.548302e-02 16 : 2430457/28995900=8.382071e-02 47 : 4.169922e+00 3.404900e-01 3.829432e+00 : 3.000000e+00 3.640611e-01 2.635939e+00
97280 : 464471/4864000=9.549157e-02 16 : 2446139/29184000=8.381781e-02 47 : 4.169922e+00 3.405117e-01 3.829410e+00 : 3.000000e+00 3.640379e-01 2.635962e+00
97907 : 467481/4895350=9.549491e-02 16 : 2462064/29372100=8.382322e-02 47 : 4.169922e+00 3.404929e-01 3.829429e+00 : 3.000000e+00 3.640464e-01 2.635954e+00
98534 : 470422/4926700=9.548420e-02 16 : 2477990/29560200=8.382859e-02 47 : 4.169922e+00 3.404852e-01 3.829437e+00 : 3.000000e+00 3.640609e-01 2.635939e+00
99162 : 473462/4958100=9.549263e-02 16 : 2493947/29748600=8.383410e-02 47 : 4.169922e+00 3.404918e-01 3.829430e+00 : 3.000000e+00 3.640812e-01 2.635919e+00
99789 : 476445/4989450=9.549048e-02 16 : 2509475/29936700=8.382604e-02 47 : 4.169922e+00 3.404694e-01 3.829453e+00 : 3.000000e+00 3.640600e-01 2.635940e+00
100000 : 477430/5000000=9.548600e-02 16 : 2514774/30000000=8.382580e-02 47 : 4.169922e+00 3.404612e-01 3.829461e+00 : 3.000000e+00 3.640609e-01 2.635939e+00
# InnerCodebook: deleted
# ChannelMatrix: deleted
# CIDSchannel: deleted
# CSFBAdec: deleted
# CPScodec; deleted
# ChannelMatrix: deleted
# ChannelMatrix: deleted
# ConcatAB: deleted
