# InnerCodebook: input ICB/ex04//cb.txt
# InnerCodebook: Nu=8 Nu2p=256 numCW=52 FlgUnique=1 FlgInvertible=1 FlgBalanced=1
# InnerCodebook: Rho=3 (ell,Delta)=(10,2) L0=2
# InnerCodebook: Rst01=12 Rst10=39
# CW
# 000:00101011 (2,L2,R2) WL:0 0 1 1 2 2 3 4  WR:4 4 4 3 3 2 2 1  
# 001:00101101 (2,L2,R1) WL:0 0 1 1 2 3 3 4  WR:4 4 4 3 3 2 1 1  
# 002:00101110 (3,L2,R1) WL:0 0 1 1 2 3 4 4  WR:4 4 4 3 3 2 1 0  
# 003:00110011 (2,L2,R2) WL:0 0 1 2 2 2 3 4  WR:4 4 4 3 2 2 2 1  
# 004:00110101 (2,L2,R1) WL:0 0 1 2 2 3 3 4  WR:4 4 4 3 2 2 1 1  
# 005:00110110 (2,L2,R1) WL:0 0 1 2 2 3 4 4  WR:4 4 4 3 2 2 1 0  
# 006:00111001 (3,L2,R1) WL:0 0 1 2 3 3 3 4  WR:4 4 4 3 2 1 1 1  
# 007:00111010 (3,L2,R1) WL:0 0 1 2 3 3 4 4  WR:4 4 4 3 2 1 1 0  
# 008:01001011 (2,L1,R2) WL:0 1 1 1 2 2 3 4  WR:4 4 3 3 3 2 2 1  
# 009:01001101 (2,L1,R1) WL:0 1 1 1 2 3 3 4  WR:4 4 3 3 3 2 1 1  
# 010:01001110 (3,L1,R1) WL:0 1 1 1 2 3 4 4  WR:4 4 3 3 3 2 1 0  
# 011:01010011 (2,L1,R2) WL:0 1 1 2 2 2 3 4  WR:4 4 3 3 2 2 2 1  
# 012:01010101 (1,L1,R1) WL:0 1 1 2 2 3 3 4  WR:4 4 3 3 2 2 1 1  
# 013:01010110 (2,L1,R1) WL:0 1 1 2 2 3 4 4  WR:4 4 3 3 2 2 1 0  
# 014:01011001 (2,L1,R1) WL:0 1 1 2 3 3 3 4  WR:4 4 3 3 2 1 1 1  
# 015:01011010 (2,L1,R1) WL:0 1 1 2 3 3 4 4  WR:4 4 3 3 2 1 1 0  
# 016:01011100 (3,L1,R2) WL:0 1 1 2 3 4 4 4  WR:4 4 3 3 2 1 0 0  
# 017:01100011 (3,L1,R2) WL:0 1 2 2 2 2 3 4  WR:4 4 3 2 2 2 2 1  
# 018:01100101 (2,L1,R1) WL:0 1 2 2 2 3 3 4  WR:4 4 3 2 2 2 1 1  
# 019:01100110 (2,L1,R1) WL:0 1 2 2 2 3 4 4  WR:4 4 3 2 2 2 1 0  
# 020:01101001 (2,L1,R1) WL:0 1 2 2 3 3 3 4  WR:4 4 3 2 2 1 1 1  
# 021:01101010 (2,L1,R1) WL:0 1 2 2 3 3 4 4  WR:4 4 3 2 2 1 1 0  
# 022:01101100 (2,L1,R2) WL:0 1 2 2 3 4 4 4  WR:4 4 3 2 2 1 0 0  
# 023:01110001 (3,L1,R1) WL:0 1 2 3 3 3 3 4  WR:4 4 3 2 1 1 1 1  
# 024:01110010 (3,L1,R1) WL:0 1 2 3 3 3 4 4  WR:4 4 3 2 1 1 1 0  
# 025:01110100 (3,L1,R2) WL:0 1 2 3 3 4 4 4  WR:4 4 3 2 1 1 0 0  
# 026:10001011 (3,L1,R2) WL:1 1 1 1 2 2 3 4  WR:4 3 3 3 3 2 2 1  
# 027:10001101 (3,L1,R1) WL:1 1 1 1 2 3 3 4  WR:4 3 3 3 3 2 1 1  
# 028:10001110 (3,L1,R1) WL:1 1 1 1 2 3 4 4  WR:4 3 3 3 3 2 1 0  
# 029:10010011 (2,L1,R2) WL:1 1 1 2 2 2 3 4  WR:4 3 3 3 2 2 2 1  
# 030:10010101 (2,L1,R1) WL:1 1 1 2 2 3 3 4  WR:4 3 3 3 2 2 1 1  
# 031:10010110 (2,L1,R1) WL:1 1 1 2 2 3 4 4  WR:4 3 3 3 2 2 1 0  
# 032:10011001 (2,L1,R1) WL:1 1 1 2 3 3 3 4  WR:4 3 3 3 2 1 1 1  
# 033:10011010 (2,L1,R1) WL:1 1 1 2 3 3 4 4  WR:4 3 3 3 2 1 1 0  
# 034:10011100 (3,L1,R2) WL:1 1 1 2 3 4 4 4  WR:4 3 3 3 2 1 0 0  
# 035:10100011 (3,L1,R2) WL:1 1 2 2 2 2 3 4  WR:4 3 3 2 2 2 2 1  
# 036:10100101 (2,L1,R1) WL:1 1 2 2 2 3 3 4  WR:4 3 3 2 2 2 1 1  
# 037:10100110 (2,L1,R1) WL:1 1 2 2 2 3 4 4  WR:4 3 3 2 2 2 1 0  
# 038:10101001 (2,L1,R1) WL:1 1 2 2 3 3 3 4  WR:4 3 3 2 2 1 1 1  
# 039:10101010 (1,L1,R1) WL:1 1 2 2 3 3 4 4  WR:4 3 3 2 2 1 1 0  
# 040:10101100 (2,L1,R2) WL:1 1 2 2 3 4 4 4  WR:4 3 3 2 2 1 0 0  
# 041:10110001 (3,L1,R1) WL:1 1 2 3 3 3 3 4  WR:4 3 3 2 1 1 1 1  
# 042:10110010 (2,L1,R1) WL:1 1 2 3 3 3 4 4  WR:4 3 3 2 1 1 1 0  
# 043:10110100 (2,L1,R2) WL:1 1 2 3 3 4 4 4  WR:4 3 3 2 1 1 0 0  
# 044:11000101 (3,L2,R1) WL:1 2 2 2 2 3 3 4  WR:4 3 2 2 2 2 1 1  
# 045:11000110 (3,L2,R1) WL:1 2 2 2 2 3 4 4  WR:4 3 2 2 2 2 1 0  
# 046:11001001 (2,L2,R1) WL:1 2 2 2 3 3 3 4  WR:4 3 2 2 2 1 1 1  
# 047:11001010 (2,L2,R1) WL:1 2 2 2 3 3 4 4  WR:4 3 2 2 2 1 1 0  
# 048:11001100 (2,L2,R2) WL:1 2 2 2 3 4 4 4  WR:4 3 2 2 2 1 0 0  
# 049:11010001 (3,L2,R1) WL:1 2 2 3 3 3 3 4  WR:4 3 2 2 1 1 1 1  
# 050:11010010 (2,L2,R1) WL:1 2 2 3 3 3 4 4  WR:4 3 2 2 1 1 1 0  
# 051:11010100 (2,L2,R2) WL:1 2 2 3 3 4 4 4  WR:4 3 2 2 1 1 0 0  
# CWL
# 002B:1 002D:1 002E:1 0033:1 0035:1 0036:1 0039:1 003A:1 004B:1 004D:1 
# 004E:1 0053:1 0055:1 0056:1 0059:1 005A:1 005C:1 0063:1 0065:1 0066:1 
# 0069:1 006A:1 006C:1 0071:1 0072:1 0074:1 008B:1 008D:1 008E:1 0093:1 
# 0095:1 0096:1 0099:1 009A:1 009C:1 00A3:1 00A5:1 00A6:1 00A9:1 00AA:1 
# 00AC:1 00B1:1 00B2:1 00B4:1 00C5:1 00C6:1 00C9:1 00CA:1 00CC:1 00D1:1 
# 00D2:1 00D4:1 
# CWI
# 002B:000 002D:001 002E:002 0033:003 0035:004 0036:005 0039:006 003A:007 004B:008 004D:009 
# 004E:010 0053:011 0055:012 0056:013 0059:014 005A:015 005C:016 0063:017 0065:018 0066:019 
# 0069:020 006A:021 006C:022 0071:023 0072:024 0074:025 008B:026 008D:027 008E:028 0093:029 
# 0095:030 0096:031 0099:032 009A:033 009C:034 00A3:035 00A5:036 00A6:037 00A9:038 00AA:039 
# 00AC:040 00B1:041 00B2:042 00B4:043 00C5:044 00C6:045 00C9:046 00CA:047 00CC:048 00D1:049 
# 00D2:050 00D4:051 
# QA=52 Ns=38 Nu=8 Nb=304 (Pi,Pd,Ps)=(0.000000e+00,0.000000e+00,0.000000e+00) Nseq=70 Ndi=1 [0]
# ICB:   ICB/ex04//cb.txt
# Const: ICB/ex04//constraint.txt
# EncCM: ICB/ex04//EncCM.bin
# ChannelMatrix: ICB/ex04//EncCM.bin (52x52)
# CSFBAdec: Ns=38 (Nu;Nu2min,Nu2max)=(8(256);6,10) Nb=304 Q=52 Nseq=70
# CSFBAdec: (Pi,Pd,Ps,Pt)=(0.000000e+00,0.000000e+00,0.000000e+00,1.000000e+00) (Dmin,Dmax:Drng)=(0,0:1)
# CSFBAdec: generating GD & GX
# CSFBAdec: generating factor graph
# CPScodec: Ns=38 Nu=8 Nb=304 Nseq=70
# CPScodec: (Pi,Pd,Ps,Pt)=(0.000000e+00,0.000000e+00,0.000000e+00,1.000000e+00) (Dmin,Dmax:Drng)=(0,0:1)
# CPScodec::SetCSL Kc=3 QB=8 QB2=4
# CPScodec: Kc=3 QB=8 QB2=4
# CPScodec::CSL
#  [0] 00,03,00,00  01,02,00,00  02,01,00,00  03,00,00,00  
#  [1] 00,00,00,03  00,00,01,02  00,00,02,01  00,00,03,00  
# Kc=3 QB=8 QB2=4
# CIDSchannel: N=304 (Pi,Pd,Ps)=(0.000000e+00,0.000000e+00,0.000000e+00) (Dmin,Dmax)=(0,0)
# CIDSchannel: Kc=3 Nseq=70
# ChannelMatrix: M=52 N=140608
# ChannelMatrix: M=4 N=64
# ConcatAB: (Nb,Nu,Ns)=(304,8,38) Nseq=70 (Qa,Qb)=(52,8) (Dmin,Dmax,Drng)=(0,0,1)
0265 : 1318/10070=1.308838e-01 12 : 93/80560=1.154419e-03 3 : 5.697992e+00 4.713912e-01 5.226601e+00 : 1.999962e+00 1.165191e-02 1.988310e+00
1216 : 6124/46208=1.325312e-01 13 : 362/369664=9.792677e-04 3 : 5.699491e+00 4.760792e-01 5.223412e+00 : 1.999990e+00 1.010798e-02 1.989882e+00
2166 : 11113/82308=1.350173e-01 14 : 651/658464=9.886645e-04 3 : 5.699950e+00 4.816146e-01 5.218336e+00 : 1.999996e+00 1.019115e-02 1.989805e+00
3114 : 16028/118332=1.354494e-01 14 : 990/946656=1.045786e-03 3 : 5.700141e+00 4.822124e-01 5.217929e+00 : 1.999996e+00 1.069249e-02 1.989304e+00
4063 : 20862/154394=1.351218e-01 14 : 1277/1235152=1.033881e-03 3 : 5.700226e+00 4.819055e-01 5.218321e+00 : 1.999998e+00 1.059283e-02 1.989405e+00
5010 : 25746/190380=1.352348e-01 14 : 1569/1523040=1.030176e-03 4 : 5.700275e+00 4.825097e-01 5.217765e+00 : 1.999999e+00 1.055251e-02 1.989447e+00
5952 : 30626/226176=1.354078e-01 15 : 1873/1809408=1.035145e-03 4 : 5.700317e+00 4.829377e-01 5.217379e+00 : 1.999999e+00 1.059271e-02 1.989407e+00
6897 : 35455/262086=1.352800e-01 15 : 2143/2096688=1.022088e-03 4 : 5.700344e+00 4.826482e-01 5.217695e+00 : 2.000000e+00 1.048544e-02 1.989514e+00
7846 : 40433/298148=1.356139e-01 15 : 2436/2385184=1.021305e-03 4 : 5.700357e+00 4.833295e-01 5.217027e+00 : 2.000000e+00 1.047977e-02 1.989520e+00
8791 : 45172/334058=1.352220e-01 15 : 2746/2672464=1.027516e-03 4 : 5.700355e+00 4.824353e-01 5.217919e+00 : 2.000000e+00 1.053865e-02 1.989461e+00
9731 : 50108/369778=1.355083e-01 15 : 3073/2958224=1.038799e-03 4 : 5.700370e+00 4.831733e-01 5.217197e+00 : 2.000000e+00 1.063992e-02 1.989360e+00
10674 : 54794/405612=1.350897e-01 15 : 3393/3244896=1.045642e-03 4 : 5.700370e+00 4.822231e-01 5.218147e+00 : 2.000000e+00 1.070691e-02 1.989293e+00
11621 : 59753/441598=1.353108e-01 15 : 3703/3532784=1.048182e-03 4 : 5.700362e+00 4.827650e-01 5.217597e+00 : 2.000000e+00 1.072820e-02 1.989272e+00
12569 : 64605/477622=1.352639e-01 15 : 4012/3820976=1.049994e-03 4 : 5.700379e+00 4.827911e-01 5.217588e+00 : 2.000000e+00 1.074321e-02 1.989257e+00
13517 : 69520/513646=1.353461e-01 15 : 4319/4109168=1.051064e-03 4 : 5.700385e+00 4.829080e-01 5.217477e+00 : 2.000000e+00 1.075003e-02 1.989250e+00
14462 : 74444/549556=1.354621e-01 15 : 4659/4396448=1.059719e-03 5 : 5.700388e+00 4.830306e-01 5.217358e+00 : 2.000000e+00 1.082466e-02 1.989175e+00
15408 : 79409/585504=1.356250e-01 15 : 4972/4684032=1.061479e-03 5 : 5.700392e+00 4.833698e-01 5.217022e+00 : 2.000000e+00 1.084173e-02 1.989158e+00
16358 : 84341/621604=1.356828e-01 15 : 5289/4972832=1.063579e-03 5 : 5.700388e+00 4.833368e-01 5.217051e+00 : 2.000000e+00 1.086271e-02 1.989137e+00
17304 : 89211/657552=1.356714e-01 15 : 5604/5260416=1.065315e-03 5 : 5.700393e+00 4.833180e-01 5.217075e+00 : 2.000000e+00 1.087873e-02 1.989121e+00
18250 : 94079/693500=1.356583e-01 16 : 5897/5548000=1.062906e-03 5 : 5.700395e+00 4.832727e-01 5.217122e+00 : 2.000000e+00 1.085622e-02 1.989143e+00
19197 : 98987/729486=1.356942e-01 16 : 6231/5835888=1.067704e-03 5 : 5.700394e+00 4.834192e-01 5.216975e+00 : 2.000000e+00 1.089784e-02 1.989102e+00
20144 : 103931/765472=1.357737e-01 16 : 6553/6123776=1.070091e-03 5 : 5.700393e+00 4.835583e-01 5.216835e+00 : 2.000000e+00 1.092223e-02 1.989078e+00
21089 : 108814/801382=1.357829e-01 16 : 6851/6411056=1.068623e-03 5 : 5.700396e+00 4.835743e-01 5.216821e+00 : 2.000000e+00 1.090815e-02 1.989092e+00
22037 : 113604/837406=1.356618e-01 16 : 7114/6699248=1.061910e-03 5 : 5.700399e+00 4.833160e-01 5.217083e+00 : 2.000000e+00 1.085005e-02 1.989150e+00
22984 : 118596/873392=1.357878e-01 16 : 7409/6987136=1.060377e-03 5 : 5.700402e+00 4.836004e-01 5.216801e+00 : 2.000000e+00 1.083524e-02 1.989165e+00
23932 : 123450/909416=1.357465e-01 16 : 7721/7275328=1.061258e-03 5 : 5.700402e+00 4.835923e-01 5.216810e+00 : 2.000000e+00 1.084249e-02 1.989157e+00
24869 : 128218/945022=1.356773e-01 16 : 8013/7560176=1.059896e-03 5 : 5.700406e+00 4.834539e-01 5.216952e+00 : 2.000000e+00 1.083120e-02 1.989169e+00
25804 : 133036/980552=1.356746e-01 16 : 8298/7844416=1.057823e-03 5 : 5.700406e+00 4.834367e-01 5.216969e+00 : 2.000000e+00 1.081299e-02 1.989187e+00
26747 : 137925/1016386=1.357014e-01 16 : 8616/8131088=1.059637e-03 5 : 5.700406e+00 4.835176e-01 5.216889e+00 : 2.000000e+00 1.082922e-02 1.989171e+00
27695 : 142912/1052410=1.357950e-01 16 : 8916/8419280=1.058998e-03 5 : 5.700407e+00 4.837109e-01 5.216696e+00 : 2.000000e+00 1.082333e-02 1.989177e+00
28645 : 147831/1088510=1.358104e-01 16 : 9246/8708080=1.061773e-03 5 : 5.700408e+00 4.837687e-01 5.216639e+00 : 2.000000e+00 1.084801e-02 1.989152e+00
29592 : 152578/1124496=1.356857e-01 17 : 9519/8995968=1.058141e-03 5 : 5.700406e+00 4.835680e-01 5.216838e+00 : 2.000000e+00 1.081727e-02 1.989183e+00
30541 : 157304/1160558=1.355417e-01 17 : 9810/9284464=1.056604e-03 5 : 5.700407e+00 4.832219e-01 5.217185e+00 : 2.000000e+00 1.080472e-02 1.989195e+00
31490 : 162141/1196620=1.354992e-01 17 : 10114/9572960=1.056518e-03 5 : 5.700409e+00 4.831338e-01 5.217275e+00 : 2.000000e+00 1.080506e-02 1.989195e+00
32438 : 167136/1232644=1.355915e-01 17 : 10407/9861152=1.055353e-03 5 : 5.700411e+00 4.834196e-01 5.216992e+00 : 2.000000e+00 1.079552e-02 1.989204e+00
33388 : 172053/1268744=1.356089e-01 17 : 10685/10149952=1.052714e-03 5 : 5.700412e+00 4.834633e-01 5.216949e+00 : 2.000000e+00 1.077217e-02 1.989228e+00
34337 : 176998/1304806=1.356508e-01 17 : 10988/10438448=1.052647e-03 5 : 5.700411e+00 4.835692e-01 5.216842e+00 : 2.000000e+00 1.077185e-02 1.989228e+00
35287 : 181852/1340906=1.356188e-01 17 : 11268/10727248=1.050409e-03 5 : 5.700414e+00 4.835438e-01 5.216870e+00 : 2.000000e+00 1.075256e-02 1.989247e+00
36238 : 186648/1377044=1.355425e-01 17 : 11565/11016352=1.049803e-03 5 : 5.700414e+00 4.834004e-01 5.217014e+00 : 2.000000e+00 1.074552e-02 1.989254e+00
37188 : 191520/1413144=1.355276e-01 17 : 11851/11305152=1.048283e-03 5 : 5.700415e+00 4.833442e-01 5.217071e+00 : 2.000000e+00 1.073153e-02 1.989268e+00
38139 : 196364/1449282=1.354905e-01 17 : 12157/11594256=1.048536e-03 5 : 5.700414e+00 4.832949e-01 5.217119e+00 : 2.000000e+00 1.073447e-02 1.989265e+00
39091 : 201252/1485458=1.354814e-01 17 : 12481/11883664=1.050265e-03 5 : 5.700413e+00 4.833343e-01 5.217078e+00 : 2.000000e+00 1.074946e-02 1.989250e+00
40033 : 206154/1521254=1.355158e-01 17 : 12768/12170032=1.049134e-03 5 : 5.700414e+00 4.834115e-01 5.217002e+00 : 2.000000e+00 1.074014e-02 1.989260e+00
40982 : 211077/1557316=1.355390e-01 17 : 13054/12458528=1.047796e-03 5 : 5.700414e+00 4.834653e-01 5.216949e+00 : 2.000000e+00 1.072953e-02 1.989270e+00
41912 : 215839/1592656=1.355214e-01 17 : 13360/12741248=1.048563e-03 5 : 5.700415e+00 4.834445e-01 5.216970e+00 : 2.000000e+00 1.073733e-02 1.989263e+00
42834 : 220478/1627692=1.354544e-01 17 : 13695/13021536=1.051719e-03 5 : 5.700415e+00 4.833336e-01 5.217081e+00 : 2.000000e+00 1.076481e-02 1.989235e+00
43756 : 225182/1662728=1.354292e-01 17 : 13993/13301824=1.051961e-03 5 : 5.700415e+00 4.832829e-01 5.217132e+00 : 2.000000e+00 1.076743e-02 1.989233e+00
44676 : 229828/1697688=1.353771e-01 17 : 14290/13581504=1.052166e-03 5 : 5.700414e+00 4.832022e-01 5.217212e+00 : 2.000000e+00 1.076934e-02 1.989231e+00
45591 : 234490/1732458=1.353510e-01 17 : 14589/13859664=1.052623e-03 5 : 5.700414e+00 4.831582e-01 5.217256e+00 : 2.000000e+00 1.077364e-02 1.989226e+00
46510 : 239251/1767380=1.353704e-01 17 : 14885/14139040=1.052759e-03 5 : 5.700415e+00 4.832137e-01 5.217201e+00 : 2.000000e+00 1.077521e-02 1.989225e+00
47432 : 244012/1802416=1.353805e-01 17 : 15171/14419328=1.052129e-03 5 : 5.700415e+00 4.832604e-01 5.217155e+00 : 2.000000e+00 1.076891e-02 1.989231e+00
48357 : 248688/1837566=1.353355e-01 17 : 15444/14700528=1.050575e-03 5 : 5.700415e+00 4.831845e-01 5.217231e+00 : 2.000000e+00 1.075453e-02 1.989245e+00
49278 : 253436/1872564=1.353417e-01 17 : 15729/14980512=1.049964e-03 5 : 5.700414e+00 4.831704e-01 5.217243e+00 : 2.000000e+00 1.074926e-02 1.989251e+00
50199 : 258218/1907562=1.353655e-01 17 : 16014/15260496=1.049376e-03 5 : 5.700413e+00 4.832336e-01 5.217179e+00 : 2.000000e+00 1.074429e-02 1.989256e+00
51152 : 263103/1943776=1.353566e-01 17 : 16334/15550208=1.050404e-03 5 : 5.700413e+00 4.832439e-01 5.217169e+00 : 2.000000e+00 1.075296e-02 1.989247e+00
52050 : 267679/1977900=1.353350e-01 17 : 16618/15823200=1.050230e-03 5 : 5.700412e+00 4.831875e-01 5.217225e+00 : 2.000000e+00 1.075170e-02 1.989248e+00
52924 : 272220/2011112=1.353580e-01 17 : 16901/16088896=1.050476e-03 5 : 5.700412e+00 4.832216e-01 5.217190e+00 : 2.000000e+00 1.075305e-02 1.989247e+00
53795 : 276802/2044210=1.354078e-01 17 : 17181/16353680=1.050589e-03 5 : 5.700413e+00 4.833491e-01 5.217064e+00 : 2.000000e+00 1.075370e-02 1.989246e+00
54657 : 281178/2076966=1.353792e-01 17 : 17443/16615728=1.049788e-03 5 : 5.700416e+00 4.832927e-01 5.217123e+00 : 2.000000e+00 1.074604e-02 1.989254e+00
55524 : 285658/2109912=1.353886e-01 17 : 17716/16879296=1.049570e-03 5 : 5.700417e+00 4.833063e-01 5.217110e+00 : 2.000000e+00 1.074458e-02 1.989255e+00
56398 : 290162/2143124=1.353921e-01 17 : 18002/17144992=1.049986e-03 5 : 5.700417e+00 4.833069e-01 5.217111e+00 : 2.000000e+00 1.074915e-02 1.989251e+00
57272 : 294565/2176336=1.353490e-01 17 : 18303/17410688=1.051251e-03 5 : 5.700418e+00 4.832195e-01 5.217198e+00 : 2.000000e+00 1.076045e-02 1.989239e+00
58146 : 299044/2209548=1.353417e-01 17 : 18560/17676384=1.049989e-03 5 : 5.700419e+00 4.831806e-01 5.217238e+00 : 2.000000e+00 1.074906e-02 1.989251e+00
59018 : 303607/2242684=1.353766e-01 17 : 18801/17941472=1.047907e-03 5 : 5.700418e+00 4.832840e-01 5.217134e+00 : 2.000000e+00 1.073029e-02 1.989270e+00
59892 : 308023/2275896=1.353414e-01 17 : 19086/18207168=1.048268e-03 5 : 5.700419e+00 4.832395e-01 5.217179e+00 : 2.000000e+00 1.073364e-02 1.989266e+00
60765 : 312541/2309070=1.353536e-01 17 : 19379/18472560=1.049070e-03 5 : 5.700419e+00 4.832745e-01 5.217145e+00 : 2.000000e+00 1.073997e-02 1.989260e+00
61637 : 317019/2342206=1.353506e-01 17 : 19647/18737648=1.048531e-03 5 : 5.700421e+00 4.832644e-01 5.217156e+00 : 2.000000e+00 1.073540e-02 1.989264e+00
62504 : 321610/2375152=1.354061e-01 17 : 19929/19001216=1.048828e-03 5 : 5.700420e+00 4.833803e-01 5.217040e+00 : 2.000000e+00 1.073818e-02 1.989262e+00
63376 : 326081/2408288=1.353995e-01 17 : 20240/19266304=1.050539e-03 5 : 5.700421e+00 4.833857e-01 5.217036e+00 : 2.000000e+00 1.075349e-02 1.989246e+00
64248 : 330580/2441424=1.354046e-01 17 : 20519/19531392=1.050565e-03 5 : 5.700422e+00 4.833984e-01 5.217024e+00 : 2.000000e+00 1.075323e-02 1.989247e+00
65111 : 335027/2474218=1.354072e-01 17 : 20820/19793744=1.051847e-03 5 : 5.700422e+00 4.833894e-01 5.217033e+00 : 2.000000e+00 1.076491e-02 1.989235e+00
65979 : 339445/2507202=1.353880e-01 17 : 21114/20057616=1.052667e-03 5 : 5.700422e+00 4.833437e-01 5.217079e+00 : 2.000000e+00 1.077178e-02 1.989228e+00
66851 : 344003/2540338=1.354162e-01 17 : 21367/20322704=1.051386e-03 5 : 5.700422e+00 4.834087e-01 5.217014e+00 : 2.000000e+00 1.076001e-02 1.989240e+00
67721 : 348370/2573398=1.353735e-01 17 : 21649/20587184=1.051577e-03 5 : 5.700423e+00 4.833211e-01 5.217102e+00 : 2.000000e+00 1.076192e-02 1.989238e+00
68588 : 352808/2606344=1.353651e-01 17 : 21917/20850752=1.051137e-03 5 : 5.700423e+00 4.832982e-01 5.217125e+00 : 2.000000e+00 1.075847e-02 1.989241e+00
69463 : 357314/2639594=1.353670e-01 17 : 22196/21116752=1.051109e-03 5 : 5.700424e+00 4.832851e-01 5.217139e+00 : 2.000000e+00 1.075845e-02 1.989241e+00
70339 : 361837/2672882=1.353734e-01 17 : 22483/21383056=1.051440e-03 5 : 5.700424e+00 4.833160e-01 5.217108e+00 : 2.000000e+00 1.076133e-02 1.989239e+00
71213 : 366370/2706094=1.353870e-01 17 : 22768/21648752=1.051700e-03 5 : 5.700424e+00 4.833438e-01 5.217080e+00 : 2.000000e+00 1.076324e-02 1.989237e+00
72088 : 370957/2739344=1.354182e-01 17 : 23040/21914752=1.051347e-03 5 : 5.700425e+00 4.834164e-01 5.217008e+00 : 2.000000e+00 1.076036e-02 1.989240e+00
72964 : 375329/2772632=1.353692e-01 17 : 23299/22181056=1.050401e-03 5 : 5.700425e+00 4.832869e-01 5.217138e+00 : 2.000000e+00 1.075183e-02 1.989248e+00
73840 : 379843/2805920=1.353720e-01 17 : 23564/22447360=1.049745e-03 5 : 5.700425e+00 4.832974e-01 5.217128e+00 : 2.000000e+00 1.074655e-02 1.989253e+00
74716 : 384407/2839208=1.353923e-01 17 : 23820/22713664=1.048708e-03 5 : 5.700425e+00 4.833344e-01 5.217091e+00 : 2.000000e+00 1.073748e-02 1.989262e+00
75591 : 388948/2872458=1.354060e-01 17 : 24128/22979664=1.049972e-03 5 : 5.700426e+00 4.833589e-01 5.217067e+00 : 2.000000e+00 1.074882e-02 1.989251e+00
76466 : 393313/2905708=1.353587e-01 17 : 24407/23245664=1.049959e-03 5 : 5.700426e+00 4.832486e-01 5.217178e+00 : 2.000000e+00 1.074919e-02 1.989251e+00
77340 : 397999/2938920=1.354236e-01 17 : 24674/23511360=1.049450e-03 5 : 5.700426e+00 4.834103e-01 5.217016e+00 : 2.000000e+00 1.074521e-02 1.989255e+00
78215 : 402604/2972170=1.354579e-01 17 : 24939/23777360=1.048855e-03 5 : 5.700426e+00 4.834821e-01 5.216944e+00 : 2.000000e+00 1.074047e-02 1.989259e+00
79090 : 407121/3005420=1.354623e-01 17 : 25243/24043360=1.049895e-03 5 : 5.700426e+00 4.834873e-01 5.216939e+00 : 2.000000e+00 1.074931e-02 1.989251e+00
79964 : 411670/3038632=1.354787e-01 17 : 25503/24309056=1.049115e-03 5 : 5.700426e+00 4.835361e-01 5.216889e+00 : 2.000000e+00 1.074297e-02 1.989257e+00
80839 : 416158/3071882=1.354733e-01 17 : 25791/24575056=1.049479e-03 5 : 5.700425e+00 4.835319e-01 5.216893e+00 : 2.000000e+00 1.074596e-02 1.989254e+00
81714 : 420724/3105132=1.354931e-01 17 : 26074/24841056=1.049633e-03 5 : 5.700425e+00 4.835788e-01 5.216846e+00 : 2.000000e+00 1.074737e-02 1.989253e+00
82589 : 425277/3138382=1.355084e-01 17 : 26344/25107056=1.049267e-03 5 : 5.700425e+00 4.836078e-01 5.216818e+00 : 2.000000e+00 1.074446e-02 1.989255e+00
83464 : 429728/3171632=1.354911e-01 17 : 26617/25373056=1.049026e-03 5 : 5.700425e+00 4.835926e-01 5.216833e+00 : 2.000000e+00 1.074267e-02 1.989257e+00
84337 : 434204/3204806=1.354853e-01 17 : 26901/25638448=1.049244e-03 5 : 5.700426e+00 4.835905e-01 5.216836e+00 : 2.000000e+00 1.074467e-02 1.989255e+00
85213 : 438650/3238094=1.354655e-01 17 : 27193/25904752=1.049730e-03 5 : 5.700426e+00 4.835500e-01 5.216876e+00 : 2.000000e+00 1.074819e-02 1.989252e+00
86088 : 443187/3271344=1.354755e-01 17 : 27505/26170752=1.050982e-03 5 : 5.700426e+00 4.835874e-01 5.216838e+00 : 2.000000e+00 1.075887e-02 1.989241e+00
86963 : 447672/3304594=1.354696e-01 17 : 27782/26436752=1.050886e-03 5 : 5.700426e+00 4.835839e-01 5.216843e+00 : 2.000000e+00 1.075811e-02 1.989242e+00
87833 : 452229/3337654=1.354931e-01 17 : 28096/26701232=1.052236e-03 5 : 5.700427e+00 4.836357e-01 5.216791e+00 : 2.000000e+00 1.076996e-02 1.989230e+00
88707 : 456698/3370866=1.354839e-01 17 : 28380/26966928=1.052400e-03 5 : 5.700427e+00 4.836156e-01 5.216811e+00 : 2.000000e+00 1.077161e-02 1.989228e+00
89585 : 461338/3404230=1.355190e-01 17 : 28683/27233840=1.053212e-03 5 : 5.700427e+00 4.836844e-01 5.216742e+00 : 2.000000e+00 1.077899e-02 1.989221e+00
90461 : 465941/3437518=1.355458e-01 17 : 28953/27500144=1.052831e-03 5 : 5.700427e+00 4.837500e-01 5.216677e+00 : 2.000000e+00 1.077628e-02 1.989224e+00
91335 : 470352/3470730=1.355196e-01 17 : 29213/27765840=1.052120e-03 5 : 5.700427e+00 4.837000e-01 5.216727e+00 : 2.000000e+00 1.076975e-02 1.989230e+00
92210 : 474901/3503980=1.355319e-01 17 : 29477/28031840=1.051554e-03 5 : 5.700427e+00 4.837060e-01 5.216721e+00 : 2.000000e+00 1.076444e-02 1.989236e+00
93084 : 479345/3537192=1.355157e-01 17 : 29761/28297536=1.051717e-03 5 : 5.700427e+00 4.836627e-01 5.216764e+00 : 2.000000e+00 1.076595e-02 1.989234e+00
93959 : 483845/3570442=1.355140e-01 17 : 30053/28563536=1.052146e-03 5 : 5.700426e+00 4.836564e-01 5.216770e+00 : 2.000000e+00 1.076946e-02 1.989231e+00
94834 : 488291/3603692=1.354974e-01 17 : 30322/28829536=1.051769e-03 5 : 5.700426e+00 4.836296e-01 5.216797e+00 : 2.000000e+00 1.076585e-02 1.989234e+00
95703 : 492847/3636714=1.355199e-01 17 : 30621/29093712=1.052495e-03 5 : 5.700427e+00 4.836902e-01 5.216737e+00 : 2.000000e+00 1.077189e-02 1.989228e+00
96577 : 497352/3669926=1.355210e-01 17 : 30901/29359408=1.052508e-03 5 : 5.700427e+00 4.837015e-01 5.216725e+00 : 2.000000e+00 1.077218e-02 1.989228e+00
97452 : 501896/3703176=1.355312e-01 17 : 31206/29625408=1.053353e-03 5 : 5.700427e+00 4.837268e-01 5.216700e+00 : 2.000000e+00 1.078028e-02 1.989220e+00
98329 : 506418/3736502=1.355326e-01 17 : 31481/29892016=1.053157e-03 5 : 5.700427e+00 4.837279e-01 5.216699e+00 : 2.000000e+00 1.077848e-02 1.989222e+00
99205 : 510955/3769790=1.355394e-01 17 : 31763/30158320=1.053209e-03 5 : 5.700427e+00 4.837355e-01 5.216692e+00 : 2.000000e+00 1.077905e-02 1.989221e+00
100000 : 514987/3800000=1.355229e-01 17 : 32011/30400000=1.052993e-03 5 : 5.700427e+00 4.836976e-01 5.216730e+00 : 2.000000e+00 1.077730e-02 1.989223e+00
# InnerCodebook: deleted
# ChannelMatrix: deleted
# CIDSchannel: deleted
# CSFBAdec: deleted
# CPScodec; deleted
# ChannelMatrix: deleted
# ChannelMatrix: deleted
# ConcatAB: deleted
