# (Pid,Ps)=(3.500000e-02,1.000000e-02) Nseg=200 WinSize=10 lmd=1 [0]
# InnerCB: ../bsearch/ICB/cmb/01/00000209.txt.bin
# Gtable:  Gtable/5/035_010.bin
# InnerCodebook: beta=5(1024) nu=2
# InnerCodebook: B(B2p)=8(256) 6(64) 
# InnerCodebook: checked CWM, EncMap, DecMap
# beta=5(1024) nu=2 N=1000 Dmax=40
# B=8,6,
# NBIDSchannel: N=1000 Q=4 Dmax=40 (Pid,Ps)=(3.500000e-02,1.000000e-02)
# FBalg4: Nseg=200 Dmax=40(w=81)
# FBalg4: Gtable: Gtable/5/035_010.bin
# Gtable: beta=5 (Pid,Ps,Ptrn)=(3.500000e-02,1.000000e-02,9.300000e-01) Pth=1.000000e-10
# Gtable: beta4p=1024 beta4pp=1048576
# Gtable::Gtable len=0 cnt=1024
# Gtable::Gtable len=1 cnt=4096
# Gtable::Gtable len=2 cnt=16384
# Gtable::Gtable len=3 cnt=65536
# Gtable::Gtable len=4 cnt=241636
# Gtable::Gtable len=5 cnt=804508
# Gtable::Gtable len=6 cnt=1541824
# Gtable::Gtable len=7 cnt=2016904
# Gtable::Gtable len=8 cnt=1264036
# Gtable::Gtable len=9 cnt=100348
# Gtable::Gtable len=10 cnt=31744
# FBalg4: beta=5(1024) (Pid,Ps)=(3.500000e-02,1.000000e-02) Pth=1.000000e-10 N=1000
# StatICB: nu=2 beta=5 beta4p=1024 Bsum=14 lmd=1
# StatICB: B=8,6,
0023(1006) (1.81e+00 2.05e+00) XE:2.05e-01 (1.31e+00 1.26e+00 | 6.07e-01 6.60e-01)	7.364323e+00 5.571761e+00 : 9.240060e-01
0046(994) (3.05e+00 2.05e+00) XE:2.05e-01 (1.27e+00 1.26e+00 | 6.01e-01 6.59e-01)	7.230931e+00 5.446779e+00 : 9.055507e-01
0069(1003) (1.63e+00 2.01e+00) XE:2.01e-01 (1.25e+00 1.26e+00 | 5.83e-01 6.62e-01)	7.138153e+00 5.371604e+00 : 8.935540e-01
0092(1001) (1.93e+00 2.03e+00) XE:2.03e-01 (1.25e+00 1.26e+00 | 7.20e-01 6.62e-01)	7.045610e+00 5.277599e+00 : 8.802292e-01
0116(998) (2.24e+00 2.01e+00) XE:2.01e-01 (1.25e+00 1.26e+00 | 6.36e-01 6.61e-01)	6.986378e+00 5.247956e+00 : 8.738810e-01
0139(998) (2.09e+00 2.00e+00) XE:2.00e-01 (1.22e+00 1.26e+00 | 6.32e-01 6.63e-01)	6.953298e+00 5.226880e+00 : 8.700127e-01
0162(988) (2.29e+00 2.01e+00) XE:2.01e-01 (1.23e+00 1.26e+00 | 6.24e-01 6.64e-01)	6.918655e+00 5.207253e+00 : 8.661363e-01
0185(996) (2.00e+00 2.01e+00) XE:2.01e-01 (1.28e+00 1.26e+00 | 6.22e-01 6.64e-01)	6.887521e+00 5.188659e+00 : 8.625843e-01
0208(1001) (2.12e+00 2.02e+00) XE:2.02e-01 (1.27e+00 1.26e+00 | 6.92e-01 6.64e-01)	6.860433e+00 5.171794e+00 : 8.594447e-01
0232(1009) (1.86e+00 2.02e+00) XE:2.02e-01 (1.28e+00 1.26e+00 | 7.04e-01 6.64e-01)	6.825992e+00 5.157399e+00 : 8.559565e-01
0255(1011) (1.87e+00 2.02e+00) XE:2.02e-01 (1.25e+00 1.26e+00 | 5.99e-01 6.64e-01)	6.808648e+00 5.148030e+00 : 8.540485e-01
0278(991) (2.11e+00 2.02e+00) XE:2.02e-01 (1.25e+00 1.26e+00 | 6.72e-01 6.64e-01)	6.788224e+00 5.136216e+00 : 8.517457e-01
0301(1000) (2.21e+00 2.02e+00) XE:2.02e-01 (1.26e+00 1.26e+00 | 6.03e-01 6.65e-01)	6.774252e+00 5.124480e+00 : 8.499095e-01
0325(993) (2.31e+00 2.02e+00) XE:2.02e-01 (1.25e+00 1.26e+00 | 6.09e-01 6.64e-01)	6.759754e+00 5.119198e+00 : 8.484966e-01
0348(1001) (2.19e+00 2.02e+00) XE:2.02e-01 (1.23e+00 1.26e+00 | 6.70e-01 6.64e-01)	6.744117e+00 5.112775e+00 : 8.469208e-01
0371(994) (1.85e+00 2.02e+00) XE:2.02e-01 (1.29e+00 1.26e+00 | 6.38e-01 6.64e-01)	6.734509e+00 5.110306e+00 : 8.460582e-01
0394(1005) (1.53e+00 2.02e+00) XE:2.02e-01 (1.27e+00 1.26e+00 | 6.62e-01 6.64e-01)	6.723250e+00 5.106075e+00 : 8.449518e-01
0417(1000) (1.88e+00 2.01e+00) XE:2.01e-01 (1.26e+00 1.26e+00 | 6.70e-01 6.65e-01)	6.718914e+00 5.101967e+00 : 8.443486e-01
0441(1003) (1.58e+00 2.01e+00) XE:2.01e-01 (1.26e+00 1.26e+00 | 6.34e-01 6.65e-01)	6.711688e+00 5.099007e+00 : 8.436211e-01
0464(1007) (2.17e+00 2.01e+00) XE:2.01e-01 (1.25e+00 1.26e+00 | 6.80e-01 6.65e-01)	6.704703e+00 5.095104e+00 : 8.428434e-01
0487(1006) (1.94e+00 2.01e+00) XE:2.01e-01 (1.29e+00 1.26e+00 | 5.81e-01 6.64e-01)	6.696189e+00 5.092969e+00 : 8.420827e-01
0510(999) (1.93e+00 2.01e+00) XE:2.01e-01 (1.29e+00 1.26e+00 | 6.60e-01 6.64e-01)	6.689370e+00 5.088410e+00 : 8.412699e-01
0534(1000) (1.71e+00 2.01e+00) XE:2.01e-01 (1.25e+00 1.26e+00 | 7.08e-01 6.64e-01)	6.683316e+00 5.084313e+00 : 8.405449e-01
0557(991) (1.50e+00 2.01e+00) XE:2.01e-01 (1.25e+00 1.26e+00 | 5.89e-01 6.63e-01)	6.677329e+00 5.082231e+00 : 8.399686e-01
0580(1003) (2.17e+00 2.01e+00) XE:2.01e-01 (1.27e+00 1.26e+00 | 6.64e-01 6.63e-01)	6.668722e+00 5.076217e+00 : 8.389242e-01
0603(993) (2.18e+00 2.01e+00) XE:2.01e-01 (1.27e+00 1.26e+00 | 6.56e-01 6.63e-01)	6.664161e+00 5.072652e+00 : 8.383438e-01
0627(997) (2.18e+00 2.01e+00) XE:2.01e-01 (1.28e+00 1.26e+00 | 5.81e-01 6.63e-01)	6.659419e+00 5.070308e+00 : 8.378376e-01
0650(1011) (2.02e+00 2.01e+00) XE:2.01e-01 (1.29e+00 1.26e+00 | 6.32e-01 6.63e-01)	6.655184e+00 5.067882e+00 : 8.373619e-01
0673(987) (1.94e+00 2.01e+00) XE:2.01e-01 (1.25e+00 1.26e+00 | 6.66e-01 6.63e-01)	6.652895e+00 5.062575e+00 : 8.368193e-01
0696(996) (2.37e+00 2.01e+00) XE:2.01e-01 (1.26e+00 1.26e+00 | 6.76e-01 6.63e-01)	6.645606e+00 5.060151e+00 : 8.361255e-01
0720(1006) (1.99e+00 2.01e+00) XE:2.01e-01 (1.24e+00 1.26e+00 | 6.90e-01 6.63e-01)	6.643765e+00 5.057566e+00 : 8.358094e-01
0743(992) (2.07e+00 2.01e+00) XE:2.01e-01 (1.26e+00 1.26e+00 | 7.51e-01 6.63e-01)	6.638588e+00 5.053905e+00 : 8.351780e-01
0766(1002) (2.19e+00 2.01e+00) XE:2.01e-01 (1.26e+00 1.26e+00 | 6.84e-01 6.63e-01)	6.632555e+00 5.051686e+00 : 8.345886e-01
0789(994) (1.82e+00 2.01e+00) XE:2.01e-01 (1.25e+00 1.26e+00 | 6.14e-01 6.63e-01)	6.627693e+00 5.048269e+00 : 8.339972e-01
0812(1006) (1.82e+00 2.02e+00) XE:2.02e-01 (1.26e+00 1.26e+00 | 6.52e-01 6.63e-01)	6.623367e+00 5.045341e+00 : 8.334791e-01
0836(1001) (1.84e+00 2.01e+00) XE:2.01e-01 (1.25e+00 1.26e+00 | 5.97e-01 6.63e-01)	6.619075e+00 5.044432e+00 : 8.331077e-01
0859(1002) (1.87e+00 2.02e+00) XE:2.02e-01 (1.27e+00 1.26e+00 | 6.96e-01 6.63e-01)	6.614863e+00 5.040538e+00 : 8.325287e-01
0882(1005) (1.70e+00 2.02e+00) XE:2.02e-01 (1.25e+00 1.26e+00 | 6.92e-01 6.63e-01)	6.609713e+00 5.036784e+00 : 8.318927e-01
0905(1007) (1.94e+00 2.02e+00) XE:2.02e-01 (1.25e+00 1.26e+00 | 6.38e-01 6.63e-01)	6.607477e+00 5.034902e+00 : 8.315985e-01
0929(999) (2.22e+00 2.02e+00) XE:2.02e-01 (1.25e+00 1.26e+00 | 6.38e-01 6.63e-01)	6.604003e+00 5.033374e+00 : 8.312412e-01
0952(986) (1.93e+00 2.02e+00) XE:2.02e-01 (1.24e+00 1.26e+00 | 7.04e-01 6.63e-01)	6.601016e+00 5.030910e+00 : 8.308518e-01
0975(996) (2.04e+00 2.02e+00) XE:2.02e-01 (1.24e+00 1.26e+00 | 6.42e-01 6.63e-01)	6.594684e+00 5.028658e+00 : 8.302387e-01
0998(1005) (1.94e+00 2.02e+00) XE:2.02e-01 (1.26e+00 1.26e+00 | 6.88e-01 6.62e-01)	6.593600e+00 5.028140e+00 : 8.301243e-01
1021(1000) (1.80e+00 2.02e+00) XE:2.02e-01 (1.27e+00 1.26e+00 | 6.44e-01 6.62e-01)	6.592594e+00 5.025996e+00 : 8.298992e-01
1045(996) (2.07e+00 2.02e+00) XE:2.02e-01 (1.22e+00 1.26e+00 | 5.43e-01 6.62e-01)	6.588306e+00 5.022613e+00 : 8.293514e-01
1068(1000) (2.53e+00 2.02e+00) XE:2.02e-01 (1.26e+00 1.26e+00 | 6.82e-01 6.62e-01)	6.585360e+00 5.020794e+00 : 8.290110e-01
1091(1005) (2.05e+00 2.02e+00) XE:2.02e-01 (1.23e+00 1.26e+00 | 7.12e-01 6.62e-01)	6.583090e+00 5.018228e+00 : 8.286656e-01
1114(1010) (1.96e+00 2.02e+00) XE:2.02e-01 (1.25e+00 1.26e+00 | 5.93e-01 6.62e-01)	6.581202e+00 5.017580e+00 : 8.284844e-01
1138(1008) (2.71e+00 2.02e+00) XE:2.02e-01 (1.26e+00 1.26e+00 | 6.46e-01 6.62e-01)	6.577076e+00 5.016114e+00 : 8.280850e-01
1161(990) (2.04e+00 2.02e+00) XE:2.02e-01 (1.24e+00 1.26e+00 | 7.10e-01 6.62e-01)	6.574000e+00 5.016197e+00 : 8.278712e-01
1184(995) (2.31e+00 2.02e+00) XE:2.02e-01 (1.26e+00 1.26e+00 | 6.82e-01 6.62e-01)	6.572119e+00 5.015294e+00 : 8.276723e-01
1207(1002) (1.90e+00 2.02e+00) XE:2.02e-01 (1.25e+00 1.26e+00 | 6.76e-01 6.62e-01)	6.571404e+00 5.014968e+00 : 8.275980e-01
1231(998) (2.25e+00 2.02e+00) XE:2.02e-01 (1.27e+00 1.26e+00 | 7.12e-01 6.62e-01)	6.569537e+00 5.013230e+00 : 8.273405e-01
1254(1021) (1.91e+00 2.02e+00) XE:2.02e-01 (1.27e+00 1.26e+00 | 7.20e-01 6.62e-01)	6.568430e+00 5.012529e+00 : 8.272113e-01
1277(1000) (2.03e+00 2.02e+00) XE:2.02e-01 (1.26e+00 1.26e+00 | 6.60e-01 6.62e-01)	6.566620e+00 5.010999e+00 : 8.269728e-01
1300(1004) (1.97e+00 2.02e+00) XE:2.02e-01 (1.24e+00 1.26e+00 | 6.32e-01 6.62e-01)	6.565302e+00 5.009980e+00 : 8.268059e-01
1323(1005) (2.37e+00 2.02e+00) XE:2.02e-01 (1.28e+00 1.26e+00 | 6.20e-01 6.62e-01)	6.563350e+00 5.009203e+00 : 8.266110e-01
1347(991) (2.24e+00 2.02e+00) XE:2.02e-01 (1.25e+00 1.26e+00 | 6.86e-01 6.62e-01)	6.561442e+00 5.008482e+00 : 8.264232e-01
1370(997) (1.99e+00 2.02e+00) XE:2.02e-01 (1.26e+00 1.26e+00 | 6.96e-01 6.62e-01)	6.558830e+00 5.006451e+00 : 8.260915e-01
1393(1003) (2.01e+00 2.02e+00) XE:2.02e-01 (1.27e+00 1.26e+00 | 6.05e-01 6.62e-01)	6.558287e+00 5.005978e+00 : 8.260189e-01
1416(999) (1.98e+00 2.02e+00) XE:2.02e-01 (1.25e+00 1.26e+00 | 6.44e-01 6.62e-01)	6.557958e+00 5.005742e+00 : 8.259786e-01
1439(1013) (1.79e+00 2.02e+00) XE:2.02e-01 (1.25e+00 1.26e+00 | 6.52e-01 6.62e-01)	6.556642e+00 5.005499e+00 : 8.258672e-01
1463(996) (2.11e+00 2.02e+00) XE:2.02e-01 (1.24e+00 1.26e+00 | 6.66e-01 6.62e-01)	6.554670e+00 5.005156e+00 : 8.257019e-01
1486(1000) (2.38e+00 2.02e+00) XE:2.02e-01 (1.27e+00 1.26e+00 | 6.68e-01 6.62e-01)	6.552029e+00 5.004379e+00 : 8.254577e-01
1509(982) (2.18e+00 2.02e+00) XE:2.02e-01 (1.25e+00 1.26e+00 | 6.92e-01 6.62e-01)	6.551085e+00 5.002496e+00 : 8.252558e-01
1532(1003) (1.68e+00 2.02e+00) XE:2.02e-01 (1.25e+00 1.26e+00 | 5.73e-01 6.62e-01)	6.549888e+00 5.001700e+00 : 8.251134e-01
1556(1015) (1.53e+00 2.02e+00) XE:2.02e-01 (1.22e+00 1.26e+00 | 5.93e-01 6.62e-01)	6.545099e+00 4.998369e+00 : 8.245334e-01
1579(991) (2.30e+00 2.02e+00) XE:2.02e-01 (1.28e+00 1.26e+00 | 6.40e-01 6.62e-01)	6.545659e+00 4.997864e+00 : 8.245374e-01
1602(1001) (2.04e+00 2.02e+00) XE:2.02e-01 (1.24e+00 1.26e+00 | 5.55e-01 6.61e-01)	6.545525e+00 4.998240e+00 : 8.245546e-01
1625(1014) (1.79e+00 2.02e+00) XE:2.02e-01 (1.26e+00 1.26e+00 | 6.34e-01 6.61e-01)	6.542943e+00 4.996943e+00 : 8.242776e-01
1649(1011) (2.54e+00 2.02e+00) XE:2.02e-01 (1.23e+00 1.26e+00 | 6.36e-01 6.61e-01)	6.541877e+00 4.997125e+00 : 8.242144e-01
1672(990) (2.02e+00 2.02e+00) XE:2.02e-01 (1.27e+00 1.26e+00 | 6.74e-01 6.61e-01)	6.540298e+00 4.995716e+00 : 8.240010e-01
1695(1006) (2.13e+00 2.02e+00) XE:2.02e-01 (1.28e+00 1.26e+00 | 6.22e-01 6.61e-01)	6.539398e+00 4.995437e+00 : 8.239167e-01
1718(1009) (1.98e+00 2.02e+00) XE:2.02e-01 (1.28e+00 1.26e+00 | 6.32e-01 6.61e-01)	6.538394e+00 4.994890e+00 : 8.238060e-01
1742(1003) (1.74e+00 2.02e+00) XE:2.02e-01 (1.27e+00 1.26e+00 | 6.80e-01 6.61e-01)	6.536393e+00 4.992907e+00 : 8.235214e-01
1765(996) (2.22e+00 2.02e+00) XE:2.02e-01 (1.27e+00 1.26e+00 | 6.96e-01 6.61e-01)	6.534399e+00 4.991810e+00 : 8.233006e-01
1788(983) (2.61e+00 2.02e+00) XE:2.02e-01 (1.28e+00 1.26e+00 | 7.06e-01 6.61e-01)	6.532550e+00 4.991022e+00 : 8.231123e-01
1811(1005) (2.02e+00 2.02e+00) XE:2.02e-01 (1.23e+00 1.26e+00 | 5.61e-01 6.61e-01)	6.530658e+00 4.991100e+00 : 8.229827e-01
1835(1007) (2.28e+00 2.02e+00) XE:2.02e-01 (1.27e+00 1.26e+00 | 7.18e-01 6.61e-01)	6.529077e+00 4.990328e+00 : 8.228146e-01
1858(1001) (2.12e+00 2.02e+00) XE:2.02e-01 (1.27e+00 1.26e+00 | 6.74e-01 6.61e-01)	6.528820e+00 4.989569e+00 : 8.227421e-01
1881(991) (2.72e+00 2.02e+00) XE:2.02e-01 (1.27e+00 1.26e+00 | 6.12e-01 6.61e-01)	6.526975e+00 4.987665e+00 : 8.224743e-01
1904(1022) (2.03e+00 2.02e+00) XE:2.02e-01 (1.26e+00 1.26e+00 | 6.70e-01 6.61e-01)	6.526219e+00 4.986712e+00 : 8.223522e-01
1927(987) (2.14e+00 2.02e+00) XE:2.02e-01 (1.26e+00 1.26e+00 | 6.56e-01 6.61e-01)	6.526063e+00 4.986246e+00 : 8.223078e-01
1951(996) (2.14e+00 2.02e+00) XE:2.02e-01 (1.27e+00 1.26e+00 | 6.98e-01 6.61e-01)	6.524291e+00 4.984992e+00 : 8.220917e-01
1974(998) (1.86e+00 2.02e+00) XE:2.02e-01 (1.22e+00 1.26e+00 | 6.52e-01 6.61e-01)	6.523326e+00 4.984158e+00 : 8.219632e-01
1997(1000) (2.03e+00 2.02e+00) XE:2.02e-01 (1.28e+00 1.26e+00 | 6.68e-01 6.61e-01)	6.522758e+00 4.983974e+00 : 8.219094e-01
2020(1005) (1.86e+00 2.02e+00) XE:2.02e-01 (1.23e+00 1.26e+00 | 6.52e-01 6.61e-01)	6.521724e+00 4.983359e+00 : 8.217917e-01
2043(1016) (1.70e+00 2.02e+00) XE:2.02e-01 (1.23e+00 1.26e+00 | 6.12e-01 6.61e-01)	6.520559e+00 4.983635e+00 : 8.217282e-01
2067(998) (2.18e+00 2.02e+00) XE:2.02e-01 (1.23e+00 1.26e+00 | 7.04e-01 6.61e-01)	6.519687e+00 4.982595e+00 : 8.215916e-01
2090(1012) (2.05e+00 2.02e+00) XE:2.02e-01 (1.28e+00 1.26e+00 | 6.26e-01 6.61e-01)	6.519058e+00 4.982170e+00 : 8.215163e-01
2113(1004) (2.19e+00 2.02e+00) XE:2.02e-01 (1.27e+00 1.26e+00 | 6.94e-01 6.61e-01)	6.517509e+00 4.981711e+00 : 8.213729e-01
2136(1013) (2.37e+00 2.02e+00) XE:2.02e-01 (1.26e+00 1.26e+00 | 6.34e-01 6.61e-01)	6.517528e+00 4.982445e+00 : 8.214266e-01
2160(1013) (1.50e+00 2.02e+00) XE:2.02e-01 (1.26e+00 1.26e+00 | 6.56e-01 6.61e-01)	6.516845e+00 4.982094e+00 : 8.213527e-01
2183(988) (2.31e+00 2.02e+00) XE:2.02e-01 (1.25e+00 1.26e+00 | 7.27e-01 6.61e-01)	6.515839e+00 4.981979e+00 : 8.212727e-01
2206(1003) (2.16e+00 2.02e+00) XE:2.02e-01 (1.24e+00 1.26e+00 | 6.12e-01 6.61e-01)	6.515148e+00 4.982211e+00 : 8.212399e-01
2229(1000) (1.96e+00 2.02e+00) XE:2.02e-01 (1.26e+00 1.26e+00 | 6.64e-01 6.61e-01)	6.514652e+00 4.982050e+00 : 8.211930e-01
2252(991) (2.50e+00 2.02e+00) XE:2.02e-01 (1.26e+00 1.26e+00 | 6.96e-01 6.61e-01)	6.513873e+00 4.981955e+00 : 8.211305e-01
2276(1004) (1.92e+00 2.02e+00) XE:2.02e-01 (1.25e+00 1.26e+00 | 6.26e-01 6.61e-01)	6.513660e+00 4.982487e+00 : 8.211534e-01
2299(998) (1.84e+00 2.02e+00) XE:2.02e-01 (1.25e+00 1.26e+00 | 6.07e-01 6.61e-01)	6.513106e+00 4.982278e+00 : 8.210989e-01
2322(990) (2.12e+00 2.02e+00) XE:2.02e-01 (1.26e+00 1.26e+00 | 6.90e-01 6.61e-01)	6.513149e+00 4.982377e+00 : 8.211090e-01
2345(1014) (2.04e+00 2.02e+00) XE:2.02e-01 (1.24e+00 1.26e+00 | 6.42e-01 6.61e-01)	6.511821e+00 4.981561e+00 : 8.209558e-01
2369(1000) (1.97e+00 2.02e+00) XE:2.02e-01 (1.28e+00 1.26e+00 | 7.39e-01 6.61e-01)	6.511529e+00 4.981488e+00 : 8.209298e-01
2392(1018) (2.19e+00 2.02e+00) XE:2.02e-01 (1.28e+00 1.26e+00 | 6.96e-01 6.61e-01)	6.510686e+00 4.981161e+00 : 8.208462e-01
2415(1018) (1.51e+00 2.02e+00) XE:2.02e-01 (1.26e+00 1.26e+00 | 6.16e-01 6.61e-01)	6.511346e+00 4.981771e+00 : 8.209369e-01
2438(993) (2.20e+00 2.02e+00) XE:2.02e-01 (1.24e+00 1.26e+00 | 6.60e-01 6.61e-01)	6.511043e+00 4.981521e+00 : 8.208974e-01
2461(1011) (1.80e+00 2.02e+00) XE:2.02e-01 (1.26e+00 1.26e+00 | 7.55e-01 6.61e-01)	6.510971e+00 4.981492e+00 : 8.208902e-01
2485(990) (1.93e+00 2.02e+00) XE:2.02e-01 (1.21e+00 1.26e+00 | 6.98e-01 6.61e-01)	6.509954e+00 4.981330e+00 : 8.208060e-01
2508(1008) (2.18e+00 2.02e+00) XE:2.02e-01 (1.28e+00 1.26e+00 | 6.68e-01 6.61e-01)	6.509267e+00 4.981370e+00 : 8.207598e-01
2531(990) (2.15e+00 2.01e+00) XE:2.01e-01 (1.24e+00 1.26e+00 | 6.84e-01 6.61e-01)	6.509084e+00 4.981250e+00 : 8.207382e-01
2554(983) (2.73e+00 2.01e+00) XE:2.01e-01 (1.26e+00 1.26e+00 | 6.96e-01 6.61e-01)	6.508755e+00 4.980917e+00 : 8.206908e-01
2577(999) (2.05e+00 2.01e+00) XE:2.01e-01 (1.23e+00 1.26e+00 | 6.58e-01 6.61e-01)	6.508398e+00 4.980459e+00 : 8.206326e-01
2601(1004) (2.07e+00 2.01e+00) XE:2.01e-01 (1.26e+00 1.26e+00 | 6.28e-01 6.61e-01)	6.507465e+00 4.979803e+00 : 8.205191e-01
2624(996) (1.83e+00 2.01e+00) XE:2.01e-01 (1.23e+00 1.26e+00 | 6.76e-01 6.61e-01)	6.507848e+00 4.979824e+00 : 8.205480e-01
2647(1009) (1.95e+00 2.01e+00) XE:2.01e-01 (1.25e+00 1.26e+00 | 6.26e-01 6.61e-01)	6.507460e+00 4.979860e+00 : 8.205229e-01
2670(992) (2.48e+00 2.01e+00) XE:2.01e-01 (1.27e+00 1.26e+00 | 6.90e-01 6.61e-01)	6.506362e+00 4.978861e+00 : 8.203730e-01
2694(1006) (2.10e+00 2.01e+00) XE:2.01e-01 (1.27e+00 1.26e+00 | 6.56e-01 6.61e-01)	6.504887e+00 4.978643e+00 : 8.202521e-01
2717(1002) (1.90e+00 2.01e+00) XE:2.01e-01 (1.28e+00 1.26e+00 | 6.74e-01 6.61e-01)	6.504671e+00 4.979066e+00 : 8.202669e-01
2740(999) (2.46e+00 2.01e+00) XE:2.01e-01 (1.25e+00 1.26e+00 | 7.06e-01 6.61e-01)	6.503970e+00 4.977876e+00 : 8.201319e-01
2763(1010) (1.95e+00 2.01e+00) XE:2.01e-01 (1.28e+00 1.26e+00 | 6.66e-01 6.61e-01)	6.504199e+00 4.978224e+00 : 8.201731e-01
2787(1001) (1.99e+00 2.01e+00) XE:2.01e-01 (1.26e+00 1.26e+00 | 6.38e-01 6.61e-01)	6.503913e+00 4.977837e+00 : 8.201250e-01
2810(994) (2.48e+00 2.01e+00) XE:2.01e-01 (1.22e+00 1.26e+00 | 6.88e-01 6.61e-01)	6.503882e+00 4.977589e+00 : 8.201051e-01
2833(1010) (1.98e+00 2.01e+00) XE:2.01e-01 (1.30e+00 1.26e+00 | 6.76e-01 6.61e-01)	6.503792e+00 4.977196e+00 : 8.200706e-01
2856(998) (1.99e+00 2.01e+00) XE:2.01e-01 (1.30e+00 1.26e+00 | 7.12e-01 6.61e-01)	6.502408e+00 4.976495e+00 : 8.199216e-01
2879(1004) (1.54e+00 2.01e+00) XE:2.01e-01 (1.23e+00 1.26e+00 | 6.16e-01 6.61e-01)	6.502259e+00 4.975720e+00 : 8.198556e-01
2903(1000) (2.02e+00 2.01e+00) XE:2.01e-01 (1.26e+00 1.26e+00 | 5.89e-01 6.61e-01)	6.501996e+00 4.975487e+00 : 8.198202e-01
2926(999) (1.95e+00 2.01e+00) XE:2.01e-01 (1.29e+00 1.26e+00 | 6.70e-01 6.61e-01)	6.501250e+00 4.975466e+00 : 8.197655e-01
2949(1006) (1.95e+00 2.01e+00) XE:2.01e-01 (1.21e+00 1.26e+00 | 6.54e-01 6.61e-01)	6.501275e+00 4.975690e+00 : 8.197832e-01
2972(1006) (1.95e+00 2.01e+00) XE:2.01e-01 (1.25e+00 1.26e+00 | 6.84e-01 6.61e-01)	6.500612e+00 4.975752e+00 : 8.197403e-01
2996(995) (1.92e+00 2.01e+00) XE:2.01e-01 (1.26e+00 1.26e+00 | 6.50e-01 6.61e-01)	6.499496e+00 4.975452e+00 : 8.196392e-01
3019(997) (1.36e+00 2.01e+00) XE:2.01e-01 (1.27e+00 1.26e+00 | 6.86e-01 6.61e-01)	6.499481e+00 4.975814e+00 : 8.196640e-01
3042(996) (2.04e+00 2.01e+00) XE:2.01e-01 (1.27e+00 1.26e+00 | 6.01e-01 6.61e-01)	6.498801e+00 4.975299e+00 : 8.195786e-01
3065(998) (1.72e+00 2.01e+00) XE:2.01e-01 (1.25e+00 1.26e+00 | 5.71e-01 6.61e-01)	6.498885e+00 4.975392e+00 : 8.195912e-01
3088(1007) (2.11e+00 2.01e+00) XE:2.01e-01 (1.25e+00 1.26e+00 | 6.52e-01 6.61e-01)	6.498007e+00 4.974772e+00 : 8.194841e-01
3112(1014) (1.90e+00 2.01e+00) XE:2.01e-01 (1.29e+00 1.26e+00 | 6.82e-01 6.61e-01)	6.497205e+00 4.973720e+00 : 8.193518e-01
3135(997) (2.07e+00 2.01e+00) XE:2.01e-01 (1.29e+00 1.26e+00 | 6.32e-01 6.61e-01)	6.496823e+00 4.973205e+00 : 8.192877e-01
3158(1012) (1.96e+00 2.01e+00) XE:2.01e-01 (1.26e+00 1.26e+00 | 7.33e-01 6.61e-01)	6.496682e+00 4.973495e+00 : 8.192983e-01
3181(980) (1.93e+00 2.01e+00) XE:2.01e-01 (1.22e+00 1.26e+00 | 6.56e-01 6.61e-01)	6.496161e+00 4.972623e+00 : 8.191988e-01
3205(1012) (1.74e+00 2.01e+00) XE:2.01e-01 (1.29e+00 1.26e+00 | 5.99e-01 6.61e-01)	6.495951e+00 4.972486e+00 : 8.191741e-01
3228(1002) (2.09e+00 2.01e+00) XE:2.01e-01 (1.27e+00 1.26e+00 | 7.14e-01 6.61e-01)	6.495324e+00 4.971435e+00 : 8.190542e-01
3251(1006) (1.65e+00 2.01e+00) XE:2.01e-01 (1.26e+00 1.26e+00 | 7.00e-01 6.61e-01)	6.495187e+00 4.971141e+00 : 8.190234e-01
3274(1000) (2.01e+00 2.01e+00) XE:2.01e-01 (1.24e+00 1.26e+00 | 6.03e-01 6.61e-01)	6.495029e+00 4.971207e+00 : 8.190169e-01
3298(998) (1.97e+00 2.01e+00) XE:2.01e-01 (1.28e+00 1.26e+00 | 6.46e-01 6.61e-01)	6.494441e+00 4.971061e+00 : 8.189644e-01
3321(1010) (2.11e+00 2.01e+00) XE:2.01e-01 (1.25e+00 1.26e+00 | 6.84e-01 6.61e-01)	6.494484e+00 4.971068e+00 : 8.189679e-01
3344(984) (2.03e+00 2.01e+00) XE:2.01e-01 (1.21e+00 1.26e+00 | 6.66e-01 6.61e-01)	6.494140e+00 4.970768e+00 : 8.189220e-01
3367(1006) (2.17e+00 2.01e+00) XE:2.01e-01 (1.30e+00 1.26e+00 | 6.68e-01 6.61e-01)	6.493410e+00 4.970776e+00 : 8.188705e-01
3390(1003) (2.02e+00 2.01e+00) XE:2.01e-01 (1.26e+00 1.26e+00 | 6.36e-01 6.61e-01)	6.492879e+00 4.970836e+00 : 8.188368e-01
3414(999) (1.74e+00 2.01e+00) XE:2.01e-01 (1.26e+00 1.26e+00 | 6.12e-01 6.61e-01)	6.492952e+00 4.971058e+00 : 8.188579e-01
3437(1007) (1.99e+00 2.01e+00) XE:2.01e-01 (1.24e+00 1.26e+00 | 6.66e-01 6.61e-01)	6.493006e+00 4.970975e+00 : 8.188558e-01
3460(988) (2.71e+00 2.01e+00) XE:2.01e-01 (1.27e+00 1.26e+00 | 6.38e-01 6.61e-01)	6.493061e+00 4.970718e+00 : 8.188413e-01
3483(1005) (2.08e+00 2.01e+00) XE:2.01e-01 (1.29e+00 1.26e+00 | 6.76e-01 6.61e-01)	6.492811e+00 4.970923e+00 : 8.188381e-01
3507(997) (1.71e+00 2.01e+00) XE:2.01e-01 (1.31e+00 1.26e+00 | 6.82e-01 6.61e-01)	6.492456e+00 4.970589e+00 : 8.187889e-01
3530(1001) (1.85e+00 2.01e+00) XE:2.01e-01 (1.29e+00 1.26e+00 | 6.50e-01 6.61e-01)	6.492472e+00 4.970706e+00 : 8.187985e-01
3553(1003) (2.08e+00 2.01e+00) XE:2.01e-01 (1.27e+00 1.26e+00 | 7.25e-01 6.61e-01)	6.491564e+00 4.970299e+00 : 8.187045e-01
3576(1002) (2.29e+00 2.01e+00) XE:2.01e-01 (1.26e+00 1.26e+00 | 6.56e-01 6.61e-01)	6.491488e+00 4.969916e+00 : 8.186717e-01
3600(991) (2.13e+00 2.01e+00) XE:2.01e-01 (1.28e+00 1.26e+00 | 5.99e-01 6.61e-01)	6.491975e+00 4.969759e+00 : 8.186953e-01
3623(1007) (1.40e+00 2.01e+00) XE:2.01e-01 (1.26e+00 1.26e+00 | 6.68e-01 6.61e-01)	6.492290e+00 4.969416e+00 : 8.186933e-01
3646(993) (2.23e+00 2.01e+00) XE:2.01e-01 (1.26e+00 1.26e+00 | 6.88e-01 6.61e-01)	6.491827e+00 4.969351e+00 : 8.186555e-01
3669(1000) (1.88e+00 2.01e+00) XE:2.01e-01 (1.22e+00 1.26e+00 | 6.54e-01 6.61e-01)	6.491203e+00 4.969180e+00 : 8.185988e-01
3692(1006) (1.71e+00 2.01e+00) XE:2.01e-01 (1.25e+00 1.26e+00 | 6.34e-01 6.61e-01)	6.490539e+00 4.969376e+00 : 8.185654e-01
3716(999) (2.09e+00 2.01e+00) XE:2.01e-01 (1.25e+00 1.26e+00 | 6.72e-01 6.61e-01)	6.489668e+00 4.969198e+00 : 8.184904e-01
3739(1007) (1.79e+00 2.01e+00) XE:2.01e-01 (1.29e+00 1.26e+00 | 7.47e-01 6.61e-01)	6.489029e+00 4.968850e+00 : 8.184200e-01
3762(1005) (2.02e+00 2.01e+00) XE:2.01e-01 (1.24e+00 1.26e+00 | 6.70e-01 6.61e-01)	6.488520e+00 4.968808e+00 : 8.183806e-01
3785(1003) (1.82e+00 2.01e+00) XE:2.01e-01 (1.26e+00 1.26e+00 | 6.88e-01 6.61e-01)	6.488007e+00 4.968473e+00 : 8.183200e-01
3809(994) (1.79e+00 2.01e+00) XE:2.01e-01 (1.26e+00 1.26e+00 | 6.48e-01 6.61e-01)	6.487373e+00 4.968007e+00 : 8.182414e-01
3832(1006) (1.59e+00 2.01e+00) XE:2.01e-01 (1.26e+00 1.26e+00 | 6.48e-01 6.61e-01)	6.487249e+00 4.967995e+00 : 8.182317e-01
3855(995) (2.03e+00 2.01e+00) XE:2.01e-01 (1.26e+00 1.26e+00 | 6.58e-01 6.61e-01)	6.487350e+00 4.968069e+00 : 8.182442e-01
3878(1001) (1.66e+00 2.01e+00) XE:2.01e-01 (1.24e+00 1.26e+00 | 6.22e-01 6.61e-01)	6.487183e+00 4.967686e+00 : 8.182049e-01
3902(993) (1.96e+00 2.01e+00) XE:2.01e-01 (1.26e+00 1.26e+00 | 5.95e-01 6.61e-01)	6.486841e+00 4.967485e+00 : 8.181661e-01
3925(999) (2.36e+00 2.01e+00) XE:2.01e-01 (1.28e+00 1.26e+00 | 6.72e-01 6.61e-01)	6.485761e+00 4.967142e+00 : 8.180645e-01
3948(1016) (1.86e+00 2.01e+00) XE:2.01e-01 (1.27e+00 1.26e+00 | 6.46e-01 6.61e-01)	6.485728e+00 4.966905e+00 : 8.180453e-01
3971(1010) (2.05e+00 2.01e+00) XE:2.01e-01 (1.29e+00 1.26e+00 | 6.18e-01 6.61e-01)	6.485789e+00 4.966838e+00 : 8.180448e-01
3995(989) (1.89e+00 2.01e+00) XE:2.01e-01 (1.24e+00 1.26e+00 | 5.55e-01 6.61e-01)	6.485484e+00 4.966093e+00 : 8.179698e-01
4018(1008) (2.11e+00 2.01e+00) XE:2.01e-01 (1.22e+00 1.26e+00 | 6.12e-01 6.61e-01)	6.485165e+00 4.965479e+00 : 8.179032e-01
4041(999) (2.07e+00 2.01e+00) XE:2.01e-01 (1.25e+00 1.26e+00 | 5.83e-01 6.61e-01)	6.485136e+00 4.965184e+00 : 8.178799e-01
4064(998) (2.69e+00 2.01e+00) XE:2.01e-01 (1.27e+00 1.26e+00 | 6.30e-01 6.61e-01)	6.484423e+00 4.964852e+00 : 8.178054e-01
4087(989) (2.83e+00 2.01e+00) XE:2.01e-01 (1.26e+00 1.26e+00 | 6.28e-01 6.61e-01)	6.483700e+00 4.964764e+00 : 8.177474e-01
4111(1000) (1.97e+00 2.01e+00) XE:2.01e-01 (1.25e+00 1.26e+00 | 6.60e-01 6.61e-01)	6.483269e+00 4.964270e+00 : 8.176814e-01
4134(987) (2.37e+00 2.01e+00) XE:2.01e-01 (1.26e+00 1.26e+00 | 6.62e-01 6.61e-01)	6.483333e+00 4.963999e+00 : 8.176666e-01
4157(992) (1.92e+00 2.01e+00) XE:2.01e-01 (1.28e+00 1.26e+00 | 7.25e-01 6.61e-01)	6.483605e+00 4.964125e+00 : 8.176950e-01
4180(1000) (1.94e+00 2.01e+00) XE:2.01e-01 (1.28e+00 1.26e+00 | 7.08e-01 6.61e-01)	6.483400e+00 4.964122e+00 : 8.176802e-01
4204(1004) (1.67e+00 2.01e+00) XE:2.01e-01 (1.25e+00 1.26e+00 | 6.58e-01 6.61e-01)	6.483467e+00 4.963893e+00 : 8.176686e-01
4227(984) (2.53e+00 2.01e+00) XE:2.01e-01 (1.26e+00 1.26e+00 | 6.74e-01 6.61e-01)	6.482998e+00 4.963662e+00 : 8.176186e-01
4250(986) (2.00e+00 2.01e+00) XE:2.01e-01 (1.25e+00 1.26e+00 | 6.76e-01 6.61e-01)	6.482805e+00 4.963517e+00 : 8.175944e-01
4273(992) (1.79e+00 2.01e+00) XE:2.01e-01 (1.25e+00 1.26e+00 | 6.54e-01 6.61e-01)	6.482772e+00 4.963716e+00 : 8.176063e-01
4297(997) (2.27e+00 2.01e+00) XE:2.01e-01 (1.26e+00 1.26e+00 | 6.58e-01 6.61e-01)	6.482967e+00 4.963587e+00 : 8.176110e-01
4320(1006) (2.21e+00 2.01e+00) XE:2.01e-01 (1.26e+00 1.26e+00 | 6.78e-01 6.61e-01)	6.482226e+00 4.963252e+00 : 8.175341e-01
4343(999) (2.07e+00 2.01e+00) XE:2.01e-01 (1.23e+00 1.26e+00 | 6.42e-01 6.61e-01)	6.481724e+00 4.963237e+00 : 8.174972e-01
4366(1002) (1.93e+00 2.01e+00) XE:2.01e-01 (1.26e+00 1.26e+00 | 5.85e-01 6.61e-01)	6.481618e+00 4.963209e+00 : 8.174876e-01
4389(994) (1.99e+00 2.01e+00) XE:2.01e-01 (1.26e+00 1.26e+00 | 6.18e-01 6.61e-01)	6.481940e+00 4.963249e+00 : 8.175135e-01
4413(1009) (1.70e+00 2.01e+00) XE:2.01e-01 (1.29e+00 1.26e+00 | 6.82e-01 6.61e-01)	6.481600e+00 4.962067e+00 : 8.174047e-01
4436(1025) (2.07e+00 2.01e+00) XE:2.01e-01 (1.25e+00 1.26e+00 | 6.24e-01 6.61e-01)	6.481817e+00 4.962384e+00 : 8.174429e-01
4459(1002) (1.75e+00 2.01e+00) XE:2.01e-01 (1.23e+00 1.26e+00 | 5.85e-01 6.61e-01)	6.481773e+00 4.962292e+00 : 8.174332e-01
4482(1000) (2.23e+00 2.01e+00) XE:2.01e-01 (1.26e+00 1.26e+00 | 6.70e-01 6.61e-01)	6.481378e+00 4.961985e+00 : 8.173831e-01
4506(987) (2.32e+00 2.01e+00) XE:2.01e-01 (1.25e+00 1.26e+00 | 6.60e-01 6.61e-01)	6.480970e+00 4.961778e+00 : 8.173391e-01
4529(999) (2.03e+00 2.01e+00) XE:2.01e-01 (1.24e+00 1.26e+00 | 6.90e-01 6.61e-01)	6.480891e+00 4.961244e+00 : 8.172954e-01
4552(1006) (1.79e+00 2.01e+00) XE:2.01e-01 (1.27e+00 1.26e+00 | 6.80e-01 6.61e-01)	6.480725e+00 4.961250e+00 : 8.172839e-01
4575(1014) (2.00e+00 2.01e+00) XE:2.01e-01 (1.27e+00 1.26e+00 | 6.70e-01 6.61e-01)	6.480430e+00 4.961030e+00 : 8.172471e-01
4598(1010) (2.09e+00 2.01e+00) XE:2.01e-01 (1.28e+00 1.26e+00 | 6.70e-01 6.61e-01)	6.480707e+00 4.960872e+00 : 8.172556e-01
4622(991) (1.94e+00 2.01e+00) XE:2.01e-01 (1.26e+00 1.26e+00 | 6.34e-01 6.61e-01)	6.480466e+00 4.960776e+00 : 8.172315e-01
4645(1011) (1.74e+00 2.01e+00) XE:2.01e-01 (1.24e+00 1.26e+00 | 6.26e-01 6.61e-01)	6.480386e+00 4.960924e+00 : 8.172365e-01
4668(996) (1.95e+00 2.01e+00) XE:2.01e-01 (1.25e+00 1.26e+00 | 6.16e-01 6.61e-01)	6.480223e+00 4.960634e+00 : 8.172041e-01
4691(1011) (1.94e+00 2.01e+00) XE:2.01e-01 (1.29e+00 1.26e+00 | 6.36e-01 6.61e-01)	6.479859e+00 4.960580e+00 : 8.171742e-01
4715(993) (2.01e+00 2.01e+00) XE:2.01e-01 (1.28e+00 1.26e+00 | 6.82e-01 6.61e-01)	6.479155e+00 4.960406e+00 : 8.171115e-01
4738(1006) (2.11e+00 2.01e+00) XE:2.01e-01 (1.23e+00 1.26e+00 | 7.00e-01 6.61e-01)	6.479033e+00 4.960010e+00 : 8.170745e-01
4761(990) (1.94e+00 2.01e+00) XE:2.01e-01 (1.30e+00 1.26e+00 | 6.88e-01 6.61e-01)	6.478712e+00 4.959782e+00 : 8.170353e-01
4784(997) (2.28e+00 2.01e+00) XE:2.01e-01 (1.26e+00 1.26e+00 | 7.14e-01 6.61e-01)	6.478129e+00 4.959731e+00 : 8.169900e-01
4808(1001) (1.60e+00 2.01e+00) XE:2.01e-01 (1.30e+00 1.26e+00 | 6.42e-01 6.61e-01)	6.477779e+00 4.959192e+00 : 8.169265e-01
4831(1013) (1.76e+00 2.01e+00) XE:2.01e-01 (1.28e+00 1.26e+00 | 6.50e-01 6.61e-01)	6.477653e+00 4.959090e+00 : 8.169101e-01
4854(1008) (1.94e+00 2.01e+00) XE:2.01e-01 (1.26e+00 1.26e+00 | 6.42e-01 6.61e-01)	6.477593e+00 4.959140e+00 : 8.169095e-01
4877(994) (2.04e+00 2.01e+00) XE:2.01e-01 (1.27e+00 1.26e+00 | 6.56e-01 6.61e-01)	6.476881e+00 4.958760e+00 : 8.168315e-01
4901(992) (2.57e+00 2.01e+00) XE:2.01e-01 (1.26e+00 1.26e+00 | 6.38e-01 6.61e-01)	6.476497e+00 4.958352e+00 : 8.167749e-01
4924(993) (1.96e+00 2.01e+00) XE:2.01e-01 (1.30e+00 1.26e+00 | 6.52e-01 6.61e-01)	6.476556e+00 4.957928e+00 : 8.167489e-01
4947(995) (2.26e+00 2.01e+00) XE:2.01e-01 (1.27e+00 1.26e+00 | 6.88e-01 6.61e-01)	6.476603e+00 4.957709e+00 : 8.167366e-01
4970(991) (1.62e+00 2.01e+00) XE:2.01e-01 (1.23e+00 1.26e+00 | 6.98e-01 6.61e-01)	6.476569e+00 4.957961e+00 : 8.167521e-01
4994(995) (1.95e+00 2.01e+00) XE:2.01e-01 (1.25e+00 1.26e+00 | 7.10e-01 6.61e-01)	6.476774e+00 4.958048e+00 : 8.167730e-01
5017(1004) (1.50e+00 2.01e+00) XE:2.01e-01 (1.24e+00 1.26e+00 | 6.48e-01 6.61e-01)	6.476317e+00 4.957724e+00 : 8.167172e-01
5040(992) (2.72e+00 2.01e+00) XE:2.01e-01 (1.29e+00 1.26e+00 | 6.70e-01 6.61e-01)	6.476010e+00 4.957208e+00 : 8.166584e-01
5063(1003) (2.12e+00 2.01e+00) XE:2.01e-01 (1.28e+00 1.26e+00 | 6.56e-01 6.61e-01)	6.475809e+00 4.957284e+00 : 8.166495e-01
5086(1003) (2.01e+00 2.01e+00) XE:2.01e-01 (1.26e+00 1.26e+00 | 6.50e-01 6.61e-01)	6.475631e+00 4.957128e+00 : 8.166256e-01
5110(999) (1.94e+00 2.01e+00) XE:2.01e-01 (1.29e+00 1.26e+00 | 7.10e-01 6.61e-01)	6.475495e+00 4.956876e+00 : 8.165980e-01
5133(993) (2.20e+00 2.01e+00) XE:2.01e-01 (1.26e+00 1.26e+00 | 6.03e-01 6.61e-01)	6.475020e+00 4.956848e+00 : 8.165620e-01
5156(995) (1.81e+00 2.01e+00) XE:2.01e-01 (1.25e+00 1.26e+00 | 6.14e-01 6.61e-01)	6.474628e+00 4.956640e+00 : 8.165192e-01
5179(997) (2.05e+00 2.01e+00) XE:2.01e-01 (1.25e+00 1.26e+00 | 6.84e-01 6.61e-01)	6.474501e+00 4.956402e+00 : 8.164931e-01
5203(992) (1.97e+00 2.01e+00) XE:2.01e-01 (1.27e+00 1.26e+00 | 6.82e-01 6.61e-01)	6.474681e+00 4.956386e+00 : 8.165047e-01
5226(1010) (2.07e+00 2.01e+00) XE:2.01e-01 (1.24e+00 1.26e+00 | 6.68e-01 6.61e-01)	6.474332e+00 4.956165e+00 : 8.164640e-01
5249(989) (2.58e+00 2.01e+00) XE:2.01e-01 (1.25e+00 1.26e+00 | 6.74e-01 6.61e-01)	6.474027e+00 4.955928e+00 : 8.164254e-01
5272(1013) (1.91e+00 2.01e+00) XE:2.01e-01 (1.26e+00 1.26e+00 | 5.97e-01 6.61e-01)	6.473639e+00 4.955519e+00 : 8.163684e-01
5296(993) (2.08e+00 2.01e+00) XE:2.01e-01 (1.27e+00 1.26e+00 | 6.54e-01 6.61e-01)	6.473347e+00 4.955195e+00 : 8.163244e-01
5319(1000) (1.88e+00 2.01e+00) XE:2.01e-01 (1.25e+00 1.26e+00 | 6.38e-01 6.61e-01)	6.473032e+00 4.954625e+00 : 8.162612e-01
5342(1010) (1.87e+00 2.01e+00) XE:2.01e-01 (1.29e+00 1.26e+00 | 7.06e-01 6.61e-01)	6.472952e+00 4.954592e+00 : 8.162531e-01
5365(989) (2.14e+00 2.01e+00) XE:2.01e-01 (1.26e+00 1.26e+00 | 6.64e-01 6.61e-01)	6.472915e+00 4.954477e+00 : 8.162423e-01
5388(990) (1.94e+00 2.01e+00) XE:2.01e-01 (1.29e+00 1.26e+00 | 7.18e-01 6.61e-01)	6.472731e+00 4.954459e+00 : 8.162278e-01
5412(1009) (1.34e+00 2.01e+00) XE:2.01e-01 (1.29e+00 1.26e+00 | 7.00e-01 6.61e-01)	6.472273e+00 4.954309e+00 : 8.161844e-01
5435(993) (2.07e+00 2.01e+00) XE:2.01e-01 (1.25e+00 1.26e+00 | 6.48e-01 6.61e-01)	6.472179e+00 4.954113e+00 : 8.161637e-01
5458(988) (2.48e+00 2.01e+00) XE:2.01e-01 (1.23e+00 1.26e+00 | 6.40e-01 6.61e-01)	6.472042e+00 4.953986e+00 : 8.161449e-01
5481(989) (2.04e+00 2.01e+00) XE:2.01e-01 (1.27e+00 1.26e+00 | 6.78e-01 6.61e-01)	6.471899e+00 4.953981e+00 : 8.161343e-01
5505(993) (2.45e+00 2.01e+00) XE:2.01e-01 (1.22e+00 1.26e+00 | 6.58e-01 6.61e-01)	6.472018e+00 4.954167e+00 : 8.161561e-01
5528(1005) (1.94e+00 2.01e+00) XE:2.01e-01 (1.25e+00 1.26e+00 | 6.94e-01 6.61e-01)	6.471876e+00 4.954428e+00 : 8.161645e-01
5551(1006) (1.98e+00 2.01e+00) XE:2.01e-01 (1.29e+00 1.26e+00 | 6.78e-01 6.61e-01)	6.471789e+00 4.954145e+00 : 8.161382e-01
5574(1004) (2.44e+00 2.01e+00) XE:2.01e-01 (1.20e+00 1.26e+00 | 6.03e-01 6.61e-01)	6.472071e+00 4.954185e+00 : 8.161611e-01
5597(998) (1.97e+00 2.01e+00) XE:2.01e-01 (1.25e+00 1.26e+00 | 6.80e-01 6.61e-01)	6.471657e+00 4.954005e+00 : 8.161187e-01
5621(987) (2.57e+00 2.01e+00) XE:2.01e-01 (1.28e+00 1.26e+00 | 7.27e-01 6.61e-01)	6.471790e+00 4.953727e+00 : 8.161084e-01
5644(1012) (1.66e+00 2.01e+00) XE:2.01e-01 (1.29e+00 1.26e+00 | 6.50e-01 6.61e-01)	6.471683e+00 4.953942e+00 : 8.161160e-01
5667(1003) (2.41e+00 2.01e+00) XE:2.01e-01 (1.28e+00 1.26e+00 | 6.74e-01 6.61e-01)	6.471676e+00 4.953916e+00 : 8.161137e-01
5690(998) (2.11e+00 2.01e+00) XE:2.01e-01 (1.26e+00 1.26e+00 | 6.14e-01 6.61e-01)	6.471451e+00 4.953724e+00 : 8.160839e-01
5714(1015) (1.65e+00 2.01e+00) XE:2.01e-01 (1.25e+00 1.26e+00 | 6.56e-01 6.61e-01)	6.471758e+00 4.953526e+00 : 8.160917e-01
5737(1008) (2.20e+00 2.01e+00) XE:2.01e-01 (1.27e+00 1.26e+00 | 6.22e-01 6.61e-01)	6.471774e+00 4.953437e+00 : 8.160865e-01
5760(983) (2.08e+00 2.01e+00) XE:2.01e-01 (1.24e+00 1.26e+00 | 7.20e-01 6.61e-01)	6.471834e+00 4.953376e+00 : 8.160865e-01
5783(996) (2.09e+00 2.01e+00) XE:2.01e-01 (1.24e+00 1.26e+00 | 6.84e-01 6.61e-01)	6.471979e+00 4.953435e+00 : 8.161011e-01
5806(1011) (1.76e+00 2.01e+00) XE:2.01e-01 (1.27e+00 1.26e+00 | 6.48e-01 6.61e-01)	6.471760e+00 4.953594e+00 : 8.160967e-01
5830(1008) (1.93e+00 2.01e+00) XE:2.01e-01 (1.25e+00 1.26e+00 | 6.88e-01 6.61e-01)	6.471849e+00 4.953589e+00 : 8.161027e-01
5853(990) (2.48e+00 2.01e+00) XE:2.01e-01 (1.26e+00 1.26e+00 | 6.44e-01 6.61e-01)	6.471510e+00 4.953606e+00 : 8.160797e-01
5876(1002) (1.73e+00 2.01e+00) XE:2.01e-01 (1.26e+00 1.26e+00 | 6.84e-01 6.61e-01)	6.471702e+00 4.953577e+00 : 8.160914e-01
5899(981) (1.83e+00 2.01e+00) XE:2.01e-01 (1.22e+00 1.26e+00 | 6.52e-01 6.61e-01)	6.471696e+00 4.953528e+00 : 8.160874e-01
5922(1006) (1.76e+00 2.01e+00) XE:2.01e-01 (1.27e+00 1.26e+00 | 6.88e-01 6.61e-01)	6.471346e+00 4.953284e+00 : 8.160450e-01
5946(1000) (2.25e+00 2.01e+00) XE:2.01e-01 (1.26e+00 1.26e+00 | 7.08e-01 6.61e-01)	6.471196e+00 4.953265e+00 : 8.160329e-01
5969(1000) (1.87e+00 2.01e+00) XE:2.01e-01 (1.24e+00 1.26e+00 | 6.98e-01 6.61e-01)	6.470916e+00 4.953065e+00 : 8.159987e-01
5992(1004) (1.89e+00 2.01e+00) XE:2.01e-01 (1.27e+00 1.26e+00 | 6.34e-01 6.61e-01)	6.470112e+00 4.952846e+00 : 8.159256e-01
6015(992) (1.88e+00 2.01e+00) XE:2.01e-01 (1.23e+00 1.26e+00 | 6.68e-01 6.61e-01)	6.470078e+00 4.952557e+00 : 8.159025e-01
6039(1006) (1.60e+00 2.01e+00) XE:2.01e-01 (1.30e+00 1.26e+00 | 5.85e-01 6.61e-01)	6.470296e+00 4.952559e+00 : 8.159182e-01
6062(997) (2.49e+00 2.01e+00) XE:2.01e-01 (1.27e+00 1.26e+00 | 6.24e-01 6.61e-01)	6.469263e+00 4.951574e+00 : 8.157741e-01
6085(1007) (1.93e+00 2.01e+00) XE:2.01e-01 (1.29e+00 1.26e+00 | 6.52e-01 6.61e-01)	6.469164e+00 4.951431e+00 : 8.157568e-01
6108(1002) (2.09e+00 2.01e+00) XE:2.01e-01 (1.27e+00 1.26e+00 | 6.70e-01 6.61e-01)	6.468974e+00 4.951496e+00 : 8.157478e-01
6132(1004) (1.56e+00 2.01e+00) XE:2.01e-01 (1.26e+00 1.26e+00 | 7.23e-01 6.61e-01)	6.468800e+00 4.951393e+00 : 8.157281e-01
6155(1006) (1.76e+00 2.01e+00) XE:2.01e-01 (1.23e+00 1.26e+00 | 6.36e-01 6.61e-01)	6.468517e+00 4.951071e+00 : 8.156849e-01
6178(1007) (1.84e+00 2.01e+00) XE:2.01e-01 (1.25e+00 1.26e+00 | 6.30e-01 6.61e-01)	6.467660e+00 4.950502e+00 : 8.155830e-01
6201(1005) (1.91e+00 2.01e+00) XE:2.01e-01 (1.25e+00 1.26e+00 | 7.29e-01 6.61e-01)	6.466849e+00 4.949891e+00 : 8.154814e-01
6225(1001) (1.64e+00 2.01e+00) XE:2.01e-01 (1.27e+00 1.26e+00 | 6.64e-01 6.61e-01)	6.466723e+00 4.949620e+00 : 8.154531e-01
6248(995) (1.92e+00 2.01e+00) XE:2.01e-01 (1.26e+00 1.26e+00 | 6.92e-01 6.61e-01)	6.466407e+00 4.949231e+00 : 8.154027e-01
6271(997) (2.09e+00 2.01e+00) XE:2.01e-01 (1.24e+00 1.26e+00 | 6.16e-01 6.61e-01)	6.466369e+00 4.949332e+00 : 8.154072e-01
6294(1002) (2.10e+00 2.01e+00) XE:2.01e-01 (1.25e+00 1.26e+00 | 5.83e-01 6.61e-01)	6.466300e+00 4.949203e+00 : 8.153931e-01
6317(1002) (2.00e+00 2.01e+00) XE:2.01e-01 (1.30e+00 1.26e+00 | 6.94e-01 6.61e-01)	6.466189e+00 4.949214e+00 : 8.153859e-01
6341(985) (2.12e+00 2.01e+00) XE:2.01e-01 (1.25e+00 1.26e+00 | 7.55e-01 6.61e-01)	6.466196e+00 4.949264e+00 : 8.153900e-01
6364(1002) (2.36e+00 2.01e+00) XE:2.01e-01 (1.25e+00 1.26e+00 | 7.27e-01 6.61e-01)	6.466034e+00 4.949062e+00 : 8.153640e-01
6387(993) (1.75e+00 2.01e+00) XE:2.01e-01 (1.24e+00 1.26e+00 | 6.16e-01 6.61e-01)	6.466029e+00 4.949003e+00 : 8.153595e-01
6410(991) (1.96e+00 2.01e+00) XE:2.01e-01 (1.25e+00 1.26e+00 | 6.88e-01 6.61e-01)	6.465763e+00 4.948884e+00 : 8.153319e-01
6434(1007) (1.43e+00 2.01e+00) XE:2.01e-01 (1.24e+00 1.26e+00 | 6.26e-01 6.61e-01)	6.465703e+00 4.949152e+00 : 8.153468e-01
6457(1002) (2.21e+00 2.01e+00) XE:2.01e-01 (1.24e+00 1.26e+00 | 6.18e-01 6.61e-01)	6.465296e+00 4.949174e+00 : 8.153193e-01
6480(1001) (1.60e+00 2.01e+00) XE:2.01e-01 (1.27e+00 1.26e+00 | 7.06e-01 6.61e-01)	6.465270e+00 4.949092e+00 : 8.153116e-01
6503(1002) (2.02e+00 2.01e+00) XE:2.01e-01 (1.21e+00 1.26e+00 | 5.83e-01 6.61e-01)	6.465069e+00 4.949062e+00 : 8.152950e-01
6526(1009) (2.00e+00 2.01e+00) XE:2.01e-01 (1.22e+00 1.26e+00 | 6.42e-01 6.61e-01)	6.465077e+00 4.949047e+00 : 8.152946e-01
6550(1005) (2.26e+00 2.01e+00) XE:2.01e-01 (1.26e+00 1.26e+00 | 6.40e-01 6.61e-01)	6.464843e+00 4.949156e+00 : 8.152856e-01
6573(1005) (2.34e+00 2.01e+00) XE:2.01e-01 (1.26e+00 1.26e+00 | 6.78e-01 6.61e-01)	6.464627e+00 4.949037e+00 : 8.152617e-01
6596(980) (2.80e+00 2.01e+00) XE:2.01e-01 (1.28e+00 1.26e+00 | 6.44e-01 6.61e-01)	6.464331e+00 4.948860e+00 : 8.152279e-01
6619(995) (1.70e+00 2.01e+00) XE:2.01e-01 (1.28e+00 1.26e+00 | 6.36e-01 6.61e-01)	6.464411e+00 4.948739e+00 : 8.152250e-01
6643(995) (2.32e+00 2.01e+00) XE:2.01e-01 (1.25e+00 1.26e+00 | 6.60e-01 6.61e-01)	6.464512e+00 4.948759e+00 : 8.152336e-01
6666(998) (1.99e+00 2.01e+00) XE:2.01e-01 (1.25e+00 1.26e+00 | 5.71e-01 6.61e-01)	6.463947e+00 4.948524e+00 : 8.151765e-01
6689(1007) (1.99e+00 2.01e+00) XE:2.01e-01 (1.26e+00 1.26e+00 | 7.51e-01 6.61e-01)	6.463791e+00 4.948626e+00 : 8.151726e-01
6712(1003) (1.89e+00 2.01e+00) XE:2.01e-01 (1.30e+00 1.26e+00 | 6.70e-01 6.61e-01)	6.463988e+00 4.948694e+00 : 8.151915e-01
6736(1006) (2.21e+00 2.01e+00) XE:2.01e-01 (1.26e+00 1.26e+00 | 6.09e-01 6.61e-01)	6.463854e+00 4.948582e+00 : 8.151740e-01
6759(1013) (1.98e+00 2.01e+00) XE:2.01e-01 (1.27e+00 1.26e+00 | 6.96e-01 6.61e-01)	6.463364e+00 4.948409e+00 : 8.151266e-01
6782(989) (1.94e+00 2.01e+00) XE:2.01e-01 (1.27e+00 1.26e+00 | 6.40e-01 6.61e-01)	6.463131e+00 4.948465e+00 : 8.151140e-01
6805(993) (1.63e+00 2.01e+00) XE:2.01e-01 (1.21e+00 1.26e+00 | 6.62e-01 6.61e-01)	6.462919e+00 4.948602e+00 : 8.151087e-01
6829(999) (2.28e+00 2.01e+00) XE:2.01e-01 (1.26e+00 1.26e+00 | 7.14e-01 6.61e-01)	6.462891e+00 4.948308e+00 : 8.150856e-01
6852(1003) (1.73e+00 2.01e+00) XE:2.01e-01 (1.27e+00 1.26e+00 | 6.07e-01 6.61e-01)	6.462489e+00 4.948176e+00 : 8.150475e-01
6875(994) (2.00e+00 2.01e+00) XE:2.01e-01 (1.25e+00 1.26e+00 | 6.48e-01 6.61e-01)	6.462766e+00 4.948083e+00 : 8.150606e-01
6898(1002) (2.13e+00 2.01e+00) XE:2.01e-01 (1.24e+00 1.26e+00 | 6.03e-01 6.61e-01)	6.463090e+00 4.948382e+00 : 8.151051e-01
6921(988) (2.71e+00 2.01e+00) XE:2.01e-01 (1.24e+00 1.26e+00 | 5.91e-01 6.61e-01)	6.463198e+00 4.948410e+00 : 8.151149e-01
6945(990) (2.27e+00 2.01e+00) XE:2.01e-01 (1.28e+00 1.26e+00 | 6.03e-01 6.61e-01)	6.463280e+00 4.948461e+00 : 8.151244e-01
6968(1001) (1.93e+00 2.01e+00) XE:2.01e-01 (1.25e+00 1.26e+00 | 7.35e-01 6.61e-01)	6.463248e+00 4.948354e+00 : 8.151145e-01
6991(997) (2.15e+00 2.01e+00) XE:2.01e-01 (1.25e+00 1.26e+00 | 7.00e-01 6.61e-01)	6.463107e+00 4.948094e+00 : 8.150858e-01
7014(997) (1.88e+00 2.01e+00) XE:2.01e-01 (1.26e+00 1.26e+00 | 7.33e-01 6.61e-01)	6.463247e+00 4.948084e+00 : 8.150951e-01
7038(1003) (1.78e+00 2.01e+00) XE:2.01e-01 (1.26e+00 1.26e+00 | 6.62e-01 6.61e-01)	6.463070e+00 4.947804e+00 : 8.150624e-01
7061(985) (2.15e+00 2.01e+00) XE:2.01e-01 (1.24e+00 1.26e+00 | 5.69e-01 6.61e-01)	6.462872e+00 4.947853e+00 : 8.150518e-01
7084(997) (1.70e+00 2.01e+00) XE:2.01e-01 (1.26e+00 1.26e+00 | 7.18e-01 6.61e-01)	6.462832e+00 4.947905e+00 : 8.150527e-01
7107(1001) (2.03e+00 2.01e+00) XE:2.01e-01 (1.25e+00 1.26e+00 | 6.48e-01 6.61e-01)	6.462842e+00 4.947656e+00 : 8.150356e-01
7130(1003) (1.80e+00 2.01e+00) XE:2.01e-01 (1.27e+00 1.26e+00 | 6.40e-01 6.61e-01)	6.462645e+00 4.947888e+00 : 8.150381e-01
7154(993) (2.09e+00 2.01e+00) XE:2.01e-01 (1.27e+00 1.26e+00 | 6.94e-01 6.61e-01)	6.462479e+00 4.947752e+00 : 8.150165e-01
7177(985) (2.47e+00 2.01e+00) XE:2.01e-01 (1.27e+00 1.26e+00 | 6.76e-01 6.61e-01)	6.462585e+00 4.947955e+00 : 8.150385e-01
7200(991) (1.98e+00 2.01e+00) XE:2.01e-01 (1.26e+00 1.26e+00 | 6.72e-01 6.61e-01)	6.462641e+00 4.947903e+00 : 8.150389e-01
7223(1008) (1.70e+00 2.01e+00) XE:2.01e-01 (1.29e+00 1.26e+00 | 6.64e-01 6.61e-01)	6.462457e+00 4.947947e+00 : 8.150289e-01
7246(1012) (1.82e+00 2.01e+00) XE:2.01e-01 (1.31e+00 1.26e+00 | 6.62e-01 6.61e-01)	6.462494e+00 4.947953e+00 : 8.150319e-01
7270(993) (2.24e+00 2.01e+00) XE:2.01e-01 (1.27e+00 1.26e+00 | 7.02e-01 6.61e-01)	6.462161e+00 4.947685e+00 : 8.149890e-01
7293(993) (2.12e+00 2.01e+00) XE:2.01e-01 (1.24e+00 1.26e+00 | 6.46e-01 6.61e-01)	6.462223e+00 4.947431e+00 : 8.149753e-01
7316(1009) (1.52e+00 2.01e+00) XE:2.01e-01 (1.25e+00 1.26e+00 | 6.56e-01 6.61e-01)	6.462038e+00 4.947140e+00 : 8.149413e-01
7339(996) (1.71e+00 2.01e+00) XE:2.01e-01 (1.28e+00 1.26e+00 | 6.76e-01 6.61e-01)	6.461999e+00 4.947153e+00 : 8.149395e-01
7363(1001) (1.95e+00 2.01e+00) XE:2.01e-01 (1.27e+00 1.26e+00 | 6.92e-01 6.61e-01)	6.461990e+00 4.947282e+00 : 8.149480e-01
7386(1009) (1.53e+00 2.01e+00) XE:2.01e-01 (1.24e+00 1.26e+00 | 6.82e-01 6.61e-01)	6.461620e+00 4.947059e+00 : 8.149056e-01
7409(1006) (1.90e+00 2.01e+00) XE:2.01e-01 (1.28e+00 1.26e+00 | 6.48e-01 6.61e-01)	6.461187e+00 4.946679e+00 : 8.148476e-01
7432(985) (1.91e+00 2.01e+00) XE:2.01e-01 (1.27e+00 1.26e+00 | 6.60e-01 6.61e-01)	6.461052e+00 4.946494e+00 : 8.148248e-01
7455(998) (1.86e+00 2.01e+00) XE:2.01e-01 (1.28e+00 1.26e+00 | 6.60e-01 6.61e-01)	6.460853e+00 4.946412e+00 : 8.148047e-01
7479(1009) (1.39e+00 2.01e+00) XE:2.01e-01 (1.25e+00 1.26e+00 | 6.48e-01 6.61e-01)	6.460494e+00 4.946436e+00 : 8.147807e-01
7502(999) (1.79e+00 2.01e+00) XE:2.01e-01 (1.26e+00 1.26e+00 | 7.02e-01 6.61e-01)	6.460576e+00 4.946546e+00 : 8.147944e-01
7525(996) (2.08e+00 2.01e+00) XE:2.01e-01 (1.28e+00 1.26e+00 | 6.60e-01 6.61e-01)	6.460634e+00 4.946612e+00 : 8.148032e-01
7548(1003) (1.98e+00 2.01e+00) XE:2.01e-01 (1.29e+00 1.26e+00 | 6.74e-01 6.61e-01)	6.460904e+00 4.946728e+00 : 8.148308e-01
7572(999) (2.23e+00 2.01e+00) XE:2.01e-01 (1.28e+00 1.26e+00 | 7.18e-01 6.61e-01)	6.460787e+00 4.946474e+00 : 8.148044e-01
7595(1015) (1.69e+00 2.01e+00) XE:2.01e-01 (1.28e+00 1.26e+00 | 7.16e-01 6.61e-01)	6.460887e+00 4.946666e+00 : 8.148252e-01
7618(1002) (2.12e+00 2.01e+00) XE:2.01e-01 (1.24e+00 1.26e+00 | 5.97e-01 6.61e-01)	6.460796e+00 4.946658e+00 : 8.148181e-01
7641(998) (2.14e+00 2.01e+00) XE:2.01e-01 (1.26e+00 1.26e+00 | 6.30e-01 6.61e-01)	6.460692e+00 4.946595e+00 : 8.148062e-01
7665(1001) (2.18e+00 2.01e+00) XE:2.01e-01 (1.27e+00 1.26e+00 | 6.92e-01 6.61e-01)	6.460817e+00 4.946430e+00 : 8.148034e-01
7688(1008) (1.98e+00 2.01e+00) XE:2.01e-01 (1.23e+00 1.26e+00 | 7.65e-01 6.61e-01)	6.460905e+00 4.946653e+00 : 8.148256e-01
7711(990) (2.03e+00 2.01e+00) XE:2.01e-01 (1.25e+00 1.26e+00 | 6.48e-01 6.61e-01)	6.460773e+00 4.946370e+00 : 8.147959e-01
7734(1003) (2.06e+00 2.01e+00) XE:2.01e-01 (1.23e+00 1.26e+00 | 6.34e-01 6.61e-01)	6.460771e+00 4.946620e+00 : 8.148137e-01
7757(1005) (1.80e+00 2.01e+00) XE:2.01e-01 (1.27e+00 1.26e+00 | 6.86e-01 6.61e-01)	6.460420e+00 4.946555e+00 : 8.147839e-01
7781(987) (2.15e+00 2.01e+00) XE:2.01e-01 (1.26e+00 1.26e+00 | 6.30e-01 6.61e-01)	6.460201e+00 4.946462e+00 : 8.147616e-01
7804(1000) (2.17e+00 2.01e+00) XE:2.01e-01 (1.25e+00 1.26e+00 | 6.46e-01 6.61e-01)	6.459753e+00 4.946195e+00 : 8.147105e-01
7827(992) (1.83e+00 2.01e+00) XE:2.01e-01 (1.27e+00 1.26e+00 | 6.56e-01 6.61e-01)	6.459463e+00 4.946248e+00 : 8.146936e-01
7850(992) (2.42e+00 2.01e+00) XE:2.01e-01 (1.26e+00 1.26e+00 | 6.46e-01 6.61e-01)	6.459381e+00 4.946219e+00 : 8.146857e-01
7874(1008) (1.42e+00 2.01e+00) XE:2.01e-01 (1.27e+00 1.26e+00 | 6.72e-01 6.61e-01)	6.459470e+00 4.946218e+00 : 8.146920e-01
7897(1001) (2.17e+00 2.01e+00) XE:2.01e-01 (1.24e+00 1.26e+00 | 6.30e-01 6.61e-01)	6.459312e+00 4.946215e+00 : 8.146806e-01
7920(999) (1.49e+00 2.01e+00) XE:2.01e-01 (1.27e+00 1.26e+00 | 6.62e-01 6.61e-01)	6.459619e+00 4.946314e+00 : 8.147095e-01
7943(1007) (1.62e+00 2.01e+00) XE:2.01e-01 (1.25e+00 1.26e+00 | 6.90e-01 6.61e-01)	6.459479e+00 4.946186e+00 : 8.146904e-01
7966(990) (2.05e+00 2.01e+00) XE:2.01e-01 (1.24e+00 1.26e+00 | 6.94e-01 6.61e-01)	6.459369e+00 4.946048e+00 : 8.146727e-01
7990(999) (1.88e+00 2.01e+00) XE:2.01e-01 (1.29e+00 1.26e+00 | 6.74e-01 6.61e-01)	6.459217e+00 4.945812e+00 : 8.146449e-01
8013(1011) (1.81e+00 2.01e+00) XE:2.01e-01 (1.27e+00 1.26e+00 | 6.84e-01 6.61e-01)	6.459089e+00 4.945633e+00 : 8.146230e-01
8036(991) (1.52e+00 2.01e+00) XE:2.01e-01 (1.27e+00 1.26e+00 | 6.80e-01 6.61e-01)	6.458711e+00 4.945336e+00 : 8.145748e-01
8059(1006) (2.28e+00 2.01e+00) XE:2.01e-01 (1.26e+00 1.26e+00 | 6.94e-01 6.61e-01)	6.458636e+00 4.945156e+00 : 8.145565e-01
8082(993) (1.90e+00 2.01e+00) XE:2.01e-01 (1.24e+00 1.26e+00 | 6.90e-01 6.61e-01)	6.458729e+00 4.945259e+00 : 8.145706e-01
8106(989) (2.00e+00 2.01e+00) XE:2.01e-01 (1.26e+00 1.26e+00 | 6.48e-01 6.61e-01)	6.458326e+00 4.945148e+00 : 8.145338e-01
8129(988) (2.08e+00 2.01e+00) XE:2.01e-01 (1.28e+00 1.26e+00 | 7.45e-01 6.61e-01)	6.457938e+00 4.945131e+00 : 8.145049e-01
8152(1020) (2.12e+00 2.01e+00) XE:2.01e-01 (1.27e+00 1.26e+00 | 7.27e-01 6.61e-01)	6.457825e+00 4.944939e+00 : 8.144832e-01
8175(1013) (2.08e+00 2.01e+00) XE:2.01e-01 (1.24e+00 1.26e+00 | 6.28e-01 6.61e-01)	6.457769e+00 4.944917e+00 : 8.144776e-01
8199(1006) (1.71e+00 2.01e+00) XE:2.01e-01 (1.24e+00 1.26e+00 | 6.05e-01 6.61e-01)	6.457449e+00 4.944477e+00 : 8.144233e-01
8222(1014) (1.64e+00 2.01e+00) XE:2.01e-01 (1.29e+00 1.26e+00 | 6.72e-01 6.61e-01)	6.457409e+00 4.944464e+00 : 8.144195e-01
8245(998) (2.29e+00 2.01e+00) XE:2.01e-01 (1.28e+00 1.26e+00 | 6.68e-01 6.61e-01)	6.457165e+00 4.944299e+00 : 8.143903e-01
8268(990) (1.88e+00 2.01e+00) XE:2.01e-01 (1.25e+00 1.26e+00 | 6.56e-01 6.61e-01)	6.456991e+00 4.944168e+00 : 8.143685e-01
8292(998) (2.03e+00 2.01e+00) XE:2.01e-01 (1.24e+00 1.26e+00 | 6.30e-01 6.61e-01)	6.456932e+00 4.944254e+00 : 8.143704e-01
8315(1004) (2.00e+00 2.01e+00) XE:2.01e-01 (1.27e+00 1.26e+00 | 5.77e-01 6.61e-01)	6.456790e+00 4.944173e+00 : 8.143545e-01
8338(1001) (2.17e+00 2.01e+00) XE:2.01e-01 (1.26e+00 1.26e+00 | 7.04e-01 6.61e-01)	6.456395e+00 4.944042e+00 : 8.143170e-01
8361(1013) (2.29e+00 2.01e+00) XE:2.01e-01 (1.23e+00 1.26e+00 | 6.80e-01 6.61e-01)	6.456239e+00 4.943823e+00 : 8.142901e-01
8385(1013) (1.44e+00 2.01e+00) XE:2.01e-01 (1.21e+00 1.26e+00 | 6.58e-01 6.61e-01)	6.456139e+00 4.943747e+00 : 8.142775e-01
8408(987) (2.28e+00 2.01e+00) XE:2.01e-01 (1.26e+00 1.26e+00 | 6.18e-01 6.61e-01)	6.455923e+00 4.943542e+00 : 8.142475e-01
8431(1000) (2.02e+00 2.01e+00) XE:2.01e-01 (1.24e+00 1.26e+00 | 6.14e-01 6.61e-01)	6.456006e+00 4.943553e+00 : 8.142543e-01
8454(989) (2.12e+00 2.01e+00) XE:2.01e-01 (1.27e+00 1.26e+00 | 6.03e-01 6.61e-01)	6.456221e+00 4.943361e+00 : 8.142558e-01
8478(998) (2.07e+00 2.01e+00) XE:2.01e-01 (1.29e+00 1.26e+00 | 7.02e-01 6.61e-01)	6.456345e+00 4.943398e+00 : 8.142674e-01
8501(989) (2.31e+00 2.01e+00) XE:2.01e-01 (1.25e+00 1.26e+00 | 6.62e-01 6.61e-01)	6.456222e+00 4.943339e+00 : 8.142544e-01
8524(1005) (1.93e+00 2.01e+00) XE:2.01e-01 (1.23e+00 1.26e+00 | 6.56e-01 6.61e-01)	6.456367e+00 4.943397e+00 : 8.142689e-01
8547(999) (1.97e+00 2.01e+00) XE:2.01e-01 (1.25e+00 1.26e+00 | 6.40e-01 6.61e-01)	6.456178e+00 4.943173e+00 : 8.142393e-01
8570(1008) (1.70e+00 2.01e+00) XE:2.01e-01 (1.26e+00 1.26e+00 | 6.68e-01 6.61e-01)	6.456097e+00 4.943160e+00 : 8.142326e-01
8594(1005) (1.85e+00 2.01e+00) XE:2.01e-01 (1.28e+00 1.26e+00 | 6.80e-01 6.61e-01)	6.456267e+00 4.943144e+00 : 8.142436e-01
8617(994) (1.99e+00 2.01e+00) XE:2.01e-01 (1.23e+00 1.26e+00 | 6.74e-01 6.61e-01)	6.456258e+00 4.943081e+00 : 8.142385e-01
8640(1000) (1.87e+00 2.01e+00) XE:2.01e-01 (1.30e+00 1.26e+00 | 6.88e-01 6.61e-01)	6.455905e+00 4.942888e+00 : 8.141995e-01
8663(1004) (2.21e+00 2.01e+00) XE:2.01e-01 (1.26e+00 1.26e+00 | 6.36e-01 6.61e-01)	6.456188e+00 4.943053e+00 : 8.142315e-01
8686(1005) (1.75e+00 2.01e+00) XE:2.01e-01 (1.25e+00 1.26e+00 | 6.46e-01 6.61e-01)	6.456008e+00 4.942849e+00 : 8.142040e-01
8710(1003) (2.26e+00 2.01e+00) XE:2.01e-01 (1.27e+00 1.26e+00 | 6.68e-01 6.61e-01)	6.456008e+00 4.942822e+00 : 8.142022e-01
8733(1004) (2.17e+00 2.01e+00) XE:2.01e-01 (1.28e+00 1.26e+00 | 6.18e-01 6.61e-01)	6.455852e+00 4.942573e+00 : 8.141732e-01
8756(1009) (1.85e+00 2.01e+00) XE:2.01e-01 (1.27e+00 1.26e+00 | 6.50e-01 6.61e-01)	6.455677e+00 4.942544e+00 : 8.141587e-01
8779(1002) (2.04e+00 2.01e+00) XE:2.01e-01 (1.25e+00 1.26e+00 | 5.75e-01 6.61e-01)	6.455504e+00 4.942459e+00 : 8.141402e-01
8803(990) (2.01e+00 2.01e+00) XE:2.01e-01 (1.26e+00 1.26e+00 | 6.03e-01 6.61e-01)	6.455475e+00 4.942585e+00 : 8.141471e-01
8826(996) (2.05e+00 2.01e+00) XE:2.01e-01 (1.26e+00 1.26e+00 | 6.76e-01 6.61e-01)	6.455746e+00 4.942755e+00 : 8.141786e-01
8849(1001) (1.67e+00 2.01e+00) XE:2.01e-01 (1.27e+00 1.26e+00 | 6.58e-01 6.61e-01)	6.455585e+00 4.942895e+00 : 8.141772e-01
8872(996) (2.00e+00 2.01e+00) XE:2.01e-01 (1.27e+00 1.26e+00 | 5.91e-01 6.61e-01)	6.455416e+00 4.942924e+00 : 8.141671e-01
8896(1000) (1.72e+00 2.01e+00) XE:2.01e-01 (1.22e+00 1.26e+00 | 6.82e-01 6.61e-01)	6.455300e+00 4.942924e+00 : 8.141589e-01
8919(990) (2.06e+00 2.01e+00) XE:2.01e-01 (1.24e+00 1.26e+00 | 6.18e-01 6.61e-01)	6.454919e+00 4.942806e+00 : 8.141232e-01
8942(1010) (1.68e+00 2.01e+00) XE:2.01e-01 (1.26e+00 1.26e+00 | 6.70e-01 6.61e-01)	6.454873e+00 4.942750e+00 : 8.141159e-01
8965(996) (1.91e+00 2.01e+00) XE:2.01e-01 (1.23e+00 1.26e+00 | 6.66e-01 6.61e-01)	6.454789e+00 4.942887e+00 : 8.141197e-01
8989(987) (2.50e+00 2.01e+00) XE:2.01e-01 (1.29e+00 1.26e+00 | 7.00e-01 6.61e-01)	6.454790e+00 4.942873e+00 : 8.141188e-01
9012(996) (2.09e+00 2.01e+00) XE:2.01e-01 (1.27e+00 1.26e+00 | 6.36e-01 6.61e-01)	6.454586e+00 4.942673e+00 : 8.140899e-01
9035(1015) (1.94e+00 2.01e+00) XE:2.01e-01 (1.25e+00 1.26e+00 | 6.34e-01 6.61e-01)	6.454556e+00 4.942606e+00 : 8.140830e-01
9058(1004) (1.60e+00 2.01e+00) XE:2.01e-01 (1.27e+00 1.26e+00 | 6.70e-01 6.61e-01)	6.454466e+00 4.942456e+00 : 8.140658e-01
9082(991) (2.51e+00 2.01e+00) XE:2.01e-01 (1.24e+00 1.26e+00 | 6.22e-01 6.61e-01)	6.454314e+00 4.942478e+00 : 8.140566e-01
9105(1002) (2.34e+00 2.01e+00) XE:2.01e-01 (1.25e+00 1.26e+00 | 6.98e-01 6.61e-01)	6.454177e+00 4.942403e+00 : 8.140414e-01
9128(1012) (2.11e+00 2.01e+00) XE:2.01e-01 (1.26e+00 1.26e+00 | 6.40e-01 6.61e-01)	6.454100e+00 4.942453e+00 : 8.140395e-01
9151(1006) (2.20e+00 2.01e+00) XE:2.01e-01 (1.21e+00 1.26e+00 | 5.87e-01 6.61e-01)	6.454027e+00 4.942633e+00 : 8.140472e-01
9174(1002) (2.04e+00 2.01e+00) XE:2.01e-01 (1.24e+00 1.26e+00 | 6.24e-01 6.61e-01)	6.453882e+00 4.942447e+00 : 8.140235e-01
9198(1008) (1.75e+00 2.01e+00) XE:2.01e-01 (1.24e+00 1.26e+00 | 6.66e-01 6.61e-01)	6.453801e+00 4.942494e+00 : 8.140211e-01
9221(1005) (1.47e+00 2.01e+00) XE:2.01e-01 (1.25e+00 1.26e+00 | 6.68e-01 6.61e-01)	6.453767e+00 4.942423e+00 : 8.140136e-01
9244(1000) (2.41e+00 2.01e+00) XE:2.01e-01 (1.28e+00 1.26e+00 | 7.00e-01 6.61e-01)	6.453809e+00 4.942299e+00 : 8.140077e-01
9267(994) (1.99e+00 2.01e+00) XE:2.01e-01 (1.28e+00 1.26e+00 | 6.76e-01 6.61e-01)	6.453743e+00 4.942135e+00 : 8.139913e-01
9291(1002) (2.06e+00 2.01e+00) XE:2.01e-01 (1.24e+00 1.26e+00 | 6.70e-01 6.61e-01)	6.453485e+00 4.942008e+00 : 8.139638e-01
9314(988) (1.97e+00 2.01e+00) XE:2.01e-01 (1.27e+00 1.26e+00 | 6.66e-01 6.61e-01)	6.453462e+00 4.942071e+00 : 8.139666e-01
9337(993) (1.76e+00 2.01e+00) XE:2.01e-01 (1.26e+00 1.26e+00 | 6.52e-01 6.61e-01)	6.453479e+00 4.941905e+00 : 8.139560e-01
9360(997) (1.92e+00 2.01e+00) XE:2.01e-01 (1.25e+00 1.26e+00 | 6.52e-01 6.61e-01)	6.453493e+00 4.941940e+00 : 8.139595e-01
9384(1002) (1.79e+00 2.01e+00) XE:2.01e-01 (1.25e+00 1.26e+00 | 6.16e-01 6.61e-01)	6.453592e+00 4.942092e+00 : 8.139774e-01
9407(983) (1.38e+00 2.01e+00) XE:2.01e-01 (1.26e+00 1.26e+00 | 6.76e-01 6.61e-01)	6.453334e+00 4.941801e+00 : 8.139382e-01
9430(1002) (1.77e+00 2.01e+00) XE:2.01e-01 (1.23e+00 1.26e+00 | 6.40e-01 6.61e-01)	6.453207e+00 4.941685e+00 : 8.139209e-01
9453(1014) (1.85e+00 2.01e+00) XE:2.01e-01 (1.26e+00 1.26e+00 | 6.20e-01 6.61e-01)	6.453205e+00 4.941608e+00 : 8.139152e-01
9476(1010) (1.62e+00 2.01e+00) XE:2.01e-01 (1.27e+00 1.26e+00 | 7.02e-01 6.61e-01)	6.453180e+00 4.941416e+00 : 8.138997e-01
9500(996) (2.23e+00 2.01e+00) XE:2.01e-01 (1.28e+00 1.26e+00 | 6.26e-01 6.61e-01)	6.453035e+00 4.941651e+00 : 8.139061e-01
9523(1000) (1.49e+00 2.01e+00) XE:2.01e-01 (1.28e+00 1.26e+00 | 6.94e-01 6.61e-01)	6.452924e+00 4.941513e+00 : 8.138884e-01
9546(1003) (1.88e+00 2.01e+00) XE:2.01e-01 (1.27e+00 1.26e+00 | 6.26e-01 6.61e-01)	6.452614e+00 4.941659e+00 : 8.138767e-01
9569(1012) (1.73e+00 2.01e+00) XE:2.01e-01 (1.25e+00 1.26e+00 | 6.03e-01 6.61e-01)	6.452600e+00 4.941728e+00 : 8.138806e-01
9593(993) (1.99e+00 2.01e+00) XE:2.01e-01 (1.24e+00 1.26e+00 | 5.87e-01 6.61e-01)	6.452378e+00 4.941578e+00 : 8.138540e-01
9616(1007) (1.78e+00 2.01e+00) XE:2.01e-01 (1.26e+00 1.26e+00 | 6.66e-01 6.61e-01)	6.452270e+00 4.941545e+00 : 8.138440e-01
9639(1012) (1.80e+00 2.01e+00) XE:2.01e-01 (1.25e+00 1.26e+00 | 6.52e-01 6.61e-01)	6.452340e+00 4.941758e+00 : 8.138641e-01
9662(1030) (2.03e+00 2.01e+00) XE:2.01e-01 (1.23e+00 1.26e+00 | 6.16e-01 6.61e-01)	6.452181e+00 4.941676e+00 : 8.138470e-01
9685(989) (2.08e+00 2.01e+00) XE:2.01e-01 (1.30e+00 1.26e+00 | 7.23e-01 6.61e-01)	6.452071e+00 4.941646e+00 : 8.138370e-01
9709(995) (2.03e+00 2.01e+00) XE:2.01e-01 (1.26e+00 1.26e+00 | 6.76e-01 6.61e-01)	6.452105e+00 4.941551e+00 : 8.138326e-01
9732(988) (2.34e+00 2.01e+00) XE:2.01e-01 (1.25e+00 1.26e+00 | 6.18e-01 6.61e-01)	6.451880e+00 4.941498e+00 : 8.138127e-01
9755(1012) (2.11e+00 2.01e+00) XE:2.01e-01 (1.28e+00 1.26e+00 | 7.37e-01 6.61e-01)	6.452001e+00 4.941380e+00 : 8.138130e-01
9778(999) (1.82e+00 2.01e+00) XE:2.01e-01 (1.23e+00 1.26e+00 | 6.74e-01 6.61e-01)	6.452003e+00 4.941373e+00 : 8.138125e-01
9801(998) (1.98e+00 2.01e+00) XE:2.01e-01 (1.27e+00 1.26e+00 | 6.86e-01 6.61e-01)	6.451943e+00 4.941357e+00 : 8.138071e-01
9825(1004) (2.11e+00 2.01e+00) XE:2.01e-01 (1.26e+00 1.26e+00 | 6.46e-01 6.61e-01)	6.451850e+00 4.941391e+00 : 8.138030e-01
9848(991) (2.17e+00 2.01e+00) XE:2.01e-01 (1.25e+00 1.26e+00 | 6.88e-01 6.61e-01)	6.451355e+00 4.941302e+00 : 8.137612e-01
9871(1009) (1.82e+00 2.01e+00) XE:2.01e-01 (1.21e+00 1.26e+00 | 6.40e-01 6.61e-01)	6.451215e+00 4.941409e+00 : 8.137589e-01
9894(1004) (1.95e+00 2.01e+00) XE:2.01e-01 (1.25e+00 1.26e+00 | 7.14e-01 6.61e-01)	6.451252e+00 4.941446e+00 : 8.137641e-01
9917(999) (2.04e+00 2.01e+00) XE:2.01e-01 (1.25e+00 1.26e+00 | 6.07e-01 6.61e-01)	6.451257e+00 4.941325e+00 : 8.137558e-01
9941(1001) (2.23e+00 2.01e+00) XE:2.01e-01 (1.25e+00 1.26e+00 | 6.38e-01 6.61e-01)	6.451263e+00 4.941230e+00 : 8.137495e-01
9964(1003) (1.78e+00 2.01e+00) XE:2.01e-01 (1.26e+00 1.26e+00 | 7.35e-01 6.61e-01)	6.451356e+00 4.941206e+00 : 8.137545e-01
9987(1008) (1.63e+00 2.01e+00) XE:2.01e-01 (1.28e+00 1.26e+00 | 6.90e-01 6.61e-01)	6.451283e+00 4.941151e+00 : 8.137453e-01
10000(1013) (2.18e+00 2.01e+00) XE:2.01e-01 (1.25e+00 1.26e+00 | 6.28e-01 6.61e-01)	6.451136e+00 4.941331e+00 : 8.137477e-01
RL cnt: 0,6103664,1608575,202338,15543,0,0,0,0,0,0,0,0,0,0,0,
BL cnt: 0,0,0,0,0,0,92340,0,1453910,0,6817389,0,1453898,0,92463,0,0,0,0,0,0,
6.451136e+00 4.941331e+00 : 8.137477e-01
# InnerCodebook: deleted
# NBIDSchannel: deleted
# Gtable: deleted
# FBalg4: deleted
# StatICB: deleted
