# (Pid,Ps)=(4.000000e-02,1.000000e-02) Nseg=200 WinSize=10 lmd=1 [0]
# InnerCB: ../bsearch/ICB/cmb/01/00000209.txt.bin
# Gtable:  Gtable/5/040_010.bin
# InnerCodebook: beta=5(1024) nu=2
# InnerCodebook: B(B2p)=8(256) 6(64) 
# InnerCodebook: checked CWM, EncMap, DecMap
# beta=5(1024) nu=2 N=1000 Dmax=45
# B=8,6,
# NBIDSchannel: N=1000 Q=4 Dmax=45 (Pid,Ps)=(4.000000e-02,1.000000e-02)
# FBalg4: Nseg=200 Dmax=45(w=91)
# FBalg4: Gtable: Gtable/5/040_010.bin
# Gtable: beta=5 (Pid,Ps,Ptrn)=(4.000000e-02,1.000000e-02,9.200000e-01) Pth=1.000000e-10
# Gtable: beta4p=1024 beta4pp=1048576
# Gtable::Gtable len=0 cnt=1024
# Gtable::Gtable len=1 cnt=4096
# Gtable::Gtable len=2 cnt=16384
# Gtable::Gtable len=3 cnt=65536
# Gtable::Gtable len=4 cnt=241636
# Gtable::Gtable len=5 cnt=810652
# Gtable::Gtable len=6 cnt=1541824
# Gtable::Gtable len=7 cnt=2116924
# Gtable::Gtable len=8 cnt=1264036
# Gtable::Gtable len=9 cnt=104812
# Gtable::Gtable len=10 cnt=31744
# FBalg4: beta=5(1024) (Pid,Ps)=(4.000000e-02,1.000000e-02) Pth=1.000000e-10 N=1000
# StatICB: nu=2 beta=5 beta4p=1024 Bsum=14 lmd=1
# StatICB: B=8,6,
0019(994) (2.34e+00 2.24e+00) XE:2.24e-01 (1.23e+00 1.26e+00 | 6.54e-01 6.66e-01)	7.379723e+00 5.596506e+00 : 9.268735e-01
0039(1009) (2.20e+00 2.25e+00) XE:2.25e-01 (1.24e+00 1.26e+00 | 6.03e-01 6.65e-01)	7.236902e+00 5.408479e+00 : 9.032415e-01
0060(996) (2.32e+00 2.25e+00) XE:2.25e-01 (1.26e+00 1.26e+00 | 6.70e-01 6.61e-01)	7.118859e+00 5.317837e+00 : 8.883354e-01
0080(1008) (2.22e+00 2.23e+00) XE:2.23e-01 (1.30e+00 1.26e+00 | 7.08e-01 6.61e-01)	7.040770e+00 5.252188e+00 : 8.780685e-01
0100(989) (2.21e+00 2.24e+00) XE:2.24e-01 (1.26e+00 1.26e+00 | 6.84e-01 6.60e-01)	6.977367e+00 5.198400e+00 : 8.696977e-01
0120(984) (2.55e+00 2.24e+00) XE:2.24e-01 (1.23e+00 1.26e+00 | 6.44e-01 6.61e-01)	6.910108e+00 5.170556e+00 : 8.629046e-01
0140(992) (2.26e+00 2.23e+00) XE:2.23e-01 (1.31e+00 1.26e+00 | 6.82e-01 6.60e-01)	6.867635e+00 5.147970e+00 : 8.582575e-01
0161(1007) (2.58e+00 2.21e+00) XE:2.21e-01 (1.25e+00 1.26e+00 | 6.14e-01 6.62e-01)	6.835730e+00 5.139933e+00 : 8.554045e-01
0181(999) (2.35e+00 2.23e+00) XE:2.23e-01 (1.30e+00 1.26e+00 | 6.84e-01 6.62e-01)	6.793162e+00 5.117451e+00 : 8.507581e-01
0201(990) (2.88e+00 2.24e+00) XE:2.24e-01 (1.28e+00 1.26e+00 | 6.44e-01 6.62e-01)	6.763519e+00 5.098518e+00 : 8.472884e-01
0221(1001) (2.46e+00 2.24e+00) XE:2.24e-01 (1.23e+00 1.26e+00 | 6.38e-01 6.63e-01)	6.731145e+00 5.083639e+00 : 8.439131e-01
0241(993) (2.25e+00 2.24e+00) XE:2.24e-01 (1.25e+00 1.26e+00 | 6.50e-01 6.62e-01)	6.712413e+00 5.070156e+00 : 8.416121e-01
0262(1001) (2.14e+00 2.24e+00) XE:2.24e-01 (1.25e+00 1.26e+00 | 7.23e-01 6.61e-01)	6.692078e+00 5.059761e+00 : 8.394171e-01
0282(999) (2.27e+00 2.24e+00) XE:2.24e-01 (1.27e+00 1.26e+00 | 6.78e-01 6.62e-01)	6.669703e+00 5.053156e+00 : 8.373471e-01
0302(988) (2.63e+00 2.23e+00) XE:2.23e-01 (1.24e+00 1.26e+00 | 6.28e-01 6.62e-01)	6.655829e+00 5.046748e+00 : 8.358984e-01
0322(1006) (2.06e+00 2.23e+00) XE:2.23e-01 (1.25e+00 1.26e+00 | 7.10e-01 6.63e-01)	6.645366e+00 5.035720e+00 : 8.343633e-01
0342(994) (2.43e+00 2.24e+00) XE:2.24e-01 (1.25e+00 1.26e+00 | 6.90e-01 6.62e-01)	6.627160e+00 5.022309e+00 : 8.321049e-01
0362(1007) (1.79e+00 2.24e+00) XE:2.24e-01 (1.28e+00 1.26e+00 | 6.30e-01 6.62e-01)	6.615540e+00 5.013660e+00 : 8.306572e-01
0383(990) (2.15e+00 2.24e+00) XE:2.24e-01 (1.25e+00 1.26e+00 | 6.78e-01 6.62e-01)	6.605290e+00 5.004315e+00 : 8.292574e-01
0403(1003) (2.43e+00 2.24e+00) XE:2.24e-01 (1.23e+00 1.26e+00 | 6.74e-01 6.62e-01)	6.592549e+00 4.993918e+00 : 8.276048e-01
0423(1001) (2.25e+00 2.24e+00) XE:2.24e-01 (1.26e+00 1.26e+00 | 6.26e-01 6.62e-01)	6.585241e+00 4.987401e+00 : 8.266173e-01
0443(989) (2.49e+00 2.24e+00) XE:2.24e-01 (1.26e+00 1.26e+00 | 6.50e-01 6.62e-01)	6.568315e+00 4.970952e+00 : 8.242333e-01
0463(1013) (1.96e+00 2.24e+00) XE:2.24e-01 (1.27e+00 1.26e+00 | 6.12e-01 6.61e-01)	6.557212e+00 4.965315e+00 : 8.230377e-01
0484(1005) (2.08e+00 2.25e+00) XE:2.25e-01 (1.25e+00 1.26e+00 | 6.38e-01 6.61e-01)	6.543847e+00 4.960143e+00 : 8.217136e-01
0504(994) (2.21e+00 2.24e+00) XE:2.24e-01 (1.27e+00 1.26e+00 | 6.82e-01 6.61e-01)	6.537670e+00 4.954251e+00 : 8.208515e-01
0524(1002) (2.51e+00 2.24e+00) XE:2.24e-01 (1.27e+00 1.26e+00 | 6.54e-01 6.61e-01)	6.531803e+00 4.949743e+00 : 8.201104e-01
0544(1015) (1.70e+00 2.24e+00) XE:2.24e-01 (1.25e+00 1.26e+00 | 6.48e-01 6.61e-01)	6.524698e+00 4.946555e+00 : 8.193752e-01
0564(991) (2.76e+00 2.24e+00) XE:2.24e-01 (1.24e+00 1.26e+00 | 6.70e-01 6.61e-01)	6.522002e+00 4.943548e+00 : 8.189679e-01
0584(990) (2.61e+00 2.24e+00) XE:2.24e-01 (1.24e+00 1.26e+00 | 6.36e-01 6.60e-01)	6.515976e+00 4.938416e+00 : 8.181708e-01
0605(985) (2.37e+00 2.24e+00) XE:2.24e-01 (1.23e+00 1.26e+00 | 5.97e-01 6.60e-01)	6.509417e+00 4.936084e+00 : 8.175358e-01
0625(998) (2.30e+00 2.24e+00) XE:2.24e-01 (1.28e+00 1.26e+00 | 7.14e-01 6.60e-01)	6.504533e+00 4.931819e+00 : 8.168823e-01
0645(995) (2.42e+00 2.24e+00) XE:2.24e-01 (1.23e+00 1.26e+00 | 6.54e-01 6.60e-01)	6.499910e+00 4.931613e+00 : 8.165373e-01
0665(1005) (2.28e+00 2.24e+00) XE:2.24e-01 (1.27e+00 1.26e+00 | 7.29e-01 6.61e-01)	6.496795e+00 4.926907e+00 : 8.159787e-01
0685(1000) (1.71e+00 2.24e+00) XE:2.24e-01 (1.24e+00 1.26e+00 | 6.70e-01 6.61e-01)	6.493350e+00 4.922915e+00 : 8.154475e-01
0706(985) (2.27e+00 2.24e+00) XE:2.24e-01 (1.24e+00 1.26e+00 | 6.92e-01 6.61e-01)	6.486291e+00 4.920544e+00 : 8.147739e-01
0726(996) (2.22e+00 2.24e+00) XE:2.24e-01 (1.25e+00 1.26e+00 | 6.94e-01 6.62e-01)	6.485620e+00 4.920525e+00 : 8.147246e-01
0746(996) (2.03e+00 2.24e+00) XE:2.24e-01 (1.27e+00 1.26e+00 | 6.58e-01 6.62e-01)	6.481586e+00 4.917859e+00 : 8.142461e-01
0766(1001) (1.89e+00 2.24e+00) XE:2.24e-01 (1.27e+00 1.26e+00 | 6.16e-01 6.62e-01)	6.474793e+00 4.917549e+00 : 8.137387e-01
0786(1003) (2.49e+00 2.24e+00) XE:2.24e-01 (1.25e+00 1.26e+00 | 5.75e-01 6.61e-01)	6.469802e+00 4.914280e+00 : 8.131487e-01
0807(1005) (2.09e+00 2.24e+00) XE:2.24e-01 (1.25e+00 1.26e+00 | 5.91e-01 6.61e-01)	6.467827e+00 4.913902e+00 : 8.129806e-01
0827(993) (2.23e+00 2.24e+00) XE:2.24e-01 (1.27e+00 1.26e+00 | 7.08e-01 6.61e-01)	6.465244e+00 4.912471e+00 : 8.126939e-01
0847(1003) (2.51e+00 2.24e+00) XE:2.24e-01 (1.29e+00 1.26e+00 | 7.04e-01 6.61e-01)	6.463811e+00 4.910019e+00 : 8.124164e-01
0867(1009) (1.64e+00 2.24e+00) XE:2.24e-01 (1.27e+00 1.26e+00 | 6.03e-01 6.61e-01)	6.461221e+00 4.906904e+00 : 8.120089e-01
0887(1018) (2.14e+00 2.24e+00) XE:2.24e-01 (1.29e+00 1.26e+00 | 6.52e-01 6.61e-01)	6.456310e+00 4.906406e+00 : 8.116225e-01
0908(1005) (1.91e+00 2.24e+00) XE:2.24e-01 (1.26e+00 1.26e+00 | 6.90e-01 6.61e-01)	6.452221e+00 4.905591e+00 : 8.112723e-01
0928(1005) (2.13e+00 2.24e+00) XE:2.24e-01 (1.28e+00 1.26e+00 | 6.62e-01 6.61e-01)	6.447413e+00 4.903909e+00 : 8.108088e-01
0948(988) (2.20e+00 2.24e+00) XE:2.24e-01 (1.24e+00 1.26e+00 | 6.42e-01 6.61e-01)	6.444685e+00 4.902942e+00 : 8.105448e-01
0968(1014) (1.91e+00 2.24e+00) XE:2.24e-01 (1.25e+00 1.26e+00 | 6.74e-01 6.61e-01)	6.442838e+00 4.899947e+00 : 8.101990e-01
0988(999) (2.20e+00 2.24e+00) XE:2.24e-01 (1.25e+00 1.26e+00 | 6.48e-01 6.61e-01)	6.439004e+00 4.899713e+00 : 8.099084e-01
1008(983) (2.51e+00 2.24e+00) XE:2.24e-01 (1.25e+00 1.26e+00 | 6.68e-01 6.60e-01)	6.436734e+00 4.898723e+00 : 8.096755e-01
1029(985) (2.44e+00 2.24e+00) XE:2.24e-01 (1.26e+00 1.26e+00 | 6.42e-01 6.60e-01)	6.433870e+00 4.898166e+00 : 8.094311e-01
1049(999) (2.79e+00 2.24e+00) XE:2.24e-01 (1.21e+00 1.26e+00 | 6.01e-01 6.60e-01)	6.428201e+00 4.893813e+00 : 8.087153e-01
1069(993) (2.34e+00 2.24e+00) XE:2.24e-01 (1.28e+00 1.26e+00 | 7.00e-01 6.60e-01)	6.425046e+00 4.890880e+00 : 8.082804e-01
1089(1002) (1.82e+00 2.24e+00) XE:2.24e-01 (1.27e+00 1.26e+00 | 7.71e-01 6.61e-01)	6.423090e+00 4.888656e+00 : 8.079818e-01
1110(998) (1.70e+00 2.24e+00) XE:2.24e-01 (1.25e+00 1.26e+00 | 7.08e-01 6.61e-01)	6.421966e+00 4.888822e+00 : 8.079134e-01
1130(999) (1.98e+00 2.24e+00) XE:2.24e-01 (1.23e+00 1.26e+00 | 6.76e-01 6.61e-01)	6.420186e+00 4.888540e+00 : 8.077662e-01
1150(988) (2.59e+00 2.24e+00) XE:2.24e-01 (1.24e+00 1.26e+00 | 6.70e-01 6.61e-01)	6.416068e+00 4.887586e+00 : 8.074039e-01
1170(1003) (2.36e+00 2.24e+00) XE:2.24e-01 (1.28e+00 1.26e+00 | 6.78e-01 6.61e-01)	6.414962e+00 4.886144e+00 : 8.072219e-01
1190(995) (1.96e+00 2.24e+00) XE:2.24e-01 (1.25e+00 1.26e+00 | 7.02e-01 6.61e-01)	6.412129e+00 4.885034e+00 : 8.069402e-01
1211(1012) (2.27e+00 2.24e+00) XE:2.24e-01 (1.25e+00 1.26e+00 | 7.31e-01 6.61e-01)	6.409289e+00 4.884963e+00 : 8.067323e-01
1231(1002) (2.12e+00 2.24e+00) XE:2.24e-01 (1.27e+00 1.26e+00 | 6.62e-01 6.61e-01)	6.406937e+00 4.882601e+00 : 8.063956e-01
1251(1019) (2.41e+00 2.25e+00) XE:2.25e-01 (1.25e+00 1.26e+00 | 6.05e-01 6.61e-01)	6.399505e+00 4.875388e+00 : 8.053495e-01
1271(999) (2.36e+00 2.25e+00) XE:2.25e-01 (1.28e+00 1.26e+00 | 6.98e-01 6.61e-01)	6.396211e+00 4.872539e+00 : 8.049107e-01
1291(1000) (1.87e+00 2.25e+00) XE:2.25e-01 (1.27e+00 1.26e+00 | 6.76e-01 6.61e-01)	6.395210e+00 4.871430e+00 : 8.047600e-01
1311(1002) (2.15e+00 2.25e+00) XE:2.25e-01 (1.27e+00 1.26e+00 | 6.52e-01 6.62e-01)	6.393154e+00 4.871017e+00 : 8.045837e-01
1332(1005) (2.10e+00 2.25e+00) XE:2.25e-01 (1.26e+00 1.26e+00 | 7.55e-01 6.62e-01)	6.391485e+00 4.870620e+00 : 8.044361e-01
1352(1001) (1.89e+00 2.25e+00) XE:2.25e-01 (1.26e+00 1.26e+00 | 6.26e-01 6.62e-01)	6.389463e+00 4.869593e+00 : 8.042182e-01
1372(1006) (2.55e+00 2.25e+00) XE:2.25e-01 (1.28e+00 1.26e+00 | 6.01e-01 6.62e-01)	6.390109e+00 4.869920e+00 : 8.042878e-01
1392(993) (2.36e+00 2.25e+00) XE:2.25e-01 (1.24e+00 1.26e+00 | 6.05e-01 6.61e-01)	6.389602e+00 4.868753e+00 : 8.041682e-01
1412(986) (2.56e+00 2.24e+00) XE:2.24e-01 (1.24e+00 1.26e+00 | 7.02e-01 6.61e-01)	6.387252e+00 4.869496e+00 : 8.040534e-01
1433(1005) (1.94e+00 2.24e+00) XE:2.24e-01 (1.25e+00 1.26e+00 | 6.74e-01 6.61e-01)	6.387689e+00 4.868496e+00 : 8.040132e-01
1453(1012) (2.10e+00 2.24e+00) XE:2.24e-01 (1.23e+00 1.26e+00 | 6.38e-01 6.61e-01)	6.385680e+00 4.867506e+00 : 8.037990e-01
1473(979) (2.66e+00 2.24e+00) XE:2.24e-01 (1.24e+00 1.26e+00 | 6.34e-01 6.61e-01)	6.384420e+00 4.867787e+00 : 8.037291e-01
1493(1000) (1.83e+00 2.24e+00) XE:2.24e-01 (1.24e+00 1.26e+00 | 6.44e-01 6.61e-01)	6.383569e+00 4.867813e+00 : 8.036702e-01
1513(993) (2.50e+00 2.25e+00) XE:2.25e-01 (1.25e+00 1.26e+00 | 7.02e-01 6.61e-01)	6.375466e+00 4.860685e+00 : 8.025822e-01
1534(1005) (2.09e+00 2.25e+00) XE:2.25e-01 (1.26e+00 1.26e+00 | 6.64e-01 6.61e-01)	6.373923e+00 4.859245e+00 : 8.023692e-01
1554(992) (2.24e+00 2.25e+00) XE:2.25e-01 (1.28e+00 1.26e+00 | 6.94e-01 6.61e-01)	6.371999e+00 4.858539e+00 : 8.021813e-01
1574(999) (1.94e+00 2.25e+00) XE:2.25e-01 (1.23e+00 1.26e+00 | 6.92e-01 6.62e-01)	6.370809e+00 4.859329e+00 : 8.021527e-01
1594(983) (2.00e+00 2.25e+00) XE:2.25e-01 (1.27e+00 1.26e+00 | 6.09e-01 6.61e-01)	6.370522e+00 4.858956e+00 : 8.021056e-01
1614(988) (2.17e+00 2.25e+00) XE:2.25e-01 (1.28e+00 1.26e+00 | 6.68e-01 6.62e-01)	6.369151e+00 4.858431e+00 : 8.019701e-01
1634(986) (2.15e+00 2.25e+00) XE:2.25e-01 (1.25e+00 1.26e+00 | 6.90e-01 6.62e-01)	6.367693e+00 4.857446e+00 : 8.017956e-01
1655(1000) (2.08e+00 2.25e+00) XE:2.25e-01 (1.27e+00 1.26e+00 | 7.53e-01 6.62e-01)	6.366592e+00 4.857028e+00 : 8.016872e-01
1675(994) (2.74e+00 2.25e+00) XE:2.25e-01 (1.26e+00 1.26e+00 | 7.25e-01 6.62e-01)	6.365427e+00 4.856827e+00 : 8.015896e-01
1695(994) (2.69e+00 2.25e+00) XE:2.25e-01 (1.27e+00 1.26e+00 | 6.05e-01 6.62e-01)	6.362912e+00 4.854378e+00 : 8.012350e-01
1715(1015) (1.74e+00 2.25e+00) XE:2.25e-01 (1.26e+00 1.26e+00 | 6.66e-01 6.62e-01)	6.362552e+00 4.854154e+00 : 8.011933e-01
1735(998) (2.02e+00 2.25e+00) XE:2.25e-01 (1.29e+00 1.26e+00 | 6.72e-01 6.62e-01)	6.361178e+00 4.853422e+00 : 8.010429e-01
1756(1007) (2.31e+00 2.25e+00) XE:2.25e-01 (1.27e+00 1.26e+00 | 6.58e-01 6.62e-01)	6.360122e+00 4.852964e+00 : 8.009347e-01
1776(999) (1.93e+00 2.25e+00) XE:2.25e-01 (1.28e+00 1.26e+00 | 6.90e-01 6.62e-01)	6.359073e+00 4.852879e+00 : 8.008537e-01
1796(1011) (1.96e+00 2.25e+00) XE:2.25e-01 (1.27e+00 1.26e+00 | 6.72e-01 6.62e-01)	6.358773e+00 4.852409e+00 : 8.007987e-01
1816(1017) (1.92e+00 2.25e+00) XE:2.25e-01 (1.26e+00 1.26e+00 | 6.32e-01 6.62e-01)	6.357039e+00 4.851853e+00 : 8.006352e-01
1836(995) (2.24e+00 2.25e+00) XE:2.25e-01 (1.24e+00 1.26e+00 | 6.22e-01 6.62e-01)	6.356361e+00 4.851149e+00 : 8.005365e-01
1856(1001) (2.46e+00 2.25e+00) XE:2.25e-01 (1.27e+00 1.26e+00 | 6.70e-01 6.62e-01)	6.354376e+00 4.850873e+00 : 8.003749e-01
1877(1003) (2.17e+00 2.25e+00) XE:2.25e-01 (1.28e+00 1.26e+00 | 7.02e-01 6.62e-01)	6.353387e+00 4.849491e+00 : 8.002055e-01
1897(1021) (1.71e+00 2.25e+00) XE:2.25e-01 (1.26e+00 1.26e+00 | 6.01e-01 6.62e-01)	6.353982e+00 4.850515e+00 : 8.003212e-01
1917(1016) (1.98e+00 2.25e+00) XE:2.25e-01 (1.27e+00 1.26e+00 | 6.80e-01 6.62e-01)	6.353541e+00 4.849826e+00 : 8.002405e-01
1937(987) (2.33e+00 2.25e+00) XE:2.25e-01 (1.29e+00 1.26e+00 | 7.04e-01 6.62e-01)	6.352590e+00 4.848818e+00 : 8.001005e-01
1957(1008) (2.10e+00 2.25e+00) XE:2.25e-01 (1.28e+00 1.26e+00 | 6.74e-01 6.62e-01)	6.352139e+00 4.848650e+00 : 8.000564e-01
1977(1007) (2.23e+00 2.24e+00) XE:2.24e-01 (1.28e+00 1.26e+00 | 6.36e-01 6.62e-01)	6.351760e+00 4.848087e+00 : 7.999891e-01
1998(995) (2.38e+00 2.25e+00) XE:2.25e-01 (1.24e+00 1.26e+00 | 6.74e-01 6.62e-01)	6.349882e+00 4.847316e+00 : 7.997999e-01
2018(1003) (2.02e+00 2.25e+00) XE:2.25e-01 (1.27e+00 1.26e+00 | 6.56e-01 6.62e-01)	6.349514e+00 4.846300e+00 : 7.997010e-01
2038(997) (2.51e+00 2.25e+00) XE:2.25e-01 (1.28e+00 1.26e+00 | 6.42e-01 6.62e-01)	6.348995e+00 4.845975e+00 : 7.996407e-01
2058(1021) (2.22e+00 2.25e+00) XE:2.25e-01 (1.28e+00 1.26e+00 | 6.74e-01 6.62e-01)	6.347394e+00 4.845088e+00 : 7.994630e-01
2078(1004) (2.57e+00 2.25e+00) XE:2.25e-01 (1.26e+00 1.26e+00 | 5.95e-01 6.62e-01)	6.346289e+00 4.844371e+00 : 7.993328e-01
2099(1004) (2.27e+00 2.25e+00) XE:2.25e-01 (1.29e+00 1.26e+00 | 6.30e-01 6.62e-01)	6.344167e+00 4.843224e+00 : 7.990994e-01
2119(993) (2.21e+00 2.25e+00) XE:2.25e-01 (1.25e+00 1.26e+00 | 7.06e-01 6.62e-01)	6.342907e+00 4.842547e+00 : 7.989610e-01
2139(998) (2.34e+00 2.25e+00) XE:2.25e-01 (1.26e+00 1.26e+00 | 6.86e-01 6.62e-01)	6.341740e+00 4.842272e+00 : 7.988580e-01
2159(1006) (2.15e+00 2.25e+00) XE:2.25e-01 (1.25e+00 1.26e+00 | 6.52e-01 6.62e-01)	6.341916e+00 4.841664e+00 : 7.988272e-01
2179(981) (2.25e+00 2.25e+00) XE:2.25e-01 (1.25e+00 1.26e+00 | 6.28e-01 6.62e-01)	6.340260e+00 4.840253e+00 : 7.986081e-01
2200(1001) (2.22e+00 2.25e+00) XE:2.25e-01 (1.22e+00 1.26e+00 | 6.26e-01 6.62e-01)	6.339929e+00 4.839923e+00 : 7.985609e-01
2220(990) (2.11e+00 2.25e+00) XE:2.25e-01 (1.24e+00 1.26e+00 | 6.86e-01 6.62e-01)	6.339472e+00 4.839720e+00 : 7.985137e-01
2240(988) (2.41e+00 2.25e+00) XE:2.25e-01 (1.26e+00 1.26e+00 | 7.14e-01 6.62e-01)	6.339980e+00 4.839869e+00 : 7.985607e-01
2260(1017) (2.31e+00 2.24e+00) XE:2.24e-01 (1.26e+00 1.26e+00 | 6.68e-01 6.62e-01)	6.340214e+00 4.839925e+00 : 7.985814e-01
2280(991) (2.16e+00 2.24e+00) XE:2.24e-01 (1.29e+00 1.26e+00 | 7.35e-01 6.62e-01)	6.340223e+00 4.840503e+00 : 7.986233e-01
2300(986) (2.31e+00 2.24e+00) XE:2.24e-01 (1.28e+00 1.26e+00 | 6.54e-01 6.62e-01)	6.339374e+00 4.839808e+00 : 7.985130e-01
2321(996) (2.53e+00 2.24e+00) XE:2.24e-01 (1.28e+00 1.26e+00 | 6.01e-01 6.62e-01)	6.338744e+00 4.839252e+00 : 7.984282e-01
2341(994) (2.21e+00 2.24e+00) XE:2.24e-01 (1.27e+00 1.26e+00 | 6.70e-01 6.62e-01)	6.337267e+00 4.838945e+00 : 7.983008e-01
2361(995) (2.00e+00 2.24e+00) XE:2.24e-01 (1.27e+00 1.26e+00 | 6.50e-01 6.62e-01)	6.337181e+00 4.838731e+00 : 7.982795e-01
2381(1000) (2.27e+00 2.24e+00) XE:2.24e-01 (1.27e+00 1.26e+00 | 7.04e-01 6.62e-01)	6.336466e+00 4.838715e+00 : 7.982272e-01
2401(998) (1.88e+00 2.24e+00) XE:2.24e-01 (1.27e+00 1.26e+00 | 7.06e-01 6.62e-01)	6.336335e+00 4.838438e+00 : 7.981980e-01
2422(1013) (1.79e+00 2.24e+00) XE:2.24e-01 (1.26e+00 1.26e+00 | 6.82e-01 6.62e-01)	6.334857e+00 4.837590e+00 : 7.980319e-01
2442(998) (2.05e+00 2.24e+00) XE:2.24e-01 (1.24e+00 1.26e+00 | 7.10e-01 6.62e-01)	6.335078e+00 4.837524e+00 : 7.980430e-01
2462(993) (2.64e+00 2.24e+00) XE:2.24e-01 (1.25e+00 1.26e+00 | 6.09e-01 6.62e-01)	6.334880e+00 4.837412e+00 : 7.980209e-01
2482(1004) (1.95e+00 2.24e+00) XE:2.24e-01 (1.25e+00 1.26e+00 | 5.89e-01 6.62e-01)	6.334713e+00 4.837116e+00 : 7.979878e-01
2502(1009) (2.08e+00 2.24e+00) XE:2.24e-01 (1.26e+00 1.26e+00 | 6.50e-01 6.62e-01)	6.334085e+00 4.837309e+00 : 7.979567e-01
2522(998) (1.70e+00 2.24e+00) XE:2.24e-01 (1.25e+00 1.26e+00 | 6.96e-01 6.62e-01)	6.333553e+00 4.837273e+00 : 7.979162e-01
2542(998) (1.85e+00 2.24e+00) XE:2.24e-01 (1.27e+00 1.26e+00 | 6.52e-01 6.62e-01)	6.333190e+00 4.836513e+00 : 7.978360e-01
2563(986) (1.99e+00 2.24e+00) XE:2.24e-01 (1.28e+00 1.26e+00 | 6.58e-01 6.62e-01)	6.332397e+00 4.835970e+00 : 7.977405e-01
2583(1000) (2.70e+00 2.24e+00) XE:2.24e-01 (1.25e+00 1.26e+00 | 6.22e-01 6.62e-01)	6.331032e+00 4.835583e+00 : 7.976153e-01
2603(999) (2.12e+00 2.24e+00) XE:2.24e-01 (1.30e+00 1.26e+00 | 6.44e-01 6.62e-01)	6.330380e+00 4.835201e+00 : 7.975415e-01
2623(989) (2.06e+00 2.24e+00) XE:2.24e-01 (1.22e+00 1.26e+00 | 6.60e-01 6.62e-01)	6.329867e+00 4.835366e+00 : 7.975166e-01
2643(1011) (2.79e+00 2.24e+00) XE:2.24e-01 (1.28e+00 1.26e+00 | 6.84e-01 6.62e-01)	6.329275e+00 4.834691e+00 : 7.974262e-01
2663(1011) (1.94e+00 2.24e+00) XE:2.24e-01 (1.28e+00 1.26e+00 | 7.06e-01 6.62e-01)	6.329079e+00 4.835298e+00 : 7.974555e-01
2684(994) (2.32e+00 2.24e+00) XE:2.24e-01 (1.26e+00 1.26e+00 | 6.46e-01 6.62e-01)	6.328733e+00 4.834804e+00 : 7.973955e-01
2704(1005) (2.25e+00 2.24e+00) XE:2.24e-01 (1.25e+00 1.26e+00 | 6.54e-01 6.62e-01)	6.326958e+00 4.833519e+00 : 7.971769e-01
2724(1001) (2.61e+00 2.24e+00) XE:2.24e-01 (1.26e+00 1.26e+00 | 6.20e-01 6.62e-01)	6.326353e+00 4.833057e+00 : 7.971007e-01
2744(989) (2.43e+00 2.24e+00) XE:2.24e-01 (1.27e+00 1.26e+00 | 6.56e-01 6.62e-01)	6.325426e+00 4.832744e+00 : 7.970121e-01
2764(999) (1.70e+00 2.24e+00) XE:2.24e-01 (1.28e+00 1.26e+00 | 6.40e-01 6.62e-01)	6.325031e+00 4.833037e+00 : 7.970048e-01
2785(1004) (2.06e+00 2.24e+00) XE:2.24e-01 (1.27e+00 1.26e+00 | 6.09e-01 6.62e-01)	6.324298e+00 4.832829e+00 : 7.969376e-01
2805(1004) (1.79e+00 2.24e+00) XE:2.24e-01 (1.24e+00 1.26e+00 | 7.10e-01 6.62e-01)	6.324297e+00 4.833034e+00 : 7.969522e-01
2825(996) (1.84e+00 2.24e+00) XE:2.24e-01 (1.25e+00 1.26e+00 | 6.88e-01 6.62e-01)	6.323100e+00 4.832524e+00 : 7.968303e-01
2845(1003) (1.86e+00 2.24e+00) XE:2.24e-01 (1.27e+00 1.26e+00 | 6.88e-01 6.62e-01)	6.323004e+00 4.832395e+00 : 7.968142e-01
2865(992) (2.47e+00 2.24e+00) XE:2.24e-01 (1.24e+00 1.26e+00 | 6.54e-01 6.62e-01)	6.322534e+00 4.831817e+00 : 7.967393e-01
2886(1009) (1.55e+00 2.24e+00) XE:2.24e-01 (1.26e+00 1.26e+00 | 6.18e-01 6.62e-01)	6.322681e+00 4.832151e+00 : 7.967737e-01
2906(1008) (2.26e+00 2.24e+00) XE:2.24e-01 (1.26e+00 1.26e+00 | 6.92e-01 6.62e-01)	6.322636e+00 4.831915e+00 : 7.967537e-01
2926(1006) (2.18e+00 2.24e+00) XE:2.24e-01 (1.25e+00 1.26e+00 | 6.76e-01 6.62e-01)	6.321889e+00 4.831370e+00 : 7.966614e-01
2946(1002) (2.21e+00 2.24e+00) XE:2.24e-01 (1.29e+00 1.26e+00 | 7.20e-01 6.62e-01)	6.322334e+00 4.831547e+00 : 7.967058e-01
2966(995) (2.11e+00 2.24e+00) XE:2.24e-01 (1.22e+00 1.26e+00 | 6.72e-01 6.62e-01)	6.321910e+00 4.831238e+00 : 7.966534e-01
2986(983) (2.61e+00 2.24e+00) XE:2.24e-01 (1.26e+00 1.26e+00 | 6.88e-01 6.62e-01)	6.320194e+00 4.829332e+00 : 7.963948e-01
3007(1015) (2.09e+00 2.24e+00) XE:2.24e-01 (1.25e+00 1.26e+00 | 6.54e-01 6.62e-01)	6.320121e+00 4.829117e+00 : 7.963742e-01
3027(1009) (2.31e+00 2.24e+00) XE:2.24e-01 (1.26e+00 1.26e+00 | 6.30e-01 6.62e-01)	6.319541e+00 4.828726e+00 : 7.963047e-01
3047(1020) (2.01e+00 2.24e+00) XE:2.24e-01 (1.25e+00 1.26e+00 | 6.78e-01 6.62e-01)	6.318991e+00 4.827966e+00 : 7.962112e-01
3067(992) (2.38e+00 2.24e+00) XE:2.24e-01 (1.26e+00 1.26e+00 | 6.86e-01 6.62e-01)	6.319084e+00 4.827816e+00 : 7.962072e-01
3087(987) (2.78e+00 2.24e+00) XE:2.24e-01 (1.26e+00 1.26e+00 | 6.82e-01 6.62e-01)	6.318722e+00 4.827340e+00 : 7.961473e-01
3107(1009) (2.38e+00 2.24e+00) XE:2.24e-01 (1.26e+00 1.26e+00 | 6.70e-01 6.62e-01)	6.318109e+00 4.826993e+00 : 7.960788e-01
3128(996) (2.14e+00 2.24e+00) XE:2.24e-01 (1.25e+00 1.26e+00 | 6.94e-01 6.62e-01)	6.318200e+00 4.826850e+00 : 7.960750e-01
3148(991) (2.83e+00 2.24e+00) XE:2.24e-01 (1.27e+00 1.26e+00 | 6.20e-01 6.62e-01)	6.317104e+00 4.826603e+00 : 7.959791e-01
3168(992) (2.17e+00 2.24e+00) XE:2.24e-01 (1.25e+00 1.26e+00 | 6.40e-01 6.62e-01)	6.316947e+00 4.826796e+00 : 7.959817e-01
3188(991) (2.56e+00 2.24e+00) XE:2.24e-01 (1.28e+00 1.26e+00 | 6.86e-01 6.62e-01)	6.315090e+00 4.825166e+00 : 7.957326e-01
3208(991) (2.44e+00 2.24e+00) XE:2.24e-01 (1.25e+00 1.26e+00 | 6.56e-01 6.62e-01)	6.314892e+00 4.824593e+00 : 7.956775e-01
3229(985) (2.67e+00 2.24e+00) XE:2.24e-01 (1.26e+00 1.26e+00 | 6.74e-01 6.62e-01)	6.314557e+00 4.824622e+00 : 7.956557e-01
3249(1011) (1.94e+00 2.24e+00) XE:2.24e-01 (1.23e+00 1.26e+00 | 6.68e-01 6.62e-01)	6.313734e+00 4.823860e+00 : 7.955424e-01
3269(989) (3.12e+00 2.24e+00) XE:2.24e-01 (1.27e+00 1.26e+00 | 6.03e-01 6.62e-01)	6.313221e+00 4.823818e+00 : 7.955027e-01
3289(993) (2.37e+00 2.24e+00) XE:2.24e-01 (1.25e+00 1.26e+00 | 6.07e-01 6.62e-01)	6.312485e+00 4.823683e+00 : 7.954406e-01
3309(1003) (2.10e+00 2.24e+00) XE:2.24e-01 (1.23e+00 1.26e+00 | 6.48e-01 6.62e-01)	6.310234e+00 4.821807e+00 : 7.951458e-01
3329(1007) (2.02e+00 2.24e+00) XE:2.24e-01 (1.26e+00 1.26e+00 | 6.46e-01 6.62e-01)	6.309322e+00 4.820970e+00 : 7.950209e-01
3350(1003) (2.41e+00 2.24e+00) XE:2.24e-01 (1.26e+00 1.26e+00 | 6.54e-01 6.62e-01)	6.308972e+00 4.820710e+00 : 7.949773e-01
3370(1009) (1.63e+00 2.24e+00) XE:2.24e-01 (1.25e+00 1.26e+00 | 6.46e-01 6.62e-01)	6.308609e+00 4.820636e+00 : 7.949460e-01
3390(1005) (2.72e+00 2.24e+00) XE:2.24e-01 (1.25e+00 1.26e+00 | 6.82e-01 6.62e-01)	6.308210e+00 4.820424e+00 : 7.949024e-01
3410(1003) (2.19e+00 2.24e+00) XE:2.24e-01 (1.26e+00 1.26e+00 | 5.71e-01 6.62e-01)	6.307813e+00 4.820467e+00 : 7.948771e-01
3430(999) (1.98e+00 2.24e+00) XE:2.24e-01 (1.25e+00 1.26e+00 | 6.54e-01 6.62e-01)	6.307522e+00 4.820235e+00 : 7.948398e-01
3451(1009) (2.28e+00 2.24e+00) XE:2.24e-01 (1.28e+00 1.26e+00 | 7.71e-01 6.62e-01)	6.307646e+00 4.819975e+00 : 7.948300e-01
3471(997) (2.28e+00 2.24e+00) XE:2.24e-01 (1.23e+00 1.26e+00 | 6.60e-01 6.62e-01)	6.306905e+00 4.819774e+00 : 7.947627e-01
3491(1018) (2.31e+00 2.24e+00) XE:2.24e-01 (1.26e+00 1.26e+00 | 7.51e-01 6.62e-01)	6.306490e+00 4.819834e+00 : 7.947374e-01
3511(990) (2.50e+00 2.24e+00) XE:2.24e-01 (1.30e+00 1.26e+00 | 7.81e-01 6.62e-01)	6.306009e+00 4.819882e+00 : 7.947065e-01
3531(1001) (2.01e+00 2.24e+00) XE:2.24e-01 (1.26e+00 1.26e+00 | 6.64e-01 6.62e-01)	6.305432e+00 4.820073e+00 : 7.946789e-01
3552(1000) (2.20e+00 2.24e+00) XE:2.24e-01 (1.27e+00 1.26e+00 | 7.23e-01 6.62e-01)	6.304804e+00 4.819897e+00 : 7.946215e-01
3572(994) (1.95e+00 2.24e+00) XE:2.24e-01 (1.26e+00 1.26e+00 | 6.18e-01 6.62e-01)	6.305552e+00 4.820702e+00 : 7.947325e-01
3592(1004) (2.48e+00 2.24e+00) XE:2.24e-01 (1.29e+00 1.26e+00 | 6.98e-01 6.62e-01)	6.305271e+00 4.820623e+00 : 7.947067e-01
3612(1002) (2.23e+00 2.24e+00) XE:2.24e-01 (1.25e+00 1.26e+00 | 6.56e-01 6.62e-01)	6.305308e+00 4.820172e+00 : 7.946771e-01
3632(1010) (3.53e+00 2.24e+00) XE:2.24e-01 (1.22e+00 1.26e+00 | 6.36e-01 6.62e-01)	6.303578e+00 4.819089e+00 : 7.944763e-01
3653(1006) (2.53e+00 2.24e+00) XE:2.24e-01 (1.26e+00 1.26e+00 | 7.43e-01 6.62e-01)	6.303221e+00 4.818837e+00 : 7.944328e-01
3673(994) (1.85e+00 2.24e+00) XE:2.24e-01 (1.23e+00 1.26e+00 | 7.41e-01 6.62e-01)	6.302726e+00 4.818828e+00 : 7.943967e-01
3693(992) (2.78e+00 2.24e+00) XE:2.24e-01 (1.30e+00 1.26e+00 | 6.40e-01 6.62e-01)	6.302337e+00 4.819090e+00 : 7.943876e-01
3713(1000) (2.28e+00 2.24e+00) XE:2.24e-01 (1.25e+00 1.26e+00 | 6.22e-01 6.62e-01)	6.302361e+00 4.819333e+00 : 7.944067e-01
3733(1000) (1.92e+00 2.24e+00) XE:2.24e-01 (1.23e+00 1.26e+00 | 6.42e-01 6.62e-01)	6.302042e+00 4.819030e+00 : 7.943623e-01
3753(1008) (1.84e+00 2.24e+00) XE:2.24e-01 (1.27e+00 1.26e+00 | 5.97e-01 6.62e-01)	6.301692e+00 4.818691e+00 : 7.943131e-01
3774(994) (2.16e+00 2.24e+00) XE:2.24e-01 (1.27e+00 1.26e+00 | 6.80e-01 6.62e-01)	6.301264e+00 4.818675e+00 : 7.942813e-01
3794(997) (2.29e+00 2.24e+00) XE:2.24e-01 (1.27e+00 1.26e+00 | 7.10e-01 6.62e-01)	6.301053e+00 4.818971e+00 : 7.942874e-01
3814(990) (1.88e+00 2.24e+00) XE:2.24e-01 (1.26e+00 1.26e+00 | 7.06e-01 6.62e-01)	6.300815e+00 4.819270e+00 : 7.942917e-01
3834(1002) (2.57e+00 2.24e+00) XE:2.24e-01 (1.31e+00 1.26e+00 | 7.14e-01 6.62e-01)	6.299540e+00 4.817961e+00 : 7.941072e-01
3854(1001) (2.54e+00 2.24e+00) XE:2.24e-01 (1.26e+00 1.26e+00 | 6.96e-01 6.62e-01)	6.299270e+00 4.817864e+00 : 7.940810e-01
3875(999) (2.13e+00 2.24e+00) XE:2.24e-01 (1.25e+00 1.26e+00 | 6.48e-01 6.62e-01)	6.299508e+00 4.817765e+00 : 7.940909e-01
3895(996) (2.42e+00 2.24e+00) XE:2.24e-01 (1.25e+00 1.26e+00 | 7.08e-01 6.62e-01)	6.299178e+00 4.817448e+00 : 7.940447e-01
3915(1012) (2.13e+00 2.24e+00) XE:2.24e-01 (1.27e+00 1.26e+00 | 6.70e-01 6.62e-01)	6.298770e+00 4.816790e+00 : 7.939686e-01
3935(995) (2.43e+00 2.24e+00) XE:2.24e-01 (1.26e+00 1.26e+00 | 6.12e-01 6.62e-01)	6.298516e+00 4.816645e+00 : 7.939400e-01
3955(1005) (2.07e+00 2.24e+00) XE:2.24e-01 (1.26e+00 1.26e+00 | 7.08e-01 6.62e-01)	6.297855e+00 4.816161e+00 : 7.938582e-01
3976(1014) (2.39e+00 2.24e+00) XE:2.24e-01 (1.26e+00 1.26e+00 | 6.42e-01 6.62e-01)	6.298057e+00 4.816286e+00 : 7.938817e-01
3996(1005) (1.97e+00 2.24e+00) XE:2.24e-01 (1.26e+00 1.26e+00 | 7.35e-01 6.62e-01)	6.297940e+00 4.816110e+00 : 7.938607e-01
4016(996) (2.45e+00 2.24e+00) XE:2.24e-01 (1.26e+00 1.26e+00 | 6.56e-01 6.62e-01)	6.297526e+00 4.816201e+00 : 7.938376e-01
4036(993) (1.89e+00 2.24e+00) XE:2.24e-01 (1.26e+00 1.26e+00 | 6.46e-01 6.62e-01)	6.297742e+00 4.816461e+00 : 7.938716e-01
4056(1000) (2.18e+00 2.24e+00) XE:2.24e-01 (1.25e+00 1.26e+00 | 7.33e-01 6.62e-01)	6.297570e+00 4.816436e+00 : 7.938576e-01
4076(985) (2.97e+00 2.24e+00) XE:2.24e-01 (1.22e+00 1.26e+00 | 6.54e-01 6.62e-01)	6.296899e+00 4.815948e+00 : 7.937748e-01
4097(998) (2.44e+00 2.24e+00) XE:2.24e-01 (1.25e+00 1.26e+00 | 7.73e-01 6.62e-01)	6.296998e+00 4.815569e+00 : 7.937548e-01
4117(1004) (1.91e+00 2.24e+00) XE:2.24e-01 (1.26e+00 1.26e+00 | 6.42e-01 6.62e-01)	6.297038e+00 4.815505e+00 : 7.937530e-01
4137(1011) (2.37e+00 2.24e+00) XE:2.24e-01 (1.26e+00 1.26e+00 | 6.80e-01 6.62e-01)	6.296694e+00 4.815699e+00 : 7.937424e-01
4157(1000) (2.22e+00 2.24e+00) XE:2.24e-01 (1.28e+00 1.26e+00 | 7.14e-01 6.62e-01)	6.296568e+00 4.815487e+00 : 7.937182e-01
4177(993) (2.18e+00 2.24e+00) XE:2.24e-01 (1.29e+00 1.26e+00 | 7.47e-01 6.62e-01)	6.296526e+00 4.815422e+00 : 7.937106e-01
4198(1000) (2.63e+00 2.24e+00) XE:2.24e-01 (1.26e+00 1.26e+00 | 6.07e-01 6.62e-01)	6.296418e+00 4.815540e+00 : 7.937112e-01
4218(997) (2.12e+00 2.24e+00) XE:2.24e-01 (1.27e+00 1.26e+00 | 6.66e-01 6.62e-01)	6.295362e+00 4.814937e+00 : 7.935927e-01
4238(1013) (2.23e+00 2.24e+00) XE:2.24e-01 (1.26e+00 1.26e+00 | 6.56e-01 6.62e-01)	6.295388e+00 4.815102e+00 : 7.936064e-01
4258(996) (2.13e+00 2.24e+00) XE:2.24e-01 (1.23e+00 1.26e+00 | 6.32e-01 6.62e-01)	6.295098e+00 4.815254e+00 : 7.935966e-01
4278(1009) (2.10e+00 2.24e+00) XE:2.24e-01 (1.28e+00 1.26e+00 | 6.42e-01 6.62e-01)	6.294906e+00 4.814867e+00 : 7.935552e-01
4298(988) (2.36e+00 2.24e+00) XE:2.24e-01 (1.25e+00 1.26e+00 | 6.80e-01 6.62e-01)	6.295025e+00 4.814881e+00 : 7.935647e-01
4319(1010) (2.21e+00 2.24e+00) XE:2.24e-01 (1.29e+00 1.26e+00 | 6.36e-01 6.62e-01)	6.294996e+00 4.815180e+00 : 7.935840e-01
4339(987) (2.77e+00 2.24e+00) XE:2.24e-01 (1.26e+00 1.26e+00 | 6.96e-01 6.62e-01)	6.294953e+00 4.815051e+00 : 7.935717e-01
4359(997) (2.14e+00 2.24e+00) XE:2.24e-01 (1.28e+00 1.26e+00 | 7.00e-01 6.62e-01)	6.294795e+00 4.815085e+00 : 7.935629e-01
4379(1000) (1.85e+00 2.24e+00) XE:2.24e-01 (1.24e+00 1.26e+00 | 6.16e-01 6.62e-01)	6.294934e+00 4.815178e+00 : 7.935794e-01
4400(982) (2.32e+00 2.24e+00) XE:2.24e-01 (1.25e+00 1.26e+00 | 6.12e-01 6.62e-01)	6.295248e+00 4.815246e+00 : 7.936067e-01
4420(976) (2.43e+00 2.24e+00) XE:2.24e-01 (1.22e+00 1.26e+00 | 6.86e-01 6.62e-01)	6.294159e+00 4.814073e+00 : 7.934451e-01
4440(1002) (2.42e+00 2.24e+00) XE:2.24e-01 (1.29e+00 1.26e+00 | 7.02e-01 6.62e-01)	6.293701e+00 4.813778e+00 : 7.933913e-01
4460(992) (2.11e+00 2.24e+00) XE:2.24e-01 (1.26e+00 1.26e+00 | 6.14e-01 6.62e-01)	6.293807e+00 4.813785e+00 : 7.933994e-01
4480(1009) (1.88e+00 2.24e+00) XE:2.24e-01 (1.24e+00 1.26e+00 | 6.05e-01 6.62e-01)	6.293180e+00 4.813326e+00 : 7.933218e-01
4501(1008) (2.07e+00 2.24e+00) XE:2.24e-01 (1.25e+00 1.26e+00 | 6.58e-01 6.62e-01)	6.293308e+00 4.813332e+00 : 7.933314e-01
4521(1002) (1.87e+00 2.24e+00) XE:2.24e-01 (1.27e+00 1.26e+00 | 6.40e-01 6.62e-01)	6.293162e+00 4.813279e+00 : 7.933172e-01
4541(1004) (1.94e+00 2.24e+00) XE:2.24e-01 (1.25e+00 1.26e+00 | 7.29e-01 6.62e-01)	6.292932e+00 4.813296e+00 : 7.933020e-01
4561(992) (1.85e+00 2.24e+00) XE:2.24e-01 (1.26e+00 1.26e+00 | 6.68e-01 6.62e-01)	6.292777e+00 4.813113e+00 : 7.932779e-01
4581(1008) (2.46e+00 2.24e+00) XE:2.24e-01 (1.28e+00 1.26e+00 | 6.48e-01 6.62e-01)	6.292733e+00 4.813004e+00 : 7.932669e-01
4601(1012) (2.12e+00 2.24e+00) XE:2.24e-01 (1.29e+00 1.26e+00 | 6.66e-01 6.62e-01)	6.293057e+00 4.813210e+00 : 7.933048e-01
4622(1001) (1.86e+00 2.24e+00) XE:2.24e-01 (1.25e+00 1.26e+00 | 6.56e-01 6.62e-01)	6.293280e+00 4.812872e+00 : 7.932966e-01
4642(1010) (2.04e+00 2.24e+00) XE:2.24e-01 (1.27e+00 1.26e+00 | 6.74e-01 6.62e-01)	6.292972e+00 4.812909e+00 : 7.932772e-01
4662(992) (2.36e+00 2.24e+00) XE:2.24e-01 (1.28e+00 1.26e+00 | 6.72e-01 6.62e-01)	6.292851e+00 4.812718e+00 : 7.932549e-01
4682(991) (2.29e+00 2.24e+00) XE:2.24e-01 (1.23e+00 1.26e+00 | 7.18e-01 6.62e-01)	6.291572e+00 4.811123e+00 : 7.930497e-01
4702(1004) (2.79e+00 2.24e+00) XE:2.24e-01 (1.27e+00 1.26e+00 | 6.72e-01 6.62e-01)	6.291106e+00 4.810175e+00 : 7.929486e-01
4722(1000) (2.43e+00 2.24e+00) XE:2.24e-01 (1.28e+00 1.26e+00 | 6.78e-01 6.62e-01)	6.290765e+00 4.810151e+00 : 7.929225e-01
4743(1004) (2.33e+00 2.24e+00) XE:2.24e-01 (1.26e+00 1.26e+00 | 6.94e-01 6.62e-01)	6.290851e+00 4.810104e+00 : 7.929254e-01
4763(1002) (1.98e+00 2.24e+00) XE:2.24e-01 (1.28e+00 1.26e+00 | 7.41e-01 6.62e-01)	6.289811e+00 4.809616e+00 : 7.928162e-01
4783(1001) (2.39e+00 2.24e+00) XE:2.24e-01 (1.26e+00 1.26e+00 | 6.48e-01 6.62e-01)	6.289309e+00 4.809161e+00 : 7.927479e-01
4803(992) (2.48e+00 2.24e+00) XE:2.24e-01 (1.23e+00 1.26e+00 | 6.96e-01 6.62e-01)	6.289416e+00 4.809353e+00 : 7.927691e-01
4823(1000) (2.00e+00 2.24e+00) XE:2.24e-01 (1.26e+00 1.26e+00 | 6.72e-01 6.62e-01)	6.289553e+00 4.809151e+00 : 7.927646e-01
4844(998) (2.38e+00 2.24e+00) XE:2.24e-01 (1.27e+00 1.26e+00 | 6.58e-01 6.62e-01)	6.289225e+00 4.809059e+00 : 7.927346e-01
4864(1019) (2.11e+00 2.24e+00) XE:2.24e-01 (1.25e+00 1.26e+00 | 6.72e-01 6.62e-01)	6.289123e+00 4.809275e+00 : 7.927428e-01
4884(998) (2.16e+00 2.24e+00) XE:2.24e-01 (1.26e+00 1.26e+00 | 6.14e-01 6.62e-01)	6.289002e+00 4.809015e+00 : 7.927155e-01
4904(998) (2.56e+00 2.24e+00) XE:2.24e-01 (1.25e+00 1.26e+00 | 5.99e-01 6.62e-01)	6.288716e+00 4.808394e+00 : 7.926507e-01
4924(996) (1.87e+00 2.24e+00) XE:2.24e-01 (1.25e+00 1.26e+00 | 6.56e-01 6.62e-01)	6.288619e+00 4.808787e+00 : 7.926718e-01
4944(991) (1.99e+00 2.24e+00) XE:2.24e-01 (1.24e+00 1.26e+00 | 6.86e-01 6.62e-01)	6.288383e+00 4.808279e+00 : 7.926187e-01
4965(1008) (2.16e+00 2.24e+00) XE:2.24e-01 (1.27e+00 1.26e+00 | 6.76e-01 6.62e-01)	6.288892e+00 4.808328e+00 : 7.926586e-01
4985(1009) (2.00e+00 2.24e+00) XE:2.24e-01 (1.31e+00 1.26e+00 | 7.20e-01 6.62e-01)	6.288755e+00 4.808301e+00 : 7.926469e-01
5005(1012) (2.64e+00 2.24e+00) XE:2.24e-01 (1.26e+00 1.26e+00 | 6.07e-01 6.62e-01)	6.288449e+00 4.808193e+00 : 7.926173e-01
5025(1002) (1.79e+00 2.24e+00) XE:2.24e-01 (1.22e+00 1.26e+00 | 6.78e-01 6.62e-01)	6.288928e+00 4.808405e+00 : 7.926666e-01
5045(982) (2.21e+00 2.24e+00) XE:2.24e-01 (1.28e+00 1.26e+00 | 6.46e-01 6.62e-01)	6.288309e+00 4.808285e+00 : 7.926138e-01
5066(1014) (2.59e+00 2.24e+00) XE:2.24e-01 (1.26e+00 1.26e+00 | 6.88e-01 6.62e-01)	6.288466e+00 4.808378e+00 : 7.926317e-01
5086(1000) (1.98e+00 2.24e+00) XE:2.24e-01 (1.26e+00 1.26e+00 | 5.99e-01 6.62e-01)	6.288181e+00 4.808017e+00 : 7.925856e-01
5106(1010) (2.07e+00 2.24e+00) XE:2.24e-01 (1.30e+00 1.26e+00 | 6.62e-01 6.62e-01)	6.288131e+00 4.807852e+00 : 7.925702e-01
5126(976) (2.99e+00 2.24e+00) XE:2.24e-01 (1.25e+00 1.26e+00 | 6.86e-01 6.62e-01)	6.288143e+00 4.807754e+00 : 7.925640e-01
5146(996) (2.44e+00 2.24e+00) XE:2.24e-01 (1.25e+00 1.26e+00 | 6.64e-01 6.62e-01)	6.288076e+00 4.807753e+00 : 7.925592e-01
5166(1001) (1.93e+00 2.24e+00) XE:2.24e-01 (1.23e+00 1.26e+00 | 6.68e-01 6.62e-01)	6.287894e+00 4.807983e+00 : 7.925627e-01
5187(988) (1.99e+00 2.24e+00) XE:2.24e-01 (1.26e+00 1.26e+00 | 7.61e-01 6.62e-01)	6.288005e+00 4.807910e+00 : 7.925654e-01
5207(992) (2.30e+00 2.24e+00) XE:2.24e-01 (1.27e+00 1.26e+00 | 6.52e-01 6.62e-01)	6.287344e+00 4.807641e+00 : 7.924989e-01
5227(985) (2.83e+00 2.24e+00) XE:2.24e-01 (1.26e+00 1.26e+00 | 6.64e-01 6.62e-01)	6.286399e+00 4.807318e+00 : 7.924084e-01
5247(980) (2.35e+00 2.24e+00) XE:2.24e-01 (1.28e+00 1.26e+00 | 6.56e-01 6.62e-01)	6.284932e+00 4.806188e+00 : 7.922229e-01
5267(1003) (2.39e+00 2.24e+00) XE:2.24e-01 (1.26e+00 1.26e+00 | 6.68e-01 6.62e-01)	6.284891e+00 4.806078e+00 : 7.922121e-01
5288(988) (2.63e+00 2.24e+00) XE:2.24e-01 (1.26e+00 1.26e+00 | 5.83e-01 6.62e-01)	6.284779e+00 4.806175e+00 : 7.922110e-01
5308(1005) (2.28e+00 2.24e+00) XE:2.24e-01 (1.25e+00 1.26e+00 | 6.22e-01 6.62e-01)	6.284813e+00 4.806348e+00 : 7.922258e-01
5328(993) (2.56e+00 2.24e+00) XE:2.24e-01 (1.28e+00 1.26e+00 | 6.56e-01 6.62e-01)	6.284926e+00 4.806280e+00 : 7.922290e-01
5348(1002) (2.08e+00 2.24e+00) XE:2.24e-01 (1.28e+00 1.26e+00 | 7.02e-01 6.62e-01)	6.284884e+00 4.806300e+00 : 7.922274e-01
5368(996) (1.99e+00 2.24e+00) XE:2.24e-01 (1.22e+00 1.26e+00 | 6.66e-01 6.62e-01)	6.285119e+00 4.806127e+00 : 7.922319e-01
5388(1012) (2.16e+00 2.24e+00) XE:2.24e-01 (1.26e+00 1.26e+00 | 6.56e-01 6.62e-01)	6.284672e+00 4.805948e+00 : 7.921871e-01
5409(1001) (2.39e+00 2.24e+00) XE:2.24e-01 (1.24e+00 1.26e+00 | 7.18e-01 6.62e-01)	6.284434e+00 4.805872e+00 : 7.921647e-01
5429(1005) (2.57e+00 2.24e+00) XE:2.24e-01 (1.26e+00 1.26e+00 | 7.23e-01 6.62e-01)	6.284197e+00 4.806047e+00 : 7.921602e-01
5449(1016) (1.91e+00 2.24e+00) XE:2.24e-01 (1.22e+00 1.26e+00 | 6.86e-01 6.62e-01)	6.284623e+00 4.806101e+00 : 7.921945e-01
5469(1010) (2.24e+00 2.24e+00) XE:2.24e-01 (1.23e+00 1.26e+00 | 6.58e-01 6.62e-01)	6.284461e+00 4.805802e+00 : 7.921617e-01
5489(1015) (2.15e+00 2.24e+00) XE:2.24e-01 (1.26e+00 1.26e+00 | 6.30e-01 6.62e-01)	6.284656e+00 4.805721e+00 : 7.921698e-01
5509(994) (1.96e+00 2.24e+00) XE:2.24e-01 (1.25e+00 1.26e+00 | 6.62e-01 6.62e-01)	6.285024e+00 4.805957e+00 : 7.922129e-01
5529(996) (2.01e+00 2.24e+00) XE:2.24e-01 (1.26e+00 1.26e+00 | 6.32e-01 6.62e-01)	6.284995e+00 4.806099e+00 : 7.922210e-01
5550(1005) (2.00e+00 2.24e+00) XE:2.24e-01 (1.25e+00 1.26e+00 | 6.84e-01 6.62e-01)	6.285019e+00 4.806383e+00 : 7.922430e-01
5570(1004) (2.08e+00 2.24e+00) XE:2.24e-01 (1.25e+00 1.26e+00 | 6.42e-01 6.62e-01)	6.285076e+00 4.806261e+00 : 7.922384e-01
5590(992) (2.46e+00 2.24e+00) XE:2.24e-01 (1.26e+00 1.26e+00 | 7.16e-01 6.62e-01)	6.285227e+00 4.806357e+00 : 7.922560e-01
5610(1004) (2.12e+00 2.23e+00) XE:2.23e-01 (1.25e+00 1.26e+00 | 6.60e-01 6.62e-01)	6.285288e+00 4.806547e+00 : 7.922739e-01
5630(996) (1.76e+00 2.23e+00) XE:2.23e-01 (1.27e+00 1.26e+00 | 6.78e-01 6.62e-01)	6.285196e+00 4.806273e+00 : 7.922478e-01
5651(989) (2.28e+00 2.23e+00) XE:2.23e-01 (1.27e+00 1.26e+00 | 6.78e-01 6.62e-01)	6.284718e+00 4.806143e+00 : 7.922044e-01
5671(996) (2.35e+00 2.23e+00) XE:2.23e-01 (1.32e+00 1.26e+00 | 7.02e-01 6.62e-01)	6.284466e+00 4.806115e+00 : 7.921844e-01
5691(999) (2.07e+00 2.23e+00) XE:2.23e-01 (1.23e+00 1.26e+00 | 7.33e-01 6.62e-01)	6.284482e+00 4.805993e+00 : 7.921768e-01
5711(998) (2.58e+00 2.23e+00) XE:2.23e-01 (1.24e+00 1.26e+00 | 6.62e-01 6.62e-01)	6.284138e+00 4.805906e+00 : 7.921460e-01
5731(1000) (2.52e+00 2.23e+00) XE:2.23e-01 (1.26e+00 1.26e+00 | 6.64e-01 6.62e-01)	6.284083e+00 4.805922e+00 : 7.921432e-01
5752(1010) (2.21e+00 2.23e+00) XE:2.23e-01 (1.26e+00 1.26e+00 | 6.94e-01 6.62e-01)	6.283669e+00 4.806022e+00 : 7.921208e-01
5772(994) (2.85e+00 2.24e+00) XE:2.24e-01 (1.23e+00 1.26e+00 | 6.26e-01 6.62e-01)	6.282363e+00 4.804739e+00 : 7.919358e-01
5792(992) (2.80e+00 2.24e+00) XE:2.24e-01 (1.23e+00 1.26e+00 | 6.58e-01 6.62e-01)	6.282193e+00 4.804678e+00 : 7.919194e-01
5812(1006) (2.03e+00 2.24e+00) XE:2.24e-01 (1.27e+00 1.26e+00 | 6.68e-01 6.62e-01)	6.281871e+00 4.804511e+00 : 7.918845e-01
5832(988) (2.43e+00 2.23e+00) XE:2.23e-01 (1.24e+00 1.26e+00 | 5.81e-01 6.62e-01)	6.281783e+00 4.804798e+00 : 7.918986e-01
5852(1001) (2.29e+00 2.23e+00) XE:2.23e-01 (1.26e+00 1.26e+00 | 6.46e-01 6.62e-01)	6.281620e+00 4.804515e+00 : 7.918668e-01
5873(975) (2.41e+00 2.23e+00) XE:2.23e-01 (1.27e+00 1.26e+00 | 6.62e-01 6.62e-01)	6.281475e+00 4.804529e+00 : 7.918574e-01
5893(992) (2.18e+00 2.23e+00) XE:2.23e-01 (1.28e+00 1.26e+00 | 6.84e-01 6.62e-01)	6.281157e+00 4.804441e+00 : 7.918285e-01
5913(994) (2.20e+00 2.23e+00) XE:2.23e-01 (1.24e+00 1.26e+00 | 6.78e-01 6.62e-01)	6.281157e+00 4.804740e+00 : 7.918498e-01
5933(999) (2.42e+00 2.23e+00) XE:2.23e-01 (1.27e+00 1.26e+00 | 6.94e-01 6.62e-01)	6.281047e+00 4.804425e+00 : 7.918194e-01
5953(989) (2.12e+00 2.23e+00) XE:2.23e-01 (1.26e+00 1.26e+00 | 7.00e-01 6.62e-01)	6.280561e+00 4.804371e+00 : 7.917809e-01
5973(1001) (2.20e+00 2.23e+00) XE:2.23e-01 (1.24e+00 1.26e+00 | 6.26e-01 6.62e-01)	6.280170e+00 4.804447e+00 : 7.917583e-01
5994(999) (2.19e+00 2.23e+00) XE:2.23e-01 (1.24e+00 1.26e+00 | 6.70e-01 6.62e-01)	6.280156e+00 4.804467e+00 : 7.917588e-01
6014(1003) (1.78e+00 2.23e+00) XE:2.23e-01 (1.26e+00 1.26e+00 | 6.70e-01 6.62e-01)	6.279936e+00 4.804168e+00 : 7.917217e-01
6034(991) (2.07e+00 2.24e+00) XE:2.24e-01 (1.26e+00 1.26e+00 | 6.40e-01 6.62e-01)	6.279411e+00 4.803756e+00 : 7.916548e-01
6054(997) (2.45e+00 2.23e+00) XE:2.23e-01 (1.28e+00 1.26e+00 | 7.16e-01 6.62e-01)	6.279717e+00 4.804158e+00 : 7.917054e-01
6074(1000) (2.10e+00 2.23e+00) XE:2.23e-01 (1.26e+00 1.26e+00 | 7.16e-01 6.62e-01)	6.279585e+00 4.804439e+00 : 7.917159e-01
6095(994) (2.30e+00 2.23e+00) XE:2.23e-01 (1.29e+00 1.26e+00 | 7.14e-01 6.62e-01)	6.279410e+00 4.804417e+00 : 7.917020e-01
6115(996) (2.24e+00 2.23e+00) XE:2.23e-01 (1.21e+00 1.26e+00 | 5.63e-01 6.62e-01)	6.278981e+00 4.804246e+00 : 7.916591e-01
6135(991) (2.36e+00 2.23e+00) XE:2.23e-01 (1.25e+00 1.26e+00 | 6.32e-01 6.62e-01)	6.278895e+00 4.804274e+00 : 7.916550e-01
6155(998) (2.28e+00 2.24e+00) XE:2.24e-01 (1.24e+00 1.26e+00 | 7.00e-01 6.62e-01)	6.278531e+00 4.804095e+00 : 7.916161e-01
6175(998) (2.33e+00 2.23e+00) XE:2.23e-01 (1.28e+00 1.26e+00 | 6.58e-01 6.62e-01)	6.278718e+00 4.804001e+00 : 7.916228e-01
6196(1018) (2.31e+00 2.23e+00) XE:2.23e-01 (1.27e+00 1.26e+00 | 7.10e-01 6.62e-01)	6.278453e+00 4.803923e+00 : 7.915982e-01
6216(998) (2.00e+00 2.23e+00) XE:2.23e-01 (1.27e+00 1.26e+00 | 6.26e-01 6.62e-01)	6.278608e+00 4.803905e+00 : 7.916081e-01
6236(993) (1.88e+00 2.23e+00) XE:2.23e-01 (1.26e+00 1.26e+00 | 6.54e-01 6.62e-01)	6.278881e+00 4.803922e+00 : 7.916288e-01
6256(1016) (2.26e+00 2.23e+00) XE:2.23e-01 (1.26e+00 1.26e+00 | 6.82e-01 6.62e-01)	6.278760e+00 4.803912e+00 : 7.916195e-01
6276(1013) (2.17e+00 2.23e+00) XE:2.23e-01 (1.23e+00 1.26e+00 | 7.00e-01 6.62e-01)	6.278948e+00 4.803900e+00 : 7.916320e-01
6296(1002) (2.04e+00 2.23e+00) XE:2.23e-01 (1.26e+00 1.26e+00 | 6.76e-01 6.62e-01)	6.278407e+00 4.803889e+00 : 7.915926e-01
6316(1001) (2.14e+00 2.23e+00) XE:2.23e-01 (1.23e+00 1.26e+00 | 6.72e-01 6.62e-01)	6.278487e+00 4.803904e+00 : 7.915994e-01
6337(993) (2.34e+00 2.23e+00) XE:2.23e-01 (1.27e+00 1.26e+00 | 6.32e-01 6.62e-01)	6.278121e+00 4.803914e+00 : 7.915739e-01
6357(1003) (2.34e+00 2.23e+00) XE:2.23e-01 (1.24e+00 1.26e+00 | 6.30e-01 6.62e-01)	6.278408e+00 4.803981e+00 : 7.915992e-01
6377(996) (2.48e+00 2.23e+00) XE:2.23e-01 (1.26e+00 1.26e+00 | 6.70e-01 6.62e-01)	6.278389e+00 4.803914e+00 : 7.915931e-01
6397(1021) (1.63e+00 2.23e+00) XE:2.23e-01 (1.27e+00 1.26e+00 | 6.44e-01 6.62e-01)	6.278311e+00 4.803829e+00 : 7.915814e-01
6417(990) (2.23e+00 2.23e+00) XE:2.23e-01 (1.26e+00 1.26e+00 | 6.74e-01 6.62e-01)	6.278521e+00 4.803947e+00 : 7.916049e-01
6437(1002) (2.45e+00 2.23e+00) XE:2.23e-01 (1.25e+00 1.26e+00 | 6.60e-01 6.62e-01)	6.277835e+00 4.803517e+00 : 7.915251e-01
6458(992) (2.28e+00 2.23e+00) XE:2.23e-01 (1.25e+00 1.26e+00 | 6.24e-01 6.62e-01)	6.277564e+00 4.803222e+00 : 7.914848e-01
6478(1002) (2.11e+00 2.23e+00) XE:2.23e-01 (1.28e+00 1.26e+00 | 6.92e-01 6.62e-01)	6.277406e+00 4.803054e+00 : 7.914614e-01
6498(1011) (2.63e+00 2.23e+00) XE:2.23e-01 (1.29e+00 1.26e+00 | 6.30e-01 6.62e-01)	6.277151e+00 4.802972e+00 : 7.914374e-01
6518(992) (2.62e+00 2.23e+00) XE:2.23e-01 (1.28e+00 1.26e+00 | 6.80e-01 6.62e-01)	6.276874e+00 4.802644e+00 : 7.913942e-01
6538(988) (2.07e+00 2.23e+00) XE:2.23e-01 (1.26e+00 1.26e+00 | 6.62e-01 6.62e-01)	6.276935e+00 4.802430e+00 : 7.913832e-01
6558(1003) (1.92e+00 2.23e+00) XE:2.23e-01 (1.24e+00 1.26e+00 | 7.04e-01 6.62e-01)	6.277105e+00 4.802390e+00 : 7.913925e-01
6579(993) (2.29e+00 2.23e+00) XE:2.23e-01 (1.23e+00 1.26e+00 | 6.50e-01 6.62e-01)	6.277052e+00 4.802243e+00 : 7.913782e-01
6599(987) (2.27e+00 2.23e+00) XE:2.23e-01 (1.26e+00 1.26e+00 | 6.54e-01 6.62e-01)	6.276962e+00 4.802384e+00 : 7.913818e-01
6619(1002) (2.52e+00 2.23e+00) XE:2.23e-01 (1.26e+00 1.26e+00 | 7.04e-01 6.62e-01)	6.276969e+00 4.802322e+00 : 7.913779e-01
6639(986) (2.60e+00 2.23e+00) XE:2.23e-01 (1.26e+00 1.26e+00 | 7.35e-01 6.62e-01)	6.276889e+00 4.802205e+00 : 7.913638e-01
6659(997) (3.07e+00 2.23e+00) XE:2.23e-01 (1.28e+00 1.26e+00 | 6.12e-01 6.62e-01)	6.277009e+00 4.802343e+00 : 7.913823e-01
6679(985) (2.48e+00 2.23e+00) XE:2.23e-01 (1.24e+00 1.26e+00 | 6.78e-01 6.62e-01)	6.277025e+00 4.802288e+00 : 7.913795e-01
6700(999) (1.74e+00 2.23e+00) XE:2.23e-01 (1.25e+00 1.26e+00 | 6.30e-01 6.62e-01)	6.276958e+00 4.802188e+00 : 7.913676e-01
6720(995) (2.13e+00 2.23e+00) XE:2.23e-01 (1.27e+00 1.26e+00 | 6.20e-01 6.62e-01)	6.276639e+00 4.802117e+00 : 7.913397e-01
6740(998) (2.59e+00 2.23e+00) XE:2.23e-01 (1.27e+00 1.26e+00 | 7.41e-01 6.62e-01)	6.276562e+00 4.802053e+00 : 7.913297e-01
6760(1006) (2.10e+00 2.23e+00) XE:2.23e-01 (1.27e+00 1.26e+00 | 7.14e-01 6.62e-01)	6.276169e+00 4.801804e+00 : 7.912838e-01
6780(995) (2.11e+00 2.23e+00) XE:2.23e-01 (1.29e+00 1.26e+00 | 6.22e-01 6.62e-01)	6.276222e+00 4.801775e+00 : 7.912855e-01
6801(1007) (2.52e+00 2.23e+00) XE:2.23e-01 (1.25e+00 1.26e+00 | 6.36e-01 6.62e-01)	6.275840e+00 4.801565e+00 : 7.912432e-01
6821(1007) (1.89e+00 2.23e+00) XE:2.23e-01 (1.27e+00 1.26e+00 | 6.84e-01 6.62e-01)	6.275794e+00 4.801472e+00 : 7.912333e-01
6841(998) (1.80e+00 2.23e+00) XE:2.23e-01 (1.26e+00 1.26e+00 | 7.12e-01 6.62e-01)	6.275764e+00 4.801488e+00 : 7.912323e-01
6861(990) (2.17e+00 2.23e+00) XE:2.23e-01 (1.26e+00 1.26e+00 | 6.46e-01 6.62e-01)	6.275975e+00 4.801721e+00 : 7.912640e-01
6881(999) (2.02e+00 2.23e+00) XE:2.23e-01 (1.27e+00 1.26e+00 | 6.52e-01 6.62e-01)	6.276006e+00 4.801688e+00 : 7.912639e-01
6901(1001) (1.63e+00 2.23e+00) XE:2.23e-01 (1.27e+00 1.26e+00 | 6.50e-01 6.62e-01)	6.275749e+00 4.801613e+00 : 7.912401e-01
6922(993) (2.32e+00 2.23e+00) XE:2.23e-01 (1.25e+00 1.26e+00 | 7.02e-01 6.62e-01)	6.275524e+00 4.801734e+00 : 7.912327e-01
6942(994) (1.93e+00 2.23e+00) XE:2.23e-01 (1.26e+00 1.26e+00 | 6.50e-01 6.62e-01)	6.275453e+00 4.801762e+00 : 7.912296e-01
6962(1001) (2.36e+00 2.23e+00) XE:2.23e-01 (1.23e+00 1.26e+00 | 5.99e-01 6.62e-01)	6.275242e+00 4.801752e+00 : 7.912138e-01
6982(1003) (2.41e+00 2.23e+00) XE:2.23e-01 (1.27e+00 1.26e+00 | 6.44e-01 6.62e-01)	6.275211e+00 4.801454e+00 : 7.911904e-01
7002(1008) (2.47e+00 2.23e+00) XE:2.23e-01 (1.29e+00 1.26e+00 | 6.56e-01 6.62e-01)	6.274816e+00 4.801303e+00 : 7.911514e-01
7023(1013) (2.59e+00 2.23e+00) XE:2.23e-01 (1.22e+00 1.26e+00 | 6.18e-01 6.62e-01)	6.274674e+00 4.801332e+00 : 7.911433e-01
7043(994) (2.71e+00 2.23e+00) XE:2.23e-01 (1.26e+00 1.26e+00 | 6.56e-01 6.62e-01)	6.274520e+00 4.801034e+00 : 7.911110e-01
7063(991) (2.24e+00 2.23e+00) XE:2.23e-01 (1.27e+00 1.26e+00 | 7.71e-01 6.62e-01)	6.274465e+00 4.801295e+00 : 7.911257e-01
7083(1013) (1.73e+00 2.23e+00) XE:2.23e-01 (1.27e+00 1.26e+00 | 6.84e-01 6.62e-01)	6.274383e+00 4.801145e+00 : 7.911092e-01
7103(1018) (1.98e+00 2.23e+00) XE:2.23e-01 (1.25e+00 1.26e+00 | 6.30e-01 6.62e-01)	6.274315e+00 4.800992e+00 : 7.910934e-01
7123(991) (2.02e+00 2.23e+00) XE:2.23e-01 (1.29e+00 1.26e+00 | 6.66e-01 6.62e-01)	6.274377e+00 4.800855e+00 : 7.910880e-01
7143(1020) (1.65e+00 2.23e+00) XE:2.23e-01 (1.23e+00 1.26e+00 | 6.32e-01 6.62e-01)	6.274540e+00 4.800872e+00 : 7.911008e-01
7164(1007) (2.16e+00 2.23e+00) XE:2.23e-01 (1.27e+00 1.26e+00 | 6.42e-01 6.62e-01)	6.274781e+00 4.800996e+00 : 7.911269e-01
7184(1001) (2.31e+00 2.23e+00) XE:2.23e-01 (1.25e+00 1.26e+00 | 6.92e-01 6.62e-01)	6.274907e+00 4.801086e+00 : 7.911424e-01
7204(995) (2.14e+00 2.23e+00) XE:2.23e-01 (1.28e+00 1.26e+00 | 6.74e-01 6.62e-01)	6.274684e+00 4.801015e+00 : 7.911213e-01
7224(1011) (2.26e+00 2.23e+00) XE:2.23e-01 (1.25e+00 1.26e+00 | 6.54e-01 6.62e-01)	6.274843e+00 4.800982e+00 : 7.911304e-01
7244(1003) (2.10e+00 2.23e+00) XE:2.23e-01 (1.27e+00 1.26e+00 | 6.46e-01 6.62e-01)	6.274971e+00 4.800970e+00 : 7.911387e-01
7264(987) (2.42e+00 2.23e+00) XE:2.23e-01 (1.23e+00 1.26e+00 | 6.72e-01 6.62e-01)	6.274987e+00 4.801055e+00 : 7.911458e-01
7285(1000) (2.35e+00 2.23e+00) XE:2.23e-01 (1.26e+00 1.26e+00 | 6.60e-01 6.62e-01)	6.275098e+00 4.801046e+00 : 7.911531e-01
7305(1017) (1.78e+00 2.23e+00) XE:2.23e-01 (1.24e+00 1.26e+00 | 7.06e-01 6.62e-01)	6.274909e+00 4.800988e+00 : 7.911356e-01
7325(1001) (2.16e+00 2.23e+00) XE:2.23e-01 (1.27e+00 1.26e+00 | 6.82e-01 6.62e-01)	6.275009e+00 4.801145e+00 : 7.911539e-01
7345(1003) (2.10e+00 2.23e+00) XE:2.23e-01 (1.26e+00 1.26e+00 | 7.35e-01 6.62e-01)	6.274842e+00 4.800870e+00 : 7.911223e-01
7365(1000) (2.33e+00 2.23e+00) XE:2.23e-01 (1.26e+00 1.26e+00 | 7.20e-01 6.62e-01)	6.274723e+00 4.800749e+00 : 7.911052e-01
7385(1019) (2.22e+00 2.23e+00) XE:2.23e-01 (1.25e+00 1.26e+00 | 6.70e-01 6.62e-01)	6.274539e+00 4.800506e+00 : 7.910747e-01
7406(1010) (2.56e+00 2.23e+00) XE:2.23e-01 (1.23e+00 1.26e+00 | 6.32e-01 6.62e-01)	6.274473e+00 4.800233e+00 : 7.910505e-01
7426(992) (2.14e+00 2.23e+00) XE:2.23e-01 (1.27e+00 1.26e+00 | 6.66e-01 6.62e-01)	6.274283e+00 4.800148e+00 : 7.910308e-01
7446(996) (2.34e+00 2.23e+00) XE:2.23e-01 (1.26e+00 1.26e+00 | 6.84e-01 6.62e-01)	6.274071e+00 4.800443e+00 : 7.910367e-01
7466(1009) (2.13e+00 2.23e+00) XE:2.23e-01 (1.26e+00 1.26e+00 | 6.28e-01 6.62e-01)	6.274184e+00 4.800357e+00 : 7.910386e-01
7486(1001) (2.49e+00 2.23e+00) XE:2.23e-01 (1.26e+00 1.26e+00 | 5.91e-01 6.62e-01)	6.274286e+00 4.800408e+00 : 7.910496e-01
7506(1001) (2.07e+00 2.23e+00) XE:2.23e-01 (1.27e+00 1.26e+00 | 5.85e-01 6.62e-01)	6.274293e+00 4.800628e+00 : 7.910658e-01
7527(992) (2.47e+00 2.23e+00) XE:2.23e-01 (1.25e+00 1.26e+00 | 6.64e-01 6.62e-01)	6.274232e+00 4.800716e+00 : 7.910677e-01
7547(995) (2.37e+00 2.23e+00) XE:2.23e-01 (1.26e+00 1.26e+00 | 6.26e-01 6.62e-01)	6.274121e+00 4.800828e+00 : 7.910678e-01
7567(1007) (1.83e+00 2.23e+00) XE:2.23e-01 (1.27e+00 1.26e+00 | 5.87e-01 6.62e-01)	6.274287e+00 4.800930e+00 : 7.910869e-01
7587(992) (2.26e+00 2.23e+00) XE:2.23e-01 (1.25e+00 1.26e+00 | 6.88e-01 6.62e-01)	6.274137e+00 4.800927e+00 : 7.910760e-01
7607(1009) (2.52e+00 2.23e+00) XE:2.23e-01 (1.26e+00 1.26e+00 | 7.14e-01 6.62e-01)	6.273921e+00 4.800785e+00 : 7.910504e-01
7628(1000) (2.45e+00 2.23e+00) XE:2.23e-01 (1.34e+00 1.26e+00 | 7.00e-01 6.62e-01)	6.273992e+00 4.800944e+00 : 7.910668e-01
7648(993) (2.16e+00 2.23e+00) XE:2.23e-01 (1.27e+00 1.26e+00 | 6.88e-01 6.62e-01)	6.274079e+00 4.801127e+00 : 7.910861e-01
7668(1004) (2.22e+00 2.23e+00) XE:2.23e-01 (1.27e+00 1.26e+00 | 6.44e-01 6.62e-01)	6.274030e+00 4.801182e+00 : 7.910866e-01
7688(1005) (2.24e+00 2.23e+00) XE:2.23e-01 (1.26e+00 1.26e+00 | 6.66e-01 6.62e-01)	6.274163e+00 4.801210e+00 : 7.910980e-01
7708(1006) (2.18e+00 2.23e+00) XE:2.23e-01 (1.24e+00 1.26e+00 | 6.32e-01 6.62e-01)	6.274450e+00 4.801495e+00 : 7.911390e-01
7728(1003) (2.32e+00 2.23e+00) XE:2.23e-01 (1.25e+00 1.26e+00 | 6.42e-01 6.62e-01)	6.273806e+00 4.800919e+00 : 7.910518e-01
7749(1008) (2.08e+00 2.23e+00) XE:2.23e-01 (1.26e+00 1.26e+00 | 6.70e-01 6.62e-01)	6.273549e+00 4.800765e+00 : 7.910224e-01
7769(1005) (1.81e+00 2.23e+00) XE:2.23e-01 (1.28e+00 1.26e+00 | 6.32e-01 6.62e-01)	6.273383e+00 4.800686e+00 : 7.910049e-01
7789(994) (2.49e+00 2.23e+00) XE:2.23e-01 (1.26e+00 1.26e+00 | 6.22e-01 6.62e-01)	6.272972e+00 4.800417e+00 : 7.909564e-01
7809(989) (2.02e+00 2.23e+00) XE:2.23e-01 (1.24e+00 1.26e+00 | 7.27e-01 6.62e-01)	6.272742e+00 4.800546e+00 : 7.909491e-01
7829(1000) (2.41e+00 2.23e+00) XE:2.23e-01 (1.24e+00 1.26e+00 | 5.79e-01 6.62e-01)	6.272826e+00 4.800318e+00 : 7.909388e-01
7850(991) (2.17e+00 2.23e+00) XE:2.23e-01 (1.26e+00 1.26e+00 | 6.86e-01 6.62e-01)	6.272856e+00 4.800027e+00 : 7.909202e-01
7870(1013) (2.37e+00 2.23e+00) XE:2.23e-01 (1.26e+00 1.26e+00 | 6.01e-01 6.62e-01)	6.272325e+00 4.799520e+00 : 7.908461e-01
7890(1020) (1.96e+00 2.23e+00) XE:2.23e-01 (1.26e+00 1.26e+00 | 7.37e-01 6.62e-01)	6.272519e+00 4.799691e+00 : 7.908722e-01
7910(989) (2.39e+00 2.23e+00) XE:2.23e-01 (1.25e+00 1.26e+00 | 6.68e-01 6.62e-01)	6.272692e+00 4.799593e+00 : 7.908775e-01
7930(996) (2.87e+00 2.23e+00) XE:2.23e-01 (1.25e+00 1.26e+00 | 6.74e-01 6.62e-01)	6.272400e+00 4.799417e+00 : 7.908441e-01
7951(999) (1.91e+00 2.23e+00) XE:2.23e-01 (1.29e+00 1.26e+00 | 6.92e-01 6.62e-01)	6.271854e+00 4.798743e+00 : 7.907570e-01
7971(1000) (2.14e+00 2.23e+00) XE:2.23e-01 (1.25e+00 1.26e+00 | 5.87e-01 6.62e-01)	6.271988e+00 4.798879e+00 : 7.907762e-01
7991(999) (2.77e+00 2.23e+00) XE:2.23e-01 (1.24e+00 1.26e+00 | 6.62e-01 6.62e-01)	6.271759e+00 4.798684e+00 : 7.907459e-01
8011(1008) (2.83e+00 2.23e+00) XE:2.23e-01 (1.27e+00 1.26e+00 | 7.59e-01 6.62e-01)	6.271745e+00 4.798694e+00 : 7.907457e-01
8031(1007) (2.64e+00 2.23e+00) XE:2.23e-01 (1.22e+00 1.26e+00 | 7.16e-01 6.62e-01)	6.271542e+00 4.798662e+00 : 7.907289e-01
8051(1004) (2.62e+00 2.23e+00) XE:2.23e-01 (1.26e+00 1.26e+00 | 7.29e-01 6.62e-01)	6.271607e+00 4.798738e+00 : 7.907389e-01
8072(999) (1.94e+00 2.23e+00) XE:2.23e-01 (1.26e+00 1.26e+00 | 6.46e-01 6.62e-01)	6.271174e+00 4.798343e+00 : 7.906798e-01
8092(1013) (2.20e+00 2.23e+00) XE:2.23e-01 (1.25e+00 1.26e+00 | 7.00e-01 6.62e-01)	6.271083e+00 4.798363e+00 : 7.906747e-01
8112(994) (1.88e+00 2.23e+00) XE:2.23e-01 (1.25e+00 1.26e+00 | 7.14e-01 6.62e-01)	6.271051e+00 4.798447e+00 : 7.906784e-01
8132(979) (2.38e+00 2.23e+00) XE:2.23e-01 (1.24e+00 1.26e+00 | 6.60e-01 6.62e-01)	6.270817e+00 4.798361e+00 : 7.906556e-01
8152(1011) (1.89e+00 2.23e+00) XE:2.23e-01 (1.28e+00 1.26e+00 | 6.92e-01 6.62e-01)	6.271027e+00 4.798409e+00 : 7.906740e-01
8172(993) (2.98e+00 2.23e+00) XE:2.23e-01 (1.27e+00 1.26e+00 | 6.28e-01 6.62e-01)	6.271102e+00 4.798517e+00 : 7.906870e-01
8193(1017) (2.08e+00 2.23e+00) XE:2.23e-01 (1.29e+00 1.26e+00 | 6.62e-01 6.62e-01)	6.270907e+00 4.798537e+00 : 7.906746e-01
8213(998) (2.03e+00 2.23e+00) XE:2.23e-01 (1.25e+00 1.26e+00 | 6.84e-01 6.62e-01)	6.270887e+00 4.798450e+00 : 7.906669e-01
8233(991) (2.51e+00 2.23e+00) XE:2.23e-01 (1.28e+00 1.26e+00 | 6.72e-01 6.62e-01)	6.270699e+00 4.798372e+00 : 7.906480e-01
8253(1003) (2.30e+00 2.23e+00) XE:2.23e-01 (1.26e+00 1.26e+00 | 7.14e-01 6.62e-01)	6.270506e+00 4.798410e+00 : 7.906369e-01
8273(1007) (2.01e+00 2.23e+00) XE:2.23e-01 (1.30e+00 1.26e+00 | 6.50e-01 6.62e-01)	6.270534e+00 4.798680e+00 : 7.906581e-01
8293(994) (2.09e+00 2.23e+00) XE:2.23e-01 (1.26e+00 1.26e+00 | 6.80e-01 6.62e-01)	6.270139e+00 4.798160e+00 : 7.905928e-01
8314(1007) (2.65e+00 2.23e+00) XE:2.23e-01 (1.25e+00 1.26e+00 | 6.52e-01 6.62e-01)	6.270049e+00 4.798059e+00 : 7.905791e-01
8334(996) (2.43e+00 2.23e+00) XE:2.23e-01 (1.26e+00 1.26e+00 | 6.82e-01 6.62e-01)	6.269934e+00 4.797847e+00 : 7.905558e-01
8354(987) (2.38e+00 2.23e+00) XE:2.23e-01 (1.27e+00 1.26e+00 | 6.38e-01 6.62e-01)	6.269012e+00 4.796988e+00 : 7.904286e-01
8374(1000) (2.15e+00 2.23e+00) XE:2.23e-01 (1.22e+00 1.26e+00 | 6.76e-01 6.62e-01)	6.268786e+00 4.796888e+00 : 7.904053e-01
8394(1011) (2.28e+00 2.23e+00) XE:2.23e-01 (1.26e+00 1.26e+00 | 7.59e-01 6.62e-01)	6.267977e+00 4.796101e+00 : 7.902913e-01
8415(999) (2.30e+00 2.23e+00) XE:2.23e-01 (1.25e+00 1.26e+00 | 6.46e-01 6.62e-01)	6.267815e+00 4.796180e+00 : 7.902854e-01
8435(994) (2.31e+00 2.23e+00) XE:2.23e-01 (1.30e+00 1.26e+00 | 7.51e-01 6.62e-01)	6.267687e+00 4.796066e+00 : 7.902681e-01
8455(1004) (2.78e+00 2.23e+00) XE:2.23e-01 (1.24e+00 1.26e+00 | 6.20e-01 6.62e-01)	6.267617e+00 4.796014e+00 : 7.902593e-01
8475(996) (2.19e+00 2.23e+00) XE:2.23e-01 (1.23e+00 1.26e+00 | 6.40e-01 6.62e-01)	6.267643e+00 4.795861e+00 : 7.902503e-01
8495(987) (2.31e+00 2.23e+00) XE:2.23e-01 (1.24e+00 1.26e+00 | 6.70e-01 6.62e-01)	6.267631e+00 4.795979e+00 : 7.902578e-01
8516(990) (2.37e+00 2.23e+00) XE:2.23e-01 (1.27e+00 1.26e+00 | 6.54e-01 6.62e-01)	6.267605e+00 4.796012e+00 : 7.902584e-01
8536(1006) (2.26e+00 2.23e+00) XE:2.23e-01 (1.27e+00 1.26e+00 | 6.34e-01 6.62e-01)	6.267551e+00 4.795897e+00 : 7.902462e-01
8556(995) (2.18e+00 2.23e+00) XE:2.23e-01 (1.27e+00 1.26e+00 | 6.24e-01 6.62e-01)	6.267542e+00 4.795565e+00 : 7.902219e-01
8576(1010) (1.97e+00 2.23e+00) XE:2.23e-01 (1.25e+00 1.26e+00 | 6.58e-01 6.62e-01)	6.267612e+00 4.795634e+00 : 7.902318e-01
8596(1006) (2.23e+00 2.23e+00) XE:2.23e-01 (1.25e+00 1.26e+00 | 6.40e-01 6.62e-01)	6.267222e+00 4.795510e+00 : 7.901951e-01
8616(1003) (2.31e+00 2.23e+00) XE:2.23e-01 (1.25e+00 1.26e+00 | 6.07e-01 6.62e-01)	6.267296e+00 4.795655e+00 : 7.902108e-01
8636(1006) (2.22e+00 2.23e+00) XE:2.23e-01 (1.27e+00 1.26e+00 | 6.82e-01 6.62e-01)	6.267298e+00 4.795701e+00 : 7.902142e-01
8657(999) (2.33e+00 2.23e+00) XE:2.23e-01 (1.26e+00 1.26e+00 | 6.84e-01 6.62e-01)	6.266542e+00 4.794976e+00 : 7.901084e-01
8677(984) (2.58e+00 2.23e+00) XE:2.23e-01 (1.27e+00 1.26e+00 | 6.70e-01 6.62e-01)	6.266643e+00 4.795055e+00 : 7.901213e-01
8697(988) (2.77e+00 2.23e+00) XE:2.23e-01 (1.24e+00 1.26e+00 | 6.82e-01 6.62e-01)	6.266611e+00 4.795160e+00 : 7.901265e-01
8717(1002) (1.91e+00 2.23e+00) XE:2.23e-01 (1.26e+00 1.26e+00 | 6.20e-01 6.62e-01)	6.266527e+00 4.795161e+00 : 7.901205e-01
8737(1007) (2.09e+00 2.23e+00) XE:2.23e-01 (1.26e+00 1.26e+00 | 6.64e-01 6.62e-01)	6.266255e+00 4.794871e+00 : 7.900804e-01
8758(1003) (2.66e+00 2.23e+00) XE:2.23e-01 (1.24e+00 1.26e+00 | 5.73e-01 6.62e-01)	6.266265e+00 4.794812e+00 : 7.900770e-01
8778(1004) (1.99e+00 2.23e+00) XE:2.23e-01 (1.27e+00 1.26e+00 | 7.02e-01 6.62e-01)	6.266305e+00 4.794894e+00 : 7.900856e-01
8798(1010) (1.86e+00 2.23e+00) XE:2.23e-01 (1.27e+00 1.26e+00 | 6.60e-01 6.62e-01)	6.266257e+00 4.795084e+00 : 7.900958e-01
8818(1007) (2.09e+00 2.23e+00) XE:2.23e-01 (1.24e+00 1.26e+00 | 6.24e-01 6.62e-01)	6.266313e+00 4.795256e+00 : 7.901121e-01
8838(998) (2.08e+00 2.23e+00) XE:2.23e-01 (1.28e+00 1.26e+00 | 6.92e-01 6.62e-01)	6.266408e+00 4.795200e+00 : 7.901149e-01
8858(997) (2.07e+00 2.23e+00) XE:2.23e-01 (1.25e+00 1.26e+00 | 6.46e-01 6.62e-01)	6.266274e+00 4.794902e+00 : 7.900840e-01
8879(999) (2.27e+00 2.23e+00) XE:2.23e-01 (1.31e+00 1.26e+00 | 7.29e-01 6.62e-01)	6.265998e+00 4.794848e+00 : 7.900605e-01
8899(987) (2.13e+00 2.23e+00) XE:2.23e-01 (1.25e+00 1.26e+00 | 6.36e-01 6.62e-01)	6.265959e+00 4.794962e+00 : 7.900657e-01
8919(992) (3.67e+00 2.23e+00) XE:2.23e-01 (1.26e+00 1.26e+00 | 6.68e-01 6.62e-01)	6.265661e+00 4.795075e+00 : 7.900526e-01
8939(989) (2.22e+00 2.23e+00) XE:2.23e-01 (1.28e+00 1.26e+00 | 6.50e-01 6.62e-01)	6.265673e+00 4.795086e+00 : 7.900542e-01
8959(992) (2.03e+00 2.23e+00) XE:2.23e-01 (1.25e+00 1.26e+00 | 6.60e-01 6.62e-01)	6.265637e+00 4.794931e+00 : 7.900406e-01
8980(1014) (1.95e+00 2.23e+00) XE:2.23e-01 (1.27e+00 1.26e+00 | 5.59e-01 6.62e-01)	6.265599e+00 4.794691e+00 : 7.900207e-01
9000(1002) (2.22e+00 2.23e+00) XE:2.23e-01 (1.25e+00 1.26e+00 | 6.32e-01 6.62e-01)	6.265713e+00 4.794739e+00 : 7.900322e-01
9020(1000) (2.37e+00 2.23e+00) XE:2.23e-01 (1.25e+00 1.26e+00 | 6.64e-01 6.62e-01)	6.265784e+00 4.794931e+00 : 7.900511e-01
9040(992) (2.05e+00 2.23e+00) XE:2.23e-01 (1.27e+00 1.26e+00 | 7.77e-01 6.62e-01)	6.265880e+00 4.795017e+00 : 7.900641e-01
9060(1010) (1.85e+00 2.23e+00) XE:2.23e-01 (1.24e+00 1.26e+00 | 7.12e-01 6.62e-01)	6.265617e+00 4.794935e+00 : 7.900395e-01
9080(990) (2.59e+00 2.23e+00) XE:2.23e-01 (1.26e+00 1.26e+00 | 6.70e-01 6.62e-01)	6.265615e+00 4.794893e+00 : 7.900363e-01
9101(1013) (2.31e+00 2.23e+00) XE:2.23e-01 (1.29e+00 1.26e+00 | 6.20e-01 6.62e-01)	6.265627e+00 4.794783e+00 : 7.900293e-01
9121(1007) (2.42e+00 2.23e+00) XE:2.23e-01 (1.28e+00 1.26e+00 | 6.66e-01 6.62e-01)	6.265550e+00 4.794680e+00 : 7.900165e-01
9141(995) (2.44e+00 2.23e+00) XE:2.23e-01 (1.25e+00 1.26e+00 | 6.62e-01 6.62e-01)	6.265478e+00 4.794742e+00 : 7.900157e-01
9161(987) (2.27e+00 2.23e+00) XE:2.23e-01 (1.24e+00 1.26e+00 | 6.28e-01 6.62e-01)	6.265304e+00 4.794719e+00 : 7.900016e-01
9181(1002) (2.36e+00 2.23e+00) XE:2.23e-01 (1.29e+00 1.26e+00 | 6.44e-01 6.62e-01)	6.265273e+00 4.794671e+00 : 7.899960e-01
9201(1006) (1.86e+00 2.23e+00) XE:2.23e-01 (1.26e+00 1.26e+00 | 7.02e-01 6.62e-01)	6.265491e+00 4.794733e+00 : 7.900160e-01
9222(1008) (2.46e+00 2.23e+00) XE:2.23e-01 (1.24e+00 1.26e+00 | 6.94e-01 6.62e-01)	6.265553e+00 4.794591e+00 : 7.900103e-01
9242(1023) (1.62e+00 2.23e+00) XE:2.23e-01 (1.28e+00 1.26e+00 | 6.40e-01 6.62e-01)	6.265497e+00 4.794649e+00 : 7.900104e-01
9262(991) (2.33e+00 2.23e+00) XE:2.23e-01 (1.27e+00 1.26e+00 | 7.25e-01 6.62e-01)	6.265371e+00 4.794654e+00 : 7.900018e-01
9282(1005) (2.03e+00 2.23e+00) XE:2.23e-01 (1.27e+00 1.26e+00 | 7.27e-01 6.62e-01)	6.265255e+00 4.794436e+00 : 7.899780e-01
9302(994) (2.31e+00 2.23e+00) XE:2.23e-01 (1.27e+00 1.26e+00 | 5.63e-01 6.62e-01)	6.265386e+00 4.794324e+00 : 7.899793e-01
9322(995) (2.33e+00 2.23e+00) XE:2.23e-01 (1.26e+00 1.26e+00 | 6.18e-01 6.62e-01)	6.265333e+00 4.794386e+00 : 7.899800e-01
9342(1010) (2.50e+00 2.23e+00) XE:2.23e-01 (1.27e+00 1.26e+00 | 5.73e-01 6.62e-01)	6.265314e+00 4.794361e+00 : 7.899768e-01
9363(998) (2.06e+00 2.23e+00) XE:2.23e-01 (1.23e+00 1.26e+00 | 6.12e-01 6.62e-01)	6.264985e+00 4.794278e+00 : 7.899474e-01
9383(1009) (2.10e+00 2.23e+00) XE:2.23e-01 (1.26e+00 1.26e+00 | 6.72e-01 6.62e-01)	6.264994e+00 4.794270e+00 : 7.899474e-01
9403(1009) (2.37e+00 2.23e+00) XE:2.23e-01 (1.26e+00 1.26e+00 | 7.08e-01 6.62e-01)	6.264988e+00 4.794160e+00 : 7.899391e-01
9423(991) (2.36e+00 2.23e+00) XE:2.23e-01 (1.28e+00 1.26e+00 | 6.64e-01 6.62e-01)	6.265062e+00 4.794373e+00 : 7.899596e-01
9443(1008) (2.40e+00 2.23e+00) XE:2.23e-01 (1.25e+00 1.26e+00 | 6.72e-01 6.62e-01)	6.265203e+00 4.794468e+00 : 7.899765e-01
9463(999) (2.52e+00 2.23e+00) XE:2.23e-01 (1.28e+00 1.26e+00 | 6.40e-01 6.62e-01)	6.265059e+00 4.794328e+00 : 7.899562e-01
9484(991) (1.98e+00 2.23e+00) XE:2.23e-01 (1.25e+00 1.26e+00 | 6.50e-01 6.62e-01)	6.265066e+00 4.794464e+00 : 7.899664e-01
9504(1006) (2.21e+00 2.23e+00) XE:2.23e-01 (1.27e+00 1.26e+00 | 6.58e-01 6.62e-01)	6.265072e+00 4.794377e+00 : 7.899606e-01
9524(1016) (2.23e+00 2.23e+00) XE:2.23e-01 (1.29e+00 1.26e+00 | 6.58e-01 6.62e-01)	6.265109e+00 4.794380e+00 : 7.899635e-01
9544(1018) (2.61e+00 2.23e+00) XE:2.23e-01 (1.26e+00 1.26e+00 | 6.36e-01 6.62e-01)	6.264947e+00 4.794275e+00 : 7.899444e-01
9564(1005) (2.08e+00 2.23e+00) XE:2.23e-01 (1.29e+00 1.26e+00 | 6.05e-01 6.62e-01)	6.264784e+00 4.793986e+00 : 7.899122e-01
9584(1009) (1.86e+00 2.23e+00) XE:2.23e-01 (1.24e+00 1.26e+00 | 6.62e-01 6.62e-01)	6.264743e+00 4.793722e+00 : 7.898903e-01
9605(1003) (2.30e+00 2.23e+00) XE:2.23e-01 (1.27e+00 1.26e+00 | 6.92e-01 6.62e-01)	6.264941e+00 4.793931e+00 : 7.899194e-01
9625(997) (2.44e+00 2.23e+00) XE:2.23e-01 (1.29e+00 1.26e+00 | 6.78e-01 6.62e-01)	6.264937e+00 4.793794e+00 : 7.899094e-01
9645(1018) (1.83e+00 2.23e+00) XE:2.23e-01 (1.27e+00 1.26e+00 | 6.42e-01 6.62e-01)	6.264944e+00 4.793923e+00 : 7.899191e-01
9665(992) (2.37e+00 2.23e+00) XE:2.23e-01 (1.26e+00 1.26e+00 | 6.36e-01 6.62e-01)	6.264828e+00 4.793678e+00 : 7.898933e-01
9685(988) (2.33e+00 2.23e+00) XE:2.23e-01 (1.27e+00 1.26e+00 | 6.16e-01 6.62e-01)	6.264747e+00 4.793446e+00 : 7.898710e-01
9706(997) (2.01e+00 2.23e+00) XE:2.23e-01 (1.21e+00 1.26e+00 | 6.94e-01 6.62e-01)	6.264573e+00 4.793345e+00 : 7.898513e-01
9726(1000) (2.61e+00 2.23e+00) XE:2.23e-01 (1.26e+00 1.26e+00 | 7.25e-01 6.62e-01)	6.264410e+00 4.793153e+00 : 7.898259e-01
9746(996) (2.17e+00 2.23e+00) XE:2.23e-01 (1.28e+00 1.26e+00 | 6.32e-01 6.62e-01)	6.264064e+00 4.793006e+00 : 7.897907e-01
9766(1016) (2.07e+00 2.23e+00) XE:2.23e-01 (1.24e+00 1.26e+00 | 6.16e-01 6.62e-01)	6.264040e+00 4.792982e+00 : 7.897873e-01
9786(1015) (2.46e+00 2.23e+00) XE:2.23e-01 (1.25e+00 1.26e+00 | 6.28e-01 6.62e-01)	6.263984e+00 4.793050e+00 : 7.897881e-01
9807(997) (2.45e+00 2.23e+00) XE:2.23e-01 (1.26e+00 1.26e+00 | 6.86e-01 6.62e-01)	6.263433e+00 4.792711e+00 : 7.897246e-01
9827(1000) (1.98e+00 2.23e+00) XE:2.23e-01 (1.31e+00 1.26e+00 | 7.23e-01 6.62e-01)	6.263196e+00 4.792487e+00 : 7.896917e-01
9847(1001) (1.85e+00 2.23e+00) XE:2.23e-01 (1.27e+00 1.26e+00 | 6.36e-01 6.62e-01)	6.262887e+00 4.792283e+00 : 7.896550e-01
9867(1006) (2.07e+00 2.23e+00) XE:2.23e-01 (1.26e+00 1.26e+00 | 6.72e-01 6.62e-01)	6.263025e+00 4.792304e+00 : 7.896664e-01
9887(997) (2.60e+00 2.23e+00) XE:2.23e-01 (1.26e+00 1.26e+00 | 6.98e-01 6.61e-01)	6.263152e+00 4.792304e+00 : 7.896754e-01
9907(1000) (1.71e+00 2.23e+00) XE:2.23e-01 (1.24e+00 1.26e+00 | 6.50e-01 6.62e-01)	6.263189e+00 4.792300e+00 : 7.896778e-01
9928(1013) (2.32e+00 2.23e+00) XE:2.23e-01 (1.26e+00 1.26e+00 | 6.60e-01 6.62e-01)	6.263002e+00 4.792275e+00 : 7.896627e-01
9948(992) (2.65e+00 2.23e+00) XE:2.23e-01 (1.27e+00 1.26e+00 | 7.14e-01 6.62e-01)	6.263107e+00 4.792244e+00 : 7.896679e-01
9968(999) (2.43e+00 2.23e+00) XE:2.23e-01 (1.28e+00 1.26e+00 | 6.58e-01 6.61e-01)	6.263016e+00 4.792155e+00 : 7.896551e-01
9988(1003) (2.17e+00 2.23e+00) XE:2.23e-01 (1.22e+00 1.26e+00 | 6.40e-01 6.61e-01)	6.263028e+00 4.792025e+00 : 7.896466e-01
10000(997) (2.11e+00 2.23e+00) XE:2.23e-01 (1.23e+00 1.26e+00 | 6.90e-01 6.61e-01)	6.263024e+00 4.792132e+00 : 7.896540e-01
RL cnt: 0,6103481,1607413,202627,15953,0,0,0,0,0,0,0,0,0,0,0,
BL cnt: 0,0,0,0,0,0,92640,0,1453382,0,6817230,0,1454553,0,92195,0,0,0,0,0,0,
6.263024e+00 4.792132e+00 : 7.896540e-01
# InnerCodebook: deleted
# NBIDSchannel: deleted
# Gtable: deleted
# FBalg4: deleted
# StatICB: deleted
