# (Pid,Ps)=(5.000000e-02,1.000000e-02) Nseg=200 WinSize=10 lmd=1 [0]
# InnerCB: ../bsearch/ICB/cmb/01/00000209.txt.bin
# Gtable:  Gtable/5/050_010.bin
# InnerCodebook: beta=5(1024) nu=2
# InnerCodebook: B(B2p)=8(256) 6(64) 
# InnerCodebook: checked CWM, EncMap, DecMap
# beta=5(1024) nu=2 N=1000 Dmax=55
# B=8,6,
# NBIDSchannel: N=1000 Q=4 Dmax=55 (Pid,Ps)=(5.000000e-02,1.000000e-02)
# FBalg4: Nseg=200 Dmax=55(w=111)
# FBalg4: Gtable: Gtable/5/050_010.bin
# Gtable: beta=5 (Pid,Ps,Ptrn)=(5.000000e-02,1.000000e-02,9.000000e-01) Pth=1.000000e-10
# Gtable: beta4p=1024 beta4pp=1048576
# Gtable::Gtable len=0 cnt=1024
# Gtable::Gtable len=1 cnt=4096
# Gtable::Gtable len=2 cnt=16384
# Gtable::Gtable len=3 cnt=65536
# Gtable::Gtable len=4 cnt=241636
# Gtable::Gtable len=5 cnt=828232
# Gtable::Gtable len=6 cnt=1541824
# Gtable::Gtable len=7 cnt=2773420
# Gtable::Gtable len=8 cnt=1264036
# Gtable::Gtable len=9 cnt=446308
# Gtable::Gtable len=10 cnt=31744
# FBalg4: beta=5(1024) (Pid,Ps)=(5.000000e-02,1.000000e-02) Pth=1.000000e-10 N=1000
# StatICB: nu=2 beta=5 beta4p=1024 Bsum=14 lmd=1
# StatICB: B=8,6,
0016(1001) (3.02e+00 2.64e+00) XE:2.64e-01 (1.26e+00 1.25e+00 | 7.39e-01 6.74e-01)	7.348453e+00 5.519219e+00 : 9.191194e-01
0032(991) (2.58e+00 2.63e+00) XE:2.63e-01 (1.29e+00 1.26e+00 | 6.98e-01 6.71e-01)	7.182383e+00 5.330514e+00 : 8.937783e-01
0048(1001) (2.60e+00 2.66e+00) XE:2.66e-01 (1.26e+00 1.26e+00 | 6.56e-01 6.65e-01)	7.031020e+00 5.228201e+00 : 8.756586e-01
0063(1010) (3.03e+00 2.69e+00) XE:2.69e-01 (1.26e+00 1.26e+00 | 7.69e-01 6.66e-01)	6.884441e+00 5.091792e+00 : 8.554452e-01
0079(996) (3.27e+00 2.66e+00) XE:2.66e-01 (1.21e+00 1.26e+00 | 6.66e-01 6.60e-01)	6.816191e+00 5.049090e+00 : 8.475201e-01
0095(988) (3.01e+00 2.68e+00) XE:2.68e-01 (1.27e+00 1.26e+00 | 6.74e-01 6.60e-01)	6.753113e+00 5.004523e+00 : 8.398312e-01
0111(1025) (1.88e+00 2.69e+00) XE:2.69e-01 (1.25e+00 1.26e+00 | 5.83e-01 6.60e-01)	6.683969e+00 4.952475e+00 : 8.311746e-01
0127(1005) (2.21e+00 2.69e+00) XE:2.69e-01 (1.26e+00 1.26e+00 | 6.92e-01 6.62e-01)	6.637447e+00 4.920317e+00 : 8.255546e-01
0143(995) (3.31e+00 2.69e+00) XE:2.69e-01 (1.25e+00 1.26e+00 | 6.40e-01 6.63e-01)	6.583448e+00 4.903361e+00 : 8.204864e-01
0159(996) (2.48e+00 2.67e+00) XE:2.67e-01 (1.26e+00 1.26e+00 | 6.46e-01 6.61e-01)	6.556081e+00 4.885306e+00 : 8.172419e-01
0175(988) (3.03e+00 2.68e+00) XE:2.68e-01 (1.24e+00 1.26e+00 | 6.05e-01 6.61e-01)	6.534403e+00 4.863829e+00 : 8.141594e-01
0190(987) (5.29e+00 2.70e+00) XE:2.70e-01 (1.26e+00 1.26e+00 | 7.10e-01 6.62e-01)	6.489636e+00 4.831134e+00 : 8.086264e-01
0206(996) (3.01e+00 2.70e+00) XE:2.70e-01 (1.28e+00 1.26e+00 | 6.48e-01 6.61e-01)	6.461555e+00 4.815132e+00 : 8.054776e-01
0222(996) (2.61e+00 2.71e+00) XE:2.71e-01 (1.26e+00 1.26e+00 | 6.18e-01 6.60e-01)	6.413733e+00 4.774618e+00 : 7.991679e-01
0238(987) (3.24e+00 2.71e+00) XE:2.71e-01 (1.24e+00 1.26e+00 | 7.08e-01 6.61e-01)	6.398168e+00 4.763990e+00 : 7.972971e-01
0254(998) (2.29e+00 2.72e+00) XE:2.72e-01 (1.28e+00 1.26e+00 | 6.92e-01 6.61e-01)	6.384824e+00 4.753260e+00 : 7.955774e-01
0270(1002) (2.54e+00 2.71e+00) XE:2.71e-01 (1.26e+00 1.26e+00 | 6.72e-01 6.60e-01)	6.369955e+00 4.748993e+00 : 7.942106e-01
0286(994) (3.00e+00 2.72e+00) XE:2.72e-01 (1.25e+00 1.26e+00 | 6.40e-01 6.60e-01)	6.349870e+00 4.734426e+00 : 7.917354e-01
0302(1012) (2.22e+00 2.72e+00) XE:2.72e-01 (1.26e+00 1.26e+00 | 6.28e-01 6.60e-01)	6.325505e+00 4.719421e+00 : 7.889233e-01
0317(1000) (2.78e+00 2.72e+00) XE:2.72e-01 (1.25e+00 1.26e+00 | 6.42e-01 6.60e-01)	6.313074e+00 4.716391e+00 : 7.878189e-01
0333(997) (2.47e+00 2.72e+00) XE:2.72e-01 (1.25e+00 1.26e+00 | 6.74e-01 6.61e-01)	6.302527e+00 4.709184e+00 : 7.865508e-01
0349(1000) (3.00e+00 2.72e+00) XE:2.72e-01 (1.26e+00 1.26e+00 | 6.09e-01 6.61e-01)	6.291270e+00 4.700579e+00 : 7.851320e-01
0365(1003) (2.79e+00 2.72e+00) XE:2.72e-01 (1.26e+00 1.26e+00 | 7.14e-01 6.61e-01)	6.282322e+00 4.697846e+00 : 7.842977e-01
0381(1019) (2.72e+00 2.71e+00) XE:2.71e-01 (1.23e+00 1.26e+00 | 6.20e-01 6.61e-01)	6.280481e+00 4.696397e+00 : 7.840627e-01
0397(1000) (2.25e+00 2.71e+00) XE:2.71e-01 (1.25e+00 1.26e+00 | 6.96e-01 6.62e-01)	6.266282e+00 4.685327e+00 : 7.822578e-01
0413(1010) (2.22e+00 2.71e+00) XE:2.71e-01 (1.27e+00 1.26e+00 | 6.50e-01 6.61e-01)	6.259301e+00 4.683981e+00 : 7.816630e-01
0429(1001) (3.12e+00 2.71e+00) XE:2.71e-01 (1.25e+00 1.26e+00 | 6.52e-01 6.61e-01)	6.252985e+00 4.683234e+00 : 7.811585e-01
0444(999) (2.89e+00 2.71e+00) XE:2.71e-01 (1.25e+00 1.26e+00 | 6.96e-01 6.62e-01)	6.246057e+00 4.679712e+00 : 7.804121e-01
0460(998) (2.95e+00 2.70e+00) XE:2.70e-01 (1.26e+00 1.26e+00 | 6.54e-01 6.61e-01)	6.244636e+00 4.677529e+00 : 7.801546e-01
0476(1015) (3.01e+00 2.70e+00) XE:2.70e-01 (1.30e+00 1.26e+00 | 6.82e-01 6.62e-01)	6.238052e+00 4.674217e+00 : 7.794478e-01
0492(993) (2.62e+00 2.70e+00) XE:2.70e-01 (1.26e+00 1.26e+00 | 6.52e-01 6.62e-01)	6.233845e+00 4.672884e+00 : 7.790521e-01
0508(989) (2.39e+00 2.69e+00) XE:2.69e-01 (1.25e+00 1.26e+00 | 6.32e-01 6.62e-01)	6.228593e+00 4.669052e+00 : 7.784033e-01
0524(1002) (2.56e+00 2.69e+00) XE:2.69e-01 (1.27e+00 1.26e+00 | 6.68e-01 6.62e-01)	6.224838e+00 4.667936e+00 : 7.780553e-01
0540(1003) (2.61e+00 2.69e+00) XE:2.69e-01 (1.28e+00 1.26e+00 | 6.36e-01 6.62e-01)	6.217841e+00 4.664015e+00 : 7.772755e-01
0555(998) (5.35e+00 2.69e+00) XE:2.69e-01 (1.26e+00 1.26e+00 | 6.42e-01 6.62e-01)	6.208768e+00 4.658986e+00 : 7.762682e-01
0571(1012) (2.26e+00 2.69e+00) XE:2.69e-01 (1.28e+00 1.26e+00 | 6.86e-01 6.62e-01)	6.201856e+00 4.656848e+00 : 7.756217e-01
0587(1001) (2.23e+00 2.70e+00) XE:2.70e-01 (1.27e+00 1.26e+00 | 6.05e-01 6.62e-01)	6.189718e+00 4.649520e+00 : 7.742313e-01
0603(1011) (2.80e+00 2.70e+00) XE:2.70e-01 (1.28e+00 1.26e+00 | 6.94e-01 6.62e-01)	6.185421e+00 4.647716e+00 : 7.737955e-01
0619(1003) (2.58e+00 2.69e+00) XE:2.69e-01 (1.26e+00 1.26e+00 | 6.40e-01 6.62e-01)	6.180245e+00 4.647726e+00 : 7.734265e-01
0635(1000) (2.73e+00 2.69e+00) XE:2.69e-01 (1.23e+00 1.26e+00 | 6.22e-01 6.62e-01)	6.177461e+00 4.646320e+00 : 7.731272e-01
0651(1007) (2.86e+00 2.69e+00) XE:2.69e-01 (1.24e+00 1.26e+00 | 6.64e-01 6.62e-01)	6.175579e+00 4.643930e+00 : 7.728221e-01
0667(992) (3.07e+00 2.70e+00) XE:2.70e-01 (1.27e+00 1.26e+00 | 6.84e-01 6.62e-01)	6.167000e+00 4.634399e+00 : 7.715285e-01
0682(990) (2.73e+00 2.70e+00) XE:2.70e-01 (1.26e+00 1.26e+00 | 6.32e-01 6.62e-01)	6.163564e+00 4.633631e+00 : 7.712282e-01
0698(1002) (2.99e+00 2.70e+00) XE:2.70e-01 (1.26e+00 1.26e+00 | 6.18e-01 6.62e-01)	6.157451e+00 4.628936e+00 : 7.704563e-01
0714(995) (3.30e+00 2.70e+00) XE:2.70e-01 (1.27e+00 1.26e+00 | 5.97e-01 6.62e-01)	6.153835e+00 4.628103e+00 : 7.701384e-01
0730(999) (2.52e+00 2.70e+00) XE:2.70e-01 (1.23e+00 1.26e+00 | 6.58e-01 6.62e-01)	6.148677e+00 4.623557e+00 : 7.694453e-01
0746(998) (2.70e+00 2.70e+00) XE:2.70e-01 (1.23e+00 1.26e+00 | 6.78e-01 6.62e-01)	6.140969e+00 4.617367e+00 : 7.684526e-01
0762(1002) (2.34e+00 2.70e+00) XE:2.70e-01 (1.23e+00 1.26e+00 | 7.37e-01 6.62e-01)	6.139198e+00 4.617544e+00 : 7.683387e-01
0778(984) (3.07e+00 2.70e+00) XE:2.70e-01 (1.24e+00 1.26e+00 | 6.72e-01 6.62e-01)	6.129743e+00 4.609416e+00 : 7.670827e-01
0793(1012) (2.25e+00 2.70e+00) XE:2.70e-01 (1.25e+00 1.26e+00 | 6.58e-01 6.62e-01)	6.127927e+00 4.610249e+00 : 7.670125e-01
0809(999) (2.65e+00 2.70e+00) XE:2.70e-01 (1.25e+00 1.26e+00 | 6.38e-01 6.62e-01)	6.126106e+00 4.609581e+00 : 7.668348e-01
0825(1001) (2.67e+00 2.70e+00) XE:2.70e-01 (1.24e+00 1.26e+00 | 6.20e-01 6.62e-01)	6.123678e+00 4.608243e+00 : 7.665657e-01
0841(999) (3.39e+00 2.70e+00) XE:2.70e-01 (1.23e+00 1.26e+00 | 6.46e-01 6.62e-01)	6.118647e+00 4.604847e+00 : 7.659639e-01
0857(991) (2.85e+00 2.70e+00) XE:2.70e-01 (1.25e+00 1.26e+00 | 6.16e-01 6.62e-01)	6.113927e+00 4.600737e+00 : 7.653332e-01
0873(1002) (2.67e+00 2.70e+00) XE:2.70e-01 (1.30e+00 1.26e+00 | 6.42e-01 6.62e-01)	6.111659e+00 4.600571e+00 : 7.651593e-01
0889(1002) (2.52e+00 2.71e+00) XE:2.71e-01 (1.28e+00 1.26e+00 | 7.33e-01 6.62e-01)	6.104020e+00 4.594861e+00 : 7.642058e-01
0905(1005) (2.80e+00 2.70e+00) XE:2.70e-01 (1.25e+00 1.26e+00 | 6.58e-01 6.62e-01)	6.103278e+00 4.594653e+00 : 7.641379e-01
0920(1002) (2.63e+00 2.71e+00) XE:2.71e-01 (1.25e+00 1.26e+00 | 6.42e-01 6.62e-01)	6.096927e+00 4.588876e+00 : 7.632717e-01
0936(1003) (2.91e+00 2.71e+00) XE:2.71e-01 (1.25e+00 1.26e+00 | 6.26e-01 6.62e-01)	6.094126e+00 4.588541e+00 : 7.630477e-01
0952(972) (3.53e+00 2.71e+00) XE:2.71e-01 (1.28e+00 1.26e+00 | 6.94e-01 6.62e-01)	6.091325e+00 4.587330e+00 : 7.627611e-01
0968(995) (2.93e+00 2.71e+00) XE:2.71e-01 (1.27e+00 1.26e+00 | 6.46e-01 6.62e-01)	6.085115e+00 4.583152e+00 : 7.620191e-01
0984(990) (2.93e+00 2.71e+00) XE:2.71e-01 (1.27e+00 1.26e+00 | 6.38e-01 6.62e-01)	6.085675e+00 4.584007e+00 : 7.621201e-01
1000(1002) (3.84e+00 2.71e+00) XE:2.71e-01 (1.29e+00 1.26e+00 | 6.54e-01 6.62e-01)	6.081011e+00 4.578801e+00 : 7.614152e-01
1016(1022) (2.61e+00 2.71e+00) XE:2.71e-01 (1.27e+00 1.26e+00 | 6.64e-01 6.62e-01)	6.077901e+00 4.574170e+00 : 7.608622e-01
1031(1015) (2.57e+00 2.71e+00) XE:2.71e-01 (1.27e+00 1.26e+00 | 6.82e-01 6.62e-01)	6.074429e+00 4.574259e+00 : 7.606205e-01
1047(978) (4.30e+00 2.71e+00) XE:2.71e-01 (1.22e+00 1.26e+00 | 5.81e-01 6.62e-01)	6.068654e+00 4.570982e+00 : 7.599740e-01
1063(986) (3.11e+00 2.71e+00) XE:2.71e-01 (1.25e+00 1.26e+00 | 6.40e-01 6.62e-01)	6.065909e+00 4.570090e+00 : 7.597142e-01
1079(1017) (2.77e+00 2.71e+00) XE:2.71e-01 (1.25e+00 1.26e+00 | 6.09e-01 6.62e-01)	6.061895e+00 4.569798e+00 : 7.594067e-01
1095(995) (2.69e+00 2.71e+00) XE:2.71e-01 (1.28e+00 1.26e+00 | 6.70e-01 6.62e-01)	6.060943e+00 4.570356e+00 : 7.593785e-01
1111(1022) (2.23e+00 2.71e+00) XE:2.71e-01 (1.26e+00 1.26e+00 | 6.20e-01 6.62e-01)	6.059513e+00 4.570732e+00 : 7.593032e-01
1127(997) (2.19e+00 2.71e+00) XE:2.71e-01 (1.26e+00 1.26e+00 | 6.20e-01 6.62e-01)	6.057395e+00 4.570600e+00 : 7.591425e-01
1143(986) (2.44e+00 2.71e+00) XE:2.71e-01 (1.26e+00 1.26e+00 | 6.48e-01 6.61e-01)	6.055268e+00 4.569483e+00 : 7.589108e-01
1158(1006) (2.63e+00 2.71e+00) XE:2.71e-01 (1.25e+00 1.26e+00 | 7.00e-01 6.61e-01)	6.054412e+00 4.570093e+00 : 7.588933e-01
1174(994) (3.38e+00 2.71e+00) XE:2.71e-01 (1.25e+00 1.26e+00 | 6.74e-01 6.61e-01)	6.052223e+00 4.570836e+00 : 7.587899e-01
1190(994) (2.99e+00 2.71e+00) XE:2.71e-01 (1.27e+00 1.26e+00 | 6.05e-01 6.61e-01)	6.052175e+00 4.569768e+00 : 7.587102e-01
1206(985) (3.25e+00 2.71e+00) XE:2.71e-01 (1.26e+00 1.26e+00 | 5.87e-01 6.61e-01)	6.047818e+00 4.566295e+00 : 7.581509e-01
1222(1008) (2.53e+00 2.71e+00) XE:2.71e-01 (1.24e+00 1.26e+00 | 7.16e-01 6.61e-01)	6.043737e+00 4.563197e+00 : 7.576382e-01
1238(1010) (2.87e+00 2.71e+00) XE:2.71e-01 (1.28e+00 1.26e+00 | 7.37e-01 6.61e-01)	6.040498e+00 4.560772e+00 : 7.572336e-01
1254(1007) (2.61e+00 2.71e+00) XE:2.71e-01 (1.24e+00 1.26e+00 | 6.48e-01 6.61e-01)	6.038207e+00 4.560225e+00 : 7.570309e-01
1269(1011) (7.82e+00 2.71e+00) XE:2.71e-01 (1.27e+00 1.26e+00 | 6.88e-01 6.61e-01)	6.032044e+00 4.553585e+00 : 7.561163e-01
1285(1012) (2.19e+00 2.71e+00) XE:2.71e-01 (1.25e+00 1.26e+00 | 6.92e-01 6.61e-01)	6.031520e+00 4.554272e+00 : 7.561280e-01
1301(1019) (2.73e+00 2.71e+00) XE:2.71e-01 (1.26e+00 1.26e+00 | 6.96e-01 6.61e-01)	6.030182e+00 4.553361e+00 : 7.559674e-01
1317(1013) (2.43e+00 2.71e+00) XE:2.71e-01 (1.28e+00 1.26e+00 | 6.78e-01 6.61e-01)	6.025886e+00 4.549885e+00 : 7.554122e-01
1333(1002) (2.51e+00 2.71e+00) XE:2.71e-01 (1.30e+00 1.26e+00 | 7.53e-01 6.61e-01)	6.023771e+00 4.549243e+00 : 7.552153e-01
1349(1015) (2.67e+00 2.71e+00) XE:2.71e-01 (1.27e+00 1.26e+00 | 6.50e-01 6.61e-01)	6.023000e+00 4.549146e+00 : 7.551532e-01
1365(1008) (2.49e+00 2.71e+00) XE:2.71e-01 (1.26e+00 1.26e+00 | 7.18e-01 6.61e-01)	6.022640e+00 4.549322e+00 : 7.551402e-01
1380(1005) (2.28e+00 2.71e+00) XE:2.71e-01 (1.23e+00 1.26e+00 | 6.60e-01 6.61e-01)	6.022527e+00 4.549066e+00 : 7.551138e-01
1396(1013) (2.99e+00 2.71e+00) XE:2.71e-01 (1.31e+00 1.26e+00 | 6.48e-01 6.61e-01)	6.021082e+00 4.548591e+00 : 7.549767e-01
1412(985) (2.62e+00 2.71e+00) XE:2.71e-01 (1.25e+00 1.26e+00 | 6.64e-01 6.61e-01)	6.021254e+00 4.548535e+00 : 7.549849e-01
1428(1013) (2.58e+00 2.71e+00) XE:2.71e-01 (1.28e+00 1.26e+00 | 6.66e-01 6.61e-01)	6.018035e+00 4.545223e+00 : 7.545184e-01
1444(988) (2.33e+00 2.71e+00) XE:2.71e-01 (1.26e+00 1.26e+00 | 6.60e-01 6.61e-01)	6.017035e+00 4.545375e+00 : 7.544579e-01
1460(981) (3.00e+00 2.71e+00) XE:2.71e-01 (1.24e+00 1.26e+00 | 7.37e-01 6.61e-01)	6.017135e+00 4.546523e+00 : 7.545470e-01
1476(1009) (2.42e+00 2.71e+00) XE:2.71e-01 (1.24e+00 1.26e+00 | 5.95e-01 6.61e-01)	6.015505e+00 4.546519e+00 : 7.544303e-01
1491(984) (3.42e+00 2.71e+00) XE:2.71e-01 (1.23e+00 1.26e+00 | 6.05e-01 6.61e-01)	6.013898e+00 4.545194e+00 : 7.542209e-01
1507(993) (2.37e+00 2.71e+00) XE:2.71e-01 (1.27e+00 1.26e+00 | 6.74e-01 6.61e-01)	6.013658e+00 4.544879e+00 : 7.541813e-01
1523(1012) (2.58e+00 2.71e+00) XE:2.71e-01 (1.22e+00 1.26e+00 | 6.80e-01 6.61e-01)	6.009913e+00 4.541115e+00 : 7.536448e-01
1539(992) (2.62e+00 2.71e+00) XE:2.71e-01 (1.26e+00 1.26e+00 | 6.64e-01 6.61e-01)	6.008877e+00 4.540923e+00 : 7.535571e-01
1555(995) (3.02e+00 2.71e+00) XE:2.71e-01 (1.24e+00 1.26e+00 | 7.00e-01 6.61e-01)	6.009140e+00 4.541804e+00 : 7.536389e-01
1571(1003) (2.67e+00 2.71e+00) XE:2.71e-01 (1.31e+00 1.26e+00 | 7.25e-01 6.61e-01)	6.008523e+00 4.541582e+00 : 7.535790e-01
1587(1000) (2.68e+00 2.71e+00) XE:2.71e-01 (1.26e+00 1.26e+00 | 6.07e-01 6.61e-01)	6.008145e+00 4.541486e+00 : 7.535451e-01
1603(1006) (2.80e+00 2.71e+00) XE:2.71e-01 (1.28e+00 1.26e+00 | 6.56e-01 6.61e-01)	6.007028e+00 4.541245e+00 : 7.534480e-01
1618(1011) (2.85e+00 2.71e+00) XE:2.71e-01 (1.28e+00 1.26e+00 | 6.38e-01 6.61e-01)	6.006152e+00 4.540639e+00 : 7.533422e-01
1634(986) (3.19e+00 2.71e+00) XE:2.71e-01 (1.28e+00 1.26e+00 | 6.42e-01 6.61e-01)	6.005323e+00 4.540216e+00 : 7.532528e-01
1650(1009) (2.75e+00 2.71e+00) XE:2.71e-01 (1.26e+00 1.26e+00 | 5.77e-01 6.61e-01)	6.004008e+00 4.539726e+00 : 7.531239e-01
1666(1009) (2.89e+00 2.71e+00) XE:2.71e-01 (1.26e+00 1.26e+00 | 6.64e-01 6.61e-01)	6.003770e+00 4.539942e+00 : 7.531223e-01
1682(1003) (2.90e+00 2.71e+00) XE:2.71e-01 (1.26e+00 1.26e+00 | 6.62e-01 6.61e-01)	6.001816e+00 4.539243e+00 : 7.529328e-01
1698(999) (3.49e+00 2.71e+00) XE:2.71e-01 (1.25e+00 1.26e+00 | 6.38e-01 6.61e-01)	5.999645e+00 4.538289e+00 : 7.527096e-01
1714(1004) (3.69e+00 2.71e+00) XE:2.71e-01 (1.26e+00 1.26e+00 | 6.50e-01 6.61e-01)	5.999250e+00 4.537981e+00 : 7.526594e-01
1729(1010) (2.30e+00 2.71e+00) XE:2.71e-01 (1.27e+00 1.26e+00 | 6.36e-01 6.61e-01)	5.998186e+00 4.537788e+00 : 7.525696e-01
1745(991) (2.69e+00 2.70e+00) XE:2.70e-01 (1.25e+00 1.26e+00 | 7.02e-01 6.61e-01)	5.997673e+00 4.538493e+00 : 7.525833e-01
1761(1015) (2.63e+00 2.71e+00) XE:2.71e-01 (1.24e+00 1.26e+00 | 6.70e-01 6.62e-01)	5.996235e+00 4.537861e+00 : 7.524354e-01
1777(1005) (3.34e+00 2.71e+00) XE:2.71e-01 (1.26e+00 1.26e+00 | 7.20e-01 6.62e-01)	5.995459e+00 4.537640e+00 : 7.523642e-01
1793(980) (2.69e+00 2.71e+00) XE:2.71e-01 (1.29e+00 1.26e+00 | 6.60e-01 6.62e-01)	5.994187e+00 4.536915e+00 : 7.522216e-01
1809(992) (2.31e+00 2.71e+00) XE:2.71e-01 (1.24e+00 1.26e+00 | 7.00e-01 6.62e-01)	5.992976e+00 4.536494e+00 : 7.521051e-01
1825(1015) (2.76e+00 2.71e+00) XE:2.71e-01 (1.27e+00 1.26e+00 | 6.68e-01 6.62e-01)	5.992771e+00 4.535886e+00 : 7.520470e-01
1840(1012) (2.50e+00 2.71e+00) XE:2.71e-01 (1.25e+00 1.26e+00 | 6.20e-01 6.62e-01)	5.989929e+00 4.532995e+00 : 7.516375e-01
1856(995) (2.79e+00 2.71e+00) XE:2.71e-01 (1.24e+00 1.26e+00 | 6.70e-01 6.62e-01)	5.989019e+00 4.532978e+00 : 7.515712e-01
1872(991) (2.93e+00 2.71e+00) XE:2.71e-01 (1.26e+00 1.26e+00 | 7.35e-01 6.62e-01)	5.989133e+00 4.533867e+00 : 7.516429e-01
1888(1004) (2.98e+00 2.71e+00) XE:2.71e-01 (1.28e+00 1.26e+00 | 6.86e-01 6.62e-01)	5.984692e+00 4.530273e+00 : 7.510689e-01
1904(1009) (2.82e+00 2.71e+00) XE:2.71e-01 (1.25e+00 1.26e+00 | 6.40e-01 6.62e-01)	5.984614e+00 4.530747e+00 : 7.510972e-01
1920(999) (2.96e+00 2.71e+00) XE:2.71e-01 (1.23e+00 1.26e+00 | 6.09e-01 6.62e-01)	5.984200e+00 4.531126e+00 : 7.510947e-01
1936(1013) (2.05e+00 2.71e+00) XE:2.71e-01 (1.28e+00 1.26e+00 | 6.48e-01 6.62e-01)	5.983306e+00 4.530972e+00 : 7.510199e-01
1951(1013) (2.29e+00 2.71e+00) XE:2.71e-01 (1.23e+00 1.26e+00 | 6.40e-01 6.62e-01)	5.983078e+00 4.530546e+00 : 7.509732e-01
1967(994) (2.42e+00 2.70e+00) XE:2.70e-01 (1.24e+00 1.26e+00 | 6.52e-01 6.62e-01)	5.983148e+00 4.530670e+00 : 7.509870e-01
1983(991) (2.52e+00 2.71e+00) XE:2.71e-01 (1.26e+00 1.26e+00 | 7.14e-01 6.62e-01)	5.981076e+00 4.529588e+00 : 7.507617e-01
1999(1000) (2.71e+00 2.70e+00) XE:2.70e-01 (1.29e+00 1.26e+00 | 7.23e-01 6.62e-01)	5.980384e+00 4.529202e+00 : 7.506847e-01
2015(999) (2.87e+00 2.70e+00) XE:2.70e-01 (1.24e+00 1.26e+00 | 7.12e-01 6.62e-01)	5.979406e+00 4.528863e+00 : 7.505906e-01
2031(1021) (2.97e+00 2.70e+00) XE:2.70e-01 (1.25e+00 1.26e+00 | 5.93e-01 6.62e-01)	5.978799e+00 4.528527e+00 : 7.505233e-01
2046(1003) (2.23e+00 2.70e+00) XE:2.70e-01 (1.25e+00 1.26e+00 | 6.50e-01 6.62e-01)	5.978463e+00 4.528322e+00 : 7.504846e-01
2062(1017) (2.11e+00 2.70e+00) XE:2.70e-01 (1.26e+00 1.26e+00 | 6.88e-01 6.62e-01)	5.978609e+00 4.528298e+00 : 7.504934e-01
2078(993) (2.75e+00 2.70e+00) XE:2.70e-01 (1.25e+00 1.26e+00 | 6.74e-01 6.62e-01)	5.977753e+00 4.528723e+00 : 7.504626e-01
2094(987) (2.74e+00 2.70e+00) XE:2.70e-01 (1.24e+00 1.26e+00 | 6.42e-01 6.62e-01)	5.978259e+00 4.528926e+00 : 7.505133e-01
2110(1016) (1.87e+00 2.70e+00) XE:2.70e-01 (1.22e+00 1.26e+00 | 6.01e-01 6.62e-01)	5.977738e+00 4.528717e+00 : 7.504610e-01
2126(997) (2.54e+00 2.70e+00) XE:2.70e-01 (1.25e+00 1.26e+00 | 6.70e-01 6.62e-01)	5.976127e+00 4.527914e+00 : 7.502886e-01
2142(1025) (2.39e+00 2.70e+00) XE:2.70e-01 (1.25e+00 1.26e+00 | 6.92e-01 6.62e-01)	5.976578e+00 4.527953e+00 : 7.503237e-01
2158(1005) (2.49e+00 2.70e+00) XE:2.70e-01 (1.25e+00 1.26e+00 | 6.22e-01 6.62e-01)	5.975963e+00 4.527460e+00 : 7.502445e-01
2173(994) (2.67e+00 2.70e+00) XE:2.70e-01 (1.26e+00 1.26e+00 | 6.36e-01 6.62e-01)	5.974440e+00 4.527446e+00 : 7.501347e-01
2189(999) (2.87e+00 2.70e+00) XE:2.70e-01 (1.27e+00 1.26e+00 | 6.56e-01 6.62e-01)	5.974611e+00 4.527641e+00 : 7.501608e-01
2205(1009) (2.20e+00 2.70e+00) XE:2.70e-01 (1.25e+00 1.26e+00 | 6.96e-01 6.62e-01)	5.974614e+00 4.528160e+00 : 7.501981e-01
2221(1007) (2.48e+00 2.70e+00) XE:2.70e-01 (1.27e+00 1.26e+00 | 6.70e-01 6.62e-01)	5.973109e+00 4.527398e+00 : 7.500362e-01
2237(982) (2.63e+00 2.70e+00) XE:2.70e-01 (1.24e+00 1.26e+00 | 5.93e-01 6.62e-01)	5.973858e+00 4.528062e+00 : 7.501372e-01
2253(994) (2.91e+00 2.70e+00) XE:2.70e-01 (1.28e+00 1.26e+00 | 6.72e-01 6.62e-01)	5.972717e+00 4.528006e+00 : 7.500516e-01
2269(993) (2.74e+00 2.70e+00) XE:2.70e-01 (1.28e+00 1.26e+00 | 6.70e-01 6.62e-01)	5.972986e+00 4.527753e+00 : 7.500528e-01
2285(1005) (2.73e+00 2.70e+00) XE:2.70e-01 (1.27e+00 1.26e+00 | 6.80e-01 6.62e-01)	5.973576e+00 4.528136e+00 : 7.501222e-01
2300(1015) (2.79e+00 2.70e+00) XE:2.70e-01 (1.24e+00 1.26e+00 | 6.26e-01 6.62e-01)	5.972864e+00 4.528635e+00 : 7.501071e-01
2316(1003) (2.44e+00 2.70e+00) XE:2.70e-01 (1.24e+00 1.26e+00 | 6.84e-01 6.62e-01)	5.971984e+00 4.527750e+00 : 7.499810e-01
2332(1013) (2.19e+00 2.70e+00) XE:2.70e-01 (1.27e+00 1.26e+00 | 7.12e-01 6.62e-01)	5.971457e+00 4.528127e+00 : 7.499703e-01
2348(1002) (2.35e+00 2.70e+00) XE:2.70e-01 (1.21e+00 1.26e+00 | 5.85e-01 6.62e-01)	5.970997e+00 4.527940e+00 : 7.499241e-01
2364(1000) (2.90e+00 2.70e+00) XE:2.70e-01 (1.28e+00 1.26e+00 | 6.80e-01 6.62e-01)	5.969952e+00 4.527181e+00 : 7.497952e-01
2380(1005) (2.27e+00 2.70e+00) XE:2.70e-01 (1.25e+00 1.26e+00 | 7.33e-01 6.62e-01)	5.970162e+00 4.527825e+00 : 7.498562e-01
2395(1002) (2.84e+00 2.70e+00) XE:2.70e-01 (1.27e+00 1.26e+00 | 6.07e-01 6.62e-01)	5.969006e+00 4.526936e+00 : 7.497101e-01
2411(1003) (2.91e+00 2.70e+00) XE:2.70e-01 (1.28e+00 1.26e+00 | 6.14e-01 6.62e-01)	5.968330e+00 4.527031e+00 : 7.496686e-01
2427(1004) (2.52e+00 2.70e+00) XE:2.70e-01 (1.26e+00 1.26e+00 | 6.16e-01 6.62e-01)	5.967840e+00 4.526603e+00 : 7.496031e-01
2443(1006) (3.36e+00 2.70e+00) XE:2.70e-01 (1.28e+00 1.26e+00 | 6.14e-01 6.62e-01)	5.966277e+00 4.524478e+00 : 7.493396e-01
2459(994) (2.97e+00 2.70e+00) XE:2.70e-01 (1.26e+00 1.26e+00 | 7.20e-01 6.62e-01)	5.966523e+00 4.525115e+00 : 7.494028e-01
2475(995) (2.83e+00 2.70e+00) XE:2.70e-01 (1.26e+00 1.26e+00 | 6.32e-01 6.62e-01)	5.966599e+00 4.525309e+00 : 7.494220e-01
2491(1003) (2.45e+00 2.69e+00) XE:2.69e-01 (1.27e+00 1.26e+00 | 7.14e-01 6.62e-01)	5.966946e+00 4.525133e+00 : 7.494342e-01
2506(978) (3.18e+00 2.69e+00) XE:2.69e-01 (1.26e+00 1.26e+00 | 6.36e-01 6.62e-01)	5.966745e+00 4.525349e+00 : 7.494353e-01
2522(1003) (2.80e+00 2.69e+00) XE:2.69e-01 (1.30e+00 1.26e+00 | 6.66e-01 6.62e-01)	5.965466e+00 4.525071e+00 : 7.493240e-01
2538(998) (3.04e+00 2.69e+00) XE:2.69e-01 (1.24e+00 1.26e+00 | 6.40e-01 6.62e-01)	5.964934e+00 4.525000e+00 : 7.492811e-01
2554(996) (2.76e+00 2.69e+00) XE:2.69e-01 (1.25e+00 1.26e+00 | 6.50e-01 6.62e-01)	5.963848e+00 4.524455e+00 : 7.491645e-01
2570(1004) (2.62e+00 2.69e+00) XE:2.69e-01 (1.23e+00 1.26e+00 | 6.38e-01 6.62e-01)	5.962880e+00 4.524148e+00 : 7.490735e-01
2586(997) (3.13e+00 2.69e+00) XE:2.69e-01 (1.26e+00 1.26e+00 | 6.68e-01 6.62e-01)	5.961790e+00 4.523706e+00 : 7.489640e-01
2602(1001) (3.27e+00 2.69e+00) XE:2.69e-01 (1.28e+00 1.26e+00 | 6.68e-01 6.62e-01)	5.961381e+00 4.524474e+00 : 7.489896e-01
2617(1019) (2.84e+00 2.69e+00) XE:2.69e-01 (1.28e+00 1.26e+00 | 7.16e-01 6.62e-01)	5.960727e+00 4.523799e+00 : 7.488947e-01
2633(1008) (2.52e+00 2.69e+00) XE:2.69e-01 (1.23e+00 1.26e+00 | 6.74e-01 6.62e-01)	5.961060e+00 4.524068e+00 : 7.489377e-01
2649(1009) (2.52e+00 2.69e+00) XE:2.69e-01 (1.23e+00 1.26e+00 | 6.86e-01 6.61e-01)	5.959808e+00 4.523908e+00 : 7.488368e-01
2665(991) (2.56e+00 2.69e+00) XE:2.69e-01 (1.24e+00 1.26e+00 | 6.22e-01 6.61e-01)	5.959604e+00 4.523458e+00 : 7.487902e-01
2681(986) (3.20e+00 2.69e+00) XE:2.69e-01 (1.26e+00 1.26e+00 | 5.97e-01 6.61e-01)	5.958779e+00 4.523013e+00 : 7.486995e-01
2697(995) (2.59e+00 2.69e+00) XE:2.69e-01 (1.23e+00 1.26e+00 | 7.00e-01 6.61e-01)	5.958354e+00 4.522678e+00 : 7.486451e-01
2713(984) (3.33e+00 2.69e+00) XE:2.69e-01 (1.29e+00 1.26e+00 | 7.00e-01 6.61e-01)	5.957683e+00 4.522079e+00 : 7.485544e-01
2729(1007) (2.54e+00 2.69e+00) XE:2.69e-01 (1.19e+00 1.26e+00 | 6.18e-01 6.61e-01)	5.957659e+00 4.522271e+00 : 7.485665e-01
2744(987) (3.32e+00 2.69e+00) XE:2.69e-01 (1.26e+00 1.26e+00 | 7.39e-01 6.61e-01)	5.957707e+00 4.521513e+00 : 7.485157e-01
2760(1000) (2.75e+00 2.69e+00) XE:2.69e-01 (1.24e+00 1.26e+00 | 6.50e-01 6.62e-01)	5.957141e+00 4.521078e+00 : 7.484441e-01
2776(1002) (2.72e+00 2.69e+00) XE:2.69e-01 (1.27e+00 1.26e+00 | 7.31e-01 6.62e-01)	5.957184e+00 4.521312e+00 : 7.484640e-01
2792(1010) (2.53e+00 2.69e+00) XE:2.69e-01 (1.29e+00 1.26e+00 | 6.52e-01 6.62e-01)	5.956690e+00 4.520368e+00 : 7.483613e-01
2808(979) (2.98e+00 2.69e+00) XE:2.69e-01 (1.24e+00 1.26e+00 | 6.94e-01 6.62e-01)	5.955911e+00 4.519902e+00 : 7.482723e-01
2824(1009) (2.51e+00 2.69e+00) XE:2.69e-01 (1.26e+00 1.26e+00 | 6.50e-01 6.62e-01)	5.955321e+00 4.519929e+00 : 7.482322e-01
2840(1002) (2.76e+00 2.69e+00) XE:2.69e-01 (1.23e+00 1.26e+00 | 6.44e-01 6.62e-01)	5.954794e+00 4.519896e+00 : 7.481921e-01
2856(1003) (2.42e+00 2.69e+00) XE:2.69e-01 (1.24e+00 1.26e+00 | 5.97e-01 6.62e-01)	5.953489e+00 4.518592e+00 : 7.480058e-01
2871(976) (2.94e+00 2.69e+00) XE:2.69e-01 (1.26e+00 1.26e+00 | 6.50e-01 6.62e-01)	5.952156e+00 4.517714e+00 : 7.478479e-01
2887(1009) (2.83e+00 2.69e+00) XE:2.69e-01 (1.25e+00 1.26e+00 | 6.80e-01 6.62e-01)	5.951057e+00 4.515895e+00 : 7.476394e-01
2903(989) (2.51e+00 2.69e+00) XE:2.69e-01 (1.30e+00 1.26e+00 | 6.80e-01 6.62e-01)	5.951051e+00 4.516321e+00 : 7.476695e-01
2919(1003) (2.86e+00 2.69e+00) XE:2.69e-01 (1.25e+00 1.26e+00 | 7.04e-01 6.62e-01)	5.950522e+00 4.515767e+00 : 7.475921e-01
2935(993) (2.56e+00 2.69e+00) XE:2.69e-01 (1.27e+00 1.26e+00 | 6.34e-01 6.62e-01)	5.949632e+00 4.515075e+00 : 7.474790e-01
2951(1013) (3.84e+00 2.70e+00) XE:2.70e-01 (1.28e+00 1.26e+00 | 6.80e-01 6.62e-01)	5.948393e+00 4.513885e+00 : 7.473056e-01
2967(998) (2.77e+00 2.70e+00) XE:2.70e-01 (1.25e+00 1.26e+00 | 6.68e-01 6.62e-01)	5.947814e+00 4.513532e+00 : 7.472390e-01
2982(1008) (2.35e+00 2.70e+00) XE:2.70e-01 (1.25e+00 1.26e+00 | 6.86e-01 6.62e-01)	5.947431e+00 4.513793e+00 : 7.472303e-01
2998(1004) (2.15e+00 2.69e+00) XE:2.69e-01 (1.25e+00 1.26e+00 | 6.82e-01 6.62e-01)	5.947664e+00 4.514263e+00 : 7.472805e-01
3014(1002) (2.31e+00 2.69e+00) XE:2.69e-01 (1.25e+00 1.26e+00 | 7.02e-01 6.62e-01)	5.947627e+00 4.514458e+00 : 7.472918e-01
3030(1004) (2.50e+00 2.69e+00) XE:2.69e-01 (1.25e+00 1.26e+00 | 7.08e-01 6.62e-01)	5.947182e+00 4.514633e+00 : 7.472725e-01
3046(1009) (2.72e+00 2.69e+00) XE:2.69e-01 (1.27e+00 1.26e+00 | 6.54e-01 6.62e-01)	5.946826e+00 4.514092e+00 : 7.472084e-01
3062(1006) (3.17e+00 2.69e+00) XE:2.69e-01 (1.26e+00 1.26e+00 | 6.48e-01 6.62e-01)	5.944723e+00 4.512430e+00 : 7.469395e-01
3077(994) (2.54e+00 2.69e+00) XE:2.69e-01 (1.25e+00 1.26e+00 | 6.12e-01 6.62e-01)	5.944150e+00 4.511951e+00 : 7.468644e-01
3093(988) (2.57e+00 2.70e+00) XE:2.70e-01 (1.30e+00 1.26e+00 | 7.23e-01 6.62e-01)	5.941476e+00 4.509178e+00 : 7.464752e-01
3109(1003) (2.90e+00 2.70e+00) XE:2.70e-01 (1.26e+00 1.26e+00 | 6.32e-01 6.62e-01)	5.940526e+00 4.508903e+00 : 7.463878e-01
3125(1000) (2.67e+00 2.70e+00) XE:2.70e-01 (1.28e+00 1.26e+00 | 6.54e-01 6.62e-01)	5.940417e+00 4.508941e+00 : 7.463828e-01
3141(1018) (2.31e+00 2.70e+00) XE:2.70e-01 (1.27e+00 1.26e+00 | 6.54e-01 6.62e-01)	5.939942e+00 4.508498e+00 : 7.463171e-01
3157(1015) (2.31e+00 2.70e+00) XE:2.70e-01 (1.22e+00 1.26e+00 | 6.98e-01 6.62e-01)	5.939474e+00 4.508203e+00 : 7.462626e-01
3173(997) (2.53e+00 2.69e+00) XE:2.69e-01 (1.26e+00 1.26e+00 | 6.38e-01 6.62e-01)	5.939790e+00 4.508528e+00 : 7.463085e-01
3189(1016) (2.80e+00 2.70e+00) XE:2.70e-01 (1.26e+00 1.26e+00 | 6.42e-01 6.62e-01)	5.938649e+00 4.507442e+00 : 7.461493e-01
3204(1011) (2.08e+00 2.69e+00) XE:2.69e-01 (1.27e+00 1.26e+00 | 6.18e-01 6.62e-01)	5.938494e+00 4.507800e+00 : 7.461638e-01
3220(977) (3.18e+00 2.69e+00) XE:2.69e-01 (1.24e+00 1.26e+00 | 5.61e-01 6.62e-01)	5.938888e+00 4.507437e+00 : 7.461661e-01
3236(1002) (3.13e+00 2.69e+00) XE:2.69e-01 (1.25e+00 1.26e+00 | 7.12e-01 6.62e-01)	5.938807e+00 4.506998e+00 : 7.461289e-01
3252(1001) (2.76e+00 2.70e+00) XE:2.70e-01 (1.26e+00 1.26e+00 | 6.78e-01 6.62e-01)	5.938195e+00 4.506458e+00 : 7.460467e-01
3268(1005) (2.54e+00 2.70e+00) XE:2.70e-01 (1.25e+00 1.26e+00 | 6.66e-01 6.62e-01)	5.937722e+00 4.506491e+00 : 7.460152e-01
3284(968) (2.90e+00 2.70e+00) XE:2.70e-01 (1.28e+00 1.26e+00 | 6.78e-01 6.62e-01)	5.936925e+00 4.505523e+00 : 7.458891e-01
3300(1016) (2.12e+00 2.70e+00) XE:2.70e-01 (1.28e+00 1.26e+00 | 6.36e-01 6.62e-01)	5.935781e+00 4.505130e+00 : 7.457794e-01
3315(1019) (2.66e+00 2.70e+00) XE:2.70e-01 (1.26e+00 1.26e+00 | 7.06e-01 6.62e-01)	5.934316e+00 4.503646e+00 : 7.455687e-01
3331(1003) (2.26e+00 2.70e+00) XE:2.70e-01 (1.23e+00 1.26e+00 | 6.58e-01 6.62e-01)	5.934097e+00 4.503472e+00 : 7.455406e-01
3347(1001) (2.11e+00 2.70e+00) XE:2.70e-01 (1.24e+00 1.26e+00 | 7.02e-01 6.62e-01)	5.934127e+00 4.502738e+00 : 7.454904e-01
3363(985) (2.97e+00 2.70e+00) XE:2.70e-01 (1.30e+00 1.26e+00 | 6.03e-01 6.62e-01)	5.933583e+00 4.502628e+00 : 7.454436e-01
3379(999) (2.55e+00 2.70e+00) XE:2.70e-01 (1.23e+00 1.26e+00 | 6.52e-01 6.62e-01)	5.933800e+00 4.502769e+00 : 7.454691e-01
3395(996) (2.65e+00 2.70e+00) XE:2.70e-01 (1.24e+00 1.26e+00 | 5.85e-01 6.62e-01)	5.933778e+00 4.503021e+00 : 7.454856e-01
3411(1007) (2.65e+00 2.70e+00) XE:2.70e-01 (1.28e+00 1.26e+00 | 6.80e-01 6.62e-01)	5.934150e+00 4.503401e+00 : 7.455393e-01
3427(996) (2.57e+00 2.70e+00) XE:2.70e-01 (1.26e+00 1.26e+00 | 6.84e-01 6.62e-01)	5.933895e+00 4.503706e+00 : 7.455429e-01
3442(983) (2.92e+00 2.70e+00) XE:2.70e-01 (1.31e+00 1.26e+00 | 7.43e-01 6.62e-01)	5.933493e+00 4.503652e+00 : 7.455104e-01
3458(993) (3.32e+00 2.70e+00) XE:2.70e-01 (1.25e+00 1.26e+00 | 6.66e-01 6.62e-01)	5.933435e+00 4.503671e+00 : 7.455076e-01
3474(1005) (2.57e+00 2.70e+00) XE:2.70e-01 (1.26e+00 1.26e+00 | 6.36e-01 6.62e-01)	5.933360e+00 4.503635e+00 : 7.454996e-01
3490(999) (2.77e+00 2.70e+00) XE:2.70e-01 (1.22e+00 1.26e+00 | 6.36e-01 6.62e-01)	5.932380e+00 4.503124e+00 : 7.453932e-01
3506(1008) (2.57e+00 2.70e+00) XE:2.70e-01 (1.26e+00 1.26e+00 | 7.27e-01 6.62e-01)	5.931849e+00 4.501904e+00 : 7.452681e-01
3522(1008) (2.44e+00 2.70e+00) XE:2.70e-01 (1.25e+00 1.26e+00 | 6.42e-01 6.62e-01)	5.931629e+00 4.501791e+00 : 7.452443e-01
3538(1012) (2.21e+00 2.70e+00) XE:2.70e-01 (1.26e+00 1.26e+00 | 7.29e-01 6.62e-01)	5.930745e+00 4.501953e+00 : 7.451927e-01
3553(987) (3.03e+00 2.69e+00) XE:2.69e-01 (1.27e+00 1.26e+00 | 6.98e-01 6.62e-01)	5.930142e+00 4.501709e+00 : 7.451322e-01
3569(982) (3.19e+00 2.69e+00) XE:2.69e-01 (1.25e+00 1.26e+00 | 6.76e-01 6.62e-01)	5.930595e+00 4.501613e+00 : 7.451578e-01
3585(972) (3.52e+00 2.69e+00) XE:2.69e-01 (1.29e+00 1.26e+00 | 6.82e-01 6.62e-01)	5.930349e+00 4.501575e+00 : 7.451374e-01
3601(1013) (2.20e+00 2.69e+00) XE:2.69e-01 (1.28e+00 1.26e+00 | 6.76e-01 6.62e-01)	5.930383e+00 4.501543e+00 : 7.451376e-01
3617(989) (2.53e+00 2.69e+00) XE:2.69e-01 (1.27e+00 1.26e+00 | 7.02e-01 6.62e-01)	5.929609e+00 4.501499e+00 : 7.450792e-01
3633(1009) (2.92e+00 2.70e+00) XE:2.70e-01 (1.24e+00 1.26e+00 | 6.56e-01 6.62e-01)	5.928860e+00 4.501468e+00 : 7.450234e-01
3649(1003) (2.59e+00 2.69e+00) XE:2.69e-01 (1.25e+00 1.26e+00 | 6.60e-01 6.62e-01)	5.928287e+00 4.501134e+00 : 7.449587e-01
3665(1003) (2.76e+00 2.69e+00) XE:2.69e-01 (1.27e+00 1.26e+00 | 6.14e-01 6.62e-01)	5.928056e+00 4.501120e+00 : 7.449412e-01
3680(1007) (2.62e+00 2.69e+00) XE:2.69e-01 (1.24e+00 1.26e+00 | 6.90e-01 6.62e-01)	5.927619e+00 4.501287e+00 : 7.449219e-01
3696(1006) (2.26e+00 2.69e+00) XE:2.69e-01 (1.27e+00 1.26e+00 | 6.34e-01 6.62e-01)	5.928346e+00 4.501705e+00 : 7.450036e-01
3712(1010) (2.33e+00 2.69e+00) XE:2.69e-01 (1.26e+00 1.26e+00 | 7.33e-01 6.62e-01)	5.927681e+00 4.500451e+00 : 7.448666e-01
3728(997) (2.49e+00 2.69e+00) XE:2.69e-01 (1.22e+00 1.26e+00 | 6.58e-01 6.62e-01)	5.927815e+00 4.500568e+00 : 7.448845e-01
3744(1010) (2.45e+00 2.69e+00) XE:2.69e-01 (1.24e+00 1.26e+00 | 6.82e-01 6.62e-01)	5.927581e+00 4.500072e+00 : 7.448323e-01
3760(1009) (2.51e+00 2.69e+00) XE:2.69e-01 (1.24e+00 1.26e+00 | 6.46e-01 6.62e-01)	5.927240e+00 4.499528e+00 : 7.447691e-01
3776(1000) (2.54e+00 2.69e+00) XE:2.69e-01 (1.27e+00 1.26e+00 | 7.02e-01 6.62e-01)	5.927410e+00 4.499696e+00 : 7.447933e-01
3791(1004) (2.70e+00 2.69e+00) XE:2.69e-01 (1.24e+00 1.26e+00 | 6.48e-01 6.62e-01)	5.926810e+00 4.498993e+00 : 7.447002e-01
3807(989) (3.40e+00 2.70e+00) XE:2.70e-01 (1.25e+00 1.26e+00 | 6.20e-01 6.62e-01)	5.926115e+00 4.498584e+00 : 7.446214e-01
3823(1012) (2.69e+00 2.70e+00) XE:2.70e-01 (1.29e+00 1.26e+00 | 7.35e-01 6.62e-01)	5.925694e+00 4.498256e+00 : 7.445678e-01
3839(1002) (2.59e+00 2.70e+00) XE:2.70e-01 (1.26e+00 1.26e+00 | 6.64e-01 6.62e-01)	5.925356e+00 4.498446e+00 : 7.445573e-01
3855(1010) (2.84e+00 2.69e+00) XE:2.69e-01 (1.28e+00 1.26e+00 | 6.44e-01 6.62e-01)	5.924986e+00 4.498658e+00 : 7.445460e-01
3871(1005) (2.32e+00 2.69e+00) XE:2.69e-01 (1.28e+00 1.26e+00 | 6.82e-01 6.62e-01)	5.924672e+00 4.498660e+00 : 7.445237e-01
3887(1003) (2.89e+00 2.69e+00) XE:2.69e-01 (1.31e+00 1.26e+00 | 6.80e-01 6.62e-01)	5.924583e+00 4.498542e+00 : 7.445089e-01
3903(1019) (2.56e+00 2.69e+00) XE:2.69e-01 (1.27e+00 1.26e+00 | 6.82e-01 6.62e-01)	5.924527e+00 4.498405e+00 : 7.444952e-01
3918(997) (2.26e+00 2.70e+00) XE:2.70e-01 (1.24e+00 1.26e+00 | 5.73e-01 6.62e-01)	5.924051e+00 4.498215e+00 : 7.444476e-01
3934(1005) (3.01e+00 2.70e+00) XE:2.70e-01 (1.23e+00 1.26e+00 | 6.82e-01 6.62e-01)	5.923625e+00 4.498057e+00 : 7.444059e-01
3950(1015) (2.38e+00 2.70e+00) XE:2.70e-01 (1.26e+00 1.26e+00 | 6.48e-01 6.62e-01)	5.923802e+00 4.498170e+00 : 7.444266e-01
3966(1006) (2.81e+00 2.70e+00) XE:2.70e-01 (1.28e+00 1.26e+00 | 6.38e-01 6.62e-01)	5.923792e+00 4.498024e+00 : 7.444154e-01
3982(1027) (2.37e+00 2.69e+00) XE:2.69e-01 (1.24e+00 1.26e+00 | 5.95e-01 6.62e-01)	5.924169e+00 4.498313e+00 : 7.444630e-01
3998(1001) (2.73e+00 2.69e+00) XE:2.69e-01 (1.26e+00 1.26e+00 | 7.10e-01 6.62e-01)	5.924152e+00 4.498608e+00 : 7.444828e-01
4013(1012) (2.37e+00 2.69e+00) XE:2.69e-01 (1.26e+00 1.26e+00 | 6.66e-01 6.62e-01)	5.924051e+00 4.498509e+00 : 7.444686e-01
4029(1010) (2.62e+00 2.69e+00) XE:2.69e-01 (1.27e+00 1.26e+00 | 7.33e-01 6.62e-01)	5.924065e+00 4.498534e+00 : 7.444714e-01
4045(1002) (3.12e+00 2.69e+00) XE:2.69e-01 (1.24e+00 1.26e+00 | 7.33e-01 6.62e-01)	5.923431e+00 4.498435e+00 : 7.444190e-01
4061(1000) (4.03e+00 2.69e+00) XE:2.69e-01 (1.27e+00 1.26e+00 | 7.47e-01 6.62e-01)	5.922090e+00 4.497658e+00 : 7.442677e-01
4077(1012) (2.44e+00 2.69e+00) XE:2.69e-01 (1.29e+00 1.26e+00 | 6.80e-01 6.62e-01)	5.921984e+00 4.497710e+00 : 7.442638e-01
4093(985) (2.67e+00 2.69e+00) XE:2.69e-01 (1.28e+00 1.26e+00 | 6.48e-01 6.62e-01)	5.921607e+00 4.497934e+00 : 7.442529e-01
4109(1005) (2.66e+00 2.69e+00) XE:2.69e-01 (1.26e+00 1.26e+00 | 6.74e-01 6.62e-01)	5.920721e+00 4.497364e+00 : 7.441490e-01
4124(1002) (2.85e+00 2.69e+00) XE:2.69e-01 (1.27e+00 1.26e+00 | 6.52e-01 6.62e-01)	5.920431e+00 4.497083e+00 : 7.441081e-01
4140(989) (2.80e+00 2.69e+00) XE:2.69e-01 (1.30e+00 1.26e+00 | 7.04e-01 6.62e-01)	5.919482e+00 4.496304e+00 : 7.439847e-01
4156(1015) (2.63e+00 2.69e+00) XE:2.69e-01 (1.25e+00 1.26e+00 | 6.48e-01 6.62e-01)	5.919546e+00 4.496303e+00 : 7.439892e-01
4172(1003) (3.02e+00 2.69e+00) XE:2.69e-01 (1.24e+00 1.26e+00 | 6.38e-01 6.62e-01)	5.919183e+00 4.496001e+00 : 7.439417e-01
4188(987) (3.23e+00 2.69e+00) XE:2.69e-01 (1.23e+00 1.26e+00 | 5.97e-01 6.62e-01)	5.918358e+00 4.495473e+00 : 7.438450e-01
4204(1001) (2.59e+00 2.69e+00) XE:2.69e-01 (1.25e+00 1.26e+00 | 6.58e-01 6.62e-01)	5.918361e+00 4.495394e+00 : 7.438397e-01
4219(1002) (2.43e+00 2.69e+00) XE:2.69e-01 (1.28e+00 1.26e+00 | 6.66e-01 6.62e-01)	5.918717e+00 4.495529e+00 : 7.438748e-01
4235(1005) (2.59e+00 2.69e+00) XE:2.69e-01 (1.25e+00 1.26e+00 | 6.40e-01 6.62e-01)	5.918619e+00 4.495281e+00 : 7.438500e-01
4251(993) (2.69e+00 2.69e+00) XE:2.69e-01 (1.23e+00 1.26e+00 | 7.04e-01 6.62e-01)	5.917789e+00 4.494496e+00 : 7.437346e-01
4267(1008) (2.74e+00 2.69e+00) XE:2.69e-01 (1.25e+00 1.26e+00 | 7.23e-01 6.62e-01)	5.917194e+00 4.494022e+00 : 7.436583e-01
4283(992) (2.46e+00 2.69e+00) XE:2.69e-01 (1.26e+00 1.26e+00 | 6.98e-01 6.62e-01)	5.917135e+00 4.494392e+00 : 7.436805e-01
4299(1005) (2.25e+00 2.69e+00) XE:2.69e-01 (1.32e+00 1.26e+00 | 6.54e-01 6.62e-01)	5.917151e+00 4.494687e+00 : 7.437027e-01
4315(1011) (2.41e+00 2.69e+00) XE:2.69e-01 (1.28e+00 1.26e+00 | 6.56e-01 6.62e-01)	5.916853e+00 4.494888e+00 : 7.436958e-01
4331(1009) (3.42e+00 2.69e+00) XE:2.69e-01 (1.25e+00 1.26e+00 | 5.73e-01 6.62e-01)	5.916856e+00 4.495007e+00 : 7.437045e-01
4346(1006) (2.91e+00 2.69e+00) XE:2.69e-01 (1.23e+00 1.26e+00 | 6.72e-01 6.62e-01)	5.916821e+00 4.495271e+00 : 7.437208e-01
4362(1003) (2.33e+00 2.69e+00) XE:2.69e-01 (1.26e+00 1.26e+00 | 6.92e-01 6.62e-01)	5.917042e+00 4.495492e+00 : 7.437525e-01
4378(1005) (3.18e+00 2.69e+00) XE:2.69e-01 (1.25e+00 1.26e+00 | 6.32e-01 6.62e-01)	5.917325e+00 4.496163e+00 : 7.438206e-01
4394(988) (3.19e+00 2.69e+00) XE:2.69e-01 (1.23e+00 1.26e+00 | 6.42e-01 6.62e-01)	5.917514e+00 4.496317e+00 : 7.438451e-01
4410(1008) (2.34e+00 2.69e+00) XE:2.69e-01 (1.26e+00 1.26e+00 | 6.32e-01 6.62e-01)	5.916509e+00 4.495554e+00 : 7.437188e-01
4426(1009) (2.61e+00 2.69e+00) XE:2.69e-01 (1.24e+00 1.26e+00 | 6.74e-01 6.62e-01)	5.916341e+00 4.495641e+00 : 7.437130e-01
4442(1005) (2.46e+00 2.69e+00) XE:2.69e-01 (1.25e+00 1.26e+00 | 6.30e-01 6.62e-01)	5.916019e+00 4.495525e+00 : 7.436817e-01
4457(1017) (2.50e+00 2.69e+00) XE:2.69e-01 (1.25e+00 1.26e+00 | 7.12e-01 6.62e-01)	5.916179e+00 4.495438e+00 : 7.436869e-01
4473(994) (2.90e+00 2.69e+00) XE:2.69e-01 (1.28e+00 1.26e+00 | 6.82e-01 6.62e-01)	5.915558e+00 4.495366e+00 : 7.436375e-01
4489(1000) (2.86e+00 2.69e+00) XE:2.69e-01 (1.27e+00 1.26e+00 | 6.32e-01 6.62e-01)	5.914575e+00 4.494691e+00 : 7.435190e-01
4505(998) (2.79e+00 2.69e+00) XE:2.69e-01 (1.28e+00 1.26e+00 | 7.16e-01 6.62e-01)	5.914418e+00 4.494387e+00 : 7.434861e-01
4521(1005) (2.26e+00 2.69e+00) XE:2.69e-01 (1.27e+00 1.26e+00 | 7.35e-01 6.62e-01)	5.914101e+00 4.494298e+00 : 7.434571e-01
4537(990) (2.27e+00 2.69e+00) XE:2.69e-01 (1.28e+00 1.26e+00 | 7.08e-01 6.62e-01)	5.913974e+00 4.494234e+00 : 7.434434e-01
4553(983) (3.18e+00 2.69e+00) XE:2.69e-01 (1.28e+00 1.26e+00 | 6.56e-01 6.62e-01)	5.914188e+00 4.494738e+00 : 7.434947e-01
4568(982) (2.95e+00 2.69e+00) XE:2.69e-01 (1.26e+00 1.26e+00 | 6.70e-01 6.62e-01)	5.913709e+00 4.494568e+00 : 7.434483e-01
4584(1005) (2.42e+00 2.69e+00) XE:2.69e-01 (1.24e+00 1.26e+00 | 6.34e-01 6.62e-01)	5.913281e+00 4.494109e+00 : 7.433850e-01
4600(998) (2.27e+00 2.69e+00) XE:2.69e-01 (1.25e+00 1.26e+00 | 6.78e-01 6.62e-01)	5.913247e+00 4.494182e+00 : 7.433878e-01
4616(990) (2.23e+00 2.69e+00) XE:2.69e-01 (1.23e+00 1.26e+00 | 6.58e-01 6.62e-01)	5.912914e+00 4.494314e+00 : 7.433734e-01
4632(990) (2.71e+00 2.69e+00) XE:2.69e-01 (1.25e+00 1.26e+00 | 7.04e-01 6.62e-01)	5.912480e+00 4.493799e+00 : 7.433057e-01
4648(983) (2.76e+00 2.69e+00) XE:2.69e-01 (1.27e+00 1.26e+00 | 6.48e-01 6.62e-01)	5.912604e+00 4.493745e+00 : 7.433106e-01
4664(994) (2.30e+00 2.69e+00) XE:2.69e-01 (1.24e+00 1.26e+00 | 5.55e-01 6.62e-01)	5.911631e+00 4.492818e+00 : 7.431750e-01
4680(1021) (2.53e+00 2.69e+00) XE:2.69e-01 (1.25e+00 1.26e+00 | 7.02e-01 6.62e-01)	5.911552e+00 4.493091e+00 : 7.431888e-01
4696(1004) (2.32e+00 2.69e+00) XE:2.69e-01 (1.25e+00 1.26e+00 | 6.20e-01 6.62e-01)	5.911521e+00 4.493249e+00 : 7.431978e-01
4711(1012) (2.45e+00 2.69e+00) XE:2.69e-01 (1.26e+00 1.26e+00 | 6.86e-01 6.62e-01)	5.911547e+00 4.493758e+00 : 7.432360e-01
4727(1007) (3.62e+00 2.69e+00) XE:2.69e-01 (1.27e+00 1.26e+00 | 6.60e-01 6.62e-01)	5.910521e+00 4.492975e+00 : 7.431068e-01
4743(1007) (2.40e+00 2.69e+00) XE:2.69e-01 (1.24e+00 1.26e+00 | 6.84e-01 6.62e-01)	5.910234e+00 4.492835e+00 : 7.430764e-01
4759(987) (2.62e+00 2.69e+00) XE:2.69e-01 (1.27e+00 1.26e+00 | 6.36e-01 6.62e-01)	5.909990e+00 4.492554e+00 : 7.430388e-01
4775(1010) (2.67e+00 2.69e+00) XE:2.69e-01 (1.25e+00 1.26e+00 | 6.90e-01 6.62e-01)	5.909922e+00 4.492799e+00 : 7.430515e-01
4791(1012) (2.04e+00 2.69e+00) XE:2.69e-01 (1.27e+00 1.26e+00 | 5.99e-01 6.62e-01)	5.909970e+00 4.493025e+00 : 7.430711e-01
4806(1009) (3.05e+00 2.69e+00) XE:2.69e-01 (1.27e+00 1.26e+00 | 6.90e-01 6.62e-01)	5.909309e+00 4.492203e+00 : 7.429652e-01
4822(987) (3.32e+00 2.69e+00) XE:2.69e-01 (1.26e+00 1.26e+00 | 6.58e-01 6.62e-01)	5.909358e+00 4.492441e+00 : 7.429856e-01
4838(994) (2.47e+00 2.69e+00) XE:2.69e-01 (1.27e+00 1.26e+00 | 6.54e-01 6.62e-01)	5.908626e+00 4.492060e+00 : 7.429062e-01
4854(1006) (2.47e+00 2.69e+00) XE:2.69e-01 (1.26e+00 1.26e+00 | 6.52e-01 6.62e-01)	5.908515e+00 4.492037e+00 : 7.428965e-01
4870(1003) (2.87e+00 2.69e+00) XE:2.69e-01 (1.26e+00 1.26e+00 | 6.24e-01 6.62e-01)	5.908330e+00 4.492315e+00 : 7.429033e-01
4886(992) (3.17e+00 2.69e+00) XE:2.69e-01 (1.27e+00 1.26e+00 | 7.31e-01 6.62e-01)	5.907997e+00 4.492671e+00 : 7.429049e-01
4902(1010) (2.35e+00 2.69e+00) XE:2.69e-01 (1.25e+00 1.26e+00 | 6.30e-01 6.62e-01)	5.908108e+00 4.492829e+00 : 7.429240e-01
4918(1000) (2.37e+00 2.69e+00) XE:2.69e-01 (1.29e+00 1.26e+00 | 6.80e-01 6.62e-01)	5.907941e+00 4.493214e+00 : 7.429396e-01
4933(996) (2.63e+00 2.69e+00) XE:2.69e-01 (1.24e+00 1.26e+00 | 6.92e-01 6.62e-01)	5.907936e+00 4.493145e+00 : 7.429343e-01
4949(1006) (2.36e+00 2.69e+00) XE:2.69e-01 (1.27e+00 1.26e+00 | 6.76e-01 6.62e-01)	5.907749e+00 4.493064e+00 : 7.429152e-01
4965(1003) (3.30e+00 2.69e+00) XE:2.69e-01 (1.25e+00 1.26e+00 | 6.48e-01 6.62e-01)	5.907576e+00 4.493233e+00 : 7.429149e-01
4981(1011) (2.03e+00 2.69e+00) XE:2.69e-01 (1.22e+00 1.26e+00 | 5.81e-01 6.62e-01)	5.907956e+00 4.493510e+00 : 7.429619e-01
4997(1009) (2.14e+00 2.69e+00) XE:2.69e-01 (1.26e+00 1.26e+00 | 7.04e-01 6.62e-01)	5.907761e+00 4.493450e+00 : 7.429436e-01
5013(1004) (2.70e+00 2.69e+00) XE:2.69e-01 (1.26e+00 1.26e+00 | 6.72e-01 6.62e-01)	5.907119e+00 4.493015e+00 : 7.428667e-01
5028(997) (2.97e+00 2.69e+00) XE:2.69e-01 (1.24e+00 1.26e+00 | 6.86e-01 6.62e-01)	5.906651e+00 4.492877e+00 : 7.428234e-01
5044(994) (2.77e+00 2.69e+00) XE:2.69e-01 (1.24e+00 1.26e+00 | 6.86e-01 6.62e-01)	5.906634e+00 4.492593e+00 : 7.428019e-01
5060(997) (2.63e+00 2.69e+00) XE:2.69e-01 (1.26e+00 1.26e+00 | 7.43e-01 6.62e-01)	5.905759e+00 4.491624e+00 : 7.426702e-01
5076(995) (2.25e+00 2.69e+00) XE:2.69e-01 (1.23e+00 1.26e+00 | 7.16e-01 6.62e-01)	5.905403e+00 4.491501e+00 : 7.426360e-01
5092(992) (2.63e+00 2.69e+00) XE:2.69e-01 (1.27e+00 1.26e+00 | 7.20e-01 6.62e-01)	5.905164e+00 4.491349e+00 : 7.426081e-01
5108(1010) (2.80e+00 2.69e+00) XE:2.69e-01 (1.28e+00 1.26e+00 | 6.54e-01 6.62e-01)	5.905196e+00 4.491757e+00 : 7.426395e-01
5124(991) (2.38e+00 2.69e+00) XE:2.69e-01 (1.26e+00 1.26e+00 | 5.93e-01 6.62e-01)	5.905414e+00 4.492125e+00 : 7.426813e-01
5140(1016) (2.62e+00 2.69e+00) XE:2.69e-01 (1.25e+00 1.26e+00 | 6.82e-01 6.62e-01)	5.905227e+00 4.492013e+00 : 7.426600e-01
5155(993) (2.74e+00 2.69e+00) XE:2.69e-01 (1.27e+00 1.26e+00 | 6.80e-01 6.62e-01)	5.905457e+00 4.491798e+00 : 7.426611e-01
5171(999) (2.63e+00 2.69e+00) XE:2.69e-01 (1.28e+00 1.26e+00 | 7.04e-01 6.62e-01)	5.905560e+00 4.492111e+00 : 7.426909e-01
5187(1026) (2.06e+00 2.69e+00) XE:2.69e-01 (1.28e+00 1.26e+00 | 6.48e-01 6.62e-01)	5.905452e+00 4.492154e+00 : 7.426861e-01
5203(1010) (2.47e+00 2.69e+00) XE:2.69e-01 (1.26e+00 1.26e+00 | 6.42e-01 6.62e-01)	5.905162e+00 4.491933e+00 : 7.426497e-01
5219(998) (2.48e+00 2.69e+00) XE:2.69e-01 (1.27e+00 1.26e+00 | 6.14e-01 6.62e-01)	5.904929e+00 4.491624e+00 : 7.426110e-01
5235(1004) (2.73e+00 2.69e+00) XE:2.69e-01 (1.24e+00 1.26e+00 | 6.90e-01 6.62e-01)	5.904419e+00 4.490795e+00 : 7.425152e-01
5251(1005) (2.42e+00 2.69e+00) XE:2.69e-01 (1.23e+00 1.26e+00 | 6.72e-01 6.62e-01)	5.904581e+00 4.490959e+00 : 7.425386e-01
5266(1003) (2.87e+00 2.69e+00) XE:2.69e-01 (1.24e+00 1.26e+00 | 6.42e-01 6.62e-01)	5.904417e+00 4.490842e+00 : 7.425185e-01
5282(999) (2.73e+00 2.69e+00) XE:2.69e-01 (1.23e+00 1.26e+00 | 7.35e-01 6.62e-01)	5.903234e+00 4.490451e+00 : 7.424061e-01
5298(1005) (2.43e+00 2.69e+00) XE:2.69e-01 (1.26e+00 1.26e+00 | 6.20e-01 6.62e-01)	5.903153e+00 4.490069e+00 : 7.423730e-01
5314(1011) (2.71e+00 2.69e+00) XE:2.69e-01 (1.23e+00 1.26e+00 | 6.62e-01 6.62e-01)	5.903050e+00 4.490170e+00 : 7.423728e-01
5330(1011) (2.67e+00 2.69e+00) XE:2.69e-01 (1.25e+00 1.26e+00 | 6.01e-01 6.62e-01)	5.902869e+00 4.489882e+00 : 7.423394e-01
5346(993) (2.66e+00 2.69e+00) XE:2.69e-01 (1.26e+00 1.26e+00 | 6.94e-01 6.62e-01)	5.901766e+00 4.488968e+00 : 7.421953e-01
5362(1007) (2.45e+00 2.69e+00) XE:2.69e-01 (1.24e+00 1.26e+00 | 6.82e-01 6.62e-01)	5.901967e+00 4.489273e+00 : 7.422315e-01
5377(1012) (2.19e+00 2.69e+00) XE:2.69e-01 (1.25e+00 1.26e+00 | 6.36e-01 6.62e-01)	5.901986e+00 4.489134e+00 : 7.422229e-01
5393(1011) (1.97e+00 2.69e+00) XE:2.69e-01 (1.27e+00 1.26e+00 | 6.90e-01 6.62e-01)	5.902020e+00 4.489158e+00 : 7.422270e-01
5409(988) (2.68e+00 2.69e+00) XE:2.69e-01 (1.26e+00 1.26e+00 | 6.62e-01 6.62e-01)	5.901916e+00 4.489487e+00 : 7.422431e-01
5425(1010) (2.52e+00 2.69e+00) XE:2.69e-01 (1.23e+00 1.26e+00 | 6.26e-01 6.62e-01)	5.901990e+00 4.489777e+00 : 7.422690e-01
5441(1016) (2.62e+00 2.69e+00) XE:2.69e-01 (1.30e+00 1.26e+00 | 6.56e-01 6.62e-01)	5.902167e+00 4.489936e+00 : 7.422930e-01
5457(1009) (2.20e+00 2.69e+00) XE:2.69e-01 (1.26e+00 1.26e+00 | 7.00e-01 6.62e-01)	5.902236e+00 4.490139e+00 : 7.423125e-01
5473(1005) (2.86e+00 2.69e+00) XE:2.69e-01 (1.27e+00 1.26e+00 | 7.00e-01 6.62e-01)	5.902032e+00 4.490038e+00 : 7.422907e-01
5488(983) (3.00e+00 2.69e+00) XE:2.69e-01 (1.29e+00 1.26e+00 | 6.84e-01 6.62e-01)	5.902041e+00 4.490213e+00 : 7.423038e-01
5504(1006) (2.53e+00 2.69e+00) XE:2.69e-01 (1.26e+00 1.26e+00 | 6.44e-01 6.62e-01)	5.902257e+00 4.490333e+00 : 7.423279e-01
5520(996) (2.85e+00 2.69e+00) XE:2.69e-01 (1.27e+00 1.26e+00 | 6.86e-01 6.62e-01)	5.902106e+00 4.490485e+00 : 7.423279e-01
5536(1004) (2.49e+00 2.69e+00) XE:2.69e-01 (1.25e+00 1.26e+00 | 6.78e-01 6.62e-01)	5.902804e+00 4.490899e+00 : 7.424074e-01
5552(1005) (2.93e+00 2.69e+00) XE:2.69e-01 (1.21e+00 1.26e+00 | 6.82e-01 6.62e-01)	5.902416e+00 4.490834e+00 : 7.423750e-01
5568(992) (2.52e+00 2.69e+00) XE:2.69e-01 (1.25e+00 1.26e+00 | 6.54e-01 6.62e-01)	5.902359e+00 4.490880e+00 : 7.423742e-01
5583(1000) (2.37e+00 2.69e+00) XE:2.69e-01 (1.28e+00 1.26e+00 | 7.16e-01 6.62e-01)	5.901414e+00 4.490249e+00 : 7.422617e-01
5599(1005) (2.53e+00 2.69e+00) XE:2.69e-01 (1.26e+00 1.26e+00 | 6.70e-01 6.62e-01)	5.901459e+00 4.490140e+00 : 7.422570e-01
5615(994) (5.34e+00 2.69e+00) XE:2.69e-01 (1.25e+00 1.26e+00 | 6.22e-01 6.62e-01)	5.900487e+00 4.489470e+00 : 7.421398e-01
5631(994) (2.74e+00 2.69e+00) XE:2.69e-01 (1.24e+00 1.26e+00 | 6.80e-01 6.62e-01)	5.900576e+00 4.489519e+00 : 7.421497e-01
5647(1004) (2.95e+00 2.69e+00) XE:2.69e-01 (1.25e+00 1.26e+00 | 6.38e-01 6.62e-01)	5.900461e+00 4.489799e+00 : 7.421614e-01
5663(1006) (2.20e+00 2.69e+00) XE:2.69e-01 (1.27e+00 1.26e+00 | 6.28e-01 6.62e-01)	5.900378e+00 4.489680e+00 : 7.421470e-01
5679(995) (3.13e+00 2.69e+00) XE:2.69e-01 (1.29e+00 1.26e+00 | 6.74e-01 6.62e-01)	5.900559e+00 4.489891e+00 : 7.421750e-01
5694(982) (3.27e+00 2.69e+00) XE:2.69e-01 (1.28e+00 1.26e+00 | 7.23e-01 6.62e-01)	5.900226e+00 4.489819e+00 : 7.421461e-01
5710(984) (2.88e+00 2.69e+00) XE:2.69e-01 (1.26e+00 1.26e+00 | 6.64e-01 6.62e-01)	5.900025e+00 4.489769e+00 : 7.421281e-01
5726(1006) (2.43e+00 2.69e+00) XE:2.69e-01 (1.29e+00 1.26e+00 | 7.83e-01 6.62e-01)	5.899444e+00 4.489189e+00 : 7.420452e-01
5742(996) (2.33e+00 2.69e+00) XE:2.69e-01 (1.27e+00 1.26e+00 | 7.33e-01 6.62e-01)	5.899347e+00 4.489538e+00 : 7.420633e-01
5758(1002) (2.44e+00 2.69e+00) XE:2.69e-01 (1.23e+00 1.26e+00 | 6.76e-01 6.62e-01)	5.899236e+00 4.489767e+00 : 7.420716e-01
5774(999) (2.30e+00 2.69e+00) XE:2.69e-01 (1.28e+00 1.26e+00 | 6.48e-01 6.62e-01)	5.899297e+00 4.490010e+00 : 7.420934e-01
5790(999) (2.50e+00 2.69e+00) XE:2.69e-01 (1.25e+00 1.26e+00 | 6.58e-01 6.62e-01)	5.899032e+00 4.489992e+00 : 7.420731e-01
5806(1002) (2.76e+00 2.69e+00) XE:2.69e-01 (1.25e+00 1.26e+00 | 6.46e-01 6.62e-01)	5.898910e+00 4.490163e+00 : 7.420766e-01
5821(1016) (2.10e+00 2.69e+00) XE:2.69e-01 (1.22e+00 1.26e+00 | 6.74e-01 6.62e-01)	5.898530e+00 4.489762e+00 : 7.420208e-01
5837(997) (2.46e+00 2.69e+00) XE:2.69e-01 (1.24e+00 1.26e+00 | 6.50e-01 6.62e-01)	5.898510e+00 4.489682e+00 : 7.420137e-01
5853(1005) (2.38e+00 2.69e+00) XE:2.69e-01 (1.30e+00 1.26e+00 | 6.38e-01 6.62e-01)	5.898571e+00 4.489697e+00 : 7.420191e-01
5869(1019) (2.31e+00 2.69e+00) XE:2.69e-01 (1.23e+00 1.26e+00 | 6.30e-01 6.62e-01)	5.898401e+00 4.489698e+00 : 7.420071e-01
5885(996) (2.59e+00 2.69e+00) XE:2.69e-01 (1.26e+00 1.26e+00 | 6.90e-01 6.62e-01)	5.898079e+00 4.489321e+00 : 7.419572e-01
5901(987) (2.59e+00 2.69e+00) XE:2.69e-01 (1.27e+00 1.26e+00 | 7.14e-01 6.62e-01)	5.897462e+00 4.488942e+00 : 7.418860e-01
5917(1014) (2.39e+00 2.69e+00) XE:2.69e-01 (1.25e+00 1.26e+00 | 5.85e-01 6.62e-01)	5.897410e+00 4.488912e+00 : 7.418802e-01
5932(1010) (2.99e+00 2.69e+00) XE:2.69e-01 (1.27e+00 1.26e+00 | 6.54e-01 6.62e-01)	5.897230e+00 4.488888e+00 : 7.418656e-01
5948(1019) (2.14e+00 2.69e+00) XE:2.69e-01 (1.26e+00 1.26e+00 | 6.36e-01 6.62e-01)	5.897150e+00 4.489047e+00 : 7.418712e-01
5964(1005) (2.55e+00 2.69e+00) XE:2.69e-01 (1.23e+00 1.26e+00 | 6.20e-01 6.62e-01)	5.896227e+00 4.488498e+00 : 7.417661e-01
5980(990) (2.77e+00 2.69e+00) XE:2.69e-01 (1.25e+00 1.26e+00 | 6.88e-01 6.62e-01)	5.896087e+00 4.488356e+00 : 7.417459e-01
5996(1006) (2.48e+00 2.69e+00) XE:2.69e-01 (1.26e+00 1.26e+00 | 6.74e-01 6.62e-01)	5.896222e+00 4.488665e+00 : 7.417776e-01
6012(1021) (2.15e+00 2.69e+00) XE:2.69e-01 (1.28e+00 1.26e+00 | 6.84e-01 6.62e-01)	5.896148e+00 4.488546e+00 : 7.417639e-01
6028(1002) (2.43e+00 2.69e+00) XE:2.69e-01 (1.27e+00 1.26e+00 | 6.22e-01 6.62e-01)	5.896256e+00 4.488571e+00 : 7.417733e-01
6043(993) (2.71e+00 2.69e+00) XE:2.69e-01 (1.29e+00 1.26e+00 | 6.88e-01 6.62e-01)	5.896519e+00 4.488699e+00 : 7.418013e-01
6059(1002) (3.26e+00 2.69e+00) XE:2.69e-01 (1.26e+00 1.26e+00 | 7.00e-01 6.62e-01)	5.896089e+00 4.488525e+00 : 7.417581e-01
6075(989) (2.94e+00 2.69e+00) XE:2.69e-01 (1.26e+00 1.26e+00 | 6.52e-01 6.62e-01)	5.896185e+00 4.488455e+00 : 7.417600e-01
6091(997) (2.77e+00 2.69e+00) XE:2.69e-01 (1.26e+00 1.26e+00 | 6.86e-01 6.62e-01)	5.895356e+00 4.487598e+00 : 7.416396e-01
6107(1004) (2.59e+00 2.69e+00) XE:2.69e-01 (1.27e+00 1.26e+00 | 6.60e-01 6.62e-01)	5.894696e+00 4.487219e+00 : 7.415654e-01
6123(983) (2.96e+00 2.69e+00) XE:2.69e-01 (1.28e+00 1.26e+00 | 6.36e-01 6.62e-01)	5.894887e+00 4.487381e+00 : 7.415905e-01
6139(998) (2.53e+00 2.69e+00) XE:2.69e-01 (1.27e+00 1.26e+00 | 6.88e-01 6.62e-01)	5.894883e+00 4.487355e+00 : 7.415884e-01
6155(996) (2.35e+00 2.69e+00) XE:2.69e-01 (1.25e+00 1.26e+00 | 6.70e-01 6.62e-01)	5.894868e+00 4.487389e+00 : 7.415897e-01
6170(1001) (2.56e+00 2.69e+00) XE:2.69e-01 (1.26e+00 1.26e+00 | 6.98e-01 6.62e-01)	5.894941e+00 4.487705e+00 : 7.416176e-01
6186(1025) (2.45e+00 2.69e+00) XE:2.69e-01 (1.29e+00 1.26e+00 | 7.55e-01 6.62e-01)	5.895120e+00 4.487896e+00 : 7.416440e-01
6202(1013) (2.39e+00 2.69e+00) XE:2.69e-01 (1.26e+00 1.26e+00 | 6.60e-01 6.62e-01)	5.895246e+00 4.488042e+00 : 7.416634e-01
6218(1014) (2.40e+00 2.69e+00) XE:2.69e-01 (1.28e+00 1.26e+00 | 6.32e-01 6.62e-01)	5.894558e+00 4.487366e+00 : 7.415660e-01
6234(999) (2.89e+00 2.69e+00) XE:2.69e-01 (1.23e+00 1.26e+00 | 6.44e-01 6.62e-01)	5.894398e+00 4.487389e+00 : 7.415562e-01
6250(1011) (2.34e+00 2.69e+00) XE:2.69e-01 (1.25e+00 1.26e+00 | 6.94e-01 6.62e-01)	5.894258e+00 4.487622e+00 : 7.415628e-01
6265(1009) (2.72e+00 2.69e+00) XE:2.69e-01 (1.25e+00 1.26e+00 | 6.72e-01 6.62e-01)	5.894058e+00 4.487700e+00 : 7.415541e-01
6281(1001) (3.24e+00 2.69e+00) XE:2.69e-01 (1.29e+00 1.26e+00 | 6.92e-01 6.62e-01)	5.893392e+00 4.487321e+00 : 7.414795e-01
6297(1004) (2.98e+00 2.69e+00) XE:2.69e-01 (1.26e+00 1.26e+00 | 7.00e-01 6.62e-01)	5.893318e+00 4.487199e+00 : 7.414655e-01
6313(991) (2.94e+00 2.69e+00) XE:2.69e-01 (1.29e+00 1.26e+00 | 7.27e-01 6.62e-01)	5.893090e+00 4.487085e+00 : 7.414411e-01
6329(984) (2.97e+00 2.69e+00) XE:2.69e-01 (1.26e+00 1.26e+00 | 6.50e-01 6.62e-01)	5.892810e+00 4.486973e+00 : 7.414131e-01
6345(998) (2.85e+00 2.69e+00) XE:2.69e-01 (1.26e+00 1.26e+00 | 7.25e-01 6.62e-01)	5.892881e+00 4.486931e+00 : 7.414152e-01
6361(993) (2.62e+00 2.69e+00) XE:2.69e-01 (1.27e+00 1.26e+00 | 7.20e-01 6.62e-01)	5.892893e+00 4.487024e+00 : 7.414226e-01
6376(1002) (2.86e+00 2.69e+00) XE:2.69e-01 (1.26e+00 1.26e+00 | 7.10e-01 6.62e-01)	5.892620e+00 4.486845e+00 : 7.413904e-01
6392(993) (2.89e+00 2.69e+00) XE:2.69e-01 (1.26e+00 1.26e+00 | 6.26e-01 6.62e-01)	5.892602e+00 4.486929e+00 : 7.413951e-01
6408(981) (2.69e+00 2.69e+00) XE:2.69e-01 (1.26e+00 1.26e+00 | 6.74e-01 6.62e-01)	5.892294e+00 4.486640e+00 : 7.413524e-01
6424(998) (2.80e+00 2.69e+00) XE:2.69e-01 (1.23e+00 1.26e+00 | 6.40e-01 6.62e-01)	5.892059e+00 4.485959e+00 : 7.412870e-01
6440(1014) (2.35e+00 2.69e+00) XE:2.69e-01 (1.31e+00 1.26e+00 | 6.26e-01 6.62e-01)	5.891940e+00 4.485899e+00 : 7.412742e-01
6456(999) (2.52e+00 2.69e+00) XE:2.69e-01 (1.25e+00 1.26e+00 | 6.42e-01 6.62e-01)	5.891787e+00 4.485900e+00 : 7.412633e-01
6472(993) (2.79e+00 2.69e+00) XE:2.69e-01 (1.24e+00 1.26e+00 | 6.78e-01 6.62e-01)	5.891581e+00 4.485838e+00 : 7.412442e-01
6487(1021) (2.81e+00 2.69e+00) XE:2.69e-01 (1.26e+00 1.26e+00 | 7.79e-01 6.62e-01)	5.891427e+00 4.485792e+00 : 7.412299e-01
6503(992) (2.62e+00 2.69e+00) XE:2.69e-01 (1.28e+00 1.26e+00 | 6.44e-01 6.62e-01)	5.891250e+00 4.485577e+00 : 7.412019e-01
6519(1000) (2.26e+00 2.69e+00) XE:2.69e-01 (1.28e+00 1.26e+00 | 6.68e-01 6.62e-01)	5.891365e+00 4.485788e+00 : 7.412252e-01
6535(1002) (2.27e+00 2.69e+00) XE:2.69e-01 (1.28e+00 1.26e+00 | 6.68e-01 6.62e-01)	5.891384e+00 4.485957e+00 : 7.412387e-01
6551(1008) (2.36e+00 2.69e+00) XE:2.69e-01 (1.27e+00 1.26e+00 | 6.76e-01 6.62e-01)	5.891579e+00 4.486161e+00 : 7.412671e-01
6567(984) (2.96e+00 2.69e+00) XE:2.69e-01 (1.28e+00 1.26e+00 | 6.05e-01 6.62e-01)	5.891473e+00 4.486053e+00 : 7.412519e-01
6583(989) (2.98e+00 2.69e+00) XE:2.69e-01 (1.24e+00 1.26e+00 | 6.70e-01 6.62e-01)	5.890809e+00 4.485664e+00 : 7.411767e-01
6598(991) (2.86e+00 2.69e+00) XE:2.69e-01 (1.30e+00 1.26e+00 | 6.84e-01 6.62e-01)	5.890804e+00 4.485760e+00 : 7.411831e-01
6614(1006) (2.50e+00 2.69e+00) XE:2.69e-01 (1.27e+00 1.26e+00 | 6.36e-01 6.62e-01)	5.890933e+00 4.485711e+00 : 7.411888e-01
6630(993) (2.98e+00 2.69e+00) XE:2.69e-01 (1.27e+00 1.26e+00 | 6.86e-01 6.62e-01)	5.890808e+00 4.485613e+00 : 7.411729e-01
6646(1011) (2.32e+00 2.69e+00) XE:2.69e-01 (1.26e+00 1.26e+00 | 6.58e-01 6.62e-01)	5.891138e+00 4.485902e+00 : 7.412171e-01
6662(993) (3.73e+00 2.69e+00) XE:2.69e-01 (1.26e+00 1.26e+00 | 6.92e-01 6.62e-01)	5.890236e+00 4.485212e+00 : 7.411035e-01
6678(993) (2.61e+00 2.69e+00) XE:2.69e-01 (1.29e+00 1.26e+00 | 6.88e-01 6.62e-01)	5.890324e+00 4.485505e+00 : 7.411307e-01
6694(1026) (2.74e+00 2.69e+00) XE:2.69e-01 (1.24e+00 1.26e+00 | 6.36e-01 6.62e-01)	5.889899e+00 4.485128e+00 : 7.410734e-01
6709(1007) (1.98e+00 2.69e+00) XE:2.69e-01 (1.26e+00 1.26e+00 | 6.76e-01 6.62e-01)	5.889963e+00 4.485240e+00 : 7.410860e-01
6725(992) (3.05e+00 2.69e+00) XE:2.69e-01 (1.29e+00 1.26e+00 | 6.88e-01 6.62e-01)	5.889504e+00 4.485400e+00 : 7.410646e-01
6741(990) (2.57e+00 2.69e+00) XE:2.69e-01 (1.27e+00 1.26e+00 | 6.96e-01 6.62e-01)	5.889627e+00 4.485542e+00 : 7.410835e-01
6757(992) (2.44e+00 2.69e+00) XE:2.69e-01 (1.25e+00 1.26e+00 | 6.28e-01 6.62e-01)	5.889506e+00 4.485468e+00 : 7.410696e-01
6773(992) (2.92e+00 2.69e+00) XE:2.69e-01 (1.24e+00 1.26e+00 | 6.52e-01 6.62e-01)	5.889031e+00 4.485259e+00 : 7.410207e-01
6789(993) (3.13e+00 2.69e+00) XE:2.69e-01 (1.24e+00 1.26e+00 | 6.38e-01 6.62e-01)	5.888831e+00 4.485333e+00 : 7.410117e-01
6805(1004) (2.41e+00 2.69e+00) XE:2.69e-01 (1.26e+00 1.26e+00 | 6.50e-01 6.62e-01)	5.889266e+00 4.485745e+00 : 7.410722e-01
6821(978) (2.49e+00 2.69e+00) XE:2.69e-01 (1.25e+00 1.26e+00 | 6.64e-01 6.62e-01)	5.889416e+00 4.485847e+00 : 7.410902e-01
6836(994) (2.91e+00 2.69e+00) XE:2.69e-01 (1.26e+00 1.26e+00 | 6.14e-01 6.62e-01)	5.889061e+00 4.485616e+00 : 7.410483e-01
6852(995) (2.58e+00 2.69e+00) XE:2.69e-01 (1.26e+00 1.26e+00 | 6.56e-01 6.62e-01)	5.889007e+00 4.485560e+00 : 7.410405e-01
6868(1004) (2.53e+00 2.69e+00) XE:2.69e-01 (1.23e+00 1.26e+00 | 6.56e-01 6.62e-01)	5.889085e+00 4.485627e+00 : 7.410509e-01
6884(999) (3.01e+00 2.69e+00) XE:2.69e-01 (1.24e+00 1.26e+00 | 6.90e-01 6.62e-01)	5.888446e+00 4.485025e+00 : 7.409622e-01
6900(1001) (2.43e+00 2.69e+00) XE:2.69e-01 (1.25e+00 1.26e+00 | 6.36e-01 6.62e-01)	5.888371e+00 4.484846e+00 : 7.409441e-01
6916(994) (2.97e+00 2.69e+00) XE:2.69e-01 (1.25e+00 1.26e+00 | 7.14e-01 6.62e-01)	5.888159e+00 4.484863e+00 : 7.409301e-01
6932(1004) (2.72e+00 2.69e+00) XE:2.69e-01 (1.23e+00 1.26e+00 | 6.32e-01 6.62e-01)	5.888113e+00 4.484976e+00 : 7.409350e-01
6948(1007) (2.62e+00 2.69e+00) XE:2.69e-01 (1.23e+00 1.26e+00 | 6.68e-01 6.62e-01)	5.888018e+00 4.484818e+00 : 7.409168e-01
6963(1004) (2.51e+00 2.69e+00) XE:2.69e-01 (1.25e+00 1.26e+00 | 7.31e-01 6.62e-01)	5.887587e+00 4.484653e+00 : 7.408743e-01
6979(992) (2.61e+00 2.69e+00) XE:2.69e-01 (1.26e+00 1.26e+00 | 7.16e-01 6.62e-01)	5.887602e+00 4.484780e+00 : 7.408844e-01
6995(1016) (2.25e+00 2.69e+00) XE:2.69e-01 (1.30e+00 1.26e+00 | 6.92e-01 6.62e-01)	5.887640e+00 4.484908e+00 : 7.408963e-01
7011(995) (2.72e+00 2.69e+00) XE:2.69e-01 (1.25e+00 1.26e+00 | 6.42e-01 6.62e-01)	5.887541e+00 4.484761e+00 : 7.408787e-01
7027(998) (2.59e+00 2.69e+00) XE:2.69e-01 (1.25e+00 1.26e+00 | 7.47e-01 6.62e-01)	5.887817e+00 4.484867e+00 : 7.409060e-01
7043(992) (2.72e+00 2.69e+00) XE:2.69e-01 (1.23e+00 1.26e+00 | 6.38e-01 6.62e-01)	5.887388e+00 4.484782e+00 : 7.408692e-01
7059(999) (2.90e+00 2.69e+00) XE:2.69e-01 (1.23e+00 1.26e+00 | 6.38e-01 6.62e-01)	5.887206e+00 4.484835e+00 : 7.408600e-01
7074(1001) (2.08e+00 2.69e+00) XE:2.69e-01 (1.25e+00 1.26e+00 | 6.64e-01 6.62e-01)	5.887292e+00 4.485139e+00 : 7.408880e-01
7090(999) (2.75e+00 2.69e+00) XE:2.69e-01 (1.26e+00 1.26e+00 | 6.72e-01 6.62e-01)	5.886831e+00 4.484909e+00 : 7.408386e-01
7106(992) (2.57e+00 2.69e+00) XE:2.69e-01 (1.25e+00 1.26e+00 | 6.92e-01 6.62e-01)	5.886024e+00 4.484240e+00 : 7.407332e-01
7122(1010) (2.61e+00 2.69e+00) XE:2.69e-01 (1.28e+00 1.26e+00 | 6.86e-01 6.62e-01)	5.886132e+00 4.484235e+00 : 7.407405e-01
7138(990) (2.45e+00 2.69e+00) XE:2.69e-01 (1.28e+00 1.26e+00 | 7.02e-01 6.62e-01)	5.884733e+00 4.483036e+00 : 7.405549e-01
7154(1000) (2.77e+00 2.69e+00) XE:2.69e-01 (1.27e+00 1.26e+00 | 6.28e-01 6.62e-01)	5.884696e+00 4.483139e+00 : 7.405597e-01
7170(1007) (2.74e+00 2.69e+00) XE:2.69e-01 (1.27e+00 1.26e+00 | 6.46e-01 6.62e-01)	5.884508e+00 4.482923e+00 : 7.405308e-01
7185(994) (3.08e+00 2.69e+00) XE:2.69e-01 (1.24e+00 1.26e+00 | 6.86e-01 6.62e-01)	5.884517e+00 4.483046e+00 : 7.405402e-01
7201(1000) (2.82e+00 2.69e+00) XE:2.69e-01 (1.27e+00 1.26e+00 | 6.80e-01 6.62e-01)	5.884884e+00 4.483146e+00 : 7.405736e-01
7217(998) (2.97e+00 2.69e+00) XE:2.69e-01 (1.28e+00 1.26e+00 | 6.20e-01 6.62e-01)	5.885065e+00 4.483320e+00 : 7.405989e-01
7233(984) (2.93e+00 2.69e+00) XE:2.69e-01 (1.26e+00 1.26e+00 | 6.58e-01 6.62e-01)	5.884456e+00 4.482727e+00 : 7.405131e-01
7249(987) (2.42e+00 2.69e+00) XE:2.69e-01 (1.28e+00 1.26e+00 | 6.74e-01 6.62e-01)	5.884671e+00 4.482741e+00 : 7.405294e-01
7265(981) (3.63e+00 2.69e+00) XE:2.69e-01 (1.26e+00 1.26e+00 | 6.58e-01 6.62e-01)	5.884481e+00 4.482484e+00 : 7.404975e-01
7281(1000) (2.73e+00 2.69e+00) XE:2.69e-01 (1.26e+00 1.26e+00 | 6.60e-01 6.62e-01)	5.884068e+00 4.482166e+00 : 7.404453e-01
7297(997) (2.88e+00 2.69e+00) XE:2.69e-01 (1.23e+00 1.26e+00 | 7.14e-01 6.62e-01)	5.883801e+00 4.482032e+00 : 7.404167e-01
7312(1005) (2.67e+00 2.69e+00) XE:2.69e-01 (1.26e+00 1.26e+00 | 6.66e-01 6.62e-01)	5.884030e+00 4.482134e+00 : 7.404403e-01
7328(995) (2.47e+00 2.69e+00) XE:2.69e-01 (1.26e+00 1.26e+00 | 6.34e-01 6.62e-01)	5.883887e+00 4.482087e+00 : 7.404267e-01
7344(1002) (2.36e+00 2.69e+00) XE:2.69e-01 (1.24e+00 1.26e+00 | 6.62e-01 6.62e-01)	5.883918e+00 4.482105e+00 : 7.404302e-01
7360(999) (3.20e+00 2.69e+00) XE:2.69e-01 (1.29e+00 1.26e+00 | 7.10e-01 6.62e-01)	5.883778e+00 4.481818e+00 : 7.403997e-01
7376(1003) (2.35e+00 2.69e+00) XE:2.69e-01 (1.29e+00 1.26e+00 | 7.08e-01 6.62e-01)	5.883798e+00 4.481832e+00 : 7.404022e-01
7392(1003) (3.17e+00 2.69e+00) XE:2.69e-01 (1.22e+00 1.26e+00 | 6.32e-01 6.62e-01)	5.883683e+00 4.481894e+00 : 7.403984e-01
7408(983) (2.50e+00 2.69e+00) XE:2.69e-01 (1.22e+00 1.26e+00 | 6.26e-01 6.62e-01)	5.883423e+00 4.481667e+00 : 7.403636e-01
7423(1005) (3.17e+00 2.69e+00) XE:2.69e-01 (1.25e+00 1.26e+00 | 7.73e-01 6.62e-01)	5.883693e+00 4.481774e+00 : 7.403905e-01
7439(999) (2.85e+00 2.69e+00) XE:2.69e-01 (1.29e+00 1.26e+00 | 6.42e-01 6.62e-01)	5.883763e+00 4.481929e+00 : 7.404065e-01
7455(1007) (2.84e+00 2.69e+00) XE:2.69e-01 (1.27e+00 1.26e+00 | 6.76e-01 6.62e-01)	5.883720e+00 4.481883e+00 : 7.404002e-01
7471(985) (2.71e+00 2.69e+00) XE:2.69e-01 (1.22e+00 1.26e+00 | 6.54e-01 6.62e-01)	5.883775e+00 4.481647e+00 : 7.403873e-01
7487(997) (2.53e+00 2.68e+00) XE:2.68e-01 (1.26e+00 1.26e+00 | 6.74e-01 6.62e-01)	5.883932e+00 4.481905e+00 : 7.404169e-01
7503(994) (2.92e+00 2.68e+00) XE:2.68e-01 (1.28e+00 1.26e+00 | 6.70e-01 6.62e-01)	5.883888e+00 4.481841e+00 : 7.404092e-01
7519(989) (2.61e+00 2.68e+00) XE:2.68e-01 (1.26e+00 1.26e+00 | 6.18e-01 6.62e-01)	5.883759e+00 4.481980e+00 : 7.404099e-01
7535(1016) (3.38e+00 2.69e+00) XE:2.69e-01 (1.27e+00 1.26e+00 | 6.80e-01 6.62e-01)	5.882781e+00 4.481107e+00 : 7.402777e-01
7551(1015) (2.39e+00 2.68e+00) XE:2.68e-01 (1.28e+00 1.26e+00 | 6.22e-01 6.62e-01)	5.882952e+00 4.481207e+00 : 7.402971e-01
7566(979) (2.68e+00 2.68e+00) XE:2.68e-01 (1.30e+00 1.26e+00 | 6.64e-01 6.62e-01)	5.882579e+00 4.481242e+00 : 7.402729e-01
7582(981) (3.28e+00 2.68e+00) XE:2.68e-01 (1.26e+00 1.26e+00 | 6.86e-01 6.62e-01)	5.882311e+00 4.481314e+00 : 7.402589e-01
7598(995) (2.97e+00 2.68e+00) XE:2.68e-01 (1.27e+00 1.26e+00 | 6.38e-01 6.62e-01)	5.882406e+00 4.481411e+00 : 7.402727e-01
7614(998) (2.40e+00 2.68e+00) XE:2.68e-01 (1.26e+00 1.26e+00 | 5.93e-01 6.62e-01)	5.882316e+00 4.481624e+00 : 7.402814e-01
7630(995) (2.52e+00 2.68e+00) XE:2.68e-01 (1.26e+00 1.26e+00 | 6.86e-01 6.62e-01)	5.882364e+00 4.481837e+00 : 7.403001e-01
7646(1025) (2.41e+00 2.68e+00) XE:2.68e-01 (1.23e+00 1.26e+00 | 6.78e-01 6.62e-01)	5.882310e+00 4.481961e+00 : 7.403051e-01
7662(1014) (2.81e+00 2.68e+00) XE:2.68e-01 (1.26e+00 1.26e+00 | 6.32e-01 6.62e-01)	5.881643e+00 4.481344e+00 : 7.402134e-01
7678(988) (3.05e+00 2.68e+00) XE:2.68e-01 (1.27e+00 1.26e+00 | 6.86e-01 6.62e-01)	5.881439e+00 4.481225e+00 : 7.401902e-01
7693(1000) (2.57e+00 2.68e+00) XE:2.68e-01 (1.27e+00 1.26e+00 | 6.52e-01 6.62e-01)	5.881394e+00 4.481489e+00 : 7.402059e-01
7709(992) (3.18e+00 2.68e+00) XE:2.68e-01 (1.25e+00 1.26e+00 | 6.68e-01 6.62e-01)	5.881142e+00 4.481446e+00 : 7.401848e-01
7725(991) (2.66e+00 2.68e+00) XE:2.68e-01 (1.26e+00 1.26e+00 | 6.78e-01 6.62e-01)	5.881281e+00 4.481533e+00 : 7.402010e-01
7741(1011) (2.39e+00 2.68e+00) XE:2.68e-01 (1.27e+00 1.26e+00 | 6.88e-01 6.62e-01)	5.881328e+00 4.481522e+00 : 7.402036e-01
7757(1014) (2.41e+00 2.68e+00) XE:2.68e-01 (1.25e+00 1.26e+00 | 6.74e-01 6.62e-01)	5.880990e+00 4.481231e+00 : 7.401587e-01
7773(1014) (2.08e+00 2.68e+00) XE:2.68e-01 (1.24e+00 1.26e+00 | 6.16e-01 6.62e-01)	5.880941e+00 4.481403e+00 : 7.401674e-01
7789(1013) (2.61e+00 2.68e+00) XE:2.68e-01 (1.25e+00 1.26e+00 | 7.00e-01 6.62e-01)	5.880605e+00 4.481548e+00 : 7.401537e-01
7804(990) (2.77e+00 2.68e+00) XE:2.68e-01 (1.24e+00 1.26e+00 | 6.38e-01 6.62e-01)	5.880494e+00 4.481389e+00 : 7.401345e-01
7820(1012) (1.80e+00 2.68e+00) XE:2.68e-01 (1.24e+00 1.26e+00 | 6.48e-01 6.62e-01)	5.880375e+00 4.481533e+00 : 7.401363e-01
7836(984) (2.83e+00 2.68e+00) XE:2.68e-01 (1.26e+00 1.26e+00 | 7.10e-01 6.62e-01)	5.880350e+00 4.481547e+00 : 7.401355e-01
7852(1009) (2.03e+00 2.68e+00) XE:2.68e-01 (1.23e+00 1.26e+00 | 6.38e-01 6.62e-01)	5.880274e+00 4.481742e+00 : 7.401440e-01
7868(989) (3.28e+00 2.68e+00) XE:2.68e-01 (1.29e+00 1.26e+00 | 6.90e-01 6.62e-01)	5.880147e+00 4.481636e+00 : 7.401274e-01
7884(1011) (2.40e+00 2.68e+00) XE:2.68e-01 (1.27e+00 1.26e+00 | 6.50e-01 6.62e-01)	5.880156e+00 4.481782e+00 : 7.401385e-01
7900(1018) (2.36e+00 2.68e+00) XE:2.68e-01 (1.27e+00 1.26e+00 | 6.44e-01 6.62e-01)	5.880254e+00 4.481925e+00 : 7.401556e-01
7915(1000) (2.70e+00 2.68e+00) XE:2.68e-01 (1.25e+00 1.26e+00 | 6.52e-01 6.62e-01)	5.879836e+00 4.481563e+00 : 7.400999e-01
7931(1005) (2.07e+00 2.68e+00) XE:2.68e-01 (1.23e+00 1.26e+00 | 7.35e-01 6.62e-01)	5.879813e+00 4.481343e+00 : 7.400826e-01
7947(992) (3.26e+00 2.68e+00) XE:2.68e-01 (1.25e+00 1.26e+00 | 6.94e-01 6.62e-01)	5.879497e+00 4.481052e+00 : 7.400392e-01
7963(990) (2.83e+00 2.68e+00) XE:2.68e-01 (1.26e+00 1.26e+00 | 6.96e-01 6.62e-01)	5.879356e+00 4.481176e+00 : 7.400381e-01
7979(1001) (3.08e+00 2.68e+00) XE:2.68e-01 (1.28e+00 1.26e+00 | 6.70e-01 6.62e-01)	5.879463e+00 4.481330e+00 : 7.400566e-01
7995(1013) (2.41e+00 2.68e+00) XE:2.68e-01 (1.26e+00 1.26e+00 | 6.70e-01 6.62e-01)	5.879564e+00 4.481499e+00 : 7.400759e-01
8011(1000) (3.03e+00 2.68e+00) XE:2.68e-01 (1.26e+00 1.26e+00 | 6.36e-01 6.62e-01)	5.879267e+00 4.481340e+00 : 7.400434e-01
8026(999) (2.91e+00 2.68e+00) XE:2.68e-01 (1.26e+00 1.26e+00 | 7.06e-01 6.62e-01)	5.879462e+00 4.481398e+00 : 7.400614e-01
8042(984) (2.89e+00 2.68e+00) XE:2.68e-01 (1.25e+00 1.26e+00 | 6.70e-01 6.62e-01)	5.879330e+00 4.481167e+00 : 7.400355e-01
8058(1009) (3.21e+00 2.68e+00) XE:2.68e-01 (1.28e+00 1.26e+00 | 6.68e-01 6.62e-01)	5.878499e+00 4.480281e+00 : 7.399129e-01
8074(1005) (2.45e+00 2.68e+00) XE:2.68e-01 (1.25e+00 1.26e+00 | 6.12e-01 6.62e-01)	5.878512e+00 4.480350e+00 : 7.399187e-01
8090(983) (3.54e+00 2.68e+00) XE:2.68e-01 (1.25e+00 1.26e+00 | 6.50e-01 6.62e-01)	5.878541e+00 4.480397e+00 : 7.399241e-01
8106(1021) (2.22e+00 2.68e+00) XE:2.68e-01 (1.26e+00 1.26e+00 | 6.94e-01 6.62e-01)	5.878384e+00 4.480329e+00 : 7.399081e-01
8122(1002) (2.85e+00 2.68e+00) XE:2.68e-01 (1.25e+00 1.26e+00 | 6.40e-01 6.62e-01)	5.878330e+00 4.480103e+00 : 7.398881e-01
8137(982) (2.68e+00 2.68e+00) XE:2.68e-01 (1.29e+00 1.26e+00 | 6.12e-01 6.62e-01)	5.878365e+00 4.480225e+00 : 7.398992e-01
8153(1008) (2.72e+00 2.68e+00) XE:2.68e-01 (1.29e+00 1.26e+00 | 6.52e-01 6.62e-01)	5.878215e+00 4.480118e+00 : 7.398809e-01
8169(1013) (2.64e+00 2.68e+00) XE:2.68e-01 (1.26e+00 1.26e+00 | 7.27e-01 6.62e-01)	5.877866e+00 4.479953e+00 : 7.398442e-01
8185(1018) (2.54e+00 2.68e+00) XE:2.68e-01 (1.27e+00 1.26e+00 | 6.80e-01 6.62e-01)	5.877901e+00 4.480111e+00 : 7.398580e-01
8201(1006) (2.75e+00 2.68e+00) XE:2.68e-01 (1.26e+00 1.26e+00 | 6.56e-01 6.62e-01)	5.877809e+00 4.480121e+00 : 7.398522e-01
8217(989) (3.90e+00 2.68e+00) XE:2.68e-01 (1.24e+00 1.26e+00 | 6.46e-01 6.62e-01)	5.877026e+00 4.479339e+00 : 7.397404e-01
8233(1009) (2.93e+00 2.68e+00) XE:2.68e-01 (1.23e+00 1.26e+00 | 5.99e-01 6.62e-01)	5.877153e+00 4.479420e+00 : 7.397552e-01
8248(990) (2.79e+00 2.68e+00) XE:2.68e-01 (1.26e+00 1.26e+00 | 7.35e-01 6.62e-01)	5.876896e+00 4.479254e+00 : 7.397249e-01
8264(1005) (2.39e+00 2.68e+00) XE:2.68e-01 (1.22e+00 1.26e+00 | 6.40e-01 6.62e-01)	5.876863e+00 4.478988e+00 : 7.397037e-01
8280(984) (3.00e+00 2.68e+00) XE:2.68e-01 (1.26e+00 1.26e+00 | 6.92e-01 6.62e-01)	5.876744e+00 4.478835e+00 : 7.396842e-01
8296(1000) (2.60e+00 2.68e+00) XE:2.68e-01 (1.28e+00 1.26e+00 | 7.10e-01 6.62e-01)	5.876661e+00 4.478872e+00 : 7.396810e-01
8312(1007) (2.92e+00 2.69e+00) XE:2.69e-01 (1.24e+00 1.26e+00 | 6.70e-01 6.62e-01)	5.875744e+00 4.478106e+00 : 7.395608e-01
8328(991) (2.61e+00 2.69e+00) XE:2.69e-01 (1.27e+00 1.26e+00 | 6.50e-01 6.62e-01)	5.875703e+00 4.478326e+00 : 7.395735e-01
8344(1015) (2.83e+00 2.69e+00) XE:2.69e-01 (1.26e+00 1.26e+00 | 6.80e-01 6.62e-01)	5.875367e+00 4.478173e+00 : 7.395386e-01
8359(980) (3.32e+00 2.69e+00) XE:2.69e-01 (1.27e+00 1.26e+00 | 6.46e-01 6.62e-01)	5.875072e+00 4.477950e+00 : 7.395016e-01
8375(1004) (3.28e+00 2.69e+00) XE:2.69e-01 (1.27e+00 1.26e+00 | 7.16e-01 6.62e-01)	5.874921e+00 4.478002e+00 : 7.394945e-01
8391(992) (3.10e+00 2.69e+00) XE:2.69e-01 (1.26e+00 1.26e+00 | 6.24e-01 6.62e-01)	5.874680e+00 4.477748e+00 : 7.394591e-01
8407(991) (2.54e+00 2.69e+00) XE:2.69e-01 (1.26e+00 1.26e+00 | 6.46e-01 6.62e-01)	5.874668e+00 4.477890e+00 : 7.394684e-01
8423(990) (2.89e+00 2.69e+00) XE:2.69e-01 (1.28e+00 1.26e+00 | 6.82e-01 6.62e-01)	5.874785e+00 4.478141e+00 : 7.394948e-01
8439(990) (3.09e+00 2.69e+00) XE:2.69e-01 (1.27e+00 1.26e+00 | 6.78e-01 6.62e-01)	5.874385e+00 4.477767e+00 : 7.394395e-01
8455(1001) (2.79e+00 2.69e+00) XE:2.69e-01 (1.23e+00 1.26e+00 | 6.60e-01 6.62e-01)	5.874150e+00 4.477823e+00 : 7.394267e-01
8471(1009) (2.48e+00 2.69e+00) XE:2.69e-01 (1.28e+00 1.26e+00 | 6.16e-01 6.62e-01)	5.874217e+00 4.477811e+00 : 7.394305e-01
8486(1018) (3.28e+00 2.69e+00) XE:2.69e-01 (1.29e+00 1.26e+00 | 7.06e-01 6.62e-01)	5.874044e+00 4.477723e+00 : 7.394119e-01
8502(1024) (2.18e+00 2.69e+00) XE:2.69e-01 (1.24e+00 1.26e+00 | 6.58e-01 6.62e-01)	5.873946e+00 4.477755e+00 : 7.394072e-01
8518(1009) (2.31e+00 2.69e+00) XE:2.69e-01 (1.30e+00 1.26e+00 | 7.23e-01 6.62e-01)	5.873813e+00 4.477924e+00 : 7.394098e-01
8534(999) (2.61e+00 2.69e+00) XE:2.69e-01 (1.27e+00 1.26e+00 | 6.32e-01 6.62e-01)	5.873685e+00 4.477938e+00 : 7.394016e-01
8550(1010) (3.17e+00 2.69e+00) XE:2.69e-01 (1.24e+00 1.26e+00 | 7.51e-01 6.62e-01)	5.873751e+00 4.477926e+00 : 7.394055e-01
8566(1001) (2.69e+00 2.68e+00) XE:2.68e-01 (1.27e+00 1.26e+00 | 6.80e-01 6.62e-01)	5.873827e+00 4.477968e+00 : 7.394139e-01
8582(1010) (2.54e+00 2.68e+00) XE:2.68e-01 (1.27e+00 1.26e+00 | 6.50e-01 6.62e-01)	5.873357e+00 4.477529e+00 : 7.393490e-01
8598(997) (2.49e+00 2.68e+00) XE:2.68e-01 (1.25e+00 1.26e+00 | 5.75e-01 6.62e-01)	5.873552e+00 4.477706e+00 : 7.393756e-01
8613(1000) (2.94e+00 2.68e+00) XE:2.68e-01 (1.29e+00 1.26e+00 | 6.44e-01 6.62e-01)	5.873484e+00 4.477727e+00 : 7.393722e-01
8629(980) (3.20e+00 2.68e+00) XE:2.68e-01 (1.28e+00 1.26e+00 | 6.68e-01 6.62e-01)	5.873296e+00 4.477576e+00 : 7.393480e-01
8645(1010) (2.94e+00 2.68e+00) XE:2.68e-01 (1.23e+00 1.26e+00 | 6.78e-01 6.62e-01)	5.873188e+00 4.477374e+00 : 7.393259e-01
8661(1002) (2.63e+00 2.68e+00) XE:2.68e-01 (1.24e+00 1.26e+00 | 6.34e-01 6.62e-01)	5.872857e+00 4.477154e+00 : 7.392865e-01
8677(999) (2.89e+00 2.68e+00) XE:2.68e-01 (1.24e+00 1.26e+00 | 5.83e-01 6.62e-01)	5.872804e+00 4.477183e+00 : 7.392848e-01
8693(987) (2.76e+00 2.68e+00) XE:2.68e-01 (1.24e+00 1.26e+00 | 6.30e-01 6.62e-01)	5.872866e+00 4.477022e+00 : 7.392777e-01
8709(1014) (2.50e+00 2.68e+00) XE:2.68e-01 (1.24e+00 1.26e+00 | 7.10e-01 6.62e-01)	5.872859e+00 4.476914e+00 : 7.392695e-01
8725(992) (2.41e+00 2.68e+00) XE:2.68e-01 (1.27e+00 1.26e+00 | 5.99e-01 6.62e-01)	5.872850e+00 4.477024e+00 : 7.392767e-01
8740(1005) (2.08e+00 2.68e+00) XE:2.68e-01 (1.24e+00 1.26e+00 | 6.62e-01 6.62e-01)	5.872942e+00 4.476986e+00 : 7.392806e-01
8756(986) (2.89e+00 2.68e+00) XE:2.68e-01 (1.24e+00 1.26e+00 | 6.88e-01 6.62e-01)	5.872728e+00 4.476775e+00 : 7.392502e-01
8772(1001) (2.75e+00 2.68e+00) XE:2.68e-01 (1.23e+00 1.26e+00 | 6.36e-01 6.62e-01)	5.872625e+00 4.476710e+00 : 7.392382e-01
8788(1000) (2.72e+00 2.68e+00) XE:2.68e-01 (1.26e+00 1.26e+00 | 6.72e-01 6.62e-01)	5.872669e+00 4.476760e+00 : 7.392449e-01
8804(996) (2.31e+00 2.68e+00) XE:2.68e-01 (1.27e+00 1.26e+00 | 6.62e-01 6.62e-01)	5.872637e+00 4.476633e+00 : 7.392336e-01
8820(996) (2.23e+00 2.68e+00) XE:2.68e-01 (1.26e+00 1.26e+00 | 6.54e-01 6.62e-01)	5.872586e+00 4.476649e+00 : 7.392310e-01
8836(986) (3.31e+00 2.68e+00) XE:2.68e-01 (1.23e+00 1.26e+00 | 6.54e-01 6.62e-01)	5.872353e+00 4.476448e+00 : 7.392001e-01
8851(993) (2.92e+00 2.68e+00) XE:2.68e-01 (1.28e+00 1.26e+00 | 6.84e-01 6.62e-01)	5.872374e+00 4.476447e+00 : 7.392015e-01
8867(993) (2.22e+00 2.68e+00) XE:2.68e-01 (1.28e+00 1.26e+00 | 6.70e-01 6.62e-01)	5.872364e+00 4.476518e+00 : 7.392058e-01
8883(990) (2.86e+00 2.68e+00) XE:2.68e-01 (1.25e+00 1.26e+00 | 6.36e-01 6.62e-01)	5.872122e+00 4.476225e+00 : 7.391676e-01
8899(1010) (2.52e+00 2.68e+00) XE:2.68e-01 (1.22e+00 1.26e+00 | 5.81e-01 6.62e-01)	5.871941e+00 4.476242e+00 : 7.391559e-01
8915(1019) (2.41e+00 2.68e+00) XE:2.68e-01 (1.24e+00 1.26e+00 | 7.08e-01 6.62e-01)	5.871374e+00 4.475750e+00 : 7.390803e-01
8931(989) (3.05e+00 2.68e+00) XE:2.68e-01 (1.24e+00 1.26e+00 | 6.20e-01 6.62e-01)	5.871330e+00 4.475901e+00 : 7.390879e-01
8947(996) (3.03e+00 2.68e+00) XE:2.68e-01 (1.27e+00 1.26e+00 | 7.08e-01 6.62e-01)	5.871020e+00 4.475798e+00 : 7.390585e-01
8962(1008) (2.29e+00 2.68e+00) XE:2.68e-01 (1.28e+00 1.26e+00 | 6.62e-01 6.62e-01)	5.871119e+00 4.476127e+00 : 7.390890e-01
8978(982) (3.29e+00 2.69e+00) XE:2.69e-01 (1.27e+00 1.26e+00 | 6.14e-01 6.62e-01)	5.870465e+00 4.475462e+00 : 7.389948e-01
8994(1001) (2.93e+00 2.68e+00) XE:2.68e-01 (1.22e+00 1.26e+00 | 6.54e-01 6.62e-01)	5.870725e+00 4.475636e+00 : 7.390258e-01
9010(1014) (2.44e+00 2.68e+00) XE:2.68e-01 (1.25e+00 1.26e+00 | 6.22e-01 6.62e-01)	5.870883e+00 4.475735e+00 : 7.390441e-01
9026(1005) (2.23e+00 2.68e+00) XE:2.68e-01 (1.22e+00 1.26e+00 | 6.72e-01 6.62e-01)	5.870416e+00 4.475297e+00 : 7.389795e-01
9042(1004) (1.89e+00 2.68e+00) XE:2.68e-01 (1.26e+00 1.26e+00 | 6.32e-01 6.62e-01)	5.870081e+00 4.475196e+00 : 7.389484e-01
9058(1015) (2.96e+00 2.68e+00) XE:2.68e-01 (1.25e+00 1.26e+00 | 6.54e-01 6.62e-01)	5.869935e+00 4.474997e+00 : 7.389237e-01
9074(1006) (2.56e+00 2.69e+00) XE:2.69e-01 (1.25e+00 1.26e+00 | 6.78e-01 6.62e-01)	5.869605e+00 4.474870e+00 : 7.388911e-01
9089(1012) (2.37e+00 2.69e+00) XE:2.69e-01 (1.26e+00 1.26e+00 | 6.20e-01 6.62e-01)	5.869516e+00 4.474868e+00 : 7.388846e-01
9105(997) (2.59e+00 2.69e+00) XE:2.69e-01 (1.26e+00 1.26e+00 | 6.46e-01 6.62e-01)	5.869558e+00 4.474961e+00 : 7.388942e-01
9121(1008) (2.52e+00 2.68e+00) XE:2.68e-01 (1.26e+00 1.26e+00 | 6.52e-01 6.62e-01)	5.869484e+00 4.474914e+00 : 7.388856e-01
9137(1009) (2.69e+00 2.68e+00) XE:2.68e-01 (1.24e+00 1.26e+00 | 6.64e-01 6.62e-01)	5.869384e+00 4.474794e+00 : 7.388699e-01
9153(999) (2.52e+00 2.68e+00) XE:2.68e-01 (1.25e+00 1.26e+00 | 6.20e-01 6.62e-01)	5.869464e+00 4.474908e+00 : 7.388837e-01
9169(1008) (3.02e+00 2.68e+00) XE:2.68e-01 (1.26e+00 1.26e+00 | 6.96e-01 6.62e-01)	5.869022e+00 4.474696e+00 : 7.388370e-01
9184(1003) (2.42e+00 2.68e+00) XE:2.68e-01 (1.29e+00 1.26e+00 | 6.20e-01 6.62e-01)	5.869046e+00 4.474789e+00 : 7.388454e-01
9200(1008) (3.12e+00 2.68e+00) XE:2.68e-01 (1.23e+00 1.26e+00 | 6.68e-01 6.62e-01)	5.869085e+00 4.474899e+00 : 7.388560e-01
9216(1012) (2.21e+00 2.68e+00) XE:2.68e-01 (1.23e+00 1.26e+00 | 6.92e-01 6.62e-01)	5.869107e+00 4.474826e+00 : 7.388524e-01
9232(1005) (2.37e+00 2.68e+00) XE:2.68e-01 (1.26e+00 1.26e+00 | 6.62e-01 6.62e-01)	5.868787e+00 4.474616e+00 : 7.388145e-01
9248(997) (2.91e+00 2.68e+00) XE:2.68e-01 (1.26e+00 1.26e+00 | 6.48e-01 6.62e-01)	5.868619e+00 4.474605e+00 : 7.388018e-01
9264(1004) (2.40e+00 2.68e+00) XE:2.68e-01 (1.25e+00 1.26e+00 | 6.26e-01 6.62e-01)	5.868553e+00 4.474641e+00 : 7.387996e-01
9280(1000) (2.60e+00 2.68e+00) XE:2.68e-01 (1.23e+00 1.26e+00 | 6.56e-01 6.62e-01)	5.868460e+00 4.474461e+00 : 7.387801e-01
9296(996) (2.74e+00 2.68e+00) XE:2.68e-01 (1.26e+00 1.26e+00 | 6.07e-01 6.62e-01)	5.868169e+00 4.474523e+00 : 7.387637e-01
9311(988) (2.96e+00 2.68e+00) XE:2.68e-01 (1.26e+00 1.26e+00 | 6.80e-01 6.62e-01)	5.868442e+00 4.474675e+00 : 7.387940e-01
9327(999) (2.05e+00 2.68e+00) XE:2.68e-01 (1.23e+00 1.26e+00 | 6.72e-01 6.62e-01)	5.867895e+00 4.474008e+00 : 7.387074e-01
9343(999) (2.45e+00 2.68e+00) XE:2.68e-01 (1.24e+00 1.26e+00 | 6.46e-01 6.62e-01)	5.868140e+00 4.474260e+00 : 7.387429e-01
9359(989) (2.73e+00 2.68e+00) XE:2.68e-01 (1.24e+00 1.26e+00 | 6.72e-01 6.62e-01)	5.868227e+00 4.474418e+00 : 7.387604e-01
9375(990) (2.84e+00 2.68e+00) XE:2.68e-01 (1.25e+00 1.26e+00 | 6.86e-01 6.62e-01)	5.868290e+00 4.474345e+00 : 7.387596e-01
9391(1000) (2.33e+00 2.68e+00) XE:2.68e-01 (1.26e+00 1.26e+00 | 6.34e-01 6.62e-01)	5.867680e+00 4.473788e+00 : 7.386763e-01
9406(1015) (2.17e+00 2.68e+00) XE:2.68e-01 (1.29e+00 1.26e+00 | 7.06e-01 6.62e-01)	5.867777e+00 4.473942e+00 : 7.386942e-01
9422(995) (2.49e+00 2.68e+00) XE:2.68e-01 (1.27e+00 1.26e+00 | 7.33e-01 6.62e-01)	5.867591e+00 4.473707e+00 : 7.386641e-01
9438(1008) (2.46e+00 2.68e+00) XE:2.68e-01 (1.25e+00 1.26e+00 | 6.20e-01 6.62e-01)	5.867299e+00 4.473660e+00 : 7.386399e-01
9454(996) (2.55e+00 2.68e+00) XE:2.68e-01 (1.26e+00 1.26e+00 | 6.52e-01 6.62e-01)	5.867196e+00 4.473621e+00 : 7.386298e-01
9470(993) (2.41e+00 2.68e+00) XE:2.68e-01 (1.26e+00 1.26e+00 | 6.96e-01 6.62e-01)	5.866879e+00 4.473478e+00 : 7.385970e-01
9486(994) (2.57e+00 2.68e+00) XE:2.68e-01 (1.29e+00 1.26e+00 | 6.66e-01 6.62e-01)	5.866853e+00 4.473487e+00 : 7.385958e-01
9502(999) (2.74e+00 2.68e+00) XE:2.68e-01 (1.28e+00 1.26e+00 | 6.96e-01 6.62e-01)	5.867061e+00 4.473571e+00 : 7.386166e-01
9518(997) (2.27e+00 2.68e+00) XE:2.68e-01 (1.23e+00 1.26e+00 | 6.30e-01 6.62e-01)	5.866942e+00 4.473631e+00 : 7.386123e-01
9533(1001) (3.01e+00 2.68e+00) XE:2.68e-01 (1.26e+00 1.26e+00 | 7.25e-01 6.62e-01)	5.866556e+00 4.473490e+00 : 7.385748e-01
9549(1001) (2.56e+00 2.68e+00) XE:2.68e-01 (1.27e+00 1.26e+00 | 6.82e-01 6.62e-01)	5.866661e+00 4.473370e+00 : 7.385737e-01
9565(1005) (2.89e+00 2.68e+00) XE:2.68e-01 (1.26e+00 1.26e+00 | 6.44e-01 6.62e-01)	5.866600e+00 4.473282e+00 : 7.385630e-01
9581(994) (2.87e+00 2.68e+00) XE:2.68e-01 (1.24e+00 1.26e+00 | 6.70e-01 6.62e-01)	5.866407e+00 4.473196e+00 : 7.385431e-01
9597(987) (3.23e+00 2.68e+00) XE:2.68e-01 (1.27e+00 1.26e+00 | 6.98e-01 6.62e-01)	5.866184e+00 4.473111e+00 : 7.385211e-01
9613(1003) (2.81e+00 2.68e+00) XE:2.68e-01 (1.30e+00 1.26e+00 | 6.72e-01 6.62e-01)	5.866384e+00 4.473288e+00 : 7.385480e-01
9629(1003) (2.70e+00 2.68e+00) XE:2.68e-01 (1.26e+00 1.26e+00 | 6.09e-01 6.62e-01)	5.866348e+00 4.473356e+00 : 7.385503e-01
9645(1013) (2.04e+00 2.68e+00) XE:2.68e-01 (1.28e+00 1.26e+00 | 6.28e-01 6.62e-01)	5.866501e+00 4.473419e+00 : 7.385657e-01
9660(988) (2.27e+00 2.68e+00) XE:2.68e-01 (1.26e+00 1.26e+00 | 6.74e-01 6.62e-01)	5.866260e+00 4.473356e+00 : 7.385440e-01
9676(1003) (2.57e+00 2.68e+00) XE:2.68e-01 (1.26e+00 1.26e+00 | 6.72e-01 6.62e-01)	5.866212e+00 4.473281e+00 : 7.385353e-01
9692(995) (2.64e+00 2.68e+00) XE:2.68e-01 (1.23e+00 1.26e+00 | 6.40e-01 6.62e-01)	5.866406e+00 4.473375e+00 : 7.385558e-01
9708(993) (2.58e+00 2.68e+00) XE:2.68e-01 (1.28e+00 1.26e+00 | 6.74e-01 6.62e-01)	5.865984e+00 4.473006e+00 : 7.384993e-01
9724(983) (2.49e+00 2.68e+00) XE:2.68e-01 (1.24e+00 1.26e+00 | 6.24e-01 6.62e-01)	5.865932e+00 4.473119e+00 : 7.385036e-01
9740(987) (2.79e+00 2.68e+00) XE:2.68e-01 (1.24e+00 1.26e+00 | 6.36e-01 6.62e-01)	5.866004e+00 4.473045e+00 : 7.385035e-01
9756(999) (2.41e+00 2.68e+00) XE:2.68e-01 (1.26e+00 1.26e+00 | 6.40e-01 6.62e-01)	5.866237e+00 4.473200e+00 : 7.385312e-01
9771(1000) (3.08e+00 2.68e+00) XE:2.68e-01 (1.25e+00 1.26e+00 | 6.22e-01 6.62e-01)	5.866085e+00 4.473174e+00 : 7.385185e-01
9787(1005) (2.53e+00 2.68e+00) XE:2.68e-01 (1.25e+00 1.26e+00 | 7.12e-01 6.62e-01)	5.865368e+00 4.472560e+00 : 7.384234e-01
9803(1019) (2.52e+00 2.68e+00) XE:2.68e-01 (1.27e+00 1.26e+00 | 6.58e-01 6.62e-01)	5.865239e+00 4.472400e+00 : 7.384028e-01
9819(1007) (2.88e+00 2.68e+00) XE:2.68e-01 (1.26e+00 1.26e+00 | 6.44e-01 6.62e-01)	5.865123e+00 4.472263e+00 : 7.383847e-01
9835(1000) (2.42e+00 2.68e+00) XE:2.68e-01 (1.24e+00 1.26e+00 | 6.56e-01 6.62e-01)	5.865429e+00 4.472315e+00 : 7.384102e-01
9851(983) (2.68e+00 2.68e+00) XE:2.68e-01 (1.25e+00 1.26e+00 | 6.70e-01 6.62e-01)	5.865210e+00 4.472216e+00 : 7.383876e-01
9867(996) (2.54e+00 2.68e+00) XE:2.68e-01 (1.29e+00 1.26e+00 | 7.25e-01 6.62e-01)	5.865109e+00 4.472183e+00 : 7.383780e-01
9882(994) (2.44e+00 2.68e+00) XE:2.68e-01 (1.25e+00 1.26e+00 | 6.56e-01 6.62e-01)	5.864925e+00 4.472154e+00 : 7.383628e-01
9898(1009) (2.30e+00 2.68e+00) XE:2.68e-01 (1.24e+00 1.26e+00 | 5.69e-01 6.62e-01)	5.864729e+00 4.472042e+00 : 7.383408e-01
9914(994) (2.77e+00 2.68e+00) XE:2.68e-01 (1.24e+00 1.26e+00 | 7.06e-01 6.62e-01)	5.864705e+00 4.472213e+00 : 7.383513e-01
9930(1012) (2.71e+00 2.68e+00) XE:2.68e-01 (1.25e+00 1.26e+00 | 6.38e-01 6.62e-01)	5.864471e+00 4.471963e+00 : 7.383167e-01
9946(1008) (2.32e+00 2.68e+00) XE:2.68e-01 (1.25e+00 1.26e+00 | 5.97e-01 6.62e-01)	5.863691e+00 4.471225e+00 : 7.382083e-01
9962(999) (3.08e+00 2.68e+00) XE:2.68e-01 (1.25e+00 1.26e+00 | 6.46e-01 6.62e-01)	5.863549e+00 4.470893e+00 : 7.381744e-01
9978(998) (2.60e+00 2.69e+00) XE:2.69e-01 (1.26e+00 1.26e+00 | 6.48e-01 6.62e-01)	5.863389e+00 4.470675e+00 : 7.381474e-01
9994(1006) (2.25e+00 2.68e+00) XE:2.68e-01 (1.28e+00 1.26e+00 | 6.76e-01 6.62e-01)	5.863416e+00 4.470767e+00 : 7.381559e-01
10000(997) (2.73e+00 2.69e+00) XE:2.69e-01 (1.25e+00 1.26e+00 | 6.56e-01 6.62e-01)	5.863145e+00 4.470552e+00 : 7.381213e-01
RL cnt: 0,6104067,1608479,202205,15590,0,0,0,0,0,0,0,0,0,0,0,
BL cnt: 0,0,0,0,0,0,93412,0,1453121,0,6816836,0,1453230,0,93401,0,0,0,0,0,0,
5.863145e+00 4.470552e+00 : 7.381213e-01
# InnerCodebook: deleted
# NBIDSchannel: deleted
# Gtable: deleted
# FBalg4: deleted
# StatICB: deleted
