# InnerCodebook: input ICB/ex01//cb.txt
# InnerCodebook: Nu=6 Nu2p=64 numCW=18 FlgUnique=1 FlgInvertible=1 FlgBalanced=1
# InnerCodebook: Rho=3 (ell,Delta)=(10,2) L0=2
# InnerCodebook: Rst01=4 Rst10=13
# CW
# 000:001011 (2,L2,R2) WL:0 0 1 1 2 3  WR:3 3 3 2 2 1  
# 001:001101 (2,L2,R1) WL:0 0 1 2 2 3  WR:3 3 3 2 1 1  
# 002:001110 (3,L2,R1) WL:0 0 1 2 3 3  WR:3 3 3 2 1 0  
# 003:010011 (2,L1,R2) WL:0 1 1 1 2 3  WR:3 3 2 2 2 1  
# 004:010101 (1,L1,R1) WL:0 1 1 2 2 3  WR:3 3 2 2 1 1  
# 005:010110 (2,L1,R1) WL:0 1 1 2 3 3  WR:3 3 2 2 1 0  
# 006:011001 (2,L1,R1) WL:0 1 2 2 2 3  WR:3 3 2 1 1 1  
# 007:011010 (2,L1,R1) WL:0 1 2 2 3 3  WR:3 3 2 1 1 0  
# 008:011100 (3,L1,R2) WL:0 1 2 3 3 3  WR:3 3 2 1 0 0  
# 009:100011 (3,L1,R2) WL:1 1 1 1 2 3  WR:3 2 2 2 2 1  
# 010:100101 (2,L1,R1) WL:1 1 1 2 2 3  WR:3 2 2 2 1 1  
# 011:100110 (2,L1,R1) WL:1 1 1 2 3 3  WR:3 2 2 2 1 0  
# 012:101001 (2,L1,R1) WL:1 1 2 2 2 3  WR:3 2 2 1 1 1  
# 013:101010 (1,L1,R1) WL:1 1 2 2 3 3  WR:3 2 2 1 1 0  
# 014:101100 (2,L1,R2) WL:1 1 2 3 3 3  WR:3 2 2 1 0 0  
# 015:110001 (3,L2,R1) WL:1 2 2 2 2 3  WR:3 2 1 1 1 1  
# 016:110010 (2,L2,R1) WL:1 2 2 2 3 3  WR:3 2 1 1 1 0  
# 017:110100 (2,L2,R2) WL:1 2 2 3 3 3  WR:3 2 1 1 0 0  
# CWL
# 000B:1 000D:1 000E:1 0013:1 0015:1 0016:1 0019:1 001A:1 001C:1 0023:1 
# 0025:1 0026:1 0029:1 002A:1 002C:1 0031:1 0032:1 0034:1 
# CWI
# 000B:000 000D:001 000E:002 0013:003 0015:004 0016:005 0019:006 001A:007 001C:008 0023:009 
# 0025:010 0026:011 0029:012 002A:013 002C:014 0031:015 0032:016 0034:017 
# Q=18 N=50 Nu=6 Nb=300 (Pi,Pd,Ps)=(0.000000e+00,6.000000e-03,0.000000e+00) [0]
# ICB:   ICB/ex01//cb.txt
# Const: ICB/ex01//constraint.txt
# EncCM: ICB/ex01//EncCM.bin
# ChannelMatrix: ICB/ex01//EncCM.bin (18x18)
# IDSchannel: N=300 (Pi,Pd,Ps)=(0.000000e+00,6.000000e-03,0.000000e+00) (Dmin,Dmax)=(-4,0)
# SLFBAdec: Ns=50 (Nu;Nu2min,Nu2max)=(6(64);3,8) Nb=300 Q=18
# SLFBAdec: (Pi,Pd,Ps,Pt)=(0.000000e+00,6.000000e-03,0.000000e+00,9.940000e-01) (Dmin,Dmax:Drng)=(-4,0:5)
# SLFBAdec: generating GD & GX
# SLFBAdec: generating factor graph
# ChannelMatrix: M=18 N=5832
1000 7861/50000 18 1.572200e-01 : 4.123486e+00 5.286984e-01 3.594787e+00
2000 15908/100000 18 1.590800e-01 : 4.123151e+00 5.402944e-01 3.582856e+00
3000 23777/150000 21 1.585133e-01 : 4.123250e+00 5.407847e-01 3.582465e+00
4000 31754/200000 21 1.587700e-01 : 4.123065e+00 5.417132e-01 3.581352e+00
5000 39624/250000 21 1.584960e-01 : 4.123816e+00 5.418007e-01 3.582015e+00
6000 47461/300000 21 1.582033e-01 : 4.123988e+00 5.420932e-01 3.581895e+00
7000 55010/350000 21 1.571714e-01 : 4.124420e+00 5.405640e-01 3.583856e+00
8000 62799/400000 21 1.569975e-01 : 4.124594e+00 5.404916e-01 3.584102e+00
9000 70722/450000 21 1.571600e-01 : 4.124948e+00 5.409773e-01 3.583971e+00
10000 78470/500000 21 1.569400e-01 : 4.125183e+00 5.404398e-01 3.584743e+00
11000 86160/550000 21 1.566545e-01 : 4.125343e+00 5.398665e-01 3.585477e+00
12000 93977/600000 21 1.566283e-01 : 4.125358e+00 5.397528e-01 3.585606e+00
13000 101752/650000 21 1.565415e-01 : 4.125321e+00 5.398027e-01 3.585519e+00
14000 109536/700000 21 1.564800e-01 : 4.125365e+00 5.398501e-01 3.585515e+00
15000 117405/750000 21 1.565400e-01 : 4.125369e+00 5.403615e-01 3.585007e+00
16000 125080/800000 21 1.563500e-01 : 4.125354e+00 5.402751e-01 3.585078e+00
17000 132867/850000 21 1.563141e-01 : 4.125278e+00 5.403275e-01 3.584951e+00
18000 140577/900000 21 1.561967e-01 : 4.125427e+00 5.401897e-01 3.585238e+00
19000 148397/950000 21 1.562074e-01 : 4.125465e+00 5.402427e-01 3.585222e+00
20000 156257/1000000 21 1.562570e-01 : 4.125378e+00 5.405912e-01 3.584787e+00
21000 164197/1050000 21 1.563781e-01 : 4.125358e+00 5.409974e-01 3.584361e+00
22000 172050/1100000 21 1.564091e-01 : 4.125339e+00 5.412424e-01 3.584097e+00
23000 180029/1150000 21 1.565470e-01 : 4.125251e+00 5.415535e-01 3.583697e+00
24000 187969/1200000 21 1.566408e-01 : 4.125197e+00 5.415882e-01 3.583609e+00
25000 195831/1250000 21 1.566648e-01 : 4.125217e+00 5.417069e-01 3.583510e+00
26000 203729/1300000 21 1.567146e-01 : 4.125152e+00 5.419991e-01 3.583153e+00
27000 211566/1350000 21 1.567156e-01 : 4.125121e+00 5.421108e-01 3.583010e+00
28000 219482/1400000 21 1.567729e-01 : 4.125092e+00 5.422234e-01 3.582869e+00
29000 227255/1450000 21 1.567276e-01 : 4.125065e+00 5.421491e-01 3.582916e+00
30000 235038/1500000 21 1.566920e-01 : 4.125066e+00 5.421481e-01 3.582917e+00
31000 242811/1550000 21 1.566523e-01 : 4.125009e+00 5.419517e-01 3.583057e+00
32000 250696/1600000 21 1.566850e-01 : 4.124968e+00 5.420719e-01 3.582896e+00
33000 258679/1650000 21 1.567752e-01 : 4.124995e+00 5.422779e-01 3.582717e+00
34000 266539/1700000 22 1.567876e-01 : 4.124949e+00 5.423082e-01 3.582641e+00
35000 274342/1750000 22 1.567669e-01 : 4.124932e+00 5.422277e-01 3.582705e+00
36000 282184/1800000 22 1.567689e-01 : 4.124909e+00 5.424385e-01 3.582470e+00
37000 289993/1850000 22 1.567530e-01 : 4.124891e+00 5.423495e-01 3.582542e+00
38000 297854/1900000 22 1.567653e-01 : 4.124913e+00 5.423507e-01 3.582562e+00
39000 305669/1950000 22 1.567533e-01 : 4.124953e+00 5.422974e-01 3.582656e+00
40000 313598/2000000 22 1.567990e-01 : 4.124903e+00 5.424558e-01 3.582448e+00
41000 321376/2050000 22 1.567688e-01 : 4.124941e+00 5.423942e-01 3.582546e+00
42000 329278/2100000 22 1.567990e-01 : 4.124936e+00 5.425045e-01 3.582431e+00
43000 337195/2150000 22 1.568349e-01 : 4.124911e+00 5.426286e-01 3.582282e+00
44000 345109/2200000 22 1.568677e-01 : 4.124945e+00 5.427298e-01 3.582215e+00
45000 352958/2250000 22 1.568702e-01 : 4.124907e+00 5.426993e-01 3.582207e+00
46000 360925/2300000 22 1.569239e-01 : 4.124826e+00 5.428951e-01 3.581931e+00
47000 368714/2350000 22 1.568996e-01 : 4.124833e+00 5.428423e-01 3.581991e+00
48000 376534/2400000 23 1.568892e-01 : 4.124822e+00 5.429111e-01 3.581911e+00
49000 384387/2450000 23 1.568927e-01 : 4.124839e+00 5.429206e-01 3.581919e+00
50000 392270/2500000 23 1.569080e-01 : 4.124851e+00 5.430097e-01 3.581841e+00
51000 400177/2550000 23 1.569322e-01 : 4.124790e+00 5.431135e-01 3.581676e+00
52000 407972/2600000 23 1.569123e-01 : 4.124815e+00 5.431864e-01 3.581629e+00
53000 415714/2650000 23 1.568732e-01 : 4.124776e+00 5.430909e-01 3.581685e+00
54000 423532/2700000 23 1.568637e-01 : 4.124765e+00 5.430159e-01 3.581749e+00
55000 431289/2750000 23 1.568324e-01 : 4.124769e+00 5.429315e-01 3.581838e+00
56000 439113/2800000 23 1.568261e-01 : 4.124729e+00 5.428143e-01 3.581915e+00
57000 446960/2850000 23 1.568281e-01 : 4.124713e+00 5.427982e-01 3.581914e+00
58000 454665/2900000 23 1.567810e-01 : 4.124706e+00 5.427823e-01 3.581924e+00
59000 462458/2950000 23 1.567654e-01 : 4.124751e+00 5.428253e-01 3.581926e+00
60000 470153/3000000 23 1.567177e-01 : 4.124805e+00 5.428210e-01 3.581984e+00
61000 478089/3050000 23 1.567505e-01 : 4.124833e+00 5.428775e-01 3.581955e+00
62000 485959/3100000 23 1.567610e-01 : 4.124834e+00 5.429441e-01 3.581890e+00
63000 493726/3150000 23 1.567384e-01 : 4.124828e+00 5.429318e-01 3.581896e+00
64000 501550/3200000 23 1.567344e-01 : 4.124817e+00 5.429142e-01 3.581903e+00
65000 509311/3250000 23 1.567111e-01 : 4.124848e+00 5.428856e-01 3.581962e+00
66000 517025/3300000 23 1.566742e-01 : 4.124845e+00 5.427591e-01 3.582086e+00
67000 524862/3350000 23 1.566752e-01 : 4.124866e+00 5.428340e-01 3.582032e+00
68000 532651/3400000 23 1.566621e-01 : 4.124858e+00 5.427931e-01 3.582064e+00
69000 540423/3450000 23 1.566443e-01 : 4.124854e+00 5.427472e-01 3.582106e+00
70000 548244/3500000 23 1.566411e-01 : 4.124829e+00 5.427676e-01 3.582061e+00
71000 556046/3550000 23 1.566327e-01 : 4.124832e+00 5.428080e-01 3.582024e+00
72000 563826/3600000 23 1.566183e-01 : 4.124851e+00 5.428072e-01 3.582044e+00
73000 571558/3650000 23 1.565912e-01 : 4.124850e+00 5.427477e-01 3.582103e+00
74000 579459/3700000 23 1.566105e-01 : 4.124836e+00 5.428426e-01 3.581993e+00
75000 587151/3750000 23 1.565736e-01 : 4.124876e+00 5.427920e-01 3.582084e+00
76000 595005/3800000 23 1.565803e-01 : 4.124861e+00 5.428012e-01 3.582059e+00
77000 602786/3850000 23 1.565678e-01 : 4.124853e+00 5.428110e-01 3.582042e+00
78000 610703/3900000 23 1.565905e-01 : 4.124859e+00 5.428506e-01 3.582009e+00
79000 618536/3950000 23 1.565914e-01 : 4.124877e+00 5.429073e-01 3.581970e+00
80000 626356/4000000 23 1.565890e-01 : 4.124882e+00 5.429346e-01 3.581947e+00
81000 634087/4050000 23 1.565647e-01 : 4.124881e+00 5.428487e-01 3.582032e+00
82000 641649/4100000 23 1.564998e-01 : 4.124880e+00 5.427715e-01 3.582108e+00
83000 649544/4150000 23 1.565166e-01 : 4.124864e+00 5.428034e-01 3.582061e+00
84000 657317/4200000 23 1.565040e-01 : 4.124877e+00 5.427561e-01 3.582121e+00
85000 665181/4250000 23 1.565132e-01 : 4.124885e+00 5.427973e-01 3.582088e+00
86000 673018/4300000 23 1.565158e-01 : 4.124855e+00 5.428163e-01 3.582038e+00
87000 680944/4350000 23 1.565389e-01 : 4.124809e+00 5.428892e-01 3.581920e+00
88000 688730/4400000 23 1.565295e-01 : 4.124814e+00 5.429078e-01 3.581906e+00
89000 696548/4450000 23 1.565276e-01 : 4.124780e+00 5.429117e-01 3.581869e+00
90000 704255/4500000 23 1.565011e-01 : 4.124785e+00 5.428222e-01 3.581963e+00
91000 712009/4550000 23 1.564855e-01 : 4.124796e+00 5.427658e-01 3.582030e+00
92000 719772/4600000 23 1.564722e-01 : 4.124831e+00 5.427343e-01 3.582097e+00
93000 727623/4650000 23 1.564781e-01 : 4.124843e+00 5.427274e-01 3.582116e+00
94000 735403/4700000 23 1.564687e-01 : 4.124877e+00 5.426802e-01 3.582197e+00
95000 743087/4750000 23 1.564394e-01 : 4.124899e+00 5.426800e-01 3.582219e+00
96000 750975/4800000 23 1.564531e-01 : 4.124900e+00 5.426828e-01 3.582217e+00
97000 758939/4850000 23 1.564823e-01 : 4.124878e+00 5.427392e-01 3.582138e+00
98000 766683/4900000 23 1.564659e-01 : 4.124886e+00 5.426697e-01 3.582216e+00
99000 774342/4950000 23 1.564327e-01 : 4.124912e+00 5.426483e-01 3.582264e+00
100000 782193/5000000 23 1.564386e-01 : 4.124911e+00 5.426688e-01 3.582242e+00
=== 最終統計結果 ===
総シンボル数: 5000000 個
総エラー数: 782193 個
シンボルエラー率: 0.156439 (15.64%)
1ブロック内最大エラー数: 23 個
実行イテレーション数: 100000 回
1イテレーションあたりのシンボル数: 50 個
平均エラー数/イテレーション: 7.82 個
========================
# InnerCodebook: deleted
# ChannelMatrix: deleted
# IDSchannel: deleted
# SLFBAdec: deleted
# ChannelMatrix: deleted
