# InnerCodebook: input ICB/ex01//cb.txt
# InnerCodebook: Nu=6 Nu2p=64 numCW=18 FlgUnique=1 FlgInvertible=1 FlgBalanced=1
# InnerCodebook: Rho=3 (ell,Delta)=(10,2) L0=2
# InnerCodebook: Rst01=4 Rst10=13
# CW
# 000:001011 (2,L2,R2) WL:0 0 1 1 2 3  WR:3 3 3 2 2 1  
# 001:001101 (2,L2,R1) WL:0 0 1 2 2 3  WR:3 3 3 2 1 1  
# 002:001110 (3,L2,R1) WL:0 0 1 2 3 3  WR:3 3 3 2 1 0  
# 003:010011 (2,L1,R2) WL:0 1 1 1 2 3  WR:3 3 2 2 2 1  
# 004:010101 (1,L1,R1) WL:0 1 1 2 2 3  WR:3 3 2 2 1 1  
# 005:010110 (2,L1,R1) WL:0 1 1 2 3 3  WR:3 3 2 2 1 0  
# 006:011001 (2,L1,R1) WL:0 1 2 2 2 3  WR:3 3 2 1 1 1  
# 007:011010 (2,L1,R1) WL:0 1 2 2 3 3  WR:3 3 2 1 1 0  
# 008:011100 (3,L1,R2) WL:0 1 2 3 3 3  WR:3 3 2 1 0 0  
# 009:100011 (3,L1,R2) WL:1 1 1 1 2 3  WR:3 2 2 2 2 1  
# 010:100101 (2,L1,R1) WL:1 1 1 2 2 3  WR:3 2 2 2 1 1  
# 011:100110 (2,L1,R1) WL:1 1 1 2 3 3  WR:3 2 2 2 1 0  
# 012:101001 (2,L1,R1) WL:1 1 2 2 2 3  WR:3 2 2 1 1 1  
# 013:101010 (1,L1,R1) WL:1 1 2 2 3 3  WR:3 2 2 1 1 0  
# 014:101100 (2,L1,R2) WL:1 1 2 3 3 3  WR:3 2 2 1 0 0  
# 015:110001 (3,L2,R1) WL:1 2 2 2 2 3  WR:3 2 1 1 1 1  
# 016:110010 (2,L2,R1) WL:1 2 2 2 3 3  WR:3 2 1 1 1 0  
# 017:110100 (2,L2,R2) WL:1 2 2 3 3 3  WR:3 2 1 1 0 0  
# CWL
# 000B:1 000D:1 000E:1 0013:1 0015:1 0016:1 0019:1 001A:1 001C:1 0023:1 
# 0025:1 0026:1 0029:1 002A:1 002C:1 0031:1 0032:1 0034:1 
# CWI
# 000B:000 000D:001 000E:002 0013:003 0015:004 0016:005 0019:006 001A:007 001C:008 0023:009 
# 0025:010 0026:011 0029:012 002A:013 002C:014 0031:015 0032:016 0034:017 
# Q=18 N=50 Nu=6 Nb=300 (Pi,Pd,Ps)=(0.000000e+00,3.000000e-03,0.000000e+00) [0]
# ICB:   ICB/ex01//cb.txt
# Const: ICB/ex01//constraint.txt
# EncCM: ICB/ex01//EncCM.bin
# ChannelMatrix: ICB/ex01//EncCM.bin (18x18)
# IDSchannel: N=300 (Pi,Pd,Ps)=(0.000000e+00,3.000000e-03,0.000000e+00) (Dmin,Dmax)=(-2,0)
# SLFBAdec: Ns=50 (Nu;Nu2min,Nu2max)=(6(64);3,8) Nb=300 Q=18
# SLFBAdec: (Pi,Pd,Ps,Pt)=(0.000000e+00,3.000000e-03,0.000000e+00,9.970000e-01) (Dmin,Dmax:Drng)=(-2,0:3)
# SLFBAdec: generating GD & GX
# SLFBAdec: generating factor graph
# ChannelMatrix: M=18 N=5832
1000 7046/50000 18 1.409200e-01 : 4.122063e+00 4.638710e-01 3.658192e+00
2000 14124/100000 18 1.412400e-01 : 4.124090e+00 4.685373e-01 3.655553e+00
3000 21102/150000 18 1.406800e-01 : 4.124132e+00 4.675147e-01 3.656617e+00
4000 27977/200000 18 1.398850e-01 : 4.124279e+00 4.677063e-01 3.656572e+00
5000 34937/250000 18 1.397480e-01 : 4.124191e+00 4.684962e-01 3.655695e+00
6000 41927/300000 18 1.397567e-01 : 4.124356e+00 4.685693e-01 3.655787e+00
7000 48940/350000 18 1.398286e-01 : 4.124545e+00 4.686783e-01 3.655867e+00
8000 55812/400000 18 1.395300e-01 : 4.124789e+00 4.684631e-01 3.656326e+00
9000 62874/450000 18 1.397200e-01 : 4.124788e+00 4.690792e-01 3.655708e+00
10000 69825/500000 18 1.396500e-01 : 4.124962e+00 4.689511e-01 3.656011e+00
11000 76776/550000 18 1.395927e-01 : 4.124895e+00 4.690219e-01 3.655873e+00
12000 83639/600000 18 1.393983e-01 : 4.125116e+00 4.687355e-01 3.656380e+00
13000 90568/650000 18 1.393354e-01 : 4.125377e+00 4.685630e-01 3.656814e+00
14000 97420/700000 18 1.391714e-01 : 4.125149e+00 4.683693e-01 3.656780e+00
15000 104338/750000 18 1.391173e-01 : 4.125132e+00 4.684010e-01 3.656731e+00
16000 111321/800000 18 1.391513e-01 : 4.125181e+00 4.684616e-01 3.656719e+00
17000 118298/850000 18 1.391741e-01 : 4.125053e+00 4.686638e-01 3.656390e+00
18000 125222/900000 18 1.391356e-01 : 4.125154e+00 4.688923e-01 3.656262e+00
19000 132184/950000 18 1.391411e-01 : 4.125190e+00 4.689086e-01 3.656281e+00
20000 139198/1000000 18 1.391980e-01 : 4.125193e+00 4.690092e-01 3.656183e+00
21000 146021/1050000 18 1.390676e-01 : 4.125219e+00 4.686974e-01 3.656522e+00
22000 152890/1100000 18 1.389909e-01 : 4.125207e+00 4.684451e-01 3.656762e+00
23000 159663/1150000 18 1.388374e-01 : 4.125195e+00 4.681008e-01 3.657094e+00
24000 166583/1200000 18 1.388192e-01 : 4.125275e+00 4.680336e-01 3.657242e+00
25000 173490/1250000 18 1.387920e-01 : 4.125233e+00 4.680308e-01 3.657202e+00
26000 180486/1300000 18 1.388354e-01 : 4.125243e+00 4.682269e-01 3.657016e+00
27000 187567/1350000 18 1.389385e-01 : 4.125200e+00 4.683946e-01 3.656806e+00
28000 194548/1400000 21 1.389629e-01 : 4.125192e+00 4.685002e-01 3.656692e+00
29000 201463/1450000 21 1.389400e-01 : 4.125249e+00 4.684045e-01 3.656844e+00
30000 208433/1500000 21 1.389553e-01 : 4.125236e+00 4.684429e-01 3.656793e+00
31000 215438/1550000 21 1.389923e-01 : 4.125212e+00 4.687037e-01 3.656508e+00
32000 222396/1600000 21 1.389975e-01 : 4.125216e+00 4.688060e-01 3.656410e+00
33000 229283/1650000 24 1.389594e-01 : 4.125267e+00 4.688248e-01 3.656442e+00
34000 236330/1700000 24 1.390176e-01 : 4.125288e+00 4.689693e-01 3.656319e+00
35000 243418/1750000 24 1.390960e-01 : 4.125250e+00 4.690703e-01 3.656180e+00
36000 250435/1800000 24 1.391306e-01 : 4.125271e+00 4.691316e-01 3.656140e+00
37000 257284/1850000 24 1.390724e-01 : 4.125256e+00 4.690170e-01 3.656239e+00
38000 264332/1900000 24 1.391221e-01 : 4.125222e+00 4.691370e-01 3.656085e+00
39000 271223/1950000 24 1.390887e-01 : 4.125230e+00 4.690437e-01 3.656187e+00
40000 278126/2000000 24 1.390630e-01 : 4.125188e+00 4.690353e-01 3.656153e+00
41000 285112/2050000 24 1.390790e-01 : 4.125223e+00 4.690138e-01 3.656209e+00
42000 292151/2100000 24 1.391195e-01 : 4.125256e+00 4.690822e-01 3.656174e+00
43000 299103/2150000 24 1.391177e-01 : 4.125245e+00 4.691137e-01 3.656131e+00
44000 306167/2200000 24 1.391668e-01 : 4.125203e+00 4.691963e-01 3.656007e+00
45000 313086/2250000 24 1.391493e-01 : 4.125198e+00 4.691693e-01 3.656029e+00
46000 320081/2300000 24 1.391657e-01 : 4.125163e+00 4.692127e-01 3.655950e+00
47000 326942/2350000 24 1.391243e-01 : 4.125182e+00 4.691557e-01 3.656026e+00
48000 333812/2400000 24 1.390883e-01 : 4.125199e+00 4.691052e-01 3.656094e+00
49000 340718/2450000 24 1.390686e-01 : 4.125218e+00 4.690239e-01 3.656194e+00
50000 347658/2500000 24 1.390632e-01 : 4.125228e+00 4.690576e-01 3.656170e+00
51000 354571/2550000 24 1.390475e-01 : 4.125205e+00 4.690847e-01 3.656121e+00
52000 361434/2600000 24 1.390131e-01 : 4.125192e+00 4.690444e-01 3.656147e+00
53000 368229/2650000 24 1.389543e-01 : 4.125174e+00 4.689097e-01 3.656264e+00
54000 375155/2700000 24 1.389463e-01 : 4.125183e+00 4.689289e-01 3.656255e+00
55000 381976/2750000 24 1.389004e-01 : 4.125160e+00 4.688092e-01 3.656351e+00
56000 388838/2800000 24 1.388707e-01 : 4.125161e+00 4.687397e-01 3.656421e+00
57000 395927/2850000 24 1.389218e-01 : 4.125147e+00 4.688632e-01 3.656284e+00
58000 402704/2900000 24 1.388634e-01 : 4.125102e+00 4.687792e-01 3.656323e+00
59000 409732/2950000 24 1.388922e-01 : 4.125097e+00 4.688545e-01 3.656242e+00
60000 416707/3000000 24 1.389023e-01 : 4.125089e+00 4.688988e-01 3.656190e+00
61000 423731/3050000 24 1.389282e-01 : 4.125071e+00 4.689860e-01 3.656085e+00
62000 430663/3100000 24 1.389235e-01 : 4.125064e+00 4.690215e-01 3.656042e+00
63000 437580/3150000 24 1.389143e-01 : 4.125077e+00 4.690269e-01 3.656050e+00
64000 444591/3200000 24 1.389347e-01 : 4.125089e+00 4.690480e-01 3.656041e+00
65000 451462/3250000 24 1.389114e-01 : 4.125106e+00 4.689982e-01 3.656108e+00
66000 458370/3300000 24 1.389000e-01 : 4.125139e+00 4.689420e-01 3.656197e+00
67000 465386/3350000 24 1.389212e-01 : 4.125175e+00 4.690125e-01 3.656163e+00
68000 472395/3400000 24 1.389397e-01 : 4.125160e+00 4.690759e-01 3.656084e+00
69000 479470/3450000 24 1.389768e-01 : 4.125157e+00 4.691585e-01 3.655999e+00
70000 486380/3500000 24 1.389657e-01 : 4.125134e+00 4.691044e-01 3.656029e+00
71000 493259/3550000 24 1.389462e-01 : 4.125122e+00 4.690749e-01 3.656047e+00
72000 500189/3600000 24 1.389414e-01 : 4.125107e+00 4.690924e-01 3.656015e+00
73000 507192/3650000 24 1.389567e-01 : 4.125114e+00 4.690858e-01 3.656029e+00
74000 514188/3700000 24 1.389697e-01 : 4.125089e+00 4.690882e-01 3.656001e+00
75000 521100/3750000 24 1.389600e-01 : 4.125033e+00 4.690695e-01 3.655963e+00
76000 528039/3800000 24 1.389576e-01 : 4.125019e+00 4.690683e-01 3.655951e+00
77000 534927/3850000 24 1.389421e-01 : 4.125002e+00 4.690498e-01 3.655952e+00
78000 541903/3900000 24 1.389495e-01 : 4.125027e+00 4.690217e-01 3.656005e+00
79000 548878/3950000 24 1.389565e-01 : 4.125035e+00 4.690374e-01 3.655998e+00
80000 555905/4000000 24 1.389762e-01 : 4.125048e+00 4.690661e-01 3.655982e+00
81000 562806/4050000 24 1.389644e-01 : 4.125043e+00 4.690680e-01 3.655975e+00
82000 569738/4100000 24 1.389605e-01 : 4.125039e+00 4.690638e-01 3.655975e+00
83000 576733/4150000 24 1.389718e-01 : 4.125023e+00 4.690793e-01 3.655943e+00
84000 583782/4200000 24 1.389957e-01 : 4.125017e+00 4.691221e-01 3.655895e+00
85000 590735/4250000 24 1.389965e-01 : 4.125006e+00 4.691369e-01 3.655869e+00
86000 597581/4300000 24 1.389723e-01 : 4.124998e+00 4.691200e-01 3.655878e+00
87000 604632/4350000 24 1.389959e-01 : 4.124974e+00 4.691526e-01 3.655822e+00
88000 611598/4400000 24 1.389995e-01 : 4.124973e+00 4.691804e-01 3.655793e+00
89000 618553/4450000 24 1.390007e-01 : 4.124958e+00 4.691897e-01 3.655768e+00
90000 625451/4500000 24 1.389891e-01 : 4.124947e+00 4.691196e-01 3.655828e+00
91000 632397/4550000 24 1.389884e-01 : 4.124910e+00 4.690883e-01 3.655822e+00
92000 639352/4600000 24 1.389896e-01 : 4.124926e+00 4.690668e-01 3.655859e+00
93000 646269/4650000 24 1.389826e-01 : 4.124932e+00 4.690677e-01 3.655865e+00
94000 653194/4700000 24 1.389774e-01 : 4.124926e+00 4.690255e-01 3.655901e+00
95000 660122/4750000 24 1.389731e-01 : 4.124919e+00 4.690392e-01 3.655880e+00
96000 667164/4800000 24 1.389925e-01 : 4.124933e+00 4.691140e-01 3.655819e+00
97000 674190/4850000 24 1.390082e-01 : 4.124899e+00 4.691791e-01 3.655719e+00
98000 681228/4900000 24 1.390261e-01 : 4.124929e+00 4.691937e-01 3.655736e+00
99000 688130/4950000 24 1.390162e-01 : 4.124931e+00 4.691553e-01 3.655775e+00
100000 695068/5000000 24 1.390136e-01 : 4.124924e+00 4.691309e-01 3.655793e+00
=== 最終統計結果 ===
総シンボル数: 5000000 個
総エラー数: 695068 個
シンボルエラー率: 0.139014 (13.90%)
1ブロック内最大エラー数: 24 個
実行イテレーション数: 100000 回
1イテレーションあたりのシンボル数: 50 個
平均エラー数/イテレーション: 6.95 個
========================
# InnerCodebook: deleted
# ChannelMatrix: deleted
# IDSchannel: deleted
# SLFBAdec: deleted
# ChannelMatrix: deleted
