# (Pid,Ps)=(1.000000e-02,1.000000e-02) Nseg=200 WinSize=10 lmd=1 [0]
# InnerCB: ../search03/ICB/E10.bin
# Gtable:  Gtable/5/010_010.bin
# InnerCodebook: beta=5(1024) nu=2
# InnerCodebook: B(B2p)=8(256) 7(128) 
# InnerCodebook: checked CWM, EncMap, DecMap
# beta=5(1024) nu=2 N=1000 Dmax=15
# B=8,7,
# NBIDSchannel: N=1000 Q=4 Dmax=15 (Pid,Ps)=(1.000000e-02,1.000000e-02)
# FBalg4: Nseg=200 Dmax=15(w=31)
# FBalg4: Gtable: Gtable/5/010_010.bin
# Gtable: beta=5 (Pid,Ps,Ptrn)=(1.000000e-02,1.000000e-02,9.800000e-01) Pth=1.000000e-10
# Gtable: beta4p=1024 beta4pp=1048576
# Gtable::Gtable len=0 cnt=1024
# Gtable::Gtable len=1 cnt=4096
# Gtable::Gtable len=2 cnt=16384
# Gtable::Gtable len=3 cnt=60244
# Gtable::Gtable len=4 cnt=236452
# Gtable::Gtable len=5 cnt=823900
# Gtable::Gtable len=6 cnt=1412476
# Gtable::Gtable len=7 cnt=890332
# Gtable::Gtable len=8 cnt=148720
# Gtable::Gtable len=9 cnt=5416
# Gtable::Gtable len=10 cnt=0
# FBalg4: beta=5(1024) (Pid,Ps)=(1.000000e-02,1.000000e-02) Pth=1.000000e-10 N=1000
# StatICB: nu=2 beta=5 beta4p=1024 Bsum=15 lmd=1
# StatICB: B=8,7,
0056(999) (8.79e-01 9.51e-01) XE:9.51e-02 (1.23e+00 1.23e+00 | 7.65e-01 7.60e-01)	7.675511e+00 6.726710e+00 : 9.601481e-01
0114(996) (9.39e-01 9.38e-01) XE:9.38e-02 (1.22e+00 1.23e+00 | 7.10e-01 7.58e-01)	7.618870e+00 6.671832e+00 : 9.527134e-01
0173(1000) (9.96e-01 9.33e-01) XE:9.33e-02 (1.23e+00 1.23e+00 | 7.51e-01 7.56e-01)	7.579057e+00 6.633140e+00 : 9.474798e-01
0231(999) (7.20e-01 9.43e-01) XE:9.43e-02 (1.24e+00 1.23e+00 | 7.69e-01 7.54e-01)	7.533858e+00 6.601557e+00 : 9.423610e-01
0290(1006) (9.92e-01 9.42e-01) XE:9.42e-02 (1.20e+00 1.22e+00 | 6.84e-01 7.54e-01)	7.513244e+00 6.575169e+00 : 9.392275e-01
0348(998) (8.37e-01 9.43e-01) XE:9.43e-02 (1.20e+00 1.22e+00 | 7.97e-01 7.54e-01)	7.497076e+00 6.560941e+00 : 9.372011e-01
0407(998) (9.36e-01 9.43e-01) XE:9.43e-02 (1.25e+00 1.22e+00 | 8.13e-01 7.54e-01)	7.481107e+00 6.546202e+00 : 9.351540e-01
0465(1012) (7.42e-01 9.38e-01) XE:9.38e-02 (1.24e+00 1.22e+00 | 7.75e-01 7.55e-01)	7.469964e+00 6.538512e+00 : 9.338984e-01
0524(1002) (8.17e-01 9.36e-01) XE:9.36e-02 (1.23e+00 1.22e+00 | 7.45e-01 7.55e-01)	7.460157e+00 6.528763e+00 : 9.325946e-01
0582(1003) (7.33e-01 9.33e-01) XE:9.33e-02 (1.20e+00 1.23e+00 | 6.94e-01 7.56e-01)	7.453112e+00 6.521849e+00 : 9.316641e-01
0641(993) (1.15e+00 9.40e-01) XE:9.40e-02 (1.22e+00 1.23e+00 | 7.77e-01 7.57e-01)	7.439633e+00 6.514606e+00 : 9.302826e-01
0699(998) (6.46e-01 9.40e-01) XE:9.40e-02 (1.22e+00 1.23e+00 | 7.59e-01 7.57e-01)	7.432167e+00 6.507504e+00 : 9.293114e-01
0758(1001) (1.22e+00 9.43e-01) XE:9.43e-02 (1.21e+00 1.23e+00 | 7.20e-01 7.56e-01)	7.423995e+00 6.501992e+00 : 9.283992e-01
0816(997) (7.56e-01 9.41e-01) XE:9.41e-02 (1.23e+00 1.23e+00 | 7.14e-01 7.56e-01)	7.416195e+00 6.498329e+00 : 9.276349e-01
0875(996) (1.44e+00 9.45e-01) XE:9.45e-02 (1.20e+00 1.23e+00 | 6.94e-01 7.56e-01)	7.407367e+00 6.491155e+00 : 9.265681e-01
0933(996) (9.99e-01 9.43e-01) XE:9.43e-02 (1.20e+00 1.23e+00 | 7.16e-01 7.56e-01)	7.404459e+00 6.488594e+00 : 9.262036e-01
0992(1003) (9.96e-01 9.44e-01) XE:9.44e-02 (1.21e+00 1.23e+00 | 6.34e-01 7.55e-01)	7.400288e+00 6.484426e+00 : 9.256476e-01
1050(999) (8.73e-01 9.43e-01) XE:9.43e-02 (1.21e+00 1.23e+00 | 7.08e-01 7.55e-01)	7.396558e+00 6.483084e+00 : 9.253094e-01
1109(1003) (1.06e+00 9.45e-01) XE:9.45e-02 (1.21e+00 1.23e+00 | 7.79e-01 7.54e-01)	7.391387e+00 6.478531e+00 : 9.246612e-01
1167(1001) (1.12e+00 9.44e-01) XE:9.44e-02 (1.22e+00 1.23e+00 | 7.45e-01 7.55e-01)	7.388868e+00 6.475785e+00 : 9.243102e-01
1226(1001) (1.40e+00 9.42e-01) XE:9.42e-02 (1.24e+00 1.23e+00 | 7.45e-01 7.55e-01)	7.386695e+00 6.475082e+00 : 9.241185e-01
1284(998) (1.23e+00 9.42e-01) XE:9.42e-02 (1.24e+00 1.23e+00 | 8.05e-01 7.55e-01)	7.384784e+00 6.472109e+00 : 9.237929e-01
1343(998) (1.15e+00 9.41e-01) XE:9.41e-02 (1.22e+00 1.23e+00 | 7.39e-01 7.55e-01)	7.382069e+00 6.470003e+00 : 9.234714e-01
1401(1004) (1.11e+00 9.41e-01) XE:9.41e-02 (1.22e+00 1.23e+00 | 7.12e-01 7.55e-01)	7.378962e+00 6.468534e+00 : 9.231664e-01
1460(1003) (8.74e-01 9.40e-01) XE:9.40e-02 (1.22e+00 1.22e+00 | 6.60e-01 7.55e-01)	7.377396e+00 6.467600e+00 : 9.229997e-01
1518(1011) (8.22e-01 9.40e-01) XE:9.40e-02 (1.24e+00 1.22e+00 | 7.06e-01 7.55e-01)	7.374163e+00 6.465884e+00 : 9.226698e-01
1577(1003) (8.17e-01 9.42e-01) XE:9.42e-02 (1.22e+00 1.23e+00 | 7.27e-01 7.54e-01)	7.370958e+00 6.464249e+00 : 9.223471e-01
1635(999) (5.46e-01 9.41e-01) XE:9.41e-02 (1.22e+00 1.22e+00 | 7.27e-01 7.54e-01)	7.369087e+00 6.463875e+00 : 9.221974e-01
1694(997) (1.06e+00 9.42e-01) XE:9.42e-02 (1.26e+00 1.23e+00 | 7.51e-01 7.54e-01)	7.366245e+00 6.461643e+00 : 9.218592e-01
1752(1000) (1.31e+00 9.41e-01) XE:9.41e-02 (1.23e+00 1.22e+00 | 7.55e-01 7.54e-01)	7.364309e+00 6.461085e+00 : 9.216929e-01
1811(999) (8.16e-01 9.40e-01) XE:9.40e-02 (1.23e+00 1.22e+00 | 7.69e-01 7.54e-01)	7.362424e+00 6.460893e+00 : 9.215545e-01
1869(996) (1.12e+00 9.39e-01) XE:9.39e-02 (1.25e+00 1.22e+00 | 7.43e-01 7.54e-01)	7.360916e+00 6.462020e+00 : 9.215291e-01
1928(1000) (7.86e-01 9.40e-01) XE:9.40e-02 (1.20e+00 1.22e+00 | 6.80e-01 7.54e-01)	7.359302e+00 6.459870e+00 : 9.212781e-01
1986(1007) (8.23e-01 9.40e-01) XE:9.40e-02 (1.22e+00 1.22e+00 | 7.81e-01 7.53e-01)	7.357673e+00 6.459016e+00 : 9.211125e-01
2044(1004) (6.77e-01 9.40e-01) XE:9.40e-02 (1.25e+00 1.22e+00 | 7.59e-01 7.54e-01)	7.356405e+00 6.458163e+00 : 9.209712e-01
2103(996) (1.06e+00 9.39e-01) XE:9.39e-02 (1.18e+00 1.22e+00 | 6.62e-01 7.53e-01)	7.354496e+00 6.458479e+00 : 9.208650e-01
2161(1002) (1.13e+00 9.39e-01) XE:9.39e-02 (1.20e+00 1.22e+00 | 7.65e-01 7.54e-01)	7.353753e+00 6.457746e+00 : 9.207667e-01
2220(993) (1.31e+00 9.38e-01) XE:9.38e-02 (1.20e+00 1.22e+00 | 7.57e-01 7.53e-01)	7.352970e+00 6.457373e+00 : 9.206895e-01
2278(997) (9.34e-01 9.38e-01) XE:9.38e-02 (1.24e+00 1.22e+00 | 7.41e-01 7.53e-01)	7.352328e+00 6.457064e+00 : 9.206261e-01
2337(996) (7.31e-01 9.37e-01) XE:9.37e-02 (1.22e+00 1.22e+00 | 7.85e-01 7.53e-01)	7.351859e+00 6.457022e+00 : 9.205920e-01
2395(1001) (7.94e-01 9.38e-01) XE:9.38e-02 (1.24e+00 1.22e+00 | 6.82e-01 7.53e-01)	7.349823e+00 6.455460e+00 : 9.203522e-01
2454(998) (9.65e-01 9.37e-01) XE:9.37e-02 (1.22e+00 1.22e+00 | 6.92e-01 7.53e-01)	7.348847e+00 6.455109e+00 : 9.202638e-01
2512(1002) (8.15e-01 9.36e-01) XE:9.36e-02 (1.22e+00 1.22e+00 | 7.95e-01 7.53e-01)	7.348929e+00 6.454823e+00 : 9.202501e-01
2571(999) (8.89e-01 9.36e-01) XE:9.36e-02 (1.24e+00 1.22e+00 | 7.53e-01 7.53e-01)	7.348203e+00 6.453980e+00 : 9.201455e-01
2629(1001) (5.12e-01 9.36e-01) XE:9.36e-02 (1.21e+00 1.22e+00 | 7.10e-01 7.54e-01)	7.347660e+00 6.453085e+00 : 9.200496e-01
2687(1010) (1.06e+00 9.37e-01) XE:9.37e-02 (1.25e+00 1.22e+00 | 7.10e-01 7.53e-01)	7.346744e+00 6.451975e+00 : 9.199146e-01
2746(998) (9.98e-01 9.37e-01) XE:9.37e-02 (1.19e+00 1.22e+00 | 6.98e-01 7.53e-01)	7.346272e+00 6.451642e+00 : 9.198610e-01
2804(995) (7.86e-01 9.37e-01) XE:9.37e-02 (1.23e+00 1.22e+00 | 7.06e-01 7.53e-01)	7.344930e+00 6.451061e+00 : 9.197327e-01
2863(1008) (6.95e-01 9.37e-01) XE:9.37e-02 (1.24e+00 1.22e+00 | 7.47e-01 7.53e-01)	7.344210e+00 6.450701e+00 : 9.196608e-01
2921(1002) (9.35e-01 9.37e-01) XE:9.37e-02 (1.25e+00 1.22e+00 | 7.65e-01 7.53e-01)	7.343493e+00 6.449696e+00 : 9.195459e-01
2979(999) (1.15e+00 9.37e-01) XE:9.37e-02 (1.23e+00 1.22e+00 | 8.09e-01 7.53e-01)	7.343037e+00 6.449647e+00 : 9.195123e-01
3038(996) (9.95e-01 9.37e-01) XE:9.37e-02 (1.25e+00 1.22e+00 | 7.41e-01 7.53e-01)	7.343066e+00 6.449203e+00 : 9.194846e-01
3097(1002) (1.07e+00 9.36e-01) XE:9.36e-02 (1.23e+00 1.22e+00 | 7.67e-01 7.53e-01)	7.342422e+00 6.448419e+00 : 9.193894e-01
3155(1013) (8.11e-01 9.36e-01) XE:9.36e-02 (1.22e+00 1.22e+00 | 7.57e-01 7.53e-01)	7.342683e+00 6.447880e+00 : 9.193708e-01
3213(1004) (6.67e-01 9.37e-01) XE:9.37e-02 (1.21e+00 1.22e+00 | 7.95e-01 7.53e-01)	7.341569e+00 6.446965e+00 : 9.192356e-01
3272(1000) (7.81e-01 9.37e-01) XE:9.37e-02 (1.23e+00 1.22e+00 | 7.57e-01 7.53e-01)	7.340704e+00 6.446443e+00 : 9.191431e-01
3330(994) (7.89e-01 9.37e-01) XE:9.37e-02 (1.22e+00 1.22e+00 | 7.81e-01 7.53e-01)	7.340700e+00 6.446381e+00 : 9.191388e-01
3389(995) (1.43e+00 9.38e-01) XE:9.38e-02 (1.24e+00 1.22e+00 | 8.52e-01 7.53e-01)	7.339556e+00 6.446050e+00 : 9.190404e-01
3447(999) (8.40e-01 9.38e-01) XE:9.38e-02 (1.20e+00 1.22e+00 | 7.00e-01 7.53e-01)	7.338518e+00 6.445106e+00 : 9.189083e-01
3506(999) (7.24e-01 9.37e-01) XE:9.37e-02 (1.24e+00 1.22e+00 | 7.67e-01 7.53e-01)	7.338280e+00 6.444644e+00 : 9.188616e-01
3564(996) (8.36e-01 9.37e-01) XE:9.37e-02 (1.23e+00 1.22e+00 | 8.05e-01 7.53e-01)	7.337758e+00 6.444547e+00 : 9.188204e-01
3623(997) (9.77e-01 9.38e-01) XE:9.38e-02 (1.20e+00 1.22e+00 | 7.43e-01 7.53e-01)	7.337372e+00 6.443544e+00 : 9.187278e-01
3681(1003) (1.01e+00 9.37e-01) XE:9.37e-02 (1.20e+00 1.22e+00 | 6.96e-01 7.53e-01)	7.337784e+00 6.444092e+00 : 9.187917e-01
3740(993) (5.84e-01 9.37e-01) XE:9.37e-02 (1.23e+00 1.22e+00 | 7.69e-01 7.53e-01)	7.337150e+00 6.443331e+00 : 9.186988e-01
3798(1003) (8.73e-01 9.37e-01) XE:9.37e-02 (1.22e+00 1.22e+00 | 7.87e-01 7.53e-01)	7.336185e+00 6.443061e+00 : 9.186164e-01
3857(1003) (1.16e+00 9.37e-01) XE:9.37e-02 (1.22e+00 1.22e+00 | 7.23e-01 7.53e-01)	7.335692e+00 6.442771e+00 : 9.185642e-01
3916(1004) (7.65e-01 9.37e-01) XE:9.37e-02 (1.22e+00 1.22e+00 | 7.00e-01 7.53e-01)	7.335159e+00 6.442377e+00 : 9.185024e-01
3974(993) (1.04e+00 9.37e-01) XE:9.37e-02 (1.21e+00 1.22e+00 | 7.08e-01 7.53e-01)	7.334586e+00 6.442280e+00 : 9.184578e-01
4033(1006) (9.13e-01 9.37e-01) XE:9.37e-02 (1.20e+00 1.22e+00 | 7.69e-01 7.53e-01)	7.334514e+00 6.442242e+00 : 9.184504e-01
4091(997) (9.35e-01 9.37e-01) XE:9.37e-02 (1.26e+00 1.22e+00 | 7.61e-01 7.53e-01)	7.333665e+00 6.442373e+00 : 9.184026e-01
4150(1002) (9.70e-01 9.36e-01) XE:9.36e-02 (1.22e+00 1.22e+00 | 7.71e-01 7.53e-01)	7.333526e+00 6.442280e+00 : 9.183870e-01
4208(1006) (9.93e-01 9.37e-01) XE:9.37e-02 (1.22e+00 1.22e+00 | 8.09e-01 7.53e-01)	7.332697e+00 6.441824e+00 : 9.183014e-01
4267(1002) (1.10e+00 9.36e-01) XE:9.36e-02 (1.23e+00 1.22e+00 | 7.63e-01 7.53e-01)	7.332180e+00 6.442078e+00 : 9.182838e-01
4325(1002) (8.59e-01 9.36e-01) XE:9.36e-02 (1.20e+00 1.22e+00 | 7.16e-01 7.53e-01)	7.332279e+00 6.441864e+00 : 9.182762e-01
4384(1010) (7.51e-01 9.36e-01) XE:9.36e-02 (1.20e+00 1.22e+00 | 7.14e-01 7.53e-01)	7.332438e+00 6.441476e+00 : 9.182609e-01
4442(1003) (6.95e-01 9.36e-01) XE:9.36e-02 (1.23e+00 1.22e+00 | 7.41e-01 7.53e-01)	7.332473e+00 6.440908e+00 : 9.182254e-01
4501(1008) (6.87e-01 9.36e-01) XE:9.36e-02 (1.25e+00 1.22e+00 | 7.77e-01 7.53e-01)	7.332182e+00 6.440367e+00 : 9.181699e-01
4559(1000) (1.08e+00 9.36e-01) XE:9.36e-02 (1.25e+00 1.22e+00 | 8.21e-01 7.53e-01)	7.331897e+00 6.439763e+00 : 9.181107e-01
4617(997) (9.85e-01 9.36e-01) XE:9.36e-02 (1.24e+00 1.22e+00 | 9.16e-01 7.53e-01)	7.331612e+00 6.439785e+00 : 9.180931e-01
4676(998) (1.10e+00 9.37e-01) XE:9.37e-02 (1.23e+00 1.22e+00 | 7.08e-01 7.53e-01)	7.330491e+00 6.439276e+00 : 9.179845e-01
4735(999) (7.40e-01 9.36e-01) XE:9.36e-02 (1.25e+00 1.22e+00 | 8.29e-01 7.53e-01)	7.330976e+00 6.439674e+00 : 9.180433e-01
4793(1000) (1.17e+00 9.36e-01) XE:9.36e-02 (1.21e+00 1.22e+00 | 7.65e-01 7.53e-01)	7.330985e+00 6.439420e+00 : 9.180270e-01
4852(1002) (1.08e+00 9.37e-01) XE:9.37e-02 (1.25e+00 1.22e+00 | 6.84e-01 7.53e-01)	7.330450e+00 6.439384e+00 : 9.179889e-01
4910(1000) (9.95e-01 9.36e-01) XE:9.36e-02 (1.19e+00 1.22e+00 | 7.77e-01 7.53e-01)	7.330196e+00 6.439581e+00 : 9.179851e-01
4969(1006) (7.72e-01 9.37e-01) XE:9.37e-02 (1.22e+00 1.22e+00 | 7.77e-01 7.53e-01)	7.329731e+00 6.439322e+00 : 9.179368e-01
5027(1005) (7.78e-01 9.37e-01) XE:9.37e-02 (1.20e+00 1.22e+00 | 7.95e-01 7.53e-01)	7.329147e+00 6.439101e+00 : 9.178832e-01
5085(1000) (6.53e-01 9.37e-01) XE:9.37e-02 (1.25e+00 1.22e+00 | 7.87e-01 7.53e-01)	7.328637e+00 6.438948e+00 : 9.178390e-01
5144(997) (1.11e+00 9.37e-01) XE:9.37e-02 (1.22e+00 1.22e+00 | 7.59e-01 7.53e-01)	7.328005e+00 6.438396e+00 : 9.177600e-01
5202(999) (7.92e-01 9.37e-01) XE:9.37e-02 (1.23e+00 1.22e+00 | 7.35e-01 7.52e-01)	7.327844e+00 6.438596e+00 : 9.177626e-01
5261(1001) (1.14e+00 9.37e-01) XE:9.37e-02 (1.22e+00 1.22e+00 | 7.18e-01 7.52e-01)	7.327373e+00 6.438559e+00 : 9.177288e-01
5319(996) (1.34e+00 9.37e-01) XE:9.37e-02 (1.23e+00 1.22e+00 | 7.79e-01 7.52e-01)	7.326910e+00 6.438084e+00 : 9.176663e-01
5378(1004) (7.24e-01 9.37e-01) XE:9.37e-02 (1.19e+00 1.22e+00 | 7.23e-01 7.52e-01)	7.326297e+00 6.437955e+00 : 9.176168e-01
5436(1007) (9.69e-01 9.37e-01) XE:9.37e-02 (1.21e+00 1.22e+00 | 7.71e-01 7.52e-01)	7.325879e+00 6.437896e+00 : 9.175850e-01
5495(1001) (8.76e-01 9.37e-01) XE:9.37e-02 (1.24e+00 1.22e+00 | 7.83e-01 7.52e-01)	7.325643e+00 6.437472e+00 : 9.175410e-01
5553(1009) (7.94e-01 9.37e-01) XE:9.37e-02 (1.21e+00 1.22e+00 | 7.53e-01 7.52e-01)	7.325038e+00 6.437383e+00 : 9.174948e-01
5611(1003) (1.05e+00 9.37e-01) XE:9.37e-02 (1.21e+00 1.22e+00 | 6.96e-01 7.53e-01)	7.324642e+00 6.437418e+00 : 9.174707e-01
5670(1007) (9.51e-01 9.36e-01) XE:9.36e-02 (1.24e+00 1.22e+00 | 7.33e-01 7.52e-01)	7.324521e+00 6.437178e+00 : 9.174466e-01
5728(1004) (8.71e-01 9.36e-01) XE:9.36e-02 (1.20e+00 1.22e+00 | 7.57e-01 7.53e-01)	7.324133e+00 6.437427e+00 : 9.174373e-01
5787(1004) (9.26e-01 9.36e-01) XE:9.36e-02 (1.22e+00 1.22e+00 | 6.42e-01 7.52e-01)	7.324479e+00 6.437425e+00 : 9.174602e-01
5845(999) (6.14e-01 9.36e-01) XE:9.36e-02 (1.24e+00 1.22e+00 | 7.27e-01 7.53e-01)	7.324383e+00 6.437680e+00 : 9.174709e-01
5904(998) (7.63e-01 9.36e-01) XE:9.36e-02 (1.21e+00 1.22e+00 | 7.69e-01 7.53e-01)	7.323902e+00 6.437705e+00 : 9.174404e-01
5962(997) (1.38e+00 9.36e-01) XE:9.36e-02 (1.21e+00 1.22e+00 | 7.59e-01 7.53e-01)	7.323594e+00 6.437675e+00 : 9.174179e-01
6021(1001) (1.02e+00 9.35e-01) XE:9.35e-02 (1.23e+00 1.22e+00 | 8.21e-01 7.53e-01)	7.323640e+00 6.437668e+00 : 9.174205e-01
6079(1000) (1.14e+00 9.36e-01) XE:9.36e-02 (1.21e+00 1.22e+00 | 6.70e-01 7.53e-01)	7.323303e+00 6.437474e+00 : 9.173851e-01
6138(1001) (8.79e-01 9.36e-01) XE:9.36e-02 (1.23e+00 1.22e+00 | 7.81e-01 7.53e-01)	7.323243e+00 6.437743e+00 : 9.173990e-01
6196(1001) (9.20e-01 9.36e-01) XE:9.36e-02 (1.23e+00 1.22e+00 | 7.69e-01 7.53e-01)	7.323153e+00 6.437710e+00 : 9.173908e-01
6255(1001) (8.90e-01 9.35e-01) XE:9.35e-02 (1.23e+00 1.22e+00 | 7.87e-01 7.53e-01)	7.323339e+00 6.437685e+00 : 9.174016e-01
6313(992) (1.47e+00 9.36e-01) XE:9.36e-02 (1.26e+00 1.22e+00 | 8.31e-01 7.53e-01)	7.322742e+00 6.437618e+00 : 9.173574e-01
6372(995) (1.03e+00 9.36e-01) XE:9.36e-02 (1.23e+00 1.22e+00 | 7.45e-01 7.53e-01)	7.322123e+00 6.437241e+00 : 9.172909e-01
6430(1005) (9.18e-01 9.36e-01) XE:9.36e-02 (1.27e+00 1.22e+00 | 8.54e-01 7.53e-01)	7.321872e+00 6.437417e+00 : 9.172859e-01
6489(1012) (9.59e-01 9.36e-01) XE:9.36e-02 (1.21e+00 1.22e+00 | 7.57e-01 7.53e-01)	7.321629e+00 6.437352e+00 : 9.172654e-01
6547(999) (1.03e+00 9.36e-01) XE:9.36e-02 (1.23e+00 1.22e+00 | 7.85e-01 7.53e-01)	7.321142e+00 6.437293e+00 : 9.172291e-01
6606(1006) (9.62e-01 9.36e-01) XE:9.36e-02 (1.22e+00 1.22e+00 | 8.01e-01 7.53e-01)	7.320784e+00 6.437116e+00 : 9.171934e-01
6664(1000) (7.20e-01 9.36e-01) XE:9.36e-02 (1.24e+00 1.22e+00 | 7.51e-01 7.53e-01)	7.320747e+00 6.436859e+00 : 9.171737e-01
6723(1005) (7.52e-01 9.36e-01) XE:9.36e-02 (1.21e+00 1.22e+00 | 7.65e-01 7.53e-01)	7.320785e+00 6.436706e+00 : 9.171660e-01
6781(1003) (8.56e-01 9.35e-01) XE:9.35e-02 (1.22e+00 1.22e+00 | 7.12e-01 7.53e-01)	7.320786e+00 6.436918e+00 : 9.171803e-01
6840(1004) (9.84e-01 9.35e-01) XE:9.35e-02 (1.24e+00 1.22e+00 | 6.96e-01 7.53e-01)	7.320693e+00 6.436763e+00 : 9.171637e-01
6898(997) (8.41e-01 9.35e-01) XE:9.35e-02 (1.21e+00 1.22e+00 | 7.71e-01 7.53e-01)	7.320494e+00 6.436645e+00 : 9.171426e-01
6957(997) (1.24e+00 9.35e-01) XE:9.35e-02 (1.19e+00 1.22e+00 | 6.86e-01 7.53e-01)	7.320232e+00 6.436490e+00 : 9.171148e-01
7015(1001) (1.16e+00 9.35e-01) XE:9.35e-02 (1.20e+00 1.22e+00 | 7.59e-01 7.53e-01)	7.320027e+00 6.436595e+00 : 9.171081e-01
7074(999) (8.58e-01 9.35e-01) XE:9.35e-02 (1.24e+00 1.22e+00 | 7.73e-01 7.53e-01)	7.320059e+00 6.436987e+00 : 9.171364e-01
7132(1013) (9.22e-01 9.35e-01) XE:9.35e-02 (1.24e+00 1.22e+00 | 7.81e-01 7.53e-01)	7.319941e+00 6.436787e+00 : 9.171152e-01
7191(995) (1.52e+00 9.35e-01) XE:9.35e-02 (1.22e+00 1.22e+00 | 7.87e-01 7.53e-01)	7.319834e+00 6.436398e+00 : 9.170821e-01
7249(1000) (8.74e-01 9.35e-01) XE:9.35e-02 (1.21e+00 1.22e+00 | 7.39e-01 7.53e-01)	7.319655e+00 6.436576e+00 : 9.170821e-01
7308(1000) (1.46e+00 9.35e-01) XE:9.35e-02 (1.23e+00 1.22e+00 | 7.51e-01 7.53e-01)	7.319378e+00 6.436389e+00 : 9.170511e-01
7366(1009) (9.89e-01 9.34e-01) XE:9.34e-02 (1.23e+00 1.22e+00 | 7.65e-01 7.53e-01)	7.319537e+00 6.436471e+00 : 9.170672e-01
7424(995) (8.71e-01 9.34e-01) XE:9.34e-02 (1.22e+00 1.22e+00 | 7.18e-01 7.53e-01)	7.319272e+00 6.436385e+00 : 9.170438e-01
7483(1003) (8.38e-01 9.34e-01) XE:9.34e-02 (1.24e+00 1.22e+00 | 7.99e-01 7.53e-01)	7.319338e+00 6.436000e+00 : 9.170225e-01
7541(1001) (9.30e-01 9.34e-01) XE:9.34e-02 (1.21e+00 1.22e+00 | 6.34e-01 7.53e-01)	7.319456e+00 6.436034e+00 : 9.170327e-01
7600(999) (1.01e+00 9.34e-01) XE:9.34e-02 (1.20e+00 1.22e+00 | 6.96e-01 7.53e-01)	7.319142e+00 6.436071e+00 : 9.170142e-01
7658(1003) (8.80e-01 9.35e-01) XE:9.35e-02 (1.21e+00 1.22e+00 | 7.47e-01 7.53e-01)	7.319177e+00 6.435782e+00 : 9.169972e-01
7717(999) (8.94e-01 9.34e-01) XE:9.34e-02 (1.19e+00 1.22e+00 | 7.31e-01 7.53e-01)	7.319305e+00 6.435874e+00 : 9.170119e-01
7775(995) (8.62e-01 9.34e-01) XE:9.34e-02 (1.21e+00 1.22e+00 | 7.81e-01 7.53e-01)	7.319172e+00 6.435757e+00 : 9.169953e-01
7834(1001) (7.58e-01 9.34e-01) XE:9.34e-02 (1.23e+00 1.22e+00 | 7.77e-01 7.53e-01)	7.319103e+00 6.435935e+00 : 9.170026e-01
7892(1007) (7.80e-01 9.34e-01) XE:9.34e-02 (1.24e+00 1.22e+00 | 6.86e-01 7.53e-01)	7.319016e+00 6.435759e+00 : 9.169850e-01
7951(1001) (1.45e+00 9.34e-01) XE:9.34e-02 (1.21e+00 1.22e+00 | 7.31e-01 7.53e-01)	7.319062e+00 6.435570e+00 : 9.169755e-01
8009(993) (9.13e-01 9.34e-01) XE:9.34e-02 (1.21e+00 1.22e+00 | 7.18e-01 7.53e-01)	7.318793e+00 6.435283e+00 : 9.169384e-01
8067(995) (7.01e-01 9.34e-01) XE:9.34e-02 (1.24e+00 1.22e+00 | 7.16e-01 7.53e-01)	7.318727e+00 6.435062e+00 : 9.169193e-01
8126(998) (9.52e-01 9.34e-01) XE:9.34e-02 (1.23e+00 1.22e+00 | 7.73e-01 7.53e-01)	7.318763e+00 6.435097e+00 : 9.169240e-01
8184(1001) (1.06e+00 9.34e-01) XE:9.34e-02 (1.26e+00 1.22e+00 | 7.41e-01 7.53e-01)	7.318568e+00 6.434973e+00 : 9.169027e-01
8243(998) (8.01e-01 9.35e-01) XE:9.35e-02 (1.26e+00 1.22e+00 | 7.55e-01 7.53e-01)	7.318229e+00 6.434637e+00 : 9.168578e-01
8301(1005) (1.31e+00 9.35e-01) XE:9.35e-02 (1.24e+00 1.22e+00 | 8.19e-01 7.53e-01)	7.317935e+00 6.434275e+00 : 9.168140e-01
8360(997) (1.09e+00 9.34e-01) XE:9.34e-02 (1.22e+00 1.22e+00 | 7.43e-01 7.53e-01)	7.317865e+00 6.434352e+00 : 9.168145e-01
8418(1002) (6.53e-01 9.34e-01) XE:9.34e-02 (1.25e+00 1.22e+00 | 7.12e-01 7.53e-01)	7.318138e+00 6.434352e+00 : 9.168327e-01
8477(1006) (5.70e-01 9.34e-01) XE:9.34e-02 (1.21e+00 1.22e+00 | 8.82e-01 7.53e-01)	7.317811e+00 6.434071e+00 : 9.167921e-01
8535(1001) (1.10e+00 9.34e-01) XE:9.34e-02 (1.23e+00 1.22e+00 | 7.29e-01 7.53e-01)	7.317695e+00 6.433941e+00 : 9.167758e-01
8594(998) (6.24e-01 9.34e-01) XE:9.34e-02 (1.22e+00 1.22e+00 | 7.67e-01 7.53e-01)	7.317482e+00 6.434016e+00 : 9.167665e-01
8652(997) (9.09e-01 9.34e-01) XE:9.34e-02 (1.26e+00 1.22e+00 | 8.40e-01 7.53e-01)	7.317190e+00 6.434191e+00 : 9.167588e-01
8711(998) (9.87e-01 9.34e-01) XE:9.34e-02 (1.19e+00 1.22e+00 | 7.59e-01 7.53e-01)	7.317098e+00 6.433906e+00 : 9.167336e-01
8769(999) (1.23e+00 9.34e-01) XE:9.34e-02 (1.22e+00 1.22e+00 | 7.08e-01 7.53e-01)	7.317069e+00 6.433643e+00 : 9.167142e-01
8828(992) (1.15e+00 9.34e-01) XE:9.34e-02 (1.24e+00 1.22e+00 | 8.21e-01 7.53e-01)	7.317044e+00 6.433639e+00 : 9.167122e-01
8886(1007) (7.32e-01 9.34e-01) XE:9.34e-02 (1.19e+00 1.22e+00 | 7.77e-01 7.53e-01)	7.317023e+00 6.433345e+00 : 9.166913e-01
8945(1003) (1.01e+00 9.34e-01) XE:9.34e-02 (1.21e+00 1.22e+00 | 7.16e-01 7.53e-01)	7.317061e+00 6.433283e+00 : 9.166896e-01
9003(1004) (7.27e-01 9.34e-01) XE:9.34e-02 (1.20e+00 1.22e+00 | 7.87e-01 7.53e-01)	7.316897e+00 6.433080e+00 : 9.166651e-01
9062(1007) (6.74e-01 9.34e-01) XE:9.34e-02 (1.24e+00 1.22e+00 | 8.29e-01 7.53e-01)	7.316755e+00 6.433088e+00 : 9.166562e-01
9120(1004) (5.78e-01 9.34e-01) XE:9.34e-02 (1.22e+00 1.22e+00 | 7.89e-01 7.53e-01)	7.316475e+00 6.432950e+00 : 9.166283e-01
9179(997) (1.11e+00 9.34e-01) XE:9.34e-02 (1.23e+00 1.22e+00 | 7.27e-01 7.53e-01)	7.316702e+00 6.432768e+00 : 9.166313e-01
9237(992) (9.85e-01 9.34e-01) XE:9.34e-02 (1.24e+00 1.22e+00 | 7.27e-01 7.53e-01)	7.316440e+00 6.432835e+00 : 9.166184e-01
9296(998) (8.78e-01 9.34e-01) XE:9.34e-02 (1.19e+00 1.22e+00 | 6.58e-01 7.53e-01)	7.316624e+00 6.432814e+00 : 9.166292e-01
9354(991) (1.08e+00 9.34e-01) XE:9.34e-02 (1.21e+00 1.22e+00 | 7.14e-01 7.53e-01)	7.316445e+00 6.432673e+00 : 9.166078e-01
9413(997) (8.63e-01 9.35e-01) XE:9.35e-02 (1.23e+00 1.22e+00 | 7.57e-01 7.53e-01)	7.316053e+00 6.432437e+00 : 9.165660e-01
9471(996) (6.31e-01 9.35e-01) XE:9.35e-02 (1.23e+00 1.22e+00 | 7.81e-01 7.53e-01)	7.316118e+00 6.432414e+00 : 9.165688e-01
9530(1002) (7.31e-01 9.34e-01) XE:9.34e-02 (1.21e+00 1.22e+00 | 7.10e-01 7.53e-01)	7.316082e+00 6.432347e+00 : 9.165619e-01
9588(997) (1.08e+00 9.34e-01) XE:9.34e-02 (1.21e+00 1.22e+00 | 7.45e-01 7.53e-01)	7.315965e+00 6.432454e+00 : 9.165613e-01
9647(999) (9.59e-01 9.34e-01) XE:9.34e-02 (1.25e+00 1.22e+00 | 8.13e-01 7.53e-01)	7.315711e+00 6.432379e+00 : 9.165393e-01
9705(999) (8.10e-01 9.35e-01) XE:9.35e-02 (1.22e+00 1.22e+00 | 7.57e-01 7.53e-01)	7.315474e+00 6.432143e+00 : 9.165078e-01
9764(1004) (9.88e-01 9.35e-01) XE:9.35e-02 (1.24e+00 1.22e+00 | 7.55e-01 7.53e-01)	7.315245e+00 6.432053e+00 : 9.164865e-01
9822(998) (8.41e-01 9.35e-01) XE:9.35e-02 (1.26e+00 1.22e+00 | 8.05e-01 7.53e-01)	7.315219e+00 6.432094e+00 : 9.164875e-01
9881(994) (1.13e+00 9.35e-01) XE:9.35e-02 (1.24e+00 1.22e+00 | 7.59e-01 7.53e-01)	7.315234e+00 6.431888e+00 : 9.164748e-01
9939(994) (9.50e-01 9.35e-01) XE:9.35e-02 (1.25e+00 1.22e+00 | 7.87e-01 7.53e-01)	7.315220e+00 6.431810e+00 : 9.164687e-01
9998(998) (9.02e-01 9.35e-01) XE:9.35e-02 (1.22e+00 1.22e+00 | 8.11e-01 7.53e-01)	7.315209e+00 6.431527e+00 : 9.164491e-01
10000(1000) (8.31e-01 9.35e-01) XE:9.35e-02 (1.23e+00 1.22e+00 | 7.35e-01 7.53e-01)	7.315198e+00 6.431503e+00 : 9.164467e-01
RL cnt: 0,6548204,1382873,195415,20044,1773,0,0,0,0,0,0,0,0,0,0,
BL cnt: 0,0,0,0,0,0,100606,0,1663953,0,6380609,0,1664451,0,100381,0,0,0,0,0,0,
7.315198e+00 6.431503e+00 : 9.164467e-01
# InnerCodebook: deleted
# NBIDSchannel: deleted
# Gtable: deleted
# FBalg4: deleted
# StatICB: deleted
