# (Pid,Ps)=(2.000000e-02,1.000000e-02) Nseg=1000 WinSize=10 [0]
# InnerCB: ICB/marker/6_1_0.bin
# Gtable:  Gtable/1/020_010.bin
# InnerCodebook: beta=1(4) nu=7
# InnerCodebook: B(B2p)=2(4) 2(4) 2(4) 2(4) 2(4) 2(4) 0(1) 
# InnerCodebook: checked CWM, EncMap, DecMap
# beta=1(4) N=1000 Dmax=25
# NBIDSchannel: N=1000 Q=4 Dmax=25 (Pid,Ps)=(2.000000e-02,1.000000e-02)
# FBalg4: Nseg=1000 Dmax=25(w=51)
# FBalg4: Gtable: Gtable/1/020_010.bin
# Gtable: beta=1 (Pid,Ps,Ptrn)=(2.000000e-02,1.000000e-02,9.600000e-01) Pth=1.000000e-10
# Gtable: beta4p=4 beta4pp=16
# Gtable::Gtable len=0 cnt=4
# Gtable::Gtable len=1 cnt=16
# Gtable::Gtable len=2 cnt=64
# FBalg4: beta=1(4) (Pid,Ps)=(2.000000e-02,1.000000e-02) Pth=1.000000e-10 N=1000
1329(998) (3.88e-01 4.50e-01) XE:2.25e-01 (1.39e+00 1.33e+00 | 2.94e+00 2.58e+00)
2668(1001) (4.83e-01 4.50e-01) XE:2.25e-01 (1.31e+00 1.33e+00 | 2.40e+00 2.57e+00)
4006(1004) (4.16e-01 4.50e-01) XE:2.25e-01 (1.34e+00 1.33e+00 | 2.39e+00 2.57e+00)
5344(1003) (3.72e-01 4.50e-01) XE:2.25e-01 (1.34e+00 1.33e+00 | 2.67e+00 2.58e+00)
6682(996) (4.68e-01 4.49e-01) XE:2.24e-01 (1.38e+00 1.33e+00 | 3.03e+00 2.58e+00)
8020(1001) (4.16e-01 4.49e-01) XE:2.24e-01 (1.31e+00 1.33e+00 | 2.84e+00 2.58e+00)
9359(1000) (4.87e-01 4.49e-01) XE:2.24e-01 (1.33e+00 1.33e+00 | 2.83e+00 2.58e+00)
10000(993) (5.02e-01 4.48e-01) XE:2.24e-01 (1.32e+00 1.33e+00 | 2.76e+00 2.58e+00)
RL cnt: 0,5618020,1405542,349997,87748,21921,5901,957,401,121,39,11,3,1,0,0,
BL cnt: 28041,0,232275,0,863432,0,1853812,0,2551010,0,2324810,0,1396936,0,531353,0,116944,0,11387,0,0,
# InnerCodebook: deleted
# NBIDSchannel: deleted
# Gtable: deleted
# FBalg4: deleted
