# (Pid,Ps)=(1.000000e-02,1.000000e-03) Nseg=250 WinSize=10 [0]
# InnerCB: ICB/1/4_07_1.bin
# Gtable:  Gtable/4/010_001.bin
# InnerCodebook: beta=4(256) nu=1
# InnerCodebook: B(B2p)=7(128) 
# InnerCodebook: checked CWM, EncMap, DecMap
# beta=4(256) N=1000 Dmax=15
# NBIDSchannel: N=1000 Q=4 Dmax=15 (Pid,Ps)=(1.000000e-02,1.000000e-03)
# FBalg4: Nseg=250 Dmax=15(w=31)
# FBalg4: Gtable: Gtable/4/010_001.bin
# Gtable: beta=4 (Pid,Ps,Ptrn)=(1.000000e-02,1.000000e-03,9.800000e-01) Pth=1.000000e-10
# Gtable: beta4p=256 beta4pp=65536
# Gtable::Gtable len=0 cnt=256
# Gtable::Gtable len=1 cnt=1024
# Gtable::Gtable len=2 cnt=3340
# Gtable::Gtable len=3 cnt=13732
# Gtable::Gtable len=4 cnt=22204
# Gtable::Gtable len=5 cnt=57292
# Gtable::Gtable len=6 cnt=17380
# Gtable::Gtable len=7 cnt=15676
# Gtable::Gtable len=8 cnt=256
# FBalg4: beta=4(256) (Pid,Ps)=(1.000000e-02,1.000000e-03) Pth=1.000000e-10 N=1000
0270(997) (4.22e-01 9.37e-01) XE:1.17e-01 (1.23e+00 1.23e+00 | 1.31e+00 1.33e+00)
0541(999) (6.70e-01 9.45e-01) XE:1.18e-01 (1.22e+00 1.23e+00 | 1.38e+00 1.34e+00)
0812(989) (7.40e-01 9.73e-01) XE:1.22e-01 (1.23e+00 1.23e+00 | 1.35e+00 1.34e+00)
1083(999) (1.23e+00 9.65e-01) XE:1.21e-01 (1.23e+00 1.23e+00 | 1.21e+00 1.34e+00)
1354(997) (1.07e+00 9.49e-01) XE:1.19e-01 (1.22e+00 1.23e+00 | 1.32e+00 1.34e+00)
1625(1003) (6.43e-01 9.43e-01) XE:1.18e-01 (1.23e+00 1.23e+00 | 1.36e+00 1.34e+00)
1896(1005) (3.34e-01 9.46e-01) XE:1.18e-01 (1.21e+00 1.23e+00 | 1.23e+00 1.34e+00)
2167(999) (8.16e-01 9.46e-01) XE:1.18e-01 (1.21e+00 1.23e+00 | 1.30e+00 1.34e+00)
2438(1002) (5.11e-01 9.42e-01) XE:1.18e-01 (1.22e+00 1.23e+00 | 1.28e+00 1.34e+00)
2709(1003) (5.75e-01 9.37e-01) XE:1.17e-01 (1.21e+00 1.23e+00 | 1.34e+00 1.34e+00)
2979(997) (6.15e-01 9.32e-01) XE:1.17e-01 (1.23e+00 1.23e+00 | 1.47e+00 1.34e+00)
3251(999) (6.99e-01 9.33e-01) XE:1.17e-01 (1.20e+00 1.23e+00 | 1.35e+00 1.34e+00)
3522(998) (5.14e-01 9.33e-01) XE:1.17e-01 (1.25e+00 1.23e+00 | 1.45e+00 1.34e+00)
3793(1002) (5.29e-01 9.33e-01) XE:1.17e-01 (1.27e+00 1.23e+00 | 1.31e+00 1.34e+00)
4064(998) (1.12e+00 9.31e-01) XE:1.16e-01 (1.22e+00 1.23e+00 | 1.37e+00 1.34e+00)
4335(1003) (9.98e-01 9.33e-01) XE:1.17e-01 (1.25e+00 1.23e+00 | 1.35e+00 1.34e+00)
4606(999) (5.30e-01 9.32e-01) XE:1.16e-01 (1.22e+00 1.23e+00 | 1.38e+00 1.34e+00)
4877(999) (4.68e-01 9.33e-01) XE:1.17e-01 (1.23e+00 1.23e+00 | 1.41e+00 1.34e+00)
5148(995) (1.07e+00 9.28e-01) XE:1.16e-01 (1.22e+00 1.23e+00 | 1.25e+00 1.34e+00)
5419(999) (1.01e+00 9.27e-01) XE:1.16e-01 (1.26e+00 1.23e+00 | 1.30e+00 1.34e+00)
5690(1003) (9.82e-01 9.27e-01) XE:1.16e-01 (1.24e+00 1.23e+00 | 1.31e+00 1.34e+00)
5960(1006) (5.07e-01 9.27e-01) XE:1.16e-01 (1.23e+00 1.23e+00 | 1.42e+00 1.34e+00)
6231(994) (1.07e+00 9.27e-01) XE:1.16e-01 (1.22e+00 1.23e+00 | 1.44e+00 1.34e+00)
6502(1001) (3.96e-01 9.27e-01) XE:1.16e-01 (1.23e+00 1.23e+00 | 1.32e+00 1.34e+00)
6773(995) (5.58e-01 9.25e-01) XE:1.16e-01 (1.23e+00 1.23e+00 | 1.27e+00 1.34e+00)
7044(999) (6.78e-01 9.22e-01) XE:1.15e-01 (1.24e+00 1.23e+00 | 1.42e+00 1.34e+00)
7315(1003) (4.73e-01 9.20e-01) XE:1.15e-01 (1.25e+00 1.23e+00 | 1.44e+00 1.34e+00)
7586(995) (9.51e-01 9.20e-01) XE:1.15e-01 (1.25e+00 1.23e+00 | 1.45e+00 1.34e+00)
7857(995) (1.57e+00 9.18e-01) XE:1.15e-01 (1.23e+00 1.23e+00 | 1.36e+00 1.34e+00)
8128(1002) (4.65e-01 9.16e-01) XE:1.14e-01 (1.24e+00 1.23e+00 | 1.35e+00 1.34e+00)
8399(999) (8.05e-01 9.16e-01) XE:1.14e-01 (1.26e+00 1.23e+00 | 1.46e+00 1.34e+00)
8669(995) (7.44e-01 9.17e-01) XE:1.15e-01 (1.23e+00 1.23e+00 | 1.28e+00 1.34e+00)
8940(1006) (2.42e+00 9.18e-01) XE:1.15e-01 (1.23e+00 1.23e+00 | 1.17e+00 1.34e+00)
9211(1007) (8.33e-01 9.20e-01) XE:1.15e-01 (1.23e+00 1.23e+00 | 1.43e+00 1.34e+00)
9482(1002) (1.25e+00 9.20e-01) XE:1.15e-01 (1.22e+00 1.23e+00 | 1.34e+00 1.34e+00)
9753(998) (7.30e-01 9.20e-01) XE:1.15e-01 (1.23e+00 1.23e+00 | 1.30e+00 1.34e+00)
10000(1002) (6.34e-01 9.19e-01) XE:1.15e-01 (1.23e+00 1.23e+00 | 1.40e+00 1.34e+00)
RL cnt: 0,6478662,1423897,194359,19510,0,0,0,0,0,0,0,0,0,0,0,
BL cnt: 0,0,0,0,24369,0,438233,0,2379909,0,4237790,0,2373402,0,432372,0,23925,0,0,0,0,
# InnerCodebook: deleted
# NBIDSchannel: deleted
# Gtable: deleted
# FBalg4: deleted
