# (Pid,Ps)=(1.500000e-02,1.000000e-03) Nseg=250 WinSize=10 [0]
# InnerCB: ICB/1/4_07_1.bin
# Gtable:  Gtable/4/015_001.bin
# InnerCodebook: beta=4(256) nu=1
# InnerCodebook: B(B2p)=7(128) 
# InnerCodebook: checked CWM, EncMap, DecMap
# beta=4(256) N=1000 Dmax=20
# NBIDSchannel: N=1000 Q=4 Dmax=20 (Pid,Ps)=(1.500000e-02,1.000000e-03)
# FBalg4: Nseg=250 Dmax=20(w=41)
# FBalg4: Gtable: Gtable/4/015_001.bin
# Gtable: beta=4 (Pid,Ps,Ptrn)=(1.500000e-02,1.000000e-03,9.700000e-01) Pth=1.000000e-10
# Gtable: beta4p=256 beta4pp=65536
# Gtable::Gtable len=0 cnt=256
# Gtable::Gtable len=1 cnt=1024
# Gtable::Gtable len=2 cnt=4096
# Gtable::Gtable len=3 cnt=13732
# Gtable::Gtable len=4 cnt=32356
# Gtable::Gtable len=5 cnt=57292
# Gtable::Gtable len=6 cnt=20308
# Gtable::Gtable len=7 cnt=15676
# Gtable::Gtable len=8 cnt=256
# FBalg4: beta=4(256) (Pid,Ps)=(1.500000e-02,1.000000e-03) Pth=1.000000e-10 N=1000
0183(997) (7.49e-01 1.60e+00) XE:2.00e-01 (1.25e+00 1.23e+00 | 1.37e+00 1.35e+00)
0367(987) (2.19e+00 1.58e+00) XE:1.97e-01 (1.24e+00 1.23e+00 | 1.32e+00 1.34e+00)
0551(997) (1.85e+00 1.57e+00) XE:1.96e-01 (1.22e+00 1.23e+00 | 1.41e+00 1.34e+00)
0735(999) (1.14e+00 1.58e+00) XE:1.97e-01 (1.22e+00 1.23e+00 | 1.31e+00 1.34e+00)
0919(1005) (2.36e+00 1.58e+00) XE:1.98e-01 (1.23e+00 1.23e+00 | 1.34e+00 1.34e+00)
1103(1000) (1.36e+00 1.59e+00) XE:1.99e-01 (1.23e+00 1.23e+00 | 1.28e+00 1.34e+00)
1287(1002) (1.69e+00 1.58e+00) XE:1.97e-01 (1.21e+00 1.23e+00 | 1.30e+00 1.34e+00)
1471(1003) (1.37e+00 1.57e+00) XE:1.97e-01 (1.19e+00 1.23e+00 | 1.34e+00 1.34e+00)
1655(994) (1.16e+00 1.57e+00) XE:1.96e-01 (1.20e+00 1.23e+00 | 1.30e+00 1.34e+00)
1838(1005) (1.87e+00 1.57e+00) XE:1.96e-01 (1.27e+00 1.23e+00 | 1.24e+00 1.34e+00)
2022(997) (8.79e-01 1.57e+00) XE:1.96e-01 (1.22e+00 1.23e+00 | 1.37e+00 1.34e+00)
2206(991) (1.31e+00 1.57e+00) XE:1.96e-01 (1.25e+00 1.23e+00 | 1.48e+00 1.34e+00)
2390(1003) (6.25e-01 1.57e+00) XE:1.96e-01 (1.21e+00 1.23e+00 | 1.36e+00 1.34e+00)
2574(1007) (2.42e+00 1.57e+00) XE:1.96e-01 (1.20e+00 1.23e+00 | 1.28e+00 1.34e+00)
2758(1008) (6.93e-01 1.56e+00) XE:1.95e-01 (1.27e+00 1.23e+00 | 1.31e+00 1.34e+00)
2942(991) (2.40e+00 1.56e+00) XE:1.95e-01 (1.21e+00 1.23e+00 | 1.23e+00 1.34e+00)
3125(1004) (1.01e+00 1.56e+00) XE:1.94e-01 (1.23e+00 1.23e+00 | 1.34e+00 1.34e+00)
3309(987) (1.60e+00 1.56e+00) XE:1.95e-01 (1.24e+00 1.23e+00 | 1.34e+00 1.34e+00)
3493(1005) (3.99e+00 1.56e+00) XE:1.95e-01 (1.23e+00 1.23e+00 | 1.36e+00 1.34e+00)
3677(1007) (9.77e-01 1.56e+00) XE:1.95e-01 (1.26e+00 1.23e+00 | 1.24e+00 1.34e+00)
3861(1009) (1.56e+00 1.56e+00) XE:1.95e-01 (1.21e+00 1.23e+00 | 1.30e+00 1.34e+00)
4045(1004) (8.27e-01 1.56e+00) XE:1.95e-01 (1.23e+00 1.23e+00 | 1.34e+00 1.34e+00)
4229(997) (1.16e+00 1.56e+00) XE:1.95e-01 (1.24e+00 1.23e+00 | 1.33e+00 1.34e+00)
4413(997) (4.69e+00 1.56e+00) XE:1.95e-01 (1.22e+00 1.23e+00 | 1.34e+00 1.34e+00)
4596(1005) (8.86e-01 1.56e+00) XE:1.95e-01 (1.21e+00 1.23e+00 | 1.32e+00 1.34e+00)
4780(995) (1.60e+00 1.56e+00) XE:1.96e-01 (1.24e+00 1.23e+00 | 1.46e+00 1.34e+00)
4964(990) (2.64e+00 1.57e+00) XE:1.96e-01 (1.26e+00 1.23e+00 | 1.25e+00 1.34e+00)
5148(995) (1.36e+00 1.57e+00) XE:1.96e-01 (1.23e+00 1.23e+00 | 1.29e+00 1.34e+00)
5332(996) (1.85e+00 1.57e+00) XE:1.97e-01 (1.21e+00 1.23e+00 | 1.30e+00 1.34e+00)
5516(1009) (1.40e+00 1.57e+00) XE:1.97e-01 (1.20e+00 1.23e+00 | 1.40e+00 1.34e+00)
5700(1005) (8.41e-01 1.57e+00) XE:1.97e-01 (1.24e+00 1.23e+00 | 1.35e+00 1.34e+00)
5884(985) (3.14e+00 1.57e+00) XE:1.97e-01 (1.24e+00 1.23e+00 | 1.31e+00 1.34e+00)
6068(1011) (1.03e+00 1.57e+00) XE:1.96e-01 (1.23e+00 1.23e+00 | 1.54e+00 1.34e+00)
6252(1004) (9.33e-01 1.57e+00) XE:1.96e-01 (1.24e+00 1.23e+00 | 1.48e+00 1.34e+00)
6435(993) (1.89e+00 1.57e+00) XE:1.96e-01 (1.24e+00 1.23e+00 | 1.31e+00 1.34e+00)
6619(1002) (2.29e+00 1.57e+00) XE:1.96e-01 (1.23e+00 1.23e+00 | 1.30e+00 1.34e+00)
6803(995) (1.23e+00 1.57e+00) XE:1.96e-01 (1.24e+00 1.23e+00 | 1.34e+00 1.34e+00)
6987(995) (1.15e+00 1.57e+00) XE:1.96e-01 (1.21e+00 1.23e+00 | 1.46e+00 1.34e+00)
7171(1008) (9.62e-01 1.57e+00) XE:1.96e-01 (1.20e+00 1.23e+00 | 1.36e+00 1.34e+00)
7355(1000) (7.67e-01 1.57e+00) XE:1.96e-01 (1.18e+00 1.23e+00 | 1.21e+00 1.34e+00)
7539(1010) (1.53e+00 1.57e+00) XE:1.96e-01 (1.23e+00 1.23e+00 | 1.28e+00 1.34e+00)
7723(1007) (9.93e-01 1.57e+00) XE:1.96e-01 (1.24e+00 1.23e+00 | 1.34e+00 1.34e+00)
7907(996) (9.71e-01 1.57e+00) XE:1.96e-01 (1.23e+00 1.23e+00 | 1.48e+00 1.34e+00)
8090(1002) (2.84e+00 1.57e+00) XE:1.96e-01 (1.23e+00 1.23e+00 | 1.36e+00 1.34e+00)
8274(1003) (1.68e+00 1.57e+00) XE:1.96e-01 (1.24e+00 1.23e+00 | 1.29e+00 1.34e+00)
8458(1000) (1.49e+00 1.57e+00) XE:1.96e-01 (1.22e+00 1.23e+00 | 1.49e+00 1.34e+00)
8642(994) (1.25e+00 1.57e+00) XE:1.96e-01 (1.24e+00 1.23e+00 | 1.31e+00 1.34e+00)
8826(1013) (1.56e+00 1.57e+00) XE:1.96e-01 (1.25e+00 1.23e+00 | 1.35e+00 1.34e+00)
9010(994) (1.52e+00 1.57e+00) XE:1.96e-01 (1.21e+00 1.23e+00 | 1.45e+00 1.34e+00)
9194(993) (1.18e+00 1.57e+00) XE:1.96e-01 (1.22e+00 1.23e+00 | 1.34e+00 1.34e+00)
9377(996) (1.25e+00 1.57e+00) XE:1.96e-01 (1.25e+00 1.23e+00 | 1.36e+00 1.34e+00)
9561(1005) (7.04e-01 1.57e+00) XE:1.96e-01 (1.25e+00 1.23e+00 | 1.36e+00 1.34e+00)
9745(986) (1.93e+00 1.57e+00) XE:1.96e-01 (1.23e+00 1.23e+00 | 1.41e+00 1.34e+00)
9929(997) (9.63e-01 1.57e+00) XE:1.96e-01 (1.25e+00 1.23e+00 | 1.33e+00 1.34e+00)
10000(999) (2.48e+00 1.57e+00) XE:1.96e-01 (1.22e+00 1.23e+00 | 1.24e+00 1.34e+00)
RL cnt: 0,6479353,1423988,193928,19588,0,0,0,0,0,0,0,0,0,0,0,
BL cnt: 0,0,0,0,24082,0,435855,0,2376830,0,4238556,0,2374983,0,435638,0,24056,0,0,0,0,
# InnerCodebook: deleted
# NBIDSchannel: deleted
# Gtable: deleted
# FBalg4: deleted
