# (Pid,Ps)=(4.000000e-02,1.000000e-03) Nseg=333 WinSize=10 [0]
# InnerCB: ICB/1/3_05_1.bin
# Gtable:  Gtable/3/040_001.bin
# InnerCodebook: beta=3(64) nu=1
# InnerCodebook: B(B2p)=5(32) 
# InnerCodebook: checked CWM, EncMap, DecMap
# beta=3(64) nu=1 N=999 Dmax=45
# B=5,
# NBIDSchannel: N=999 Q=4 Dmax=45 (Pid,Ps)=(4.000000e-02,1.000000e-03)
# FBalg4: Nseg=333 Dmax=45(w=91)
# FBalg4: Gtable: Gtable/3/040_001.bin
# Gtable: beta=3 (Pid,Ps,Ptrn)=(4.000000e-02,1.000000e-03,9.200000e-01) Pth=1.000000e-10
# Gtable: beta4p=64 beta4pp=4096
# Gtable::Gtable len=0 cnt=64
# Gtable::Gtable len=1 cnt=256
# Gtable::Gtable len=2 cnt=1024
# Gtable::Gtable len=3 cnt=3508
# Gtable::Gtable len=4 cnt=6664
# Gtable::Gtable len=5 cnt=11644
# Gtable::Gtable len=6 cnt=1216
# FBalg4: beta=3(64) (Pid,Ps)=(4.000000e-02,1.000000e-03) Pth=1.000000e-10 N=999
# StatICB: nu=1 beta=3 beta4p=64 Bsum=5 HdThNum=20 HdThStep=5.00e-02
# StatICB: B=5,
# StatICB: HdThList 9.50e-01,9.00e-01,8.50e-01,8.00e-01,7.50e-01,7.00e-01,6.50e-01,6.00e-01,5.50e-01,5.00e-01,4.50e-01,4.00e-01,3.50e-01,3.00e-01,2.50e-01,2.00e-01,1.50e-01,1.00e-01,5.00e-02,1.00e-10,
0205(1003) (2.97e+00 3.45e+00) XE:5.74e-01 (1.19e+00 1.17e+00 | 1.49e+00 1.46e+00)
0424(1001) (3.65e+00 3.42e+00) XE:5.70e-01 (1.18e+00 1.17e+00 | 1.47e+00 1.45e+00)
0643(1015) (3.03e+00 3.40e+00) XE:5.66e-01 (1.18e+00 1.17e+00 | 1.42e+00 1.45e+00)
0862(1001) (2.90e+00 3.39e+00) XE:5.65e-01 (1.18e+00 1.17e+00 | 1.46e+00 1.45e+00)
1081(1001) (3.15e+00 3.39e+00) XE:5.65e-01 (1.19e+00 1.17e+00 | 1.42e+00 1.45e+00)
1300(993) (3.47e+00 3.39e+00) XE:5.66e-01 (1.17e+00 1.17e+00 | 1.34e+00 1.45e+00)
1519(1015) (2.75e+00 3.39e+00) XE:5.65e-01 (1.18e+00 1.17e+00 | 1.53e+00 1.45e+00)
1738(1017) (3.27e+00 3.39e+00) XE:5.65e-01 (1.16e+00 1.17e+00 | 1.39e+00 1.45e+00)
1957(994) (3.27e+00 3.39e+00) XE:5.66e-01 (1.18e+00 1.17e+00 | 1.39e+00 1.45e+00)
2176(1014) (3.29e+00 3.40e+00) XE:5.67e-01 (1.19e+00 1.17e+00 | 1.57e+00 1.45e+00)
2395(1004) (3.51e+00 3.40e+00) XE:5.67e-01 (1.16e+00 1.17e+00 | 1.40e+00 1.45e+00)
2614(1004) (2.41e+00 3.40e+00) XE:5.67e-01 (1.16e+00 1.17e+00 | 1.53e+00 1.45e+00)
2833(999) (3.28e+00 3.40e+00) XE:5.67e-01 (1.18e+00 1.17e+00 | 1.59e+00 1.46e+00)
3052(1000) (4.60e+00 3.41e+00) XE:5.68e-01 (1.16e+00 1.17e+00 | 1.47e+00 1.46e+00)
3271(979) (4.30e+00 3.41e+00) XE:5.68e-01 (1.17e+00 1.17e+00 | 1.44e+00 1.46e+00)
3490(990) (3.07e+00 3.41e+00) XE:5.68e-01 (1.18e+00 1.17e+00 | 1.47e+00 1.46e+00)
3709(990) (3.44e+00 3.41e+00) XE:5.68e-01 (1.15e+00 1.17e+00 | 1.42e+00 1.46e+00)
3928(1008) (3.03e+00 3.40e+00) XE:5.67e-01 (1.16e+00 1.17e+00 | 1.42e+00 1.46e+00)
4147(1010) (3.09e+00 3.40e+00) XE:5.67e-01 (1.19e+00 1.17e+00 | 1.62e+00 1.46e+00)
4366(1010) (3.44e+00 3.40e+00) XE:5.67e-01 (1.19e+00 1.17e+00 | 1.44e+00 1.46e+00)
4586(998) (3.68e+00 3.40e+00) XE:5.67e-01 (1.17e+00 1.17e+00 | 1.53e+00 1.46e+00)
4805(1004) (3.56e+00 3.40e+00) XE:5.67e-01 (1.17e+00 1.17e+00 | 1.34e+00 1.46e+00)
5023(1009) (3.29e+00 3.41e+00) XE:5.68e-01 (1.14e+00 1.17e+00 | 1.51e+00 1.46e+00)
5242(989) (3.01e+00 3.40e+00) XE:5.67e-01 (1.17e+00 1.17e+00 | 1.60e+00 1.46e+00)
5461(997) (3.04e+00 3.40e+00) XE:5.67e-01 (1.16e+00 1.17e+00 | 1.42e+00 1.46e+00)
5680(1003) (4.03e+00 3.40e+00) XE:5.67e-01 (1.17e+00 1.17e+00 | 1.59e+00 1.46e+00)
5899(1003) (5.52e+00 3.40e+00) XE:5.67e-01 (1.16e+00 1.17e+00 | 1.37e+00 1.46e+00)
6118(999) (2.63e+00 3.40e+00) XE:5.67e-01 (1.18e+00 1.17e+00 | 1.36e+00 1.46e+00)
6337(990) (2.78e+00 3.40e+00) XE:5.67e-01 (1.16e+00 1.17e+00 | 1.53e+00 1.46e+00)
6556(989) (3.21e+00 3.40e+00) XE:5.67e-01 (1.17e+00 1.17e+00 | 1.39e+00 1.46e+00)
6776(1002) (2.92e+00 3.40e+00) XE:5.66e-01 (1.15e+00 1.17e+00 | 1.37e+00 1.46e+00)
6995(988) (3.26e+00 3.40e+00) XE:5.66e-01 (1.19e+00 1.17e+00 | 1.58e+00 1.46e+00)
7214(1003) (3.61e+00 3.40e+00) XE:5.66e-01 (1.17e+00 1.17e+00 | 1.53e+00 1.46e+00)
7433(998) (3.59e+00 3.40e+00) XE:5.66e-01 (1.16e+00 1.17e+00 | 1.43e+00 1.46e+00)
7652(1014) (3.76e+00 3.40e+00) XE:5.66e-01 (1.16e+00 1.17e+00 | 1.41e+00 1.46e+00)
7871(990) (3.48e+00 3.40e+00) XE:5.66e-01 (1.16e+00 1.17e+00 | 1.38e+00 1.46e+00)
8090(1009) (3.54e+00 3.40e+00) XE:5.66e-01 (1.14e+00 1.17e+00 | 1.34e+00 1.46e+00)
8309(1009) (3.14e+00 3.40e+00) XE:5.66e-01 (1.15e+00 1.17e+00 | 1.37e+00 1.46e+00)
8529(985) (6.08e+00 3.40e+00) XE:5.66e-01 (1.16e+00 1.17e+00 | 1.60e+00 1.46e+00)
8748(998) (3.24e+00 3.40e+00) XE:5.67e-01 (1.18e+00 1.17e+00 | 1.46e+00 1.46e+00)
8967(999) (4.48e+00 3.40e+00) XE:5.67e-01 (1.17e+00 1.17e+00 | 1.56e+00 1.46e+00)
9186(1004) (2.90e+00 3.40e+00) XE:5.66e-01 (1.15e+00 1.17e+00 | 1.30e+00 1.46e+00)
9405(992) (3.44e+00 3.40e+00) XE:5.66e-01 (1.16e+00 1.17e+00 | 1.40e+00 1.46e+00)
9624(1001) (2.90e+00 3.40e+00) XE:5.66e-01 (1.14e+00 1.17e+00 | 1.44e+00 1.46e+00)
9843(1015) (3.66e+00 3.40e+00) XE:5.66e-01 (1.16e+00 1.17e+00 | 1.45e+00 1.46e+00)
10000(1003) (4.02e+00 3.40e+00) XE:5.66e-01 (1.15e+00 1.17e+00 | 1.42e+00 1.46e+00)
RL cnt: 0,7175001,1246232,103753,0,0,0,0,0,0,0,0,0,0,0,0,
BL cnt: 0,0,0,0,0,0,565581,0,2471182,0,3819118,0,2476773,0,567346,0,0,0,0,0,0,
[00] Th=9.500000e-01: 1.923194e-02 : 3.846387e-03
[01] Th=9.000000e-01: 4.553271e-02 : 9.106543e-03
[02] Th=8.500000e-01: 7.483966e-02 : 1.496793e-02
[03] Th=8.000000e-01: 1.032538e-01 : 2.065075e-02
[04] Th=7.500000e-01: 1.291158e-01 : 2.582317e-02
[05] Th=7.000000e-01: 1.538731e-01 : 3.077461e-02
[06] Th=6.500000e-01: 1.791891e-01 : 3.583783e-02
[07] Th=6.000000e-01: 2.072692e-01 : 4.145383e-02
[08] Th=5.500000e-01: 2.381571e-01 : 4.763142e-02
[09] Th=5.000000e-01: 2.753488e-01 : 5.506976e-02
[10] Th=4.500000e-01: 3.200459e-01 : 6.400918e-02
[11] Th=4.000000e-01: 3.769948e-01 : 7.539895e-02
[12] Th=3.500000e-01: 4.453549e-01 : 8.907098e-02
[13] Th=3.000000e-01: 5.328855e-01 : 1.065771e-01
[14] Th=2.500000e-01: 6.446876e-01 : 1.289375e-01
[15] Th=2.000000e-01: 7.303975e-01 : 1.460795e-01
[16] Th=1.500000e-01: 7.673345e-01 : 1.534669e-01
[17] Th=1.000000e-01: 7.733062e-01 : 1.546612e-01
[18] Th=5.000000e-02: 7.733557e-01 : 1.546711e-01
[19] Th=1.000000e-10: 7.733557e-01 : 1.546711e-01
# InnerCodebook: deleted
# NBIDSchannel: deleted
# Gtable: deleted
# FBalg4: deleted
# StatICB: deleted
