# (Pid,Ps)=(4.500000e-02,1.000000e-03) Nseg=333 WinSize=10 [0]
# InnerCB: ICB/1/3_05_1.bin
# Gtable:  Gtable/3/045_001.bin
# InnerCodebook: beta=3(64) nu=1
# InnerCodebook: B(B2p)=5(32) 
# InnerCodebook: checked CWM, EncMap, DecMap
# beta=3(64) nu=1 N=999 Dmax=50
# B=5,
# NBIDSchannel: N=999 Q=4 Dmax=50 (Pid,Ps)=(4.500000e-02,1.000000e-03)
# FBalg4: Nseg=333 Dmax=50(w=101)
# FBalg4: Gtable: Gtable/3/045_001.bin
# Gtable: beta=3 (Pid,Ps,Ptrn)=(4.500000e-02,1.000000e-03,9.100000e-01) Pth=1.000000e-10
# Gtable: beta4p=64 beta4pp=4096
# Gtable::Gtable len=0 cnt=64
# Gtable::Gtable len=1 cnt=256
# Gtable::Gtable len=2 cnt=1024
# Gtable::Gtable len=3 cnt=3508
# Gtable::Gtable len=4 cnt=6664
# Gtable::Gtable len=5 cnt=11644
# Gtable::Gtable len=6 cnt=1216
# FBalg4: beta=3(64) (Pid,Ps)=(4.500000e-02,1.000000e-03) Pth=1.000000e-10 N=999
# StatICB: nu=1 beta=3 beta4p=64 Bsum=5 HdThNum=20 HdThStep=5.00e-02
# StatICB: B=5,
# StatICB: HdThList 9.50e-01,9.00e-01,8.50e-01,8.00e-01,7.50e-01,7.00e-01,6.50e-01,6.00e-01,5.50e-01,5.00e-01,4.50e-01,4.00e-01,3.50e-01,3.00e-01,2.50e-01,2.00e-01,1.50e-01,1.00e-01,5.00e-02,1.00e-10,
0178(988) (3.51e+00 3.53e+00) XE:5.88e-01 (1.18e+00 1.17e+00 | 1.48e+00 1.44e+00)
0373(1006) (3.65e+00 3.57e+00) XE:5.95e-01 (1.17e+00 1.17e+00 | 1.40e+00 1.46e+00)
0567(980) (3.00e+00 3.57e+00) XE:5.96e-01 (1.20e+00 1.17e+00 | 1.52e+00 1.46e+00)
0762(1025) (3.14e+00 3.58e+00) XE:5.97e-01 (1.16e+00 1.17e+00 | 1.50e+00 1.46e+00)
0956(993) (3.90e+00 3.59e+00) XE:5.99e-01 (1.19e+00 1.17e+00 | 1.45e+00 1.46e+00)
1151(1011) (3.40e+00 3.59e+00) XE:5.98e-01 (1.19e+00 1.17e+00 | 1.38e+00 1.46e+00)
1346(995) (5.01e+00 3.59e+00) XE:5.99e-01 (1.17e+00 1.17e+00 | 1.40e+00 1.46e+00)
1540(1004) (3.30e+00 3.59e+00) XE:5.98e-01 (1.19e+00 1.17e+00 | 1.43e+00 1.46e+00)
1735(1000) (3.15e+00 3.59e+00) XE:5.99e-01 (1.15e+00 1.17e+00 | 1.56e+00 1.46e+00)
1930(997) (3.56e+00 3.60e+00) XE:5.99e-01 (1.16e+00 1.17e+00 | 1.43e+00 1.46e+00)
2124(991) (3.37e+00 3.60e+00) XE:6.00e-01 (1.17e+00 1.17e+00 | 1.47e+00 1.46e+00)
2319(992) (3.38e+00 3.60e+00) XE:5.99e-01 (1.16e+00 1.17e+00 | 1.43e+00 1.46e+00)
2513(987) (3.12e+00 3.59e+00) XE:5.99e-01 (1.16e+00 1.17e+00 | 1.44e+00 1.46e+00)
2708(998) (5.13e+00 3.59e+00) XE:5.99e-01 (1.16e+00 1.17e+00 | 1.52e+00 1.46e+00)
2903(1002) (3.88e+00 3.60e+00) XE:5.99e-01 (1.16e+00 1.17e+00 | 1.41e+00 1.46e+00)
3098(990) (4.24e+00 3.59e+00) XE:5.99e-01 (1.16e+00 1.17e+00 | 1.54e+00 1.46e+00)
3292(988) (3.49e+00 3.60e+00) XE:6.00e-01 (1.16e+00 1.17e+00 | 1.42e+00 1.46e+00)
3487(1000) (4.76e+00 3.60e+00) XE:6.00e-01 (1.17e+00 1.17e+00 | 1.29e+00 1.46e+00)
3682(1005) (3.26e+00 3.60e+00) XE:6.01e-01 (1.16e+00 1.17e+00 | 1.42e+00 1.46e+00)
3877(1008) (2.84e+00 3.60e+00) XE:6.00e-01 (1.17e+00 1.17e+00 | 1.41e+00 1.46e+00)
4071(1016) (3.45e+00 3.60e+00) XE:6.00e-01 (1.15e+00 1.17e+00 | 1.38e+00 1.46e+00)
4266(992) (3.62e+00 3.60e+00) XE:6.00e-01 (1.17e+00 1.17e+00 | 1.56e+00 1.46e+00)
4461(1005) (3.33e+00 3.60e+00) XE:6.00e-01 (1.19e+00 1.17e+00 | 1.52e+00 1.46e+00)
4655(1007) (3.51e+00 3.60e+00) XE:6.00e-01 (1.16e+00 1.17e+00 | 1.53e+00 1.46e+00)
4850(1007) (2.93e+00 3.60e+00) XE:6.00e-01 (1.16e+00 1.17e+00 | 1.50e+00 1.46e+00)
5044(991) (3.50e+00 3.60e+00) XE:6.00e-01 (1.18e+00 1.17e+00 | 1.56e+00 1.46e+00)
5239(981) (3.68e+00 3.60e+00) XE:5.99e-01 (1.17e+00 1.17e+00 | 1.39e+00 1.46e+00)
5433(1002) (2.79e+00 3.60e+00) XE:5.99e-01 (1.18e+00 1.17e+00 | 1.47e+00 1.46e+00)
5628(1003) (3.51e+00 3.59e+00) XE:5.99e-01 (1.19e+00 1.17e+00 | 1.51e+00 1.46e+00)
5823(1021) (3.68e+00 3.59e+00) XE:5.99e-01 (1.18e+00 1.17e+00 | 1.48e+00 1.46e+00)
6018(995) (3.18e+00 3.59e+00) XE:5.99e-01 (1.17e+00 1.17e+00 | 1.52e+00 1.46e+00)
6212(1012) (5.02e+00 3.59e+00) XE:5.99e-01 (1.19e+00 1.17e+00 | 1.43e+00 1.46e+00)
6407(989) (3.72e+00 3.59e+00) XE:5.99e-01 (1.18e+00 1.17e+00 | 1.36e+00 1.46e+00)
6602(987) (3.56e+00 3.59e+00) XE:5.98e-01 (1.19e+00 1.17e+00 | 1.57e+00 1.46e+00)
6796(1009) (3.06e+00 3.59e+00) XE:5.98e-01 (1.16e+00 1.17e+00 | 1.62e+00 1.46e+00)
6991(996) (3.03e+00 3.59e+00) XE:5.98e-01 (1.17e+00 1.17e+00 | 1.47e+00 1.46e+00)
7186(990) (3.31e+00 3.59e+00) XE:5.98e-01 (1.16e+00 1.17e+00 | 1.60e+00 1.46e+00)
7380(1009) (4.37e+00 3.59e+00) XE:5.98e-01 (1.16e+00 1.17e+00 | 1.32e+00 1.46e+00)
7575(995) (2.97e+00 3.59e+00) XE:5.98e-01 (1.16e+00 1.17e+00 | 1.34e+00 1.46e+00)
7769(1006) (3.11e+00 3.59e+00) XE:5.98e-01 (1.19e+00 1.17e+00 | 1.59e+00 1.46e+00)
7964(989) (3.99e+00 3.59e+00) XE:5.98e-01 (1.15e+00 1.17e+00 | 1.43e+00 1.46e+00)
8158(1008) (3.37e+00 3.59e+00) XE:5.98e-01 (1.18e+00 1.17e+00 | 1.48e+00 1.46e+00)
8353(991) (3.43e+00 3.59e+00) XE:5.98e-01 (1.18e+00 1.17e+00 | 1.47e+00 1.46e+00)
8547(994) (3.41e+00 3.59e+00) XE:5.98e-01 (1.16e+00 1.17e+00 | 1.63e+00 1.46e+00)
8741(995) (3.32e+00 3.59e+00) XE:5.98e-01 (1.18e+00 1.17e+00 | 1.38e+00 1.46e+00)
8936(998) (3.53e+00 3.59e+00) XE:5.98e-01 (1.17e+00 1.17e+00 | 1.52e+00 1.46e+00)
9130(996) (3.31e+00 3.59e+00) XE:5.98e-01 (1.15e+00 1.17e+00 | 1.37e+00 1.46e+00)
9325(1012) (4.34e+00 3.59e+00) XE:5.98e-01 (1.16e+00 1.17e+00 | 1.50e+00 1.46e+00)
9519(995) (3.78e+00 3.59e+00) XE:5.98e-01 (1.17e+00 1.17e+00 | 1.44e+00 1.46e+00)
9713(984) (4.79e+00 3.59e+00) XE:5.98e-01 (1.17e+00 1.17e+00 | 1.47e+00 1.46e+00)
9908(990) (3.82e+00 3.59e+00) XE:5.98e-01 (1.17e+00 1.17e+00 | 1.38e+00 1.46e+00)
10000(987) (3.91e+00 3.59e+00) XE:5.98e-01 (1.18e+00 1.17e+00 | 1.44e+00 1.46e+00)
RL cnt: 0,7171905,1247571,103888,0,0,0,0,0,0,0,0,0,0,0,0,
BL cnt: 0,0,0,0,0,0,568107,0,2475166,0,3814928,0,2476390,0,565409,0,0,0,0,0,0,
[00] Th=9.500000e-01: 1.375206e-02 : 2.750412e-03
[01] Th=9.000000e-01: 3.282799e-02 : 6.565597e-03
[02] Th=8.500000e-01: 5.366242e-02 : 1.073248e-02
[03] Th=8.000000e-01: 7.585228e-02 : 1.517046e-02
[04] Th=7.500000e-01: 9.731022e-02 : 1.946204e-02
[05] Th=7.000000e-01: 1.188885e-01 : 2.377769e-02
[06] Th=6.500000e-01: 1.403381e-01 : 2.806763e-02
[07] Th=6.000000e-01: 1.643961e-01 : 3.287922e-02
[08] Th=5.500000e-01: 1.907273e-01 : 3.814545e-02
[09] Th=5.000000e-01: 2.211060e-01 : 4.422121e-02
[10] Th=4.500000e-01: 2.585084e-01 : 5.170168e-02
[11] Th=4.000000e-01: 3.051319e-01 : 6.102638e-02
[12] Th=3.500000e-01: 3.624273e-01 : 7.248546e-02
[13] Th=3.000000e-01: 4.323369e-01 : 8.646737e-02
[14] Th=2.500000e-01: 5.256243e-01 : 1.051249e-01
[15] Th=2.000000e-01: 6.205265e-01 : 1.241053e-01
[16] Th=1.500000e-01: 6.688061e-01 : 1.337612e-01
[17] Th=1.000000e-01: 6.775213e-01 : 1.355043e-01
[18] Th=5.000000e-02: 6.776214e-01 : 1.355243e-01
[19] Th=1.000000e-10: 6.776214e-01 : 1.355243e-01
# InnerCodebook: deleted
# NBIDSchannel: deleted
# Gtable: deleted
# FBalg4: deleted
# StatICB: deleted
